% T    256  0.715122828077254E+01  0.715122828077254E+01  0.715122828077254E+01
   0.220226397488154E+01 -0.344515850890307E+01 -0.314574906629296E+01
   0.240128241376805E+01  0.246969071025180E+01 -0.129593923885915E+01
   0.252382697078157E+01  0.195369917630094E+01 -0.277245862444384E+01
  -0.249382128072052E+01 -0.148583079099810E+01 -0.132071636927234E+00
  -0.945019517057139E+00  0.243306518851079E+01 -0.366604768635005E+00
  -0.169639050788817E+01  0.309451732415884E+01  0.302560672372358E+01
  -0.417177991652232E+00  0.188950663149995E+01  0.277065673684275E+01
   0.226864658667771E+01  0.812768390781986E+00  0.103040111496316E+01
   0.271686142708161E+01  0.313854821762331E+01  0.134324980378973E+01
   0.139679501372175E+01  0.265845376793779E+01  0.204976141483617E+01
  -0.217145648683984E+01 -0.297603502255321E+01 -0.253909462170506E+01
  -0.263154837565393E+01  0.205439105032751E+01 -0.260954299594764E+01
  -0.550947038540957E+00 -0.187265378998767E+01 -0.227964885543665E+01
   0.573906366290401E+00 -0.897578027258284E+00  0.112809183229371E+01
  -0.569533592449106E+00  0.783782125893950E+00 -0.114234192710951E+01
  -0.221536731548589E+01 -0.104626145931791E+01  0.271712667766300E+01
  -0.136416841013979E+01  0.817749352547150E-01  0.849680509834630E+00
  -0.342753405050612E+01  0.207374150023388E+01  0.179845662422852E+00
  -0.282329257043999E+01  0.320872026461566E+01  0.351297823993131E+01
  -0.343290067923919E+01  0.136484442104495E+01  0.212587794815643E+01
  -0.278582481824897E+01  0.263607013315796E+01 -0.173470616019391E+01
   0.169803664010255E+01 -0.140469767654663E+01  0.457586072997691E-01
  -0.129916688370475E+01 -0.172034002474401E+01 -0.368810920956336E+00
   0.598204458184030E+00  0.341327114825290E+01 -0.156444519073747E+01
   0.280110571858696E+01  0.205997091740162E+01  0.331651226244119E+01
   0.119195898619591E+00  0.681742185219010E+00 -0.226026644976717E+01
  -0.102219218932602E+01 -0.632470946720702E+00  0.167721595380063E+01
  -0.133609696958151E+01  0.262376807450363E+01  0.121228664150706E+01
   0.225850430793432E+01  0.319246054619197E+01  0.308829077570077E+01
  -0.127429829465752E+01  0.180113178432906E+01 -0.322623751624223E+01
  -0.208524004891465E+01  0.353754337906880E+01  0.174956102992839E+01
  -0.193267434652589E+01  0.844785265313533E+00  0.135816200374879E+01
   0.231213146010720E+01  0.283279054176775E+01 -0.286920892380191E+00
  -0.286718586982188E+01  0.145421556203537E+01  0.901215443515091E+00
  -0.354379823807692E+01 -0.130736264148106E+01 -0.148800835705837E+01
   0.160157858369415E+01  0.181962005647159E+01 -0.225831479189686E+01
  -0.230967866986403E+01  0.113246913689169E+01 -0.146101832947478E+01
   0.177391222697650E+01 -0.575054321661720E+00  0.163460726337907E+01
   0.875490525205411E+00 -0.122199311296381E+01  0.342663300676810E+01
  -0.331959417693030E+01  0.169771062238057E+01 -0.153226371367536E+01
  -0.194378284793521E+01 -0.306215527300129E+01  0.350057750777032E+01
   0.326209999966844E+01 -0.603229559280303E+00  0.787428153822162E+00
   0.180007649519880E+01  0.270834527150009E+01  0.935945318245402E+00
  -0.570669298492115E+00  0.141175698465008E+01 -0.242450493321527E+01
   0.628382389665478E+00  0.331713159570428E+01  0.103027946914942E+01
  -0.201115655091639E+00 -0.196003944514276E+01 -0.383816617203032E+00
  -0.326864200400959E+01 -0.207345041755873E+01  0.303545550465838E+00
  -0.132359930572804E+01  0.972096893010566E+00 -0.182632146333609E+01
   0.273459744025775E+00 -0.279390056719294E+01  0.635050975959831E+00
   0.326975501737002E+01  0.566311781565119E+00 -0.176841975849154E+01
   0.202342611985656E+00  0.349589247548633E+01 -0.255972831097335E+01
   0.351021590196450E+01  0.130401360412475E+01  0.326503089399496E+01
  -0.189245177097432E+01 -0.263017122251371E+01 -0.111050466175003E-01
  -0.104160783903993E+01  0.114496929470827E+01  0.758397606799664E+00
  -0.275285292221472E+01  0.281583684111194E+01  0.254125081654289E+01
  -0.298811329917741E+01  0.157923807883146E+00  0.286035071119429E+01
   0.698778881110060E+00 -0.134088945536402E+00  0.183153851706675E+01
  -0.347813544626242E+01 -0.231951543326072E+01 -0.127226947182359E+01
  -0.291422612529518E+01  0.304075997854243E+01 -0.522225578507543E+00
  -0.219240613158126E+01 -0.207727984599465E+01 -0.100353259561438E+01
   0.227286761180177E+01  0.144378612182917E+01 -0.733545688769704E+00
  -0.434041290286689E-01  0.968714638327475E+00 -0.325510930576337E+01
   0.917200603332259E-01 -0.259561338784787E-01 -0.679036098895155E+00
  -0.262884064360910E+01 -0.297826352533977E+01 -0.755540577427379E+00
  -0.427832805851594E+00 -0.104181999875076E+01  0.303301399648573E+01
  -0.210640334709894E+01 -0.299793173951018E+00 -0.150013555324969E+00
  -0.351440633165417E+00  0.135589844568561E+01 -0.194461458470517E+00
   0.868222018025786E+00  0.116048636106580E+01 -0.298136789035947E+01
  -0.174021708649713E+01 -0.299250178918382E+00 -0.229588198302234E+01
   0.432737053217444E-01 -0.291752929670679E+01 -0.101143732167003E+01
   0.246855731811326E+01 -0.333937550472748E+01  0.329359484747081E+00
  -0.101642549349560E+01  0.105394726146467E+01  0.310347057759450E+01
  -0.148903060190523E+01  0.619960493868320E+00 -0.933903988174102E-01
   0.528130681826973E+00 -0.194288320136566E+01 -0.116854018314166E+01
  -0.163122830163034E+01 -0.231202280096687E+01  0.269211480989245E+01
  -0.629365734028348E+00 -0.297594507381267E+01 -0.193596489188269E+01
   0.125234933051613E+01  0.287551535262426E+01 -0.260472265075029E+01
  -0.160926519841492E+01  0.234305306516546E+00 -0.110140545394499E+01
   0.181991421287539E+00 -0.316736946521006E+01  0.270647298250428E+01
   0.327322566068424E+01  0.355901465914212E+01 -0.790339806945502E+00
   0.484267138550726E+00 -0.210328922886641E+01  0.312904624763128E+01
   0.448181619803932E+00  0.200678841244842E+00  0.328002967309251E+01
   0.308055423752136E+01  0.146902976482616E+01  0.111477445528132E+01
  -0.699040995926583E+00 -0.822207537911220E+00 -0.319728568243777E+01
  -0.209144416462626E+01  0.172784781797726E+01  0.334220303821281E+00
   0.152363966490173E+01 -0.302784841264603E+01 -0.212312672285825E+01
   0.299020709052366E+01  0.266109688193200E+01  0.413586096285054E+00
   0.248237234004097E+01 -0.159833004456884E+01 -0.971862933793475E+00
   0.156070176796770E+01  0.637198627104185E+00 -0.583378929542709E+00
   0.899281321398195E+00 -0.332702440014044E+01  0.193793019465949E+01
  -0.185750553562196E+01 -0.157853970180715E+01  0.178566404599643E+01
   0.244945062005820E+01  0.326644534207769E+00 -0.123825355609528E+01
  -0.679592963465484E+00 -0.224943778133878E+01  0.539688128527375E+00
   0.327892356816312E+01  0.340429011518087E+01 -0.288664442567413E+01
   0.224718257684075E+01  0.304658220796106E+01 -0.217410896900674E+01
  -0.296195953490120E+01 -0.269923278818741E+01 -0.325485794282996E+01
  -0.258502035698232E+01  0.175259992811760E+00 -0.324501596449025E+01
   0.198962882874789E+01 -0.270845835119835E+01  0.225276918548881E+01
   0.328999842367267E+01  0.290835929249519E+01  0.277815068018742E+01
  -0.272890495315703E+01 -0.910298275344300E+00 -0.351122652758617E+01
   0.420202693790046E+00 -0.112971743384643E+01  0.237181188124827E+01
  -0.278726104814553E+01 -0.183194705269932E+01  0.312201131434465E+01
   0.174998124048016E+00  0.219719227841778E+01 -0.336129183014570E+01
   0.251583027299999E+01 -0.169232628159869E+01 -0.326728835989435E+01
   0.137652788855098E+01  0.155030014010376E+01  0.493086499385893E+00
  -0.150388399113251E+01 -0.131129783814554E+01 -0.266815659949272E+01
  -0.351961114725391E+01  0.253413818981295E+01  0.178737056616333E+01
  -0.269115848512069E+01 -0.329764267168269E+01  0.251159967971924E+01
  -0.247903566464536E+01  0.310722054248316E+01 -0.263018962709061E+01
   0.972102071505085E+00 -0.877525465603312E+00 -0.160622177176753E+01
   0.150839672361301E+01  0.811989355532676E+00  0.321779607547052E+01
   0.200971144087861E+01  0.343994835810454E+01 -0.126842943348553E+01
  -0.233594631762258E+01  0.423425466847334E+00  0.574756874798174E+00
  -0.275047322032918E+01  0.106094774674133E+01 -0.344969529311600E+00
   0.339014183353672E+01 -0.140828745467356E+01  0.293763736841209E+01
   0.300010411418583E+01 -0.270708148752684E+01 -0.275236347445295E+01
   0.171387578118488E+01  0.203026584921860E+01  0.285734140411965E+01
  -0.637957729854153E+00 -0.193042003575785E+01  0.243802807082349E+01
  -0.266074673176623E+01 -0.121643895247837E+00 -0.104043898668334E+01
   0.409599549931138E+00 -0.313758704218445E+01 -0.338075701070687E+01
   0.284707788750636E+01 -0.263045236007222E+01 -0.459032314964063E+00
   0.306670895294779E+01 -0.321527285667235E+01  0.239331583110758E+01
   0.374969912970493E+00 -0.226816682206256E+01  0.199135893289465E+01
  -0.329950419267222E+01 -0.164171434907359E+01  0.140781065444042E+01
   0.913311081649689E+00  0.192762940782402E+00 -0.140362637668914E+01
   0.680010729988941E+00  0.266333802740841E+01  0.290480378009974E+01
  -0.255081131040421E+01 -0.937107762081842E+00 -0.244505505311198E+01
   0.341620528893136E+01 -0.267965677265638E+01  0.117038912140430E+01
  -0.270720213260114E+01 -0.828945134616023E+00  0.757660305251100E+00
  -0.292766646819140E+00  0.357760266474782E+00  0.116077550191053E+01
   0.465566753577527E+00  0.209811377618174E+01  0.121290668986397E+00
   0.309977928624145E+01 -0.148855434309098E+01 -0.237025782002044E+01
  -0.193239579726303E+01  0.741490087423144E+00 -0.255624464297319E+01
  -0.139852742725812E+01 -0.123568944246712E+01  0.329226566578939E+01
   0.334403811928782E+01  0.220836799176894E+01 -0.236339594129825E+01
   0.290311703143001E+01  0.172194692944176E+00 -0.328687056164787E+01
   0.923899871869704E+00 -0.241912917395888E+01 -0.344383810346382E+00
   0.356923034234570E+01 -0.119574368142182E+00 -0.251288066401448E+01
  -0.239755504899556E+00  0.191591287384662E+01  0.156232695488664E+01
  -0.135913124637436E+01 -0.250374174470469E+01  0.141591873386336E+01
  -0.121380772233620E+01 -0.322456768987960E+01  0.252198720200274E+01
  -0.146016255371427E+01  0.344751504963725E+01 -0.531686338063065E+00
   0.774020583958418E+00  0.180806012361609E+01  0.212540337135686E+01
   0.447047855956723E+00 -0.315866898271389E+00  0.205827156424834E+00
   0.152371821859722E+01  0.214101596747961E+01 -0.310184374784815E+00
   0.134913611137565E+01 -0.305046870663837E+01  0.108464396264963E+01
  -0.103392626760940E+01 -0.443013082096983E+00 -0.586323181283387E+00
  -0.566402425312836E+00  0.204572966311163E+01 -0.137948974018678E+01
   0.129745306012470E+01 -0.125494629293997E+01 -0.279214889829941E+01
   0.319264042748634E+01  0.731686808607876E+00  0.348142783851205E+00
   0.274649385591351E+01 -0.307602702557886E+01 -0.164659266596224E+01
  -0.997826906907370E-01 -0.183872831595281E+01 -0.321847812748137E+01
  -0.832664427557006E+00  0.341951699198762E+01  0.234318226609217E+00
  -0.157401930843262E+01  0.177666859226297E+01  0.225834191711487E+01
  -0.241180883280989E+01 -0.262061636658651E+01  0.112709790041807E+01
   0.433331058913170E+00 -0.271065718240043E+01 -0.210185491350237E+01
   0.275465155251407E+01  0.149217783371446E+01 -0.178831893603113E+01
  -0.264942716552491E+01  0.120033705485395E+01 -0.352911724819005E+01
   0.355836725486472E+01 -0.175075018053716E+01 -0.331044767228979E+01
   0.190644655542247E+01 -0.242139632797835E+01  0.149184421706898E+00
  -0.264711383734499E+01 -0.208797268817110E+01 -0.230569940497264E+01
   0.330002204819063E+01 -0.327731849559410E+01  0.335290023151912E+01
  -0.249574899600701E+01  0.256161050120302E+01  0.140616348282703E+01
  -0.329975932037597E+01 -0.302665405478579E+01 -0.225622003014244E+01
  -0.436685819418538E+00 -0.253959669778630E+01  0.325174417798110E+01
  -0.128731500121135E+01 -0.240622044716788E+01 -0.288297072586091E+01
   0.220867491706062E+01 -0.308128287807228E+00  0.360997909894212E+00
   0.583867872478783E+00  0.131779564455285E+01  0.119375054547789E+01
   0.788057137009765E+00 -0.118880994540015E+01 -0.453410333631872E+00
   0.141543281953974E+01  0.152862360923965E+00  0.884323963117329E+00
  -0.774688571860092E+00  0.226814423261291E-01  0.322474643648749E+01
   0.308543269664836E+01 -0.639374114831632E+00 -0.388262436349428E+00
  -0.323626864881090E+01  0.217219778206674E+01 -0.335942613300059E+01
  -0.193706883102826E+01  0.269356651884000E+01 -0.401136598613576E-01
  -0.225344063058027E+01 -0.108161543654868E+01 -0.994381969093946E+00
   0.140587061901398E+01 -0.234406314776946E+01 -0.317731812386254E+01
  -0.255055434510877E+01  0.199210218429432E+01 -0.623545947990762E+00
   0.124728645855225E+01  0.337857385653651E+01  0.330951097322562E+01
  -0.159615894797502E+00  0.246022856273586E+01 -0.244815201651678E+01
   0.273345129664418E+01 -0.215518312671106E+01  0.197194026274182E+01
   0.254626306187185E+01  0.109220303192314E+01  0.349070003433711E+01
  -0.150091530267333E+00 -0.725693128316085E+00 -0.147844227855837E+01
   0.240451796267688E+01 -0.269838779523372E+01  0.334170122289549E+01
   0.164677027775852E+01  0.407917631588934E-01 -0.311528562127917E+01
   0.127892767027886E+01  0.132997429876513E+01 -0.125770128592089E+01
  -0.177547634525735E+01 -0.166397232171992E+01  0.612062604112141E+00
  -0.122659418784898E+01  0.217936473739749E+01 -0.217285677131614E+01
  -0.130972603509945E+01 -0.901017734770557E+00 -0.159663782112825E+01
  -0.164628238300973E+01 -0.222621394887390E+01 -0.189942171917098E+01
   0.716538234562280E+00 -0.258343097789089E+00 -0.240865459411504E+01
   0.178125823134149E+01 -0.432885671088666E+00 -0.209005453020521E+01
   0.205865682297351E+01 -0.798364442806173E+00  0.336674362444252E+01
  -0.886643528282285E+00 -0.182059847155314E+01 -0.132739519845323E+01
   0.447550765592952E+00  0.123825102454849E+01  0.309698091122297E+01
   0.269556202967748E+01 -0.791224498040539E+00  0.230055000262825E+01
   0.403875877175849E+00  0.173472934185991E+01 -0.921791062974626E+00
   0.429457062789157E+00  0.162575333123986E+01 -0.190103143140220E+01
   0.158727189710917E+01 -0.118933469227756E+01  0.241940862940244E+01
   0.337502644813142E+01 -0.728534303887982E+00 -0.345782316884992E+01
  -0.123476273049019E+01  0.318121274206476E+01 -0.186591896099636E+01
  -0.353884080430670E+01 -0.311764791256074E+01  0.240536705607523E+00
   0.330680524615147E+01  0.207237738613022E+01 -0.800371276059611E+00
   0.150266668027915E+01  0.352417146436653E+01  0.241171468273323E+00
  -0.961850098519170E+00  0.299474866296541E+01  0.217001660512735E+01
  -0.718475380077948E+00 -0.287904320663566E+01 -0.238304348749322E+00
   0.341789839624415E+01  0.784972012709406E+00 -0.712971561526769E+00
   0.196245412659528E+01  0.241552302019232E+01 -0.335004832646052E+01
  -0.226892285313408E+01  0.223234921858252E+01  0.347929555760000E+01
   0.244438775307397E+01  0.397071074864674E+00 -0.235136925396554E+01
  -0.280308108901183E+00 -0.114418278089023E+00  0.226793576860292E+01
  -0.725696203283033E+00 -0.170237289030403E+00 -0.235469361492991E+01
   0.184907041270377E+00  0.100269098030637E+01  0.207692374825068E+01
   0.244411934287367E+01  0.245600557457377E+01  0.216782792274388E+01
  -0.254714120478400E+01  0.349206082987992E+01  0.659551884811901E+00
   0.275517470928086E+01 -0.147761155481344E+01  0.221708204436849E+00
  -0.223099227454667E+01 -0.338285739833598E-01  0.164726082732443E+01
  -0.148112312270133E+01  0.153327755617002E+01 -0.740027807240076E+00
   0.177204180749644E+01 -0.250045888552830E+01 -0.119163165006621E+01
   0.277179267304431E+01  0.228089664472221E+00  0.268784703427051E+01
   0.118353632140698E+00  0.314925238527259E+01  0.211850469285842E+01
   0.112717681509287E+01  0.240029883574627E+01 -0.146044031415040E+01
  -0.221209792156610E+01  0.857109822509388E+00  0.254801816354694E+01
  -0.489610959497347E+00  0.324683517473552E+00  0.762289848721687E-01
   0.201855028550950E+01 -0.184081301751983E+01 -0.218610418517220E+01
   0.139361245754963E+01  0.665548626669004E+00 -0.218666794155634E+01
   0.286882402807205E+01 -0.544606305508535E+00 -0.189732364071591E+01
  -0.502243946561043E+00 -0.319328147935946E+01  0.180932110095369E+01
   0.225268337330277E+01  0.128648139521581E+01  0.234775329088601E+01
  -0.183956326516513E+01 -0.424588262371968E-01  0.282011536949944E+01
  -0.468812734083218E+00 -0.971705018287810E+00  0.271787694273643E+00
  -0.329703012835391E+01  0.547429513599804E+00  0.127335260799564E+01
  -0.157883351222249E+01  0.282535751915470E+01 -0.303912323649502E+01
   0.570872759868129E+00  0.103366502501740E+01  0.555600943675266E-01
   0.856208008711909E+00  0.236282754568219E+01  0.127129978353135E+01
   0.181340377669999E+01 -0.466936872950934E+00 -0.823809853649660E+00
  -0.351929388676613E+01 -0.336043514259791E+00  0.204393620553616E+01
  -0.253856605646586E+01 -0.235406233078420E+01  0.209104793735435E+01
   0.345528482669815E+01  0.313514016509620E+01 -0.172580845998910E+01
  -0.415989283497433E+00  0.333970488572914E+01 -0.105341824800232E+01
  -0.331690266823418E+01 -0.206631323987100E-01 -0.173789921206488E-01
   0.212123606487975E+01  0.174423973338142E+01  0.136328981149389E+01
   0.144611860779762E+01 -0.149356190270452E+00  0.279460584836276E+01
  -0.213003673771355E+01 -0.333833381457241E+01 -0.156051565215587E+01
   0.255805663292367E+01 -0.733677652960448E+00 -0.289980628941968E+01
   0.236381741706508E+00  0.317364654388606E+01 -0.353328970644534E-01
  -0.441207239438732E+00  0.227374078718500E+01  0.660710425810470E+00
  -0.159529238765731E+01  0.250321931152724E+01 -0.125397093500072E+01
  -0.160138319867412E+01 -0.333785489906057E-01 -0.330980515500691E+01
  -0.411914783823692E+00  0.303444321261640E+01  0.308044149955608E+01
   0.124586277340161E+01 -0.198374912432162E+01  0.157050803826364E+01
   0.338770413556118E+01  0.105701871188054E+01 -0.265335768268532E+01
   0.124097137908339E+01  0.827499830661934E+00  0.206455200158295E+01
  -0.353537031768267E+01 -0.248588778941400E+01  0.261321755378300E+01
  -0.989353049985149E+00  0.609909385979502E+00  0.212567202462734E+01
  -0.271508592459007E+01  0.980600946512322E-01 -0.207485049101363E+01
   0.194992215510618E+00 -0.111478935294264E+01 -0.239393131618993E+01
%  0.210449062386728E+01 -0.107372764264064E+01 -0.864855711086280E+00
% -0.459541980624075E+00 -0.223158031217896E+00 -0.317297669699605E+00
%  0.264524111257966E+00 -0.129181979781438E+01  0.516809673353170E+00
%  0.702990538270520E-01 -0.291010672094893E+00  0.112632013218962E+00
% -0.121280019139731E+01  0.111903022908284E+00 -0.191345026922304E+01
%  0.106848034480969E+01 -0.157195964245005E+01  0.131516703405257E+01
%  0.138891745042217E+01 -0.111960181436117E+01  0.527700786020662E+00
%  0.916001015984831E-02  0.378604251990570E+00  0.157407151618997E+00
% -0.621120509060623E-01 -0.537049433712649E+00 -0.922966615317657E+00
%  0.216765699499436E+01  0.744466790819252E-01 -0.911512093247077E+00
% -0.113914799602655E+01 -0.367375574373201E+00  0.839640580181630E-01
%  0.179514406337235E+01 -0.847628959312483E+00 -0.427034760021036E-01
% -0.168404699029248E+01 -0.620504427383805E-01  0.663476060394111E+00
%  0.397866248833446E+00  0.228659067575388E+01 -0.383319105559519E+00
%  0.113377678494946E+01  0.686183036223294E+00  0.172623756102405E+01
%  0.151679356374945E+00  0.125136759332107E+01  0.635164020760134E+00
%  0.501684355753506E+00  0.111228216334229E+01 -0.587728482658640E+00
% -0.357519760317314E+00 -0.170009979028823E+00 -0.901993097853764E+00
%  0.714302360537036E+00  0.510775984015896E+00  0.177219378247361E+01
% -0.586190093887028E-01 -0.567768588447928E+00 -0.402605392120409E+00
% -0.155161504057129E+00 -0.101997056424569E+01 -0.475265483266827E+00
% -0.303165118643134E+00 -0.250220989495388E+00 -0.357772609788091E+00
% -0.139859860297708E+01 -0.913159937514167E+00 -0.486075132091502E+00
%  0.899093338319765E+00  0.124386894237975E+00  0.250389214356331E+01
% -0.516376983141076E+00  0.660369407252614E+00 -0.788238771883840E-01
% -0.337971656456103E+00  0.433483044717195E+00 -0.828784213307362E-01
% -0.104223865602851E+00 -0.196047558351642E+01  0.820520793893553E+00
% -0.104142046307463E+01  0.133995107762139E+01  0.659456017643722E+00
%  0.536140839176004E+00  0.134596788764400E+01  0.196291891709512E+00
% -0.103315553269311E+01 -0.903095414429196E+00  0.158395185643190E+00
%  0.545499013827965E+00 -0.174069141920493E+01 -0.168854651913733E+01
%  0.778416913346343E+00 -0.185445514794865E+00 -0.882692856880112E+00
% -0.223690625720151E+00  0.110699080139857E+01 -0.104757774695820E+00
%  0.110340720183850E+01 -0.151481613581689E+01  0.152941235674865E+00
%  0.163858336469928E+01  0.978451099881514E+00 -0.245450861255763E+00
%  0.945060868464747E+00  0.204029427011864E+01 -0.845822471577848E+00
%  0.891217437057138E+00  0.105404653723676E+01  0.107427999767467E+01
% -0.934910178666160E+00 -0.327679875381367E+00  0.675216342116019E+00
%  0.734632567894309E+00 -0.404141174566903E+00 -0.101236980830027E-01
%  0.370502769833304E+00 -0.773570410877222E+00 -0.136659554868563E+01
% -0.274747785177702E+00  0.823303305681599E-01 -0.139507915854049E+01
% -0.153308985405583E+01  0.792864305221654E+00 -0.899678527002752E+00
%  0.245510579017458E+00 -0.404335503338147E+00  0.459810969107268E+00
%  0.954412122713836E+00 -0.124336558697477E+01 -0.846479661957391E+00
%  0.765085740473150E+00  0.251344447700965E+00  0.585934193703159E-01
%  0.401443217462837E+00 -0.244223818497294E+01 -0.836119152724041E+00
%  0.652829209460416E-01  0.249007864643400E+00 -0.108656736119167E+01
%  0.373952881985217E+00  0.232557325777356E+00  0.167495776347377E+01
% -0.617802392179286E+00  0.205809115856220E+00  0.151919865276622E+01
% -0.791799333894896E+00  0.257460438416569E+00 -0.131925064735502E-01
% -0.257346063099041E+01  0.151052371192105E+01 -0.144483083216859E+00
%  0.636386584372326E+00 -0.841009714929350E+00 -0.149601148824601E+01
%  0.219064026471167E+01  0.457222132798873E+00  0.198618320912114E+00
% -0.225643457361040E+00 -0.103046566311652E+01  0.210874722805723E+00
%  0.118147419934486E+01  0.124896453122017E+01 -0.662563355515983E+00
%  0.875462510714322E+00 -0.162896643352191E+01  0.710060159155150E+00
% -0.400690989266185E+00 -0.522048876200568E+00 -0.208243294995123E+01
%  0.625057270925715E+00  0.363510934322969E+00 -0.175299237975272E+01
%  0.678283857368282E+00 -0.479215518759662E+00  0.949026711889944E+00
% -0.864363529850201E+00 -0.509509411480048E+00 -0.508134020237412E+00
%  0.913682805366956E+00  0.675275705622314E+00 -0.377485025542346E+00
%  0.643019423888723E+00  0.200080420204861E+01 -0.317042073084952E+01
% -0.220993442575331E+01 -0.104729495297549E+01 -0.819758155643151E+00
% -0.183918747525776E-01  0.185832153573283E+01 -0.112706651208219E+00
% -0.352645780084693E-01  0.950318244107133E+00  0.117110623833801E+01
%  0.131904024305765E+01 -0.977392960670081E+00 -0.127088078057141E+01
%  0.391634286089731E+00  0.159857235444571E+01 -0.130792591701091E+00
% -0.768893557835535E+00 -0.145237914322456E+00 -0.144523990715817E+00
%  0.195596648374515E+01 -0.288083746999991E+00  0.605887450315100E+00
% -0.937143923456120E+00 -0.380247554672666E-01  0.104059868257631E+01
% -0.143277158923274E+01 -0.150722442821370E+01 -0.350125458097395E+00
%  0.129959920316460E+01  0.121043657477288E+01 -0.483310852001077E+00
% -0.326702658064139E-01 -0.676499535386192E+00  0.360032035194747E+00
% -0.674047058804011E+00  0.135266814996335E+01  0.159135023740652E+00
% -0.471256909139635E+00 -0.175645951915679E+00  0.183891836419097E+01
%  0.394594305210570E-01  0.151328163712725E+01 -0.183880190601153E+00
% -0.145797722627968E+01  0.465140788960887E+00 -0.116636109720432E+01
% -0.121663302563827E+01 -0.656191130162731E+00  0.111693557702282E+01
% -0.358709925173454E+00  0.147302394670000E+01  0.253607479350411E+01
%  0.792469955898555E+00  0.903786141051174E+00 -0.340192944341610E+00
% -0.119094707107001E+01 -0.125205744820839E+01  0.808906519835411E+00
% -0.783815544533979E+00  0.124167931295074E+01  0.147847469858957E+01
% -0.765315101591535E+00  0.205704536222086E+01  0.234561397707813E+00
% -0.107698086479855E+01  0.544564078006983E+00  0.885552982422958E+00
% -0.337803759460090E+00 -0.214764315985235E+00 -0.190320873394033E+01
% -0.322407438397650E+00 -0.641231283985078E-01 -0.128509515756749E+00
%  0.229714508006661E+01 -0.832060142462273E+00  0.247076886706082E+00
% -0.138340352125074E+00  0.611131401567199E+00  0.270901028309587E+00
%  0.122766461636841E+01  0.121088709472951E+00 -0.105816877946769E+01
%  0.152535738977771E+01  0.164812932361064E+00 -0.107047854677216E+01
%  0.617775229604990E+00  0.569919885042899E+00 -0.107686893316181E+01
%  0.160703009601227E+01  0.390205172884399E+00  0.790521051571677E-01
%  0.871725915041502E+00  0.842535735088874E+00  0.118196258227378E+01
%  0.550055156783590E-01 -0.543395857065064E+00  0.243858262031097E+01
% -0.201615116383026E+01 -0.128151899213792E+01 -0.172050782269227E+01
% -0.139008490754342E+01 -0.127027856608788E+01 -0.253461770969624E-01
%  0.729537775418318E+00  0.433435458935468E-01  0.614195253538362E+00
% -0.854967258868683E+00  0.103234754683334E+01  0.782229779778976E-01
%  0.849234446897097E+00  0.937164666946201E-01 -0.611457555295684E+00
%  0.344528493601588E+00 -0.122387621914737E+01  0.854567923290095E+00
%  0.136202992275429E+00  0.188037828797711E+01  0.548640913109928E-02
% -0.134265841354849E+01 -0.888218696836393E-01  0.110708195909924E+01
% -0.126720728642168E+00  0.276378673277124E+00  0.439665889845871E+00
% -0.118774430527597E+01 -0.911712781489431E+00 -0.716644714327191E+00
%  0.549597607330186E+00  0.148600681463380E+01 -0.375535237526597E+00
% -0.191528578522536E+00  0.222424562749417E+00  0.771325449567495E+00
% -0.293483956469377E+00 -0.181399234515867E+01  0.739061044922766E+00
%  0.691961918894145E+00 -0.132138925869706E+01  0.951852739128114E+00
%  0.606871829558505E+00  0.538092046607278E+00  0.186841373975352E-01
% -0.634272364370166E+00 -0.741403104090690E+00  0.980957158921239E+00
%  0.281052511353510E+00 -0.449338166044344E+00  0.377106788096346E+00
% -0.569867726703822E+00 -0.946908656873974E+00  0.730440000219937E+00
% -0.468303069222756E+00 -0.116019433812030E+01 -0.560436279061986E+00
% -0.164315071498244E+01 -0.153335105279593E+00 -0.596533301452363E+00
% -0.529517028674087E+00 -0.528270442834713E+00 -0.101617351840661E+01
% -0.100614606307207E+00 -0.195414167318647E+00 -0.261964808519397E+00
% -0.193539815342624E-01 -0.453462103248424E+00 -0.128244001289105E+00
%  0.704167820020446E+00 -0.116325065349725E+01  0.225064449601522E+01
% -0.643389156351133E+00  0.133057231986924E+01  0.864306561552634E+00
% -0.405539561918692E+00  0.158786367362162E+01  0.162034627841607E+01
% -0.285337904657891E+01 -0.345524839392208E-01  0.566684385020931E+00
% -0.272890562985299E+00  0.324530402057221E+00 -0.309485544748947E+00
% -0.124113698068182E+01 -0.419558794849279E+00  0.163194831769301E+01
%  0.259521473351708E+00 -0.145067805542522E+00  0.281064250233044E+00
%  0.124578677515279E+01 -0.104479918510156E+01 -0.214651845910488E+01
%  0.133730606680103E+00 -0.864237981368329E-01 -0.202698620086889E+01
% -0.743462858884793E+00 -0.166534292457141E+01 -0.907102687015314E+00
%  0.359230486852399E+00  0.217064570417439E+00  0.146646219286533E+00
% -0.222548805769363E+01 -0.928454687336129E+00 -0.193994202052466E+01
%  0.277542675700409E+00 -0.398224312369235E+00 -0.101809144182810E+01
%  0.463161472274958E+00  0.109441707813163E+01 -0.743493274541688E+00
%  0.982983230475941E+00 -0.126103622251355E+01 -0.147629992310679E+01
%  0.124340409567747E+01  0.123330628912914E+01  0.133608444565849E+01
%  0.130708510458633E+01 -0.141045656073531E+01 -0.236628038334269E-01
% -0.102505879980258E+01 -0.935235430644131E+00  0.159825124489452E+00
%  0.845922040961708E+00  0.742921159722030E+00  0.119512561090650E+01
% -0.347577964032678E+00 -0.212411125556366E+00  0.427457000476962E+00
%  0.120934278293535E+01 -0.213090355894779E+00  0.862714857298396E-01
% -0.221050911282194E+00  0.745919257662587E+00 -0.115845107538228E+01
% -0.851903136387096E+00  0.903357761416849E-01  0.100275084471242E+01
% -0.121408928554681E+01  0.122468359768748E+01  0.174028509523570E+00
%  0.216296649071163E+01 -0.104088782240606E+01 -0.397920622391247E+00
% -0.124556638693215E+01  0.140065837256998E+01  0.138273642251921E+01
%  0.140801762804101E-01 -0.446821009556216E+00 -0.312398782992809E+00
%  0.693673905171645E+00 -0.128276419351096E+01  0.992260422095537E+00
% -0.116645720988385E+01  0.219092940330920E+01 -0.229740038511899E+01
%  0.153124018525694E+01 -0.972236022224232E+00  0.967092208971166E+00
% -0.175271208129872E+01  0.130636771188495E+01  0.255043482545106E+00
% -0.302253070536665E+00  0.195417312574860E+01  0.639930425271050E+00
%  0.193690954612786E+00  0.229720910257712E+01  0.130072950143657E+01
% -0.872523138446236E+00  0.109879422826401E+01 -0.144576033060204E+01
% -0.444257397101050E+00 -0.283499294773972E+01 -0.949890675479226E+00
% -0.969308579951577E+00 -0.117868781966763E+01  0.953769731424669E+00
% -0.579951506895492E+00  0.723376783504381E+00  0.486607756067344E+00
% -0.133998018706105E+01  0.784282732463323E+00 -0.857714589865416E+00
%  0.402094601783658E+00 -0.120371268518628E+01  0.705029146894592E+00
%  0.409530544963036E+00  0.435638860635318E+00 -0.252844808213636E+00
%  0.266284995462664E+01 -0.529546131611534E+00 -0.525342903237261E+00
%  0.222345460714028E+01 -0.950664245386764E+00 -0.759701240406420E+00
% -0.449057530512842E-01 -0.248045487347018E+00  0.309970923305460E+00
%  0.896101528056970E+00  0.132475604838264E+00 -0.295396440367604E+00
%  0.842705101952698E+00  0.809310687367704E+00  0.964522786083039E-01
%  0.558152301062396E+00 -0.337568808069313E+00  0.256361664256150E-01
% -0.113923503473674E+00 -0.608947850409780E+00  0.951495102935475E+00
% -0.147818251503320E+01 -0.751815427384337E-01  0.176990123326957E+00
% -0.675172454080813E+00 -0.512203120007765E+00 -0.925353421897924E+00
% -0.715622539475860E+00  0.654195733899878E+00 -0.517331465874121E+00
%  0.741000682124840E+00  0.178119724636829E+00 -0.131356881738341E+00
% -0.307813999227201E+00  0.122112484991562E+01  0.772923550467272E+00
%  0.613876300164926E+00 -0.611416807871132E+00 -0.379631894439239E+00
%  0.347977000658759E+00  0.218056427042706E+01 -0.274442241608073E-01
%  0.252669798057706E+00  0.232624795692518E+01  0.163162087275607E+01
% -0.467760294283776E+00 -0.711713512353225E+00 -0.104741168910301E+01
%  0.108958903427025E+01 -0.649176401544472E+00 -0.119328856236403E+01
%  0.986980822917818E+00 -0.867498137483096E+00 -0.162644364532601E+00
% -0.117281855372094E+01  0.182045486945470E+01 -0.819199077107252E+00
% -0.240719298803395E+00 -0.842716298036016E+00  0.536878578052811E+00
% -0.752079633609027E+00 -0.520358045720593E+00 -0.112373045372109E+00
%  0.182716328398644E+01  0.591945776882631E+00 -0.110090215308754E+00
% -0.828708193042702E+00 -0.737968882822939E+00  0.384450527802415E+00
% -0.130393300401987E+01 -0.545543722433541E-01  0.192894365196745E+01
%  0.942127441873741E+00 -0.140943806804247E+01 -0.657556011505363E+00
%  0.202184721055709E+01  0.790389974058381E+00  0.272074668808173E+00
% -0.153835574121593E+00  0.135756539212961E+01  0.886787177110232E+00
% -0.795253717463017E-01 -0.114653129423798E+01  0.172227884168774E+01
%  0.102362672939044E+00  0.494280350031781E+00 -0.154586235546586E+01
% -0.291947350013587E+00 -0.535735815846088E+00  0.437929699988275E-01
% -0.946298455990960E+00 -0.212791531141784E+00 -0.521663560399692E+00
% -0.278272716395539E+01 -0.285497346180181E+01 -0.821485234567635E+00
%  0.863636295118561E+00 -0.112761793409850E+01  0.527469447579751E+00
%  0.194327883915335E+01 -0.656361790204193E+00 -0.207464179531784E+00
% -0.297506766006520E+00  0.916399706442610E+00  0.443667484219410E+00
%  0.561566660636627E+00  0.569166962884596E+00  0.391864717417080E+00
%  0.581186943025767E+00  0.109107427585446E+01 -0.302046928676617E+00
% -0.616789343117485E+00  0.124726054546716E+01 -0.582589139996113E+00
% -0.298829764721810E+01  0.173787306294406E+01  0.325308740311992E+00
% -0.182777394245248E+00 -0.280720251647051E+01 -0.193993211045844E+01
%  0.128228373047019E+01  0.566124737112868E+00 -0.410859754437769E+00
% -0.901665852948775E-01  0.345350928810636E+00 -0.834130102197551E-01
% -0.464182724330513E-01  0.174469235064060E+01 -0.691164192246680E+00
% -0.265869503399404E+00 -0.762859816668800E+00 -0.551754445641618E+00
% -0.132532863527823E+00 -0.250891951684264E+00  0.671186995302521E+00
%  0.469995050485768E+00 -0.227551244249324E+00 -0.965841412921467E+00
%  0.321794352655228E+00  0.503073310806010E+00 -0.508366195308108E+00
%  0.584925844642526E+00 -0.403694352838660E+00  0.847849729514352E+00
% -0.645682934226848E+00  0.442296998293106E+00 -0.302893325902316E+00
% -0.664139091830290E+00  0.147738370638916E+01  0.153456186593101E+00
%  0.671036243852361E+00  0.128316738435647E+01 -0.133736838076532E+01
%  0.800544065958913E+00 -0.364793403069655E+00 -0.138056781276903E+01
%  0.346900760289994E+00  0.192759980702047E+01 -0.113234823533131E+01
% -0.166603141603462E+01 -0.144290353836028E+01 -0.333356878259230E+00
%  0.173561383511625E+01 -0.404798250228087E+00 -0.225329020017614E+01
%  0.289039777982001E+00  0.170202188148914E+00  0.226741600667025E+00
%  0.176103084410211E+00  0.392432724534912E+00 -0.200595768150040E+00
% -0.353394851947988E-01  0.637569204005621E+00  0.933525486676499E-01
% -0.914759719003323E+00 -0.519500533016194E+00  0.207252788914269E+01
%  0.132678048787142E+01 -0.416452786272492E+00  0.740495147086279E+00
%  0.692014406216967E+00 -0.724408737037809E+00 -0.739966559366733E-01
% -0.109221496459448E+01 -0.117216136413896E+01  0.101807591998208E+01
% -0.404990054195077E+00 -0.139512376932882E+00  0.505086713033456E+00
% -0.103924779713016E+01 -0.181977924512578E+00  0.221198972178398E+01
% -0.738409691405400E+00  0.211507919326586E+00  0.658134796978505E-01
% -0.726708965475052E+00 -0.815916555767996E+00 -0.177875526985090E+01
%  0.281689050942607E+00  0.204706550723922E+00  0.193997925796595E+00
% -0.448886007379229E+00 -0.135442794699437E+01  0.718257475570995E+00
% -0.215723650771253E+01  0.524482410775689E+00  0.127303871560952E+01
%  0.721598414430508E+00  0.391556391418244E+00 -0.674903133367717E-01
%  0.560797764480602E+00 -0.293834193819053E+01 -0.143914167699369E+01
%  0.241340501190981E+01 -0.678055253351702E+00 -0.133302064908652E-01
%  0.650217861963359E-01 -0.153279608584287E+01  0.429390950503939E-01
% -0.124710008899883E+01  0.100777250543223E+01 -0.485451178176037E+00
%  0.144916013921960E+00 -0.110507501288955E+00 -0.101124622758012E+01
%  0.121275006302583E+01  0.123917324625432E+01  0.327569678355843E+00
% -0.129169702993375E+01 -0.112666643863705E+01  0.100580660372367E+01
% -0.102709031137810E+01 -0.134431643685073E+00  0.130446203413375E+01
% -0.288874502996292E+00 -0.551371454644863E+00  0.563651706018173E+00
% -0.559118426337956E+00  0.221978679573570E+01  0.616347386659346E+00
%  0.930528337927822E+00 -0.317610976270404E+00 -0.828164768883318E+00
%  0.104212330305997E+01  0.255230087906498E+00 -0.615608760934323E+00
%  0.865507058925659E-01  0.913334154193994E+00 -0.241036286644076E+00
%  0.112934418132402E+01 -0.177398583346290E+01  0.620583369839987E+00
%  0.123187187267241E+01 -0.692868410863408E+00  0.286370124881381E-01
% -0.811270331194068E+00  0.257887491629176E+00  0.820447853584903E+00
%  0.761104908669020E+00  0.716649686653794E+00  0.921191277581349E+00
% -0.157042122065037E+01  0.274446538846405E+00  0.148391408476274E+01
%  0.571106546623052E-01  0.101863054503575E+01  0.847649136722311E+00
% -0.980325819956864E+00  0.507198026867273E+00 -0.271900898872608E+00
% -0.644699437796824E+00  0.528459732513267E-01  0.788253149601455E+00
% -0.376950958614829E+00 -0.160928722670121E+01 -0.139127984080240E+01
% -0.458917968068495E+00  0.168561454301382E+01  0.495757224414309E+00
%  0.795894316286461E+00 -0.132989646856646E+01 -0.590930706001326E+00
%  0.405517932569237E+00 -0.183983093713065E+00  0.112289071010590E+01
% -0.811089519644163E+00  0.491102997756911E+00 -0.631722716284656E+00
% -0.137986443527469E+00  0.112850912796077E+01  0.314347631408288E+00
% -0.842202470411206E+00 -0.679612068900358E+00 -0.874936514280065E+00
% -0.806546477011770E+00  0.146167045687709E+00  0.110682777184362E+01
% -0.475620332395971E+01 -0.982460751611231E+01  0.198819897649467E+02
%  0.301533409155367E+01 -0.156641248691133E+02 -0.135552712722059E+01
%  0.821054990298000E+01 -0.581338891811553E+02  0.259136152910939E+02
% -0.741336855465725E+01 -0.808403696621429E+01  0.220346530390922E+02
%  0.881999994846766E+01  0.109844239119965E+00  0.674091490322025E+00
% -0.454425376087016E+01 -0.218867900434775E+01 -0.518061891096224E+00
%  0.471816629761870E+01  0.499610297580128E+01 -0.346304839681116E+01
% -0.277326808188845E+01 -0.268503218144029E+02 -0.853841260311239E+01
%  0.201326853649497E+01  0.460055951030719E+01  0.370673016432893E+01
%  0.131820949642208E+02  0.204182082812177E+02  0.142200889498759E+02
%  0.454315408374163E+01 -0.936565451391909E+01 -0.107098503832079E+02
%  0.256879073807451E+02 -0.166669851992418E+02  0.267823273162727E+02
% -0.163715233313291E+01 -0.295493592513484E+01 -0.556745673441760E+01
%  0.468824338381532E+00 -0.756284563856669E+01 -0.251286368039850E+01
%  0.805225658538133E+01 -0.976584493382867E+00  0.857473888200071E+01
% -0.865402617141108E+01  0.464736936854503E+01 -0.193720291414867E+02
%  0.815872677271675E+01 -0.761976963062131E+01  0.907664799365954E+00
%  0.375157849681613E+02 -0.275676745082026E+02 -0.737643341731832E+01
% -0.325544995397908E+01  0.803766455366148E+01  0.262243942727345E+01
% -0.364843354894391E+00  0.120314275966881E-01 -0.186882067929783E+01
%  0.897871244692600E+01 -0.335945778562876E+01  0.145799175893009E+02
% -0.342182419351202E-01  0.108623733369978E+02 -0.168686127359981E+01
% -0.388330132658682E+01  0.218657182688110E+01  0.588134514607811E+01
%  0.344254634795141E+01  0.399943316841858E+00  0.201508680926602E+01
%  0.621846659812365E+01  0.224883872808918E+02 -0.123731294219489E+02
%  0.119400268920923E+02 -0.228370884914951E+02  0.122555776092129E+02
% -0.449959964720676E+01  0.494094903485789E+00 -0.100583489730676E+01
% -0.384891372647161E+01 -0.654478072914028E+00 -0.250599790393977E+01
%  0.112600969609163E+02 -0.435289006494483E+01 -0.122925635376270E+02
%  0.837132055096770E+00 -0.421932141640291E+01 -0.153387075604112E+01
%  0.123742835293611E+02 -0.218701926632617E+01 -0.938399750960684E+01
%  0.240658623970416E+02  0.574362731274879E+02  0.217075443122343E+02
% -0.129658397552566E+02  0.144436647690657E+02 -0.164272491960025E+02
% -0.166374674005987E+02 -0.525879581647970E+01  0.133686154709265E+02
%  0.627463065629668E+01  0.149178506280761E+02  0.849045693206181E+01
% -0.436685462828075E+01 -0.270342319359628E+01  0.178823631196332E+01
% -0.624544830139021E+01 -0.397598114818952E+00  0.407748940252296E+01
%  0.137534513361134E+01  0.117348848896664E+02 -0.121393649136703E+02
%  0.183387030068292E+01  0.199676374496370E+02 -0.897466069873876E+01
%  0.217211399598018E+02 -0.204968964817196E+02 -0.253163018376037E+02
% -0.182787033228269E+01 -0.103116226251933E+01 -0.165463690778287E+01
%  0.191318969156865E+01  0.116133102584653E+01 -0.869119984855147E+00
%  0.317960427428646E+01  0.166479531318221E+01 -0.473544243554652E+01
% -0.717182204843312E+00  0.959400477178877E+01 -0.427771825936462E+01
% -0.917559489509004E+01  0.108896156437990E+02 -0.859121623464299E+01
%  0.391595881521212E+01  0.691752309668663E+01 -0.139821339665086E+01
% -0.314651267256033E+01  0.804727297628535E+00  0.424230349384240E+01
%  0.171231636377581E+02  0.118818579474287E+02  0.184591442686467E+02
%  0.296383575004952E+01 -0.358176119745794E+01 -0.144391839017771E+01
%  0.308246535725060E+02 -0.265365464436945E+01  0.138462580811338E+02
% -0.736053045533977E+01 -0.170761375950362E+02  0.177026217392100E+02
%  0.177916467304261E+02 -0.840074427404973E+01 -0.746309480987464E+01
%  0.257353830880973E+01  0.144958103766298E+01  0.227016499266211E+01
%  0.405478232225017E+01  0.375855209341553E+01 -0.494920030519570E+00
%  0.389109689375705E+01 -0.138662573590978E+02 -0.624849583661011E+01
% -0.766987849522390E+00 -0.906888546607856E+00  0.430929009486740E+01
%  0.689967931214052E+01  0.870645067508185E+01  0.540432438256444E+01
%  0.854319610285475E+00 -0.152260031426200E+02  0.158940480997127E+01
% -0.229288769762843E+00  0.578543017328165E+00 -0.492760995160534E+00
%  0.517188058897940E+01 -0.153550089236538E+02 -0.435849746014217E+00
%  0.701405929686622E+01  0.225627306408246E+01 -0.345743135144306E+01
% -0.605651999765466E+02 -0.145898963163116E+02  0.675238039959583E+01
%  0.282239603835403E+00  0.301195171438516E+01 -0.331141318336697E+02
% -0.189961692095106E+02 -0.687730646853341E+01  0.182851289069296E+02
%  0.233729585280242E+02 -0.229442431164691E+01 -0.291521711173510E+02
%  0.443339160843229E+01 -0.959571360872412E+01 -0.586862363914348E+00
% -0.236540646488493E+02  0.133908596823634E+02 -0.477919939855272E+01
%  0.362873941598304E+02  0.106527165828133E+02  0.813791028002332E+01
% -0.110320013795983E+02  0.115219106564262E+02 -0.945664479475631E+00
%  0.116360328896004E+02  0.196381422546544E+02 -0.707230887274067E+00
%  0.220176732851581E+02 -0.104232751332274E+01  0.350833962959352E+01
% -0.406832773895748E+01  0.341008511502806E+01  0.467331549432367E+01
% -0.550417027541607E+01  0.588171974229089E+01 -0.470775525016934E+01
% -0.262325202200873E+01  0.562524941917467E+01 -0.220235876920630E+02
% -0.785028360489517E+01  0.169268379240509E+02  0.487141795146736E+01
% -0.279040000113357E+01  0.547050026134487E+00  0.127122309692119E+01
% -0.402210784666693E+01  0.126750947194565E+01  0.911077814565704E+00
% -0.944083686092170E+01  0.491258942355671E+01 -0.878940887157088E+01
%  0.257817299260901E+01  0.619027269162608E+01  0.483512889042402E+01
% -0.337621047639082E+01  0.187403299294262E+01  0.104845397132393E+02
%  0.118156940999264E+02 -0.158814639908230E+02 -0.205591875246290E+02
%  0.162331590603134E+01 -0.978293643971528E+01 -0.187314362957817E+01
%  0.244123096311901E+02  0.811368349264984E+01  0.223498667161710E+01
%  0.926191263945001E+00  0.710660736434771E+01  0.323005660140386E+02
%  0.212020954140833E+02 -0.655801673560476E+01 -0.905566856770294E+01
%  0.221921138828339E+01 -0.417120753523043E+01 -0.351127492231867E+01
% -0.134562490969131E+02  0.199816064667763E+02  0.275714394686013E+02
%  0.106066573567395E+01  0.626839323197252E+00  0.131496217691597E+01
%  0.203346125400935E+01 -0.169767158148749E+02  0.161402172229206E+02
%  0.233600491775865E+01  0.101385294791910E+01  0.182360606408725E+02
%  0.294185170003314E+01  0.328476654823495E+01 -0.138848144191734E+01
% -0.172554764246879E+02 -0.166317396359538E+01  0.102565012071444E+02
% -0.667514457983175E+01  0.164254926317540E+02  0.195375077669595E+02
%  0.954200507231613E+00 -0.141004328455168E+02  0.134440589733005E+02
%  0.855953665034737E+01 -0.337630772683139E+01 -0.234402135603383E+02
% -0.363777393476578E+01 -0.864301973422496E+00 -0.494971463376564E+01
% -0.220306443138674E+02 -0.488837728526075E+01  0.523924009479736E+01
% -0.344421012029753E+02 -0.261516612776367E+02  0.122100442646103E+02
%  0.300749084749571E+01 -0.203350380781676E+00  0.272766913600354E+01
%  0.253665928815397E+01  0.639409102168923E+01  0.419325114496485E+01
%  0.426080390619759E+01 -0.106004336619434E+01 -0.325684658755511E+01
%  0.468635156969218E+01 -0.169094061330202E+02 -0.228748869417943E+01
%  0.582644632554701E+01 -0.101684030801676E+02 -0.201581304227657E+02
% -0.120907412356180E+02 -0.142122905185364E+02 -0.592658788242065E+01
%  0.815555462415840E+01 -0.694765946146721E+01  0.205524883474598E+02
% -0.141489969814485E+01 -0.364848115040337E+01  0.251788677224083E+01
% -0.682563708884496E+01 -0.293244931014722E+01 -0.162901414182615E+01
% -0.100182539677528E+02  0.736926605643241E+01  0.201037131926049E+02
% -0.963507797977882E+01  0.130418183002527E+02  0.420204497976691E+01
% -0.487333999889371E+01 -0.146091844053749E+02  0.137305534238373E+02
% -0.230752334919283E+01  0.953342510479951E+01  0.100932683816020E+01
% -0.151955577128299E+02  0.104650897571575E+02  0.208628648918476E+02
% -0.284496191328877E+02 -0.649978497962563E+01 -0.240901730739118E+02
% -0.640928262065826E+00 -0.272911293207686E+02  0.111543206601508E+02
% -0.988659035283336E+01  0.174209958544210E+01 -0.450770657654548E+02
% -0.111043246581912E+02  0.104711521512591E+02 -0.847064557414742E+01
% -0.852326776031226E+01 -0.200306077863466E+01  0.233126722176900E+01
%  0.429367431426959E+00  0.407980173434906E+01 -0.111878085967134E+02
% -0.904988794628390E+01  0.112895734072661E+02  0.261610939230408E+01
%  0.720106095826764E+01  0.180010565768185E+02 -0.205636649853326E+02
% -0.847367774485935E+00  0.421245834608520E+01 -0.253942759821660E+01
% -0.513999558631538E+02 -0.527311857818841E+02 -0.455789025589677E+02
% -0.196316714807060E+02 -0.848129416529644E+01  0.110299721473670E+02
%  0.174841505291698E+01 -0.144773578287711E+01 -0.408083683295306E+00
% -0.416090643291481E+01 -0.188969565062075E+01  0.908107927777061E+01
% -0.131007325799419E+02 -0.211825753544915E+02 -0.873457613990559E+01
% -0.911061976067749E+01 -0.667659172097792E+01  0.244705480930215E+01
% -0.672189842623701E+00  0.429045825025722E+01  0.104815651056670E+02
% -0.462986928055338E-03  0.257832868447694E+01 -0.527202223044617E+00
%  0.166528985503009E+01  0.585400566020343E+00  0.559830683215772E+01
%  0.459863625095173E+01  0.312668830680527E+01  0.235893850148284E+01
% -0.218681160691087E+01 -0.862907866541374E+01 -0.493689333023187E+01
% -0.220084258092695E+02 -0.214668909994023E+01 -0.266094377918609E+02
% -0.756871245951893E+01 -0.942202294801657E+01  0.879700280434631E+01
%  0.520948994161401E+02  0.200526982895126E+02  0.207980501240988E+02
% -0.321585065390597E+01  0.147136994247508E+02 -0.922184018368411E+01
%  0.111041221500854E+01 -0.510188487906191E+01  0.971883451958508E+01
% -0.766041862811526E+01 -0.732274537744896E+01 -0.234622102497812E+02
%  0.346007955798212E+01 -0.659290628792701E+01  0.296635457622976E+02
%  0.109606476249804E+01 -0.152657691249976E+01  0.391938817209822E+01
% -0.951821364263770E+01  0.947033169877865E+00  0.158718292434258E+02
% -0.116693660939420E+02  0.140446793290862E+02 -0.344215578913717E+02
%  0.816597298332905E+01  0.118820757597891E+02  0.230417011114189E+02
%  0.100098611805237E+02 -0.302702793214278E+01  0.219546807278344E+02
% -0.683531975496175E+01  0.660502582051886E+01 -0.195606520572381E+02
%  0.130383595341240E+02  0.190473198336533E+02 -0.974054134380524E+01
%  0.869312670824491E+01 -0.887290338072444E+01  0.730394390566185E+01
%  0.578141444858207E+01 -0.388226579099827E+01  0.668010234296770E+01
%  0.699048732404578E+01  0.475006022657160E+01  0.143988795500992E+02
% -0.342147344083424E+01  0.150579062753789E+01  0.263880418158469E+01
%  0.776548704731701E+01  0.679700708365097E+01 -0.587045721882043E+01
% -0.376865845802136E-01  0.145646003123031E+02  0.819231939623281E+01
%  0.139234078738778E+02 -0.332800397170037E+02  0.384811308521515E+02
%  0.298603783487704E+01 -0.752725418801411E+00  0.365061625351645E+00
% -0.844182301155135E+00 -0.354081983925473E+01 -0.223241541828634E+02
%  0.131243282898806E+01  0.613952757606493E+01  0.280375700875075E+01
% -0.725629968622017E+01  0.180871182230544E+01  0.412825484739721E+01
%  0.679842659911015E+01  0.297128895836997E+01  0.219314417977500E+01
%  0.170634936640955E+02 -0.235911314163737E+02  0.327755558632343E+02
%  0.263888315520475E+01 -0.909006781900526E+01  0.790666301043500E+00
% -0.100060071295916E+02  0.119750966759651E+02  0.210984363205041E+01
%  0.128604749127383E+02  0.169812210118301E+01  0.189371728953443E+02
%  0.343510732552944E+01 -0.200274072624413E+01 -0.273821832857833E+01
%  0.106731872734811E+02 -0.513364145918175E+01  0.107381920605873E+02
% -0.250542165100621E+02 -0.150029593724817E+02  0.770670118008264E+01
%  0.288055680672860E+01 -0.145172136294429E+01 -0.970470766641165E+01
%  0.772919816710206E+01 -0.489642220982769E+01 -0.591902337377813E+01
%  0.471850825923682E+01 -0.543984309661997E+01 -0.203381231238047E+02
% -0.671137197549497E+01  0.582307104771939E+01 -0.211851593942254E+01
% -0.139735043461440E+02  0.378887441945644E+01  0.320653964560689E+01
%  0.113566913450933E+02 -0.324436993909446E+01 -0.535000025714349E+01
% -0.990422308642926E+01 -0.341822368849929E+01 -0.681656884493892E+01
% -0.441297073557320E+02  0.808878475108527E+01 -0.254987316222763E+02
% -0.866504336107986E+01 -0.114015385010353E+01  0.739070861398372E+01
%  0.132459925924842E+02  0.308121860939908E+02 -0.293964978154553E+02
%  0.936914677176675E+00 -0.368598933195371E-02  0.618799021897605E+00
%  0.262612669130305E+01  0.239874815662947E+02 -0.155062754875219E+02
%  0.689599649592972E+01  0.185190221615862E+02  0.129731657862682E+02
% -0.814749637778334E+01  0.279042451774500E+01  0.226246779748222E+02
%  0.359583333912426E+02  0.248777458863126E+02 -0.108562314492795E+02
% -0.250338698240908E+02 -0.130676856517144E+02  0.600704925206756E+01
% -0.524832335547928E+01  0.502742202483819E+00  0.469724065805948E+01
%  0.406080681740946E+00  0.144799546492775E+02 -0.115013001697550E+02
%  0.125631982978485E+01 -0.148054570178398E+01  0.158142493568894E+00
%  0.101324437818372E+02  0.496186219268555E+01 -0.186998575910182E+02
%  0.435676311192133E+01 -0.393533675062507E+01  0.109177552142388E+02
% -0.113672032748248E+02 -0.494268073649062E+01 -0.162245111025492E+02
%  0.451261105065756E+01 -0.173620456934088E+01  0.809824181139752E+01
% -0.202939387698973E+01 -0.369551677866691E+01 -0.533342886147449E+01
%  0.105209183314724E+02  0.254311319813702E+02 -0.100741267063462E+02
%  0.573741271219805E+01  0.361091478594433E+01 -0.302319507574964E+01
% -0.283278060844414E+01 -0.392187541676817E+01 -0.101383049353923E+02
%  0.118845453067482E+02 -0.401844829422546E+01  0.205222042556386E+02
%  0.216370923613921E+02  0.215812819021214E+02 -0.296036301359574E+02
% -0.813929683784208E+01 -0.572291636590264E+01  0.252730535966067E+01
% -0.135580190772096E+02  0.725270237259711E+01  0.374372482433032E+02
%  0.206409061325052E+01  0.273945344633931E+01 -0.328513648049968E+02
% -0.570968258708359E+01 -0.132074213760031E+02  0.143235205837919E+02
%  0.206585806964313E+02  0.969311550081383E+01 -0.584307574768424E+01
%  0.130985836498675E+02  0.320271832006990E+02 -0.184063351274972E+02
%  0.182667491475386E+01 -0.104332246152519E+02 -0.115176200958753E+02
% -0.217666742947207E+02  0.141767045430464E+02  0.227277611145898E+02
% -0.185587542389055E+02 -0.120739981105766E+02 -0.132606964003138E+02
% -0.216015817619977E+01 -0.149172969171845E+02 -0.769425247051708E+01
% -0.325412578890247E+01  0.989266319027123E+01 -0.328995746783739E+02
% -0.336540039713312E+01  0.274569869607844E+01 -0.414253466470368E+01
% -0.614376987782777E+02  0.506071061062048E+02 -0.361722001891771E+02
%  0.162938065048613E+02  0.196379917481453E+01 -0.644591946909516E+01
% -0.856765484687083E+01  0.817797713727630E+00 -0.735614757465839E+01
%  0.130007489496553E+02 -0.874908281942533E+01  0.471136773118783E+01
%  0.151487915398021E+02  0.538489967709158E+01  0.543771669720327E+01
% -0.310013717303725E+02 -0.293634282113247E+02  0.105520534145989E+02
%  0.792487315214867E+01 -0.180863992362070E+01  0.237093392315244E+01
%  0.780804806216475E+00 -0.539742116607274E+00 -0.179055726937911E+01
%  0.413478852567033E+01 -0.457210895048956E+01  0.526781854501939E+00
% -0.125137773806237E+02 -0.359587991265293E+02  0.131133377030202E+02
%  0.268400322860159E+00 -0.413304050168563E+01 -0.886725070056422E+00
%  0.225631983211133E+01  0.817892141642609E+00  0.370449191830867E+01
% -0.345071071310282E+00  0.403639522153392E+01  0.455771605528441E+01
% -0.162416761628420E+00 -0.243422894371058E+02 -0.126588770248892E+02
%  0.284056631397925E+01  0.538691875681252E+01  0.107996050757540E+01
% -0.317396270061876E+01  0.192584233504706E+02 -0.746743464254376E+01
% -0.541235486056434E+01  0.144895354347758E-01  0.139653051106890E+02
%  0.241936624091427E+01 -0.140413717746018E+01 -0.401384990986699E-01
%  0.463320220575470E+01  0.391558872498995E+01 -0.450769080450794E+01
% -0.890301684427503E+01  0.664001972361233E-01  0.176481950475969E+02
%  0.132765998017524E+02  0.815391497052794E+01 -0.165767990413647E+02
%  0.574029897769753E+01 -0.708963733687020E+01  0.846693332013880E+00
%  0.750596663681304E+01 -0.130620819507374E+02 -0.348925888060971E+01
% -0.997917476074616E+00 -0.444859447568546E+00 -0.245683309270405E+01
% -0.163215937717925E+00 -0.566299456014560E+01  0.821228686115408E+00
%  0.105380589991026E+02  0.106378786799099E+01 -0.204084809777856E+01
%  0.125113487512013E+02 -0.183962104615287E+02 -0.481316578828446E+00
% -0.166723198628756E+02 -0.191654449387845E+02 -0.297567223232610E+02
% -0.263546544894313E+01 -0.367152771192139E+01 -0.113141396975204E+00
%  0.379314429277579E+01  0.137577176579896E+01 -0.445252321464538E+01
% -0.648469043579123E+01  0.116811995463901E+02  0.154492315841226E+02
% -0.113581962514230E+02  0.164782163749786E+01 -0.103581694983851E+02
% -0.138783358985324E+02 -0.206513111352575E+02  0.144501537234484E+01
%  0.190605035405963E+02  0.208306063573833E+01  0.226940500155063E+01
% -0.207097993226725E+02  0.276636669537447E+02  0.104438411921071E+02
% -0.568527304079297E+01 -0.192972171446969E+01 -0.857040108498303E+01
%  0.942799907841378E+01 -0.104865222419512E+02 -0.606683086818255E+01
% -0.249952101969087E+02  0.109069179975346E+02  0.346275975058394E+02
% -0.163016786926116E+01  0.227158023086954E+01 -0.676515284705374E+00
% -0.816045981497665E+01  0.103001790763838E+02 -0.273097390250683E+02
% -0.211464960852933E+02 -0.170817344217444E+02  0.312784654485854E+02
%  0.149896178321117E+02 -0.702603264262261E+01  0.858608153997440E+01
%  0.297607081537333E+01  0.558760113231265E+00  0.628125173937613E+01
%  0.184981386808918E+02  0.578255950985261E+01 -0.674033523448545E+01
%  0.122227653343073E+00  0.960618202257870E+01 -0.173593041831190E+02
%  0.726296338151051E+01 -0.339019330673022E+01  0.695228172868653E+00
%  0.417609959552529E+02  0.553520745487679E+02  0.179070260613735E+02
% -0.127874472122910E+02  0.820471058132070E+01 -0.835175453245801E+01
%  0.177040730138827E+02  0.122690496807785E+02  0.628751149888266E+01
% -0.677131734663553E+01 -0.181492653920904E+02 -0.913084125079006E+01
