% T    256  0.715122828077254E+01  0.715122828077254E+01  0.715122828077254E+01
  -0.761778013539506E+00 -0.321401873322745E+01  0.151710734146750E+01
  -0.294855602473802E+01  0.201477356306769E+01  0.707827804483252E+00
  -0.334451104089387E+01 -0.492762023707419E+00  0.289072316200037E+01
   0.174832892779378E+01 -0.107841523844031E+01 -0.398733399050928E+00
  -0.117153835214101E+01 -0.302186854875604E+01 -0.148562752250356E+00
  -0.697906539098136E+00 -0.250993273334999E+01  0.258415133877278E+01
  -0.109106313807425E+01  0.689524797063332E+00  0.254902690286838E+01
   0.769240990731965E+00  0.137078420519974E+00 -0.148567393387475E+01
   0.206912429482678E+01  0.195417036816224E+00 -0.294339155376197E+01
   0.143476215820775E+01 -0.235046810357123E+01 -0.234737643894802E+00
  -0.184435784506494E+01 -0.236549701824502E+01  0.487612967438990E+00
   0.169705377949525E+00 -0.297137606038341E+01 -0.582728673865017E+00
  -0.132557930285505E+01  0.902160943934510E+00  0.280134564201467E+00
   0.275235622085172E+01 -0.344421184351757E+01 -0.293802623617779E+01
  -0.210928416085404E+01  0.221902510241150E+01 -0.225780089745122E+01
  -0.177186844887045E+01 -0.330297317680946E+01  0.108215289830758E+01
   0.774554330954834E-02 -0.288845595964413E+01 -0.258600979322963E+01
   0.330504888938153E+00  0.132464315935405E+01  0.291010231117163E+01
  -0.301572702733225E+01  0.573117967243504E+00  0.256379426092001E+01
  -0.189223070265130E+01  0.282524500662884E+00 -0.303976048573187E+01
  -0.305195449074975E+01 -0.313410993979642E+01  0.667601249531167E+00
   0.182245366504093E+01  0.533285978287970E+00  0.720935692599801E+00
  -0.347186227298768E+01 -0.314176037125050E+01  0.189322371537602E+01
  -0.174129143393073E+01  0.103517981933040E+01  0.171853613597611E+01
   0.129565229705812E+01 -0.244259249574067E+01  0.131041740566423E+01
   0.129342058380447E+01 -0.667063650014075E+00 -0.151174592562129E+01
   0.963677032655677E+00  0.401927698627023E+00 -0.244381008465894E+01
  -0.322666493060527E+01  0.240093852179792E+01 -0.247389816027143E+01
   0.664596642706452E-01  0.245660368124802E-01  0.115813444498911E+01
   0.185124126420214E+01 -0.889964104860241E+00  0.216953107949392E+01
  -0.151306904478962E+00 -0.313173430247439E+01  0.340614833208361E+01
  -0.497262531140212E+00  0.191122735224650E+00 -0.390287133176770E+00
  -0.412795278256551E+00  0.168604327054134E+01 -0.314811640948728E+01
  -0.131151180217364E+01  0.165960735372022E+01  0.930925091457982E+00
  -0.694485997539047E+00 -0.349863868465591E+01 -0.176495914135374E+01
  -0.203074712552943E+01 -0.603537278708887E+00  0.119794637652875E+01
   0.206892549503093E+01  0.726675277942903E-01 -0.927529795947489E+00
   0.291004905294408E+01  0.201834585010914E+01  0.174369370036552E+01
  -0.137957229304616E+01 -0.195416835644708E+01 -0.537884936211392E+00
   0.338670619092637E+01  0.184352044600432E+01 -0.335164457996792E+01
  -0.248076950841178E+01 -0.991916733189671E+00  0.207385724432752E+01
  -0.649836811829700E+00  0.745184313061724E+00  0.122916661938231E+01
   0.248561602735655E+00  0.334921459140621E+01 -0.125267244544046E+01
   0.147256378963645E+01  0.141419777973915E+01  0.257425972528878E+01
  -0.210564571661327E+01  0.137803496876638E+00  0.242796864995117E+01
   0.308617947616342E+01 -0.734331708758347E-02  0.231809877599610E+01
   0.902599092318162E+00  0.745850418897403E+00 -0.421141906879062E+00
   0.337094422935239E+00  0.230474311777793E+01  0.218442746063312E+01
   0.279396939119914E+01 -0.164702488698501E+01  0.150695670978638E+01
   0.238472634331937E+01  0.260896661034773E+01  0.600697725546634E+00
   0.320554112449265E+01  0.208724973286431E+01 -0.151035934334429E+01
  -0.246990222855137E+01  0.118309431792053E+01 -0.309899324003988E+01
   0.321286936641785E+01 -0.272854218714186E+01 -0.123172726017039E-01
   0.205929614314027E+01 -0.715652519497999E+00  0.102153271473034E+01
  -0.295941560734544E+01  0.456792183480781E+00 -0.258654415838691E+00
  -0.897682771256035E+00 -0.130646855325198E+01 -0.261955181096983E+01
   0.979506833004301E-01  0.217740743709994E+01 -0.892112195318032E+00
  -0.261079665532819E+01 -0.249531116140912E+01 -0.353366561506714E+01
   0.138624353486071E+00 -0.160118740982075E+01  0.227748807574560E+01
   0.235784522565919E+01 -0.314817655805772E+01 -0.477712575082860E+00
  -0.277306021906863E+00 -0.283728134967749E+00  0.303571846899691E+01
   0.265116497905771E+01 -0.115127661301334E+01 -0.246363072248761E+01
   0.110919266009755E+01 -0.332648332595759E+01 -0.478457710403182E+00
  -0.237618056816069E+01  0.139004395775287E+01  0.141285657721357E+00
   0.252163436005295E+01  0.308826138884399E+01 -0.159950655439240E+01
  -0.273891743222103E+01  0.326478027458594E+01 -0.191137768370869E+01
   0.997386922045022E+00  0.292873086682265E+01  0.265694713243248E+01
   0.460356825407799E+00 -0.238670597062754E+01 -0.149793171921823E+01
   0.319104150729524E+01  0.177291913473143E+01  0.736050340933852E+00
   0.299028651243958E+01 -0.265115898113863E+00  0.398843457261641E+00
  -0.571893845381010E-01 -0.245982426167846E+01  0.591343829300813E+00
  -0.103712449931858E+01 -0.185123973445312E+01 -0.166312735980038E+01
  -0.340813251349890E+01  0.101766131300703E+01  0.529345789130391E+00
  -0.140961454633923E+01 -0.939992959800251E+00 -0.107878411944193E+01
  -0.315109520222867E+01  0.329718185798458E+01  0.432032702275639E-01
   0.237692183740746E+01  0.214638101011796E+01 -0.927725208476029E+00
  -0.220288096033924E+01 -0.104869957869461E+01 -0.157320363158827E+00
  -0.291579745130393E+01 -0.265163414366174E+01  0.264227295931588E+01
  -0.103434427355754E+01  0.426626420354117E+00 -0.221980763717805E+01
  -0.337744637374011E+01  0.122464283338913E+01 -0.842433962269108E+00
   0.280184625166052E+01 -0.103953932440826E+01  0.262901356422051E+01
  -0.252079083198044E+01 -0.144394178935459E+01  0.349005673186896E+01
   0.118186681537153E+01 -0.184606210315034E+00  0.679068631423873E+00
  -0.263253061214683E+01  0.174560653712704E+01 -0.138241893253858E+01
  -0.186588546793690E+00 -0.177755638826725E+01  0.142858047209658E+01
   0.110183284497289E+01  0.214126063318047E+01  0.133270352730485E+01
   0.331509963401754E+01 -0.239162626532302E+01 -0.346837136734342E+01
  -0.700782930706496E+00  0.189944589538138E+01  0.176646885251708E+01
  -0.330629900044624E+01  0.216826081573932E+01 -0.213220781654752E+00
   0.294668435846976E+01 -0.199385518226678E+00 -0.333390955465009E+01
   0.212803707870893E+01  0.753829211478921E+00 -0.921498406633563E-01
   0.154367962187794E+01  0.309680134894343E+01  0.145738160837667E+01
   0.327842765493067E+01  0.343115283286371E+01 -0.956353733540951E+00
   0.131475257669449E+00  0.276604961861859E+01  0.871202377706937E+00
  -0.591700949736970E+00  0.196194468096462E+01  0.302341462599011E+01
   0.204598802987135E+01  0.269742274995584E+01 -0.290799707407176E+01
   0.678697585298721E+00 -0.224709417758460E+01  0.298432407857707E+01
  -0.337947472168225E+01 -0.261220176913978E+01 -0.137835228233485E+01
  -0.748148432107703E+00  0.346593344221715E+01 -0.695430569139644E+00
  -0.232263075568326E+01  0.134297499818648E+01  0.259721833553655E+01
   0.523519569857730E-01  0.909709803397866E+00  0.310058272715757E+00
  -0.181442107978522E+01 -0.942941392194463E-01 -0.138278440288774E+01
   0.128857994459012E+01 -0.326822324381546E+01  0.319142111260952E+01
  -0.111167332419168E+01 -0.152296886411372E+01  0.228477154648720E+01
  -0.151892177726061E+01  0.186101519849260E+01  0.342853335313897E+01
   0.222650585224946E+01 -0.354431988332317E+01  0.324838436500953E+01
  -0.375862896601591E+00 -0.819933678702072E+00  0.212492048678229E+01
   0.517937325924520E+00 -0.265891591024989E+01  0.198388710662591E+01
   0.128274633596726E+01 -0.532592784449956E+00  0.326900578588930E+01
   0.321350617956476E+01 -0.165982487087300E+01  0.423118265946205E+00
  -0.145731252595577E+01  0.116945341548491E+01 -0.280738719765842E+01
   0.256871240483919E+01  0.986133225071995E+00 -0.126272907010321E+01
   0.384030315323029E+00  0.331452689760515E+00  0.332002055889261E+01
   0.287672377540707E+01 -0.286107942456062E+01  0.276265246158704E+01
  -0.284237543345872E+01 -0.135061475882802E+01  0.579961478862834E+00
   0.328847057863240E+01  0.344053460586905E+01 -0.207786611882423E+01
  -0.344445021795341E+01  0.280708180469435E+01  0.352333828468381E+01
  -0.300788556813689E+01 -0.286887690363013E+00 -0.112705391388462E+01
   0.650606163603855E+00  0.191863545148810E+01 -0.900787389132042E-01
  -0.682202887072197E+00 -0.160253899328874E+01  0.330326267605007E+00
   0.235619829585974E+01  0.756131023060471E+00  0.246912514818780E+01
  -0.508943417742292E+00 -0.677365199302232E+00 -0.159755302618128E+01
   0.231190374072449E+01 -0.257335292705179E+00  0.298677139076074E+01
  -0.164246471703025E+01  0.277419599274319E+01 -0.335121268641939E+01
  -0.176777298286832E+01  0.353007279262681E+01 -0.262705536039950E+01
  -0.293122210804378E+01  0.208779656668264E+00  0.158311404325271E+01
  -0.806314717548073E+00 -0.308371175210694E+00 -0.293743003324761E+01
   0.210803918471531E+01 -0.212513341463132E+01  0.643783095112679E+00
   0.126569016682939E+00 -0.113843662372312E+00 -0.240014223960463E+01
  -0.101444153174788E+01  0.259683744331998E+01 -0.120819015435770E+01
   0.316563100981463E+01  0.695003749473779E+00  0.297260085026652E+01
  -0.101199697111687E+00 -0.104197499980576E+01 -0.350207802358963E+01
   0.983976017074208E+00 -0.266009133881907E+00  0.176290626482946E+01
   0.305652859740252E+01 -0.285629235613627E+01  0.981417276424578E+00
   0.123824910977011E+01 -0.255692562542979E+01 -0.331389708388895E+01
   0.328531775689539E+01 -0.112169079226310E+01 -0.357178122868472E+01
   0.285894111665459E-01  0.103570460270113E+01 -0.720680670681571E+00
  -0.244635961492311E+01  0.335051783086670E+01  0.315677005850877E+01
  -0.272556241805147E+01  0.130926750775995E+01  0.149485518487223E+01
   0.132607210286267E+01  0.225198419241269E+01 -0.230670871808748E+01
   0.100527895583390E+01 -0.346007988686937E+01  0.963798293455923E+00
  -0.258297815504097E+01  0.228069298487874E+01  0.343699381870025E+01
   0.209226286134397E+01  0.506151930617988E-01  0.161065306902053E+01
  -0.224870290632595E+01 -0.254812218883058E+01 -0.153333482847198E+01
  -0.836688201088595E+00  0.353916626691871E+01  0.616391964735837E+00
  -0.214349967363803E+01  0.111889349102667E+01 -0.202678266109068E+01
  -0.183690487166078E+01 -0.199182754687714E+01 -0.230642337059738E+01
  -0.215481662337353E+01 -0.337964693475719E+01  0.933386626515936E-01
  -0.206971745152374E+01 -0.183091169816066E+01  0.265643999310053E+01
   0.105587524071568E+01 -0.167659896956277E+01  0.198774780843209E+01
  -0.294255196938146E+01  0.624748713124175E+00 -0.166719907202007E+01
   0.250223120592027E+01  0.218936485031819E+01  0.347750125071056E+01
  -0.589726953994621E+00  0.188415925153327E+01 -0.218763293177168E+01
   0.139841646795435E+01  0.321178201148749E+01 -0.139834420026893E+01
   0.267482089347903E+01 -0.351617787332464E+01  0.190957902034860E+01
   0.247255887612878E+01  0.940297894429556E+00 -0.345871749250215E+01
   0.348855681159117E+01 -0.144853537272346E+01 -0.185824082003078E+01
   0.296367906379761E+01 -0.368115855654899E+00  0.132198032758623E+01
   0.526093300951962E+00 -0.947310714435952E+00 -0.353296098717052E+00
   0.305287912017523E+01  0.353471601633560E+00 -0.238551753227913E+01
  -0.431167467332128E+00  0.251458110978121E+01 -0.144265924183395E+00
  -0.174203129369899E+01  0.274040582828130E+01 -0.354130618761303E+00
   0.243805641677075E+01  0.172607665695000E+01 -0.254552456924959E+01
  -0.315032086379749E+01 -0.386395277705774E+00  0.733286614572414E+00
  -0.473350622941331E+00 -0.201721632468428E+01 -0.334732122744649E+01
  -0.312357743893976E+01  0.424643260287577E+00 -0.346876567989297E+01
  -0.115253251730987E+01 -0.233257881175294E+01  0.152529986395665E+01
   0.795054315474424E+00  0.150685276528039E+01 -0.200247354478868E+01
   0.219482546088360E+01 -0.101146015427085E+01 -0.337601882353309E+01
   0.206955941470963E+01  0.157579888077000E+01  0.976164981918533E+00
   0.265611511922023E+01 -0.246153417184476E+01 -0.212382120667970E+01
   0.897269499756666E+00 -0.145515795332345E+01 -0.229523596656910E+01
  -0.164701780209953E+01 -0.854958750815691E+00  0.348316291677583E+01
   0.182633840347968E+01 -0.307692364543451E+01  0.615496395992628E+00
   0.693639584318204E+00  0.132048696410736E+01 -0.318454827202659E+01
  -0.465783975789481E+00  0.198376073871037E+01  0.747870012400639E+00
  -0.260146914018045E+01 -0.470547995760116E+00 -0.324224218925115E+01
   0.133412816487548E+01  0.183765774203700E+00  0.268259677421219E+01
  -0.760032929042561E+00  0.277326491780953E+01  0.136133018297483E+01
  -0.253903683468961E+00  0.458337112899805E+00 -0.156896160263814E+01
  -0.606633912480631E+00 -0.265001895874852E+01 -0.119777426797885E+01
   0.308582120250926E+01  0.794979726632511E+00  0.147313665477916E+01
  -0.264454940381471E+01 -0.252771358823544E+01 -0.333299546660225E+00
  -0.227568729176472E+01  0.492146852780445E+00  0.738488180572672E+00
   0.136326881683972E+01  0.205569804356690E+01  0.352258989872504E+01
  -0.268845805517006E+01 -0.256520301109146E+01  0.149311860961527E+01
  -0.237891261557284E+01 -0.134179756392258E+01 -0.107582076733333E+01
   0.179986373896665E+00  0.334929316815580E+00  0.211347587206684E+01
  -0.465335907224416E+00  0.297011637493565E+01  0.299513159165830E+01
  -0.347391655564488E+01 -0.331915006715561E+01 -0.355333081715052E+01
  -0.518386470029127E-01 -0.176514607480325E+01 -0.241959645271551E+01
  -0.180664590638860E+01 -0.939415195732230E+00 -0.204205604047334E+01
  -0.326596116439438E+01 -0.183237604336317E+01 -0.644089297234884E+00
   0.160777961627748E+01 -0.162954286646109E+01 -0.167786489566852E+01
   0.914745180941477E+00  0.116687522998045E+01  0.747007982801322E+00
  -0.284038168426808E+01 -0.497470611759712E-01 -0.241814505067984E+01
  -0.134301962683987E+01 -0.281145967760253E+01 -0.308895679291589E+01
   0.104305150014487E+01 -0.257624121889959E+01 -0.227962834629177E+01
  -0.202832326288581E+01 -0.174037235601439E+01  0.121845134534044E+01
   0.110688727188611E+01 -0.144174996284529E+01  0.597144971844170E+00
  -0.658028873856122E+00  0.147115747751562E+01 -0.134576929403700E+01
  -0.272123192761595E+01  0.267004958781019E+01  0.252797793401480E+01
  -0.349899569796936E+01 -0.999345866877229E+00  0.194519318285695E+01
   0.449390291953503E+00  0.239013721345282E+01  0.331930915232875E+01
  -0.100430349763937E+01 -0.103734857167985E+01  0.139716067885124E+01
  -0.826127872454955E+00  0.539804199819849E+00 -0.344896748178610E+01
  -0.639731230914075E-03  0.834874139549507E+00 -0.271746154699128E+01
  -0.187066974182137E+01  0.105793137337738E+00 -0.405654903740479E+00
   0.327016641560591E+01 -0.389645352339484E+00 -0.171751080459590E+01
   0.212759980551148E+01  0.275481206210042E+01  0.254935186982725E+01
  -0.281361510315963E+01 -0.186424338993751E+01 -0.190575381219181E+01
  -0.114887993799047E+01 -0.348108227028275E+01  0.324953758680420E+01
   0.171033887083622E+01 -0.338929151554008E+01 -0.269272091865992E+01
  -0.173229498928628E+01 -0.289408626099644E+01  0.250715079482222E+01
  -0.189723501056321E+01  0.225997683973882E+01  0.195710100853449E+01
   0.280472703264985E+01 -0.205690984185281E+01 -0.799837305231860E+00
  -0.342809552336323E+01  0.132604863255275E+01 -0.244287877698323E+01
   0.331520952680919E+01  0.315483251954354E+01  0.763468544598176E+00
  -0.324753391782882E+01 -0.136665531208169E+01 -0.277717256501411E+01
   0.388853411500226E-02 -0.339764743602896E+01  0.236800622285174E+01
  -0.199779125299037E+01  0.266319441987104E+01 -0.138706988818464E+01
  -0.225342219907445E+01  0.106893533673615E+01 -0.810697744767909E+00
   0.178587392657069E+01 -0.165328153573813E+01  0.315205640825980E+01
  -0.178470915189731E+00 -0.163762384253502E+01 -0.709545133986516E+00
   0.140149926186476E+01  0.687405479950963E+00 -0.352759063228529E+01
  -0.242882858860568E+01  0.282334567172231E+01  0.814738918224367E+00
   0.338527173875159E+01 -0.104398483313622E+01 -0.551765530358227E+00
   0.308587817154264E+01  0.299749573067416E+01  0.270347828922865E+01
   0.145417748863646E+01  0.734589380307145E+00  0.153102509372463E+01
  -0.142245378600093E+01  0.174833899502115E+01 -0.326528260249474E+00
  -0.349525949693556E+01 -0.171065123824844E+01  0.280410432590598E+01
   0.211392866047844E+01  0.104812723651357E+00 -0.198173895532429E+01
  -0.100319090724144E+01 -0.994898048694317E-01  0.555974930597343E+00
   0.304904342630427E+01  0.270371843142528E+00 -0.652011062214638E+00
  -0.330089807365374E+01  0.161815895203522E+01  0.292593008912081E+01
   0.195662234485582E+01  0.315792265365784E+01 -0.529933843936889E+00
   0.694047468791168E+00 -0.399355043036462E+00 -0.315504400205328E+01
   0.294963049767786E+01  0.303686702188348E+01 -0.117437731325864E+00
  -0.257044686568487E+01 -0.338018756976493E+01 -0.970348539189084E+00
   0.190018235067188E+01 -0.209066317310155E+01 -0.260532755124567E+01
   0.136569881511290E+01  0.159012579202447E+01 -0.759131751821188E+00
  -0.255602883333638E+01 -0.306858122323572E+01 -0.265066816850326E+01
  -0.297417313999070E+01  0.265593652411743E+01 -0.100693043412404E+01
   0.362008083224006E+00  0.319129769338915E+01  0.388960997526727E-02
   0.160707998389815E+01 -0.248277074163728E+01  0.237905450225600E+01
   0.299557667342599E+00  0.126921567911661E+01  0.163982913467420E+01
   0.182758554297302E+01 -0.314616273641856E+01 -0.165939573206562E+01
  -0.238564887666355E+01  0.354031809876563E+01  0.184692152050008E+01
   0.129342907818499E+01  0.274003056505673E+01  0.327066995170570E+00
  -0.435935669281127E+00  0.337890491383772E+01 -0.304671194325555E+01
  -0.125093094902044E+01  0.326068832105942E+01  0.207284138240195E+01
   0.236930751613344E+01 -0.861639417041178E+00 -0.132849714039317E+01
  -0.103973850254577E+01  0.288270583342159E+01 -0.220686552686120E+01
  -0.162460878138678E+01 -0.186091006568533E+01 -0.332122804573468E+01
   0.234172359156348E+00  0.341332830542371E+01 -0.218641681798406E+01
   0.797965798000696E+00  0.333476562812546E+01 -0.321277769001451E+01
%  0.309727444338733E+01  0.100491600715877E+01  0.367143969251184E+00
% -0.191041715244459E+00 -0.219012157743685E+01  0.989750272222155E+00
%  0.186618842976002E+01  0.158367373033802E+01  0.634562051616837E+00
%  0.143526828223528E+01  0.120192451870329E+01 -0.167915200685725E+01
%  0.266709741181554E+01  0.238403138034344E+01  0.643263613764207E+00
%  0.207436253672444E+01 -0.106945561845744E+01 -0.184230263818232E+01
%  0.150766491395330E+01  0.129226002330949E+01  0.984777470086955E+00
%  0.186619609313744E+01 -0.698460837127317E-01  0.123366479263256E-01
%  0.380195127430483E+00  0.136124952230529E+00  0.210080276100672E-01
%  0.695268841124119E+00 -0.681444099134380E+00  0.174402240211107E+01
% -0.250444566346311E+01  0.300805969062313E+00 -0.322738569676252E+00
%  0.302826807352956E+01 -0.175910254417850E+00  0.199928240772919E+01
%  0.172460060818323E+01  0.692925851570593E+00 -0.342922104005450E+00
% -0.108138107573956E+01  0.118681068522285E+01  0.686801234682401E+00
%  0.280634853307810E+00 -0.190999776599139E+01  0.214531059362108E+01
% -0.144436497921885E+01 -0.514750045971198E+00 -0.671592709575321E+00
% -0.197014679191516E+01  0.134990565495755E+00  0.737055401860857E+00
%  0.104882486973315E+01 -0.147948592214113E+01 -0.213721038708636E+01
%  0.120991184699691E+01 -0.388353046832319E+00  0.142342333450942E+01
% -0.779572680983951E+00  0.123898035412779E+01 -0.533210413243478E+00
%  0.464636940061016E+00 -0.222758153805144E+01 -0.977453607025572E+00
%  0.900084134057855E+00 -0.867474313247364E-01  0.160739461138327E+01
%  0.368566969382994E+01 -0.641580736941143E+00 -0.902166198339197E+00
%  0.520140455868100E+00 -0.829990743188594E+00  0.484477262250378E+00
%  0.582185933069767E+00 -0.464151316296507E+00 -0.579942001816422E+00
% -0.182282147591258E+01  0.238465431909181E+00  0.243695139175175E+00
% -0.189800752217545E+01  0.963679683414455E+00  0.309253476767968E+00
%  0.212448492701367E+01 -0.423597156948566E+00  0.428073477057854E+00
% -0.283309580942246E+00 -0.515932009952474E+00  0.684259153917530E+00
% -0.421146275273470E-01 -0.671652697297131E+00  0.256464482879842E+01
%  0.939114454209562E+00 -0.431603061502707E+00  0.959728297349773E+00
% -0.157483869449811E+00 -0.913232546777186E+00  0.250016672134693E+01
%  0.136952043440252E+01  0.592925342854646E+00 -0.103598049059337E+00
% -0.101425939603798E+01  0.217068161043612E+01 -0.186912146845976E-01
%  0.121187242588634E+01 -0.134528319338132E+01 -0.728412497082665E-01
%  0.917209344217240E+00  0.663158934776021E+00 -0.164437814699645E+01
% -0.287608810413903E+01  0.399745265795212E+00  0.107254088825451E+01
% -0.719027380725851E+00  0.281990088320584E+01 -0.862394570791639E+00
% -0.498170277980092E+00 -0.772183984629513E+00  0.105388419910066E+01
% -0.388631685708795E+00  0.423834619709913E+01 -0.224492026696573E+01
% -0.108558827808534E+01 -0.133680830624064E+01 -0.184530803140451E+01
%  0.104640858790303E+01  0.273625853719912E+00 -0.936076372146251E+00
% -0.838905938997821E+00 -0.784109250258717E+00  0.158169883193885E+01
% -0.119109601484679E+01  0.344198564140545E-01 -0.194061497929751E+00
% -0.543673210317307E+00 -0.125395020475371E+01 -0.101434983879766E+01
% -0.698789750684635E+00  0.270883025429746E+00  0.123695413117733E+01
%  0.227360326920804E-01  0.570641584611929E+00  0.110962302719708E+01
%  0.121867808125731E+01 -0.631248712308741E+00 -0.718757802973720E+00
% -0.414597969602189E+00  0.275103572001376E+00  0.546873731261916E-01
%  0.160537087888029E+01 -0.601035425735547E-01  0.295896126937982E+01
% -0.946043027036993E+00  0.917612937595758E+00 -0.562796070653612E+00
%  0.127351894142048E+01 -0.548137826018479E+00  0.264652631248096E+01
% -0.297423907284026E+00  0.370133575340257E+00 -0.442447619254581E+00
%  0.138628284360222E+01  0.454681229777742E+00  0.108151442624809E+01
% -0.166633484629212E+00  0.216287732081771E+01 -0.211830700093453E+01
% -0.373994008011947E+00  0.456293277459746E+00 -0.484268684351317E+00
%  0.512397378994678E+00 -0.263498208136990E+01 -0.582641199360831E+00
%  0.533679935026013E+00 -0.200779515748875E+00 -0.244690132731242E+01
% -0.105973756358306E+01 -0.384037598453234E+00 -0.223266195385406E+01
% -0.249586006854988E+00 -0.104532872294567E+01 -0.279479335960152E+01
% -0.173471909889410E+01 -0.246575431073447E+00 -0.251625432878579E+01
%  0.281780171619730E+01  0.129702672650520E+01  0.280888275595508E-01
% -0.211350440713213E+01 -0.158789308043530E+01 -0.519235435248170E+00
% -0.158258801836556E+01  0.110489147111496E+01  0.152228575338611E+01
% -0.119670309136538E+01 -0.136683218697902E+01 -0.152116692467721E+00
% -0.571406391278371E+00  0.126188668637842E+00 -0.358314978730291E+01
%  0.690419749029113E+00  0.581963399568466E+00  0.110922994843420E+01
%  0.204351638506561E+01  0.965218312230222E+00 -0.897537399436886E+00
%  0.215196723914876E+01 -0.914843584598952E+00  0.640816035491302E+00
% -0.136506144909350E+00  0.998525158267439E+00  0.109213134121422E+01
%  0.898788315239266E+00  0.145993207466356E+01  0.158944713797278E-01
%  0.659979647755749E+00 -0.664792747494113E+00  0.908193856595118E+00
%  0.927179507285241E-01 -0.340471144445816E+01 -0.128833363613282E+01
%  0.496148321277632E+00 -0.140654407130210E+00 -0.791909952191954E+00
% -0.129310978681329E+01 -0.546135962804226E+00  0.180109241438135E+01
% -0.204531457905548E+01 -0.216407450135986E-01  0.296575578972191E+00
% -0.141126629398566E+01 -0.137045806044330E+01  0.978333730965819E+00
%  0.357209914356014E+00  0.168556443909500E+01  0.777217706631238E-01
% -0.209014900504469E+01  0.187646887728296E+00  0.833972645505149E+00
% -0.281962476263122E+00 -0.761146830258490E+00  0.138657557950601E+01
% -0.318148361959401E+01 -0.308125328397873E+01 -0.119833929218549E+01
%  0.101235619084250E+01 -0.187087158866575E+01 -0.429563199350611E+00
% -0.538371062654905E+00  0.785028807343339E+00 -0.169677527941021E+01
%  0.779952842475197E+00 -0.350856340037698E+00  0.267239082969315E+00
% -0.762791268592718E+00  0.142271129174161E+01 -0.403915040325659E+00
% -0.187815306913086E+00  0.416790676818270E+00  0.964096195470527E+00
%  0.192029385594178E+01 -0.296438101218544E+00  0.729688246906863E+00
% -0.220012115396506E-01  0.188186074572047E+01 -0.940726425922451E+00
% -0.183791399962013E+00 -0.246088524338595E+01  0.273881966806021E+01
% -0.205893641334742E+01  0.190670486798417E+01 -0.672793771484412E+00
%  0.109135717982868E+00  0.189099586149179E+01 -0.254267178206875E+01
%  0.351731062456980E+01  0.561162220964016E-01  0.568747716354340E+00
% -0.436795702076375E+01 -0.113514300273031E+01 -0.138625224343152E+01
% -0.263921431949525E+01 -0.684092852942967E+00  0.494285104077090E+00
%  0.955115364629849E+00 -0.482375158644707E+00  0.204943177130299E+01
% -0.380243471297241E+00 -0.181701232543158E+00  0.723044561980351E+00
% -0.718060980088510E+00 -0.383209737726514E+00  0.936654451896639E+00
%  0.181554084042638E+01  0.244046177562929E+01  0.913678766359001E-02
% -0.511119743788674E+00  0.445584325437230E+00  0.788509535703923E+00
%  0.939841181516393E+00 -0.804308212154658E+00 -0.586846371670250E+00
% -0.884094256563284E+00 -0.221138010709258E+01 -0.410254752115641E+00
%  0.184063337973811E+01  0.324040656230917E+00  0.966465036993438E+00
% -0.986720667518168E+00 -0.116160941636103E+00  0.821979040024679E+00
%  0.296833193065116E+01 -0.975984034245941E+00  0.542103737104094E+00
%  0.226788391101047E+01 -0.451708912618461E+00  0.199060138249958E+01
%  0.130530047093268E+01 -0.151702614076194E+01  0.221265992806083E+00
%  0.994261099868020E+00  0.413939159152904E+00  0.163464836884207E+01
% -0.208359738253468E+01  0.218350118476071E+01  0.174035692089162E+01
% -0.108749990963256E+01 -0.132338538126398E+01 -0.614570656254986E+00
% -0.194448094865949E+00 -0.147252984454396E+01  0.338266579614801E+00
% -0.946115798788209E+00 -0.107393461418355E+01 -0.128666163840581E+01
% -0.528519318847536E+00 -0.547008519557449E+00 -0.125453085517945E+01
%  0.622655662923072E+00  0.216123187180441E+01 -0.131985939625485E+00
% -0.158520087121641E+01  0.170508458622523E+01  0.101025731271077E+01
% -0.559722065168647E+00  0.274363837606601E+00  0.343624152011014E+00
% -0.981091756384848E+00  0.713177682265623E+00 -0.170112967033704E+00
% -0.438344034036955E+00 -0.636284174046723E+00 -0.159566567156700E+01
%  0.115727122176749E+01  0.202466153932410E+01 -0.996798092714104E+00
% -0.887525411592024E+00 -0.108466488478827E+01  0.626106567150989E+00
% -0.133130892507131E+01  0.415134160855718E+00  0.263497874964203E+00
%  0.247813548051652E+01  0.929218953469301E+00 -0.223427106970701E+00
%  0.232392818848611E+00 -0.174322378008415E+01 -0.234326706876866E+00
%  0.128718568408493E+01  0.513189146806563E+00 -0.973863456781267E+00
% -0.117468483556316E+01 -0.158875114731591E+01 -0.654166627949130E-02
% -0.262614944079646E+01 -0.259640970114496E-01 -0.127971593538811E+01
% -0.653667703467382E+00 -0.150945961370979E+00 -0.213435096033212E-01
% -0.127558726202645E+01  0.585548115494369E+00  0.259382640814287E+00
%  0.142441715258169E+01 -0.243162514349817E+01 -0.244776067161201E+01
%  0.125505943794174E+01  0.329245307651883E+00 -0.780296587626695E+00
% -0.109203890566180E+01  0.708070561340421E+00 -0.231869217779376E+00
% -0.154073450428574E+01 -0.234848228488567E+01  0.188239870476171E+01
%  0.901827234516918E+00  0.301392113825498E+00 -0.644846724551407E+00
% -0.683322488504317E+00  0.193946423419581E+01  0.762671299213493E-01
%  0.421835737258260E+00 -0.408306216210488E+00  0.314237836743739E+00
% -0.172301734238164E+01 -0.258384520689130E+01 -0.938058935844105E+00
%  0.126157048026926E+01  0.135355234092352E+01 -0.646796955615420E+00
%  0.159644354525579E+01 -0.123822924948024E+01 -0.800063258908447E+00
% -0.730030408256258E+00  0.153420842868776E+01 -0.707973530153965E+00
%  0.102476315737501E+01  0.125598731954672E+01 -0.182921169659688E+00
% -0.112803260474717E+00 -0.210902476887881E+01  0.119990686495325E+01
% -0.239427665163283E+01  0.183173392279498E+01 -0.218837157665068E+01
% -0.161409858115080E-02  0.321144496188302E+00 -0.304938895068556E+01
% -0.624519342415353E+00 -0.279754729142559E+01  0.143579899172048E+01
% -0.621309050342444E-01  0.166622116778956E+01 -0.488499369778454E-02
% -0.198567022630249E+01 -0.631631311969068E+00 -0.181531716071696E+01
%  0.676304424160299E+00 -0.465636747880596E+00  0.426805433300471E+00
%  0.993435103846282E+00 -0.152041061195351E+01  0.112678697036899E+01
%  0.527007333444081E+00  0.336047938416459E+00 -0.466854920524786E+00
%  0.204618419614668E+00 -0.219526295374875E+01  0.233116580959672E+01
% -0.774406088358468E+00 -0.135950426767687E+01 -0.139380572259054E+01
% -0.892608118601475E+00 -0.897803066434305E+00  0.103439913287094E+00
%  0.175380384578152E+01  0.255008123134026E+01  0.689697536230693E+00
%  0.200820039245108E+01 -0.131341943913785E+00 -0.565200540925531E+00
%  0.495968229935702E+00 -0.359035417263656E+00 -0.718636199420913E+00
%  0.132033015642141E+01 -0.236816364227305E+01 -0.990907990713002E+00
% -0.184827612715977E+01  0.495838257702798E+00  0.340019658095767E+01
%  0.226957476061520E+01  0.778433386454486E+00  0.198549075932712E+00
% -0.124108510007834E+01  0.637009975400412E+00 -0.409287228099883E+00
% -0.154783859915588E+01 -0.853658053323069E-01 -0.117320440753065E+01
% -0.167666150062395E+01  0.976097675835092E+00  0.244913940222584E+00
%  0.207112431986738E+01  0.974093187071773E+00 -0.204195159475859E+01
%  0.360226827569162E+01  0.346460699214893E+00 -0.211493601216971E+01
% -0.185466556084755E+00 -0.102779172825270E+01 -0.136833913540470E+00
% -0.183031883814267E+00 -0.264670654722060E+01  0.283847699020374E+00
%  0.170032051379660E+01 -0.290930608736336E+00 -0.307656716534866E+00
% -0.482539991169174E+00  0.987836138332894E+00  0.177663476975151E+01
% -0.332268254568147E+00 -0.128858562180824E+01 -0.102342524147341E+01
% -0.188255701233310E+00  0.238397278517393E+00  0.145502551729862E+01
% -0.635560631585023E+00  0.172778741816580E+01  0.336524605936236E+00
%  0.155130783763280E+01 -0.371433842965406E+00 -0.189312636487785E+01
% -0.798236466049332E+00 -0.172261217493781E+01  0.159213301872865E+01
%  0.507005125223958E+00  0.179522587478570E+01 -0.439077133184397E+00
% -0.139855031892552E+00  0.261104918548069E+00 -0.160993408416915E+01
%  0.663694702515830E+00  0.272414367516212E+00 -0.682291727958511E-02
% -0.171553009438193E+01 -0.146266269823942E+01 -0.288344188241461E+01
% -0.288297296520837E+01 -0.954607606484581E+00  0.881806798792406E+00
%  0.137139680721759E+01 -0.685222138522370E+00  0.381945717235729E+00
%  0.924722102352612E+00  0.513941663273576E+00 -0.492995396729701E+00
% -0.220145172961432E+01 -0.133226115935636E+01  0.163303245614120E+01
%  0.157372076858312E+01  0.129002913353183E+01  0.201763953879378E+01
%  0.729626991021560E+00  0.211132163325961E+01  0.323708272338678E+00
% -0.988134710783032E+00 -0.522844177624140E+00 -0.985184344530123E+00
% -0.122568985381326E+01  0.271404757541206E+01 -0.164769839722967E+01
%  0.142316215937468E+01 -0.912204877664948E+00 -0.776189664253351E+00
% -0.130568948485847E+01  0.269009564917759E-01  0.202133787560154E+00
%  0.578105927480858E+00 -0.576456584341320E+00  0.210222144186007E+01
% -0.589693358292032E+00  0.459369210676427E+00  0.312583103240439E+01
%  0.110241794093573E+01  0.926896591810119E+00 -0.180795200930938E+00
% -0.440014332490540E+00  0.174419145761535E+01  0.338056617599270E+00
%  0.304230721584948E+01 -0.293628432826742E+01  0.181629895798792E+00
%  0.613497129181485E+00 -0.166101674985572E+01  0.154685222194278E+01
% -0.308903656097598E+01 -0.118144243966418E+01  0.333356160845005E+00
% -0.139319015397396E+01  0.723272036154090E+00  0.339340807907349E+01
%  0.689138913879867E+00 -0.615050460075498E+00 -0.466580598665599E+00
%  0.530968131595651E+00  0.536014087679015E+00 -0.148645564916259E+01
% -0.101157095837869E+01  0.122982034656243E+00 -0.313892102736772E+00
%  0.313993020421318E+00 -0.144028701033906E+01 -0.110766165193225E+01
%  0.373029347982309E+00  0.103451638930238E+01  0.120132917807347E+01
%  0.805036783343449E+00 -0.119411254590071E+00  0.987760036633510E+00
% -0.111562798622968E+01 -0.321891283862570E+01  0.118999182816566E+01
%  0.964619992238558E+00 -0.708613336464719E+00 -0.785519677450308E+00
% -0.151647409857522E+00 -0.503907447581653E+00  0.175257601494992E+01
% -0.831801877486379E+00 -0.228585384127926E+01 -0.185414908244878E+01
%  0.383743761168002E+00  0.514355453731112E+00  0.692015517808428E+00
%  0.874083214544710E+00  0.457583838790258E-01 -0.932504760059017E+00
% -0.153487817557146E+01 -0.704586785431217E+00 -0.147341302124105E+01
% -0.184529673456198E+01 -0.149934015120136E+01 -0.522134135331786E+00
%  0.741875751647851E+00  0.955539291866483E+00  0.190647310157701E+01
%  0.965317938354234E+00 -0.875708557679321E+00  0.125847006716380E+01
% -0.568294674058709E+00 -0.817005123076658E+00 -0.101510386878802E+01
%  0.344768473283570E+00  0.842167566938577E+00 -0.290956865306434E-01
%  0.115436988019742E+01 -0.612832243519306E+00  0.398277598189846E-01
%  0.222196772657853E+00  0.135681615086245E+01 -0.126163465845675E+01
%  0.133466182117788E+01  0.166721735160772E+01  0.137260768567513E+01
% -0.231462440541541E+01  0.108564662145823E+01  0.150181942241235E+01
% -0.103184715946554E+01  0.199816943140110E+00  0.121207858129632E+01
% -0.905321771810200E+00  0.652838538495809E+00 -0.198382459170572E+01
% -0.315306685076562E+00 -0.131113374196166E+00  0.581989408664911E+00
% -0.166627001354585E+01 -0.484089737968755E+00  0.254787643769467E+00
%  0.736536529283759E+00 -0.434125278804168E+00 -0.211201150284296E+01
%  0.811987751957342E+00 -0.115058193491122E+01  0.415129295596249E+01
%  0.903952731325058E+00  0.999220931015274E+00 -0.245389036600147E+01
%  0.473400120497245E+00  0.136563412739006E+01 -0.385638472003264E+00
% -0.212353229050427E+01  0.187128406413904E+01  0.811788041886777E+00
%  0.487285745291677E+00  0.162756628647089E+01  0.507482614807840E+00
%  0.381868825746796E+00  0.154474382030350E+01 -0.165281407786138E+01
% -0.662854693902099E+00  0.809761066953270E+00 -0.967810417056603E+00
%  0.101963181424145E+01 -0.130688633964025E+01 -0.201098910080130E+01
% -0.434299835108224E+00 -0.138610186768257E+01  0.849560401714606E+00
%  0.205459208327780E+01  0.857618418111306E+00  0.178030000982501E+00
%  0.249713046903264E+01  0.112682609667623E+00  0.500839475067717E+00
%  0.572954925005191E+00  0.144835811953790E+01 -0.126471869199374E+01
%  0.257551882907785E+01  0.171252137344662E+01 -0.161207714217721E+01
% -0.154375182742652E+01  0.411651684958030E+00 -0.370403842572375E+00
% -0.620024729258938E-01  0.138291777882294E+01 -0.899924853879658E+00
% -0.706273399523297E+00  0.790227294528295E+00 -0.129593484272508E+01
% -0.952440578167117E+00 -0.493803336115432E+00 -0.303796298455291E+01
%  0.114566139885789E+01  0.225799684357491E+01 -0.181301942978217E+00
%  0.125193379094035E+01 -0.121931832455145E+01  0.535337077501206E+00
% -0.495750434120934E+01  0.171858328741297E+01 -0.416778381880711E+00
% -0.271560219658969E+01  0.216674052716891E+01 -0.164636735475529E+01
% -0.882206187833288E-01  0.265570212838884E+01 -0.405224083086823E+00
%  0.134355183870648E+01  0.720518294773972E-01  0.809611564291203E+00
% -0.144623524649975E+01 -0.501369398977990E+00  0.119041909255004E+01
% -0.136470834152199E+01  0.250258731393354E+01 -0.159672633548942E+01
% -0.500204215367615E-01 -0.122462971836110E+01 -0.408338248367661E+00
% -0.135235359130668E+01  0.469915453763245E+00 -0.127965974762964E+01
% -0.101137094842076E+01  0.530070878540477E+00 -0.129974835203376E+00
% -0.130418294464914E+01  0.159904506203489E+01  0.508276183962361E+00
% -0.156591926866475E+01 -0.474986074319206E+00  0.231338239459348E+01
%  0.450564548373675E-02  0.598759502953889E+00  0.103082023828145E+01
%  0.161408108463765E+01  0.668628401997946E+00  0.645752127903489E+00
% -0.561650180065044E+00  0.119472917249375E+00  0.624168536248945E+00
%  0.606687342745036E+00 -0.102828255544314E+01  0.380512824618996E+00
%  0.233322716121316E+01 -0.142537957062628E+01  0.350069590150708E+01
% -0.203675308036710E+01 -0.183753711880607E+01 -0.339452833265757E+00
%  0.352245104197746E+02 -0.131636930003024E+02  0.176835871914389E+02
% -0.144896208020364E+02 -0.232654765448145E+02  0.230588676191314E+02
%  0.109228232769580E+02  0.887038382050433E+00  0.777231989912078E+01
% -0.166629703030318E+01 -0.215655233290867E+00 -0.482073397716593E+00
% -0.222248220681571E+02  0.477219280146495E+02  0.158287862009106E+02
%  0.471403029881371E+01 -0.191167179879275E+01 -0.456018119300087E+00
%  0.283826742251281E+01  0.689096347833110E+00  0.194913454199445E+01
% -0.262785076710926E+02  0.375646422651672E+02  0.210670406523193E+02
% -0.129479870775954E+02 -0.252367700752859E+02 -0.169321949873720E+02
%  0.356678224973067E+01  0.659959597350125E+01  0.287133196312291E+01
%  0.645674885097888E+01 -0.210030505362694E+02 -0.265864679503912E+02
% -0.137768773576649E+02  0.733692624028875E+01  0.985124506191361E+01
%  0.812197846525571E+00 -0.243278870209594E+02 -0.119768418611324E+02
% -0.381686808053109E+00  0.263586890257549E+01 -0.669111606327451E+01
% -0.222584862890115E+01 -0.123540463624029E+02 -0.323267301249159E+02
%  0.547893302775119E+01  0.546566589178304E+01 -0.158576405233166E+01
% -0.108572624002817E+02  0.425730724493137E+02 -0.180911169319008E+02
%  0.164632411080384E+01  0.430233396903807E+01 -0.438630089520087E+01
% -0.200410661866327E+02 -0.156959157589031E+00  0.603952836720120E+01
%  0.158040358238214E+01 -0.159628390420992E+02 -0.268047407990842E+00
%  0.301849037845884E+01  0.354766201168283E+02  0.302834092252956E+02
%  0.261081231163530E+02 -0.269120164272834E+02  0.289389639484291E+02
% -0.517792676783600E+01 -0.811855194992374E+01 -0.290022328501050E+01
%  0.871008699219364E+01 -0.472463471529358E+01 -0.108067716084253E+01
%  0.363205368328966E+01 -0.309661607837855E+00 -0.937583215775672E+01
%  0.230971144141309E+02 -0.259936556168566E+02  0.909648669770702E+00
%  0.366515786243446E+02  0.239299063098541E+02 -0.204385228823639E+02
%  0.212695978094032E+00  0.263451041780409E+01  0.150163558361161E+00
%  0.105531237965275E+02 -0.159391766402171E+02 -0.213101999228452E+02
% -0.488044714478864E+01  0.232038841575396E+01 -0.807517468665038E+00
%  0.151877818902351E+02  0.239974615302734E+02 -0.150649282109230E+02
% -0.536189673119940E+01 -0.523350814430164E+01  0.264416098687562E+00
%  0.143213123201120E+01 -0.144363465978611E+01 -0.205204059034975E+02
% -0.886331939320757E+02 -0.127650149527693E+02  0.264271402178888E+02
%  0.105195911302226E+02  0.360011305321096E+02  0.159056956028710E+02
% -0.699239514005314E+00  0.552578578078208E+01 -0.849631949724788E+01
% -0.174362934970786E+02 -0.358162155807047E+01  0.433857649485989E+01
% -0.309126411843455E+01  0.607061339142418E+00  0.384910202745521E+01
% -0.108467778089800E+01 -0.520242957718991E-01 -0.131163983300199E+01
%  0.892916910239867E+01 -0.123542041001428E+02  0.247114566217269E+02
%  0.992954809481781E+01  0.394868287208599E+00  0.764031739551189E+01
% -0.126439557979884E+02  0.172480050336280E+02  0.201716077191510E+01
%  0.227798122935733E+01 -0.958570888713692E+01  0.764293299009882E+02
% -0.460133910185810E+01 -0.162265919176870E+01  0.116740342863835E+01
%  0.132500411015263E+02 -0.641354005898603E+01 -0.448776266413641E+01
%  0.716918825468265E+00 -0.291680412169499E+02 -0.405952417817401E+02
%  0.332116184577244E+02 -0.264197510107023E+02  0.209484001649507E+02
% -0.136213226091165E+02 -0.113884362097631E+02 -0.684440700075212E+01
% -0.129446135886037E+01  0.366117500186817E+01 -0.465345007419076E+00
% -0.149907833136114E+02 -0.979819210933364E+01  0.148783577614189E+02
%  0.193075666577874E+02 -0.701084633329350E+00 -0.112830009681665E+02
% -0.876303612610135E+01  0.123252752993484E+02 -0.189204287300320E+01
%  0.126904673123781E+02  0.228922616703602E+01 -0.154021332783689E+02
% -0.151600927311337E+02 -0.436580138630547E+02 -0.303171142350084E+02
%  0.426189011638176E+01 -0.122241814217593E+02  0.317653820748996E+01
% -0.313231589314251E+02  0.102203248607713E+02 -0.453418107724929E+01
%  0.797311629932717E+01 -0.548290242532172E+01 -0.458959599734309E+02
%  0.338839734823412E+01  0.390466576640069E+00  0.459252871456620E+01
%  0.169678453662699E+02 -0.310347933907114E+02  0.105298310967124E+03
%  0.242876753001200E+02  0.639999984602947E+02  0.753457344766479E+00
% -0.482416769099881E+02 -0.127939690018057E+02 -0.287188505267270E+02
%  0.321378726105322E+01  0.109575675955268E+01  0.102572986672329E+02
%  0.173014276148533E+02 -0.113924670439037E+02 -0.517005764240478E+00
%  0.448324676460957E+01 -0.183718239052640E+01  0.719220403698053E+01
% -0.410743263984894E+02 -0.188439020025802E+02  0.169847947326411E+02
% -0.159007100715910E+01 -0.946856841139148E+00 -0.570378750283936E+01
%  0.199689964193449E+02  0.193570578831305E+02 -0.392470549735312E+01
% -0.172467810286517E+02  0.594323989646393E+01  0.185869987737795E+02
% -0.393729768460085E+02  0.382055864417661E+02  0.594869962559880E+01
% -0.415980015110232E+01  0.106482019383940E+02 -0.867350473867634E+02
%  0.894868538858826E+00 -0.763687026191306E+01 -0.185327117604353E+01
%  0.238575833863513E+01  0.169888838659497E+02  0.200236128902912E+01
%  0.302540540236253E+02 -0.403798690412666E+02 -0.603225778844820E+01
%  0.200791219124780E+02 -0.257682375828554E+02  0.239259032733691E+02
%  0.113179704958728E+02 -0.362024436775435E+02 -0.541172477047192E+02
% -0.148424122931285E+02  0.307054109792199E+01  0.115126297695698E+02
%  0.171987974980302E+02  0.155101861958697E+02  0.196974727185259E+02
%  0.286548993056358E+01 -0.874204137569973E+00 -0.521463665240329E+01
% -0.992808308516011E+01 -0.317719046578430E+01 -0.644521656473069E+00
% -0.110138461291750E+02  0.345511153917619E+01  0.388736075948285E+00
%  0.121644707242459E+02 -0.220563152440405E+02 -0.102441790971836E+02
% -0.254009373835391E+02  0.576432108745431E+01  0.444096128863104E+01
% -0.347573647245585E+02 -0.308521049337728E+02 -0.333064894600370E+01
% -0.211018389627133E+02  0.357777736507468E+02 -0.260440662054452E+02
% -0.300415087025513E+02 -0.165934398983913E+02 -0.765031902439708E+02
% -0.513127961072859E+01 -0.807390227277588E+01 -0.262290900337858E+01
% -0.624368512442551E+01  0.254580075489142E+02  0.267732464103262E+01
%  0.509156568641558E+01 -0.427211063032224E+02  0.353820951245106E+02
% -0.191710390922535E+02 -0.108035488931247E+02  0.294550450756019E+01
%  0.120519297910287E+02  0.164359731241438E+02  0.319336376121562E+01
%  0.497478786590269E+02  0.400170236979423E+02 -0.132156001431731E+03
%  0.441547603911959E+02 -0.371793730760748E+02  0.361480129745418E+02
%  0.199360770228880E+02  0.168570757346755E+02 -0.195437521288755E+02
%  0.285597317501847E+02  0.962872460126961E+01  0.185069760476280E+02
%  0.130518947374242E+02 -0.124112456363458E+02 -0.212521473665180E+02
%  0.121890283302984E+01  0.167741742266426E+02  0.212466555780413E+01
% -0.244363940578426E+01 -0.222889027055036E+00 -0.134355902775399E+01
% -0.396936292299790E+01 -0.769743943787970E+01  0.132026691835547E+01
%  0.268322019821069E+02 -0.287506728695067E+02 -0.188858881667171E+02
%  0.134875212310345E+02  0.958760566415879E+01  0.142475351084875E+01
% -0.231060995771551E+02 -0.552994669931988E+01  0.434594019538983E+01
% -0.145540121450452E+02  0.284808273673876E+02 -0.327302293701749E+02
% -0.286643092322209E+02 -0.189061922383603E+02 -0.412447684196256E+02
% -0.619723880930853E+01 -0.153802573382601E+02  0.151520452075329E+02
% -0.136946355599690E+02 -0.296527555568790E+02 -0.263736454520563E+01
%  0.292900236336573E+02 -0.153750711310604E+02  0.595827225978427E+01
% -0.172342298593816E+01  0.650075375361198E+02  0.389447326653318E+01
%  0.965424515419930E+01  0.254486544720574E+02 -0.114203353305180E+02
%  0.347065034983566E+02 -0.756717779897615E+02  0.531733921701098E+01
% -0.678470088509666E+00 -0.828437374219677E+00 -0.179422578086638E+01
%  0.199785954933393E+02  0.293398960774476E+02 -0.651967420874725E+01
% -0.880390920606811E+00  0.848209313410918E+01 -0.574523282328963E+01
%  0.402027113587359E+02  0.443603277117693E+02  0.163264173398202E+02
%  0.783941941817165E+01  0.416833166245859E+01 -0.138048768477847E+01
% -0.642523106356413E+01 -0.197945240418613E+02  0.805359792558977E+01
%  0.397304686207007E+02  0.124971688128979E+02 -0.132982231460227E+02
% -0.650651524012532E+01  0.271208983836141E+00  0.561361996443314E+01
%  0.757719104074025E+01 -0.653204570827618E+01  0.822156592096202E+01
% -0.259536009513405E+01 -0.340006817263206E+01  0.277114762280387E+02
% -0.387238079028251E+01  0.104826400513814E+01  0.164156571939050E+01
% -0.506232702244606E+02  0.458295495638593E+01 -0.284765356522354E+02
%  0.247509136188706E+01  0.793891049524255E+00 -0.643152976192922E+01
% -0.217120183387925E+02  0.254597954593804E+02  0.782739230440004E+01
% -0.654595102577037E-01  0.212179035213713E+02  0.612632291567151E+01
%  0.274174832038317E+02 -0.308461174030352E+02  0.118975276060952E+02
% -0.629089011594418E+00 -0.237792868684751E+01  0.811110221305293E-01
%  0.913059773434040E+00 -0.228650182827452E+02  0.397439943115405E+01
%  0.130899109902893E+02  0.288052359366821E+02 -0.547506579377626E+00
% -0.415502598633422E+02 -0.299922900274457E+02  0.292209485312267E+02
%  0.249946873026659E+02 -0.153946959064566E+02  0.106192456826040E+02
%  0.528429199873195E+02  0.249007253543925E+02  0.555383367339139E+02
%  0.348940379516511E+01 -0.166422540535757E+02  0.181394240145077E+02
%  0.585174062108046E+01 -0.639128853329471E+01 -0.365627412848201E+01
% -0.583469798013881E+01 -0.185474838613293E+01  0.177044263336167E+02
% -0.120064988506192E+01  0.310285649169199E+02  0.255028594430326E+02
% -0.310514719618496E+01 -0.132833940199672E+02  0.320396351572552E+01
% -0.208374649045107E+02  0.216982903628842E+02 -0.131144872608817E+02
%  0.132650730463811E+02  0.364066193426160E+02  0.291462687043883E+02
% -0.827847355859464E+01 -0.145967479569578E+01  0.341265158905835E-02
%  0.189974770091373E+02  0.321048288531726E+02 -0.101539954447847E+02
% -0.774841477996022E+02  0.237482392315515E+02 -0.244141357459151E+02
%  0.194801870538042E+02 -0.234937114841002E+02  0.241591109534441E+02
%  0.360480492550548E+02 -0.120625753027916E+02  0.494164262270414E+02
%  0.258506847917272E+02 -0.327444656878297E+02  0.247681321701197E+02
%  0.710706884532732E+01 -0.204539461086662E+02 -0.240771135086414E+02
%  0.175921722319660E+02 -0.295234122426068E+01 -0.836834975549965E+01
% -0.145063113610265E+00 -0.159682917549924E+01 -0.120161000004995E+02
%  0.171201685956224E+00 -0.905082328214877E+01 -0.366334298009029E+01
%  0.182284050450528E+01 -0.103329103588158E+02 -0.765015564952588E+01
%  0.364225302328527E+02  0.106531526126921E+02 -0.104840377250945E+02
% -0.182493804276427E+02  0.754014824394736E+01  0.187736852693010E+02
% -0.126796382699876E+02  0.717823223327098E+00 -0.185972614563036E+02
%  0.735703976943651E+00  0.314786111641123E+02 -0.375240606977499E+02
% -0.406648191732045E+02 -0.600054948234568E+02  0.807341111778944E+01
% -0.822287937620629E+01 -0.335612092160431E+01 -0.483724332986690E+01
%  0.613249697440259E+01  0.253230542115001E+02 -0.574179874068009E+01
% -0.612920200372034E+02  0.201332322116641E+02  0.286549826024521E+02
%  0.323082803045915E+02 -0.131894798835707E+02  0.798122663017253E+02
%  0.932239759066556E+01  0.639148205541446E+01  0.364855875641949E+01
%  0.689517545655686E+01  0.162667538739231E+02 -0.125938843054586E+02
% -0.281351736388874E+02  0.135809104040846E+02  0.179635623628570E+02
% -0.235081819934934E+01  0.136964932354826E+02  0.680121822655958E+01
%  0.295672422571911E+01 -0.188616011318674E+01 -0.192185245466403E+01
%  0.400331246038450E+00  0.120054114501351E+02 -0.885325886622426E+00
% -0.669256071459797E+01 -0.156391856400982E+02 -0.919635211248899E+01
% -0.921429534397395E+01  0.738022107255931E+00 -0.274749264491672E+01
% -0.197546789797476E+02  0.389613989063878E+02 -0.434092495723765E+00
% -0.292192225661784E+02 -0.404443584991285E+02  0.136324116823319E+02
%  0.526556429967207E+01  0.227342289075467E+02  0.968750875791521E+01
% -0.512660932658104E+00  0.204056793055860E+00  0.145338759446537E+01
%  0.332553965962648E+02 -0.166414314851017E+02  0.218266875910537E+02
% -0.177464088521808E+02  0.163688828525360E+02 -0.314571607007682E+02
%  0.991253618106271E+01  0.107954902677172E+02 -0.969688721981270E+00
%  0.310321280661840E+02 -0.153171706336270E+02 -0.221305192519645E+02
%  0.143840721425337E+02  0.316810020790008E+02 -0.116212479592855E+02
%  0.746322239342290E+02 -0.729006690708708E+01 -0.283377171589779E+02
%  0.706563635687716E+01 -0.307408424324331E+02 -0.446362367644863E+02
%  0.609076688919462E+01  0.698592142045228E+02 -0.610097799693549E+02
% -0.808901595573567E+01  0.318289797456016E+02 -0.206825610103771E+02
%  0.699173568998163E+01 -0.358293101363823E+00  0.760291876968267E+01
% -0.249191462345920E-01  0.293798027745808E+01  0.121777181534522E+02
% -0.103444086147935E+01 -0.151233103735311E+01  0.563844499237382E+00
%  0.175243540611492E+02 -0.142561413889571E+02  0.114164145342043E+02
% -0.340978603980364E+00 -0.276429039465162E+01  0.344165540751630E+00
%  0.276767794747695E+02 -0.619305771689554E+01  0.413322009697957E+01
%  0.103652849964674E+02  0.478437379029603E+01  0.218736184500516E+01
% -0.101995126698940E+02 -0.115130668624723E+02 -0.317989536914145E+02
% -0.358352022568172E+01  0.296309427613545E+01  0.285248817598465E+02
%  0.149088490028825E+02  0.385237040899575E+01 -0.495188861157877E+01
%  0.116636455767609E+02 -0.795750929152521E+01 -0.490261240742505E+01
%  0.113842832270372E+02 -0.205859751834025E+02  0.141223559792894E+02
% -0.405830614577213E+01 -0.192279905745869E+01 -0.121997498566154E+02
%  0.181513692743545E+02 -0.349791981554984E+02 -0.133949938628281E+02
%  0.430376848803813E+02 -0.240938880939282E+02  0.350977405309152E+02
%  0.174718314249527E+02  0.102992603077026E+02 -0.119929260556160E+01
% -0.126321345638880E+02  0.127961675314441E+02  0.337614614059987E+02
%  0.113483930718717E+02 -0.171176919056966E-01  0.155570215384119E+01
%  0.512703574797687E+01 -0.110303086860765E+02 -0.879291409070469E+01
% -0.332176028359416E+01  0.272750893685408E+02  0.292620742975890E+02
%  0.333852869276780E+01 -0.430318878186863E+00  0.130042260636063E-01
% -0.174274951556125E+02 -0.227744903534480E+02  0.549244843552203E+02
% -0.210407599226727E+02 -0.215495749498604E+02 -0.477653523313979E+02
% -0.132024753034409E+02  0.200943495134027E+01 -0.853813280597315E+01
% -0.366213780511419E+02 -0.267543675959536E+01  0.825221409895291E+01
% -0.206040740062799E+02  0.331753780460073E-02 -0.410968091726236E+02
%  0.328101763282125E+01  0.245772451567767E+02 -0.156757001742057E+02
% -0.341742615180760E+02 -0.123652524959640E+02  0.202185944997158E+02
% -0.127276142526418E+01  0.333540255617647E+01  0.279052031595446E+02
% -0.160251826123316E+01 -0.648279252991544E+01  0.592539333277667E+01
% -0.244937556213952E+02 -0.690857201606109E+01 -0.578552005837246E+01
%  0.247965083358075E+02  0.728309139553159E+01 -0.223190074152666E+02
% -0.177867764470465E+02  0.765460807152301E+01 -0.546790896767998E+00
% -0.525807509474728E+01  0.205235972298488E+00 -0.553836145980566E+01
% -0.379441014485790E+01 -0.157951942835419E+01 -0.410373844192610E+01
%  0.533795938143348E+01 -0.340611941256239E+01 -0.430322560386657E+01
% -0.611016116723405E+00  0.123904543637500E+01 -0.191259057059700E+01
%  0.183167263084779E+01 -0.546551430529187E+01  0.368451510489740E+01
%  0.753128670151788E+01  0.556614174601985E+01  0.621808054021947E+02
%  0.140740329552361E+02  0.161102703819204E+01 -0.126166996230905E+02
% -0.190886445184137E+02 -0.280975463013670E+02  0.103148052709959E+02
% -0.850571091679007E+01  0.164431817045815E+02  0.165798691099732E+02
%  0.231576840197643E+02 -0.369499957046967E+02  0.556113562926905E+01
% -0.153772056423261E+02 -0.199467537209446E+02 -0.229790994904828E+02
% -0.103983634043527E+02 -0.101747247442647E+02 -0.658938819645712E+01
% -0.385137020872893E+00 -0.282433276485359E+01 -0.142652190986870E+02
%  0.244364787650360E+02  0.416022741825111E+02  0.384251955108993E+01
% -0.393627816675066E+02  0.635139138299095E+02  0.477322804591318E+01
%  0.188245764521551E+02  0.787024082496901E+01  0.313244923984319E+00
% -0.906636609213191E+02  0.738135368394548E+02  0.104448768333463E+03
%  0.540736894115884E+01 -0.606298193051881E+00 -0.671622602904317E+01
%  0.812934370797826E+01 -0.626383032000446E+01 -0.475835111744958E+01
% -0.552457558170470E+01 -0.858579195150402E+01  0.415248243046910E+02
% -0.125676655352336E+01 -0.352891586357911E+01  0.383269287632907E+01
%  0.186933881590582E+02 -0.486430069245536E+01  0.690082603482262E+01
%  0.233202793874684E+01 -0.297242752079087E+01 -0.140498600969234E+02
% -0.235223404200514E+02 -0.703048660796905E+02  0.474169925945148E+01
% -0.168490420288531E+02 -0.363062542632162E+01  0.327535569672393E+02
% -0.164099826943896E+02 -0.115028283260293E+02 -0.325883728940746E+02
% -0.417776695421184E+01 -0.126025143481853E+02  0.571934088150898E+01
% -0.194243292492893E+02  0.224302308372358E+02 -0.258875753182710E+02
%  0.162138451932585E+02  0.879786123774769E+01 -0.137394828225679E+02
% -0.374704880583848E+02  0.262679228621822E+02  0.564536988271221E+01
% -0.427048220094953E+01  0.252598495555946E+02 -0.150538061458358E+02
%  0.581332361403261E+01  0.168782404330517E+02 -0.251918460718959E+02
%  0.443785947129196E+01 -0.809022679522138E+01  0.609087915034315E+01
% -0.769684948325023E+00  0.854364197883508E+01 -0.180909169568047E+01
%  0.345609811152543E+02  0.632674875069870E+02 -0.126806950020984E+02
% -0.796185001421946E+01 -0.394754074252277E+01  0.119220493857974E+02
%  0.233083494135007E+01  0.127658009938274E+01  0.380525310629674E+01
% -0.139710776789359E+02 -0.217329000973662E+02  0.166161846929720E+02
% -0.262924187659019E+02  0.319947741890299E+00  0.349495409037998E+02
%  0.433432710191982E+01 -0.815983317471674E+01 -0.286685973835847E+01
% -0.193873320681726E+02 -0.455598941849049E+02 -0.352604443769809E+02
%  0.537104590293337E+01  0.688021022557709E+01 -0.963807539662244E+01
%  0.208629779974813E+02 -0.356179719670735E+02 -0.582745627480812E+02
% -0.703892486743021E+01 -0.384095558278572E+01  0.558706561043209E+01
