% T    256  0.715122828077254E+01  0.715122828077254E+01  0.715122828077254E+01
   0.141416757874408E+01  0.116578498616857E+01 -0.104566778504448E+01
   0.120881784641558E+01  0.157843346979498E+01  0.229603566287954E+01
  -0.591653995954963E+00 -0.213621406590248E+01  0.224362906533865E+01
   0.172522291641302E+01 -0.739651507159968E+00  0.283316260544452E+01
   0.229253444699153E+01  0.129512848255243E+00 -0.318410621524580E+01
  -0.149639635797504E+00 -0.115649582754473E+01 -0.318896177209711E+01
  -0.275193048538770E+00 -0.748247842926790E+00  0.156506078399675E+01
   0.124155727274400E+01 -0.321198483872127E+01  0.171320567829602E+01
  -0.130748826452579E+01  0.546531923887596E+00  0.292901131051437E+01
  -0.325410859989910E+01 -0.331186025852855E+01  0.286165461344235E+01
  -0.229694588801744E+01  0.944843615190380E-01  0.307498197441886E+01
   0.182239960230190E+01 -0.131185331870016E+01 -0.286831780675237E+01
   0.856823013862903E+00  0.309358937951009E+01 -0.249901359539870E+01
   0.305669530262700E+01  0.473932638867465E-01 -0.134167089390518E+01
  -0.757008879096728E-01  0.239924601848069E+01 -0.109419413771780E+01
  -0.304713598895020E+01  0.216000833591095E+01  0.130852079703036E+00
  -0.735396561299148E+00 -0.936836256666587E+00 -0.108142918712809E+01
  -0.283920623006429E+01  0.155396628833359E+00 -0.238863822952819E+01
   0.219516464548618E+01  0.295411483640142E+01 -0.273776523473374E+01
   0.348278062550722E+01 -0.385226869503941E+00 -0.257024441229553E+01
  -0.259583761714857E+01 -0.130607960194881E+01  0.185869783221506E+01
  -0.572060935282434E+00  0.329957231817570E+01 -0.166668070495975E+01
   0.160561872075040E+01 -0.779775725135350E+00 -0.198282045075347E+01
  -0.293526714215566E+01  0.154021671607190E+01  0.143899013318915E+01
  -0.247864835962320E+00 -0.588020616938418E-01  0.512132414084281E+00
   0.183258838403054E+01 -0.104698411208513E+00  0.144115709803072E+01
  -0.141085676594996E+01 -0.143134520487669E+01  0.138099099559736E+01
   0.319908644207565E+01  0.514972919630924E+00 -0.231236761842773E+01
  -0.285100063986587E+01 -0.187155832825393E+01  0.415542183146684E+00
  -0.183276504941898E+01 -0.164274800116409E+01 -0.240799051255952E+01
   0.369727520246003E+00 -0.357518738230207E+01  0.774632530822500E+00
  -0.161038506168979E+01 -0.206033089488100E+01  0.626359915370338E+00
  -0.156778040638386E+01  0.329436955813421E+00  0.195638166385352E-01
   0.314535442306476E+01 -0.269363821603081E+01 -0.101149553981754E+01
  -0.182084599663842E+01  0.860886421119007E-01 -0.331539081634672E+01
  -0.353121911855562E+01 -0.306286179332233E+01 -0.281617483300718E+01
   0.144454393572668E+01 -0.329362853791715E+01  0.276778604654076E+01
   0.190573371557641E+00  0.307286877025783E+01  0.276073799882792E+01
   0.300323215022909E+01  0.318853844293521E+01  0.732971113647994E+00
   0.895078023515434E+00  0.204022158514885E+01 -0.103358657629829E+01
  -0.362010161527073E+00 -0.186808838811409E+01 -0.775709245280384E+00
  -0.202822642800591E+01 -0.335542009793715E+01  0.138129941765894E+01
  -0.218063295736267E+01  0.234034953880497E+01 -0.307689335650623E+01
  -0.199702982211011E+01 -0.185990985401271E+01 -0.346008226052399E+01
  -0.804665826185671E+00 -0.194150730570271E+01 -0.166244740306884E+01
  -0.100982210396036E+01 -0.353000729466749E+01  0.146564409918585E+01
  -0.907492872727832E+00  0.263752554329960E+01  0.346869622138210E+01
   0.105632083388090E+01  0.227433185412395E+01  0.154207214583670E+01
  -0.176281798619147E+01  0.195460185538799E+01  0.297480080701873E+01
  -0.136458561141232E+01 -0.135345534459047E+01 -0.521895163449897E+00
  -0.208600312059882E+01 -0.397533001664770E+00 -0.200985293748664E+01
  -0.250745097952032E+01  0.135413181975254E+01 -0.168042477482326E+01
   0.209612456986657E+01  0.250021329541760E+01  0.477626051539414E+00
  -0.294592831532225E+00 -0.284309875778054E+01 -0.126289589930740E+01
   0.111710357911743E+01 -0.264905213000361E+01  0.881897739544552E+00
  -0.785184389616180E+00  0.559895697652652E+00 -0.311352378041022E+01
   0.214630354248670E+01  0.409632623057075E+00 -0.217153600149429E+01
   0.263664998440367E+00 -0.218400878937833E+01 -0.329737504328561E+01
  -0.136138856662704E+01  0.148120146015349E+01  0.852964778325186E-01
   0.983148524090529E+00 -0.236323590835609E+01  0.297719048402638E+01
   0.301530300744612E+00 -0.285624124439509E+01 -0.237230907292918E+01
  -0.355524750917171E+01 -0.200760424624885E+01 -0.440668556865026E+00
   0.152644404816263E+01 -0.344769721927346E+01 -0.180499132280026E+01
   0.251453612271863E+01  0.304934802811209E+01 -0.791093328160835E+00
   0.192132834415754E+01 -0.181461963453576E+01 -0.148347457640940E+01
   0.240269969579523E+01  0.116378153094284E+01  0.797455369693221E+00
  -0.722328147948638E+00  0.228962297950698E+01  0.249559197744169E+01
   0.151493315621485E+01  0.233842223440009E+01 -0.189321139724739E+01
   0.118645257099062E+00  0.178476649557980E+01 -0.338155515019907E-01
   0.301819041307239E+00  0.805962754836834E+00  0.201163421933254E+01
   0.313415217761834E+01  0.221110126869932E+01  0.454303827275324E+00
   0.136170881118494E+01  0.263193997377786E+00 -0.312657073278325E+01
  -0.124215787963682E+01 -0.235155345889819E+01 -0.518896742775424E+00
  -0.171448489569856E+01 -0.242879139562679E+01 -0.146345791551099E+01
  -0.287537741618622E+01 -0.246924747445409E+01  0.281039711016856E+01
  -0.204989241327521E+01 -0.325872047181134E+01 -0.233982862657984E+01
   0.144437280752726E+01  0.520525470071079E+00  0.649063130973434E+00
  -0.444564721077907E+00 -0.263443997532395E+01 -0.161391655668871E+00
   0.595054659028730E+00 -0.227663575371496E+01 -0.497973876065495E+00
   0.292548602204471E+01 -0.300823527919307E+01  0.138822053038150E+01
   0.830400229389382E+00  0.139812938590441E+01  0.979194947830476E+00
   0.658555181597306E+00 -0.220975898414931E+01  0.173160012370249E+01
   0.351450965268977E+01  0.324571396371254E+01  0.156611198250922E+01
   0.807611922787297E+00 -0.243299419429216E+01 -0.160289030124434E+01
   0.130328119111828E+01  0.993196628568047E+00 -0.212375547186251E+01
  -0.139826421651310E+01  0.248295867723500E+01  0.157015273734038E+01
   0.854998423086944E-01  0.923005922141828E+00 -0.294281670301001E+01
  -0.214961950184422E+01  0.336442933745950E+01 -0.379521064821812E+00
  -0.199452097933005E+01  0.103028298504848E+01 -0.338363637424540E+01
  -0.933067328271469E-01 -0.295471177474591E+00 -0.140511950733005E+01
   0.823239698723410E+00 -0.258870473344732E+00 -0.113709462602278E+00
   0.999760939975893E-01  0.309355324472702E+01  0.181211038394741E+01
  -0.208247064921592E+00  0.132181190772907E+01 -0.101819251888959E+01
   0.167006261782282E+01  0.428907396742822E+00  0.284033867964268E+01
  -0.177855040466154E+01  0.346725481974750E+01  0.355436109944669E+01
  -0.201323526703249E+01 -0.126098278199896E+01 -0.125364948827102E+01
  -0.151987708248070E+01  0.110151710993392E+01 -0.131887433153339E+01
  -0.621281382206828E+00  0.142033353631864E+01  0.318328877316510E+01
  -0.117532428591927E+01  0.358272614224205E+00  0.940649226102093E+00
  -0.102859199849224E+01  0.261661849220896E+01  0.654520899304192E+00
   0.134910862425410E+01 -0.136666189534827E+01 -0.781355409133827E+00
   0.195619843163195E+01  0.105022002642278E+00 -0.108123590022833E+01
   0.540410902575001E-02  0.660404675695460E+00 -0.183842936210395E+01
  -0.124494277294484E+01  0.157479081170597E+01 -0.273937369326959E+01
  -0.326170829570021E+01 -0.351921973619638E+01 -0.617461539503173E+00
   0.130484863098836E+00 -0.113502770551051E+01 -0.178425596546876E+00
  -0.712297852904408E+00 -0.291580172236760E+00  0.327797634713651E+01
  -0.311708399729019E+01 -0.114975190700337E+01 -0.768324541668700E+00
   0.257960853718522E+01  0.951823303848530E+00 -0.140078845016130E+01
  -0.327538517710391E+01  0.181141566637378E+00  0.100088165745672E+01
  -0.303533524775401E+01 -0.992311488782708E+00 -0.301216734039831E+01
  -0.339533717025849E+01 -0.216725697588316E+01 -0.331048168520479E+01
  -0.234036306221253E+01  0.143752589885715E+01  0.178394841970591E+00
  -0.920902265857607E+00  0.238781191029943E+01 -0.711922600892605E+00
   0.931445530830465E+00  0.288280342565656E+01  0.354664030387268E+01
   0.378514076470361E+00 -0.119257254373659E+01  0.842639380817213E+00
   0.351723348164076E+01  0.105466422941037E+01 -0.107100534164231E+01
  -0.223306034984668E+01 -0.229071793106731E+01  0.144817392805526E+01
   0.171589697921970E+01  0.102936834193702E+01  0.159581673216562E+01
   0.196742607399857E+01  0.269010201042177E+01  0.243638461701944E+01
   0.303804846828220E+01 -0.327198396994866E-01  0.629321991483480E+00
  -0.266062220155499E+01  0.325892537795757E+01 -0.294823898064809E+01
  -0.733034542088326E+00  0.458586849472960E+00 -0.901818820244075E+00
   0.451576807985569E+00  0.762602113996373E-01  0.125080407853324E+01
   0.294069150209052E+01  0.123397731701748E+01  0.192451379404391E+01
   0.691218167809184E+00 -0.146251466580400E+01 -0.183050792399710E+01
  -0.283151230567265E+01  0.272019176858221E+01  0.149924433237308E+01
  -0.127036308909401E+01 -0.255302487794309E+01  0.143375105145256E+01
  -0.116692185669264E+01 -0.335680229491599E+01 -0.748311160887769E+00
  -0.202925019616342E+01 -0.217806915229428E+01  0.234994005078732E+01
  -0.912896159230337E+00 -0.115407079793081E+01 -0.220245540578522E+01
   0.319214586912040E+01  0.128349408730441E+01  0.294215787222244E+01
  -0.325197784077196E+01  0.643426381263058E+00  0.208721456807311E+01
   0.190766185838282E+01 -0.342026041208853E+01 -0.357116371745711E+01
  -0.641940090453207E+00  0.124646420482178E+01  0.117142156117341E+01
   0.289385498249271E+01  0.359110383659144E+01 -0.163826814858188E+01
   0.302391484552341E+00  0.924116555426532E+00  0.322449234132467E+01
  -0.170816201573316E+01  0.199900350498848E+01 -0.172955595809769E+01
   0.112734088657094E+01 -0.183667429854335E+01  0.136961332860194E+00
   0.183240173748826E+01 -0.259847365853336E+01 -0.972023722273399E+00
   0.838939670435812E-01  0.194404023696180E+01 -0.325362172556821E+01
   0.303071440127350E+01  0.317518488852855E+01  0.256357135226745E+01
  -0.305076357247342E+01 -0.253664841633150E+00 -0.109199728980960E+01
  -0.332247163990251E+01  0.115270848076677E+01 -0.522449665123520E-01
  -0.345252767018438E+01 -0.416493062404116E+00  0.173065255313087E+01
  -0.196806794921843E+01  0.283953268809634E+01 -0.211473528553831E+01
   0.289551641167597E+01 -0.776288811311791E+00 -0.334914925135566E+01
  -0.264028457459271E+01  0.111338448398908E+01 -0.266955776103372E+01
  -0.279322739857593E+01 -0.293941187261434E+01  0.780469963916187E+00
   0.263454854165763E+01  0.238367392153527E+01 -0.207299238196688E+01
   0.161627092742241E+01  0.276919863149228E+01 -0.395912534606269E+00
  -0.261348070878728E+01 -0.147988429976975E+01  0.287409737317152E+01
  -0.353717228737672E+01  0.313216962230229E+01 -0.343281660228425E+01
  -0.455921933250637E+00 -0.295998315009446E+01  0.895269679981612E+00
  -0.216540866825083E+01  0.188349309244805E+01  0.189578845371210E+01
   0.290894764466905E+01  0.180139813098718E+01 -0.512795818017367E+00
  -0.281443576464849E+00 -0.236261521344785E+00 -0.268153895073069E+01
  -0.449544759293898E-01  0.203348125178482E+01  0.992086502032022E+00
  -0.239332456562519E+01  0.163926809552515E+00  0.409270329705501E+00
  -0.298019341530175E+01  0.318535488221128E+01 -0.176580297604255E+01
   0.219104639409498E+01 -0.338253045517675E+01  0.476714426112591E+00
  -0.193333789147195E+01  0.986424785010035E+00  0.133099479227624E+01
   0.276802485475303E+00  0.192730275596592E+01  0.206214283142127E+01
  -0.159816989703495E+01 -0.450137626816618E+00 -0.700337524087557E+00
  -0.147796788928359E+00  0.976904390911407E+00  0.431236459306051E+00
   0.269872597129165E+01 -0.109003162292094E+00  0.211762938793938E+01
  -0.232318080566294E+01  0.250694693111020E-01  0.197472286872304E+01
  -0.126439054360375E+01 -0.270345303852836E+01  0.303542305409248E+01
   0.611233163310424E+00  0.201039680119212E+01  0.301366951072927E+01
  -0.790515586323340E+00 -0.196505620237339E+01 -0.313734320674638E+01
  -0.382303354259698E+00 -0.306619029066194E+01  0.331615515494057E+01
   0.730397046892055E+00  0.306763996603976E+01 -0.998931681638812E+00
   0.944793323810672E+00 -0.117619213936941E+01  0.159661556391399E+01
   0.204854647888676E+01 -0.733134847367702E+00 -0.642396882038226E+00
  -0.346666621268468E+01 -0.273403653065252E+01 -0.189433352589437E+01
  -0.194202815212426E+01 -0.321880836512296E+01  0.268910225441607E+01
   0.766739802288449E+00 -0.509477125278525E+00  0.236104629410661E+01
  -0.165299542066307E+01 -0.269824607760819E+01 -0.301238264932262E+01
  -0.128852970299299E+01  0.350868509590577E+01  0.386588461397323E+00
   0.214683964288700E+01 -0.215718971732030E+01  0.187512540650588E+01
   0.343614418047772E+01  0.283270835414473E+01 -0.239795225793173E+01
  -0.179500651710018E-01  0.307867332778666E+01 -0.303896559589726E+01
   0.312241140282507E+01 -0.296674136764688E+01  0.112065337311213E+00
  -0.284427804645556E+01 -0.224850118635095E+01 -0.101385278523766E+01
  -0.296757839008902E+01 -0.199704771376168E+01 -0.239652350464201E+01
   0.106353989542263E+01  0.133523956785473E+01 -0.314987196749450E+01
   0.595733193882036E+00  0.801262000045158E+00 -0.592176141058380E+00
  -0.150232283181044E+01 -0.726482249271112E+00  0.470505445945775E+00
   0.218877830295233E+01  0.215145036433819E+01  0.153397440842173E+01
  -0.322896348531725E+01  0.224676453619023E+01  0.231738452574974E+01
   0.127761791595523E+01 -0.315924448196116E+01 -0.269017351128158E+01
   0.264558601673357E+01 -0.190358172739776E+01  0.333299544635996E+01
  -0.247322373432304E+01 -0.322448850571833E+01 -0.122102393080575E+01
   0.174875431884635E+01  0.219717287879601E+01  0.354328807498396E+01
  -0.441622900396170E+00 -0.177577296350724E+01  0.220295558355955E+00
   0.226388287427126E+01 -0.283164447496497E+01 -0.240160494575449E+01
   0.234003009887127E+01  0.330770500540762E+01  0.161593327551826E+01
   0.198845031321239E+01 -0.107079899469292E+01  0.139513564307275E+01
  -0.173063546946121E+01  0.673072809946185E+00 -0.222813475808143E+01
  -0.348609087300447E+01  0.153644574327978E+01 -0.202280917802945E+01
  -0.356676890953672E+01 -0.135953410472606E+01  0.200790780963221E+01
  -0.951466499791537E+00  0.341262027786870E+01 -0.261010157067125E+01
  -0.627644168851152E+00  0.209244074754566E+00  0.207662717623771E+01
  -0.201836995661636E+01  0.231430268564179E+01 -0.798592258766532E+00
  -0.105748651210222E+01  0.336713233011614E+01  0.269807773608638E+01
  -0.548918303573657E-01 -0.306541125054306E+01  0.202231325274857E+01
  -0.240189907515739E+01 -0.768385682850996E+00 -0.145308020105749E+00
   0.314788612256120E+01 -0.184322396053688E+01 -0.227079277926417E+01
   0.302080968169656E+01 -0.109029148282454E+01 -0.145966708807469E+01
  -0.305715516341150E+01 -0.828667549049743E-01 -0.336130099453129E+01
   0.123931021884702E+01 -0.333252932471901E+01 -0.703791784293287E-01
  -0.105003497824289E+01 -0.400354888433477E-01 -0.163455811248317E+01
  -0.522915325167254E+00  0.235404630946359E+01 -0.242784911301378E+01
  -0.253458833469820E+01 -0.268348103134820E+01 -0.212555831741564E+00
  -0.297151230693770E+01  0.326987620077759E+01  0.602685718045100E+00
  -0.334323357556981E+01 -0.114261469437381E+00  0.278023145944079E+01
   0.317531999558923E+00  0.284468501039159E+01  0.337580510612054E-01
   0.255987865175674E+01 -0.164497530115014E+01  0.753190585563489E+00
  -0.252378541416707E+01  0.271068216613917E+01  0.319550546730785E+01
   0.320438637508075E+01  0.145254428124916E+01 -0.301012514817716E+01
  -0.254481256812929E+01  0.326434718428780E+01  0.227570568264854E+01
  -0.121461971605146E+01  0.115903947928731E+01  0.217991192330084E+01
  -0.268861726820486E+01 -0.292866840622630E+01 -0.343387908088162E+01
  -0.306680049972866E+01 -0.103852162900184E+01 -0.179433231588393E+01
  -0.347985350919094E+01 -0.108017499091017E+01  0.302987324492938E+01
   0.345635938825402E+01 -0.210935802075393E+01  0.954334223133111E+00
   0.521296233572908E+00 -0.320502013083214E+01 -0.328196525278496E+01
   0.259513503578075E+01 -0.170072402335825E+01 -0.717533526122868E+00
   0.265104220069176E+01 -0.886308006214638E+00  0.271643170851189E+01
  -0.296915453322777E+01  0.219408455671388E+01 -0.131445515849877E+01
   0.352637483662482E+01  0.286613695224295E+01 -0.117139664144939E+01
  -0.339184233184425E+01 -0.891932255936494E+00  0.557538648241177E+00
  -0.312751661409638E+01 -0.178091675221509E+00 -0.519299439647268E-01
  -0.220933240979746E+01  0.251041483667451E+01  0.483831368322142E+00
   0.300620926445531E+01  0.226889757563767E+01  0.315890871439093E+01
   0.310662607542880E+01 -0.295598445595288E+01  0.345025279224050E+01
   0.228702934343835E+01  0.119741304520663E+01 -0.319870015668017E+01
   0.106125621350723E+01  0.225658059250328E+01  0.426759546600694E+00
  -0.273469188414147E+01  0.228611937602270E+01 -0.220721733200260E+01
   0.173135679747588E+01 -0.238581143471700E+01 -0.328685191299126E+01
   0.285430742951173E+00 -0.330229482311334E+01 -0.551790597246119E+00
  -0.514633200059006E+00 -0.144618374675333E+01  0.299740025563398E+01
   0.252532759404100E+00 -0.130222060589248E-01  0.345900638292588E+01
   0.287523248121514E+01  0.697155888006333E+00 -0.294535866363513E+00
  -0.291081218925031E+01  0.163367384277457E+01  0.315063544895258E+01
  -0.171136785206085E+01 -0.109712729642588E+01  0.282734525354409E+01
  -0.136054653480234E+01 -0.105777238890928E+01 -0.310353167689929E+01
   0.325591460346181E+01  0.209133214166102E+01  0.144496981670962E+01
   0.311442388621626E+01 -0.943685975663329E+00 -0.265582581258761E+00
   0.172867271555112E+01 -0.846707302371956E+00  0.373836834539338E+00
  -0.229124781499749E+01  0.379023771461861E+00 -0.815562452405566E+00
   0.200550156666268E+01 -0.236307836053079E+01 -0.294884268743579E-01
   0.191458905040695E+01  0.134868782576641E+01  0.299271895925505E+01
   0.757571551912468E+00 -0.685216598401047E+00 -0.269832514835482E+01
  -0.835981727323437E+00 -0.270975553277453E+01 -0.235098180269913E+01
   0.304882619312061E+01  0.142349048479294E+00  0.325401551553086E+01
%  0.176230408538940E+00  0.248104656967470E+01  0.262123738981479E+01
% -0.276179373707672E+01 -0.188255221345726E+01 -0.133729350111589E+01
%  0.222774218980123E+01 -0.236104165204876E+01  0.242252584844156E-01
% -0.444666182888466E+00  0.163332379114672E+01  0.866885093927937E+00
%  0.139706104707668E+01 -0.890920529618261E+00  0.216289067268956E+00
%  0.162325676279495E+01 -0.261225877916465E+01  0.252727201573654E+00
% -0.954298710735483E+00 -0.306236906913436E+00  0.736720610365765E+00
%  0.261838303122428E+00 -0.117573689019104E+01  0.171680788798390E+00
%  0.203916717224430E+01 -0.116137549509504E+01  0.245820549939675E+00
% -0.204954481973659E+01 -0.415095778686181E-01  0.966838779118939E+00
%  0.791440557934369E+00  0.557226549777900E+00 -0.166088325420288E+01
% -0.321445185642869E+01 -0.137294608475223E+01 -0.382227241680430E+00
%  0.554054274789135E+00 -0.266562691428009E+01  0.164825707558725E+01
%  0.743070415431923E-01 -0.219891910176747E+01 -0.806848203898544E+00
%  0.312072238353143E+00  0.116450993156043E+01  0.398786689978459E+01
% -0.117385904747945E+01  0.463158883952961E+00 -0.925705376159511E+00
% -0.145417107123222E+01 -0.162121075326117E+01 -0.158666249732156E+01
% -0.187983692956113E+01 -0.905262449676076E-01 -0.286085494649051E+01
%  0.137691881595285E+01  0.103143376022294E+01  0.907665290223797E+00
%  0.205522062100155E+01  0.210905191486207E+00  0.697122983843320E+00
% -0.339260299193818E+01  0.154976990964054E+01  0.443563305192380E+00
%  0.110509161572157E+01 -0.185062002178752E+01 -0.293335229902642E+01
% -0.824656454305006E+00 -0.270699369953793E+01  0.832218730843660E+00
%  0.269039651553966E+01  0.944866656357825E+00  0.291543612141407E+01
% -0.137529998896893E+01  0.616118934044118E+00  0.217326547625613E+01
% -0.692622332657437E+00  0.258466792163889E+01  0.147913853006634E+01
% -0.105048810325773E+01 -0.315849841869477E+00  0.199773091775998E+00
% -0.393051295306646E+01  0.124517761788594E+01 -0.269689214656104E+01
% -0.117410379254266E+00 -0.950242401015297E+00  0.236179064304514E+01
%  0.165756282989853E+01 -0.267815943526410E+00 -0.725410671722327E+00
% -0.400035147991295E+01 -0.125087010756300E+01 -0.875198456618758E+00
%  0.256629285057521E+01  0.275113692153239E+00 -0.130054549248124E+01
% -0.124097213455136E+01 -0.460780179586843E+00  0.148458330566728E+01
%  0.531830355094321E+00  0.556531192489711E+00  0.120031233108214E+01
% -0.734597666211696E+00  0.109856045415242E+00  0.724223495309101E+00
% -0.673203125233171E-01  0.342813554531745E+01 -0.135837950600400E+01
%  0.138766619293271E+01 -0.879197795490542E+00 -0.304153049019569E+00
% -0.534916732439145E+00  0.902642847761799E+00 -0.119576101188992E+01
% -0.437017211837064E+01  0.680785653420580E+00 -0.482113885766559E-01
% -0.375650739869359E+01  0.236154474365714E+00 -0.265262641858283E+01
%  0.593910576166492E+00  0.161297819900311E+01  0.153124185184137E+01
%  0.251979022095683E+01  0.655236447772954E+00  0.126152371418703E+01
% -0.222484296735638E+01 -0.310193066064947E+00 -0.214847544164419E+01
%  0.149883839712084E+00  0.118554110802209E+01 -0.200780140641740E+01
%  0.676066216637206E+00 -0.122222494809852E+00  0.148516714966040E+01
% -0.883401820284638E+00 -0.255731712525897E+01  0.127302142572600E+01
% -0.193166285615865E+00  0.157779522394318E+01 -0.231849036194405E+01
%  0.194373187611393E+01  0.122545985348441E+01  0.275893071383931E-01
%  0.492419242997654E+00  0.104103669727498E+01  0.513255046346005E+00
%  0.137550632362507E+01 -0.159744021579778E+01  0.248728559528058E+00
%  0.196553523282307E+01 -0.988857386927114E-02  0.753248032746525E+00
%  0.149394978630828E+01 -0.927050162867327E+00  0.128122581176076E+01
%  0.286774255254923E+01  0.125822914434849E+01 -0.135292773164436E+01
% -0.636411720802331E+00  0.120618086634793E+01  0.838649713209637E+00
% -0.205476477026462E+00  0.806891076257332E+00  0.722096498557277E+00
% -0.790545269079026E+00 -0.210494520141445E+00  0.661770014314486E+00
%  0.119224421828063E+01 -0.403437466287326E+00 -0.108532447826269E+01
% -0.109225545626123E+01 -0.133389456117283E+01  0.863063508654240E-01
% -0.437194292371001E+00  0.157368043474663E-01 -0.171668444973480E+01
%  0.172953025733756E+01  0.347073576294958E+00 -0.177273103443990E+01
% -0.485359129883549E+00  0.148432419905793E+01 -0.241253757172189E+01
%  0.363014637804644E+00 -0.221174355765226E+01 -0.924352803256752E+00
% -0.198384399882112E+01  0.668993329782846E+00  0.118638499740758E+00
%  0.108441914498826E+01  0.104063923295003E+01  0.329252731639867E+00
% -0.588904289044148E+00 -0.179071187746412E+01 -0.365067264186592E+00
%  0.117780912014251E+00  0.135176251154130E+01 -0.104931228906721E+01
% -0.120463207695160E+01 -0.901988273224417E+00 -0.955520787750937E+00
%  0.977103016003080E+00 -0.406730719096957E+01  0.922354882740944E+00
% -0.614603297517488E+00 -0.811233644194016E-01 -0.106422207687765E+01
% -0.844501237556439E+00  0.362154597043864E-01 -0.105885733065739E+01
% -0.164159376355639E+01 -0.136031167365218E+01 -0.324806476295643E+01
%  0.190206234763845E+00  0.132434961709978E+01  0.110400649504412E+01
% -0.768199724519603E-01 -0.623879401853026E+00  0.227152584882115E+00
%  0.171204655028791E+01 -0.239541807604085E+01  0.217186846905599E+00
% -0.338203857038157E+00 -0.602371296920701E+00 -0.113146530497166E+01
% -0.240542127342728E+01  0.128795054052233E+01  0.671686409859756E+00
%  0.715210582791255E-01  0.190639915803956E+01 -0.132126861787803E+01
%  0.673508166715821E+00 -0.343442395301578E+00 -0.361052647369291E-01
%  0.142615819646869E+00 -0.216794949927495E+00 -0.576108378420135E-01
% -0.408917192028888E+00 -0.294204361265272E+01 -0.152652239267937E+01
%  0.505485228710929E+00 -0.252268888448653E+01 -0.341796813392338E+01
% -0.192974443973821E+00  0.143103603257013E+01 -0.881178253654957E+00
% -0.291533414126680E+00  0.277789397685946E+01  0.540163738382064E+00
%  0.236750698853614E+00  0.224609330973518E+01 -0.129616466456712E+01
% -0.756394980538869E+00 -0.539660196019456E+00 -0.189994807961140E+01
%  0.114869810530918E+01  0.314551534366387E+01 -0.829479390944631E+00
% -0.547726163821205E-01 -0.199568971970713E+01  0.214965913167589E+01
% -0.372364905540285E+00 -0.204400986737584E+01  0.175140114124457E+01
%  0.907559454507314E+00 -0.468545591283546E+00  0.182259222698452E+01
% -0.202513988750405E+01  0.130671051389349E+01  0.842401970289736E+00
%  0.108547847904428E+01  0.149718726341035E+01 -0.111710509052752E+00
%  0.126429084041779E+00 -0.311691101793947E+01  0.179673428395688E+01
%  0.444968652064739E+00 -0.248482730359525E+00 -0.934537975061049E+00
% -0.122527567824733E+01  0.768663037285257E+00 -0.136511276935058E+01
%  0.440925264971382E+00  0.332779366611234E+00 -0.257663525888719E+00
%  0.266818894648211E+01  0.140794671332611E+01  0.158734056258829E+01
% -0.210794752148173E+01 -0.367903716608256E-01 -0.348601792306637E-01
%  0.103882247845043E+01  0.491718169276087E+01  0.217010550804411E+01
%  0.948856141074019E+00 -0.105720617640124E+01 -0.347264118851494E+00
%  0.229929761214794E+01 -0.970804866386468E-01  0.171652390839014E+01
%  0.621591336848195E+00  0.194300681444328E+01 -0.229703444251674E+01
% -0.134040965197960E+01  0.150000413297864E+01  0.111635986573590E+01
% -0.684529186209945E+00 -0.824299000548278E+00  0.221275354449022E+01
%  0.255142689235020E-01  0.123676304666355E+01 -0.169515490640012E+01
%  0.619925876969769E+00 -0.258976904726945E+01  0.337906080288034E+01
% -0.170518785189488E+01  0.106985508317519E+01 -0.335196444771914E+00
%  0.160399187405403E+01 -0.134079108229277E+01 -0.268021771966083E+00
%  0.112530003236362E+01 -0.167156047071947E+01  0.156743270875096E+01
% -0.175841440188262E+01 -0.620726321226809E+00 -0.301512590530090E+01
%  0.493204897282220E-01  0.846358811832872E+00  0.268344134702172E+01
% -0.637615276432209E-01  0.133727705697319E+01 -0.101220244457981E+01
% -0.120164675010409E+00  0.177066916266498E+01 -0.141345556169508E+00
%  0.158953251299629E+01  0.670445644156936E+00  0.130594579077536E+01
%  0.141715759224116E+01  0.521336481575757E+00  0.305649236123371E+01
% -0.534128464794848E-01  0.452998810609904E+00  0.724587624372156E+00
%  0.148830599640143E+01 -0.112759683953237E+01 -0.422555025185837E+00
%  0.192549834641064E+01 -0.942353159030383E+00  0.107549864006650E+01
%  0.957357586794799E+00 -0.149130163400300E+01  0.524817346714275E+00
%  0.718737581969876E+00 -0.336023823861514E+00 -0.840472151405659E+00
% -0.423843891626789E+00 -0.197430805692290E+01  0.257610262317159E+01
%  0.170828851343868E+01  0.115851678868265E+01  0.776320720287060E+00
%  0.326810907181215E+00  0.957700472160920E+00  0.821470733497331E-01
%  0.180181343820993E+01  0.707964899332612E+00  0.105387968205858E+01
%  0.528695267352492E-01  0.290958185111655E+00  0.134292301687203E+01
%  0.160035937147167E+01 -0.231087205124723E+01 -0.134349006125745E+01
%  0.278261941119717E+00 -0.369005952443503E+01 -0.885990618290798E+00
%  0.201389569349260E+00 -0.183499062919697E+01  0.971493733110584E+00
% -0.369468755663385E+00  0.825379444233185E+00 -0.313117829471642E+00
%  0.949093182440911E+00 -0.332102313749980E+00 -0.195850443014998E+01
%  0.112713111005207E+01  0.978418974993521E+00 -0.181485756114071E+01
%  0.500900876485551E+00  0.492354296719226E-02  0.122133312182245E+01
%  0.298239883590812E+00  0.380445139075078E+00  0.147720085223117E+00
% -0.171051643427450E+01 -0.193283372298920E+01  0.694178107103024E-01
%  0.154232265828982E+01  0.847161576309403E+00  0.793303455473813E-02
% -0.166367577180700E+01  0.162554432085748E+00 -0.910917724024695E-01
% -0.369872626111495E+00  0.509489317858143E+01  0.114830388204463E+01
% -0.183657763996772E+01 -0.484296785894966E+00  0.150495102895512E+01
% -0.528962357576523E-01 -0.238507354522619E+01  0.185439813656496E+01
%  0.557565515931273E+00 -0.190016482028069E+00 -0.371061096925971E+01
%  0.234068582988073E+01  0.113195725553808E+01  0.159700890297154E+01
% -0.746528775006676E+00  0.207370542962662E+00 -0.434315430788865E+00
%  0.816605280108517E+00 -0.290928894601263E+00  0.466984896600600E+00
%  0.170861615051607E+01 -0.173889278195493E+01 -0.183783632014396E+01
%  0.177546681368691E+01 -0.373889926540181E+00  0.250006123348494E+00
%  0.307641699648684E+01  0.723343077739644E+00  0.544093670902074E+01
% -0.114959041394055E+01 -0.335829846863775E+00  0.314202881448102E+01
%  0.753154546730754E+00 -0.137436883103988E+01 -0.818829025687097E+00
%  0.883415269445707E+00  0.245474138005304E+01  0.600237669602996E+00
%  0.199443202245430E+01  0.126583659290095E+01  0.901665280132271E+00
% -0.802082130164339E+00  0.194328236994119E+01  0.800366395599539E+00
% -0.115422400462311E+01  0.249810338164380E+01 -0.109439755942339E+01
% -0.248744607243772E+01 -0.219915821007533E+01 -0.195705739609374E+01
%  0.144092329958070E+01  0.220051308335699E+00  0.110546294504821E+01
% -0.272040288531847E+00 -0.231508131793406E+00 -0.470374737662833E+00
% -0.342036528249624E+01 -0.448903643880860E+01  0.923459009595326E+00
%  0.325601652646172E+01 -0.809936730470852E+00  0.123099997252194E+01
%  0.134423080031746E+01 -0.101430207224350E+01  0.352617600730885E+01
%  0.906575376936249E+00 -0.721152526186493E+00 -0.115747912304459E+01
% -0.610044256648221E-01 -0.721263468278858E+00 -0.173082040714832E+01
%  0.123052510757095E+01  0.623872166060487E+00 -0.212628950421386E+01
% -0.239616589089197E+00  0.107846370072354E+01 -0.143522268836296E+01
%  0.226269728001236E+01  0.133008848287878E+01  0.340253554429457E+01
% -0.988860298538423E+00 -0.110716676817509E+01  0.149637759095402E+01
%  0.228712263161634E+01 -0.256420583858792E+01 -0.431348865875559E+01
% -0.147183147651077E+01 -0.864861522705801E+00 -0.107469807785757E+01
% -0.428879382756279E+01  0.498028591167566E+00  0.110708707914425E+01
% -0.297928825031099E+00 -0.333899255742178E+01 -0.325849988844907E+01
% -0.356588861319827E+00  0.228320278339547E+01 -0.207781114868397E+01
% -0.240426880193472E+01 -0.161127959857025E+01 -0.711039267169772E+00
% -0.102589423004880E+01 -0.939023660802785E+00 -0.917841381513323E+00
% -0.236224481956776E+00  0.991135722707744E+00  0.114258560571604E+01
%  0.175144378506779E+00  0.133582430634745E+01  0.853471465393651E-01
% -0.224746678230505E+01  0.165490048960673E+01 -0.162779670031192E+01
%  0.115443763821329E+01 -0.126288183618127E+01 -0.602051650213989E+00
% -0.814224486100603E+00  0.269893634191067E+01 -0.139413883786403E+01
%  0.331627769213495E+01  0.723924229758475E-02 -0.320874968926514E+00
% -0.323805906878808E+01 -0.424432126526708E-01 -0.181469768497467E+01
% -0.184587869699258E+01  0.309435617751154E+01  0.615562045643056E+00
% -0.864872265404989E+00 -0.132886626023340E+01 -0.392390556003574E+00
% -0.902759865861326E+00 -0.213592436292846E+01 -0.390599670872575E+00
%  0.153382273848201E+01 -0.145103344932188E+01 -0.181856659224052E+01
% -0.117744294813716E+01 -0.111646118043453E+01 -0.127705959899793E+01
% -0.596638729459711E-01  0.240227186697415E+01 -0.108810548538483E+00
% -0.123121788301578E+01 -0.339836352393752E+01  0.124452953190208E+00
% -0.437037199837253E+00  0.597238610003884E+00 -0.112754762895977E+01
% -0.447878129531930E+01  0.794585235291568E+00  0.146140815375201E+00
%  0.997628625529922E+00 -0.270196824434340E+00 -0.908643256085639E+00
%  0.129269823276760E+01 -0.491283968508563E+00  0.105767738352578E+01
% -0.670231896655597E+00  0.570025757216899E+00 -0.306410169929775E+01
% -0.132914290334393E+00  0.995804171260531E+00 -0.121440554780103E-01
% -0.881289225113485E-02  0.134601784350742E+01 -0.260175617525926E+01
% -0.324050009883966E+01 -0.616901415255459E+00  0.197161013429483E+01
%  0.992983715093357E+00 -0.410968406028762E+00 -0.109900588818508E+01
% -0.386651212662201E+00  0.182407484413308E+01  0.307756803237356E+01
% -0.844820936228446E+00  0.914416278503573E-01 -0.101885739324108E+00
% -0.126527438587104E+01  0.111671537282853E+01  0.194593412638024E+01
%  0.117329759863415E+01 -0.114473353258102E+00 -0.122931633358356E+01
%  0.344300840046971E+00  0.465605996148947E+00  0.179884530642010E+01
% -0.509654589819287E+00  0.406480082340983E-01 -0.241344924320995E+00
%  0.711735521517180E-01  0.125945709350623E+01  0.105714730381166E+01
% -0.745555568274065E+00  0.137928507010685E+01 -0.256922928981062E+01
%  0.179352617577894E+00  0.940887579295796E-01  0.410855971420170E+00
%  0.207125331893943E+01  0.478514835964498E+00 -0.110754299015520E+01
%  0.194919764020026E+01  0.120713880074506E+01  0.147470993256265E+01
% -0.104600883408841E+01 -0.777906515768981E+00  0.107787488701073E+01
% -0.766812138609366E+00  0.142276194644957E+01  0.233134162259039E+01
%  0.432858852429558E+00 -0.169678983421795E+01 -0.152454552561868E+00
% -0.378650737652522E+00  0.214016054369979E+01 -0.239903781528595E+01
% -0.276161921556853E+01  0.388943070659827E+00  0.957359672355604E+00
% -0.299505015245988E+01  0.181290836974261E+01 -0.699630577593309E+00
% -0.424819073860677E+00 -0.256911687293797E+01  0.172465265197647E+01
% -0.150213052377557E+01 -0.136347233824141E+01 -0.601406168612086E+00
% -0.145160111682604E+01  0.326530560947397E+01  0.257691244466518E+00
% -0.952542978692752E+00 -0.438518025107369E+00  0.105769897272721E+01
%  0.152266581390498E+01 -0.767669795049878E-01  0.162617920283854E+00
%  0.223654506904524E+01 -0.875217181217794E+00 -0.109651852911891E+01
%  0.259636441301059E+01  0.925643146141054E+00 -0.201973364472875E+01
%  0.705273731088466E+00 -0.854960511063344E+00 -0.846876939323708E+00
%  0.616478132740181E+00 -0.130077172970767E+00  0.248086370956812E+01
%  0.724343679953425E+00 -0.485016713250124E+00  0.146992003203770E+01
%  0.125786566005636E+01 -0.206658360865420E+01  0.187441359790200E+01
% -0.101867064654259E+01 -0.468157040271636E+00 -0.163646096785336E+01
% -0.149639455483321E+01  0.615899932826919E+00 -0.227506078399365E+01
% -0.202459956028734E-01 -0.126283599020507E+01 -0.191293187214323E+00
% -0.110225365058352E+01  0.331598892823279E+01  0.197452526679116E+01
%  0.567202126796479E+00  0.472251698186369E+00  0.243221454775730E+01
% -0.199594606364986E+01  0.324109336503790E+00 -0.611022906315734E+00
%  0.191142663343259E+01 -0.144148758364840E+01  0.269666405636525E+01
%  0.120425680060463E+01  0.138619269242149E+01  0.224212064254826E-01
%  0.711284000444550E+00 -0.169961565315766E+01 -0.931317237307892E+00
%  0.326858908448665E+01  0.907593698924652E+00 -0.630059488927830E+00
%  0.835170780529225E+00  0.495511045613951E+00 -0.144250416218513E+00
%  0.203205019848688E+00  0.209912337055495E+01 -0.285143854855889E+01
% -0.112469157024468E+01 -0.612845015701650E+00  0.235395494553740E+01
%  0.287349476785347E+01  0.112180696725101E+01 -0.479301460820671E+01
%  0.599985208641887E-01 -0.175064690177087E+01  0.601499098909368E-01
%  0.245297530263252E+01  0.246628455193828E+01 -0.238084824200428E+01
% -0.188878841015898E+01  0.362494943560351E+00  0.192322420786573E+01
%  0.163911154182073E+01 -0.220366692340793E+01  0.363987721330010E+01
% -0.409172954110613E-01  0.178404017955681E+01 -0.944202930693670E+00
%  0.114136320903805E+01  0.383700431500094E+00  0.944723613786601E+00
% -0.158313399829189E+01 -0.169244837727153E+01  0.753989559068424E+00
% -0.130463984329349E+01 -0.162781085493144E+01  0.117796610068525E+01
% -0.182965678197515E+01  0.233354205204224E+01  0.211457966833986E+01
% -0.479720960742390E+00 -0.502100792947170E+00 -0.130881001025577E+01
% -0.470365036136477E+00  0.458824630672195E+00  0.427346003170089E+00
%  0.155980814136743E+01  0.151191699941491E+00  0.426542281610055E+00
%  0.571277620708239E-01  0.304621777148056E+00 -0.316374371404041E+00
% -0.290740686748325E+00  0.398421848191528E+00  0.169721822982547E+00
% -0.186650040611026E+01 -0.159733885568114E+01 -0.284313144685748E+01
% -0.189138314280177E+01  0.114631348005506E+01 -0.268585120144883E+01
%  0.213229483996104E+01  0.162035582329167E+01 -0.620100139363133E+00
%  0.277139266545153E+01  0.950932539339221E+00  0.448916140166814E+00
% -0.165343572659705E+01 -0.258538083516083E+00  0.394551888357283E+01
% -0.132253690566474E+01 -0.186889924973795E+01 -0.150269375731088E+01
%  0.151168330779282E+01 -0.108667206653692E+01  0.413581201479657E+00
%  0.302390845088246E+02 -0.773411009614670E+01 -0.947124662850952E+01
%  0.473546165823150E+01 -0.777112464478856E+01  0.733900388089574E+00
% -0.458800842946125E+01 -0.992577701430307E+01 -0.106886002865550E+02
% -0.590636673742061E+02  0.121485541800586E+02  0.852659936245968E+01
%  0.603715131948386E+02 -0.152537999030481E+02 -0.317437053448545E+01
%  0.605734986064196E+01  0.925478581729510E+01  0.155128082855498E+01
% -0.168626650423439E+01  0.286621296220320E+01  0.240304292188963E+01
%  0.164643230993468E+00 -0.113299055592479E+02  0.108729246691961E+02
% -0.375097932013647E+01 -0.203189423304417E+02  0.328218793696095E+02
% -0.305640014717746E+02 -0.868249892609393E+02  0.145854880095042E+01
% -0.721539541055330E+02  0.184496234310795E+01 -0.124250106947918E+03
%  0.268754030538510E+01 -0.335882199459076E+01 -0.705449638211836E+01
%  0.404896556694627E+01 -0.156456043270304E+02  0.110286647980125E+02
%  0.565213514044783E+01 -0.156124020249047E+02  0.398004534454421E+01
%  0.624564498936550E+02  0.404123238052290E+01 -0.354725942614858E+02
% -0.308917512689692E+02  0.826400670554848E+01 -0.187743662421275E+02
%  0.179274046789010E+02  0.180114601264159E+01 -0.303343590192517E+02
%  0.280473596977535E+01  0.101104578838324E+02  0.166262644230722E+02
% -0.184672283282483E+02  0.229492675334512E+02 -0.231501672744641E+02
% -0.311001952115896E+02 -0.243480607552525E+02  0.183616921752961E+02
%  0.335034535073641E+02  0.596136269488421E+01 -0.172697866845482E+02
%  0.603617950699891E+01 -0.284560072050101E+01  0.147798460430660E+02
%  0.147804433965245E+01  0.463855535510965E+01  0.114146055385799E+02
% -0.404534779476704E+02 -0.177792809950944E+02 -0.257728094150378E+02
% -0.885343318649081E+01 -0.158574994641509E+02 -0.107844187083426E+02
% -0.785472918848177E+01  0.318949093295779E+02  0.320673077902991E+01
%  0.307864421418311E+01  0.128346451461643E+02  0.196839402362856E+02
% -0.341106035131209E+01  0.372005910142996E+02  0.499251819265938E+01
%  0.133865744253883E+02  0.828549001597145E+01 -0.489011105325913E+01
% -0.118198288123463E+02 -0.138310975573126E+02  0.153769241481168E+02
%  0.116761214776270E+02  0.183323268049540E+01  0.648887233790128E+01
% -0.734216522835396E+01 -0.252158479808750E+01 -0.464650061254712E+02
%  0.699832572712844E+02  0.208597335089502E+02 -0.537352086578458E+02
% -0.165410531088708E+02 -0.134808950738312E+02 -0.102040404503539E+01
%  0.854870485013854E+02 -0.497071455336665E+02  0.129853978622696E+03
% -0.181059323614159E+01 -0.269198800707567E+02 -0.719484492335939E+01
% -0.300073946444137E+02 -0.326252540204484E+00 -0.525259373352132E+02
% -0.359130221629632E+00 -0.121765392587131E+01  0.563500085802471E+02
% -0.747642934404901E+01  0.393330028278615E+01 -0.236884462860883E+02
%  0.167733831233844E+00 -0.105222737381356E+01  0.658375083554449E+01
%  0.226210694260154E+02  0.217971093912230E+02 -0.224657888102245E+02
% -0.735401760654821E+01 -0.833423052825401E+01  0.325938959515633E+01
%  0.200185372558577E+02 -0.187490835030398E+02  0.140106073426214E+01
% -0.869728661158669E+01  0.906164698179792E+01 -0.138097545684443E+02
% -0.189027507639531E+01 -0.262191422961844E+02  0.117935999005144E+02
% -0.152796049746496E+01 -0.450117620386886E+02  0.263835893728196E+02
%  0.485203364988705E-01 -0.162562462532352E+01  0.153491884942807E+02
%  0.178845935008048E+02  0.218353721669615E+02 -0.166496635961802E+02
%  0.437490474285352E+01 -0.323717982422028E+01  0.857248628698808E+00
% -0.124800143261745E+02 -0.710798085288049E+02  0.808318675880019E+02
%  0.158535114499030E+02 -0.134310846954376E+02  0.936982257744625E+01
%  0.219289834304595E+01 -0.222751690194636E+02  0.130041101728275E+02
%  0.992398498274490E+01  0.168646284125906E+01  0.119831518623275E+02
% -0.664999404993389E+01  0.634222672866727E+01 -0.124020720939306E+02
%  0.138309995036366E+01  0.517426872253685E+01 -0.239402629278194E+02
% -0.545988869472024E+02 -0.830440480899144E+01 -0.170316679951551E+02
%  0.677329418409283E+00 -0.144584610225414E+02 -0.295030404925870E+01
%  0.395380435394083E+00  0.421946954116268E+01 -0.976613062133692E+00
%  0.347380364583963E+02  0.170731850189018E+01 -0.223140419296518E+01
% -0.430975515930808E+01  0.357959511390054E+01  0.197124934132608E+01
% -0.218137291256317E+02 -0.936063204820138E-01  0.110356253888717E+02
% -0.428163582816803E+02  0.170466377219462E+02  0.618912067273928E+02
%  0.116076073950086E+02 -0.142628686449625E+02  0.448715634917713E+02
%  0.114242641637506E+02  0.238122059593742E+01 -0.346913632739994E+00
%  0.773480410098692E+01  0.498498995729197E+02 -0.642171866027566E+02
%  0.660772986314009E+01  0.330537438820031E+01 -0.410510823291676E+01
%  0.249234767814415E+01 -0.196592384480923E+01 -0.992116061023323E+01
%  0.625465916493201E+00  0.285167165157074E+01 -0.196857764015312E+01
%  0.127268409500119E+02  0.302290274965883E+02 -0.283506094830088E+02
%  0.195113108331019E+01  0.776671552018453E+01  0.437322613942699E+01
% -0.973794473327193E+01 -0.114708484571465E+02 -0.149571097361390E+02
% -0.678380639310750E+02  0.103887110810703E+02  0.441470603437702E+01
% -0.922749505024173E+02  0.180232333072688E+02 -0.270350543405251E+02
% -0.103554518788969E+02 -0.308905855910193E+01 -0.624471445421037E+01
%  0.146581405645524E+02  0.680704565297107E+02 -0.497411006972254E+01
% -0.176987780612996E+02 -0.203805173668630E+02  0.366530850053166E+02
% -0.367073751487981E+01 -0.880267552647000E+00 -0.482416221404858E+01
%  0.798835817332044E+02 -0.116932587395709E+03  0.308299351891402E+02
% -0.356596689491557E+02 -0.301555835773679E+02 -0.477389472920527E+02
%  0.239089996004545E+01  0.968470983181262E+01 -0.651206914337622E+01
% -0.451745725219833E+01 -0.158539029001965E+02  0.449913562236671E+01
% -0.488928285711107E+01 -0.206439475960354E+01  0.668287182066423E+01
% -0.165880827015490E+02  0.219806759577566E+02  0.333565618827523E+02
%  0.142727819666592E+02 -0.163416556762493E+02  0.219092089507414E+02
% -0.118932139958352E+02  0.688243187375267E+01 -0.148977617031729E+01
%  0.914568994304657E+00  0.661261740335160E+01  0.198563729116704E+02
%  0.377628477763862E+02  0.947255836754321E+01  0.303219233601426E+02
% -0.701818638648084E+00 -0.349522781413373E+01  0.839082289558429E+01
%  0.224975877220733E+02  0.432299309095146E+02 -0.380548310985769E+02
%  0.475227431643433E+02  0.170218689652121E+02 -0.104720354459370E+02
%  0.135200698066009E+01  0.364387103707362E+00  0.267310846101803E+01
% -0.454138661060938E+01 -0.160579845283333E+02 -0.610382608804141E+02
% -0.373574166651581E+00  0.210163524461105E+02 -0.490124349965121E+00
% -0.113369084365072E+02 -0.452552072896372E+02 -0.641665598023497E+01
%  0.584241894763833E+01 -0.107142102214022E+02  0.255283916407483E+02
% -0.258912061479897E+02 -0.267955900551600E+01 -0.291920651105646E+02
%  0.995918687675906E+01 -0.147750539646391E+02  0.240184052917558E+02
% -0.938506533760194E+01  0.353566355807156E+01  0.197627462014474E+01
%  0.989974876316484E+01 -0.860331025134927E+01  0.181692491760791E+02
%  0.222823645294522E+02 -0.389295985841578E+02 -0.124252970435768E+02
% -0.508849731036115E+02 -0.274984798466916E+02 -0.619215000292713E+00
% -0.708057206371509E+01  0.510187000141423E+02 -0.275604506226202E+02
% -0.503387673393463E+00  0.230534078070812E+01 -0.672985190609512E+01
% -0.256437177038438E+01 -0.861657535451657E+00 -0.157496510140687E+01
% -0.233314946658323E+01  0.140017052524547E+02  0.174371581071347E+02
%  0.388453170163789E+02  0.444197198806616E+02 -0.332761737137028E+02
% -0.155058373435059E+02 -0.941857359625065E+01  0.151228674560533E+01
% -0.300077596143211E+01 -0.447084639999308E+02  0.143676148926897E+02
% -0.235045149343415E+02  0.202829137168269E+02 -0.766520971559546E+00
%  0.666803311555605E+02  0.484208433299073E+02 -0.539224888243476E+01
%  0.222793172389200E+02 -0.596739886132611E+02 -0.123252560798708E+01
% -0.894552956878113E+01  0.212116944416995E+02 -0.197596421303126E+02
% -0.895677581137289E+01 -0.168282204553730E+02  0.697620809835122E+01
% -0.772397094003969E+02 -0.226397159894437E+01  0.370763191409551E+02
% -0.305213711199306E-01  0.102733848193882E+02  0.438840251843101E+01
% -0.335321472107098E+02 -0.310473821770897E+01 -0.515198324398971E+02
%  0.284035540789346E+02  0.494864136508259E+00 -0.134253226193811E+00
% -0.459659605259100E+02  0.142695722554313E+01 -0.711743259127410E+02
%  0.417871943617966E+01 -0.638295305001291E+01 -0.152761628303629E+01
% -0.323151178356544E+01 -0.112033420982953E+01  0.896022875094089E+01
% -0.614806699614762E+02 -0.158204428751187E+02 -0.286913296201544E+02
%  0.690675609934350E+01  0.340853503066925E+01  0.140323901400503E+02
%  0.135609744114130E+02  0.192856775750732E+02  0.590660126906589E+02
%  0.128321582027169E+02 -0.274871162589255E+01  0.551133025738164E+01
% -0.877630190819909E+01 -0.107729051409483E+02 -0.429746615425926E+01
% -0.168000172618253E+01  0.222027203448342E+02 -0.336717445287261E+01
%  0.377577222710870E+02 -0.402467464881346E+02 -0.347840993297332E+02
%  0.216216783309335E+02  0.451430907846979E+01  0.228049395601766E+02
%  0.162088913581065E+01 -0.110067066491573E+02 -0.356217590381621E+01
%  0.443421419091635E+02  0.135670472702627E+02  0.642316917685442E+02
%  0.101697687778053E+02  0.438880724966673E+02 -0.863519145540419E+01
%  0.308973857587276E+01 -0.161420858194925E+02  0.653875241641384E+01
% -0.526189281856512E+00  0.110669135530759E+02 -0.823398073567977E+01
%  0.331081944918039E+02 -0.137913827252907E+02  0.578695220665245E+02
% -0.549253937174109E+02  0.118324228607564E+02  0.739127210334098E+02
% -0.406821611994066E+00  0.391103654396788E+01 -0.115081513798588E+02
%  0.155134899123414E+02  0.406940242842757E+02 -0.316615094968280E+02
%  0.229929794006720E+02 -0.190541235201828E+02 -0.461718728021160E+01
%  0.284152706140899E+02  0.410807234564234E+02  0.570981409644138E+02
% -0.138678555954640E+02 -0.654480835892733E+02  0.885325843039925E+01
% -0.578715023709209E+01  0.537662998949744E+01  0.552967185897391E+01
%  0.206178494599043E+00  0.177508634424512E+01 -0.125332799477185E+01
% -0.376502886508746E+01  0.461014795040628E+02 -0.269472614706645E+02
% -0.624786844834824E+01 -0.879008414354838E+01  0.367231478330044E+01
% -0.349768111240715E+01 -0.534480022005472E+01  0.268001320294565E+02
%  0.357757114314721E+02  0.752166697012458E+02 -0.118141205437107E+02
% -0.217060539241392E+01 -0.100259536435393E+02 -0.415923478897506E+01
% -0.305615728253652E+02  0.200020468366916E+02  0.132156907575710E+02
% -0.413033695198467E+01  0.363579761922263E+02  0.710976600095316E+01
% -0.124857394969720E+02 -0.379517299899726E+02  0.389841555533578E+02
% -0.220189243522012E+02 -0.404551903250165E+00 -0.473326684953649E+01
%  0.279042833998761E+01 -0.122971627653261E+02  0.120382741910956E+02
% -0.160110152991400E+02 -0.646057999182214E+00 -0.158479956851299E+02
%  0.160409645721656E+02  0.254520296360694E+02 -0.216625216350101E+02
%  0.286682677155538E+02  0.137290400001213E+02  0.333259007676346E+02
%  0.473484917800514E+00  0.218313943652057E+00 -0.458699071157758E+01
%  0.234031289303214E+01 -0.135010147339313E+01  0.979170870147796E+01
%  0.113714325200441E+02  0.237916945224224E+02  0.626685795798065E-01
% -0.578181902296144E+01  0.188674707304198E+02  0.733722320377278E+02
%  0.559409860962223E+02  0.436524190510026E+02 -0.439816487458291E+02
% -0.123662929633215E+02  0.460797630085919E+01  0.123773498864543E+01
% -0.530332517363588E+01  0.368830400132478E+00 -0.254645195190248E+01
% -0.415604753555222E+02 -0.316156273333289E+01 -0.878242691997683E+01
% -0.450760269536671E+01  0.630687091466462E+02 -0.182145271194295E+02
%  0.344777349623166E+02 -0.490694665514106E+02 -0.468473775845074E+02
%  0.420589649798544E+01  0.282555176725101E+02 -0.159274462734262E+02
% -0.248657651111965E+01 -0.642900873228295E+00 -0.298414396255339E+01
%  0.484733013902733E+02  0.683775879792089E+02  0.324207236283448E+02
%  0.369590640061953E+01  0.300265649024641E+01  0.153071580970411E+02
% -0.119743011638611E+02 -0.115411362180284E+02 -0.183208461956837E+01
%  0.193908048498772E+02 -0.100216093895233E+02  0.536429783799998E+01
%  0.153802656636437E+02  0.666479161093411E+00 -0.105777978543939E+02
%  0.381221970685483E+02 -0.185910851562013E+01  0.421799803705766E+02
%  0.493192454852356E+02 -0.152235308526820E+02  0.280084228968266E+02
%  0.393643636782040E+01 -0.492881076104047E+01  0.330665535672354E+02
% -0.719578978172931E+02 -0.205064756949340E+02 -0.478121958753623E+02
% -0.636510645069527E+01  0.133094584184256E+02  0.689639036539652E+01
%  0.206152426089455E+02  0.116969148859036E+02 -0.317139807560038E+02
% -0.133861468215497E+02  0.434140892632509E+02 -0.125950772875060E+02
% -0.760061634352098E+00  0.257033271516756E+00 -0.334042429098880E+01
%  0.236074576967229E+02  0.141176668596474E+02 -0.160262183096865E+02
% -0.122860039005085E+02 -0.415436083826328E+01 -0.123980212487483E+02
%  0.570680203307587E+01  0.343415674315266E+01 -0.251867102639990E+00
%  0.310798461414177E+02  0.115941696987647E+02 -0.804832334312300E+02
%  0.249834997736058E+02  0.118723826484580E+02  0.390056146332392E+01
%  0.484348170654988E+01  0.477643088398743E+01 -0.748945863037741E+01
% -0.145374528991693E+02 -0.117059519458268E+02  0.156228437255325E+02
%  0.289710259275955E+01  0.140014470465159E+01 -0.125214291513146E+01
% -0.352274483632877E+01 -0.589547668687235E+01 -0.347621247726680E+01
% -0.642049718359411E+01 -0.230033340204098E+01  0.108875954673388E+02
%  0.324158582857698E+02  0.275532150620930E+02 -0.167508480673405E+02
%  0.251540822356608E+01  0.315310121285350E+01  0.203719669433373E+01
%  0.130143340155893E+02  0.710294010424736E+01 -0.110176859818405E+02
%  0.221393003181719E+01  0.783755718059061E+01  0.720976672352736E+01
% -0.423024803082289E+02  0.234823827032955E+02  0.767744294052467E+02
%  0.709253652163542E+01  0.347002591500144E+00  0.221966492131891E+01
% -0.496679102857980E+01 -0.766368181064178E+01 -0.746409055373033E+00
%  0.603621459575051E+01 -0.283443126577794E+02  0.116544753498134E+02
% -0.293314375912077E+01 -0.720295052422928E+01 -0.151257869971371E+02
% -0.120102773533347E+02 -0.194710747329006E+00 -0.488295868267368E+01
% -0.365529174158178E+02 -0.308368295212425E+02  0.818592444974501E+01
% -0.144234961707801E+02 -0.223515647787105E+01 -0.173435814156083E+02
% -0.444371472659566E+00 -0.205137907550491E+00 -0.123210991784237E+01
% -0.512673647629745E+01  0.215065249833501E+01  0.147393063793509E+02
%  0.955319299368142E+01 -0.613091737551155E+00 -0.679520832220845E+01
% -0.253919252742087E+01  0.989521498908535E+01  0.186237736131940E+01
%  0.513362539671017E+02 -0.463880513918089E+02  0.385555805037264E+01
% -0.729157809892611E+01  0.130580253094695E+01 -0.171161442922906E+01
%  0.316503741765188E+01  0.671123051213925E+01 -0.105763226736861E+01
% -0.207283303004303E+01  0.347570512952347E+02 -0.230087866098404E+02
%  0.133750669576196E+01  0.150020026677264E+01  0.678824981932628E+00
% -0.417100297122288E+02 -0.302962125188083E+02 -0.607014723873979E+02
% -0.412957764235541E+01  0.931005710176900E+00  0.533433497788236E+01
%  0.185828706216039E+02 -0.244607737691202E+02  0.285497375196209E+02
% -0.121530755938638E+02 -0.311490013392069E+02 -0.142161882155334E+02
%  0.635880104597918E+02 -0.140599245430178E+02 -0.466868293793537E+02
% -0.998624467206797E+01  0.431988621676020E+01 -0.149435517648269E+02
% -0.587230556456682E+01 -0.802033665384620E+00 -0.141022606956564E+02
% -0.113351149736917E+02  0.818144491679429E+01 -0.126328467673476E+02
%  0.392543045122413E+02  0.106439006206860E+02  0.383170068953824E+01
% -0.799681390484473E+01 -0.458098084482245E+01  0.364668744115034E+01
%  0.412559777653182E+01  0.308002880266923E+02 -0.301034086852262E+02
%  0.196762663384251E+02 -0.780957465554967E+01  0.517232848761193E+01
%  0.308531880831146E+01 -0.391005072166744E+01 -0.210392948269158E+02
% -0.381814142566780E+02  0.423845978671294E-01  0.226318745668108E+02
%  0.284399444584449E+01 -0.917507966971556E+01  0.748970790537468E+01
% -0.181708886789853E+02 -0.147135251257121E+02 -0.536106757273372E+02
% -0.605627504037637E+01 -0.163513327671866E+02  0.921824826206765E+01
%  0.625428685966146E+02 -0.348906326834302E+02  0.103758055748306E+02
%  0.115759645700371E+02 -0.410601518759120E+02  0.813128872266515E+02
% -0.972336255646815E+02 -0.520315744926485E+01  0.476542104377344E+02
% -0.294536790488667E+01 -0.283692341553553E+02  0.315760361141351E+02
% -0.110412280363933E+03  0.437538343772597E+02 -0.504089344119089E+02
%  0.394136169293341E+02  0.131411401668075E+02  0.147315150739005E+02
% -0.273441805945906E+01  0.100427458091601E+02  0.530334669810780E+01
% -0.147237845937540E+02  0.546392013109002E+00 -0.701485225779651E+01
% -0.380784420007593E+02 -0.859514676609392E+01  0.192664850664876E+01
%  0.351380374721430E+01 -0.263178831732585E+01  0.856010181705621E-01
% -0.264556972726552E+02 -0.328916529442919E+02 -0.873269987956168E+02
% -0.880925094704333E-01  0.573916137918430E+01 -0.291305655807204E+01
% -0.481394483730764E+01  0.188827417490939E+01  0.159156490060305E+02
% -0.409535817807867E+01  0.892918557897905E+01  0.100219067900552E+02
%  0.132687574564734E+02 -0.376279437094421E+02  0.176005316810543E+02
% -0.679589779265785E+01 -0.665960036189301E+01  0.223004566793569E+01
%  0.427006862405385E+01 -0.156193602426907E+01  0.467173151325264E+01
%  0.321842877405397E+02  0.121329857490829E+02  0.466783610754002E+00
%  0.283841177847346E-01  0.209269195082220E+02 -0.299119669707042E+02
%  0.104406451191543E+02  0.132267061407429E+02  0.131926219793424E+02
% -0.152841326735796E+01  0.133330812070291E+02  0.142619224452756E+01
% -0.420441936751174E+01 -0.102826196684741E+01  0.694343750400760E+00
%  0.685043608401565E+01  0.111984252489081E+02  0.365585479181687E+01
%  0.147723889913327E+02  0.710411705501606E+00  0.291023798119509E+02
%  0.234890796234183E+02  0.306775858282731E+02  0.941335959750814E+00
% -0.123113031089406E-01  0.131888179415256E+01 -0.183579668552352E+01
%  0.569451076119708E+01 -0.701057620545205E+01  0.352160450341275E+01
% -0.581066872859564E+02  0.254364856746807E+02  0.305507795050005E+02
