% T    256  0.715122828077254E+01  0.715122828077254E+01  0.715122828077254E+01
  -0.258626171541245E+01  0.340834143681048E+01  0.215417399533205E+00
   0.192085707784090E+01  0.335249002627842E+01  0.118450893873541E+01
  -0.324886064991015E+01  0.122064138521054E+01  0.318498227961163E+01
   0.322105557733727E+01  0.230265673264304E+01 -0.786714225830542E+00
   0.184996318125730E+01  0.154979870490075E+01 -0.131052300064236E+01
  -0.312198600380928E+01 -0.339510929954848E+01  0.186749444955513E+01
   0.348209522888934E+01  0.312161251684056E+01  0.261681743633441E+01
   0.213759943215794E+00  0.635035361224137E+00  0.180494573462486E+01
   0.226696002611050E+01 -0.174651455292890E+01  0.260108911149379E+01
  -0.295525087043205E+01  0.203424174011755E+01 -0.320263458718427E+01
  -0.858840922457836E+00  0.118638944255329E+01  0.336613855132809E+01
  -0.509589686500956E+00 -0.791083318593809E+00 -0.239408303986432E+01
  -0.105149454122128E+01  0.184714006498086E+01 -0.268564538297833E+01
  -0.340965100423635E+01  0.438665855893140E+00 -0.311558330794167E+01
  -0.154953399415997E+01  0.264779217471826E+01 -0.200399739939728E+01
  -0.145489498780200E+01 -0.339455604959197E+01 -0.194491995112426E+01
  -0.312702119112482E+01 -0.269783954079721E+01 -0.215206029769579E+01
  -0.131202996299189E+01 -0.206826244917192E+01  0.142405011968226E+01
  -0.155900730932519E+01 -0.402484419903571E+00 -0.288196196232808E+01
   0.741882604883452E+00 -0.174133043034875E+01 -0.231941793569888E+01
  -0.210916465806086E+01  0.319276900367089E+01  0.249398746480610E+01
  -0.353983442432766E+01  0.336983818605403E+01 -0.181155915378839E+00
  -0.313030183288345E+01  0.127453104900549E+01  0.930511537208616E+00
   0.112651024363903E+01  0.290587090346535E+00  0.167504307048371E+01
   0.348594270996331E+01 -0.220274370087603E+01  0.298849725494745E+00
   0.305513962838505E+01 -0.113089069398008E+01  0.939457452247810E+00
   0.335512406364968E+01  0.212429715957665E+01  0.314952819359680E+01
   0.113972034884022E+01 -0.298396667472448E+01 -0.185041538442472E+01
   0.185333537823425E+01 -0.651150990232374E+00 -0.341933338838935E-02
  -0.188321185992129E+01 -0.183110266069218E+01  0.287779966290348E+01
  -0.740178347294454E+00 -0.355811345530925E+01 -0.322988979280873E+01
  -0.900209039390067E+00  0.260802280423420E+01 -0.284958189834713E+00
  -0.750553772566561E+00  0.320866107299615E+01 -0.125371552225089E+01
   0.246520943470568E+01 -0.359093697905438E+00  0.110392747621546E+01
  -0.131460254653375E+01  0.793944539026410E+00 -0.809522722702194E+00
   0.111718359102913E+01 -0.188153411573838E+01  0.172648141556913E+01
  -0.253758484612594E+01 -0.107357776083209E+01  0.263847083211773E+01
   0.289611440124674E+01 -0.108496742170072E+00 -0.192366104462670E+01
  -0.824311857777666E+00  0.197464478358612E+01 -0.149940172414618E+01
   0.175387816311776E+01  0.771931412537869E+00 -0.608092626979045E+00
   0.168002605932372E+01 -0.264152453520915E+01 -0.395523774751999E+00
  -0.193760820521582E+01  0.254779094959285E+00  0.900836737876672E+00
   0.284058846848113E+01  0.813998751915745E+00 -0.231447072932173E+01
   0.282118064042006E+01 -0.331592382600780E+01  0.321425729527202E+01
   0.216799925128890E+01  0.524260444044562E+00  0.350019501058052E+00
  -0.157267326910630E+01  0.166298576053830E+00 -0.178751967959986E+01
  -0.203535648278650E+01 -0.340882689277373E+01  0.154895925274806E+01
   0.263875794472202E+01  0.166452266990910E+01 -0.200545793881697E+00
   0.277546065154233E+01  0.129453945322563E+01 -0.320030635118852E+01
   0.474750080946409E+00  0.115055611075122E+01 -0.322785236434022E+01
  -0.241977142883607E+01  0.221418375627838E+00 -0.319263928432165E+01
   0.173898868891222E+01  0.116126880800073E+01  0.119931594355567E+01
   0.879921050432572E+00  0.233362149015470E+01 -0.289654849766140E+01
   0.215301441738346E+01 -0.902678534635658E+00  0.328399026347298E+01
  -0.644075464731642E+00  0.277830232040175E+01  0.141858525407364E+01
  -0.341622942052352E+00  0.712784405727531E+00 -0.102429097265516E+00
   0.156354307830755E+01  0.334752939337497E+01 -0.251027586785985E+01
   0.231838084067935E+01 -0.326624581918130E+01 -0.894305997266096E+00
  -0.291679767655700E+01 -0.295388166246677E+01 -0.414544433843080E+00
  -0.255776293420482E+01  0.254413502587254E+01 -0.228710262033843E+01
  -0.424404044654929E+00  0.206389460926293E+01  0.654464805073605E+00
   0.134924790461312E+01 -0.350453012727947E+01  0.254575207390575E+00
  -0.366434847184873E-01  0.219128278925894E+01 -0.345339049525343E+01
   0.201762093481221E+00  0.316743163206284E+01  0.209549516906040E+01
  -0.295160244891898E+01 -0.909361779494880E+00 -0.161890360641746E+01
   0.309733416628078E+01 -0.167534356623663E+01  0.201571917662128E+01
  -0.260001482229989E+01 -0.193086565229644E+01  0.146270156841138E+01
  -0.247532437739432E+01  0.445069847201783E+00 -0.122592615725991E+01
   0.315873621002192E+01 -0.150071871665354E+01 -0.324967565647094E+01
  -0.229914328153073E+01  0.203309781497656E+01  0.173675940460092E+00
   0.119077879866013E+01  0.265390407888314E+01  0.200084635399813E+01
  -0.151540436119747E+01  0.810253313692748E-01  0.248447305293462E+01
  -0.134768330228337E+01  0.319836901047614E+01  0.542031431671406E+00
   0.300509052829035E+01 -0.676176476163690E+00  0.251537400002084E+01
   0.128319586844581E+01  0.217138826057562E+01 -0.189422300708125E+01
   0.314857681746426E+01  0.238069102290607E+01 -0.203103618410421E+01
   0.589442955436845E+00 -0.297735535784642E+01 -0.308139752812757E+00
   0.303012405662847E+01 -0.591530034510671E+00 -0.652245028221860E-01
  -0.134180616494620E+01  0.842417032910913E-01  0.954253649857976E-01
   0.305866870087616E+01 -0.276284564509079E+01 -0.284543964659328E+01
   0.110663493386980E+01  0.139428118663419E+00  0.436509416292090E+00
  -0.100271922939233E+00 -0.141615457662150E+01  0.596864762383131E+00
   0.291150656067881E+01 -0.270852119806748E+01 -0.182501543421604E+01
  -0.741208713663353E+00 -0.340379901411669E+01 -0.951880898599433E-02
   0.197932640234671E+01 -0.168626168433637E+01 -0.102127290827658E+01
  -0.114459013757764E+01  0.250535287931948E+01  0.226528442586460E+01
   0.142175607125658E-01 -0.324100608639083E+01  0.665384709714664E+00
  -0.573710455002458E+00 -0.676604095518528E+00  0.238837808948827E+01
  -0.267350035272980E+01  0.119781120388873E+00  0.132135251013024E+00
   0.190798742788106E+01 -0.309590409386665E+01 -0.349450056166880E+01
   0.251817741343343E+01  0.176511530724171E+01  0.208752208162206E+01
   0.154638663124722E+01  0.165823762543750E+01  0.354384225517189E+01
   0.207710313290574E+00 -0.431846872102701E+00  0.119321002148950E+01
  -0.223673274007143E+01 -0.138243615502586E+01  0.620816956220236E+00
  -0.156574266469092E+01 -0.280530022654386E+01 -0.373149894239760E+00
  -0.336815470977265E+01 -0.304010198627448E+01 -0.342348353655608E+01
  -0.287160718475040E+01  0.342494311845797E+01  0.327774058391467E+01
  -0.763189878488540E+00 -0.170886589317585E+00 -0.765108244887804E+00
   0.271776879644228E+01  0.346177793144560E-01 -0.318029413513594E+01
   0.152402224530130E+01 -0.294618135295098E+00 -0.232169851043885E+01
  -0.102899381743015E+00 -0.234214474125318E+01  0.144543376807817E+01
  -0.664219970119275E+00 -0.247958410656966E+01  0.249902758146898E+01
  -0.250660549580046E+01  0.117760581886521E+01 -0.261099507876724E+01
  -0.297837273367545E+01  0.344442948553170E+01 -0.212460616589008E+01
   0.828880612860657E+00  0.156460935238311E+01  0.191222259541804E+01
  -0.310143509711334E+01 -0.401274975214283E+00 -0.654637895070625E+00
   0.194830049745144E+01  0.237209868728560E+01 -0.271093221209964E+01
  -0.339261328095396E+01  0.317244924828875E+01  0.994385848754889E+00
   0.310268600502297E+01 -0.322224390851639E+01  0.509618964275121E+00
  -0.251229110603275E+01 -0.164513962316263E+01 -0.355461985671764E+01
  -0.100108063121576E+01 -0.758858977432424E+00  0.629239210548522E+00
   0.330869919923889E+01 -0.153471926118304E+01 -0.139036255029352E+01
   0.222112359581562E+00 -0.158896844723793E+01 -0.314225468152181E+01
  -0.198292718821476E+01 -0.275456111791784E+01  0.337901173466541E+01
   0.480763700877588E+00  0.126093961922419E+01  0.963421002898546E+00
  -0.178070979502684E+01  0.292642686080752E+01 -0.809539620296878E+00
   0.101770259032597E+01 -0.106222902582136E+01  0.571654300540063E+00
  -0.171636761245237E+01  0.343970735755901E+01 -0.300733838759874E+01
   0.225455986056021E+01 -0.340063903608799E+01  0.211376634520242E+01
   0.171492604747136E+01  0.119944662216896E+01  0.235113500509679E+01
   0.288841281127729E+00 -0.119584265071769E+00  0.243205190504563E+01
  -0.225603300477204E+01  0.103067692512071E+01  0.177011783904859E+01
   0.294263272419391E+01  0.117142853396486E+01  0.288261832566753E+01
  -0.286254207791422E+01  0.223889284597788E+01  0.275182696009565E+01
  -0.690757713635143E+00  0.143566299937983E+00 -0.257672410550273E+01
   0.213240436503874E+00  0.348133955963729E+01 -0.161545903378474E+01
   0.279030024625385E+01  0.881729393502596E+00 -0.936245785548553E+00
  -0.238672843271260E+01 -0.118397321395814E+01 -0.263925306169011E+01
  -0.284922642954378E+00 -0.226031986501872E+01 -0.111563587445702E-01
   0.415584945630167E+00 -0.285909467175822E+01 -0.254452992651518E+01
   0.841140682679082E+00  0.124315193169455E+01 -0.220116845826651E+01
  -0.197995764978371E+01  0.206988078053306E+01  0.350656977130030E+01
  -0.961433360707878E+00 -0.170913235674502E+01 -0.734599232601895E+00
   0.233535492375175E+01  0.261662910943282E+01 -0.180871813921894E-01
  -0.153578366802850E+01  0.914664391238023E+00 -0.257770420006470E+01
  -0.271228421121979E+01  0.227109227861791E+00 -0.219971677332030E+01
  -0.327563550795639E+01  0.115627215418997E+01 -0.164003137289398E+01
  -0.992768829416953E+00  0.517057051304034E-01  0.147417042561581E+01
  -0.277474238891525E+01 -0.188967873238201E+01 -0.173145959207036E+01
   0.652104904228440E+00 -0.234935104493900E+01  0.254821735866801E+01
  -0.125725220637093E+01 -0.330464596092309E+01  0.266071227077384E+01
   0.338696838186015E+00  0.329529305618287E+01 -0.284234390140258E+01
   0.267586640626241E+00 -0.145414074122506E+01  0.218577318999512E+01
  -0.532037339718667E+00 -0.223073790954809E+01 -0.242964194053388E+01
  -0.263749838708567E+01 -0.220342209468344E+01  0.284661964771786E+00
  -0.332058872223710E+00 -0.927175199552361E+00  0.346464967979859E+01
   0.337379877528355E+00  0.284723236614379E+01 -0.769219733607944E+00
   0.119905576337593E+01  0.286953077256944E+01 -0.299518099309200E+00
   0.378358195141329E+00  0.978064398208053E+00  0.286886313342160E+01
  -0.320732970524011E+01 -0.229122808843834E+01  0.245354983647891E+01
   0.176413150932937E+01 -0.184874510017071E+01 -0.208353611491765E+01
   0.110535689025321E+01 -0.733845540683902E+00  0.175341178399322E+01
  -0.149725177925320E+00  0.141062133401147E+01 -0.247785614530643E+01
  -0.147509018434459E+00  0.189555440569504E+01  0.244157598136896E+01
  -0.828285911691368E+00 -0.683815991777327E-01  0.350966638090851E+01
  -0.101286470081565E+01 -0.259188250074192E+01 -0.148854076087864E+01
  -0.100572059659924E+00  0.293217917819268E+00 -0.163707715445685E+01
  -0.343754503659814E+01  0.156944820748280E+01 -0.243769600079845E+01
  -0.273016834877793E+01 -0.293280321011972E+01  0.102067494948443E+01
   0.994524941495004E+00 -0.586739230892265E-01 -0.147521490420770E+01
  -0.307204494000902E+01 -0.729911159033074E+00  0.665064661647727E+00
   0.221789200321551E+01  0.273457711114641E+01  0.196373791125422E+01
   0.339725883106183E+01  0.107428662022737E+01  0.174101540461877E+01
  -0.201218226186504E+01  0.217141496523390E+01  0.182890334814274E+01
   0.101636617042678E+01  0.293175511799596E+01  0.100363734346715E+01
  -0.107487215504003E+01  0.159982252445788E+01 -0.155067332752091E+00
   0.114514720768443E+01 -0.241852516582090E+01 -0.293038909248751E+01
   0.316843225573957E+00 -0.172593387256702E+00 -0.293475014959119E+00
  -0.243471419472842E+01  0.500343514956172E+00  0.279051138302222E+01
  -0.633098947957516E-02  0.289468959096983E+01  0.291680366468474E+00
   0.920119100248391E+00 -0.679148153988209E+00  0.313016985941651E+01
  -0.836789196675390E+00 -0.307498091057400E+01  0.145675373502020E+01
   0.185146002468687E+01 -0.120785243067915E+01  0.104371054191551E+01
   0.304530116690544E+01  0.346219979409032E+01 -0.220578606858347E+01
   0.865960544994119E+00 -0.186072071548804E+01  0.978746589699456E-01
  -0.268492886804112E+01  0.242714920523091E+01  0.108780245329687E+01
   0.264481615214364E+01  0.287825545179756E+00  0.206669613089212E+01
   0.468088572549157E+00 -0.477393410556307E+00 -0.266585555315938E+01
  -0.195233855226397E+01  0.164168899483386E+01 -0.182471995917248E+01
  -0.157482116168560E+01 -0.817895931373721E+00  0.303916191543950E+01
  -0.250976076923808E+01 -0.518039949671890E+00  0.160915578502432E+01
  -0.277380376555509E+01  0.151880837484882E+01 -0.617091518807747E+00
   0.163676929524832E+01  0.173590524144368E+01  0.973701969619302E-01
   0.346639784874185E+01  0.233553363032240E+01  0.260006200173546E+00
   0.116740556050725E+01  0.301572402385163E+01 -0.135418394669802E+01
   0.214122092658232E+00 -0.245087506219303E+01  0.353989572445181E+01
   0.218992864830656E+01 -0.181005522521900E+01 -0.313683479657708E+01
   0.355734195066715E+01  0.423114366224051E+00 -0.160735618386120E+00
   0.199796223692598E+01  0.149525500893710E+00  0.296298640223158E+01
   0.266225503085866E+01 -0.201044274820655E+01  0.915899099013055E+00
  -0.120375754119928E+01  0.269594733351587E+01  0.351322109031658E+01
   0.671514545312112E+00  0.759133611648369E+00 -0.599533186539208E+00
  -0.122901001322365E+00 -0.327147322952896E+01  0.292833516496058E+01
  -0.167719121484868E+01 -0.217260672456019E+01 -0.224488501973365E+01
  -0.164407659342564E+01 -0.279408666722820E+01  0.822329451885369E+00
  -0.356479274133107E+01 -0.915396909593086E+00 -0.250054493423340E+01
   0.244879261096999E+01 -0.969978476252702E+00 -0.247283414276535E+01
   0.332151401680735E+01 -0.276876287346522E+01 -0.890045958016097E+00
  -0.119110970720033E-01 -0.277775189293101E+01 -0.112798987442021E+01
  -0.202416327698909E+01 -0.249914432104334E+01  0.219726271247448E+01
   0.347259851652035E+01  0.227573934202172E+01  0.184577702281663E+01
   0.104780302638185E+01 -0.237856988125909E+01 -0.108930686529227E+01
  -0.270299889539783E+01  0.222764723071547E+01 -0.137916029219627E+01
   0.358152150820840E+00 -0.115439946752074E+01 -0.387057779434187E+00
   0.165181527038222E+01  0.284824087745720E+01  0.353535664594826E+01
   0.206438810866893E+01 -0.299479560779349E+01 -0.232081244601902E+01
   0.281368862248384E+01  0.281320124970799E+01 -0.349996730571601E+01
   0.137095438923848E+01 -0.883972124169408E+00 -0.130646793457151E+01
  -0.282915845967914E+01  0.263412124837305E+01 -0.423808297254334E+00
   0.123302790383925E+01 -0.130504020736146E+01 -0.313310013016334E+01
  -0.928397846217356E+00 -0.952502654422338E+00 -0.150522059853144E+01
  -0.136132942659592E+01 -0.181674329945033E+01  0.230308560112289E+00
   0.200638864838739E+01  0.500777503003697E+00 -0.172779525118723E+01
  -0.313301457839064E+01 -0.911130815235530E+00 -0.341351656308884E+01
   0.297664261830417E+01 -0.251418629776492E+01  0.260725300279966E+01
   0.144994841643173E+01  0.802062460794703E+00 -0.304867087719920E+01
  -0.224256819843900E+01 -0.281045493261539E+01 -0.137764436949289E+01
   0.967901361050512E+00  0.340267398744675E+01  0.277414877910026E+01
   0.160481439770432E+01 -0.235552048965560E+01  0.305749068880606E+01
  -0.867907807189017E+00  0.951064267088828E+00 -0.162976171075761E+01
  -0.191402747589100E+01 -0.709693882242996E+00 -0.509770836410214E+00
   0.349045325058160E+01 -0.162824389591409E+01  0.303499172027968E+01
   0.199632277759246E+01 -0.241894710828089E+01  0.178352693646819E+01
   0.301248543283974E+01  0.477281690614914E+00  0.916759130907150E+00
   0.133220361538580E+01 -0.261426971034422E+01  0.985743215391796E+00
  -0.743835164910178E+00  0.318642521849515E+01 -0.244908048533535E+01
   0.896612353520292E+00  0.199294444757999E+01  0.287024524444843E+01
  -0.748539185754580E+00  0.878314063683010E+00  0.227662999490773E+01
  -0.170508467004514E+01 -0.104565924124787E+01  0.204235299451980E+01
  -0.642866495265198E+00  0.848011629284771E+00  0.111387684655074E+01
  -0.182579905021347E+01  0.154806305397794E+01  0.921242007725473E+00
  -0.139895114471310E+01 -0.140959625061833E+01 -0.324398371258762E+01
  -0.352635432411013E+00  0.284312683911568E+01  0.287636566405480E+01
  -0.336059176108558E+01 -0.144703917756504E+00  0.304052112485693E+01
  -0.289662210031714E+01 -0.137389063294538E+01 -0.693668444001517E+00
  -0.334885109387746E+01  0.308697681652094E+01 -0.297309512832973E+01
   0.224792502601788E+01  0.212725517146382E+01  0.305886434367505E+01
   0.239307255808770E+00 -0.680577381251614E+00 -0.150979160520111E+01
   0.147170540793644E+00  0.240190925012090E+01 -0.175611235803328E+01
  -0.412767681917851E+00 -0.129814588669925E+01  0.149623433486650E+01
  -0.324497687834468E+01 -0.188425599338589E+01 -0.272188990772245E+01
  -0.200304029031697E-01  0.130838809222812E+01 -0.107370550179960E+01
  -0.189180576755339E+01 -0.934945433287765E+00 -0.152744321199312E+01
   0.304553976990687E+01 -0.306587723847216E+01  0.161655057416560E+01
  -0.996919525382007E+00 -0.214300547296786E+01  0.335421333040139E+01
   0.184504271498013E+01  0.225553661580563E+01  0.992019154600630E+00
  -0.170564332325238E+01  0.127142135783223E+01  0.270326334377659E+01
   0.478837718455689E-01 -0.173402747995224E+01 -0.159582607556024E+01
   0.884899196594383E+00  0.204197953497797E+01 -0.908627964770932E+00
   0.124926091611804E+01 -0.321472578823647E+01  0.185741317973296E+01
   0.243372745731862E+01  0.306704150586324E+01 -0.152644106586234E+01
  -0.323695586128796E+01  0.593484393573742E-01  0.159215712317593E+01
  -0.235919787001083E+01 -0.297184934850062E+01 -0.282507879066868E+01
   0.315181981256638E+01  0.169186198447902E+01  0.927513648842916E+00
  -0.671024540753289E+00  0.171095022559031E+01  0.159164024247761E+01
   0.780395705207189E+00 -0.165180613621734E+01  0.318030674183916E+01
%  0.508018757061931E+00  0.165296563049882E+01  0.106685096557698E+01
%  0.592256739916892E+00  0.115130909795953E+01  0.133039082752836E+00
% -0.165411628507509E+01 -0.101615094193022E+01 -0.430425069240949E+00
%  0.115729091541644E+01 -0.135798138741425E+01 -0.210796664535232E+01
%  0.750134369088781E-01 -0.270021221819859E+01  0.598133965987335E+00
% -0.302142735475102E+01  0.185041240763939E+01 -0.823654645872900E+00
%  0.201105912593793E+00  0.411758375304371E+00 -0.152066939475421E+00
%  0.171236756726279E+01  0.922569691107318E+00 -0.139298736117510E+01
%  0.138975341123760E+01  0.554030320693731E+00 -0.131894551696238E+01
%  0.102676605731509E+00  0.441165866235010E+00  0.117705832967617E+01
%  0.126077734593244E+01  0.739099112142395E+00 -0.237253960540517E+00
%  0.127304342562252E+01  0.171729135162380E+01 -0.190520584161856E+01
%  0.105367925722893E+01  0.426847636813386E+00  0.677841113210023E+00
%  0.287142442537445E+00  0.776052951426032E-01 -0.225898644396812E+00
%  0.122935147993139E+01 -0.309685675980053E+01 -0.688073236697367E-02
%  0.388687855247772E+00 -0.163908161325364E+01  0.374361472986559E+00
%  0.551513450589735E+00 -0.115716602179324E+01 -0.636739858739282E+00
%  0.195556376079883E+01  0.733093970773500E-01 -0.188728304923448E+00
%  0.316454282423904E+01 -0.993792215527238E+00 -0.894398160678406E+00
%  0.308632221254674E+01  0.116403964623762E+00 -0.249076998059466E+00
% -0.773301703282249E+00 -0.706831245946215E+00  0.432599155587347E+00
%  0.110469505911960E+01 -0.166657640529092E+01 -0.136826995059526E+01
% -0.207061934120514E+01  0.345482458582228E+00 -0.351093348360263E+00
%  0.146086110324534E+01  0.500247485063253E+00  0.272053723832545E+00
%  0.168043655296545E+00  0.354696085575322E+00  0.116415967296090E+01
%  0.120437369207852E-01  0.924966491997527E+00  0.845677955965296E+00
% -0.140435098448478E+01  0.106570074784308E+01 -0.482786787624273E+00
%  0.228356725245161E+00 -0.115254070650052E+01 -0.250600676210414E+01
% -0.143907709186858E+01 -0.143292435048812E+01 -0.966702002647554E+00
%  0.105555331189547E+01 -0.147790744476046E+01 -0.140944823451689E+01
%  0.187677737691994E+01 -0.570093514518566E+00  0.132360698291836E+01
% -0.885604096418124E+00  0.175528111114212E+01  0.197655305996423E+00
% -0.958312745082923E+00  0.154719707774713E+01 -0.557666943485317E+00
%  0.491068073693368E+00  0.134517728434944E+01 -0.117234264179767E+01
%  0.700174485884365E-01 -0.418998456192110E+00 -0.230795308994186E+01
% -0.237637280578924E+00 -0.373641383573671E+00  0.145658831727701E+01
%  0.231848378708813E+01 -0.114864264293910E+01 -0.755584213933059E+00
%  0.321148098040114E+00 -0.855535192785798E+00  0.548243161323035E+00
%  0.394481723297879E+00 -0.190818209438946E+01 -0.196865299846062E+01
%  0.376923197499824E+00  0.693715226933169E-01 -0.350279183050150E-01
%  0.340772679776201E+00  0.206292446549501E+01  0.830971188805606E+00
%  0.920731485970874E+00 -0.138394731501607E+01 -0.172281359245740E+00
%  0.161477440869375E+01 -0.519731855696615E+00  0.325329861660031E+00
%  0.269231645063198E+00  0.248636082364316E+01 -0.110494801900035E+01
% -0.892012102127342E+00  0.679383779269640E+00 -0.135284856557440E+01
%  0.187147322381214E+01  0.121606078939956E+01  0.136747506143762E+01
% -0.889737207960875E+00 -0.222870205233348E+00  0.364149411461504E+01
%  0.227744322806150E+00 -0.780775942308849E+00 -0.207359206977610E+01
%  0.351612446173970E+00 -0.498086970182168E+00 -0.239786033282025E-01
% -0.121350216846317E+01  0.100595768503607E+01  0.127353146407371E+00
% -0.160934666974284E+01  0.199261349292568E+00  0.877665638391828E-01
%  0.997688240791030E+00 -0.435111061777242E-01 -0.944521372789762E+00
%  0.313386770316279E+01  0.219591653867636E+01  0.122219357310186E+01
%  0.430917098290087E+00  0.499794597367106E+00 -0.113797107518770E+01
% -0.897640562493233E+00  0.282905419621424E+00 -0.143808675837824E+01
%  0.762349850581302E+00 -0.479176498604219E+01  0.310433561753048E+00
%  0.451834113499343E+00 -0.200785768496986E+01  0.782370129430686E+00
%  0.176915872729724E+01  0.409391606906121E+01 -0.212787695031410E+01
%  0.118361357735663E+01  0.554462891065419E+00 -0.143808310153455E+01
%  0.602302612620660E-01  0.930951801008659E+00 -0.446563637822767E+00
%  0.576917993097000E+00  0.427316472938645E+00 -0.221836633243085E+01
%  0.126813416152661E+01 -0.267930920352532E-01  0.281642193873652E+00
% -0.652208534545674E+00 -0.119238851629065E+00  0.135462823864585E+00
% -0.201212953897850E+01  0.197508515975278E+01  0.608646925188354E+00
%  0.157435296445792E+00 -0.144251128922815E+01 -0.987093484572551E+00
% -0.129579433381421E+01  0.295890482947089E+00 -0.144291278770309E+01
%  0.272795028299226E-01 -0.546567070962966E+00  0.567614655428478E+00
% -0.580165724375002E+00  0.215651705680593E+01  0.285302583008900E+00
% -0.214590106968516E+01  0.496994475049679E+00  0.194666176280003E+01
%  0.277559726370877E+00  0.984163893078084E+00  0.574793713387895E+00
%  0.136286033921305E+01 -0.250252006379828E+00  0.178400659252940E+01
%  0.405154623642282E+00 -0.868330522174376E+00  0.107726980646003E+01
% -0.334820996570222E+01  0.502503580370634E+00  0.822686934409871E+00
% -0.192663332097088E+01  0.222305362415164E+00 -0.875160912953994E+00
%  0.224275968805940E+00  0.564808639666016E+00  0.141614401249622E+01
%  0.305974544015158E+01  0.965869641458154E+00  0.460653140837364E+00
%  0.405258974751008E+00 -0.621502815107946E+00  0.674318669912625E+00
%  0.578087343130585E+00  0.729923958953309E+00  0.636334438063286E+00
%  0.110472656521097E+01 -0.155784922922323E+01 -0.137336616972728E+01
%  0.295930804627667E-01 -0.139656666123289E+01 -0.193128837210136E+01
% -0.144155141104617E+01  0.509289190863181E-01  0.187922757379339E+01
%  0.388152535151385E+00 -0.108014911198781E+01 -0.151626652539126E+01
% -0.107577284041735E+00  0.206590560324719E+01  0.108269559077481E+01
% -0.341063931958055E+00 -0.267759205580147E+01 -0.633345420036610E+00
% -0.110667741873088E+01  0.157819888452197E+01 -0.183771621002137E-01
% -0.242147222918278E+01  0.474042121918382E+00  0.167886876679641E+01
% -0.278959659583953E+01 -0.660702715499226E+00  0.163317094904831E+01
%  0.226686435561873E-01  0.204962293443400E+01 -0.681519718834721E-01
% -0.447909600042416E+00  0.711367656485457E+00  0.256545749800081E+01
%  0.127139433204009E+01 -0.621626288667760E+00 -0.137077960896450E+01
%  0.130303725667706E+01 -0.283769095364043E+00 -0.141910269585846E+01
% -0.543584456961195E+00  0.328410222607265E+00 -0.126164020837227E+01
%  0.354665211299256E+00 -0.197055584512938E+00  0.251006506799598E+00
%  0.649048167510488E+00  0.111570704392233E+01 -0.145919476332615E+01
% -0.918851443276749E+00 -0.120037083394603E+01  0.314168843302254E+00
% -0.102572865742995E+01  0.101052147264474E+01 -0.810328543054033E+00
%  0.533022368262183E+00 -0.747898811542566E+00  0.133511688048611E+00
%  0.227555370202066E+01  0.270552436350912E+01 -0.135110407009894E+01
%  0.141794778275065E+01  0.269733655328001E+01  0.272410409089513E+01
%  0.787728261296813E-01 -0.140285669293187E+01  0.161625219620069E+01
%  0.133824428472124E+01 -0.864841281232940E+00 -0.960398120452755E+00
%  0.693086361977874E-01 -0.228916862854792E+01 -0.168692899583599E+01
%  0.242922850681501E+01 -0.645759847017685E+00  0.219749370517625E+01
% -0.207049446073844E+01  0.180346031232483E+01  0.191553208537214E+01
%  0.311104108678679E+00  0.217167906222571E+00  0.266541178283896E+01
% -0.157820735621754E+01 -0.123661210952838E+01  0.194244472489745E+01
%  0.322026192482611E-01 -0.215306599230459E+00  0.111495193534815E+01
% -0.156244715498260E+01  0.178978201107052E+01 -0.589019880726232E+00
% -0.102012199890892E+01  0.456907648505951E+00  0.115984516652016E+01
% -0.162080711153980E+01 -0.166818830421539E+01 -0.203492838737319E+01
% -0.656770364824307E+00  0.108662345688139E+01 -0.120697557254021E+01
% -0.939550841414366E-01  0.227950337792357E+01 -0.871095687121860E-01
%  0.973466757950215E+00  0.234540903320907E+01 -0.679344544815969E+00
% -0.169179636644756E+01 -0.112173844290884E+01 -0.142816097763207E+01
% -0.129767754031755E+00  0.127346924057467E+01  0.196101534747764E+00
%  0.321627296540764E+00 -0.124701071140009E+00  0.877582648831633E+00
% -0.297618101760111E+00 -0.110137617251302E+01 -0.133496864080687E+01
%  0.452858500448213E+00  0.183750672087787E+01  0.139945291186035E+01
% -0.167710010310187E+01 -0.284968779520953E+01 -0.408294607759240E-01
%  0.263511554043555E+01  0.523778453365200E+00 -0.755353074539830E+00
% -0.336583430761671E+01 -0.643528262007405E+00 -0.114511996540731E+01
% -0.900274251107497E+00  0.394667732466337E+00  0.698595598071756E+00
%  0.169124319136496E+01  0.227878929490212E+01  0.352737289007512E+00
%  0.328913591091108E+01  0.181615212554308E+00 -0.110863287851901E+01
%  0.500037106399780E+00  0.237539464688179E+01 -0.114568056200494E+00
% -0.103102865666585E+01  0.790443107627021E+00 -0.166879666271754E+01
% -0.907645747737495E+00  0.394396204500682E+00 -0.477585063766166E+00
% -0.279244992374517E+00  0.329197243188841E+01 -0.360743895904558E+00
% -0.170714156589844E+01 -0.872944142590118E+00  0.108357649631051E+01
% -0.726456430384429E+00 -0.279076752862930E+01 -0.145174986507263E+01
% -0.155721935543591E+01 -0.146091531276701E+00  0.430793718832920E+00
% -0.209717225276025E+01  0.546430580131467E+00 -0.356010142805308E+00
% -0.322545722906195E+00  0.578256585388570E+00  0.170028387766593E+01
%  0.129862502055941E+01 -0.204464269874005E+01  0.392202632456378E+00
%  0.218269094342710E+00  0.186082868641651E+01 -0.247429353288517E+01
% -0.994066308721344E+00  0.110551855843925E+00 -0.776064985622353E+00
% -0.686474593401994E+00  0.373842109697387E+00  0.177022158882652E+01
%  0.395955291109307E+00  0.682292729259186E+00  0.216049396746675E+01
% -0.561043940794527E+00 -0.116381820467424E+01 -0.140078417784399E+01
%  0.830151587870713E+00 -0.718513426753871E+00 -0.101968211254297E+01
% -0.343172976680990E+00 -0.161302587429729E+01 -0.155501679358087E+01
% -0.449473409413797E+00  0.457171628087375E+00 -0.116299728224854E+01
%  0.767978797763207E+00  0.502932556716899E+00  0.292701580662144E+01
%  0.165404067771363E+01  0.123638046152653E+01 -0.641479952399895E+00
% -0.236885194109019E+01 -0.331122586372232E+00  0.228983186124389E+01
% -0.141057761100766E+01  0.915261755650400E+00 -0.529648408721100E+00
%  0.112359918123506E+01  0.591416003378236E+00 -0.213160454699074E+01
% -0.291693093316508E+00  0.298429819599792E+00  0.107217702137256E+01
%  0.575892867570952E+00 -0.155812703085396E+00 -0.150471156449543E+01
% -0.530163770699527E-02 -0.280228264878281E+01  0.541927997743816E+00
%  0.747455895475980E+00  0.993527640961365E+00  0.269287465485439E+01
%  0.160280486649577E+01  0.190440460455674E+01 -0.141112113919681E+01
%  0.155219465599740E+00 -0.108506261639756E+01 -0.560237365736734E+00
% -0.222885227944169E+01 -0.984008292422161E+00  0.527939533124447E+00
% -0.251320734565730E+01 -0.517637435989872E+01  0.433076733826840E+00
%  0.911170311817088E+00 -0.128338344942597E+01 -0.178738387132792E+01
%  0.788720718310427E+00  0.915939675179148E+00  0.303653049973112E+01
% -0.122971956500723E+01 -0.263474355100425E+01  0.106889159239233E+01
% -0.359378464062207E+00  0.203871004499810E+00  0.126169375819777E+01
% -0.104936367470045E+01 -0.151418272497988E+01  0.176600822263123E+00
% -0.545287701397116E+00 -0.198817839102979E+01 -0.473713186867214E+00
%  0.517654443219918E+00  0.862049242088300E+00 -0.131696349550778E+01
% -0.339946521931536E+01 -0.132930541805844E+01  0.157831467242688E+01
% -0.200214856927772E+01  0.541474402338242E+00  0.342303817641483E+00
% -0.576953422641735E+00  0.205315656036827E+01 -0.906407613722065E-01
% -0.500835726960703E-01 -0.379795541261963E+00  0.994389143062413E+00
%  0.177018499439008E+01 -0.213414130633837E+01 -0.260202172928076E+00
%  0.189014697032413E+00  0.177007528119559E+00  0.655511153096952E+00
%  0.940294324430239E+00 -0.148410639760530E+00  0.443186921651462E+00
%  0.895797922911974E-01 -0.149572451705988E+00 -0.233135974529251E+01
% -0.167172530572477E+01 -0.519406655465657E+00  0.157538553633736E+01
% -0.118631407198113E+00 -0.111276816312319E+01  0.109661875657045E+01
%  0.122029862482022E+01 -0.202183819238878E+01  0.137966439007998E+01
% -0.618865817471600E+00  0.685554135107596E+00 -0.119180665066768E+01
%  0.705733832985238E+00 -0.165701559660168E+01  0.672751318745246E-01
% -0.681949232839120E+00 -0.140675878092899E+01 -0.187965040750856E+00
%  0.112301546672188E+01 -0.836893064578488E+00 -0.103577193578778E+01
% -0.106534357219936E+01  0.417818788522601E+00  0.128674937992530E+01
%  0.333284759432200E-01  0.105550119270356E+01  0.317835891507536E+01
% -0.465888055023622E+00 -0.867031062551611E+00  0.114014722839336E+01
%  0.144322329005077E+01 -0.250786126755502E+00 -0.210629051246188E-01
% -0.896969942057472E+00  0.871009531706335E+00  0.105058061389739E+00
% -0.409073192774714E+00  0.131440292619831E+01  0.241308248315504E+01
% -0.170528662704118E+01 -0.186825339064733E+00 -0.577139965468890E+00
% -0.116483562945280E+01 -0.207798714451756E+01  0.335252274563454E+01
% -0.432127565575327E+00  0.163967756269847E+01 -0.110506609204149E+01
%  0.150287191750587E+01  0.127828152703971E+01  0.159471340161528E+01
%  0.203498749067034E+00 -0.131270201627683E+01 -0.842602817776523E-01
% -0.113644730030973E+01 -0.121330139517440E+01  0.629317436068448E+00
%  0.983966668869028E+00 -0.765142509132049E+00  0.411900356423983E+00
% -0.155432968700519E+01  0.494222145420608E+00 -0.786747237969441E+00
%  0.718566806491457E+00  0.219739935210773E+01 -0.145015803030729E+01
%  0.200361356093286E+01  0.173390002015125E+01 -0.857944563735684E-01
%  0.303213969472058E+00  0.507092824357204E+00  0.366503295140012E+00
%  0.861262787383082E+00  0.836873974138033E+00 -0.178452372955358E+01
%  0.233539366393567E+01  0.170260308897579E+01 -0.408223324216633E+01
%  0.129942357161016E+01 -0.110350899919538E+01  0.649185328267749E+00
%  0.889549338244011E-01  0.853552083703967E-01  0.213168326505046E+01
%  0.142892860521578E+01  0.969326437053160E+00 -0.717124351279577E-01
%  0.837615370497670E-01 -0.170954888408516E+01  0.177791064034009E+01
% -0.775849222244165E+00 -0.239757703487117E+01 -0.697918521104889E+00
%  0.198117547808858E+01 -0.841690706700985E+00  0.413721598637127E+00
% -0.127768373014668E+01  0.217726696078424E+01 -0.256910326959800E+01
% -0.276582104305696E+01 -0.108350423649642E+01 -0.329285826434752E+00
% -0.892324633022385E+00 -0.224253461703464E+01 -0.884372754932241E+00
%  0.106628768574442E+01  0.113482756889741E+01  0.112672521700227E+01
%  0.159755949345625E+01 -0.221716089022483E+01  0.132364200319414E+01
%  0.382867016783724E+00  0.721618954622396E+00 -0.260414255670731E+00
%  0.129939550170558E+00 -0.101243953769854E+01  0.102014910729442E+01
% -0.152046782742732E+00  0.788342229575504E+00  0.260425239658036E+01
% -0.284686372202088E+01  0.863320012238494E+00  0.119529651815555E+01
% -0.176083477682855E+01 -0.457457066466536E+00 -0.269664934510023E+00
% -0.169027249845217E+01  0.995091916446280E+00 -0.369652808320294E+01
% -0.708734633035053E+00  0.251630158921831E+01 -0.410586560653845E+00
% -0.539429535478771E+00  0.143166569909100E+00 -0.705586295167386E+00
% -0.212629144169634E+01 -0.157416913002864E+01  0.648035941014820E+00
%  0.120436895929088E+01  0.665006788744722E+00  0.118134575097740E+00
%  0.498275415856767E+00  0.387570184851730E+00  0.194149231258385E+01
% -0.115857714047601E+01 -0.987108387270505E+00  0.679930022710685E+00
% -0.708020942124234E+00 -0.984364259836369E-01 -0.166523854841371E+01
% -0.677682967868827E+00  0.215065795114356E+01 -0.251864387192986E+00
% -0.190276878567745E+01 -0.203412982615230E+01 -0.177326984344146E+01
%  0.274847226978032E-04  0.550073154676452E-01  0.118332883055232E+01
% -0.304827369720170E+00 -0.954023482149134E+00 -0.332328194417528E+00
%  0.171466085967678E+00  0.257720714171523E+00 -0.756716202417332E+00
% -0.343751320970989E+01  0.166490701206544E+01 -0.634137846759266E+00
% -0.200446906245014E+01  0.937545221480769E+00 -0.300566675519983E+01
%  0.172892034067435E+00  0.337812391830152E+00 -0.670305290654861E-01
%  0.318541927697382E+01 -0.242522318585263E-01 -0.828842728875384E-01
% -0.253511394832816E+01  0.965079661498476E+00  0.835403469198911E+00
% -0.341498359515226E-01  0.401743688016188E+00 -0.157344368852977E+01
% -0.230441837114775E+00  0.128287962506837E+01 -0.614427287887782E+00
% -0.824996858237271E+00  0.151393047357507E+01 -0.127668278150354E+00
%  0.156838844833919E+01 -0.125262045116154E-02  0.194941527275116E+01
%  0.157279722977468E+00 -0.211995637059531E+01  0.953908260659835E+00
%  0.271063333385410E+01 -0.361742723845093E-01  0.142027775742009E+01
% -0.485599557654456E+00 -0.112617379052005E+01 -0.591902970280764E+00
%  0.420359318943888E+00  0.866348709520039E+00  0.125386837438299E+01
%  0.341456181250380E+01  0.242936434959077E+00 -0.122118220823832E+01
% -0.128964119518669E+00 -0.514967696548788E+00 -0.284904331381916E+00
%  0.602052860733661E+00 -0.216963282673590E+01  0.229286713231251E+01
%  0.152833147256874E+01  0.271839802986595E+01 -0.150845793479514E+01
%  0.249955716074688E+01 -0.590337771743053E+00  0.280995838458084E+01
%  0.381332378131192E+01  0.133080584117384E+01 -0.175639444944280E+01
% -0.129371011051654E+01  0.841582103097692E+00 -0.523680422467132E+00
%  0.174693658391324E+01  0.469822112880050E-02 -0.910626597079300E+00
% -0.109969162705552E+01  0.208423101790928E+00 -0.631570162860983E+00
%  0.828157168493725E+00  0.630390859011678E+00  0.117113069497539E+01
%  0.106695830611470E+01 -0.133867945120527E+01  0.102529982128407E+01
%  0.136407819437516E+01 -0.151381508489737E+01 -0.186869299129695E+01
% -0.181089142138256E+01  0.273542636796888E+00  0.193764210460589E+01
%  0.563233050730395E-02 -0.669939869031333E-01  0.234513106390261E+00
% -0.357186887335730E+01 -0.800531991756330E+00 -0.932385988325636E+00
% -0.135390253647459E+01 -0.760595212539014E+00  0.385234995358413E+00
% -0.693307865571405E-01 -0.158962581267115E+01 -0.102501574155268E+01
% -0.599970328953011E+00 -0.926666441048094E+00  0.897764834752381E+00
%  0.191352928116314E+02  0.411463783096065E+01  0.197668088592109E+02
%  0.120964212425845E+02  0.141840962657982E+02 -0.103963174666233E+02
%  0.248444466364107E+02 -0.607915642352863E+01  0.868675986053157E+01
%  0.660831829511529E+01  0.758373933681435E+01 -0.111511076048046E+02
%  0.956786581266398E+01 -0.324121984901863E+01  0.510434076913312E+01
%  0.405362140782063E+01 -0.311256165699441E+01  0.151309540110159E+02
% -0.500727114403839E+01 -0.222423383269409E+01 -0.114642797707336E+01
% -0.337338645388118E+02  0.323567362272976E+02 -0.152424149394462E+02
% -0.482645895577000E+01  0.187082017308498E+02  0.210137410580813E+01
%  0.125024474380391E+01  0.823550572835858E+01 -0.142483090493747E+02
%  0.588917489326650E+01  0.100201946548407E+01  0.477297785196155E+01
%  0.128529377756459E+02 -0.404510348930020E+02 -0.157058292654069E+02
% -0.111228786025014E+02  0.156571847300680E+02 -0.325864366051269E+01
% -0.159851785483917E+02  0.765699532996924E+01  0.378776532433451E+01
%  0.361463459168195E+01  0.727477346468849E+00  0.467821620308129E+01
% -0.154318707838579E+02 -0.381066159478929E+01 -0.370271579382885E+01
% -0.209914548840937E+02 -0.331208165111843E+02  0.117514512162803E+01
%  0.786654271537642E+01  0.213234221546400E+02  0.149093943009843E+02
% -0.481593809671304E+01 -0.606096227098910E+00  0.376433438354555E+01
%  0.886354439835658E+01  0.840941297470019E+01  0.324264278889819E+02
% -0.275420463431877E+01 -0.605665135133038E+01  0.678608847025343E+00
% -0.150749793467256E+02 -0.873087777108171E+01 -0.114165206787893E+02
%  0.506993723165257E+02 -0.172757581777901E+02 -0.832917489587254E+01
%  0.290894311532643E+02  0.563382199009086E+01 -0.647391489759111E+01
% -0.346790240028275E+01 -0.135152492363140E+01 -0.616461276093463E+01
%  0.373465275264256E+02  0.169297278643031E+02 -0.298545555050548E+01
% -0.496676634833067E+01 -0.498097631659041E+01 -0.273046992244354E+01
%  0.583782747491355E+01 -0.245001363854790E+02 -0.100846556137634E+02
%  0.224541378292840E+01  0.286051976620225E+01  0.131570420620272E+01
%  0.346541224603039E+02  0.193530001277433E+02 -0.186486342538741E+01
%  0.229375507544749E+02  0.958705319622297E+02 -0.177062002561803E+03
%  0.757603043599561E+01  0.110801804110289E+02 -0.203136989793025E+01
% -0.414169681830697E+01 -0.359679967681522E+01  0.140617915503160E+01
% -0.243104356810469E+02  0.193726294244383E+02  0.690311891531383E+01
% -0.309037589052077E+02 -0.149257271759380E+02  0.479477483487012E+02
% -0.269917894741213E+01  0.121858374108350E+02 -0.648511385276181E+01
% -0.292882119630663E+02  0.915881746316460E+01  0.419041606778003E+01
%  0.509609786553672E+01 -0.221064371658043E+02  0.622447716623092E+01
% -0.299698786871408E+01  0.119116781387228E+02  0.197117748885615E+01
% -0.203025649373750E+01 -0.436691639574997E+01  0.256332160130582E+01
%  0.129319255365557E+02  0.909953832584469E+00  0.355600588735430E+02
% -0.815091791365323E+01  0.438405664235424E+01  0.206100180142659E+02
%  0.795165242237842E+01  0.133781354766665E+02  0.543522780920065E+01
%  0.730828166376265E+01 -0.149388844843642E+02  0.461709056477403E+01
% -0.110441672468406E+02 -0.496184585563406E+00 -0.566578276192504E+01
% -0.554571269025169E+00 -0.978259722840739E+01 -0.295186199361332E+00
%  0.168071171097620E+02 -0.209122028636341E+02  0.204178295671030E+02
%  0.735637223671793E+01 -0.235792960433979E+02  0.442063879782907E+01
% -0.564448534369663E-01  0.113187133435874E+02 -0.166827559108539E+02
%  0.457535721046351E+01  0.327477260424207E+01 -0.154820421569544E+02
%  0.196089401804394E+02 -0.436988201541742E+01 -0.157740866076707E+02
% -0.125875587629764E+01 -0.737659248001392E+00  0.939681519515759E+00
%  0.338680738319443E+00 -0.366573624305516E+01 -0.124696444669177E+01
%  0.421647358119428E-01 -0.118328046429267E+01  0.576144927605064E+01
%  0.728039391107898E+01  0.146134912991222E+02 -0.112440730604180E+02
% -0.394869600004270E+01  0.495281541244483E+00 -0.638641069897724E+00
% -0.261986580410819E+02 -0.315897984208594E+02 -0.747113288314446E+01
%  0.700422552033015E+01 -0.124810674756527E+01 -0.339490936185574E+01
%  0.973255257901867E+01  0.489781025428100E+01 -0.369304514692507E+01
%  0.630664740158520E+01 -0.918148260648589E+01 -0.446868183745568E+02
% -0.712811261991315E+01 -0.221058206488942E+02 -0.700987694526305E+01
%  0.959223709245264E+01  0.360665456652231E+02  0.258059274963764E+02
% -0.398614189665307E+01 -0.442572118305084E+01 -0.326698395598487E+00
%  0.373030226712431E+01  0.387343157418313E+01 -0.222393021128349E+02
% -0.535076041176655E+01  0.296858246378562E+02 -0.951994036792836E+01
%  0.128117406876759E+02  0.916710556648479E+01 -0.237627017127423E+02
% -0.112049706234764E+01  0.257489986271791E+00  0.400972233255651E+01
%  0.245534764257591E+01  0.382129695229725E+01  0.174027912768667E+02
% -0.451696489607687E+02  0.152799972255751E+02  0.458336769473853E+02
%  0.889680414614038E+01 -0.135515207026563E+01  0.888061763976487E-01
% -0.778972058975134E+01 -0.467324029684549E+01  0.558439231792893E+01
%  0.784842357707974E+01  0.184091568705520E+01 -0.635864030142558E+01
% -0.201207993298119E+02 -0.146303762596558E+02  0.203760621328225E+02
% -0.373918221122789E+01 -0.408012553536828E+01  0.654078895766202E+00
% -0.587241896797781E+01 -0.191364166862436E+01 -0.172006265194081E+02
%  0.494046666864136E+00  0.158150168322342E+01  0.112884123650566E+01
%  0.144057251038213E+01 -0.323933816105739E+01  0.110368775322453E+02
%  0.147056760980629E+01  0.201603504195808E+01  0.346767902336573E+01
%  0.527670513958250E+01  0.655754612622515E+01 -0.134470902304252E+02
% -0.308682160454626E+02  0.143230970817342E+02  0.113811067582851E+02
% -0.526900833366603E-01 -0.451008659350721E+00  0.240159963963881E+01
%  0.198687962489723E+02 -0.149679414305566E+01 -0.408493389459405E+02
%  0.406068612217250E+01  0.133764506813159E+02  0.921016435295660E+01
%  0.129842043120262E+02  0.128835324259766E+02 -0.272532132908877E+02
%  0.509858489055212E+01 -0.926403224888061E+01  0.526337264159777E+01
% -0.156178472437639E+01 -0.196246338263278E+01  0.184424314902889E+02
%  0.115232876643667E+02  0.789030565951504E+01  0.115031519803475E+02
% -0.162643286747938E+02 -0.449849540050123E+01  0.646995217675355E+00
%  0.227947023791504E+02  0.211629913844260E+01  0.827257184173364E+01
% -0.266601414700088E+01 -0.165183986881420E+02  0.231972032621249E+02
%  0.173260073800111E+02 -0.659348651603721E+01 -0.129492646898878E+02
% -0.998382158061074E+01 -0.143514419873451E+02  0.313603940952118E+02
% -0.751596976658595E+00  0.315297286940064E+01 -0.587086784951841E-01
%  0.185789909369181E+02  0.369842818703877E+02  0.123973716246925E+02
% -0.370629520748619E+01  0.374514868303351E+01 -0.112524890585375E+01
%  0.857028172271626E+01  0.269405674969418E+02 -0.545773242175117E+00
%  0.322149324782209E+02 -0.338775963098418E+02 -0.242099475026070E+02
%  0.576267436058434E+01  0.658482437921801E+00 -0.492523176901266E+01
% -0.239784638227942E+01 -0.187055120418084E+01  0.113978811052802E+01
%  0.813574752125994E+01 -0.658890978613232E+01 -0.136880991606758E+02
%  0.101370322455717E+02  0.770946185420675E+01  0.514532315732978E+00
%  0.167864939461729E+02  0.691446754840203E+01 -0.414889111679815E+02
% -0.106913943488943E+02  0.538850801847200E+01 -0.933957470649464E+01
%  0.569009347983228E+01  0.142158725054783E+02  0.268982820214758E+02
% -0.427697783389798E+01  0.923377491227199E+00 -0.358533086196957E+01
% -0.693635941790711E+01  0.176822924804564E+02 -0.738578446618373E+01
%  0.129882255047358E+02 -0.787680462080356E+01 -0.122675322338956E+01
% -0.891761355001664E+01  0.766449966044150E+01 -0.425764603447839E+01
% -0.752989448375189E+01  0.843221597560237E+01  0.947962561048480E+01
% -0.483328138389766E+00 -0.310482275470282E+02  0.117979321463705E+02
%  0.106554341347717E+01 -0.673692558117632E+01  0.548587629581724E+01
%  0.105456473789529E+01 -0.280518038003620E+01 -0.255634810464645E+01
% -0.297219077102035E+02  0.231388224462243E+02  0.211559754630427E+02
%  0.257067643014776E+01 -0.516148527705494E+01 -0.707443895198431E+01
% -0.271115315418304E+01 -0.133973037617392E+01 -0.949673944174335E+01
% -0.488265825071790E+01  0.893934523008268E+00 -0.364888367918245E+01
% -0.311587756116395E+02  0.672342364620435E+02  0.181867391362633E+02
% -0.439272471631967E+01 -0.217502678300766E+02  0.127029279333010E+01
% -0.969496741303770E+01  0.158720792601102E+01  0.291202961082068E+02
% -0.688531973214161E+01 -0.122477705363893E+02  0.107926903905453E+02
%  0.130893862446614E+02 -0.168597190561230E+02  0.161651841577473E+02
% -0.314529417085289E+01 -0.394167722343610E+01  0.757056883515810E+00
% -0.226860176400921E+02 -0.924310040911131E+01 -0.104449021382579E+02
%  0.153759600091055E+02  0.382638948937349E+01 -0.608328939226751E+01
% -0.340141873256274E+01  0.457839089073772E+02 -0.152421474191871E+01
%  0.587535987991676E+01  0.189678593572495E+01 -0.164997131027336E+02
%  0.313940891153230E+01 -0.202750156558907E+01 -0.564657641379783E+01
%  0.355357123429576E+01  0.650627104492728E+01  0.163601869480265E+02
% -0.169520558273068E+00 -0.878186101968280E+01 -0.468018503398652E+01
% -0.734174496986854E+02 -0.217254081228958E+02  0.223657185473644E+02
%  0.882241861183352E+01 -0.412200740171243E+01  0.669734626722626E+01
% -0.151351126227464E+02 -0.167711237135534E+02 -0.232630433894771E+01
%  0.405987002532485E+01 -0.248592166059975E+01 -0.654901568043124E+01
% -0.478706530699719E+01  0.178990919597768E+02  0.399869459846039E+01
%  0.177740701184262E+02 -0.131775441157044E+02 -0.138451969050473E+01
% -0.780108358873294E+01 -0.110888618137493E+02  0.883268006438738E+00
%  0.218085920319243E+02 -0.499662926927405E+02  0.967149813269088E+02
% -0.223023394887632E+02 -0.606263207939088E+02  0.283722300732199E+02
%  0.195342546907007E+02  0.112297334823372E+02  0.138388015869219E+02
% -0.116429507184281E+02 -0.599913773006866E+02 -0.356780714745655E+02
% -0.450900934933524E+01 -0.911310732486388E+01  0.252017723847277E+01
% -0.203331294776363E+01 -0.910485200077777E+01 -0.937414777131071E+00
%  0.129450599872544E+02  0.967410191211581E+01  0.236628772470597E+02
%  0.231291074819479E+01  0.208002581573720E+01 -0.337255972110027E+01
%  0.441357328796655E+01 -0.213024870895062E+02 -0.163045299050309E+02
%  0.484859889399082E+01 -0.153627418657865E+02 -0.870013966257434E+01
% -0.615446896153580E+02  0.227612484342920E+02  0.200870170393028E+01
%  0.252654009255787E+02 -0.330687060144308E+02  0.251742921506161E+01
% -0.148434523826223E+01  0.544736311819484E+00 -0.783726556313340E+01
%  0.388298049355077E+02 -0.152915561689512E+02 -0.213281003353905E+02
%  0.487941448627450E+01 -0.331995746040090E+01 -0.230240519306672E+01
% -0.167581877878437E+01 -0.159626852258321E+02  0.249158290468031E+01
% -0.107734639152779E+02  0.128420855513181E+01  0.188862880133580E+02
%  0.954674598862776E+01 -0.301432718150987E+01  0.127898608882022E+02
% -0.147037071501334E+02  0.241085018101727E+02 -0.564981100345308E+01
%  0.378487395536763E+01  0.109237925122048E+02  0.110492420700457E+02
%  0.115422143811235E+02 -0.261844749378829E+01  0.774097926127758E+00
% -0.385284746570067E+02  0.430439964114997E+02 -0.861187361412370E+02
% -0.198659290313563E+02  0.699507465837616E+01 -0.175660047619195E+02
% -0.203323411380805E+02  0.114198721469748E+03 -0.238836541305381E+01
% -0.875821617277577E+01  0.230814839851946E+01 -0.186274497104723E+00
%  0.123604797267088E+02 -0.606635903767167E+01  0.603068237289077E+01
% -0.390972035657186E+01 -0.312146242228101E+01  0.205842325491426E+02
% -0.411606724126933E+01 -0.803564795933839E+01  0.674254513734741E+01
% -0.254806626905025E+02 -0.245791877713532E+01 -0.100384554103506E+02
% -0.154868225151187E+01 -0.880450105170132E+01  0.575544512239791E+01
%  0.724777292865116E+02  0.197247592315872E+02 -0.479421881835444E+02
% -0.538276133592558E+01  0.191404207020468E+02  0.258677737279615E+01
% -0.124768505042617E+02 -0.263051626308948E+01  0.358577919983793E+01
%  0.126006930846935E+02  0.198468889151770E+02 -0.757679875223348E+01
%  0.571910565275598E+01  0.290181160263364E+02 -0.559001419750112E+00
% -0.482129876899013E+01 -0.136857609194265E+02  0.547897650293638E+01
%  0.318077079776686E+02 -0.159241083678437E+02  0.204226607093679E+02
%  0.156430787019030E+02  0.784882133810895E+01 -0.225531924362698E+02
%  0.157637652801471E+01 -0.822982625308644E+02 -0.229513026747684E+02
% -0.410465420267807E+01 -0.557837758006439E+01 -0.475783270794478E+01
%  0.109080025488132E+01  0.389552661161857E+01 -0.328646281328362E+01
%  0.444378923167877E+01 -0.209426456871869E+01 -0.427551662145332E+00
%  0.102054471470811E+02 -0.573124413604228E+01  0.147372775913982E+01
%  0.826552807200651E+01  0.622833993891128E+01  0.171761743362775E+02
%  0.638757881596355E+02 -0.494790325052703E+02 -0.122017300255224E+01
% -0.573997125449121E+01 -0.125242635858912E+02 -0.220550741841714E+00
% -0.116841557198813E+02 -0.549633451070653E+01 -0.581704582339717E+01
%  0.144892737835461E+02  0.231652348991318E+02 -0.182786492745957E+02
%  0.123338530074650E+02  0.226307623122640E+02 -0.639973905362286E+01
% -0.696330474835751E+01 -0.342367057860213E+02 -0.606632536528157E+01
% -0.138296363781759E+02 -0.124731925183264E+02 -0.201336210777140E+01
% -0.212315182325839E+02  0.106774660912982E+02 -0.185264997865256E+01
%  0.125825562549208E+00  0.295760394130977E+01  0.115118999572781E+01
% -0.274330107964037E+02 -0.435554941194491E+02  0.862471445015806E+01
%  0.178540497743562E+02  0.106617668258095E+02  0.502561277471356E+00
%  0.170958002437652E+02 -0.432186825507805E+01  0.619263686132748E+01
%  0.469735554978902E+01 -0.314937423014510E+01  0.170218659879345E+01
% -0.569912570263829E+01  0.124743288291728E+01 -0.278408137901825E+01
% -0.766604988373283E+01 -0.719994777990361E+01 -0.321336465863865E+02
% -0.895193082625355E+01  0.161256627441355E+02  0.251222447580241E+02
% -0.859655350160114E+00  0.235452504922888E+00 -0.175890615409065E+01
%  0.101608662022668E+00  0.143977231602756E+01  0.108231467587865E+02
% -0.598434016326900E+01  0.108033132690916E+02 -0.299488750113968E+01
% -0.475784450902512E+01 -0.349350853612160E+02 -0.292942238492720E+02
%  0.300720395832922E+01  0.389902588554033E+00  0.225646579896638E+00
% -0.278131036444672E+02  0.386827756472244E+02 -0.296287981041319E+01
% -0.112118812730734E+02 -0.531751029159723E+01  0.232647509233257E+02
% -0.122372492108297E+02 -0.127546109514048E+02 -0.195249204689601E+02
% -0.791345005728147E+01  0.877205568670576E+01 -0.667838263610302E+00
%  0.186712704567875E+02  0.318309933209163E+02 -0.618613183518865E+01
% -0.806038803772321E+01  0.168465498003911E+02  0.149643435296978E+02
%  0.305756620449520E+02 -0.786723486651105E+02  0.126914978531070E+02
% -0.125575166098016E+02  0.311356039052326E+01 -0.151948125764715E+02
%  0.199607199236074E+02  0.153803946695254E+02  0.101980009844242E+02
%  0.376039565089244E+02 -0.292664437177074E+01  0.185997135519335E+02
%  0.461137714684851E+01 -0.599575972752414E+01  0.776555883502159E+01
% -0.809223529189783E+01  0.157739266884359E+01  0.608755809476947E+01
% -0.909631583740828E+01  0.313894629767857E+02 -0.102200229606070E+02
% -0.174637169819308E+02 -0.117689410968844E+02 -0.802807302495661E+00
%  0.934947823791659E+01 -0.159481811023665E+02  0.103424589832360E+02
%  0.112746542003649E+01 -0.288902490995362E+00 -0.119385274767889E+01
%  0.513978207931387E+01  0.270265055276577E+01  0.104474758066084E+02
% -0.147604246731453E+02  0.448854611232384E+01 -0.297567974413873E+01
%  0.132461685835729E+02  0.135838629955721E+02 -0.608664278547978E+02
% -0.116256134335713E+01  0.286777730540443E+01  0.110902511783562E+02
%  0.157534709343542E+02  0.120688713291188E+02 -0.485174616840738E+02
%  0.196298084726681E+02  0.516016687034245E+00  0.415698919664137E+01
%  0.254409283853353E+02  0.133883497669320E+02  0.432965486624056E+01
% -0.342390639733587E+01 -0.229672645879861E+01 -0.183001210546212E+02
%  0.132231059311971E+02 -0.944542914801309E+02  0.165665801876884E+03
% -0.161721125231180E+02  0.141802192834498E+02 -0.782127726330433E+01
%  0.140894193781374E+01 -0.306712194009521E+01  0.219444886798591E+01
%  0.199627414577219E+02 -0.763784649028516E+01 -0.195099291391375E+02
%  0.260275485795720E+02  0.325059109550244E+02 -0.439245567681596E+02
%  0.128523791912214E+02 -0.946923192138765E+01  0.116802421339264E+02
% -0.841814370200935E+01  0.951751353143316E+01  0.168840730312234E+02
% -0.446468923604013E+01 -0.562727050177843E+00  0.175885914888726E+02
%  0.256893041129030E+01  0.777039912719781E+01 -0.178638792264156E+01
%  0.796056542432893E+01 -0.325150917278179E+02  0.103589565024570E+02
% -0.133901996694689E+02 -0.135334859009290E+02 -0.191141811860629E+02
%  0.273162211575519E+02  0.885177568071793E+01 -0.240475525097943E+02
% -0.245879996775154E+02 -0.290495805498753E+02  0.113502518812206E+01
%  0.388303005537461E+01 -0.390958945276015E+01 -0.449396987890429E+01
% -0.441661026553945E+02  0.124903663424679E+02  0.217068220857231E+02
%  0.186094522821816E+02 -0.286112042168621E+01 -0.476895199887934E+01
% -0.127667598444140E+02  0.147814523709679E+02 -0.100043199214136E+02
% -0.421575377931060E+02 -0.177906958540137E+01 -0.130484812177769E+02
%  0.161030064336003E+02  0.128932794508035E+02 -0.146848938928530E+02
%  0.549617951317154E+01 -0.756612199247255E+01  0.235057559573845E+02
%  0.702119319849586E+01  0.261275005775054E+00  0.800557794804860E+01
%  0.960867567422562E+00  0.724732151133254E+01 -0.331644698025193E+01
% -0.184016410002137E+02 -0.440648831964399E+01  0.179009722035501E+02
%  0.141977670593487E+02 -0.357291548614349E+02 -0.249074814280860E+01
% -0.122536715722595E+02 -0.370103243751321E+01  0.304741473599670E+01
% -0.191573783308307E+02 -0.182134901578620E+02  0.104924298066737E+02
% -0.686754723249709E+02  0.550906065495964E+02 -0.322001993136723E+01
% -0.172106507775908E+02  0.154019455651994E+02  0.118201025077451E+02
% -0.589552817202097E+02  0.119133260463953E+01  0.168748835851620E+02
% -0.137883881905081E+02  0.173153654413206E+02  0.102658704653508E+02
%  0.117990306448851E+02  0.128759423703945E+02  0.369080042318554E+01
