% T    256  0.715122828077254E+01  0.715122828077254E+01  0.715122828077254E+01
  -0.208163482341821E+01  0.130586254632752E+01  0.233747911773453E+01
  -0.272484127094636E+01 -0.373888501128729E+00 -0.344816874540025E+01
  -0.284657099281170E+01  0.278555647732362E+01  0.316141562144765E+01
   0.293288482401445E+01 -0.218716643437741E+01 -0.176662091865415E+01
   0.239595259749873E+01  0.287693668036448E+01 -0.847334512589000E+00
  -0.159428927091757E+01  0.601698035310694E+00 -0.252240293122394E+01
  -0.141591265645531E+01  0.318933155214168E+01  0.431306153653950E+00
   0.298630008908090E+01 -0.775788645429557E+00 -0.209934896235586E+01
  -0.147823757134099E+01 -0.273967441395720E+01  0.159922518023039E+01
   0.294227784724348E+01 -0.176114549596259E+01 -0.542755110228289E+00
   0.130869358597471E+01 -0.327929570482616E+01 -0.308777043127142E+01
   0.256714868975483E+01 -0.337213642441508E+01  0.155498542788919E-01
   0.769185192201729E+00  0.118513038713736E+01  0.339767417864002E+01
  -0.220782535982376E+01  0.286750441472083E+01 -0.137247852870350E+01
  -0.621798631925421E+00  0.326224276483379E+01 -0.288307218713491E+00
  -0.264038326543767E+01 -0.670722735015412E+00 -0.178217939839117E+01
   0.178079249340277E+01  0.984025837380509E+00 -0.209585274321842E+01
   0.232000117375599E+01  0.198616490694451E+01  0.118422535549197E+01
  -0.235409958450271E+01 -0.210492840339346E+01  0.300792687354681E+01
   0.287084262520580E+01 -0.205191164358681E+01 -0.353864752448289E+01
   0.485242505155294E+00  0.325811061834359E+01  0.201509063665778E+01
   0.142598264169211E+01 -0.247833788396739E+01  0.143582690789237E+01
  -0.351860424788857E+01 -0.536806278784667E+00  0.681843696717826E+00
   0.679742749334150E+00 -0.693499336912444E+00 -0.670560860733694E+00
  -0.181364394525446E+01 -0.204281245629713E+01 -0.228664409652566E-01
  -0.125409002697995E+00 -0.206249334049319E+01 -0.639248177123256E+00
   0.127926519530668E+01 -0.134955435016456E+00  0.605352870988316E+00
   0.254433351024262E+01 -0.245492940997180E+00 -0.333199784223490E+01
   0.194346269972142E+01 -0.969494954692773E+00 -0.241420042636125E+01
   0.797489014339228E+00 -0.289362333718380E+01  0.253234371652537E+01
  -0.352568457861908E+01 -0.114719054032927E+01 -0.116148878986531E+01
  -0.343010002082758E+01  0.100142583117725E+01 -0.148415205429616E+01
  -0.556790776322618E+00  0.306699447171402E+01 -0.355754294104453E+01
   0.312213466218493E+01  0.447047682816565E+00  0.757613074110018E+00
   0.346742945378956E+01 -0.113635693984622E+01  0.305961802411134E+01
  -0.200122487639665E+01 -0.309839952223531E+01  0.795340248576544E+00
   0.189109961068267E+01 -0.312161191956199E+01  0.711517629551887E+00
   0.610302034329787E+00  0.217404929564890E+01  0.177654270901434E+01
   0.156957276230850E+01  0.840874969948753E-01  0.352866619810221E+01
  -0.135181011213261E+01 -0.137607484535717E-01  0.620866064993812E+00
   0.167210756452726E+01  0.135990704829318E+01  0.165450240658893E+01
  -0.206248691843731E+00  0.265462330427957E+01  0.244316176994793E+01
  -0.466101237776752E-02  0.264802217861502E+01  0.105405638498125E+01
   0.298992197240642E+01  0.162685819405251E+01  0.333588570143848E+01
   0.179755334707678E+01  0.203301543118445E+01 -0.153894505337682E+01
   0.105239911114720E+01 -0.234368721486206E+01 -0.269465331077658E+01
  -0.234267655368188E+01  0.291017589915596E+01 -0.287640575089955E+01
  -0.107759702327527E+01  0.310260311583465E+01  0.141534119904031E+01
   0.311726174841031E+00  0.213175374768067E+01 -0.180278810502809E-02
   0.945709739241456E+00 -0.277145026067472E+01 -0.157566151972896E+01
  -0.193522873163998E+01  0.235352055302651E+01  0.111170508164511E+01
  -0.247120354690649E+01 -0.111873786481160E+01  0.250399213367053E+01
   0.303943228437272E+01 -0.352347965422716E+01  0.310752439396294E+01
   0.244894970209468E+01  0.183494388718944E+01  0.245481122667536E+01
  -0.548344629180141E+00  0.367367610473497E+00  0.160466305098155E+01
   0.300773884087489E+01  0.184169221882028E+01 -0.199836517954034E+01
   0.808703380832568E+00  0.235251665504440E+01 -0.214186596863408E+01
   0.302520030679602E+00  0.308609014176470E+01 -0.708700162644216E+00
   0.843676440800170E+00  0.134127152310782E+01  0.104949368517283E+00
  -0.982858232842401E+00  0.209827316144626E+00 -0.347284569223374E+01
   0.344043396236605E+01 -0.984073529593083E+00  0.171182076251635E+01
   0.173602494320056E+01  0.224194179818184E+01  0.339649943384919E+01
   0.383631666386815E+00  0.266504549205154E+00 -0.326179088711091E+01
   0.222402979433641E+01  0.213888483658370E+01 -0.275980291713294E+01
   0.127411096960085E+01  0.279194768240426E+01 -0.962225885915372E-01
  -0.478331255183175E-01 -0.120144650115186E+01  0.261471763701080E+01
   0.753185227041551E+00 -0.121874605685689E+01 -0.196239451313462E+01
  -0.311892836677525E+01 -0.180471215567347E+01 -0.479551306652311E+00
   0.245457041697551E+01  0.339063004994943E+01 -0.318121459397519E+01
  -0.175013915428369E+01 -0.228226438010043E+01 -0.262996199285091E+01
  -0.239437943323789E+01 -0.948969132506205E+00  0.417882098223919E+00
  -0.137994423285036E+01 -0.196081868715015E+01  0.917820730116435E+00
   0.315623444701571E+01  0.237292259814377E+01 -0.306327026816244E+01
   0.293202099781242E+01 -0.276978014986773E+01 -0.853899705983732E+00
   0.544906773438274E+00  0.599748045538977E+00  0.184330824479787E+01
   0.242277257004585E+01 -0.224063066808714E+01  0.265156836323123E+01
  -0.356395806372754E+01  0.242693770561293E+00 -0.324069482228659E+01
  -0.693267146029482E+00 -0.308418220414241E+01 -0.232143693318359E+01
   0.351363803844727E+01  0.344381586900370E+01  0.325060590655476E+00
  -0.288432360458710E+01  0.138523262785556E+01  0.144064822762596E+01
   0.220120200778630E+00 -0.170638306736835E+01 -0.274910629526671E+01
   0.120945000790351E+01 -0.145017473420571E+01 -0.311289637282164E+01
  -0.369398599108507E+00 -0.313684148930916E+01  0.311325130143981E+01
  -0.327277080657921E+01  0.105966924105392E+01  0.289226455380637E+01
  -0.103847413236149E+01  0.208884070692971E+01  0.408801024253631E+00
  -0.176435121843791E+01  0.147404519887347E+01 -0.391211861707865E+00
  -0.944679554711464E+00 -0.147177206941778E+01 -0.913963820129335E+00
  -0.271217901075204E+01 -0.245671939872359E+01  0.276272676087038E+00
   0.506649459931002E+00 -0.146402010801092E+01  0.176476801708332E+01
  -0.147355104052509E+01  0.116263413120664E+01  0.819851365805061E+00
  -0.376342318427179E+00 -0.345359359695302E+01  0.900357838371958E+00
  -0.744784127059302E+00 -0.237706143865740E+00 -0.226699271928570E+01
  -0.154596666792503E+01 -0.493058412130306E+00 -0.523435074923825E+00
   0.182899958368568E+01 -0.158092041489524E+01  0.847774666149967E+00
   0.318763219027871E+01 -0.106075551009809E+01 -0.312879158043848E+01
  -0.228126132170450E+01  0.486389913436894E+00 -0.645050634469028E+00
  -0.121690567609278E+01 -0.112274226613199E+01  0.480688756279570E+00
  -0.206001458192627E+00 -0.106424110040492E+01 -0.215767119100434E+00
  -0.531692995466764E+00 -0.332258263571153E+00  0.303011159568096E+01
  -0.272250947270751E+01  0.305918387624802E+01  0.916743190725160E+00
  -0.257659897030896E+01  0.564599323166653E+00 -0.288853925512588E+01
  -0.670010490231908E+00 -0.219572086602289E+01 -0.171601633822466E+01
  -0.336088062654949E+01  0.156032953871752E+01 -0.256845330670864E+01
   0.675970792145367E+00  0.548099026392161E+00 -0.324825101469381E+00
   0.163612735242752E+01  0.292501721336935E+01 -0.267983442159139E+01
  -0.263038157052416E+00  0.272059102000377E+01 -0.151543005062774E+01
  -0.100883953720786E-01 -0.802618285883629E+00 -0.301786107308226E+01
  -0.345258875533657E+01  0.201385916390046E+01 -0.971934538186319E+00
   0.506264490044745E+00  0.146962843476807E+01 -0.174205535125107E+01
  -0.215040030785933E+01  0.155690543877229E+01 -0.251903734384655E+01
  -0.166644785138143E+01 -0.177293232652297E+01  0.201002546702865E+01
  -0.890547586189268E+00 -0.289291233034722E+01  0.277223524565244E+00
   0.300280722384154E+00  0.302546637337210E+00  0.974552800029087E+00
  -0.170512935414439E+01  0.281723110391383E+01  0.334786508799147E+01
  -0.131618595612592E+01 -0.900826682960907E+00  0.257770494494686E+01
  -0.198256018086041E+01 -0.126070309976340E+00  0.306674617341154E+01
  -0.417428398446972E-02  0.152569104260485E+01  0.242597639583181E+01
   0.140975863728838E+01 -0.352833702672845E+01  0.190951301861550E+01
  -0.123832563197333E+01  0.329848381628008E+01  0.248278059523496E+01
  -0.136530521377974E+01  0.231528722761478E+01 -0.164584041356083E+01
  -0.324992163711228E+01 -0.244805481459159E+01  0.356011733180337E+01
   0.636992728005485E-01 -0.311266806485253E+01 -0.256736913289647E+00
  -0.876366311968565E+00 -0.212575229806848E+01  0.273691140302390E+01
  -0.117191285710586E+01  0.249348948103334E+01 -0.290597542159218E+01
   0.352465190852003E+01  0.202390029735267E+01  0.254915209776359E+01
   0.291492626514742E+01 -0.277066886339932E+01 -0.290800851056708E+01
   0.247397826331862E+01 -0.323318086859007E+01  0.223178511707300E+01
   0.906157928823156E+00 -0.229568253544419E+01 -0.495642658533460E+00
  -0.318093405912067E+00 -0.336171451829208E+01 -0.133105503624658E+01
  -0.313133550482085E+01  0.154355474957998E+00  0.156538820647554E+01
  -0.315978239805394E+01  0.235096957736156E+01  0.125128046121619E+00
   0.180355657671687E+01 -0.203554817882553E+01 -0.194236402140567E+01
   0.227723896928230E+01 -0.577029764560567E+00  0.599644476367187E+00
  -0.226671222768403E+01  0.152612408261461E+01 -0.133807122792980E+01
   0.190161486309127E+01 -0.840559659685537E+00  0.293936790957226E+01
   0.712440117275379E+00  0.341772287325922E+01 -0.204681418620107E+01
   0.257420419560084E+01  0.314313159708819E+01 -0.191711816262000E+01
  -0.157385296772903E+01  0.342218525955339E+01 -0.232192434173291E+01
   0.234871294832345E+01 -0.113638462272197E+01  0.205387942020309E+01
  -0.101984914449333E+01  0.204786652104374E+01  0.165621686324148E+01
  -0.153542780913698E+00  0.113583476128350E+01 -0.960378003281401E+00
   0.896803519832342E+00 -0.103738329420322E+01  0.312960714934566E+01
  -0.266924261045640E+01 -0.338162059550873E+01 -0.649670604254175E+00
  -0.318495696880144E+01  0.315991703350799E+01 -0.143124752032098E+01
  -0.108055475553632E+01  0.629260547237879E+00 -0.557689547352919E+00
   0.128046640536001E+01 -0.914421984828320E-01  0.247221716627193E+01
  -0.495228560537013E+00  0.146235299603781E+01  0.350209631522959E+01
  -0.790567580982346E+00 -0.866556448861318E+00  0.144499118089075E+01
  -0.227488171174002E+01 -0.322269532359191E+01 -0.170900864459787E+01
   0.212582925947210E+01  0.293498752347360E+01  0.995887538174781E+00
  -0.243835831617881E+01  0.153975852977843E+01  0.611439509296281E+00
  -0.172960562868894E+01 -0.224694904682617E+01 -0.124853724354475E+01
   0.195914479677327E+01 -0.310049168211852E+01 -0.224878984523855E+01
  -0.993806538701966E+00  0.689118047593300E+00  0.276637213134346E+01
  -0.146614471311864E+01  0.993235838220600E+00 -0.153309616340473E+01
   0.938106244781948E+00  0.652174164631001E+00 -0.128078135316034E+01
   0.185570196407331E+01  0.683833499302517E-03 -0.240157691459259E+01
   0.121208202388111E+01  0.169442969691040E+01 -0.280721653039836E+01
   0.198089301174333E+01  0.315994723731952E+01  0.301767068228309E+01
  -0.112075654515033E+01 -0.279272023155364E+01 -0.641038319490835E+00
   0.154926865566244E+01 -0.335252327737037E+01 -0.402553099637556E+00
   0.688000621860630E+00 -0.177154551644806E+01  0.671222136758084E+00
   0.358030995933059E+01  0.582334821638136E-01 -0.106525986410801E+01
   0.237144993321428E+01 -0.639541770741355E+00 -0.130323557908559E+01
  -0.165193206377302E+01 -0.176773448672990E+00  0.181670315824510E+01
   0.722181119214148E+00 -0.218431209009445E+01  0.349251878549426E+01
   0.185836696370186E+01  0.964878616278375E+00  0.265702990250643E+01
   0.191503036525842E+00 -0.298502720583982E+01 -0.292758627203834E+01
   0.321151066112292E+01  0.125950820631735E+01  0.163480909542196E+01
  -0.214058905384154E+01 -0.131852908843257E+01 -0.563447829127264E+00
   0.725209790581968E-01  0.197042640033145E+01 -0.270625395666845E+01
  -0.246270736325038E+01  0.467529057528152E+00 -0.178856771334385E+01
  -0.277514356601920E+01  0.214381496171343E+01 -0.191238185960024E+01
   0.170755442738521E+01  0.329937434110967E+01 -0.155569130280177E+01
  -0.507127229594635E+00  0.178815074054809E+01 -0.176448376695401E+01
   0.163080641636533E+01 -0.768851577716498E+00 -0.249724062936688E+00
   0.209725663496917E+01 -0.227059313951904E+01 -0.282200948810479E+01
   0.182578731910873E+01  0.605351580465138E+00  0.638463996034577E-01
   0.271152338542980E+01  0.196366781103866E+01 -0.928957007857062E+00
  -0.238190296669281E+01 -0.271406833016788E+01  0.214967843834204E+01
  -0.316152812837159E+01 -0.348564206758543E+01 -0.329028228239074E+01
  -0.104838192833884E+01 -0.132306032841131E+00 -0.121768378820770E+01
  -0.347894078551504E+01  0.347452753048700E+00 -0.135171801327638E+00
   0.285597803392618E+01 -0.136641232821809E+01  0.728110548038845E+00
  -0.430943557840949E+00 -0.178763994191422E+01  0.925963261787073E+00
   0.277905848636148E+01  0.101242519244065E+01 -0.340145420192004E+00
  -0.255506414363111E+01  0.252023491228865E+00  0.585921372374500E+00
   0.712730032518684E+00  0.217398975181663E+01  0.355232734689416E+01
   0.229505321207210E+01  0.499232320719044E+00 -0.116659713224083E+01
   0.285168677658471E+01 -0.637429490014565E+00 -0.173796336300674E+00
  -0.578342800661766E+00 -0.144287008477946E+01  0.343822225897373E+01
   0.155310253049729E+01 -0.820775068451441E+00  0.143379818600214E+01
  -0.277713942234288E+01 -0.193285274810345E+01 -0.183946075922114E+01
   0.109941848009242E+01  0.163795345617597E+01  0.256314046286192E+01
  -0.514554367129087E+00 -0.328414918007255E+01  0.193883855897576E+01
  -0.129097188199170E+01 -0.834679805287306E+00 -0.347286199810379E+01
   0.324835346856515E+01 -0.248216986090974E+01  0.153242525244315E+00
   0.305466017551776E+01  0.887258582469560E-01  0.193129751810005E+01
  -0.298049538601580E+01  0.188289641712536E+01 -0.346712043927948E+01
  -0.346685905366644E+01  0.659944379235327E-02 -0.237449855436816E+01
   0.185821307840598E+01 -0.234295167080613E+01 -0.284073532470560E-01
   0.174664052686560E+01  0.307965261201515E+00  0.144120151152135E+01
   0.133208368947420E+00 -0.407160678755213E+00  0.196095570171081E+01
   0.190457199087501E+01  0.112863159085735E+01 -0.349518645182832E+01
  -0.186995905618985E+01 -0.360704041509729E+00 -0.263675143692468E+01
   0.199146975332286E+01 -0.168134185887459E+01 -0.938625056264667E+00
  -0.326875880424642E+01 -0.293648198753500E+01  0.146175665764884E+01
   0.350706301212427E+01  0.253967913024166E+01  0.109331546141051E+01
  -0.166853922649790E+01 -0.103568099994948E+01 -0.156494390505966E+01
  -0.312137179349706E+01 -0.280823535606958E+01 -0.249496162541354E+01
   0.864335548629123E+00  0.762148790642480E+00 -0.251843919881038E+01
   0.121106630472486E+01  0.204895132682506E+01  0.979903521139242E+00
   0.176840868998825E+01 -0.190716148190973E+01  0.323879720838761E+01
  -0.325414754863585E+01 -0.304565235580689E+01  0.267749333254314E+01
   0.154392213091981E+01  0.132107592264127E+01 -0.697601561117350E+00
  -0.133527912530739E+01  0.334333321257134E+01 -0.104942834891587E+01
   0.335971160514471E+00 -0.268759033459697E+01  0.113046004258524E+01
   0.296587636826771E+01  0.252675229323148E+01  0.677596600367033E-01
  -0.267533985848182E+00  0.969772283306263E+00 -0.240009978853632E+01
   0.703659344582766E+00 -0.195718348813972E+00 -0.204946917649334E+01
   0.651026162816585E+00  0.327793509232185E+01  0.340797423816366E+01
  -0.313784636814774E+01  0.308915098025324E+01  0.193735709738324E+01
  -0.207593384542621E+01 -0.297806382366983E+01  0.348252725408888E+01
   0.168028395759162E+00  0.478845534845168E+00  0.279394125183532E+01
  -0.228768182976171E+00 -0.102829824804197E+01 -0.157181752067128E+01
  -0.294963213230439E+00 -0.218421310683856E+01  0.190296573041141E+01
  -0.287739599867279E+01 -0.129391700014494E+01 -0.272851050244807E+01
   0.831572069474874E-01 -0.842081929224023E+00  0.854080281299957E+00
   0.247670606286521E+01 -0.249813239110938E+01  0.139567380994365E+01
   0.264349898833194E+01  0.796539853411757E+00 -0.270349322832698E+01
   0.301050785284910E+01  0.163351772319969E+01  0.612950074681788E+00
  -0.331826031817502E+01 -0.268148650042560E+01 -0.143203394872966E+01
  -0.225070967110028E+01  0.255542010499911E+01  0.224384767965577E+01
   0.890423509831840E+00 -0.351139778482578E+01  0.650250595830325E+00
  -0.394185893130338E+00  0.139028643252834E+01  0.137809543228568E+01
   0.722152941805508E+00  0.229381951930067E+01 -0.104180985923884E+01
   0.285026134872007E+01  0.253300716804803E+01  0.190796876853354E+01
  -0.331464376955659E+01 -0.213750704409203E+01  0.205815357561975E+01
  -0.273930251459485E+01 -0.838553896464684E+00  0.152735003909821E+01
   0.325470864876026E+01 -0.578255245026504E-02  0.301620771084765E+01
   0.187637364522232E+01  0.256352326341451E+01  0.203803912111039E+01
   0.108610563108137E+01  0.265862179042633E+01  0.268410818231661E+01
  -0.240755065800312E+00  0.913116602300473E+00 -0.904669028552028E-02
  -0.122241004469791E+01  0.207516935351973E+01  0.279189061294804E+01
  -0.328963944764525E+01 -0.160973617928162E+01  0.711530526418995E+00
  -0.299156070043382E+01 -0.611356474966349E+00 -0.443866039596728E+00
  -0.650671062705341E+00 -0.220003751860816E+01 -0.273403758720521E+01
   0.216228070520729E+01  0.173808459364755E+01  0.857482773690099E-01
   0.342642432987497E+01  0.336422373181348E+01 -0.253026671970721E+01
   0.293684441062395E+01  0.353667641507349E+01  0.134110419985385E+01
  -0.600246277891725E+00 -0.173697844927923E+00 -0.649540556386272E-01
  -0.199864452170579E+01  0.250471379320236E+01 -0.344988717724041E+00
  -0.316393714730112E+01  0.131046416137984E+01 -0.268333916409910E+00
   0.217029174851356E+01 -0.289922794143510E+01  0.343509217096704E+01
  -0.292718311290500E+01 -0.428764809981261E-01  0.263995650597693E+01
  -0.174529242276122E+00  0.308832918991396E+01 -0.256234900686248E+01
%  0.208125100695422E+00 -0.175173349523681E+01 -0.528278018906421E-01
% -0.625298804607913E+00  0.117793182335033E+01  0.802901642772427E+00
% -0.400362855777012E+00  0.108111507361238E+01  0.440840048487388E+00
%  0.128151924059848E+01  0.907895448226964E+00  0.780195284088694E+00
%  0.115178500933438E+01 -0.142643150853358E+01  0.578614524081470E+00
% -0.207701780736713E+01  0.196139381284537E+00 -0.106903820511708E+00
%  0.103137597604857E+01 -0.893874364786683E+00 -0.135669442470630E+01
% -0.393144066747849E+00  0.428665903277952E+00 -0.299558746571855E+01
% -0.799095786643982E+00 -0.126596618604309E+00  0.665998408893251E+00
%  0.131511609333712E+01 -0.111303986904905E+01 -0.186947713888466E+01
% -0.158899626650257E-01  0.188072591210906E+00 -0.202956042076078E+01
%  0.720881828369616E+00  0.170158376917621E+01  0.617051520445824E+00
%  0.468159648536394E+00  0.148240826262287E+01 -0.150143009877721E+01
% -0.580468728600739E+00  0.279841377381986E+00 -0.489274224613975E+00
%  0.121275089467872E+01 -0.151157433009585E+01  0.557917084470683E+00
% -0.142436824645437E+00 -0.762060543920969E+00  0.141911516947260E+01
%  0.128245672637366E+01  0.417347755376546E+00  0.842108314359184E+00
%  0.134818738635240E+01  0.117812479930927E+01 -0.129110528420651E+01
%  0.463654926401539E+00  0.139805009065692E+01 -0.134936719820783E+01
% -0.293450503652316E+00 -0.380941471100221E+00  0.287066091995375E+00
% -0.103132706038839E+01 -0.121351024140018E+01 -0.436782659992316E+00
%  0.107879614602886E+01  0.243532254670217E+01  0.858166118123277E+00
%  0.153223249127933E+01  0.764521259767802E+00  0.113745006072607E+01
%  0.577440656187042E+00 -0.905871200597965E-02  0.978631404081734E+00
% -0.630694269955073E+00  0.181131426091222E+01 -0.142307348160717E+01
%  0.131411313904206E+01  0.253308065061781E+01  0.399565863086760E-01
%  0.166428827272562E+00  0.208408461453725E+01 -0.128893676033424E+00
%  0.187943326205823E+01 -0.255485847788528E+01  0.256660093513420E+00
%  0.867097333174604E+00  0.375154042033374E+00  0.684987957793423E+00
% -0.134707967489032E+01 -0.418148282249881E+00 -0.381298979149981E+00
% -0.780862292501624E-02 -0.210812499117872E+00 -0.542277382305513E+00
%  0.870061982447113E+00  0.749782518652800E+00  0.137847569570101E+01
% -0.290671965413903E+00  0.254704223962595E+01 -0.183688449454102E+00
% -0.108830099724859E+01  0.402538265641726E+00 -0.730943016471534E+00
% -0.114688362919450E+01 -0.148210439348169E+00  0.856198088474875E+00
% -0.835335778553340E-02 -0.274737841146190E+00 -0.102910987004002E+01
% -0.151224917185404E+01 -0.876046879915901E+00 -0.763813287041026E+00
%  0.206256617639294E+00 -0.572920427589696E+00  0.102895033782970E+01
%  0.133131949092323E+01 -0.309265065173748E+00  0.262650993074069E+00
% -0.542658914527218E+00  0.988848495331425E+00 -0.712861057028488E+00
%  0.161742730071483E-01  0.839651553766811E+00 -0.367419936810127E+00
%  0.231808251172582E+01  0.494798535916783E+00  0.285279602634772E+00
% -0.114236419982426E+01 -0.582706741782940E-01  0.451641058707552E-01
%  0.300430043790565E+01  0.628884119076029E+00  0.816076738129661E+00
%  0.103001639247254E+00  0.229976865744527E+00  0.410957344320375E+00
%  0.956009845115648E+00 -0.731320100724190E+00  0.161888665767587E+01
%  0.155450928653521E+01 -0.203373835101879E+01 -0.122291407939837E+01
%  0.591860610231473E+00 -0.113221512543137E+00  0.645915345629760E+00
% -0.836897561428124E+00 -0.825208067510864E+00  0.593301230337650E+00
%  0.647047761967813E-01 -0.111123375651524E+01 -0.601053229037521E+00
%  0.497855543837082E+00 -0.802364263414941E+00  0.880986470170397E+00
% -0.300880163524407E+00  0.800488154649006E+00  0.601904129146358E+00
% -0.334184249384781E-01 -0.294168340760772E+00 -0.444973832601581E+00
%  0.105797912455126E+01 -0.334122237256995E+00 -0.202458019090136E+01
%  0.233780067102766E+00  0.145329714690021E+01  0.391320246540527E+00
% -0.406023917954861E+00  0.182804759526620E+01 -0.140295479518579E+00
% -0.311030159016544E+00  0.884542968365997E+00 -0.244071974519087E+00
% -0.887018241017939E+00 -0.391822665485739E+00  0.346524767240572E+00
%  0.485702664386752E+00 -0.720242483291426E+00 -0.792917109172620E+00
% -0.633896001758950E+00 -0.862243371972227E+00 -0.473619716615677E+00
%  0.141532718061235E+00 -0.241602072803806E+01 -0.221900167547746E+01
% -0.476981223622774E+00  0.899184559317593E+00  0.517113809787677E+00
%  0.813477984673854E+00 -0.127841973977636E+01  0.559858096430255E+00
% -0.742515391071631E+00 -0.123833501783365E+00 -0.394532015579598E+00
%  0.396606530336330E-01  0.183163898146780E+01  0.543924313764997E-01
% -0.564025458809892E+00 -0.802040600049600E+00 -0.406571215774004E-02
% -0.913869316241798E-01 -0.849262025960860E+00  0.131077254426915E+00
% -0.386898834584408E+00  0.858544279780232E+00 -0.516002779674816E+00
%  0.521612958481037E-01  0.130291930331981E-01 -0.184855672403673E+00
% -0.126209613779821E+00  0.123949715977895E+01 -0.352974623593634E+00
% -0.131172685805028E+00  0.803072067149412E+00 -0.599402938255067E+00
%  0.100136233662661E+01  0.331655021848623E+00 -0.107156911018809E+01
%  0.115324628070577E+01 -0.669972028443333E+00  0.956782043934333E+00
%  0.162317430964557E+00  0.783687431593609E+00 -0.530493686771480E-02
% -0.428906246840124E+00  0.620259731046416E+00 -0.888740713559866E+00
%  0.109024777895655E+01  0.144995119523310E+01 -0.838912416486143E+00
%  0.863317842835509E+00 -0.140369222071356E+01 -0.125232571303188E+00
% -0.732693313874863E+00 -0.117612981634880E+01  0.856249388440896E+00
% -0.201607270629897E+01 -0.738866023354329E+00 -0.841615783843904E+00
% -0.182043310699053E+01 -0.442291001309826E+00  0.231724013907097E+00
%  0.500207664145228E-01 -0.631807602087293E+00 -0.235464319416072E+01
%  0.268811232001505E+00 -0.448252656725719E-01 -0.768159596514949E+00
% -0.866039300077475E+00  0.144629034857589E+01  0.437417007428628E+00
% -0.340934498060293E+00  0.140441253108312E+01  0.200088626668065E+01
%  0.338601898929304E-01  0.905787082330112E-01  0.237194857593391E+01
%  0.117855067484724E-01  0.690727254377410E+00 -0.673506082938266E+00
% -0.640502830885584E+00  0.214090529861213E+00 -0.294503865482271E-01
%  0.409611422691225E+00  0.206396382914545E+00  0.224666863415527E+01
% -0.114897378092577E+01  0.532870211564475E+00 -0.117557709522534E+01
%  0.120956324214120E+01 -0.397137669575740E+00 -0.523631350817938E+00
%  0.907433827623023E+00  0.623672735171801E+00 -0.383011061843420E+00
%  0.571351628250843E-01  0.300542557589180E+00 -0.342239580737660E+00
% -0.890733914119136E+00  0.211951518406290E-01  0.200578541512227E+01
% -0.212272350865783E+00  0.170818502801650E+01  0.785324010674441E-02
% -0.152424038433428E+01  0.425670717906638E+00 -0.113330435728901E+00
%  0.797585622032376E+00 -0.681417609519629E+00  0.176081380788330E+01
%  0.101887849862817E+01 -0.233156366267496E-01 -0.133771948454650E+01
%  0.401826341929682E+00 -0.122525139797240E+01 -0.106209701080900E+00
%  0.537152832096978E+00  0.183604698092532E-01 -0.943434744934932E+00
%  0.246154858613407E+00 -0.474693922709677E+00  0.134930831136413E+01
%  0.148817041600943E+01 -0.679308270092203E+00 -0.429727820806937E+00
% -0.582069867876446E-01 -0.108558538896876E+01  0.131637070076628E+00
% -0.209510701356406E+01  0.157430532675062E+01 -0.468825990598060E+00
%  0.440658756160051E-01  0.886897404468169E+00 -0.841887635032599E+00
%  0.692636570534974E+00 -0.200867973154265E+01 -0.116417090715899E-01
%  0.252671613904139E+00  0.309730059074745E+00  0.974738724303620E+00
%  0.444673961616409E+00 -0.113478676771423E+00  0.146817685238482E+01
% -0.377201624759208E+00 -0.239513076877661E+00  0.118858143592202E+01
% -0.196916640538343E+01  0.923951053671699E+00 -0.321988761716400E-01
%  0.117085990478820E+01 -0.916388026275504E+00 -0.134792227129230E+01
%  0.989138722590773E-01 -0.118233181236369E+01 -0.446592195596985E+00
%  0.655078593221032E+00  0.478102849438415E+00  0.275045153717129E+01
%  0.362339727440186E+00  0.120025981569172E+01 -0.100569708750463E+00
%  0.935984154374903E+00 -0.767915164670489E+00  0.864858647009902E+00
% -0.636930159206279E+00  0.107769382152890E+01  0.955675263159427E+00
% -0.192159523372538E+00  0.508421914525516E+00  0.388390883712901E+00
%  0.781856154831589E+00 -0.162926210083129E+01  0.477571645695922E+00
% -0.141522248281566E+01  0.173994554845823E+01  0.114607699541550E+00
% -0.146711288153827E+01 -0.142705536804275E+01 -0.157505755454259E+01
%  0.885068355567099E-01  0.644097249004551E+00  0.245212581487790E+00
% -0.195203657401340E+01 -0.417462019065962E+00  0.259851524141566E+00
%  0.538679433628930E+00  0.614037182947551E+00  0.928231292805300E+00
% -0.441506550283329E+00 -0.212378712255209E+00 -0.179446278737047E+01
% -0.959245238399115E+00  0.549974507223156E+00 -0.345714147317004E+00
% -0.878524110248721E+00 -0.484029559121024E+00 -0.368616559286029E+00
% -0.167217431669023E+01 -0.125210980279437E+01 -0.423007224500249E+00
% -0.280020180358302E+00 -0.465624964609262E+00 -0.208605120527901E+00
% -0.106411980315158E+01  0.106802106160530E+01 -0.174821526985249E+01
%  0.102083581488758E+01  0.100922787874323E+01  0.356373578893122E+00
%  0.153021496660386E+01  0.399540611090230E+00  0.881778086904815E+00
%  0.387343382886503E+00  0.174462028744311E+01 -0.136119415913652E+00
%  0.174170792724691E+00  0.176615169769669E+01 -0.364535859353322E+00
% -0.420212899559916E-01 -0.518258419711276E+00  0.970792731145229E+00
%  0.196780161693770E+00 -0.712335195335282E+00  0.120574331776285E+01
% -0.265583058360188E+00 -0.300866461956972E+00 -0.432983042497590E+00
%  0.655353934078311E+00  0.550393906546499E+00  0.765449009300643E+00
%  0.119156858634256E+01  0.160196112943993E+00  0.675640094619846E+00
%  0.157075821132298E+00 -0.242127132138997E+00  0.127991227685606E+01
% -0.114362456386268E+01 -0.109743792587697E+00 -0.430191294803551E+00
% -0.483403965972450E+00 -0.186600394379960E+01 -0.128932730516437E+01
% -0.110852820714639E+01  0.206727454870890E+01  0.853400803656824E+00
% -0.318917203606120E+00  0.263722879211295E+00 -0.947563625588892E+00
%  0.183765676533284E+01  0.277916816183610E+00  0.602675616749374E+00
% -0.651234804037367E+00  0.272115538444456E+00 -0.330896148586520E+00
% -0.231605142553662E+00  0.160489805900872E+01  0.244803291664563E-01
%  0.465936618684715E+00 -0.126491499293601E+01  0.122384947670238E+00
% -0.569541734713122E+00  0.472371723472035E+00 -0.264463648720681E+00
%  0.368436556930988E+00  0.570057682818948E+00  0.119304833147533E+01
%  0.899157357193205E+00 -0.103615305448669E+01  0.490504608010507E-01
%  0.457183464352398E+00  0.132346666868972E+01 -0.223594873538200E+00
%  0.808525050068454E+00 -0.119925824909116E+00  0.364568324721622E+00
% -0.316350612748183E+00  0.620857691059898E-01  0.124196825740244E+01
% -0.135584031243230E+01 -0.342883055364481E+00  0.166036739937758E-01
%  0.167367742314182E+01  0.769307317470056E+00 -0.142656051509694E+00
%  0.379621402081365E+00 -0.136116652290672E+01 -0.172078701297834E+01
%  0.144017572971369E+01 -0.107879956520663E+00  0.287607332194290E+00
% -0.454496617067134E+00  0.166741334810832E+01 -0.979675219667125E-01
%  0.393185757580794E+00 -0.619568487092667E+00 -0.948732357644555E+00
% -0.158010347170334E+01  0.110038456689394E+01  0.346773170859678E-01
%  0.530064439356234E+00 -0.485616022065231E+00  0.672697857583343E-01
% -0.935551865849488E+00  0.414513792560658E+00  0.349347713387476E+00
%  0.199590370929465E+00 -0.215258839414099E+01  0.598545956706938E+00
%  0.165094439649429E+01 -0.141720695252803E+01 -0.104839455539025E+01
%  0.110911325015985E+01  0.877967430892746E+00  0.164382516037869E+01
% -0.649710802154271E+00 -0.636919172459091E+00 -0.271396013374039E-01
% -0.239642076644504E+00  0.198238792347817E+01  0.971431888971004E+00
% -0.579221829432457E+00  0.478429217528376E-01  0.481816539584973E+00
% -0.914550014362050E+00  0.263290115456760E+01 -0.173124686308144E+01
%  0.115716519273709E+01 -0.140540342290677E+01 -0.101979179028812E+01
% -0.521057619448844E+00 -0.261215360641866E+00  0.201810895832144E+01
% -0.671722143342113E+00 -0.528844149523965E+00  0.234328732457194E+00
% -0.120062411826968E+01 -0.896123887582964E+00  0.132105443703095E+01
% -0.703822541482501E+00 -0.138944204533532E+01  0.918034890659680E-01
% -0.966654684068832E+00 -0.132538207115876E+01  0.278418222195216E-01
% -0.145142233357496E+01 -0.903647012666148E+00 -0.126907716833252E+01
% -0.408925525137409E+00 -0.413671890470711E+00  0.641959664787946E+00
%  0.220241040318049E+01 -0.133966469895956E+00  0.502384585864541E+00
% -0.314826035342878E+00 -0.278391420968151E+01  0.427384354344550E+00
% -0.976320485187512E+00 -0.658086259098426E+00  0.543750120042513E+00
% -0.707138367051853E+00  0.319025054172493E+00 -0.147920030275862E+01
% -0.772652157408806E+00 -0.194415172832274E+01 -0.198529409991056E+00
%  0.148473663122448E+01 -0.962556008362654E+00 -0.706653191655163E-01
% -0.182785169702481E+00  0.464407092955818E+00  0.177897628468923E+00
% -0.566918932825322E+00  0.299404073048201E-01 -0.105370150686774E+01
%  0.112131571446284E+01  0.231385523098829E+00 -0.149117302884593E+01
%  0.553950516998037E-01  0.143479377170383E+01 -0.700377471545657E+00
%  0.690232910873690E+00 -0.446177648795786E+00 -0.111648518337980E+00
% -0.140624786258575E+01 -0.151396428892238E+01  0.754587403249543E+00
% -0.275951723752883E+00  0.240969694817261E+00  0.159696826196274E+01
%  0.300223804817398E+00  0.690610143948038E+00 -0.153921684769414E+01
%  0.138036310954561E+01  0.216529907293536E+01 -0.130774465659308E+01
% -0.194714414067667E+00 -0.153618067455199E+01  0.199701303241598E+01
%  0.946495502731353E+00 -0.414259515550070E+00  0.119765579311965E-01
%  0.102349012097261E+01  0.473034373609437E+00 -0.763491784664809E+00
% -0.810407208929651E+00  0.225049373393934E+01 -0.386553580026551E+00
%  0.651737682013932E+00  0.238880778525591E+00 -0.410188587318892E+00
% -0.356457499263892E+00 -0.174296205573561E+01 -0.154526831836579E+01
% -0.386979308112000E+00 -0.903709482496964E+00 -0.673123327795260E+00
%  0.585306773439779E+00  0.646691205320401E+00 -0.106620435406324E+01
%  0.944756328398926E+00 -0.673555256930986E+00  0.196430154997037E+01
% -0.135054488129939E+00  0.107339134954484E+01  0.578967195594976E+00
%  0.778233705927562E-01  0.462320022873324E+00 -0.549631531010647E+00
%  0.301290152354750E+00 -0.134017487396897E+00 -0.101622350678613E+01
% -0.733233731519567E+00  0.455888573635896E-01 -0.116295250773238E+01
%  0.156684908120176E+00 -0.672517889156535E+00  0.627902762640210E+00
%  0.715419446707708E+00  0.307920545426456E+00  0.499956843799821E+00
% -0.211569789662414E+01 -0.154122116720477E+01 -0.241874580746791E+00
%  0.197229776733586E+01  0.567402383662276E+00 -0.145925409218579E+01
%  0.168099279999647E+00  0.125763370456734E+01  0.369701222263000E+00
%  0.851006952807307E+00 -0.140671746666448E+00  0.332500870245592E-01
%  0.268566079972295E+00 -0.227687765966159E-01  0.160633750114680E+01
%  0.126408775933714E+00 -0.912432775404243E+00 -0.288856117508153E-01
%  0.566290695829174E+00  0.440402536356905E-01  0.478116059535878E+00
% -0.983402170033516E+00 -0.118594423246292E+01 -0.196203343259929E+00
%  0.119228419690592E+01  0.230932655565803E+01  0.259186264669552E+01
% -0.212542793912343E+01 -0.207030974026270E+01  0.118539715306375E+01
%  0.352395281113816E+00  0.306136640392813E+01 -0.385527949516786E+00
% -0.121277857503427E+01  0.943993181931347E-01  0.138679061423295E+01
% -0.485109585478668E+00 -0.126820452676864E+01 -0.271525839721821E+00
% -0.451275870905768E+00 -0.411515618287206E-02  0.432929920128862E+00
% -0.939043734754333E+00 -0.815887717977993E+00 -0.154973060189667E+01
%  0.779615020393374E+00 -0.475265486352592E-02  0.115996697012186E+01
%  0.164418171483461E-01 -0.175043953821350E+01 -0.602936693085044E+00
% -0.895513487856844E+00 -0.111173258077964E+01 -0.600589839857964E+00
% -0.488456280467882E+00  0.486931917644450E+00 -0.438203396218513E+00
%  0.733681598798075E-02 -0.107116757893842E+00 -0.187923913178271E+01
%  0.941149929071298E-01  0.103377862633742E+01 -0.432093763225067E+00
% -0.160281707754919E+01 -0.486527502969780E+00 -0.854275958497090E+00
% -0.226878854492120E+01 -0.194715191634841E+01  0.550991134196982E+00
% -0.116160158510411E+01 -0.697274113567701E+00  0.739783747745550E+00
% -0.136691355679496E+01  0.491246158920033E+00  0.201885326602048E+01
%  0.159925188987742E+00  0.197761457767713E+01  0.675540704853807E+00
%  0.102999633251519E+00  0.690586866927939E+00 -0.550431227395948E+00
%  0.126673501449339E+00 -0.139443697741721E+01  0.160175926630585E+01
% -0.188273283092200E+01 -0.130261546377454E+01 -0.118595976553911E+01
%  0.380026641486955E+00 -0.122899191032071E+01  0.176003216766156E+00
% -0.819049843668545E+00 -0.409545735002948E+00  0.350549941828016E+00
%  0.172668283049810E+01 -0.215960961927777E+00 -0.576194715358960E+00
% -0.169684803464305E-01 -0.444324138781588E+00 -0.224331615691231E-01
%  0.111768073781635E+01  0.131667821426738E+01  0.268428396593053E+01
% -0.673086269027638E+00 -0.877148668905108E+00  0.101453344512281E+01
%  0.835918329346776E+00  0.752190228783657E+00 -0.137846180158635E+01
% -0.238381341613430E+00  0.346313511821933E+00 -0.554951902926142E+00
% -0.948206914325633E+00 -0.980762237214745E+00 -0.808881391161305E-01
%  0.317368178740171E+00 -0.274061998739008E+00  0.429236699628204E+00
% -0.262024251157032E+00 -0.233658011455097E+01 -0.941068455912005E+00
% -0.581964761647067E+00 -0.420930665494601E+00  0.546962719651559E+00
% -0.110386230893943E+01 -0.360021309861346E+00 -0.930305009260838E+00
% -0.123435016633125E+00  0.168362559287601E+00 -0.124741513809040E+01
%  0.167696655861459E+01 -0.270855119335513E+01  0.129008319687591E+01
% -0.173791889650951E+01 -0.448372996392633E+00  0.749204588731567E+00
%  0.287412885111251E+01 -0.607431459504813E+00 -0.101737672809280E+01
% -0.203201872925175E+00  0.132557526801745E+01  0.749142657422094E+00
%  0.908622471897292E+00  0.128351879891158E+01 -0.167959058863274E+01
%  0.733186397580007E+00  0.104897146501581E+01 -0.537403114008772E+00
% -0.233327952744056E+01  0.361120060385280E+00  0.993191889227082E+00
%  0.230450734304221E+00  0.216324035082414E+01 -0.806786950533209E+00
% -0.121365633014302E+02 -0.124139691348626E+02  0.123267220569890E+02
% -0.967573204617976E+00  0.913858166844341E+01 -0.346317545930030E+01
% -0.497916608333809E+01  0.560245648718280E+01 -0.572426127347102E+01
% -0.131482048310894E+02  0.375958542237956E+02  0.980594053587994E+01
%  0.172021088295854E+02  0.151391752394119E+02  0.121307840528512E+01
% -0.514358788710146E+01 -0.116894302046591E+01 -0.647841974739295E+01
%  0.106414922060706E+02 -0.377196121366790E+01 -0.926219054650841E+01
%  0.190553024673307E+02 -0.100341487173144E+02  0.133177959834372E+02
%  0.444516341153705E+01  0.138907737394052E+02  0.277037101703404E+01
%  0.926037884643044E+00 -0.357876080895029E+01 -0.656541534168576E+01
%  0.808257516433241E+01 -0.614105394691583E+01 -0.160498939933302E+02
% -0.304865109736893E+01 -0.301483828701516E+02  0.160652089018787E+02
%  0.182744288738682E+01 -0.325629512082634E+00  0.155028684131552E+01
% -0.983479267024440E+01 -0.484371831054928E+01  0.906693422983258E+01
% -0.900463448685507E+01  0.296831666739524E+01 -0.571092606719540E+00
%  0.397521016675169E+01  0.195490336323567E+02  0.136241758615777E+02
% -0.167896387266141E+02 -0.627136253269507E+01  0.209190086133472E+02
% -0.254353942031121E+01  0.154084518133190E+02 -0.271847345291045E+01
%  0.843867436208567E+00  0.423221576570263E+02 -0.347670856332279E+02
% -0.137350243390072E+02  0.672081401122663E+01 -0.920225539644495E+01
% -0.132751778545256E+02  0.300128338693114E+01  0.303430556611130E+01
%  0.294059022364777E+01  0.307188472662393E+01 -0.187186307091154E+01
% -0.563360379011334E+01  0.463753486763947E+01 -0.842266584317295E+01
%  0.256038433317133E+02 -0.323129518671599E+02  0.122153483921273E+02
% -0.129997387961781E+01 -0.860493441729916E+01 -0.105267440398772E+01
% -0.119855599396379E+02 -0.510322300698786E+01 -0.498633173323130E+01
% -0.152458841061956E+01  0.364035944557100E+01  0.479498424188925E+01
%  0.234465420188073E+01 -0.408225955164511E+02 -0.350875747015558E+00
% -0.418623023648264E+01  0.145556551152688E+01  0.300477632601333E+01
% -0.106070333993767E+02  0.535667403248758E+01 -0.188729827039295E+02
%  0.295126659486580E+01  0.125665304289246E+02 -0.460157392498885E+01
%  0.167072303324974E+01 -0.199242965323868E+01 -0.106898745760428E+02
% -0.522448770155404E+01  0.290275967498765E+01  0.803572920120548E+01
%  0.733778680393195E+01 -0.118229086471182E+01 -0.224273683192043E+02
% -0.485594848987424E+01 -0.488886105343026E+01 -0.100679801011343E+02
% -0.990070827958083E+01 -0.204338524257098E+01  0.159793837195342E+02
% -0.952807400082233E+01  0.144049927457251E+01  0.180512535026710E+02
% -0.815069205051335E+01  0.202810966027773E+01  0.130882034645472E+01
% -0.107609581298988E+02  0.266085390855679E+01  0.934576126014647E+01
% -0.925493135189499E+01 -0.597576965098588E+01  0.112698468235695E+02
% -0.149304912419350E+02 -0.107874373573491E+02  0.783044372780727E+01
% -0.581950285036723E+01  0.202832783432292E+01 -0.301262551506901E+01
% -0.571100722341360E+01 -0.110789610472186E+02  0.161963115799854E+02
% -0.316657667001273E+01  0.297149550571571E+01 -0.521095826540967E+01
% -0.235275231685707E+00 -0.218184743200628E+02  0.291461486851932E+02
% -0.564436266609789E+01 -0.416983339956883E+01 -0.174334543891077E+01
% -0.344656393805360E+01 -0.572522560572180E+01  0.758197874536189E+01
% -0.288749224726695E+02  0.430495603503425E+02 -0.483058834662044E+01
%  0.289907876463658E+01  0.172379242474307E+01 -0.635124699455368E+00
%  0.577033187783577E+01  0.358506931806317E+00  0.132085334860457E+01
%  0.190596610911985E+01  0.181046716374989E+01  0.857023458225683E+01
%  0.253378866384346E+01 -0.125348221042628E+01  0.330238283798792E+01
% -0.137644813771588E+02 -0.359823142458880E+02  0.198230072954389E+02
% -0.108394871192197E+02 -0.680732875868561E+01  0.664290155602632E+01
% -0.158448437386793E+02  0.608173964698348E+01  0.118340801847116E+02
%  0.156278546382541E+02  0.316027928086020E+02  0.151583321387683E+02
% -0.305969866991396E+01  0.406628626530000E+02  0.187859594780415E+02
%  0.449653052755292E+02  0.468143073048900E+02  0.585444385303776E+02
% -0.230138071108216E+02  0.251609818627921E+02  0.499756791194994E+02
% -0.231085604570829E+02 -0.341886486748688E+01  0.383786854930347E+01
%  0.126057394186914E+02 -0.195481005668899E+02  0.841704189745684E+01
% -0.104247123639609E+02 -0.109830545804044E+02 -0.123499823910901E+02
%  0.937962455706132E+00 -0.312763301984694E+02  0.563772983955717E+01
% -0.100310830698327E+01 -0.525395702531574E+01  0.131583891041320E+01
% -0.614277228005953E+00 -0.620702265022176E+01 -0.737646981764871E+01
%  0.114020350629676E+02 -0.144913935470417E+02  0.291692665354736E+00
%  0.399639685027313E+01 -0.691175893053385E+01  0.726840223689452E+01
%  0.397644129010011E+01 -0.631310201370625E+01  0.132660336465141E+02
% -0.281093860446563E+01 -0.259341944576797E+01  0.323583783944463E+01
%  0.914293849260118E+00  0.123613830933039E+01  0.525729911266324E+01
% -0.475840938820593E+02 -0.450251789541682E+02  0.255048496950038E+02
%  0.204665636420787E+02  0.103080005479910E+02 -0.183707014243754E+01
% -0.624360628042478E+01 -0.952567828297195E+01  0.146241103712091E+01
%  0.235424382165813E+02  0.259382061409125E+02  0.428925620123929E+02
%  0.496557834032049E+02 -0.159552202097019E+02 -0.540148771022498E+02
% -0.128240177707143E+02  0.460463423251848E+02 -0.981510409299054E+02
% -0.448439282638033E+01 -0.362960608331556E+02  0.139427390817752E+02
%  0.970218906568743E+01 -0.114833818460792E+01  0.555532288495495E+01
% -0.219718604913519E+02 -0.826555045158965E+01  0.478694642546556E+02
%  0.163989324972127E+02 -0.265189423564665E+02  0.677570873668032E+01
%  0.138182541025115E+02  0.290840375369040E+02  0.854306112975009E+01
%  0.341386219237549E+01  0.353874148967201E+01 -0.398037449317250E+01
%  0.835526416104358E+00 -0.623892001171692E+01  0.133409467919396E+01
% -0.200534955143332E-01  0.332114856743537E+01  0.145293104786525E+01
%  0.213409409711396E+01 -0.640684595252016E+01  0.661593412061146E+01
% -0.139536923380774E+02  0.147374807965361E+01  0.720124273435472E+01
% -0.123514219058158E+02 -0.716317119998888E+01  0.423639257956122E+01
%  0.713040320138420E+01 -0.605570868459793E-02 -0.118181219818287E+02
%  0.763566918755547E+01 -0.390490291744891E+01  0.203314053415448E+01
%  0.196579799119077E+02 -0.190573936094960E+02  0.606628433656857E+01
% -0.504839865644335E+00  0.721169900593448E+00 -0.538725920514134E+01
% -0.394154580112681E+02 -0.213165358316897E+02  0.679861134948817E+02
% -0.987978265340326E+00 -0.224570578086209E+02 -0.141714838413146E+02
%  0.716470489071384E+00 -0.149685679488308E+01  0.203301016910042E+02
% -0.782562674412370E+00 -0.535846279800459E-01 -0.377752644890889E+00
%  0.713741634247341E+01  0.447303954108660E+02 -0.322820659024611E+02
%  0.573794294289027E+01 -0.279961104090582E+02  0.225989914205122E+01
%  0.272745946723710E+02 -0.252747533401576E+02 -0.311098768204536E+02
%  0.253243048835042E+01  0.693178956944671E+01 -0.438367462023376E+01
% -0.757212819990794E+01  0.172951850361947E+01 -0.160704741700282E+01
%  0.392721234892469E+00  0.318833916443034E+01  0.223893655695824E+02
%  0.776586560911560E+01 -0.183915951982612E+02 -0.339395527928120E+01
% -0.133101509956794E+02 -0.971747549441995E+02 -0.261070871202972E+02
% -0.233233361137259E+02  0.194996452369160E+02  0.837195160826038E+01
%  0.335266967519220E+01  0.177065887108645E+02 -0.550165275962847E+00
% -0.859297945338080E+01  0.413708706869748E+02 -0.107830612819279E+02
%  0.271890697676456E+02  0.111141617495723E+02 -0.104130965201408E+02
%  0.766565315879954E+00 -0.526719829431218E+01 -0.391676845194613E+01
%  0.261926867637692E+01 -0.282157135671756E+01 -0.165881663263123E+01
% -0.222612488768069E+01  0.371738838259568E+01  0.101520286137930E+01
% -0.712554652803042E+01  0.143540027885663E+02  0.374677146021428E+02
% -0.108704844323174E+02 -0.192758757195508E+02 -0.602283401624985E+02
% -0.738396848910147E+01  0.775487033155783E+01  0.391690990000705E+01
%  0.627834702872663E+00 -0.488561382135857E+01 -0.192275024065661E+01
%  0.291547033760630E+02  0.347947179205867E+01 -0.853829015317229E+01
% -0.258071874642734E+01 -0.156753255528970E+01  0.317633077783855E+01
%  0.278455095192296E+02  0.372499204706677E+01 -0.653579564245551E+01
% -0.843205311492679E+00 -0.416134673594485E+01  0.396135196259229E+01
% -0.974861511122869E+01  0.447570215751761E+01 -0.157025535289667E+01
% -0.131832972032440E+01  0.477456116108308E+01  0.581667293930434E+01
%  0.802172445859654E+01  0.126650088434356E+02  0.314718942719575E+01
% -0.138589733188913E+02 -0.852482976004907E+01  0.194892730687571E+01
% -0.162039992743865E+01 -0.424551475401632E+01  0.980699102417783E+01
%  0.150301791836541E+02  0.722676860699155E+01 -0.823147300410998E+01
%  0.470862202857927E+02 -0.665742644568895E+02  0.325310369973821E+02
% -0.569804943659112E+01 -0.417903214762960E+01  0.178875845403811E+01
%  0.476470367504543E+00 -0.268072788443196E+01 -0.130286570380509E+01
%  0.413000505458432E+00  0.466309649675866E+01  0.395409228150794E+01
%  0.673980423123622E+01  0.676152563721667E+01 -0.770137434599050E+01
%  0.120230474766831E+02 -0.180068726875626E+01 -0.701219460427561E+00
% -0.175018022351277E+02  0.140675277578483E+02  0.447772917252040E+02
% -0.382568141213431E+02  0.304486612457029E+02  0.366627372759760E+02
% -0.161264107762448E+02 -0.121674596171022E+01  0.212360320008199E+02
%  0.907111992309464E+01  0.373841254866589E+01  0.125652972826009E+02
%  0.122255571483229E+01  0.453312663102813E+01 -0.527739770328495E+00
%  0.469515015060098E+02 -0.136278415236036E+02 -0.242112465467310E+02
%  0.689872160647412E+01 -0.590809102006150E+01  0.134506693422482E+01
%  0.122213527866342E+02 -0.711383234229081E+01 -0.752858007345877E+01
% -0.366988758679973E+02  0.386364618750139E+02  0.191974042885124E+02
%  0.443741978739916E+01  0.444488479609524E+01 -0.282981265500691E+02
% -0.110808708620004E+02  0.240113547309042E+01 -0.409999567439561E+01
%  0.126558139661081E+01  0.109025268561228E+01  0.256081700239492E+00
% -0.161186048566222E+02  0.387357109384909E+01 -0.429789042328935E+01
% -0.140738730015071E+02  0.141608187810397E+02  0.695914477904999E+01
% -0.613061284491287E+01  0.403057412837251E+01 -0.583058423698246E+01
%  0.402446219777701E+01 -0.975477979372432E+00 -0.617758720769602E+00
% -0.589231423850736E+01  0.177009797654432E+01  0.108405087608162E+02
% -0.648705075374287E+01  0.647974267749276E+01  0.420365182075197E+01
% -0.997916376103635E+01  0.260764567421247E+02 -0.902170029399658E+01
%  0.163359199638450E+02  0.904125971821996E+01 -0.557807208849528E+02
% -0.120136006122831E+02  0.116972008473502E+02 -0.101086035083418E+02
%  0.171727294230075E+01 -0.900471113011262E+01  0.410655887257663E+01
%  0.196544559753275E+01  0.616285291831204E+01 -0.142245558155991E+02
%  0.285056749985073E+02 -0.154609785571703E+02 -0.186578572616939E+01
%  0.102546247396333E+02 -0.912704381318921E+01 -0.246853362973341E+02
% -0.341119757643359E+01  0.276218584973606E+02 -0.440860659877702E+01
%  0.125508844724934E+02 -0.333249124193952E+01 -0.719239471469894E+01
%  0.523679106988919E+01  0.177407363702169E+02 -0.845787661261807E+01
%  0.970079535387286E+00 -0.121130443031002E+01 -0.454224529566540E+02
% -0.282350324319742E+01  0.238235453933536E+01 -0.214666286523926E+01
%  0.328959499466394E+01  0.202330020587673E+01 -0.206279039831164E+01
% -0.755538332906548E+01 -0.202062777077882E+02 -0.340510827310766E+02
% -0.101824928905010E+02  0.974810049275272E+00  0.159830061462957E+02
% -0.444579780167416E+00  0.295877618658029E+00 -0.120928748145317E+01
% -0.119398098539808E+02 -0.789259415843970E+01 -0.178147386600859E+02
%  0.667237697802818E+01 -0.211758185377552E+02 -0.123216295721613E+02
%  0.347880613778022E+01 -0.187507075571456E+01 -0.421615541643083E+01
% -0.607917069184019E+01  0.104137413796573E+01  0.396629020382440E+01
% -0.204709571480862E+02  0.206127856243992E+02 -0.344251900833246E+02
% -0.154917493103141E+02 -0.708305437054474E+01 -0.135753272342241E+02
% -0.274537218356101E+00  0.273797879793483E+00  0.816387855498823E+00
% -0.223309436697622E+02  0.262826265147983E+02 -0.114010084434035E+02
% -0.595916026819556E+02  0.339922959104441E+01  0.242528434159474E+02
%  0.412888782090047E+00 -0.260411388326268E+02 -0.688538036643478E+01
%  0.117405462192364E+02 -0.289537558327348E+01  0.833904960729682E+00
% -0.204001268033079E+02  0.283082092163437E+02 -0.518015973900495E+02
%  0.201715274908119E+01  0.115400472645346E+01 -0.197236417889061E+00
% -0.155254583709832E+02 -0.422293728484041E+02  0.204486382969349E+01
%  0.630808898818026E+00 -0.364680185752353E+01 -0.548944109979630E+01
%  0.148953069572706E+02 -0.164033566863564E+01 -0.308907407026769E+02
%  0.470524815431046E+02  0.178194630665207E+02 -0.760496780954619E+02
%  0.367355759372925E+01 -0.677343581658791E+01  0.307801130822526E+02
%  0.140078111419910E+02 -0.215290931629098E+02  0.271414331068455E+01
%  0.449999722525177E+02  0.395161695642515E+01 -0.594207524856947E+01
%  0.114091135721307E+02 -0.465270146522557E+01 -0.754234080321455E+00
% -0.102234223807348E+01 -0.112536411359586E+01 -0.267385053976385E+01
% -0.190035090015886E+02  0.213535279570540E+02  0.281214505621642E+01
% -0.313269069136981E+01 -0.309342498956460E-01 -0.242681233657385E+01
%  0.300439195994405E+02 -0.286508786658962E+01 -0.390424917180682E+02
%  0.269592337998062E+02 -0.224452629058248E+02  0.160574751315535E+02
% -0.153547906191987E+02  0.206453667593578E+02  0.127090508079208E+02
%  0.129031427130075E+02  0.151770904080980E+02 -0.315312597224848E+01
% -0.483193108474518E+00  0.657209313852155E+01 -0.146208764491156E+02
%  0.733102719500444E+01  0.607891031360149E+01  0.636321755885027E+01
% -0.328911834914742E+02  0.257228509932192E+02  0.128030981944794E+02
%  0.519586339960215E+01 -0.371054681721856E+01  0.107746993871192E+02
% -0.111563080099668E+02 -0.679456931777658E+00  0.345725508979914E+00
%  0.172993208537058E+01 -0.289257124174157E+01 -0.784577180922389E+01
%  0.195583001088974E+02 -0.313965714339553E+02  0.127019750843085E+03
%  0.102061939230201E+02  0.388488446886754E+01  0.164611766271494E+01
%  0.308705086691001E+01 -0.224258258340733E+01  0.627786370872129E+01
%  0.287081247448465E+01  0.445419609683714E+01 -0.450662887532718E+01
%  0.657275560467977E+00  0.788838093644426E+01  0.197929104982939E+02
% -0.841396318301707E+01 -0.184249059914644E+02 -0.449286210000115E+00
% -0.103706616147713E+02  0.295824172966723E+01 -0.896835451315722E+00
%  0.894019072858517E+00 -0.236624707046697E+02 -0.160699494941187E+02
% -0.310502196446403E+01 -0.293118608066043E+01 -0.546558855415424E+01
%  0.334997886216668E+01  0.184617916856348E-01 -0.171366206560806E+01
%  0.493462774690515E+00  0.598594739021701E+01  0.437023256164090E+01
% -0.414101722266088E+01 -0.210942813298686E+00  0.803285324560915E+01
%  0.113817177916881E+02  0.344790195094727E+01 -0.235699219183635E+02
% -0.466425044819882E+02  0.252281582318722E+02  0.430047031011380E+02
%  0.931073720492704E+00 -0.600580087576141E+01 -0.322937462192513E+01
%  0.413707758649765E+01  0.386971738210319E+01 -0.919289379105844E+01
%  0.646858702722530E+00  0.331313473019594E+01 -0.665762246622199E+01
%  0.272233850157276E+00  0.205694660032920E+01  0.442757557050507E+01
% -0.131124010195440E+02  0.781408134014011E+01 -0.456523121749382E+01
%  0.100063325155439E+01 -0.957684333825851E+01 -0.474323601935390E+01
% -0.174587536042225E+01  0.107893017121920E+02 -0.120203916632342E+01
% -0.718900813145217E+01  0.696796673094217E+01  0.460667540105275E+01
% -0.793554848689072E+01  0.380240960900644E+01  0.246048860178286E+01
% -0.461446220419945E+00 -0.125977598611199E+02  0.653569023230574E+01
% -0.508596095150633E+01 -0.228561660246115E+01  0.985189304739030E+01
% -0.207107813184262E+01  0.348305549254930E+01 -0.814666088694246E+00
%  0.560950131908062E+01 -0.331198210405404E+01 -0.728043210907659E+01
% -0.150101724570075E+01  0.409975839326853E+01 -0.217577406373284E+01
%  0.791923425911619E+01  0.701319469359831E+01 -0.291774864772893E+01
%  0.110633776897326E+02  0.301279328191332E+01 -0.601286084363809E+00
%  0.683197226617602E+01 -0.106371898831528E+01 -0.375591880010631E+01
%  0.558863202615447E+02 -0.281390757534809E+02 -0.148172185738686E+02
% -0.130188231948324E+01 -0.177454090309052E+02  0.123207717869630E+02
%  0.844287575828261E+01 -0.407352334370104E+01  0.158102765033612E+00
% -0.419011243579292E+01 -0.403122363160777E+01 -0.181534252529033E+01
%  0.424098625094086E+02 -0.343012555369750E+02 -0.212384759456864E+02
%  0.255888001959339E+02 -0.441822672570116E+02 -0.164350328431597E+02
%  0.432043624041820E+02  0.366365301979193E+02 -0.193068137102826E+02
% -0.281293936224567E+01  0.269675455302345E+02  0.150258688771926E+02
%  0.237542124302007E+02  0.124571585217029E+01 -0.152045174156425E+02
% -0.175167594154927E+02 -0.749203934290050E+01 -0.239515954349748E+02
% -0.356352057156810E+02  0.108553542897597E+02 -0.115789847590168E+02
% -0.132411649958397E+02  0.124808645547365E+02 -0.726968260030762E+01
% -0.454637160408449E+01  0.166858452109964E+00  0.457609491294073E+02
%  0.682149943140466E+01 -0.570990434677416E+01 -0.755644950783987E+01
%  0.117917506600950E+02 -0.334191368578103E+01 -0.256208390607392E+00
%  0.562641756960854E+01  0.342746603142806E+01  0.954397831144641E+01
% -0.149797920869483E+02  0.230233266505535E+02 -0.349439942482017E+02
% -0.256751332611649E+02  0.118846211470996E+02 -0.506886942450929E+01
% -0.125430776940843E+02 -0.660152606522189E+01  0.179632529190876E+02
%  0.735358708258940E+01  0.106504935802719E+01 -0.430047324296356E+01
%  0.337767566250335E+01  0.200040715214877E+02  0.698792869226901E+00
% -0.101920543515216E+01  0.710789277786769E+01  0.326050184951211E+01
%  0.820840996898014E+01  0.404637529072465E+01  0.444174087283699E+01
% -0.598241321597565E+01 -0.506886320407376E+01 -0.135419195754781E+01
% -0.133254644465076E+01 -0.153302046686872E+01 -0.840292039364316E+01
% -0.851826782329819E+00 -0.194575132010187E+01  0.277187117962656E+01
