% T    256  0.715122828077254E+01  0.715122828077254E+01  0.715122828077254E+01
   0.201316617759801E+00  0.126696326931012E+01  0.109691711595235E+01
  -0.202312352141656E+01 -0.255396853726411E+01 -0.258238087566868E+01
   0.222797388125828E+01  0.190964077341332E+01 -0.692749200045382E+00
   0.277876134122330E+00  0.139654605984490E+01  0.276379785657019E+01
   0.355035057322083E+01 -0.144901645349362E+01  0.196777403408474E+01
   0.114544501724251E+01  0.260641668575553E+01 -0.310623986707991E+01
   0.156671147747243E+01 -0.265504821571546E+01  0.312923502038061E+01
   0.264852847158737E+01  0.123762348356245E+01 -0.274545857230176E+01
  -0.309693247759276E+01 -0.646315964977023E+00 -0.355857231917583E+01
  -0.306799775318077E+01  0.282740235674366E+01  0.332047574506332E+01
   0.344375764181533E+01 -0.405880919120747E+00 -0.802332137605156E+00
  -0.112554861821132E+01 -0.147623539214295E+00  0.127667792552328E+01
   0.156858087611068E+01 -0.187996026113051E+01 -0.194946129691842E+01
  -0.283652707493729E+01  0.332186935382929E+01  0.232852047035290E+01
  -0.119061212054250E+01 -0.156688157618296E+01 -0.296609678070398E+01
  -0.267351129661086E+01 -0.169306276125476E+01  0.859038138611355E+00
  -0.303440250497069E+01 -0.183340683324539E+01 -0.816756988033890E+00
  -0.225311118203431E+01 -0.324725631447780E+01 -0.316936338636234E+01
   0.723351259655034E+00 -0.610731500899551E+00 -0.109759590476099E+01
   0.260088767561989E+01 -0.458208855716809E+00 -0.300229264722562E+01
  -0.242272511565608E+01  0.282981761527954E+01 -0.302437925665856E+01
  -0.136604348616568E+01  0.273834067166652E+01 -0.313826541271486E+01
  -0.297122995328522E+01 -0.272268017713647E+01  0.853650189801284E+00
  -0.870756060252625E+00  0.337725836998745E+01 -0.422868425808232E+00
  -0.787718748986951E+00  0.745380830968409E+00 -0.286111121797677E+01
  -0.165329751162782E+01  0.159500110391712E+01  0.621275212156530E+00
  -0.677083106492667E+00  0.119639939160855E+01 -0.183028815246127E+01
   0.231992241942018E+01  0.302455429972782E+01  0.108672131042481E+01
   0.325269636593508E+01 -0.912814195504956E+00  0.306362058870927E+01
   0.369606606428899E+00 -0.969236124265881E+00  0.161511890736020E+01
   0.120433943234692E+01 -0.466712100903077E+00 -0.307835048895482E+01
  -0.209784351330799E+01  0.198305958127559E+01 -0.430844584395236E+00
   0.560135925605339E-01  0.309421940847761E+01  0.262885915509264E+01
   0.351342430628122E+01  0.982280698878858E+00 -0.884072214632127E+00
   0.319159510562080E+01  0.334790577057501E+01 -0.190876369912936E+01
  -0.225650441546843E+01  0.123867696588236E+01 -0.119441314797073E+01
   0.180051314559821E+01  0.586267666427733E+00 -0.340317673743593E+01
  -0.228622604996968E+01  0.278734852305387E+01  0.164582600754492E+01
   0.267427008421398E+01 -0.177746564785085E+01 -0.154507990351434E+01
   0.294007519576181E+01 -0.244844774245580E+01  0.696629519171525E+00
  -0.490810454313266E+00 -0.392570754975203E+00 -0.557735061700990E-01
   0.610276347256501E+00 -0.167118677485993E+01 -0.315206588723031E+01
  -0.207437060977476E+01  0.251657028873020E+01  0.309942981231147E+01
  -0.301292805219508E+01  0.181391094483900E+01 -0.222307587635703E+00
   0.263020819802262E+01  0.230852887222381E+01 -0.262993828789320E+01
  -0.784255492432934E+00 -0.231066206043341E+01  0.253509724073364E+01
  -0.259349745969747E+01 -0.335045236822887E+01 -0.116688210466159E+01
  -0.136065355698024E+01  0.257655611979328E+01  0.124364144083050E+01
   0.165187820771632E+01 -0.105557981625776E+01  0.163875491770150E+01
   0.333254473708764E+01  0.133602615928084E+01  0.253346482318804E+01
  -0.112558480564654E+01 -0.210081980337630E+01 -0.213726909660242E+01
   0.207441303144336E+01 -0.309708894811972E+01 -0.118777708492970E+01
  -0.712267859533644E+00  0.112237551471795E+01  0.244327764096966E+01
  -0.329033698624760E+01  0.953475435787020E-01 -0.286475027921813E+01
   0.166930545313872E+01  0.170009377166765E+01 -0.296257362398689E+01
  -0.226213149015574E+01  0.284989112471408E+01 -0.142702940857200E+01
  -0.777999894150759E+00 -0.925725940164750E+00 -0.105748952172832E+01
  -0.690009382750687E+00 -0.987748948136715E+00  0.789302046469757E+00
   0.861841932985565E+00 -0.193449643131837E+01 -0.409308608815141E+00
   0.162746095857554E+01  0.395568690887235E+00  0.161049965693437E+01
  -0.807739392400428E+00 -0.159549470744557E+01 -0.137046582986708E+00
   0.187627769009798E-01 -0.142611614281756E+00  0.240129752635064E+01
  -0.397852600561067E+00  0.209419917375224E+01 -0.291382861544129E+01
  -0.273243666787555E+01 -0.273934789962900E+01  0.305994681147771E+01
   0.329644616057724E+01 -0.248831862608353E+01 -0.209247617711550E+01
  -0.181026561739201E+01  0.474748079066447E+00  0.160081854103660E+01
  -0.614807532778156E-01 -0.263071183804642E+01 -0.262827554205643E+01
   0.241307099812945E+01 -0.192799341035048E+01  0.318752182380745E+01
  -0.210887307808517E+01 -0.121678926902236E+01 -0.333414478405759E+01
  -0.259117945025174E+01 -0.396927537378679E+00  0.275852387977041E+01
   0.896413397364199E+00  0.322158262209738E+01  0.171432593151876E+01
   0.196860992590606E+01  0.223536751802759E+01  0.311339688792635E+00
  -0.528868791750734E+00 -0.320815026894742E+01  0.121240806078676E+01
  -0.318438346068893E+01  0.343757125178724E+01  0.127127418367817E+01
   0.244656556626116E+01 -0.315847090447883E+01  0.171156066841507E+01
  -0.818254549754857E+00 -0.174781293862356E+01  0.158071329301109E+01
  -0.112506029708909E+01  0.227868704059987E+01  0.247730554625999E+01
  -0.336448516645785E+01  0.548432636567922E+00  0.298019108638333E+01
  -0.790716114909900E+00 -0.234366994364942E+01 -0.799309480739004E+00
   0.106550089217558E+01 -0.251148884730497E+01 -0.271252345018158E+01
   0.878892497331012E+00  0.147542388943104E+01  0.183712555534351E+01
   0.113430032885907E+01  0.313181132592607E+01  0.452650013997786E+00
  -0.739921454129371E+00  0.322564935080277E+01  0.193859673145884E+01
   0.302453819753448E+01  0.269143054146744E+00  0.678051897895123E+00
   0.988024997956036E+00 -0.937944642843695E+00 -0.210212698075495E+01
   0.249828012532228E+00 -0.927714422086213E+00 -0.344451065631745E+00
  -0.190513650775794E+01 -0.116733169483239E+00 -0.315561000451636E+01
   0.344828559509105E+01 -0.333845049593166E+01  0.335773821065962E+01
  -0.246497942130656E-01  0.239400148919019E+01  0.176530133756157E+01
   0.328909859192006E+01 -0.213741637915181E+01  0.264480826540822E+01
   0.336359636264107E+01 -0.886532355087690E+00 -0.214866461180096E+01
  -0.858449709468388E+00  0.153985349416596E+01  0.120565906106243E+01
   0.172796775854404E+01  0.633084232788627E+00 -0.116423623559442E+01
   0.199263582869725E+01 -0.227259822169251E+01 -0.292565748622157E+01
  -0.205020778193449E+00  0.357867297533915E+01 -0.329447930918802E+01
  -0.327344456258195E+00 -0.133205209741080E+00 -0.166730998981278E+01
  -0.332044978551648E+01  0.674028412368554E+00 -0.182828844725493E+01
  -0.591697368435696E+00 -0.102213027657624E+01  0.271129707678847E+01
  -0.355935178806443E+01 -0.324663228269728E+00  0.203666746536143E+01
  -0.249629469087153E+01  0.283142123433053E+01  0.262225888220897E+00
  -0.164991191438815E+01 -0.153416692274638E+01  0.286721657449261E+01
  -0.276487059023366E+01 -0.115072404150068E+01 -0.874562819887158E-01
   0.228188206444698E+01  0.133449270570602E+01  0.131074123020752E+01
  -0.242232897056750E+01  0.523903506174294E+00  0.345129225634738E+01
  -0.284541782903885E+01 -0.253881095205353E+01 -0.188009877684616E+01
   0.174255844837134E+00 -0.311164286720755E+01  0.217072592956151E+01
  -0.179701309996259E+01 -0.141721186419093E+01  0.170613040096658E+00
  -0.157107895335433E+01  0.666292264562652E+00  0.268911992831027E+01
  -0.256649161089974E+01  0.199609522052713E+01 -0.236383913345753E+01
   0.219585443370323E-01 -0.636209023129380E+00 -0.350728397588984E+01
   0.100293982524702E+01 -0.173631814004983E+01  0.140218241453010E+01
  -0.220756959529773E+01 -0.248448692519560E+01 -0.353682765679331E+00
   0.844871638488248E+00 -0.133256611470484E+01  0.531116657039356E+00
   0.129877336550826E+01 -0.296422792983107E+01 -0.316624048214772E+00
   0.228446945364049E+01  0.293704456137258E+01 -0.172348310593468E+01
   0.196378140220686E+01 -0.373504242419510E+00  0.318610028658810E+01
   0.106731648034065E+00  0.111670016497351E+01 -0.105294630096984E+01
  -0.728392983215463E+00  0.148776657893740E+01  0.168866138263253E-01
   0.242185831724491E+01  0.206698611297988E+01  0.223841137647476E+01
  -0.106297324181449E+01  0.262678460649283E+01  0.208954410662700E+00
   0.345049596777720E+01  0.289661182677537E+01 -0.313501577800457E+00
   0.132656653343564E+01  0.325506674495877E+01  0.321861892227056E+01
  -0.350669262640973E+01  0.208115661013336E+01  0.159255127953893E+01
  -0.114324198947999E+01  0.158107684076879E+01  0.318074089413743E+01
  -0.192699417374887E+01  0.174545615161886E+01  0.172680979155687E+01
   0.271722743134543E+01  0.323563992140953E+01 -0.329269763913270E+01
  -0.185160381521957E+01 -0.220057204733890E+01 -0.348869253895461E+01
  -0.181885992887630E+01  0.317023785197993E+01 -0.378442641662487E+00
   0.256103646585213E+01 -0.975205189432483E+00  0.188458812513382E+01
   0.214100474595033E+01  0.605854182969516E+00  0.418562162824802E+00
  -0.209757051117135E+01 -0.335407453544311E+01  0.486237045365656E+00
  -0.181199758009864E+01  0.324625855002548E+01  0.243361220878154E+01
   0.826816996950124E+00  0.350094291857184E+01 -0.230708777865670E+01
   0.922092839481183E+00  0.105858673601958E+01 -0.164263422329465E+01
   0.296475951690008E+00  0.236000479675992E+00 -0.434652550775043E+00
  -0.325331777993441E+01  0.937003138378265E+00  0.444776390871243E+00
  -0.203493553962402E+01 -0.399029630935474E+00  0.431672742688400E+00
  -0.909821909449573E+00 -0.788421842478375E-01 -0.350157306686625E+01
  -0.240257234975047E+01 -0.299550298677132E+01  0.192696911913597E+01
   0.134103862353961E+00 -0.211371448972934E+01  0.160049655116932E+01
  -0.166592276489491E+01 -0.127069610914203E+01  0.129229992090072E+01
  -0.240684560896092E+01  0.731567106472233E+00 -0.285123578106038E+00
   0.181010596114408E+01  0.619194474008464E+00  0.275651083920181E+01
   0.169075935833779E+01 -0.282824577539749E+00 -0.172622645896637E+01
   0.328004324375187E-01  0.322383522476447E+01 -0.117267569335988E+01
   0.188432747290752E+01  0.324420003166356E+01  0.241768843952203E+01
  -0.152907599628063E+01 -0.345779157126126E+01  0.145921726772010E+01
  -0.103676260521371E+01  0.247592381395350E+01 -0.221495070079651E+01
   0.145686392315317E+01 -0.148803366319772E+01  0.267229875481408E+01
   0.327923981981866E+01  0.787173368771433E+00  0.155743972277052E+01
   0.105726944584652E+01 -0.245719053832949E+01  0.227103069232648E+01
  -0.328971038556038E+01 -0.327089758581954E+00  0.461828816147884E+00
   0.265899279993618E+01 -0.134998011445365E+01  0.463269224653281E-01
  -0.265604136039150E+01  0.755369177237202E+00  0.226151345289938E+01
   0.197789023418375E+01 -0.315784452317551E+00  0.913847072724169E+00
   0.251894603929458E+01 -0.300232429375326E+01  0.288505294135137E+01
   0.262646635890148E+01  0.211518214305186E+00  0.226893395935385E+01
   0.234800874945274E+00 -0.186300046428870E+01  0.261698993324367E+01
   0.350693708207189E+01  0.229470675863308E+01  0.520368688265057E+00
   0.479105033286734E+00  0.197962587995372E+00  0.796391704776182E+00
  -0.101372384040772E+01  0.356089788806185E+01 -0.250864559100589E+01
   0.775859687049963E+00  0.265586383718223E+00  0.303417706821229E+01
   0.154351163257594E+01  0.164870030043979E+01  0.304914106238853E+01
   0.318880888400907E+01 -0.238638837817793E+01 -0.347863115375720E+01
  -0.142145663861074E+01 -0.433467251652404E+00  0.235173551884765E+01
  -0.111182733164352E+01 -0.278203086156988E+01  0.179989932856332E+00
   0.202122292380532E+01  0.316831385971267E+01 -0.234726213898514E+00
   0.170958459936902E+01 -0.209118043306682E+01 -0.972604455482195E+00
  -0.170775278615314E+01 -0.222409801381644E+01  0.174352976643893E+01
   0.770382782369845E+00 -0.294797594644166E+01  0.675941455588234E+00
   0.258997984540124E+00  0.264764265567437E+00 -0.310020279214063E+01
  -0.178436476728186E+01  0.176958571045068E+01 -0.309409255147988E+01
  -0.353503537900683E-01 -0.174328319446489E+01 -0.115365522157442E+01
  -0.175455049308818E+01 -0.194938073711935E+01 -0.125869461679164E+01
   0.269801470050987E+01  0.660316404229282E+00 -0.538539646470863E+00
   0.189291298558370E+01 -0.221021224829290E+01  0.126383922492824E+01
   0.355889359170079E+01  0.225682826515795E+01  0.258397645887836E+01
   0.154586924109885E+01  0.221621657654424E+01  0.140491394979471E+01
  -0.131824579725999E+01  0.263755411766986E+01 -0.115440063992802E+01
   0.120002878421395E+01  0.321159279816572E+01 -0.138375255103396E+01
  -0.299741443319791E+01  0.155957461132559E+00  0.131573157928522E+01
   0.602866062074678E+00 -0.993288359659412E+00  0.276714960741579E+01
  -0.275377166912351E+01  0.176124111168752E+01  0.353777857193152E+01
   0.352390015513132E+01 -0.167584819722338E+01  0.229413033383537E+00
  -0.139674061928920E+01 -0.320791039239800E+01 -0.129870702435974E+01
  -0.813124479212125E+00 -0.260939470218757E+01 -0.347571771394723E+01
  -0.283659250854421E+00 -0.175187323515737E+01  0.356164675266563E+01
   0.538358365596718E+00  0.125361533402420E+01  0.274614874077654E-01
   0.334276182281402E+01  0.212133286477671E+01  0.349928272130772E+01
   0.157497013427438E+00  0.257802346732446E+01 -0.285204091291968E+00
   0.442459411328058E+00 -0.178601942677241E+01 -0.208415314491881E+01
   0.276407882203298E-01 -0.298144675751559E+01 -0.109556492950041E+01
  -0.217723678687103E+01  0.354729499761695E+01 -0.225650683303590E+01
  -0.290735649510963E+01  0.257899286849895E+01 -0.780415867236264E+00
  -0.289817618264735E+00 -0.545967092435313E+00 -0.256094900328908E+01
  -0.263574559461807E+01 -0.182523928188491E+01  0.197568431790463E+01
   0.836840979367936E+00  0.198245205558763E+01  0.694538926548789E+00
  -0.403657009962924E+00  0.209024037766297E+01 -0.138344204578744E+01
   0.892282901634862E+00 -0.262077810141029E+01 -0.153071328256922E+01
  -0.322373953272102E+01 -0.266264056764041E+01 -0.314982379374673E+00
  -0.161080543477140E+01  0.110055791634891E+00 -0.588845028787796E+00
  -0.185414336092011E+01 -0.784321297359377E+00 -0.236313473723064E+01
  -0.280025031283925E+01 -0.164443414312627E+01  0.325188407573644E+01
   0.131871619558635E+01 -0.511077007225005E+00  0.154121187302498E-02
   0.282305490489861E+01  0.150185617064170E+01  0.764736453109896E-01
   0.758853564433520E+00  0.172665133674901E+01 -0.291262425092341E+01
   0.285379912977833E+01  0.338898439140555E+01 -0.100490279297417E+01
  -0.328275618536792E+01  0.187143326893810E+01 -0.168878205519982E+01
  -0.233923197767746E+01 -0.803539713571867E+00  0.178403244589679E+01
   0.143847286609590E+01 -0.327505587899648E+01 -0.317301435949135E+01
   0.167941708693937E+01 -0.141557388279037E+01 -0.342254955127247E+01
   0.336223847728080E+00  0.231154726153453E+01  0.331248914091749E+01
   0.250435204575319E+01 -0.239152554875685E+01 -0.383820577959119E+00
  -0.277503677248349E+01 -0.105117849593381E+00 -0.674941780716257E+00
  -0.248083701048823E+01 -0.157231947405723E+01 -0.191148967086446E+01
  -0.169807928180774E+01 -0.308112981617523E+01  0.310161927283974E+01
  -0.161020186641814E+01  0.872099755932318E-01 -0.173347647663686E+01
  -0.282307443573841E+01  0.132818656408399E+01  0.140279435652888E+01
   0.137518559310109E+01 -0.365624410813055E+00  0.234725578207650E+01
  -0.282204848132367E+01 -0.455598378915387E+00 -0.193580808574807E+01
   0.107672908005856E+01  0.252005272499975E+01  0.245217686444141E+01
   0.358270818324201E+01 -0.272748240852713E+01  0.164744263891412E+01
  -0.330708358383233E+01  0.140161183605259E+01 -0.270681490949783E+01
   0.186840379865924E+01  0.117076242057824E+01 -0.207242046964218E+01
   0.284667619294080E+01 -0.329257519719721E+01 -0.787742618073680E-01
   0.238413632464691E+01  0.253606722658421E+01  0.326926481512573E+01
   0.189451424231219E+01 -0.308723715606394E+01  0.651329817481027E+00
  -0.176815646305831E+01 -0.230204238943599E+01  0.778728358327655E+00
   0.212984354691768E+01  0.323489860483813E+00 -0.249089461841359E+01
   0.309704062530624E+01  0.241340438583353E+01 -0.129378334632101E+01
   0.156040142586129E+01  0.126644057616809E+01 -0.194316791251854E+00
   0.269300287962909E+01  0.207278710897097E+00 -0.169272973169421E+01
  -0.965330654792361E+00  0.329453224793550E+01  0.306500988442832E+01
  -0.163177984251344E+01  0.133860688355593E+01 -0.193677787565272E+01
   0.817837869662151E-01  0.116105934202159E+01 -0.254796881209213E+01
  -0.326822296207529E+01  0.344120798986969E+01 -0.279022981999425E+01
   0.453962622624680E+00 -0.280232662005562E+01  0.320855304458297E+01
  -0.262659083180482E+01  0.192086101397776E+01  0.654229987894004E+00
   0.252544070154546E+01 -0.322943797907224E+00 -0.186449824869561E+00
   0.308501526734392E+01  0.350421531082427E+01  0.228617253851236E+01
   0.228777581441341E+01 -0.108725094267259E+01 -0.210747470285155E+01
  -0.353417451719829E+01 -0.171569785215894E+01 -0.278476556046967E+01
   0.326768805836610E+01 -0.289220290243063E+01 -0.102193088684855E+01
  -0.124399017087517E+01  0.146191320052364E+01 -0.878087733066293E+00
   0.227266537525469E+01 -0.113614072867530E+01 -0.905904761246056E+00
   0.201948334229131E+01 -0.327612231909066E+01 -0.218584498061484E+01
  -0.792198295566718E+00  0.596114659068850E+00 -0.955019811429201E+00
   0.161204498795231E+00 -0.343931956115177E+01 -0.529531822627386E-01
  -0.107014429971914E+01  0.435929172679565E+00  0.285952062503344E+00
  -0.299564179683735E+01 -0.252603114457443E+01 -0.316777927520446E+01
   0.285648983340563E+01  0.137913735501539E+01 -0.163106191975479E+01
  -0.944416615049088E-01 -0.203105362625583E+01  0.678593607102720E+00
  -0.343885695700674E+01  0.250719258247969E+01 -0.252225422273328E+01
   0.764740100326310E+00  0.610050735482866E-01 -0.199558031197478E+01
   0.307393406305701E+01 -0.833841593286499E+00  0.102458214663755E+01
  -0.249337946918302E+01  0.600974218902231E+00 -0.240528507278629E+01
% -0.108021047488747E+01  0.810243890240244E-02  0.616847467856691E+00
% -0.711283641614689E-02 -0.221130277106176E+01 -0.527337886937733E+00
%  0.174050037161250E+01  0.419504986803931E-01 -0.688631936125701E+00
%  0.189222433418351E+01 -0.680338523698389E+00 -0.760382159643043E+00
% -0.105434089911350E+01  0.175356152516748E+01 -0.658945901827267E+00
%  0.724716600846291E+00  0.352703531115999E+01 -0.103900423128169E+01
% -0.115321507985545E+01 -0.128241243308993E+01  0.214479181958119E+01
% -0.872715771566401E+00 -0.162790681118158E+01  0.498676953163491E+00
% -0.124935735476961E+01 -0.207827965560010E+00  0.193133766021343E+01
%  0.457551246195564E+00 -0.697459133034377E+00  0.834861990051665E+00
% -0.452557678689655E+00  0.166210677499318E+01 -0.855834702880307E+00
%  0.202122746391906E+00 -0.204927258856176E+01 -0.213419663991350E+01
% -0.162911606708849E+01  0.834838336173969E+00  0.310309015088108E+00
% -0.153504329045260E+01  0.247768471397248E+01 -0.585910663170679E+00
% -0.192076975263892E+01 -0.131101422998396E+01  0.144840383669890E+01
%  0.742812570503833E-01 -0.254620838071910E+01 -0.161539159210820E+00
%  0.540440935320973E+00 -0.388183861301074E+00 -0.236795672737946E+01
% -0.463633290381574E+00  0.172205649747029E+01  0.211902697447733E+00
% -0.206168709764929E+01  0.124202576815745E+01  0.855914786059446E+00
%  0.892738848859890E+00 -0.194295755572528E+01 -0.121103667623872E+01
% -0.368979749384424E+00 -0.183150082251139E+01  0.455926579229333E+00
% -0.111002662693521E+01 -0.122499636229458E+01  0.136267002516364E+01
%  0.728106219424555E+00  0.640568099872890E+00 -0.256449219217174E+00
%  0.817597548360695E+00 -0.912247798662030E+00 -0.889151737741984E+00
% -0.465309835228597E+00  0.575827940308296E+00  0.627514099789152E+00
% -0.698707031944252E+00 -0.128331571207576E+01 -0.101009288144524E+00
% -0.328079710467422E+00  0.198265049314197E+01  0.174805749069696E+00
%  0.275268432581552E+01  0.867223277721264E+00  0.706688868225200E+00
%  0.558981246531034E+00  0.156757307730820E+01 -0.167946763264278E+01
%  0.249140960445159E+01 -0.852801225777923E+00 -0.182696628940897E+01
% -0.105671926797057E+01 -0.818619733361105E+00  0.301220831343762E+00
% -0.192204977693889E+00 -0.197387455013863E+01  0.101544847182974E+01
% -0.762080828324740E+00  0.981866128559257E-01  0.353115113643234E+00
%  0.325423966419785E+01  0.560782907991788E+00  0.154962630241715E+01
%  0.128409935051247E+00 -0.103796784726300E+01 -0.266347856132434E+01
% -0.211786075937319E+00  0.797514225713911E+00 -0.109350939818883E+00
%  0.840292010026106E+00  0.157748312552936E+01 -0.473261543840926E+00
% -0.682875594475270E+00 -0.260736455273336E+00 -0.467768234922258E-01
% -0.593417041841784E+00 -0.320693338214248E+01  0.361810721933736E+00
%  0.204306079815612E+00 -0.936705334881867E+00  0.514527858862973E+00
%  0.173817488924337E+01  0.222147996901964E+01  0.141895714379657E+01
% -0.519477302576279E+00  0.114481225558239E+01  0.183929838940368E+01
% -0.713456468859817E+00  0.895548961509971E-01  0.744743231632342E+00
%  0.170243119055406E+00  0.931655743809435E+00 -0.161434399219404E+01
%  0.444508216215878E+00  0.320864048948310E+00 -0.134877752746778E+01
%  0.399457391716670E-03  0.106702553641903E+01 -0.571708290378879E+00
%  0.215354699043069E+01 -0.186557803030525E+00  0.162200316007092E+01
% -0.533954909250925E+00  0.147564087308186E+01  0.337093083931819E+00
%  0.781521264584362E+00  0.258806087555058E+00 -0.111558803212842E+01
% -0.327017201282439E+00 -0.903412568334891E+00  0.162596560147616E+01
% -0.810544780713223E+00  0.185240896221342E+01  0.921365611933970E+00
%  0.265123264252911E+00 -0.156545689828215E+00  0.295044347754616E+01
% -0.122060376202213E+01 -0.106951438703856E+01  0.846715251858031E+00
%  0.625063040396321E+00 -0.363836928576906E+00 -0.102646739656077E+01
%  0.677193738356044E+00  0.711874920914295E+00  0.169155981834685E+01
% -0.117487238329323E+01  0.287589190376111E-01 -0.128189547870344E+01
%  0.826311294738992E+00  0.623711035004435E+00 -0.747909925999298E+00
%  0.455779897875672E+00  0.875237221417906E+00  0.114843151272271E+01
% -0.557186380767112E+00 -0.806347142658334E+00  0.176314424999245E+01
%  0.370523923690179E-01 -0.189991059469528E+01  0.187021179029802E+01
% -0.356027329394669E+00  0.539330335203506E+00 -0.408691196033719E+00
%  0.106217743646689E+01 -0.127899902158764E+00 -0.397280753434278E+00
%  0.851814772959077E+00 -0.102545747092486E+01 -0.952511524466699E+00
%  0.344724335748511E+01 -0.339864565647285E-02  0.757332440076913E+00
% -0.116570754004443E+01 -0.240824826523381E+00  0.996100250011323E+00
% -0.119945207166759E+01  0.762458290559559E-01  0.208121079512301E+01
% -0.321611004193405E+00  0.542812699818959E+00 -0.112573092350485E+01
% -0.226380897294689E+01 -0.524082781463300E+00  0.109584332447816E+01
% -0.159924964924769E+01  0.100688417351444E+01 -0.279810119405473E+00
% -0.279237284481038E+00 -0.209922843866802E+01  0.320152860508684E+00
%  0.393124934814115E+00  0.246691069793313E+01 -0.980142885321819E+00
% -0.110426105632539E+01  0.270442402158537E+00  0.379808628766967E+00
% -0.886151924675048E+00 -0.236340009439945E+00  0.199410659178389E+00
%  0.272364778742901E+00 -0.709643410070015E+00  0.210078278838466E+01
%  0.331114951231812E+00  0.310884884663368E+00  0.198409683949462E+01
% -0.183609496456784E+01 -0.874772095702562E+00 -0.285087957831345E+01
% -0.223324600262517E+01 -0.822817586939369E+00 -0.189704561602106E+00
%  0.441249533746920E+00  0.125166600816899E+01 -0.808185398955550E+00
%  0.298487356424475E+00 -0.211873807780678E+01 -0.200069223818100E+01
%  0.752439871484768E+00 -0.828723943084896E+00  0.359286496334621E+01
% -0.734038537471524E+00  0.298440292533164E+00  0.158054097834165E+01
% -0.105626756201592E+01  0.670799190110676E-01 -0.127692151579784E+00
%  0.449238133079171E-01  0.137960003972105E+01  0.193415085130680E+00
% -0.611886670499640E+00 -0.355269509465269E+00  0.140021545149427E+01
% -0.315329232365439E+00  0.101825200452771E+01 -0.165958493059457E+01
% -0.506354085919229E+00 -0.948666324210513E+00 -0.121954956293380E+01
%  0.131283990053790E+01 -0.508174404988038E+00 -0.106322113389728E+01
%  0.100506931044121E+01  0.183490472961454E+01  0.674407737818526E+00
%  0.102513214148548E+01  0.280982731361927E+00 -0.910544056517436E+00
% -0.971789100668683E+00  0.315761964389161E-01  0.118642048245834E+01
%  0.129346667608407E+01 -0.408822211179508E+00 -0.101886485028873E+01
%  0.826996491721801E+00  0.230585026659272E+00 -0.521143720996677E+00
% -0.392565052872168E-02  0.857588385809503E+00  0.246765026673055E+01
%  0.654447082412430E+00 -0.413476995899520E+00 -0.147667748713086E+01
%  0.454133514349010E+00  0.200013928890008E+01  0.331218386183212E+00
%  0.358346161844986E+01 -0.947568894517302E+00 -0.254504590194336E+00
% -0.527017994276717E+00  0.241156289313438E+01 -0.558072929059075E+00
% -0.225870656881471E+00 -0.679822746931411E+00 -0.128153876682759E+01
%  0.996850076366634E-01 -0.772688156164382E+00 -0.986280908113608E+00
% -0.161849960406134E+00  0.212777767995378E+00 -0.768748378913984E+00
%  0.111776725770531E+01  0.463447694174579E+00 -0.347926730877099E-01
%  0.833129193733343E+00 -0.100651486756615E+01 -0.306530686715148E+00
% -0.107512091239992E+00  0.873851376750486E-01  0.419952640303681E+00
% -0.227923255385539E+00 -0.157209385231430E-01 -0.333467966234635E-01
%  0.598771456665371E-01 -0.190333895062972E+01 -0.284713976503008E+00
% -0.283675832521959E+01 -0.313838970843812E+00  0.170708033372168E+01
% -0.271792710533782E+00  0.358328051278078E+00  0.167110534422261E+01
% -0.132471866349931E+01  0.150668485606924E+01  0.611875573727405E+00
% -0.608437780698942E-01 -0.213200045243332E+01  0.103680869893287E+01
%  0.440604421950172E+00 -0.563554139578113E+00 -0.281144001909265E+00
%  0.739799720058203E+00  0.125182933332617E+01 -0.576854213359881E+00
%  0.199869670857067E+01  0.159006014569135E+01 -0.128877231572236E+01
%  0.349141790779449E+00 -0.508752793108039E+00 -0.271429473232954E+00
%  0.142412652391861E+01 -0.321132734263319E+01  0.542516646749399E+00
% -0.144436165169104E+01  0.140209920485082E+01  0.124885656748200E+01
% -0.743106168210271E+00  0.207943772178480E+01  0.108886394857831E+01
% -0.160313982285042E+01  0.382647251323761E+00 -0.905367163371619E+00
%  0.181367491312685E+01  0.197371225614186E+01  0.159820238432631E+01
%  0.130751888816080E+01 -0.391783358575409E+00  0.488042703772426E+00
%  0.322074075323514E+00 -0.536640583646159E+00 -0.178137353779521E+01
%  0.816269225618659E+00  0.135395603698402E+01 -0.409256446122431E+00
%  0.115352133575271E+01  0.140320454088204E+01 -0.195742919865045E+01
% -0.186519648405289E+00  0.248345278733612E+00  0.394442064444719E+00
%  0.139322158411803E+01 -0.921750862982569E+00 -0.122036253026837E+01
%  0.596373521974984E+00 -0.146215628451448E+01 -0.177890021523936E+01
% -0.632097068002520E+00 -0.108337750532981E+01 -0.245185727060787E+01
% -0.798103804144239E+00 -0.120473693475350E+01 -0.705881935537224E+00
%  0.107661883062549E+01  0.861417484303700E+00  0.191884383658361E+01
% -0.737356481613419E+00 -0.158645062272230E+01 -0.991607672348136E+00
% -0.115298664291428E+01 -0.350549282155244E+01 -0.107909050827851E+01
% -0.222956167289694E+01 -0.140373152362966E+01 -0.139722517739571E+01
% -0.822999364132065E+00  0.114575442648660E+00  0.135415472143938E+00
%  0.182855914322566E+01 -0.457109520590347E+00 -0.147343955548407E+01
%  0.166790116164088E+01  0.271691923244482E+00  0.762834057127814E+00
%  0.475061087230771E+00  0.278926603548428E+00  0.106246877335511E+01
%  0.824276861579974E-01  0.106683579594240E+01 -0.121055817729836E+01
% -0.840494728269995E+00 -0.234278777582607E+00  0.895918923247771E+00
% -0.537554982177939E+00 -0.160637416541868E+00 -0.183674154759713E+01
% -0.216015413782323E+01  0.126306159537995E+01  0.177897741895744E+00
% -0.212196584126460E+01 -0.154031699719360E+01  0.986307974550669E+00
% -0.242882286565208E+01  0.908184484631511E+00 -0.798111854399342E+00
%  0.918588363755501E+00  0.381716215308177E+00 -0.238704635695779E-01
% -0.262470847428189E+00  0.105124538648667E+01  0.800331374574495E+00
% -0.150281678653904E+01  0.914622186039926E+00 -0.908974508801507E+00
% -0.146110628880355E+01 -0.390914583505173E+00 -0.116365331086055E+01
% -0.129430883319801E+01  0.205574623922448E+00 -0.673618104059296E+00
%  0.418199293170921E+01 -0.367670770384259E+00 -0.119088308702293E+00
%  0.722973464906736E+00 -0.101919657449307E+01  0.646756730114568E+00
%  0.371581162940431E+00 -0.460719574710423E+00  0.105929936286528E+01
%  0.551692172160468E+00  0.796220313430493E-01  0.972213145981135E+00
%  0.236797527693632E+00  0.333825229991838E-01  0.110273354178802E+01
%  0.462833684229385E+00 -0.148178612563512E+01 -0.113951906569285E+01
% -0.215327958364213E+00 -0.153128435168409E+00  0.111635259195178E+01
%  0.180201732894683E+00 -0.555698082471233E+00  0.187468424795228E+00
% -0.502851571525877E+00  0.275749936717034E+00  0.121266350949682E+00
% -0.214389783079565E+01 -0.115814754797595E+01  0.199945526441283E+01
%  0.677125347676248E-01 -0.107167508404115E+01  0.154018097689866E+00
% -0.432662343268018E+00  0.167644857530055E+01 -0.111171749573066E+01
% -0.179287475665164E+01 -0.158612880047208E+01  0.288463497276144E+00
% -0.311695301476759E+00  0.237419215308957E+00  0.846520766046766E+00
% -0.720476539473871E+00  0.339723952227791E+00  0.275833562383774E+00
%  0.668019542253570E+00  0.122586102667941E+01 -0.214044020086870E+01
% -0.379181778721178E+00  0.182760634322622E+01 -0.270861927835056E+00
%  0.149229380860253E+01 -0.191633978387449E+01  0.121546494471264E+01
%  0.201463928919403E+01 -0.471920659800023E+00 -0.473655059603596E-01
% -0.951226677806527E+00  0.166146871735638E+01 -0.139727395431797E-01
%  0.585680219602580E+00 -0.110453913858976E+01  0.985624435635272E+00
% -0.122949207545183E+01  0.217421873841105E+00  0.642999615192648E+00
% -0.144120523054757E+01  0.638166096516007E-01 -0.141668928213039E+00
%  0.839406100216420E+00  0.546676089863301E+00  0.223690771067284E+00
%  0.166411262919336E+01  0.127374746024931E+01  0.323374277888340E+00
%  0.180233267869032E+01 -0.125597042160550E+01  0.625585127250196E+00
%  0.142817062935433E+01  0.533125707192574E+00  0.171633699126001E+01
%  0.991425307675494E+00 -0.961638817444179E+00 -0.347659153783224E+00
%  0.650101217768140E+00  0.976251749918659E+00  0.661745050430518E+00
% -0.156865894911304E+01 -0.117043863120373E+01 -0.755153149080917E-01
% -0.992133304935350E-01  0.996755197091437E+00  0.530570042781350E+00
%  0.193593481467278E+00  0.100344301262519E+01 -0.310555747310182E+00
% -0.101942922126288E+01 -0.155299378605921E+01 -0.649241367519666E+00
% -0.372589085386480E+01 -0.269149762853506E+01 -0.279285486773197E+00
%  0.845394341072630E+00 -0.284551080787805E+00 -0.182275900836161E+01
% -0.792364394831552E+00 -0.978655397679352E-01  0.165334986066825E+01
%  0.776252827700245E+00 -0.815483789112812E+00 -0.122153129002388E+01
%  0.146730572320904E+01  0.154929978085395E+01 -0.867049809822794E+00
%  0.574971760258673E-01 -0.101157212086410E+01 -0.207705123346880E+01
%  0.141518777174881E+01 -0.424107737773775E+00 -0.209547406569760E+00
%  0.827021809885289E+00  0.130906286575029E+01  0.144647280253152E+00
% -0.146786836542817E+01 -0.138245320159027E+00 -0.191208225312670E+01
%  0.806930958971051E+00 -0.190761402445970E+01  0.122402897317483E+01
% -0.725977435840503E+00  0.558040420802500E+00 -0.500948344195438E+00
%  0.213073361785419E+00  0.114828865551779E+01 -0.878477226292899E-01
% -0.153696179617842E+01 -0.161888709508481E+01 -0.102422358853453E+01
% -0.203955726714121E+01  0.531102342486170E+00 -0.518892987214123E+00
%  0.171345871773102E+01 -0.136349088152608E+00 -0.123062806556520E+01
%  0.694855551991817E+00  0.977379835709575E+00 -0.995975005401309E+00
% -0.869873912734213E+00  0.513889707664038E+00 -0.315414962845836E+00
%  0.763933461717259E+00 -0.241094332706809E+01 -0.647684714122251E+00
%  0.285439557966776E+00  0.218053040379577E+01  0.698650490675392E-01
%  0.127965576715566E+00 -0.220275955752459E+01  0.924191910808522E+00
%  0.153410911458100E+01  0.148223129391525E+00  0.399617903497121E+00
%  0.441973341622688E-02  0.892018881676977E+00  0.939613365731292E+00
%  0.131423596681124E+01 -0.636985904093937E+00 -0.168189563359096E+01
% -0.338346696897704E+01  0.105295759985561E+01  0.174601160618505E+01
% -0.250670457319786E+01  0.248752526504240E+01 -0.202668929108833E-01
% -0.216501896975055E+00 -0.150920657007265E+01 -0.467519751109668E+00
%  0.141221955183876E+01  0.647568710245994E+00  0.113190912677689E+01
%  0.166123456014772E+00 -0.584114183106906E+00 -0.220308587271396E+01
%  0.578472339700151E+00  0.575945846274762E+00  0.586231909923558E+00
%  0.161832820799855E+00 -0.996894040556170E-01  0.387961271684496E-01
% -0.588285588088420E+00  0.248877361100015E+01 -0.313955703211585E+01
% -0.750572406723567E+00 -0.178954691360010E+01 -0.794787343621571E+00
% -0.934858431114438E+00 -0.648473763304345E+00 -0.126695029274795E+01
%  0.107711337656151E+01 -0.542493504026422E+00 -0.997261257426802E+00
% -0.175795806522996E+01 -0.216794668651363E+01 -0.598426107425498E-01
% -0.174440245801575E+01 -0.587400020205899E+00  0.121723918132097E+01
%  0.642917456929131E+00  0.149344541506172E+01  0.366186867812164E+00
%  0.750681376987413E+00  0.151102798770003E+01  0.249813004536845E+00
%  0.785489639900739E-01  0.692533491425847E+00 -0.102842727382581E+00
% -0.101196553316612E+01 -0.536034921649188E+00 -0.915830403840890E+00
% -0.173903132625558E+01  0.346201350574576E+00  0.236789790299760E+01
%  0.333278686992109E+01 -0.390423043703861E+00  0.121248960422636E+01
%  0.308254360866709E+01 -0.132633192018210E+01  0.728204251567611E+00
%  0.113957612064890E+01  0.648361398733371E+00 -0.419577984860644E+00
%  0.196061617630137E+01 -0.139827591103950E+01 -0.544361892936326E+00
% -0.827997171535269E+00 -0.170533782134603E+00  0.152761993780612E+00
%  0.527442593685944E+00  0.552351501124078E+00 -0.540976566350317E+00
%  0.120397551640742E+01  0.160454931016795E+01 -0.205165947314631E+00
%  0.135349832548841E+00  0.158343770161934E+01  0.356044715309650E+00
%  0.543680144332292E+00  0.196553402545429E+01  0.148011539839535E+00
%  0.148385114355908E+01  0.868110323932452E+00  0.826675782407306E+00
% -0.712575567838381E+00 -0.177212910375196E+00  0.206223499285781E+01
% -0.179290165321647E-01 -0.590106324946620E+00 -0.782255909718901E-01
% -0.413521585468062E+00  0.947261989932194E+00  0.903096977146767E-01
%  0.181583752713844E+01  0.190743727086498E+00  0.188772937695905E+01
%  0.815124892209619E+00  0.108519669889149E+01 -0.121756413564624E+01
% -0.368972900914573E+01 -0.100109081824708E+01 -0.653201672796487E+00
% -0.431505277991147E+00  0.813794387105293E+00 -0.119807857255990E+01
%  0.385879172519809E+00 -0.287398458467868E+00 -0.252702407763348E+00
%  0.721235641839116E+00  0.136163326619359E+01  0.739292710625069E+00
% -0.313405608288221E+00  0.138343686768724E+01 -0.119325087647904E+01
% -0.155864905067981E+01  0.830168890916466E+00  0.835691188878349E+00
%  0.918436122595778E-01 -0.315949438837792E+01 -0.408132816882664E+00
%  0.173945419556680E+01 -0.845311743051613E+00  0.133724490936605E+01
%  0.103774636664187E+01  0.143464471288539E+01  0.173954472078845E+01
%  0.345935212749472E+00 -0.735563348297276E+00  0.185653639853802E+00
% -0.296375829290676E+00 -0.123642801503843E+00  0.452867279258248E+00
%  0.118876586581230E+01  0.134184830272511E+00 -0.172830006686745E+01
% -0.171325710017734E+01  0.195635849639286E+00 -0.122928064778929E+01
% -0.115668992069823E+01  0.156120524798601E+01 -0.118082104562710E+01
% -0.425815239894191E+00  0.894368018031228E+00  0.126245520942602E+01
%  0.146856478234661E+01 -0.513948814304083E+00  0.346710388509985E+00
%  0.489724985866789E+00 -0.873784999757253E+00 -0.338902837480037E+00
% -0.302523989400636E+01  0.239696400153579E+00  0.986082130233353E+00
% -0.175259038335672E+01  0.414378279083234E+00 -0.306201916415066E-01
%  0.289697122831685E+00 -0.344492319381786E+00  0.627903640651307E-01
%  0.123060056601479E+01  0.912368701220696E-01 -0.737671294335916E+00
% -0.159650374644093E+02 -0.101375150804155E+02 -0.588420119354662E+01
%  0.152668557195108E+02  0.466233704130152E+02  0.705647257749731E+02
%  0.523593891483845E+01  0.642980344078854E+01 -0.154762428447720E+02
%  0.546093196679157E+01 -0.305386878579386E+01  0.273866807889512E+00
% -0.176534587931477E+01  0.205536427868845E+02 -0.169426365914935E+02
%  0.105923256447315E+02  0.369533023607018E+02 -0.429048764321828E+01
% -0.721860838194249E+00  0.543625480973467E+01  0.139821296238815E+02
%  0.151476582520265E+02 -0.161140092775467E+01 -0.921347703297612E+01
%  0.141567167486874E+02 -0.389619358527083E+01  0.251391760572093E+02
% -0.428935162979321E+01  0.156641157400753E+02 -0.356090285045085E+01
% -0.291466571656371E+02 -0.801682220123240E+01 -0.453201096713384E+01
%  0.191560770190701E+02 -0.203245361515853E+02 -0.983512076430504E+01
% -0.106732996887598E+01  0.356561273609797E+01 -0.190750083081533E+02
% -0.291361701363476E+02 -0.399937997632768E+01  0.179627058684139E+02
%  0.943503857212111E+01  0.178394824178610E+02 -0.191459580219732E+02
%  0.122455219810505E+01  0.663764141316364E+01  0.357899617545738E+01
%  0.315789798178123E+01  0.156496137040104E+02 -0.260662413769411E+02
% -0.163650658339339E+02 -0.509876255384481E+02 -0.721617490971993E+02
%  0.314033988638968E+02  0.224711165199179E+02 -0.486392928983824E+02
%  0.387765308917296E+01 -0.768327489305193E+01 -0.458566849994682E+01
%  0.523622895783050E+01 -0.729279703165548E+01  0.373093948683853E+01
%  0.154927472540510E+01  0.100419557500021E+02 -0.219854743513538E+02
%  0.173423609345520E+02 -0.715266597086972E-01 -0.240192068001271E+02
%  0.467456650364581E+02  0.294911142965370E+02 -0.190056322031609E+02
% -0.160256545531689E+02 -0.788417712910845E+00  0.195909610029639E+00
% -0.134497598969741E+02 -0.813727191560912E+00 -0.194697874332144E+02
%  0.289800451906030E+02 -0.129361372420502E+02  0.172241872697550E+00
% -0.274110228868721E+01  0.961255493932366E+00 -0.959691491377804E+00
% -0.209764959924538E+02 -0.929788020434670E+01 -0.171851330656228E+02
% -0.105001270117287E+02  0.105627913296414E+02  0.561281851902798E+01
% -0.102594561474584E+01  0.452945774291680E+01 -0.170039951788719E+01
%  0.590674177334436E+02  0.133543213316368E+02 -0.359911787025204E+01
%  0.609046804746323E+01 -0.328306326826490E+01  0.592922914219124E+01
%  0.613317786914940E+02  0.259038529083108E+02 -0.943391125279178E+01
%  0.318431818971071E+02  0.783211831413821E+01 -0.460511633867974E+02
% -0.309881976256211E+02 -0.386971728902692E+01  0.160130514671409E+02
% -0.958781184000401E+01  0.645264435794264E+01  0.101695284757385E+02
% -0.118888172720408E+02 -0.848210361390007E+01 -0.176503469363458E+02
%  0.256134093613941E+02 -0.487049994676842E+02  0.803624339238635E+01
% -0.330601561957959E+01 -0.457712750734072E+01  0.202918632590568E+01
% -0.405411984848575E+02  0.255477026440693E+02  0.647641301031261E+01
%  0.194413607770062E+02  0.107075289990933E+02  0.277346111041687E+01
%  0.593648845099613E+01 -0.117337898159353E+02  0.873042428148202E+01
% -0.771786808349642E+02 -0.624924772120113E+02 -0.173191588441799E+01
% -0.581640248498841E+00  0.359656682102186E+01  0.246346704512370E+00
% -0.869471988409206E+00 -0.318548477070261E+00  0.305208220153433E+01
% -0.219991136236516E+01  0.946028411715664E+01  0.629945623704254E+01
%  0.104225612890926E+02 -0.305295714587151E+01 -0.129198208222925E-02
% -0.336263597152818E+02  0.112024759258720E+02 -0.147161253054066E+02
% -0.222155643690477E+02 -0.413997895177724E+02 -0.127710135344046E+02
%  0.650014148955744E+01 -0.175835369162355E+02  0.238218620492474E+02
% -0.571507493206227E+01  0.595926040778186E+01  0.172524716626463E+02
%  0.332042329122595E+02 -0.872979890792632E+01 -0.419247394840139E+02
% -0.818895150878513E+01  0.556624166013180E+01  0.556918393955726E+01
%  0.115827912632740E+03 -0.627385135844689E+01 -0.136752026582902E+02
%  0.214642654397672E+02  0.573355543560675E+01 -0.442141567559267E+02
% -0.890894365341657E+00  0.169376213330500E+00  0.411139978921172E+01
%  0.214469522374412E+01 -0.102852550702083E+02  0.266062189487087E+01
% -0.142750276451822E+02  0.259699287492046E+01  0.460389584438789E+01
%  0.259757531333959E+00  0.868692030099012E+01  0.353013351590443E+01
%  0.101164274235788E+02  0.165917028401153E+02  0.132224720395246E+02
% -0.447073784163004E+01 -0.123910101675349E+01 -0.339716190828478E+01
%  0.874684510633438E+01 -0.634931196571096E+01 -0.132279862829638E+02
%  0.497803966305553E+01 -0.811959863603847E+01 -0.325646603023344E+02
% -0.121750975493178E+02 -0.591352893486381E+01 -0.337719748270149E+01
% -0.259284540089639E+02  0.222632588741576E+02  0.101149419762165E+02
%  0.980489431654717E-01  0.621025300042128E+00 -0.188231090363950E+01
% -0.121875626322107E+02  0.665112983819304E+01 -0.763514511028402E+01
%  0.560807189150225E+01  0.285188283180163E+02  0.150056004564355E+02
%  0.990454187132415E+01  0.840084117524357E+01 -0.146361954184291E+02
% -0.253390016253088E+01  0.730882433694599E+01 -0.832720385681093E+01
% -0.291524715315095E+01 -0.330296861260731E+01  0.820113134326129E+01
%  0.101796420770788E+02  0.130330203422065E+02 -0.970589832784863E+01
%  0.226080139941982E+01 -0.399635202045601E+01  0.754030249587396E+00
% -0.195396972572363E+02  0.166686140557570E+02 -0.186321159082666E+02
%  0.149056722937272E+02  0.447091882322191E+01  0.210249177074412E+01
%  0.153404083774263E+00  0.227183678326689E+02 -0.240409550361500E+02
% -0.725247086271498E+01 -0.214136728527103E+02  0.132215758105308E+02
% -0.145998262617368E+02 -0.246628115191084E+02 -0.114899311068909E+02
% -0.466815558672807E+02  0.177609780962868E+02  0.321632608641984E+02
%  0.103722568667172E+02  0.360569032894350E+01  0.113218821490960E+02
%  0.867438657713018E+00  0.100126920639525E-01  0.173164407515224E+01
%  0.160568115650665E+00 -0.104797013471564E+02  0.113328447790223E+02
%  0.205645169085991E+02 -0.118828138578894E+02  0.364294485582913E+01
%  0.557239205337715E+01 -0.647228654726632E+01 -0.101619835709914E+02
%  0.478944030850413E+01 -0.526110519492739E+02  0.361218495239590E+02
%  0.525287946227834E+01 -0.122549938556302E+02  0.115131722757036E+02
%  0.144532081789371E+02 -0.738807026120104E+01 -0.733943410210774E+01
%  0.264994529574125E+01 -0.473820131789293E+01 -0.755637840143603E-01
%  0.457149534145512E+01 -0.186978813230298E+02  0.656915699892463E+01
% -0.419490604173990E+01  0.422387895133260E+01  0.200079444574164E+01
%  0.205855358796823E+02  0.192004153795732E+00  0.194388128336049E+02
%  0.126785732700796E+02 -0.519078488352759E+01  0.140400602721979E+02
%  0.366595164409421E+02 -0.287367041983570E+01 -0.395075408773146E+01
%  0.165007639152410E+01  0.550184320845638E+00 -0.209090533929656E+01
%  0.193174534452307E+01  0.176879318536233E+02  0.288897514988136E+02
% -0.144284613052286E+02 -0.124112036013303E+01  0.235909337162853E+01
%  0.507041304047664E+01 -0.734952897914339E+01  0.275999840683643E+01
% -0.610718781339957E+01 -0.518506288586457E+01  0.948090066171136E+01
% -0.201440065394407E+02  0.383919148962081E+01  0.751529348773949E+01
%  0.256856223437631E+01  0.375360769015082E+01 -0.102500233805323E+02
% -0.164999155145589E+01  0.169823626520067E+02  0.748943655793732E+00
%  0.597907290339341E+00 -0.896814899420458E+00 -0.107326971417745E+01
% -0.109678228863970E+02  0.200382256312121E+02 -0.128700658968388E+02
%  0.503673235087317E+01 -0.121048766255380E+02  0.416839504677559E+01
% -0.348263717702322E+01  0.640897763169932E+01 -0.531533316999986E+01
%  0.464782365328929E+01 -0.396461385921874E+01  0.207372183652978E+01
% -0.222643686133772E+02 -0.127814284881178E+02  0.596810639165469E+01
%  0.481789418973529E+02  0.352248595471479E+01 -0.420492140495418E+01
%  0.861046751587459E+01 -0.213568975432939E+02 -0.314747979774198E+02
%  0.111594300718481E+02 -0.348747656078035E+02  0.168349631800929E+02
%  0.155107414533848E+02  0.180846806757614E+01  0.291654789967594E+01
% -0.990430352321678E+01  0.140708086689609E+02 -0.295298140230720E+02
%  0.206763214646812E+01 -0.301460545454716E+01 -0.309463204579989E+01
% -0.310045210723777E+02 -0.137886167001477E+02 -0.751900398766940E+01
%  0.776290421806330E+01 -0.599546161769493E+01  0.128632895590488E+02
% -0.983873174091099E+01  0.797563013043379E+01  0.116258676295013E+02
%  0.944873463032077E+01  0.659025875452645E+00  0.935563849984185E+01
% -0.220786085680972E+00  0.346368835803838E+00 -0.528717117579522E+00
% -0.423163474067191E+01 -0.231489104923283E+02  0.104656686852801E+02
% -0.254522040726634E+02  0.142468331134565E+02  0.150266451518211E+02
% -0.236757587773177E+02 -0.122905751099248E+02  0.379187335156038E+01
% -0.528259931490769E+01  0.351605665045512E+01 -0.151467052118253E+02
% -0.183266364707182E+02  0.206837101905877E+01  0.535563894840293E+02
%  0.111168095598977E+02  0.682988030873281E-01  0.395182666537929E+01
%  0.101968998983161E+02  0.245184506223215E+02  0.280452179468519E+02
% -0.347812419679094E+01 -0.693949352729766E+01 -0.244618981046433E+02
% -0.274118972884719E+02  0.346730270655239E+01 -0.185436639448749E+02
%  0.496276486459640E+02  0.733658499164150E+01  0.357862417169114E+02
% -0.274648807483013E+02  0.151310280420087E+02 -0.777782904789887E+01
%  0.195417677679738E+01  0.789711667709882E+01  0.263127960414396E+01
%  0.176221412970615E+02  0.109683231472264E+02 -0.677828234602893E+01
% -0.337080214156783E+01  0.755899675114613E+01 -0.109396387945121E+02
% -0.344878952723018E+01  0.728780499605461E+01 -0.151388815390629E+02
%  0.316349626340669E+01 -0.125024996326531E+01 -0.602804626089086E+00
% -0.210605091935046E+01 -0.251556558245986E-01  0.281647909455924E+00
% -0.112574843016095E+01  0.535535541973957E+01  0.235118794845198E+01
%  0.519537602600706E+01 -0.633803065251836E+01 -0.901023866135538E+01
% -0.310447838080960E+01  0.795620568824400E+01 -0.470653613114666E+01
% -0.106498829138544E+02 -0.306637317183745E+02  0.567399980285843E+02
%  0.209050523017431E+02 -0.927406108424084E+01 -0.368331441145277E+02
%  0.294409054582456E+01  0.278134874638979E+02  0.216201891666476E+02
% -0.101653150333911E+02  0.618873010672232E+01 -0.263551530123595E+02
%  0.162384068948180E+02 -0.134218483366657E+01  0.125058327529280E+02
% -0.113642422627050E+01 -0.591865773256487E+02 -0.507424356868176E+01
%  0.273928940290734E+02  0.185932156896398E+01 -0.318583840794895E+02
% -0.157585840473448E+02  0.453288000916801E+01 -0.651536739798751E+01
% -0.795722388417374E+01 -0.224113370774219E+01  0.265020735814490E+02
%  0.231398661032509E+02 -0.141749664521255E+02 -0.679126850779021E+01
%  0.408705115883162E+01  0.575608725524140E+01  0.573771129847285E+01
% -0.422946735942745E+01  0.177582151004197E+01 -0.174879790462112E+02
%  0.544427210461502E+01 -0.986888761903097E+01 -0.189719243688721E+02
% -0.574566803934982E+02  0.151635882433802E+02 -0.203084229526355E+01
%  0.866911683410638E+01 -0.418965539442127E+01  0.172404656130411E+00
%  0.725522575707513E+01 -0.103988847811592E+02 -0.443827253062209E+01
%  0.245130559747474E+01  0.180183232740644E+01  0.239578392598703E+01
%  0.751139481456722E+01 -0.718477632659633E+01 -0.625878209626928E+01
% -0.198739754492852E+02 -0.419799878391888E+02 -0.312062454920811E+01
% -0.202209468726396E+01 -0.548270272391011E+01  0.104944578309114E+02
%  0.790268883958483E+00 -0.960934045240396E+00 -0.354417114742581E+01
% -0.273917919817237E+01  0.576074865155304E+01  0.141332588652216E+01
%  0.486809123575046E+01  0.540472693781031E+00  0.705596732633876E+01
% -0.214229104461169E+01  0.417325717495246E+01  0.105034626097538E+01
% -0.964706854446872E+01 -0.132463776526409E+01  0.751139431129578E+01
% -0.590094083594845E+01  0.222049299292944E+01 -0.180286942805859E+01
%  0.124842330482945E+02 -0.101437709485445E+02 -0.113845580179174E+02
% -0.954373653723851E+00  0.449489471598593E+01 -0.445235121367965E+01
%  0.399032199412925E+01 -0.140500628787197E+01  0.527733015230907E+01
%  0.496817411249968E+01 -0.106006411275515E+02  0.449292824612569E+02
%  0.151877357025324E+01  0.555268747394318E+01  0.670151868696264E+01
%  0.571366576454405E+01  0.103323381397626E+02  0.536748131470249E+01
% -0.394555055989371E+00 -0.547503524046614E+01  0.301621413443793E+01
%  0.954908354505850E+01  0.721735220208414E+01  0.595134856192124E+01
%  0.378537773225335E+01 -0.516178158272297E+01  0.922641357281326E+01
% -0.584765766106341E+02 -0.229508314506307E+02  0.140240561494783E+02
%  0.151747099566273E+02 -0.298652628804241E+01  0.201216778746459E+01
%  0.228924358036859E+02  0.695852362840955E+02 -0.374934826374156E+02
%  0.119438704869225E+02  0.847329863554256E+01  0.940039809832483E+01
%  0.195728103178888E+02 -0.769852782083945E+01  0.608348660787646E+01
%  0.685786955434674E+01  0.216108099083598E+01  0.119871222721968E+02
%  0.143022712264556E+02  0.138597823083528E+02  0.352337590468149E+01
% -0.543144342181969E+01  0.575487235228818E+02  0.135187111688285E+02
% -0.198893090030032E+01 -0.780690265637034E+00  0.765472759985311E+00
%  0.605956172208420E+02 -0.246931938642037E+02  0.125278968165074E+02
% -0.259268868046026E+01 -0.143815896264505E+01  0.694980849133128E+00
% -0.101688289823225E+02 -0.164501391694162E+02  0.163927578273596E+01
% -0.131971949747123E+02  0.133915529101195E+02 -0.123193218591707E+02
% -0.158758909849209E+02 -0.102631182153010E+02 -0.780514051817490E+01
% -0.180945141695647E+02 -0.177292783128371E+02  0.647396586382983E+02
% -0.231950190279918E+01 -0.150940848500957E+01  0.279391537310092E+01
% -0.762735022747819E+01 -0.158969566034887E+02 -0.581686521289847E+01
% -0.784028505748678E+01  0.548578757911325E+02  0.101802128213258E+02
%  0.347922799785223E+01 -0.767220759583839E+01  0.329128190420694E+02
% -0.513473196598704E+01  0.202152375545597E+02 -0.168302853529905E+02
% -0.575268044707127E+01 -0.117650844483385E+02 -0.678265349080334E+01
%  0.255613698128981E+00 -0.635204898591369E+01  0.561526287755094E+01
%  0.363802725156844E+01  0.158348113795481E+02 -0.521018801362465E+01
%  0.542640788701152E+01  0.802018213477082E+01  0.748817447013475E+01
%  0.109936430820869E+02 -0.184176577687985E+01 -0.326613406664690E+01
% -0.257121589547920E+01 -0.219984240449112E+02  0.380599247495299E+02
% -0.937511380064599E+01 -0.141543182818170E+02  0.657117678067802E+00
%  0.432383588988317E+01 -0.835744246086253E+01  0.752775574131782E+01
% -0.210220598789652E+02 -0.148954379838203E+02 -0.188517371059617E+02
%  0.597256268851284E+00  0.368167525754033E+01 -0.416383670060217E+01
%  0.692177773462922E+01  0.981949257591912E+00  0.115913513592083E+02
% -0.887555771176593E+02  0.344306562008423E+01 -0.955825741232042E+01
% -0.288114671241658E+02 -0.305679509300738E+02  0.414036348682755E+02
% -0.506243963026722E+01 -0.178566008554770E+02  0.228963411616978E+02
% -0.378109816901545E+02  0.303086361801333E+02  0.218048299323417E+02
%  0.203955249474706E+02 -0.198600795466174E+02  0.688034801266414E+01
% -0.949691480235546E+01  0.143246474041666E+02  0.374671004558462E+01
%  0.268003141750770E+01  0.176152253975452E+01  0.647419163530008E+01
%  0.241487020330293E+01  0.141851610465259E+02  0.148078852361674E+01
%  0.192087971492340E+02 -0.135718999672859E+02 -0.553002726717541E+01
% -0.460422338155935E+01  0.125570080640086E+02 -0.775116875219527E+01
%  0.514925575871418E+01  0.378627834380767E+01 -0.821022719889919E+01
%  0.113829819345111E+01  0.601912772568036E+01  0.124452429938259E+01
% -0.108361354522664E+02 -0.336153103704948E+02  0.162509445073918E+02
% -0.919809069301786E+01  0.763493156555950E+01 -0.314886140155468E+01
%  0.295486945467096E+01  0.615771837352263E+01  0.130256675341213E+01
% -0.297848431506098E+01 -0.161644501316160E+02  0.601768986678859E+01
% -0.164828552336664E+02  0.146803654240772E+01  0.255175822313359E+02
% -0.169266830596122E+02 -0.137282902005387E+02 -0.730539440298761E+01
% -0.852443754374281E+01  0.269193119776175E+02  0.193087373951185E+02
%  0.786599756107927E+01 -0.984849518083219E+01  0.178472061334621E+02
% -0.217105422669617E+02 -0.258147272436361E+02 -0.253446088485437E+02
%  0.354445446458237E+01 -0.769527203850231E+01 -0.550559554869053E+01
% -0.146249922353134E+02  0.208247667243237E+00 -0.263502418361762E+02
% -0.867153346457396E+01 -0.260454590995473E+02 -0.181389844239753E+02
% -0.193283492658087E+01 -0.445749404473183E+01  0.758543763257221E+01
%  0.423448820871038E+01 -0.186976462097814E+01 -0.562938090571806E+00
%  0.212774182869232E+02 -0.104513847552981E+01  0.286030895857907E+02
%  0.817014137721575E+01 -0.533763158644722E+01  0.447504058390449E+01
% -0.166822233642662E+02  0.104791447663348E+02 -0.361220109162482E+02
% -0.144884725805354E+02 -0.228324973833630E+02  0.268269093381566E+02
%  0.335909128239679E+01  0.349623873017394E+02 -0.106609783750195E+02
% -0.125597441674858E+01  0.794230259196258E+00  0.444179235699578E+01
%  0.130668544960112E+02  0.990271282420944E+01  0.243066890292182E+02
% -0.419264214535155E+01  0.242395589947388E+01  0.641492701375200E+01
%  0.274887379143710E+02 -0.220410290132812E+02  0.129162945131952E+02
% -0.161958308667029E+02  0.291386268005082E+02 -0.260851462409277E+02
%  0.308175276166759E+01  0.122931301258561E+02  0.267963788460652E+01
%  0.313963608543191E+01  0.362017793987468E+02 -0.249951074593777E+02
% -0.167156542699432E+02  0.313078691422982E+02 -0.829196483184075E+01
% -0.154960088639071E+02  0.219661218470253E+02  0.724938104978873E+01
% -0.420408755233568E+01  0.237363196897314E+01 -0.199851238454214E+02
%  0.197408735062408E+02 -0.322176730218004E+02  0.126682569492248E+00
% -0.235553405557485E+01 -0.276254036369350E+01 -0.557948706240756E+01
% -0.271043280341913E+01  0.700131077937232E+01  0.468382039159630E+01
%  0.273601709834688E+01  0.448381664225764E+01  0.330026408287333E+02
% -0.244191056140837E+01 -0.115500459252787E+01 -0.278481574132383E+01
% -0.134811277095775E+02  0.600623928108800E+01 -0.540397295542452E+02
% -0.183594146088949E+02 -0.164895542710501E+02 -0.160049316005247E+01
% -0.188212432784727E+02  0.149416310365509E+02 -0.813713229508922E+01
%  0.814897405734725E+01  0.231763679231704E+01 -0.159704487503669E+02
%  0.256848771230953E+02  0.389812412135416E+01 -0.724221474654903E+01
