% T    256  0.715122828077254E+01  0.715122828077254E+01  0.715122828077254E+01
  -0.113405188378712E+01  0.187818009464880E+01 -0.246080302594589E+01
  -0.824266009866221E+00 -0.178981729252803E+01  0.218509138649430E+01
  -0.305187541144871E+01 -0.111057640086241E+01  0.109113325348712E+01
  -0.193957510575851E+01  0.194276385715157E+01 -0.193861749570407E+01
   0.280720429952719E+01  0.271182147540498E+00  0.141344628555762E+01
  -0.346400326792217E+01 -0.351196508311743E+01 -0.347070286365784E+01
   0.630924863889191E+00 -0.168602973251822E+01 -0.259341367377320E+01
  -0.138869890415581E+01 -0.234366659762338E+01  0.309668611198702E+01
  -0.186012489270296E+01 -0.176341215645461E+01 -0.309519353108310E+01
   0.256600405054321E+01  0.356247173832495E+01  0.192648637322008E+01
   0.348962402229876E+01 -0.253178797384569E+01  0.310423863450265E+01
   0.248303896084390E+00  0.457435489370234E+00 -0.196941034710194E+01
   0.145167162143933E+00  0.305537681458622E+01  0.509707520610141E+00
  -0.141716010748455E+01  0.264139367637316E+01  0.222899929087936E+01
  -0.304317881585449E+01 -0.655206741744464E-01  0.229061423652632E+01
  -0.152062128657766E+01 -0.268234837428099E+01  0.203695703766323E+01
  -0.308217910093421E+00 -0.145830653308316E+01  0.309087441388270E+01
  -0.346082537696285E+01 -0.761244300948571E+00 -0.780322651251615E+00
  -0.151762856851310E+01  0.108715429500010E+01  0.146442022165210E+01
   0.730608356866031E-01  0.221986472792639E+01  0.300907249064905E+01
  -0.855244644335605E+00 -0.228439864569105E+01 -0.226480238857465E+01
  -0.281757623537829E+01 -0.151480076801836E+01  0.188803810339958E+01
  -0.342565432390832E+00  0.265541168812753E+01 -0.293411110317527E+01
  -0.357522485612877E+01  0.203030991543303E+01  0.882035117954151E+00
   0.356171405661200E+01 -0.293935602210138E+01 -0.188426377636480E+01
  -0.884304602006361E-01 -0.295533686879239E+01  0.693093729202905E+00
   0.154702196801358E+01 -0.366405852623685E+00  0.148063516855342E+01
  -0.250123318976708E+01 -0.343777739005617E+01 -0.285085407052207E+01
  -0.188857018175788E+01 -0.240955142888810E+01 -0.117815261385945E+01
   0.322236511932818E+01  0.182174787255425E+01 -0.178067001938880E+00
  -0.433762468457626E+00 -0.271452054442862E+01 -0.145112357165193E+01
   0.318608413673041E+01  0.350681149090381E+01 -0.976043263910378E+00
  -0.116039137049504E+01  0.211410804050159E+01 -0.118082798179036E+01
  -0.249626908736672E+01 -0.318360720410828E+01 -0.168875953591350E+01
   0.161918529285927E+01 -0.326235520870181E+01 -0.181052944210772E+01
   0.330893131786135E+01 -0.155711525770074E+01  0.228375383261647E+01
   0.359788310092185E+00  0.330929288860674E+01  0.284176024548427E+01
   0.596578267658940E+00  0.151790799952302E+00 -0.114937589116246E+01
   0.161578361510975E+01  0.349924712160099E+01 -0.309009519484185E+01
  -0.349143888272905E+01 -0.345120374025142E+01  0.143012867868916E+01
  -0.113708014021577E+01 -0.207188144883989E+01  0.220796514142307E-01
   0.342785054803500E+01  0.345230368891945E+00 -0.244826211113204E+01
   0.348576219209890E+01 -0.172367895506676E+01 -0.106315603201506E+01
   0.327460525809677E+01 -0.664449327664654E+00 -0.255404341322692E+01
   0.154862947936632E+01 -0.295972107984975E+01  0.625044064539297E+00
   0.916243511743926E+00 -0.138692466956021E+00  0.354426912080631E+00
  -0.153052820443099E+01 -0.108231065112415E+01 -0.231595635594109E+01
  -0.554957085396874E+00 -0.352403328869763E+01 -0.338253943288536E+01
   0.332227647773499E+01 -0.655430263510442E+00  0.173396692910561E+01
   0.111994031877507E+01 -0.188941751063415E+01  0.613904149461251E+00
   0.247564562757296E+01 -0.183471996048068E+01  0.305316266593271E+01
  -0.249563943342048E+01 -0.206296917643014E+01 -0.217174597168242E+01
   0.313166832922229E+01 -0.354429315763604E+00  0.285095447984623E+01
   0.202141122801358E+01  0.227426736665020E+01  0.109168992491449E+01
   0.719691027645212E-01  0.194346847142093E+01  0.167565909118867E+01
  -0.255798070231460E+00  0.476237215584768E+00  0.324398444962101E+01
   0.425382632446271E+00 -0.345569530127587E+01 -0.569663883195627E+00
   0.302619435676520E+01  0.160510548901404E+01 -0.132563488786331E+01
  -0.281289962848016E+01 -0.175151134466055E+01  0.151811428311382E+00
   0.275917001648172E+01  0.232896818070214E+01 -0.241326064617293E+01
   0.352147514174684E+01  0.240422370314027E+01 -0.299058173742577E+01
   0.123153092658200E+01  0.332070889312741E+01  0.237916100788178E+00
   0.262098289178523E+01 -0.962544249815608E+00 -0.953733745830521E+00
  -0.293639473634613E+01 -0.346919282544763E+01  0.266220724645405E+01
  -0.257600057683641E+00 -0.324984258460497E-01 -0.428241974886495E+00
  -0.456868139854143E+00 -0.196889466275662E+00  0.209508487152765E+01
   0.150365410616054E+01 -0.171361738751972E+01  0.294959340496995E+01
   0.128997098282519E+01  0.297654443749609E+01 -0.183709766299352E+01
   0.180071572556533E+01  0.258264162824417E+01 -0.438956990506406E+00
   0.132230870346846E+01 -0.331851853197898E+01 -0.792520652256616E+00
   0.591385996664370E+00 -0.837843225986225E+00  0.129994458771722E+01
   0.384409573789252E+00  0.253668283355696E+01 -0.206208149808246E+01
  -0.176729437881279E+00 -0.174245105476317E+01 -0.758933927383946E+00
  -0.309862719588429E+01 -0.323953498174818E+01 -0.246492130722249E+00
   0.147963242872809E+01 -0.411863649487215E+00 -0.292255302372998E+01
   0.204916125545321E+01 -0.192930977579052E+01 -0.151402529591050E+01
   0.246515131899346E+01  0.106380605015677E+01 -0.508243688126639E+00
  -0.258800015066722E+01 -0.269583751959977E+01  0.348773917058428E+01
   0.912124409756027E+00 -0.279751210349510E+01  0.317898154801272E+01
   0.181635039289445E+01 -0.137042432267338E+00 -0.865663226974717E+00
  -0.997335263794886E+00 -0.353576526847563E+01  0.176927173005427E+01
   0.178995703443809E+01 -0.170469159523786E+01 -0.313886721227790E+01
  -0.278606226587657E+01  0.989881837296093E+00  0.261144123153776E+01
  -0.165103849262101E+01 -0.295349646007408E+01 -0.264140456752938E+01
   0.216659522058559E+01 -0.337282934331925E+01 -0.359311549130648E+00
  -0.136436164881991E+01  0.107581924971523E+01 -0.846141282058319E+00
  -0.898802237461526E-01 -0.273829508409824E+01  0.202415242880034E+01
   0.327513255716288E+01 -0.132243635253146E+01 -0.345632153493841E+01
   0.240539119448943E+01 -0.220140434597381E+00 -0.243457624321735E+01
  -0.216972501111366E+01  0.658596723163777E+00 -0.463851261718567E+00
   0.235462333069057E+01 -0.750395102684506E+00  0.355236933001099E+01
   0.303016170411743E+00 -0.245736091999617E+00 -0.308225211432672E+01
   0.154408670153750E+01 -0.147042659364218E+01  0.137655791982215E+01
   0.200451221680330E+01 -0.844634984085993E-01  0.240166130896194E+01
  -0.551894795953300E+00 -0.285730972861918E+01  0.307702180796311E+01
  -0.291752083981746E+00 -0.191344893948847E+01  0.735685568189636E+00
   0.262811291116815E+01 -0.331646604569014E+01  0.693783520303740E+00
   0.139803568366597E+01 -0.330658854793341E+01  0.209362912504721E+01
  -0.246725341553952E+01 -0.322922508106282E+01  0.142758622067521E+01
   0.331050523706314E+01 -0.132319937875759E+01  0.369803835567692E+00
  -0.134539421727251E+00  0.252801483779720E+01 -0.267990119558829E+00
  -0.113491031493409E+01 -0.298186777569593E+00  0.316001919186972E+01
   0.211973150295163E+01  0.156219115569690E+01 -0.356749393117016E+01
   0.178133455915095E+01 -0.240726104177364E+01  0.173706297923250E+01
   0.228963211356379E+00 -0.224184497837020E+01 -0.350181390060725E+01
   0.458970737590308E+00  0.656284596896958E+00  0.163488308791303E+00
   0.187038660707306E+01  0.197141856992291E+01 -0.151292205496730E+01
  -0.393211743713412E+00 -0.105195324109747E+01  0.157353458791789E+01
  -0.243460551846616E+01  0.147887623989511E+01 -0.275940325072278E+01
   0.760377015727128E+00 -0.253291158500124E+01 -0.245864260944892E-01
  -0.258851012521879E+00  0.219861355619991E+01  0.762402926538802E+00
  -0.329211239628901E+01  0.141456363793124E+01 -0.353795855867476E+01
   0.557844652384235E+00 -0.194661367182714E+01  0.151267667625416E+01
  -0.481766535458943E+00  0.122739653542393E+01  0.653040569853469E+00
   0.399191090187271E+00 -0.113644743283931E+01  0.312093464042390E+00
   0.277898588754193E+01  0.264902913144653E-01 -0.146734229448169E+01
  -0.308951428377874E+01 -0.649443848800227E+00  0.310029168873248E-01
   0.172794308494947E+01  0.453572733825169E+00 -0.192071232120766E+01
   0.635931903894991E+00  0.117885166263970E+01  0.350666630096806E+01
   0.291909966467850E+00 -0.281107600954507E+01 -0.253888309645490E+01
   0.836292210995108E+00 -0.309582894489020E+01  0.130284883741421E+01
   0.651153126736498E+00 -0.297070336810404E+01 -0.145673072249694E+01
  -0.236174337593092E+01 -0.260470788280434E+01 -0.288941516339742E+00
   0.188898320347831E+01  0.144576466082827E+01  0.247766104742467E+01
  -0.137497091894573E+01 -0.149421624659340E+01  0.119898525628785E+01
  -0.193667782021884E+01  0.167568812056693E+01  0.239863939527114E+01
  -0.217832110905469E+01  0.218014050662774E+00 -0.192548924377025E+01
  -0.277638529629031E+01 -0.231382904524948E+00 -0.270599033362695E+01
  -0.283951416010407E+01  0.199786100429755E+01  0.273313718693695E+01
  -0.252980717043054E+01  0.168795255015873E+01  0.139766269596278E+00
   0.315123084433159E+01 -0.204159734613296E+01 -0.199187931753495E+01
   0.795432080693929E+00 -0.884494703918037E+00  0.339929685073783E+01
  -0.328689532283058E+01 -0.253013420450736E+01 -0.290974007517295E+01
   0.357372176967542E+01  0.177056756412271E+01  0.188524597947051E+01
  -0.311278075758244E+01  0.276330796979784E+01  0.199238047317998E+01
  -0.171690919477453E+01  0.258678933684329E+01 -0.320151946808058E+01
  -0.484612989688389E+00 -0.339541254948596E+01 -0.237314380609632E+01
  -0.863633340122763E+00  0.353027771204823E+01  0.495716256987950E+00
   0.279085841651715E+01 -0.228741248006906E+01 -0.288888269006030E+01
   0.562091924876699E+00  0.130949181666487E+01  0.101600806659433E+01
   0.541770609883475E+00 -0.207071731825622E+01  0.255718722593902E+01
  -0.282487131377629E+01  0.195931733002190E+01 -0.149837421961667E+01
  -0.427165152462754E+00 -0.492793707885192E+00 -0.209567507605592E+01
  -0.214976684392005E+01  0.319444142685037E+00  0.156681981238970E+01
   0.100789448765534E+01 -0.156000652854295E+01 -0.128874593169225E+01
   0.180115315509242E+01  0.239211936209382E+01 -0.284594207891442E+01
  -0.324149605317504E+01  0.304668147838505E+00  0.268958961267540E+00
  -0.129439711138533E+01  0.113290127016247E+01 -0.184669217313643E+01
   0.142816091514576E+01  0.148485573895752E+01  0.708348475389373E+00
  -0.197445747669624E+00  0.141477110531168E+01 -0.184811629707399E+01
  -0.317824159246914E+01 -0.779212297838230E-01  0.117864361868482E+01
   0.275363648726545E+01  0.339983163517480E+01 -0.282257595957754E+01
   0.192022536418992E+00 -0.794440170746760E+00 -0.123890626080999E+01
   0.240136930225180E+01 -0.321777976860968E+00  0.909099376644508E-01
   0.231088426349632E+01 -0.168289139038209E+01  0.206539347778082E+01
   0.267808043318504E+01 -0.268253310671410E+01  0.222239754744831E+01
  -0.157820747542580E+00  0.814717838905438E+00  0.150043278356434E+01
  -0.331756964525013E+01  0.127402344787665E+00 -0.153300294310442E+01
  -0.497812554720664E+00  0.136523327313071E+01  0.229350164136269E+01
   0.125474528193432E+01  0.108512684082775E+01 -0.564129918417792E+00
   0.304437554940977E+01  0.867181773856112E+00  0.353133814408861E+01
   0.184950467959072E+01 -0.235054677353243E+01 -0.358333238461272E+00
  -0.146047563919300E+01 -0.300381564166222E+01  0.766934030419320E-01
  -0.325472805109080E+01 -0.484998127837710E+00  0.348074829807495E+01
   0.974240315379051E+00 -0.112034322248867E+01  0.221427345348862E+01
   0.207279994313914E+01 -0.332540432657746E+01  0.290938185488044E+01
   0.252179577025372E+01 -0.217454666315200E+01  0.862616985933075E+00
   0.168777436432527E+01  0.277073550695252E+01  0.211803703125326E+01
  -0.104170433791626E+01 -0.256340915819695E+01  0.120212388652117E+01
  -0.135150316057963E+01  0.223234668358487E-01 -0.143741499731285E+00
   0.176293867015889E+01 -0.261046646903153E+01 -0.345520126859948E+01
  -0.183252720554259E+00  0.161383800573167E+01 -0.290442106725323E+01
  -0.308681033896843E+01  0.117297834185906E+01 -0.347659581845765E+00
  -0.314345596968555E+01  0.300934558523728E+01  0.287867157381282E+00
   0.640084935346893E+00  0.244784943224608E+01 -0.314652271313786E+01
   0.317281218664449E+01  0.737493376871342E+00  0.229142520510411E+01
   0.134967490994671E+01  0.694204969149856E+00  0.126608972593870E+01
  -0.272967121787791E+01  0.270763425002996E+01 -0.258361430337818E+01
  -0.900454835861496E+00  0.262108549682990E+01  0.332659192588423E+01
   0.280693955537228E+01 -0.257525096222470E+01 -0.614560004022453E+00
   0.349391573919082E+01 -0.225484598413763E+01  0.517910865623140E+00
  -0.156066940602209E+01 -0.123435864123843E+01  0.323962635617018E+01
   0.114670544697208E+01  0.244049398206281E+01  0.848583038548386E+00
   0.231406376366206E+01  0.308073160871807E+01 -0.182626517916335E+01
   0.245993188036953E+01  0.125760447664734E+01 -0.209719960667118E+01
  -0.264182986039720E+01 -0.169065161746183E+01 -0.116786733182102E+01
  -0.693494960224982E+00  0.476626919485963E+00 -0.137589645339949E+01
   0.237840882594439E+01 -0.983294310951693E+00  0.132057526035676E+01
  -0.120748011354558E+01  0.168892931438415E+01 -0.132478850769773E-01
   0.119126850269684E+01  0.204274231784716E+01  0.298901026191262E+01
  -0.108267885983782E+01  0.537532546954929E+00 -0.332259769095824E+01
  -0.169119729658588E+01 -0.614380561355230E+00  0.546382155563388E+00
  -0.171730753916262E+01 -0.124629231913220E+01 -0.793367772826249E+00
   0.332573632060123E+01  0.203339231444247E+00 -0.643984981795720E+00
  -0.140075349487753E+01 -0.327526382963034E+01 -0.146165166060535E+01
   0.820784157904653E+00  0.144519026744724E+01 -0.266654410414361E+01
   0.223572588703547E+01 -0.151330483988210E+01  0.278081101438570E+00
  -0.236120261466633E+01 -0.221211802728147E+00 -0.821202679471723E+00
  -0.299935696866094E+01  0.109369610492165E+01 -0.199463243261878E+01
  -0.115566308377945E+01  0.279841240348198E+01 -0.228647448738245E+01
  -0.123836838101633E+01  0.670713338192909E+00  0.246955615396431E+01
  -0.258811612387143E+01  0.191898047993699E+01  0.119190086242201E+01
  -0.125624349752942E+01  0.329313252347016E+01 -0.439674381065225E+00
  -0.260200701179876E+01  0.288869216314987E+01  0.334779822651002E+01
  -0.431675653330830E+00  0.289780887389012E+01 -0.112361163396757E+01
   0.330297981453305E+01  0.128579664071998E+01 -0.257921053363610E+01
   0.279574826960534E+01  0.228766426790944E+01  0.214623945193429E+01
  -0.446174588546370E+00  0.294371638988600E+01  0.258631029012727E+01
  -0.220707688541885E+01  0.280923417488733E+01 -0.175665187340654E+01
  -0.785907098989920E+00 -0.691301288506942E+00 -0.305644980321205E+01
  -0.223392611049662E+01 -0.558944022593037E+00  0.266444519402418E+01
   0.910178441412485E+00 -0.305919999041707E+00 -0.215511689040823E+01
   0.121573806335873E+01  0.624293672196865E+00  0.295309533146631E+01
  -0.154795428343806E+01  0.865268733984886E+00  0.352841146953662E+00
   0.695906929404020E+00  0.228992313772050E+01 -0.930249988289453E+00
   0.596585660817911E+00  0.356758847910267E+01 -0.289520400701153E+01
   0.259532514444985E+01  0.146899866020460E+01  0.107314063353163E+01
   0.220794505398794E+01  0.353238243974963E+00 -0.330777310068839E+01
   0.120353107975134E+01 -0.258425129483388E+01 -0.260462278820660E+01
  -0.107863665895826E+01  0.155847136769281E+01  0.337220030173865E+01
  -0.249025441330797E+01  0.774922858608737E+00  0.776220252925132E+00
  -0.139692784205185E+00 -0.152764755711585E+00  0.807822677332847E+00
   0.964088918517763E+00  0.135057129595765E+01 -0.156260165730556E+01
  -0.766759730338522E+00 -0.185044934383837E+01 -0.327490726958727E+01
  -0.326356886246643E+01 -0.134592697256526E+01 -0.199674373788998E+01
  -0.197058582569049E+01 -0.660409054852067E+00  0.169924547944235E+01
  -0.292170844479301E+01 -0.127109398120657E+01 -0.312731701561518E+01
  -0.295924647112244E+01 -0.131697511396184E+01  0.292794492481655E+01
  -0.155613283011482E+01 -0.333977758500291E+01  0.311131317744032E+01
  -0.462514652027365E+00 -0.285754539915869E+01 -0.221575457155222E+00
  -0.212543469717443E+01 -0.191448851228416E+01  0.258923934066839E+01
   0.209438894035770E+01  0.685423169008326E+00  0.578497809621149E+00
  -0.111157120975557E+01  0.182137204468274E+00  0.124701641114796E+01
  -0.218095689810955E+01  0.155920312494257E+01  0.345752280629005E+01
  -0.275681592037090E+01 -0.255978163018619E+01  0.215517251453721E+01
   0.353317976841062E+01  0.108678030411391E+01  0.117157118232049E+01
   0.113474463088164E+01  0.485244217491155E+00 -0.308415619996599E+01
  -0.204315165569269E+01 -0.219665214055640E+01  0.728441925818797E+00
   0.339871996868583E+01  0.217104207666453E+01  0.305687215892284E+01
   0.289770129755139E+01  0.263933029395592E+01  0.388585538743809E+00
  -0.818042264385675E+00 -0.107006186771277E+01 -0.671125597003979E-01
   0.143262700159333E+01 -0.116569459066436E+01 -0.437768366728863E+00
  -0.126871300641455E+01  0.142356439932194E+00 -0.245610119048149E+01
  -0.172004592522372E+01  0.242252254150855E+01  0.469172948835973E+00
   0.152920058525212E+00  0.124340983289152E+01 -0.905388630545779E+00
  -0.232054098496751E+01  0.319158269805840E+01 -0.442639356341815E+00
   0.620542640422069E+00  0.318785161410133E+01  0.156510785977498E+01
  -0.913172802628155E+00 -0.121885067820602E+01 -0.140502677227380E+01
  -0.212762530207155E+01 -0.586829472218723E+00 -0.335100627542848E+01
  -0.103099703149722E+00 -0.180942236392406E+01 -0.174159484303656E+01
   0.169020541600876E+01  0.325370541391640E+01  0.121770085763195E+01
  -0.340937786441092E+01  0.244764713173165E+01 -0.820926575119937E+00
   0.103425720964664E+01  0.187865964417554E+01  0.180899547246186E+01
  -0.357689128055545E+01  0.313550863862373E+01 -0.198187952878036E+01
   0.865266479716651E+00  0.149269294875547E+00  0.205872267691350E+01
  -0.267103629698426E+01  0.459175099679266E+00  0.351286026242658E+01
% -0.622223284875473E+00 -0.121167392559251E+00 -0.118996774404371E+01
%  0.137594091457127E+01 -0.189937182010582E+01 -0.168257584735302E+00
% -0.644872881352347E+00  0.151467841110672E+01  0.112059882071599E+01
% -0.617876700164813E+00  0.360896954493437E+00  0.663123002209447E+00
%  0.153325648444695E+01  0.281252361168798E+01  0.915175393006468E+00
%  0.605696490959314E+00 -0.366527234027785E+01  0.122756689599110E+01
% -0.218378040096494E+01  0.161513920520324E+01 -0.167510578918916E+00
%  0.977757610563083E+00 -0.665002241549916E+00 -0.139579996846435E+01
%  0.240159061505295E+01 -0.584608572902223E-01  0.177527202453649E+01
% -0.160108397698491E+01 -0.250736398392580E+01  0.814702024555448E+00
% -0.343225396434601E+01  0.305395076286470E+01  0.209506665336441E+00
% -0.139370063020745E+01  0.703164518145418E+00 -0.120807518754054E+01
%  0.136247140460098E+00 -0.226149194955737E+01  0.710276457108500E+00
% -0.512448533523300E+00 -0.189347643426261E+01 -0.166430928527856E+01
%  0.431814056409072E+00  0.542776741569016E+00  0.171123132782676E+01
% -0.500622739196722E-01 -0.775679672893674E+00  0.184700284367014E+01
% -0.103763077083399E+00 -0.123645485055883E+01  0.128155735401944E+01
%  0.483107372140074E+00 -0.134523952960666E+01 -0.143657417987815E+01
% -0.321697374298477E+01  0.808810609828412E+00 -0.155491497671792E+01
% -0.900966758602186E+00  0.567255670829760E+00 -0.110999673733881E+00
%  0.259909070610595E+00 -0.235378610453949E+01 -0.238032444862089E+00
% -0.934812761766002E+00  0.260540789230606E+01  0.522643473983036E+00
% -0.171486763650805E+01  0.681907303923611E+00  0.159783033524283E+01
% -0.106750891482346E+01  0.468422268959860E+00  0.188194719922015E+00
% -0.994985223376517E+00 -0.535458261545810E+00 -0.412944601640528E+00
% -0.272988968390616E+00 -0.495656779420273E+00  0.136366030671625E+01
% -0.649621611300509E+00  0.802845419216452E+00 -0.107340901167427E+01
% -0.294838396262036E+01  0.447260393930815E+00 -0.205318107947949E+01
%  0.130430037601519E+01  0.133034970435073E+01 -0.105506143891858E+01
%  0.307250674560172E+01  0.154714544571622E+01 -0.923507178485061E+00
%  0.303065145617990E+01 -0.802046125213076E-01  0.394206928964983E+01
%  0.353029606563967E+00 -0.988194618176246E+00  0.984548530994668E+00
% -0.127735069815247E+01  0.923031456946018E+00 -0.178051939195991E+00
% -0.653679707409482E+00  0.191356313033473E+01 -0.706584532280592E+00
%  0.555947212819610E+00  0.114800766480075E+01  0.928609539727283E+00
%  0.191162794794852E+01 -0.194983639292155E+01  0.351348471166201E+01
% -0.103642011378845E+01 -0.180975280875549E+01  0.408503578596629E+00
% -0.996021872775173E+00  0.149043528185025E+01  0.332289997733107E+01
% -0.657209193997208E-02  0.181300742090658E+01  0.535444468998304E+00
% -0.158755447030057E+01 -0.970305021775797E+00  0.912851197028243E+00
% -0.854708466903558E+00  0.160058786313747E+01 -0.445222796978009E+01
% -0.111937079388568E+01  0.149172009938693E+01 -0.640019557917033E+00
% -0.426412373268586E-01  0.489135149620688E+00 -0.657674103042219E+00
%  0.200440303145511E+01 -0.550408899691145E+00 -0.239670298229986E+01
% -0.100338374748990E+01  0.292886074991605E+01  0.184584541714448E+01
% -0.183774197155690E+01  0.135585487481362E+01 -0.177059399361179E+01
%  0.149771064314760E+01  0.243473485348661E+01 -0.189202343645542E+01
%  0.221730209912000E+01  0.160017289062176E+01  0.558197110932959E+00
% -0.123511722927499E+01 -0.210766167591301E+01 -0.626034244700679E+00
%  0.230565393899881E+01  0.275701509006368E+01  0.124933702581429E+01
%  0.351623995691913E-01 -0.620793395549176E+00 -0.272493892764810E+01
%  0.174963463314462E+00 -0.846223563840075E+00  0.486398525169041E-01
%  0.115493884976792E+01  0.298914897017005E+00 -0.172710776704143E+01
% -0.190469305263892E+01 -0.182445387618608E+01 -0.547606913476514E+00
%  0.123032614001611E+01 -0.764926595902172E+00  0.228542665773388E+01
% -0.273807249646782E+01  0.917115694144624E+00 -0.517587582680922E+00
%  0.168226156469328E+00  0.588731447118626E+00 -0.397228381634233E+00
%  0.262794948456081E+00 -0.700638174709027E+00 -0.113464302970239E+01
% -0.228332859189515E+01  0.107788572250015E+01 -0.784167438061116E+00
%  0.152000985254282E+01  0.193311241574083E+01  0.263381201247928E+00
%  0.225806826278153E+01 -0.133740699852657E+00  0.132525173031342E+01
%  0.780380798222201E+00  0.201113891650948E+01  0.151820509147015E+00
%  0.178338013169931E+01 -0.342214863431885E+01  0.555546000221103E+00
%  0.146595351592993E+01  0.385063141040003E+00 -0.363344575857494E+00
% -0.215969669936292E+01  0.261453506719767E+01 -0.241771992470000E+01
%  0.166640012269087E+01 -0.152543765457452E+01  0.212453509764650E+01
% -0.244883849273265E+01  0.151871212013671E-01 -0.120961825520679E+01
%  0.633666171425810E+00  0.123799901780448E+01 -0.120756739364479E+01
%  0.970897721997064E+00  0.716106820915549E+00 -0.258667119172963E+00
% -0.218686517638416E+01 -0.427132440000547E+00  0.798253306708223E-01
%  0.117972358105357E+01  0.316552514255139E+00 -0.541187724653872E+00
% -0.376969107539974E+00 -0.145335043973463E+01  0.131056443881634E+01
% -0.795010837231064E+00  0.191704640061932E+01 -0.215537621763575E+01
%  0.399383284966638E+00  0.815896293904286E+00  0.638850998460078E+00
%  0.397834045574844E+00  0.276630741745403E+00  0.164867906054286E+01
%  0.300334973686815E+01  0.149455324897054E+01 -0.873830790999777E+00
%  0.266892433529728E+01  0.355996822921732E+00 -0.804845254481343E+00
% -0.566915286353536E+00  0.749337572814294E+00  0.143903097800149E+00
%  0.126333227273160E+01 -0.232792163641677E+01 -0.214002687017685E+00
% -0.999126617855960E+00 -0.814728262144298E+00 -0.177503274620854E+01
% -0.622482531307027E+00 -0.124473101633111E+00 -0.747883827800126E+00
%  0.812907911820759E+00  0.760964289192112E+00 -0.113194359061903E+01
%  0.158117512858716E+00  0.248046120425019E+01 -0.164046326678737E+00
% -0.111705467253946E+01 -0.844927052725764E+00  0.222153903812087E+01
%  0.145311441757745E-01 -0.623271325853854E+00  0.113275625386182E+01
% -0.179172111136722E+01  0.142802940893290E+01 -0.661897139515544E+00
% -0.127794723816143E+01  0.170050996194301E+00  0.151848351411258E+01
% -0.179018950736083E+01  0.830279162487663E+00  0.318085096779993E+00
% -0.604899451315848E+00  0.960484661743116E+00 -0.275866684467019E+01
% -0.440859470933739E+00  0.115354291053313E+01  0.291203753586920E+00
%  0.310280248112035E+01 -0.202031686890686E+00  0.244822941925740E+00
%  0.788042355427068E+00 -0.149689056717785E+01 -0.327748172111906E+00
%  0.115672580182872E+01 -0.119101535181067E+01  0.168039366096854E+01
%  0.404103650020200E-01 -0.291440624605656E+00 -0.827302203852425E+00
%  0.253091890004148E+00 -0.392045180173992E+01  0.226918637402561E+01
% -0.693119213376949E+00 -0.241336606047405E+00 -0.160557736001994E+01
% -0.627025932879885E+00 -0.162873407316679E+01  0.306668828282791E+01
% -0.136803650858215E+01  0.640335389717002E+00 -0.205861292518740E+01
%  0.447732446519084E+01 -0.176456120923818E+01  0.275490664755412E+00
%  0.135293654535438E+01 -0.544940062503370E+00 -0.458264493159022E+00
%  0.890497609449444E+00  0.142693845021957E+01 -0.155563009637164E+01
% -0.210470437168842E+00  0.278659697189132E+01  0.168233464598876E+01
% -0.259729919229547E+00 -0.746256018562469E+00  0.969769654008868E+00
% -0.147620139059989E+01 -0.580272954654415E+00 -0.450898114569316E+00
%  0.164034026560750E+01 -0.127806234536495E+01 -0.233587169315399E+01
% -0.524953368545182E+00 -0.218181962279883E+00  0.187780278535178E+01
% -0.631309789522776E+00  0.353048237682994E+01  0.207365598124859E+01
% -0.145217024594051E+00 -0.308782573679572E+01  0.130896039742314E+01
% -0.140203197153225E+01  0.274196072589673E+01 -0.136395630497118E+01
% -0.109867452198557E+01 -0.101417570239462E+01  0.565163717568927E+00
% -0.674911846353573E+00  0.539659621920032E+00  0.114788640938739E+01
% -0.121762880949011E+01 -0.174267914436743E+01 -0.188349591038504E+01
% -0.235824389143346E+01 -0.142286614014418E+01 -0.866746083756572E+00
% -0.123695310262681E+01  0.144813457824207E+01  0.825676222381390E-01
% -0.517485065522011E+00 -0.340869603137295E+01 -0.213813464757766E+01
% -0.156540364611389E+01  0.106262945746881E+01  0.641705655729600E+00
%  0.145295757209807E+00 -0.131599701941800E+01 -0.733588616153873E+00
% -0.121875318784831E+00 -0.518210527819033E+00 -0.306555311030588E+01
%  0.386102648691789E+01 -0.283039030129371E+00 -0.235533273000228E+01
%  0.298198413749687E+00  0.709929177650158E+00 -0.305592901456044E+00
%  0.131967896552459E+01  0.477874646180262E+00 -0.148777316095870E+01
%  0.175666604902076E+01  0.449544519503400E+00 -0.952890690995572E+00
%  0.182626288873160E+00 -0.348971203443029E+00  0.115139127989635E+01
%  0.524982400850917E+00  0.194861139598150E+00  0.594668589536422E+00
% -0.251651593504427E+00  0.332116353821758E+00  0.389486884645715E+00
% -0.256179481747311E+01  0.328565370296016E+01 -0.101419923393788E+01
% -0.192999135515856E+00  0.198072684075655E+01  0.834584559243439E-01
%  0.901668508445102E+00 -0.145004304322794E+00 -0.250713251498281E+00
%  0.112164463559188E+01 -0.794343994888206E+00 -0.330988946221349E+01
% -0.261420265255572E+01 -0.157509573015994E+01  0.667760178330427E+00
%  0.208663107204845E+00  0.922256321330118E+00 -0.371771909987913E+01
%  0.145074585136743E+01 -0.192920750824546E+01  0.619625240069933E+00
%  0.187565762452094E+01 -0.342024869220888E+00  0.129905098080735E+01
%  0.297354098832699E+00  0.168307468467313E+01 -0.229636874025169E+00
%  0.236592642178694E+01  0.676979658496705E+00 -0.525250377483506E+00
% -0.283542468013753E+00  0.436774590549097E+00  0.278053317708996E+01
%  0.176933787094865E+01 -0.111544664314773E+01 -0.119809177888534E+01
%  0.126670481478695E+01  0.559540382776363E+00  0.342549725494158E+01
% -0.123668205775591E+01 -0.274791576441093E+01 -0.279367040210147E+01
%  0.108614172820721E+00  0.167591744868257E+01 -0.141992738299845E+01
%  0.149311792197701E+01 -0.185644027674136E+01 -0.261797381489258E+00
%  0.289791834058623E+00 -0.222675534959434E+01 -0.361543554565686E+00
% -0.472392196484438E+00 -0.437648089564152E+00 -0.367407649026879E+00
%  0.712230728053583E+00  0.864002691208392E+00  0.624355515355834E+00
% -0.819705541755251E+00 -0.147052717114807E+01 -0.519937675644903E+00
%  0.765949107730491E-03  0.122164197168370E+01  0.565340476487330E+00
%  0.177386202029738E+01  0.284773473917676E+01  0.389045532362057E+00
%  0.108737389726600E+01 -0.135957446818940E+01  0.413789527724032E+01
% -0.132736898306436E+01 -0.692847111913388E+00 -0.572002103081514E+00
%  0.241702716504610E+00 -0.125313907320171E+01  0.627068450992368E+00
% -0.601031599882215E-02  0.897778409849870E+00 -0.548582547030678E+00
%  0.292225573388771E+01  0.202105726068786E+01 -0.172054067252798E+01
% -0.216588845699391E+01  0.785540736034737E+00  0.156634368520076E+01
% -0.242481896415350E+00 -0.515659929033765E+00 -0.998885950350886E+00
% -0.164530835318925E+01 -0.167197309123536E+01 -0.131265984850928E+01
% -0.125865963943384E+01 -0.153034041284635E+01  0.163568158222998E+01
%  0.190107510726358E+01  0.287422765416154E+01 -0.160698803233191E+00
% -0.193227878259177E+01  0.576871492997022E+00  0.562117571995373E+00
%  0.183662348403527E+01 -0.273750834532670E+01  0.205041056045857E+01
%  0.301197948054941E+01  0.191315240331818E+01 -0.240983924997549E+00
% -0.205377199321746E+01  0.169193656767757E+01 -0.776828553325588E+00
%  0.397382455684253E+01 -0.191315617767292E+00  0.257719604499766E+01
%  0.233447227564365E+01  0.134639017902801E+01 -0.495117020815382E+00
%  0.100318049620940E+01 -0.533732013591373E-01 -0.192911967443597E+01
% -0.114224129591802E+01 -0.239868352672980E+01 -0.268523258929502E+01
%  0.158768245673076E+00 -0.277598590354822E+00 -0.217127056444875E+01
%  0.108012542130196E+01 -0.165343004433179E+01  0.233726535231856E+00
%  0.309440228718419E+01 -0.248686610164010E+00 -0.134640717526317E+01
% -0.211034904149308E+00  0.298328472279260E+00 -0.813337213725223E-01
%  0.132642899348119E+01  0.265227443540723E+01  0.145754196157393E+00
%  0.394242342548631E+00  0.149811879394798E+01 -0.191328323638636E+01
% -0.284833787511969E+01 -0.270791161765882E+01  0.902891672179421E+00
% -0.810444847171679E+00  0.125146180371673E+01 -0.102951679090636E+01
% -0.168328156692700E+01  0.269069174068875E+01 -0.746254742522265E+00
%  0.684313071696600E+00 -0.227095055550824E+01 -0.515574410208121E+00
% -0.101247202498114E+01  0.107964387781282E+01  0.112618875183928E+01
%  0.729951862598206E+00 -0.319559818052589E+01  0.447151195700768E+01
% -0.604881598555255E-01 -0.298206373567656E+01  0.157738600973210E+00
%  0.135827764714332E+00  0.183002793804062E+01 -0.152083827913297E+01
%  0.575466670728660E+00 -0.198755720969750E+01 -0.140012804685696E+01
%  0.238960899320593E+01 -0.127119174828291E+01 -0.278690200402389E-01
%  0.118993821272364E+01  0.243974865952466E+01 -0.257954319113288E+01
%  0.687768910486977E+00 -0.435765138136384E+00 -0.647651140080657E+00
% -0.719985449763034E+00 -0.219879179230689E+01 -0.121456936459778E+01
%  0.800346356669990E+00  0.226044390234555E+01 -0.192037180066056E+01
%  0.166457785361921E-01 -0.122621430327800E+01 -0.996687851277622E+00
%  0.214025596321961E+01 -0.175354951129765E+00  0.351579448803619E+01
%  0.136215494696462E+01  0.264754034666631E+00 -0.783198847403245E+00
% -0.167266502376773E+00 -0.179894457303654E+01 -0.564489796159606E+00
% -0.281129893830199E+01  0.876894368250348E+00  0.114834937638610E+01
% -0.818673201704154E+00 -0.814039936882814E+00  0.116347788242261E+01
% -0.108153632664761E+01 -0.108037857980926E+01 -0.294539693504430E+00
% -0.989764265956703E-02  0.977348819864095E+00  0.110766362993049E+01
% -0.179791424295858E+01  0.103902796405493E+01 -0.505194804896071E+00
% -0.467700815244527E+00  0.167308283788846E+01 -0.126110414001177E+01
% -0.113928544170457E+01  0.274393839374052E+01 -0.213436651812183E+00
%  0.199681458742896E+01  0.328266687065867E+01  0.395659129113219E+00
%  0.104156609683494E+01 -0.149700303986335E+01  0.139049598089506E+01
%  0.130998377607973E+01  0.237110853210406E+01  0.190080807861141E+01
% -0.813826649013803E-01 -0.294787276810725E+00 -0.132604942760946E+01
% -0.283167734364164E+01  0.594480462700508E+00 -0.564794268295180E+00
% -0.470876369063976E+00 -0.212512058533148E+01 -0.900715713455848E+00
%  0.198556032634950E+01  0.161768473407736E+01  0.132404906397974E+01
%  0.570484583475501E+00  0.735493725273805E+00  0.121847161387137E+00
% -0.104971257233797E+01  0.151100388553890E+01 -0.131032845132154E+01
%  0.428687389029910E+01  0.181411666412704E+01  0.594742409513694E+00
%  0.163684524502523E+01 -0.517465470667649E+00 -0.986268813267318E+00
% -0.413301863650460E+01 -0.157340533591383E+01  0.872184677364477E+00
% -0.187595084886537E+00 -0.295047923805648E+01 -0.243260270390062E+01
%  0.114452047574280E+01  0.411309802250080E+00 -0.153582619850599E+00
% -0.188761841236855E+01  0.458810709916363E-01 -0.172701655448804E+01
%  0.924333388011228E+00  0.412144802466484E+00  0.935935264234340E+00
%  0.720448629836976E+00  0.212305240889253E+01  0.190653964764824E+01
%  0.197835651237333E+00 -0.283867026601081E+00  0.730825547226264E+00
% -0.119959645827918E+01 -0.184540164863074E+01 -0.381249903830230E+00
% -0.556916800401284E+01 -0.128907789128377E+01  0.130164604051711E+01
%  0.164909359841374E+01 -0.153092767771750E+00  0.777194432641462E+00
% -0.199588904056268E+00 -0.344154316509503E-01  0.181648264107446E+01
%  0.134737083448372E+00 -0.536827933859812E+00 -0.446262557600876E+00
% -0.195858701419628E+01  0.353605500101581E+00  0.135642289248994E+01
% -0.548242217973250E+01 -0.163557004694932E+01 -0.147090788643362E-01
%  0.103365360651854E+01  0.753225443440081E+00 -0.764875011160691E+00
%  0.304998205455334E+01  0.227394603966356E+01 -0.655111954543346E+00
% -0.364502170472650E+01 -0.218220320697640E+01  0.741853596992479E+00
% -0.316319727557779E+00 -0.190309053731642E+01 -0.357406187577368E+00
%  0.108728594110113E+00 -0.368686685742915E+00  0.231678631875816E+01
%  0.325111728666769E+00 -0.827451052855521E+00 -0.334156348220534E+01
%  0.141163520776118E+01 -0.145774803729054E+01 -0.219942571146627E+00
%  0.272186932762828E+00  0.240104809822758E+01  0.407961133527036E+00
%  0.272230734755296E+01 -0.455439900387137E+00 -0.306454722074897E+00
% -0.121098754122266E+01 -0.253943882162466E+01  0.123187755003752E+01
% -0.589406151205733E-01 -0.264511800598378E+01  0.426447028222662E+01
% -0.675773173013617E+00 -0.260147501102197E+01 -0.400920698472255E+00
%  0.455978290761153E-01  0.268065314115913E+00  0.340712865157896E+00
%  0.666268324560944E+00 -0.146774019375687E+01  0.253172690370021E+01
%  0.153079135082882E+01  0.584273152331426E+00 -0.148689824070919E+00
% -0.697390414600737E+00 -0.659640840014132E+00  0.625284662077472E+00
% -0.100466513906024E+01 -0.189021396766235E+00  0.229266140407254E+01
%  0.457314180288837E-01  0.996452790063425E-01 -0.271797756046303E+00
%  0.242391005653626E+01 -0.138162238312704E+01  0.141214230698221E+00
% -0.132755794290644E+01  0.148312344371043E+01 -0.973499963186483E+00
% -0.643722990092452E+00  0.104296954809968E+01  0.113789895427389E+01
%  0.502476193289786E+00 -0.123867011564807E+01 -0.753167647100192E+00
% -0.130124044061536E+01 -0.907367683883141E+00  0.672523161869842E+00
% -0.115211240126865E+01  0.889196809835562E+00  0.178665528796487E+01
%  0.130020381508208E+00  0.303460589341103E+00 -0.516257403226568E+00
% -0.105062357117955E+01 -0.276956431421268E+01  0.144000233254959E+01
%  0.166827675653003E+01 -0.214075948124123E+00  0.198711553134477E+01
% -0.366115049579165E+00 -0.238621185436592E+00  0.327974214465696E+00
% -0.497681021158838E+00  0.722473314342075E+00 -0.202131383951978E+01
% -0.254107581111130E+01 -0.507004729126234E+00  0.122885995338738E+01
% -0.731209108244317E+00 -0.577670100612680E+00 -0.330983063028076E+01
% -0.193580637191444E+01 -0.694329114404926E-01  0.107841960591338E+01
% -0.985120358679705E+00 -0.121472346419312E+01  0.190893383880964E+01
%  0.109524183938760E+01  0.110664960173560E+01 -0.275482853813338E+00
% -0.811322448147395E+00  0.179966095595607E+01  0.186508954368869E+01
%  0.451202919355732E+02 -0.470747065037692E+02 -0.620970537579014E+02
% -0.595770718088711E+01 -0.111792699457830E+02  0.330213677468651E+01
% -0.175238529084450E+02  0.306991061989063E+02 -0.806984324423805E+02
%  0.703065343801355E+01 -0.704909345126366E+02 -0.520773540303010E+01
% -0.528552636406096E+01 -0.348493365184572E+01 -0.723665888514200E+01
%  0.293068188784862E+01 -0.695215744735164E+00  0.155800926362142E+01
% -0.267313919204782E+01  0.557856774636996E+01 -0.843283835496408E+00
% -0.543332138547714E+01  0.268192544081514E+02  0.156870354646562E+02
% -0.891031961704720E+01 -0.127113872029034E+02  0.975466810781116E+01
% -0.907869924761720E+01 -0.486164138158471E+02 -0.191403745059709E+02
%  0.389530870218327E+00  0.324271229976881E+01 -0.467595412972227E+00
% -0.293212857056647E+02  0.283131783051543E+02 -0.595396619699676E+02
%  0.290069722716463E+02  0.521568643589720E+02  0.190856097882453E+02
% -0.230085676953363E+01  0.159557693339041E+00  0.163595922402042E+01
% -0.135096706846332E+02  0.696091462099727E+01 -0.427404637182491E+01
% -0.282257364399300E+02  0.440122268656150E+01  0.396424838164492E+02
%  0.125155123346538E+02  0.137639573380395E+02 -0.215831793894392E+02
% -0.474244471673490E+02 -0.127148790370563E+02 -0.124956309524027E+03
%  0.888404326851538E+01  0.363946691373712E+02  0.425728580487977E-01
%  0.171579644671621E+02 -0.272210070782601E+02  0.151338984510457E+02
% -0.165351455433020E+02  0.233500006515436E+01 -0.197022251670871E+02
%  0.232363798017910E+02 -0.311048886954679E+02  0.687764274573543E+02
% -0.379958180723101E+01  0.792670997926884E+01  0.544966273628145E+01
%  0.210768711702836E-01  0.268932076627154E+02 -0.189530849326202E+02
%  0.116798845938037E+02 -0.202430625222335E+02  0.310133686933944E+01
%  0.207721571514837E+02 -0.214696783406024E+01  0.273509680856088E+02
%  0.233510642468155E+01 -0.218781929049536E+01 -0.114310126682335E+02
% -0.206795426027392E+02 -0.788122105980171E+01 -0.459083516804370E+01
%  0.111910403268840E+02  0.912222499601162E+01 -0.890805006868203E+01
% -0.513372870252164E+01 -0.123383744701419E+02  0.388407181092500E+01
%  0.156301573443647E+01 -0.267560756740868E+02  0.239067182269100E+02
% -0.314024318004014E+00  0.903295886366755E+00  0.377091041205309E+00
% -0.123224742622465E+01 -0.293243237285238E+01 -0.183891006505140E+01
% -0.139918846489586E+01 -0.155158747213278E+01 -0.359515026173496E+01
%  0.166194455298243E+02  0.428218592012725E+02 -0.828006060927477E+01
%  0.951846294574651E+01 -0.605133082172944E+01  0.992606073269195E+01
%  0.851956759144503E+02  0.415180947356542E+02  0.279383071583732E+02
%  0.318278887435350E+02 -0.581304268386416E+01  0.611346906366671E+02
%  0.100417174510436E+02 -0.146098213319806E+00  0.943046381822185E+00
% -0.115050704697487E+02 -0.178534674571941E+01  0.998539889912269E+00
%  0.159924895724533E+01  0.260221700483416E+02  0.564171403421366E+00
%  0.566104034319162E-02 -0.330533887257363E+02 -0.588273331887722E+01
% -0.154002666670423E+02 -0.133544691384774E+02  0.126935846914796E+02
%  0.271942527017066E+02 -0.249149313016666E+02 -0.914293034890623E+01
%  0.303182105606576E+02  0.263810297078868E+02 -0.103773159303775E+02
%  0.380595690322825E+02 -0.629638402550871E+02  0.179873869770067E+02
%  0.143207053425792E+00  0.324996342424738E+01 -0.389954795889869E+00
% -0.648709621484652E+00 -0.341023691804200E+02  0.169569749723307E+02
% -0.466457031487827E+01 -0.108225341980826E+01  0.763677710121010E+01
%  0.403885354186381E+01  0.368468591627593E+01 -0.138066145578645E+02
%  0.358925424712281E+02 -0.888776695229476E+01  0.241645606737091E+02
%  0.545445889310132E+01 -0.868437707964138E+01 -0.661188532765341E+01
% -0.176688566564702E+02  0.269692112785430E+01 -0.180145722610991E+02
%  0.795428668140022E+02  0.346038481754334E+01  0.295082735271097E+02
% -0.268439480239183E+02  0.142580069754583E+02  0.121403220876980E+02
%  0.140956092187904E+02 -0.372334492615965E+00 -0.118276353978845E+02
% -0.788977110540229E+02 -0.214185380457918E+02  0.314099336658426E+02
%  0.124433847706098E+02  0.720575318778059E+01  0.112435399318348E+02
% -0.831434102851332E+00  0.146849237926884E+02 -0.668051407699937E+01
% -0.282400312671689E+02 -0.127018724736790E+02  0.319546525348323E+02
%  0.305780913715936E+02  0.588888865237779E+00 -0.347616333355604E+02
% -0.954906401964714E+01 -0.122804509948736E+02 -0.152678992462414E+02
% -0.303867747962303E+01 -0.134827782297331E+01  0.271301645156842E+01
% -0.180282255844647E+01 -0.273833216445684E+01  0.244525500378639E+01
%  0.125218042597661E+01 -0.127772663864156E+01  0.108292528416937E+01
% -0.129248868168588E+01  0.228476744732300E+02  0.118727388432115E+02
% -0.282249081655439E+02  0.560706210685694E-01 -0.251718240104244E+01
% -0.167529324474723E+02 -0.358917843567187E+02  0.117178548780165E+01
% -0.131518211950778E+01  0.189875894736101E+01 -0.557878281812654E+00
%  0.353897992572135E+02  0.711306512584571E+01 -0.220670428457063E+02
%  0.448092810115051E+01  0.680333600526518E+01 -0.730394449891536E+01
% -0.135231324618456E+02 -0.871106354303926E+01 -0.190579692016608E+01
% -0.182303823866737E+01 -0.196196273760759E+01  0.345426693737991E+02
% -0.347956770487345E+02 -0.136575337839765E+02 -0.327152421204374E+01
%  0.353344725604987E+02 -0.433281153110570E+02 -0.363863250044516E+02
%  0.280907438617493E+01 -0.146377510694940E+01  0.303779939124769E+01
% -0.188050696825903E+01 -0.389229379206736E+01 -0.618171153181370E-01
%  0.991829875634804E+01  0.531993562460921E+00 -0.122792878590072E+02
%  0.787492366447948E+01 -0.299705946233353E+02 -0.124190636456243E+02
% -0.129822417943339E+01  0.178792379886309E+01 -0.106323007881646E+01
%  0.883977194674621E+01 -0.894853303899745E+01 -0.194166273262175E+01
%  0.154585251276757E+01  0.485718826650574E+02  0.175396837332688E+02
% -0.322325793844820E+01 -0.128194887011583E+02 -0.927865499152127E+01
%  0.195548326498576E+02  0.115978096210488E+02  0.544739540148742E+01
%  0.471923211371339E+02 -0.167519937096951E+02  0.310268368374879E+02
%  0.169930968197545E+02  0.963395002916888E+01  0.956899927068532E+01
% -0.630932619096106E+01 -0.503481498792301E+01 -0.594368060698766E+01
% -0.194242437130792E+02 -0.103965080543839E+02 -0.779465343908221E+01
% -0.216630037800036E+02  0.100311126823268E+02  0.354333542375369E+01
% -0.221611502369834E+02  0.233521834398359E+02  0.225095741594395E+02
% -0.386990208686506E+01 -0.153692419440709E+00  0.145742703049779E+01
% -0.829475421035117E+01  0.608691059572007E+01  0.687375775510268E+01
% -0.224647732261844E+02  0.691603149121020E+01  0.203318870448600E+02
%  0.349372951312470E+01  0.172725846680584E+01  0.497537447656803E+01
%  0.322612766664545E+02  0.193242155903773E+02 -0.381702455461570E+02
%  0.708594218682512E+00  0.921310605814610E+01  0.289866626703235E+00
% -0.114475591287586E+01 -0.605898407434404E+00  0.194642399583780E+01
%  0.625410543140491E+01 -0.115095628537037E+02  0.228366934588583E+02
%  0.150832976990000E+02 -0.500758427317962E+01 -0.807100376104310E+01
% -0.162083688605616E+02  0.450297431253746E+02 -0.804576872615480E+01
% -0.321272655997838E+01 -0.297683944078306E+02  0.274613294172281E+01
%  0.223057462509342E+01  0.100258092294797E+02 -0.104602105374614E+02
% -0.106608168585014E+01 -0.251483212568778E+01  0.124878036389146E+01
% -0.329123389067119E+02 -0.424683977026132E+02 -0.240074262272405E+02
% -0.124075858263379E+02  0.107228798671025E+02  0.120602815698105E+02
% -0.380171330085601E+02  0.618290063492280E+02 -0.180897684348766E+02
%  0.101097707652259E+01  0.597048076361312E+01  0.108030382838662E+01
% -0.252795234415108E+01 -0.167992804630215E+02 -0.175678658547136E+02
% -0.605022652426711E+01  0.191881228279643E+01  0.237464688000169E+02
% -0.170591627742863E+02 -0.261945577170890E+02 -0.255084988509132E+02
% -0.156957226993116E+02 -0.470478086785688E+01 -0.602547391115292E+01
%  0.331133130279956E+02  0.115334247258909E+02  0.703147617845126E+01
% -0.526414308015621E+01 -0.145119370377819E+01 -0.352026944902999E+01
% -0.137025605225977E+02 -0.165655594164556E+02 -0.217184195820641E+02
% -0.577872181517704E+01 -0.176984002628254E+00 -0.103558357454635E+02
% -0.165840766231743E+02 -0.100109789941470E+01 -0.149065151341085E+02
%  0.674886004315289E+02 -0.241651004269955E+01  0.118887327644207E+03
% -0.623574240735786E+01  0.408274081153166E+00  0.198707885505774E+01
% -0.354059950405729E+02  0.326470208321833E+02  0.571840482822994E+00
% -0.881803136012610E+02  0.116066498350410E+03  0.532722660592474E+02
% -0.151834699923260E+02  0.804653910885744E+02 -0.270036231396416E+02
% -0.161265190026252E+02  0.159051200007772E+02 -0.255071337803257E+02
%  0.200143321074910E+02  0.214565009587577E+02  0.371345892691194E+01
%  0.590364905738984E+01 -0.439461531738497E+01 -0.689310569964884E+01
%  0.500916259927300E+01  0.191686661028074E+01  0.108241743523143E+01
%  0.193798691811386E+02 -0.879459120254632E+01 -0.906728837828831E+01
% -0.592548633137240E+01  0.468575317041619E+01  0.886027313340883E+01
% -0.265607132646464E+02  0.110534816122489E+02  0.223009418476435E+02
%  0.943905232441256E+01  0.163879479288513E+02 -0.529052366926672E+01
%  0.840463389374892E+02  0.751661245186231E+02  0.678713488776718E+02
% -0.188737326906889E+02  0.154268800866086E+02  0.902826269350814E+01
%  0.562417372357640E+01 -0.907817475225763E+01 -0.653765169420991E+01
% -0.401300008088570E+01  0.354948638176432E+01  0.887472706116925E+01
%  0.352593267005656E+02 -0.894639087598405E+01  0.229977011861928E+02
% -0.916048114342162E+00  0.171302442135757E+01 -0.141168247006591E+01
% -0.123032930794324E+02 -0.445379905925336E+01  0.945186098703898E+01
% -0.248852493582185E+02 -0.176908698058382E+02  0.223573328190811E+02
%  0.291215169690857E+02 -0.391422233714812E+02  0.333244878048066E+02
% -0.122372230803885E+02 -0.483572898061375E+01 -0.271161894829029E+02
% -0.573573348086889E+02  0.208408789279466E+01  0.305247721809194E+01
% -0.582406019498044E+01  0.114103437497351E+02  0.316771468935716E+01
% -0.175716784496173E+02  0.562160720689430E+01  0.105467631974026E+02
%  0.571224851892303E+01  0.397484313510333E+01  0.726718872711052E+01
% -0.100995054830206E+02 -0.156254472701095E+02  0.340615213687093E+02
% -0.938177901056768E+01 -0.758521325299221E+01 -0.120509016053736E+02
% -0.100092734532722E+02  0.145698476397298E+01  0.271105283180018E+00
% -0.159105854714523E+02  0.274965716382841E+02 -0.238541659476516E+02
% -0.113694025565207E+02 -0.210564780488617E+02 -0.965316566968147E+01
%  0.698914879636989E+02  0.286519953212918E+02 -0.527678138281096E+02
% -0.781917497389559E+01  0.103614839321045E+02 -0.103607487675247E+02
%  0.925117534853137E+01  0.775805813005692E+01  0.203780667602786E+02
%  0.125150683405191E+01 -0.108366220679053E+01  0.123405185426461E+01
% -0.576542596868585E+01 -0.104152992862499E+02 -0.224147452033107E+00
%  0.156653038920240E+01 -0.270461168671680E+01 -0.670337879926971E+00
%  0.152284823482376E+02  0.351101624954276E+02  0.126124846186427E+02
%  0.148962312724452E+02  0.447757745902831E+02  0.202512165352496E+02
% -0.512006825756737E+01 -0.341676988015705E+02  0.217632580478884E+02
%  0.223106487679714E+02 -0.684129203097527E+01  0.279647277038675E+00
% -0.616968523615719E+01  0.876027575117046E+01  0.222891382510928E+02
%  0.137520854741706E+01 -0.249275776940701E+01  0.491388437190215E+01
% -0.137828339258312E+02 -0.119445502014191E+02 -0.716754148750447E+01
% -0.220676985434448E+02  0.945942871522104E+01  0.588242158739294E+01
% -0.483856248264202E+02  0.178511783681375E+02 -0.699124417124731E+01
%  0.131173672969357E+02  0.243958762713476E+02  0.739662720583351E+01
%  0.237148967687100E+01  0.361771558440038E+01  0.115709246669129E+02
%  0.183211101492710E+01 -0.884596981366199E-01  0.554426332510027E+01
%  0.103016631295463E+02 -0.594339742390595E+02  0.610604128864329E+02
% -0.834166164178706E-02 -0.100980975243147E+02  0.120175713516878E+02
%  0.207216404207915E+02  0.346536960890493E+01 -0.384474942182003E+02
%  0.161367865732851E+02 -0.751353488375209E+01 -0.300236951374044E+02
%  0.248553272862861E+02 -0.393751892700780E+02 -0.218893432236517E+02
% -0.421063772492843E+01 -0.547328216254955E+01 -0.112286999290794E+02
% -0.867931624565414E+02 -0.733787420009032E+02 -0.760094587945602E+02
% -0.352309476064705E+01 -0.120392322610634E+02  0.583192850647342E+01
%  0.146266778016054E+02 -0.399596843736652E+01 -0.616878298032094E+01
%  0.574011477328119E+01  0.281435952278272E+01  0.647001308847873E+01
% -0.621597183114478E+01 -0.367577138932335E+02  0.358387010787074E+02
% -0.445256557092565E+01 -0.919745101563744E+01 -0.225847493785528E+02
% -0.383410386476660E+02 -0.244444062394194E+02  0.554154834507210E+02
%  0.233095763464566E+02  0.348168103505605E+01 -0.630499487037713E+01
%  0.131450436235886E+02 -0.540364528890348E+02  0.510459418124861E+01
%  0.121176492601064E+02 -0.124300401592883E+02 -0.177123555272395E+02
% -0.104949427454312E+03  0.267679957419291E+02 -0.217997242484158E+02
%  0.152821186477606E+02  0.101947499862270E+01  0.511625457022145E+01
% -0.416369589404320E+02 -0.903036747658151E+01  0.394667578181487E+01
%  0.324472078509752E+01  0.725833414086141E+01  0.690865503045201E+01
%  0.213445140768456E+02 -0.211619619723276E+02  0.485918701273389E+01
%  0.439860322578228E+02  0.246547307718901E+02 -0.189191085099530E+02
%  0.250114276921213E+02  0.351461134125545E+02 -0.217593430446560E+02
% -0.596178865894525E+01  0.455742699810982E+01  0.453375711774484E+01
% -0.706216282598030E+01  0.208814508387974E+02 -0.228643700669769E+02
% -0.916492149210614E+01 -0.145041254685614E+02  0.191266800242997E+02
% -0.131483679916990E+02 -0.494836495457729E+00  0.157662571039279E+02
% -0.118941564678324E+01  0.151855755811576E+02  0.318426497008458E+02
%  0.727641317044085E+01 -0.133408568765231E+02 -0.542834408999947E+01
%  0.101683229149500E+02  0.496948430893397E+01  0.180757681066409E+02
% -0.304782115245800E+02  0.629259971823383E+02 -0.524741566163782E+02
% -0.110862659783528E+02 -0.400071788543144E+02 -0.147825247049670E+02
% -0.283640258558813E+01 -0.232368714637429E+02  0.649549066925855E+01
% -0.825161849506360E+01  0.751843348700801E+02  0.245611193727592E+02
% -0.911864911103903E+01 -0.106808309261651E+02  0.362983986193541E+01
%  0.893461985238433E+01 -0.331340484844457E+01  0.937267670600257E+01
%  0.743174986909041E+01 -0.163323606818637E+02 -0.191740521589325E+02
% -0.181136966848995E+01 -0.262969946225071E+00  0.500768979744305E+01
% -0.531956785226173E+01  0.190680257244535E+02 -0.336422194573849E+02
%  0.208789941090913E+02  0.567503719650372E+02 -0.315481849259529E+02
% -0.373856439339518E+02  0.225484343415963E+02  0.549027138175661E+01
% -0.546551719003303E+02  0.189483064442427E+02 -0.109739195926924E+03
% -0.486583070898367E+01  0.947739434920400E+02  0.445307725769258E+02
% -0.273393408109792E+01 -0.474542485902457E+01 -0.853648181855414E+01
%  0.888356092765430E+01 -0.289764169656507E+01  0.273790260385182E+02
% -0.206050521504904E+02 -0.513234119375599E+01  0.382662708854559E+02
%  0.273308415379400E+02 -0.187821294108882E+02 -0.171556714107979E+02
% -0.546852352265156E+01 -0.160234325005110E+02  0.338419039118941E+02
%  0.383775336972468E+01 -0.684576261940495E+00 -0.520152596303705E+01
%  0.303104487381068E+02 -0.110826657595364E+03 -0.487069075022755E+02
%  0.549353113020011E+01 -0.111253230635371E+02  0.301587978067801E+01
% -0.102952532253703E+02 -0.173902702354849E+01 -0.175982413501726E+01
%  0.586541832763258E+02  0.974636005623191E+01  0.703076204397068E+01
%  0.315247411542269E+01 -0.274563101029157E+01 -0.125333197146334E+01
% -0.131090028143366E+02  0.254913239846065E+02 -0.188666484040146E+02
%  0.363473198888066E+00  0.851040485562931E+00 -0.151810048884784E+01
%  0.126644542536526E+01 -0.169857063816835E+01 -0.113082059298938E+02
% -0.150618921299705E+02 -0.891287360388461E+01  0.220404381483692E+02
%  0.122787253822457E+02  0.177925615701604E+02 -0.346929733732220E+01
%  0.737127629379536E+01 -0.242598148930699E+02 -0.196722870378517E+02
%  0.216609895907492E+02 -0.202955435711191E+02  0.231826896482549E+02
% -0.355739065078708E+01 -0.740177484979494E+01  0.175994329252126E+01
% -0.482538083156838E+01 -0.213965146101029E+02  0.653046712572001E+00
%  0.291356717263672E+01  0.111822187494728E+01 -0.312050507189258E+02
%  0.737207489631921E+00  0.225768352838115E+02 -0.561733447856353E+00
%  0.158451021348634E+02 -0.144714434545895E+02 -0.188672837383939E+02
%  0.783982371674071E+01 -0.158547623075098E+02 -0.601436749360425E+01
%  0.109769064350897E+02  0.171033361434291E+01 -0.331278461589413E+02
% -0.171705560023296E+02 -0.320927236001111E+01 -0.536076685158954E+00
%  0.183596346301438E+02 -0.585979048713873E+02 -0.119841310313125E+02
% -0.544203454717510E+01  0.222300679042207E+02  0.596310744499187E+01
%  0.420419556202557E+01 -0.775861277684435E+01  0.280491863972389E+01
% -0.310880027549111E+02  0.110180877166031E+02  0.587711439658947E+01
% -0.126206926613156E+02  0.156318462886142E+02  0.417957331431009E+00
%  0.440577194430092E+01  0.900674025484851E+01 -0.273476165420252E+00
%  0.625015370458686E+01  0.494779112417055E+01  0.136111928331460E+02
% -0.176242321733717E+01 -0.178509633772186E+02  0.342854434062393E+02
% -0.937008036689704E+01  0.134240987035294E+02  0.684292523238589E+01
% -0.180316761528531E+01 -0.720667616711921E+01  0.209474480355395E+02
% -0.760015998634945E+00 -0.254934707747510E+01 -0.309081635100825E+01
% -0.182832795368478E+02 -0.785239886481223E+02  0.230568813872219E+02
%  0.115460905340273E+02  0.351873832514711E+01 -0.766412706618832E+01
%  0.205318007628010E+02 -0.484771661865174E+00 -0.159970062127078E+02
%  0.270746329151674E+02  0.195633995304744E+02 -0.329078839590489E+02
%  0.537153208801059E+01  0.255551697964639E+02 -0.794256679031573E+01
% -0.356739014532056E+01  0.166174375484560E+02  0.489477270726794E+01
%  0.433918223476547E+02 -0.103580876642179E+01  0.727653094594331E+01
% -0.123743700667396E+01 -0.659111560850060E+01 -0.241932591220445E+01
% -0.140034445442424E+02 -0.758517532999699E+00  0.428646227728338E+01
%  0.208897513928926E+01 -0.368590024970251E+01  0.793682576069811E+01
