% T    256  0.715122828077254E+01  0.715122828077254E+01  0.715122828077254E+01
   0.243870268570459E+01 -0.223154040688797E+01  0.148516775264743E+01
   0.348965615238861E+01  0.199670062262985E+01  0.343019762081909E+01
  -0.349456026508569E+01  0.112342802678383E+01 -0.267294729778093E+01
  -0.319593243790926E+01 -0.998726658896576E+00 -0.144293219640271E+01
   0.352841721152597E+01  0.219156415143072E+01 -0.214258546301573E+01
   0.406373061974068E+00 -0.194079475405765E+01  0.194984155735422E+01
  -0.218901935113755E+01 -0.176861357099836E+01  0.180419438132799E+01
   0.271643047282322E+01 -0.723611598017814E+00 -0.218107414246390E+01
  -0.259885464596044E+01  0.203929480411847E-02 -0.135695990200215E+01
   0.219840311895493E+01  0.290187981612953E+01 -0.348826403913976E+01
   0.200873895786959E+01  0.630328690350752E+00 -0.338738972430320E+01
  -0.577152523469736E+00  0.145273552661777E+01 -0.270381921719559E+01
   0.267694629944914E+01 -0.227997884409280E+01  0.257896913838918E+01
  -0.188734650656472E+01 -0.320469937413109E+01  0.120999876984940E+01
  -0.200575837065518E+01  0.100143497777154E+01 -0.374688306806378E+00
  -0.316220059609353E+01  0.267466995159972E+01  0.129629746929986E+01
   0.177958551932021E+01  0.188005593004151E+01  0.335633474193379E+01
   0.306327957551905E+01  0.127925743776170E+01  0.174047393445431E+01
  -0.371792687894398E+00  0.122027544275546E+01  0.219381399322465E+01
   0.187682680578752E+01 -0.230547316836460E-01 -0.238829913944349E+01
   0.329817068723473E+01 -0.790479160128901E+00 -0.303934440767994E+01
  -0.206802994063203E+01  0.298323611883341E+01 -0.168122242662117E+01
   0.283247057374420E+00  0.538994804569082E+00  0.280595144446010E+01
   0.148189185524922E+01  0.266516876347246E+01  0.167663541405652E+01
   0.356790887246917E+01 -0.208733553279218E+00  0.375065827159264E+00
   0.703747182311489E+00  0.149667815538184E+01 -0.252845750657807E+01
   0.316506980596340E+01  0.275016161541231E+01 -0.294181258813000E+01
  -0.234914385193951E+01 -0.352303303751623E+00 -0.328297894699745E+01
  -0.278483543951672E+01  0.291588431276654E+01 -0.369188810182148E+00
  -0.222863448080034E+01 -0.509469108831055E+00 -0.548306064193110E+00
   0.213163417133875E+01  0.102787253220293E+01  0.274200403422529E+01
   0.133785102716915E+00  0.236954722508491E+00  0.121274917805457E+01
   0.162001220513929E+01 -0.976725701915832E+00 -0.222581731056921E+01
   0.895799738057501E+00  0.139112543853282E+01 -0.929404743358514E+00
  -0.179886931031440E-01  0.194656838716059E+01  0.291738021570038E+01
   0.272314429386832E+00 -0.139488168833908E+01 -0.202643011691126E+01
   0.248871505969475E+01 -0.129417624491573E+00 -0.148174657721626E+01
   0.191670935070885E+01 -0.257675037004473E+01 -0.174344912774750E+01
   0.794874712766140E+00  0.241958539296432E+01 -0.770538935523270E+00
   0.303968696962531E+01  0.303500608701879E+01  0.143127024531540E+01
  -0.217633330882825E+01  0.272280671275436E+01 -0.342428222882608E+01
   0.187502880664542E+00 -0.225013019688275E+01 -0.663499395455525E+00
   0.258198257178431E+01  0.317886041936624E+01  0.353239578376161E+00
   0.297583526166314E+01  0.277861738773025E+00 -0.300394273041195E+01
   0.640589627755039E+00  0.313848058728672E+01  0.127231892121986E+01
  -0.159676928461896E+01  0.200293949366260E+01 -0.227520447460702E+01
   0.612500954381265E+00 -0.117368555456116E+01  0.308060624398627E+01
   0.168143789389737E+01  0.332861167174348E+01  0.725008407120504E+00
  -0.221504265348349E+01  0.114969901311379E+01 -0.253561641746526E+01
  -0.193817610562921E+01  0.186909874604350E+01  0.113428023572123E+01
  -0.907983021217777E+00 -0.257594600691011E+01  0.250323510588526E+01
  -0.640420303879786E+00  0.621730372769226E+00 -0.904390306752170E+00
  -0.239265877618242E+01 -0.136318299533474E+01  0.319043614216969E+01
  -0.355555636039455E+01 -0.331208244956521E-01 -0.181663470303604E+01
   0.262757272861161E+01  0.139217240698749E+01 -0.292870941459984E+01
   0.194600542084267E+00 -0.797800468422219E+00 -0.116675163739101E+01
   0.185367214860626E+01  0.186995346512575E+01  0.934698761586195E+00
   0.658624663004524E+00  0.179798272785953E+01  0.677664054590519E+00
  -0.418210165887199E+00 -0.207840503420128E+01  0.298421697046060E+00
   0.150176079292389E+01  0.249646320343084E+01 -0.412391840835544E-02
  -0.326803688118820E+01  0.278937108215821E+01  0.282816078534125E+01
  -0.224379023201360E+01  0.114125210575347E+01  0.235883050608316E+01
  -0.298130643064160E+01  0.355628638006400E+01  0.230743248369453E+01
  -0.271087840242319E+00 -0.719643225329639E+00  0.627894385387823E+00
  -0.120818232178079E+01  0.256464652427678E+01  0.174439429289272E+00
   0.698374024953575E+00 -0.140318836120060E+01  0.766098706796626E+00
   0.115566461951466E+01 -0.187498103675816E+01 -0.214904131895429E+01
  -0.108001250793608E+01  0.160119610011823E+01 -0.128504289813232E+01
   0.108361471944655E+01  0.267876381531894E+01 -0.189804600634193E+01
  -0.264872412411043E+01  0.213611306400744E+01  0.613449142653043E+00
   0.248625016030241E+01  0.352834192907090E+01 -0.275472033427824E+01
   0.302586634638183E+00 -0.235622086021006E+00 -0.268218084690696E+00
  -0.228326514456901E+01 -0.289245234500594E+01  0.221354163042526E+01
   0.233566448186745E+01 -0.130179345337547E+01  0.218418880611693E+01
  -0.281655284482424E+01  0.198656394040912E+01 -0.283390591731387E+01
   0.274579895041393E+01  0.731564763375193E+00 -0.205488365664386E+01
   0.878827099281001E+00  0.280779883931914E+01  0.315313182988778E+01
   0.209182739263593E+01  0.870525657035604E+00  0.836827209214208E+00
   0.999077854085578E+00  0.195537800740705E+00 -0.143084893518285E+01
   0.998979546750492E+00  0.522790082562177E+00 -0.235862853427115E+01
  -0.340089620260540E+01 -0.270900273844991E+01 -0.350554942491628E+00
   0.164608370732372E+01 -0.214375303989522E+01 -0.307779862537007E+01
   0.612990511463763E+00 -0.480258965461983E+00 -0.244834852136878E+01
  -0.139728136712933E+01  0.335981106331311E+00  0.248019915360764E+01
   0.193837621157396E+00  0.324597472544579E+01 -0.330379473481524E+01
  -0.828510895719709E+00  0.164729940261660E+01  0.121236332905452E+01
  -0.174054116252809E+00 -0.289258520157911E+01  0.119087767919490E+01
  -0.322119708436698E+01  0.423745746823935E+00 -0.614939494080018E+00
   0.221431972905833E+01  0.247478527358320E+01 -0.240544968648869E+01
  -0.102977752031635E+01 -0.332086375735360E+01  0.191728630961764E+01
  -0.251914904961130E+01  0.106074561018279E+01 -0.137998266626361E+01
   0.268344668004962E+01  0.323106670260774E+00  0.206441412103544E+00
   0.117354775288669E+01  0.316587401189563E+00  0.231272204109990E+01
   0.131327238317672E+01  0.895752035016736E+00 -0.120981075360908E+00
  -0.277046531603346E+01  0.157384003774613E+01  0.320383232123098E+01
  -0.129618966318559E+01 -0.289445495466915E+01  0.458082930678105E+00
   0.142343767346283E+00 -0.351274037203163E+01  0.203771146992110E+01
  -0.667965593044290E+00 -0.145850731381614E+01 -0.104769041409726E+01
   0.475327281028911E+00 -0.280420808981292E+01 -0.200517729965705E+01
  -0.196102808277855E+00 -0.332474792333389E+01 -0.880567538540092E+00
   0.243239806874249E+01 -0.128240506878945E+01 -0.121451857935405E+01
  -0.526462301606107E+00 -0.680717400749140E+00 -0.251988412600711E+01
  -0.933080977318736E+00  0.150768856803938E+01 -0.292510785558618E+00
  -0.312319419585971E+01  0.301558938671523E+01 -0.152209264128648E+01
  -0.299792521369205E+01 -0.130478160719053E+01  0.225270561461313E+01
  -0.740946904462722E+00 -0.327000936280279E+00 -0.583363923711098E+00
  -0.293693969826002E+01 -0.760036191350942E+00 -0.244932666748573E+01
  -0.214275070106200E+01 -0.246301051160336E+01 -0.344921579300681E+01
  -0.240936975739035E+01  0.234694496624163E+01  0.245425201713349E+01
   0.163292033587822E+00 -0.390418581334212E+00  0.233971432032555E+01
  -0.156410270147648E+01 -0.123908391483144E+01 -0.221544560024127E+01
  -0.301842404324296E+01  0.105498567270873E+01  0.266820135400780E+00
  -0.329926619788216E+01 -0.221729266709529E+01  0.646526467460358E+00
  -0.346621547496396E+01 -0.150243503162029E+01 -0.547158934331244E+00
   0.103063279197585E+01 -0.171009455400120E+01 -0.107892319834072E+01
   0.535546834882314E+00  0.791566060440849E+00  0.433929433869828E+00
  -0.195430536737845E+01  0.593810710151644E+00  0.149837556090134E+01
   0.104569717980516E+00  0.234626490676368E+01  0.185965716304684E+01
  -0.263245416737555E+01 -0.125060588218214E+01  0.104306108946482E+01
   0.911592873821299E+00 -0.333968400280891E+01  0.300294411813010E+01
  -0.335876017031187E+01  0.769631635615793E+00  0.221902810667899E+01
   0.162191804463889E+01 -0.355732069113377E+01 -0.190332665737940E+01
  -0.166199179642128E+01  0.300087418308403E+01  0.148493565665820E+01
  -0.238033951398310E+01 -0.278266130983757E+01  0.257701106979400E+00
   0.108970701469877E+01  0.143202977895518E+01  0.162159754916989E+01
  -0.155679327027880E+01 -0.282725118291463E+01 -0.186418025333190E+01
   0.710825600083336E+00 -0.262614981784211E+01  0.485922269383437E+00
   0.106694112956997E+00 -0.107313239125774E+01  0.155241965345511E+01
  -0.125887036777457E+00 -0.337311321216615E+01  0.160760408254954E+00
   0.874262399819345E+00  0.133961131209648E+01  0.308785549954817E+01
  -0.146822832148481E+01 -0.751287033517309E+00  0.293573542937701E+01
   0.170043540973947E+01 -0.767189633269757E+00  0.286496583789299E+01
   0.759008277849474E+00  0.341317875298229E+01 -0.135752327033666E+00
   0.238430369937075E+00 -0.125855249324694E+01 -0.194427612647269E+00
   0.126174645817616E+01 -0.284691119519003E+01 -0.906440864433861E+00
  -0.117660443570816E+01  0.321260653319335E+01 -0.245988863441969E+01
  -0.334449549461542E+01 -0.172766724984765E+01 -0.352104831076705E+01
   0.217182060897704E+01 -0.313937589329630E+01  0.185307549711121E+01
  -0.355688631353203E+01 -0.317081800366776E+01 -0.305171362770757E+01
  -0.182113163348830E+01  0.242799489801245E+01 -0.643640213334340E+00
   0.233390270363756E+01 -0.806668771703791E+00 -0.133525439538878E+00
  -0.476552845032610E+00 -0.172267167688835E+01  0.314796570674228E+01
  -0.394035203545271E+00  0.296687273857290E+01  0.116261358105897E+01
   0.133616391794463E+01 -0.306522859289542E+01 -0.287143110704132E+01
  -0.118876152064634E+01 -0.238160059803542E+01  0.154415214004170E+01
  -0.801994444400645E+00 -0.146982448363719E+01  0.102406911288873E+01
   0.234283694832939E+01  0.271534959870655E-01  0.230715904819384E+01
  -0.190698583758516E+01 -0.742285033815511E+00  0.180237153617166E+01
  -0.140570230110851E+01 -0.325003428603467E+01  0.341459349007211E+01
   0.115505890607294E+01 -0.276838218330847E+01  0.156856214832399E+01
   0.342614813121309E+01  0.179786834646939E+01  0.879535976866763E+00
  -0.147150427010440E+01  0.108995366370590E+00 -0.337759754367626E+01
  -0.280279417845056E+01 -0.269178494807741E+01 -0.251691828371685E+01
   0.351256573759233E+01 -0.316226735333808E+01  0.901638536217069E+00
  -0.162395652095962E+01  0.340438668378450E+01 -0.557616645191792E+00
   0.345717616719818E+01 -0.150552120314350E+01 -0.225133938242254E+01
   0.315261683174294E+01  0.345659866086230E+01 -0.410536863053893E+00
   0.307697903061565E+01  0.410798590455869E+00  0.127517178029375E+01
  -0.101262920840995E+01 -0.376187657982844E+00 -0.169012232260293E+01
   0.167246859249787E+01  0.131249966014824E+01 -0.231128948613524E+01
   0.220801348470553E+01  0.334160717554650E+01 -0.946199496579476E+00
   0.332076750425737E+01 -0.131186442371836E+01  0.280416661460560E+01
   0.176646963660511E+01  0.244778361535660E+01 -0.128533577865463E+01
  -0.268621844264319E+00  0.252473264690831E+01 -0.254637313250423E+01
   0.239129452527512E+01 -0.249279461695265E+01 -0.845612780080221E+00
  -0.146398146304772E+01  0.186828975331945E+01  0.206249350223506E+01
   0.435176485292698E+00  0.207645605878003E+01 -0.336495834248144E+01
  -0.303535499553692E+01  0.301959138143101E+01 -0.252237720589614E+01
   0.985725032796016E+00  0.219600122336127E-01 -0.351216370739631E+01
   0.300377393940281E+01 -0.251842818522173E+01 -0.244518652176347E+01
  -0.343252275293236E+01 -0.218174045440897E+01  0.181244064413552E+01
  -0.779487699351959E-02  0.241283002713894E+01  0.895308852244843E-01
  -0.115157252895818E+00  0.341257593792000E-01 -0.153384976588742E+01
  -0.831823512997861E-01  0.405111761133857E+00 -0.326562488949394E+01
   0.330507865392617E+01 -0.816788214085517E+00  0.178374715753216E+01
  -0.100970920514323E+01  0.316341627129438E+01 -0.139985931075285E+01
  -0.284663860518119E+01 -0.168058008251996E+00  0.189215598561457E+01
   0.349096681296538E+01  0.266132631857977E+01  0.869341684294522E-01
   0.265005435948922E+01  0.216153452923423E+01  0.266719415333749E+01
  -0.279684303816423E+01  0.120453778915987E+01  0.121842323847085E+01
   0.144051442514688E+01 -0.115388859872032E+01 -0.318680143850458E+01
   0.313508782604136E+01 -0.411669425811609E+00 -0.554921152172550E+00
  -0.252831386408467E+01 -0.188178261653373E+01 -0.378318083381599E+00
   0.273424363356957E+01  0.191270226440499E+01 -0.195578463629668E+00
   0.258787261415313E+01 -0.178605085169932E+01 -0.333367985518531E+01
   0.133467424946178E+01 -0.100365521285219E+01 -0.154114700169425E+00
  -0.527413065852484E+00  0.121991108952217E+01  0.338406758204571E+01
   0.306532913841764E+01  0.354703956412068E+01 -0.166171777765464E+01
  -0.213190763801622E+01 -0.342308919314147E+01 -0.266737182800238E+01
  -0.532697232891199E+00 -0.282735770865014E+01 -0.190306858315508E+01
   0.182373001915438E+01  0.336702535060188E+01  0.277939732698531E+01
  -0.652182692343476E+00 -0.184464139232934E+01 -0.223582522711683E+01
   0.272850631112420E+01 -0.258998864370456E+01  0.826304202027699E-01
   0.324181134718564E+01 -0.316388479221632E+01  0.215290229661262E+01
  -0.335047772726647E+01  0.188286182742749E+01  0.213997759723681E+01
   0.189409519911966E+01  0.669630215181521E+00 -0.165366769976221E+01
   0.356216517812562E+01  0.141080504117450E+01 -0.128451070436659E+01
  -0.186230016241010E+00  0.266631597275572E+01 -0.119634831265264E+01
   0.312022181720594E+00  0.102304870920068E+01 -0.160324329682478E+01
  -0.197088835666738E+01 -0.333573155440391E+00 -0.222644446762786E+01
   0.266897054285072E+01  0.178601986537774E+01 -0.173123903637942E+01
   0.136111171431308E+01  0.254216586416171E+01 -0.300813162203362E+01
  -0.129647171507838E+01 -0.213647852579387E+01 -0.551495710373080E+00
  -0.391087768947474E+00 -0.333174820929564E+01  0.313634910725172E+01
   0.305246923832345E+01 -0.137970314033298E+01  0.773397871307786E+00
   0.297375219968785E+00 -0.252859040056357E+01 -0.320994917774156E+01
  -0.119764253534571E+01  0.697083053779132E+00 -0.222351477743659E+01
  -0.322072003945481E+01 -0.403517814161367E+00  0.342252404883537E+01
  -0.110010962153221E+01 -0.208387497888912E+01 -0.322634506084220E+01
  -0.843231898356131E-01  0.178533920177135E+01 -0.773607480448535E+00
  -0.154595979309565E+01  0.110600161566541E+01  0.569735453839204E+00
  -0.234850926999162E+01  0.291414170472253E+00  0.298080651550540E+01
  -0.265888605591289E+01 -0.338428312952772E+01  0.351096072060021E+01
  -0.276788760570626E+01 -0.175686473967542E+01 -0.236738342185093E+01
  -0.280135547394052E+01  0.314073050682787E+00 -0.247545451285711E+01
  -0.268123353013952E+01  0.545116945793128E-01  0.813998735045352E+00
   0.160627470948179E+01 -0.216315404921528E+01 -0.215712440360206E+00
   0.325907845968449E+01  0.647127656693481E+00  0.315066126424219E+01
   0.808591641098276E+00  0.330586418059653E+01 -0.116814278705162E+01
   0.131019912895298E+01  0.218532052829267E+01  0.252124194037835E+01
   0.977270122678716E+00 -0.422620423131462E+00  0.130044457421615E+01
  -0.284065568528730E+01  0.175066632804616E+01 -0.549870784660564E+00
   0.145687287260103E+01 -0.159870149996882E+01  0.189739834618794E+01
  -0.480959576126931E+00 -0.367882278968488E+00  0.321236640768802E+01
   0.277245271160298E+01  0.800116197395150E+00 -0.914585613619767E+00
  -0.190587505695396E+01 -0.191800471449899E+01  0.742564539823020E+00
  -0.243934934373150E+01 -0.331278382836896E+01 -0.125015473566444E+01
   0.228258621820505E+01 -0.536555780338582E+00 -0.333621047923294E+01
  -0.127080468349669E+01 -0.221789099251073E+00  0.759476126135949E+00
   0.158536036867030E+01 -0.697404662397713E+00 -0.105977747122279E+01
  -0.197316160565363E+01  0.319045775474804E+01  0.280335110174154E+01
  -0.267980694271426E+01  0.205657896864245E+01 -0.153632802861948E+01
   0.148586380071857E+01 -0.242858707646738E+01  0.304058601535865E+01
  -0.262770890575531E+01 -0.249149663213930E+01  0.138998264817536E+01
  -0.563362020443517E+00  0.587260541323011E+00  0.101195686092324E+00
  -0.151355017444594E+01 -0.187350594175286E+01  0.294961991956898E+01
  -0.119618125377419E+01 -0.111150075014433E+01 -0.316436667786790E+01
  -0.150769885917586E+01  0.135901034650103E+01  0.309491432609823E+01
  -0.129355267778369E+01  0.204398922970614E+01 -0.339670973164534E+01
   0.273406307706714E+01 -0.169037750180911E+01 -0.222311594418937E+00
  -0.192961607665461E+01 -0.202993281135898E+01 -0.140530013416181E+01
   0.193355796637625E+01  0.287031822858022E+00 -0.628557139052670E+00
   0.268488347457506E+01 -0.320348488870616E+01  0.341181155621608E+01
  -0.216328131269208E+01  0.317915365471614E+01  0.576341611500304E+00
   0.202474137477381E+01  0.154761227254278E+01 -0.913812705277862E+00
  -0.663481893612528E+00  0.277365062787266E+01  0.331275218021764E+01
  -0.930640635287434E+00 -0.153022812967196E+01  0.205249477237927E+01
  -0.111117940450088E+01 -0.114287805368047E+01  0.142883911973772E+00
  -0.330698946851394E+01 -0.248476231944154E+01  0.295949423290368E+01
   0.163570375750528E+00 -0.124987181384312E+01 -0.306514110770740E+01
  -0.311379973839248E+01 -0.210099637608831E+01 -0.136409495517684E+01
   0.215701942723716E+01 -0.260386120738347E+00  0.118883972263056E+01
   0.202091711733654E+01 -0.133482784010927E+01  0.894529650918593E+00
   0.251831079016796E+00 -0.270800243354700E+01  0.256329021341968E+01
  -0.756261716937660E+00  0.285820010543333E+01  0.236311117743729E+01
  -0.708860765456866E+00 -0.338492246452109E+00  0.172879350203949E+01
%  0.328203334617916E+00 -0.138389940810365E+01 -0.371590097693306E-01
%  0.102161978809557E+01 -0.224429203358120E+00 -0.666746776240699E+00
%  0.507528734106716E+00  0.109874049224392E+01 -0.749135428299281E+00
%  0.200691164100844E+01 -0.107944445027292E+01  0.296408943640727E+01
%  0.200944258395340E+00 -0.545417716719574E+00 -0.539175704840124E+00
% -0.995936135285564E+00  0.808168508770321E+00  0.257889436182362E+01
%  0.781253370568161E+00  0.749911353218770E+00  0.741561899279011E+00
%  0.192705525901558E+01  0.801129189274249E+00 -0.665068583394446E+00
% -0.190733168813394E+01  0.362832565622752E+00 -0.752625132587311E-01
%  0.708398929081446E+00  0.239135528231489E+01  0.172690784658916E+00
% -0.368427641781790E+00 -0.951400315758708E+00 -0.205889697281299E+01
% -0.256008293884204E+00  0.117609309639172E+01 -0.315443907390944E+00
% -0.205437113493583E+00  0.229612266588161E+01  0.312215992394038E+00
%  0.956038588355885E+00  0.721749999735809E+00  0.948032183090518E+00
% -0.209159917439529E+01 -0.738886583449622E+00  0.856987954062355E+00
% -0.606941227662907E+00 -0.121052483785893E+01  0.254226172322983E+00
%  0.160464863541495E+01 -0.378027784911904E+00 -0.144311177310366E+01
% -0.253987774219048E+00  0.127231869658232E+01 -0.116684775393559E+01
% -0.151019541608776E+01  0.198844689484307E+01 -0.103758028359078E+00
%  0.161337621655125E+01 -0.771981741277636E+00 -0.545641526789682E+00
% -0.822899131912113E+00 -0.796828998082771E+00 -0.634592373543503E+00
%  0.420403261680347E+00  0.944101674065156E+00 -0.373582547692019E+00
% -0.125112042810658E+01  0.147896508568900E-01 -0.394178176606137E+00
%  0.212881952902237E+01  0.404115549660636E+00 -0.163163451533784E+00
% -0.389832727609140E+00 -0.103612987993395E+01 -0.103834872494790E+01
% -0.834053402376672E-01 -0.124471918663883E+01  0.196171040982061E+01
%  0.162908600958315E+01 -0.126138209582085E+01  0.212498273133856E+01
%  0.682023281040701E+00 -0.679800750682924E+00 -0.175402192500736E+01
% -0.159358470386291E+01 -0.108782285418234E+01  0.512843797769895E+00
%  0.423550841684134E+00 -0.308815756491815E-01 -0.218066289200262E+01
% -0.933696626939398E+00  0.888258190060730E+00 -0.696713714783250E+00
%  0.180189505349460E+01  0.495234812558418E+00  0.149051644925191E+01
%  0.131921727281793E-01  0.561534438403645E+00 -0.690393813562080E+00
%  0.163414377101205E+01  0.238956629788603E+00 -0.538523781985707E+00
% -0.132919337198696E+01  0.204172930932505E+01 -0.172831998612280E+01
% -0.822678963485816E+00  0.612727500390007E+00  0.984613547871273E+00
%  0.595872409020236E+00 -0.156147772051337E+01 -0.162744960092305E+00
% -0.629522731514719E+00  0.875730606631846E+00 -0.122134641097100E+01
%  0.594391233821908E+00 -0.128256399208874E+01  0.292036300619869E+01
%  0.512176871081390E+00  0.102939339503886E+00 -0.254667455828887E+00
% -0.667589945473007E-01 -0.109849254934176E+01  0.872813341020591E-01
%  0.124373686543561E+01 -0.696197470971431E-01  0.102259032610107E+00
% -0.357386744744740E+00 -0.884246269544532E+00 -0.868232877848516E+00
% -0.808058329386331E+00 -0.122682568490771E+01 -0.163222739367517E+01
%  0.421652870572873E-01  0.156099277026985E+01  0.196228082882848E+01
% -0.697704785797547E+00 -0.220232455602165E-01 -0.100656960633047E+01
% -0.306420874071387E+00  0.799760134125543E+00  0.142109431713533E+00
% -0.335356442365813E+00  0.182717972716141E+01  0.306462620264407E+00
% -0.267578270360531E-01 -0.119730158593884E+00  0.479405669524379E+00
% -0.311195750561597E+00 -0.408743204023062E+00 -0.359829433084253E+00
%  0.110658354098327E+01  0.120592795455230E+01 -0.183246686334509E+01
%  0.930460541706463E-01  0.139659850560142E+01  0.212649732204079E+01
% -0.678532358234783E+00 -0.148737012146790E+01  0.196465658992530E+01
% -0.103901278367478E+01  0.133177764262449E+01  0.635543139154879E+00
% -0.414246489473155E-01 -0.135046360130793E+01 -0.103850407079850E+01
%  0.144310550709450E+01 -0.752453672322821E+00  0.936054056027869E-01
% -0.870339483161085E+00 -0.153157630735347E+01 -0.267425217874053E+01
% -0.114697888836614E+01  0.152806490494696E+00  0.180808761170265E-01
% -0.108722841500018E+01  0.815836659855298E+00  0.152759089151796E+01
% -0.929238871077379E+00 -0.715544042348944E+00  0.112181318833554E+00
% -0.220673697941865E+01 -0.163291772693875E+01 -0.100635695681517E+01
% -0.626384071863736E+00  0.130338603554136E+01  0.237036863923332E+01
% -0.508443602871625E+00 -0.128742472030915E+01  0.484763507381971E+00
%  0.135999954120050E+01  0.371653050246060E-01  0.433660807464368E+00
%  0.249323936813356E+00 -0.607900034458485E+00 -0.693551985919481E+00
%  0.693676170556099E+00  0.107391054074307E+01  0.421737409781566E+00
% -0.869400762832125E-01 -0.223964125748831E-01  0.149349038831663E+00
%  0.493539133136952E+00  0.302327456783169E+00 -0.141748638053022E+00
% -0.982042071217075E-01  0.741524398850526E-01  0.221833330783986E+00
% -0.153224062153783E+00 -0.223199359195156E+01 -0.158233347203112E+01
% -0.259346025371704E+00  0.518101698921917E+00  0.628931311111788E+00
% -0.766829684535462E+00 -0.598809023092680E+00 -0.257484892990964E+00
% -0.799076746337373E+00  0.601780870748329E+00 -0.359123670912025E+00
%  0.236836328756155E-01  0.115490513362516E+01 -0.703933928765354E+00
% -0.672694661024837E+00 -0.168819496581071E+01 -0.131028786070047E+01
%  0.936322277195960E+00 -0.405488157318155E+00  0.731190680420694E+00
%  0.110892241947361E+01  0.112032008377246E+01  0.689704387871487E+00
%  0.170328960661220E+00  0.511446432252430E+00  0.116486621646916E+01
%  0.186996069286106E+01  0.306194820216108E+00 -0.103541863393751E+01
% -0.121585176688080E+01 -0.107921683064004E+01 -0.954212617083703E+00
%  0.749032794623623E+00 -0.548259475113857E+00 -0.401347029627169E+00
% -0.117476625043296E+01  0.228595140402278E+00  0.179218881677850E+01
% -0.177461355860149E-01  0.272713871787769E+00  0.237781793769517E+00
% -0.102858074253605E+01  0.434782895909021E+00  0.220776166939548E+00
% -0.353409967871496E+00  0.150902492923888E+01 -0.442967803046680E+01
%  0.166196704309162E+01  0.742002820516152E+00  0.166723782244093E+01
%  0.749548154713199E+00  0.148796388800167E+01 -0.977342307809995E+00
% -0.630539445816951E+00  0.230037134884867E+00 -0.109034646317516E+01
% -0.138451047411224E+01 -0.229101297510775E+00 -0.808702184563506E-01
%  0.657123562712815E+00 -0.145735503528909E+01 -0.176843990615349E+01
% -0.186608075404971E+01  0.311766304450924E+00  0.954825666199474E-01
% -0.937143131339823E+00 -0.112671447065502E+01  0.981531798855663E-02
%  0.344115723815357E+00  0.521660645151404E-01  0.197660444002046E+00
%  0.101174534756975E+01  0.237998633530957E+01  0.667374019124800E+00
% -0.183474518476156E+00 -0.126530393613339E+01  0.286936344657691E+01
% -0.117551780855691E+01 -0.204629926379815E+01 -0.178750987134517E+01
% -0.556861049019970E+00  0.416720920395707E+00  0.262918882795706E+00
%  0.501885870357260E-01 -0.372153698816118E+00  0.114347195800866E+00
% -0.416177984185468E+00 -0.107952214277660E+01  0.596867343026290E+00
%  0.226778710014403E+00 -0.637778899010515E+00 -0.880478284522072E+00
%  0.813033071370165E+00 -0.175069578629404E+01  0.130705208917960E+01
% -0.355352791038333E+00  0.103939699033625E+01 -0.642015372698611E+00
%  0.789802009642029E+00  0.745332343822855E-01  0.310424776999849E+00
% -0.131017974548991E+01 -0.105473075902283E+01 -0.225927749551788E+01
% -0.487046563988424E+00  0.239165762966400E+01 -0.102255848172604E+01
%  0.718846547024174E+00 -0.522623181795278E+00 -0.139685090466619E+01
%  0.191695525410447E+01  0.218120850019113E+01 -0.412673502428228E-01
% -0.837427411223236E+00 -0.149668559336074E+01 -0.185200415566420E+01
%  0.168286367845490E+01 -0.115228490767899E+01 -0.294069829867964E-01
% -0.662885019802876E-01  0.576272891986247E+00  0.136873688609707E+00
%  0.870005270486337E+00 -0.103487699950550E-01 -0.569061899936823E+00
% -0.954969868704350E+00 -0.129100619855784E+00  0.301885656013605E+00
%  0.136670806376693E+01 -0.223093256544996E+01 -0.114095321557100E+00
%  0.426944325626944E+00  0.211072796281649E+01  0.240937112690265E+00
%  0.299080278158267E+01 -0.190900956346173E+00 -0.835679462156199E+00
%  0.220093304522595E+00  0.106724586694436E+01 -0.498944454332616E+00
%  0.847471364379108E+00 -0.127978145748846E+01 -0.118832208250191E+01
% -0.684122737379358E+00 -0.919630934365462E+00 -0.913012926971897E+00
% -0.701244887193815E+00 -0.589109428400754E+00 -0.461426117008322E+00
%  0.117123008394988E-01 -0.237445198033723E+00  0.783485869662597E-01
% -0.346874324279153E+00  0.555257195679120E+00  0.190737928662745E+01
%  0.102317347950379E+01  0.931707374808578E+00  0.797160938723598E+00
%  0.145156400487722E+01  0.206378246751719E+01  0.210975824447731E+01
% -0.123161904414205E+00  0.844419667347628E+00  0.252125351885980E+00
% -0.719934371112806E+00  0.143053366204597E+01 -0.943120183466465E+00
% -0.119314998309623E+00  0.394016707708874E-01 -0.146352297060267E+00
% -0.143354186173150E+01 -0.131595562130609E+01  0.214249478528680E+00
%  0.172116030184189E+00  0.883629954654531E+00  0.678245747284634E+00
% -0.799430706732624E+00  0.677865460406121E+00 -0.974334929352482E+00
% -0.115176502613102E+01 -0.963891881478415E+00  0.943518812100275E+00
% -0.272975073772719E+00 -0.914179616619368E+00 -0.189668708420928E+00
%  0.102558871555800E+01 -0.853448365907184E+00  0.127018498645090E+01
%  0.772801952135864E+00 -0.604589320603465E+00  0.154433524796372E+00
%  0.150118866934295E+00  0.927678326951984E+00 -0.163875704272934E+01
%  0.454886136416648E+00  0.379553619975441E+00 -0.830902989785597E+00
% -0.242713672770697E+01 -0.416364845716270E+00  0.225299864623797E-01
%  0.167334064133209E+01 -0.107266073599832E+01  0.363901048456499E+00
%  0.576364609607512E+00 -0.133649263861972E+00  0.416817266916298E+00
% -0.137608029729968E+01  0.696026711443340E+00  0.248638969764835E+01
%  0.123199997207379E+01 -0.127557916452028E+01 -0.229822135278760E+00
% -0.269181232127696E+00 -0.465800698380284E+00 -0.104578892569025E+01
% -0.884411924643437E+00  0.346073452513162E+00 -0.108909367711833E+01
% -0.145850208253060E+01  0.290192398468897E-01 -0.137254765511551E+00
% -0.354873192740098E+00  0.130286137057658E+01 -0.191609336908787E+01
%  0.158381563847916E+01 -0.207919171764588E+01  0.594980852349721E+00
%  0.677406143573598E+00 -0.634565994596377E-01 -0.556390434903440E+00
% -0.118860332316505E+01 -0.960129262729235E-01  0.145722059915767E+01
% -0.130970016464576E+01 -0.124822189951365E+01  0.169068681119678E+00
%  0.195398055215089E+01 -0.340553994815290E+00  0.865048527658576E+00
% -0.117336774849790E+01 -0.941892787526285E+00  0.509138254805559E+00
%  0.954230038072950E+00 -0.584969143755412E+00  0.151207788933042E+01
%  0.323168168983290E+00  0.660157424748720E-01  0.115161012688189E+01
% -0.343762195462256E+00  0.192725719361121E+01  0.332584932171136E+00
%  0.539978162056797E+00 -0.775114279359130E+00  0.505721293638726E-01
% -0.136380916969638E+01  0.499515769328092E+00 -0.214401423221049E+00
%  0.128914298377214E+01  0.799883260980222E+00  0.932106915223334E+00
%  0.109684980882988E+01  0.175077871750664E+01  0.780293208783234E-01
% -0.234605568419553E+00  0.156873850248582E+01 -0.163124280683010E+01
%  0.923940608703461E+00 -0.314069887554376E+00  0.705807381778844E+00
% -0.999437515474255E+00  0.190641894814741E+01  0.164633871085393E+01
% -0.401820909476277E+00 -0.102330566545628E+01 -0.433237905719841E+00
% -0.230935500026133E+00 -0.128016029695014E+01 -0.320865911747804E+00
% -0.180463712470211E+01 -0.999003315158051E+00 -0.905041383160227E+00
% -0.188725383539920E-01  0.237328687389645E+00 -0.140152475369158E+00
% -0.859790057434704E-01 -0.585832615487156E+00 -0.229913913573274E+01
% -0.864397804082511E-01  0.952722679579286E+00  0.641960729235567E+00
%  0.854487360496731E+00 -0.345226965015612E+00 -0.110069523391721E+01
% -0.183605080716614E+01  0.144819914510821E+01  0.104079156247869E+01
% -0.522522744689871E+00 -0.159620002730824E+01  0.885721417888835E+00
%  0.145316794625085E+01  0.152711001257583E+01  0.264510667091028E+00
%  0.176230667729520E+00  0.805745079948980E-01 -0.133757418339953E+00
%  0.102668506077564E-01  0.939815925513149E+00  0.362392466255567E+00
% -0.798952543199383E+00  0.505785997422492E+00  0.163685521223761E+01
% -0.885224017390035E+00 -0.206527913512455E+01  0.723951452081654E+00
% -0.218007278898588E+01  0.338004541266119E+00 -0.296736621214455E+00
%  0.995016152581878E+00 -0.264252506432511E+00  0.165965744487015E-01
%  0.752834367741584E+00  0.343040006116995E+00 -0.488656384038023E+00
% -0.618123163055529E+00 -0.157582602688177E+01  0.988443177614062E+00
% -0.160722424577674E+01 -0.122952153923965E+01 -0.173191044988108E+00
%  0.365449410196908E+00 -0.112762050912809E+01  0.344848770389533E+00
% -0.741465928338345E+00  0.148802124422677E+01  0.766240560709800E-01
%  0.182957078939253E+00 -0.216959043753971E+01 -0.963175495087946E+00
%  0.547234112436003E+00 -0.252558919104710E+01  0.176299716686155E+00
% -0.144569172970388E+00  0.213015483616714E+01 -0.973501798696588E-01
%  0.130125978695364E+01  0.337348973052943E+01 -0.780297721912026E+00
%  0.104483272973855E+00 -0.134615429906052E+01  0.996134209175808E+00
% -0.171311514178484E+01  0.122156105049660E+01  0.427014194277281E+00
%  0.115417577525696E+01 -0.515756127253825E+00 -0.385081157186812E+00
% -0.351046727335687E+01 -0.851332729076236E+00 -0.932395735353689E+00
% -0.703320348283326E+00 -0.287367641054391E+00  0.251743877472260E+01
%  0.811921182550745E+00 -0.129377376231726E+01  0.378952642257330E+00
% -0.825750671577029E-01  0.430413227277601E+00  0.153614399989403E+00
%  0.102237932489899E+01  0.701749576346002E+00  0.308696636475798E+00
% -0.558031128009670E+00  0.908525658979050E+00  0.159029979368542E+01
% -0.462652902982904E+00  0.123882879949501E+01  0.267642327466820E+00
% -0.184712867826136E+01 -0.973216233601011E+00 -0.144340583903818E+01
%  0.487257179801847E+00 -0.222482373570619E+01 -0.183437025847332E+01
% -0.274453294844043E+00 -0.115894568244939E+01  0.334505347715540E+00
%  0.889709834976630E+00  0.974153061115472E+00  0.174977205424088E+01
% -0.608761805605983E+00  0.105347277347466E+01 -0.579713281706419E+00
% -0.744118294063197E+00 -0.817319214871695E-01 -0.189539489729258E+01
% -0.106734140097571E+01  0.132239733485263E+01 -0.143389811052199E+01
%  0.146372916997575E-01 -0.587579617800254E+00  0.647190177672390E+00
%  0.200875533251728E+01 -0.242061152375842E+00  0.503946200429990E+00
%  0.195682471262824E+00 -0.439705590868337E+00  0.853980552502718E+00
%  0.137773674052987E+01 -0.438696117863940E+00  0.267526813479649E+00
% -0.510684254381523E-01 -0.718733441913243E-01  0.142489532564249E+01
%  0.591282671381372E+00 -0.106795119091495E+01 -0.445303576270016E+00
% -0.621020032872130E+00  0.497037290779241E+00 -0.233456129002642E+00
% -0.132471397608449E+01  0.120676983047612E+01  0.241064123315535E+01
% -0.136286532150393E+01 -0.622099901577314E+00  0.267216045599974E+00
% -0.951550724477633E+00 -0.136477664737056E+01  0.872056417095236E+00
% -0.844977480658711E+00  0.197779132349789E+01 -0.122806773459766E+01
%  0.268782254531571E+00  0.280059542999681E+00  0.107691742431459E+01
% -0.164441025883910E+01 -0.539106530094960E+00  0.512632981066853E+00
% -0.261780982753239E+00  0.200574016480958E+01 -0.146255812304510E+01
%  0.743067423906770E+00 -0.520000165023475E+00 -0.350904018536455E+00
% -0.252286970665420E+00  0.169406238275884E+01 -0.182689786578051E+01
%  0.221414417206223E+01  0.425363220902433E+00 -0.618538205891372E+00
%  0.122032773726476E+01 -0.348923401457897E-02  0.124860829596999E+00
%  0.147505688108849E+01  0.475263414098238E+00  0.272790625485933E+00
%  0.554563306544165E+00 -0.582310510635127E+00  0.912355655750823E+00
% -0.643095303489032E+00  0.100250291653643E+01  0.721888923804046E+00
% -0.561651782290691E-01  0.865547874319871E+00 -0.268204909077708E+01
% -0.301102701829530E+00 -0.145501062318090E+01 -0.834112376759442E+00
%  0.420365846462929E+00  0.135056520451822E+01  0.780429367264118E+00
% -0.192418818986004E+00 -0.790919323043636E+00  0.210418572329066E+01
%  0.246645503882560E+00 -0.104561753686670E+01 -0.822544772171782E-01
% -0.635635582867638E+00 -0.382208764104065E+00  0.582933622480575E-01
%  0.138218416881827E+01 -0.872867206496765E+00  0.104889024126344E+01
%  0.107324695325079E+01 -0.100001672243400E+01  0.126891438988590E+01
%  0.576219371876948E+00 -0.153252423868815E+00  0.225894427086996E+01
% -0.113738632008536E+01 -0.814176242738227E+00  0.560736549538444E-03
%  0.147536573516885E+01  0.174385324930339E+01 -0.157384657862812E+00
% -0.556160655374280E+00  0.852538892861326E+00 -0.213431154332862E+01
%  0.503598053635997E+00 -0.491876375009530E+00 -0.610140092417740E+00
%  0.120843971378307E+01 -0.114430539453362E+01 -0.102217243487615E+01
%  0.266818958280426E+01  0.303866241639893E+00 -0.486246139580866E+00
% -0.159417441968435E+01 -0.129261409848308E+01 -0.579342521703151E-01
%  0.586485448091079E-01 -0.455549738314454E+00  0.483638005402000E+00
%  0.182912688312161E+01  0.868789612236514E+00 -0.723729592028594E+00
% -0.381752687959325E+00  0.895733693760680E+00 -0.139522364746301E+01
% -0.199322696375229E+01 -0.656323819418358E+00 -0.267506703619632E+00
%  0.156106909468683E+01  0.660805499381247E+00  0.148791519319500E+00
% -0.667762357014422E+00  0.117036222012999E+01  0.163986435871010E+00
% -0.735469015218876E+00  0.519097178734795E+00 -0.233802221631527E+00
%  0.104329216781857E+01  0.338905460016246E+00 -0.321096286957145E-01
% -0.744284094655502E-01  0.127056496987133E+00 -0.134475779895625E+01
%  0.204982086710776E+01 -0.164422661735944E+00  0.672828000791564E+00
%  0.707262344363946E+00 -0.103352076661595E+01  0.836189538808106E+00
%  0.119713006073558E+00  0.319144988774499E-02 -0.797201386859184E+00
%  0.401089685915624E+00 -0.603823430258984E+00  0.132036046501185E+01
% -0.309420764403038E+00  0.118500786800347E+01  0.628672822829791E+00
%  0.141155948155444E+01 -0.124744333622861E+01 -0.183263011412379E+01
% -0.191871656639656E+01 -0.276728933808028E+00 -0.922209787306556E-01
% -0.174855393686947E+01  0.414209388704556E+00  0.309191786116104E+01
%  0.632983836092935E+01  0.190262042930638E+02 -0.728119415739740E+01
% -0.190206007943838E+02  0.164653947475224E+01  0.933690572375560E+01
% -0.931180176398306E+00  0.272130328928628E+01  0.247049351039346E+01
%  0.309335981995895E+01  0.481610629561969E+01  0.390709441782014E+01
%  0.730090727000592E+01 -0.528025806326388E+01  0.657870205207851E+01
%  0.783538159427636E+01 -0.123114894024685E+01 -0.829495264918466E+01
%  0.493716738809683E+02  0.298137069666492E+02  0.408784431274927E+02
%  0.871571333059982E+01 -0.340106872096100E+02 -0.389592543007301E+02
%  0.285964169647866E+01 -0.265776476118497E+01 -0.168262654029106E+02
%  0.598552215523866E+01 -0.123210788820880E+02 -0.181395439044632E+02
% -0.622449673552850E+01 -0.378537288906856E+01  0.244660378807714E+01
%  0.304657449874688E+01  0.307283352296251E+01  0.809163241728919E+00
%  0.213083704228424E+01 -0.186646885248294E+01  0.303265364041913E+01
% -0.788391350508061E+01  0.170256699740986E+02  0.160778045355374E+02
% -0.372163455212383E+01  0.365772161145166E+00 -0.694451078187515E+01
%  0.671059119473610E+01  0.582424942836013E+01  0.125101940165754E+02
%  0.126500512103828E+02 -0.426029983305862E+01  0.219303036632584E+02
% -0.267888266689094E+02  0.281135671869003E+02  0.607470581121676E+01
% -0.354087024778305E+01 -0.561979092267339E+00 -0.135696606056413E+01
%  0.144594417358645E+02  0.581670549685511E+01 -0.223061716702476E+02
% -0.513456491415102E+01 -0.874128183009667E+01 -0.565477758982746E+00
%  0.112075276104619E+02 -0.117544963903245E+02 -0.876292467195116E+01
% -0.169419955306746E+02  0.710164975535833E+00  0.915832241002203E+01
%  0.120938740906153E+02  0.107006349708243E+02 -0.230669944463119E+02
%  0.760101288558543E+00 -0.553343781218868E+01  0.560410972270539E+01
% -0.214033149791022E+02  0.143134611620572E+02 -0.183264295856933E+01
% -0.309535521687222E+00 -0.175564714430795E+01 -0.115572459293122E+02
%  0.105109297173350E+02 -0.141943160259188E+02  0.174194465721359E+02
%  0.152246815737078E+02  0.448576196754225E+01 -0.929731713240628E+01
%  0.408635974742043E+01 -0.762995895803631E+01  0.115123254127736E+02
%  0.213837003708801E+00  0.236428629576570E+01 -0.221036335998830E+01
% -0.103458230095730E+02 -0.667406506202051E+01  0.938154050342770E+01
%  0.708233202687411E+01 -0.271066152481424E+00  0.318849610185658E+02
%  0.318405153495394E+02  0.103696416029649E+02  0.188227324454394E+02
% -0.203639746577509E+01  0.186777889442386E+02 -0.356455942911572E+02
% -0.927062631457838E+01  0.132827781778958E+01  0.942723589630856E+01
% -0.315736142912649E+01  0.162582032384677E+02  0.550439182175179E+02
% -0.280218587868103E+01  0.987860154785252E+01 -0.164363434877037E+02
% -0.486489576916331E+01 -0.259552121031628E+02  0.133704077481938E+02
% -0.137684368501522E+02  0.735092566286441E+01  0.102355048538165E+01
% -0.436237626431724E+01 -0.990350779822731E+00  0.751766926591444E+01
% -0.263278380384646E+01 -0.499874963083915E+01  0.644803180348380E+00
%  0.978625425249797E+01 -0.110631137756387E+02  0.996782431486481E+01
%  0.239472222154371E+01 -0.358151836088385E+01  0.318119349886812E+01
%  0.603979751762423E+01  0.280292595701741E+01 -0.138907935808670E+02
%  0.189366888843787E+01  0.472529430586522E+01  0.143367071338895E+01
%  0.622248317173000E+00  0.110907863832961E+01 -0.208509923455915E+01
% -0.318587380642946E+02  0.486786597399541E+01  0.142810075471574E+02
%  0.849138430536303E+01  0.576651411708949E+01  0.115537975436359E+01
%  0.669088358416717E+02 -0.142603657590305E+02  0.550382572711536E+02
%  0.197314342542722E+02  0.293739390083097E+02  0.436955620154712E+02
% -0.769289882472029E+01  0.330144568316850E+02 -0.170290369134580E+02
% -0.737623852687832E+01  0.616314905241626E+01  0.382493621635878E+01
% -0.159091868619303E+02  0.831174795420748E+00  0.479304905475661E+00
% -0.320997964728446E+00  0.766192795210704E+01  0.180640844551457E+00
%  0.183443322180437E+02 -0.366161512881622E+02  0.154307989350354E+02
% -0.382462469247705E+01  0.149406207766053E+02 -0.181704107528997E+01
%  0.580191481996694E+01  0.107491067582838E+02  0.198313793408458E+01
%  0.624685689158554E+01 -0.102262119153148E+02 -0.107558242384351E+02
%  0.686296948485723E+01 -0.888791350708859E+00  0.523820454482507E+01
% -0.182666620877349E+02 -0.239384899721910E+02  0.251066385914255E+02
% -0.800002183449861E+01  0.729832145018702E+01 -0.864019074987787E+01
%  0.669674089868268E+01  0.885234448676341E+01 -0.176212289950627E+02
%  0.177363253511259E+02  0.253620362343680E+02 -0.111977258836550E+02
%  0.771336947213193E+01  0.103420846647613E+01  0.125700012986406E+02
%  0.818726865372881E+01 -0.557131274954827E+01 -0.437299096129087E+01
%  0.490358406789423E+01 -0.242712278667355E+02 -0.312721977095572E+01
% -0.474083727208888E+01  0.321936934179084E+01 -0.222023105722509E+02
% -0.423266047251058E+02 -0.810070631819554E+01 -0.588436119625515E+02
% -0.668527007213592E+02  0.179216270677117E+02 -0.742743382527859E+02
% -0.804989814811940E+00  0.212363054144055E+02  0.235354440416651E+02
%  0.380034806449065E+01  0.198692418617531E+02  0.509970925124536E+01
%  0.339809785724828E+02  0.620556557013777E+01  0.302283790750875E+02
%  0.418449315173911E+02  0.123883699915351E+02  0.586565108197152E+01
%  0.854473402055144E+00  0.319395499157605E+01 -0.479994789437048E+01
%  0.601170778874469E+02  0.782595180174778E+01 -0.263076309123323E+02
% -0.785719158718333E+01  0.115205100665384E+01  0.143811135288353E+02
% -0.599959752617904E+01 -0.529509106936792E+01  0.849590340409348E+01
% -0.622006777778291E+01 -0.198437711875494E+02  0.342616428763270E+02
% -0.121005273703743E+02 -0.924045849787482E+00 -0.300839648744079E+02
%  0.210195031320591E+01  0.242247772701804E+01 -0.138623052789631E+01
%  0.363082103342280E+01  0.449550101863361E+01  0.121461414836398E+01
%  0.366840116029274E+01  0.576153705826935E+01  0.655291460611688E+00
%  0.496115918990502E+01 -0.316227289513859E+00 -0.118453699083696E+01
%  0.187656381984256E+01  0.166735154474656E+00  0.509767121204749E+01
%  0.457423315501200E+01  0.243810116409292E+01 -0.207157776222362E+01
% -0.269355012769886E+01  0.238816085124790E+01 -0.406542484929854E+00
% -0.632616540245314E+01  0.353991734756890E+01  0.188196854440136E+01
%  0.336899470372944E+01  0.180715068966778E+01  0.322641042232804E+01
% -0.166651988653840E+01 -0.550039886995979E+02 -0.269801219875469E+02
%  0.231059285571170E+01 -0.109370625711921E+02 -0.625463535209069E+00
%  0.765177638488392E+00 -0.510225771178671E+01 -0.130840741360135E+02
%  0.984938149181108E+01 -0.299678195495826E+01 -0.404522349161512E+01
%  0.335816300626280E+02  0.144569061473798E+02 -0.847147512031343E+01
%  0.160067727404244E+02 -0.619396991775551E+01 -0.244435629852236E+01
%  0.167518133029242E+02  0.878536991335295E+01 -0.148513920568887E+02
% -0.123796182661092E+02 -0.346808080864058E+02 -0.118705024953530E+02
%  0.570611368930154E+01  0.635257910540972E+01 -0.427564236963095E+01
%  0.230769724561436E+02  0.178905669353624E+01 -0.749537721748257E+00
%  0.149861671838659E+01 -0.100190246981021E+01 -0.116117313674386E+02
%  0.866033887979414E+01 -0.399869292400964E+01 -0.158512988027417E+01
%  0.140336158725013E+02  0.455564058401922E+01 -0.770869091695984E+00
% -0.163641338066021E+02  0.192503383078610E+01  0.290358873256307E+02
% -0.103183210548679E+02  0.357813529249891E+01  0.248681715678249E+02
%  0.178386196041627E+02  0.868200810665961E+01 -0.701646406055147E+01
% -0.139796991611293E+01 -0.238088428614849E+02  0.648845326358679E+01
% -0.244577694268405E+01  0.171228857308303E+02 -0.579443378840947E+01
% -0.153599920229421E+01  0.612591029026643E+01  0.149231570245375E+01
%  0.429801927198477E+01 -0.209651225152223E+02 -0.112756530721935E+02
%  0.910689264731579E+01 -0.188514756839842E+01  0.236235419890427E+01
%  0.378858193395594E+01 -0.266619666278792E+02  0.138458441414235E+02
% -0.581972024923178E+01 -0.521544101055600E+01 -0.234739921487906E+02
% -0.267088928191771E+01  0.175449156736126E+02 -0.110599176556126E+02
% -0.511361149079269E+01  0.795298136532143E+01  0.393299016804005E+01
%  0.187682839559553E+01  0.507239074567807E+01  0.137127177440179E+01
% -0.374374548802142E+02 -0.103830243699434E+02  0.154526862454021E+02
%  0.550054761526459E+01 -0.703112290557299E+01 -0.334452703490220E+01
%  0.542599579879043E+01 -0.660507975495669E+01  0.553705834727925E+01
% -0.190890755805529E+02  0.154003992599291E+02 -0.473979446981103E+01
% -0.330727239452338E+01  0.676574663687209E+01  0.921382505032061E+01
%  0.195892115133492E+02 -0.900920240321669E+01  0.458038186290837E+01
%  0.188044165823293E+01 -0.723956763051208E+01 -0.581021825030968E+00
%  0.953555814236474E+01 -0.244678279832013E+02  0.152140394031962E+02
% -0.365651623860456E+01 -0.423993134469404E+01  0.131139327561087E+01
% -0.169120196303199E+00 -0.199298401528417E-01  0.504530343538765E+01
% -0.588445167713969E+01 -0.254261301934981E+02 -0.128596891379268E+02
% -0.226045692105094E+01  0.947949274302379E+00 -0.210747866116593E+01
% -0.129257771879131E+02  0.146342238541321E+02 -0.182973930972549E+01
% -0.209614045719822E+02  0.882981295202198E+01  0.189279805349333E+02
%  0.731637850318533E+01  0.260097347635633E+01  0.263414456262935E+01
% -0.301616042416317E+01  0.109792413355969E+01 -0.182888301915876E+01
% -0.581082399574917E+01  0.319368585813874E+01  0.394677987841099E+01
%  0.206122275088156E+02 -0.847873928974521E+01  0.407607997314382E+01
% -0.508749889010071E+01 -0.154696198515045E+02 -0.115347952702747E+01
% -0.715089522203609E+01 -0.971541158257957E+01 -0.826773191650458E+01
% -0.159009478952817E+01 -0.134424483208690E+01 -0.426946708502564E+01
%  0.225763160072141E+01  0.116505740882843E+02  0.258616799662491E+02
% -0.485917105541027E+01 -0.174392702646375E+02  0.816385657134569E+01
% -0.710783587178979E+01 -0.105037949582001E+02 -0.716007015749489E+01
% -0.129878020845779E+02 -0.291249405904488E+02 -0.160821542788621E+02
% -0.236771089183448E+02  0.281418059038976E+02  0.166021748134294E+02
%  0.113068742137490E+02  0.563937191620377E+01 -0.427917258939502E+01
% -0.138827165845079E+02  0.552716062997691E+01 -0.486353392827670E+01
% -0.925832684390231E+01 -0.248372600659078E+02  0.504787098249924E+01
% -0.140124070412613E+02  0.446392472121944E+01 -0.312042232980363E+02
% -0.964089815193637E+01 -0.161315918362874E+02  0.360141610444621E+02
%  0.780726339218724E+00 -0.270878872568758E+01 -0.190232677075851E+01
%  0.608799328803033E+01  0.555656595432343E+01  0.694032293330143E+00
% -0.720856104856159E+01  0.209815422180301E+01  0.278542679060305E+01
% -0.440770363070264E+01  0.920727687291353E+00  0.113534709434869E+01
%  0.340365415516508E+01  0.236175803404105E+01 -0.590073042428896E+01
%  0.250958018953346E+02  0.105806790675185E+02 -0.371956750921296E+01
% -0.989867923691884E+01 -0.399625132888634E+02 -0.592943091994583E+00
% -0.423711070346995E+01 -0.107167382861190E+02  0.341662570825650E+01
% -0.850882010524197E+00  0.246089236831895E+02  0.803422547651398E+01
% -0.434628826957497E+02  0.436428585320163E+00  0.545329495364555E+01
%  0.111643899903245E+02  0.308150588766077E+02 -0.337986454728934E+02
%  0.278090492907786E+01 -0.293052339600574E+02 -0.144891028770250E+02
% -0.284114992500891E+02 -0.447034642297912E+01  0.152731397443201E+02
%  0.163801062380747E+02  0.485769502499142E+02 -0.380524981450999E+02
% -0.245953500161571E+01  0.874124479267754E+01  0.207186987885160E+01
% -0.256147765743137E+02  0.135676043096622E+01  0.761906851982769E+01
%  0.383663818791495E+02 -0.342654221356067E+01  0.284691664656356E+02
%  0.510456612033047E-01 -0.994264765667617E+00 -0.107672419485350E+01
%  0.162011768828038E+01 -0.261932160381152E+01 -0.193624972574318E+02
%  0.577331279232105E+01  0.283085856447322E+01  0.127561631630363E+02
%  0.357893195959614E+01  0.498634094509425E+01  0.233359651052381E+02
%  0.108148284982244E+02  0.851491209488133E+01 -0.220233284810362E+02
%  0.117015050508157E+01 -0.155710585991983E+01  0.901020850751039E+00
% -0.432804065307744E+01  0.180629335675065E+01  0.216818526233643E+01
% -0.446445400369188E+02  0.125481398587934E+02  0.203487775961866E+02
% -0.264190064547976E+01  0.873340708070160E+01  0.686988272341800E+00
%  0.160076419913826E+02  0.343942767590224E+02 -0.287450634869007E+02
%  0.503370485800545E+01 -0.475960615256691E+01  0.744099958409001E+01
% -0.361194412396653E+01  0.239374594743366E+01 -0.391929086228624E+01
% -0.234901266223030E+02  0.165878738659027E+02 -0.591190744709264E+01
% -0.538918720338106E+00 -0.366440907160661E+00  0.177410003527976E+01
%  0.261345146554246E+01 -0.275306240870947E+02  0.235267526726184E+02
% -0.211545172895632E+00 -0.118137018877898E+01  0.539434380704699E+00
% -0.110397019414983E+01  0.373693776536051E+01  0.328941973244359E+02
% -0.180905746689326E+02  0.944167883703891E+01 -0.270801719701855E+02
%  0.191563103625242E+02  0.945687779168396E+01 -0.262582873906354E+02
%  0.141446870451633E+02 -0.598074702888168E+01  0.227128633052800E+01
%  0.136768932353946E+01 -0.180497054921494E+00  0.313118014088696E+01
%  0.130721451395023E+02  0.671581794664329E+01 -0.326842837648564E+01
% -0.250092403031387E+02 -0.147582513759628E+02  0.273141560487637E+02
% -0.588150005142761E+00 -0.124261762639852E+02  0.560077229672457E+01
% -0.282428122103820E+01  0.667130769093832E+00 -0.299970371754122E+01
%  0.139729773227021E+02 -0.171000494940580E+02 -0.307853681370841E+01
% -0.300180671365874E+01 -0.113462101221505E+02  0.644919325202797E+01
%  0.746247570992277E+01 -0.326812350545903E+01 -0.788390735870791E+01
% -0.603240830479397E+01  0.800327260337783E+01 -0.452417689655017E+01
%  0.100137488475432E+02 -0.597261475625920E+02  0.477981442875968E+02
% -0.875579117305908E+01  0.598515246832603E+01 -0.247189493501444E+01
%  0.843949990493341E+01  0.669554756558109E+01  0.407098174753624E+01
% -0.462541704812719E+02 -0.100892587796257E+02  0.800482232600704E+02
%  0.743921939395578E+01 -0.132809295107081E+01 -0.280806372202439E+01
%  0.237672642134866E+02  0.147537999552627E+02 -0.735845411014370E+01
% -0.305149842968429E+02 -0.114496698504160E+02 -0.303716655785632E+02
% -0.460921938001230E+01  0.261854060340232E+02 -0.156452333428663E+01
% -0.123174002813308E+02 -0.713756027333016E+01  0.978093694686714E+00
% -0.182880195514152E+02 -0.268734160740671E+01  0.389278473417844E+01
% -0.196108901968376E+01 -0.662200121314615E+01  0.137242209940348E+02
%  0.492837477631275E+01 -0.120604116739533E+01 -0.460331032042897E+01
%  0.123846599874040E+02  0.466124315093489E+00  0.154087263040624E+01
%  0.122303960667811E+01  0.362166745762397E+00 -0.701222821726584E+00
% -0.263325823323947E+01 -0.430526896752169E+01  0.270966871438875E+01
% -0.189308143728672E+02  0.385803943205050E+01 -0.290783576699983E+02
%  0.901435774738569E+00 -0.395878643580226E+02  0.544556281175754E+01
%  0.103730445726150E+02 -0.313014102312112E+02  0.155090599343248E+01
%  0.654327594743204E+01 -0.117288306000195E+02 -0.182714630821664E+01
% -0.542599689192547E+01 -0.510662619414777E+01  0.343251725463860E+01
% -0.900893875466251E+00 -0.555961399861101E+01 -0.584147884353145E+01
%  0.498191136875312E+02  0.334869285800455E+02  0.482048188269763E+01
% -0.501133622196380E+01 -0.796995911795865E+01 -0.228455123157571E+01
%  0.107739415455646E+02  0.535709515252445E+01  0.436029550473363E+01
%  0.348508885322173E+00  0.143955803115776E+02  0.145260216446313E+02
% -0.310763665174346E+01  0.159859125757723E+01  0.274233538944155E+01
% -0.548812363127777E+01  0.504215225475090E+02 -0.102079004348435E+02
% -0.212964250860293E+01 -0.271858316801012E+02 -0.119146158383593E+02
%  0.504125383783907E+01 -0.380691462668910E+01  0.170987081477177E+01
%  0.818452907684537E+00  0.302427002110472E+01  0.107679736337180E+02
% -0.355959530920905E+02 -0.125596042459995E+02 -0.136539965897328E+02
% -0.109552350138804E+01 -0.191219643497006E+01  0.364028617068653E+01
%  0.144570297630540E+02 -0.224464169887454E+01 -0.176052680330139E+01
%  0.145951463659984E+02 -0.864382498993947E+01 -0.521385298349182E+01
% -0.332163019166491E+01  0.148569512382963E+02  0.603791401698726E+01
%  0.203915448066557E+01  0.512256799789348E+01  0.119507771113000E+01
% -0.781177915058897E+00  0.216888942409627E+01  0.974151151839653E+00
% -0.852884261377849E+00  0.151335884547792E+02 -0.282741990818660E+02
%  0.907117677674437E+01  0.195003636076070E+02 -0.494835291869425E+01
%  0.395734746768381E+01  0.119502763439141E+02 -0.140406987708415E+02
%  0.262280396550966E+01  0.255612152895629E+01 -0.476764244630618E+01
% -0.307107056101430E+01 -0.499540596868080E+02 -0.740135990831698E+02
%  0.437737643186527E+01 -0.859744679382086E+01  0.244605196820302E+02
% -0.848614397418881E+01  0.328595028480885E+01 -0.204672357431681E+01
% -0.732755668528951E+01  0.322133545564261E+02 -0.239603040133258E+02
% -0.183703662401275E+02 -0.256902161716585E+02 -0.270704506650589E+02
%  0.709581068281676E+01  0.210296326413329E+02  0.304044603722501E+02
%  0.124424736079813E+01  0.214042821430862E+02 -0.156946412468704E+02
% -0.166116518344097E+02  0.240530742403409E+02  0.696525488017402E+01
% -0.386498566767865E+00 -0.217800004959762E+02 -0.453180008028572E+01
% -0.566871133034648E+00  0.228802454734180E+01 -0.493932676388147E+01
% -0.703395517916580E+01 -0.883427335964737E+01 -0.180307364156057E+02
% -0.929649592036920E+01 -0.199596635554041E+02  0.859100628726567E+01
%  0.739560917560496E+01 -0.260549489204553E+01  0.500610944706242E+02
%  0.274116753339226E+01  0.155399890025091E+02  0.192183083509394E+02
% -0.133947644181675E+02  0.265722135463800E+01 -0.323504197660081E+02
%  0.887087840776763E+00 -0.157379585341185E+02 -0.156893926930878E+02
%  0.151083838868366E+01 -0.890200481098256E+01 -0.140296427627492E+02
%  0.276705750122616E+01 -0.582256266249927E+01 -0.364137864269284E+01
%  0.148119742408941E+01  0.648637614660406E+00 -0.518586318541513E+00
% -0.130653430427442E+02 -0.183437524128742E+00 -0.464380625431918E+00
% -0.845442516631238E+01  0.325488808921568E+02  0.288568382379834E+02
% -0.545141305590285E+01  0.398356414770966E+01 -0.519071599396967E+02
% -0.822305061585419E+01 -0.233105537481563E+01 -0.270899849881690E+01
