% T    256  0.715122828077254E+01  0.715122828077254E+01  0.715122828077254E+01
   0.242255778114724E+01 -0.347862727102422E+01  0.259316645375671E+01
   0.302560660821625E+01  0.341238193806828E+01 -0.192109854636655E+01
  -0.303944570745650E+01 -0.314315678945579E+01  0.372988497981355E+00
   0.342377777697462E+01  0.151676353109953E+00 -0.305538181739213E+01
  -0.299305190072097E+01  0.538384727861493E+00  0.236322200318090E+01
  -0.260378366662395E+00  0.290414500445803E+00  0.493529775852785E+00
  -0.282830245067796E+01 -0.174265463269326E+00 -0.354488976163922E+01
   0.230533269836997E+01  0.166408880152246E+01  0.107516028566137E+01
  -0.166027937287357E+01 -0.332806733819503E+01 -0.210408648543279E+01
  -0.809564168789427E+00 -0.284062411378134E+01  0.809675175404851E+00
   0.883865710287537E+00  0.166991461811456E+01  0.149590788845119E+01
   0.252808488329659E+01 -0.962040736257854E+00 -0.340434199559151E+00
   0.198963392711018E+01  0.162701744982981E+01  0.212941252640509E+01
  -0.275398769455864E+01 -0.194249136233177E+01 -0.257029928010051E+01
   0.330484377056507E+01 -0.116412640028920E+01  0.253991533043606E+01
   0.187019748173521E+00 -0.147109116894854E+01 -0.249021013842176E+01
  -0.292094927141741E+01 -0.169642612246951E+01  0.748655779916511E+00
  -0.165884526228200E+01  0.129293481900107E+01 -0.464862343841495E+00
  -0.166095709567206E+01  0.132143622672288E+01  0.293441576427214E+01
   0.229211132498532E+00 -0.172005204423111E+01  0.158865724535543E+01
   0.278901751835822E+01  0.243548202786810E+01 -0.160250971809821E+01
  -0.259762084012893E+01 -0.897853520926722E+00 -0.185704558799158E+00
  -0.175554335498315E+01  0.306846199398509E+01  0.353400184355704E+01
  -0.656236101859901E+00 -0.196108539508242E+01 -0.278152217042887E+01
  -0.127181115054671E+01  0.325814155185974E+00  0.749832884145326E+00
   0.335323914885330E+01  0.184221613305247E+01  0.569074428589042E+00
   0.286169956538751E+01 -0.629220423393692E+00  0.173142485350547E+01
   0.130511525685926E+01  0.227357364517015E+01 -0.218483819742916E+01
   0.201647732945299E+01  0.166360583231722E+01  0.347151276953858E+01
   0.178454402897577E+01 -0.257948114020578E+01 -0.153549798610937E+01
  -0.840523066414205E+00  0.276617762857116E+01  0.211957099502521E+01
  -0.292882879360183E+01  0.272286999361167E+00 -0.229950892575419E+01
   0.332962529185839E+01  0.214017421681902E+01  0.178185301122112E+01
  -0.600671216165832E+00  0.290342673903955E+01 -0.239644214916709E+01
   0.193638854956402E+01 -0.240051577922231E+01  0.234197587417802E+01
   0.137630917259757E+01  0.110466529188140E+01 -0.196120839190677E+01
  -0.311608757197039E+01  0.169117146097908E+01 -0.244145080944940E+01
  -0.209030019600707E+01  0.982560073318665E+00 -0.212023964247589E+01
  -0.223493203034848E+00  0.229321202708882E+01  0.136447184683876E+01
  -0.330537335831281E+01  0.111375997527370E+01  0.115441814897320E+01
   0.294018023256974E+01  0.117207362893727E+01  0.190358462184047E+01
   0.307643144538521E+01 -0.531383917398486E-01 -0.764533585859082E+00
   0.893786317292223E+00  0.118214150886540E+01  0.263309100309494E+01
  -0.673488566161754E+00 -0.175704213037695E+01  0.114577117056855E+01
   0.348812443988421E+01  0.993778460052717E+00 -0.463015564032290E+00
  -0.144525379354296E+01 -0.401152063712902E+00 -0.135148854969165E+01
   0.312393071483709E+01  0.484709576989383E-01  0.281354129811177E+01
   0.939343204983690E+00 -0.349287544647611E+01  0.258627082827001E+01
   0.129618149081490E+00  0.317934971194597E+01  0.187599982996937E+01
  -0.646300113972476E+00 -0.671677801520699E+00  0.105201250170634E+01
   0.100216753843751E+01 -0.134539514318826E+01  0.100608977238640E+01
  -0.100093217640236E+01  0.206206584196171E+01 -0.740996830355442E+00
  -0.103024423031630E+01 -0.302676021737312E+00  0.245218237533084E+01
  -0.932515225912250E+00  0.511071603046996E+00 -0.225482858466947E+01
  -0.178738773933741E+01  0.207197538670306E+01  0.248432895262096E+00
   0.544658304103232E+00  0.215216975051069E+01  0.333586923856448E+01
  -0.321607030544401E+01  0.295318550584790E+01 -0.617277348916916E-01
  -0.124022795789537E+01  0.136000558407228E+01  0.103674752552213E+01
   0.316626926190373E+01  0.349696102431939E+00 -0.204199584577385E+01
   0.229368765183544E+01 -0.168513340528333E+01  0.405389205360007E+00
   0.236397229368543E+01 -0.116611375891945E+01  0.293471668313383E+01
  -0.859085897598087E+00 -0.254859160232935E+01 -0.195589537194724E+01
   0.738671859297611E+00 -0.196111426787730E+01 -0.334789930955462E+01
  -0.264289256003817E+01 -0.310319883611630E+01  0.257288009895518E+01
  -0.258730613503984E+01 -0.245613312473616E+01 -0.140132848912596E+01
   0.816449490654938E-01  0.194862349601035E+01 -0.849440022717908E+00
   0.795037514048646E+00  0.112082954440719E+01 -0.329072783469320E+01
   0.188545950226597E+01 -0.314516208972323E+01 -0.242805641752856E+01
  -0.162305753576024E+01  0.237701044547409E+01  0.268209521675068E+01
  -0.428136599012024E+00  0.252488935746907E+01 -0.150346974648150E+01
   0.198589699366757E+01  0.341868815400717E+01  0.236896664571790E-02
   0.193549880158012E+01 -0.766181220232779E+00  0.887857374072316E+00
   0.154147865821705E+01 -0.100850045696028E-02 -0.192326177802580E+01
  -0.134492756452267E+01 -0.712214804854029E+00 -0.372343450582247E+00
  -0.279565562093465E+01 -0.229193578517592E+01 -0.388032024711194E+00
  -0.331292740635501E+01 -0.152753026923311E+01 -0.734256780946873E+00
  -0.535213787552380E+00 -0.180591523946473E+01  0.232945272793694E+01
   0.142375929194133E+01 -0.643869177756027E+00 -0.959074098456148E+00
   0.121260603116199E+01 -0.803786819371596E+00  0.559483122697287E-01
  -0.309889427471724E+01  0.656055017512216E-01 -0.402118586270748E+00
  -0.280035849562358E+01  0.266662610623509E+01  0.309180088836002E+01
  -0.316252456620213E+01 -0.813293201872595E+00 -0.275310764021644E+01
   0.172907823612831E+01  0.353603892891630E+01  0.161586056504284E+01
  -0.237682734243264E+01  0.183685210799512E+01 -0.104263381004089E+01
  -0.574595553734433E+00 -0.332265129313586E+01 -0.293403917892155E+00
   0.215537534797597E+01 -0.277272158348023E+01 -0.563044380370393E+00
   0.100693020207625E+01 -0.156630451450934E+00  0.917916971459409E+00
   0.295882882994830E+01 -0.206198166434706E+01  0.145145214587038E+01
   0.215489989285937E+01  0.344656583666789E+01 -0.121140273775473E+01
   0.121766213873487E+00  0.136956946611958E+01  0.787880580639558E+00
  -0.261351971424605E+01  0.274334821548464E+01 -0.310387248039988E+01
  -0.176863969198497E+01 -0.167490789138820E+01  0.248361384161005E+00
  -0.333405354147809E+01 -0.542946716981487E-01  0.692433845296183E+00
   0.393437959531014E+00  0.226656733546268E+00 -0.276248246395523E+01
  -0.212391896049129E+01  0.688227453099966E+00 -0.118028944824137E+01
  -0.349256032738822E+01 -0.165636974195994E+01 -0.349687867326511E+01
  -0.211599218080263E+01  0.231942541649972E+00  0.305827210975829E+01
  -0.407400858178614E+00  0.237358963875572E+01  0.336421021307775E+01
   0.224872619679886E+01  0.300699292120136E+01 -0.296057290523487E+01
  -0.975779580021736E+00 -0.111571896913455E+01 -0.223977538475835E+01
  -0.247604030841873E+01 -0.394182395504020E+00 -0.148813585995391E+01
   0.751237271961863E-02  0.814289337033814E+00 -0.344292312397898E+00
  -0.197738969335406E+01  0.334877874872243E+01  0.230863832576883E+01
   0.123390416886880E+01 -0.322641238379328E+01 -0.885918073423670E+00
   0.216802441505890E+01  0.454819284504286E+00 -0.111014282209940E+01
  -0.819333870012128E+00  0.165618390122662E+01  0.214724801983693E+01
  -0.129684760157715E+01  0.254569745411431E+01  0.109782901884002E+01
  -0.169536063223423E+00 -0.291997926563289E+01  0.185972087034027E+01
  -0.311721416876591E+01 -0.324981755052036E+01 -0.607379317891705E+00
   0.197274240577083E+01 -0.257166715008512E+01  0.112600682919153E+01
   0.212989370527421E+01  0.211591720370249E+01 -0.692426397396060E+00
   0.261456662939632E+01  0.117982964076688E+01  0.138048433804518E-01
   0.133704801035613E+01 -0.205825325433567E+01  0.731297964702420E-01
  -0.125387482255603E+01 -0.272379619529882E+01  0.203138327596712E+01
  -0.200988912379090E+01 -0.300904383861961E+01  0.114382569963573E+01
   0.264085416718791E+01 -0.129110279258364E+01 -0.282712934295362E+01
  -0.164270764840975E+01 -0.297775509799577E+01 -0.991112362877369E+00
  -0.348639872109014E+00  0.338879524368122E+01  0.662381043110937E+00
  -0.173645703538362E+01 -0.181009217131340E+01 -0.212632815649134E+01
   0.352074072545606E+01  0.295035313558164E+01  0.242725064060810E+01
  -0.330703144317022E+00  0.103394430042474E+01 -0.290828030147270E+01
   0.468996668722233E+00  0.299206852134059E+01 -0.697439310209188E+00
  -0.112791187623967E+01 -0.150330636822235E+01  0.349587101729463E+01
  -0.257888810173748E+01 -0.152636471836331E+01  0.201438478886127E+01
   0.341578043776152E+01 -0.140922035506115E+01 -0.186135775730894E+01
   0.153238906844932E+01 -0.287364266035968E+01  0.319191965077913E+01
   0.209704523102926E+01  0.178672984675356E+01 -0.265605943536083E+01
  -0.152098898057230E+01 -0.139058166844105E+01  0.225027432161040E+01
   0.226670543415458E+01  0.243997037812166E+01  0.274432786615067E+01
  -0.200371853102796E+01 -0.591474120261870E+00  0.711120719579487E+00
   0.303353425227749E+01 -0.226053482649609E+01  0.305291095636397E+01
   0.110965743562432E+01  0.838809101172616E+00 -0.632202177599556E+00
   0.278253896451710E+01  0.136091384037385E+01 -0.160704095408400E+01
  -0.342774665272252E+01 -0.268261605508921E+01  0.126744645754111E+01
   0.240364130328090E+01  0.258139691105578E+01  0.583365800451134E+00
   0.149670493763611E+01  0.152413213765701E+01  0.131781729116701E+00
   0.446466964040344E+00 -0.133799096666006E+01 -0.444748881200277E+00
  -0.153412899618695E+01  0.279105797792605E+01 -0.259868677731112E+01
  -0.255413241351904E+01  0.150790177351950E+01  0.255713919694428E+01
   0.130177390692946E+01 -0.120030140866769E+01 -0.236445551891059E+01
   0.200398001966049E+01 -0.269430728754256E+00  0.195169145730535E+01
   0.358723920711893E-01 -0.330886617507432E+01 -0.250609932873113E+01
   0.305219807102183E+01 -0.316794506468306E+01 -0.669739269563086E+00
   0.389477520890132E-01 -0.272552751524728E+01 -0.955402268639923E+00
  -0.250854648787214E+01  0.301863421625189E+01 -0.861720233701941E+00
   0.274278472406608E+01  0.296246445371011E+01 -0.645326910168381E+00
   0.833327398321762E+00 -0.947393950111744E+00  0.292692853728300E+01
  -0.148550346342453E+01  0.198112660895268E+01 -0.183465992989132E+01
   0.346541357301063E+01 -0.246323817793504E+01 -0.250338398448217E+01
   0.149105787369625E+01 -0.170857867264636E+01 -0.107286783368042E+01
   0.731122541356196E-01 -0.100200106920430E+01  0.466660443683412E+00
   0.945590671131114E+00 -0.690395185400306E+00  0.184732126276648E+01
  -0.197199466778521E+01 -0.173710945190369E+01  0.120223821253404E+01
   0.840840100256741E-01  0.925099854726590E+00  0.189455814306140E+01
  -0.157581737241986E+01  0.763059173181749E+00  0.199980919127892E+01
  -0.172687595338122E+01 -0.247978494910408E+01 -0.299032577220242E+01
   0.760946106445380E+00  0.229461201370473E+01  0.681309401975470E-01
  -0.242618794726675E+01  0.268527228882143E+01 -0.190205698684860E+01
   0.840402331316559E-01  0.216123072593057E+01  0.225467589838129E+01
   0.129700530126184E+01  0.270093226085632E+01  0.927561778847814E+00
   0.670593335820498E+00  0.346182228679507E+01 -0.170480226395072E+01
   0.137013939380171E+01  0.277690505060029E+01  0.328662562472836E+01
   0.309817229879946E+01  0.197738470595178E+01  0.312421806062320E+01
   0.335809168842014E+01 -0.140836778081244E+01  0.185127190314712E+00
   0.341582256121800E+01 -0.315786293801568E+01  0.263197928433851E+01
   0.126212038629025E+01  0.943726664395092E-01  0.279538999757568E+01
   0.339356071506137E+01  0.102346426568788E+01  0.287008456593656E+01
   0.267517808370940E+01 -0.320505494157979E+01 -0.337558232553182E+01
  -0.263513779388689E-01 -0.143088760878369E+01  0.323068790820524E+01
   0.140231770913453E+00 -0.258598308756007E+00 -0.275191331661758E+00
   0.273616999709854E+01 -0.637098812692894E-01  0.375957292840659E+00
  -0.131905746651744E+01  0.294396893890968E+01 -0.278128456402132E+00
   0.576080448748095E+00 -0.342318273390253E+01  0.105741471435462E+01
  -0.193534316705099E+01  0.202156377297521E+01  0.179756071104550E+01
  -0.574460315489694E+00 -0.462740530427026E+00 -0.344282221453128E+01
   0.348242886173968E+01  0.275193279490707E+01  0.971637169493338E+00
   0.585825626909334E+00  0.594670571230206E+00 -0.143137678181918E+01
  -0.119747967528960E+01  0.355056726020790E+01  0.142051601874576E+01
  -0.258862782170620E+01 -0.169059595207097E+01  0.304710179976888E+01
   0.314220502510882E+01  0.303535479967089E+01  0.329513722734994E+01
   0.138771655180961E+01  0.663459097641352E+00  0.191172796072276E+01
  -0.689384033534978E+00  0.504396054559191E+00  0.152474911601878E+01
   0.353560907740008E+01 -0.462216257966484E+00 -0.159236059546535E+01
  -0.484447083592335E+00 -0.162075705576370E+01 -0.132667194093878E+01
   0.270404965773648E+01 -0.318874122367116E+00 -0.260550072544402E+01
  -0.224518607744112E+01  0.134386074301886E+01  0.124700299467255E+01
  -0.450007768031921E-01  0.163129026424483E+01 -0.180626686679830E+01
  -0.101853145909438E+01  0.193955037629924E+01 -0.280978102979001E+01
  -0.157631251776542E+01 -0.302772796531695E+00 -0.303459200205047E+01
   0.760737452039458E+00 -0.342898086281810E+01  0.258639314349840E-01
   0.316687636732913E+01 -0.347342164698099E+01  0.171980798936923E+01
  -0.337756747591487E+01  0.102688708347091E+01 -0.155171437447806E+01
  -0.119938389543090E+01  0.431457318765173E+00 -0.446650904020745E+00
   0.288594874972143E+01 -0.230336286989270E+01 -0.121866080357824E+01
   0.321019859776714E+01 -0.251375897778114E+01  0.340515644246644E+00
  -0.262011263709428E+01  0.757293396179324E+00 -0.316203993826875E+01
   0.111104102516267E+00 -0.350049620756980E+01  0.322979870772348E+01
   0.713084154612337E+00  0.314798347447273E+01 -0.316730479764736E+01
   0.187268492078956E+00 -0.229692544281904E+01  0.460407739621967E+00
  -0.243654727842631E+01 -0.638225238167513E-01  0.152954300081152E+01
  -0.771750252831466E-01 -0.439580979100462E+00  0.232419370692465E+01
  -0.278000879864492E+01  0.165771114597908E+01 -0.368874245829760E-02
   0.133478338280151E+01  0.186848753952264E-01 -0.321734413014124E+01
   0.303338896999260E+01  0.228556889791448E+01 -0.271118668502157E+01
  -0.169890945245924E+01 -0.230884381315264E+01  0.289314243153651E+01
  -0.182423969785165E+01 -0.193611471120759E+01 -0.796288539007488E+00
   0.322370114387533E+01  0.127769766468104E+01 -0.316384841762723E+01
   0.135389800492801E+01 -0.187244935155990E+01  0.290990614628206E+01
  -0.105305069715607E+01 -0.351031592908936E+01 -0.314386323741745E+01
   0.268117175458204E+00 -0.247911951460814E+01  0.288566860970773E+01
   0.109573539975672E+01  0.258696393354172E+01  0.220936430035918E+01
   0.432851276977057E+00 -0.714747610859480E+00 -0.317703744978495E+01
  -0.318987667356082E+01 -0.259388092247177E+01  0.335681740247794E+01
  -0.380898097457955E+00  0.345091683825695E+01 -0.144025594554744E+01
   0.295864147759900E+00  0.225260145921609E+01 -0.282639857303291E+01
   0.220564233961078E+01  0.597600385033602E+00  0.264589846484418E+01
  -0.422338474598179E+00 -0.218481721808777E+00 -0.158709577862346E+01
   0.224914860799413E+01  0.639308150706990E+00 -0.238177701236176E+01
  -0.208215345659207E+01 -0.138887178292295E+01 -0.318399067780195E+01
   0.180682941825335E+01  0.129784321650843E+00 -0.171304047212647E+00
   0.181305704225128E+01 -0.162333470632472E+01  0.160618050453966E+01
  -0.926851933614041E+00 -0.354396597523282E+01  0.268920856661934E+01
   0.108666324487915E+01 -0.250004188033799E+01 -0.255094603242803E+01
  -0.788168618841009E+00  0.590988663700430E+00  0.299138369572768E+01
  -0.236674436715587E+01  0.317210057105919E+01  0.521016908449306E+00
  -0.150372463291020E+01  0.780706976943308E+00 -0.329399574627847E+01
  -0.237187633793394E+01 -0.327427614862829E+01 -0.299092221863207E+01
  -0.251754929503737E+00  0.256238120600968E+01 -0.407364552463818E-01
  -0.270540409443194E+01 -0.142851874669444E+01 -0.165800581561396E+01
   0.590213315831881E+00 -0.200124688911109E+01 -0.175278647682897E+01
  -0.328154176041299E+01 -0.357252557365026E+01 -0.346416863339096E+01
  -0.974375488124064E+00  0.105562586420056E+01 -0.123905990379707E+01
  -0.307027768334760E+01  0.354331247514712E+01 -0.231919812184510E+01
  -0.825661095571016E+00 -0.189522924505841E+01  0.334869377048008E-01
   0.984987616685807E+00 -0.250410455844047E+01  0.169432139518001E+01
  -0.210122744573781E+01 -0.887529481883045E+00 -0.231425920852125E+01
  -0.332682405098125E+01  0.258774911811625E+01 -0.120641532810403E+01
   0.253331893715409E+01  0.284596027944195E+01  0.160688158020343E+01
   0.321602902997647E+01  0.197948756885953E+01 -0.686811400882055E+00
  -0.274271215409005E+01  0.319446600305429E+01  0.153061839346999E+01
   0.186866765814277E+01 -0.868904093708062E+00 -0.324208812730507E+01
   0.242930526022608E+01 -0.845334786853544E-01 -0.357224947123018E+01
  -0.352218128250118E+01 -0.208527784342538E+01  0.211726738246773E+01
  -0.225508798978212E+01  0.400946534875606E+00  0.244999291889782E+00
   0.296748098375953E+01  0.736054604627434E+00  0.892057108581328E+00
   0.432337368178533E+00 -0.866605655683084E+00 -0.172140193271080E+01
  -0.187323307372608E+01 -0.810024345820285E+00  0.310613468050063E+01
   0.184018160722650E+01  0.644469414741670E+00  0.730312296872922E+00
  -0.273381990305439E+01  0.224532672550523E+01  0.742365467350172E+00
  -0.330183583802052E+01 -0.922932172931666E+00  0.128867661012736E+01
  -0.162474212916382E+01 -0.322081756658939E+01  0.623640866419320E-01
  -0.207828284244787E+01  0.192976747817384E+01 -0.270975789012792E+01
   0.275277126245101E+00  0.376769983508659E+00  0.312735356761200E+01
   0.291938710882390E+01  0.352278181822851E+01  0.581633126589374E+00
  -0.134589613846908E+01  0.304314064689643E+01 -0.150474837033058E+01
   0.255855994637466E+01 -0.796117945869558E+00 -0.152484220808512E+01
% -0.127171114754227E+01  0.323966314336761E+00  0.139456198408455E+01
% -0.141217404583975E+01 -0.114832582138235E+01  0.109203355797732E+01
% -0.949113852919197E+00  0.915334754109487E+00  0.471166904162427E+00
% -0.437510717509848E+00 -0.162283464364403E+01  0.708721060001516E+00
%  0.119650890416059E-01  0.166012501433276E+00 -0.452488489693426E+00
% -0.567916040065453E+00  0.562063566182720E+00  0.103585348334221E+01
% -0.561747329205367E+00  0.108037681302028E+01  0.356919337986343E+00
%  0.737298647572384E+00 -0.484564195128796E-01  0.163122650073158E+01
% -0.114784872327256E+01 -0.144638902991659E+00  0.156421518869708E+01
% -0.564189290955943E+00  0.934582417025283E+00 -0.897111200434118E+00
%  0.120230719323037E+01 -0.144331434377561E+01 -0.926227930799689E+00
%  0.397815081855619E+00 -0.957678325517113E-01  0.866823660285534E+00
%  0.388963604257172E+00 -0.104529824137323E+01 -0.172306626773439E+01
% -0.463024211990543E+00  0.804636499593458E+00 -0.191823300327677E+01
% -0.767371287527556E+00 -0.129643136595238E+01  0.757343473581195E+00
%  0.465237774637536E+00 -0.228268093698425E+00 -0.424189350957753E+00
% -0.138965252583039E+01 -0.410084473635253E-01 -0.491517560543772E+00
%  0.123580363498075E+01 -0.116449494886303E+01 -0.133177500106184E+01
%  0.180392368205274E+01 -0.952323709636217E-01 -0.983750837660956E+00
%  0.151416877635460E+01  0.253726583147059E+01  0.179243534832373E+01
% -0.152172905021364E+01 -0.124826788291236E+01  0.385716418679419E+00
%  0.178653533359449E+01 -0.452554978464275E-01 -0.506009930454004E+00
%  0.261253831725430E+00 -0.441439166870516E+00  0.946160638751658E+00
%  0.652723814076497E+00  0.116177990051738E+01 -0.621653167692241E+00
% -0.399542743384255E+00  0.551705380323089E-02 -0.675222402729719E+00
%  0.650622995312240E+00  0.111541985689020E+01 -0.125401910579467E+00
%  0.106998571598511E+00  0.178136664487779E+01 -0.410803997467333E+01
%  0.466875662040375E+00  0.363080293204333E+00  0.466384401724397E+00
%  0.486969760571621E+00 -0.105210933018561E+01  0.355815353716224E+00
%  0.110577224566791E+01  0.607641412310295E+00  0.411808464640427E-01
%  0.665749850597873E+00  0.147372200935759E+01  0.671762494108868E+00
%  0.245750601986108E+00  0.115548350865524E+01  0.199004300788318E+01
% -0.194259570907684E+00  0.370088054594824E+00  0.474310982327172E-01
%  0.136493535576599E+01 -0.709337493475450E+00  0.556801762361276E+00
%  0.476970106585484E+00 -0.788890711840868E-01  0.219250586986457E+00
% -0.361362172159621E+00  0.732770261570150E+00  0.160151179788301E+01
%  0.155373311263566E+00  0.198061626507552E+01  0.147395862199730E+01
% -0.220812111935987E+01  0.108169176700648E+01 -0.107071433618658E+00
% -0.552614334054846E+00 -0.100319413682170E+01 -0.106890537473653E+01
%  0.149755881135789E+01 -0.154447356690374E+01 -0.139480345188303E+01
%  0.205960838782566E+00 -0.791616343243515E+00 -0.896184894522218E-01
%  0.117648753205975E+01 -0.129257763404774E+01 -0.127271488015067E+01
% -0.160618186326578E+01  0.135732967801795E+01  0.105618274166206E+01
%  0.761141052899311E+00  0.113407904036723E+01  0.110180736843397E+00
%  0.388389274026565E+00 -0.373744558853853E-02 -0.152981359185133E+01
% -0.113611408082967E+01  0.199271499116760E+01 -0.145775751876271E+01
% -0.293576022133486E+01  0.725117866922519E+00 -0.207140978410178E-01
%  0.459597307870420E+00  0.721408407680948E+00 -0.128961677445790E+01
% -0.419787107112719E+00  0.113997906833432E+01  0.238769091911020E+00
% -0.510628700257719E+00 -0.132802536480088E+01  0.488403781981140E+00
%  0.936299451003678E+00 -0.154044800607985E+01 -0.539930556717441E+00
%  0.752996392626869E+00 -0.293487967452312E+00  0.122145582338235E+01
%  0.207508626279871E+00 -0.392222563839297E+00  0.142508778158370E+00
% -0.112622263931225E+01  0.114285302894115E+01 -0.503970456630317E+00
%  0.448924740182175E+00  0.417612480620597E+00 -0.128666045627063E+01
%  0.129040240094204E+01 -0.419170515472369E+00  0.107817093089355E+01
%  0.585816602798543E+00  0.100870686242975E+01 -0.101597617261191E+01
% -0.795727302681641E+00 -0.143860764867533E+01  0.263644597239956E+01
%  0.500063409429327E-01  0.478896399215198E+00 -0.116962461325185E+00
% -0.476388845935849E+00 -0.202365431681883E+01 -0.414549292917125E+00
%  0.265651318011682E+00 -0.211535641412756E+01 -0.596753401837834E+00
% -0.688597035251648E+00 -0.290273797324588E-01 -0.157760027045062E+01
% -0.867779920307041E+00  0.579224506819413E+00  0.174676888965732E+01
%  0.108596186003960E+01 -0.194813746112351E+00 -0.289423710504658E-01
%  0.552629632241120E+00  0.291257369322496E+00  0.244741709654482E+01
% -0.821931827635254E+00  0.109920006743627E+01  0.198806316108091E+00
%  0.120702629268761E+01 -0.305218114335019E+00 -0.183649291852836E+00
%  0.167535376551818E+01 -0.869625651704815E+00  0.166611607922877E+01
% -0.138393632590499E+00  0.752400245687947E+00 -0.108212789398665E+01
%  0.182732695327456E+01  0.214713472437227E+00 -0.236890140739276E+01
% -0.776447508412405E+00  0.109863521851194E+01  0.108040487985728E+01
% -0.145781757305861E+01  0.141501478729768E+00 -0.614891690660085E+00
%  0.243009121044802E+00 -0.525499369790954E+00  0.662928097828790E+00
%  0.300257912100533E+00 -0.232073415914345E+00 -0.169838233303537E+01
% -0.693334629292126E+00  0.115806386278531E+00 -0.437726359118597E+00
%  0.170320031335577E+01  0.501086024341436E-01  0.706699730213524E-01
% -0.949307499017669E+00 -0.150637311952817E+01 -0.185839797516633E+01
% -0.357566939272711E+00 -0.155216472023629E+01 -0.197175528511129E+00
% -0.638485787377150E+00 -0.143404869859277E+01 -0.307585012740498E+00
% -0.118958062965813E+01 -0.141114897147987E+00  0.845734872979089E+00
%  0.139861489821718E+01 -0.419114123879259E+00 -0.914884867819644E+00
% -0.938998226584738E+00 -0.638986849794017E-02 -0.615627334032452E+00
% -0.645454858995875E+00  0.527095677749896E+00  0.183211794620300E+01
% -0.108910006212387E+01  0.590219723832958E+00 -0.131113662217418E+01
%  0.928885255983477E+00  0.497617194061976E+00 -0.813876991034846E+00
%  0.109371467366227E+01 -0.124399725472607E+01  0.858156472371304E-01
%  0.242296653631473E+00  0.394306366354029E+00 -0.119891531112079E+01
% -0.803240814255502E+00  0.171104395577378E+00  0.568004390019915E+00
%  0.197147727632426E+01 -0.144622251183968E+01  0.470196600810902E+00
%  0.125479976441707E+01  0.124666673481831E+01  0.168705537153276E+00
% -0.157292858321266E+01 -0.199902405947551E+01 -0.684613061540849E+00
% -0.239625964220851E+00  0.233880140872476E+01  0.644323013485517E+00
% -0.190675906361281E-01  0.129333624130693E+01 -0.339287117952616E+00
%  0.121907467242484E+01  0.944172200028161E+00  0.910904305183183E+00
% -0.191419150525029E+01  0.544464323851526E+00 -0.835517199880875E+00
%  0.149761020532389E+01 -0.544889558888768E-01 -0.418184958214378E+00
%  0.120620356308315E+01  0.343969395772887E+00  0.180713838236920E+00
% -0.608452987780944E+00 -0.102529670849953E+01  0.353179155958106E+00
% -0.120970144536723E+01 -0.577713950838472E+00  0.665178674529454E+00
% -0.164716580303514E+01 -0.113602877450401E+00  0.133206114900635E+01
%  0.314047972838253E+00 -0.141655116148422E+00 -0.616149811351214E+00
%  0.660578668921953E+00 -0.538355836324444E+00  0.359693288242433E+01
%  0.474798239809373E+00 -0.321788356550606E+00  0.630275212631538E+00
% -0.180056684005703E+00  0.181909231661352E+00 -0.423050232538668E+00
%  0.907774839501021E+00 -0.226009040622607E+00  0.721742768313734E-01
%  0.966421115919862E+00  0.213793112186992E+01 -0.359058927106155E+00
% -0.139388636755189E+01  0.225262974607541E+01  0.554142016401607E+00
%  0.400952465862122E+00 -0.668519438325569E+00 -0.132871482732974E+01
% -0.544060011208470E+00  0.106249524371452E+00  0.144548959331034E+01
%  0.123992717633297E+01 -0.157265833108810E+01  0.364057601374763E+00
%  0.203727502463747E+00  0.975385406976924E+00 -0.599339853932574E+00
%  0.104712779398034E+01 -0.187849701777022E+00  0.658517701548849E+00
%  0.238300273394102E+01 -0.169765174904175E+01 -0.667861132968673E+00
% -0.105365534159251E+01  0.724806185830390E+00  0.745557922897945E+00
% -0.772744968474288E+00 -0.169444050230752E+00 -0.975902919386893E+00
%  0.303713276015283E+00 -0.103175056013556E+01  0.871387884525961E+00
%  0.193759358978339E+01 -0.736211961277858E+00 -0.150544161872075E+00
%  0.242376768875364E+00 -0.130928564886543E+01  0.116147878004468E+01
% -0.610025807432694E+00 -0.145943752506910E+01  0.534997011203366E+00
% -0.399408030267627E+00  0.261649708417897E+00 -0.472474539612782E+00
%  0.447234447266108E+00  0.163498872587877E+01 -0.152816181924535E+01
%  0.566128951986033E+00 -0.855998296008419E+00 -0.640925547902370E+00
%  0.790772696658737E+00 -0.257368891323505E+00  0.588119270435612E+00
%  0.579049586495432E+00 -0.560096681476296E+00  0.183116057356694E+00
%  0.194761249079047E+01  0.195693315063574E+00 -0.156798834715129E+01
% -0.225481417248364E+00  0.111340831968089E+00  0.254567196469686E+00
%  0.751543987198869E+00 -0.169561114023934E+01  0.660132763864740E+00
%  0.109398977588109E+01 -0.226486842961694E+01  0.147059015779133E+00
% -0.776169769881844E+00 -0.166021205780224E+01  0.595539008090973E-01
% -0.171062487444620E+01  0.245828501635296E+00 -0.820646217554948E+00
%  0.977813074774345E+00 -0.593736577130133E+00  0.931427340530993E+00
%  0.279617458515970E+00  0.246925432133218E+00  0.349208731068596E+00
% -0.134217499309060E+01 -0.130414299964580E+01 -0.834313832100333E+00
%  0.100188753193601E+01 -0.132727915590553E+01  0.405129437079934E+00
% -0.684090172418269E-02  0.203473608087718E+00 -0.111626207805969E+01
%  0.421195126409856E+00  0.437669205729569E+00  0.115602175719451E+00
% -0.415243974841218E-01 -0.762807269868689E+00  0.979187569898237E+00
%  0.165482030382594E+00 -0.154775058306061E+01  0.122210280576376E+01
%  0.137369007533473E+01  0.999972949879094E+00 -0.314147659746538E+00
%  0.670788479741008E+00  0.365179524714767E+00  0.449282590899737E+00
%  0.841893839090124E+00 -0.585948626846050E+00  0.601833480518220E+00
%  0.573831451080293E+00  0.667834106840892E+00 -0.256968796063910E+00
%  0.980796597875454E+00 -0.771198898288961E+00 -0.408075330204801E+00
% -0.136331777145834E+01 -0.814882087044677E+00  0.701651716086096E+00
%  0.592945221993784E+00 -0.599503246529270E+00  0.635813600786276E+00
% -0.976377673408342E+00 -0.290034770232265E+00 -0.133739598174006E+01
% -0.110281693993383E+00 -0.264226556675625E+00 -0.153102837890021E+01
% -0.119426449469352E+01 -0.501318661831950E+00 -0.818444107634498E+00
%  0.161258124581404E+01  0.369654534245376E+00  0.104989893671399E+01
% -0.710867296335070E-01  0.216876925203273E+01 -0.160141149791292E+01
% -0.113228899807789E+01  0.171266958127126E+01 -0.942391523043864E+00
% -0.970298272258517E+00 -0.512498704661577E+00  0.348070944939978E+00
%  0.631877617288193E+00 -0.666580120608947E+00  0.164394726500880E+00
%  0.686367327272422E+00  0.653526001137965E+00 -0.516336825785722E+00
% -0.175976944263697E+01 -0.486810712331952E+00  0.192017942343655E+01
% -0.903126029362027E-01  0.228885853068673E-01 -0.102099385608042E+01
% -0.180138450630666E+01  0.124226698539084E+01 -0.177048262526647E+01
% -0.518925713617178E+00  0.651204862845416E-01 -0.281960016179864E+01
%  0.327332039677460E+00  0.107713903330872E+01  0.258516277508475E+01
% -0.269902946768420E+00 -0.712176795386599E+00  0.279083005055179E-01
% -0.336901527317785E-01 -0.752968583687181E+00  0.770420917619521E+00
% -0.586465812143027E-02 -0.441008195180170E+00  0.130856448025748E+01
%  0.257941988767654E+00  0.127324853461026E+01 -0.247554315312633E+01
% -0.782529599450641E+00 -0.132352648648502E+01  0.151305528711263E+01
% -0.609131323544844E+00 -0.151757160525639E+00  0.906703786222082E+00
% -0.414185616349108E+00 -0.116830169633192E+01  0.552439610483151E+00
% -0.796388250812651E+00 -0.712507679057946E+00  0.666552340885897E+00
% -0.881612638048870E+00 -0.357472128295354E+00 -0.885647793854474E+00
%  0.100245656724922E+01 -0.990960922174950E+00  0.955268891045269E+00
%  0.235404849315302E+00 -0.492156142189299E+00 -0.429797346409767E-02
%  0.118934754781893E+01  0.430977189096191E+00 -0.132897937835623E+01
%  0.164695827974620E+01 -0.315392540179656E+00  0.485904855777720E+00
% -0.176379558124347E+00 -0.591788253280308E+00 -0.729192718355319E+00
%  0.440986183470581E+00 -0.437230736561920E+00  0.104533228369081E+00
% -0.128053399561404E+01  0.142672938721274E+01  0.103799629597704E+01
% -0.282930504571728E+00  0.419284087188557E+00 -0.123168780418138E+01
%  0.793917740716291E+00  0.567543097545673E+00  0.499065532533524E+00
%  0.342224589234061E+00 -0.505387532552648E+00  0.579334375813024E+00
% -0.152156773035005E+01 -0.148613047501450E+01  0.914832926950329E+00
% -0.611631345009928E+00 -0.213573129852816E-01 -0.286235205748277E+00
% -0.155038115702219E+01  0.201149634211542E+01 -0.917731399121945E+00
% -0.105520128865336E+01 -0.129862522296087E+01 -0.662570407272099E+00
%  0.232138373777650E+00  0.921859373034201E+00 -0.440170563474096E-01
% -0.297606741201889E+00  0.704389200626804E+00  0.193943691526347E+01
%  0.373198112407870E+00  0.624765196551299E+00  0.166191876769964E+01
% -0.416169964737243E+00  0.562070506159835E+00  0.816607211072313E+00
%  0.992621867256688E+00  0.269864539470920E+00 -0.163790015909347E+01
%  0.185501437401186E+01  0.119865109237726E+01 -0.128122113048613E+01
% -0.651845938763589E+00 -0.310826806666622E+00  0.158090632872469E+01
% -0.384959249968173E+00  0.336502011617472E+00  0.214272515208983E+00
% -0.344676109256641E+00 -0.410623379657235E+00 -0.951997152669725E+00
% -0.188003703777751E+01  0.151910996600430E+01  0.605421871269619E+00
%  0.177710154765663E+00  0.982631778182065E+00 -0.715976280398427E+00
% -0.159825405482721E+01 -0.137362234453439E+01  0.121637117867644E+01
%  0.996753413553226E+00 -0.197748750190719E+01  0.380690931164301E+00
%  0.228186199360403E+01 -0.141978976030992E+00  0.701246387574686E+00
%  0.134184464492098E+01  0.235655010442935E+01 -0.102955380284545E+01
% -0.207827721240134E+01  0.134318154658633E+01  0.307217929986182E+00
%  0.921006972555150E-01 -0.162239091020703E+01 -0.166048719228552E+01
%  0.956181184024137E+00 -0.890186278387724E+00  0.246268503182962E+00
%  0.128825505427096E+01 -0.756428039177666E+00  0.653973824824052E+00
%  0.650836032261318E-02 -0.732875524617710E+00  0.969229167239812E+00
% -0.819732113736309E+00 -0.107250681423189E+01 -0.162307000391955E+01
% -0.811288016700147E+00  0.266707015078021E-01 -0.451136777756803E+00
%  0.976560543535693E+00  0.125127820176683E+01  0.938933447168617E+00
%  0.207189830317800E+01  0.534897013896613E+00 -0.130149245852473E+01
% -0.818799352572049E+00 -0.435550293488407E+00 -0.727004762092674E+00
% -0.626179700655734E+00  0.167770795991897E+01  0.938918153997084E+00
% -0.269033131536313E+00 -0.130455224264545E+01  0.374425316577814E+00
%  0.529547643741666E-01  0.112211765310735E+01  0.801209836818057E+00
%  0.148143013979619E+00 -0.608210574571672E+00  0.925267568736959E+00
%  0.220504358899981E+00  0.886455595153006E+00  0.372805905559410E-01
% -0.241876070909373E+01 -0.596302403364937E+00 -0.107863155464920E+01
%  0.563349629926038E-01 -0.307562750260480E+00  0.121541050398104E+01
%  0.116506626516926E+01  0.141337300166796E+01 -0.345928539932283E+01
% -0.349576248818835E+00  0.565532584639668E+00  0.209168078034647E+00
%  0.164394265759525E+01  0.120323442381536E+01  0.893413103172709E+00
%  0.635513513832023E+00 -0.129143083839564E+01  0.612729363964519E+00
%  0.142651813710241E+01  0.145520929841103E+01 -0.186312796374143E+01
% -0.170071401732558E+01  0.262858694046877E+00 -0.712885953171621E+00
% -0.867895089083826E+00  0.165219622724951E+00 -0.125100662092904E+01
% -0.989077297815083E+00 -0.614712014857292E+00  0.116694280414994E+01
%  0.157720214907765E+01  0.154181014143528E+01  0.128682767840020E+01
% -0.215794560281460E+01 -0.237466060738238E+01 -0.740559574145236E+00
% -0.807325382163959E+00  0.155537473929179E+01 -0.130404151095458E-01
% -0.846244097306500E+00  0.445341238973000E+00 -0.303917511500690E+00
%  0.315830273084957E-01 -0.151564741536987E+01 -0.138490243201311E+01
%  0.149619041655978E+01  0.353983567557142E+00  0.468791721669213E+00
%  0.200366189015781E+01 -0.388530460093026E+00 -0.619542343285479E-01
%  0.133248688358683E+01  0.119592793068592E+00  0.278389293829180E+00
% -0.653718286463289E+00  0.610894060490556E-01  0.688118079191348E+00
% -0.179899047877969E+01  0.801926054148870E+00  0.104927904818833E-01
% -0.214674823025100E+01 -0.643054388755177E+00  0.176144724340684E+01
% -0.190811223172096E+00  0.155595152557217E+01  0.224682075360884E-01
%  0.300705879303147E+01 -0.501641924464657E+00 -0.578306799123960E+00
%  0.550069816561609E+00 -0.232062467819835E+01  0.330290711084821E+00
% -0.132931339761572E+01 -0.193438225274511E+01 -0.607057094516276E+00
% -0.457863003766620E+00  0.146245152806167E+01  0.695551928905378E+00
%  0.122285587470282E+00 -0.146562432278062E+00 -0.434537747402391E+00
% -0.146188961470403E+01  0.269962121496093E+00  0.292954396700136E+00
% -0.978204674552399E+00 -0.208304627598993E+00  0.170223403614285E+00
%  0.136698827329811E+01  0.149598041565467E+01 -0.765600693033764E+00
% -0.576846710325182E+00  0.331823378425110E+00 -0.325598206355882E+00
%  0.111385495350079E+00 -0.343926612864308E+01  0.254348052451099E+00
%  0.404614326135605E+00 -0.170329118236486E+01 -0.784936475621387E-01
% -0.180369896287027E+01 -0.584198855880024E+00  0.768967887526416E+00
% -0.583059158134726E+00  0.232786656184097E+01 -0.232198812458510E+00
% -0.151763489001806E+01  0.932360647832230E+00  0.122564170993282E+01
%  0.267251763183423E+00 -0.713589931538741E+00 -0.165752818707819E+01
% -0.145651939095728E+01  0.257214432967761E+01  0.548576443865570E+00
% -0.737295089747476E+00 -0.249397667358960E+00 -0.160439267967946E+01
%  0.507442186088561E+00  0.608594235384496E+00 -0.402575568927785E+00
%  0.460320449308772E+00  0.150562305425815E+01  0.733810792899934E+00
%  0.138997621542862E+01  0.102170200284670E+01  0.601070163767279E+00
% -0.161785810034159E+01  0.246735345913526E+01 -0.932048546638939E+00
% -0.173844113962209E+01  0.611835064963246E+00  0.106619345593262E+01
% -0.989244854097705E+01 -0.485519982396625E+01  0.101541953867264E-01
%  0.118424650107811E+01  0.670811797294453E+01 -0.175450929848688E+01
%  0.326346309063486E+01  0.180529894453843E+01  0.262720204346389E+02
%  0.275406382785541E+02  0.211717239085470E+02 -0.250234762488646E+02
%  0.716193869967548E+01 -0.924379975957640E+01 -0.693768814411450E+01
% -0.282220242818269E+00 -0.153623118746800E+01  0.223201041144732E+02
% -0.173703544789439E+02 -0.252196909059542E+02  0.714873860116476E+01
%  0.151697933575317E+01 -0.868512195775687E+01  0.104482187838084E+01
% -0.401758516603090E+01  0.868053670898646E+01 -0.954188808935348E+01
% -0.158487638680597E+01  0.173292859500923E+02 -0.352112707529632E+01
%  0.347528701363566E+01  0.258358710031064E+01  0.608450811434758E+01
% -0.550414725861026E+01  0.915638287713283E+01 -0.746023173649807E+01
% -0.912870472859520E+01 -0.396282261575338E+01 -0.260770535187436E+00
%  0.162101934430014E+00 -0.315305974056443E+01 -0.615129259962349E+01
%  0.175470183785658E+02  0.543213609308941E+00  0.177189977485794E+01
% -0.558964729292827E+01  0.432722813185216E+01 -0.252604121721090E+02
%  0.316375464857203E+01 -0.163160337045353E+02 -0.125031996731023E+02
% -0.212857372881576E+02  0.258994114696303E+02  0.139665570707687E+02
%  0.273256084383270E+02 -0.624209840571381E+01  0.970525629885925E+01
%  0.135076307548880E+02 -0.553184677722733E+00  0.105909030458332E+02
% -0.461471596032486E+01 -0.291302961277511E+01 -0.146037159285628E+01
%  0.287815835075180E+01 -0.292070177383991E+01  0.185811344241306E+01
% -0.642270784493484E+01 -0.329521894772043E+01 -0.159435049428095E+02
% -0.101907978983575E+02 -0.838738937956986E+01 -0.169377791946263E+02
% -0.287344363404020E+02 -0.116528779775109E+02 -0.231870209420850E+02
% -0.801918004685452E+01 -0.154909308616665E+02 -0.144594149136390E+02
%  0.430977789301148E+02 -0.175375920100550E+02 -0.174670294435274E+02
% -0.947509272236054E+01  0.495819277623646E+01  0.300922517909556E+01
% -0.107274034272983E+01 -0.329069499112587E+01 -0.128936142205207E+02
%  0.269935175698892E+01 -0.468430354519738E+01 -0.108403647110590E+02
%  0.150736025544581E+01 -0.852046596145588E+01 -0.110723180071536E+02
% -0.972038958173018E+00 -0.944535550540228E+01  0.103457633938111E+02
%  0.133684957713815E+01 -0.115665265400156E+02  0.409409558008103E+01
%  0.408158485861304E+02  0.168578805157686E+02 -0.185635754423195E+02
%  0.315248847197844E+02 -0.247724064071831E+02 -0.303674373887661E+02
%  0.453491823822677E+00  0.575090455601065E+01 -0.438562478807409E+00
% -0.109374576701620E+01 -0.122518627376975E+01  0.999350907875742E+00
%  0.302650350924476E+01  0.111302796488626E+02 -0.305417454804915E+02
% -0.177296615308723E+02  0.254961357743054E+01 -0.600064636150989E+02
%  0.257431334221891E+02  0.601523492394659E+01  0.115505759614410E+02
% -0.145081734969174E+01 -0.916998587892015E+01 -0.180266989894253E+01
% -0.142585582987278E+02  0.425486096392331E+01  0.816271331957799E+01
% -0.663746721663886E+01  0.130579013544151E+02  0.131569195659419E+02
% -0.201365608122927E+02 -0.540909053150893E+01 -0.857505988027848E+01
%  0.167568600238828E+02 -0.930382524797726E+01 -0.512606984910764E+01
%  0.302583503261671E+01  0.430641615200913E+01 -0.121488370845021E+02
%  0.604040885342793E+01 -0.210276433337098E+02 -0.915299466607232E+01
%  0.231511414927685E+01 -0.470430955949830E+01 -0.135201922745479E+02
%  0.394150354812880E+01  0.402377802386749E+01  0.372133794928277E+01
% -0.245518907458903E+02  0.173587855524125E+02  0.195680647180886E+02
%  0.508420512531642E+00 -0.383107749402557E+00 -0.176216651576838E+02
% -0.378293083097645E+00 -0.276722991558527E+01 -0.343472329593521E+01
% -0.437450831848036E+02  0.177248743999770E+01  0.351255289685085E+01
% -0.118354318099162E+02 -0.575137668023715E+01  0.685891590789388E+01
%  0.230678411629389E+01  0.275142131869415E+01  0.133211742397585E+01
%  0.312922255192550E+02 -0.174669521253831E+02 -0.177198042274992E+02
% -0.143065538774657E+02 -0.703736648711508E+01  0.876049253908208E+00
%  0.147371642332503E+02  0.871078655571381E+01  0.904635867410095E+00
%  0.613549906754522E+01  0.285452540150788E+02  0.144811993360887E+02
%  0.210348766720637E+01 -0.690872427721330E+01  0.824263077528768E+01
% -0.160114058020855E+02  0.335592695973595E+00  0.544009563909491E+01
% -0.185227576680723E+01 -0.765106811736015E+01  0.113528343896244E+02
% -0.519032403777832E+01  0.970865411764995E+01 -0.866362684371775E+01
% -0.123018306557821E+02  0.152972491231493E+02  0.362183919857701E+01
%  0.126993345646976E+01 -0.761191771021583E+01 -0.104264322874973E+02
%  0.164093754175138E+02 -0.121134901220795E+02  0.272074270768409E+02
%  0.406519298526760E+00  0.150059127234686E+01 -0.227206470912306E+01
%  0.123522162029260E+02 -0.145056244850470E+02 -0.407859900649291E+01
%  0.131354693090347E-01  0.365671847436888E+01  0.244335853253670E+02
% -0.562258762650474E+01 -0.705550441099412E+02  0.107115070360860E+02
% -0.610140280400264E+01  0.264263236524826E+01 -0.303218086917536E+01
%  0.475711598818513E+01  0.541302017278032E+01  0.207096573233759E+01
% -0.585033136440059E+01 -0.838897803619773E+01  0.146866586608277E+01
% -0.114575289142647E+01 -0.586536140934675E+01  0.157600283758918E+02
%  0.172277819419560E+02 -0.104484192595173E+02  0.271802113325163E+02
% -0.153757910323659E+02  0.219517256019954E+02 -0.230542949987152E+02
% -0.136187376048455E+01 -0.556502063562006E+01  0.234130383455959E+01
%  0.241330862222742E+01  0.821913775630135E+01 -0.890197183847062E+01
%  0.203275919578491E+01 -0.117646132714459E+01  0.793168638267339E+01
%  0.944773851732787E+01 -0.957958494105153E+00 -0.882763150188149E+00
% -0.425674499197464E+01 -0.132635261040360E+01 -0.364417120465413E+02
% -0.184588288252651E+01 -0.457936026469728E+01  0.887371377855196E+01
% -0.723190031467367E+01  0.608194150381180E+01  0.218786538480997E+01
% -0.286658086420199E+01  0.474521199913995E+01 -0.627266926445926E+01
% -0.134519365151692E+01 -0.235959411178714E+01 -0.238254524980606E+01
% -0.252118642691141E+02  0.140328304370253E+02  0.155623391237808E+02
% -0.105183628436969E+01  0.387153965763699E+01 -0.329635750145449E+01
% -0.662243102272062E+02  0.175507553007093E+02 -0.432388925190278E+02
% -0.342290536454791E+02  0.305289815731698E+02 -0.360419677007299E+02
% -0.481808771123477E+01 -0.229478893498770E+01 -0.280118840594234E+01
% -0.338883295729097E+01  0.827974730190222E+01  0.421796981297121E+02
% -0.220405679305082E+02  0.120385727684676E+02 -0.255107444499259E+02
%  0.251860566257501E+01  0.849731286313481E+01 -0.411743931129709E+01
% -0.542788684049801E+01  0.984335877041960E+01  0.975850783292884E+01
% -0.487591311869694E+01 -0.163937938044550E+02  0.244377957087099E+02
% -0.186928728443593E+01  0.183017847691450E+02  0.127085021450728E+02
%  0.249486143117686E+02  0.213945899965868E+02 -0.180297933840953E+02
% -0.368992523960206E+02  0.100394131593278E+02  0.362933247241785E+00
% -0.278135557398751E+01 -0.140895582515587E+01 -0.109029493450960E+01
%  0.693320435152610E+01  0.168627993945461E+02  0.208842825409482E+01
% -0.166433472515957E+02  0.123754815716105E+02  0.110776805929496E+02
%  0.158774312241201E+01  0.140929500640992E+02 -0.151872193551984E+02
%  0.203637972592513E+02 -0.156384084919851E+02 -0.639558715018431E+01
% -0.538318256731927E+01 -0.109447667736651E+01 -0.207307680123966E+01
%  0.124684716788473E+01  0.424807472179845E+01 -0.960397143141582E+01
% -0.132747230603022E+02 -0.876461813994753E+01 -0.341526515925233E+01
%  0.252178504852993E+01 -0.349374393787312E+01 -0.268267251268652E+01
%  0.545999186619027E+00  0.390325717029582E+01 -0.159237626455280E+01
%  0.238921801018613E+02 -0.135756479331916E+02 -0.312622122753723E+02
%  0.164946140441850E+01 -0.364797504916001E+01 -0.214227359514569E+01
% -0.636432050846057E+01 -0.852520703059812E+01  0.155836384273430E+01
% -0.228870249195698E+02  0.745663616682829E+01  0.689513961780297E+00
% -0.554651471429480E+01  0.787844914146456E+00 -0.137122086187656E+01
%  0.889359146841197E+00  0.460630931529740E+01 -0.762483170443984E+01
% -0.877202742674261E+01  0.506122215741050E+01 -0.329077270829524E+01
%  0.335751246443567E+02 -0.398331654997605E+02  0.120733120551589E+02
%  0.206144543119888E+01 -0.662642469394973E+01 -0.658888804809788E+01
% -0.936254009662688E+00 -0.130823443044891E+02  0.441728945810165E+01
% -0.178889843822485E+00 -0.260140521041828E+02  0.824804062677181E+01
%  0.229229637897595E+02 -0.682556914109956E+01 -0.488882615927290E+02
%  0.649434885884825E+01  0.101070892678645E+02 -0.104215036881449E+02
% -0.195529565148612E+01  0.504315695448863E+01 -0.126790315677260E+02
%  0.460246717220828E+01 -0.177889453092237E+00 -0.436206688548479E+01
% -0.987073405358150E+01  0.493766404926953E+01 -0.223076918619521E+01
% -0.916121812376317E+01 -0.290437448570051E+02 -0.123432466617367E+02
%  0.314606872218094E+01 -0.702049168314111E+01  0.141936894982348E+02
%  0.538179549413269E+01 -0.820319405089158E+01  0.988336713115827E+01
% -0.256798681715260E+00  0.223127478422216E-01 -0.148069763331266E+01
% -0.577290998049448E+01  0.182552536706833E+02 -0.694454705258859E+01
%  0.387194136539523E+01 -0.629495139274322E+01 -0.502094364936240E+01
% -0.213807322617445E+02  0.569193331868463E+01 -0.672411433346728E+01
%  0.160398193331355E+02  0.665492691622113E+01  0.216218604384468E+02
% -0.101050905359121E+02 -0.316064887541442E+01 -0.332375400638708E+00
%  0.243979935290735E+02 -0.156238049145877E+02 -0.751642914555358E+01
%  0.588779589062175E+00 -0.890651107747566E+00 -0.115691817034616E+02
%  0.832071040896692E+01 -0.127850552389432E+01  0.348995530889075E+01
%  0.107169708405996E+01 -0.959736025625245E+01 -0.150276180520211E+02
% -0.493793431310353E+02  0.222279334556646E+02 -0.673683048723069E+00
% -0.261582712509317E+02  0.893844384874805E+01 -0.108024555904786E+02
% -0.350950444442258E+01 -0.114173239223070E+01  0.209641332684734E+01
% -0.493173292879708E+02  0.179826194431543E+02  0.122286968635390E+02
% -0.397193059155399E+01  0.134705090158753E+01 -0.179502887655400E+01
%  0.928330775285038E+00 -0.163964460225418E+02  0.353355286156931E+01
%  0.395087449251921E+01  0.173296928694483E+01 -0.436492968603016E+01
%  0.345349089261748E+02  0.120010260187592E+02  0.103456588238593E+02
%  0.457928180967630E+02 -0.252066914231478E+02  0.398308041042797E+02
%  0.676359423991550E+01  0.127106505356876E+02 -0.109634006880667E+01
%  0.370820680445526E+01 -0.178311859184613E+01  0.139893914643181E+02
% -0.365487895254518E+01 -0.231308446509619E+01 -0.119246323016691E+01
% -0.491758935833616E+01  0.686600515319240E+01  0.791123230093478E+01
%  0.201587625642229E+02 -0.152569044640253E+02 -0.188857168463107E+01
%  0.106132602688047E+01  0.552849506062473E+00  0.810225309375588E+01
%  0.959724678415724E+01 -0.538727259253215E+01  0.307231018423723E+02
%  0.438362573219839E+02  0.264494431162148E+02  0.216074868195917E+02
% -0.103203245912878E+02  0.254045750382156E+01  0.315473822996720E+01
%  0.115139340404224E+02  0.122643297880407E+02 -0.168793213867621E+01
%  0.213901012317692E+01 -0.227511458375085E+01  0.188466101811877E+01
%  0.305616625021722E+01 -0.253515578504063E+01 -0.438440981122256E+01
%  0.289043332702130E+02 -0.103149707150336E+02  0.588297168413722E+02
%  0.240942311256580E+01  0.141573536192317E+01  0.457977311209382E+01
%  0.358583588150213E+01 -0.155156699248985E+01 -0.127573294605234E+01
%  0.184189210022663E+02  0.350835916704359E+01 -0.902173191950824E+01
%  0.766673884433354E+01  0.283201531204052E+01  0.567752996235581E+01
% -0.209537975495495E+01  0.271763819982629E+01  0.102868494344364E+02
%  0.123771861610608E+02  0.774091229955880E+01  0.206655988229444E+02
% -0.247842102330084E+00 -0.839238229953503E+01  0.456671775870841E+01
%  0.128007292145760E+01  0.107040235500798E+02  0.828450747830761E+01
%  0.279982253335110E+01  0.232620616965110E+01 -0.391666415070926E+01
% -0.125630307123673E+02 -0.224393975727559E+01  0.494446166431091E+01
%  0.889626168251240E+01 -0.608511625216986E+01 -0.175412150575773E+02
% -0.802357443329987E+01 -0.292676015738252E+02 -0.193220731737544E+02
% -0.201168127405745E+01  0.702795268243040E+01  0.184700083098120E+01
%  0.663482617201677E+01  0.556103549049814E+01  0.112057449333151E+02
%  0.247753260796974E+02  0.550937965907840E+02  0.332816719575765E+02
% -0.219442984057579E+01  0.703465473701559E+00 -0.524493135509580E+01
%  0.976734903693492E+01  0.234418296885234E+02  0.455445320350788E+01
% -0.218662260403951E+02 -0.115173663071487E+02 -0.238195430520458E+02
%  0.683186173576333E+01 -0.997673563614616E+01  0.854260769038541E+01
% -0.104073682482118E+01 -0.119050683280248E+01  0.524282842757099E+01
% -0.464632494935840E+02 -0.588559502456554E+01  0.415514449818334E+02
%  0.638274899627628E+01 -0.363568936113866E+01 -0.234487318335258E+02
% -0.153202605821972E+02 -0.222904785607431E+02  0.105353279312789E+01
%  0.333191848653543E+02  0.595942335913583E+01  0.458615132116553E+01
%  0.258362982460666E+01 -0.131519345303733E+00 -0.248044851399434E+01
% -0.381075192707192E+02 -0.240961558480820E+02  0.222445658671030E+02
% -0.397913687238352E+02 -0.652511787757282E+02 -0.507591221192731E+02
%  0.149429443335269E+01 -0.221266255866800E+02 -0.244996993853224E+02
%  0.187063165141683E+02 -0.152331740106565E+02 -0.808719869211058E+01
% -0.175482170803726E+01  0.113471710883559E+01 -0.413404138709264E+01
% -0.301739284304564E+01  0.171420959159261E+01  0.343410459853276E+01
% -0.563903386733614E+01 -0.356032795104412E+01 -0.257913792873148E+02
%  0.191297528345237E+02  0.463435179911229E+01  0.709310660840172E+01
%  0.148796963784099E+02 -0.424663514428645E+02  0.118184073468614E+02
%  0.138009745177348E+01  0.128550750083766E+02 -0.857091245375544E+01
% -0.521223722522341E+01  0.155473962342293E+01 -0.554839522891147E+01
%  0.497587482451797E+01  0.193238077631887E+02 -0.335138625458401E+01
% -0.110156274677765E+02 -0.404458155767798E+01  0.332763776454072E+01
% -0.434187268081081E+01  0.112967851036113E+02  0.911998966468647E+01
% -0.243291961332893E+00  0.153997001012779E+01  0.235487761999269E+01
% -0.321155269374754E+01  0.525788424995218E+01  0.292064609586788E+01
%  0.418293265514564E+02 -0.559207974656399E+01 -0.338466037472477E+01
% -0.671165317950575E+01 -0.378187459472845E+02 -0.457455158684895E+02
% -0.114303138781230E+01  0.970787841939781E+01 -0.149486611787588E+01
%  0.919998624114496E+01  0.230171584179080E+01 -0.697771784476338E-01
% -0.213678642746576E+01  0.205864267548076E+01  0.770475584685115E+01
%  0.154163620210452E+01  0.764476273080373E+01 -0.401353571915714E+01
% -0.134436210598069E+01 -0.325083667590956E+01  0.223515594557104E+01
% -0.224859774639280E+02  0.256006484450854E+02  0.177579834419938E+02
%  0.106057588179704E+02  0.109360475008185E+02  0.892124796995675E+01
%  0.366160155665506E+01  0.352846984412197E+01 -0.484939947572199E+01
%  0.345078825162865E+01 -0.649175128656269E-01 -0.202389415026980E+01
%  0.109330735014741E+02 -0.865980463125468E+01 -0.973969009966210E+01
%  0.184346290069524E+02 -0.134479229178624E+01  0.453833012100805E+01
%  0.862039252574841E+01  0.899034968084491E+02  0.948537823026962E+01
% -0.109256905103827E+02 -0.899138479888290E+01  0.194887715332026E+02
%  0.354365635540296E+01  0.708790802159358E+01  0.974908100836285E+00
%  0.369321243031100E+01  0.256920514267530E+01  0.406742716555797E+00
% -0.584379470848398E+01  0.109762684027336E+02 -0.102653219406119E+02
% -0.693190885977413E+00 -0.997057295956366E+01 -0.101006719971416E+02
% -0.152544972901261E+01 -0.106228833699698E+02 -0.254737708438129E+01
%  0.616861018730342E+01  0.591668502551533E+01  0.520735668029555E+01
% -0.342597729064736E+00  0.109389207490111E+02  0.981255085065490E+01
% -0.288175943313904E+01 -0.237774999644730E+01  0.791530554126260E+01
% -0.265313539828141E+01  0.430893943761064E+01  0.293096601096569E+00
%  0.196684848918858E+02  0.125033797716842E+02 -0.379272726468935E+01
%  0.258265374530397E+01  0.215103097656541E-01  0.690582422771529E+01
%  0.689226719141799E+01 -0.746620411787773E+01 -0.898971981591550E+01
% -0.157400201657072E+02  0.232365412787643E+01  0.514742490200637E+01
%  0.209971066932303E+01  0.143234310707824E+01  0.127532144180845E+02
%  0.822111874654589E+01 -0.110957824302155E+02  0.270771410888204E+02
%  0.146016706638086E+02  0.413782406920525E+01  0.983096972781085E+01
%  0.732560458956091E+01  0.689544308927306E+01 -0.174712349903581E+02
% -0.879182769401020E+01 -0.560860033921736E+01  0.864507825376876E+01
%  0.281370455119792E+02 -0.680841883473164E+01 -0.654033899544866E+01
%  0.158581637194344E+01 -0.279409759221254E+01  0.180653572093418E+01
% -0.126984545424438E+01  0.256442099397805E+02  0.319087116182087E+01
% -0.123371289313506E+02  0.932061510997961E+00 -0.205951834621991E+02
% -0.179892867065287E+01 -0.847526178551284E+01  0.617939795979954E+01
% -0.101383186831221E+02 -0.986178725481127E+01  0.134753625489644E+02
% -0.557037552158670E+01  0.292782295628952E+00  0.219898895606878E+01
% -0.353198958331232E+02 -0.421848691783849E+01 -0.141228207219480E+02
% -0.235293985687046E+01  0.145638927055366E+02 -0.106261507169418E+02
%  0.468866493596125E+02 -0.433792347767615E+01  0.538525576026929E+02
% -0.633478504454377E+00  0.279291393787348E+01 -0.771509213835498E+00
% -0.132237592347981E+02  0.147691015273237E+02  0.161547070887164E+02
%  0.924883682931398E+01  0.968706598873471E+01  0.173255911525937E+02
%  0.216499026460113E+00  0.340130978217911E+01 -0.316549673418891E+01
%  0.244938695823425E+01  0.383573651209730E+01  0.118679479557730E+02
% -0.442831660704247E+01  0.208804236874839E+02  0.531822659654982E+02
% -0.433727432518772E+01  0.416060220613267E+01  0.140911418446953E+02
% -0.283369270815482E+01  0.279959517174088E+01  0.817079575194893E+01
% -0.115040828341187E+02 -0.191865929730565E+02 -0.516186402305388E+01
% -0.135971829276892E+01 -0.271337252916017E+01  0.426758970643839E+01
%  0.435029491727515E-01  0.159230927329307E+02 -0.475871291726658E+01
% -0.130822516647721E+02 -0.986030607181977E+01  0.950450044872921E+01
% -0.151326066611913E+02  0.971483326271172E+00  0.161835767247527E+01
