% T    256  0.715122828077254E+01  0.715122828077254E+01  0.715122828077254E+01
   0.183485274249681E+01  0.971692923775748E+00  0.355981655013060E+01
   0.260190694319617E+01  0.277469496937812E+01 -0.189922683723904E+01
   0.599769286323380E+00  0.237917264793356E+01  0.184189738008210E+01
  -0.701979964559893E+00 -0.265720899548975E+01  0.207828989833463E+01
   0.294380801151581E+00  0.326409026613779E+01  0.223597195416515E+01
  -0.177986229252698E+01 -0.205540360251420E+01 -0.577779041950862E+00
   0.151466600608760E+01  0.174590378072846E+01  0.152587874969289E+01
  -0.317874073797473E+00 -0.121267089454824E+01 -0.352739157095084E+00
   0.124990218077021E+00  0.720123494996724E+00 -0.288508102613010E+01
  -0.231958532472062E+01 -0.923044407078221E+00  0.148111734560542E+01
   0.553191148895200E+00 -0.294188932486023E+01 -0.231591747173137E+01
  -0.861326072781148E+00 -0.133656431775403E+01  0.287950393726803E+01
   0.279191922573094E+01  0.118814531519792E+01  0.169339619935459E+00
  -0.322439822468878E+01 -0.826899699826641E+00  0.843427438939317E+00
  -0.948898045985514E+00 -0.695253680978736E+00 -0.183294482120993E+01
  -0.124725096557380E+01  0.855799410915875E+00  0.278962979159191E+01
  -0.286348140855346E+00 -0.310397072131258E+01 -0.339351305355322E+01
   0.243033016828982E+01 -0.584234102843283E+00 -0.504117097530345E+00
   0.324766142345715E+01 -0.170820268789245E+01  0.240180300886852E+01
   0.240830585229961E+01 -0.194965691375139E+01  0.189413334377866E+00
  -0.167116363656980E+01 -0.194424077425846E+01  0.154280593084408E+01
   0.344317129885150E+01 -0.200684431655729E+01 -0.208784513310313E+01
  -0.307625717845428E+00 -0.143360034732225E+01 -0.138184047796165E+01
  -0.200898997022218E+00  0.197801825865074E+01 -0.295096456759187E+01
   0.267431435574644E+01 -0.405801398366360E+00 -0.310990280686346E+01
   0.137029870750359E+01 -0.973837903793037E+00 -0.134584150927675E+01
  -0.301447906579666E-01 -0.706452844811104E+00  0.301913425568459E+01
   0.269218338273179E+01 -0.135065117116861E+01  0.134333999006317E+01
  -0.283760191064802E+01  0.313325055839244E+01  0.321532471033780E+01
   0.285735126885941E+01 -0.344460520856049E+01 -0.279953286828498E+01
  -0.137819242370568E+01  0.221810682463018E+01 -0.260688751914940E+01
  -0.599888842908270E+00 -0.290536137403604E+01 -0.244166117670090E+01
  -0.217817650114697E+01  0.304105236495614E+01 -0.299547020214995E+01
  -0.564993723452839E+00 -0.237585240013461E+01 -0.142152076003299E+01
   0.990199500872360E+00 -0.672724685068553E+00  0.958578751082163E+00
   0.345485086463574E+01  0.330141563964294E+01  0.256016835816332E+01
  -0.218616522349392E+01  0.279059622967147E+01 -0.598091855874605E+00
   0.857395443674958E+00 -0.216511209386378E+01 -0.311125927090454E+01
  -0.339057123608690E+01  0.303288186466143E+00  0.335822364444226E+00
   0.195342034646791E+01  0.235508743726461E+01 -0.336983805045587E+00
   0.384016084288568E+00 -0.286798790192679E+01  0.519713164826484E+00
   0.156709490807723E+01  0.858295367089587E+00  0.547009207320361E+00
   0.141201381850876E+01 -0.197512377843209E+01 -0.100708659216808E+01
  -0.184140627320648E+01  0.893699086611557E+00  0.892823377282915E+00
  -0.271598058314356E+01 -0.787049356806031E+00  0.348846177759212E+01
   0.120242479413557E+01 -0.966877167551841E+00 -0.257493754126541E+01
   0.337341260886147E+01 -0.181353122387835E+01 -0.105592684640057E+01
   0.148027955938894E+01  0.257461322616029E+01  0.757372146141617E+00
   0.277422962269074E+01 -0.324560443558748E+01 -0.140114162478305E+01
  -0.264870326530650E+00  0.263152881349130E+01 -0.634006387750898E+00
   0.340395236951384E+00 -0.675080780430174E+00 -0.198128869462989E+01
   0.854316264972167E+00  0.324912019810546E+01  0.121122413520093E+01
   0.356863003275981E+01  0.241130460593565E+01  0.165991384837464E+01
  -0.223418313794190E+01  0.128086709624594E+01 -0.150526551233876E+01
   0.195419215045443E+01  0.324575906855932E+01  0.461952846244807E-01
  -0.531792937886892E+00  0.186100526102738E+00 -0.357639313093063E+01
  -0.326378726243186E+01  0.638219714858437E+00 -0.115184085033328E+01
  -0.130611199019694E+01 -0.270401048208959E+01 -0.992321027374698E+00
   0.303705311870709E+01  0.209150953806192E+01  0.669516247487019E+00
   0.106971297223974E+01 -0.216092332444764E+01  0.203161357943870E+01
   0.420330084724520E+00  0.239405250663260E+01  0.333450506389625E+00
  -0.159175609278057E+01 -0.986068033246284E+00  0.206687745540808E+01
  -0.101269413269477E+01 -0.194461068849645E+00  0.188176024480941E+01
   0.177763723669300E+01  0.183734404441868E+01 -0.127225942381131E+01
   0.175454179902754E+01 -0.356662326633683E+01 -0.236539373545907E+01
  -0.212734499300867E+00  0.323301209822826E+01  0.207774992777893E+00
  -0.297071506085314E+01 -0.146090345563242E+01 -0.279629918121272E+01
   0.330517514766490E+01  0.111700346552454E+00  0.323147365485262E+01
  -0.971178242881118E+00 -0.959965202181746E+00 -0.272855633061109E+01
   0.310068735471127E+01  0.800901192360318E-01  0.135927694839954E+01
   0.159556322027238E+01 -0.174364652936025E+01 -0.199477122342477E+01
  -0.273091980838751E+01  0.238369001185237E+01  0.221421563364590E+01
  -0.351601751331203E+01 -0.490054016949226E+00 -0.290412805925579E+01
  -0.279576997971345E+01  0.111954872397182E+01  0.250451907944063E+00
  -0.304319979778092E+01  0.114502009339336E+01 -0.290063095362980E+01
   0.181869993482885E+01  0.324942512588001E+01  0.222151507013897E+01
  -0.289439464364587E+01  0.133786560654233E+00  0.296083207173356E+01
   0.190069537063066E+01  0.519813230083905E+00  0.257298155880782E+01
  -0.147283046782043E+00  0.118999175983611E+01  0.281262103730782E+00
   0.886048978005069E+00  0.249526412699878E+01 -0.110468490505267E+01
  -0.194864366688784E+01  0.107965224117240E+01 -0.251049223193961E+01
   0.413818825898876E+00  0.304651462734147E+01 -0.179384474237700E+01
  -0.263449238151248E+01  0.493939953970531E+00 -0.231984764246860E+01
   0.196820144923727E+01 -0.367788697079884E+00  0.149693724929020E+01
   0.208013751205460E+01  0.250104692438111E+00 -0.902019970137633E+00
  -0.233499836653852E+01  0.328206020014644E+01  0.115935779291218E+01
   0.686355600281518E+00 -0.208889550294989E+01  0.116650302139934E+01
   0.230622327432291E+01 -0.453374753463211E+00 -0.161939040054712E+01
  -0.322575448801056E+01  0.204411199928397E+01 -0.156538230033527E+00
   0.207452339129489E+00  0.980191796843346E+00 -0.158267890117979E+01
  -0.202000792587061E+01  0.175549519480326E+01  0.554777969197680E+00
   0.291792044198054E+01 -0.255658933862169E+01  0.991266748207904E+00
   0.871032553790949E+00  0.104404817957293E+01  0.264759948298893E+01
  -0.207947837604089E+01 -0.315441659485358E+01 -0.357856274298678E+00
  -0.150573063074747E+01  0.278267454907752E+01  0.589406614849660E+00
   0.113624779048391E+01 -0.217815904344169E+00  0.130514480959189E-01
  -0.137327049401666E+00  0.333900450559738E+00  0.244184242711121E+01
   0.501920128242349E-01  0.160004166369912E+01 -0.564845250204259E+00
  -0.285050422147900E+01 -0.323067300752688E+00 -0.412146291336596E+00
  -0.430730606304432E+00  0.219648084836310E+01 -0.203124515389032E+01
   0.794449610741335E+00  0.638028058518302E-01  0.320928471706560E+01
   0.447312116237344E+00 -0.314542828804514E+01 -0.110515308929335E+01
   0.260068363678747E+01 -0.343057756489321E+01  0.700292371153189E+00
   0.177682447505631E+01 -0.114765323252159E+01 -0.282408388390091E-01
   0.140840762473977E+01 -0.237902418101142E+01  0.687142316700117E+00
  -0.246063180107508E+01 -0.243633700909225E+01  0.114263553383773E+01
  -0.851202281948526E+00  0.338047875183119E+01  0.139229431911976E+01
  -0.157652116722001E+01 -0.213413426340292E+00  0.297661259008103E+01
  -0.147779698802723E+01  0.263951500364534E+01  0.164423126644666E+01
   0.355167582034146E+01 -0.184896501665129E+01  0.211636995766351E+00
   0.295099397191367E+01  0.179073223657778E+01 -0.145312754213575E+01
   0.120610416804193E+00  0.263209327406123E+00 -0.137857446400888E-01
   0.877683874202149E+00  0.341394070207103E+00  0.911293417489315E+00
   0.123856237458782E+01 -0.276252096804101E+01 -0.290316731126728E+00
  -0.349716241738523E+01 -0.264919610955341E+01  0.229396426331349E+01
   0.333421838169835E+01 -0.107156997681890E+01  0.341742582437425E+01
   0.879927224686089E+00 -0.107065246043637E+01  0.220218229222628E+01
  -0.333284564449224E+01 -0.314995452276681E+01  0.291743911282710E+00
  -0.317370223585497E+01 -0.428496554247872E+00  0.197479578520080E+01
  -0.664900946251499E+00  0.212642374967371E+01  0.133980501256810E+00
   0.319758691380953E+01  0.268763969669171E+01 -0.348165702472366E+01
   0.255823066430041E+01 -0.144562479564070E+01 -0.266711860312896E+01
   0.337996740606692E+01 -0.916955837445532E+00 -0.769912204273541E+00
  -0.279582222511963E+01 -0.301708734822700E+01  0.315817953498678E+01
   0.113061929896257E+01  0.264528921421124E+01  0.276308305853382E+01
   0.817250379470110E+00  0.213120223434392E+01 -0.354952822341955E+01
   0.116386202672591E+01 -0.318149048420113E+01 -0.324203772319293E+01
   0.224583796466923E+01  0.233620037955360E+01  0.132481138250554E+01
   0.229043662533490E+01 -0.115428467535230E+01  0.231926029958963E+01
   0.125860925475207E+01 -0.321074593519271E+01  0.198196971682305E+01
  -0.797946037862372E+00  0.426224268889282E+00 -0.622993534478608E+00
   0.764782266938534E+00  0.195962152154487E+01 -0.209219926322859E+01
  -0.124842211929395E-02 -0.160408224715529E+01  0.193352213751702E+01
   0.189192771765064E+01 -0.343023260822669E+01 -0.965284979847830E+00
   0.214577835364159E-01 -0.316829711428563E+01  0.156101037362850E+01
  -0.187767967545587E+01 -0.245386469981799E+01 -0.343634175570236E+01
  -0.128134308910150E+01 -0.133880982413717E+01 -0.107602116388251E+01
   0.108047603278020E+01  0.125056695263509E+01 -0.278205657877682E+01
  -0.237244183488019E+01  0.205965176870773E+01 -0.244090895963251E+01
  -0.238315291968286E+01 -0.121527836401323E+01  0.813607021424549E-01
  -0.179791402727856E+01  0.173990211376707E+01  0.218664694159020E+01
  -0.227648328590451E+01  0.165643823891751E+01 -0.598910380976227E+00
   0.329375911838969E+01 -0.331799788379421E+01  0.356275207411259E+01
   0.128641699772132E+01  0.108672824713734E+01 -0.108411975983702E+01
  -0.350662848099016E+01  0.185575643802238E+01  0.275127813849146E+01
   0.153822350615006E+01 -0.255743547535157E+01 -0.241150020305828E+01
  -0.667372115193760E+00  0.844591664530276E+00  0.160991618521251E+01
  -0.337352349954632E+01 -0.240657051510589E+01 -0.307947281859482E+01
   0.256884533099746E+00 -0.317564436077535E+00 -0.286431782676783E+01
   0.288569073978523E+01  0.242497678068173E+01  0.267218120118714E+01
  -0.866899941191217E+00 -0.229815148836848E+01  0.355447373080224E+01
  -0.422560066519605E+00 -0.341110168192922E+01 -0.650241576143674E+00
  -0.332229498909596E+01 -0.307266167836357E+01 -0.210747858515307E+01
  -0.171562976256944E+01 -0.178252124143740E+01  0.280876698398562E+01
   0.316312665759926E+01 -0.611290064837444E+00  0.249286144063430E+01
  -0.177216151063317E+01  0.230259211148945E+01 -0.159884810920305E+01
  -0.131159529074548E+01  0.274820317314845E+01  0.314041755960383E+01
  -0.125037050304308E+01 -0.196087774635833E+01 -0.231123135268939E+01
   0.113061256353742E+00  0.955223866213722E+00  0.324209834393224E+01
   0.422033149635556E+00 -0.218225285578830E+01 -0.137457810449448E+01
  -0.118785405775303E+01  0.764087505242374E+00 -0.291356044380766E+01
   0.312790711261130E+01 -0.337058248847119E+01  0.159094752726253E+01
   0.248472682966077E+01 -0.303576370589314E+01  0.244687402645342E+01
   0.123627073517949E+01 -0.277186832090887E+01  0.303074565758558E+01
  -0.286728577946050E+01  0.339170554840366E+01 -0.820957005642959E+00
  -0.275133207037443E+01  0.266756903124448E+00  0.134090192902901E+01
  -0.205424520904051E+01 -0.173329573155798E+01 -0.154984416702265E+01
  -0.260833363019936E-01  0.304134529819233E-01  0.140406027535818E+01
  -0.278891364014482E+01 -0.137796367036428E+01 -0.106155128592056E+01
  -0.205061026455233E+01  0.292034187136390E+01  0.245838656727964E+01
   0.170092512419943E+01 -0.139984452120094E+01  0.141421327858763E+01
   0.349691187523521E+01 -0.186685785704880E+01  0.136535134892289E+01
   0.216758859234225E+01  0.191385852286902E+01 -0.228738455530209E+01
   0.269995439364502E+00  0.118496694584530E+01  0.182843314209861E+01
  -0.279893149763237E+01  0.172289419638093E+01  0.135251203525725E+01
   0.251574684261281E+01  0.902521966924817E-01  0.493302243288719E+00
  -0.280864380579485E+01 -0.347245537115341E+01  0.223095186240618E+01
   0.108248589931823E+01  0.213669133418537E+00 -0.282660065309854E+01
   0.133577866247940E+01  0.268320627876393E+01 -0.292052812759677E+01
   0.237434532269836E+01  0.122264391378710E+01  0.180961084694450E+01
  -0.201354318209358E+01  0.305475880610002E+00  0.202273295534176E+01
   0.232272363653386E+01 -0.276442360466344E+01 -0.343015279480543E+01
   0.572444399926843E+00 -0.188045610247406E+01  0.256514640697618E-01
   0.283532231996061E+01 -0.303126382952521E+01 -0.347381510065237E+00
  -0.176850359807927E+01  0.339904244263475E+01 -0.140810074918870E+01
   0.538272019136253E+00 -0.187996137239539E+01 -0.226881381551047E+01
   0.307599394808024E+01 -0.923239086531739E+00  0.354674355622070E+00
   0.268210367737835E+01 -0.223064098153704E+01  0.302875556090121E+01
  -0.138108345265198E+01 -0.688951570863343E+00 -0.257480871851649E+00
   0.209383147506927E+01  0.196277105084848E+01 -0.355376658029893E+01
  -0.300323528750468E+01  0.235436656185697E+01 -0.330354431620682E+01
  -0.341843141311648E+01  0.121474564650129E+01 -0.200052826664643E+01
   0.264484180048729E+01  0.109856381078993E+01  0.287055062011739E+01
  -0.506738170798710E+00  0.304109308935189E+01 -0.302614805443650E+01
  -0.722866513523659E+00  0.319255176257589E+01  0.242780938456972E+01
   0.146403848732834E+01 -0.124997380055985E+00 -0.188472446007996E+01
  -0.128226312755000E+01  0.330216416881095E+01 -0.461041597587712E+00
   0.341872115584339E+01  0.101818592436112E+01  0.114725877050694E+01
  -0.356249626214667E+01  0.315500441893721E+01 -0.147606537890876E+01
   0.353375263431627E+01  0.282942346937127E+01 -0.242162754724343E+01
  -0.459437953042774E+00  0.187832394351562E+01  0.192663383241137E+01
   0.193897406679129E+01  0.335739703665536E+01  0.326759003175156E+01
  -0.227265838894185E+01 -0.232370641953800E+00 -0.284014017741654E+01
  -0.262441632754548E+01 -0.249272783010653E+01 -0.112543249970698E+01
   0.691942920298750E+00 -0.318471219435426E+00 -0.105278334358967E+01
  -0.185505355216198E+01  0.158849060888647E+01 -0.341432107524124E+01
   0.288474626527176E+01  0.198451441682183E+01 -0.446114545814473E+00
  -0.324185809507780E+01  0.213553152188038E+01 -0.140353879613635E+01
  -0.389163403592891E+00  0.235799201017543E+01  0.110708055569173E+01
   0.230318779913610E+01  0.485005725986474E+00 -0.258221895221480E+01
  -0.212777417229570E+01  0.335289990641794E+00 -0.813962021529850E+00
  -0.290062610798375E+01 -0.284410433005996E+00 -0.161439526255862E+01
   0.330307733600532E+01  0.229450696866127E+00 -0.208931073733857E+01
   0.878315746561413E+00  0.327651877078886E+01 -0.309135283055166E+00
  -0.705909335963772E+00  0.117663612380159E+01 -0.214357786754825E+01
  -0.172095710355375E+01 -0.307646938089957E+01  0.103084198134753E+01
  -0.141464195938703E+01 -0.325237666058053E+01  0.338531727794256E+01
   0.111411182823006E+01 -0.131701380668142E+01  0.307717368508557E+01
   0.297380721811638E+01  0.286137223142462E+01 -0.836787891864257E+00
   0.916525281109359E+00  0.156597282442743E+01  0.290606373220964E+00
  -0.106347107327368E+01  0.154254782545641E+01 -0.119512073323011E+01
  -0.111550954558454E+01 -0.256140414516123E+01  0.406588701838852E+00
   0.891261943697815E-01 -0.130997528409795E+01  0.651896624407723E+00
  -0.284698714821038E+01 -0.177915297923337E+01  0.205179793595489E+01
  -0.570352513291939E+00 -0.471246052462176E+00  0.430524156723237E+00
  -0.140787428183159E+00 -0.240439984015471E+01 -0.380024600522756E+00
  -0.262294552480431E+01 -0.226721418296826E+01 -0.229497550779711E+01
  -0.301598997099761E+01 -0.168980660966808E+01  0.331087914019483E+01
   0.409327513922900E+00 -0.209373741813682E+01  0.292443474825124E+01
   0.108203772343782E+01 -0.363602965730260E-01  0.208516503959017E+01
  -0.145971603021349E+00  0.262872501563187E+01  0.321348656608738E+01
  -0.265548384646051E+01  0.117316940473809E+01  0.281288955862583E+01
   0.250714315060238E+01 -0.239589223843343E+01 -0.200111050957548E+01
  -0.177514972255791E+01 -0.268545759480864E+01 -0.193669904549346E+01
   0.179495696020830E+01 -0.314903693050792E+01  0.119712994273022E+01
   0.321545923755530E+01  0.174141103047026E+01 -0.291078962170095E+01
  -0.144021054262844E+01 -0.331081700270288E+01 -0.278899194310698E+01
   0.239699968087287E+01 -0.139219296615473E+01 -0.121763296542693E+01
  -0.260554451744641E+01 -0.219033159982294E+01 -0.539121004570400E-01
  -0.443052783935402E+00  0.192093797797037E+00 -0.202204896125157E+01
   0.341256274125043E+01  0.290165677722749E+01  0.952148645786552E-01
  -0.595665520515307E+00  0.335795753048159E+01 -0.207523538551372E+01
  -0.294424836740930E+01 -0.349166885154230E+01 -0.307832628331910E+01
   0.483216586933095E+00  0.329535895677137E+01  0.333633165780463E+01
   0.305866047531662E+01  0.801115923553433E+00 -0.721188551249969E+00
  -0.259910278900565E+01  0.276293267050020E+01  0.284006491775412E+00
   0.527072702850301E+00 -0.139688799458967E+01 -0.827028311965970E+00
  -0.173204570715494E+01  0.195133329071251E+00 -0.203937031695687E+01
  -0.192433272257722E+01 -0.306560053582855E+01  0.202386194891820E+01
  -0.273445874717508E+01  0.287310091504710E+01 -0.185182025001718E+01
  -0.219471719870054E+01 -0.166883193263996E+00  0.526423611190640E+00
  -0.174389662252294E+01 -0.936848730380653E+00 -0.353009171152897E+01
  -0.911867792604347E+00  0.674411502020020E+00  0.655430072930554E+00
   0.214883115928287E+01  0.104169376191975E+01 -0.175719291900765E+01
  -0.355347312680881E+01 -0.108787460799770E+01 -0.191395601884238E+01
  -0.160222928993463E+01  0.915112286373846E+00 -0.779355457109595E-01
%  0.175145740037471E+01 -0.122813193662397E+01  0.196814687118430E+01
%  0.128159673675363E+00 -0.241839473604008E+01  0.335155084914557E+01
%  0.887072728267695E+00 -0.265129259433269E+01  0.202783311466868E+01
%  0.630149113706552E+00  0.910345190390277E+00 -0.265122404131015E+01
% -0.245503197758182E+01 -0.809784347854823E-01 -0.116538040349808E+01
%  0.875311529840432E+00  0.708018896223106E+00  0.666990763431197E+00
% -0.104067693980930E+01 -0.980651071030276E+00 -0.103736521326996E+01
%  0.604588215559427E+00  0.902153831292135E+00  0.529230839564538E+00
% -0.837178546571243E-01  0.289179847552510E+00  0.257150281410826E+00
%  0.106013906379003E-01 -0.222503669847256E+01 -0.253552938129499E+00
%  0.161108191103521E+01  0.154452570408548E+01  0.861403083007612E+00
%  0.485163369378801E+00  0.217977494336849E+01  0.179004616527014E+01
%  0.157027174794712E+01 -0.237605302205629E+01  0.263558469833084E+00
% -0.101543351828323E+01  0.235786715255305E+00  0.114363007660264E+01
%  0.276076956787377E+00  0.287917801986532E+01  0.307468356222800E+00
%  0.477248274060280E+00  0.156160531097685E-01 -0.133487736927947E+01
% -0.156658166228278E+01  0.794174209271933E+00 -0.271154164614921E+00
%  0.159055150681227E+01  0.120621022611855E+01  0.228845021083634E+00
%  0.775115118712961E+00 -0.940742483656173E+00  0.145726275755605E+01
%  0.248892910922236E+01 -0.101203404245284E+00  0.910184145786964E+00
% -0.981400360727786E+00  0.134790763556541E+01 -0.135619723147112E+01
%  0.888494166196262E+00 -0.974381611509817E+00 -0.269678517728673E+01
% -0.200877245853792E+01 -0.285346154977092E+01 -0.139983285639650E+01
% -0.191567140982818E+01  0.147775814893197E+01 -0.714583635346978E-01
%  0.263348622085897E+01 -0.388538422500406E-02 -0.304119287556748E+01
%  0.874993369914250E+00 -0.185833505286232E+01 -0.229794151635044E+01
%  0.144125948571666E+01  0.149684486782681E+01 -0.868057914496672E+00
%  0.280279356041113E+01 -0.890152504990367E+00 -0.228448540739321E+01
% -0.176407998023442E+01 -0.148060726403851E+00  0.581931542203903E+00
% -0.166567428696736E+00  0.611111387413187E+00  0.963805593779242E+00
% -0.945438320419280E+00 -0.451634004746165E+00 -0.137788148245426E+01
%  0.223896791020284E+01  0.391600786491733E+00  0.377930946963329E+00
% -0.360527615446968E+00  0.779234150103517E+00  0.287343290756264E-02
%  0.780611923880889E+00 -0.366452885308958E+00  0.161078753981085E+01
% -0.787762253384418E+00  0.293472589060841E+01 -0.119323566928644E+01
% -0.177446194738569E+01  0.169659373464236E+01 -0.125630836873064E+01
% -0.229306196626646E+01  0.884882510144967E+00 -0.444611595532867E+00
%  0.117184641846562E+01 -0.318392191796999E+00  0.383946573356348E+00
% -0.562179524028647E+00 -0.412705183101031E+01  0.264731182209397E+00
% -0.225383864501356E+01 -0.159870587442134E+01 -0.104263219121410E+01
%  0.704758362366731E+00 -0.122471445022260E+01 -0.261537546337147E+00
% -0.290563429553864E+01  0.756147094441395E+00  0.160502691915779E+01
%  0.456394126966493E-01  0.128910116741191E+01  0.804924173206012E+00
%  0.583133955525231E+00  0.122494138534283E+01  0.753546981100213E+00
%  0.104518525522833E+01 -0.148611098176251E+01 -0.163627259215994E+01
%  0.167644660517502E+01  0.918796254454733E+00 -0.242093641543024E+00
% -0.146111749828356E+01 -0.120510728993912E+01  0.596019619348012E+00
% -0.420548550321844E+00 -0.471674238811116E+00  0.198545794985465E+01
% -0.200433213427596E+01  0.953429670223953E+00  0.230129259850665E+01
%  0.150332397541241E+01 -0.831646406245427E+00  0.236358689350670E+01
%  0.312917345488377E+01 -0.727515806573968E+00 -0.280592021326005E+01
% -0.378582886442631E+00 -0.904192243561223E+00 -0.492549455034743E+00
% -0.699160450085659E+00  0.126984894814921E+01  0.149260478196228E+00
% -0.402732012131125E+00 -0.133926389183193E+01 -0.467895336460905E+00
%  0.204446279395250E+01 -0.534078425825524E+00  0.129929639070831E+01
% -0.104958059255858E+01  0.130912794484759E+01 -0.192800176946825E+01
% -0.287845000539662E+01 -0.802078348943752E+00  0.202691952370881E+01
%  0.559913908603555E+00 -0.755025771122505E-01 -0.482826610546397E+00
%  0.152590706011108E+01  0.290649203048189E+01  0.232711414896643E+01
% -0.157219199285685E+00 -0.179430363599422E+01 -0.112104488871062E+01
% -0.292610039401959E+00 -0.722553863435992E-01 -0.949354619695047E+00
%  0.278046931430307E+00  0.347032216317099E+01  0.191833613216612E+01
%  0.338520000376301E-01 -0.671995730769414E+00  0.849314181098923E+00
% -0.293005867731129E+01  0.360722657807872E+00 -0.281217558796924E+01
% -0.388368718050426E+00  0.127227559157946E+01  0.896353033399392E+00
% -0.267910809401375E+01 -0.161981591201418E+00  0.415911776516361E+00
% -0.132234640591677E+01  0.209242884059774E+00 -0.202958867284296E+00
%  0.169429409425829E+01  0.272037739116849E+01 -0.182621166025112E+01
% -0.184931977810625E+01  0.450630893757542E+00 -0.921346037509991E+00
%  0.181948105437694E+01 -0.105361927750658E+01 -0.561726934691989E+00
% -0.984503750321220E-01  0.309207488955767E+01 -0.321508810094431E+00
% -0.138913150810660E+01 -0.290894337854863E+01 -0.302266097927012E+01
%  0.320648544441252E+00 -0.207360033834423E+00 -0.122442757338462E+01
% -0.318788780441218E-01  0.621846346778264E+00 -0.699039557638511E-01
%  0.251383745432541E+01 -0.151197762327360E+01  0.757741291154857E+00
% -0.116036763204234E+00  0.165149858579608E+01 -0.741462851542902E+00
% -0.290583866440948E+01  0.861067780610893E+00  0.137211329606572E+01
%  0.135509909303012E+01 -0.119250229724751E+01  0.474275338889851E+00
% -0.269749694328757E+01  0.105225058950235E+01 -0.174051221500943E+01
%  0.113409353760750E+01  0.224043930951777E+01 -0.877376061410085E+00
%  0.577529587184727E+01  0.330841606532572E+00 -0.161578947734854E+01
% -0.533235483048982E+00  0.206455132828784E+00 -0.176770347772194E+01
%  0.140274164855130E+01  0.158492523933715E+00  0.145411590153047E+01
% -0.446986325857431E+00 -0.925400597103143E+00 -0.169758014378244E+01
%  0.262438141305684E+00 -0.387102495429766E+00  0.111864133263047E+01
% -0.111156504843780E+01  0.113190719020395E+01 -0.165557789667067E+01
% -0.222697867292144E+01  0.774274140114011E+00 -0.952026278339741E-01
%  0.251557186926652E+00  0.160877868417403E+01  0.381480175559161E+00
% -0.110657359711942E+01  0.369918429263794E+00  0.132530843939804E+00
%  0.184484078810579E+01 -0.242396694036089E+00 -0.166484593083838E+01
%  0.201524945468008E+00  0.364076489037274E+01 -0.342983742861656E+00
% -0.818911984809731E-01 -0.614406424247370E+00  0.175271623866215E+01
%  0.321405853974757E-01 -0.235287950816540E+01 -0.127362714552709E+00
% -0.225502285443507E+01 -0.933806424819051E-01 -0.529406047354735E+00
% -0.164719640761353E+00 -0.115013286807631E+00  0.218636960865805E+01
%  0.295087420538594E+00  0.393113164162590E+00  0.894733145630059E-01
%  0.128888264550832E+01  0.108366185335408E+01  0.137854793519424E+01
% -0.107991800403114E+01 -0.243575034975142E+01  0.994196727113715E+00
%  0.247402931747490E+01 -0.724499074798884E+00  0.963756258463766E+00
%  0.267594717806730E+01  0.136344519294283E+01 -0.185721500091134E+01
% -0.148901196070934E+01  0.198984641501948E+01  0.855857641694348E+00
% -0.129525760174992E+01 -0.471615253331042E+00  0.842314642014805E+00
% -0.571167310725598E+00 -0.123831157339902E+01 -0.149206765372168E+01
%  0.128590819428564E+01 -0.289912329020479E+00 -0.352835571705191E+00
%  0.306519358001692E+01  0.897786455880510E+00 -0.846795264842424E+00
% -0.155833965149459E+01 -0.713596627978137E+00 -0.109397431427595E+01
% -0.381176328099902E+00 -0.342318721634398E+00  0.199206995248848E+00
% -0.887325821109300E+00  0.661767448415365E-01 -0.229912360146894E+00
% -0.122369282832573E+01 -0.104132363143253E+00  0.115056395642224E+01
%  0.883731923354585E+00 -0.564379372683301E+00 -0.182397356951848E+01
% -0.550759484671493E-01 -0.147160566895465E+01  0.312845256475422E+01
% -0.181226370044125E+01 -0.406395936234836E+00  0.440040983760738E-01
%  0.242095859599081E+01 -0.102583960661227E+00 -0.530998535207968E+00
%  0.208996374642750E+01 -0.879593660140399E+00  0.245457642866198E+01
% -0.107040650034930E+01  0.606641157966382E+00  0.198410641704053E+00
% -0.277181726701826E+01  0.151585394629009E+01  0.455083136018853E+00
% -0.187668225587899E+01  0.162106827387444E+01  0.890949121547600E+00
% -0.282510463212147E+00  0.203927357134075E+01  0.133093984372266E+01
%  0.300002301387309E+01 -0.179845647198684E+01  0.131870398513072E+01
% -0.917180179254515E+00 -0.715804381257703E-01  0.146392728311395E+01
% -0.159013597397370E+00 -0.532705567382012E+00  0.358893507879250E+00
% -0.599343599518560E+00 -0.112411468636597E+01  0.929840446172123E+00
% -0.111085022790724E+01  0.475070975423627E+00 -0.794743277318170E+00
% -0.730089041355872E+00  0.132115369000685E+01  0.192896584156786E+01
%  0.281881756623817E+00 -0.179538675829711E+01 -0.114398311308291E+01
% -0.997827264671713E+00 -0.142431191813978E+00 -0.543904616386378E+00
% -0.201770190609767E+00  0.307085452085551E+01 -0.420154493903525E+00
%  0.390322798109777E+00 -0.830097612710485E-01 -0.240757113879689E+00
%  0.402055109288396E+00  0.901110500195747E+00 -0.824996144172594E+00
%  0.163022458348275E+01 -0.255444332205166E-01  0.116111353414836E+01
% -0.799562163966650E-01 -0.462190963966204E+00  0.104342589755413E+01
% -0.724927452396610E+00  0.134052240361495E+01  0.113518313462978E+01
% -0.756568205575631E+00  0.220859600192394E+01  0.830216270412380E+00
%  0.102326727905524E+01 -0.628961912386309E+00 -0.110687984783082E+01
% -0.364666098881568E+01 -0.114249569304585E+01 -0.415610998203879E+01
%  0.124333972988285E+01 -0.132187540483372E+01 -0.372594664621759E+01
% -0.365898479347506E+00  0.167367067301864E+01  0.488594799922986E+00
%  0.369738072220325E+00  0.423255838396322E+00  0.279916085973779E+01
% -0.210227497049347E+01  0.363220257892095E+01  0.160626648840915E+00
% -0.108363826807599E+01  0.253371418077289E+01 -0.528648460622787E+01
%  0.175675017042855E+01 -0.107733469255173E+01 -0.116896318032899E+01
%  0.182523989225892E+01  0.133063457999778E+01 -0.270725227683457E+00
%  0.110646311282054E+01  0.315196849057536E+00  0.230495038385112E+00
% -0.150745991615942E+01  0.437217908976191E+00  0.110505142853922E+01
% -0.295572117250365E+00 -0.181870806149821E+01 -0.355166674453594E+01
% -0.213197662059089E+01 -0.267188165370560E+00 -0.672619837063195E+00
%  0.815432404912731E+00  0.211812964607348E+01 -0.327234664721521E+01
%  0.220575684515338E+00  0.295762363331028E+00  0.186324996432829E+01
% -0.105533559967763E+01 -0.881654317557441E+00  0.425882096057507E+00
% -0.101700152870000E+01  0.762204924837012E+00 -0.243329566457374E+01
% -0.722425305274341E+00 -0.142310846722320E+01 -0.171031024352386E+00
% -0.766585632282382E-01  0.785603127546978E+00 -0.364823807260919E+00
%  0.239583067054180E+00 -0.194233085099031E+01  0.850679806619245E+00
% -0.177349137423208E+01 -0.588028337300275E+00 -0.160842451615135E+01
% -0.988884120160645E+00  0.105641393862940E+01 -0.790598964654886E+00
%  0.117809059415950E+01  0.198789230854752E+00  0.226626176377246E+00
% -0.157140031191106E+01 -0.720931149977875E+00  0.121510795067503E+01
% -0.159469228377980E+00  0.594587088615999E+00 -0.429654475461035E-01
%  0.441261475976359E+00 -0.784289182450179E+00  0.751005069426195E+00
%  0.199401426321817E+01  0.117670242193628E+01 -0.325736506595396E+00
% -0.803869942715155E+00 -0.158159792885039E+01  0.851164620387748E+00
%  0.261915945967434E+01 -0.233212042814864E+01  0.338808905770071E+00
%  0.585091286189619E+00  0.293421212660014E+01  0.142499703474769E+01
%  0.180434465251936E+01 -0.951301584029570E+00  0.332453644424410E+01
%  0.589600276655955E+00 -0.102926785369481E+01 -0.208629543054146E+00
% -0.179759299627505E+01  0.123902867439378E+01  0.231228326559802E+01
% -0.178197013006836E+01 -0.837114613708209E-01  0.275538251709765E+00
% -0.952394905287311E-01  0.127084711192244E+01 -0.159743450369882E+01
%  0.975280217830357E+00  0.130478518176347E+01  0.499411337990359E+00
% -0.180450070840462E+01  0.276132957723796E+01  0.343328240828730E+01
%  0.238651827578821E+01 -0.466414055730392E+00 -0.829875443186028E+00
% -0.216596180833732E+01 -0.254595918200390E+01  0.695435576227413E+00
%  0.160441283487961E+01 -0.331662066899750E+01 -0.157237644522716E+01
% -0.310034684452361E+01 -0.750845517593245E-01  0.256804620991037E+01
%  0.138046011333132E+01 -0.166225979552531E+00  0.113334796502954E+01
%  0.168114405322792E+01  0.104086114110629E+01  0.360020738785956E-01
% -0.108111689321932E+01 -0.875387641968704E+00 -0.132867264165606E+01
% -0.114515534108442E+01  0.240760125493568E+00  0.262000196508283E+01
% -0.325981287922240E+00 -0.266257453596692E+01  0.143703164527605E+01
%  0.210251273053758E+01 -0.631233379267380E+00  0.323319362936650E+00
%  0.611282499705041E+00  0.212722584148355E+01  0.118554064712414E+01
%  0.246490110174451E+00 -0.254735277020913E+00  0.101614942331574E+01
%  0.349237285746013E+00 -0.134252944496709E+01 -0.154416581863223E+01
%  0.130147767056589E+01 -0.779933382983488E+00  0.103585164633009E+01
%  0.159369225677573E+01  0.297575107889286E+01  0.135751426406606E+01
% -0.203336295447370E+01 -0.130068941929842E+01 -0.139817339133140E+01
% -0.645765677483096E+00 -0.209034635613138E+01  0.130180664585818E+01
% -0.301720616115816E+01 -0.783119529399865E+00 -0.322337050997229E+00
%  0.133800417231469E+01 -0.120963489677224E+01 -0.163584859328621E+00
%  0.318259484321413E+01  0.312872271351349E+01  0.583961764616406E+00
%  0.241536693991954E+01 -0.176952408918133E+01 -0.455540503463547E+00
%  0.148624414021740E+01  0.613051677843797E+00  0.439055932367620E+00
% -0.254804313202789E+00  0.686138224867383E+00  0.636568858795543E+00
% -0.857741967497922E-01  0.136530034501362E+01  0.225540916906621E+01
% -0.751210300948427E-01 -0.414013265226131E+00  0.145040561367896E+01
%  0.120598006643664E+01 -0.125300525402142E+01  0.403710899684754E+00
%  0.146672578179146E+01  0.146190289151136E+01  0.368211816104197E+00
%  0.862375210500754E+00  0.165165766857097E+01  0.204366547465711E-01
%  0.578238517438316E+00 -0.240055025605628E+01 -0.311561804777001E+01
% -0.234758832368574E+01 -0.736993067409794E+00 -0.302813425583827E+01
% -0.328192947277350E+00 -0.233885562118493E+01 -0.192884793410635E+01
% -0.796846282847409E+00  0.436117431545090E+00 -0.953250955397291E+00
% -0.250717454206768E+01  0.885310239519359E+00  0.253959418912161E+01
%  0.104399663070187E+01  0.143058682546730E+00 -0.152535609985283E+01
%  0.636482110407401E+00  0.224766358842540E+01  0.190940681196094E+01
% -0.946856749811268E-01 -0.330848747706094E+00 -0.261009020376369E+00
%  0.698049473001597E+00 -0.352923390208648E+01  0.148640410723134E+01
% -0.257716306395429E+01  0.332643481891332E+00 -0.240195360395035E+01
%  0.181346034235489E+01  0.756470058211635E+00 -0.625640507817564E+00
% -0.685199519330247E+00  0.150579494952698E+00  0.878061568748111E+00
% -0.577729829593606E+00 -0.127103208082038E+01  0.789693795888201E+00
% -0.153411710974374E+01 -0.160747345389667E+01  0.660269680525231E-02
%  0.546521986968585E-01 -0.105413911062926E+01 -0.331840119760379E+00
%  0.464296410870954E+00 -0.104377894090409E+00 -0.257142156418989E+01
%  0.555485083422672E+00  0.349879637086008E+01 -0.236239313446237E+01
% -0.600756543154827E+00 -0.167472565062295E+01  0.167763055086959E+00
%  0.933040522422114E+00 -0.920995036483204E+00 -0.549699919650507E+00
% -0.101652019434505E+01  0.257203412140398E+01  0.320501308503083E+01
%  0.982061065792204E+00 -0.276797979462857E+00  0.323651501090678E-01
% -0.133599111776130E+01 -0.687329264104010E+00 -0.188441552965242E+01
%  0.129181142643908E+01 -0.127368061828026E+01  0.597095150419843E+00
%  0.293302367499663E+01  0.918631050873854E+00 -0.771598801676374E+00
%  0.218944296381511E+01  0.258829887204937E+00  0.465778614267722E+00
%  0.135400674989951E+01  0.782727140755102E+00  0.294370191888747E+01
% -0.149193667073703E+01 -0.120921507729238E+01 -0.213576466297402E+01
% -0.112594110035538E+01  0.187918887050988E+01  0.717493342455601E+00
%  0.279422971055554E+00 -0.169074084904282E+01 -0.903521642128939E+00
%  0.897905895826030E+00  0.989104949880801E+00  0.655016501705228E+00
%  0.610779245171687E+00 -0.302841510298557E+00 -0.509567187205911E-02
% -0.483614699113393E+00  0.903896019101630E+00 -0.114894973947532E+01
%  0.189510634110216E+00 -0.236121117839647E+01  0.105092193513951E+01
% -0.250984856304050E+01 -0.310731147582398E+01  0.201853349172519E+01
%  0.430108489539325E+00 -0.662208180718179E+00 -0.606612096257742E+00
% -0.180303882998709E+01 -0.177369623672692E+01 -0.103108601182750E+01
% -0.179300041406195E+01 -0.148855809281411E+01 -0.389229842193009E+00
% -0.119280702828726E+01  0.453100399149550E+00  0.662369054605470E+00
% -0.465730089326382E+01  0.222106871365721E+00  0.148796159016480E+01
% -0.123300827116232E+01 -0.293300241069840E+00  0.107433426001940E+00
% -0.106547164739644E+01  0.150150400630354E+00 -0.159052367710450E+01
% -0.612681399468213E+00  0.346102137316922E+01  0.205141003191579E-01
%  0.136389795863399E+00 -0.773229533833432E+00  0.207293036707796E+01
%  0.140890961898733E+01  0.411921274128241E+01 -0.273194037658286E+00
% -0.259656896337696E+00 -0.264440579968233E-01 -0.177948884506350E+01
%  0.190610974876190E+01 -0.103290014436936E+00 -0.736061026153549E-01
%  0.451024331698660E+00 -0.359491016054297E+01 -0.999720957437256E+00
%  0.837292679882723E-01  0.523296990170669E-01  0.570230918038667E+00
%  0.271710102781500E+01 -0.132145773774241E+01 -0.884162509785824E-01
%  0.104861784179877E+00 -0.115155402682266E+01  0.744050573030213E+00
%  0.390861567974125E+00  0.188896238135551E+01 -0.141632383016303E+01
% -0.218463042511152E+00 -0.865694640638717E+00  0.201192468780135E+01
%  0.113389144979969E+01  0.119828109527050E+01 -0.757509949678445E-01
%  0.558006690626076E+00 -0.113849978732897E+01 -0.151615582407039E+01
% -0.284933363830366E+00  0.633637084494019E+00 -0.184021680005615E+01
%  0.972658468650489E+00 -0.278949709682616E+01  0.957363807527350E+00
% -0.189492334805604E+00 -0.100370616107207E+00 -0.116875187337720E+01
%  0.910081832607794E+00 -0.234786093154454E+01  0.360891346129847E+01
% -0.112211606127750E+02 -0.154166795879987E+02  0.794796119170319E+01
% -0.181410939916842E+00  0.116277846646817E+02  0.701238556502961E+01
%  0.205257700992288E+01 -0.194747486878109E+02 -0.103531655774903E+02
% -0.129974348546712E+02  0.658064543190804E+01  0.756527499537907E+01
%  0.117081507234159E+02  0.501585001922493E+01  0.141254255905190E+02
% -0.501141886726833E+02  0.813290896791495E+02  0.620270887370440E+02
% -0.487848490465161E+02 -0.265649143512060E+02  0.672617124636114E+01
% -0.282750614897546E+02  0.466533110475591E+01  0.168842026583866E+02
% -0.743862071804885E+01  0.115032316058648E+02  0.123224589932406E+02
% -0.561970116140584E+02  0.556931445321350E+01 -0.483195291609424E+02
% -0.811220768681976E+01 -0.100154146290823E+02  0.306623624091054E+01
%  0.318661047838232E+02  0.163349868163976E+02  0.202419269527177E+01
% -0.798799638430535E+01 -0.152015238313239E+02  0.295094286772022E+02
%  0.263221063045319E+02  0.508885181561306E+01  0.148725591407326E+02
% -0.290498347716205E+01  0.210420043763541E+02  0.681709434296197E+02
%  0.159262639376130E+01 -0.152360447805151E+01 -0.180858206501246E+01
%  0.162570550016133E+02 -0.171399319235985E+02 -0.112244048540971E+02
%  0.207232711512185E+02 -0.138234639379561E+00  0.306640181137897E+01
%  0.109942019459629E+02  0.265740762122389E+02 -0.111244664682999E+02
%  0.663278730699894E+01 -0.704711531101449E+01  0.283300320574689E+01
%  0.128236931991334E+02  0.415851036774182E+01  0.909748367472749E+01
%  0.644765148789717E+01 -0.530131494766034E+02 -0.206227809053767E+02
%  0.244777429263516E+01  0.340677260141964E+02 -0.235513198583514E+02
%  0.112692467516341E+02 -0.129606399645821E+02 -0.367618789269676E+02
% -0.287495527853578E+02  0.195442670666541E+01 -0.559873775500876E+01
%  0.161001374485738E+02 -0.191539813969382E+02  0.498070223852921E+01
%  0.934535483311887E+01  0.654038111019579E+01 -0.511935051891327E+00
% -0.143099118361906E+02  0.295210964636039E+02 -0.862324520318002E+01
%  0.272867022508984E+01 -0.211010989443575E+02 -0.235951305025866E+02
% -0.509110735593140E+02 -0.208491762490737E+02  0.107645575871142E+03
%  0.181018035359068E+02  0.178441306002787E+01 -0.711926587029532E+01
%  0.162253228220431E+02  0.609393618326504E+02  0.575506055297241E+01
%  0.241936307810318E+02 -0.210833288644203E+02  0.278212225138409E+01
%  0.520296681391530E+02 -0.278841108744012E+01 -0.520680254923511E+02
% -0.582486670049422E+00 -0.191932881360667E+02  0.925000730830461E+01
% -0.112551867312281E+02  0.176121906460599E+01  0.457262048481161E+01
%  0.617482388500312E+02 -0.547767438392455E+02 -0.172370285241976E+02
%  0.158154595702365E+02 -0.111354347747984E+02 -0.646686407596485E+02
% -0.136166228869511E+02 -0.171792508802237E+02  0.443941216168502E+01
% -0.192222690481852E+02 -0.281605798436615E+02 -0.106827707528588E+02
% -0.991806408606237E+00 -0.948559859062360E+01 -0.622284894457285E+01
%  0.762419496669965E+02  0.215630957129495E+02 -0.225950238887832E+02
%  0.682087177170482E+01 -0.789289876727973E+01  0.139337309398014E+02
% -0.269189755236307E+02 -0.565720069934487E+02  0.581363706798594E+02
% -0.151863249543175E+02  0.401343576231415E+02  0.240542216251275E+01
% -0.192232569435089E+01  0.563828826731979E+01 -0.543310983177375E+01
%  0.354051515157564E+00 -0.694153468832961E+02 -0.109868060412992E+02
% -0.204922787895597E+02 -0.400417025545984E+01 -0.262871381244640E+02
%  0.229147759923482E+02 -0.260125564998790E+01 -0.152678662878605E+02
%  0.102067895244308E+02  0.895109956430750E+01 -0.287026592920501E+02
%  0.523644144677494E+00 -0.238336057758598E+02  0.464656085585564E+02
% -0.100451534223903E+02  0.118394582418205E+02  0.351908070994242E+01
% -0.198505948062258E+02  0.367557358524002E+01 -0.611766234440863E+01
% -0.316078914979960E+01 -0.139285859392235E+02 -0.281456066483363E+02
% -0.418886491575203E+01  0.368962664500454E+02  0.750700459148216E+01
% -0.427978041156872E+01 -0.966272476277477E+01 -0.348791389317294E+01
%  0.587843136014218E+02 -0.144043065303389E+02 -0.178054314881300E+02
% -0.108193697457529E+02 -0.130287957175901E+03 -0.507018429735202E+01
%  0.719212820326529E+01 -0.240658418255957E+01  0.181114702775737E+01
%  0.242479525823193E+02  0.896828212253111E+00  0.539966782847576E+02
% -0.181642291758192E+02  0.331312256898034E+02  0.279950776654099E+00
%  0.429320012946797E+02 -0.188867085579758E+02  0.540585219282747E+02
%  0.140818159784788E+02  0.210706941131818E+02 -0.171498400884080E+01
%  0.494618804424801E+02  0.103175368995491E+03 -0.119811285352021E+02
%  0.567505195082274E+01 -0.114841166855049E+02  0.169347920114072E+01
% -0.952679758581288E+00  0.369206028214331E+01  0.256401723977257E+02
% -0.442953157665222E+01  0.222967519276927E+02 -0.312033693853309E+01
% -0.267793496623334E+02  0.430604573841921E+01  0.171128623976198E+02
%  0.529581944372755E+00 -0.190403917598665E+02 -0.740734010432464E+02
%  0.203479581364882E+01 -0.216879919975181E+02  0.115268470792605E+02
%  0.167558715479544E+02  0.819458728314891E+02  0.335573362935726E+02
% -0.865887022591099E+02 -0.751124368934246E+02 -0.252324377488869E+02
%  0.349306130949972E+02  0.292432559270729E+01  0.126583551880046E+02
%  0.646412908932956E+01  0.563150327366207E+01 -0.800088955050329E+00
%  0.196404256810447E+01  0.289285319273610E+02 -0.615681636289896E+02
%  0.611930518657354E+02 -0.708924254807163E+02  0.113110395653280E+02
%  0.282098547363156E+02 -0.251525856962829E+01 -0.112304633180847E+02
% -0.230313961348135E+02 -0.189292971936490E+02 -0.119883397841399E+02
%  0.607130086327118E+01  0.853244055100219E+01  0.416775291736528E+02
%  0.929532725941681E+01 -0.149287494265831E+02  0.195094509087930E+02
% -0.146016708033370E+02  0.100185115592184E+03  0.233393179034319E+02
% -0.101361967652990E+02  0.128652161629121E+02 -0.161501023211892E+02
% -0.956594071874913E+02 -0.460042750420481E+02  0.655290556159620E+02
%  0.422086076982452E+01  0.463371556851365E+01 -0.133140177012884E+01
% -0.162882878162749E+02  0.344266351484964E+02 -0.394727089413887E+01
% -0.927007840708784E+01 -0.106271519380156E+02  0.152539991032664E+02
% -0.106460938324693E+03  0.444184683309116E+02  0.830665470040352E+01
%  0.662368129451974E+02 -0.182858627118813E+02  0.532729756667175E+00
%  0.271342447086785E+01 -0.141092024461369E+02 -0.825454567723611E+01
%  0.443111090524441E+01  0.274185633926938E+01  0.117580700258629E+01
% -0.569648378070140E+01  0.702324206005992E+02 -0.244388258790889E+02
% -0.127729439187661E+02  0.193515794792153E+02 -0.114855183833969E+02
%  0.441016854754051E+02  0.341565693196032E+00 -0.153027644065557E+02
% -0.436639695402186E+01  0.340163118921771E+01  0.291326317866623E+01
%  0.329669733016263E+01  0.216520885613560E+01 -0.788497874394488E+01
%  0.427591516075738E+01  0.183659982002619E+01 -0.104877827213691E+02
% -0.871420808535780E+00 -0.725508182265809E+01 -0.102747095173546E+00
%  0.130867158057013E+02  0.169633626850229E+02 -0.439659958193047E+02
% -0.617009362303442E+01 -0.569068219707591E+01  0.388458483960282E+00
% -0.513762779640472E+01  0.168740570185044E+02  0.411205194924089E+02
% -0.198799040956251E+01  0.119851694850676E+00  0.618983349022586E+00
%  0.155124766811648E+02 -0.172269429581320E+02 -0.131884664391031E+01
%  0.155211613868431E+02 -0.397671197144261E+02 -0.314894949992619E+02
% -0.287657534726205E+02 -0.118248004607975E+02  0.122124021998186E+02
%  0.792533443901281E+02 -0.115494312445413E+02 -0.632794522604480E+02
% -0.421012965104258E+02  0.115544104722606E+02 -0.370703774354739E+01
%  0.850523813880830E+01  0.158850551065884E+02 -0.149263522746205E+02
%  0.618502169241730E+01  0.226901863659053E+02 -0.238706716614537E+02
% -0.561200320152489E+01 -0.189950279266721E+02  0.151477524175239E+01
%  0.384294260862646E+00 -0.600963619933108E+01 -0.111583646690739E+00
% -0.162884476861620E+02 -0.694641606426810E+01 -0.131111183755972E+02
%  0.780540181749264E+01 -0.173016570979680E+02 -0.413720260250640E+01
% -0.564575160951274E+02 -0.218958271248425E+02  0.305796074963672E+02
% -0.488006026736439E+01 -0.665365807907625E+01 -0.308168125615368E+01
% -0.105721214345127E+01 -0.106252235471939E+02  0.905148993640069E+00
% -0.133524373812082E+02  0.683954399475972E+00  0.384166066000972E+01
% -0.137966722406357E+02  0.159994341530493E+02 -0.669963535968593E+02
% -0.706203447385247E+00  0.100983827447193E+01 -0.397820962481377E+00
%  0.211427797938842E+02 -0.304077751561772E+01 -0.946267928228745E+01
% -0.162607049484120E+02 -0.920599146450417E+01  0.665782277325389E+01
% -0.123596165315181E+02  0.111055879387177E+02 -0.206285893986070E+01
%  0.194843137480933E+01 -0.102542442580672E+01  0.418458757042835E+01
%  0.983699199430911E+01  0.628195291496936E+02  0.178119898950667E+02
%  0.168209991846744E+01  0.350399270875448E+02  0.139350208689212E+01
%  0.285313863915428E+01  0.294274677975693E+01 -0.630876711324354E+01
% -0.218900612311450E+02 -0.262007649189093E+02 -0.886533045267017E+01
%  0.189286491343882E+00 -0.241423152060392E+02  0.341081130415673E+02
%  0.590874789192795E+02  0.245607781253694E+02  0.154636876776767E+02
% -0.125762228627147E+02 -0.391606184144169E+01  0.357415637277672E+01
% -0.919514841423814E+02  0.635668865375934E+02  0.226482503649193E+02
%  0.865966662552164E+00 -0.581077718583130E-01 -0.750086603550014E+00
% -0.465743847748851E+01  0.754543826318719E+01  0.691274519044278E+01
% -0.408332339933480E+01 -0.450455406130471E+01  0.279141616074813E+00
% -0.215640153594125E+02 -0.510288701701676E+01  0.105087219602948E+02
%  0.139789994388962E+02  0.626268081263961E+01 -0.172934601729529E+02
% -0.315898669801099E+02  0.265876498156807E+02  0.165291021783320E+02
%  0.197530091145033E+02  0.136152841133023E+02  0.728778057782798E+01
%  0.669517921944230E+01  0.693307804837693E+01 -0.740801367556403E+01
% -0.223859169547054E+02 -0.741374946110616E+01 -0.319427006307959E+01
%  0.325310562670710E+01  0.191785672065902E+02  0.168201955499584E+01
% -0.129826268511038E+01 -0.239913167463115E+01  0.139412279501096E+01
% -0.339425804592661E+00  0.136540887461156E+02  0.295985363730659E+02
%  0.520908506376524E+02  0.168175509657511E+02 -0.107529352337260E+03
% -0.602811377873410E+02 -0.861320997031196E+02  0.224436816117937E+02
%  0.399518419492728E+02 -0.312348574564329E+02  0.811441703989364E+01
% -0.312523027823004E+01 -0.806621593361835E+02 -0.449141246750593E+02
% -0.167445325090009E+02  0.388806535615014E+01  0.197859885560808E+02
% -0.517753872286694E+01 -0.107310380063204E+02 -0.388198445301357E+01
% -0.329940946994684E+02 -0.693363217059332E+01 -0.516963936359378E+02
% -0.530557383061227E+02  0.258876858920840E+02 -0.859675869908588E+01
%  0.464035481487271E+00  0.186590304891857E+02 -0.463876446849243E+01
%  0.881046338993437E+01  0.180735764931016E+02 -0.159271982933535E+02
% -0.486308185223553E+01 -0.508628573686882E+01  0.121737398413799E+01
% -0.415789057016503E+02 -0.231868641394903E+02 -0.175654499520103E+01
% -0.211320942494633E+02 -0.190276556227241E+01  0.208326046887703E+01
%  0.341021055053427E+00  0.144060813606052E+01  0.958406588483267E+01
%  0.345536811990268E+01 -0.822388018487439E+01  0.243807387871390E+02
%  0.234334380022653E+02  0.288922521613295E+02 -0.138915643873858E+02
% -0.277068688858059E+02  0.108801136343195E+02  0.247743213093638E+02
%  0.120523913560143E+02 -0.377941868998416E+02  0.214341862126614E+02
%  0.736530867151190E+02 -0.455872231850953E+02 -0.626344267219515E+02
%  0.940547917254930E+01 -0.990463379519078E+01  0.175098841153100E+02
% -0.319729598425507E+01 -0.155920977552276E+02 -0.814743850819399E+01
%  0.915210889531274E+01  0.124722719905116E+02 -0.353822906982588E+02
% -0.348351648693331E+02  0.542309174016826E+02  0.298901264715344E+01
% -0.158097669592453E+02  0.101100622792124E+02 -0.236697548204388E+02
%  0.272150129809198E+02 -0.169845680063650E+02 -0.493326341547511E+02
%  0.362004525318559E+01 -0.734167981637350E+01 -0.529267495283471E+01
% -0.400997553995302E+02  0.243195142214072E+02  0.320274528725778E+02
%  0.894054697097096E+02  0.886898895297507E+02  0.343160149675053E+02
% -0.318925748153874E+02 -0.107347081834656E+02 -0.728374528478068E+00
%  0.656654772252581E+02 -0.218195597423546E+01  0.636912322397304E+01
% -0.412732143086052E+01  0.419291369320288E+01 -0.189345285559270E+02
%  0.223116066423737E+02 -0.685353787826653E+01 -0.123550362614962E+02
%  0.270120650861531E+01 -0.662376793426034E+01 -0.488027662538853E+01
% -0.554439791391653E+01 -0.163071413459156E+00 -0.100785999938709E+02
% -0.807479429858785E+01 -0.143675197377588E+02 -0.148379885083784E+02
%  0.309287448880278E+02  0.605181299798071E+01 -0.383406043021491E+01
%  0.174286151467575E+02  0.174163980999038E+02  0.195464462774782E+02
%  0.946773896931930E+01 -0.407711382695078E+01 -0.199803358982503E+01
%  0.158463755009510E+02  0.380379756927354E+00  0.163214633251748E+02
% -0.319307726639634E+02 -0.352954397732848E+02  0.448785590208627E+02
%  0.522698369006957E+02 -0.174408993259168E+02  0.198049950380481E+02
% -0.643080659869153E+00 -0.726501138019389E+00  0.676853370736236E+01
% -0.301762102361142E+01  0.714972734635268E+01 -0.636482204013923E+01
% -0.163944704826684E+02  0.466253219237265E+02  0.691411226161139E+01
% -0.325012663143969E+02  0.473606251804702E+01 -0.143037883343598E+02
%  0.157069644117938E+02  0.370841596695588E+02 -0.191200976182779E+02
% -0.540112408152777E+01  0.628146490901565E+01  0.411189524802510E+01
%  0.423717184930372E+01  0.167368329871682E+02  0.179423464028401E+01
%  0.901810144519551E+01 -0.199461612559974E+02  0.134013391432710E+02
% -0.123569721235881E+02  0.138732989635838E+02  0.239017292828661E+02
%  0.292900116414788E+02  0.207413682694627E+02  0.918732413354441E+01
% -0.371601918586352E+01 -0.446042847385301E+01 -0.136955951693087E+02
% -0.410532896987937E+01  0.539763407090010E+01 -0.340995619509761E+01
% -0.568788648678960E+02  0.414881313934015E+02 -0.236479945523822E+02
% -0.111392596161741E+02 -0.156405137195267E+02  0.138404371672656E+02
%  0.709828486918282E+01  0.199217105271021E+02 -0.633947077995722E+01
% -0.217061487028423E+02  0.447414564040636E+02 -0.301825204549023E+02
% -0.109012187785344E+01 -0.782225536764931E+01 -0.302874345306791E+02
% -0.196078091243007E+02 -0.105691547079891E+02  0.527003127389481E+02
%  0.729713134221434E-01  0.288418716990050E+01  0.855301295327030E+01
%  0.126867213478208E+02 -0.354939464121377E+02 -0.275169072872298E+02
% -0.704931419007930E+01 -0.114839619987523E+02 -0.854991944544577E+00
% -0.180632967645556E+02  0.245931471846433E+02  0.166688173186596E+02
% -0.161825612798721E+01  0.547941492588332E+01 -0.891762567775522E+01
%  0.132831773846164E+02 -0.318962986744420E+02  0.154158877490649E+02
%  0.710060368337756E+01 -0.150677427150042E+02  0.147460952923483E+02
%  0.632511126297379E+01  0.341010176670222E+02 -0.377291737425064E+02
% -0.115800186548991E+01 -0.100121179917065E+02 -0.152883033833068E+02
%  0.154142157169156E+01  0.381252398432974E+01 -0.813541259315340E+01
%  0.330692222031081E+01 -0.172935947918870E+01  0.366384193580502E+01
% -0.434768678027303E+00 -0.526459060802033E+01  0.124504775349882E+01
% -0.268116856386053E+01  0.113176443242340E+01  0.225798349660417E+01
%  0.388871442406677E+01  0.185867881967282E+02  0.848336892367530E+01
%  0.292776046004267E+02 -0.172235992211952E+02 -0.121503245371927E+02
%  0.171246616300970E+02 -0.310201233604511E+02 -0.486872874753068E+02
%  0.209942688648725E+02 -0.146192017535213E+02  0.673440378890675E+02
% -0.531930548356096E+02  0.171886226575798E+02  0.220925236866881E+02
%  0.546716104881412E+01 -0.180609131100086E+02 -0.887194124788746E+01
% -0.725700231727261E+00 -0.197617946901335E+00  0.568123401783033E+01
%  0.113440087969477E+02  0.900512179658943E+01 -0.168054753812512E+02
% -0.146041540569071E+02  0.205445209554445E+02  0.279678326528863E+02
%  0.980440678055204E+01  0.261397854494094E+01  0.400736925297238E+01
% -0.116275828733236E+00  0.721835605822680E+01  0.480896464549309E+01
% -0.270066379812155E+02 -0.147310842656774E+02 -0.180925218950267E+02
% -0.670336583531326E+01 -0.681990049067744E+01  0.175135653898536E+01
%  0.108885931937686E+01 -0.537450233181861E+02 -0.200185235850197E+02
% -0.105613307251935E+02 -0.887288654696094E+00 -0.100589499621770E+01
% -0.585875962187445E+01  0.805505353322051E+01 -0.292322729171099E+01
% -0.583053650717582E+02 -0.682081328603245E+02 -0.186309223571132E+02
%  0.673591958046641E+01  0.459505073084472E+01 -0.122261471965770E+01
% -0.104203179670155E+02 -0.172562732618729E+01  0.103693210324120E+01
% -0.680589397022995E+01 -0.453333302914404E+02  0.174253295761487E+02
%  0.165339828712731E+02 -0.745539138795920E+01 -0.183087856335358E+02
% -0.500430872896513E+01  0.401820035591444E+01  0.350203960309228E+01
% -0.186967905714550E+02 -0.125694753217943E+02  0.254609909937122E+02
% -0.219567815847674E+01 -0.167990568929484E+02  0.105596281333039E+01
% -0.277215066865049E+02 -0.259242983016499E+02  0.138855116451479E+02
%  0.815540748761060E+01 -0.617787607441810E+01 -0.437402616849012E+01
%  0.765913054470062E+00  0.191768110971427E+02  0.100300573987749E+02
% -0.627767314053177E+01 -0.374945997290904E+02  0.393183098020824E+02
% -0.233576868233997E+02  0.211387923852562E+02  0.280750819348333E+02
%  0.603008439296896E+02  0.669877842909104E+02  0.163145074435091E+02
% -0.483202955133759E+02  0.471200014657903E+01  0.767060743068165E+01
% -0.137166991296246E+02  0.112810111143164E+00  0.297706350123732E+02
%  0.414580278124616E+02  0.490374796954009E+02 -0.273054023319636E+01
%  0.352240236800846E+02 -0.169069963162138E+02  0.226994846791544E+02
%  0.207995736088168E+02  0.103437344053041E+02  0.122996803374940E+02
%  0.692413983820440E+02  0.712149663190122E+01 -0.256995655613100E+02
%  0.568088772448659E+00 -0.467466321924294E+00 -0.461146853654908E+01
%  0.217456747130905E+02 -0.319594604832840E+02  0.219312876868202E+02
%  0.149991269107315E+02 -0.311808986640564E+02 -0.142194773657673E+02
%  0.800453773130149E+01 -0.234481825356367E+02  0.141973839112123E+02
%  0.488593624790823E+01  0.571142742578751E+02  0.118430572336217E+02
% -0.349065893604591E+01  0.753835562353089E+01 -0.272360927778596E+02
