% T    256  0.715122828077254E+01  0.715122828077254E+01  0.715122828077254E+01
   0.620821736455447E+00  0.270953611021986E+01  0.203899907312597E+01
   0.547343013363130E+00  0.988380921602048E+00  0.219736257590546E+01
  -0.223797229196792E+01  0.249824510120640E+00  0.206741331448883E+01
  -0.249950106257483E+00  0.466813771532376E+00 -0.246457777208487E+01
  -0.270747100067496E+01  0.187881313268794E+01  0.352960187042206E+01
   0.695253938471384E+00  0.213369169816592E+01 -0.104152466580893E+01
  -0.145192181749655E+01  0.142251091907386E+01 -0.685816570332190E+00
  -0.298885685021383E+01 -0.256130128287121E+01 -0.220016116073266E+01
  -0.416397640605628E+00  0.611700112010055E+00  0.926301581545785E-01
   0.257670724598275E+01 -0.205855927053581E+01 -0.983735068769424E+00
  -0.193088719053278E+01 -0.585903482788227E+00 -0.276173534238172E+01
   0.508289659098477E+00  0.739685586163717E+00  0.341967359423551E+01
   0.143143314369258E+01  0.345903591319985E+00  0.125930974836164E+01
   0.178200430429889E+01 -0.240945855388599E+01 -0.199089058533643E+01
  -0.187717700280028E+01 -0.343456359613088E+01  0.180646063903532E+01
   0.163199250010866E+01  0.101936318113977E+01  0.307808125781702E+01
   0.213241899229487E+01 -0.494531528978705E+00 -0.137497837380970E+01
  -0.771235676665190E+00 -0.187835896801902E+01  0.187880927960943E+01
  -0.836354895826466E+00  0.200240011246661E+01  0.333569455428177E+01
   0.742723440836287E+00 -0.197802089155479E+01 -0.857115037977812E+00
   0.717138153093947E+00 -0.456724469060553E+00  0.945700503243824E+00
  -0.259077210631862E+01 -0.155077267692410E+01 -0.320359408611955E+01
   0.221156167341886E+01 -0.121729759919370E+01 -0.219076809624143E+01
  -0.145976241943781E+01 -0.638102788188185E+00 -0.198157033211404E+00
  -0.177300407559921E-01 -0.202329714425884E+01  0.430206576938694E+00
  -0.161110978620449E+01  0.874753062152527E+00 -0.242996040909595E+01
  -0.193659818546907E+01 -0.313363222577224E+01 -0.213224533610276E+01
  -0.155469545455571E+00 -0.280036076079251E+01  0.337100482370932E+01
  -0.104244183763878E+01 -0.147221585705226E+01 -0.300095729994978E+01
   0.771108946651690E+00 -0.264796693991515E+01  0.899469779812432E+00
   0.284047728781820E+01 -0.355638934478748E+00  0.165257801040183E+01
  -0.333678945781131E+01  0.112218625986127E+01 -0.655773888965238E+00
  -0.190766107073376E+01  0.687251907778283E+00 -0.334284490294484E+01
  -0.663540819446671E-01  0.318771602267306E+01 -0.351289937055910E+01
   0.230809126860108E+01  0.196352407696438E+01 -0.183685243826215E+01
  -0.142849558478475E+01  0.229372527166278E+01 -0.281028047536070E+01
  -0.967318130594941E+00 -0.272675741102429E+01 -0.307029597065608E+00
   0.237850797527612E+01  0.655070891018741E-01  0.602124575758489E+00
  -0.226584594871662E+01  0.125542348528492E+01 -0.164910197122514E+01
  -0.320961181170016E+01  0.257207548325537E+01 -0.922053130331611E+00
   0.343790439652350E+01 -0.206077669469550E+00 -0.190309484952344E+01
  -0.161426898377069E+01 -0.701588859452350E+00  0.230287825485285E+01
   0.225080250110328E+01  0.995926893288561E+00 -0.332280593453720E+01
  -0.133636782209078E+01  0.314048719920829E+01 -0.182755328772964E+01
   0.991172063974383E-02  0.304075248672111E+01 -0.201990845702125E+00
   0.131889999588646E+00 -0.131198068440530E+01  0.328288985139424E+01
   0.112434971371967E+01 -0.152645729469029E+01 -0.741262574000213E-01
  -0.265523369292137E+01  0.242598280811414E+01  0.249882044508736E+01
   0.274351161570040E+01  0.229617460978607E+01 -0.783275321472186E+00
   0.201543789682813E+01  0.193736724817390E+01  0.319752505979061E+01
   0.248851304539297E+01  0.141618926064647E+01  0.234646206506164E+01
  -0.185406876287248E+01  0.120087121745586E+01  0.279852556405711E+01
   0.349933507869408E+01  0.230440189473813E+01  0.296093567036620E-01
  -0.150424823367838E+01 -0.307427808155065E+00  0.109425338614686E+01
   0.190671703568250E+01  0.273241268872760E+01  0.213387827610410E+01
   0.113462622024460E+01  0.285549575117984E+00 -0.112648224661061E+01
   0.314207765959641E-01 -0.355908448401012E+01  0.140712345641527E+01
   0.134532347310629E+01  0.347020156464232E+01 -0.333866328723729E+01
   0.320501140018391E+01 -0.304283421026913E+01 -0.320927671994721E+01
   0.340354959160664E+01  0.337053029280451E+01  0.489403886167531E+00
   0.201339439831548E+00  0.104185278217215E+01  0.110020268334309E+01
   0.324737392223720E+01 -0.212341080190989E+01 -0.248851315648966E+01
   0.199252935358822E+01  0.991415763987835E+00 -0.106129746827186E+01
   0.342820505283937E+01 -0.191317628235182E+01  0.325000613457694E+01
   0.238958440961196E+01 -0.232728755742513E+01  0.296523769749872E+01
  -0.104021939414759E+01  0.295280945924608E+01  0.169085397659783E+01
   0.340884821008360E+00  0.272646956719175E+01  0.875709805393111E+00
   0.143473264234657E+01  0.153893927374305E+01  0.189802281925115E+01
   0.127804460417440E+01 -0.675242940388719E+00 -0.727712018918891E+00
   0.342189423907119E+01 -0.297544871839032E+01  0.287308859752007E+01
  -0.427601549552571E+00 -0.291296519694790E+00 -0.161379643849981E+01
   0.125824795160020E+01 -0.782917047035683E-01 -0.219368195385301E+01
  -0.513165117213590E+00  0.827073090558800E-01  0.104618615232446E+01
   0.164058265821646E+01 -0.141406118042218E+01  0.282339918930077E+01
  -0.100334646280593E+01 -0.287673596296745E+01  0.199238114451946E+01
  -0.151748584758882E+00 -0.254666621779627E+01  0.137472773246980E+01
  -0.100582723576660E+00  0.161840654949846E+01 -0.780655771313927E+00
   0.353667720453295E+01  0.382121946392360E+00  0.218672524706820E+01
   0.146839466086515E+01  0.215309628531290E+00 -0.185726785746138E-01
  -0.132515407985033E+01 -0.291780636406854E+01  0.306423841052373E+01
  -0.287519014334112E+01  0.122935335305593E+01  0.120750470445071E+01
  -0.342418084671414E+01 -0.315961340510854E+00 -0.844035519739342E+00
  -0.205642121003523E+01  0.352071358329912E+01  0.285546916649490E+01
  -0.271743256543760E+01 -0.284857280053234E+01  0.190306244718533E+01
   0.354856720571241E+01 -0.151695487760160E+01 -0.309664142187698E+00
   0.546737648990380E+00 -0.750138691848860E+00  0.227124704067158E+01
   0.108737046989641E+01  0.220707249931196E+01  0.292135086267903E+01
  -0.354157686395695E+01  0.404631693132917E+00  0.701823942931041E+00
  -0.100684682697390E+00 -0.328755608073986E+01  0.244169909429247E+01
  -0.588151320373313E+00  0.165942378834087E+01  0.248091126560339E+00
  -0.567062546803763E+00  0.309574619365711E+01 -0.254803845462563E+01
   0.183092011679471E+01 -0.229306556811588E+01  0.126964257041614E+00
  -0.286475244253197E+01 -0.347231806174057E+01 -0.728657641451578E-01
   0.342510009446155E+01 -0.564374785690117E+00  0.250366334116216E+01
   0.287391699326999E+01 -0.256864254106219E+01  0.124634193704988E+01
   0.167699029008018E+01 -0.704923581100833E+00  0.323097976329438E+00
  -0.846946142257533E+00  0.116848237879406E+01  0.275454344774517E+01
  -0.216082584063394E+01 -0.304710019858205E+01  0.718275627334423E+00
   0.230982583581626E+01  0.430127414991881E+00  0.219634398653376E+01
   0.204508194681309E+01 -0.772149803264077E+00  0.214683908524177E+01
   0.259186098929125E+00 -0.198487929632609E+01  0.232260338526336E+01
  -0.364804371050483E+00  0.355144940248469E+01 -0.153069398438973E+01
  -0.269227541351291E+01 -0.279295722733118E+01  0.295962194735476E+01
  -0.341626153074588E+01 -0.353634204795388E+01  0.151647368081156E+01
  -0.204236680390527E+01 -0.234444889100142E+01 -0.326196752995416E+00
  -0.426250503875443E+00 -0.961900997104767E+00  0.222463539087563E+01
   0.107434082486767E+01 -0.350610974014376E+01  0.266888193470946E+00
  -0.484321590383033E+00 -0.162736127961056E+01 -0.178259235072525E+01
   0.599297931431958E+00 -0.292176751369329E+01 -0.139177936389492E+01
  -0.715108652401125E+00  0.146044195840799E+01  0.168469937395581E+01
   0.281805571239176E+01  0.135310313638930E+01 -0.244529084805667E+01
  -0.396999920799849E+00  0.187861151692758E+00  0.208387195269111E+01
   0.336732751347334E+01  0.169432140954637E+00 -0.286366432147270E+01
   0.274502571783605E+01  0.292164234619999E+01 -0.270825252825948E+01
  -0.336970140318541E-01  0.208092979624933E+01 -0.297556786522789E+01
  -0.572135200588918E+00 -0.155644333033006E+00 -0.489671765396822E+00
  -0.106945087863997E+01 -0.325426316516956E+01  0.105359095981983E+01
   0.247057685222022E+01  0.340627349060585E+01  0.126788518245344E+01
   0.663264765961133E+00 -0.174621843319702E+01 -0.187187756824633E+01
   0.196062876418293E+01  0.307929619363606E+01 -0.357935662535731E+00
   0.262561519072104E+01 -0.101090382736158E+01 -0.171503526521569E+00
  -0.140368056279104E+01 -0.550599904242091E-01 -0.134875609769379E+01
  -0.297914180165633E+01  0.127997564802776E+01  0.256685180132173E+01
  -0.592545872420871E+00  0.250540945532459E+01 -0.133451995142680E+01
  -0.170975562177149E+01 -0.239235079868514E+01  0.155124255417215E+01
  -0.222223738842811E+01  0.592831023526461E+00  0.539406723845542E+00
   0.911409865189503E+00  0.897158409109254E+00 -0.270615610557382E+01
  -0.202376949722733E+01  0.267127449629944E+01  0.152771251590938E+01
  -0.345042889501483E+01 -0.275194218457117E+01  0.299944572851566E+00
   0.264287124549941E+01  0.285343867476270E+01  0.315837958311435E+01
  -0.308406265460719E+01 -0.118196842555609E+01  0.298770632428509E+01
   0.158214255171829E+01  0.135783923758363E+01  0.938813262330226E+00
   0.251355079211537E+01  0.202413953862077E+01  0.338584801886851E+00
   0.410927900010287E+00 -0.347120529211418E+01 -0.266493065969675E+01
  -0.168360009370172E+01 -0.206597548406928E+01 -0.225931137398795E+01
   0.770684070141931E-01 -0.119715299691456E+01 -0.250577388663589E+01
   0.253778724226426E+01 -0.328698879431345E+01 -0.236966309991326E+01
   0.164142426367704E+01  0.266530032303181E+01 -0.249107736353103E+01
  -0.541932173092981E+00 -0.762694214361065E+00  0.532076913537298E+00
   0.317755379406784E+01  0.316505646804376E+01  0.232544377003479E+01
   0.634797184052739E+00 -0.639221868144249E+00 -0.160735882320730E+01
  -0.259191420159010E+01  0.180753348740996E+01 -0.433272303495056E+00
   0.503392476516588E+00 -0.175327397415553E+00 -0.303660056293440E+01
  -0.268853415094387E+01  0.638936270912126E+00 -0.234858203979454E+01
   0.116290721055906E-01 -0.313353060372618E+01  0.326439811854220E+00
  -0.251949277337039E+01  0.421032336257819E+00 -0.106821993394893E+01
   0.746039814413823E+00  0.322543987833711E+01 -0.116310971433994E+01
  -0.134756685684626E+01  0.360377882557693E+00  0.308760439860475E+01
  -0.344987143202322E+01  0.355034009463545E+01 -0.232981260606756E+01
  -0.266643333597211E+01 -0.356222963421418E+01 -0.146333975308331E+01
   0.138037171305302E+01  0.175292545122274E+01 -0.292120306174706E+01
   0.137176691084981E+01  0.227154054319731E+01  0.830496323464418E+00
   0.976599740209756E+00  0.115166109042782E+01 -0.540841465001921E+00
  -0.963748270613027E-01  0.192061504858022E+01  0.233252222836762E+01
   0.334414741378574E+01  0.151995833433585E+01  0.314142618686608E+01
  -0.283910992554482E+01 -0.134891911885685E+01 -0.233187013370168E+01
   0.297454915194256E+01  0.530314082723365E+00 -0.128712644056732E+01
  -0.232097274772517E+01 -0.986391509786653E+00 -0.716834805070335E+00
  -0.793938135252027E+00 -0.152341511172145E+01 -0.444525890543813E+00
  -0.136875502950070E+01  0.346266768560633E+01  0.522858883103875E-01
  -0.291730569169141E+01 -0.424840135416040E+00 -0.277943920267196E+01
   0.264503200681245E+01  0.119787603716556E+01  0.127564301862730E+01
  -0.186758103366179E+01  0.111322572563989E+01  0.162446110928640E+01
   0.238600149513406E+01  0.344762609588785E+01 -0.121412282658193E+01
   0.108552426370885E+01  0.340889005256102E+01  0.265596165981505E+01
  -0.222976137488729E+01  0.283352003807875E+01 -0.654421263942974E-01
  -0.344669844735311E+01 -0.187467380614961E+01  0.120188978814625E+01
  -0.865061259789105E+00 -0.305903789854091E+01 -0.241579296020670E+01
  -0.438605987050633E+00 -0.265881794567308E+01 -0.117008223163528E+01
   0.302676790906859E+01  0.463116112877082E+00  0.314750823970628E+01
  -0.175984213785942E+01 -0.847297954427825E+00  0.339309970486992E+01
   0.649376465382895E+00 -0.213670932571470E+01 -0.278424471656077E+01
   0.129792098836949E+01  0.173584472849840E+00  0.250855802688279E+01
  -0.347863325701048E+01  0.125513512238096E+01 -0.189401120813716E+01
   0.731564529536386E+00  0.251989514440701E+01 -0.203617241032458E+01
  -0.350121799918188E+01 -0.226018997585183E+01  0.223975841552411E+01
  -0.788179676229966E+00  0.143581368022558E+01 -0.270649973482550E+01
  -0.175591636599032E+01 -0.213304223527992E+01 -0.347477547535327E+01
  -0.296406077487252E+01  0.268665708350453E+01  0.869126801337874E+00
  -0.336362873996292E+01  0.185005271650520E+01  0.177788967842827E+01
   0.202498332540179E+00 -0.132687738178894E+01  0.136221846815267E+01
   0.241142892125873E+01 -0.320472105734868E+01  0.161873355462242E+00
   0.130726735824945E+01 -0.294306645683786E+01 -0.621360925122652E+00
   0.344471419092895E+01 -0.286980253053772E+01 -0.156727570123291E+01
   0.239432389731310E+01 -0.324344982311342E+01  0.227441379837639E+01
  -0.264112723926804E+01 -0.120369787669082E+01  0.407447777764493E+00
  -0.309254121066834E+01 -0.281110049070348E+01 -0.833450579563185E+00
  -0.225287832234329E+01  0.291064806751615E+01 -0.257559655973788E+01
  -0.654499985086648E+00 -0.499455259878430E+00 -0.289934593292492E+01
   0.287606700443204E+01 -0.137935314845780E+01  0.201852614507687E+01
  -0.134071434093021E+01  0.189748719147527E+01 -0.187897208158795E+01
   0.170045939146405E+01  0.272919750834861E+01 -0.129515558793047E+01
  -0.649884431336195E+00  0.268886826407923E+01  0.758202773960092E+00
   0.983842454725726E-01 -0.184701843849246E+00  0.310058752689927E+01
   0.400445991787982E+00 -0.284396182361920E+00  0.415959135837234E-01
  -0.247956941203448E+01  0.308952953210443E+00  0.304782268657322E+01
  -0.268595924307480E+01  0.307609072418053E+01 -0.356541796518347E+01
  -0.144685731927606E+01  0.216102391514498E+01  0.234887325984921E+01
   0.143922136914638E+01 -0.140973912918770E+01 -0.288678932574949E+01
  -0.744283520604021E+00  0.293285247911432E+01  0.279632291393593E+01
   0.328165611501445E+01 -0.113280725627107E+01 -0.326968428933607E+01
   0.296137397087405E+01 -0.172509408210804E+01  0.453899007941598E+00
   0.186728019534195E+01  0.849579309426873E+00 -0.224095923681489E+01
  -0.274239232084764E+01  0.145307661104771E+00 -0.133433923263425E+00
   0.248416604757163E+01  0.220296564001088E+01  0.145966900317714E+01
  -0.352935229419123E+01  0.256641842892555E+01  0.308498164512771E+01
  -0.124779785018185E+01  0.917434835237337E+00  0.705876487266839E+00
  -0.137881339798934E+01  0.419153622357770E+00 -0.299508012715523E+00
   0.330473863287376E+01  0.238406751220120E+01 -0.199820518368849E+01
  -0.199079717181016E+01  0.266831133845312E+01 -0.112097446112103E+01
   0.246629880943958E+01 -0.176882786938603E+01 -0.333858240407591E+01
   0.187122114187170E+01  0.113280107114399E+01 -0.245348494909420E-01
  -0.227856231926455E+01 -0.326301850450096E+01 -0.318893788384033E+01
  -0.160087725519670E+01 -0.112798841025389E+01 -0.191085142646697E+01
  -0.352262425041783E+01  0.253335747136467E+01 -0.308344641596889E+01
   0.250400899699964E+01 -0.154162952060516E-01 -0.228804408815069E+01
  -0.434571967301413E+00  0.431910206512000E+00 -0.351313987685880E+01
   0.108402928670452E+01 -0.400797093840268E+00  0.340726206585129E+01
   0.175448826393781E+01 -0.247283165270812E+01  0.145758198375676E+01
  -0.311133785296493E+01  0.968292689481139E+00 -0.345098469734656E+01
  -0.256314364481626E+01 -0.362875318053252E+00 -0.174307080348175E+01
   0.117481410646103E+01  0.153760003189499E+01 -0.176999286875906E+01
  -0.132430683922378E+01 -0.165907644496727E+01  0.722889357531383E+00
   0.124624165087558E+01 -0.356789889278467E+01  0.146395078270953E+01
  -0.306050271265984E+01  0.334502847718038E+01  0.264463708403096E+01
   0.252290406560578E+01 -0.457316886186308E+00 -0.320646341796602E+01
   0.240352190075109E+01  0.589508414621447E-01 -0.453101244143357E+00
  -0.615230698001869E-01  0.182183835937731E+01 -0.196561026314818E+01
   0.344652032181753E+01 -0.797370874056340E+00  0.755535937036670E+00
   0.344039978808082E+01 -0.148297962113624E+01 -0.141604309702494E+01
  -0.956478560197691E+00  0.240146036446624E+01 -0.425340300792220E+00
  -0.761712942905767E+00 -0.191144122246552E+01  0.325711281868037E+01
   0.147055948565590E+01 -0.356577430778406E+01 -0.206940060175430E+01
   0.327191795984694E+01 -0.348844649568550E+01 -0.601804541854237E+00
  -0.314644394552420E+01 -0.504739244703520E+00  0.157227364387728E+01
   0.797101938049972E+00 -0.281066993355574E+01  0.203339311561345E+01
  -0.743415499962923E+00 -0.652867734356251E+00  0.316581511028213E+01
  -0.206647476559172E+01 -0.340217164785352E+01 -0.682679380560730E+00
   0.168821968936868E+01 -0.150834143907880E+01 -0.108923016036088E+01
   0.541566205910616E+00  0.184566476201977E+01  0.806886140741061E-01
  -0.263895294396337E+01  0.168910712716420E+01 -0.253256040123135E+01
   0.190275935654782E+00 -0.104950141446392E+01 -0.699537445203526E+00
  -0.716093851102256E+00  0.103302994653281E+01 -0.128935106606482E+01
  -0.174959681406298E+01  0.259687416159965E+01  0.329135059657153E+01
  -0.127720162909619E+01  0.352298073294829E+01 -0.342381064182055E+01
  -0.132993218280930E+01 -0.211507396183721E+01 -0.113206375986686E+01
  -0.171256275390664E+01 -0.184801958067888E+01  0.271491676156437E+01
  -0.230576733142939E+01 -0.140664134699963E+01  0.209793446311837E+01
   0.323610713175885E+00  0.743048258891553E+00 -0.152726230234563E+01
  -0.298325551037610E+01 -0.256692167705311E+01 -0.316593965945374E+01
  -0.205756421112119E+01  0.197104335315879E+01  0.494677720299311E+00
   0.143140453876336E+01 -0.232912764137313E+01  0.342111125000929E+01
   0.221734037261395E+01 -0.135412327224197E+01  0.108690852995005E+01
   0.162295143747424E+01  0.211523353626718E+01 -0.426128368859983E+00
   0.266533377317683E+01 -0.857015150732086E+00  0.300018025694169E+01
   0.221859608614080E+01 -0.335519983160556E+01  0.338769764915653E+01
%  0.150119063136803E+01  0.866176787456341E-01 -0.156603988089764E+01
%  0.147668080876199E+01 -0.992645131764246E-01  0.128572435390977E+01
%  0.451007044362848E+00 -0.155619001669569E+01  0.185121084409399E+01
% -0.174048561129968E+01 -0.409034699027875E+00  0.873005077119797E+00
%  0.341073346589426E+00  0.216235766958883E+00  0.121573872203420E+01
% -0.862059101985218E-01 -0.107066351132024E+01  0.307234383781621E+00
%  0.136702838936997E+01  0.950829321451514E+00  0.714392591050547E-01
%  0.412278912211103E+00 -0.728839662642277E+00 -0.221486567729328E+01
% -0.730836243042965E+00  0.103904151888920E+01  0.336322935272645E-01
% -0.115416650244306E+01 -0.633224727627620E-01  0.115196959177438E+00
%  0.290644224049041E+01 -0.141095325130415E+00 -0.470059351023861E+00
% -0.117311073086766E-01 -0.163126528914436E+01 -0.170506048206169E+01
% -0.184420243663485E+01  0.518410434467027E+00  0.876132604949462E+00
%  0.152732388728115E+01  0.819254212462519E+00 -0.309084760398817E+00
%  0.606041393911389E+00 -0.104058297527805E+01  0.631882210878186E+00
% -0.136217409634625E+01 -0.114779235429484E+01  0.154649368879771E+01
% -0.151640171843074E+01 -0.208105635986289E+01  0.144424627413066E+01
%  0.144417357970624E+01  0.122978158004162E+01  0.214828541889861E+01
%  0.279408093483743E+01  0.242303125469715E+00  0.454108993092403E+00
% -0.926579864533238E+00 -0.173089189776240E+01 -0.358477281611971E+00
% -0.387795036506381E+00  0.163187307728100E+01 -0.221329508531908E+01
% -0.113225234773540E+01  0.490062994120889E+00  0.845191164484342E+00
% -0.135334122280817E+00  0.275802251663658E+00  0.172243801175186E+01
%  0.134598527190710E+01  0.982039382694535E-01 -0.172435236584554E+01
% -0.525753031035168E+00 -0.120953209737380E+01 -0.697176438177588E+00
% -0.494988605519072E+00 -0.362179532492567E+00 -0.119774857648162E+01
% -0.401335977812928E+00 -0.348063315333452E+00 -0.817571165750021E-01
%  0.509508947194637E+00  0.983000047897145E+00 -0.216272037291377E+00
% -0.998002027725878E+00 -0.103231986501475E+01 -0.145668125410549E+01
%  0.686608436411935E+00  0.130324091729435E+01  0.593440082409300E+00
% -0.359198605208537E+00 -0.849933919771018E-01  0.126912984715055E+00
%  0.245660682695644E+01  0.266476235520208E+00  0.920439076978806E+00
% -0.843226326014150E+00 -0.700759170900266E+00  0.212113245340042E+00
%  0.100424939896069E+01  0.342904670599655E+00  0.189555699284960E+01
%  0.287335092391468E+00  0.198475992062496E+01 -0.276201036822850E+00
% -0.169766242527528E+01  0.677704212844690E+00  0.223070827554539E+00
% -0.574571329844546E+00  0.148665189850232E+01 -0.357013571094795E+00
%  0.913683049428734E+00 -0.123887601919469E+01 -0.342454793347004E-01
% -0.883785211689949E+00  0.163078399040348E+01 -0.168946598834012E+01
%  0.585427090234835E+00  0.360169097974909E+00 -0.350508569236556E+00
% -0.316563884589544E+00 -0.135352821956674E+00  0.129818055084470E+01
%  0.976456114344719E+00  0.211131375659033E+00  0.103292365353941E+01
% -0.524592719121640E+00 -0.198331516154324E+00 -0.100518451885015E+01
% -0.354032571479255E+00 -0.201694609658831E+00 -0.140166984676981E+01
%  0.110156007504592E+01  0.419546619773601E+00 -0.208781833539107E+01
% -0.865942142380719E-01 -0.700165681429764E+00  0.722654744845026E+00
% -0.129681248283847E+01 -0.152927276617530E+01  0.920545782562681E+00
%  0.531135821406865E+00  0.107088846454584E+00  0.115520290489840E+01
%  0.499346464679710E+00  0.222637408804920E+00  0.943767523035577E-01
%  0.188220525253842E+00  0.917460771398330E-01  0.250692830614149E+00
% -0.124806147878845E+01 -0.157121058400591E+01  0.289545047998175E+01
% -0.480012821744242E+00 -0.181220282124012E+00 -0.504430536921542E+00
% -0.615379060448314E+00 -0.204755942850334E-01  0.377731959968465E+00
%  0.574118186025476E+00  0.446973893471822E+00  0.113940890942434E+01
%  0.357353655996237E+00  0.986126462610360E-01 -0.340924526124975E+00
%  0.329388698398495E+00 -0.325565342652766E-01 -0.174849177043584E+01
%  0.437716179767592E+00  0.129231366023960E+01  0.494350075693213E+00
% -0.321594309339784E+00  0.778256683345194E+00  0.127946633760623E+01
% -0.871677359335139E+00  0.983988440542040E+00  0.119688479297868E+01
% -0.199708921641322E+01  0.616450680896994E+00 -0.932910806379846E+00
% -0.414312063662083E-01 -0.601897713100698E+00 -0.119081295943406E+01
%  0.204069222627768E+00  0.125757407513935E+01 -0.119387449702749E+01
%  0.320702299336334E+00 -0.869424473999565E-01 -0.595706930580160E-01
% -0.185275535721112E+01 -0.122791568356040E+00  0.685664392056469E-01
% -0.865566908645447E-01  0.273154042925994E+00 -0.819684577893499E+00
%  0.123088943817026E+01 -0.142713973059466E+01 -0.366603776969251E+00
% -0.969198961484676E-02  0.153397952268229E+01  0.179462401127816E+01
% -0.375253907431572E+00  0.106679899968360E+01  0.305931401661812E+00
% -0.749327697949105E+00  0.670536361254869E+00 -0.343830561285815E+00
%  0.982099198089968E+00  0.182524783959522E+00  0.480277044086927E+00
%  0.256009292027914E+00 -0.182388489063235E+01 -0.906463068665003E+00
%  0.486152896699752E-01 -0.462232410162107E+00  0.208195767733963E+01
%  0.103227794990753E+01 -0.385060135694418E+00 -0.527535140391471E+00
% -0.118718873023116E+00  0.258489747910332E+00 -0.762084920458260E-01
%  0.283006681641772E-01 -0.170445913959556E+01 -0.103804580110991E+00
%  0.104901264720907E+00 -0.150258663950213E+01 -0.234263926036717E+00
%  0.338572176091194E+00  0.117218279222472E+01  0.864925343545067E+00
% -0.712205628953167E+00  0.518620516856430E+00 -0.449772157462700E+00
%  0.112407128870985E+01 -0.130499534273116E+01 -0.109355095744756E+01
%  0.906685154636603E+00 -0.119774828796204E+01 -0.656419924594562E+00
% -0.692326587307193E+00  0.809210083604839E+00  0.831759859785499E+00
% -0.543833527282388E-02 -0.359366082665433E+00  0.296947720609926E+00
%  0.181014609945245E+00 -0.189832491973832E+00  0.992971966058759E+00
% -0.137234528226564E+00  0.162884077235372E+01  0.119621599719922E+00
% -0.109137495375757E+01 -0.165661284594210E+01 -0.776301787411144E+00
%  0.129988747423344E+01  0.501391008302921E+00  0.115343750145636E+01
%  0.107461295818172E+00 -0.260401441662669E+00  0.144634480061375E+01
% -0.611360087846503E+00 -0.525047363410464E+00  0.638706006638895E+00
%  0.735409552436792E+00  0.659132228248522E+00  0.412067412696158E+00
%  0.448283512313217E+00  0.126145167009978E+01 -0.118832330723690E+01
%  0.900259225515461E+00 -0.206665217020340E+01 -0.180678705716081E+00
% -0.154884201578164E+00 -0.891043796199343E+00 -0.111392129242726E+01
% -0.307820870149440E+00 -0.661906638753284E-02 -0.169282407798639E+01
% -0.185092890427337E+00  0.114187719357227E+01  0.289970411062786E+00
%  0.143541513017581E+01  0.100331694012676E+01  0.694750467843282E+00
%  0.211704835118653E+01 -0.809314572453989E+00 -0.662137610715487E+00
% -0.408041682189694E+00 -0.346132600571948E+00  0.412099904545610E+00
% -0.146456051457672E-01  0.413063066572616E+00  0.245999683685180E+01
% -0.778446541281390E+00  0.685772690875630E-01  0.764016149904284E+00
%  0.131166447151907E+01  0.497433009551440E+00  0.822999348829935E+00
%  0.716554799956903E+00 -0.168453275052160E+00 -0.240409654741615E+01
%  0.133727137710020E+01  0.157950240412168E+01 -0.696596823760561E+00
% -0.126772527756252E+01 -0.317738162719051E+01  0.202875475551060E+01
%  0.202042136881926E+01  0.909371738957657E+00  0.182895542000083E+01
%  0.106660140161048E+01 -0.495703427599559E+00 -0.150290132241528E+01
%  0.250886216780207E+00 -0.555048039372000E+00  0.349329956353743E-01
%  0.126767772191641E+01 -0.502636202795557E+00 -0.113612223302221E+01
%  0.169010608509178E+00  0.742859967477637E+00 -0.647763643511795E+00
% -0.537280500972597E+00  0.206677184768375E+01 -0.127302193199171E+01
%  0.178199977977420E+01  0.134131880817752E+01  0.165313995213839E+01
%  0.587978242875786E-01  0.936595450284667E+00 -0.931147563015051E+00
%  0.154487533168230E+01  0.684292908262188E+00  0.844960913675616E+00
% -0.505456461154708E+00  0.125204120736405E+00 -0.976747652470972E+00
% -0.437892967597556E+00 -0.169359934093894E+01 -0.785094895601367E+00
% -0.380022688807880E+00 -0.879308510987266E+00  0.191590963841357E+00
% -0.182108983886409E+01  0.961532384940935E+00  0.131944984138303E+01
% -0.577696751556786E+00 -0.765235034712418E+00 -0.445514443437246E+00
%  0.269809909097386E+00 -0.232648882784872E+00  0.212267775971377E+01
% -0.731521264246702E+00 -0.831149825556724E+00  0.258336919044380E+00
%  0.166384221937506E+00  0.756275914463575E+00  0.158560725769516E+00
% -0.120180199211581E+00  0.151372603446953E+01 -0.103340490074665E+01
% -0.222136885873509E+00 -0.586866680393941E+00 -0.619964932905916E+00
% -0.284071782461245E+01 -0.162518592512670E+01 -0.352287496645748E+00
%  0.768708502494351E+00  0.182646590317761E+01  0.150312261411965E+01
%  0.166167166315979E+00 -0.126187149880472E+01 -0.649664291484427E+00
%  0.892376296832471E+00 -0.515477775286736E+00 -0.129603615558105E+01
%  0.990160990068376E+00 -0.101890438460461E+01 -0.534925148013646E+00
% -0.325663756405621E-01  0.505930043778174E+00 -0.307611229006696E+00
% -0.352299587323289E+00  0.454630817345350E+00  0.252792240521851E+01
% -0.386159522765102E+00 -0.107367565343967E+01 -0.172760349124558E+01
%  0.511222204204532E+00 -0.106324933569733E+00 -0.105650531686453E+01
% -0.863932304885093E-01 -0.986646995962144E+00 -0.156541440722518E+01
% -0.369610237990666E+00 -0.653410519307280E+00  0.720017451385303E+00
% -0.991340554596198E-01 -0.160853162421808E+01 -0.600699438753930E+00
%  0.382020379905906E+00 -0.185165259318956E+01  0.350054594752931E+00
%  0.136233058765258E+01 -0.319095118423856E+00  0.114448265814657E+01
% -0.227776177735686E+00 -0.892851180111753E+00 -0.974383417718442E+00
%  0.897366145980244E+00  0.117258041047275E+01  0.604581611770215E+00
%  0.109146357137530E+01 -0.391432669681004E+00  0.156565047279534E+01
%  0.158021844227340E+01 -0.124864283305946E+01 -0.115278935797017E+01
% -0.869098792386091E+00  0.459454927484042E+00 -0.536824596574993E+00
%  0.112758492042767E+01 -0.103494808295462E+01 -0.708543781420334E+00
% -0.662830022337228E+00  0.462373106322568E-01  0.249404726882484E+00
% -0.113476378862875E+01 -0.108170465873661E+01 -0.146806216221949E+01
% -0.839085652356861E+00  0.244426792018733E+01  0.173608222189094E+00
% -0.147251419344031E+01  0.419697964743664E+00 -0.615321640399926E+00
% -0.479601008230648E+00 -0.143509646929444E+01 -0.169581051216071E+01
%  0.115852403808727E+01 -0.830718159220510E+00 -0.820129603035251E+00
%  0.337419828073604E-01 -0.833091657902375E-01  0.523003747583314E+00
% -0.488270807315820E+00  0.587990319477882E+00  0.140739528592171E+01
%  0.109965261330214E+01  0.168230972777801E+01 -0.617089477888570E+00
% -0.200667819801091E+01 -0.502358756707560E+00 -0.131382594106625E+01
% -0.119413690431668E+01 -0.687758728583713E+00  0.856314507565283E+00
% -0.515946386290733E-01 -0.476961241257945E+00  0.442624293492071E+00
%  0.107903888526208E+01 -0.329267787022996E+00  0.260472506671795E+00
%  0.119315560287516E+01 -0.103341984526487E+01 -0.951994268392031E+00
%  0.149852554852969E+01 -0.729140039689185E-01  0.795331968305674E+00
% -0.344688862034731E+00  0.177975586561959E+00 -0.124159332335258E+01
%  0.132394125892264E+01  0.263229096861310E+00 -0.110411114541882E+00
% -0.114050700161822E+00 -0.139750175203534E+01 -0.152512145692919E+01
% -0.124393124543540E+01 -0.220004561933220E+01 -0.135252345881515E+01
%  0.164299495576697E+01  0.597579974416820E+00  0.918444871499953E-01
% -0.752234086964675E-01  0.446012852558087E+00 -0.109037138925844E+01
% -0.565917617378545E+00 -0.988613282512792E-01  0.574295979014752E+00
% -0.612825615367138E+00 -0.773001035882320E+00 -0.493786629635918E+00
% -0.101313551120431E+01 -0.110420133929886E+01 -0.290135401993684E-01
%  0.880389626557457E+00  0.610215919012982E+00 -0.618155830984894E+00
%  0.114140959441670E+01 -0.100990737487112E+01  0.367907475350022E-01
%  0.259559008635478E+01  0.223215853727723E-01 -0.112547502940826E+01
%  0.280597882760338E+00 -0.599769077856829E+00 -0.939864920142184E-01
%  0.138960910985393E+01  0.237363782743171E+01 -0.301252995182355E+00
% -0.268706611124253E+01 -0.588004656118353E+00  0.226880519607991E+01
% -0.100007780403902E+01  0.715791361488888E+00 -0.998971684697884E+00
% -0.632345483593931E+00  0.173314557735438E+00 -0.253042157878869E+00
% -0.158602666187481E+01 -0.870637250966195E-01 -0.249023622484570E+00
% -0.203113089010868E+01  0.420202882187894E+00  0.767062507459994E+00
% -0.146778054997725E+01  0.149961017035841E+01  0.858763666680628E+00
%  0.435583663557801E+00 -0.824756292643067E+00 -0.175843020889243E+00
%  0.994973342341636E+00  0.430797506054033E+00  0.137908594465303E+01
% -0.201186446770509E+00  0.202265913450459E+01 -0.107220705888015E+00
%  0.387206475040798E+00  0.914201882734186E+00 -0.632494163993603E+00
% -0.217505700895196E+01  0.601518492016896E+00 -0.347327150052139E-01
% -0.115652976970084E+01 -0.238881033210706E+00  0.598866696511328E+00
% -0.716113409204048E+00 -0.859867477733886E-01  0.972815486157093E+00
% -0.920331507144169E+00  0.286008190658856E+00  0.626755454275828E+00
%  0.117585238337664E+01  0.522069769513273E+00 -0.498391680116844E-01
% -0.401467249882801E+00  0.148630747995285E+00 -0.496712462667296E+00
%  0.572161070560961E+00  0.792268202961458E-01 -0.547105519047432E+00
%  0.222168846379645E+00  0.654535647360807E+00  0.363243601182999E+00
%  0.109213440283325E+01 -0.146860368405680E+01 -0.532787067904066E+00
% -0.265058434497593E+00  0.919770701053200E+00 -0.149984634065184E+00
% -0.850321067247817E-01  0.155390506415500E+01 -0.111851095395935E+01
% -0.134072035053626E+01  0.136142375186364E+01  0.287288891163696E+00
% -0.146945436969951E+01  0.963905459495985E+00 -0.855295212609408E+00
% -0.127870272642915E+00  0.120659468731124E+01 -0.585845373013879E+00
%  0.669287258463987E+00  0.326064047939229E+00 -0.162518312245266E+01
%  0.124329312629352E+00  0.657632431239888E+00 -0.728130278974339E+00
%  0.159863316611123E+01 -0.552743923209532E+00  0.134489126009439E+01
%  0.165347653365182E+01  0.437964592800611E+00  0.113099293818735E+01
% -0.257762722384035E+01  0.224739403465114E+01 -0.605809360588154E+00
%  0.199407741076766E+00  0.744900856505001E+00 -0.652931932170225E-01
% -0.104212650534259E+01 -0.119684861882430E+01  0.636338923543542E+00
% -0.833288137443242E+00 -0.127566149846470E+01 -0.206925368195637E+01
% -0.221402460630301E+01  0.603956717152154E+00  0.171627107361709E+01
% -0.190541564540962E+01 -0.789583046356436E+00  0.108693158755821E+00
% -0.100139263281083E+01  0.997529240231234E+00 -0.115915441727689E+00
% -0.843317166956430E+00  0.249815547552342E+01  0.924633608133466E+00
%  0.338336939802729E+00 -0.152455856761135E+01  0.143944621282917E+01
%  0.145455113664447E+00  0.122000439011536E+01 -0.132941917694407E+01
% -0.820950197169822E+00 -0.209100602118920E+00 -0.108308731223622E+01
% -0.575758285130948E+00 -0.695565179795461E+00 -0.119049710755648E+01
%  0.153459742634709E+00 -0.650476367605302E+00  0.204682313037044E+01
% -0.394362469000221E+00  0.163681305005029E+01 -0.835648473453791E+00
%  0.274881848795157E+00  0.705419353732360E+00  0.167877543974163E+01
%  0.101836457128756E+01  0.245675752842115E+01 -0.992011429670521E+00
% -0.105457392880833E+01  0.158895165478497E+01  0.195372933361584E+01
% -0.407933052458031E+00 -0.121866225571622E+01 -0.593532913504611E-01
% -0.522388897131705E+00  0.535749055651725E+00 -0.101531815190483E+01
%  0.136940233215686E+01 -0.420638232495792E-01  0.860952719187573E+00
% -0.171783239203124E+01 -0.800590560552272E+00  0.442581675636630E+00
% -0.672799500744770E+00 -0.124660481496963E+01  0.151027784643304E+01
%  0.124839105228162E+01 -0.143237174202168E+01 -0.681417989373150E+00
%  0.286264372149644E+00 -0.726744476166003E+00 -0.784900129376415E-01
%  0.259683402689261E+00 -0.113133652273165E+00 -0.115576094688225E+01
% -0.152623041424854E+00 -0.354991827006622E+00 -0.335821748731552E+00
%  0.133514895973786E+01 -0.734512148579368E+00  0.108106844841031E+01
%  0.800683594385132E+00 -0.701089658694170E+00  0.754194072348634E-01
% -0.806526157852656E+00 -0.533591387644429E+00 -0.150578413066045E+01
%  0.569679651026857E-01  0.881151480027348E-01 -0.198233604399695E+01
%  0.291363174844530E+00 -0.107999720709404E+00  0.253534942760502E+01
%  0.155185055433503E+00  0.169744285811321E+01  0.117824883170144E+01
% -0.106288388003557E+01 -0.669511617587907E-01  0.133457088268374E+01
%  0.556686038076602E+00  0.112979265820052E+01 -0.897301110685621E+00
% -0.491269629863645E+00 -0.148601678092030E+00 -0.173443367520748E+01
%  0.123212238906107E+01 -0.167106347076123E+00  0.106016711271372E+01
% -0.177520954991545E+01 -0.121934215760334E+00 -0.795081095181364E+00
% -0.780173408995551E+00 -0.675376854161208E-01 -0.155148692988247E+01
%  0.231447005161023E+01 -0.899262737945690E+00  0.168144627578971E+01
%  0.821358648805964E+00 -0.779279540129527E-02  0.125200775206289E+01
%  0.104837646324661E+01  0.181148840040780E+01 -0.781985371560465E+00
% -0.826825738147814E-01  0.257456668570269E+00  0.174744120622483E+01
%  0.127400432281986E+01  0.406668499796011E+00  0.117178274344299E+01
% -0.126078577327360E+01 -0.101770324975090E+01 -0.156205102225035E+00
%  0.185238529161218E+00  0.103499242032709E+01 -0.135425276466552E+00
% -0.206664830982818E+01  0.325592212889925E+00 -0.212446211870075E+01
% -0.814574601638407E-01 -0.144145840763464E+01  0.171251383142181E+01
% -0.221047690025679E+00 -0.507530981887520E+00 -0.411640266066995E+00
%  0.825448124190763E+00  0.414831057932718E+00  0.405698260191702E+00
%  0.626614556286526E+00  0.131329668217191E+01 -0.143556632908085E+00
%  0.461558193344742E+00 -0.108987230112652E+01 -0.880211048029889E+00
% -0.550213250303225E+00 -0.140465883015349E+01  0.128253706457702E+01
% -0.120556856164156E+01  0.360320896820229E+00  0.496025306959449E+00
% -0.924343537033727E+00 -0.906719362771484E+00 -0.773382319785309E+00
%  0.176961040515557E+00  0.161306762972247E+01 -0.565246820799894E+00
%  0.145369830736954E+00  0.111430800654720E+01 -0.116742475890780E+01
% -0.265564336977180E+00 -0.200926712979764E+01 -0.672958369936467E-01
% -0.288539520431104E+01 -0.247746677119589E+01 -0.113252034114086E+02
% -0.385039085419320E+01 -0.370525097725803E+01  0.293469882464514E+01
% -0.504472461552453E-01 -0.947063673615402E+01 -0.134034112753333E+02
%  0.254950301294917E+01  0.151124014144380E+01  0.700392609660424E+01
%  0.838975780720686E+01  0.207561057068310E+02 -0.823147984646380E+01
%  0.206962320936201E+02  0.175981530013145E+02  0.106208673421667E+01
% -0.109530138409056E+02  0.110233430182796E+02  0.623794858888043E+01
%  0.254373130498737E+02  0.285730716559603E+01  0.333134673940063E+02
%  0.194302989896925E+02  0.263457201198916E+02  0.192196150508924E+02
%  0.749161243242657E+01 -0.481417270622319E+01  0.272630271159976E+01
%  0.205767040091979E+02  0.564821786433943E+00  0.517077454446538E+01
%  0.216457199912815E+02  0.977025622605600E+01 -0.531442017175374E+01
%  0.222136099034450E+01 -0.336453773716934E+01  0.257053878214746E+01
% -0.144854447710521E+01  0.190840215130957E+01  0.137776695296609E+01
%  0.361361758786736E+01 -0.121469432064211E+02 -0.360658288886472E+01
% -0.340076870288473E+02 -0.155476987169612E+02 -0.338923415991751E+02
% -0.140230163045997E+00  0.378324788934333E+01  0.156733792461621E+01
% -0.767660007505020E+01  0.108415720722946E+02  0.978270183531497E+00
%  0.161049814831637E+01  0.909808002112191E+01  0.137431532166511E+02
% -0.150402991095093E+02 -0.192160476419553E+02 -0.157052581143353E+02
%  0.124363083597197E+02 -0.488504633767780E+01  0.343019894366881E+02
%  0.179207259141666E+02 -0.882418984824001E+01 -0.782480707774840E+02
%  0.696961646018456E+01 -0.517465492296721E+00  0.232643353780909E+01
% -0.184984590256563E+01 -0.688448790120449E+01  0.797909654576887E+01
% -0.234412879785046E+01  0.658768200260966E+01 -0.489865876253854E+01
%  0.533602709438946E+01  0.812853613415362E+00  0.366139796702737E+02
% -0.154496446371096E+01 -0.345555878584432E-02 -0.270852087984220E+01
% -0.610226938335199E-01 -0.641608345961798E+00  0.808548938698137E+01
% -0.486980618818755E+01  0.366550013488427E+01  0.124418478025767E+02
%  0.142692929868757E+02  0.448797648526962E+00  0.997392509559996E+00
%  0.923973714468597E+01  0.843422695851447E+01 -0.191475343408057E+02
% -0.815866987103253E+01 -0.988035907093524E+01 -0.525507086769436E+01
% -0.293364139780048E+02  0.136981393045418E+02  0.106876106222562E+02
% -0.127880571440546E+01 -0.376087265695717E+00 -0.491563038711870E+01
% -0.179361313843768E+02  0.113321063732305E+02  0.149342781072992E+02
%  0.356230904384969E+01  0.810165838994141E+01 -0.192579550538356E+02
% -0.708938291866679E+01 -0.683245148794004E+00  0.200392852832677E+02
%  0.480766626782429E+01  0.306123876569917E+01  0.121934101796743E+02
%  0.958519520543793E+01  0.152916157627190E+02  0.177117294763465E+02
%  0.960875305944378E+00  0.609557829965623E+01 -0.447972523048742E+01
%  0.187840947881548E+02 -0.120030232794495E+02  0.104694479624734E+02
%  0.182563059194767E+02  0.153739837350341E+02  0.452768565011410E+01
%  0.247349354483389E+02 -0.168730002255263E+01  0.300082016091694E+02
% -0.736147300024880E+01  0.176327066423873E+00 -0.190187960133516E+01
%  0.111101934570295E+00 -0.466922829164287E+01 -0.129009492574363E+01
%  0.585736894590426E+01  0.411005312746098E+01 -0.436161427769991E+00
%  0.318022494713250E+01  0.144932998287797E+02  0.253404588176920E+02
%  0.163352501830837E+02 -0.176681721159147E+02 -0.360203145331500E+01
% -0.434136841874048E+01  0.283464237043127E+01 -0.311653975607787E+01
%  0.286044528914292E+02  0.148097238567219E+02  0.102831804382545E+02
%  0.397932941237304E+01  0.181980073656328E+02  0.463787393871352E+01
% -0.302153758772728E+02  0.160816616973651E+02 -0.459682034489711E+01
%  0.750445011811326E+01  0.193484384291695E+01  0.220694466601632E+01
% -0.521804001248383E+01 -0.345164683817845E+00 -0.107114605631518E+01
% -0.846625401681396E+01  0.756468663574858E+01  0.102644009525921E+02
%  0.166603633790872E+02 -0.807259541941718E+01  0.593748758122324E-01
%  0.120542387876674E+01 -0.826856073812689E+01 -0.726528716546119E+00
% -0.134836681557959E+02 -0.574367275504820E+01  0.837058133979042E+01
% -0.344636179206342E+01 -0.932810215146182E+00  0.383669912479408E+00
% -0.749281784037173E+01 -0.328857026948701E+01 -0.286399511268213E+00
% -0.166072330206299E+01 -0.670881197935016E+00 -0.184827473205555E+01
% -0.596383887073459E+01  0.369349146009114E+01 -0.427575035468388E+01
% -0.194366265478133E+01  0.154846193765086E+01 -0.955812731857900E+01
% -0.107440929941627E+02 -0.303710560293850E+02 -0.151837448010417E+01
%  0.895326873904669E+01 -0.782021606342247E+01 -0.189140789794961E+02
%  0.108995740441595E+02  0.982530103692062E+01  0.111566503102967E+02
%  0.278248592513480E+02 -0.278107363049532E+01 -0.145614993685989E+01
%  0.154799189186552E+01  0.889641328032259E+01  0.308309212928917E+02
% -0.105258970503721E+02  0.168268179116959E+02  0.163382101411661E+02
% -0.192847128556604E+02 -0.255599815264599E+02  0.181531738551530E+02
%  0.115956600972964E+02 -0.319119503858279E+01 -0.428186478783614E+01
%  0.109330681762862E+02  0.734976392408501E+01 -0.765974319698726E+01
%  0.744105604120234E+01  0.265215639438725E+02  0.666917287259668E+01
% -0.505450723316248E+01 -0.892211797592097E+01  0.137094783432290E+02
%  0.366022023906336E+02 -0.262462002439859E+02  0.418442916496423E+02
% -0.387157205560636E+01  0.552034701659677E+01  0.243398994374928E+01
% -0.108533418414661E+02 -0.894513680215132E+00  0.204739045256598E+02
%  0.406878807198437E+01  0.226931827165737E+02 -0.105638392058156E+02
% -0.269770637907686E+02  0.143543655796909E+01 -0.453926194102928E+01
%  0.667060278594602E+01  0.344712587001863E+02 -0.275575537835570E+02
%  0.177261682129154E+02 -0.247920449554800E+02 -0.226656017469785E+02
% -0.112788219495773E+01 -0.220092527729601E+01 -0.178963313404285E+01
%  0.968965179542445E+01 -0.516192557089030E+01 -0.380865237223973E+01
%  0.353940204503551E+01  0.502876702288030E+01 -0.559333481727956E+01
%  0.261225105115783E+02  0.409786617592134E+01 -0.226353796303065E+02
%  0.267115346405521E+02  0.506689972362766E+01  0.272360434091147E+01
% -0.185212470422226E+02  0.460647384264606E+01 -0.813372108535018E+01
%  0.111229275537474E+00 -0.268398120640299E+01  0.194882392222268E+01
% -0.247831194591130E-01 -0.593753142580266E+01 -0.217988577703182E+01
%  0.324188167383817E+01  0.249109189478198E+01  0.304350188246348E+01
%  0.570650382534818E+01 -0.138590188465490E+02 -0.426716954538522E+01
%  0.356171479900211E+01  0.878413624389809E+00  0.295954534254975E+01
% -0.146861922932507E+01 -0.222358851904925E+02  0.106653998921873E+02
%  0.326733057418287E+02  0.815807482607324E+01 -0.198666327229921E+02
% -0.197250426135215E+01 -0.450554849701594E+01  0.387758205336473E-01
%  0.328518689083258E+01 -0.172843795671719E+02  0.884609381186514E+01
%  0.317526214558830E+02  0.158890588688748E+00 -0.175281174267157E+02
%  0.896020680066053E+00 -0.165049716266758E+01 -0.433401624351699E+00
% -0.109194111777244E+01 -0.156059977468526E+02 -0.252287826799084E+01
% -0.180985525981585E+02  0.160394248474929E+02 -0.967244293864790E+01
% -0.109766242750714E+02  0.132570567279211E+02  0.465094375395666E+01
%  0.773668571405319E+01 -0.149998957816756E+02 -0.713941634693666E+01
%  0.584604813688156E+01  0.916606761656786E+01  0.756635394341659E+01
% -0.363433758064134E+01 -0.220620304463856E+01 -0.369527087118909E+01
% -0.281010631176050E+01 -0.129977708992772E+01  0.372395528184106E+01
% -0.182674479574701E+02  0.117998478671747E+01 -0.355928780886715E+01
%  0.323936612183411E+00 -0.602029313556282E+01  0.400306130279019E+01
% -0.127702586129911E+02 -0.745061318194483E+01  0.159089493111666E+02
% -0.501781372687177E+01  0.795392138177995E+01 -0.148511660537049E+02
% -0.151461176653488E+02 -0.111590368438347E+02 -0.160122736538317E+02
%  0.269824661430855E+01 -0.121203024087819E+02 -0.217343610910276E+02
%  0.165971147609170E+01  0.185729028536383E+01  0.131346184630154E+02
%  0.131422578451281E+01  0.147505091646443E+02 -0.175174084929871E+02
% -0.123362660393417E+02 -0.438148318464994E+01 -0.768476433606442E+01
%  0.988202098641377E+01  0.143920925105003E+02 -0.126084684367665E+02
%  0.170516590247472E+02 -0.395173293505041E+02 -0.299719140773957E+02
%  0.290949387971915E+01 -0.589703354510057E+01 -0.178765587624191E+02
%  0.114627265224761E+01  0.220062523969919E+00  0.345282428578943E+00
%  0.111041025134685E+02  0.449407626133036E+01  0.279233853988963E+02
%  0.621206889362997E+00  0.121490594368917E+02  0.248067215161775E+02
% -0.140048374376184E+02  0.180759671151606E+02 -0.129806880913728E+02
% -0.133810091082338E+02  0.304116812447493E+01  0.487771285434280E+01
%  0.155965112109479E+02 -0.920769689424828E+01  0.183212331961840E+01
%  0.134531651537322E+02  0.173866113715657E+01 -0.241523394090002E+02
% -0.345268425524700E+02  0.269418143402846E+02 -0.208910308778286E+02
%  0.185426878182285E+02  0.198031550560627E+02  0.332174222618866E+02
% -0.195637368869934E+02 -0.226728161641287E+02  0.603085224540034E+01
% -0.133525340234454E+02 -0.661719186300894E+01 -0.304575528801476E+01
% -0.157012849385352E+02  0.221727485041869E+02  0.886262469494624E+01
% -0.169479725888293E+02 -0.365576640026109E+01  0.907613740619031E+01
%  0.259269475131838E+02  0.325307052827707E+01  0.298111373609710E+01
%  0.167924762308523E+02 -0.609210623121384E+02 -0.131898888064947E+02
% -0.101305694873386E+02 -0.185174977127674E+01  0.146610305959526E+01
%  0.185355551422504E+01  0.119026585571808E+01  0.573736114284789E+01
% -0.206645416415992E+01 -0.194553777650309E+02 -0.104956468378786E+02
%  0.461737681064613E+01  0.180940987208287E+02 -0.237593534199966E+02
% -0.304473487631439E+01  0.148552314384867E+02  0.908140997580855E+01
%  0.190106596732870E+02 -0.152147229637551E+01 -0.554802203988958E+01
% -0.334520290408006E+00 -0.261307094113589E+02 -0.179981623407994E+02
% -0.275925856389994E+02 -0.309490930214771E+01 -0.221064842489536E+02
% -0.912629670261392E+01 -0.799858234906994E+01  0.340134909408660E+01
%  0.102884812874673E+02  0.652141562991191E+01 -0.110486523519775E+01
% -0.448586207693917E+02  0.161091774533413E+02  0.543747834999784E+02
% -0.828013116991473E+01 -0.207751082573349E+02 -0.120230280301981E+02
% -0.769126749862463E+01 -0.295878297341052E+01  0.444729618797340E+00
%  0.460237250958803E+01  0.803388183929105E+01 -0.107619438847376E+02
% -0.163783004310207E+01 -0.543912473903440E+01  0.388259801758761E+01
%  0.175484371291440E+02 -0.492827812830868E+02 -0.247587357783260E+02
%  0.546160459927257E+00 -0.377826608683035E+01 -0.498384679942479E+01
% -0.182001847075154E+02 -0.109801710108664E+02 -0.210389617466080E+02
%  0.109607797485557E+02  0.984182003911828E+01 -0.906574013693631E+01
% -0.116573239292784E+02  0.631680661168315E+02 -0.816667122707409E+01
% -0.675244613263910E+01 -0.297479862897835E+01 -0.137848055213530E+02
%  0.967448538116806E+01  0.100489389679205E+02  0.163434863479972E+02
% -0.168983899543213E+02  0.729597190031211E+01  0.194430611555584E+01
% -0.214266745685820E+02  0.530983468785613E+01  0.868750834126709E+02
% -0.210271675316070E+00  0.307945800147963E+01 -0.366511937722953E+00
% -0.695526071785641E+01  0.100861534494101E+01 -0.437053194219871E+01
%  0.473417400975618E+01  0.321891059983302E+01  0.762043483500366E+01
%  0.947045825049398E+01 -0.279028260641263E+01  0.783743409531208E+01
% -0.206816297011565E+02  0.110782323651960E+02 -0.892764838746116E+01
%  0.123663038568935E+01 -0.149773924242704E+02 -0.392513906184608E+01
%  0.745776137311487E+01  0.112024107781654E+02 -0.211349181881445E+01
%  0.219223002344782E+02  0.237353441981028E+02 -0.145187716824917E+02
%  0.587947538541894E+01  0.702735467436643E+01  0.513094655992601E+01
% -0.406157039440752E+01 -0.124652480442075E+01 -0.306320136011569E+01
%  0.692041175710065E+01  0.412897771619219E+01  0.222211034512558E+01
% -0.215813232546405E+01  0.779303418980657E+01  0.935299964817588E+00
%  0.148818179978490E+02  0.181061378290009E+02 -0.948132014669258E+01
% -0.250181720566074E+01 -0.327166857909173E+01  0.299813350249526E+01
% -0.525245402234937E+01 -0.706437637077217E+01 -0.597676173991087E+01
% -0.312525285245997E+01 -0.155426068287274E+02 -0.264379240207979E+02
% -0.588501905168527E+01 -0.405742516617379E+01 -0.589682286056567E+01
%  0.128422759921385E+02 -0.170891369384908E+01  0.116362640177784E+02
% -0.720334382934006E+01  0.729749438453927E+01 -0.122375265698282E+01
% -0.170690437284664E+01  0.301579786954671E+02 -0.184454305542202E+02
%  0.258563363478438E+01 -0.801932354543989E+01 -0.399436558703213E+01
% -0.358805589407414E+01 -0.130056773995656E+02  0.223686760152196E+02
%  0.290994387689818E+01 -0.805772594561999E+00 -0.377216658638169E+00
% -0.246202739644333E+02  0.318404759897678E+02  0.172268967960062E+02
% -0.512819702100528E+01 -0.600600036479217E+01 -0.448810863978926E+00
%  0.494703326800823E+01 -0.267534962529885E+01  0.207424059166930E+01
%  0.869911973109751E+01 -0.421912140509171E+00  0.204220948605144E+01
% -0.514524362355101E+02 -0.770761321729375E+01 -0.238117020232564E+02
% -0.283864552238933E+01  0.273498296068161E+01 -0.805582453285479E+00
% -0.236680041589511E+01  0.592303321224299E+00 -0.114434723893110E+01
%  0.345321783801857E+02  0.196357472736568E+02  0.332039936956532E+02
% -0.436179506619415E+01  0.576977273107723E+01  0.487868442685768E+01
%  0.855569363431031E+00  0.106280419026527E+02  0.101242482017411E+01
%  0.112206615910816E+02 -0.149398965150057E+02 -0.193306002118328E+01
%  0.146531845462776E-01 -0.684812258877612E+01  0.203306234039244E+02
% -0.203080534860174E+02 -0.231639872046836E+02 -0.217703729783684E+02
% -0.217463430167331E+02 -0.219921136341965E+00 -0.149375580587031E+02
%  0.463213090509205E+02 -0.532015313792549E+01 -0.314318855365137E+02
% -0.940366018813931E+01  0.972447255447024E+01 -0.348879545939612E+02
% -0.147548879689664E+02 -0.558235664407680E+01  0.687657013410217E+01
% -0.153119830225374E+02 -0.298808339086103E+02 -0.319495879577716E+01
%  0.176179894586938E+01 -0.600418144660354E+01 -0.137133743481857E+01
% -0.287652385235110E+01  0.164312216609912E+01 -0.631972632065471E+01
% -0.246414805786728E+01  0.567235126910184E+01 -0.318943218595000E+01
%  0.247815187754323E+02  0.998013534219085E+01  0.140275981635868E+02
% -0.115648900914318E+02 -0.301490801047373E+02  0.268353488597199E+02
%  0.404879248739154E+01  0.352494075150325E+01  0.395098273135065E+01
% -0.292736933637836E+02 -0.288136545390944E+02 -0.987214897339599E+01
%  0.251956547635053E+01  0.501824235750415E+01 -0.513456126299882E+01
%  0.372263424322563E+01 -0.198185045718625E+02 -0.185156847905268E+02
%  0.646528942631262E+01  0.240427534360920E+01  0.645555729394537E+01
% -0.247847359741360E+02  0.128886652991339E+02  0.157369192023504E+01
%  0.766229417042628E+01 -0.413855704204465E+01  0.676086756077757E+01
% -0.221847332369638E+01 -0.410133008509174E+01  0.185949524476646E+01
% -0.998004702104249E+01  0.441349165292740E+01  0.143563860225827E+02
%  0.246917880640942E+02  0.151685784142922E+02  0.393693764172214E+01
%  0.317950273623210E+02  0.923677102379052E+01  0.899292999335957E+01
%  0.473825422962896E+01  0.187741742944394E+02  0.138367171895166E+02
%  0.114867032871144E+02 -0.702580949342615E+01  0.289448155843645E+02
% -0.176405065114650E+02  0.677229584888604E+01  0.136232116124143E+02
% -0.344180668780063E+02  0.180006048935306E+02  0.208455899269061E+02
%  0.473768672403064E+02 -0.210834997425582E+02 -0.470664125298156E+02
%  0.761586266034078E+00 -0.228437251684835E+01 -0.861692257306142E+00
% -0.124929811381005E+01 -0.236013915333863E+02  0.106086633057939E+02
%  0.141581535501948E+01 -0.100553284575346E+02 -0.582136729286835E+01
%  0.212432980449403E+01 -0.374745847829021E+01 -0.169325702027106E+01
%  0.289132752652390E+01  0.439007617062077E+00 -0.975707843343625E+00
%  0.285683403202261E+01 -0.815074308706266E+01 -0.470885539919874E+01
%  0.212808520567466E+02  0.382593366503287E+02 -0.898216153519636E+01
% -0.162593055337363E+02  0.684059118606867E+01 -0.338839979139406E+01
%  0.535505498068319E+01 -0.550736355879593E+00 -0.107554672079986E+02
% -0.151851770517128E+01 -0.134151990085341E+02  0.132483075649948E+02
% -0.858444359217311E+01 -0.196825053449401E+01 -0.107406106661812E+02
%  0.102481559194559E+01  0.118374845653272E+01 -0.465831577695797E+01
% -0.145321695277860E+02  0.257487951905817E+01  0.269706360058622E+02
%  0.798239421310998E+00 -0.200734672306498E+01 -0.147301384794981E+02
% -0.480390338710326E+01  0.119482122115568E+02  0.864858047120562E+01
% -0.193548927557053E+01 -0.483503072430437E+01  0.399510620300673E+01
%  0.742696150709216E+01  0.443420403919251E+01  0.957905124294805E+01
%  0.377918948968169E+01 -0.558155426661694E+01 -0.243876718974488E+01
% -0.392872511001677E+02 -0.163303109248728E+02  0.934397578002427E+01
%  0.272692734043863E+02  0.807278003737733E+01 -0.307052338441770E+00
%  0.535254993621952E+01 -0.152914975474985E+02 -0.124029818735650E+02
% -0.321852759408410E+01  0.120914283971378E+02  0.114587559425203E+02
% -0.998325477073657E+00  0.985091657545946E+01 -0.892045552807396E+01
% -0.255900666189393E+01 -0.218889458308083E+00 -0.154912247082973E+00
% -0.110991270040553E+02 -0.229714867040620E+02 -0.250658924692838E+02
% -0.238254123870611E+01 -0.391611409596936E+01  0.441376609525266E+01
%  0.639166193460559E+01 -0.322121438964792E+02  0.282836674155373E+02
% -0.126816332340219E+02  0.418623525418357E+01 -0.123903810914557E+02
%  0.296589347947262E+02 -0.157224578286707E+02  0.623218722780794E+01
% -0.455958769259910E+02  0.576415036618713E+01 -0.339574053993828E+02
% -0.115014272672743E+02  0.104946371991765E+02 -0.795787305060431E+01
% -0.195011363428411E+02  0.212264559337378E+02 -0.419755017524742E+02
%  0.424845484421132E+01 -0.980046437385173E+01  0.111876400070023E+02
% -0.535379123554133E+01 -0.113436467345244E+01  0.650426898634988E+01
% -0.446814851933866E+01  0.415832426128050E+01  0.603679424381944E+01
% -0.565954547477072E+01 -0.178627638825622E+02  0.413223775114425E+01
% -0.385001016657756E+02 -0.243376206047069E+02  0.230299258068442E+02
%  0.120567351514937E+02  0.120768292247197E+02 -0.413107481674086E+01
