% T    256  0.715122828077254E+01  0.715122828077254E+01  0.715122828077254E+01
  -0.332413826789873E+01  0.229156763541050E+01 -0.172042910367841E+01
   0.318047142453883E-02  0.958331244754244E+00 -0.276027206012642E+01
  -0.297163931856745E+01 -0.267922151273043E+01 -0.842153923452072E+00
   0.242410213513857E+01 -0.311808910988096E+01 -0.126233274851457E+01
   0.109795998681977E+01 -0.189997624191389E+00 -0.141224346397330E+01
  -0.217624472840434E+01 -0.503670580598614E+00 -0.266009388880150E+00
   0.128862463086655E+01  0.355144656667838E+01  0.120211980009653E+01
   0.298984914824257E+00 -0.161291597149166E+01  0.604702303091207E+00
  -0.114084437307921E+01 -0.313842963276819E+01  0.328738377946091E+01
  -0.223880150312220E+01 -0.249950789400255E+00  0.815049259725766E+00
  -0.182220004522669E+00  0.161281163995187E+01  0.271222308801705E+01
  -0.203929605612701E+01  0.191002252465268E+01  0.902834353020907E+00
  -0.238489790021051E+01 -0.172182095042203E+00 -0.281643171444525E+01
   0.229157950807901E+01  0.481830250229757E-01  0.175924572312301E+01
   0.112148639138724E+01 -0.352138826916857E+01 -0.128565296723668E+01
   0.202954515904768E+01  0.327655092087994E+01 -0.618252164320669E+00
  -0.273152717690904E+01  0.185598211639332E+01  0.237325928162808E+01
   0.293385695999505E+01 -0.324008439337694E+01 -0.284549044205411E+00
   0.276907373269907E+01 -0.331112906538214E+01 -0.337069523442468E+01
  -0.106204269423113E+01 -0.951289315088748E+00 -0.709268225768365E+00
   0.325353101392371E+01  0.326742237034655E+01  0.182735536677754E+01
  -0.394503035899989E+00 -0.567897683249383E+00  0.171367481924024E+01
  -0.214212748683167E+01  0.430068251961151E+00 -0.168081923869268E+01
   0.266097497142785E+00 -0.244559957850606E+01 -0.120227173513447E+01
  -0.280883427138568E+01  0.328007328721447E+01  0.230628926597163E+01
   0.350551981481297E+01  0.273689581180068E+01 -0.687463830572386E+00
   0.121023314153360E+01  0.176670539856349E+01 -0.211798419282560E+01
   0.160945080010984E+01  0.177629774315377E+01  0.801176265146893E+00
   0.193003170511915E+01  0.274119839115602E+01  0.164591693363488E+01
  -0.329672032869658E+00  0.161205298970313E+01  0.150770996078034E+01
   0.463493637430558E+00  0.213367981748002E+01 -0.970477082155032E+00
  -0.823885179199257E+00  0.346628251632288E+01 -0.283128326365406E+01
   0.203546533835620E+01  0.111078764656399E+01 -0.253778566715475E+01
   0.515089151373933E+00  0.271118797744693E+01  0.996058263275727E+00
  -0.295410935678724E+01  0.147420251270318E+01  0.329751051939127E+01
   0.102207633754556E+01 -0.363356924503542E-01 -0.449596235380080E-01
   0.216866087726014E+00 -0.416319526734759E+00  0.808357431050754E+00
   0.298174772262157E+00  0.576024126828723E+00 -0.163238126740326E+01
  -0.353249527335280E+01  0.213621565114545E+01  0.249639500981504E+00
   0.248938746178434E+01  0.363168165221147E+00  0.481914021418773E+00
   0.288345591622679E+01  0.299625991421085E+01 -0.272609121496332E+01
  -0.385630249139655E+00 -0.350281258329702E+01 -0.643177195772736E+00
   0.995220798782112E+00 -0.134613271186640E+01 -0.698847559349521E+00
   0.898164680663514E+00  0.159319065064808E-01  0.176125680012249E+01
  -0.188730616016905E+01  0.149356219538002E+01 -0.218819451493244E+01
  -0.192361279181264E+01 -0.337461533638938E+01 -0.268631953635290E+01
   0.934341281013308E+00 -0.305152496756459E+01  0.334377733791769E+01
   0.279981526801505E+01  0.149062778099341E+01  0.392486608218572E+00
   0.302740132847725E+01  0.835347646674196E+00  0.225785800911256E+01
   0.291513261046727E+01 -0.211857691063149E+01 -0.357245667355857E+01
  -0.279680798960438E+01  0.149682224327074E+01  0.127565099697545E+01
   0.443933566324998E+00  0.277417048666824E+00  0.354016263239338E+01
  -0.198810295496986E+01  0.905857228467977E+00  0.278343590273565E+01
   0.355799769167821E+01  0.239987816093674E+01  0.273283318338491E+01
   0.266995553417762E+01  0.212728995750897E+01  0.234689279826650E+01
   0.305386273565757E+01  0.331401846499952E+01  0.287970771862784E+01
  -0.239430963414487E+01  0.305619625354361E+01  0.540696356926537E+00
  -0.737146296453522E-01 -0.217827178491725E+01  0.353414916996220E+01
   0.295600789830348E+01 -0.150502609066542E+01 -0.191533836780893E+01
   0.250334068166518E+01  0.201084027004711E+01 -0.301090990207852E+01
   0.477585713354843E+00 -0.120313210791364E+01  0.343543949444867E+01
   0.327822524672017E+01 -0.242604748332338E+01 -0.249014340554847E+01
   0.248000603991430E+01  0.445153421684854E+00 -0.153454486659010E+01
  -0.311036836982110E+01 -0.325771489942362E+01  0.149688484296501E+01
  -0.297306109553574E+01 -0.103437613599307E+01  0.353029634038651E+01
   0.639465434106079E+00  0.322132537875891E+01 -0.201540273255379E+01
   0.261127934693222E+01 -0.123669270586162E+01 -0.916612579027446E+00
  -0.163752044022273E+00  0.841545893775958E-01 -0.234411995157560E+00
   0.154126088868703E+01  0.250568067149155E+01  0.266331688535195E+01
   0.527769487169666E+00  0.121501924539805E+01 -0.535339871242444E+00
   0.154632238889484E+01  0.341388830738322E+00  0.254619239723812E+01
   0.132941698893579E+01  0.798634694486816E+00 -0.171600869001022E+01
  -0.262503180585613E+01 -0.164653403131770E+01 -0.149627363174999E+01
  -0.178931365762079E+01  0.145994416367078E+01 -0.340243591411936E+01
  -0.135013633368031E+01 -0.136083018549563E+01  0.257224011245609E+01
  -0.125000890850207E+01  0.481067004706699E+00  0.265752210850571E+00
  -0.857042033654511E+00  0.251994628588723E+01  0.276764042555267E+01
  -0.163772135341812E+01  0.492011214784932E+00  0.141422934615627E+01
  -0.174370706687724E+01  0.228755104224718E+01  0.281339196526490E+01
   0.101242333236648E+01  0.407981622830362E+00 -0.257842936735634E+01
   0.321706086953944E+01  0.118587485072916E+01 -0.206665435656653E+01
  -0.180396332209598E+01  0.122241845391767E+01 -0.106604509051548E+01
   0.446515999641097E+00 -0.350958456922516E+01  0.187616448969309E+00
   0.828865813132578E+00 -0.261486987602135E+01  0.861331243167568E+00
  -0.170919334531217E+01  0.283541629120591E+01  0.201333235530845E+01
   0.603695248370765E+00 -0.253616948596302E+01  0.245632715626526E+01
   0.125323903223305E+01  0.180971511950773E+01 -0.832298879325297E-01
   0.235093544098569E+01 -0.226947074213097E+01  0.280047816505648E+01
   0.241319041398193E+01 -0.218649735001089E+01  0.535734125800325E+00
   0.164438847623109E+01  0.925734516579988E+00  0.149073602751466E+01
   0.236675192265299E+01  0.297066141987505E+01 -0.343125388975683E+01
  -0.182644538233588E+01  0.280658472791919E+01 -0.244296324780049E+01
   0.217108805625121E+01 -0.338108798385852E+01 -0.238461880159387E+01
  -0.310253316579915E+01  0.130180192959198E+01 -0.860158116614433E-01
   0.149887727989473E+01 -0.304661929506157E+01  0.172428716104941E+00
  -0.344002267539191E+01 -0.218628508811323E+01  0.935783374582883E+00
   0.342522421402049E+00 -0.429254995148990E+00  0.252250592539517E+01
   0.244406868596817E+00  0.182136782520890E+01  0.521796286907363E+00
  -0.105041017387631E+01 -0.248692497432759E+01 -0.918004458190703E+00
   0.456278588965901E-01 -0.184507720296619E+01  0.175327076909053E+01
   0.263042211007524E+01  0.941006756033967E+00 -0.335117164001473E+01
  -0.352563195411568E+01  0.303136204544215E+01 -0.344820463614443E+01
   0.193795502900117E+01 -0.257722566552714E+01 -0.303819667805622E+01
   0.251069598891880E+01 -0.224971627879801E+01 -0.170629427832145E+01
  -0.301791668817711E+00 -0.944693473780113E+00  0.512414560665510E-02
  -0.180906424295703E+01  0.120085904510932E+01 -0.628528731078449E-01
  -0.264235372092052E+00 -0.314533690658838E+01 -0.187983735290456E+01
  -0.331772138283180E+01 -0.281534889460438E+01  0.322250703435939E+01
  -0.533847773258891E+00 -0.726498663383094E-01 -0.145733805168222E+01
  -0.519609039712856E+00  0.396959766563854E-01  0.270813245175395E+01
   0.319353629557183E+01 -0.278113956453928E+01  0.196324185534819E+01
   0.104316590064035E+01 -0.121613908510279E+01  0.130624532561356E+01
   0.972999203127500E+00  0.723698535609352E+00  0.685688900185227E+00
  -0.305910373445254E+01  0.282367515997283E+01  0.151148723826217E+01
  -0.354533738113565E+01  0.194898296086951E+01  0.173801137918371E+01
   0.331242713304748E+01 -0.310969926907323E+01 -0.175843278537464E+01
  -0.137161432976493E+01  0.249702813469676E+01 -0.343546706248983E+01
   0.133158899134811E+01 -0.433082249300269E+00  0.328004487271275E+01
   0.158153166213080E+01  0.238675140637198E+01 -0.135862498299435E+01
  -0.119443313904674E+01 -0.286022743016929E+01  0.150033971591314E+01
   0.283780879313980E+01  0.257898721288977E+01  0.125666098368254E+01
  -0.340582516310518E+01 -0.671263605212232E-01  0.148174481386334E+01
   0.733010773745966E+00 -0.234817832888097E+01 -0.281068147450468E+01
   0.562580232952920E+00  0.131985272707033E+01  0.160078225957448E+01
  -0.247511782002074E+00  0.873026678083122E+00  0.565719631856714E+00
  -0.790632774569930E+00 -0.142808671432857E+00 -0.311461974505005E+01
  -0.719144651601636E+00 -0.160613981882362E+01 -0.164725862733839E+01
  -0.176512593732200E+01 -0.280704104864399E+01 -0.173058777538441E+01
  -0.172543629950681E+01  0.554688059197028E+00 -0.289108803828549E+01
   0.270031084297829E+01  0.187784411359887E+01 -0.159300902902691E+01
   0.928496689948591E+00 -0.161310691640305E+01 -0.182566435240269E+01
  -0.162972767505252E+01 -0.341540097047559E+01 -0.102144584551218E+01
   0.227567334957117E+00 -0.322241239944379E+01  0.169650802271092E+01
  -0.148762448517952E+01  0.339322814977399E+01  0.108248948376946E+01
   0.647474575741665E+00  0.859336227496640E+00  0.275548157752707E+01
  -0.126828827213169E+01  0.326913307535881E+01 -0.179058179808570E+01
   0.173882927056156E+01 -0.331180450260079E+01  0.266365507438407E+01
  -0.119376376384282E+01 -0.633686109540655E+00  0.641153113940792E+00
   0.353978013698926E+01 -0.188360911282808E+01  0.214338451436345E+01
   0.357198303602867E+01  0.152672493625774E+01 -0.300296497955508E+01
   0.261736811940467E+01 -0.142448475733694E+01  0.772494979766904E-01
   0.168770270753712E+01  0.170704888946158E+01  0.344396618463436E+01
   0.240436441646863E+01 -0.219938357201363E+01 -0.494140070637794E+00
  -0.172708422728253E+01 -0.368387045813105E+00 -0.356834922558746E+01
   0.144946266288699E+01 -0.917285198049706E+00  0.435855297854197E+00
  -0.271321740187131E+01  0.243925751775819E+01 -0.315099968301435E+01
  -0.282483327565895E+01  0.825305173168788E+00  0.207658027196859E+01
  -0.141877850672169E+01  0.143675592387607E+01  0.191067868324409E+01
   0.796427681363098E+00 -0.143525408401306E+01  0.244200806143813E+01
   0.559116744224019E+00  0.280624846744648E+01 -0.301732587119984E+01
   0.260026036258794E+01  0.210874381309017E+00  0.300887157343282E+01
   0.152846029938251E+01  0.351163555380874E+01 -0.313703033370091E+01
  -0.174694975619953E+00 -0.919438504145138E+00 -0.278223580840795E+01
   0.171075249312238E+01 -0.964680712421916E+00 -0.141037230886925E+01
  -0.243591391312381E+01  0.350249985664483E+01 -0.179772542358645E+01
  -0.286342071011526E+01 -0.244464537124412E+01 -0.196191182813256E+01
  -0.188024459234582E+01 -0.105806927322877E+01 -0.141875771807054E+01
   0.429491542292852E+00  0.234272541394296E+01  0.195562824953180E+01
  -0.261591602973833E+01 -0.989720270142766E+00  0.199233092530460E+01
   0.290744433109341E+01 -0.459718083226930E+00  0.537031168748478E+00
  -0.655016680300773E-01  0.464687589713454E+00  0.191448829747576E+01
  -0.333748539527434E+01 -0.109984325059381E+01 -0.947168409541872E+00
  -0.194823685715248E+01  0.221126266488955E+01 -0.233488217527533E+00
   0.132505734421039E+01  0.299225601162750E+01  0.118866339170470E-02
   0.330133241444788E+01 -0.229824535392244E+01 -0.110869336078156E+01
  -0.115337131153509E+01  0.143185506258414E+01  0.290683102361285E+01
   0.152516461692412E+01  0.719390339576472E+00  0.347254328128902E+01
   0.203237758687251E+01  0.134412689047077E+01  0.259596001344684E+01
   0.346861879905935E+01  0.798765012296915E+00  0.970692762132320E+00
   0.354107067478223E+01 -0.564919644359530E-01 -0.240903119166557E+00
   0.101286131833625E+00  0.290331425924362E+01  0.321886839407237E+01
   0.194547029060508E+00 -0.702645622883105E+00 -0.187924302533697E+01
  -0.899012291651501E+00  0.146272352483114E+01 -0.273984581985168E+01
   0.258052606556406E+01  0.196120460162804E+01 -0.574418632312846E+00
  -0.247035830476905E+01 -0.967049521057982E+00 -0.225826470349743E+01
   0.106006304060317E+01 -0.593897892846592E+00 -0.244711157639184E+01
  -0.711486680499141E+00  0.240942073770736E+01  0.835887855661045E+00
  -0.207653374071237E+00  0.535137852324923E-01 -0.232400322823412E+01
  -0.136119743717640E+01 -0.175765376415458E+01 -0.748332924216551E-01
  -0.124462841253461E+01 -0.346203279078323E+01  0.236044066660078E+01
   0.325733166496211E+01  0.162748029637524E+01  0.321312642657652E+01
  -0.295091344460137E+01 -0.351028204306069E+01 -0.280684259170456E+01
  -0.223804313238386E+01 -0.160230300525837E+01  0.133333069003963E+01
  -0.203610028371902E+01 -0.190049232531495E+01 -0.708836080919357E+00
   0.341549429241881E+01 -0.322276897523438E+01  0.673554160903788E+00
   0.279111790281664E+01 -0.102653160348835E+01  0.225207576682063E+01
   0.226526559412167E+01 -0.709548466442047E+00  0.353535477293051E+01
  -0.334675611547746E+01 -0.149175446634013E+01 -0.253428152671783E+01
  -0.264946354665267E+01 -0.176439814813350E+01  0.276933920203286E+01
  -0.233400621241313E+00  0.130357024047827E+01 -0.186013054949465E+01
  -0.133713127001271E+00 -0.329086664795960E+01  0.267708639885946E+01
  -0.283044042944407E+01  0.151106628302519E+01 -0.107377235255275E+01
   0.333494732673218E+01 -0.368578961192903E-01 -0.127902292331750E+01
   0.187694977131835E+01  0.139338075415930E+01 -0.110187709828672E+01
  -0.508583396699958E+00 -0.106648021626138E+01  0.303753219996739E+01
   0.296271066537851E+01  0.110459973759233E+01 -0.706148665876437E+00
   0.205634299505701E+01  0.275946141237821E+01  0.568666763232442E+00
  -0.216646482038182E+01  0.311625689401849E+01  0.319310238777854E+01
   0.156356816449071E+01 -0.652285583495200E+00  0.219466140472907E+01
   0.595701434553574E+00 -0.225316200307447E+01 -0.186973738836781E+00
  -0.487997821257125E+00  0.310002037282979E+01  0.170928372808052E+01
  -0.110299417168567E+01 -0.115485067019243E+01 -0.338447991234500E+01
   0.339616927465718E+01 -0.116908819584880E+01  0.106051232637317E+01
  -0.102500708276211E+01 -0.232278694071745E+01 -0.250199611502425E+01
  -0.298183063348891E+01 -0.356825068357317E+01 -0.348097375026742E+00
  -0.115157731122329E+01  0.209894102322660E+01 -0.147737463070891E+01
   0.130530586899195E+01 -0.205514596991059E+01  0.339151894252468E+01
  -0.309238501303875E+01 -0.828479822488146E+00  0.185565856437503E+00
   0.899376616602888E-01 -0.143556615601472E+01 -0.104348316840145E+01
   0.256445571010488E-01  0.171736196388294E+01 -0.339861563861631E+01
  -0.153175715979964E+01 -0.289051592190830E+01  0.363463701413759E+00
  -0.169913424236631E+01 -0.242089379630825E+01  0.245736541525391E+01
  -0.118781070808758E+01  0.171515516646985E+00 -0.773641235265583E+00
  -0.459342634315352E+00 -0.220022204304273E+01 -0.176315737374118E+00
   0.158069931535769E+01 -0.225517328899615E+01  0.180598306514673E+01
  -0.285896967717922E+01 -0.228727829264411E+01 -0.309302130413030E+01
  -0.276444043372485E+01 -0.316091633698095E+00 -0.151105813665095E+01
  -0.268081534883632E+01  0.847012639482791E+00 -0.313898989369958E+01
   0.864542140275057E+00  0.138870297769200E+01 -0.295942870530469E+01
  -0.533876955266317E+00  0.255846271953553E+01 -0.151607498825660E+00
  -0.174129603893530E+01 -0.655968776141496E+00  0.157978656361276E+01
   0.354533264579246E+01 -0.374287560394826E+00 -0.349808173530661E+01
  -0.250180021859551E+01 -0.176785619086931E+00  0.251927014850546E+01
   0.156993354366506E+01 -0.110543593954321E+00  0.104478870524848E+01
   0.214432029946198E+01 -0.172629706165940E+01 -0.257653241213477E+01
  -0.279427855590139E+00  0.354916687088393E+01  0.836089819771171E+00
   0.159688996258526E+01 -0.272128584370648E+01 -0.189192037523175E+01
  -0.140916848209587E+01  0.319796722457668E+01 -0.270194404203960E+00
   0.214057193336180E+01 -0.314049541391664E+01  0.176405405580143E+01
  -0.117515568454815E+01 -0.212275276325340E+01  0.332630834628696E+01
  -0.277790342327719E+01  0.509286903861938E+00  0.365752532365336E+00
  -0.299771930828684E+01  0.117752754114272E+01 -0.209562772424556E+01
  -0.346255074915355E+01 -0.705555611349936E+00  0.241801278205212E+01
  -0.343021123818106E+01  0.211152846715227E+00 -0.255625337446956E+01
  -0.140442126276419E+01 -0.251071300150214E+00 -0.213612037759856E+01
   0.172892092963612E+01  0.267361598195278E+01 -0.258901874877720E+01
   0.188378148395118E+01  0.423034611322349E+00 -0.688774110652340E+00
  -0.326977219612264E+01  0.486894077941929E+00  0.308567687493896E+01
  -0.210299868246385E+01 -0.156375442241729E+01 -0.336537384542410E+01
  -0.615345350592365E+00 -0.213367548980652E+01  0.243049561561379E+01
  -0.111899585745875E+01  0.619185623049068E+00 -0.176460493744145E+01
  -0.806420606902494E-01 -0.300756306260254E+01 -0.311285945584034E+01
  -0.156479776836504E+01 -0.139641533514472E+01 -0.233744621332865E+01
  -0.205411802874749E+01 -0.226760729750986E+01 -0.250225710572680E+01
   0.337575256748262E+01 -0.232271595862600E+01 -0.188737075550406E-01
  -0.228073827778365E+01  0.254153040467764E+01 -0.129533104617145E+01
   0.130196838736316E+01 -0.226447653560474E+01 -0.976278186307937E+00
  -0.575132218424422E+00  0.909830711561009E+00 -0.718380959444466E+00
   0.297100708311797E+01  0.299337134144620E+01  0.347646508664046E+00
   0.947323788522131E+00  0.321700640846106E+01  0.220370330108737E+01
  -0.841724331973841E+00 -0.197980696923121E+01  0.105895385425729E+01
   0.432743733542178E-01 -0.224896639421377E+01 -0.211991799041257E+01
  -0.105264140117301E+01  0.178928034742416E+01 -0.505526452832267E+00
  -0.195302814513173E+01 -0.267880888394328E+01  0.353128640287948E+01
   0.203221315229372E+01 -0.135364694176138E+00 -0.248359606761552E+01
  -0.728824092735305E+00  0.250509810771623E+01 -0.238458505804413E+01
% -0.166593411709946E+00  0.941732727680260E+00 -0.688054823906887E+00
%  0.357666290073372E+01 -0.974567448757052E+00 -0.110673741146603E+01
% -0.259678538658802E+01  0.879689697828897E-01 -0.180200240110559E+01
%  0.238385826550801E-01 -0.123194021643618E+01 -0.196767187702441E+01
% -0.914407594130123E+00 -0.147073123450523E+01 -0.171198514491234E+01
% -0.529846069887236E+00  0.456598007899222E+00  0.271916132024514E+01
%  0.155440896592940E+01 -0.243605488021603E-01  0.208732492179499E+01
%  0.101904156249313E+01  0.180310786562725E+01  0.292401575909953E+01
% -0.504286981550852E+00  0.848430184039273E+00  0.125960720293749E-01
%  0.142889530291414E+01  0.450546985580941E+00  0.132277175858733E+01
%  0.127592503686765E+01  0.148466923128097E+01  0.565896170238318E-01
%  0.277954343867331E+00 -0.328932236584607E+01 -0.608903195040131E+00
%  0.389791954041430E+00 -0.932145280700495E+00  0.243797970090096E+00
%  0.132349141243924E+00  0.960731519829872E-01 -0.323453985703854E+01
% -0.104004256337390E+01 -0.126573789040534E+00 -0.409026218095142E+00
% -0.223695320123412E+01 -0.201485899229973E+01 -0.231242928841746E+01
% -0.413211093721831E+00 -0.212241051643377E+00 -0.323946640165977E+00
% -0.103569866096289E+01  0.143863262833470E+01 -0.120141395170848E+00
%  0.654959247239229E-01 -0.194605980071827E+01  0.108567327616152E+01
%  0.131146596776562E+00  0.130613952314982E+01  0.107210416973449E+01
%  0.865670938236641E-01  0.527770077621095E-01  0.148487545218565E+01
% -0.222452105740826E+01 -0.823070795924856E+00 -0.161613394256664E+01
% -0.915381139345731E+00 -0.101325996300244E+01  0.163806086531912E+01
%  0.340348454066249E+00  0.670212192621721E+00  0.466491397109607E+00
%  0.203778038504223E+01  0.235618270453219E+00  0.268636028644960E+01
%  0.122987154342855E+01 -0.201320037902018E-01  0.128167464675592E+01
% -0.786926447113960E+00  0.483044853609660E+00 -0.163442202171314E+01
%  0.219970220350890E+01  0.189202155928620E+01 -0.191065592233112E+01
%  0.186521364163374E+01 -0.249762131036854E+01 -0.109423372781184E+01
% -0.166116198605675E+00 -0.531188266852738E+00 -0.122509742951409E+01
% -0.973082363805154E+00 -0.274867159742140E+00  0.637528367836364E+00
%  0.336982959737342E+00 -0.341798288946427E+00 -0.146703014501922E+01
%  0.128028495743791E+01  0.166695843848703E+00 -0.900417603313794E+00
% -0.260637589422550E+01  0.949487414774043E+00 -0.311777909608810E+01
% -0.172483041746056E+01  0.302787072470184E+00 -0.301102390185902E+00
% -0.122537164680969E+01  0.157048902884421E+01 -0.131022920529924E+01
%  0.203094473165747E+01 -0.981246435775136E+00 -0.168468469717575E+01
%  0.193799555271281E+01 -0.616062205051075E+00  0.166623135189929E+01
%  0.723486117840005E+00 -0.150295672821305E+01  0.121304071488635E+01
%  0.168866925616281E+01 -0.319527966263337E+01 -0.766575171722810E+00
%  0.112081602886516E+01 -0.152699755833345E+01  0.224671061610301E+01
%  0.317879963204700E+01 -0.166650990644863E+00  0.810932290626207E+00
%  0.296016412624092E+01  0.227797466969035E+01 -0.518425000819145E+00
% -0.255543968169393E+01  0.615341752247003E+00  0.842788607231657E+00
% -0.721868982456217E+00  0.165232614568849E+01 -0.162724819938635E+01
% -0.221873824005051E+01  0.905531702154063E+00  0.102371935113557E+01
%  0.914488949355847E+00 -0.481012252908041E+00 -0.446668528411286E+00
%  0.471480188159534E+00 -0.192005533771661E+01  0.801952608709330E+00
% -0.169489647299276E+01 -0.350021743515901E+00  0.689925381938745E+00
% -0.243684837347457E+01  0.867206540022953E+00 -0.160327384754621E+00
%  0.684985624843506E+00  0.180320507609628E+01  0.110334410581143E+01
%  0.111148435130655E+01  0.918293976447716E+00  0.665342241391973E-01
% -0.921765695913761E+00  0.174895695525789E+01 -0.124198289522265E+00
%  0.287444890756318E+01 -0.861824011153688E+00 -0.111254313953733E+01
% -0.178306601776635E+00 -0.577594526984482E+00 -0.883549643940757E+00
% -0.147512200262360E+01  0.515633544622069E+00 -0.161027147928690E+01
% -0.141091839921269E+01 -0.105553271430203E+01 -0.811128317955236E+00
%  0.728814688652531E+00  0.200348531224233E+01  0.101656220824135E+01
% -0.375834450140018E+00  0.169750882833228E+01  0.842318545056721E+00
%  0.809178837829397E+00  0.981004470777572E+00 -0.210949246552035E+01
% -0.430373028422562E+00 -0.110506044231705E+01 -0.167612685494687E+01
% -0.126857061529746E+01  0.914819917208534E+00 -0.610372280049000E+00
%  0.326458626167449E+00 -0.434292774805388E+00  0.694562717014956E+00
%  0.210044972522789E+00  0.465418084858770E-01 -0.932682667321947E+00
%  0.389917097542283E+00  0.221058662769087E+01 -0.986456066641339E+00
% -0.118921187422335E+01  0.126557619009184E+01 -0.749560919328023E-01
%  0.801692131338980E+00  0.101875577644999E+01  0.270963976169390E+01
% -0.230122483469617E+01  0.599567900680234E+00 -0.613198302698223E+00
% -0.124377031932496E+00  0.917990205108615E+00 -0.242964412813965E+01
%  0.107900123762436E+01 -0.111773066331749E+01  0.300511858307226E+00
% -0.134235634767936E+01 -0.436813539076988E+00 -0.746210264902470E+00
%  0.404796733689959E+00 -0.134282661208071E+01  0.117234236869387E+01
% -0.942164793744018E+00  0.128113467937636E+00 -0.990226584389642E+00
%  0.127411522621936E+01  0.198535253361265E+01  0.173251946953499E+01
% -0.189690685450420E+01 -0.277549643447650E+00 -0.124079614303487E+01
%  0.166813407329874E+01 -0.955323562985645E+00  0.141721507523665E+01
% -0.997708161679564E+00  0.706576482274722E+00  0.174514686130370E+01
% -0.140523729366868E+01 -0.466586586832970E+00 -0.105848609768396E+01
% -0.471287178850416E+00  0.126804664192729E+01  0.195159325652243E+00
%  0.610958428625166E+00  0.115268822267320E-01  0.178408093026166E+01
%  0.624323684316886E+00 -0.754615458363516E+00 -0.202417466697471E+00
% -0.108700552876037E+00  0.453592344990539E+00  0.486499141249828E-01
%  0.118463316248378E+01 -0.516794558169802E+00 -0.683627533323019E-02
% -0.137265161032793E+01 -0.139896773887554E+01  0.681559207678291E+00
%  0.119521290710655E+01 -0.109424127272474E+01 -0.976198438807172E+00
%  0.106799668669582E+01  0.104951039620427E+01  0.996855692384696E-01
%  0.909996583552520E+00 -0.239553061200554E+01  0.189027306780893E-01
%  0.153080070481577E+01  0.230532780293806E+01  0.385032412993280E+00
%  0.567857824323502E+00  0.445977048891838E+00  0.160464123198257E+01
% -0.252945328924968E+01 -0.238080149047397E+01  0.950160562555993E-01
% -0.336206557871798E+01  0.881109187400725E+00 -0.190461395257029E+01
% -0.428079513642778E+00  0.212717208253426E+01 -0.114134464028468E+01
% -0.194798699958833E+01 -0.190742574840392E+00  0.260637570486388E+00
% -0.203400365127858E+00  0.855535543570063E+00 -0.218718042750982E+01
%  0.657692767309802E+00 -0.641099340312493E-01  0.249419736942149E+01
%  0.607410186278537E+00  0.421751425192871E+00  0.362269079469545E+01
% -0.190883408979754E+01 -0.486002017378669E+00  0.781696821704716E+00
% -0.196347224442262E+01  0.212329844547196E+01  0.206225234596821E+01
%  0.380669601614149E+00  0.116956561170981E+01  0.204332468644076E+01
% -0.955903134585024E+00  0.145244069453345E+01  0.330939102226790E+00
%  0.800948262966723E+00 -0.171573982144317E+01 -0.526421313508026E+00
%  0.240459512109628E+01  0.208231364001661E+01  0.126919271493578E+01
%  0.137747406839122E+01  0.191027920776417E+01 -0.926866554274349E+00
% -0.137852630286986E+01 -0.501834808785169E+00  0.291610376460143E+00
%  0.656309747198538E+00 -0.390009496179124E+00  0.422508674727103E+00
% -0.119518975472126E+01  0.190710971355689E+01  0.142382641054578E+01
% -0.141650650344990E+01  0.250477276689700E+01 -0.941582256686769E+00
%  0.151333595428405E+01  0.103499513302079E+01  0.237288773459017E+01
%  0.461382203532660E+00  0.898813478748618E-01 -0.127149903572187E+01
%  0.886214693056724E+00 -0.906301366721483E+00 -0.599693743661552E+00
%  0.109581707066456E+01 -0.339412032456417E+00  0.272479546806661E+00
% -0.398120057174664E-01 -0.342925736812217E+01 -0.370118037409849E+00
%  0.480242293180818E+00 -0.108964861363454E+01  0.162227462451359E+01
%  0.649338691798410E+00  0.481997501251357E+00  0.409902656725542E+00
% -0.711685590309232E+00 -0.218349632825835E+01  0.430473316581978E+00
% -0.999388373445333E+00 -0.168065741811750E+01 -0.952320033326289E+00
%  0.105934432409541E+01 -0.130725488772815E+01 -0.182260580891561E+00
%  0.186103965031745E+01 -0.961604715543352E+00  0.186194918796961E+01
% -0.158142627620301E+00 -0.854900286997999E+00  0.571581324799595E-01
%  0.102825872866997E+01  0.240486182542344E+01 -0.347620261202958E+00
%  0.104174559546383E+01 -0.221922855889422E+00  0.585120517908826E-01
% -0.386044899430688E+00  0.104965935810750E+01 -0.670786197802422E+00
% -0.616852865003628E+00 -0.425264615958967E+00  0.370606678973964E+00
%  0.685287840686557E-01 -0.100253176470598E+01  0.171239582620833E+00
%  0.458306207947013E+00  0.128150497783616E+00 -0.113055784603336E+01
% -0.614582338100546E+00  0.121452621825349E+01 -0.162839563037997E+01
% -0.620260382938582E+00 -0.997706059622784E+00 -0.107896221311572E+01
%  0.989579206168768E+00 -0.854198221275958E+00  0.780768174960309E+00
% -0.138388542615058E+01  0.335252837063715E+00 -0.127556436511887E+01
%  0.635458437695758E-01  0.230312880100510E+01  0.487259689099236E+00
% -0.465887000470318E+00  0.138573553508905E+01  0.906764716348519E+00
%  0.685270700757269E+00 -0.529379930560564E+00  0.701713654832974E-02
% -0.869708960713055E+00  0.757231331516121E+00 -0.955050073100535E+00
%  0.257139021503160E+00  0.210528653047184E+01  0.709690090993976E+00
% -0.102574211340201E+00  0.190366012479664E+01  0.357250094294182E+00
% -0.165886112879457E+01 -0.117194679446318E+01  0.126592441532557E+01
% -0.163340568904362E+01 -0.288703911392284E+01 -0.663574223360175E+00
% -0.132623783482890E+01 -0.262018043432330E+01 -0.124924800838471E+01
% -0.598790419294151E+00 -0.186853552478746E+01  0.131426182074874E+01
% -0.390768181288623E+00  0.873550844888954E+00  0.237008129291064E+01
% -0.412002078875851E+00  0.128087465814105E+01  0.980287983701802E+00
% -0.710658804877771E+00  0.961432918747313E-02  0.120488220686469E+01
% -0.302650006241345E-01  0.528292333903556E+00  0.102890806120980E+01
%  0.104409311599167E+01  0.182036455702790E+00 -0.231501115657022E+01
% -0.180096080233645E+01 -0.143716425944036E+01 -0.137522491154059E+01
% -0.663226583638530E+00 -0.590071746108762E+00  0.149595438893567E+01
%  0.821059344638424E+00  0.183311810141146E+01  0.413851249252840E+00
% -0.747306762103821E+00  0.213591531872390E+01  0.101980102735212E+01
%  0.165394963701535E+01 -0.139555520744391E+01 -0.134555161775964E+01
% -0.214706335637413E+00 -0.569161702956223E-01 -0.371184086151731E+00
% -0.111375568702951E+01  0.741134228057098E+00 -0.301568767873545E+00
%  0.190802601066142E+01 -0.201955447790761E+00 -0.149154268888710E+01
% -0.811361506429004E+00  0.100584031552909E+01  0.149842000446443E+01
% -0.845287679449629E+00 -0.539647683284811E+00 -0.475878215979791E+00
% -0.246715414698363E+00 -0.211971416304227E+01  0.253048900063516E+01
%  0.257996838618125E+01 -0.173501213628995E+01  0.640792784576236E-01
%  0.347026787978546E+01 -0.206792711590886E+00  0.170585721681488E+01
%  0.762187292674014E+00  0.503891881902216E+00  0.214477481536369E+01
%  0.632179509514341E-01 -0.185396073723503E+00 -0.123800439870149E+01
%  0.479259590495913E+00 -0.492180630344170E+00  0.149203887257512E+01
%  0.350303300780086E+00  0.158968002735932E+01 -0.503815253279067E+00
% -0.251722018653493E+01  0.982695115897084E+00 -0.233702804922595E+01
%  0.481700314190651E+00  0.106786743660123E+01  0.663430825322593E+00
% -0.243513696195971E+00 -0.105246516691735E+01 -0.760703898383447E+00
% -0.117246923786210E+01 -0.338704544447004E+00  0.145948752808189E+01
% -0.666985272551275E+00 -0.829160543226626E+00  0.797003795016819E-01
%  0.153210760762221E+01 -0.585228648253930E-01 -0.152674468738765E+01
%  0.144012134084154E+01 -0.862436449973833E+00 -0.829680798032631E-01
%  0.574352230039073E+00 -0.108964133915715E+01 -0.930507542195558E+00
%  0.243415148653520E+01 -0.151387344566536E+01  0.149390072173853E-01
%  0.261911836443907E-01 -0.308545777227333E+01 -0.245869923790947E+00
%  0.208368177879484E+00  0.187434471883469E+00 -0.150845836556522E+01
%  0.314656653608933E+00 -0.206934271269498E+01  0.127415730910381E+01
%  0.575505955319259E+00  0.274486085089603E+00 -0.144406666971686E+01
%  0.986660475091535E+00  0.185493726345742E+00 -0.103461996591462E+01
% -0.179810272129594E+01 -0.884585534962541E+00 -0.348438447124167E+00
% -0.189853733835201E+01 -0.233078135250459E+01 -0.238382078755018E+00
%  0.112085274236649E+01 -0.100855348675572E+01 -0.119512520724262E+01
% -0.833019022576640E+00 -0.284208069367485E-01  0.419878022418214E+00
%  0.243141354974423E+01 -0.723589008613921E-01  0.585014088887882E+00
%  0.206274655240765E+01 -0.616413635372425E+00 -0.218981345558702E+00
%  0.665404190843518E+00  0.115369380966327E+00  0.998717893292117E+00
%  0.130324265701937E+01 -0.125909131891203E+01 -0.113112233319028E+01
% -0.171091619704068E+00 -0.146625617251412E+01 -0.164982811565414E+01
% -0.131479778915185E+01 -0.712208876320650E+00 -0.552719990700506E+00
% -0.497116436069910E+00  0.307302223263727E+00  0.457913123282209E+00
%  0.938466530634787E-01 -0.600273967143703E+00 -0.188348694916890E+01
%  0.201354081545034E+00 -0.963463406544472E-02 -0.226078946217503E+01
% -0.117196516378146E+01  0.254974837152721E+01  0.748294172777788E+00
%  0.552432977039165E+00 -0.496146468687973E-01  0.794367880075386E+00
% -0.105959401605492E+01  0.843535792663905E+00  0.215131848102032E+01
% -0.246029213912336E+00  0.239330183199479E+01 -0.116172713896651E+01
% -0.178184792151690E+01 -0.164232950572684E+01 -0.844906238402292E+00
%  0.124313486317175E+00 -0.181911176558916E+01  0.704406835688443E+00
%  0.908212769452829E+00 -0.232108001726239E+01 -0.117416091310506E+01
%  0.784751782349891E+00 -0.444795516262906E-01  0.474831315099156E+00
% -0.598926170431961E-01  0.155742682914482E+01  0.156039524890931E+00
% -0.788369523604642E+00 -0.146725151368400E+01  0.102308681402789E+01
% -0.749580009037225E+00  0.274860724538170E+01 -0.122445736747539E+01
% -0.796854406559429E+00 -0.496088993316052E+00 -0.332094576703790E+01
% -0.433179104879735E+00  0.274264457391095E+00 -0.241127472996702E+01
%  0.172208736294168E+01 -0.205791022744599E+01  0.696533435602675E+00
%  0.981320605260411E+00  0.171369828916996E+01 -0.178398486677047E+01
% -0.191063261885293E+01  0.164700748313370E+01  0.128133975899645E+01
% -0.314268821229771E+01 -0.121041975338635E+01  0.125877485645617E+01
% -0.193149011804057E+01 -0.740613029937142E+00  0.755313407276929E+00
%  0.129507896109924E+01  0.891081047305759E+00 -0.267993226955369E+01
% -0.398854990010364E+00  0.522366076687938E+00  0.183187613243470E+01
% -0.113906434497115E-01 -0.177132093879864E+01 -0.145048222584032E+01
% -0.129127359036272E+01 -0.208193451324351E+00  0.188563421627538E+01
% -0.954170259899229E+00  0.131548096805127E+01  0.160605863315180E+01
%  0.192383747084779E+00  0.206038582843621E+01  0.199292428585922E+00
%  0.584345805925520E+00  0.131678130551150E+01  0.487863316619987E-01
% -0.886184233044628E+00 -0.689375090307329E-01 -0.880115900468267E+00
%  0.195963268188089E+01 -0.147934629472718E+00  0.633309842327849E+00
%  0.112492161379209E+01 -0.240685398927364E+01  0.229341031001090E+00
%  0.121964209226574E+01  0.407376599283190E+00  0.869128203820191E+00
% -0.287387028456464E+01 -0.396207023439213E+00  0.119143330013969E+01
%  0.532981463986399E+00  0.123154498397386E+01 -0.164679716024428E+01
%  0.446569634515158E-01  0.926619578496813E+00  0.593192997904327E+00
% -0.568653154689692E+00  0.291577088716428E+01 -0.996043794644922E+00
% -0.138842542640087E+01 -0.112714315081464E+01  0.121154000245881E+01
% -0.250494938348274E+01 -0.120377579049328E+00  0.124966294393354E+01
% -0.145448711978654E+01 -0.231756669055380E+01  0.732655029110972E+00
% -0.645408711161601E+00  0.189895561653244E+01  0.367650911729388E+00
%  0.269719208935597E+01 -0.123638579681127E+00  0.627593044889625E+00
%  0.587635405323537E-01  0.479023156795614E+00 -0.241104725596662E+00
% -0.128783324144183E-01 -0.110532957531213E+00 -0.669955836394559E+00
%  0.595512618695450E+00 -0.822552760424476E+00  0.858161874567858E+00
%  0.392646322523837E+00  0.324185076734651E+00 -0.282055330800270E+01
% -0.120731411896490E+01 -0.211664534545290E+01 -0.873407214845145E-01
%  0.951025424940344E+00  0.215794586086184E+01  0.168942230260287E+01
% -0.238752121225644E+01 -0.112254926836584E+00  0.103864418505961E+01
% -0.108725404519973E+01  0.103259560046780E+00 -0.428914495124074E+00
%  0.122549517142071E+01 -0.708565044714860E+00  0.621487372384047E+00
%  0.384521690922500E+00  0.193178767652038E+01  0.128653221063109E+01
% -0.108561852074402E+01  0.100750508659092E+01  0.799636268791063E+00
%  0.131769334029418E+01  0.525480477402296E-02 -0.170863279882998E+01
%  0.289317472325536E+01 -0.770785405904483E+00  0.722113355933451E+00
%  0.109278057724688E+01  0.887930959780829E+00 -0.164837394300885E+01
% -0.159932029867672E+00 -0.354315358262008E+00  0.164841261876365E+01
%  0.934475593940157E+00 -0.660453950064406E+00  0.879233391005660E+00
%  0.339851746013125E+00  0.765703010750021E+00 -0.123184574121623E+00
%  0.256496563395709E-01  0.683838140208565E+00  0.254534684911529E-01
% -0.175658395617940E+01 -0.914493639258460E+00 -0.334789574033279E+01
%  0.527003279610901E+00 -0.228166101602742E+01  0.103267786626762E+01
% -0.633992466561517E+00  0.677308655736195E+00  0.591252092224719E+00
%  0.168481992246702E-01  0.306368028817324E+01 -0.105776818041826E+01
% -0.167579002871698E+01 -0.403544223460724E+00  0.335118260225608E+00
%  0.420371710405315E+00  0.556974430613897E-01 -0.700976361165947E+00
%  0.389539655750043E+00 -0.864115656164982E-01 -0.206376867014682E+00
%  0.172342714458387E+00  0.115175959831685E+01  0.179916228670976E+01
%  0.541677016330315E+00  0.511540426059364E+00  0.220883456338220E-01
%  0.114443171221172E+01 -0.131322667177153E+01 -0.330399925573710E+00
%  0.145687298616768E+01  0.182988189212693E+01 -0.129637864045949E+01
%  0.525232534124146E+00 -0.147804085054882E+01  0.515656907329369E+00
% -0.121991081254076E+01 -0.303438520611677E+01 -0.119916532052210E+01
% -0.770181385017762E+01 -0.428083980287422E+02 -0.517279648496613E+01
%  0.242446544438390E+02  0.716721072489480E+01 -0.431798961428330E+01
% -0.170925360146576E+02 -0.245476474674795E+02  0.209107576390342E+02
% -0.201888856270171E+02  0.182723533595500E+02  0.298758684299804E+01
%  0.789780058694884E+01  0.155892507673489E+01 -0.635403840803370E+01
% -0.291625283165197E+01 -0.416202918960032E+00 -0.517790641291771E+01
% -0.276408842992183E+01  0.113116166420706E+01  0.644123882657732E+01
%  0.448919376632160E+02 -0.294840648105715E+02  0.177138669050907E+02
% -0.860318377131060E+01  0.425446080005026E+00 -0.122571631803091E+02
%  0.198933328847738E+02  0.396209574285383E+01 -0.146930562067316E+02
%  0.577753013247047E+02  0.321971317278788E+02 -0.291351648874223E+02
% -0.290233132979189E+02  0.784944966327802E+01 -0.381853396392292E+01
%  0.139297826132537E+02  0.338834976945254E+01  0.988601135085493E+01
%  0.248169230810203E+02  0.201638908262309E+02  0.374564608008293E+02
%  0.230959228377700E+02  0.525704804423558E+01 -0.165659476841897E+02
%  0.185710960492109E+02  0.816652647989254E+01 -0.663093847503243E+01
% -0.430004896341014E+01 -0.463785555237941E+01 -0.836296322342925E+01
%  0.193016154499841E+02  0.548757654678671E+02  0.398613279994078E+01
% -0.232726889154385E+01  0.405616300709189E+01 -0.986575188397837E+01
% -0.122798783298482E+02  0.242172895629274E+02  0.232684226442153E+02
% -0.331182190068805E+01 -0.436634992648518E+01  0.844179082290234E+00
%  0.655858929263066E+01  0.189301291588382E+02 -0.119958528774151E+02
%  0.655545108786308E+01 -0.197937832940073E+02  0.393854996560671E+02
%  0.144692527976076E+02  0.208788916580390E+02  0.550317558300088E+02
% -0.255459181858643E+01 -0.113042427587414E+01 -0.432348491291049E-01
%  0.717989807941964E+01  0.126283894798408E+02  0.187082122231873E+02
%  0.183817240293715E+02 -0.941234306067479E+00  0.508172658950023E+02
% -0.220172184692445E+02  0.510543973139979E+01  0.131499503299426E+02
% -0.618637632126993E+02  0.187330600684345E+02 -0.446963992023263E+01
%  0.969769183703887E+00  0.142960892574739E+02 -0.682374926187101E+01
% -0.108595643778339E+02 -0.122961955217141E+00  0.135138579380134E+00
% -0.112697174380912E+02  0.458224718936468E+00  0.134856358854352E+02
%  0.259723842670669E+01  0.163293207364967E+02 -0.771827894212206E+01
%  0.510683101385152E+02  0.128416522735648E+02 -0.898289095869696E+01
% -0.293398429609538E+01 -0.324541404595104E+01 -0.628050421155806E+01
%  0.719151161529716E+01  0.315974877386122E+01  0.219685724770883E+00
%  0.556491718432068E+02 -0.526505086751377E+02  0.350041025793561E+02
% -0.254917208635914E+01  0.227166810791572E+02  0.102747617351114E+02
% -0.421379740428173E+02  0.830031991334972E+02 -0.475847097421617E+01
%  0.118864889172702E+03  0.268768086482360E+01  0.183860940704549E+03
% -0.277607905269082E+01  0.285640161736027E+01 -0.314348963380564E+00
%  0.272340023856493E+02  0.235944778619480E+02  0.223974016874606E+02
% -0.207926416899644E+02  0.136488292752593E+02  0.155444101976592E+01
%  0.389947337985120E+00 -0.176752915835563E+01  0.357047194038254E+00
%  0.136186162332981E+02  0.255373922074369E+02 -0.112137028490983E+02
% -0.102576219062359E+02 -0.344429890514119E+01  0.404835536412990E+01
% -0.722267894170767E+01 -0.480716025542411E+01  0.258451134898553E+01
%  0.485854096585195E+01  0.574605763283258E+01 -0.373111196803468E+01
%  0.235702219029325E+02  0.316510141045518E+01  0.358303003389173E+02
% -0.354340256806372E+02 -0.388111534031915E+02  0.496590587137175E+01
% -0.482430415352778E+01 -0.155666189297974E+02  0.212416307237576E+02
% -0.255484032723378E+02 -0.126567963757684E+02 -0.136993366497551E+01
%  0.386115776104886E+02  0.456731947706774E+02 -0.155653045024945E+02
% -0.128845871708433E+02  0.500613252880561E+01 -0.111039903255493E+02
% -0.967517623072405E+01  0.874197111977174E+01 -0.709223167733507E+01
% -0.131221665715123E+01 -0.269737992085664E+01 -0.135402746782934E+01
%  0.747497668797120E+00  0.351560751585588E+02 -0.247511169797037E+02
%  0.781157278023336E+02  0.130066345797101E+03 -0.278466403317977E+02
%  0.511877331083061E+01 -0.112368958120871E+02  0.163298494854671E+01
%  0.340989465561141E+01  0.233717610747636E+01  0.709784413721151E+01
% -0.401014436523009E+01  0.101955382125778E+02 -0.197073130045769E+02
% -0.121527217673666E+02  0.137969407339901E+02 -0.172113759566907E+02
%  0.131949197832650E+02  0.118162194084048E+02 -0.818684838497378E+00
%  0.591931170656469E+02 -0.613668632205971E+02 -0.122730108709897E+02
% -0.211951041207991E+02 -0.174786159380299E+02 -0.325204387975893E+02
%  0.860437759547967E+01  0.447291281021958E+01 -0.166401954539657E+02
%  0.429126723926776E+01 -0.277949588192961E+01  0.251345361295785E+01
%  0.878257785913826E+01 -0.877755230730985E+01  0.604151769833609E+01
% -0.776407751233667E+01 -0.253655965420352E+02  0.364177312319973E+01
%  0.948579130525930E+01 -0.152628227617669E+01 -0.197471433773719E+02
%  0.930468237915096E+01 -0.131882369466540E+01  0.115962502339888E+02
% -0.380748683140679E+02  0.960386740361806E+00  0.982201157575963E+01
% -0.893642859811815E+01  0.122957281134858E+02  0.901990093800670E-01
% -0.246067807102580E+02  0.146150090719815E+01 -0.105004562863909E+02
%  0.238766753919259E+02 -0.334657825237507E+02  0.165926925906037E+02
%  0.100225694667935E+03  0.289225493425580E+02 -0.123652141787203E+02
% -0.184870786635107E+01 -0.317952112529489E+01 -0.251453714716914E+01
% -0.108863404288486E+03 -0.688552192468128E+02  0.751110535201157E+01
% -0.966188184878568E+01  0.471909972522785E+01 -0.214171494454817E+02
% -0.620934666892042E+02 -0.254715975086154E+02 -0.649783579805581E+01
%  0.975411812008113E+01  0.365480993809891E+01 -0.201638127449411E+02
%  0.271896871973967E+02  0.557494056898786E+01 -0.217627169780024E+02
% -0.706837188055250E+01  0.314193573996297E+01  0.830256529768908E+01
% -0.525054123508267E+01  0.108024469939700E+02 -0.360743244572198E+02
%  0.352888695132345E+01  0.683758624961444E+01 -0.751327218191388E+00
% -0.126081190743008E+02  0.962682206264931E+01 -0.484586886411387E+02
% -0.248872456956422E+02 -0.940885915239209E+01 -0.337015999047947E+02
% -0.245569077606670E+02 -0.964148903418646E+02  0.705730216598984E+02
%  0.233037435619187E+01 -0.260964074484103E+01  0.971983903219641E+01
% -0.136784356984060E+03 -0.498260678811782E+02 -0.184000536422708E+03
% -0.196568143739601E+02 -0.415771285401370E+02 -0.196868070697093E+02
%  0.254258298755960E+02 -0.142715849477746E+02  0.574942984708062E+01
% -0.712770066134145E+01  0.113693850759510E+02 -0.178130768903582E+02
%  0.651921171295237E+01 -0.316336972667851E+01 -0.737401697027954E+01
%  0.540933781297338E+01 -0.226656724272245E+01  0.184202189980684E+02
%  0.206676061830496E+02 -0.134157137208669E+02  0.784042840120515E+01
%  0.162554199621982E+01 -0.479661455683203E+01 -0.495057356021474E+01
% -0.135045243267003E+02 -0.539848665143099E+01 -0.226643170723823E+02
%  0.204621976658815E+02  0.883076080404545E+01 -0.237941885896281E+02
%  0.738457379839120E+01 -0.637611455069438E-01 -0.942533062061816E+01
%  0.477819238026664E+00 -0.214155852221843E+01 -0.955812224821522E+01
% -0.573554875099556E+01 -0.228956890251204E+02 -0.157894032579975E+02
% -0.895203532341401E+02 -0.964476714468358E+02  0.121773339229859E+02
%  0.274072522348411E+01 -0.830497864970569E+01  0.169155945262475E+01
% -0.311530532034656E+02  0.137029278388785E+02  0.139473190920443E+02
% -0.157530988598081E+02 -0.351529457700700E+02  0.633396288555348E+01
% -0.349854258700078E+01 -0.273676982860068E+01 -0.170554677961325E+01
%  0.203066983220356E+02 -0.559380437921028E+02  0.706924857537219E+02
% -0.290988198224413E+02  0.225349141091302E+01  0.234235585108371E+02
% -0.162642647038380E+02 -0.305402145808114E+02 -0.417672809579201E+01
% -0.953428448650737E+01 -0.308880613286457E+01  0.240371092231471E+02
% -0.916209329454813E+01  0.971698563096562E+01  0.620020415535313E+00
%  0.117124382969701E+02 -0.356802428028594E+02 -0.612217207075080E+02
% -0.378543064142705E+02 -0.152278988668717E+01  0.866216965359256E+01
%  0.169205633830606E+02 -0.223046078432703E+02  0.109552699015461E+01
%  0.912228681668086E+01  0.540958665299995E+01  0.292351157992909E+02
% -0.241530303741451E+02  0.608987205769969E+01 -0.404331385661198E+01
%  0.251471260677898E+01  0.121732490347783E+02  0.670489717752543E+01
%  0.405691247753856E+01  0.704563612280045E+01  0.364275817862379E+01
%  0.125862035639218E+02 -0.361665344626829E+02 -0.423514270671185E+01
%  0.436803363418232E+01 -0.995921309608811E+01  0.483791722870671E+01
%  0.298311359993487E+02 -0.214924390307720E+01 -0.234328967081767E+02
%  0.653515698376246E+02 -0.240581147229572E+02  0.369054492180140E+01
%  0.126163590514031E+01 -0.416521098791905E+01  0.141564411894013E+01
% -0.130660275275758E+02  0.811167554293310E+01 -0.178578966531904E+02
% -0.132556991866184E+02 -0.866375598379587E+00 -0.589790892715797E+01
%  0.236104997577309E+01  0.304315701870510E+02 -0.245704057280271E+02
%  0.378774155729140E+02  0.116923323345340E+02  0.107378838951005E+02
% -0.124357287656325E+02  0.223132948688311E+02 -0.144343808453914E+01
% -0.284326988455186E+01 -0.192511003349307E+01 -0.811877271390015E+00
% -0.215142003023602E+02  0.945062322672866E+01  0.356265062309138E+02
%  0.810111641265492E+01  0.338816266442584E+01 -0.869769765553160E+01
%  0.292949115962242E+01 -0.126845615206298E+02 -0.499290141696777E+01
% -0.359369733599484E+00  0.157793689702238E+02 -0.214365638032393E+02
%  0.345285347547139E+02  0.796284119373782E+00 -0.725604870230628E+01
% -0.528737641572168E+01 -0.338398620020971E+01  0.216008518657715E+02
%  0.324933946866074E+01  0.301202153750246E+00 -0.538734751900205E+01
%  0.143339304033762E+02  0.357982446646809E+02  0.552301385887581E+01
%  0.638302242518502E+01  0.615838795590498E+00  0.257151504556935E+02
%  0.339156275165899E+02  0.113806610382325E+03 -0.188836926077721E+02
% -0.628596412429272E+01  0.333221870746461E+02  0.298548938976584E+02
% -0.146387146833816E+02 -0.328943015488607E+02 -0.338822323607882E+02
% -0.617633624676538E+01  0.567351411500026E+01 -0.183395867102430E+02
%  0.673998387758647E+01 -0.107765607381273E+02 -0.292625249861109E+02
%  0.935661221357278E+01 -0.707212538060920E+01  0.114650513758558E+01
% -0.548752152320422E+01 -0.110265355844743E+02  0.437683324713726E+01
% -0.444010356185371E+01  0.666160969480806E+01 -0.997900228555709E+01
%  0.412609689375790E+01 -0.172343608740413E+01 -0.358324887465833E+01
%  0.793210392099444E+01 -0.358138243831618E+01  0.994331975215682E+01
% -0.360606607040823E+01 -0.462114062425923E+01 -0.127749749093980E+01
% -0.184879718642593E+02  0.131093228324746E+02 -0.140424865016813E+02
% -0.254984820552222E+01 -0.183045270880618E+02 -0.212564178944637E+02
%  0.176680755759736E+02 -0.202423243959904E+02 -0.798024315399565E+01
% -0.603073016071121E+01 -0.942360525109842E-01  0.464789977078496E+01
% -0.392581429436896E+02 -0.531671171069027E+02 -0.106987292489504E+02
%  0.470970022311450E+02  0.413276957318152E+02  0.252602082322114E+02
% -0.842728723271246E+01 -0.912791377570283E+01  0.120910626620936E+02
% -0.906228552491286E+01 -0.194623041816662E+02 -0.376758460466897E+01
%  0.310758482402588E+02 -0.660234145657598E+02 -0.304984950637571E+00
%  0.634579169541455E+01  0.138791935571288E+02 -0.154646301396920E+02
% -0.842753697373746E+01  0.365460830564069E+01  0.504468436344351E+01
% -0.154650958889488E+02  0.168517231879409E+02  0.885856141900771E+00
% -0.673205738090942E+02  0.369339764783426E+00 -0.883820190549315E+01
% -0.625372239278527E+00  0.197064642313641E+02  0.983232777254976E+01
%  0.164484123498369E+02  0.343916132365771E+01  0.169403904917769E+02
% -0.337201045940843E+01 -0.156778600964571E+02  0.257295292289064E+02
%  0.565618000943865E+01 -0.221347246860979E+02 -0.238570475536095E+02
% -0.205432174594065E+01  0.947560968910417E+01 -0.448879024728612E+01
% -0.372986175665324E+01  0.148137800016712E+02 -0.153000368311317E+01
% -0.587802557757130E+01  0.330777349433407E+00 -0.140311918785042E+02
%  0.253220072637105E+02 -0.365204661448275E+02  0.464437781355765E+02
% -0.123999393467489E+02  0.384127319914657E+01  0.127107514979589E+00
% -0.209584972774666E+02  0.671839714103914E+02  0.269965391602076E+02
% -0.173236293129990E+02 -0.176952419393856E+02 -0.654429675030802E+01
%  0.323798656335841E+01 -0.217743052326027E+02 -0.349152287807314E+01
% -0.282344587623809E+01  0.685967441945102E+00  0.175205525128592E+02
%  0.678975618628396E+01  0.330404061543063E+02 -0.810149710671333E+02
%  0.364521131641300E+02  0.168856589314849E+02  0.572309774682313E+02
%  0.388745337412813E+01 -0.638660544753196E+01 -0.170080650362844E+02
% -0.784098233740192E+02 -0.300616880990610E+02 -0.881723133572733E+01
% -0.574448844274674E+01  0.623162190216557E+01  0.325670860203987E+01
%  0.135451179853733E+02 -0.251209870879228E+02 -0.251904946245258E+02
% -0.421064485909426E+02 -0.177988806998310E+02 -0.385054517006339E+02
% -0.476145273538083E+01  0.754467630530666E+00 -0.322951686446234E+01
% -0.422852844793011E+02 -0.120579217243643E+02 -0.804416428405978E+01
%  0.200721926697501E+02 -0.607018685669660E+01  0.610632461035032E+01
%  0.602948232223932E+01  0.176169086490362E+01 -0.499205555486736E+01
%  0.285653314252114E+01 -0.393911598621070E+01  0.241869239524086E+01
% -0.551788851903255E+02  0.750770861359633E+02  0.751648191785436E+01
% -0.807874495837113E+01 -0.186180267268993E+01  0.102072977379696E+02
% -0.111150728935259E+01  0.537504349941451E+01 -0.597887284150225E+01
%  0.134219546982171E+02 -0.820744510227841E+01 -0.267188925523894E+01
%  0.932569637138784E+00  0.434453296140808E+01  0.581063413541867E+01
%  0.558168562263571E+02  0.110255779555154E+02 -0.416206790736017E+02
%  0.249325719774629E+02 -0.576272512240448E+02 -0.999080443696209E+01
% -0.359140806076376E+01 -0.198835175705694E+02  0.315665759766087E+02
% -0.696038384974589E+01  0.189615019113136E+02  0.106124389048918E+02
%  0.553607584719593E+01 -0.151108991417021E+02  0.142547087699170E+01
%  0.560642198764684E+01 -0.580088362741185E+01  0.309408002804324E+01
% -0.713869745861277E+01 -0.128146322240574E+02  0.225097732706134E+02
% -0.279973759829864E+02 -0.163468140657388E+02  0.553250987199451E+02
%  0.891721776104361E+01 -0.910472664284294E+01  0.137293988042185E+02
%  0.156745788119706E+02 -0.689960897374949E+01 -0.261713079937965E+01
% -0.203114719314549E+01 -0.152316168204128E+02  0.103760545269979E+02
% -0.632226016707286E+01  0.160536451671420E+01 -0.123585513083186E+02
% -0.155190561590359E+01  0.750261688253432E+01 -0.463492893679003E+01
%  0.182895701046325E+01 -0.117839833338472E+02  0.101301561414471E+02
% -0.285185987893632E+02  0.769793491844686E+01 -0.684742610349811E-01
% -0.188494458531396E+02  0.317506161347043E+02 -0.226421334525287E+02
%  0.385591390919494E+01  0.985320292232726E+00 -0.242149677724893E+01
% -0.374457430567653E+01 -0.293227845721576E+01 -0.499050463911363E+01
% -0.590673556826325E+02 -0.295569668723737E+02  0.215378657341645E+02
%  0.298071080956602E+02  0.250289541367184E+01  0.190844694269889E+02
% -0.914369292037453E+01  0.763638582748098E+01  0.228528477142445E+01
% -0.217295144596848E+02 -0.416600193257023E+01 -0.116035531695887E+02
% -0.198155745499413E+02 -0.173726699097371E+02  0.123061766932294E+02
% -0.573014762833610E+01 -0.141328103554197E+02  0.176723710102599E+02
%  0.393980486970708E+02 -0.184347879020334E+01 -0.267049618908835E+02
%  0.222214254210328E+02  0.231273454541900E+02 -0.719699712794562E+01
%  0.261917233965858E+02 -0.228067254098452E+01  0.190945270961276E+02
% -0.668668443350424E+02  0.655538658264987E+02  0.117259083344745E+02
%  0.660876907717470E+01  0.336227300077315E+02  0.215168257437084E+02
%  0.122040924643475E+02  0.352485313145633E+01 -0.192852894726654E+02
%  0.103886751879031E+00  0.239831166547989E+02  0.766287002683449E+01
% -0.278060972981934E+02  0.279998564099959E+01 -0.184763624906498E+00
% -0.216431090973500E+02  0.123664556947217E+02 -0.868084525652583E+00
%  0.114728175368177E+02 -0.310095878152212E+02  0.487481721947926E+02
%  0.160204237529886E+02 -0.642019472704372E+01 -0.215107025482292E+02
%  0.277406122011229E+02  0.343346601594877E+02  0.781237370328330E+01
%  0.944811869178061E+01 -0.273416090774956E+02  0.150164311505986E+02
%  0.764324348656458E+02 -0.226496004628484E+01 -0.521491013612590E+01
%  0.145571236049136E+02  0.214266557307784E+02  0.233049127200650E+02
%  0.165667273570029E+01  0.317087178493735E+01  0.260033738820948E+01
% -0.911248296044133E+01 -0.307703861762057E+02 -0.144739203039719E+02
% -0.965090347055121E-01 -0.123778982318992E+02  0.126282074748540E+02
% -0.790892285866087E+01 -0.688755850653783E+01  0.124735922692364E+02
% -0.254090182052983E+01 -0.228711908506098E+01 -0.460284672621841E+01
%  0.817267109288078E+01 -0.146527496459929E+01  0.129354946099077E+01
% -0.950339789320737E+01 -0.151282118460055E+02  0.151916983524267E+02
% -0.120706683649618E+02  0.705115539498222E+02 -0.120821568691698E+02
%  0.365909493998496E+01 -0.304707298332536E+02  0.182907287990561E+02
%  0.295417865885516E+02  0.721659606889351E+01 -0.131101921963022E+02
%  0.109434324409872E+02  0.886810224553438E+01 -0.290387297350956E+02
%  0.166838340547676E+01  0.559804647955851E+01 -0.115397276550721E+02
%  0.453329390356040E+01 -0.393952734944363E+01  0.279693015070142E+00
%  0.172770943647026E+02 -0.172054231797053E+02 -0.527594445422458E+01
%  0.328433139877539E+02  0.318605116322494E+02 -0.864484721945606E+01
%  0.387565484480322E+02  0.173102738940774E+02 -0.307813855327806E+02
% -0.546839662981053E+01  0.169840010367479E+02 -0.312329092120345E+01
%  0.390053363253307E+01  0.920479807213709E+01 -0.736746485460637E+01
% -0.226195571712505E+02  0.465320320621439E+02 -0.302274971821614E+02
% -0.374517279668568E-01 -0.136153716902778E+02  0.250687740412544E+01
% -0.686221465082276E+02  0.163470753724420E+01  0.217116838094368E+02
%  0.210991885910608E+01  0.571661120434199E+01  0.973479742784167E+00
%  0.258154359334310E+01 -0.558070151387192E+01 -0.352487520241176E+01
