% T    256  0.715122828077254E+01  0.715122828077254E+01  0.715122828077254E+01
   0.150126238307676E+01 -0.177013283040298E+00  0.352518144852321E+01
  -0.253193834838732E+01  0.106626168624481E+00  0.265774836306162E+01
  -0.186428439747971E+01  0.231888709734988E+01 -0.189302386865390E+01
  -0.184747422247769E+01 -0.226379561841623E+01 -0.579906503328014E+00
  -0.979448729957200E+00 -0.145162019721916E+01 -0.312549760663517E+01
  -0.256064197764348E+00  0.218645122804806E+00  0.948523064070793E+00
   0.216607340697682E+01 -0.279065302919440E+00  0.150919337267150E+01
  -0.232773312275593E+01 -0.314988314409023E+01 -0.297815960201131E+00
   0.272593303908981E+01 -0.256040676560272E+01  0.678287071399391E+00
  -0.594828679846508E+00  0.110235900835839E+01 -0.219178551532745E+01
  -0.129645814029392E+01 -0.302273733365358E+01  0.710820212964210E+00
  -0.209664550261043E+01 -0.837573381420916E+00 -0.194773660035994E+01
  -0.190530913288017E+01 -0.279438105213995E+01  0.285400057733469E+01
  -0.294012819616652E+01 -0.165162186106943E+01 -0.271510517288019E+01
   0.102779139973171E+01 -0.299319943700698E+01  0.578454016136467E+00
   0.189037136965267E+01  0.936845803949621E+00 -0.266208926681284E+01
  -0.279206745829497E+00 -0.206220487933036E+01 -0.711421351952079E+00
   0.116925548208866E+01  0.164793268056014E+01  0.206338133521633E+00
  -0.246031477486395E+00 -0.548875425215164E-01  0.338453286400065E+01
  -0.103407210285516E+01  0.763641165486715E+00  0.451140256792267E+00
   0.180550606737214E+01 -0.267632913237609E+01  0.138271032950706E+01
   0.204385805408555E+01  0.358160808559313E-02 -0.237286328862642E+01
  -0.944210484588285E+00 -0.189406686059770E+01  0.383029346729769E+00
   0.374754387158257E+00 -0.627726582243918E+00  0.496144842275452E+00
  -0.324630168291719E+00  0.990800143437961E+00  0.221722926927261E+01
  -0.912550172869182E+00 -0.332824963733353E+01 -0.134091622576049E+01
  -0.279568951217491E+01  0.240827796468334E+00 -0.179402774018405E+01
  -0.863233168350237E+00 -0.711419152888913E-01  0.221687731777145E+01
  -0.277305991748166E+01 -0.252311172472937E+00  0.151042394107531E+01
   0.181543557315521E+00 -0.120843654834780E+01 -0.171191414509091E+01
  -0.149487806822869E+01 -0.970533834107124E+00  0.335463251050333E+01
   0.289885959716218E+00  0.103579931112878E+01  0.567002471459316E+00
   0.324020217124158E+01  0.790881857170301E+00  0.300512113722134E+01
  -0.107192635338536E+01  0.212355570141648E+01  0.142695911681149E+00
   0.426626630388245E+00 -0.282555134177489E+01 -0.297972119426845E+00
  -0.336421888421301E+01  0.313290317668219E+01 -0.250374964577266E+01
   0.452736881771400E+00  0.267631418174826E+01  0.289445837782231E+01
  -0.302488369458365E+01 -0.106460563253877E+01  0.680924587763345E+00
   0.666114346060683E+00  0.150559095223873E+01 -0.257397036333056E+01
  -0.805201555771207E-01 -0.289349985880371E+01 -0.309064229885020E+01
  -0.160776294836197E+01  0.561587023061121E+00  0.241481418531568E+01
   0.470290616275194E+00  0.323000263111337E+01 -0.340247002408063E+01
   0.286009149911064E+00 -0.307547068089668E+01 -0.138508615769364E+01
  -0.988770928191443E+00  0.832497646899284E+00 -0.804819706126149E+00
   0.308733030780677E+01 -0.217205794099083E+01 -0.249655330647069E+01
   0.303216505980318E+01 -0.983007609406420E+00  0.177942538315326E+01
   0.423408716801487E+00  0.155281645046456E+01  0.171896352242486E+01
  -0.113261770932902E+00  0.230318951879213E+01  0.206309767277173E+01
   0.150710786049352E+01 -0.334319797293477E+01 -0.685228465587796E+00
  -0.365766928176636E+00 -0.912452337846273E+00 -0.251785852952076E+01
   0.250963827078186E+01  0.303459580415437E+01  0.198862241674800E+01
   0.341210011195720E+01  0.221522960755887E+00 -0.208546665427471E+01
  -0.803334481603180E+00 -0.116448749415833E+01  0.166307163408589E+01
  -0.356895504241203E+01 -0.305416884341595E+01  0.130317110092533E+00
   0.206077834170096E+01 -0.138753940703249E+01  0.154873949751113E+01
   0.342117212855582E+01 -0.111210698349884E+00  0.236001490357281E+01
  -0.233294756712028E+01  0.945108018779981E+00  0.158286299645944E+01
  -0.213175351572955E+01  0.138636031803417E+01 -0.218358631468919E+01
  -0.114097302429857E+01  0.184298134855672E+01 -0.303631917906336E+01
   0.338030753115545E+01  0.187709471958936E+01 -0.334271718086887E+01
   0.163896796096430E+01  0.147741666740233E+01  0.249921998307649E+01
   0.726723435315025E+00  0.415853328396004E+00  0.106259318533069E+01
   0.283629010025225E+01  0.106591533024022E+01  0.200450300020205E+01
  -0.855162981460184E+00 -0.312487812323262E+00 -0.113225167930226E+01
   0.119292152576308E+01 -0.275605810052786E+01  0.286061153073839E+01
   0.333382716332521E+01  0.220314882263576E+01  0.183831484943076E+01
   0.932613555946622E+00 -0.301843101675757E+01 -0.238368161549985E+01
   0.341997516621801E+01  0.104408782334294E+01  0.130497263896280E+01
  -0.121644474072015E+00  0.157831969231199E+01 -0.733394378461885E+00
   0.120169723391215E+01 -0.880454596539134E+00 -0.140096178145318E+01
   0.105039572135046E+00  0.211990620734042E+01 -0.152523023151646E+01
   0.259557126364996E+01  0.199480217612690E+01  0.621073524562545E+00
   0.113230439344255E+01 -0.190730964921147E+01  0.857772750220583E+00
  -0.168653810131685E+01 -0.305327567433002E+01  0.191294115545441E+01
   0.108261718938594E+01  0.321776235494230E+01  0.390283236801785E+00
  -0.258255832250577E+01  0.238931990590216E+01 -0.522973537628568E+00
   0.514791015717037E+00 -0.153369145557482E+01 -0.303565093966421E+01
   0.219250110390064E+01 -0.185224872618635E+01 -0.209769515195667E+01
  -0.220830726835495E+01  0.223839767484912E+01 -0.283175234876566E+01
   0.236739472673175E+01 -0.310816558176963E+01  0.345515093737071E+01
   0.938257589442094E-01  0.343431912523254E+01  0.189155608583048E+01
  -0.189685666170931E+01 -0.173484880587185E+01  0.222466769000703E+01
  -0.135958116829030E+01  0.220908410756887E+01  0.127957338567806E+01
  -0.191654198087260E+01 -0.181196839380656E+01 -0.335493560770011E+01
  -0.155983581167410E+01 -0.337674189900910E+01 -0.315789044387931E+01
  -0.346385999364244E+01 -0.194334997944353E+01  0.151638500994933E+01
  -0.210569273518007E+01  0.607350796676477E-01 -0.880987832429082E+00
   0.246930083244634E+01  0.326981801244953E+01 -0.107983344888457E+01
   0.105262138479679E+01  0.354694200934004E+00 -0.855181386777304E-01
   0.163444505669982E+01  0.189428255338252E+01 -0.329308136915640E+01
  -0.284931567296365E+01 -0.339054463558368E+01 -0.124898818660436E+01
   0.108968456357938E+01  0.604131180376300E+00 -0.183195877473310E+01
   0.230965499991144E+01 -0.113936787837727E+01 -0.290477957231332E+01
   0.103557265797218E+01 -0.159381569698650E+01 -0.510059868233666E+00
   0.317953784925702E+01 -0.297031612873122E+01  0.256644546077437E+01
  -0.236900872413348E+01 -0.981060071798479E+00 -0.100255492597985E+00
  -0.127285763473259E+01  0.269376935007644E+01  0.243445287951387E+01
   0.138932954196767E+01  0.339463938036807E+01 -0.176461110316323E+01
   0.153576472361909E+01 -0.920334633187861E+00  0.755489137283809E+00
  -0.221285856871022E+01  0.763006328412781E+00  0.335685543867233E+01
  -0.170514161076877E+01  0.222350490708067E+00  0.118825373592608E+01
  -0.150450651043132E+01 -0.170399353883333E+01 -0.210002110069921E+01
  -0.174228322986415E+01  0.264229508594321E+00 -0.187588873374540E+01
   0.248330065414555E+01  0.674455888619193E+00 -0.172794142725773E+01
  -0.315634209572913E+01 -0.346295210418378E+01  0.287826131111430E+01
  -0.207878009857091E+01  0.202543508101715E+01  0.337029883947446E+01
  -0.670130845025944E+00  0.243211392957317E+01 -0.212031187245133E+01
  -0.573996936474074E+00  0.306342798919178E+01  0.314540724745527E+01
  -0.254906932662477E+01  0.279032302050863E+01  0.351657148082334E+00
  -0.298182601215459E+01 -0.168053443221617E+01  0.289159682245504E+01
  -0.328324992963793E+01  0.214120945039778E+01  0.947956342942904E+00
   0.183220139027240E+01 -0.648693174786215E+00 -0.500410040899971E+00
   0.227457399533152E+01  0.342944689671066E+01 -0.243146177471894E+01
   0.108960648661778E+01 -0.252133645831838E+01 -0.107524256917890E+01
   0.216300336536436E+01 -0.142672995455761E+01  0.536163537631953E-01
  -0.331512293723830E+01 -0.133408558244165E-01 -0.108753847272237E+01
  -0.776742291793346E+00 -0.130035494044545E+01 -0.134614426865911E+01
   0.629490529949801E+00  0.253779663571456E+01  0.836680010939524E+00
  -0.276330545690608E+01  0.144253780266787E+01 -0.321262037072291E+01
  -0.233488664432838E+01  0.228750011240145E+01  0.136271575095534E+01
   0.158861398426436E+01  0.167495886136125E+01 -0.187203247715331E+01
   0.549405685049317E+00 -0.277423446697849E+01  0.138392014678431E+01
  -0.263642714913891E+01 -0.221824124648516E+01  0.601976563947992E+00
  -0.313372979636283E+01  0.534835107979426E+00 -0.306510645907954E+00
  -0.204817887451920E+01  0.326267322252673E+01  0.139114713524897E+01
   0.304040494033094E+01  0.268857190429077E+01 -0.297008491577923E+01
   0.307782832459121E+00 -0.178591105669158E+01  0.320511793736108E+01
   0.190502020192729E+01 -0.235165934870012E+01 -0.310701540499633E+01
   0.354048638319223E+01  0.288268098867438E+01  0.262320025588623E+01
   0.892914871495000E-01 -0.165677257834405E+01  0.214163229385528E+01
   0.690719430063546E+00  0.157359364889767E+01  0.278964827523310E+01
   0.182530595666509E+01 -0.254474769959116E+01  0.719512127193492E-01
   0.159182781047926E+01  0.238928286952565E+00 -0.951064341926044E+00
  -0.171357055030897E+01  0.171330673241634E+01 -0.444517476844867E+00
  -0.223427362481530E+01 -0.147215718318641E+01  0.129406176690902E+01
   0.191837208937616E+00  0.240166510062001E+00 -0.270609488392863E+01
  -0.857117283608180E+00  0.205355647556189E+00 -0.230043951621271E+01
   0.158278664350640E+01 -0.143470288196289E+01  0.305158479413025E+01
   0.317066117997033E+01  0.819175237179234E+00 -0.309665761328454E+01
   0.223484831035135E+01  0.210132752915534E+01  0.149104588801833E+01
   0.575938360142117E+00 -0.988068525735454E-01  0.222878790969094E+01
   0.256579965046557E+01  0.182057649134922E+01 -0.258257217768525E+01
  -0.806836829312589E+00 -0.353668341073328E+01  0.224107667152625E+01
   0.353952232420751E+01 -0.960291364548001E+00 -0.232247576628041E+01
   0.668603658345848E+00 -0.601341383714549E+00  0.331971432807686E+01
  -0.168424934588496E+01  0.318455151712707E+01 -0.965203506434375E+00
   0.202189931529552E+01 -0.275868148953349E+01 -0.191428609692238E+01
  -0.287044179031883E+01 -0.226086479563282E+01 -0.167569227438034E+01
   0.139323808152163E+01  0.327357170593141E+01 -0.286931698609283E+01
   0.308647517260377E+01 -0.299847104556158E+01 -0.740582110161457E+00
   0.138774924101931E+01  0.117937318424299E+01  0.103330024489342E+01
   0.816457046285519E-01  0.181953491900251E+01 -0.345364296494426E+01
  -0.336025124689936E+01 -0.287084192958138E+01 -0.266843363197332E+01
  -0.150681409035418E+01 -0.729038669438774E+00 -0.280664872859553E+01
  -0.897896327484864E+00  0.336255404099786E+01  0.130909467375911E+01
   0.209344089600458E+01 -0.833856335030735E+00 -0.175195919216364E+01
   0.923230001916954E+00 -0.442542887150141E+00 -0.231659552925085E+01
  -0.316605465158877E+01  0.206830376747564E+01 -0.121098180795928E+01
   0.222553777577755E+01  0.122590934523741E+01 -0.163242555429095E+00
  -0.190250207241951E+01  0.146459059022942E+01  0.746908155189392E+00
   0.115687624802554E+01 -0.177969133002250E+01  0.200305433713232E+01
  -0.300943167843488E+01 -0.248608428863479E+01 -0.355184192222007E+01
   0.206264099014813E+00 -0.789640020807987E+00  0.164140287065306E+01
   0.197032061324838E+01 -0.181200753279180E+01 -0.960262228615948E+00
  -0.132143847143800E+01  0.312336067180695E+01  0.395354528205852E+00
   0.253753935585143E+01  0.408185625191705E+00  0.273805006517048E+01
  -0.184816758088931E+01  0.158833481501736E+01  0.254493372190568E+01
   0.132904474196007E+01  0.530722076228910E+00  0.235804651183462E+01
  -0.326366113401372E+01 -0.839608714968046E+00  0.350541361489720E+01
  -0.778642201550195E+00  0.286755894765063E+01 -0.867651710595351E+00
   0.266604978712872E+01  0.361661433060629E+00 -0.542299933667544E+00
   0.344824683419059E+01  0.315835887784058E+01 -0.123943030125062E+01
  -0.232910001184489E+01  0.346668702582886E+01 -0.217253255241682E+01
  -0.354396434511242E+01 -0.291471534778561E+01  0.120363091315615E+01
  -0.290261762966472E+01  0.146833181061014E+01  0.284346272036451E+01
  -0.127796823798917E+01  0.114450593055347E+01  0.165933199032585E+01
   0.286049386213357E+01 -0.307585949797206E+00 -0.127508081948264E+01
  -0.139586751671221E+01  0.296903013526708E+01 -0.261549672595447E+01
   0.328425147160414E+01 -0.180642177996958E+01  0.229294008200618E+01
  -0.295951026428736E+01  0.256593329358569E+01  0.337084604081468E+01
  -0.171201359138480E+01  0.830800331659021E+00 -0.288747398289606E+01
  -0.935253745378227E+00  0.107487251027854E+01  0.328940655997552E+01
  -0.222904076173049E+01 -0.150490259070333E+00  0.370798143349063E+00
  -0.283540467719827E+01  0.981941263741791E+00  0.531357875731934E+00
   0.213542335259273E+01  0.223896528237530E+01 -0.362653569887075E+00
  -0.355712197638368E+01  0.215712035802226E+01  0.484858805691869E-01
   0.190926377682406E+01  0.174738706030035E-01  0.592397584435955E+00
   0.917126862482663E+00 -0.264459502816928E+01 -0.336071772211058E+01
   0.299597132555121E+01 -0.800250130909525E+00  0.292698344725271E+01
  -0.158714160038285E+01 -0.124731431620614E+01 -0.843810202611468E+00
  -0.850465183483191E+00 -0.280367388356754E+01 -0.448946991508522E+00
  -0.127673770772422E+00 -0.332606271749378E+01  0.701210620047839E+00
  -0.726255195044634E-01  0.307599227316647E+01 -0.152852300059728E+01
   0.296833081910766E+01 -0.225236302392237E+01  0.342125083634120E+01
  -0.695927121150940E+00 -0.235079479996182E+01 -0.240376777883624E+01
  -0.306643638112647E+01 -0.238770022464645E+01 -0.450222836628810E+00
   0.307364219532905E+01  0.334643725309919E+01  0.631719829796116E+00
   0.313976289495171E+01  0.144293826438193E+01 -0.180447685140051E+01
  -0.286858241792106E+00  0.350311850417948E+01 -0.343271051825765E+00
   0.292642840873628E+01 -0.200371671030806E+01 -0.853872138000926E+00
   0.231506283759625E+01 -0.204140823275727E+01  0.249929779537375E+01
  -0.250424797680536E+00  0.201870593309081E+01  0.818455783335898E+00
  -0.641698967164087E+00 -0.812155128141413E+00  0.370195281398416E-01
  -0.232222784937937E+00 -0.657332474884995E+00  0.253413881309070E+01
  -0.182163100931391E+01 -0.508715197229681E+00  0.228786310354732E+01
  -0.334843227679474E+01 -0.179394190997346E+00  0.241758524712575E+00
   0.577250552321626E-01 -0.331335626676610E+01  0.285289276990158E+01
   0.223330548786500E+01  0.310472738739549E+01 -0.345080386481194E+01
  -0.303425333739883E-01 -0.204513267982196E+01  0.691981061000790E+00
  -0.289829281006389E+00  0.328606732894301E+01 -0.284540529042811E+01
  -0.172239654880159E+00  0.255139722252947E+00 -0.150571333566268E+00
   0.235093207784843E+01  0.941147044071789E+00  0.999929188570887E+00
  -0.104570413468185E+01 -0.221372440449448E+01 -0.132074118515797E+01
   0.164275066823063E+01  0.304870985701989E+01  0.128124548033148E+01
   0.766336390926010E+00  0.323160981679911E+01 -0.808669039788706E+00
   0.223931997056833E+01  0.245882711882732E+01 -0.174423111317603E+01
   0.341417088858531E+01  0.352817158684297E+01 -0.350387773152276E+01
   0.158195835101184E+00 -0.795942093150448E+00 -0.604069638749766E+00
  -0.155471313483711E+01 -0.294954975186890E+01 -0.211965327303349E+01
   0.113715986616580E+01  0.232895114682076E+01  0.212285137230525E+01
  -0.233113367590160E+01  0.267881746544665E+01  0.225820376535109E+01
  -0.222561775845213E+01 -0.258464481235602E+01 -0.283406424802143E+01
   0.623313930552255E-01  0.570649661697159E+00 -0.133218706249020E+01
   0.741598785686013E+00  0.252098557118958E+01 -0.259539719655692E+01
   0.252675547223708E+01  0.216798626414191E+01  0.269193082063730E+01
  -0.136923174503610E+01  0.388621119082707E-01 -0.136138803528271E+00
  -0.303964424170671E+01  0.315736430993047E+01  0.124574113892563E+01
   0.299780547633901E+01  0.223866168820758E+01 -0.762517495637022E+00
   0.320934111072915E+01  0.131532452928355E+01  0.253886894377695E+00
   0.129430287832317E+01  0.324812033072245E+01  0.323335701016296E+01
   0.855543909127376E+00  0.144569897319422E+01 -0.126548007365156E+01
  -0.293578745044250E+01 -0.313935618003975E+01  0.190265274261682E+01
  -0.167410531518369E+01  0.324208528900707E+01  0.310985713883372E+01
  -0.200152381357321E+01  0.809072596903450E+00 -0.201620729826638E+00
  -0.879582744658143E+00 -0.158108698804780E+01  0.271565985422646E+01
   0.468585339491866E+00 -0.213537952995277E+01 -0.186095506903449E+01
   0.129611108729528E+01  0.239360497773907E+01 -0.119971796694594E+01
   0.304416881038806E+01 -0.157244766930500E+01  0.663315255089163E+00
  -0.305854862742870E+01  0.726632278601409E+00  0.216164025483333E+01
  -0.103144534553613E+01 -0.296568045339674E+01  0.337202893740163E+01
   0.306623280617671E+01 -0.855846690771060E+00 -0.298880508134734E+00
   0.214645525540644E+01 -0.318744382872943E+01  0.243704640717867E+01
   0.344187119784185E+01  0.229146236542465E+01 -0.216183462206604E+01
   0.156457565748907E+01 -0.606865492411591E+00  0.250854280847647E+01
   0.320181892466480E+01  0.121148069677646E+01 -0.789718601823157E+00
   0.119296883937428E+01  0.995054467915253E+00 -0.354968695367861E+01
   0.281824587679698E+01 -0.113448890670640E+00 -0.316411417811986E+01
  -0.866863674858462E+00  0.162096160670010E+01 -0.140973691187037E+01
  -0.270270239491329E+01  0.353340500760375E+01 -0.311226179200906E+01
  -0.265414986588853E+01  0.122978801447646E+01 -0.136800022255680E+01
   0.233650668559955E+01  0.155990083451080E+01 -0.117168119296062E+01
  -0.504604516286757E+00 -0.259979789414378E+01  0.200666292503523E+01
   0.247670570604001E+01  0.127123457097485E+01  0.338128208762105E+01
   0.136015249643183E+00  0.231117547221621E+01 -0.457053869275050E-01
   0.117769679305295E+01  0.349902215486719E+01  0.205417646313750E+01
  -0.268681225653261E+01 -0.104920786527614E+01 -0.120164880395332E+01
%  0.102948682977670E+01 -0.144700474755401E+01  0.219850450253649E+01
%  0.160644098708209E+01 -0.303133500757365E+01  0.207145010037040E+01
%  0.278930157350675E+00 -0.443736427722462E+01  0.924084506490470E+00
% -0.120335839082736E+01 -0.411785156565630E+00  0.120937853796060E+01
% -0.156742247948667E+01 -0.173878902483376E+00  0.847716478972538E+00
% -0.694455356487959E+00 -0.136764615282727E+01 -0.528876761401282E+00
%  0.991721989556474E+00  0.115915679206778E+00  0.699896068552677E+00
%  0.572501946641504E+00  0.121961340709298E+01 -0.245843514416334E+01
%  0.113098424990563E+00  0.794548840290365E+00  0.284954449451141E+00
% -0.237358261186744E+01 -0.114586534990388E+01  0.276781092066593E+00
% -0.193044030601606E+00 -0.885277336991207E+00 -0.232775273662229E+01
% -0.101181612204659E+01 -0.150191015718705E+01  0.844690462835770E+00
% -0.461286281594248E+00  0.153114666963427E+01 -0.180032246166612E+00
%  0.386112768134781E+00  0.149000354010008E+01  0.163599680549977E+01
% -0.112121947965603E+01 -0.279376991143466E+01 -0.108629312977016E+01
% -0.217142631141608E+01  0.103778674016782E+01 -0.173396868194170E+01
%  0.109462465317578E+01  0.214229153741281E+01  0.664941123231374E-01
%  0.182505623266787E+01  0.327914618608161E+01  0.114672577151153E+01
% -0.111796629422316E+01 -0.743546420151457E+00 -0.148951689469309E+01
%  0.153609637670826E+01 -0.121362184557506E+01 -0.257981281319870E+00
% -0.150822818696920E+01  0.173396140751262E+01  0.166950406959028E+01
% -0.230293992258791E+00  0.257184771169454E+01 -0.191996639411424E+00
% -0.268967427466697E+01 -0.131263844543752E+01  0.509969693034705E+00
% -0.157401301066790E+01 -0.369848917018968E+00  0.110889714544609E+01
%  0.429373323525603E+00 -0.234900216455871E+01  0.183780640055400E+01
%  0.272629687002697E+01 -0.236751386456878E+01 -0.234849201979857E+01
%  0.455153752996338E+00  0.176112145315488E+01  0.118145957515611E+01
%  0.120773818604636E+00  0.534804930259987E+00  0.370446283951029E+01
%  0.810297172089710E+00 -0.489624902526616E+00 -0.156745576780134E+01
%  0.130162976316645E+01  0.158289764696452E+01 -0.123047731136667E+01
%  0.111858008243227E+01 -0.609632420465827E+00  0.644669873463585E+00
%  0.102547942976115E+00  0.121751715040827E+01  0.247377410955909E+01
%  0.460557320572730E+00 -0.255646704336665E+00  0.138944516027877E+01
%  0.150763976082954E+01 -0.117609990799129E+01 -0.361611163781351E+01
%  0.760540080622647E+00 -0.148615287893469E+01 -0.158887841341058E+01
% -0.193974511157479E+00 -0.176543117743940E+01  0.177073282675130E+01
% -0.216622996767933E+01 -0.160279070130111E+01  0.103583166153098E+01
% -0.334946039180188E+00  0.188094625032192E+01 -0.686169398480257E+00
%  0.210092013637770E+01  0.266207023320678E+01  0.190922332807939E+01
% -0.138708093110270E+01 -0.516326336245910E-01  0.378574552680800E+00
%  0.297327832237913E+01 -0.243516099658974E+01  0.175740360546847E+00
% -0.183041201427926E+01  0.131817622492298E+01  0.187026584957722E+01
% -0.191523797659883E+01  0.906824242666581E+00 -0.370555812139840E+00
% -0.129057282288870E+01  0.254181958046889E+00 -0.608441183342861E+00
% -0.185126651517845E+01  0.219594141874910E+01 -0.441000556082109E+00
% -0.423797068115074E+00  0.100836671107633E+01  0.241059501261346E+00
%  0.932772979580946E+00 -0.826487446392061E-01 -0.339861377641214E+00
% -0.104137173809239E+01  0.317061139079752E+00 -0.640356754421131E+00
%  0.795744957899430E+00  0.112105399099885E+01  0.159971250591497E+01
%  0.111793168130649E+01  0.152394013242499E+00 -0.951030928497845E+00
% -0.242433876555979E-01 -0.559155725062393E+00  0.159298408255924E+01
% -0.238930248016960E+01  0.123026164648333E+00  0.119879663437952E+01
% -0.160537515861582E+01  0.171469916814309E+00  0.276766168944735E+01
%  0.161285997330446E+01 -0.317991136174826E-01  0.120873701046081E+01
%  0.395345824131917E+00  0.223355459756621E+01 -0.217148366105394E+01
% -0.724675768426357E+00 -0.106740001781361E+01  0.212459522581879E+01
% -0.602162022326192E+00  0.846018221450392E+00 -0.423267551211446E+00
%  0.174453961533991E+01  0.222490686037182E+01  0.137944642359472E+01
%  0.206149009213408E+01  0.864058555032741E+00  0.218593319123874E+01
%  0.114664765939284E+01  0.697089887712244E-01 -0.391346765213495E+00
%  0.122329262538299E+01 -0.553736272371922E+00  0.126697339072492E+00
%  0.135326969660746E+01 -0.147733602727584E+00 -0.890228607171559E+00
%  0.885397724739402E+00  0.109121988294157E+01  0.906353164085606E+00
% -0.467788353445870E+00 -0.169339170281515E+01  0.309792554041281E+01
%  0.258217009103820E+00  0.675060402227413E+00  0.474409923580743E+00
%  0.496162037114099E+00 -0.566145417860932E+00 -0.677053883217068E+00
% -0.417540444743911E+00 -0.112791821730906E+01 -0.972509356037502E+00
% -0.257042844073298E+01 -0.191884726996853E+01 -0.273655570407494E+01
%  0.927782515337715E-01  0.222318593636426E+01 -0.199046635912452E+01
%  0.146149767483885E+01  0.237706813428178E+01 -0.208788075475649E+00
% -0.401867925308521E+00 -0.312309339293931E+00 -0.122805929445119E+01
% -0.249277011119142E+01 -0.273085693189074E+01  0.376658633887406E+00
%  0.847446097510330E+00  0.101066368996840E+01 -0.238273205857856E+01
% -0.171339557549717E+01 -0.134768335516077E+01 -0.330819643790830E+01
% -0.876328105960107E-01 -0.125110479860386E+01  0.205118115820001E-01
%  0.150319460118169E+01  0.534247775933724E+00  0.162366063309133E+00
%  0.752484257814652E+00 -0.987618831456313E+00 -0.117563182405041E+01
%  0.162823045353845E+01 -0.546531671604876E+00  0.310922222848791E+01
% -0.175801013233269E+00  0.273301924310654E+01  0.426689675214397E+00
% -0.231868988886102E+01 -0.255985942055557E+01 -0.132885808075343E+01
% -0.165316308468187E+01  0.995320661406182E+00 -0.566177278396730E+00
%  0.661867694190023E+00  0.189782159245353E+01  0.184522318130673E+01
%  0.108533014897586E+01  0.124877137116409E+01 -0.126224479781032E+01
% -0.222731026784366E+01 -0.158496287093372E+01 -0.565240853332448E+00
% -0.172697125319273E+01 -0.106232763545776E+00 -0.702288179718348E+00
% -0.819539736475309E-01 -0.127193864017123E+01 -0.836275306686743E+00
%  0.436132028823508E+00 -0.679832538118040E+00  0.147956788716426E+01
%  0.787734847130143E+00  0.230956201197652E+01  0.158774023510858E+01
%  0.955627723540186E+00  0.222401234731798E+00 -0.777306206974135E+00
%  0.161033531713489E+01 -0.242121582223756E+01  0.140135342282146E+01
%  0.859934540117043E-01 -0.218987448429133E+00 -0.312393470634635E+00
%  0.348881628752007E+00  0.559947500226837E+00 -0.370654729463725E+00
% -0.136943137251520E+01 -0.144806609431052E+01 -0.254343514734883E+01
%  0.264737490702861E+00  0.749980931089067E+00  0.924796393665421E+00
%  0.172775567551580E+01 -0.153425208527064E+01  0.219241123384041E+01
% -0.580350503014207E+00 -0.843075507771361E+00  0.129565222148111E+01
% -0.344921562887536E+00 -0.338186454201742E+00  0.194518659314789E+01
%  0.155826348005131E+01  0.113091184625947E+01 -0.146167170706088E+01
% -0.850755495882676E+00  0.143087451123376E+01 -0.137570313446119E+01
%  0.588703864729035E+00  0.347599050705905E+00 -0.288435639753354E+01
%  0.166982317520392E+01 -0.190701538234985E+01 -0.200236867696184E-01
%  0.435128271643101E+00  0.277628108068749E+01  0.111562922390229E+01
% -0.293068762231542E+00 -0.106068587037842E+01  0.279028943818570E+01
% -0.451052670997409E+00  0.111453912957672E+01  0.100195307054593E+01
% -0.327730425845719E+01 -0.802335375923067E+00  0.336102447124525E+00
%  0.188315930183097E+01  0.170831259132284E+00 -0.160509424722150E+00
% -0.115566409510320E+01  0.237344791183319E+01 -0.944438909878454E+00
%  0.429866327745891E+00  0.187597382789758E+01 -0.758327480437844E-01
% -0.191605248560040E+00  0.502866171031015E+00  0.184927892546214E+01
% -0.376664490103724E+00  0.619994483410709E+00 -0.256259827912085E+01
%  0.679815016407457E+00 -0.970190812535175E+00 -0.422367926400748E+00
%  0.868794093024171E+00 -0.193870111300510E+01 -0.738941291467745E-01
% -0.131556521330654E+01 -0.167496382334682E+01  0.993207530661895E+00
%  0.386083541372994E+00  0.667493094367036E+00 -0.264438225609051E+01
% -0.218569482129324E+01 -0.403763189454102E+00 -0.134403279053947E+01
%  0.183627003407743E+01 -0.141834691057643E-01 -0.110430032768969E+00
% -0.388465335077795E+01 -0.228347309630953E+00  0.104803772631108E+01
%  0.167019369293051E+01 -0.102307924237227E+01 -0.881274540297819E+00
% -0.103719576751238E+01 -0.615650082745415E+00  0.606465090771792E+00
%  0.742017836095464E+00  0.244120514566678E+01  0.930604138861810E+00
%  0.742556663861506E+00  0.126422585247723E+01 -0.901440325594386E+00
% -0.291937590763688E+01  0.869615679456088E+00 -0.289004985608988E+01
%  0.224784787571987E+01  0.168347393157188E+01  0.179118582064694E+01
%  0.271974681205630E+00 -0.400448278425007E+00 -0.137371667649917E+01
% -0.368424479516999E+01 -0.989317860519688E+00 -0.213223376059978E+01
% -0.148045252705191E+01  0.762901190323062E+00 -0.167559240027638E+01
%  0.643441168879395E+00 -0.408139454290963E+01 -0.195766782318821E+01
% -0.292306200392244E+00  0.190841301112553E+01  0.441875273251041E+00
% -0.255986210166364E+01  0.124483683049171E+00 -0.186007613712066E+01
% -0.147534168226263E+01 -0.209531500392935E+01  0.162949094491301E+01
% -0.882082899907397E+00  0.383047253271391E+00 -0.211139584547702E+01
%  0.123466761918795E+01  0.128970580674068E+01  0.136508043882010E+01
% -0.574544774046079E+00  0.159089946973082E+01 -0.122362555458462E+01
%  0.184156014658644E+01  0.164392745392683E+01  0.649669171818543E+00
%  0.819434112434846E+00  0.390191772808460E+00 -0.163358689566842E+01
% -0.156195059246674E+00 -0.242404230108744E-01 -0.949031798645078E+00
% -0.133058089653483E+01 -0.111814585566093E+01 -0.115370481297177E+01
%  0.157679611954288E+01 -0.268488059396088E+00 -0.859842461999331E+00
% -0.691534314207304E-01  0.228725527814409E+01  0.493325825104754E+00
%  0.197589408633977E+01 -0.357041358895485E+01  0.723861124919498E+00
% -0.741802258401539E+00  0.338960060796783E+00 -0.730234223957647E+00
% -0.189348994590778E+01 -0.790337705761081E+00  0.249837158114735E+01
% -0.161470850814508E+01  0.468686788082938E+00  0.174955611413158E-01
%  0.618023231937302E+00  0.591065990784812E+00  0.140255308220293E+01
% -0.539666024318855E+00 -0.155032357532638E+01 -0.967349974494226E+00
% -0.808331013933975E-01  0.173909490604829E+01  0.123892288102991E+01
%  0.423496461227200E+00  0.171040038262023E+01  0.121231794605418E+01
% -0.190342589960281E+01  0.447073263395508E+01 -0.412967059751289E+00
% -0.951587505191911E+00 -0.209388248090701E+00  0.122811496405514E+01
%  0.119697452223488E+01  0.214450372952580E+00  0.100496914696559E+01
%  0.443360644673407E+00 -0.242742595509725E+01  0.711661736064584E+00
% -0.129142553721513E+01  0.754592435395565E+00  0.188811866253308E+01
% -0.121314530921898E+01 -0.937980632337581E-01  0.287069006148387E+01
%  0.102167400190395E+01  0.601732324322178E+00  0.223109369392262E+00
%  0.342494237955003E+01 -0.127467879578911E+01 -0.189505306914050E+01
% -0.889866980256666E-01 -0.271702171424876E+00 -0.716258088535553E+00
%  0.718201667348907E+00 -0.192796521300341E+00 -0.732812575804257E+00
%  0.746591146789679E+00  0.137467704019042E+01 -0.180970905185480E+01
% -0.154348872166225E+01  0.226039733091862E+00  0.323173011579848E+00
%  0.220486787160857E+01 -0.475481662540131E+00  0.225224474417940E+00
% -0.208544370733635E+01  0.864628217403576E+00  0.392342253720732E+00
% -0.189360548023367E+01 -0.207226997719221E+01  0.105248073788148E+01
% -0.145937777986185E+01 -0.492099586961916E+00  0.143532416455009E+01
%  0.828340544263544E+00  0.933533259421673E+00  0.253195047259298E+01
%  0.291669661149766E+00 -0.508009752311138E+00  0.127973703311949E+01
% -0.401418477106284E+00 -0.104293869321808E+01 -0.112900113337101E+01
% -0.390162637108971E+00  0.228227330160613E+01  0.544947403696639E+00
%  0.159003143764228E+01 -0.153823299939113E+01  0.844242161126389E+00
%  0.494064193179272E+00 -0.164435266979125E+01  0.324805903811338E+00
% -0.157399513640863E+01 -0.306657244908213E+01 -0.483689823993790E+00
% -0.190019707457425E+00 -0.531383958656996E+00  0.130463521179985E+01
% -0.375464015484711E+00 -0.939253069209786E+00 -0.106513358854351E+01
% -0.427152149335881E+00  0.731387692010544E+00 -0.148011073003899E+01
%  0.182291447608010E+01  0.236888973342973E+01 -0.188178760872552E+00
% -0.361886694843796E+00  0.225397932501179E+00  0.159926902495064E+01
% -0.992339735968493E-01 -0.130282188839991E+01  0.369977991039899E-01
% -0.371475522675108E+00  0.397423939183955E+00 -0.100580567134665E+01
% -0.202712164922668E+01  0.536509182501181E+00  0.322693994225712E+01
%  0.577037371992815E+00  0.121829255687149E+01  0.314078503938212E+00
% -0.123414422339435E+01 -0.905159986512329E-03 -0.130308212481487E+01
%  0.118545424813327E+01  0.171474300013593E+01  0.482293076749966E+00
% -0.925342343076646E+00 -0.733317689999177E+00 -0.182836472033686E+01
%  0.120934298836808E+01 -0.134047945873515E+01  0.237409194310092E+01
%  0.386266591020094E+00  0.314911653141094E-01  0.113034491865545E+01
% -0.915081600930487E+00 -0.145228073167397E+01  0.274925735812414E+01
% -0.211087265308745E+01  0.150156376493888E+01  0.340623754806985E+00
%  0.812482524504375E+00  0.509124889675751E+00 -0.104100466383001E+01
%  0.719940445717763E+00  0.798516676289236E+00 -0.718513718246372E-01
%  0.191304671787149E+01  0.353823246603166E+00 -0.365641887079180E+00
%  0.123859866236615E+01  0.139417710608008E+01 -0.660872109507537E+00
%  0.114494630873295E+01 -0.334431442988859E+00  0.593568081704533E+00
%  0.116879003760847E+01  0.397698332104719E+00 -0.575989660838210E+00
% -0.170925948381571E+01  0.831298270122708E+00 -0.187648068587224E+00
% -0.431194378061442E+00 -0.157779155654103E+01  0.198021019596358E+00
% -0.127305349865204E+01 -0.150923382856639E+01 -0.980133903223243E+00
%  0.115657871389594E+01  0.928136386186515E+00 -0.231687736403087E+01
%  0.188943864086870E+01  0.175214067628038E+01  0.106987291227534E+01
% -0.175713700046129E+01  0.187482282579030E+01  0.188899707471488E+01
% -0.123615245382952E+01  0.102768593629286E+00 -0.286220598302307E+00
%  0.857332367670392E+00 -0.147364055151105E+01 -0.167662267316125E+01
%  0.104344179383450E+01 -0.307707729525647E+00 -0.242923815097963E+01
%  0.106484027406593E+01  0.260126479166186E+00 -0.603179701884705E+00
% -0.219791490107183E+01 -0.121016882155764E+01  0.196450827704520E+01
%  0.948435193987953E+00 -0.406273375971145E+00 -0.126097791390803E+01
% -0.102131588842225E+01  0.223781756642218E+01 -0.275536181050362E+01
%  0.607698176390393E+00 -0.183911662645570E+01  0.640257497945089E+00
%  0.149922887989566E+01 -0.227443103546701E+01 -0.645471555603680E-02
% -0.749603305097582E+00  0.825501193312176E+00  0.148961329324514E+01
%  0.133279038843921E+01  0.801110931175673E+00  0.601826594860138E+00
%  0.357074110121508E+00 -0.245286639328486E+00 -0.247766410512814E+01
% -0.325279566180618E+00 -0.111404261130806E+01 -0.248550940422626E+00
%  0.244869082681107E+00  0.243763095643711E+00 -0.495784691790237E+00
% -0.204494326562393E+00 -0.168707773000706E+01  0.243761392852605E+01
% -0.832877675686514E+00 -0.118682612148622E+00  0.270049244594580E+01
%  0.817708755552948E+00  0.143085950088808E+01 -0.112731541649958E+01
%  0.736081195361445E+00  0.109951525763962E+01 -0.132798920680578E+01
%  0.752256905389537E+00 -0.262672821550879E+00  0.545673864812632E-01
% -0.177781962509772E+00  0.220442961504888E+01 -0.242554909448265E+01
%  0.326158968022102E+00 -0.118426673927759E+01 -0.699068987929557E+00
%  0.350963728084204E+01  0.607925833469930E+00  0.335993085958505E+00
%  0.292042783059501E+01 -0.507614191648683E+00 -0.136120932240870E+01
% -0.804093013868741E+00 -0.314541899672507E+01 -0.649131676456120E+00
% -0.486212678232781E+00  0.144476976788324E+01  0.260080525678193E+00
% -0.143825206303031E+01  0.126204445561153E+01 -0.107318884497911E+01
%  0.143556752199560E+01 -0.456167687943207E+01  0.129883968610842E+01
%  0.100073332095723E+01  0.536180573411647E+00 -0.782585804799344E+00
%  0.140465963014446E-01 -0.226205515672335E+01 -0.531558690570288E+00
%  0.147453732159093E+01 -0.137157844889998E+01 -0.630382398888880E+00
% -0.350474831839884E+01  0.110288543577803E+01  0.122264353012132E+00
% -0.224350182268545E+01  0.152118409405170E+00 -0.724169008009755E-01
%  0.210585436613830E+01  0.664379687773274E+00  0.204940747629779E+01
%  0.181196177821937E+01  0.811347848499178E+00  0.156017177602304E+00
% -0.167372979872497E+01 -0.138996204721105E+01 -0.276277647033853E+01
% -0.124902773746501E+01 -0.102575170103012E+01 -0.272416127038971E+01
% -0.354580798749426E+00 -0.994474525319733E+00 -0.126758675429540E+01
% -0.534904530099085E+00 -0.143313004596931E+01 -0.186774530934793E+00
%  0.279193594814437E+00 -0.720189392840973E+00  0.147336254776213E+01
%  0.644563580664444E+00  0.300042260015006E+01 -0.226690736532425E+01
%  0.557590115154543E+00 -0.679239339396172E+00  0.109102761252186E+01
%  0.118602835746693E+01 -0.465552972566849E+00  0.124228282585151E+01
% -0.310725832758328E+01 -0.251611791100063E+01 -0.146357189688031E+01
% -0.358096407367144E+00 -0.185602003729771E+01  0.637358752187611E-01
% -0.410574925618125E+00 -0.110652567200534E+01  0.231402894815420E+01
%  0.170706072623446E+01  0.100106384936175E+01 -0.177613735674067E+01
% -0.725568008025602E+00  0.533758400866005E+00 -0.383240150708786E+01
%  0.190562615868392E+01  0.175853114393991E+01 -0.987236373548677E+00
% -0.209836410898590E+01 -0.632610465507615E+00 -0.264193111574029E+00
%  0.395729557896702E+01 -0.711971330540141E+00 -0.132014157652967E+01
%  0.368212244164950E+01  0.791414447294383E+00  0.132422067274030E+01
% -0.242926651707090E-01  0.938454457597673E+00 -0.347823601725660E+01
%  0.177147739277460E+01  0.226563979061551E+01  0.281567284800811E+00
% -0.689823867744179E+00  0.166833208221528E+01 -0.143713991147089E+01
%  0.713446635657040E+00  0.963348549174718E+00  0.322159545865351E+01
% -0.684363023355402E+00  0.636460231226121E-01  0.115199228698292E+01
% -0.221791142922649E+01 -0.115032449928229E+01  0.277928066436104E+01
%  0.827730256542826E+00  0.201898837940093E+01 -0.135053443644732E+00
%  0.480219155686312E+02  0.259606547557420E+02  0.136967539262866E+02
%  0.203867225169540E+01 -0.391356313005168E+02  0.213638362536518E+02
%  0.134684495735605E+02  0.179254471318111E+02  0.318988789473923E+02
%  0.848657804708183E+00  0.495454185931720E+01  0.691361165903352E+00
%  0.573589326740411E+02 -0.720088277124055E+02  0.740136144457834E+00
% -0.216620371671756E+02 -0.148098959073555E+02  0.686888827932193E+01
%  0.569381737585998E+01 -0.532165210153736E+01  0.260092786246956E+02
%  0.487415026143108E+00 -0.132118209854460E+02  0.621706527598453E+01
% -0.386697901306718E+01 -0.926220492164055E+01  0.667443039707705E+00
%  0.301780105289019E+02  0.484607027293887E+02 -0.213146988349906E+02
% -0.159210113125211E+01  0.145378662789514E+02 -0.309619182208834E+01
%  0.150532137468880E+02  0.147591954611798E+02 -0.181107086411403E+02
% -0.183377381168168E+02  0.835613576238435E+01  0.186456087455682E+02
%  0.849559747318506E+01 -0.119019009973080E+02 -0.544215783229423E+01
%  0.148357422164431E+02  0.317935956114885E+02 -0.221271513545084E+02
% -0.443778949841990E+01  0.281789774693077E+02 -0.986698203438007E+01
%  0.483239988482752E+02  0.359685807842866E+02  0.695068180115264E+01
% -0.801216775171133E+01  0.194091231553389E+02 -0.337914558776204E+02
% -0.631602507542206E+01  0.957526031553712E+01  0.805085897874342E+01
%  0.529753031311238E+01  0.267025279164367E+02  0.125886114216415E+02
% -0.284261896065085E+01  0.103585400269700E+01  0.152857788294059E+01
% -0.383412485632507E+01 -0.297737796654796E+02 -0.390068376805275E+01
% -0.351483325676917E+02  0.351316114491731E+01 -0.162036065561570E+02
%  0.250010051005517E+01  0.300427484819890E+01  0.966170637166337E+00
% -0.463365005866602E+01 -0.522742306335804E+01  0.506676949587451E+01
%  0.873750256858267E+01  0.402281130023800E-01 -0.105551301997014E+02
%  0.866571429039352E+02  0.271601824241294E+02 -0.763212854780648E+02
% -0.422310112189729E+02  0.530075040452422E+02 -0.429874640380103E+02
%  0.262053344618614E+01  0.311477881044064E+01  0.400110554777476E+00
%  0.110294542164698E+02  0.283702768331187E+02  0.149689884941867E+02
% -0.183364517727481E+02  0.278273471589150E+02 -0.492766820196511E+02
% -0.563059256031594E+02  0.935111327360495E+02 -0.720279908954666E+02
%  0.332625485910889E+03  0.146731755926120E+03  0.923609228902180E+02
%  0.306799708528348E+02  0.134778974433988E+02  0.240370467025976E+02
% -0.336985340417614E+01 -0.763304091056063E+00  0.281807852991263E+01
%  0.165647653619174E+02  0.362285241325717E+02  0.210945308641757E+02
% -0.417583368394528E+01 -0.691919712029107E+01 -0.108249308008778E+02
% -0.105718622456339E+02 -0.102050488557419E+02  0.154521698682385E+02
%  0.297560805149613E+01 -0.204802470360961E+02  0.520446414832436E+01
%  0.182972568076295E+01  0.882352562538333E+01 -0.780171305565645E+01
% -0.180715806763112E+02  0.513058063141147E+01  0.163332631945789E+02
%  0.118624820999319E+02  0.877417531884184E+01 -0.788148084355368E+01
% -0.130338131938537E+02 -0.883214147595118E+01 -0.631041966070094E+00
% -0.319050798478292E+01 -0.199643297658921E+02  0.146910314743108E+02
% -0.364922021623171E+01  0.126136062572204E+02 -0.436298587820830E+01
% -0.173803128040650E+01  0.179310385093177E+02 -0.121347326483319E+02
%  0.244069279765697E+02 -0.223555084082500E+02 -0.217603701729694E+02
% -0.206182842853749E+02  0.242035967911884E+02  0.681644156136320E+01
%  0.569058189193986E+02  0.188545865248242E+02  0.175972145365865E+02
%  0.103342023198563E+00  0.154101858777540E+02 -0.221866228099877E+01
%  0.387720637861784E+01  0.634987150567487E+00  0.118855000059395E+01
% -0.305661608679184E+02  0.191773637652401E+00 -0.136735901125119E+02
% -0.595384324101944E+01  0.696041163731011E-01  0.202904011059582E+01
%  0.114378518409161E+02 -0.392219753112923E+01  0.201317716007538E+02
%  0.235328610350878E+01 -0.769825081050040E+01  0.279416349302127E+01
%  0.161368522334105E+02  0.193533799667509E+02 -0.183701462177385E+02
%  0.281755922981967E+02  0.182293185280382E+02 -0.237333600588460E+02
%  0.256780009088018E+01 -0.150521722730883E+01 -0.113403951646948E+02
% -0.230122423398163E+01  0.787403097598678E+00  0.319449139092854E+01
%  0.186308422139101E+02 -0.434492166207213E+02 -0.235990764541976E+02
%  0.381392366161796E+02  0.110866122043334E+02 -0.807185984863160E+00
%  0.686693335097272E+02 -0.995345618540840E+02  0.718143216640178E+02
% -0.699826059843434E+02  0.152710127237781E+02  0.796963118913245E+02
% -0.231737931740283E+01  0.206722816410610E+02  0.601701150487679E+01
%  0.106663524527012E+02 -0.463868804002061E+01 -0.363356936760287E+02
% -0.884691487451001E+01 -0.637707384135428E+01  0.291829274094649E+01
% -0.363323741914821E+01  0.256088245649162E+01  0.731586132911432E+01
%  0.771468867760973E+02  0.862746240570628E+00 -0.872300420660387E+02
%  0.360313584567452E+01 -0.277271641196387E+02  0.334874954280589E+02
% -0.434091844146551E+02 -0.605295769636011E+01  0.282192512771431E+02
%  0.225927791583298E+02 -0.183000907788704E+02 -0.203941683092246E+02
%  0.735329075607382E+01  0.129995586302121E+02 -0.440965811624494E+02
% -0.772215894234135E+00 -0.522552155988169E+01 -0.207271142569339E+00
%  0.384767014010854E+01  0.279314261653393E+01 -0.215160054170814E+02
%  0.365468192984209E+02  0.139546059702756E+02 -0.582359709624259E+02
%  0.288154479021998E+02 -0.109926017299989E+01 -0.681873476792156E+01
%  0.849167361670832E+01  0.116154055152453E+02  0.435923253748433E+02
% -0.152298568549129E-01  0.653758336536294E+02 -0.539184271642931E+01
% -0.946753034962626E+01  0.193185972518674E+02  0.105928063665250E+02
%  0.364926141688683E+01  0.213969037882396E+02 -0.321435363519840E+01
%  0.280028424592962E+02 -0.106585370199484E+02 -0.223046387247481E+02
%  0.582259979528740E+01 -0.397278810700985E+01  0.169098475122165E+02
%  0.379811981116635E+02  0.659474967013019E+01  0.442393058640879E+00
% -0.788870649389077E+01  0.117131468853925E+02 -0.153760976836968E+02
% -0.670193186585151E+02 -0.205898271874691E+02  0.662707816781293E+02
%  0.836126339046441E+02 -0.119570698108226E+02 -0.152015243974847E+03
% -0.125334133740010E+02 -0.162541143609165E+02 -0.137311459293749E+02
% -0.276912749788916E+02  0.368967747201301E+01  0.560758834875871E+01
% -0.100746258522408E+02  0.249375694300129E+01  0.161268259845144E+02
%  0.493065825828961E+01  0.122339414783832E+02  0.519466142299754E+01
%  0.659432379181273E+01  0.813845069608914E+01  0.100750045367575E+01
%  0.317809952202603E+01 -0.638967118931415E+01 -0.137965395852039E+02
%  0.105196021471573E+01  0.348894603235003E+01 -0.185166567191160E+01
% -0.578831462107953E+01  0.482823228948480E+01  0.661695309326104E+01
% -0.122151841587830E+02  0.131836856220838E+02 -0.582203629719178E+01
%  0.218459625039070E+01 -0.359907468180529E+02 -0.342688713326849E+02
%  0.180338817338968E+02 -0.410660447693748E+02 -0.426367545025791E+02
%  0.158868747101735E+01 -0.457547684464238E+01  0.843069584389588E+01
% -0.120020978792694E+02 -0.270475799424029E+01 -0.853461241402353E+00
%  0.824280527064159E+01  0.104147990585662E+02 -0.349007067878392E+01
%  0.118953219133179E+02 -0.399331715736150E+01  0.588589640504798E+01
% -0.562881087147822E+01  0.203007723564575E+01 -0.116269127365264E+02
% -0.192526461808279E+02  0.430283169130018E+01  0.107784725029774E+02
% -0.941325628828265E+01 -0.959490313855903E+01  0.102760968796106E+02
%  0.663788196266078E+02  0.338681733428266E+02  0.314681039349629E+01
%  0.107860752231753E+02  0.117259452841835E+02  0.431217227158044E+01
% -0.643385240765814E+01 -0.605221467585796E+01 -0.775832401424100E+01
%  0.986812097652961E+00 -0.522724231371579E+01  0.130158869988818E+02
%  0.531723357858211E+01  0.180362782113758E+02  0.422028691539762E+02
%  0.587576256809482E+01 -0.315117502361481E+00 -0.351360361802584E+01
%  0.146201785044902E+02 -0.106358496908071E+02  0.511098115491870E+02
% -0.522437401581294E+00  0.178718053563359E+01 -0.356141161196643E+01
%  0.262634438061440E+02  0.314721482782616E+01  0.153828948874086E+02
%  0.102406800868215E+02  0.233478045590714E+02 -0.837104526423365E+01
%  0.453434722856380E+01 -0.200848258268865E+02  0.693854818913530E+01
% -0.586011676549482E+02 -0.508248003047953E+02  0.599535863617946E+02
%  0.522428647925774E+02  0.337449943450520E+02 -0.306801717004978E+02
% -0.190911079555073E+02 -0.507070799917081E+02  0.535532877500874E+02
% -0.116071594440034E+02 -0.564825066129739E+01  0.730207209924866E+01
% -0.295213718299124E+02 -0.293860551994944E+02 -0.265527907870168E+02
%  0.130013268289826E+02 -0.125449808336384E+02 -0.452453471675819E+02
% -0.216948364589399E+02  0.126287542244167E+02  0.440865910436537E+02
% -0.470762155504455E+01 -0.250935558957212E+01 -0.261640909617812E+01
%  0.219549318134594E+02  0.821899174751434E+02 -0.445723843383908E+02
%  0.268574965997284E+02  0.128626002970465E+02 -0.579984002494079E+01
% -0.448151705751500E+02  0.396503894848317E+02 -0.119786988855073E+02
% -0.756718560473493E+01 -0.117070968985421E+02 -0.402382443240382E+02
%  0.548025815798904E+01  0.676012611994067E+01  0.641182522648682E+01
% -0.309580517908489E+02 -0.330876379089615E+02 -0.153676518676830E+02
% -0.475645562352973E+01 -0.181274610666216E+02  0.724475024996834E+01
% -0.259352862034496E+02  0.920789062786790E+00  0.762715438274710E+01
%  0.189350468756993E+01  0.810020525698976E+01 -0.824038334966533E+01
%  0.989650023542641E+01  0.104146655839505E+02 -0.186010620243894E+02
% -0.189381930954760E+02  0.894765833556725E+01 -0.388255912654732E+02
% -0.243902811795306E+01  0.649771654688054E+01 -0.966025224066226E+01
% -0.282124875106687E+01  0.447790125167894E+01 -0.608614670738795E+00
%  0.905420898484754E+01 -0.709502634623293E+02 -0.207177854273365E+02
% -0.391557972604194E+01 -0.240139855116653E+02  0.182440831680838E+02
%  0.947751787679304E+01  0.215662326211459E+02  0.179017519618431E+02
% -0.249456297874008E+02 -0.512588578426322E+00  0.587050468724826E+02
%  0.509795218056556E+00  0.144123021412631E+02  0.140312473725606E+02
% -0.145839468984959E+02 -0.599877383333763E+01 -0.882062531834826E+01
% -0.282828308743849E+02  0.384863706188162E+01  0.551917127547746E+02
% -0.958061876754659E+01  0.899039417721783E+01  0.452979296880096E+01
% -0.409395004679719E+02 -0.298213592477798E+02 -0.148045608143029E+02
% -0.499291579737342E+02  0.119350272098764E+02 -0.264536607669093E+01
% -0.164594630482925E+02 -0.677668730055024E+02  0.148711579826397E+02
%  0.104175839800920E+01 -0.905912560862168E+00 -0.168639289796456E+01
% -0.172712354833728E+02  0.617996896117790E+01 -0.269483629754641E+00
% -0.644809098802241E+01 -0.172715806218982E+02 -0.173711760001644E+02
% -0.614486732868200E+01  0.391553369138005E+01  0.333140417702626E+02
% -0.132956734196321E+01  0.355180406192045E+01 -0.763498336031424E+00
%  0.111759878351684E+02 -0.187692768926983E+02  0.996842308797273E+01
% -0.259243789137955E+02  0.495392422520546E+02  0.319716987739663E+02
%  0.248340744197464E+00 -0.180099766142989E+02 -0.192801045543266E+02
%  0.389367495517026E+02 -0.625639350402050E+01 -0.139479745710237E+02
%  0.220417583083796E+01 -0.524149165926401E+00 -0.528623847003497E+01
% -0.468185286226836E+02  0.384071310864276E+01 -0.328045591753689E+02
% -0.950003969129293E+01 -0.517803807867432E+01  0.113961544132194E+02
%  0.548151594640531E+01 -0.126715129349415E+01 -0.933971869485799E+01
%  0.233184964528527E+01 -0.320129825705048E+01  0.227564083022427E+01
%  0.127765306944942E+00 -0.728486859756415E+00 -0.136243725386352E+02
%  0.387038752995805E+01 -0.674638124972412E+01 -0.540264873359963E+02
% -0.293681456111597E+02  0.673871176018889E+01 -0.982589034540700E+01
% -0.752758430195408E+01 -0.525869278719361E+01 -0.120633341644371E+02
% -0.308856014427419E+03 -0.176287057931499E+03 -0.104981967407136E+03
%  0.111632342815395E+02 -0.151330426077847E+02 -0.427508430173391E+02
%  0.168683876272837E+02 -0.153928915772730E+01  0.201862467099092E+01
%  0.312392871440559E+01  0.260002372757896E+01  0.723386186231651E+01
% -0.102331669811827E+01 -0.640773959913032E+02 -0.310566345002803E+00
% -0.456061776360771E+01 -0.649127791884546E+01  0.122736390109555E+02
%  0.172552371556935E+02 -0.119958053461380E+02 -0.653025419921276E+01
%  0.588124974646111E+01 -0.606120903416445E+01  0.130974277084954E+02
% -0.334111915722623E+02 -0.301009379598026E+01 -0.405858737456662E+02
% -0.240498763160279E+01  0.135906858005407E+02  0.944901789325597E+01
%  0.105702000059178E+02  0.125445131534189E+02 -0.170959773692141E+02
% -0.338127388702526E+01 -0.110362035227742E+02 -0.117005626642949E+02
% -0.136155556151830E+01 -0.149581876050520E+02  0.733874892456072E+01
% -0.639386940557721E+02  0.104870854642598E+02  0.163656263440185E+03
% -0.359117143233358E+01  0.463597830988206E+01  0.101305813940713E+02
%  0.203549885883886E+02 -0.129258224326201E+02 -0.102540494275794E+02
% -0.346136070504340E+01 -0.745710550074571E+00 -0.205197454551063E+01
% -0.170296819938532E+02  0.349295806414595E+02  0.221984637642871E+02
%  0.148188578847298E+01  0.928810475015998E+01  0.234250083182996E+02
% -0.565573371769400E+02  0.145879559916502E+02  0.221544895399054E+02
%  0.169116984039711E+02  0.532660153417601E+02 -0.656894039944887E+02
% -0.365948846734284E+01  0.222307648344467E+02 -0.300866074533139E+02
% -0.121569223243478E+02  0.588861599239711E+01  0.223736139738183E+02
% -0.205673355541542E+02 -0.215494739017736E+02  0.128645313718709E+02
% -0.427007188083867E+02  0.866145122547627E+01  0.239091205106095E+02
% -0.299700051224295E+02 -0.149515661130009E+02  0.268776351669726E+02
%  0.320674362955603E+01  0.293061407394505E+01 -0.213395398847008E+01
%  0.161980580906943E+02  0.457003006291117E+02 -0.171775994231327E+02
%  0.740364991902379E+01  0.785947327854924E+01  0.413126429000141E+00
%  0.358129661205220E+01  0.391841724449535E+01  0.241969191196100E+01
%  0.488126467990249E+01  0.149637112997675E+02 -0.138181323599310E+02
% -0.357481873865686E+01 -0.951203710836751E+01  0.792026682411543E+01
%  0.155889930865125E+02 -0.260295189119323E+02  0.552564221204295E+01
%  0.334787752308303E+02  0.154813822397509E+02  0.240608521134135E+02
%  0.302963507594832E+02  0.132549947553988E+02  0.415318121788435E+01
% -0.161307801404965E+02 -0.703291961576386E+01  0.106298620969870E+01
% -0.219095547740443E+02 -0.183778109114347E+02  0.319342243326107E+02
% -0.126659489772942E+02  0.191741991801079E+00  0.638764821353029E+01
%  0.499677554066879E+02 -0.775082964194673E+02  0.528374237988423E+02
%  0.752841406890441E+01 -0.198617670200755E+02 -0.928666509064060E+01
% -0.224587159541715E+02 -0.584278326356270E+02  0.472172931289819E+02
%  0.115856376917889E+02  0.129985591483513E+02  0.111716966394088E+02
%  0.165395476185729E+01 -0.344877813709766E+02 -0.755595486391913E+01
%  0.379214877677130E+02 -0.869104839389529E+01  0.113774120186317E+02
% -0.577425033830590E+02 -0.124441541183959E+02  0.428507411324244E+02
% -0.118405487659200E+01 -0.119120871428111E+01 -0.366161162450953E+01
%  0.270459302852163E+02 -0.270542111794011E+01 -0.290921693524937E+01
% -0.325240772614519E+02 -0.609156725513937E+02 -0.149742969826409E+02
%  0.993700883089108E+01 -0.106169328157539E+02 -0.106044805091930E+02
% -0.541352656314701E+02 -0.321790075987108E+02 -0.266096311241669E+01
%  0.130476821085063E+02  0.137697116469502E+02 -0.414117959091923E+01
% -0.226474305575665E+02  0.204091522424432E+00  0.234043760076372E+02
%  0.107723610971320E+02 -0.565607000043763E+00 -0.130967444815119E+02
%  0.517001135403319E+01  0.153625194169933E+01  0.606041316881246E+01
%  0.290984449372866E-01  0.959384493867651E+01 -0.879117159066366E+01
% -0.755133257079356E+01  0.123005169556419E+02  0.395368260976210E+02
% -0.166866120512072E+02 -0.224178064621359E+02  0.184580295832638E+02
% -0.387006468375936E+01  0.223957088155198E+01  0.544478230298939E+00
% -0.722656618854776E+01  0.645831728026712E+01  0.613896656497148E+01
%  0.169282733141206E+01 -0.125515448651991E+01 -0.687963353951111E+00
%  0.287860983307780E+02 -0.389614602628766E+02 -0.171235467845698E+02
% -0.247756221004364E+02 -0.629893010983611E+00 -0.845224368758901E-01
%  0.438596020467593E+02  0.176967164685686E+02 -0.368498722050246E+02
%  0.167752044341315E+00 -0.751932594485076E+02  0.102568369424595E+02
%  0.313643462464778E+02  0.811885569738105E+01 -0.340758367007131E+02
% -0.248547956885040E+02 -0.165150679356600E+02  0.292170991985759E+02
%  0.396701356382430E+02 -0.783422355084284E+01  0.365762145416844E+02
% -0.257084542057475E+02  0.243337869657769E+02  0.255964825941466E+02
% -0.235730278524748E+02 -0.304485848057726E+00  0.192937726595963E+02
%  0.357150321377177E+01 -0.335820050659248E+01 -0.107097215504038E+01
%  0.542239127539700E+01 -0.243828812526608E+02 -0.114045111869128E+02
%  0.840335349840738E+00  0.138153384290230E+02  0.932228088591161E+01
%  0.711467326422722E+01  0.121308168799441E+02  0.325025310560251E+01
% -0.752499836382281E+02  0.140072265165398E+02 -0.664854564687754E+01
%  0.787442550122563E+02  0.444341037213706E+02 -0.704699557146580E+02
% -0.132405495174683E+01  0.696972421705193E+00 -0.856917607320821E+00
% -0.105281398016449E+02  0.778168375359266E+00 -0.940476617915351E+01
%  0.124141151500699E+02 -0.825124982908160E+01  0.263579702291591E+02
% -0.278651957799265E+00  0.236638474351054E+02 -0.201682871542558E+02
%  0.283843785167008E+02 -0.919732531591839E+01  0.511095048970878E+01
% -0.378952031390911E+01 -0.116192410117006E+02 -0.386034821037938E+01
% -0.805109388896670E+01 -0.234637898062531E+02 -0.402017000077642E+01
% -0.278171099145953E+02  0.381054022411905E+02  0.369186890415643E+01
%  0.206411804956611E+02  0.127752488690890E+02 -0.422427634814157E+02
% -0.421991693672159E+01 -0.271377969079667E+02  0.296050851171312E+02
% -0.278806554785487E+02 -0.989425820406906E+00  0.172698730047136E+01
%  0.597589096355462E+01  0.145385935429711E+02 -0.461866027901890E+01
% -0.357599938111593E+02  0.248291510302567E+02  0.152497632795517E+02
%  0.808747877360887E+01  0.163164798474739E+02 -0.301121183999436E+02
% -0.842676546620012E+01  0.106937340903286E+02  0.187388397815319E+02
% -0.225486369159505E+02 -0.599683431825326E+01  0.299708543005742E+02
