% T    256  0.715122828077254E+01  0.715122828077254E+01  0.715122828077254E+01
   0.632391462383546E+00  0.356213257001433E+00 -0.914810369457699E+00
  -0.247461930637075E+01 -0.290199270736499E+01 -0.151651754124732E+01
   0.285496618191542E+01 -0.717545453455059E+00 -0.208563821959435E+01
   0.103022186369095E+01 -0.853164674956031E+00  0.341078346106686E+01
  -0.344712357173005E+01  0.891218708532230E+00 -0.276734003558102E+01
  -0.274799338895559E-01 -0.236771893021626E+01  0.125122773205209E+01
  -0.242400739618458E+00 -0.310133774600301E+00  0.199503990050475E-01
  -0.204970796792560E+01  0.250777877497067E+01  0.525515435297527E-01
  -0.116662027067243E+01  0.159243535364650E+01 -0.133090280422959E+00
   0.262010950308890E+01  0.185143672852000E+01 -0.331682231245054E+01
   0.283156474273095E+01 -0.224320312362531E+01  0.310742300161326E+00
   0.141988882696679E+01  0.244495377118930E+01 -0.212544323661032E+01
   0.341479742029116E+01 -0.317190121936402E+01 -0.345537505811791E+00
  -0.234455584087347E+01 -0.336610086133960E+01  0.212590125407373E+01
  -0.310798890618067E+01  0.252849149148264E+01  0.285568117727699E+01
  -0.217174238948274E+01 -0.657394914204928E+00 -0.165160071180600E+01
   0.502002130470517E-01 -0.108255471889222E+00 -0.220387357099409E+01
   0.204306280056145E+01 -0.357528083099990E+00  0.203784181134053E+01
  -0.555760919672984E+00 -0.356873508437481E+01  0.672473969836599E+00
  -0.264692241479815E+01 -0.101141294076543E+01 -0.805977648775478E+00
  -0.128776438882451E+01 -0.699626820614109E-01  0.133050896769750E+01
   0.163788813886795E+01  0.241170492696508E+01 -0.843027202500219E-01
  -0.162178772019905E+01  0.315962436263660E+01 -0.269047688609741E+01
  -0.535126857690466E+00  0.105397057248876E+01  0.166027124623881E+01
  -0.316029260448237E-01  0.114456767523504E+01 -0.169055361587389E+01
   0.109833743795675E+01 -0.756307788532753E+00 -0.251078988873604E+01
  -0.167632093569124E+01 -0.194663743470124E+01  0.663696211847130E+00
  -0.201222229308580E+01  0.421634768134636E+00 -0.177669509995061E+01
   0.139722327190301E+01 -0.297036012598279E+00 -0.426540105586651E-01
   0.307900365796255E+01  0.389063926135942E+00  0.287374682601266E+01
  -0.177515870008986E+00  0.469628469078760E+00  0.354626567399396E+01
  -0.316570555876855E+01  0.277409111344532E+01  0.440828187865548E+00
  -0.158493631752746E+01 -0.408940687536723E+00 -0.663737664983474E+00
   0.137949292876815E+01 -0.132759102291453E+01 -0.145511428045173E+01
   0.113157922029204E+01  0.272100977610229E+01 -0.332232204078430E+01
   0.886899348720547E+00 -0.221884884580168E+01  0.170123790180570E+01
   0.226982394179544E+01  0.443843304448593E+00 -0.128573682237893E+01
  -0.205243046328752E+01 -0.179796438603089E+01 -0.324465104179790E+01
  -0.246210723783782E+01  0.845456054315675E+00 -0.263142612779275E+01
  -0.172187691533452E+01  0.588266525809810E+00 -0.778658955506537E+00
   0.340127101631284E+01  0.279579773781827E+00 -0.133362745652167E+01
  -0.344344751429197E+01  0.157765902004391E+01  0.710086512820592E+00
   0.107219038720714E+01 -0.104532113971993E+01  0.201782799855019E+01
   0.683147204452498E+00 -0.202971352748567E+01 -0.498388125999477E+00
  -0.292150339256172E+01  0.928193162691783E+00  0.140547769438715E+01
  -0.266209522798130E+00 -0.334288139209470E+01 -0.105378468648210E+01
   0.191713933865019E+01 -0.326984514347296E+01  0.316767202475963E+01
  -0.202580137449436E+01 -0.966866290525066E+00  0.146583200508017E+01
  -0.199167826423966E+01  0.150940159343567E+01  0.334173963945102E+01
   0.503564104341392E+00 -0.820114001377784E+00 -0.105930657037916E+00
   0.220693325170481E+01  0.103716830485757E+01  0.302931957846408E+01
  -0.605777138526512E+00  0.425130436329610E+00 -0.930176998427083E+00
   0.944147518369810E+00  0.177381385114058E+01 -0.607845364325091E+00
   0.157721952635436E+01 -0.269239402799971E+01 -0.316523627292646E+01
  -0.235814660052408E+01 -0.171941263766855E+01 -0.195107805820496E+01
  -0.466294179892978E+00  0.191073755908469E+01 -0.246162581148766E+01
  -0.213244032459238E+01  0.205563145564186E+01 -0.301903852096293E+01
   0.218800867431057E+01  0.294210702400913E+01 -0.338731411134847E+01
  -0.212608131537353E+01  0.175273010596779E+01  0.124307930489413E+01
   0.243645455453666E+01  0.318592546675275E+01 -0.170681079837451E+00
  -0.625074866485553E+00  0.326095576300219E+01  0.159181015611846E+01
   0.240417392430436E+01 -0.321961426534048E+01 -0.778663551608901E+00
   0.205299804493908E+01 -0.295790383228738E+01  0.381792006552734E+00
   0.212957510143634E+01  0.123251183217103E+01 -0.232182286439538E+01
   0.818051967754013E-01 -0.297175219142786E+01  0.208519897244592E+01
  -0.198880530073037E+00  0.126693920712835E+01  0.265633718156229E+01
  -0.261432848058860E+01  0.133566467212926E+00 -0.725483435962955E+00
  -0.345185735055069E+01 -0.334580646741655E+01 -0.285092748966641E+01
   0.213933281832638E+01  0.569087106091980E+00 -0.333433909498902E-01
  -0.127162342251356E+01 -0.761945245432393E+00  0.480276918944959E+00
  -0.144632281960990E+01  0.138020160443162E+01 -0.124689354683855E+01
   0.126129653995936E+01 -0.301485942324942E+00 -0.109409699415516E+01
   0.313065917991454E+01  0.152400546024964E+01 -0.156078652617362E+01
   0.311867881040672E+01  0.350848601513679E+01  0.326770432773518E+01
   0.121624794570749E+01  0.148388766959916E+01 -0.180545026666381E+01
  -0.542056842914507E+00 -0.237485170517308E+01  0.263257454405393E+01
   0.222915059423857E+01  0.165809619129963E+01  0.492917419738618E+00
  -0.311404133962963E+00 -0.251311404085011E+01 -0.224419438777146E+01
   0.232743645991781E+01 -0.178746728451733E+01 -0.216405887871972E+01
  -0.274295819144112E+01 -0.217539623782821E+01 -0.921104077124367E+00
  -0.207462829236943E+01  0.260347478244211E+01  0.306962368772060E+01
   0.268574398440889E+01 -0.155287132179684E+00 -0.580770674444983E+00
   0.100432137477961E+01  0.118999966266259E+01  0.152275570599609E+01
  -0.230778091454404E+01  0.361400554077155E-01  0.133925798305483E+01
  -0.458781217358193E+00  0.181967034183280E+01 -0.114975661799068E+01
   0.839882937566270E+00 -0.182693647805943E+01 -0.270447767716235E+01
  -0.342244406275887E+01 -0.190837746037047E+01 -0.269477295750044E+00
  -0.135997717196708E+01  0.232779186316057E+01  0.104429752106417E+01
   0.248759082018917E+01  0.474931228839148E+00 -0.327170990797129E+01
   0.208447112917934E+01 -0.279986026294483E+01  0.202328988759345E+01
  -0.183158148864466E+01  0.285530613319229E+01  0.212213639106876E+01
   0.801223064749422E+00 -0.262010384382944E+01 -0.156308543365209E+01
  -0.182957207042742E+01 -0.196265369889751E+00 -0.272084762227966E+01
  -0.654089848320093E-02 -0.202209616176409E+01 -0.135443099726823E+01
  -0.894929819870370E+00  0.265636818197272E+01  0.292457147050584E+01
   0.300974095520999E+01 -0.849920586438155E+00  0.179685525259617E+01
   0.312261017746145E+00  0.296812816640451E+01  0.114784637898308E+01
   0.315326028891063E-01 -0.149636014533649E+01  0.187999889509284E+01
  -0.151392990427737E+01 -0.166629485908631E+01  0.282177683199153E+01
  -0.133541304745176E+01  0.105480667344335E+01 -0.229862259790151E+01
  -0.115021918892620E+01  0.163189215124751E+01 -0.329034950394529E+01
  -0.296403951230539E+01 -0.883778767429212E+00  0.158616929611547E+01
   0.849130280072869E+00  0.137298982119661E+01  0.253993073743434E+01
  -0.435087468414919E+00 -0.230421482406104E+01 -0.460317034321158E+00
   0.759177324369920E+00 -0.175338463888681E+01  0.283872715830986E+01
  -0.913011825424901E+00 -0.335407490098545E+01 -0.229493231836540E+00
  -0.272981778496443E+01 -0.281161358876920E+01 -0.718036826433865E-01
  -0.254712594009919E+00 -0.147603767576497E+01  0.292036926130735E+00
   0.306537028184647E+01  0.251053269382518E+01 -0.125241784506535E+01
   0.232492308597572E+00  0.122002287468224E+01 -0.222182113470193E+00
  -0.293357767112811E+01  0.108424350098092E+00 -0.321342496614525E+01
   0.133721197211010E+01  0.346684827026491E+01  0.306565219692820E+00
  -0.146375269812634E-01 -0.156942853937955E+01 -0.314427608204279E+01
   0.128539774153564E+01 -0.109681082957766E+01  0.845948427907438E+00
   0.325178105930981E-01 -0.587949427996559E+00 -0.102057177711636E+01
   0.143733765536880E+01  0.249481720165975E+01  0.133158291359482E+01
   0.156248329293376E+01  0.178107379555768E+01 -0.296163084596178E+01
   0.691705814515797E+00  0.278574139920955E+01  0.223885245587314E+01
   0.315204302612150E+00  0.109795687460851E+01 -0.271582446658050E+01
   0.105719476525379E+01  0.167166084643173E+01  0.619619747861493E+00
  -0.116245962725420E+01 -0.191177566497986E+01 -0.299573781855694E+01
  -0.310565239030859E+01  0.173291506090859E+01 -0.344602558678055E+01
  -0.268130866389586E+01 -0.107466263201594E+01 -0.287113441277838E+01
  -0.227096550945257E+01 -0.667157807094875E+00  0.322126631102203E+01
   0.316080217935473E+01 -0.239790587718940E+01 -0.271852751137039E+01
  -0.306721175535890E+01  0.662346283374988E+00  0.934174260377084E-01
  -0.138993442796595E+01  0.982883663801464E+00  0.272518449211064E+01
  -0.156420278141680E+01 -0.202679705111448E+01  0.181062897388803E+01
  -0.100023750131681E+01 -0.321355863558838E+01 -0.171546778968373E+01
  -0.571717623604650E+00 -0.740561453492324E+00 -0.319940601033685E+01
   0.257892463606503E+01 -0.272669352287244E+01 -0.171425682749341E+01
  -0.275493699034251E+01 -0.354627546448057E+01 -0.765907177574552E+00
  -0.131907632788146E+01 -0.294165309957697E+01 -0.345102466143489E+01
  -0.127339561649414E+01 -0.270679374572713E+00  0.339021844886933E+01
   0.176717854274896E+01 -0.196813592148403E+00  0.323347935967916E+01
  -0.185499893327713E+01  0.303377726355822E+01 -0.788842601937953E+00
  -0.425686300851087E+00  0.347709123556561E+01  0.261053102593965E+01
  -0.903199136061410E-03  0.177708900267300E+01  0.702445311995193E+00
  -0.175730374516076E+01  0.776527170225206E+00  0.697998313375245E+00
  -0.838094918793840E+00  0.287706811176718E+01 -0.119530692659371E+01
   0.356879160390097E+01 -0.246419391975767E+01  0.156175782787064E+01
  -0.300746116763715E+01  0.267903192069317E+01 -0.126969911367930E+01
  -0.252280163090508E+01 -0.337842267607837E+00  0.439709425349758E+00
   0.297587176118711E+01  0.323084749526876E+01  0.777134323467065E+00
   0.242157118533746E+01  0.266648926916300E+01  0.271520397367386E+01
  -0.215914418594851E+01  0.214640709604910E+00  0.239231333035193E+01
   0.330534053882156E+01 -0.618111126921838E+00 -0.299945469794475E+01
  -0.345806852018876E+01 -0.177172523466150E+01 -0.201077299747345E+01
   0.262976281895544E+01 -0.181388947968242E+01  0.219380786566852E+01
  -0.317518762812315E+01  0.983385495921717E+00 -0.180525327818065E+01
   0.558536235146336E-01  0.312047968109531E+01  0.345633525253086E+01
  -0.762430716376027E+00 -0.940819643753818E+00 -0.807270296810542E+00
   0.173659696247248E+01  0.180261183245556E+01  0.193938438969382E+01
  -0.859732544449963E+00  0.496796443882828E+00  0.107190306386049E+00
  -0.328210150248108E+01 -0.303287738653570E+01  0.855556817479432E+00
  -0.999397611413905E+00  0.101172209764690E+00  0.256705405717342E+01
  -0.237505317913999E+01  0.157253487847017E+01  0.289330155096719E+00
  -0.151407485945668E+01 -0.114532997994241E+01 -0.236211561575523E+01
  -0.114444034679150E+01 -0.151213387382079E+01 -0.130991100110241E+00
   0.117264896412482E+01  0.816329500719557E+00 -0.326734512034442E+01
   0.811701279766058E+00  0.172182696980119E+01  0.355358293089860E+01
  -0.103765476760127E+01 -0.270911833213102E+01  0.686252548419169E+00
  -0.321287723533201E+01  0.874921334921111E-01  0.222638118080312E+01
  -0.222414707886713E+01 -0.184422537867569E+01 -0.177571890585895E+00
  -0.155374070432609E+01  0.242732935182182E+01 -0.190801364882528E+01
   0.340643203018733E+01  0.157206029010288E+01  0.171780808695536E+01
  -0.566698115471108E-01 -0.707316996020956E+00  0.266635287678987E+01
  -0.248538407718472E+00  0.192243247807858E+01  0.347473741825516E+01
  -0.343878100718001E+01 -0.352810713660231E+01  0.213109523465529E+01
   0.339091867720989E+01  0.284826891356157E+01 -0.312664347977712E+01
   0.912143256110199E+00 -0.356847054169456E+01  0.301740407784787E+01
   0.257150866323623E+01 -0.102027810877437E+01  0.611272390328314E+00
   0.704056907417617E+00  0.347268891054442E+01 -0.249438377518840E+01
   0.169718261712928E+01  0.292048375085845E+01  0.214092417118880E+01
   0.266565793406534E+01  0.743343501408664E+00  0.174448746083461E+01
  -0.111055394411821E+01  0.204068094935183E+01  0.192502906536783E+01
  -0.218442772513980E+01  0.321312509685096E+01  0.123715930661847E+01
   0.149279474932102E+01  0.333285613734436E+00 -0.199244062215840E+01
  -0.122698928872830E+01 -0.307124484313343E+01  0.223960538657312E+01
  -0.256549078575636E+01  0.181246698648598E+01 -0.210371995465825E+01
   0.435966689630424E+00  0.253582510890924E+01  0.165709925680884E+00
   0.302413396740484E+01 -0.273812096881586E+01  0.247761335364162E+01
   0.167397617218699E+01 -0.290296897370023E+01 -0.215785736671789E+01
   0.354635344308907E+01 -0.142740460636102E+01  0.105974165845590E+01
   0.205426936413572E+01 -0.481079189297466E+00 -0.298406334473788E+01
   0.833501388994252E+00  0.559145863234966E+00  0.324682363415214E+00
   0.162399040750262E+01  0.578128706904002E+00  0.221675862161384E+01
   0.255761477909723E+01 -0.354515777290956E+01 -0.270623080209832E+01
  -0.202262744770028E+01 -0.291374534125910E+01  0.118536993163644E+01
   0.316895400407464E+01  0.984823666783647E+00 -0.613511330676682E+00
   0.313856738095074E+00  0.119285851577822E+00  0.221330162503293E+01
  -0.322268016465265E+01  0.254246098810499E+01  0.138904674699900E+01
   0.280355689559535E+01 -0.300362606019309E+01  0.123267979029785E+01
   0.174612778065180E+01  0.232499220588147E+01 -0.106953719743546E+01
  -0.274200895485143E+01 -0.271521505150228E+01 -0.340723482747599E+01
   0.239275781216672E+00  0.168492406976445E+01  0.179908708796270E+01
   0.210715190112128E+01 -0.193183489436089E+01 -0.210577488509907E+00
  -0.328536283688780E+01 -0.136288680232164E+00 -0.220859463282349E+01
  -0.199018761019083E+01 -0.356187554810262E+01  0.326840001264250E+00
  -0.845436271135903E+00 -0.486230576126864E+00 -0.173537532071661E+01
   0.285436948006646E+00 -0.614815102354885E+00  0.132697617068488E+01
  -0.304251408199521E+01  0.169891816541357E+01 -0.108819157920412E+01
  -0.176285650504925E+01  0.924817086540649E+00  0.180290437338072E+01
   0.169365739184956E+01 -0.182193456318021E+01  0.258093138480322E+01
  -0.251520036962658E+01  0.192431777290915E+01  0.224585787034525E+01
   0.273739786758355E+01 -0.136787474893373E+01 -0.131633099353495E+01
   0.115744985912288E+01 -0.355281234858018E+01 -0.137680729142585E+01
   0.164651384412890E+01 -0.150126049303502E+01 -0.341974809802781E+01
  -0.314479435880639E+01  0.344874334439641E+01 -0.187343695298911E+01
   0.186027571271616E+01 -0.223798752700463E+01 -0.117152361004142E+01
  -0.698732736121933E+00 -0.837867366325823E+00  0.174786788154044E+01
   0.222982002744833E+01  0.148859760928183E+01 -0.881794833610062E+00
  -0.203455362774554E+01  0.516936274015763E+00  0.337170139108179E+01
  -0.271996530976205E+01 -0.222767213035352E+01  0.746647150716414E+00
   0.353639194638345E+01 -0.180246095167583E+01  0.267707533818825E+01
  -0.320635649122704E+01  0.101237219401676E+01  0.268262511721711E+01
   0.914716060999641E+00 -0.210453099813632E+01  0.499900946705143E+00
   0.242633959419303E+01 -0.698039429167841E-01  0.983866232848250E+00
  -0.366782459367774E+00  0.131217478948402E+00  0.918782669452859E+00
   0.625823479457429E+00  0.274900879708085E+01 -0.145237432546909E+01
   0.594369929429666E+00  0.217899980695904E+01 -0.265317021507469E+01
   0.324055800537193E+00 -0.268321342019464E+01 -0.337953530478630E+01
   0.184445714593024E+01 -0.102760783424263E+01 -0.705041672305142E+00
  -0.816944053771042E+00  0.217937244775609E+00 -0.273196761478811E+01
  -0.350920111335039E+01  0.187324003247325E+01 -0.234785687136570E+01
   0.204235037572993E+01  0.317393429348828E+01 -0.176651110375888E+01
   0.258058802399859E+01  0.251633028968855E+01 -0.253859196462686E+01
   0.128074509759175E+01 -0.287164304310060E+01 -0.518650473720990E+00
  -0.156919910909390E+01 -0.241391870952698E+01 -0.211132298115285E+01
   0.829716013944248E+00 -0.310196662963122E+01  0.112714440458222E+01
  -0.191356503215137E+01 -0.282830514534076E+01  0.301193195675778E+01
   0.265848150287896E+00  0.350463430278208E+01 -0.258456727758446E+00
   0.120294205440468E+01 -0.330747703204266E+01  0.222098211710832E+01
   0.177230604317088E+01  0.356891034421513E+01  0.127334521891945E+01
  -0.244451441667877E+01 -0.183390059863301E+01  0.228557279761350E+01
  -0.357258237577781E+01 -0.355016012269649E+00  0.258770124220593E-01
  -0.260992694570720E+01  0.321466724570199E+01 -0.304327325579953E+01
   0.130589277773027E+01 -0.367883973903547E-01  0.126365465808388E+01
   0.299884995920402E+01  0.278225907133926E+01  0.176616721312974E+01
  -0.430849425834456E+00  0.309806001130635E+01 -0.257714373492203E+01
   0.249288748471231E+01 -0.991358434528765E+00  0.281440425198331E+01
   0.144543504463287E+01  0.210044421441552E+01  0.288500423406455E+01
  -0.305135540389441E+01  0.352569439502166E+01  0.320047581184862E+01
  -0.855323538017320E+00 -0.156376326221990E+01  0.112520775616312E+01
   0.350746435592759E+01 -0.721515189221126E+00  0.313402104122693E+01
  -0.156408597313986E+01 -0.182718042966359E+01 -0.111341849621708E+01
  -0.559636770711566E+00  0.260932455952059E+01 -0.291149906803677E+00
   0.298402471747092E+01  0.149557524323047E+01  0.259873960963118E+01
   0.531993047092596E+00  0.311722738489039E-02 -0.306521978062395E+01
  -0.352972282036527E+01 -0.272202805014181E+01 -0.147288562403032E+01
   0.330405271662467E+01  0.185139751579545E+01 -0.196200196750741E+00
   0.347222043586259E+01 -0.112540395334394E+01 -0.661342342094363E+00
   0.273709969794791E+01  0.390400123669588E+00 -0.233034192112858E+01
  -0.299076088853850E+01 -0.114040759068709E+01  0.348080546698543E+00
  -0.174366595109933E+01 -0.284403771995062E+01 -0.767518114327624E+00
  -0.312786522784120E+00 -0.140857888218009E+01 -0.208414717649531E+01
% -0.113655643369167E+01 -0.486840051168505E+00 -0.179148937124255E+01
% -0.345384782929675E+00 -0.549951703056273E+00  0.646598865139570E+00
% -0.143437210658426E+00  0.178472398236551E+01 -0.524016810737700E+00
%  0.488792690459083E+00 -0.826021038159736E-01 -0.273833828860249E+01
%  0.896161384292591E+00  0.164079178477851E+01 -0.183189724701264E+01
%  0.126655178673481E+01 -0.552667052067352E+00  0.114318417322164E+00
% -0.124177689744280E+01 -0.774247051264912E+00 -0.985958276121652E+00
% -0.378373424241994E-01 -0.228415198255559E+01  0.271611176339706E+00
%  0.110018026001498E+01 -0.213421800078184E+01 -0.105199149615891E+01
%  0.178987685902636E+00 -0.626636751096623E+00 -0.214534566656156E+01
% -0.131584523372037E+01  0.922717087940302E+00  0.103628569251309E+01
% -0.740052255826585E+00 -0.152023964505040E+01 -0.637330363390333E+00
% -0.201239330965703E+01  0.416690048893100E-01 -0.106564849364949E+01
% -0.148569305330719E+01 -0.303162878610559E+00  0.141688218800484E+01
% -0.745191220691687E+00 -0.209420505355707E+01 -0.682208064728586E+00
% -0.266540616810556E+00 -0.167646887172895E+01  0.102239463736337E+01
% -0.124290451113657E+01  0.262682639253401E+01  0.674859335569742E+00
% -0.648636595444929E+00 -0.223618167768926E+01  0.928480711818192E-01
%  0.628316100517080E+00  0.671196792262645E+00 -0.833058722497721E+00
% -0.112892203083793E+01 -0.827667834990483E+00  0.118465850501316E+01
% -0.172869871994757E+01  0.116733623472521E+01  0.488483699053791E+00
% -0.165167457793934E+01 -0.181408228536326E+01 -0.539577982210651E+00
% -0.492008890983118E+00  0.150942124426490E+01 -0.175596020515747E+00
%  0.500480552755732E+00 -0.227836826887601E+01 -0.117474756044261E+01
%  0.235707038967304E+01  0.161597128008052E+01 -0.646354354524835E+00
% -0.171618345015525E+01 -0.229774263154632E+00  0.144621406367530E+01
%  0.115119119616022E+01 -0.276405595851250E+01 -0.591859066521378E+00
%  0.123369561355444E+01  0.240800654706087E+01  0.645048763695094E+00
% -0.422954127918970E+00  0.140823753569898E+01 -0.118278067575848E+01
%  0.821029383294650E+00  0.998456898768778E+00 -0.464688188965280E+00
%  0.166311635146926E+01 -0.374746532086056E+00  0.149556926021121E+01
% -0.408242810776453E+00 -0.766441533016350E+00  0.518765980849001E+00
% -0.195463964441246E+01 -0.628170436070328E+00  0.117804214860626E+01
%  0.264287801613599E+00 -0.506367401514785E+00  0.157204961226402E+01
% -0.197077244480811E+01 -0.984673964989391E+00 -0.364285849880869E+00
%  0.168613264039057E+01 -0.191849315411914E+01 -0.967770685635575E+00
% -0.211683774863580E+01 -0.331008858490434E+00  0.145096401317722E+01
%  0.147791342068197E+01 -0.149227645879611E+01  0.143549714478337E+00
%  0.152292388143733E+00  0.185804132946960E+01  0.306560474344325E+00
%  0.656019294387414E+00  0.755867002531707E+00 -0.191142140692458E+01
%  0.209688239569544E+01 -0.145665778325345E+00  0.108169652017725E+01
% -0.450218738997476E+00 -0.251704279917563E+01 -0.316221683477305E+00
%  0.419820840670109E+00  0.185041393679018E+01 -0.257442021347965E+01
% -0.626694129824234E-01 -0.581597348697011E-01 -0.188927550369383E+00
%  0.107318969650512E-02  0.474725131351198E+00 -0.128613759195815E+01
% -0.144181022532196E+01 -0.419135703169664E+00  0.475176444390753E+00
% -0.172104180614844E+01  0.120116586720916E+01 -0.108944872882790E+01
%  0.459041730757797E+00 -0.154559612125261E+00  0.601090378193441E+00
% -0.106808345443672E+01  0.326198842979688E+00  0.350542128869003E+00
% -0.165318470390046E+01  0.107850322682087E+01 -0.137945885256920E+01
%  0.166651986820361E+00  0.141953534216935E+01  0.638780255411795E+00
% -0.969925512998854E+00  0.602425454130250E+00  0.647994616525685E+00
% -0.101474063329708E+01 -0.101200769918237E+00 -0.366507631562770E+00
% -0.588224600334925E-01  0.134125097812245E+01  0.111806897158310E+01
%  0.222153068706035E+01  0.271576832964095E+00 -0.113753026773540E+00
% -0.244744643030340E+00 -0.242895188204320E+01  0.269267972526938E+00
% -0.462687024977593E+00 -0.397929004340908E+00  0.201683475238985E+01
% -0.145301695008365E+01 -0.597556018859720E-01  0.142581910659394E+01
% -0.107229592055291E+01 -0.169148852099261E+00 -0.133300956922920E+00
%  0.270393899041361E+01 -0.138825500663835E+01 -0.915925589011793E+00
% -0.379895428426380E+00  0.158127927357936E+01 -0.112942203350274E+01
% -0.102528979660674E+01  0.670744307180319E+00  0.226469343505491E+00
%  0.195503606624192E+01  0.183185053468941E+01 -0.170901619732194E+01
% -0.172969944272708E+00 -0.100559066776245E+01  0.858787553616719E+00
%  0.221484793145733E+01  0.197093254988363E+01  0.976225215792892E+00
% -0.251528068189954E+01  0.126738517427988E+01  0.684080752544137E+00
%  0.217711933801783E+01 -0.118736578597676E+01  0.104888371471474E+01
% -0.969048091207351E+00 -0.131801933750237E+01 -0.454397901051068E+00
%  0.103226719501957E+00  0.628274900624929E+00 -0.218267157014503E+01
% -0.731108445653361E+00  0.219775275642757E+00  0.117150792280004E+01
% -0.124475479207251E+01  0.259520035013634E+01 -0.461690647450741E+00
% -0.101283184688162E+01  0.602488731677409E+00 -0.445653589824950E+00
% -0.536314237183277E+00  0.621981147690701E+00 -0.206186691107081E+01
%  0.104493604114809E+01 -0.904712557449147E-01 -0.127144801564129E+00
% -0.169630592512789E+01  0.729862561469935E+00 -0.553657115501797E+00
% -0.997613152083173E-01  0.163802237786720E+00  0.220505383524659E+00
%  0.278343062967045E+01 -0.244974192291416E+01  0.161672301247553E+01
% -0.166491567073205E+01  0.542195701394545E+00 -0.104979261886078E+01
%  0.251814824366351E+01  0.178685695192237E+00  0.837690483558783E+00
%  0.217025542603816E+01  0.168342224429054E+01  0.285430175412337E+00
% -0.111428381295387E+01 -0.884757948837510E+00  0.137914393698271E+01
% -0.176451518206509E+01  0.131397059918943E+01  0.272339715209009E-01
% -0.126039830674475E+01 -0.131425143201896E+01 -0.122562847801894E+01
% -0.228644093813435E+01 -0.130665243761103E+01 -0.983719011241567E+00
%  0.814844579870959E+00  0.745816076717164E+00 -0.185417556885336E+01
%  0.143925040947480E+00  0.289869367522603E+01  0.173586497826541E+00
% -0.844148329637544E+00 -0.205587181747923E+01 -0.100492224612737E+01
%  0.144543523786150E+01  0.150758392096349E+01  0.120460467544861E+01
%  0.554513418975617E+00  0.640205189415469E+00 -0.559704450763412E-01
% -0.554483363672094E+00  0.133773709726963E+01  0.898830760971538E+00
% -0.119150136359986E+01 -0.172475270020131E+01  0.124460608055928E+01
% -0.276380088192653E+00  0.917159150440084E+00 -0.246844263874520E+00
%  0.378679627182970E+00 -0.756948832214552E+00  0.713267404404783E+00
% -0.185003399700110E+01  0.112169457252947E+01 -0.694636436201402E+00
%  0.179949453303637E+01 -0.615571448397317E+00  0.630723471247779E+00
% -0.143367416038200E+01  0.692011757112689E+00 -0.142835100298712E+01
% -0.112065961821509E+01  0.175681718764122E+01  0.867831041958451E+00
%  0.289253189134327E+00  0.587812764755531E+00  0.736620954191771E+00
%  0.358278115221980E+00  0.128562822940784E+01  0.104667406905664E+01
%  0.353854612631645E+01 -0.139794253223766E+01  0.828748195600306E+00
% -0.141591066101433E+01  0.142286618687571E+01  0.738575362452409E+00
%  0.385147826638220E-01 -0.616573727876186E+00  0.938524712487204E+00
%  0.178799871287035E+01  0.178286418554492E+01 -0.231992353631451E+01
%  0.244330161081847E+00 -0.102625854102615E+01 -0.127696105736857E+01
%  0.186362835122754E+00 -0.360241804718867E+00 -0.136159085173502E+01
% -0.116138812633411E+01 -0.360196839686856E+00  0.151989107684630E+01
%  0.566944663938873E+00  0.126374272075398E+01 -0.101601744398088E+00
%  0.439182414420821E+00  0.411493749068538E+00  0.194620385373142E+01
%  0.352731971213347E+00  0.193547847523901E+01  0.329405135216662E+01
%  0.291371141854613E+00  0.128793594245143E+01 -0.100847845742445E+01
%  0.204119999694405E+01  0.709595963671533E+00 -0.103631106857267E+00
% -0.914149496861398E+00  0.125481229738570E+00 -0.210500499026015E+01
% -0.752011195290333E+00 -0.165803191465638E+00 -0.451725735187537E+00
% -0.114455885926574E+01 -0.791999936017670E+00  0.107345075537391E+01
%  0.239930773273091E+01  0.784398261905926E+00  0.179851514293886E+01
% -0.184743310179811E+01  0.117183159547692E+00 -0.130236023920118E+01
% -0.440120264138302E+00 -0.151277706633393E+00  0.122145883651759E+01
% -0.264906983885592E+00  0.984291887999488E-01 -0.969037543570306E+00
%  0.157881593495157E+01  0.155316496166852E-01  0.162378950217589E+01
% -0.934562560280860E-01  0.163584046626077E+00 -0.649248815319764E+00
% -0.135451618386675E+00 -0.792609787754631E+00 -0.439016874530606E+00
% -0.102290102074756E+01 -0.101417255303544E+00 -0.216627793223659E+01
%  0.607638625798914E+00 -0.329983932699497E+01  0.337369813036887E+00
% -0.100978051366291E+01 -0.130244208046898E+01 -0.159237508969362E+01
%  0.579026879847163E+00  0.235147062200147E+01 -0.394538338679027E+00
%  0.634984459699472E+00 -0.401924293951349E+00  0.709245870998147E+00
% -0.310141900038270E+00 -0.119047793717846E+01  0.725411593370530E+00
% -0.889876604163319E+00 -0.221315024616370E+01 -0.224587206331506E+01
%  0.193476950268844E+01  0.154216047348626E+01 -0.749732643978404E+00
% -0.126252033871715E+01 -0.987974119460499E+00 -0.125584662775743E+01
%  0.208684253010650E+00 -0.105623650252739E+01 -0.905034217145547E+00
% -0.217423608123400E+01  0.788702068838579E+00  0.955331374805477E+00
% -0.231920766217592E+01 -0.805612260280661E+00  0.164348124509961E+00
%  0.639136610046055E-01 -0.604056469573870E+00  0.229321384683225E+01
% -0.903897696906522E-01  0.127570503388044E+01 -0.201700504025637E+01
%  0.491977052387493E+00  0.343008108454814E+01 -0.271588062624620E-01
%  0.537767218014020E-01 -0.423900108021949E+00 -0.236329183461017E+00
% -0.155751975503006E+01 -0.175105820525506E+00  0.179864822538516E+01
% -0.967360608177371E+00  0.139303674885450E+01 -0.104562060496708E+01
% -0.841314641304361E+00  0.157115005818341E+01  0.612003385604668E+00
%  0.274330017925150E+00  0.627403939045482E-01  0.115247847353452E+01
%  0.133416294489602E+01 -0.431103584422746E+00  0.196867392307016E+01
%  0.117880828904934E+01  0.161283403350846E+01  0.128841206627201E+01
% -0.132288525473671E+00 -0.311573256256125E+00 -0.494272854777564E+00
%  0.652713120051468E+00  0.180840137262574E+01  0.176951622501652E+01
%  0.126367820662218E+01 -0.618939844966639E+00  0.263732082062506E+01
% -0.511455100366942E+00  0.111530051018587E+01  0.105206264394494E+01
%  0.721823457844169E+00  0.109093291941569E+01 -0.192356269971441E+00
% -0.175669537630334E+01  0.495547683539787E+00 -0.745086570382090E+00
% -0.165265439708641E+01 -0.479085972245422E+00 -0.215287419737531E+01
% -0.883354934438848E+00 -0.383045558189317E+00 -0.116963473090535E+01
% -0.121797900206530E+01 -0.276505386714452E+01  0.462627508338287E+00
% -0.121371104679898E+01  0.548160230957994E+00 -0.125777732435666E+01
% -0.304194991600346E-01  0.123093053607721E+01 -0.595156208161669E+00
%  0.144087955873672E+01 -0.125499734734836E+01 -0.209246891090322E+00
%  0.972965473744060E+00 -0.232204197441213E+00 -0.630099087780067E+00
% -0.641476956669611E+00  0.244129870676099E+01  0.678364912510862E+00
%  0.958213906880014E+00 -0.578570327962747E+00  0.223670597298993E+00
%  0.231748945072214E+01  0.842800335828713E+00 -0.472478977530326E+00
%  0.250120625497185E+00  0.209314440988000E+01 -0.238284585178963E+00
%  0.203776801941390E+00  0.405649367524175E+00  0.167938506016790E+01
%  0.188324341760494E+01  0.652126410064867E+00 -0.129110921283364E+00
% -0.215171610115476E+00 -0.175640749039978E+01  0.111230506616803E+01
%  0.918397056731065E+00 -0.210419063014649E+01  0.204747594361908E+01
% -0.598289375147051E+00 -0.339067998317116E+01  0.662139511388714E+00
%  0.819249442735026E+00  0.129848353087513E+01  0.223157367399385E+01
%  0.102380382771181E+01 -0.285448937400096E+00  0.147820042972819E+01
%  0.131736991904635E+01 -0.181265973730957E+01  0.789881434887719E+00
% -0.123868831782314E+01 -0.138080721542002E+01 -0.320544301394340E+00
%  0.101734650444199E+01 -0.136585804417090E+01 -0.310705686230338E-01
% -0.157149868017502E+01 -0.149762042574240E+01 -0.285442671718510E+00
% -0.802468970810197E+00  0.183901399816035E+00  0.186512361462403E+01
% -0.538907237185414E+00  0.613799690003550E+00  0.232079555812356E+01
%  0.917484759133639E+00  0.141226541828851E+01  0.179030058063589E+00
% -0.258883229852483E+01  0.210052488388389E+01  0.480411549435874E+00
%  0.130073807247721E+01 -0.136576076533834E+01 -0.182157424313820E+01
%  0.372217659403202E+00 -0.246432175502682E+00 -0.297761324610766E+00
%  0.330613254538757E+00  0.696875311652468E+00 -0.153939824112068E+01
% -0.837981628728121E+00 -0.796720554279139E+00  0.203623453621176E+01
%  0.205187654308063E+00 -0.274000645557530E+00  0.157480164143621E+01
% -0.762909420278606E+00 -0.191931441242545E+01 -0.532025315292812E+00
%  0.186329594488880E+01  0.397082243470534E+00 -0.985218993353210E-01
% -0.360886879072106E+00 -0.639460693450460E-01  0.934671639960196E+00
%  0.357465425169100E+00  0.173269804069350E+01  0.136874320629779E+01
% -0.546672740591212E+00  0.848790882914711E+00 -0.285538176290787E-01
% -0.497410100564569E+00 -0.228820167538580E+01 -0.447908824536622E+00
%  0.143083254777088E+01 -0.117286377275292E+01  0.717989547618727E+00
%  0.694541186148213E+00  0.948381802830543E+00 -0.534403213215817E+00
%  0.246738799608818E+01  0.480145074370592E+00 -0.116717522070298E+01
%  0.676624523476271E+00 -0.185760896625137E+00  0.582660061862034E+00
%  0.629532922959794E+00 -0.733050524081024E-01  0.675730998309910E+00
%  0.711045126249195E+00 -0.175234463038062E+00  0.723016570141108E+00
% -0.153171990147042E+00 -0.121359399694337E+01 -0.953258940256219E+00
%  0.125364360467935E+01 -0.155844767651906E+01  0.803850503733826E+00
% -0.381869065638830E+00 -0.284609204331983E+00 -0.132465155502653E+01
%  0.221115850832414E+00  0.144087146246464E+00 -0.296099362993088E+01
%  0.940001981228421E+00  0.174811070149952E+00 -0.231424761132915E+00
%  0.659480802078809E+00 -0.577256559815608E+00  0.745219283589873E+00
%  0.192844339725686E+01  0.164477157171078E+01  0.141145604873106E+01
%  0.217173655684004E+01 -0.373030754405823E+00  0.111766314355600E+00
%  0.915446736274885E+00  0.190369100345778E+01 -0.110046925605254E+01
%  0.120241626266252E+00 -0.321734845152480E+00  0.163960550040829E+00
% -0.141722963277654E+01 -0.442904947619254E+00  0.187037500507484E+00
%  0.225771488986407E+00  0.608039562466220E+00 -0.118130025110596E+01
% -0.197303704438527E+01  0.543077192326081E+00  0.971284481628060E+00
%  0.696908202461957E+00  0.110352999986793E+01  0.886794262530731E-01
%  0.931790429595193E+00 -0.215055806083596E+01  0.218266276691223E+00
% -0.140028842412235E+01 -0.383335873650982E+00  0.909517104427179E+00
%  0.195141584722411E+01  0.165393073822782E+00  0.801012954854496E+00
% -0.129799700807575E+00  0.882517637438341E+00 -0.894969052988157E+00
% -0.175480054224430E+00 -0.764677930788757E+00  0.135460458035318E+01
% -0.310581376838793E+01  0.181664967675950E+01 -0.177298602297852E+01
%  0.255079117345202E+00 -0.132707445026052E+00  0.312787850517042E+00
%  0.186876008821649E+01  0.181918807295369E+00 -0.432441589814697E+00
%  0.410920310466973E+00  0.459924719884773E-01 -0.121265987449779E+01
% -0.193038116077504E+01  0.153311749960922E+01  0.961647570742137E-01
%  0.124173158420057E+01 -0.232525249894708E+00  0.601396060949254E+00
%  0.223772128715287E-01 -0.144120167916863E+01 -0.432122283427938E+00
%  0.180529495841938E+01  0.958379665737194E+00 -0.240699127721860E+01
%  0.578564493783147E+00 -0.153993154227969E+01  0.712831278015396E+00
%  0.145879185883725E+01  0.280458599908527E+01 -0.184278579935797E+01
% -0.280488981904242E+01 -0.133770781146044E+01  0.667109788088530E-02
%  0.139702669103654E+00 -0.475113207172480E+00 -0.266381859731426E+01
% -0.142043480101008E+01  0.162799308009884E+01 -0.315600199854921E+00
% -0.581027113522815E+00  0.196015621024469E+01  0.409061742522028E+00
% -0.104045523698096E+01  0.113025767496889E+01 -0.227394560763830E+00
% -0.262687090063740E+00  0.895213247960316E+00 -0.222099940818238E+01
%  0.100785850417468E+01 -0.174838516765974E+01  0.151541339834143E+01
%  0.187328342487676E+01  0.525820842033717E+00 -0.120805435084922E+01
% -0.412811381448879E+00 -0.296036925782863E+01  0.216583889649244E+01
%  0.193843336872729E-01 -0.821852517259659E+00  0.162346742570073E+01
%  0.433798908052038E+00  0.163577874688340E+00 -0.168450155419035E+01
%  0.638954692317377E+00 -0.495873884207577E+00  0.138518694375702E+01
% -0.347552163105494E+00  0.566410028857391E-01 -0.746252446904679E+00
%  0.155505783980939E+01 -0.181740972051326E+01 -0.402453045057742E+00
%  0.286295328064431E+00 -0.134493457083007E+01 -0.191712233067548E+01
% -0.367488460658504E+00  0.326765544755052E+00  0.217621647400861E+01
%  0.207928018800888E+01  0.301630751089953E-01 -0.113687725909446E+01
%  0.312099274352009E+01 -0.120554992103551E+01 -0.353854602260878E+00
% -0.124672983816926E+01  0.673212749741097E+00 -0.275213720230385E+00
%  0.140364591890634E+01 -0.176777012905333E+01 -0.500718013288685E+00
% -0.167715108082501E+00 -0.111878924194605E+01 -0.129003176310262E+01
%  0.365435635523248E+00  0.198237405708604E+01 -0.465474125889479E+00
%  0.725422417523766E+00 -0.114827254425517E+01  0.471261030159560E+00
% -0.116414726010315E+01 -0.119714754962424E+01 -0.909165984833675E+00
%  0.890275982218115E+00  0.361060613154280E+00 -0.255430906938752E+01
% -0.301775176654362E+01  0.134978454779090E+01  0.203613209650932E+01
% -0.261475274036236E+00 -0.545139998459744E+00 -0.455364923164044E+00
% -0.756198256425617E+00 -0.166620280719406E+01  0.742419013376739E+00
% -0.112211692785318E+01 -0.566698043372049E+00  0.378381594457389E-01
%  0.935240519140064E+00 -0.592771881191413E+00  0.127421370831164E+01
% -0.117631146447149E+01  0.194346239464249E+01  0.875837569284231E+00
% -0.514131074671523E+00 -0.971852065080326E-02  0.105838331478718E+01
% -0.371456904763667E-01 -0.167823000345722E+01  0.123943125154349E+01
% -0.977800133245089E+00  0.407813291742077E+00 -0.239506062010329E+00
%  0.911603112225347E+00  0.540145777878984E+00 -0.190764252318200E+00
% -0.610238809718928E+02  0.634889680600306E+02  0.192448458645671E+02
%  0.159578417370574E+02 -0.156861815739867E+02 -0.387260761331946E+02
% -0.470454180398357E+01  0.113388236761302E+02  0.246115646749738E+00
% -0.562920785335058E+02  0.272877072489777E+02 -0.128550873421179E+02
% -0.402605692020802E+02  0.153950926186990E+01 -0.202726264753659E+02
% -0.160999854878032E+02  0.227361993935387E+01 -0.210739260749969E+02
% -0.818155693855871E+02  0.396078355244008E+02 -0.415307650251943E+01
%  0.224110733214842E+01  0.442873786745212E+01  0.156947677767445E+02
% -0.770680573356244E+00 -0.498543652425070E+00 -0.326290149360624E+00
%  0.171963808465578E+01 -0.105519213300365E+02 -0.129856216828454E+02
%  0.578855876894079E+02 -0.176628726580328E+02  0.373444125441569E+02
%  0.109721013185521E+02  0.933414194017799E+01 -0.306549594599419E+01
% -0.368914497330387E+00  0.240694581731466E+01  0.273165695302897E+01
% -0.372225196286930E+01  0.784189240925698E+01  0.784326087502639E+01
% -0.152520821609786E+02 -0.106083045183907E+01  0.233150395862490E+01
%  0.485027085325374E+01  0.623543124382375E+01 -0.800527837730262E+01
% -0.404107602361815E+01 -0.379395127733212E+01  0.261641761492325E+02
%  0.262775515862283E+01 -0.792344476425787E+01 -0.138590289514323E+01
%  0.301468271091023E+02 -0.223890585861599E+02 -0.121404695274426E+02
%  0.378443523428165E+01 -0.516966140636536E+01  0.121016837510257E+02
% -0.346788988152092E+01  0.552985825791849E+01  0.595273393315366E+01
% -0.393946885699557E+01  0.470427757532446E+01  0.299713143914337E+02
%  0.938309655796841E+01  0.238217817001239E+01 -0.128005756858853E+01
% -0.205505215355308E+02 -0.164810842200281E+02 -0.763526711935580E+01
%  0.196314459266575E+02 -0.341528321219972E+02 -0.217172687490700E+02
% -0.750477668307326E+00 -0.943795398695960E+00  0.202786924015318E+01
% -0.216841572900722E+02  0.113141314530778E+02  0.157118863404304E+02
% -0.414666640799856E+01 -0.572433165256647E+01  0.303463539340831E+01
%  0.116088735028491E+02  0.591696045908412E+01  0.105539889373720E+02
% -0.394893636377082E+01 -0.521645480574863E+01  0.704388254456560E+00
% -0.161083809298926E+02  0.110640391075606E+02 -0.141631698498527E+02
%  0.444923230568539E+01  0.811142678393548E+01 -0.356406354980547E+02
% -0.210820056944332E+02 -0.459704322601487E+01  0.665791690577274E+01
% -0.423409204817133E+02 -0.257642947089696E+02 -0.690113136976666E+02
%  0.513749924514558E+01  0.159570707731447E+02 -0.122070983985501E+02
%  0.146000376712498E+02  0.933752668312604E+01  0.133423926825207E+02
% -0.103661176690896E+01  0.125421696607321E+02 -0.732448908065044E+01
% -0.677860470914967E+02 -0.117694992866252E+00 -0.264563976013193E+02
%  0.303842448713509E+02  0.715881954024801E+01 -0.307294032709798E+01
%  0.802611327159227E+01 -0.100043626216241E+02  0.314852577284526E+02
% -0.813315701572668E+01 -0.162460608707629E+02  0.104631456813717E+01
%  0.865423196493688E+01  0.874018477251534E+00  0.167342311711730E+01
% -0.990825006909596E-01  0.196483855930947E+01 -0.567981952569252E+00
% -0.820899796924742E+01  0.138516411775630E+02 -0.139278241376391E+02
%  0.643555072624743E+01 -0.584556727737244E+00  0.368032342021334E+01
%  0.159106203488780E+02  0.796538774298154E+01 -0.817598623431320E+01
%  0.114089175406687E+02 -0.468295419586583E+01 -0.857736960992149E+01
%  0.656742946155426E+02 -0.162157955938344E+02 -0.953099222992451E+01
% -0.305520223700007E+02  0.112884778569869E+02 -0.368565219695192E+02
%  0.907495222904050E+02 -0.687979131508621E+02 -0.112574619624316E+02
% -0.253257733642168E+02 -0.287292541859691E+01  0.680928559390951E+01
%  0.282741625624530E+01 -0.276992520977087E+01 -0.590363337134125E+01
%  0.188373128341594E+02  0.149307187077330E+02 -0.139909494201460E+02
% -0.603747318200667E+01  0.779842332335503E+01 -0.589738962664054E+01
% -0.456174741851735E+01  0.123264264295600E+01  0.364099914446715E+01
% -0.150375169703561E+01 -0.706377671406772E+00  0.263094270086329E+01
% -0.213395126225604E+01  0.284682780651400E+02  0.263614546067601E+02
% -0.671011354078064E+01 -0.566489841846042E+01 -0.219917398147321E+02
% -0.246428861354847E+02 -0.113439380794075E+02  0.237160512762805E+02
% -0.585346602538831E+00 -0.344603303677605E+02  0.275676949768726E+02
% -0.104618692261310E+02 -0.123265569923639E+02  0.327926325229169E+02
% -0.894463562835723E+01  0.371482850054341E+02 -0.263784918467744E+02
%  0.575589916127351E+01  0.562038050008618E+01 -0.240195101372316E+01
%  0.909971802849245E+01 -0.439659942501957E+00  0.918319247981325E+01
%  0.225302396732869E+02 -0.521622560563318E+01 -0.105455096867681E+02
% -0.108137327363023E+02 -0.110650779698799E+02  0.702478953465788E+01
% -0.196210366567152E+02 -0.154196782589384E+02 -0.427113414767057E+01
% -0.790214785022907E+01  0.117100344659070E+02  0.373560723448742E-01
% -0.342237601517706E+01  0.664113315978417E+01  0.168565099623241E+01
% -0.437536473460517E+01  0.291538422537873E+02  0.201604050093738E+02
%  0.113337449272456E+02  0.394469230835341E+02 -0.241609900817663E+02
%  0.455476454005726E+02 -0.450000526963761E+02 -0.296631543269586E+02
% -0.251043025575921E+02 -0.154796284462711E+02  0.130563485788967E+02
% -0.381529676541726E+02  0.557965934970282E+01 -0.565725943067150E+01
% -0.767263310842200E+01 -0.981247784479993E+01  0.541752735239206E+01
% -0.537732408749339E+01  0.156277621172354E+02  0.102021316714210E+02
% -0.724539028430411E-01 -0.137837112525074E+01 -0.136690169255721E+01
% -0.894648055221238E+00 -0.205902156926587E+01 -0.814279303940941E+01
% -0.814409735743281E+01 -0.107249600761315E+01 -0.118854641712093E+02
% -0.618120998384516E+01  0.816959906709136E+01 -0.422730561191022E+02
%  0.168343004198824E+01 -0.426540079838497E+01  0.226977864845723E+02
%  0.825442408152245E+01 -0.182176538669668E+02  0.785273220132131E+01
%  0.376446478508147E+02 -0.453506404438499E+02 -0.192916755039507E+02
% -0.115941331428302E+02  0.155971632320282E+02  0.187866346204036E+02
% -0.167393469763696E+02  0.327079965040453E+02  0.279953214367977E+02
%  0.222813735579345E+02 -0.104694516296186E+02  0.130857223849480E+02
%  0.885760515904284E+01 -0.917709887671803E+02  0.707668332169058E+02
%  0.134681511464881E+02  0.389519724538139E+02 -0.547844654102401E+02
% -0.635107810464997E+01  0.347042539955546E+01 -0.296352485020913E+02
% -0.287261914613061E+01  0.598203840198099E+01 -0.252057520123194E+01
%  0.151015884855595E+02 -0.662543270953695E+01 -0.453881979825458E+01
%  0.313788844623678E+01  0.102938144153614E+02 -0.320286795140786E+01
% -0.759519485252285E+01  0.584851465211632E+01 -0.392581931805184E+01
%  0.925393873729054E+00  0.138448962761822E+01  0.137975111283647E+02
% -0.150110824257044E+02 -0.225159664921428E+02  0.606084888300973E+01
%  0.890199064187578E+00  0.406039505449899E+01  0.206672635624223E+01
%  0.692193607207469E+01  0.307926396969705E+00  0.221614514209922E+01
%  0.198189032407435E+02 -0.221432686120547E+02  0.939722661166471E+01
%  0.330263809901388E+01  0.264260052370254E+00  0.899603747685168E+01
%  0.113925086737521E+01  0.903748065439245E+01 -0.418814129951076E+01
%  0.857373498561019E+01 -0.425346629731873E+01  0.166930888593263E+02
% -0.408938554589998E+02  0.214315776022369E+02  0.215421244053134E+02
%  0.540415890890072E+01 -0.230408986608648E+02  0.112928336465023E+02
% -0.711508269037722E+01 -0.682037694894742E+01  0.111729114218589E+02
% -0.419891270221675E+02  0.615479403695842E+00  0.924344894394227E+01
% -0.151922323141515E+02  0.227460602121765E+01 -0.194666756073805E+02
%  0.369463351405811E+01 -0.218480111158272E+01 -0.116276470552575E+01
%  0.332802596440472E+02  0.136505197550134E+01  0.469864202074467E+01
% -0.573436326535287E+01  0.884505026327379E+01  0.337126840446326E+01
% -0.328179675918387E+02 -0.146129262159555E+02  0.591219022418563E+01
%  0.397546289076727E+01 -0.181213647079181E+02 -0.132041170387777E+02
% -0.147337819552955E+02 -0.147623621209866E+02 -0.861640465203410E+01
% -0.863677324733301E+01 -0.145821597277780E+02 -0.118528298117790E+02
% -0.137089344259627E+01  0.280415385281857E+01 -0.332131264450776E+00
%  0.129962410283349E+03  0.605689790038155E+02 -0.458018070025032E+02
% -0.336674846097027E+02  0.388974901248736E+01 -0.781633229212132E+02
%  0.194041197442209E+02  0.984153743217742E+01  0.693980592823826E+01
% -0.160240079929781E+02 -0.374330258448573E+01  0.843629071628998E+00
% -0.490207804195539E+01  0.439984911607282E+00 -0.175496193786535E+01
%  0.633462803642652E+01  0.751943859100144E+01 -0.163623585391661E+02
%  0.858462399107502E+02 -0.126113582863746E+02  0.159687770493045E+02
% -0.636569965142800E-01 -0.176039626708025E+00 -0.461409439744991E+00
% -0.762544050801704E+01  0.149962438433902E+02  0.781789082917666E+01
% -0.370500675491262E+01  0.828991169321838E+00  0.177317322143874E+01
% -0.482355044532250E+01 -0.273850923259802E+01  0.172081822714749E+01
% -0.129347772802951E+01  0.390708277243609E+01  0.477707051765538E+01
%  0.196677420164057E+02  0.329464954886825E+02  0.792397948102520E+01
%  0.136224088676601E+02 -0.806979032750855E+01 -0.127115103406076E+02
% -0.173781122882488E+02 -0.464850152373754E+01 -0.115937216624992E+02
%  0.279710761095302E+00  0.102757745376568E+02  0.113960651326926E+02
%  0.218642315511470E+02 -0.751747387498822E+01 -0.696667420391663E+01
% -0.723966043853109E+01 -0.136559932006158E+02 -0.126258239652244E+01
%  0.672963461682219E+02 -0.120141390996718E+02  0.791324058754582E+02
% -0.265785210934585E+02 -0.154677927846107E+02  0.497189982725506E+02
%  0.135871273365734E+02  0.228277184616019E+02 -0.221110464596978E+02
%  0.832684334931117E+01  0.105161723596945E+02 -0.158400197049067E+02
%  0.477101327351259E+01  0.120199931911934E+02 -0.348575501664433E-01
% -0.132564250640177E+02 -0.897239948061556E+01  0.101217129626578E+02
% -0.197172932994312E+00 -0.198424628451862E+01  0.781948388480334E+00
% -0.724902287345903E+01  0.106041056886942E+02 -0.304967513989612E+02
%  0.612493265045773E+01  0.498475612824693E+02  0.487855571494441E+02
%  0.880470954494949E+01 -0.312616350231135E+01  0.111896113768212E+02
%  0.372653766649205E+02  0.583138534458350E+02 -0.159273295755812E+02
%  0.450355654855286E+01 -0.601146506027570E+01 -0.541361533718698E+01
%  0.386776710200715E+02 -0.149602172396462E+02  0.317530525592245E+02
% -0.383996910335830E+01 -0.189156536122801E+02  0.635369971527092E+01
%  0.237975284714569E+01  0.439097998590769E+01 -0.583288884724158E+01
% -0.195875465690874E+01  0.660876227667659E+01  0.385753639282611E+01
%  0.339654232447027E+01 -0.169858479347786E+01 -0.253042157238056E+02
%  0.201260549597561E+02 -0.144692442094065E+02  0.467892850295425E+01
%  0.235271456790169E+01 -0.990412768195722E+01  0.139748878769962E+02
% -0.882307262861689E+02 -0.541355469088636E+02  0.116190685655629E+02
%  0.247545689558265E+02 -0.301337461089241E+02  0.219941741900745E+02
% -0.203484396591477E+02  0.186902213560235E+02 -0.942236895696939E+01
% -0.693437887654658E+00 -0.602266592707022E+02 -0.364903820510208E+02
%  0.349870044234759E+02 -0.645607020405180E+01 -0.668410564875620E+02
% -0.137530625501073E+02 -0.181734644789032E+02 -0.190529142757286E+02
%  0.389925793487156E+01 -0.289671333131981E+01  0.247617688716711E+01
% -0.379196160101440E+02 -0.520614686693457E+02 -0.870397843479062E+01
%  0.178187280934142E+02 -0.118605198338969E+02 -0.217471241315411E+01
% -0.434950187256872E+02 -0.516697077782800E+01 -0.710399720687983E+01
%  0.243280082487981E+01  0.107852679064888E+02  0.140480398593904E+01
% -0.337200055133399E+01 -0.140875617752445E+02 -0.944473600787035E+01
%  0.136651597393143E+02  0.194194003453255E+02  0.165625081051363E+02
% -0.650940098327928E+00 -0.798148337614569E+01  0.236799976921392E+01
%  0.135706800767034E+02  0.719641878765920E+01 -0.201663346629894E+02
% -0.568650772876152E+01 -0.150060520847575E+02  0.105753450152958E+02
%  0.125859055344028E+02  0.106241028928892E+02  0.444353559036823E+01
% -0.188639033305802E+01 -0.272889269154500E+01 -0.284270825411035E+01
%  0.634738380050779E+01 -0.156747390124617E+02 -0.409050029110413E+00
% -0.590232762040128E+02 -0.512334996405036E+02  0.151772878798237E+03
%  0.233722605484608E+01 -0.136318881035005E+02 -0.688762445697770E+01
%  0.235687471854214E+01 -0.254030615500556E+01  0.151433712391014E+01
% -0.176217096856535E+01  0.342757990569771E+02  0.214764786306462E+02
% -0.190454133371660E+01 -0.158892824390992E+01  0.520751533711080E+01
%  0.134681813442215E+02 -0.194415831642852E+02  0.479220234005679E+02
% -0.129548225188533E+02 -0.204682651952784E+02 -0.362603019158006E+00
% -0.601778693625139E+01 -0.105571425457441E+00 -0.889098797004906E+01
% -0.585739246238112E+01 -0.465457050521021E+01 -0.133011883714103E+02
%  0.353244251778168E+02  0.435906660014830E+00  0.180623014637759E+02
%  0.138381881115327E+02  0.252770823193064E+01 -0.928643402318266E+01
%  0.762655749336358E+01 -0.134921480429619E+02  0.812710577859735E+01
% -0.914177320049519E+01 -0.676558173474781E+01  0.569454296992340E+01
% -0.366670993116871E+02 -0.309981848173501E+02  0.355906737590903E+01
%  0.686330107031421E+01 -0.727322691403833E+01  0.173612452006870E+02
%  0.326404858265338E+01 -0.413657413148916E+01  0.649641981927904E+01
% -0.531206993393698E+01  0.905028701142169E+01  0.114769874743626E+01
%  0.663364177932136E+01  0.152425070292216E+02  0.105240867237931E+02
%  0.507381363964126E+01  0.136845375006951E+02  0.338832282241962E+01
% -0.654788377299583E+01 -0.334869546253268E+02 -0.655205052389338E+01
%  0.662736738051651E+01  0.182532612945800E+02 -0.104706924118666E+02
%  0.129025147080877E+02 -0.123362509078186E+02  0.320089762367036E+02
% -0.215830369304781E+02 -0.595503925097658E+01 -0.511720632764451E+01
% -0.986061742430239E+01  0.288014720414993E+02 -0.357205650895690E+02
%  0.206603566833604E+01  0.155022652171860E+01  0.147702507854955E+01
% -0.368052042626666E+02  0.560565473448041E+02 -0.284409489515185E+01
% -0.468241472077399E+02  0.174179964772869E+02 -0.225999909549431E+02
%  0.481905001687558E+01  0.205523196197318E+01  0.114992964253564E+01
%  0.647432642728440E+01  0.842010983072409E+01 -0.277876708868899E+02
% -0.839239550836182E+01  0.723524097357156E+01 -0.810093797068006E+01
%  0.753548109708409E+01  0.418895993696922E+00 -0.386884754250039E+01
% -0.106690987462486E+01 -0.149374382726323E+02  0.180080536135687E+02
%  0.223065979478536E+01  0.100331653258163E+02 -0.326318658129375E+02
%  0.210248815473011E+02 -0.295120565752128E+01 -0.339788094579639E+01
%  0.520992992069745E+01 -0.831294539988327E+01 -0.375098205418627E+01
% -0.120068096826801E+02 -0.140104303852080E+02  0.140576229637854E+02
%  0.121044066674728E+02  0.341348919614771E+01  0.606235718597139E+01
%  0.380031787514644E+02 -0.390090087366497E+02  0.184387513751761E+02
% -0.431139659836612E+01  0.201368245600244E+02 -0.164259857022457E+02
% -0.905833763229163E+01  0.152723761604969E+01 -0.506750924213906E+01
% -0.138634559164008E+02  0.461823346349549E+02  0.261665580346810E+02
%  0.131219160453766E+02 -0.251567609645933E+02  0.768641041485332E+01
% -0.111250327709764E+02 -0.298875072382806E+02  0.249510801738789E+02
%  0.701381917118195E+01  0.429523824357264E+02  0.131500116680541E+02
%  0.146083567310265E+02  0.548597019576174E+01  0.388001629594316E+01
%  0.107923433841963E+02  0.147037549237301E+02  0.405880109643494E+01
%  0.187277608834905E+01 -0.337384289335533E+01  0.148578992258992E+02
% -0.360584571360799E+01  0.113782034881557E+02  0.464726369902605E+01
%  0.147432160458065E+02  0.819750231394346E+01  0.263159728569508E+02
% -0.137461042653621E+02 -0.196168294650537E+02  0.257268631472240E+00
% -0.273961657902633E+02 -0.908358262788706E+01  0.914061341430645E+01
%  0.206766283741358E+01  0.638748033223546E+00  0.820919799091639E+00
%  0.532215628935895E+02  0.138618014297025E+02  0.682020081693382E+02
% -0.141501566783952E+01  0.405007061183224E+00 -0.271618234674074E+01
% -0.262679427803661E+02  0.200877240951590E+02 -0.278776773987151E+02
%  0.168790667437937E+02  0.106202572531768E+02  0.271851069732275E+01
% -0.318694006275505E+01 -0.370437877566230E+01  0.308685752415518E+02
%  0.720400132633775E+01 -0.119278165470098E+02  0.558308570004275E+01
%  0.285430903506312E+00  0.231943384827932E+01 -0.911598446584726E+00
% -0.654576067592276E+01 -0.526144301702417E+01 -0.332946240799083E+01
% -0.716695723836740E+02  0.180574223636952E+02 -0.758272287871587E+02
%  0.105865509190475E+02 -0.172637088457212E+01  0.168257869023809E+02
%  0.402227646241128E+02  0.533768315679278E+02 -0.153757783700795E+03
%  0.995090323749222E+01 -0.247700226413777E+00  0.385452996576167E+01
% -0.191581174819086E+02  0.314458029146291E+01  0.433696865475539E+01
% -0.444686121585500E+01  0.179041048997465E+02  0.328137926333337E+01
%  0.733653849920113E+00 -0.944540966369359E+01  0.576925714604932E+00
% -0.279506222031446E+01  0.111376151102358E+01 -0.527005620882422E+00
% -0.120806394832949E+02  0.160866521421614E+01  0.831854259018136E+01
%  0.770475715847762E+00 -0.168769953696467E+01  0.917938979799959E+00
% -0.440647458217936E+01  0.676528850571705E+01  0.854265571910297E+01
%  0.277524406851971E+02  0.317094611017738E+02  0.435446596371381E+01
%  0.305564083471915E+02  0.770814598611259E+01 -0.695775053214750E+01
%  0.235625696777564E+01 -0.267378924697755E+02 -0.110820547031147E+02
%  0.584569748503187E+01  0.265028318400920E+01 -0.117828814534881E+02
% -0.164512535984641E+01  0.497714307606699E+01 -0.271836251255707E+01
%  0.686395892148437E+01 -0.692317626807939E+01  0.305310743115379E+02
% -0.169872906575484E+01  0.120731359181001E+02  0.213014717651837E+02
%  0.221143580508463E+02 -0.125454776876468E+02 -0.122665632791403E+02
% -0.144128776613869E+01 -0.233979700490660E+01  0.458497115711199E+01
% -0.253610380149860E+00  0.409017579488964E+02  0.206973903213035E+01
% -0.281143699273114E+02  0.923010669912692E+02 -0.415141236216735E+02
%  0.191900481669659E+02 -0.138856842064426E+02  0.369473156907401E+02
% -0.708536681363181E+01 -0.677182680649446E+02 -0.261732801232224E+02
%  0.192569760134045E+01 -0.217356050207485E+01  0.888816845735090E+01
% -0.928599780514676E+01  0.179015703908159E+02 -0.176802291291977E+02
