% T    256  0.715122828077254E+01  0.715122828077254E+01  0.715122828077254E+01
   0.234557045897626E+01 -0.194767420023593E+01 -0.221473396388645E+01
  -0.339004136916138E+01 -0.127684243440514E+01  0.592362810912332E+00
   0.351640145674372E+00 -0.960616882994697E+00  0.293040774090814E+01
  -0.172057037678329E+01  0.182242337434545E+01 -0.923227471467941E+00
  -0.535736341676703E+00  0.431352546404779E+00 -0.296590613939817E+01
   0.328373190894612E+01  0.217457192947229E+00 -0.701520585919443E+00
   0.213445631084998E+01  0.979439205718099E+00  0.275069972763805E+01
  -0.182718134157778E+00 -0.125677949611416E+01 -0.501246872800976E+00
  -0.290712990226797E+01 -0.189431727095895E+01 -0.110433593242482E+01
  -0.139746348957318E+01  0.235954644687027E+01 -0.237050510833030E+01
   0.210562604675338E+01  0.819394688871290E+00 -0.965878276944341E+00
  -0.210835166498950E+01  0.127266085441629E+00  0.904531088760226E+00
   0.156190967401975E+01  0.329249041453891E+01 -0.241236347677621E+00
  -0.305072744507701E+01  0.199063935636947E+01  0.219441170927209E+01
   0.292087185618318E+01  0.720118043544718E+00  0.201299256855705E+01
   0.135811034003238E+01 -0.222660684392553E+00 -0.860439658046049E+00
   0.315198489740123E+01 -0.294987552231073E+00  0.200242130271788E+01
  -0.268683263072414E+01 -0.304901943021943E+01  0.207566832825811E-01
   0.121104883019733E+00  0.182678786623399E+00 -0.571307878059588E+00
   0.173871281541624E+01  0.287330167859976E+01  0.168493643411035E+01
  -0.927877227814321E-01  0.234550382610151E+01 -0.709043155102005E+00
  -0.121383163163193E+01 -0.293150923005585E+01  0.292498430917567E+01
   0.227705319629270E+01 -0.185042701002276E+01 -0.334265467158674E+01
  -0.284142629416689E+01 -0.300866499896912E+01  0.323969076495426E+01
   0.344159111428999E+01  0.234056490687798E+01  0.793592259262025E+00
  -0.255312961030092E+01  0.238391860743205E+00 -0.238257391371826E+01
  -0.283206595911050E+01  0.656651581166638E+00 -0.967644302024927E+00
  -0.173827651679408E+00  0.167960556303110E+00  0.906688953667930E+00
   0.352219255529400E+01 -0.163005451081927E+01 -0.232793437394222E+01
  -0.272889549494878E+00  0.113066387734541E+01  0.211709724756267E+01
  -0.341107667853288E+01  0.613103052140436E+00  0.119630737458521E+01
   0.115662947325380E+01 -0.173701577134237E+01 -0.351234051597447E+01
   0.133591725586987E+01  0.817451326559818E-01 -0.299573511198459E+01
  -0.160991632232453E+00  0.737771458117794E+00  0.326358763115852E+01
   0.189843884386952E+01 -0.178606956647886E+01  0.550023024675899E+00
   0.330886383129034E+01  0.222401273412219E+01 -0.311149164764958E+01
   0.388803310324384E+00  0.345773581471839E+01 -0.192125396049732E+00
   0.594743123791672E+00 -0.333404238707213E+01 -0.242217441065766E+01
   0.158167201979242E+01 -0.767128796226489E+00  0.156634228269156E+01
  -0.178785846416907E+01 -0.355519064660490E+01 -0.210084785198275E+00
  -0.320604553415653E+01  0.228430844825335E+01 -0.177689089366844E+01
  -0.263362684579277E+01  0.152028442829842E+01  0.105423602490414E+01
   0.356761048716674E+01 -0.118465819869254E+01 -0.485172249082450E+00
  -0.345226499326040E+01 -0.102379294423726E+01  0.174572687145932E+01
   0.257821726712993E+01  0.191333473339557E+01  0.265287386115635E+00
  -0.331328521089824E+01  0.263902717169743E+01  0.291141370307331E+01
  -0.753971934914034E+00  0.249303425546462E+01 -0.338585403387758E+01
  -0.122402042565275E+01  0.262472980990351E+01  0.261991255117260E+01
  -0.164596308932714E+01 -0.182388433541359E+01  0.137025399017071E+01
  -0.819335764248654E+00  0.324852880915591E+01  0.165844767588378E+00
   0.234794898090053E+01  0.328231761075332E+01 -0.112110257782597E+01
   0.184611696535871E+01  0.211419311708882E+01 -0.930826391145119E+00
   0.353511606591698E+01  0.140940395102598E+01 -0.219533980467345E+01
   0.146020871809491E+01 -0.849392108951496E+00  0.339063814341467E+01
  -0.257555907450867E+01 -0.331302860378952E+01 -0.103501246671844E+01
   0.355297825681057E+01  0.313773010382120E+01 -0.117251846110664E+01
  -0.110651926079531E+01 -0.236327620851746E+01 -0.232978557916923E+01
  -0.257816777686832E+01 -0.173680019670677E+01 -0.259115913627129E+01
   0.728287364536169E+00 -0.159437706596352E+01 -0.119532091277299E+01
   0.203078901642304E+01 -0.225463654644658E+00 -0.224020201106092E+01
   0.306874174844088E+01  0.178026489234858E+01  0.270873448057696E+01
   0.263489240796475E+01  0.131946885218594E+01 -0.173309667741945E+01
  -0.309977510942465E+01 -0.271656686357343E+01 -0.159600787466923E+01
  -0.135080461808201E+01  0.345894214559611E+01 -0.266149446994650E+01
  -0.330015909076091E+01 -0.294777796439269E+00  0.225993930489550E+00
   0.653520486410679E+00  0.290369758848399E+01  0.220889705376339E+01
   0.824945451530525E+00 -0.349130642762191E+01  0.817784687685226E+00
   0.245067505304678E+01  0.124389464950191E+00 -0.333040373954528E+01
  -0.254777924831095E+01  0.251368411152222E+01 -0.270544046799122E+01
  -0.137366495644866E+01 -0.132465238880200E+01 -0.147073481616497E+01
   0.221997678489785E+01 -0.293851851407624E+01 -0.312582571036139E+01
  -0.125913723028209E+01 -0.135622205968340E+01 -0.201826573276896E+00
   0.270706029274156E-01  0.297635040868143E+01  0.879368980760856E+00
   0.175149751752415E+00 -0.623446396791574E-01  0.192702592481530E+01
   0.319597588191573E+01 -0.106714511584330E+01 -0.157900740710238E+01
   0.225440144140773E+01  0.201725060280800E+01  0.193579045841528E+01
  -0.812759351323061E+00 -0.822866977496973E+00  0.276372585736801E+01
  -0.221036778139423E+01  0.135209598308815E+01 -0.943477839151196E-01
  -0.128435322826220E+01 -0.745042752015446E+00  0.122580742881899E+01
  -0.152945182266939E+00 -0.303823873924044E+01  0.437001610556384E+00
   0.361864934414652E+00  0.311870493354844E+01  0.318313300023422E+01
   0.243721850224264E+01 -0.955598173420926E-01 -0.131058333470767E+01
   0.176395058652966E+01  0.140598017777554E+01 -0.110008136995473E+00
  -0.337477238674731E+01  0.996035471543652E+00  0.291546746676601E+01
  -0.530060372895034E-01 -0.176415834166782E+01 -0.246171687965232E+01
   0.228610720638035E+01 -0.856946566370164E+00  0.242304060392380E+01
  -0.106001561661796E+01  0.327450718840707E+01  0.123530782874146E+01
   0.112664613846583E+01  0.117619583846560E+01 -0.107108293642822E+01
   0.179183625654808E+01  0.127063054783581E+01 -0.248698282952778E+01
  -0.324918794487343E+01  0.308202309278954E+01  0.323874290157039E-01
   0.280604544034247E+01  0.336952432584215E+01  0.766314067044298E+00
  -0.259313609994762E+01 -0.325370571008930E+01 -0.266855386164608E+01
   0.108343273319927E+01  0.225252848369246E+01  0.241896152906943E-01
   0.105924913951166E+01  0.562998966842884E+00 -0.212482052229618E-01
  -0.761290902055281E+00 -0.309044300218153E+01 -0.463831424297587E+00
   0.240631907534662E+01 -0.333398184382647E+01 -0.218576849160941E+01
   0.280926179747621E+01  0.285696743768090E+01 -0.195186458834471E+01
  -0.146716778338206E+01  0.179606039638816E+01  0.194763656400609E+01
   0.292795788421249E+01 -0.337630236021807E+01  0.343734737499194E+01
   0.163585148322213E+00  0.722999018151988E+00 -0.154386750308225E+01
  -0.102093811635444E+01  0.555065569372879E+00  0.134614674387213E+01
   0.126856986828365E+01  0.380035662966069E+00 -0.193433177158316E+01
   0.534684851905336E+00  0.134769448587136E+01  0.281263729788093E+01
  -0.344632306682367E+01 -0.282036799932533E+01 -0.657454560653726E+00
  -0.336198987052251E+01 -0.353873077633699E+01  0.991589152475218E+00
   0.118353084616425E+01  0.188648601568504E+00  0.149817267758666E+01
   0.281891962389889E-01 -0.270140358302843E+01 -0.181344705897680E+01
   0.188686358136424E+01 -0.228685191810751E+01  0.163119413624191E+01
   0.178944256922152E+01 -0.652780906728966E+00  0.510533194578484E+00
   0.354416698112802E+01 -0.270424215847314E+01 -0.283176768869205E+01
  -0.867268741300953E+00 -0.564361527363341E+00 -0.831232778491354E+00
   0.865434273512226E+00 -0.233103013460638E+01 -0.268679303915081E+01
   0.312738094782998E+01  0.129193215119783E+01 -0.346775571223206E+01
   0.306352054817929E+01 -0.398724454386351E+00 -0.265676502134789E+01
  -0.106041087763666E+01  0.136632612831457E+01 -0.782844951144013E-01
  -0.693588981875241E+00  0.137287646111661E+01 -0.110000929615813E+01
   0.138743775602089E+01 -0.131094100444667E+01  0.240131339841470E+01
   0.131197355944100E+01  0.191066114202489E+01  0.270326145648953E+01
  -0.392070555203408E+00 -0.111368467647625E+01  0.168504490747481E+01
  -0.207214166810018E+01 -0.241482327245606E+01 -0.804394890812148E+00
   0.999730208008015E+00  0.208640100668853E+01 -0.342074214244777E+01
  -0.260084497297672E-01  0.229673271037458E+01  0.282549348715034E+01
  -0.206305799665079E+01 -0.270908169482886E+01  0.248255171172321E+01
  -0.165929336126526E+01  0.244661171922714E+01  0.109243898519062E+01
   0.677749315740077E+00  0.184263778139218E+01 -0.224866983202450E+01
  -0.238832651243691E+01 -0.112004711861063E+01  0.160440023681605E+01
   0.224571788176537E+01 -0.347460479526776E+01  0.162578737395699E+01
   0.259975647383748E+01 -0.166733858551100E+01 -0.788233894328966E+00
   0.225090083753944E+01  0.212014718255408E+01 -0.224494816826089E+01
   0.277888899357091E+01  0.664451180003955E+00 -0.244038244784406E+01
  -0.524111958964023E+00  0.338498678026638E+01  0.265448097602487E+01
   0.236365328584714E+01 -0.449944998677840E+00 -0.332893857672346E+00
   0.206560630242076E+01  0.698747052658937E+00  0.941208379959115E+00
  -0.149932474436586E+01  0.115159917887821E+01  0.854440316474733E+00
  -0.218127338970954E+01 -0.716069985392142E+00 -0.214124443912230E+01
   0.200671907745490E+01 -0.264744888855903E+01 -0.565973344258862E+00
  -0.475607681376021E+00 -0.804559918093666E+00  0.395038260080303E+00
  -0.233852766523882E+01  0.826606677556651E+00  0.184308412905882E+01
   0.287067824999566E+01  0.280774001853309E+01 -0.468563088847134E+00
  -0.207606000326825E+01  0.347514655168469E+01  0.911115004934526E+00
   0.295970329042049E+01  0.130512852087409E+01  0.124714226533482E+01
  -0.225440958404113E+01 -0.874115786952697E+00 -0.615847511602753E+00
   0.339576269228193E+01 -0.249381837415651E+01  0.332567833863088E+01
   0.222346127651669E+01 -0.301985280857848E+01  0.433932818543207E+00
   0.108775408007586E+01 -0.336407083440158E+01  0.223148184430882E+01
  -0.261926375850329E+01 -0.187612593218575E+01  0.348457867335183E+01
   0.148107392776810E+01  0.326237555968287E+01 -0.167466942756275E+01
   0.269965331228501E+01 -0.166034580014228E+01  0.144246459976267E+01
  -0.296599680264025E+01 -0.939173457514238E+00 -0.134779908563316E+01
  -0.488364946917380E+00 -0.252164645412959E+01  0.182911924541706E+01
  -0.201871272709782E+01 -0.564535072956948E+00  0.263864570067542E+01
  -0.217809198135241E+01  0.317593454167332E+01 -0.172468511825192E+01
   0.934519581722908E+00 -0.160997327228103E+01  0.151276295642331E+01
  -0.613303941553325E+00 -0.147749370492507E+01 -0.352498638391900E+01
   0.102234418666509E+01 -0.132139685006016E+00  0.243555988825089E+01
  -0.290609739170372E+01 -0.348516778657065E+00  0.129998281248445E+01
  -0.343097435116150E+01  0.560305711244809E+00 -0.312243303053518E+01
  -0.152188814032866E+01  0.174166849795457E+01  0.295621544205206E+01
  -0.466117664868375E+00  0.166238265884274E+01 -0.214474763681207E+01
   0.284635662069795E+01 -0.155226570249227E+01  0.196029502576972E+00
   0.295723875878327E+01  0.326030153712705E+01 -0.283458401518343E+01
  -0.123931836960638E+01 -0.199375047639467E+01  0.270379858225805E+01
  -0.462415811268859E+00  0.261128856539169E+01  0.181532957291639E+01
  -0.604948160458875E+00 -0.486212765217761E+00 -0.325977200001596E+01
   0.157775292546704E+01  0.282739159684161E+01  0.666787321119916E+00
  -0.163708943223743E+01  0.343787423806042E+01  0.340745908681720E+01
   0.213148200629519E+01 -0.883232561041820E+00 -0.297226509047310E+01
  -0.292784509671664E+01 -0.327995326469225E+01  0.199484237806065E+01
   0.153985789016345E+01  0.330998506658709E+01  0.319519944965535E+01
  -0.194424248350669E+01  0.690758186381215E+00  0.277523433905698E+01
   0.137323157967891E+01  0.108105827840751E+01  0.206891018475401E+01
   0.708004407520402E+00 -0.201211766300135E+01  0.267515770927418E+01
   0.924070182568679E+00  0.278123282080679E+01 -0.819053847577889E+00
   0.447620387397677E+00 -0.617158382125656E+00 -0.112556511010909E+01
   0.355292150270766E+01 -0.137762681172344E+01 -0.346481892889055E+01
  -0.272800616384064E+01 -0.192935306347754E+01 -0.102447596380369E+00
   0.321119846523269E+00 -0.777440378153597E-01 -0.236333191997065E+01
   0.204555019618020E+01  0.404522184907849E-01  0.198031903917653E+01
  -0.289725974281512E+00 -0.147822150038900E+01 -0.149235603546984E+01
  -0.318469124705386E+01  0.315465295479502E+01 -0.230240222368711E+01
   0.516766374319878E+00 -0.234866232113251E-01  0.345908799942307E+01
   0.331242708405122E+01 -0.306939489698233E+01  0.168463594426797E+01
  -0.104351888757528E+01 -0.970894775371280E-01 -0.274783400192587E-02
   0.157872371427414E+01  0.174275668309668E+01  0.118116802935260E+01
  -0.162933347515597E+01 -0.307483892764745E+01 -0.184512967132793E+01
   0.350075858359514E+00 -0.244921641553088E+01 -0.344595898490330E+01
  -0.179326680664191E+01 -0.216523737313096E+00 -0.331737581316153E+01
  -0.969978163031163E+00 -0.233287503212684E+01 -0.124199522095435E+01
  -0.306823130835687E+01  0.285744059008814E+01  0.163360831193218E+01
  -0.111998745735639E+01  0.280228831726344E+01 -0.108117369038798E+01
   0.624255151119800E+00 -0.246222568465153E+01 -0.317096471740602E+00
  -0.239482051171601E+01  0.232029878174722E+01  0.432031463199054E+00
   0.671082741056021E+00 -0.177657459801071E+01  0.400773184480882E+00
   0.250414197261468E+01 -0.180130118073193E+01  0.274728021276738E+01
  -0.214417558318253E+01  0.332882184256407E+01  0.248668555033260E+01
   0.974797013073045E+00  0.976051715538498E+00 -0.349053058374720E+01
  -0.488205833745718E+00 -0.678681759262086E+00 -0.208799253362704E+01
  -0.552520872718043E-01 -0.347122559903403E+01  0.158126027057893E+01
   0.283365464834290E+01  0.730479119476499E+00  0.263318452941521E+00
  -0.130803157084690E+01 -0.287085793138792E+01  0.927305370789281E+00
   0.127941568263452E+01 -0.260762157784960E+01  0.504792265965854E+00
   0.270618079246801E+01 -0.361220277574517E+00  0.112624949056958E+01
  -0.324325384097413E+01  0.328931824535299E+01 -0.338463856115395E+01
   0.340156251869363E+00  0.210292788233906E+01  0.139185365370678E+01
   0.353682554227600E+01  0.235507913325142E+00 -0.171128798659948E+01
   0.117979419348959E+01 -0.110934723157212E+01 -0.234696223705369E+01
  -0.139709651765613E+01  0.239146760406794E+00 -0.216268077956408E+01
  -0.296184960337039E+01  0.201791054806764E+00  0.235725987401012E+01
   0.136414550901456E+01 -0.266196991707752E+01 -0.162888873683336E+01
   0.331901402152359E+01 -0.214538272905275E+01  0.230077781259861E+01
   0.669350332483535E+00  0.289379614737085E+01 -0.245522580220959E+01
  -0.105887727349550E+01 -0.230274010323572E+01 -0.330252378071616E+01
  -0.222639463080801E+01 -0.113361226876117E+01  0.480006141775803E+00
   0.586482129482285E+00 -0.267520510191619E+01  0.141413525594914E+01
  -0.484694729514796E+00 -0.212639162626839E+01 -0.348330829647664E-01
  -0.284999798847925E+01 -0.468787182563715E+00 -0.315949435182434E+01
  -0.135200752837497E+01  0.233622497399562E+01 -0.459079363618434E-02
  -0.199751980327044E+01 -0.277893283939322E+01 -0.336693764422310E+01
  -0.136624502957184E+01  0.164534948104616E+01 -0.318774095980805E+01
  -0.179671750838244E+01 -0.276333990825696E+00 -0.131463691508938E+01
  -0.220180526496509E+01  0.361595507153655E+00 -0.342372857432126E-01
  -0.175036298626930E+01 -0.212612126101937E+01  0.277084366385378E+00
  -0.636928949114718E+00 -0.341168104535636E+01 -0.172677171940072E+01
  -0.282370198975671E+01 -0.135474847959776E+01  0.262026865479896E+01
  -0.356129074562257E+01  0.131515629699780E+01  0.414577156486005E+00
  -0.152553940352048E+01  0.552918488612412E+00 -0.742905245254692E+00
  -0.559673967444359E+00 -0.332045764618847E+01 -0.315321433710218E+01
  -0.252010825534757E+01  0.148031327127472E+01 -0.246831256191394E+01
   0.216783485326090E+01  0.189219628825444E+01 -0.332999130150077E+01
  -0.158206338832280E+01 -0.118788836647929E+01  0.331909141437414E+01
  -0.232496047054857E+00 -0.180330396485458E+01  0.106653098368918E+01
   0.344099631820961E+01 -0.248495184038156E+01  0.720988876459524E+00
  -0.356318953719666E+00  0.162349285966880E+01 -0.313592812249211E+01
   0.758210066464783E+00 -0.884003265821237E+00 -0.183289509043170E+00
   0.391612042299422E+00  0.907067391955422E+00  0.132510244200531E+01
   0.151063846539948E+01 -0.171692483364356E+01 -0.476843301162913E+00
   0.167344458259268E+01  0.307441794870213E+01 -0.268392300460357E+01
   0.249110143060342E+01  0.272848892114313E+01  0.345970874330413E+01
  -0.212988237814453E+01  0.236302880502109E+01  0.335348798780136E+01
  -0.296903344875474E+01  0.183981799030608E+01 -0.339714496775888E+01
   0.654676404093455E-01  0.208934895729118E+01  0.294525933511121E+00
   0.685062913857776E+00 -0.731730377948436E+00  0.818759557277123E+00
   0.326197308348033E+01 -0.996607571960633E+00  0.279911019771894E+01
   0.271920021579767E+01  0.285484892239618E+01  0.232837383339582E+01
   0.326389897239558E+01 -0.271949632895880E-01  0.310617165603501E+01
  -0.695353508958311E+00  0.165019926677305E+01  0.128160853128062E+01
  -0.234111922731926E+01  0.276596323763075E+01 -0.648468249722688E+00
   0.200658651733903E+01 -0.278926359292438E+01  0.285610540700058E+01
   0.279049917894201E+01 -0.330508472064650E+01 -0.457972612420236E+00
  -0.102641432787413E+01  0.181311063077587E+00  0.310265211265879E+01
  -0.155161085745621E+01 -0.150813523572667E+01 -0.278586198421182E+01
   0.218722663331755E+00 -0.291207551218145E+01  0.259283311925269E+01
  -0.298479837012609E+01  0.175452621733084E+01 -0.858465555202067E+00
   0.315776218820676E+01 -0.314035789577673E+01 -0.146221033556557E+01
  -0.237451153528564E+01  0.837807093162100E+00 -0.353713981479721E+01
  -0.270480303745417E+01 -0.213686632691486E+01  0.139746146967321E+01
% -0.403553331079538E-01 -0.148722050779776E+01 -0.751927862101857E+00
% -0.140898446637591E+01 -0.334367473587756E+00  0.705692223407966E+00
% -0.144061906393677E+01  0.181861605993614E+01  0.126147893421205E+01
%  0.456583682522288E+00 -0.245815774993742E+00 -0.134162307419413E+00
%  0.602445112816436E+00 -0.990334515588704E-01  0.125300952970772E+01
%  0.193536509561741E+01 -0.195936865133884E+01 -0.133705056364945E+00
%  0.842266174095816E+00  0.285764610881538E+01  0.487237910375161E+00
% -0.917155364199635E-01 -0.510500027534378E+00  0.233946792141430E+01
% -0.176265808726137E+01  0.127743464620539E+01  0.194801134251924E+01
% -0.982421504009786E+00  0.845097880343654E-01 -0.963656246344773E+00
%  0.911563641507968E+00 -0.136077840510922E+01  0.109302890910280E+01
% -0.424599507230873E-02 -0.582567429607267E+00 -0.622063980972436E+00
% -0.140631866531327E+01  0.174743934194460E+01  0.170858156176383E+01
% -0.645694668580685E+00 -0.222838427187658E+00  0.533397260183444E+00
%  0.205040986613461E+00  0.778663349583978E+00 -0.933352727429703E+00
%  0.178548157002320E+01  0.320443564777547E+00  0.231918246555354E+01
% -0.955153082220674E+00  0.123925536097260E+01  0.497351410452518E+00
% -0.132816503503987E+01  0.413847229676259E+00 -0.426852866772895E+00
%  0.871066529747285E+00 -0.522897917475745E+00  0.408541792483505E+00
% -0.239769753872516E+01 -0.792523016012570E+00 -0.329202220919523E+00
% -0.214680749076996E+00 -0.133011372254561E+01  0.161974982151949E+01
% -0.116821635208905E+01 -0.540036529448888E-01  0.139193687127270E+01
%  0.163500600394272E+01  0.160059125571327E+01  0.120653999806662E+01
% -0.532404774310604E+00 -0.134974320030213E+01  0.128448418540365E+01
%  0.865136517292204E+00 -0.454703435184137E+00  0.199986040305968E+01
% -0.112166328316493E+01  0.131384987865951E+01  0.269262535356768E+00
% -0.121809330600821E+00  0.758634413402986E+00  0.706430004504176E+00
%  0.670735149777667E+00 -0.104759280961898E+01 -0.997707153075453E+00
%  0.109851122730964E+01  0.909576141487877E-01  0.315196155882337E+01
% -0.151245057412702E+01 -0.532203247448192E+00 -0.293074648834289E+01
% -0.249541342363771E+01  0.446386657511486E-01 -0.277544079511516E+00
% -0.102461148826774E+01  0.909630669001536E+00 -0.169478357858164E+01
%  0.117674880470768E+01  0.185940644922156E+01 -0.943498337114325E+00
% -0.208129542276509E+01 -0.187554271201237E+01  0.135512560764679E+01
% -0.138826094804531E+00 -0.456432602129567E+00 -0.614861158200037E+00
%  0.701363207904378E+00 -0.139624807002133E-01 -0.453953866907159E-01
% -0.167476567467226E+01  0.177785748310454E+01 -0.811539405138233E+00
%  0.113518862568751E+01  0.270077999218345E+01 -0.106117211453019E+01
% -0.117129318942021E+01  0.142351487069330E+01  0.899413762133446E+00
%  0.933522540138843E+00 -0.101712112505055E+00  0.525247918683528E+00
% -0.870685506182986E+00  0.164013769207295E+00 -0.145075751009179E+01
%  0.204513544320547E+01 -0.181510367591344E+01  0.717703040087859E+00
%  0.134893352643405E+01 -0.934273015671217E+00 -0.111359619565676E+01
%  0.917925940874964E+00  0.115901674653869E+00 -0.762648000936384E+00
% -0.578199394204504E+00 -0.213268256835652E+00  0.451696057963082E+00
%  0.267070815945668E+00  0.719546491085194E+00  0.108196909792013E+01
%  0.931154699648771E+00  0.633763845915124E+00  0.243338832035055E+01
% -0.134105124062876E+01 -0.529322098450836E-01  0.310471031609978E+00
% -0.194237052543711E+01  0.930059184618877E+00  0.126912995108775E+01
%  0.120324204222338E+01 -0.507546564309853E+00 -0.330584983134699E+00
% -0.840024923562246E+00 -0.265248558466305E+01 -0.423832078218149E+00
% -0.498768622009165E+00  0.200636677926836E+01 -0.287761626500931E+00
%  0.198474375334363E+00  0.116197413922028E+01 -0.112801789481282E+01
%  0.954319090049463E+00 -0.576641015671769E+00 -0.221436581861683E+01
% -0.131257789014596E+01  0.859489471232737E+00 -0.115880231168047E+00
%  0.580923824794713E+00 -0.143830013187848E+01  0.192035612997130E+01
% -0.735195482099438E+00  0.115084758041932E+01 -0.212942334902438E+01
%  0.729477290385505E-01 -0.132749716379319E+01  0.188671792740251E+00
%  0.869292690335260E+00 -0.137222548817308E-01 -0.845029386792513E-01
% -0.157833619927150E+00 -0.139596430669935E+01 -0.145200569692970E+01
% -0.118155081720253E+00 -0.633446032777840E+00 -0.101661934372293E+01
% -0.603101786160343E+00  0.300996018076191E+00 -0.230802787532989E+01
% -0.116310042322158E+01  0.105098659227396E+01 -0.764119138408148E-02
% -0.169693419435795E+00 -0.102798445016904E+01  0.307905683152909E+01
% -0.176298855485983E+01 -0.591618446287493E+00 -0.119552445303139E+01
%  0.962324259003031E-01  0.216469105790374E+01 -0.104782570358677E+01
% -0.211482328065425E+00 -0.110132327885076E+00  0.790407692839061E+00
% -0.106189035831801E+01  0.699579821857360E+00  0.442050906387657E+00
%  0.252930269528376E+00 -0.206567745511980E-01  0.112894529134402E+01
% -0.341581446632123E+00  0.771624651021501E+00 -0.683328013220410E+00
% -0.301947733598674E+00 -0.869052400096628E-01  0.428481954361567E+00
% -0.272537256916004E+00 -0.581818886720969E-01 -0.188715418391905E+01
%  0.331909856005495E+00 -0.231212774275672E+01 -0.117098798671085E+01
%  0.126256159515642E+01 -0.464367053372466E+01  0.307107257422715E+01
% -0.120751194517375E-01  0.249946325213793E+01  0.485545985523218E+00
% -0.137593592477584E+01 -0.308431588962979E+00 -0.366146398122294E+00
% -0.190393717090243E+00 -0.101187914364738E+01 -0.955002397894950E-01
%  0.175349455995347E+01  0.694120329409700E+00  0.217602615467274E+01
% -0.623105000318759E+00  0.104193013139552E+01  0.561671244736754E+00
% -0.142180044595640E+00  0.743040497855979E+00 -0.327374401728833E+01
% -0.113585207008794E+01 -0.137683679631710E+01  0.409957979355640E+00
% -0.613187624510565E+00  0.121681450931677E+01 -0.696171618148624E+00
% -0.186883262424863E+01  0.777693973711804E+00  0.538306879272182E+00
%  0.199237971164588E+01 -0.420889279093449E+00 -0.128753376804239E+01
%  0.229206920205886E+00  0.275964241500664E+00 -0.558887343520615E+00
% -0.412535057667673E+00 -0.517599271963356E+00 -0.667521077269340E+00
%  0.233671855065033E+01  0.772295308833631E+00  0.148323127325339E+01
% -0.822911840185698E+00  0.139533032896374E+01  0.512415540259857E+00
% -0.712694587898731E+00  0.133525472936105E+01 -0.992583862232015E+00
%  0.214066587774296E+01  0.111647652771675E+01 -0.230926710717917E+01
% -0.556064894895863E+00 -0.980023249052795E+00  0.385184000918096E+00
%  0.472644839067617E+00  0.118154770399304E+01  0.253157235882487E+01
% -0.128373289034328E+01  0.154880713172523E+01 -0.710504770726842E+00
%  0.761774116905526E+00  0.807604994706088E+00  0.571309909393984E-01
%  0.522175553145392E+00  0.697719528223612E+00 -0.252379292969286E+01
%  0.155993015001584E+01 -0.688702905848310E+00 -0.177599245755301E+00
% -0.101117557790643E+01  0.623863259146533E+00  0.112452021842805E+01
% -0.526792025421699E+00  0.821617035394945E+00  0.539087276952957E+00
% -0.116436225850171E+01  0.545645312030996E+00 -0.994184327723394E+00
% -0.410633608230439E+00  0.977956104569186E+00  0.141573037812255E+01
% -0.178004802981142E+01 -0.142641188338614E+01 -0.105117864010342E+01
% -0.100139448701460E+01 -0.724862098109788E+00 -0.244073861503230E+01
%  0.228151315486914E+01 -0.737464726169458E+00  0.173174308854101E+00
%  0.112926398786328E+01 -0.278654975454224E+00  0.497495312186190E+00
%  0.272198875282756E+00 -0.664940587683753E+00 -0.105951525405768E+01
%  0.473159521224797E+00  0.857157002625112E+00  0.203878470233212E+01
%  0.202033455885988E+01 -0.734407230565336E+00 -0.177010229306178E+01
%  0.178551068828103E+00  0.112332377324369E+01  0.226094259452114E+00
%  0.248464656719198E+00  0.839675567537592E+00 -0.187835552699303E+01
% -0.100136681357937E+01 -0.123835633910713E+01 -0.247767310282372E+00
%  0.612005983375046E+00 -0.892581014980043E+00 -0.145284269245892E+01
% -0.259850717195756E+00 -0.105652643099839E+01  0.713493574689203E-02
%  0.163923747549685E+01 -0.213738049191466E+00 -0.771504894068000E+00
% -0.362440483743008E+00 -0.576240317605178E+00  0.896676133669321E-01
% -0.160128351127890E+01 -0.654236828318645E-01  0.242852704281508E+00
%  0.167397788761821E+01  0.172446821331804E+01 -0.965963041837652E+00
%  0.143837031411600E+01 -0.961639553007645E+00  0.112192041182778E+01
% -0.746273785939134E+00  0.147790183660144E+01 -0.128731183293743E+01
% -0.490897846062606E+00  0.297773267517351E-01 -0.134291347313449E+01
%  0.704606300334198E+00 -0.813975977561213E-01  0.127739459553609E+01
% -0.172114129337606E+01  0.944551001507570E+00  0.153910732131208E+00
%  0.138527317769492E+00  0.104917087285634E+01 -0.149160853080634E+00
%  0.137983135003643E+01  0.474361455275968E+00  0.114948706638334E+01
%  0.136220696880319E+01 -0.108601070199985E+01  0.725274070014857E+00
%  0.156308290145723E+01 -0.807127974824843E+00 -0.335481837627037E+00
%  0.644736233516560E+00  0.106301928142026E+01  0.112773859261887E+01
% -0.555690458171097E+00 -0.256529104482598E+00 -0.147485533533669E+01
% -0.953467923856178E+00 -0.138500420177655E+01 -0.107944733715382E+00
% -0.493444379542349E+00 -0.151877531611258E+01 -0.140057503226468E+01
%  0.103456043289020E+01 -0.839957303010963E+00  0.591310443498606E+00
% -0.515918512300750E+00 -0.111455867906661E+01 -0.144919272944098E+01
% -0.140804969800864E+01  0.363333410486329E+00  0.567912617804550E-01
% -0.397922456450554E+00 -0.208192843747529E+01  0.248441279411347E+00
% -0.131649758610516E+00 -0.148344428766877E+01  0.942900554748003E+00
%  0.168521325421654E+01 -0.556409161563234E+00  0.185950915672113E+01
%  0.300279088899355E+00 -0.223859255446496E-01  0.218058080301040E+01
%  0.421045948069148E+00 -0.773737032749933E-01  0.239427035773441E+01
% -0.507948571286119E+00  0.221681856954726E+00 -0.122965097877412E+00
% -0.986567827023050E-01 -0.812575619282483E+00 -0.143247012902504E+01
%  0.120514661801366E+01  0.785947619806330E+00 -0.121380723550736E+01
%  0.441094724490541E+00 -0.136502900922754E+01 -0.173448223052087E+01
% -0.340449164833576E+00 -0.806246546188573E-01 -0.313789192835629E+00
%  0.245521828343597E+01  0.115844045002000E+01  0.377759119239221E+00
%  0.149077819266389E+01 -0.336878855280966E+00  0.229112441555231E+01
% -0.225850278843099E+01 -0.169092528061013E+00 -0.175988381271950E+01
%  0.210246455611020E+01 -0.145678642228800E+01 -0.218625669808672E+01
% -0.138101250937735E+00 -0.123207640534662E+00 -0.116873100855106E+01
%  0.274045863003454E+01 -0.116375508933725E+01 -0.963509190617125E+00
%  0.129970066343356E+01 -0.114784081790942E+01  0.469995818021372E+00
% -0.826915148708842E+00 -0.398812472391464E+00  0.268200292979975E+00
% -0.173370206135039E+01  0.110995320273530E+01 -0.621112094161781E+00
%  0.156105837887671E+01 -0.108691374334295E+01  0.170169990878414E+01
% -0.163002130401178E+01 -0.978268027855489E+00 -0.908891115077205E+00
% -0.315494415321333E+00  0.107687204944608E+01 -0.313238270624615E-01
%  0.938879809590603E+00  0.728569929456751E+00  0.181358370634112E+01
%  0.418148786216166E-01  0.529900318643969E+00  0.150348647636780E+01
% -0.882932667217603E+00  0.529647764428057E+00  0.502559833286993E+00
%  0.179260795184548E+01 -0.757455790242615E+00  0.153834458241365E+01
% -0.624342800612340E+00  0.938584432709002E+00 -0.566953656084580E+00
% -0.231201912234772E+01 -0.377197949515945E-01  0.785275006806459E+00
%  0.482324710692969E-01  0.271025964587062E+00 -0.607262531886004E+00
% -0.114331101463517E+01  0.193804160419065E+01  0.943509979075303E+00
%  0.210218895994884E+01  0.125877354373697E+01 -0.166658814333598E+00
% -0.132533825565545E+00 -0.468104844729712E-01 -0.268629901743111E+01
% -0.208608863629790E+01  0.791752670826170E+00  0.712846313759188E+00
% -0.189529075152379E+01  0.242330064934114E+00 -0.100125649574985E+01
% -0.151877384599426E+00  0.159743369610742E+01 -0.132887390815532E+01
% -0.124871124559022E+01  0.529730025136345E+00 -0.149022560775389E+01
%  0.210617615688398E+01  0.847528646493920E-01  0.115208414438299E+01
% -0.564793331780411E+00 -0.753469619441796E+00 -0.665948239583293E+00
%  0.564548913543638E+00 -0.791199464484453E-01 -0.571685981296040E+00
%  0.138489393483562E+01 -0.184915120472171E+01  0.330236049189868E+00
% -0.126139501421454E+01 -0.211369949140496E+01  0.142326939563401E+01
%  0.537667933310440E+00  0.119076138289661E+01  0.704888233238127E+00
%  0.974792758511720E+00  0.570807879963277E-01  0.172293041627764E+01
% -0.130976680150818E+01  0.154426741171941E+01  0.297862315854872E+01
% -0.525275132168271E+00 -0.482140906216758E+00  0.176829375753227E+01
%  0.448696578526621E+00  0.271602958542059E+00 -0.166619412522140E+01
%  0.195485310903733E+01 -0.350330454451531E+00  0.146815626624173E+01
% -0.877885065641348E+00  0.594984577760042E+00 -0.167817172110760E+00
% -0.133566687759890E+01 -0.239896353630116E+00  0.606208005154744E+00
%  0.173505659388400E+01 -0.166183493508981E+01 -0.431317487744126E+00
% -0.644284544717982E+00 -0.127404113456271E+01 -0.517899098504926E+00
%  0.166483171687620E+01  0.274086476466896E+00 -0.478522709627928E+00
% -0.205205017633659E+01  0.661610233618499E+00  0.327214490175111E+01
% -0.616823484290485E+00 -0.216119026301096E+01 -0.253355460230880E+01
%  0.406937831266350E+00  0.244845135728617E+01 -0.500923683535273E-01
% -0.127796151959063E+01  0.156530052821962E+01 -0.520808860633373E+00
% -0.910435389830866E+00 -0.216856845890814E+01  0.899851156449087E+00
%  0.149668667275240E+01  0.479936535432789E+00 -0.764073505086400E+00
%  0.979246491953760E+00 -0.198379155951977E+01 -0.151976889783250E+00
% -0.202942628821830E+01 -0.113232137602531E+01  0.255585687862251E+01
% -0.206191072989371E+01 -0.607838006420269E+00 -0.129985412068849E+01
%  0.262358618483341E+01  0.147241862211399E+00  0.486712210450709E+01
%  0.480740711282030E+00 -0.320379970852663E+01  0.142793815512757E+01
% -0.122293612884846E+01  0.412446390050837E+00  0.379649465318975E+00
% -0.312159810580960E+00 -0.259256866842953E+01  0.141349851702184E+01
%  0.121981648816005E+01 -0.193879913720714E+01 -0.167777527443434E+01
%  0.248917223943565E-01  0.199731978173121E+00  0.119588750976522E+01
%  0.708467898278831E+00  0.926951053904262E-02  0.156879694978735E+01
%  0.651619682647982E+00  0.189935948885492E+00  0.135300312875544E+01
% -0.441096669209371E+00 -0.457886790790450E+00 -0.120353494695800E+01
%  0.288962029413222E+00  0.450724231524755E+00 -0.114001722965885E+01
% -0.697359958481124E+00  0.456105098615139E+00  0.370419203871595E+00
% -0.106263891330047E+01 -0.324577229679736E+00  0.102471806913346E+01
%  0.840266520169465E+00 -0.196131839608460E+00 -0.488878384212385E+00
% -0.572994973218386E+00 -0.553529105259157E+00  0.109398363883880E+01
%  0.643749368325316E-01 -0.598899241474088E+00 -0.772066639908549E+00
% -0.937977377766580E+00  0.611394099923331E+00 -0.237002975241464E+01
% -0.866540797860990E+00 -0.202966193692124E+01 -0.174512818797862E+01
% -0.705788248858932E+00 -0.687894904758742E+00  0.338961610673199E+00
% -0.120403911452868E+01  0.186176517779774E+01 -0.102319105071049E+01
%  0.263078828616121E+00  0.100609088350363E+01 -0.928533456454696E+00
% -0.662358347689480E+00  0.705781011967951E+00 -0.545952270022727E+00
%  0.156193530479343E+01  0.157850648886424E+00 -0.149423928006613E+01
% -0.125389955876582E+01  0.103838174060541E+01 -0.469506113658902E+00
%  0.197047598495954E+01 -0.776496523980574E+00  0.430096834890152E+00
% -0.119609946311707E+01 -0.288619760212196E-01  0.422072820915970E+00
% -0.886595895665779E+00 -0.749857926100960E-01 -0.106944088178289E+01
%  0.988792330164742E+00  0.723874686355022E+00 -0.485537332279089E+00
%  0.595602622787414E+00 -0.776677428519894E+00 -0.258576072008786E+01
%  0.114524736411659E+01 -0.235824278500391E+00 -0.688048947199227E+00
% -0.191122258413808E+00  0.103156761740084E+01  0.172816121082405E+00
% -0.227627970707427E+01  0.367687181981317E+00 -0.169376193735752E+00
% -0.128918715933109E+01 -0.457088840759695E+00  0.244593387952070E+00
%  0.295411266724323E+00  0.231590681110245E+01  0.118627772399312E+01
% -0.732395029636179E+00  0.166121410417707E+01  0.144447819310415E+00
% -0.309548954337025E+01  0.352426960814793E+01 -0.106249935253635E+01
% -0.120292628229390E+01 -0.198929835202385E+01 -0.912462095970412E+00
%  0.644344206314915E+00 -0.140968390575838E+01 -0.552128609232557E+00
% -0.146496246742239E+01 -0.138351998118420E+00  0.106160291362808E+01
% -0.637798506989462E+00  0.116191015861227E+01  0.295993051684145E+00
%  0.979929857901918E+00  0.118739948731110E+01 -0.119338921574673E+01
%  0.839547174174547E+00 -0.551470233913208E-01  0.384336549952766E-01
%  0.836375637592233E+00  0.153580351355997E+01  0.303445897184042E+00
% -0.174180976564720E+01 -0.730215722222817E+00 -0.298875994994178E+00
% -0.150566916628192E+01  0.151988418340306E+01  0.310210650194973E+00
%  0.135765373336271E+01 -0.195232116585582E+01  0.683664551170847E+00
%  0.972095742986125E-01  0.111911728644871E+01  0.151044846579783E+01
%  0.423414565941078E+00  0.178087204440950E+01 -0.282953914414866E+00
%  0.189159013467746E+01  0.744095765074765E+00 -0.139895074837568E+01
%  0.359088442594034E+00 -0.424799811118410E+00  0.134585583418314E+01
%  0.121480566789248E+01  0.984194515673541E+00 -0.485290883006342E+00
%  0.188600733305684E+01 -0.151450753166257E+01  0.326027763292998E+00
%  0.417744896884178E+00  0.307548535613612E+00 -0.167936145409584E+01
%  0.901222070814377E+00 -0.231378864894699E+01 -0.293584943394114E+01
%  0.197830104744216E+01  0.775990334021809E+00 -0.684982292466933E+00
%  0.202188634569469E+01 -0.158028923863972E+01 -0.145255911682514E+01
%  0.146005273481879E+01  0.361022269287296E+00 -0.385898056694050E+00
%  0.115959374830933E+01  0.134645915686466E+01 -0.532358541202274E+00
% -0.229778840503093E+01  0.101760157176146E+00  0.911658506169650E+00
%  0.208196234718602E+00  0.602342669951562E+00  0.569267131441903E+00
%  0.635142853705340E+00 -0.999919694255301E+00 -0.169942864406055E+01
% -0.556407492496833E+00 -0.550760894419438E+00 -0.732858937619090E+00
%  0.150846582220618E+01  0.522207167898143E+00  0.836492409167592E+00
%  0.194973275899137E+01 -0.122598636342458E+01  0.371037873765579E+00
%  0.908266664929645E+00 -0.243538443773308E+00 -0.896516517230580E+00
%  0.133188636271907E+02 -0.582811687670445E+01  0.143336224873606E+02
%  0.727311876514915E+00 -0.272009149374632E+01 -0.202205072239935E+01
%  0.722236790199062E+00  0.188283407675652E+01 -0.303135753747068E+01
% -0.102614200824841E+01  0.397993806840289E+02  0.229029563453093E+02
% -0.145967256169639E+01 -0.830021961301578E+00  0.144370680501681E+02
%  0.107251883758962E+02  0.962117030217154E+00  0.108701455358557E+02
%  0.126176799100023E+02 -0.408199241169758E+01  0.549231204200902E+01
% -0.631798144047224E+01  0.982992893985549E+01  0.576843378407796E+01
% -0.145845752169803E+01  0.312376209085346E+01  0.199163238382180E+01
%  0.965884754539922E+00  0.844755100546500E+00  0.879269430706214E+01
%  0.215378624824872E+02  0.135219915330237E+00  0.322201058383612E+02
%  0.174044532590055E+02  0.219451888816465E+02 -0.897631839478051E+00
%  0.623012043399246E+01 -0.298173166577049E+02 -0.948704795279453E+01
% -0.328178697027729E+00 -0.166902424090122E+02  0.368457242585208E+02
%  0.141336087650526E+02  0.962913897295344E+01  0.272009895045515E+01
% -0.168948385071873E+02  0.460406468148387E+02  0.394393511599115E+02
%  0.119054191220568E+01  0.148905015633965E+01  0.125724433277549E+02
% -0.537167421558273E+01  0.631443960784556E+01  0.101667451995649E+02
% -0.382782804311850E+02 -0.372682056767751E+02  0.146799053001659E+02
% -0.509577827287397E+01  0.252990972829291E+01 -0.675499387792383E+01
%  0.380131959091138E+02 -0.386327369562618E+02  0.177612694837302E+02
%  0.222979193646082E+01 -0.770996887844911E+01 -0.265763949901058E+01
% -0.180110842394773E+01 -0.494460160196802E+01 -0.884424404112560E+01
%  0.325983508856970E+01  0.461146845772743E+01  0.280249655431555E+01
% -0.291930379518425E+01  0.114271714383277E+02 -0.102837270782519E+01
%  0.288359964215836E+01 -0.262889180773362E+01  0.127814691095171E+01
%  0.158302891387450E+01 -0.194558671991271E+02 -0.154976055769828E+02
%  0.576391251166345E+01 -0.162229958545550E+02 -0.209234048981968E+02
% -0.563377558581859E+01 -0.155208560489675E+01  0.767581223998510E+01
%  0.792113523753531E+01 -0.107184323437385E+02  0.584903344523284E+01
% -0.569692397008398E+01 -0.278092113483942E+02  0.582230482894606E+01
%  0.284668942014625E+01 -0.463302646126026E+01 -0.376723034815683E+00
% -0.291818403872955E+01  0.104404290273540E+02 -0.429365989172638E+01
% -0.335799777527159E+01  0.705146039191542E+01  0.872691320601191E+01
% -0.184195711777293E+02  0.282781143383000E+02  0.165163694371405E+02
% -0.937181334551813E+00 -0.235279685230849E+01  0.135887022533913E+01
% -0.167776393563220E+01  0.777377151719856E+02 -0.105567862497293E+01
%  0.357705951624544E+01 -0.952576131638237E+01 -0.183901346531028E+02
%  0.606615272044678E+01 -0.283456046353937E+00 -0.143302394550450E+01
%  0.283985440587350E+01 -0.536455158869979E+01  0.565058338288267E+01
% -0.236007434637752E+01 -0.670671022672500E+01  0.365803813528016E+01
%  0.582885105280552E+01  0.300482162191571E+01 -0.442886529158373E+01
%  0.796787678925307E+01 -0.758266586177705E+02 -0.897267765443213E+00
%  0.820378610801166E+01  0.448119444697874E+01  0.575341399494883E+01
% -0.738025247338135E+01  0.113266421088550E+02  0.151248861850257E+02
% -0.114802033428762E+02  0.348618223833906E+02 -0.124432149641563E+02
%  0.108665354674486E+00  0.198183871767885E+02 -0.423321671624372E+01
%  0.103427981195567E+02 -0.571797900535103E+01 -0.292202373054613E+01
%  0.562699454084615E+01 -0.830809198402377E+01  0.805766677898512E+01
% -0.368443538552068E+02  0.735531219011981E+01 -0.427515433550287E+02
%  0.157630607971193E+01  0.393073199621150E+01 -0.231245739699205E+01
%  0.143799651659427E+02 -0.380164655757003E+01 -0.156774454266173E+02
%  0.455530076234609E+01  0.420560321731112E+02 -0.189882381196678E+02
%  0.172446358422175E+02 -0.285224956842011E+02  0.248210753312142E+02
%  0.201027750257142E+02 -0.111456866414093E+02  0.133441500307185E+01
%  0.150096329403408E+02  0.644149871820670E+01  0.279786651216225E+02
% -0.269851164809248E+01 -0.108014546057117E+01  0.367760246811334E+01
%  0.464429659654199E+01 -0.170455035178503E+02 -0.136003099138361E+01
%  0.695406706859292E+01  0.798022976213625E+01  0.520161605384047E+01
% -0.456804106754851E+01  0.567689423940490E+01 -0.273759643710298E+01
% -0.125776944292241E+02  0.152108073096924E+02  0.387885060523661E+02
%  0.277057438875548E+01  0.513110626159739E+01 -0.684511979840145E+02
% -0.190160045794524E+02 -0.106111215167825E+02  0.737918393727502E+01
%  0.185657114951657E+01  0.896744847609104E+01 -0.298965357191169E+01
% -0.119208009693219E+02 -0.302515225394154E+02 -0.150520490972311E+02
%  0.515884713022902E+01 -0.128404962781316E+02 -0.246188484552041E+01
% -0.843026888703535E+01  0.581455249890922E+01 -0.536536403696712E+01
%  0.223319180199087E+02 -0.422018137296352E+01 -0.895763820399652E+01
% -0.463373026176171E+01  0.178489541839827E+01 -0.109404386979720E+01
% -0.123609902104540E+02  0.866755683023015E+01 -0.115790479423271E+01
%  0.358110506387261E+00  0.996371777154564E+01 -0.610527946587167E+01
% -0.680098192246494E+01 -0.938378361840207E+01 -0.196101758323807E+02
% -0.253574451541836E+02  0.119571175990134E+01 -0.126653262143924E+02
% -0.254320675100656E+02  0.170754726470561E+02  0.184223091661738E+02
%  0.627872279133318E+01 -0.236114033512930E+02  0.634323704538309E+01
%  0.139943001606411E+02  0.304468562703032E+01 -0.122904203104913E+02
% -0.111982204738796E+01  0.249840897891792E+02  0.344258151474277E+01
% -0.724133928908681E+01  0.324862850061560E+01 -0.572004533583410E+01
%  0.136152491612862E+01  0.219327416154187E+01  0.147419479661904E+02
%  0.177387864193120E+02  0.331373087108132E+02  0.267856688422092E+02
%  0.990608104398571E+01 -0.622625558207648E+01 -0.466538928411243E+01
% -0.800920534357221E+01 -0.900685885589255E+01  0.166107389993980E+01
%  0.727739078446796E+01  0.537960284392652E+00 -0.496132509383995E+00
% -0.189897221634809E+01 -0.212961641685175E+01 -0.125363483683891E+02
%  0.113558026994762E+02  0.129497814338945E+02 -0.760558037712523E+00
%  0.106841023769862E+02  0.943160298776417E+01  0.287205681302994E+01
% -0.774486453721470E+01  0.196949487550410E+01 -0.266769819885840E+00
% -0.147756939701930E+02 -0.263394215493424E+02 -0.632403328822613E+01
%  0.297992282051225E+00  0.407070649973249E+00 -0.413886464270050E+01
%  0.354144559568866E+01 -0.194273254698830E+02 -0.303453613637280E+01
%  0.434912264194892E+01  0.586573435564349E+01  0.385849076670094E+01
% -0.530578748016530E+01 -0.221169749304250E+02 -0.174712144482845E+01
%  0.526903175195798E+00 -0.364986560148738E+01 -0.135653218076388E+01
% -0.187812753745593E+01  0.596216908885297E+01 -0.118985659167042E+02
% -0.158222141673751E+02  0.832399407545066E+01  0.179106307505209E+02
%  0.275634461600164E+02  0.872287362575897E+01  0.348300585217459E+02
% -0.852635742209298E+01 -0.332883483498776E+01 -0.121936073111104E+02
%  0.139953688508115E+01 -0.176580614740671E+02 -0.216781877808441E+02
%  0.170539973332648E+01  0.522946766583595E+00 -0.276879379332664E+01
%  0.509095418501534E+02 -0.731856531813940E+02  0.707470422686865E+02
% -0.113770960656236E+02  0.113893759191583E+02  0.106901217753147E+02
% -0.289598406526045E+02 -0.135044124869261E+02 -0.111050452619645E+02
% -0.257244954698911E+01  0.114060245764547E+02  0.275365508382024E+02
%  0.325527324626904E+02 -0.106484495454561E+02 -0.404265106142636E+02
% -0.196675171907677E+02  0.137394886308559E+02 -0.386821097726057E+02
%  0.187729337624258E+02  0.379076730954112E+02  0.199782371439632E+01
% -0.106275600288054E+02 -0.641440362774257E+01  0.174726687048623E+01
% -0.766985319712555E+01 -0.223882052874849E+01  0.484267661082421E+01
%  0.193958918310176E+01 -0.628711900662447E+01  0.138689212947474E+02
%  0.618425403010611E+01 -0.938190206239515E+01 -0.430013342523717E+02
%  0.523658517654868E+02  0.121674470721140E+02  0.821059673177817E+02
% -0.230005449805144E+02 -0.534847045929795E+00 -0.262171119191701E+01
%  0.117546580002789E+02 -0.427070280091367E+01  0.708122513494636E+01
%  0.617214228732063E+01 -0.155759222040162E+02 -0.455385932746566E+01
%  0.661616935711320E+00 -0.298794247994376E+00 -0.273485396110441E+00
% -0.496231830607537E+01 -0.390264655333478E+01  0.178360368319090E+02
%  0.380872252824040E+02  0.347756628393740E+02 -0.330255816598861E+01
% -0.520599571939881E+01  0.510210360123030E+02  0.488113706765217E+02
%  0.189874383627921E+02 -0.443206524826950E+01  0.339177819441668E+01
% -0.170078837255045E+01  0.332375320569675E+01  0.395381660423765E+01
% -0.198425993389763E+02 -0.312472921527779E+02 -0.122761997315958E+02
% -0.301195301199278E+02  0.900557696053017E+01 -0.134958495378301E+02
%  0.134578228685067E+02 -0.922337029293251E+01  0.127504786509411E+02
%  0.159008764965759E+01 -0.785976801348017E+01 -0.938370645972937E+00
%  0.196566762372080E+02 -0.173877058474853E+02  0.129177582255412E+02
%  0.258964943771759E+02  0.520802724905708E+02  0.264733020077184E+00
% -0.432199182751672E+01 -0.170239259080257E+01 -0.154139574602818E+02
% -0.166135540339340E+02  0.536511253695897E+01 -0.136897056806933E+02
%  0.280189993454016E+01 -0.261637238402201E+02 -0.273784768371629E+02
%  0.497087270481744E+01  0.834823247532372E+01 -0.384351749858087E+01
%  0.774337660038199E+01 -0.250459637478897E+01  0.981808054164485E+00
% -0.126746884991580E+02 -0.183323370449299E+01  0.126266282719329E+02
% -0.805941189300674E+02  0.728159922052989E+02 -0.620929879681024E+02
% -0.233005705342684E+01 -0.175168775967172E+02 -0.164383863641668E+02
% -0.979909250205049E+01  0.245141501951226E+01 -0.413544166989726E+01
%  0.172848329153598E+02 -0.194080385252121E+02  0.208140566351528E+02
%  0.465533697449116E+01  0.103688909215040E+02 -0.240954140684876E+02
%  0.178749125666151E+02 -0.386344067710004E+02  0.437244784080596E+02
% -0.837444836454704E+01 -0.100710190309594E+01 -0.386057372437888E+01
% -0.130083817436082E+02  0.380782131388486E+02 -0.285616835257100E+02
%  0.513965436904680E+01 -0.101611911850640E+02  0.215070972065610E+02
% -0.329518335990481E+00  0.289631021654547E+02 -0.118256301436957E+02
% -0.472068575491083E+00  0.853719719758339E+01  0.152762109649711E+00
%  0.235568170754749E+02  0.247660544171164E+02 -0.507662005591980E+01
%  0.462915120549216E+01 -0.941567703005872E+01  0.724163159856866E+01
% -0.118914022937901E+02  0.271718113341795E+01  0.633730935988990E+00
%  0.925928306266790E+01  0.979197514640955E+01 -0.203666494724819E+01
%  0.454623613886120E+01  0.326410448102922E+02 -0.191873399082634E+02
% -0.572947436689765E+01  0.189345138211128E+01  0.321801264708426E+01
% -0.597629411581920E+01  0.130726073518437E+02 -0.103393399084912E+02
%  0.497831828291438E+00 -0.153575098933114E+02 -0.102509705412095E+02
% -0.935929263903545E+01 -0.891354228618650E+01 -0.110908019047458E+02
%  0.293345216239215E+02  0.208118497161699E+02 -0.980115559705830E+01
%  0.235796525489267E+02 -0.121046487909518E+02  0.367860081993869E+02
% -0.147206538152460E+02  0.419213176283301E+02 -0.197833314862376E+02
%  0.132614653066399E+02 -0.169019379109044E+02  0.916173848951962E+01
%  0.229561301118969E+02 -0.608905718593353E+02 -0.676073213160582E+01
% -0.288213671136524E+01  0.873319606771336E+00  0.223348235458771E+02
% -0.297913994605772E+01 -0.112593449511312E+01  0.139750092164964E+02
%  0.122974588709523E+02 -0.193175382747983E+01 -0.241134359450863E+02
%  0.309863843288711E+01  0.439608516182969E+02 -0.119024016719602E+02
% -0.381983162986223E+01  0.162371602584498E+01  0.855124600428095E+01
% -0.335353344221215E+01 -0.296779245307754E+02 -0.100435246017915E+02
%  0.134643537345786E+02  0.728234796364864E+01  0.199018004565663E+02
% -0.130875181302924E+01 -0.207023291399166E+02  0.129210286130155E+02
%  0.552454747007600E+01 -0.136330328568085E+02 -0.949598378572336E+01
%  0.271743460600249E+02  0.137592639441535E+01  0.103263301228718E+02
% -0.312405400163268E-01 -0.548323876207441E+00 -0.319153088440325E+00
%  0.277032805243988E+02 -0.111658132174286E+02 -0.344418791979700E+02
% -0.937490969169436E+01 -0.522503127693554E+01 -0.144330574273898E+02
% -0.593929326466887E+01 -0.162851664660497E+01  0.197115907243371E+01
% -0.130976821836443E+02 -0.528317461285933E+01 -0.342035259338038E+02
% -0.191572735864727E+02  0.472744988070561E+01 -0.283345357718011E+02
%  0.472348132020174E+01 -0.807240164934145E+01  0.190916400536968E+02
% -0.867742803305397E+01  0.336477185155964E+01  0.162235994222281E+02
%  0.899643123792612E+01  0.484535375716052E+01 -0.468389714648561E+01
%  0.255097940737574E+02  0.236271181647754E+02  0.120608605428239E+02
% -0.381793264702237E+01 -0.132479912495182E+02  0.523271656564912E+01
% -0.324406712319257E+02  0.224689524647578E+02  0.146432654852883E+02
%  0.271034241369360E+01 -0.799910377191174E+01  0.208870750155036E+01
% -0.543837959056283E+02  0.275661557183128E+02  0.217826465163410E+02
% -0.251533822429911E+02  0.401123370940591E+02  0.295556978998025E+02
% -0.574579441702807E+01 -0.597886883746422E+00 -0.943400957607552E+01
% -0.200815095467475E+02 -0.176968715474072E+01  0.158800656281465E+02
% -0.579805538990832E+02 -0.145799163489941E+02 -0.744679342429669E+02
%  0.305645336079014E+01  0.186957617657658E+01  0.153686972619973E+01
%  0.861769808157681E+00 -0.145419374711759E+01  0.269087477477020E+01
%  0.346863087543084E+01 -0.142962651008422E+01 -0.110128067908147E+01
% -0.297829025988636E+01  0.136792821040214E+01  0.253676895171190E+01
% -0.706541986666215E+01 -0.173935742721047E+02 -0.245503262561462E+02
% -0.188131941340098E+02  0.857204679979870E+01 -0.244791999791741E+02
% -0.588523416603703E+01  0.235355150003570E+02  0.200980022860497E+02
% -0.210203829056197E+02 -0.412316755831802E+01  0.132666177485897E+02
% -0.233605708345340E+00 -0.570414752013452E+01 -0.218857679238275E+01
%  0.548711861122993E+01 -0.151147843531586E+01  0.104518781201746E+02
% -0.137683851245207E+02  0.749622091649152E+01 -0.688828386224456E+01
% -0.565133991655296E+01  0.271421929678495E+01  0.205724743240973E+02
% -0.235025317485035E+02 -0.266469846600294E+02 -0.168042547795919E+02
%  0.560324395430674E+01  0.248704316771062E+01 -0.729341181808356E+00
% -0.366915144064410E+01 -0.692380083818835E+01  0.322729542036449E+01
% -0.145527207216550E+02 -0.180747907963988E+01 -0.271374915389003E+02
%  0.562420223432542E+00 -0.196274236504151E+01  0.377773193752457E+01
%  0.127151162214983E+02 -0.122235043105281E+02  0.177217239681285E+01
%  0.139128947711090E+01 -0.862804990342526E+00 -0.135893960775007E+02
% -0.253554689535091E+00  0.996351715080341E+00 -0.192300646828094E+01
%  0.202438177544269E+01 -0.107180419305653E+01 -0.654461338180642E+01
% -0.892018973792956E+01 -0.190044874833541E+02  0.240589123769051E+01
% -0.608723833806658E+00 -0.781872567505041E+00 -0.895156445507728E+00
%  0.254093592562858E+02 -0.355770415579848E+01 -0.163546000965213E+02
% -0.858862098629828E+00 -0.850060881377953E+02 -0.297593391293503E+01
% -0.978063376467681E+01 -0.375870927730775E+02 -0.306797537823206E+02
%  0.540198146305785E+00  0.395032033524547E+01  0.423133125979993E+01
%  0.320966964336654E+01  0.190812948239300E+02  0.474686993784471E+01
% -0.219811356674912E+01 -0.447880102352991E+01  0.646923928013642E+01
% -0.506901948619118E+01 -0.377734999934431E+01 -0.154264746374140E+01
% -0.879438399415764E+01  0.140939423625108E+02  0.201926417561270E+00
%  0.121035123835450E+02  0.107009433733308E+02 -0.359359870911180E+00
% -0.238261113138908E+02 -0.881204418105690E+01  0.122006575206447E+02
%  0.436699586209631E+01  0.628058239801543E+01  0.412905234241780E+01
% -0.198735039971227E+02 -0.250302535432891E+02 -0.195616886536169E+02
% -0.204206720974693E+01 -0.107265970441339E+02  0.400321010526556E+01
% -0.208135785265596E+02 -0.275339349367267E+02  0.362466896623722E+01
% -0.460657189637738E+01  0.563531509341904E+01 -0.105236863088093E+02
%  0.407073287257587E+02  0.299390561570396E+02 -0.782022340815342E+01
%  0.183332572557703E+02  0.169806133343446E+02 -0.136604654743688E+02
%  0.173487589239832E+02  0.980193614004542E+01 -0.132475725044237E+02
%  0.943289354756043E+00 -0.850679238233858E+01  0.179779730061011E+01
% -0.143294317854370E+02 -0.377417349218063E+02  0.131257961958448E+02
% -0.160001789770874E+02 -0.114226969971538E+02  0.205633342172968E+02
%  0.142692982756878E+02 -0.495437975734604E+02 -0.522845050005731E+02
%  0.338424993306175E+00  0.237276207480294E+01 -0.180114613677053E+01
%  0.368992069405532E+02 -0.299887266663401E+02 -0.189443983536012E+02
%  0.117197230185370E+02 -0.255396787714831E+00 -0.526259929511000E+01
%  0.115227581691636E+02  0.152303868758001E+02  0.294709232475804E+01
% -0.288769582723808E+01  0.633111755563861E+01  0.651958936316908E+01
%  0.163823310889793E+02 -0.668281123925045E+00 -0.141800848171348E+02
%  0.147607530574480E+02  0.373910942331557E+02 -0.180016869545016E+02
% -0.286817518993964E+02  0.402984896548514E+02  0.206294559526498E+02
%  0.107394033266055E+02 -0.198101270995757E+02 -0.153890331496347E+02
% -0.720951769553956E+01 -0.735508193649800E+01  0.788210809207390E+01
% -0.344454749293952E+01  0.451189067251263E+01  0.207252614860673E+02
%  0.329425245966645E+01 -0.147394575447833E+02 -0.177340222840776E+02
%  0.638979180321185E+01  0.101228755262260E+02  0.577447508251080E+01
%  0.360792707186150E+01  0.185538735301735E+02  0.312521345089118E+01
%  0.174948286701974E+02  0.714258303339187E+01 -0.111112630639521E+02
% -0.135124054177606E+01 -0.347021949923470E+01 -0.885239092551618E+00
% -0.187000019326824E+00 -0.194375124821378E+01  0.815309807603423E+00
%  0.210536211454262E+02  0.158933211587514E+02  0.313120309520673E+02
% -0.852803356214913E+01 -0.307603132367988E+01  0.885184637596240E+00
%  0.142083935819312E+01  0.117716973216345E+02  0.146046081653414E+01
% -0.147483441282723E+02 -0.111445290199834E+02  0.227012429147201E+01
%  0.375661466575144E+01  0.132731858115773E+01  0.515870094435410E+01
% -0.337629521060810E+02  0.444472148002129E+01 -0.160087101429491E+02
% -0.267345573645309E+02  0.920726486647954E+01  0.508936857317541E+02
% -0.598165530860892E+01 -0.396287602780282E+01 -0.157837315569919E+01
