% T    256  0.715122828077254E+01  0.715122828077254E+01  0.715122828077254E+01
   0.262590664584821E+01  0.111787264683356E+01 -0.170076966283228E+01
  -0.760269107999737E+00  0.253129070747424E+00 -0.209929081240558E+01
   0.303267894191960E+01 -0.232580495040996E+00 -0.179459555966942E+01
  -0.333507463207142E+01  0.282598859125008E+00 -0.125009988378566E+01
   0.311912145508487E+01  0.147911895802619E+01  0.348616646042886E+01
  -0.237047046899234E+00 -0.229247051684896E+01 -0.212363376959734E+01
   0.310688987691900E+01  0.141472944602627E+01  0.410641146072087E-01
  -0.165358475306763E+01  0.161407021521207E+01 -0.566734679321776E+00
   0.283696316602112E+01  0.243384486546213E+01 -0.115499308933936E+01
  -0.540720042631969E+00  0.257954758619828E+01  0.110950811156371E+01
   0.342517704056077E+01 -0.126565081970708E+01 -0.317639405348676E+01
  -0.307378066546188E+01  0.344008748535011E+01  0.153133409471884E+01
   0.307739071516810E+01  0.237932839453690E+01 -0.344844542461794E+01
   0.933466047368532E+00 -0.167174144162261E+01 -0.330383578353345E+01
  -0.258151768634990E+01 -0.191779875630617E+01  0.221967995945131E+01
  -0.127439831775620E+01  0.347477667877789E+01  0.983888116991528E+00
   0.206666841682065E+01 -0.983019475192076E+00  0.854345997582910E+00
  -0.174568180391591E+01  0.329564500134062E+01 -0.129887280083789E+01
   0.325878469633247E+01 -0.144495368464254E+01  0.119607944959721E+01
  -0.262380970430760E+01 -0.572752117810921E+00  0.420246737777576E+00
  -0.185608983940627E+01  0.231098384355717E+01 -0.141100954895770E+01
  -0.251105776892582E+01 -0.274437898877392E+01  0.114966844887455E+01
   0.284063756402633E+01 -0.167355963927597E+01  0.232983458228741E+01
  -0.110539861558266E+01 -0.232798658889722E+01 -0.158766714940970E+01
   0.184586018779240E+01 -0.227528855426008E+01  0.629484145979031E+00
   0.146728592644331E+00 -0.782156507078911E+00  0.234561753434056E+01
   0.321406917873183E+01  0.318882739151126E+01  0.309127217403092E+01
   0.493274526124042E+00 -0.173044114051557E+01  0.245592298325727E+01
   0.390005901425928E+00  0.180344588900287E+01  0.270545676336664E+01
   0.182584850756370E+01  0.748052124596455E-01 -0.235049487620866E+01
   0.112871693973422E+01 -0.252227078338921E+01 -0.163914330995923E+01
   0.222637435199712E+01  0.744591062683832E+00  0.264478696880830E+01
   0.181819696042491E+01 -0.349901324042160E+01 -0.324847517172504E+01
  -0.124021738921462E+01 -0.573755575270860E+00 -0.164308394810267E+01
  -0.325123203724161E+01  0.254161442323086E+01 -0.125925184726955E+01
   0.851231629547514E-01  0.127261685958014E+01  0.368451069794499E-01
   0.335535488578775E+01  0.356019337070399E+01 -0.111178553336904E+01
  -0.549939339364463E+00 -0.143872294647019E+01  0.622202024971283E+00
  -0.323867261870738E+01  0.224059507674618E+01  0.192225877125761E+01
  -0.879568301541538E+00 -0.330190060943791E+01 -0.128858145998259E+01
  -0.987484878887791E+00 -0.711989720010939E+00  0.329500975962885E+01
   0.222600105230354E+01 -0.301374471441764E+01 -0.570396037566607E-01
  -0.158628021808657E+01  0.429781135912563E+00 -0.267636838131427E+01
  -0.489723846473790E+00  0.246989423983574E+01 -0.775681788527712E+00
  -0.249930985638858E+01  0.241463817220044E+01  0.114666424596983E+01
   0.962979125664184E+00 -0.179339411029395E+01  0.154820201748218E+01
  -0.283679067811181E+01  0.187669088150162E+01  0.371468746446101E+00
   0.239261481187242E+01  0.173277293871972E+01  0.187879161296932E+01
   0.293460608351136E+01 -0.453368779869822E+00 -0.311409771673866E+01
  -0.241768672467732E+01 -0.319904951665587E+01 -0.210440541002104E+01
  -0.778823027307216E+00  0.312422610443703E+01  0.280279677216548E+01
  -0.205110859129692E+01 -0.290733408304016E+01 -0.105431307788680E+01
   0.297023767735694E+01 -0.486079381890882E+00  0.109804374886930E+01
   0.340999080900198E+01  0.224890131469553E+01 -0.389147914222537E+00
   0.101737702512819E+00  0.137145230227774E+01 -0.261264757045675E+01
   0.167979581829874E+01  0.338522661252472E+01  0.104240636580564E+01
   0.142467399121275E+01  0.631472786723559E+00 -0.134770304247418E+01
  -0.251849810887625E+01 -0.142532425728214E+01  0.345594422992274E+01
  -0.214882976741977E+01 -0.192357572381375E+01 -0.562966705761552E+00
   0.194177130525430E+01 -0.165142116574810E+01  0.189109499213746E+01
   0.579021876554547E+00  0.308422125807307E+01  0.314263245166116E+01
  -0.179106822079393E+01  0.335898653606099E+01 -0.367113663123553E+00
  -0.163101135744047E+01  0.287637038131228E+01 -0.238818862339738E+01
   0.315649151696514E+01  0.237791756782990E+01 -0.224599166359891E+01
  -0.331777268277337E+01 -0.332936259426665E+01  0.350158348817321E+01
   0.139583937644460E+01 -0.778582379903490E+00  0.195813145546872E+01
  -0.159732575769919E+01 -0.119234451918586E+01  0.132893250554888E+01
  -0.478450626130190E+00  0.204958825721355E+01  0.236636886290676E+01
  -0.488053727023517E+00  0.158990626179878E+01  0.335551440763422E+01
  -0.299642099823344E+01 -0.289012051716038E+01 -0.890420849112344E+00
   0.598980453878222E+00  0.191538133262213E+01 -0.730584144020358E+00
   0.895545046658024E-01 -0.276374604351558E+01 -0.129499130223574E+01
  -0.326409598284689E+00  0.203028844126883E+00  0.395375639907719E-01
   0.788179404243862E+00  0.284973959989125E+01 -0.832388909935188E+00
   0.306385349250479E+01 -0.188933495216476E-01  0.303863760436357E+01
  -0.201326185020686E+01 -0.811762310627612E+00 -0.724789623534478E+00
  -0.261461484780943E+01  0.206701715399312E+01 -0.731868091525858E+00
   0.235744649568417E+01  0.356866836238370E+01  0.183511868186059E+01
   0.239624218028493E+01  0.333155102957587E+01 -0.155958744554168E+01
   0.202413040830862E+01 -0.299306014250701E-01  0.160592276447979E+01
   0.304955326947644E+01 -0.277086144203346E+01 -0.160097916811606E+01
   0.960593114462440E+00  0.102222389521330E+01  0.302801710736911E+01
   0.286936647897748E+01  0.286946731605985E+01  0.125250023729799E+01
   0.317811439419792E+01  0.320542531087010E+01  0.214895151674590E+00
  -0.257346682783270E+01  0.805640006693593E+00 -0.295601249467942E+01
   0.239335609396657E+01 -0.680321198662116E-01  0.510830162226572E-01
  -0.299678650196100E+01  0.581832071331260E-02  0.283253354599193E+01
  -0.193869449911128E+01 -0.404010469343163E+00  0.304026931704051E+01
   0.144920804011553E+01 -0.139839763254320E+01 -0.100857442216554E+01
  -0.189339032548593E+01 -0.218257412452006E+01 -0.315482404845764E+01
   0.316081693322813E+01 -0.337774516800524E+01  0.121021162774118E+01
   0.293213989662142E+01  0.242261559662816E+01  0.259997348798288E+01
  -0.719322461501467E+00  0.256035584209327E+00  0.145180067289967E+01
  -0.264233856385303E+01  0.247042300125340E+01 -0.210862196938982E+01
  -0.837942824875539E+00  0.146627378453386E+01  0.134311980142254E+01
  -0.103874999248271E+01  0.398075386859494E+00  0.312308693167025E+01
  -0.179999762338210E-01  0.709141529782190E+00  0.308384685384017E+01
   0.138040158350469E+01 -0.614971010994873E+00  0.315600776363395E+01
   0.347312603908824E+01  0.413278230383872E+00 -0.183485181657024E-01
  -0.182904673258842E+01  0.314401652645531E+01  0.171971505101968E+01
   0.433034275969499E-01  0.115798140696570E+01  0.167429341143571E+01
  -0.275371235350973E+00  0.263865097914192E-01  0.234478147038895E+01
  -0.168957640934515E+01 -0.270006906261221E+01  0.218165656669294E+01
  -0.122100413871113E+01  0.239435494984028E+01  0.352592285378975E+01
  -0.352125043374690E+01  0.126568673106057E+01 -0.706857990231238E+00
   0.193168183133997E+01 -0.223458527649375E+01 -0.109160010420090E+01
  -0.234499049254069E+01  0.342557015780299E+01 -0.318496888600863E+01
  -0.338308423129353E+01  0.161352933159290E+01 -0.176178975387113E+01
  -0.231162437772203E+01 -0.836042164118202E+00 -0.277781262216956E+01
  -0.248806003375585E+01  0.921651485563478E+00 -0.558384274764061E+00
   0.110829237781363E+01 -0.142011008934868E+01  0.494937877570045E+00
  -0.140378721756034E+00  0.129666360251678E+01 -0.149243892119252E+01
   0.273723789302302E+01 -0.232447465013759E+01  0.149410842732316E+01
  -0.397750740141319E+00 -0.257919005084517E+01  0.310083858273476E+01
   0.720983953742601E+00  0.124550354837933E-01  0.333977384943295E+01
  -0.328359818670629E+01 -0.533087502493981E-01 -0.280435649783502E+01
  -0.333921238985498E+01 -0.706997601890466E+00 -0.173027305710761E+01
  -0.602420210691526E+00  0.133724775986747E+01 -0.674202781865163E+00
  -0.130152545056288E+01 -0.199835810044297E+01  0.300270231787229E+01
   0.223932396094752E+01 -0.236458322488572E+01 -0.217465959985110E+01
  -0.913022969671700E+00 -0.244448685656040E+01 -0.318291997178231E+01
   0.473606258641983E+00  0.223935612127469E+01 -0.335971660218461E+01
  -0.300137043005758E+01  0.294475531254375E+01 -0.956626957173759E-01
   0.101998102844222E+01 -0.203135256522630E+01 -0.243520375445076E+00
   0.126456295694073E+01 -0.345091977491304E+01 -0.114844646101518E+01
   0.124412431809024E+01 -0.305563937938240E+01 -0.255908652580699E+01
   0.230457996189285E+01  0.105351301046389E+01  0.445700742578951E+00
   0.158504792032808E+01  0.683369571096528E+00 -0.346214182750478E+01
  -0.223523404186125E+00  0.256959891418555E+01 -0.249371508978964E+01
   0.323224533510140E+01 -0.300579600924131E+01  0.218766647053917E+01
   0.678402758602570E+00  0.327434158403572E+00  0.219090899691004E+01
  -0.327639151713574E+01  0.793783530885847E+00  0.320201351988517E+01
   0.128286009825652E+01 -0.326568687629632E+01  0.206228685984453E+00
   0.340632722305391E+01  0.575008737865339E+00 -0.213777942435549E+01
  -0.534225095105097E-01  0.321180428981872E+01 -0.152052852580926E+01
   0.230700050556435E+01 -0.131671210241711E+01 -0.203875715449552E+00
   0.145122827053634E+01 -0.158632231085325E+01 -0.207992335147836E+01
   0.606032069077889E+00 -0.299619856924512E+01 -0.475480721764747E+00
   0.164395061975961E+01 -0.242889005608641E+01 -0.318981741365780E+01
   0.110637110715724E+01  0.302233685063774E+01  0.175206474846111E+01
  -0.243817505019285E+01 -0.212747904037388E+01 -0.164686182707602E+01
   0.269460575883803E+01 -0.130733845880352E+01  0.327665557942625E+01
  -0.241675688952796E+01 -0.257830511335743E+01  0.649612030058708E-01
  -0.120451453549869E+01  0.944201690688860E+00  0.292773838301470E+00
   0.267511660564586E+01  0.317579405777491E+01 -0.275087331061231E+01
   0.153000253153194E+01  0.258926805211793E+01  0.341903366484020E+01
   0.201825930392923E+01 -0.472303554632050E+00 -0.118535685902377E+01
  -0.154223830494140E+01 -0.259125980016887E+01  0.702875748746185E+00
  -0.174458415229483E+01 -0.120469528650331E+01  0.246862700776290E+01
   0.119862611802675E+00 -0.228124711499028E+01 -0.310823054053961E+01
   0.303860646584380E+01  0.177678126086705E+01  0.109427309554836E+01
  -0.236138081231742E+01 -0.109338371849027E+01 -0.188215829766874E+01
   0.341460843370062E+01 -0.606492720207908E+00 -0.434191170385639E+00
  -0.265736942055384E+00 -0.238977404049361E+01  0.958102301828970E+00
  -0.102365686011566E+01 -0.349691789571018E+00  0.538732763370596E+00
   0.851389054716910E+00 -0.466165857546853E+00  0.572952559876247E+00
  -0.411176751732883E+00  0.269670511269696E+00 -0.110028611709102E+01
  -0.183014001552996E+01 -0.317926869827927E+01  0.331350409578431E+01
   0.282029583515970E+00 -0.103150910925729E+01 -0.111137021940603E+00
   0.294903481994745E+01 -0.181410322060831E+01 -0.206579262688036E+01
  -0.333483500294492E+01 -0.125205352524062E+01  0.254179895572464E+01
   0.402248174721224E+00 -0.941735776529348E+00  0.328001388031741E+01
  -0.977294265751570E+00 -0.787078557394093E+00 -0.472302775306831E+00
   0.185184161132425E+01 -0.131006280037847E+01 -0.304847547749927E+01
  -0.238417994974078E+01  0.114450501277562E+01  0.283992861991485E+01
   0.138393114196093E+01  0.109839398215786E+01 -0.227893548572783E+01
  -0.340986344974803E+01 -0.218007908212906E+01  0.181219357633272E+01
   0.653944690559038E+00  0.962892777105317E+00  0.686823839724915E+00
  -0.267651274320765E+01  0.393150532318053E+00 -0.214943696073001E+01
   0.145680902124432E-01  0.273676334323591E+01  0.192040590573918E+01
  -0.141866206530497E+01  0.156614339056236E+01 -0.259362416760914E+01
  -0.351632832381432E+01 -0.212068005860692E+01  0.235767323498276E+00
  -0.315832363224689E+01  0.115560182641243E+01  0.191737758474537E+01
   0.182705913124155E+01  0.955909352231182E+00  0.156549265643435E+01
  -0.161312827461547E+01  0.154286616471723E+01  0.354150247488701E+01
   0.611316787523901E-02 -0.340483135822548E+01  0.244082786473001E+01
   0.987700173571794E+00  0.321957373251536E+01 -0.308724530574513E+01
   0.328078726860212E+01 -0.217814391801969E+01  0.310273828006956E+01
  -0.213540160626041E+01 -0.118541516228710E-01 -0.142386812585399E+01
  -0.328264085409952E+01  0.191884923504204E+01 -0.291743905155286E+01
   0.167527497172515E+01  0.188049941890923E+01 -0.315445669408192E+01
  -0.542044436180069E+00 -0.149775873898263E+01 -0.139230718915703E+01
  -0.968307306098921E+00 -0.498829694654090E+00 -0.277552271063405E+01
   0.927765270391833E+00  0.169140738518739E+01  0.147183099099168E+01
   0.153421090422204E+00  0.168386777475499E-03  0.110953325219296E+01
  -0.238180319013001E+01  0.136510027379912E+01 -0.146207785306038E+01
  -0.234628086016025E+01  0.353205470035664E+01  0.587131109374366E+00
  -0.318328328254797E+01  0.228896920778985E+01  0.334390292619453E+01
  -0.288110519007776E+01 -0.143588956671580E+01 -0.194178647781373E+00
  -0.208745137992852E+01  0.942821371139506E+00  0.675214815960087E+00
  -0.302318107593599E+01  0.554850543325138E+00  0.112720474079580E+01
  -0.167467622612383E+00  0.759858526744628E-01 -0.311293576148424E+01
   0.272554447070055E+01  0.533631449837505E+00 -0.353264881377436E+01
   0.238287830051327E+01 -0.291452182044070E+01  0.272369971595124E+01
  -0.226088930810864E+01  0.138799238035537E+01  0.153792676052991E+01
  -0.252192019105552E+01 -0.135284171918363E+01  0.127804718097886E+01
  -0.304672621276793E+01  0.338837519029547E+01  0.265574895492574E+01
   0.223277918680109E+01 -0.870985624167789E+00  0.244434261406517E+01
   0.720645598314759E+00 -0.391984638602807E+00 -0.614806600364832E+00
  -0.154510312634390E+01  0.449627888953301E+00 -0.782401263998353E+00
   0.235860015682571E+01  0.141815815221495E+01 -0.278190965774324E+01
   0.134794636635558E+01  0.584282932857191E+00 -0.204530324407825E+00
  -0.280475583329514E+01 -0.185241876132823E+01 -0.285734430694376E+01
   0.106792756871358E+01 -0.664602082782733E+00 -0.276521986105522E+01
   0.160363254546985E+01  0.260126550049894E+01 -0.242034059226479E+01
  -0.268589653206987E+01 -0.248213273134215E+01  0.301905213720772E+01
   0.155902755993385E+01  0.284577238264760E+01  0.130005058560168E+00
   0.224143123542101E+01 -0.767071575364570E+00 -0.209903134876872E+01
  -0.388121695161453E+00 -0.834826269067371E+00  0.159274715813990E+01
   0.200846543008492E+01  0.192401710067038E+01  0.302397628567613E+01
   0.403952251594362E+00 -0.173880289059184E+01 -0.173404572419264E+01
  -0.121106953601136E+01 -0.180838554130679E+01  0.200719264080051E+01
   0.755935958660146E+00 -0.285435572779664E+01  0.324559890715140E+01
   0.243918083990831E+00 -0.317775904601321E+01 -0.260806227687402E+01
   0.135863576150014E+01  0.221529780997900E+01 -0.155768431953238E+01
   0.160403281421500E+01  0.210841187695200E+01 -0.527491864755960E+00
  -0.108391799796705E+01  0.104784793861648E+01  0.238141814825775E+01
  -0.149541323123092E+01 -0.321489486325314E+01 -0.250097459974927E+01
  -0.338993343699307E+01 -0.286775416215343E+01 -0.270391062389352E+01
   0.153415212037417E+01  0.389078957563763E+00  0.798671956421006E+00
  -0.885545602665104E+00  0.324785549917929E+01  0.126502487102894E-01
  -0.183357701473106E+01 -0.106334678923807E-01  0.171404753217029E+00
  -0.111993130606677E+01  0.121404205823986E+01 -0.153913838687554E+01
   0.255344871393506E+01  0.282043017818216E+00 -0.954510543280201E+00
  -0.617670844787223E+00  0.215663688191252E+01  0.279157337596415E+00
   0.283927396581953E+01 -0.307364225257594E+01 -0.325795112864061E+01
  -0.206242333028159E+01  0.238424031686985E+01 -0.538859169824833E-01
   0.157759181059750E+00  0.233682366535016E+01 -0.168616782844200E+01
   0.409166337804427E+00  0.524413406119046E+00 -0.689934630593385E+00
   0.884738980678872E+00  0.317472055117724E+01 -0.203896202428419E+01
  -0.331829075489595E+01  0.297195874337477E+01 -0.303284121633618E+01
  -0.103751695502937E+00 -0.877957850851779E+00 -0.230751384011456E+01
   0.143522798599178E+01 -0.241597073265026E+01  0.227324297010120E+01
   0.287693175417292E+01 -0.207032120043583E+01 -0.300848457394789E+01
  -0.159933774499243E+01  0.104684986494761E+00  0.178669484858186E+01
   0.173902569182394E+01 -0.188697560414203E+01  0.297980204453723E+01
   0.386792825912306E+00  0.304101616117186E+00 -0.188581060005492E+01
  -0.575692228402182E+00 -0.136917440861736E+01  0.251553643151398E+01
  -0.185951675790405E+01 -0.147743092408088E+01  0.170747828312973E+00
  -0.153337672730880E+01  0.235026525325426E+01  0.254884321592880E+01
   0.129717160461087E+01  0.235551296178649E+01  0.238489019318176E+01
   0.650480130170831E+00  0.203629559563984E+01  0.520062805154189E+00
  -0.809044959176627E+00 -0.346772418753460E+01 -0.327241481173068E+01
  -0.343989500698019E+01  0.259126026705819E+01  0.816310598423905E+00
   0.158098981610903E+00  0.320163307065372E+01 -0.622702808596607E-01
  -0.327727554164845E+01  0.343104320371452E+01 -0.189458920497818E+01
   0.621141346554926E+00 -0.911398675579042E+00  0.142414989829419E+01
   0.149005407420488E+01  0.350172314508333E+01  0.284765302064181E+01
  -0.220283981627676E+01  0.247907004702804E+01 -0.337514652453419E+01
  -0.133566011925434E+01 -0.146812434897453E+01 -0.253062249106001E+01
  -0.336446112954662E+01 -0.321045256039509E+01  0.286619769633404E+00
   0.776169862908876E+00 -0.280021817279763E+01  0.146453968486020E+01
  -0.329990226483488E+01 -0.247473612912941E+00  0.187058414047599E+01
   0.186984674475943E+01  0.201845646317263E+01  0.102387599026622E+01
   0.179327453659501E+00 -0.201604741565612E+01 -0.629694804061023E+00
   0.584703269139276E+00 -0.802947910162474E+00 -0.156246091873463E+01
%  0.201003322321456E+01  0.287243016772795E+00  0.105126086763591E+01
% -0.103959737128145E+01  0.275239200860668E+01  0.109730386267488E+01
%  0.644554090160754E+00 -0.235428146018671E+01 -0.729864948049772E+00
% -0.170441270721209E+01  0.484282501269517E+00  0.257918710313008E-01
%  0.638774857886643E+00 -0.106119004265252E+01 -0.228223943939781E+01
% -0.135279612860255E+01 -0.361847295025733E+01  0.188330545443468E+01
%  0.166179124206887E+01 -0.484795493664645E+00  0.694909700954606E+00
%  0.125591287114445E+01  0.248722421891445E+00 -0.193651507303003E+00
% -0.271389540218120E+01  0.135576171211272E+00  0.992086938316775E-01
% -0.357627126381301E+00  0.110952853336240E+01  0.231442431167376E+01
%  0.170362732379437E+01 -0.486354732021856E+00  0.332297556334957E+00
% -0.290964025491102E+01  0.183209287123410E+01 -0.667836408644490E+00
% -0.426626125013094E+00  0.563928273557492E+00  0.211431149517607E+00
% -0.241684351099933E+00 -0.162110429679772E+00  0.554630643186772E+00
%  0.105785773442271E+01 -0.104475483930997E+01  0.213574721542450E+00
%  0.300706238628505E+01  0.151988249810009E+01 -0.181388440026714E+01
% -0.213705094544337E+01  0.195046712491944E+01 -0.333311344512652E+01
%  0.163724167917298E+01  0.156140871669849E+01  0.163256281879631E+01
% -0.320039062947701E+01  0.792647642017871E+00  0.793202621180578E+00
% -0.210996245019816E+01  0.570090415399021E+00  0.493848119339604E+00
%  0.305547026412155E-01  0.135548455208625E+01  0.318710021486099E+00
%  0.168473462501629E-01 -0.342901803902612E+00  0.283709794098083E+01
%  0.529823818138312E+00  0.312115649901584E+01  0.289621873805507E+01
% -0.118862116572888E+01 -0.903885333528178E+00  0.210072837027917E+01
%  0.317969114383660E+00  0.778229469678917E+00  0.341945235820654E+01
%  0.891664468294794E+00  0.202289571868002E+01 -0.294077223694659E+00
%  0.698194164717326E+00 -0.501128789201187E+00 -0.373364531757973E+00
%  0.248395300192624E+01  0.331302834004273E+01 -0.135940604742752E+01
% -0.171562946330190E+01  0.226578031475413E+00 -0.178357689972007E+01
% -0.492942091268857E+00 -0.922302523057108E+00 -0.138276158691844E-01
% -0.976252589464156E+00  0.202404058997607E-01  0.596844620196796E+00
% -0.796661870160417E+00  0.165969181230174E+01 -0.372841044350574E+00
%  0.332799335335563E+01 -0.161310193637515E+01  0.274721613478640E+00
% -0.153104982550838E+01  0.216570605273022E+01  0.322218135678093E+01
%  0.142720569018281E+01  0.675509429126640E+00 -0.155947151367299E+01
%  0.181915598597888E+00  0.253614703681610E+01  0.272456084518328E+00
% -0.222513854352580E+01 -0.447836841336574E+00 -0.243264331054950E+01
% -0.330421110118535E+01 -0.155082071389220E+01  0.952669434852111E-01
%  0.257439093140328E+01  0.142310068684224E+01  0.130146091406755E+01
% -0.345423405181751E+00  0.141277610815257E+01  0.118836063537776E+01
%  0.547924903518280E-01  0.262861947487042E+00 -0.132133153792638E+01
%  0.202198096032256E+00 -0.120495150471589E+01  0.194023297066444E+01
%  0.542154384289932E+00 -0.361921217598639E+01  0.192759542052870E+01
%  0.113213132860776E-01  0.115909254258128E+01 -0.921962951261396E+00
% -0.835073560634592E+00 -0.798184124509691E+00  0.898017817840269E-01
% -0.245970095136258E+01 -0.296394192122308E+00  0.653161694024260E+00
% -0.282922709242756E+01 -0.607806396808086E+00  0.927909252104554E+00
%  0.190579904798054E+01  0.572037685903768E-01  0.282001835256816E+01
%  0.245103871906953E+00 -0.112168138981548E+01  0.350290036771718E+00
% -0.697945838860591E-01 -0.331316517613567E+00  0.102104627211699E+01
% -0.805789294112820E-01  0.131186394710935E+01 -0.118508944570196E+01
%  0.278597106396594E+01  0.544855432893739E+00  0.133441917125123E-01
%  0.237751170361600E+01 -0.379052758863363E+00 -0.858399591629438E+00
%  0.383830234240958E+00  0.212395211271131E+01 -0.691877013735793E+00
% -0.813819632531309E+00  0.237881550705527E+01 -0.380507409682239E+00
%  0.105804828407905E+01 -0.282919780066732E-01 -0.685919565847610E+00
%  0.121406453087455E+01 -0.127019552900098E+01 -0.241061235518409E+00
%  0.209000457496516E+01 -0.400562635601573E+00  0.981294785802054E+00
% -0.257958201021598E+01  0.125733987326916E+01 -0.145232356110793E-01
%  0.366703186720896E+01 -0.155657596350468E+01 -0.106502611864884E+01
% -0.320062702471542E+00 -0.144250918640161E+01  0.122746242362862E+01
% -0.990038373855184E+00 -0.205441243492040E+01  0.297995223652405E+01
%  0.284696472363850E+01 -0.165439545329180E+01  0.107104426503151E+01
% -0.154724186423275E+01  0.153187255711096E+01 -0.305340232692054E+01
% -0.308272451376571E+01 -0.177412504675514E+01  0.147797121221775E+01
% -0.113780749419157E+01 -0.189353510389988E+01 -0.936652539778115E+00
%  0.177902790402401E+01 -0.150782504018599E+01  0.336210613288232E+01
% -0.903494370327340E+00  0.990207519604625E+00 -0.159860253173718E+01
% -0.501839197989571E+01  0.144176256604375E+01 -0.152343569355853E+00
%  0.131008979918954E+01  0.971441742179431E+00 -0.169278130233295E+01
%  0.225153193115392E+00 -0.286910485635522E+00  0.149472695092524E+01
%  0.526526342610371E+00 -0.391363956744570E+00 -0.169753016185516E+00
% -0.124717781367558E+01 -0.913652299253335E+00  0.847562746252839E+00
%  0.604757278346275E+00 -0.614858171056097E+00 -0.342713236225340E+01
% -0.443913443176066E-01 -0.137055653988427E+01 -0.205898942539746E+01
%  0.107771319896473E+01  0.106044904562536E+01 -0.837625712812034E+00
% -0.279839126392998E+01  0.198892454791880E+01 -0.507234817931857E+00
% -0.631057123787253E+00  0.371459472927962E+00 -0.176936596904244E+01
%  0.687159813875877E+00  0.129866648742786E+01  0.485082150415225E-01
% -0.756363609378238E+00  0.813117610680539E+00 -0.928420457966607E+00
% -0.383086103163000E+00  0.277608394914449E+00  0.249816376909962E+00
% -0.150938032314532E+01 -0.585952522969502E+00  0.800358605789023E+00
% -0.559750614544279E+00 -0.222764189540729E+01 -0.299680842268063E+01
% -0.612086278476282E-01 -0.162341676288046E+01  0.123930258481783E+01
% -0.191883871441626E+00  0.130269063895630E+01  0.410269939111167E+00
%  0.134937857208976E+01 -0.641650264996948E+00  0.383672502240010E+00
%  0.188500797332374E+01  0.638802584134272E+00 -0.800379818997970E+00
%  0.307231158236928E+01 -0.397756432734799E+00 -0.198413606118608E+00
%  0.336813857112804E+00 -0.640667250239374E-01 -0.854777567318761E-01
% -0.172393221412207E+01 -0.173126982200180E+01 -0.105404040801831E+01
% -0.820265121108622E+00  0.204696586137323E+01 -0.504140334701146E+00
%  0.301000144388416E+01 -0.467694361507386E+00  0.176814891070546E+01
% -0.118643739785168E+01 -0.176128898121133E+00 -0.288553521279141E+01
%  0.175457481842270E+01 -0.100826254377425E+00 -0.119566076160218E+01
%  0.247237631073322E+00  0.127563232254923E+01 -0.169325469557126E+01
% -0.156687997010610E+01 -0.104682444324658E+01  0.779878912833444E-01
%  0.101482174737416E+01  0.512687912041343E+01  0.147295358173620E+01
% -0.127783097514727E+01  0.588927954081505E+00 -0.154538926440821E+01
%  0.583278945445661E+00  0.109329206101079E+01 -0.771133070401639E+00
%  0.226421756418672E+00  0.917888248139994E-01  0.823080797953010E+00
% -0.108061050795278E+01  0.290031324261882E+01  0.345345067780973E+00
%  0.122605360153886E+00  0.426168962026282E+00 -0.941125021321524E+00
%  0.325075116787862E-01 -0.237316082622961E+00  0.358412304692279E+01
%  0.160921127956230E+01  0.131278508529964E+01 -0.178489420236613E+01
% -0.163417872338578E+01 -0.309879144846297E+01 -0.494661559224626E+00
%  0.352186898703739E+01 -0.130516387440673E+01  0.263472579019472E+01
% -0.647121172363179E+00  0.208195867868695E+01  0.999602438232215E+00
%  0.190823422084374E+01 -0.120497055257609E+01 -0.255386670076868E+01
% -0.749573629239320E+00 -0.751988839803821E+00 -0.196946341669325E+01
%  0.954028468917575E+00  0.103862421109350E+01 -0.100125372084043E+01
%  0.138699129719023E+01  0.159416717469189E+01 -0.522252479832657E-01
%  0.112764212190375E+00 -0.564697244446786E+00  0.174738432504196E+01
% -0.163288781127554E+00  0.117211906872640E+00 -0.171527763972522E+01
% -0.405419597777549E+00  0.168833345428740E+01  0.333872184478625E+01
% -0.332466854719718E+01  0.501246997836884E+00  0.601373844885057E+00
%  0.290675454358204E+00 -0.184105464263764E+01  0.302258403213050E+01
% -0.981200708048558E+00 -0.116762520594652E+00 -0.134148837848398E+01
% -0.162816557064641E+01 -0.315815005152686E+01 -0.171288726558306E+01
% -0.413199581032474E+00  0.168775339114460E+01 -0.385425741155575E+01
% -0.202036486979594E+01 -0.345015545793664E+00  0.564631235941649E+00
%  0.231941928115461E+00 -0.212957336606888E+01 -0.243427177502473E+01
% -0.123967437162902E+01  0.228904437766224E+01  0.208371754147850E+01
%  0.137433410958684E+01 -0.128021214990240E+01 -0.225851886013099E+01
%  0.118657764174809E+01 -0.287850403303035E+01  0.353282048449598E+00
% -0.652896696129188E+00  0.157125708169855E+01 -0.136056343738937E+01
% -0.885525053160288E+00 -0.208808206199257E+01 -0.752646109326093E+00
% -0.145931914339086E+00  0.705982284659141E+00  0.884475502532266E+00
%  0.349145178225442E+00 -0.260126879193384E+01  0.190007353509321E+01
%  0.437363346632921E+00 -0.843934109561803E+00  0.136885588349718E+01
%  0.142084511045417E+01 -0.211671822370875E+01 -0.218144686166668E+01
% -0.222227050274636E+01  0.600612792561771E+00  0.414479012672462E+00
%  0.603368061211037E+00 -0.533985310659675E+00 -0.370385740397518E+00
%  0.365532277985429E+00  0.199504313093205E+00  0.108253750972074E+01
% -0.775832735112699E+00 -0.997514386688452E+00 -0.361545481186324E+00
%  0.278246764117770E+00  0.524778367131861E-01 -0.123034951348380E+00
%  0.626853586434697E+00  0.237188025265747E+01 -0.806902680816820E+00
%  0.185271856445888E+00 -0.184261297970971E-01  0.300150901378454E+00
% -0.203082795177426E+00  0.139230833736879E+01 -0.774767806998154E+00
% -0.793162411363620E+00  0.491959551486919E+00 -0.112611919678611E+01
% -0.845549245056381E+00  0.844194974684050E+00  0.282421167982926E+01
%  0.118444981223406E+01 -0.588751913984466E+00 -0.206726531985064E+01
% -0.115104063452174E+01 -0.223317542445392E+01  0.133779751960864E+01
%  0.477608505522048E+00  0.147426695576929E+00 -0.588581063701202E+00
% -0.675181848067930E+00 -0.149771453834717E+01  0.289500787059606E+01
% -0.489913368213593E+00  0.261200865306436E+00 -0.525789635654521E-02
%  0.121700304681272E+00  0.243955424632092E+01 -0.100357418642517E+01
% -0.861770231573672E+00  0.164914309486871E+01  0.250229720576249E+01
%  0.233166768299187E+01 -0.546159340249882E+00  0.103452785858710E+01
%  0.884954683702765E-01 -0.181860032572094E+01 -0.162995766588683E+01
% -0.150091622994425E+01 -0.141153310872545E+01 -0.198671927067310E+01
%  0.535384551027920E+00 -0.109718040947322E+01  0.136626268187126E+01
% -0.219209460008745E+00 -0.216068036973482E+01  0.373999447850069E+01
% -0.341749858315053E+00 -0.335185934164852E+01  0.144433544077529E+00
% -0.135941042193693E+01  0.309884881101357E+01  0.140397537570931E+01
%  0.732053639922042E+00 -0.251068819305011E+01 -0.261117967744802E+01
%  0.200788249655183E+01  0.478959435746277E-01 -0.349764345793489E+00
%  0.271236080166764E+01  0.106159682904553E+00 -0.348984163968087E+01
%  0.649297101790243E+00 -0.139426623717765E+01  0.501870713750050E+00
%  0.687978992298659E+00  0.292478711344544E+01  0.219244631948704E+01
% -0.278528182579946E+01  0.620059253333418E+00 -0.251218689571437E+01
%  0.243884903079208E+00  0.184696546321339E+01 -0.151164315678257E+00
% -0.125961889800523E+01  0.780935011002618E+00 -0.213133632057966E+00
% -0.423594587971268E+00 -0.739063586055254E+00 -0.346074986961410E+01
%  0.150295229764306E+01  0.127809387499778E+01 -0.205050229719641E-01
% -0.219087303764268E+01 -0.192391708697840E+01 -0.237847628448772E+01
%  0.593986489561802E+00  0.255556139998944E+01  0.170850212257441E+01
% -0.293569189316979E-01  0.322659115006137E+00 -0.181028059286434E+01
% -0.231822363683803E+01 -0.163526728826285E+01  0.812604684678161E+00
%  0.124503410346722E+01  0.271206655127391E+00 -0.157263795192822E+01
%  0.202987469147224E+01  0.325943840012608E+01  0.134200146160504E+01
%  0.195447757406073E+01 -0.161672631106977E+01 -0.480376327332237E+00
%  0.186729732690016E+01  0.798192375113002E+00 -0.154857661143301E+01
% -0.710346378410778E+00 -0.154838779558771E+01  0.421456066974255E+00
% -0.301373994537317E+01  0.862333852853008E+00  0.120421942266190E+01
%  0.885498656117526E+00  0.102484259014203E+01 -0.111502271961490E+01
%  0.276755836709400E+01 -0.239865581859522E+01  0.825079267508509E-01
%  0.115147415614402E+01 -0.268056174273453E-01 -0.278109559534785E+00
% -0.102237872206986E+01 -0.271798555955889E+00 -0.803262433494278E+00
% -0.170396449914814E+01 -0.171992855262063E+01 -0.279726467125008E+00
% -0.249644491509735E+01  0.835504945098805E+00  0.579029115003607E+00
% -0.599049291187147E+00 -0.172542513417029E+01  0.195691052723837E-01
%  0.359842929615974E+00 -0.258622440834531E+00 -0.148254026583241E+01
% -0.112265628706786E+01 -0.110182627483889E+01 -0.468863862641885E+00
%  0.884757640738443E+00  0.723510003591164E+00 -0.117116399988297E+00
%  0.404178321901861E+00 -0.655032766174008E+00 -0.371608727194247E-01
% -0.968376408382845E+00 -0.582916118197231E+00 -0.135331648426701E+01
% -0.178860380573585E+01 -0.133945571930937E+01  0.316387960014267E+00
% -0.849785304212710E+00 -0.523354691560520E+00  0.107713153259253E+01
%  0.891856260261594E+00 -0.316994994953492E+01 -0.185623557625207E+00
%  0.942058100449480E+00  0.694247867866846E-01 -0.147284574287279E+01
%  0.150603468101498E+01 -0.214474514805880E+01 -0.940255072150873E+00
%  0.273770967416363E+01  0.138812776314086E+01 -0.580234633432186E-01
%  0.144299570072170E+01  0.727924231584391E+00 -0.268658071736441E-02
%  0.419844402579785E+00 -0.246668574393064E-01 -0.528003909766387E+00
% -0.321824951834402E+01 -0.393585763424165E+00 -0.185869465925066E+00
%  0.102719088759473E+01  0.305313985596838E+01 -0.731438605832384E+00
% -0.130707819862346E+01  0.404781984734949E+01  0.770025521122908E+00
%  0.147694512905560E+01 -0.233717942279517E+01  0.141297398046923E+01
%  0.166003001373906E+01 -0.854509465356658E+00  0.245865603674812E+00
% -0.608243301861355E+00 -0.227404828672804E+01 -0.295889505073112E+01
% -0.297689799151356E+00  0.244000091308649E+01  0.796869125443418E+00
% -0.312098211736789E+01 -0.483659024667071E+00 -0.451203393760123E-01
%  0.495360932370338E+00  0.296616786803202E+00  0.955093019553589E+00
%  0.216027574430291E+01 -0.869437917282572E+00 -0.121753257958438E+00
% -0.664246195720631E+00  0.601963622475330E+00 -0.166984188360016E+00
% -0.136919138358032E+01 -0.177337582369015E+01 -0.137513961067745E+01
% -0.608463032351076E+00 -0.950779718626340E+00 -0.772202803659828E+00
%  0.215335913135838E+01 -0.273546311152073E+01  0.222316124417331E+01
%  0.177309275244344E+01  0.776862705243443E-01  0.159626939957525E+01
%  0.272832458530327E+01  0.394035950890967E+00  0.178888455260680E+01
% -0.135769809755032E+01  0.104137122899659E+01  0.693960161830151E+00
%  0.889922282088326E+00  0.586897437029349E+00 -0.350350530390888E+01
%  0.534150693980107E+00  0.109167226750180E+00 -0.211426620788544E+01
% -0.555803745828067E+00 -0.470063060685505E-01 -0.554328510306735E+00
%  0.106814897095936E+01  0.100928282388300E+01  0.175084165024468E+01
%  0.171774408009848E+01 -0.266333164980203E+01  0.142187870408157E+01
% -0.515636615624570E+00 -0.476981101080284E+00 -0.174030243846815E-01
% -0.248494915407378E+00 -0.286861400844529E+00  0.931091389116893E+00
% -0.195743435057983E+01  0.118100478171437E+01 -0.102527087513798E+01
% -0.437399684350861E+00  0.119975199908097E+00  0.177496429993694E+01
%  0.104936436382358E+01  0.225231300695277E+01 -0.286684647923771E+00
%  0.155775296655140E+01 -0.570023939554473E+00 -0.180891689513657E+01
% -0.859934047892712E+00  0.276929351160310E+00  0.263177999265327E+00
%  0.214016269703641E+01  0.153654447994189E+01  0.115171449043475E+01
% -0.703746343812234E+00 -0.979958628264884E+00 -0.455402108815222E+00
%  0.115138235151173E+01  0.862287686054533E+00  0.260176006883204E+00
% -0.508971973708401E+00 -0.859071199010656E-01  0.133333252504322E+00
%  0.177867748462409E-01  0.713769915524479E+00 -0.331929507764202E+01
%  0.426050297612103E+01  0.145399881062654E+01  0.187024288311306E+01
% -0.160070136476462E+01  0.400116109806551E+00  0.404341373939759E+01
%  0.576122720343350E+00  0.240327158252579E+01 -0.218173581528510E+01
% -0.115131739539122E+01 -0.899018632095126E+00  0.168842063087275E+01
% -0.375850911841339E+00  0.167917101124772E+01  0.180140094320477E+01
% -0.375452625827631E+00 -0.975688088143066E+00  0.298007894394518E+01
% -0.271593190676888E+01 -0.116620018579601E+01 -0.166795237745038E+01
%  0.195255377113845E+01 -0.244730757441884E+01  0.396047466290549E+01
% -0.495818644374795E+00  0.641301357019746E+00  0.106275772980499E+01
% -0.702052286487455E+00  0.100615137035167E+01 -0.328864892696985E-03
% -0.995845700865707E-01 -0.234351502649015E+01  0.104150257485125E+01
%  0.240305449260323E+01 -0.773044357555492E+00 -0.804091140055165E+00
% -0.954680541746325E+00  0.542077770055950E+00 -0.177973117205634E+01
%  0.176736860549606E+01 -0.149700088059539E+01 -0.140043534340368E+01
%  0.190492639171658E+01  0.121033214046358E+01  0.551474597274882E+00
%  0.177002518387883E+01  0.757782873303793E+00  0.391941086843343E+00
%  0.202969521609608E+00 -0.232871175977304E+00 -0.361261749648354E+00
% -0.285632262680333E+01 -0.986951729726283E-01  0.120049503997725E+01
% -0.139890407989406E+01 -0.142523125399127E+01 -0.968353870872708E-01
% -0.138559630928084E+00 -0.106368557829193E+01 -0.632872885174752E+00
% -0.207062618261110E+00 -0.251242719493591E+00  0.131726640722877E+01
% -0.746761114973667E+00  0.296871746781557E+01  0.788745094873860E-01
% -0.282969718558647E+01 -0.734458024906112E+00 -0.760628536694179E-01
%  0.357388473812631E+00  0.111656006003618E+01 -0.217110213088997E+00
% -0.459724804576156E+00  0.326930461412143E+00 -0.106737131006190E+01
%  0.288911171046826E+00 -0.174911266640060E+01 -0.773305321133680E+00
% -0.727151183135288E+00  0.363995760670311E+00  0.101402032882684E+01
% -0.155259087304321E+01 -0.260075567866898E+00 -0.137182114645931E+01
% -0.612856312472787E+01  0.519030476786188E+01  0.319809426437258E+01
%  0.185693444930525E+02  0.135308037106833E+02  0.830478006724206E+01
% -0.991004680315872E+02  0.197756186810143E+02  0.138647094061796E+02
%  0.944403528279880E+01  0.904191778671377E+00  0.204306255564751E+02
%  0.153252777117813E+01 -0.667139960172831E+02 -0.211958452580751E+02
% -0.524336314036957E+02 -0.370026705079915E+02 -0.517019633104657E+02
% -0.252865682093252E+02  0.107182466145674E+02  0.690992608729136E+02
%  0.134664351321774E+02 -0.172520713791315E+02 -0.840777320080349E+01
% -0.239545966731884E+02  0.248588951649651E+01 -0.290491658007738E+02
% -0.888580519821146E+01  0.294134100301894E+02  0.463018093152091E+02
%  0.627276764655747E+02 -0.250182745635845E+02  0.406355452912892E+01
%  0.128893982569008E+02 -0.680479412023192E+01  0.289978711284936E+00
% -0.639782124697850E+02  0.748643821843276E+02  0.427472148086635E+02
% -0.737242188697516E+01  0.408955844469377E+01 -0.545487624283372E+01
%  0.551468650589099E+02  0.253682777289357E+02 -0.532103987020553E+01
%  0.167025371535486E+02  0.127846539967182E+02 -0.235712898416942E+02
% -0.783734966915863E+01 -0.229526759893594E+01  0.301758456553481E+01
% -0.312753978248618E+01 -0.127007473225354E+01 -0.804264837214574E+02
%  0.659182943236452E+01 -0.128221788369241E+02 -0.381919015806244E+00
% -0.166976995635627E+02 -0.122101563425830E+02  0.680987849376123E+01
%  0.103531311548764E+02 -0.210675699184053E+02 -0.398647045789781E+01
% -0.834874504528704E+01  0.676780955343839E+01  0.105557033494013E+02
%  0.249909919541506E+02 -0.136145286931274E+02 -0.138906287715990E+02
% -0.272907679611873E+02 -0.489306550622026E+01  0.831050695881515E+00
% -0.358531536880777E+01  0.515999648906074E+01  0.488708636070304E+01
%  0.137334758265577E+03 -0.288110874568605E+02  0.369681383041482E+02
% -0.228844120271247E+02  0.312872286153239E+02  0.154322856801508E+02
%  0.306229384513480E+01 -0.157172724346445E+02  0.159648362095810E+02
%  0.319990196172956E+02  0.810522011392347E+00  0.902068984202151E+01
% -0.148817047817590E+02  0.350570906764123E+02 -0.881672322933207E+01
% -0.145248554535968E+02 -0.213561384050256E+01 -0.615804367335512E+01
% -0.243594319313528E+01  0.218402023099999E+01 -0.226549324502436E+00
%  0.617507920001950E+02  0.114069883428576E+02 -0.279308357632209E+02
%  0.467946302671983E+00 -0.889654360392088E+01  0.287154617797776E+01
% -0.313268196176274E+02  0.352346480617724E+02 -0.276469372887835E+02
% -0.504423543529599E+02  0.295812746684278E+02 -0.534985553237390E+02
% -0.247128590174465E+02 -0.169800737916666E+02  0.656299699653431E+02
% -0.418795947132940E+01  0.132079287260357E+02 -0.298862707329766E+01
% -0.548565988181992E+01  0.562010017950925E+01  0.759928091267187E+00
%  0.626706912253901E+01  0.204287070163044E+00  0.416508158655052E+01
%  0.132264438970169E+02 -0.481102419614703E+01  0.717257801348476E+00
%  0.194486471241756E+02  0.541658716275133E+00 -0.846756498997631E+01
% -0.116662558825839E+02  0.198382426798739E+01 -0.630650645491315E+01
%  0.215289923309584E+01  0.430025069465863E-01 -0.185199636154255E+00
%  0.274730211285281E+02  0.140015198564141E+02  0.184772174492072E+02
%  0.192812215235736E+02 -0.333767618114838E+02 -0.126168937487723E+02
% -0.161568799452067E+02 -0.314936952100316E+02 -0.191187647429286E+02
%  0.332761576472935E+01  0.126870012104628E+02  0.309650304761845E+02
% -0.386624768559963E+02  0.423787234869587E+02  0.867480763331561E+01
% -0.845135746194810E+01  0.620399389672299E+01  0.613589778205592E+01
% -0.131310809107743E+01 -0.319700945428569E+01  0.234918977587098E+01
%  0.507636647395682E+02  0.448345737168502E+01 -0.120364388479080E+01
% -0.123320745196340E+01  0.254455483652787E+02 -0.824845315415774E+00
%  0.252829328301983E+02  0.189868994808225E+02  0.287758661899198E+02
% -0.133488873994110E+00  0.108248984206428E+01  0.406469427905855E+00
%  0.215107982190928E+02  0.101894867541987E+02 -0.180622740263642E+02
%  0.663128040786610E+00 -0.846247357034398E+01  0.984833758171551E+01
%  0.909344902956049E+01  0.143729479615797E+02 -0.349857742112876E+02
%  0.199153250871360E+02 -0.456212537674176E+02 -0.165491172230032E+03
%  0.332996766603534E+00 -0.569063319579059E+01 -0.345153904386032E+02
% -0.162186297689105E+02 -0.266658908842480E+01 -0.192445363488002E+02
% -0.316860381885974E+02  0.153854063705914E+02  0.618150599111075E+02
% -0.187636523068103E+01 -0.446686910460402E+01 -0.180685278321309E+01
%  0.157745686864751E+01  0.165331535081756E+00  0.392558957855206E+01
%  0.181924768425589E+02  0.422094867726794E+02  0.280131638811552E+02
% -0.415232560490849E+01  0.136361175672855E+02  0.184353256357830E+02
%  0.625397046955356E+02  0.306123311367504E+02 -0.168462759085631E+02
% -0.689611269426430E+02 -0.275034076175164E+02  0.422149606697709E+01
% -0.523484147187479E+01  0.642163708771747E+01  0.612599195297987E+01
% -0.455122952074613E+02  0.296759843309129E+01  0.942246861221839E+01
% -0.243131558032787E+02 -0.525771193139781E+02  0.380019954098187E+01
% -0.720360659252271E+01 -0.204080088132959E+02 -0.216117629353065E+02
%  0.943743882050863E+01  0.772526672331854E+01 -0.537122040226810E+01
%  0.576072111210001E+01  0.360343430920103E+02 -0.702431711275916E+01
%  0.883997426955732E+02 -0.148035592337787E+03 -0.157420817404023E+03
% -0.575630840758104E+01 -0.179215006483319E+01  0.208149470544545E+01
% -0.297381343408002E+02 -0.503161919959742E+02 -0.168674793398443E+02
% -0.119403923928906E+02  0.447396736204905E+01  0.182711402218423E+02
% -0.598150571379261E+01  0.333037946471207E+01 -0.687201149898144E+01
%  0.170653442802848E+02 -0.211954183306998E+02  0.735235683933883E+01
% -0.156587414485205E+01  0.880859583639128E+01 -0.800896635905243E+01
% -0.133206247774714E+01  0.122084862507284E+02 -0.251644526137414E+02
% -0.393633409969252E+02 -0.546483894094127E+02  0.123430256464053E+02
% -0.511543642973966E+02 -0.265990006566824E+02 -0.140378964605063E+02
%  0.923275446391109E+01  0.558107729412034E+02 -0.103440852732959E+03
% -0.174077211983138E+01 -0.239921931256126E+01  0.606725342979996E+01
%  0.389372652730522E+02 -0.917648063756309E+02 -0.335066716475728E+02
% -0.164964947335859E+02  0.223270483990683E+02  0.105882533066245E+02
% -0.253449962969828E+02  0.383851319639000E+02  0.361850377678675E+01
% -0.184225357190647E+01 -0.644364349308209E+01 -0.761872746203307E+01
%  0.139200017734174E+02  0.599183256337748E+02 -0.229214286470942E+02
% -0.142309067199560E+02 -0.457098462568347E+02 -0.303331000113579E+02
%  0.986515090385799E+01  0.265321173693611E+02 -0.188163653479582E+02
% -0.305124027654670E+01  0.274513295578423E+00 -0.133159772059940E+02
% -0.256569660722200E+02  0.849211571061559E+01 -0.109203121442727E+02
% -0.388863506182815E+01 -0.212335092821839E+02  0.247216455375818E+02
% -0.577329574385686E+01  0.192035441875832E+01 -0.200410620774699E+00
%  0.719596969814690E+02 -0.580827669430779E+02 -0.177928714686007E+02
%  0.111201648898140E+01 -0.484564182052310E+01 -0.756414458638193E-01
% -0.227784242964285E+02 -0.112236995167289E+02  0.263111398623268E+02
%  0.176071075309265E+02 -0.159982424402157E+02  0.142408910632406E+02
% -0.676311182449806E+02  0.837044158723366E+02  0.783398061883107E+01
% -0.103314817509186E+02 -0.114453037803444E+02  0.364033822911520E+01
%  0.515667382917520E+02  0.676890566038120E+02  0.112706140896597E+02
%  0.536792083440262E+02 -0.174625110734999E+02 -0.794709074816992E+02
%  0.344578230252790E+02 -0.317519386156955E+02  0.703741812913348E+01
% -0.161982220655643E+02  0.244882558900553E+02  0.284070654984606E+02
% -0.358259756137031E+01 -0.666478443513944E+01 -0.351773995481232E+01
%  0.551228605311867E+01  0.248179975725090E+02 -0.741257750861813E+02
% -0.713982620626818E+01 -0.996620723838860E+01  0.197064651225802E+02
%  0.129430342295210E+02  0.231414000356960E+01  0.353084870076666E+02
%  0.684475479200793E+02 -0.395735857524753E+01 -0.567257822137250E+02
% -0.125296287050284E+02 -0.110775225318185E+02 -0.679148705815554E+01
%  0.124146172822794E+02 -0.467590767206572E+01 -0.148752323728646E+02
% -0.491782141753220E+02  0.670629972696601E+02  0.193899480450371E+02
% -0.384672727839988E+01 -0.209969878390688E+02 -0.231036527238324E+02
%  0.873305884450990E+02 -0.522099459174453E+02  0.495881687508447E+01
% -0.411150383858344E+02  0.364836423078616E+01  0.582144921533008E+02
% -0.859030427455855E+01 -0.958888175784718E+01  0.246583775706867E+02
% -0.110034219378796E+03 -0.791322333624643E+02 -0.191711205786916E+02
% -0.249051535774276E+01  0.868349352804352E+01  0.181505052197212E+02
%  0.128783309316310E+01 -0.651667511427662E+01  0.260410750475712E+01
%  0.138868121234992E+02  0.363423649025120E+01 -0.780804076805274E+01
%  0.810501669571649E+02 -0.303984927263001E+02  0.408445143246918E+01
%  0.145014636651689E+02  0.358908877974794E+01 -0.601823601345299E+01
% -0.576221295772638E+01 -0.525518276256671E+01  0.419078742656082E+02
% -0.338653990243767E+02 -0.138440107282983E+02  0.184973848810876E+02
%  0.295062729471777E+02 -0.127534024534101E+02  0.303360862177824E+02
% -0.371905619585233E+02  0.245616235033822E+02 -0.829122934085490E+02
%  0.184674879730820E+02 -0.911541878906369E+01  0.740769318280056E+01
%  0.168734179528713E+02  0.228008819480286E+01 -0.441687473819480E+01
% -0.433454634707069E+02  0.846584922401152E+02  0.500845039823320E+02
% -0.690452833466805E+01 -0.150190248886640E+01  0.146299711251394E+02
%  0.122544658982431E+02  0.570031636657460E+02 -0.290097389966021E+02
% -0.224564870745559E+02  0.101770800092905E+03  0.211269941445732E+02
% -0.343658417271865E+01  0.134590946740803E+01 -0.856663632338275E+00
% -0.108510904282094E+01  0.326452326266577E+01 -0.296209747185229E+01
% -0.857893206203180E+01 -0.393583962573170E+01  0.694353755813027E+01
%  0.239485937298252E+02  0.208413634652531E+02 -0.224714787950729E+02
% -0.335793718048487E+02  0.385293770909020E+02 -0.217169220900127E+02
% -0.257864670514340E+01 -0.210844602581112E+01 -0.460500558324614E+01
% -0.167839750638911E+02  0.621851134005735E+01  0.979992180445764E+01
% -0.229335464153932E+02 -0.435202042195118E+02  0.362288403316005E+02
%  0.477329252853733E+02 -0.475668036542523E+00 -0.220694102773725E+02
% -0.188705174496484E+01 -0.432960475773716E+01  0.272943662694848E+01
% -0.697397548347228E+02  0.147343827049704E+03 -0.988515479730350E+00
% -0.386460609510525E+02 -0.314170534250679E+02  0.153797910480677E+02
%  0.619815535218402E+01  0.155037253233984E+01  0.723907555290984E+00
% -0.471526410046130E+02  0.432861932761491E+02  0.263514405361202E+02
%  0.368483782062122E+01  0.481313279590832E+01 -0.109170846682696E+02
%  0.998956816410472E+01 -0.181869847035130E+01 -0.122244026855661E+02
%  0.618321439894995E+01 -0.159298707056149E+02  0.743166691199714E+02
% -0.117713978687457E+01  0.158372965451237E+00 -0.258875797407430E+01
%  0.318104231067152E+01 -0.752418712642066E+01  0.429000787379824E+01
%  0.385219702835122E+02 -0.301013646075415E+02  0.351215277641748E+02
%  0.227317036726682E+02  0.346448730447269E+02 -0.341967489485632E+02
% -0.510170554770879E+02 -0.156987689279729E+02 -0.159974019458816E+02
%  0.167614254697738E+02  0.181120089065414E+02 -0.159941253686561E+02
% -0.510608046019948E+02 -0.658063263429449E+02  0.435040885125532E+02
%  0.101361375518448E+03  0.955708008167699E+02  0.443694635324444E+02
% -0.299432403719742E+01  0.550118497351289E+01  0.464879985988563E+01
% -0.135501253763574E+02 -0.241589569324173E+02  0.291646020141892E+02
%  0.675410949810998E+01  0.182621192807298E+01 -0.636281243315725E+00
%  0.266088538878912E+02  0.857885727758086E+00 -0.355976242522625E+01
%  0.124463925114438E+02  0.431706021872156E+01 -0.770198837049047E+01
% -0.108673829052796E+01  0.762414018601217E+01 -0.112408180318001E+02
% -0.284963399149172E+02 -0.748269706323317E+01 -0.191608866298923E+02
%  0.567096179074546E+02 -0.385246176353522E+02  0.715177224361239E+02
% -0.809130900182842E+01 -0.295553119452662E+02  0.976130978354098E+02
%  0.443966787609918E+02  0.399750900417554E+02  0.724127251523850E+00
%  0.140325638337900E+01  0.207175628232174E+01  0.124481621036238E+02
% -0.639173702645905E+01 -0.801947848271990E+01  0.842637007772164E+01
% -0.240167451803359E+02  0.478064302001524E+01  0.299712328700104E+02
% -0.961718644593597E+01  0.228743828310669E+02  0.110124072911791E+02
% -0.316310047455072E+02 -0.687631744349494E+02 -0.124681501418115E+02
%  0.781014637165214E+01  0.446740391956416E+01 -0.140379564563248E+01
% -0.518210874282886E+02 -0.234952369552294E+02  0.164511584754774E+02
%  0.125882043995102E+02 -0.157958385327810E+02  0.901032869279290E+01
% -0.961226944640698E+01 -0.183796946872308E+02 -0.311856982519787E+01
%  0.585530141979623E+01 -0.291680476120389E+02  0.429036049136207E+02
% -0.874300184961872E+02 -0.150416943766915E+02  0.678484950431556E+01
% -0.123695464599378E+01  0.192558338950467E+02  0.686325889244059E+01
% -0.167240717769650E+02 -0.702329778008377E+01 -0.718509402353621E+01
%  0.809194899233809E+01  0.272207292357452E+01  0.125629023454333E+02
%  0.163873423740423E+02  0.951758199419383E+01 -0.675935451156036E+00
%  0.790258847724510E+01 -0.546619653740000E+01 -0.239403495074053E+02
%  0.105226982218694E+01 -0.846160745902674E+01 -0.111847735447903E+01
%  0.426183875694430E+02  0.623532229420223E+01 -0.684558987335597E+02
% -0.361116798932540E+02  0.356118592157189E+02  0.125790754457009E+02
% -0.383743024166471E+02 -0.107320725053133E+02 -0.111475232801086E+02
%  0.308742672635828E+01 -0.136113245470012E+02 -0.205989164472959E+02
%  0.710451619987752E+01  0.487699578595343E+01 -0.294482846149030E+01
% -0.943589429937319E+02  0.139774032069702E+03  0.158458601019004E+03
% -0.170879634117161E+02  0.640062879173842E+01  0.149195378550923E+02
%  0.153127261183924E+02  0.188780563973774E+02  0.192693177789068E+02
% -0.711003568410569E+02 -0.131321028465002E+02 -0.650286332137526E+01
%  0.245038268089837E+02 -0.987705520211132E+01 -0.328917078290035E+02
%  0.262047698271992E+02  0.342241024127296E+02  0.281699182783150E+02
%  0.595056023560240E+02  0.299770191103863E+02 -0.361581615155850E+02
%  0.275721313952857E+02  0.149122866886517E+02  0.177842215263768E+02
%  0.980507171258218E+02 -0.651248911332300E+02  0.498773284435947E+02
%  0.443300558756917E+01  0.847119422588597E+00 -0.596449831857674E+01
% -0.272349113045610E+02 -0.992758836242856E+01  0.358849253556785E+02
% -0.809508523040646E+01  0.372905360485587E+01  0.179625502373799E+01
%  0.310746632644852E+02  0.967965712233416E+01 -0.357145983996244E+02
% -0.415455375252632E+01 -0.179817977545874E+02  0.277226399531451E+02
% -0.391841678537767E+01  0.139502800920195E+02  0.142626475254036E+02
%  0.630499343339923E+01 -0.596118769202193E+02 -0.286022519478985E+02
% -0.702796699943845E+02 -0.343663579690992E+01 -0.751564722610172E+02
%  0.749242340036714E+02 -0.931809093796672E+02 -0.582520116938080E+02
%  0.553477324643111E+02  0.600399752508263E+01  0.230602436725700E+02
%  0.530623860505629E+01 -0.989934614451199E+02 -0.952038261706528E+02
%  0.165571427888067E+01  0.146771796686107E+00  0.215896043761618E+01
% -0.186306673978269E+02 -0.157907310726498E+02  0.586603440185883E+01
% -0.135176801984415E+02 -0.139487999484913E+02  0.254984671322545E+02
%  0.120283356826520E+02 -0.212551514374717E+02 -0.109982936583242E+02
%  0.209937342241771E+01  0.203646760229467E+02 -0.230518336788978E+02
%  0.166026913116078E+02  0.881522066989849E+01 -0.457270616564344E+01
%  0.159868041664843E+01  0.345516993226716E+01  0.980952935635812E+01
% -0.827640234469176E+01 -0.196597783692745E+02 -0.164319944535873E+02
%  0.196563169383141E+02 -0.714336361252909E+01  0.614015078903399E+01
% -0.291006160616271E+02  0.306511874308789E+02 -0.299164894257556E+02
% -0.445545499410100E+02 -0.666899544110348E+01 -0.154883850525693E+02
%  0.337116283974731E+02  0.472626459286411E+02  0.118447128453626E+02
% -0.555754886027737E+01 -0.383915805392164E+02 -0.688674231079409E+02
% -0.243902164442494E+01 -0.236762937902267E+01 -0.111110578638779E+02
%  0.548705493379960E+02  0.451910322526153E+02  0.666039866927466E+02
%  0.685270485558071E+02 -0.124760475487547E+03  0.630985410330039E+02
%  0.321081772969501E+02  0.562959536894936E+02  0.110944080896175E+02
% -0.182205476374838E+02  0.119668304110321E+02  0.160519253353583E+02
%  0.856289830134185E+00  0.119418129944014E+02  0.193655732393566E+02
% -0.619116507437378E+01 -0.294093066176415E+01 -0.832524740225955E+01
% -0.357519911484869E+02 -0.700285772557781E+02 -0.416353289667226E+02
% -0.196086875760467E+02 -0.208583194075788E+02 -0.289542946142661E+02
% -0.495102178971665E+02 -0.899995908307072E+01  0.205856773419223E+02
%  0.266435872135592E+02  0.482124146365760E+02  0.600613783297120E+02
%  0.670601718166063E+00  0.398948054385929E+00  0.264254501000539E+00
%  0.175957627944086E+02  0.486890940148756E+01  0.623521070143577E+02
%  0.438709466882420E+02  0.627215238771741E+02  0.107237417143921E+03
% -0.665307956225921E+01 -0.407170106938162E+01 -0.127166213932306E+02
%  0.796910049650150E+01 -0.468693817894450E+02  0.393709072202279E+02
%  0.907304071216554E+00  0.129909415565587E+02 -0.894144812783359E+01
%  0.583957626395333E+01 -0.143712676629410E+02 -0.787595486088622E+01
%  0.115834226875530E+02 -0.611444891951694E+01  0.411459398447326E+00
%  0.577030586715819E+01 -0.205527684170555E+01  0.328121568112108E+01
%  0.200014198978508E+02 -0.145312112479529E+02 -0.522015341100840E+02
% -0.536130487617725E+02  0.220380894568885E+02 -0.233026853618293E+02
%  0.794987350364480E+01  0.752042960668146E+01 -0.809942563506051E+01
% -0.111219302402108E+02 -0.344317758415489E+02  0.185502838409102E+01
% -0.963297596877180E+00 -0.467636873827282E+01  0.581244535365529E+01
%  0.369594700626895E+02  0.378192601409091E+02  0.475032300124956E+01
% -0.233087932428896E+01 -0.150789294629052E+02 -0.244581542248068E+01
% -0.472181404829049E+01 -0.511413804018499E+01 -0.961002756200914E+01
% -0.276343511206072E+01  0.436031516034187E+01 -0.107547242852172E+02
% -0.808526921831932E+02  0.231379042081715E+02 -0.277414151098055E+02
%  0.202815574872038E+02  0.377989716775232E+02  0.106976470888966E+02
