% T    256  0.715122828077254E+01  0.715122828077254E+01  0.715122828077254E+01
   0.619237562844633E-01  0.557205543008598E+00  0.159818394704213E+01
  -0.179418137691972E+01 -0.308751661477441E+01  0.263684828636067E+00
   0.298933466193792E+01  0.338524430015153E+01  0.251045372083534E+01
  -0.703568184357154E+00  0.211414079501819E+01 -0.818806805448645E+00
  -0.191446515916305E+01 -0.313285006126038E+01  0.303655092636373E+01
   0.134336189404959E+01 -0.204999537140798E+01  0.351761780273473E+01
   0.115591807900814E+01  0.259408555450684E+01 -0.137087333214420E+01
   0.214423428543545E+00 -0.356208190856553E+01 -0.881434456796401E-01
  -0.353499656247195E+01 -0.154813521952256E+01 -0.129085935236744E+01
  -0.294415462602197E+01 -0.711320847528754E+00  0.255714935750982E+01
   0.229402987620971E+00 -0.532880729213012E-01 -0.334020378042054E+01
  -0.241933146510562E+01  0.258623903689140E+01  0.285608369821486E+01
  -0.167371755563978E+01 -0.123560297420484E+00 -0.194643273922612E+01
  -0.334103364277796E+01 -0.194886126080396E+01  0.193798290014321E+01
   0.205835851852804E+01 -0.436309620052342E+00  0.150667426176960E+01
  -0.257467323427818E+01 -0.233484090364294E+01  0.139489242515162E+01
   0.174445526334825E+01  0.254408027487547E+01  0.786433089045840E+00
  -0.328731118985172E+01  0.301923753798673E+01  0.337696456948528E+01
  -0.258263822034824E+01  0.222566925962409E+01 -0.109800693536891E+01
   0.501208589347239E+00 -0.106347490147991E+01  0.325486961712631E+01
   0.607167587704035E-01 -0.289369535396975E+01  0.753476505088630E+00
   0.250363604328192E+01 -0.254430928231443E+01 -0.238148751088165E+00
  -0.122457287973021E+01  0.171487092732312E+01  0.248855175117555E+00
  -0.179681026939975E+01  0.354944864119184E+01 -0.686872063337015E+00
  -0.828541864148168E+00  0.224660727070954E+01  0.340193257862743E+01
  -0.117190398341112E+01 -0.300589339295697E+01 -0.336126376545946E+01
   0.317485930034044E+01 -0.329113917649175E+01 -0.228044450261370E+01
   0.308927263735489E+01  0.185141463351931E+00 -0.481991920599791E+00
  -0.173588554518761E+01  0.136171351162205E+01  0.335633707517130E+01
   0.657290937915278E-01 -0.306860245871972E+01 -0.143649509886886E+01
   0.569504558431276E-04  0.123323953546709E+01  0.360760572385161E-01
   0.339760537328360E+01  0.219151471878847E+01  0.244919761758250E+01
   0.249434157010759E+01 -0.265916511671719E+01 -0.319703659477299E+01
   0.255491228538506E+01 -0.197730533438148E+01  0.291900822439203E+01
   0.238466567148349E+01  0.388038211866929E+00  0.346397962357701E+01
   0.133661191502355E+01 -0.132000946482966E+01 -0.100328144415737E+01
   0.196870259496347E+01 -0.313762006052794E+01 -0.108909365092019E+01
  -0.113790147190036E+01 -0.235680447201308E+01 -0.155216326855450E+01
  -0.150419268756496E+01  0.341896810273797E+01  0.124561730022796E+01
  -0.768779661368145E-01 -0.222731512804124E+01  0.178046536916476E+01
  -0.494513164622844E+00 -0.126627280880801E+01  0.277407927132906E+01
  -0.290484398879216E+01 -0.346052853112930E+01 -0.237326908824234E+01
   0.156950930077965E+01  0.409094156255478E+00  0.893022886732344E+00
   0.322164446975928E+01 -0.984650953515656E+00  0.216435452262818E+01
  -0.364481460192798E+00 -0.100860539338982E+01  0.167889931437090E+01
  -0.364508903326338E+00 -0.821031802292040E+00 -0.172485932148986E+01
  -0.355288876422784E+01 -0.343416213604707E+01  0.508644084993585E+00
  -0.243307884635170E+01 -0.120814101797631E+00  0.170725841834583E+01
   0.215409540752581E+01 -0.481747353863356E+00 -0.109342200653512E+01
   0.241500222276722E+00  0.373954242733274E+00 -0.183020038789628E+01
   0.860759545822612E-01 -0.208806069084082E+01  0.290666906976153E+01
   0.198433187996421E+01 -0.296892120886953E+00 -0.125224858250132E+00
  -0.202361925926760E+01 -0.260666522968174E+01 -0.865633275775509E+00
   0.460100175874869E+00  0.660377039253764E+00 -0.830025420645077E+00
   0.229031383380114E+01  0.206953467740951E+01 -0.331271696200636E+00
   0.311747809978613E+01  0.916774122475868E+00  0.252785451448633E+01
  -0.128755154179047E+01  0.134209974501297E+01 -0.283663180878670E+01
   0.353075141022125E+01 -0.220039355773405E+01  0.565435247392602E+00
  -0.219585374048293E+01 -0.227235266208458E+00 -0.148712217046109E+00
  -0.355786604599485E+01  0.238866346408191E+01 -0.697905769975667E+00
   0.165881357710309E+01  0.309660375804782E+01  0.291638272184967E+01
  -0.986625113043696E+00 -0.273490753383057E+01  0.134483515215106E+01
   0.155114269487236E+01 -0.345641815416219E+01 -0.204529599583720E+01
  -0.896590397475278E+00  0.579574325951076E+00 -0.181612657678903E+01
  -0.724690033107371E+00 -0.140704088076626E+01 -0.101323993867440E+01
  -0.157897693091917E+01 -0.114074198433870E+01 -0.248452391860169E+00
   0.232287948047936E+01 -0.141413993092338E+01  0.260437800390249E+00
   0.197423752188179E+01 -0.127367847678585E+01 -0.307878952338570E+01
  -0.154064976620930E-01  0.120530538029037E+01 -0.321955937790206E+01
  -0.212476382009055E+01 -0.208640563833930E+01 -0.323099820766059E+01
   0.338504223671549E+01 -0.484025355127297E+00  0.131644789529317E+01
  -0.392151052602590E+00  0.143831715401225E+01  0.149590841989021E+01
  -0.134628548444803E+01 -0.448614428792664E+00  0.101840181797165E+01
   0.264943633703561E+01  0.301521023103773E+01 -0.196281132269151E+01
  -0.151665965071474E+01  0.332153844479138E+01 -0.270499756297491E+01
  -0.213501746656727E+01 -0.102197360272654E+01  0.176428261400629E+01
   0.315756424712495E+01 -0.299207232757129E+01  0.160594871412958E+01
  -0.271791606726845E+01 -0.228963150699368E+01 -0.175285895265109E+01
   0.200201118812874E+01  0.312687026344111E+00 -0.214649918206077E+01
   0.190577123034538E+01  0.832928411992737E+00  0.255584354211840E+01
   0.108350052980907E+01 -0.351120130539689E+01  0.680608492934746E+00
  -0.187628206094508E+01  0.291455471420583E+00 -0.105470566898139E+01
   0.109783483031175E+01 -0.235690207831949E+01  0.504874170949003E+00
  -0.980589290072291E+00 -0.262923749374369E+01  0.247455364208599E+01
  -0.243025269239289E+01  0.266669322230122E+01  0.158359963500433E+01
   0.993103504407213E-01  0.225458325109992E+01  0.238959743535583E+01
   0.312919013267495E+01 -0.963040742135249E+00 -0.297974979556754E+01
   0.219631660050088E+01 -0.264808026591952E+01  0.938992285684120E+00
  -0.297297968449619E+01  0.143197064915512E+01 -0.299015623324832E+01
   0.330323796300154E+01  0.147195077665986E+01  0.348280924651219E+01
  -0.856288100894435E-01 -0.828919268108243E+00 -0.263264922929060E+00
  -0.733176951334708E+00 -0.226204424658836E+01  0.404988840589800E+00
   0.279952252385402E+01  0.164797110868841E+01 -0.128627826044458E+01
  -0.326573923850949E+01  0.318422713097117E+00 -0.334364577682655E+01
   0.312715287099476E+01  0.553925117913790E+00 -0.142752389475184E+01
   0.351448398514393E+01 -0.447670240575014E+00 -0.142229676032449E+01
   0.893620967453972E+00 -0.251350974591734E+01 -0.540973281852605E+00
  -0.123661482664422E+01  0.488255654839531E+00 -0.340069799460878E+01
   0.109884726365256E+01 -0.180255467794964E+00 -0.237689914273042E+01
  -0.344943567867645E+01  0.273137703799907E+01  0.165244064375936E+01
   0.250454856520051E+00  0.306595729838266E+01 -0.267410086373231E+01
  -0.415909409460949E+00 -0.311173931297554E+01 -0.267194822617892E+01
   0.393380403582448E+00  0.249275374776407E+01  0.333941639282516E+01
   0.722834956114157E+00  0.136752731091494E+01  0.120876436568104E+01
   0.101128506844540E+01 -0.837967168607864E+00 -0.308186834032377E+01
   0.206771348383662E+01  0.159187751869491E+01  0.696489941590874E+00
   0.135544406718208E+01  0.197446954471891E+01  0.252861944011472E+01
  -0.126386732398121E+01 -0.121454671276561E+01 -0.234041225972482E+01
   0.179665288274300E+01  0.132293135689904E+01 -0.968603279728312E+00
   0.784117024265070E+00  0.809262945751141E+00 -0.277070875133299E+01
  -0.316723693472048E+01 -0.400413988441017E+00 -0.262665977923709E+01
  -0.118076923379922E+00  0.343520870616311E+01  0.136699618304770E+01
   0.162494263272326E+01 -0.106806343082676E+01  0.310565308635294E+01
  -0.231169892473046E-01  0.207468130578553E+01 -0.176408030235217E+01
  -0.490266934194472E+00 -0.123461120993392E+01  0.515359153114320E+00
  -0.787959589581507E+00 -0.292918895763010E+01 -0.692481938100433E+00
  -0.302642487488783E+01  0.334392817839467E+00 -0.188652748605499E+01
   0.494238908870652E+00 -0.355732378079848E+01  0.312878783128026E+01
  -0.145504481310307E+01  0.617984864539269E+00  0.192168463439772E+01
   0.241988172270285E+01  0.101615400987552E+01 -0.240490231523449E+00
   0.279670191264729E+01 -0.174655279825921E+01 -0.243613494127063E+01
  -0.968782673720918E+00  0.315967282176831E+01 -0.473462145488345E+00
   0.568565568947687E+00  0.504799567303932E+00  0.585956752520850E+00
   0.956662235612572E+00 -0.265835807061440E+01  0.147096844087527E+01
  -0.196284744278372E+01 -0.400880994518660E+00 -0.287120795810994E+01
   0.278481672526226E+01  0.252717964797169E+01  0.327255818225201E+01
   0.248947993463192E+01  0.123465544395178E+01 -0.265164405937312E+01
   0.548236906869211E+00  0.197882404068226E+01 -0.684827551381901E+00
  -0.334429031603679E+01  0.255511336995923E+01  0.479326507174900E+00
   0.312726940656428E+01 -0.341790277968854E+01  0.344714556450256E+01
  -0.109237767769033E+01  0.160255455932176E+01 -0.162533620947874E+01
  -0.166582098804207E+01  0.281356065483666E+01  0.348242875695377E+01
   0.923795290707575E+00 -0.290013906193757E+00 -0.566507201319187E+00
  -0.346639451664844E+01 -0.150192208062179E+01  0.336032330756707E+01
   0.876164388513351E-01  0.106995489617921E+00  0.270897781200707E+01
   0.205160490351074E+01  0.289564253923205E+01 -0.950672184806029E+00
  -0.209279927542593E+01  0.121080518671929E+01 -0.136160461683341E+01
   0.344998443012480E+00  0.260034715871726E+01  0.852283742822215E+00
  -0.153341316083986E+01 -0.323076178472491E+00  0.257046542663542E+01
  -0.227824977402873E+00 -0.258096611527495E+00  0.103060203289903E+01
  -0.170555573110763E+01  0.225968704110954E+01 -0.545978013865195E+00
   0.173348140751526E+01 -0.152411835244201E+01  0.105810622882733E+01
   0.351540147719133E+01  0.557250823592334E+00  0.988200556791913E+00
  -0.183036902389453E+01  0.284648702365698E+01  0.259085967944339E+00
   0.100618534878994E+01 -0.194021590245530E+01  0.225127123929739E+01
  -0.325473598160024E+01  0.296101338794504E+00  0.202527555641788E+01
   0.317723759562328E+01  0.260246252587720E+01 -0.267990818631352E+01
   0.822024135215354E+00  0.102291480047474E+01  0.237228777716973E+01
   0.278099285239325E+01  0.276035150001806E+01  0.940267710358566E+00
  -0.766080799188128E+00  0.335632014748756E+01  0.274726766057921E+01
   0.297887379425955E+01  0.179935850430870E+00 -0.245198417205705E+01
  -0.178088694897120E+01 -0.262114925218424E+01 -0.233592282689795E+01
  -0.355773415940146E+01  0.144785754451819E+01 -0.471222798624082E+00
  -0.184782719893633E+01 -0.201750556814414E+01  0.210438911946357E+01
  -0.627455981261198E+00 -0.112000871119276E+00 -0.104933644904620E+01
   0.338712638110763E+01 -0.104164428290817E+01 -0.294476146071484E+00
   0.257480951005974E+01  0.259014071560712E+01  0.195730138092937E+01
   0.250953636074574E+01 -0.739296187772898E+00 -0.214850077092508E+01
   0.208028931047420E+01  0.354772096415044E+01 -0.294182572161205E+01
   0.195043157550968E+01 -0.272901102301119E+01  0.222824127902961E+01
  -0.270053974842852E+01 -0.356190437532195E+01 -0.132038675745108E+01
  -0.300754567473623E+01 -0.302987289681565E+01  0.347300487163457E+01
  -0.297070383237958E+01  0.136726109426647E+00 -0.726683290657222E+00
  -0.212750935783804E+01 -0.162810404913931E+01 -0.214773430523607E+01
  -0.843852307222588E+00 -0.178074724966098E+00  0.124832324940463E-01
   0.167429700342501E+01  0.232079647200140E+01  0.356337962246894E+01
   0.973357831362875E+00  0.226992481712787E+01  0.167515572383041E+01
   0.348207233332956E+01  0.117294754758789E+01 -0.234559484229309E+01
   0.229509902865441E+01 -0.184012581787354E+00  0.264379408919313E+01
   0.279558827293404E+00  0.294061524188497E+01 -0.105133748631209E+01
   0.302239439884477E+01 -0.270216310987961E+01 -0.147079179249235E+01
  -0.114756808191683E+01 -0.113157156115431E+01 -0.356061965914477E+01
  -0.251797462231040E+01 -0.166893097392769E+01 -0.545704323301540E+00
   0.267173447061126E+01 -0.968255189123471E+00  0.333226088389263E+01
  -0.415382278094373E-01  0.140975493698229E+01  0.284380343456526E+01
  -0.266031044075119E+01 -0.213061360176561E+01  0.297667803617773E+01
  -0.239532493222560E+01  0.100300369707660E+01  0.158121825232044E+01
  -0.259812146747890E+01 -0.335259847973348E+01  0.200117411801517E+01
  -0.174807141495327E+01 -0.156268549541464E+01 -0.122250236426776E+01
   0.922072961957418E+00 -0.114230395796556E+01 -0.855356820169479E-01
   0.165421183513649E+01  0.129146790597752E+01  0.341853358672451E+01
   0.333493796439120E+01 -0.346750707614285E-01  0.292385686138384E+01
  -0.187242789058314E+01 -0.132736623432487E+01  0.286856862567669E+01
  -0.266196931050118E+01 -0.904424055197618E+00 -0.355567804533718E+01
   0.348231851553523E+01 -0.303977395654324E+01 -0.415855701664760E+00
  -0.318549177757177E+01  0.116673621514268E+01 -0.137968205783315E+01
   0.829091824881654E+00 -0.676069994685162E+00  0.918855339316113E+00
   0.207802912280280E+01 -0.391488894965456E+00 -0.292799559101456E+01
   0.434835782983298E+00 -0.273211690480696E+01 -0.338583707752549E+01
   0.838484684984556E+00  0.179949401499360E+01 -0.332732727421727E+01
   0.132793686404349E+01  0.118582907277065E+00  0.342739310200844E+01
   0.144583884224961E+01  0.357518481892682E+00 -0.135654449020982E+01
  -0.295731070644234E+01  0.171815000712663E+01  0.303784626564901E+01
  -0.148476374402289E+01 -0.164382122870689E+01  0.866972987918297E+00
   0.277930128116348E+01 -0.178028405368683E+01  0.113106278369111E+01
   0.349637586390418E+01  0.224298141825877E+01 -0.177458048611284E+01
   0.134739374092051E+01 -0.238873789827752E+01 -0.147714855185527E+01
   0.116763795308395E+01  0.241752118849406E+00  0.187725902471989E+01
  -0.346147623139575E+01 -0.297206056319365E+01  0.250627119655371E+01
  -0.242276331660551E+01  0.102556665867940E+01 -0.434620759609321E+00
   0.307867306493484E+00 -0.161889022386335E+01 -0.133047948839075E+01
   0.189586697914037E+01  0.192194136103076E+01 -0.188569728774795E+01
  -0.369057915853778E+00  0.253677625777623E+01  0.156411054911788E+01
   0.694067562949788E+00  0.117223100064123E+01 -0.165688359521944E+01
   0.394139488287202E-01 -0.187058412062826E+01 -0.247752760098634E+00
   0.108373243047952E+01  0.279567833960304E+01 -0.935668677092096E-01
   0.197557679133313E+01 -0.350373616542410E+01 -0.451463413736015E-01
  -0.102343280136939E+01  0.191179141147832E+01  0.241976681501897E+01
   0.515372599858044E+00 -0.155772899985440E+01  0.731174621132281E+00
   0.228041471715951E+01  0.349980545284461E+01  0.163195598498969E+01
   0.275170268074256E+01  0.412096118366212E+00  0.162433662750493E+01
  -0.695140752989888E+00  0.289072259839957E+01 -0.163724713383524E+01
   0.105939784663279E+01  0.217198391683721E+01 -0.244368433833573E+01
  -0.729217728663872E+00 -0.221948271401133E+00  0.334034456590206E+01
   0.168189724952677E+01 -0.134217616777294E+01 -0.199520693551330E+01
  -0.326735677413053E+01 -0.207461401512109E+01 -0.277627095743319E+01
  -0.268786333174988E+01 -0.290763003186944E+01  0.458002046909657E+00
  -0.257106149612155E+01  0.321742505847748E+01  0.792969759602456E+00
   0.900230966420022E+00  0.336037986506920E+01  0.180013267497250E+01
  -0.259614849637084E+01 -0.901170488666583E+00 -0.169542889322296E+01
   0.109774137623748E+01 -0.842601272776115E+00  0.223517862631066E+01
   0.247231734674091E+01  0.354998930333276E+00  0.554277759813230E+00
  -0.650659807184253E+00 -0.131371744021372E+00 -0.272001091605131E+01
   0.175714638186850E+01  0.131948337302218E+01  0.172953578197721E+01
  -0.131065441858908E+01  0.851156211140997E+00 -0.291695726165321E+00
  -0.472045824413365E+00  0.225711563003522E+01 -0.270095035031961E+01
  -0.904532321178354E+00  0.263755871447558E+01  0.699709148699565E+00
  -0.154210316543081E+01  0.196770289539343E+01  0.144902796301654E+01
   0.183423258707835E+00 -0.319308125940628E+01  0.226192792834556E+01
  -0.241758661703051E+01  0.186180813403300E+01  0.653553777763291E+00
   0.408996250282646E+00 -0.229036722994332E+01 -0.220134606541667E+01
  -0.238028923159388E+01 -0.696653479924475E+00  0.832845936626798E+00
  -0.129892702549861E+01 -0.214049844879387E+01  0.338672582162133E+01
  -0.115362142641720E-01  0.261200196245255E+01 -0.123949259726929E+00
  -0.238757810241708E+01  0.685136297385185E+00  0.272462633851449E+01
   0.389925133944307E+00 -0.124504391009460E+01 -0.232096175875411E+01
  -0.108315354164032E+01 -0.332678497157256E+01 -0.189671335369918E+01
   0.103833692761411E+01 -0.356842973721789E+01 -0.763301974829201E+00
  -0.340339268052236E+01 -0.210792437636290E+01 -0.440599765165863E+00
  -0.199054457370898E+01  0.472275137702580E+00  0.614575211240900E+00
   0.297007452005557E+01  0.329615955853347E+01 -0.409166829316380E+00
   0.175127164429699E+01 -0.226880087559552E+01 -0.265880926231381E+01
  -0.170161078767359E+01  0.298409522779476E+01  0.227823173506252E+01
  -0.214312097669880E+01  0.182497477085896E+01  0.233020516285798E+01
   0.114977240723874E+01  0.119409524132816E+01  0.552871820287120E-01
   0.704797292730576E+00 -0.687402989137748E+00 -0.142600226695775E+01
   0.265209620690853E+01 -0.144317059733318E+01 -0.121825536109674E+01
   0.197171883059268E+01 -0.147086759109036E+01  0.210235011672222E+01
  -0.294693781327217E+01  0.255070714468783E+01 -0.266460670550325E+01
  -0.292206488767227E+01  0.331943113044941E+01 -0.290504894967114E+00
  -0.271886574336702E+00  0.121471393828149E+01 -0.104090979970634E+01
  -0.302829503833157E+01  0.178766821212086E+01  0.142502850116992E+01
  -0.804467781408012E+00  0.872832648712353E+00  0.638911583234206E+00
  -0.158389592339077E+00 -0.166283134819771E+01 -0.324701155284284E+01
   0.303942859845597E+01  0.177049496523480E+01  0.935236393373709E+00
  -0.227147293738166E+01  0.515700144696368E+00 -0.268299817226518E+01
% -0.387660181314454E+00 -0.176900794266056E+01  0.490105528373690E+00
% -0.380624015150551E+00 -0.665032702199183E-01 -0.223183434939739E+01
%  0.160106269514256E+00  0.514718866948265E+00  0.896771820862248E+00
%  0.155661201547572E+01 -0.112561473179849E+01 -0.285323476407650E+00
%  0.664214968807750E+00 -0.574151376189328E+00  0.920103835843223E+00
%  0.233513267622029E+00 -0.143637372940771E+01  0.155958096094230E+01
% -0.125820595264659E+00 -0.972072164729641E-01  0.126461208532416E+01
% -0.356559529254417E+00  0.927697738651093E+00 -0.890002096440127E-01
% -0.194780370296317E+01 -0.150597646581433E+01 -0.140422973794973E+01
%  0.191869111719535E+01 -0.189642466724129E+01  0.303032994596742E+01
%  0.146890635886214E+01  0.610522062681564E+00 -0.143815143385598E+01
%  0.108981671460405E+00  0.238338353482063E+00 -0.324880269329360E+01
%  0.176697215208012E+01  0.173611878493068E+01 -0.123514921496290E+00
%  0.128715952800578E+01  0.210534490867402E+01  0.211202134862638E+01
% -0.174541165415616E+00 -0.432655435265377E+00  0.118265597309528E+00
%  0.144444142739177E+01 -0.146159108658566E+00  0.453807643434427E+00
%  0.454312039118163E+00  0.122109873818113E+01  0.468260318866398E-01
% -0.477780346676237E+00 -0.654798013410853E-01  0.981230622836701E+00
% -0.133217657724826E+01 -0.865735602829063E+00 -0.202057643985224E+01
% -0.108751217799096E+01 -0.978646516210149E+00 -0.664195790537411E+00
%  0.436161952881124E+00 -0.115239706697040E+01  0.709667921855603E+00
%  0.131911509998104E+01  0.352621878182906E+00  0.811889760237363E+00
%  0.134686694905583E-01  0.193814554135130E+01 -0.725907305503999E+00
% -0.208959480272454E+00  0.163202601896826E+01  0.941771031542084E+00
%  0.970701304678783E+00 -0.230494001244553E+01 -0.158432279042872E+00
%  0.219286199113823E+00  0.764626619559743E-01  0.188964469566509E-01
%  0.439806075981627E-01 -0.461026135722021E+00 -0.705424348198312E+00
%  0.174340899644365E+01  0.131315553913264E+01  0.374171359321252E+00
% -0.934727089778843E+00  0.726156119824055E+00 -0.116965463929569E+01
%  0.200706850125978E+01  0.612256757136953E+00 -0.186766165906639E+01
% -0.186412038492030E+01  0.171113841492700E+01  0.481693541549952E+00
% -0.624432505648405E+00  0.224037674483796E+00 -0.859889292769852E+00
% -0.403470109026689E+00 -0.407403622271393E+00  0.594427145347295E+00
% -0.997822752657953E+00 -0.903901930768611E+00  0.938388427643892E+00
% -0.151413432709856E+00 -0.791684601607213E+00  0.333236967364505E+01
% -0.131820519509464E+01  0.139095553846646E+01 -0.189250640972843E+01
%  0.308787111683413E+00  0.148268317789411E+01 -0.607931591304857E+00
% -0.111637549217213E+01  0.181662997215858E+01  0.701360066679559E+00
% -0.398667613160346E+00 -0.932303777486311E+00 -0.208553437764302E+01
%  0.881853939214933E+00  0.390575560566713E+00 -0.389470957690364E+00
% -0.132334746508018E+00  0.151635853805480E+00  0.151338566040409E+01
% -0.113872889426652E+01  0.142851534414132E+01 -0.505346321059573E-01
% -0.109677372398086E+01 -0.552045943698676E+00  0.489520363745766E+00
%  0.129819407598031E+00 -0.782982517691112E+00 -0.247370157971246E+01
%  0.394118640425214E-01 -0.411643177992711E+00  0.110175901541368E+00
% -0.441512821018315E+00 -0.174574571188179E+01 -0.951191386325685E+00
% -0.609990553456624E+00 -0.585714198396327E+00 -0.150367255317700E+01
%  0.242994288391121E+01  0.493296904181775E+00  0.171908210149075E+00
% -0.161510537098912E+00  0.238734790587510E+00  0.175462844469678E+01
% -0.678558291958072E+00 -0.686048588627132E-01  0.370545121935722E+00
%  0.493412985530819E+00  0.136792741129883E+01  0.102679188155605E+01
%  0.256878985507609E+01 -0.866904155335214E+00  0.635077755248555E+00
% -0.747327484732002E+00 -0.125556052581145E+01 -0.238966024447805E+01
% -0.250945000743332E+01  0.279376807445757E+01 -0.170838777842469E+00
%  0.185099344621992E+01  0.835985256145172E+00  0.116098294298957E+01
% -0.470717592431848E+00 -0.741739840956103E+00  0.119586549543797E+01
% -0.702955605502946E+00  0.193607346800641E+01 -0.413309350083497E+00
% -0.520169063475634E+00 -0.272545591896759E+00  0.119182409519075E+00
%  0.129252926347559E+00  0.134201287781369E+01 -0.132258471834885E+01
% -0.185412741605567E-01  0.366398559355332E+00 -0.160184763897598E+01
% -0.804173636602214E+00 -0.238196816967703E+01  0.159882236573843E+01
% -0.530030335378417E+00 -0.356116108470317E+01  0.150838174610061E+01
%  0.159097894723043E+01  0.963514126343416E+00 -0.232325979213022E+01
%  0.758542383804544E+00  0.138298414347938E+01  0.151074433046441E+00
%  0.124228242685915E+00 -0.768628106919785E+00  0.148409276320008E+01
%  0.452437516151099E+00  0.121542553073947E-01  0.135289154911310E+01
%  0.502823289447923E+00 -0.384502911309935E+00 -0.171574159183662E-01
%  0.591052434807405E+00  0.494016225263114E+00  0.581706674418782E+00
% -0.482749509004670E+00 -0.752598182117836E+00  0.165696487196431E+01
%  0.131671252053704E+01 -0.943054089085720E+00 -0.119933128919551E+01
% -0.149241777582054E+01  0.830003982187098E+00 -0.146398647967367E+01
%  0.582493224663546E+00  0.673846363772061E+00 -0.297182960752059E+01
%  0.165895108418825E+01 -0.183915047370194E+01  0.627436979106850E+00
%  0.330673569911821E+00 -0.182498877533883E+00  0.127805279411322E+01
% -0.216522428263768E+00  0.110497635128905E+01 -0.169944852470891E+00
%  0.803852952857948E+00  0.182762739755121E+01  0.688921787443692E+00
% -0.791383300477054E+00 -0.176310554275835E-01  0.104052486777108E+01
% -0.910275758100009E+00  0.389301127843853E+00  0.894700053226083E-01
%  0.654569132225535E+00  0.566302923724033E+00 -0.122608969904655E+01
% -0.365410838064611E+00  0.742252746979096E+00  0.150968943301184E+01
% -0.139086249530530E+01 -0.962722768977177E+00  0.214643182557262E+01
%  0.120536833290276E+01 -0.143395367974295E+01 -0.136440625076983E+01
%  0.605334432863132E+00 -0.110821106379231E+01  0.149763894192510E+01
%  0.107949887252811E+00  0.175859011939078E+01  0.463388117709821E+00
%  0.305284828102431E+01 -0.105567648396150E+01 -0.228868823843039E+00
% -0.154820383953549E+01 -0.648613814926778E+00  0.143575909600279E+01
% -0.241607570915911E+00  0.139365231863546E+01 -0.601056876239442E+00
% -0.192457460964049E+00  0.933749249820295E+00 -0.263695606230608E+00
% -0.926226382862401E+00 -0.205910990680722E+00  0.152179912066956E+01
% -0.882711855538968E+00 -0.139725819973482E+01 -0.507982075487168E+00
%  0.112583672574199E+01  0.146382697735978E+01 -0.161518916594322E+01
%  0.237319750870449E+00 -0.161661690595101E+01 -0.189678257696651E+00
%  0.114105231339584E+01 -0.176085179052303E+01  0.797563869869951E+00
%  0.816841573591969E+00 -0.115336348067101E+01  0.663966427806404E+00
% -0.318416444031643E+00  0.680894292807581E+00 -0.109257542725980E+00
% -0.120106648232430E+00 -0.447056194198161E+00  0.587727362141321E+00
% -0.242509363666300E+01  0.122166307794146E+01 -0.138014116988395E+00
%  0.142813805662049E+00 -0.668176856064012E+00 -0.262735725339052E-01
%  0.223533301957489E+00  0.180184202167430E+00  0.646752314949755E-02
%  0.572526456507256E-01 -0.552822908634025E+00 -0.600394762178936E+00
% -0.207250415879641E+01  0.141000768714723E+01 -0.174104327697372E+01
%  0.154356873233846E+00  0.207051519904929E+00  0.287154919025186E+00
%  0.105768264623469E+01 -0.101182386608432E+01 -0.221449962815255E+00
% -0.578011791867417E+00 -0.603168510743334E+00 -0.162984934268465E+01
%  0.724729688463451E+00 -0.258780210054862E+00 -0.269290223065547E+01
% -0.142655745790708E+01 -0.597809779856471E+00 -0.366103380719952E+00
% -0.188950872694794E+01 -0.154273730427076E+01 -0.224336932239607E+00
% -0.627609670551765E-01 -0.663991834322480E+00  0.296841408681063E+01
%  0.557456087959072E+00 -0.187228989853369E+01 -0.358826970001012E+00
% -0.106985720377300E+01 -0.488920022887022E+00 -0.159759232871640E+01
% -0.262598537718565E+01 -0.800728695412748E+00 -0.250709378529157E+01
% -0.408764457883084E+00  0.418532490911818E+00 -0.715283671726494E+00
%  0.458244530352433E+00 -0.133552838339899E+01  0.389385622946109E+00
%  0.106077984310417E+01 -0.720536636784118E+00 -0.119050851165910E+01
% -0.458777099252013E+00 -0.955733166590012E+00  0.447512699791414E+00
%  0.324579180647022E+00  0.432646873836320E+00 -0.227010714259345E+00
%  0.163355033560840E+01  0.125078216916414E+01  0.263671193065649E+01
% -0.135303887240053E+01 -0.508199749543151E+00 -0.343706698184157E+00
% -0.170801403377097E+01  0.126846766432590E+01  0.115607373192792E+01
% -0.388368051364516E-01  0.726877847021976E+00 -0.335793852655246E+00
%  0.174028611848061E+01  0.170926069719685E+01 -0.982960657203860E+00
%  0.167331688000958E+01 -0.739452444445988E+00  0.125816719256280E+01
%  0.882981544077822E+00 -0.172610615337477E+01  0.123466713364249E+00
%  0.797270534747270E+00 -0.245245857084397E+01 -0.599821473527272E+00
% -0.110484289788710E+01  0.132631123993006E+01  0.378592205176860E+00
%  0.295359852017103E+00 -0.849396530096333E+00  0.583506584785131E+00
%  0.172060067156831E+01 -0.142982310645426E+00  0.146706740636790E+00
%  0.814733651066912E+00  0.188375806427685E+01  0.192562079522528E+01
% -0.355432635995474E+01 -0.209754824640226E+01 -0.336018499691811E+00
% -0.118547790500936E+00  0.770255457096882E+00 -0.265876415982167E+01
%  0.619163368667915E+00 -0.746566498846604E+00 -0.719360920745241E+00
%  0.485120006992251E+00  0.151970333582291E+01  0.283101192456764E+00
% -0.145223987256051E+00  0.728527964657877E+00  0.910365599531813E+00
%  0.124883009984506E+00  0.704278123682434E-01  0.347602819578096E+00
%  0.404164101050422E-01 -0.841934760882987E+00  0.255916030595613E+01
% -0.152336970351866E+01  0.127031666873808E+01 -0.819400575101335E+00
% -0.936637178064479E+00 -0.557027503775507E+00 -0.286745217183483E+01
%  0.171320051953182E+00 -0.173282013556341E+00  0.183637909980751E+01
% -0.139439082305996E+01  0.157935261256017E+01 -0.212989921785964E+01
%  0.148477066097657E+01  0.849263754976933E-01 -0.446700645481913E+00
% -0.135391513577976E+00  0.115351556917232E+01  0.139764059269817E+01
%  0.113152641481674E+01 -0.140648185553345E+01 -0.113989381715954E+01
%  0.532432134145783E-01  0.799114020835322E+00  0.123949310717790E+01
%  0.510706965721390E+00  0.134621091221454E+01  0.151714519995052E+01
%  0.114301916320785E+01 -0.186092238324249E+01 -0.154343151544029E+01
%  0.139214611803981E+00 -0.367699191885191E+00  0.739304581271627E+00
%  0.651089556281184E+00 -0.565055433221709E+00 -0.471907807463257E-01
%  0.504068405470878E+00 -0.923730704092494E+00  0.142537242229354E+01
%  0.466555269324685E+00 -0.201155802551407E+01 -0.105451134932789E+01
% -0.769343849239075E+00 -0.341851512486083E+00 -0.677171265805912E+00
% -0.168015693052769E+01 -0.371344130898940E+00 -0.131076846505556E+00
% -0.522004599792372E+00  0.802062799591203E-01  0.490868576055323E-02
%  0.112670094018255E+01 -0.343688870979619E+00  0.625656480236405E+00
%  0.211074850245888E+01  0.105768890904077E+01  0.498062376392920E+00
%  0.809911850926618E+00  0.978259329216208E+00  0.117336940917581E+01
% -0.139093795594169E+01  0.988950093273307E+00  0.245601074905298E+00
% -0.815550384294738E+00 -0.784673389118948E+00  0.941877973819790E+00
% -0.251574602173591E+00  0.332874419649928E+01 -0.162399600592763E-01
% -0.586250167508252E+00 -0.129886574809057E+01 -0.486587320527788E+00
% -0.107238538424952E+01 -0.395788520717741E+00  0.624623801916622E+00
% -0.112458463118027E+01  0.109734624976998E+01  0.105949404613615E+01
% -0.166241440227239E+01 -0.233883514748486E+00 -0.153993908068297E+00
% -0.774608375562632E-01  0.936960055577409E+00  0.128032467974668E+01
% -0.330838476431362E+00  0.201898861656479E+01 -0.127386170773089E+01
%  0.193628827212431E+01  0.128885658471435E+00 -0.200183911009039E+01
%  0.199644027379194E+01  0.181151629478645E+01  0.606094015043452E+00
%  0.747080639198987E+00 -0.268609168658229E+01 -0.155981921948437E+01
% -0.209169998016695E+01 -0.466755073736189E+00  0.166335168641031E+01
%  0.242212956300737E+01 -0.167812055885765E+00  0.118169524821888E+01
%  0.117579246003830E+01 -0.467542612135291E+00 -0.194275432563560E+01
% -0.201142330588079E+01 -0.154206815012579E+01  0.156078938358854E+01
% -0.859320937072571E-01  0.139216644673811E+01 -0.292722197894009E+01
% -0.409663621819938E+00  0.218186675346068E+01 -0.168517634301079E+01
%  0.177620799127871E+01  0.136620696683572E+01  0.119166189182138E+01
% -0.101973292182298E+01 -0.640613446589660E+00  0.825066670747526E+00
%  0.222720076530825E+01  0.133000602532205E+00 -0.938233207185175E+00
% -0.219071408648418E+01  0.889885840979019E+00 -0.436498770234124E+00
% -0.715817867079822E+00  0.334629187317681E+00  0.381695747431970E+01
%  0.214600842816775E+00  0.140089887690979E+01  0.370853938895812E-01
%  0.296548231885140E+01  0.240792846775283E+00 -0.596714497783351E+00
% -0.159824132412576E+01 -0.736732946904521E+00 -0.562101761184864E+00
%  0.157093774853033E+01 -0.159507747419845E+00 -0.135106989774451E+00
%  0.162160626332951E+01  0.153176332290373E+01  0.124332136445842E+01
%  0.101553545469186E+01  0.153640647876842E+01  0.205281157573678E+01
% -0.200482376613578E+00  0.121860513403438E-01  0.159406524773661E+01
% -0.128732815363781E+01 -0.321969749526327E+00 -0.482297225205037E+00
%  0.168244276154922E+00 -0.920885454180990E+00 -0.753018528264693E-01
% -0.932647444578590E+00  0.518390925922879E+00 -0.865386111653842E+00
%  0.208528548553407E+00  0.267264145543198E+00  0.115873279374050E+01
% -0.166233754530861E+01  0.746129657756968E+00 -0.541985069582495E+00
%  0.619774906161520E+00  0.681358032177948E+00  0.160305072938636E+00
%  0.530700409261831E-01  0.465902335183894E+00 -0.630493051566678E+00
% -0.132375414035637E+01  0.638456337699494E+00 -0.162846492501334E+01
%  0.339049031980066E+00 -0.119782266187202E+00  0.190906819946965E+00
% -0.127289567544905E+01  0.801816886403600E+00  0.150947711377353E+01
%  0.833900221796133E+00 -0.116074074505662E+01 -0.349029713934369E+00
%  0.721430907842140E+00  0.515781802514458E+00 -0.237658725830737E+01
%  0.989617097461662E+00  0.291160814454357E+00 -0.417067366089688E+00
% -0.237866449584623E+01  0.217484581048930E+01  0.957615306345333E+00
% -0.431855829614742E+00  0.780287994064269E+00 -0.203051907212494E+00
% -0.511272853185305E+00 -0.281462196078730E+00 -0.195099897018707E+01
% -0.984813894596865E+00  0.162986764993636E+01 -0.304744294060029E+01
% -0.197993666444890E+01  0.772375911865450E+00  0.372141621419574E-02
% -0.519448352052239E+00 -0.570280098544697E+00  0.176246127337811E+01
%  0.117861113986343E+01  0.194496160786429E+01 -0.369864928932052E+00
% -0.734338626155590E+00  0.208121759793666E+01  0.579306844383631E+00
%  0.234974102065962E+01  0.597206756394378E+00 -0.829348297408297E+00
% -0.121134628385423E+01  0.445197571618855E+00  0.261449160540869E+00
% -0.695792324429424E+00 -0.401320543444007E-01 -0.213147800491686E+01
%  0.107982852840761E+01 -0.918978686626768E-01 -0.121905167349625E+01
% -0.242722060372714E+01 -0.100976041362293E+01 -0.464257469681239E+00
% -0.232241319155120E+01 -0.109125798511484E+01  0.253195740108733E+01
% -0.604737265759886E+00  0.612969703361531E+00  0.246308178058400E+01
% -0.631062892425018E+00 -0.148204298207050E+01 -0.231886823294223E+01
%  0.688150774559027E+00 -0.155248937128512E+01 -0.578676018142836E+00
%  0.426963445622650E-01 -0.646705726555260E-01  0.226625252266806E+01
%  0.414229237739410E+00 -0.127849708739371E+01 -0.149727253731608E+01
%  0.133284997992608E+00 -0.163273839631899E+01  0.430591479294721E+00
% -0.513882367963841E+00  0.982383536096492E+00 -0.595741843561770E+00
% -0.145018090649404E+01 -0.868730438643742E-01  0.719113712411276E+00
%  0.114499396481321E+01  0.697374035843611E+00  0.163093971529786E+01
% -0.251006806796023E+00 -0.193906369707573E+00  0.264723344245623E+00
%  0.150491225200653E+01  0.120624255596891E+01  0.355074348902752E+00
% -0.614480395711747E+00 -0.639468045380308E+00  0.269148735357444E-01
%  0.109875780093983E+01 -0.252560667381647E+01 -0.587501615202611E+00
% -0.918785780972698E-01 -0.116619498765155E+01 -0.974056064035705E+00
%  0.445424383830009E+00  0.115131578136887E+01 -0.148693997835647E+01
%  0.153426477165303E+01 -0.591730003710490E+00  0.750976729811819E+00
%  0.913618830479592E+00  0.441287551409322E+00  0.634842670005039E+00
%  0.558825245710271E+00 -0.123928899417615E+01 -0.990553107496174E+00
%  0.183051576910730E+01 -0.572488253261369E+00  0.662774998039325E+00
% -0.144682294106411E+00 -0.956307721548553E+00 -0.202352850599629E+01
%  0.469538194266796E+00 -0.603322287182728E+00 -0.353394305806459E+00
%  0.162649764094384E+00 -0.975726253339303E+00 -0.150595313691006E+00
%  0.239820495547244E+00  0.414614573035322E+00 -0.615326102814659E+00
%  0.388549429675739E+00 -0.123183778934949E+01  0.956192407400121E+00
% -0.561492027378022E+00  0.122600514553464E+01  0.112153598117813E+00
%  0.836569589561566E+00 -0.128247000456052E+01  0.579383886909713E+00
%  0.952869248634873E+00 -0.267126053954205E+01  0.174726076949314E+00
% -0.784452493878036E+00 -0.158888903824490E+00  0.224131236137545E+01
% -0.110790803017294E+00  0.107194875137070E+01  0.114454320363535E+01
% -0.866050408291089E+00 -0.708161028016319E+00  0.145532593179660E+01
%  0.206180172690240E+01  0.205932085940519E+01 -0.129343780174728E+01
% -0.104343042233019E+01  0.566436790958949E+00  0.540611858079265E+00
%  0.150874054147084E+00 -0.328698420068505E-01  0.307318895541260E+00
% -0.150003045156402E+01 -0.712253371820241E-01 -0.965266209764399E+00
% -0.229326970578141E+00 -0.502965856990208E+00  0.882059035619287E+00
% -0.304921206486431E+01  0.160471471287717E+01 -0.226732418251373E+01
%  0.479787956420605E+00  0.446511941616998E+00  0.823607477872841E+00
% -0.143186291820673E+01  0.339518936300147E+00  0.462047828255038E+00
% -0.164286462392845E+01  0.923471363449276E+00 -0.136424710079297E+01
%  0.622712125067038E+00 -0.162023416155241E+01  0.570718578644637E+00
% -0.275983300769324E+00  0.881340271337423E+00 -0.876971879494958E+00
%  0.120105365437345E+01 -0.257147217920562E+01  0.657793598575196E+00
%  0.106606840839269E+01  0.643383307209149E+00 -0.458408221007677E+00
% -0.512363155019537E+00 -0.209894719521184E+01  0.835481143945972E+00
%  0.165656996527898E+02 -0.138275510847403E+02  0.112432502798117E+02
%  0.787891261334908E+02 -0.170319292917174E+02 -0.131375429538927E+02
% -0.233051945798734E+01 -0.931509170363806E+01 -0.157467186945865E+02
%  0.934938347178685E+01  0.172671966673029E+02  0.126505941135904E+02
% -0.442545340584844E+01  0.490078879868410E+00 -0.618834864411430E+01
% -0.317592480979839E+01  0.229767844664150E+01 -0.501444171418270E+01
%  0.123966571275240E+02 -0.113862640888485E+02 -0.130993936218562E+02
%  0.101524257586444E+01  0.193287852520504E+02  0.104792740937876E+01
%  0.408129735950593E+02  0.107289993505773E+01 -0.168924234654034E+02
%  0.283062233044567E+01  0.524372432766196E+00 -0.242292530284362E+01
%  0.100415942024479E+02  0.134615672232814E+01  0.168311536024396E+01
% -0.385636177451445E+02  0.309248601491986E+02  0.179467479854577E+02
%  0.543996037957530E+01 -0.112878678073497E+02 -0.203956595896957E+01
% -0.144336461546629E+02  0.593894346308977E+01  0.113819086621699E+02
% -0.250753817314228E+01 -0.303973878572068E+01  0.917991356842748E+00
%  0.941508709481597E+01 -0.885505366972215E+01 -0.123276972936073E+02
% -0.134045044243854E+02  0.196303142525079E+02  0.236302949035859E+01
%  0.564227084997571E+01 -0.117335131141768E+02 -0.957255916560218E+00
% -0.770582428912464E+01 -0.328926167407075E+01 -0.755089286932023E+01
% -0.131806484795111E+02 -0.481685593965136E+01 -0.275783720380928E+02
%  0.820112655538883E+01  0.103036959609165E+02  0.295477157689500E+00
%  0.156048180834693E+01  0.272712778573246E+01  0.835504949936862E+00
% -0.553287986911111E+01  0.234293676071552E+02  0.353488989203370E+01
% -0.581294744632843E+02  0.139498276014961E+02 -0.151795204657740E+02
%  0.189637653932814E+02 -0.998067684908987E+01  0.207900959777778E+01
% -0.723952701270559E+00 -0.384480639697302E+02  0.135754747969349E+02
%  0.282389056525798E+01 -0.295960111865507E+01 -0.218394469716533E+02
% -0.189525942357590E+01 -0.103210171947280E+02  0.155704044403369E+02
% -0.592062109642571E+01  0.777886737121738E+01 -0.112974656349768E+02
% -0.758717078682216E-01 -0.170115991158424E+01  0.150165494655612E+01
%  0.714344153184969E+00  0.856998341405943E+01 -0.453481563959129E+01
%  0.573438189554109E+01 -0.155223703751772E+02  0.181505976935734E+02
%  0.219995334908396E+02  0.516924114617121E+00 -0.141288564379759E+02
% -0.117260332861255E+01 -0.107583560736714E+01  0.167098671621120E+01
%  0.845616019251300E+01  0.135610220669378E+02  0.202103037272170E+02
%  0.239937868187021E+02 -0.208144738088345E+02  0.746772907324707E+01
%  0.127945164518137E+02 -0.305920434571505E+01  0.434909196956587E+01
%  0.865820133253249E+01  0.125494385180168E+02  0.604410453833022E+01
% -0.321682701042774E+01 -0.254199493007386E+01 -0.141292049395384E+01
%  0.115257449216262E+01  0.227318815895842E+01 -0.190723757199416E+01
% -0.841511262951095E+01  0.135376077852297E+02 -0.620464643554071E+01
%  0.284445985731176E+01  0.150062288131685E+01 -0.646604326172127E+01
% -0.323952174488060E+02  0.546038444859379E+01  0.141774948138900E+02
% -0.103778298299843E+02 -0.118633271207389E+02  0.243472569516095E+02
% -0.275625208001885E+01 -0.196818930643468E+02  0.121759594743368E+02
%  0.725673505194991E+01  0.113887299324535E+02 -0.305225191434478E+02
% -0.176591071625586E+02 -0.172147391790367E+02  0.222885537763242E+02
%  0.167240591695481E+02  0.458453044993876E+02 -0.711125424418898E+01
%  0.241289246708816E+01 -0.133502646849278E+01 -0.256901042209426E+02
% -0.400013576812451E+02 -0.721699377582734E+02 -0.194532283689033E+02
%  0.100625995419811E+02 -0.168241071494815E+02 -0.468492117950030E-01
% -0.821964158692662E+01  0.392488217839620E+00  0.194094374450610E+02
% -0.165169279869940E+01  0.846084990921543E+01 -0.318358140292466E+01
%  0.483707373956677E+02 -0.475311319134968E+02  0.421922870369339E+02
%  0.258219938006317E+01  0.354048073362093E+01  0.645843417743073E+01
% -0.401758886496134E+01  0.869119485367134E+01 -0.694646055314362E-01
%  0.530709105566413E+01  0.120898279209142E+02  0.173310972109825E+02
%  0.649502059017419E+01 -0.115810440585740E+02  0.459423969207189E+01
%  0.970211150762010E+01 -0.697044012489911E+01  0.197823438299684E+01
% -0.660864495125783E+01  0.438253718038743E+02 -0.369522326542181E+01
%  0.525067412893064E-01  0.137978109753598E+02 -0.153730297408867E+02
% -0.678642301711139E-01 -0.140141410644703E+01  0.230862552874467E+01
% -0.497261181232591E+01  0.434133915699822E+00  0.841225565631812E+01
%  0.525415369285441E+01  0.217025987129157E+01 -0.412390706583029E+01
% -0.515519261176601E+01 -0.151299385892873E+02  0.249876827624132E+02
%  0.712896298350468E+01  0.227103853211955E+01  0.756686066518768E+01
%  0.112058519831533E+02  0.536687886175881E+01 -0.303202700396939E+02
% -0.722650906129748E+01 -0.138154806738612E+03 -0.979772341821140E+01
% -0.306858951523994E+02  0.439749847320748E+01 -0.804544709701720E+01
% -0.269442400574962E+02  0.452351746134136E+01  0.177231882050989E+02
%  0.341579888845932E+01  0.116218480868863E+02 -0.186257241451712E+02
% -0.118707133858305E+02  0.249208421546683E+02  0.479761899123022E+00
%  0.314171482112242E+01 -0.425996745179789E-01  0.375964541665934E+00
% -0.268386602430780E+02  0.602389746146111E+01  0.300220524262986E+02
% -0.239029272812827E+01 -0.225180250797679E+01 -0.387228514761918E+01
%  0.234212656283532E+02 -0.585441057396566E+02  0.203521039986944E+02
% -0.298606102665227E+01  0.240200744763064E+01 -0.105100312149470E+02
% -0.246613690615760E+02 -0.275002854772426E+02  0.193957553223368E+02
%  0.206591258968808E+02  0.779815320207545E+01 -0.234784602056520E+02
%  0.114610598337404E+02 -0.286723898143054E+02  0.162153388064395E+02
% -0.255939767279118E+01 -0.440880578317733E+00  0.408199949947205E+00
%  0.350577384306662E+01 -0.175060044792983E+02  0.224889898660692E+02
%  0.139493539641392E+02 -0.912313165204229E+01 -0.148390099616880E+02
%  0.463308705255480E+01 -0.314430194255588E+01 -0.103347417647988E+01
%  0.198633290256168E+02 -0.217358995295192E+02  0.261509914674938E+02
%  0.152481876760111E+02  0.239968530272965E+02 -0.110773705968165E+02
%  0.307724484908430E+02  0.151130102627693E+02  0.303990077376132E+02
% -0.573081138913120E+01 -0.563270080346640E+01 -0.121999679330076E+01
%  0.248806330953834E+02  0.665418381938976E+01 -0.211272482612516E+02
% -0.155562824485738E+02 -0.323286097331993E+01  0.769487277829908E+01
%  0.231396085138885E+02  0.222514814686216E+02 -0.420880287327586E+02
% -0.349607881889822E+01 -0.639119788306656E+01 -0.715552727534182E+01
% -0.209514490065686E+01 -0.731671086437391E+01  0.678338665889756E+01
% -0.816264475356619E+00  0.147981133501628E+02 -0.714938437849779E+01
% -0.115327406942643E+02  0.662825234546214E+01 -0.151535083337705E+02
% -0.355793972394632E+01 -0.608996765376380E+01 -0.868105804337004E+00
% -0.507448232412244E+01  0.736756551168515E+00  0.331812567713370E+01
% -0.248917546250136E+02  0.177383431053683E+02  0.126539326204235E+02
% -0.297080770342986E+01  0.223022951748573E+02  0.312658106647613E+02
% -0.137587487119836E+02  0.208763336951387E+02 -0.157509873480886E+02
%  0.232048572843175E+01  0.627228748632841E+00  0.476899584890059E+00
%  0.173596936133224E+02  0.939269744306795E+00  0.403217168123067E+01
% -0.208660718390743E+02  0.393723173471797E+02 -0.117500254363431E+02
%  0.925146020107286E+00 -0.467499409211193E+01 -0.193257980615763E+01
%  0.118936979632502E+02 -0.173567015110095E+02 -0.115411846139643E+02
% -0.118863653376689E+02 -0.252026962137506E+02 -0.848059313558475E+01
%  0.118971808785860E+02 -0.793421112486498E+01  0.342052308510611E+02
%  0.324034949009127E+02  0.177961408824780E+02 -0.672428477508453E+01
% -0.196472429134478E+02  0.548831002354451E+01 -0.134060813555952E+02
%  0.212757961103732E+02 -0.100597472534795E+02  0.112966849432378E+02
%  0.533960348942405E+01 -0.153479918732072E+02  0.935938769416298E+01
%  0.756775273128714E+01  0.460238091901098E+02 -0.903151010661543E+01
% -0.552519256557653E+00  0.331855625955679E+01 -0.314157566361233E+00
%  0.104624976349931E+02 -0.657298846422308E+01  0.962365414946221E+01
% -0.225232039259102E+02 -0.737038136780551E+01  0.358755739773800E+02
% -0.528781124716798E+00  0.436295823354471E+00  0.307252494772455E+01
%  0.835212158598879E+01 -0.192908669983459E+02 -0.962472463611171E+01
%  0.928503927357724E+01 -0.199453651342030E+02  0.175258546454431E+02
%  0.264251722917218E+01 -0.765037887749123E+00 -0.273143682305072E-01
%  0.120929543912222E+02 -0.233564512166977E+01  0.639426774675665E+01
% -0.804955697159992E+01 -0.198779635812805E+02  0.112543616567286E+02
%  0.642444848514344E+02 -0.336360732269481E+02  0.178193473545222E+02
% -0.132049699969045E+02 -0.158508593313687E+02  0.232864180566929E+01
% -0.311816514012256E+01 -0.109289120813434E+02  0.988567958583753E+01
%  0.739344780679868E+01 -0.363977135200125E+02 -0.235765080582544E+02
% -0.158204713180849E+01  0.378004123950051E+01  0.312668779623380E+01
% -0.101258437012462E+02 -0.962572364229432E+00 -0.349354175170569E+01
%  0.866223592515683E+01 -0.232966140337012E+02 -0.893611024427427E+01
% -0.399961014703727E+01 -0.384517424559424E+01 -0.754687856516279E+00
% -0.106049645213522E+02  0.130439513571789E+02  0.203283644892785E+02
% -0.614125909891328E+01  0.403113234773382E+01 -0.120886298605528E+02
%  0.179916280491077E+01  0.160009916762048E+02  0.864415308462068E+01
%  0.106940438816560E+02  0.440805971570314E+02  0.185555889220860E+02
% -0.136112201616424E+02 -0.610679290557474E+01 -0.459120750849685E+01
%  0.636773722212632E+01  0.241736445006676E+01 -0.441744339504317E+01
%  0.687126738382114E+01  0.937345706177195E+01  0.842940931859353E+00
%  0.342557668173015E+01  0.277579973093110E+02 -0.292653594775058E+02
%  0.196499501647977E+02  0.783119485930997E+00 -0.915233523313253E+01
% -0.276558389805191E+01  0.592065933011475E+00 -0.204617876191658E+01
%  0.383402802079375E+00  0.982804916302884E+01 -0.264543841153384E+02
%  0.278280362240223E+01 -0.960770521590189E+01 -0.126584618375828E+02
% -0.252802364213317E+02 -0.251160995270207E+01  0.151382716478388E+02
%  0.175847200863789E+02  0.791120798544168E+01 -0.140964510397693E+02
%  0.116974581362679E+02  0.396156423076242E+01 -0.262200898529733E+01
% -0.303479067585825E+01  0.807388015703605E+00  0.699031154016549E+01
% -0.311817463985035E+02  0.153572102455722E+02  0.108794917425792E+02
% -0.587394621718476E+00 -0.767586009665827E+01 -0.418354244791382E+02
% -0.708899198689251E+01  0.213027054072807E+02  0.973293016809903E+01
%  0.502746981344209E+01  0.183765769964160E+02 -0.897410797024366E+01
%  0.177052697214645E+01  0.304694648154408E+00  0.110704681540918E+01
%  0.166610329078641E+02 -0.130394481208487E+01 -0.901660710480537E+01
% -0.514760735067677E+01 -0.777853757380509E+01 -0.848010081031268E+01
% -0.721511345728509E+01 -0.400944709206053E+02  0.231486982473226E+02
%  0.500852300494867E+01 -0.110921965169934E+02 -0.366402154847277E+01
% -0.143239112724665E+01  0.104082612724581E+02  0.131823583788161E+02
% -0.234227860830689E+01  0.668852581139199E+00 -0.334928314616033E+01
% -0.843715193547103E+01 -0.226252082976620E+02  0.516425699500883E+01
%  0.266702368920016E+02 -0.108550563935064E+02  0.501126054260918E+02
%  0.584886675841238E+01 -0.832449538093688E+01 -0.548982321749083E+01
% -0.591078298769427E+00  0.289738718854417E+01 -0.305050698317437E+01
% -0.836236353895971E-01  0.274985580172818E+01  0.188564548038722E+01
%  0.616459412493460E+01 -0.889203608363142E+00  0.814072282188265E+01
% -0.113887787077407E+02  0.442781292174576E+01 -0.130267671184401E+02
% -0.442356499430469E+00 -0.121623610355459E+02 -0.490029099777268E+02
% -0.118499040364219E+02  0.707462493353102E+01  0.934425857604576E+01
%  0.132821817946736E+02  0.447739699652143E+01  0.111473243057029E+02
% -0.851742362870448E+01  0.141073897833639E+02 -0.246742910357880E+02
% -0.145984006700034E+02 -0.832228190248888E+01  0.225516820920353E+02
% -0.667803548649085E+01 -0.166516976612371E+02 -0.227246163097819E+02
% -0.322496777806336E+02  0.123682583279036E+02 -0.856912491755555E+01
% -0.311319910580056E+01  0.140642561217432E+02  0.192017285495648E+02
% -0.276625077993751E+01  0.359692463664557E+01  0.219888465296611E+02
%  0.104288387410358E+02  0.123406480273491E+02  0.282015495882469E+01
% -0.159745834766496E+02  0.664134944127770E+01 -0.495294822794632E+02
% -0.122690438539136E+02 -0.316716655757288E+02  0.215532323298919E+02
%  0.275316026605696E+01  0.647699725327251E+00 -0.862048130185765E+01
%  0.546738782552260E+01 -0.976999997799362E+01  0.640790891129387E+00
%  0.644171847525079E+01 -0.462562164520715E+01 -0.372653124627553E+01
%  0.488007995085515E+01  0.630229874064878E+01  0.581166360026843E+01
%  0.864202582475271E+01 -0.232141577539220E+02  0.120545220272290E+02
%  0.160401309397282E+01 -0.952633783826500E+01  0.117873242132211E+02
%  0.156912901079016E+01 -0.116226678353244E+02  0.305555384050327E+01
% -0.100290509499695E+02  0.616471058710804E+01  0.334504502681827E+01
%  0.100606690248540E+02  0.509512360386603E+01  0.547326174398189E+01
%  0.121415213027888E+02  0.952687258706782E+01 -0.172049074337751E+02
%  0.855198311747066E+01  0.296145482389227E+02  0.798532970672764E+01
%  0.196696589325451E+02  0.541605825517997E+02  0.133541282264189E+02
% -0.760291966894481E+01  0.145315550710903E+03 -0.288486043439104E+02
% -0.199935196668201E+01  0.108748767168890E+02  0.863322446402889E+01
%  0.205346217082875E+01 -0.498194100371156E+02  0.306146821604986E+01
% -0.253537877309168E+01 -0.286235371361558E+01  0.262106428873589E+00
% -0.304040535054677E+02 -0.217872724071037E+01  0.342805059427698E+02
%  0.703096736202831E+01 -0.903151599982929E+01 -0.809675698042978E+00
% -0.501416057960457E+01  0.504508827716083E+01  0.432096959467794E+01
%  0.230984742095420E+01  0.706180736278303E+01  0.205707915290993E+02
%  0.137700464927264E+02 -0.230416886520675E+01  0.518640499328132E+01
% -0.352690068097361E+01  0.963030766276229E+01 -0.145915653142025E+02
%  0.959684674142853E+01 -0.237062773911467E+02 -0.121835087434968E+02
%  0.391926806240118E+01  0.929266783621004E+01  0.738115956336414E+01
% -0.761501109965378E+01  0.108778889555882E+01  0.244320860128105E+02
% -0.343443640775759E+01 -0.199400639938713E+02  0.121636061346301E+02
%  0.110268790032742E+02 -0.141118132900672E+01  0.487391002621686E+01
% -0.360046376199807E+02 -0.462425654955488E+02  0.169899734288136E+02
%  0.456973170918506E+02  0.826764599293675E+02 -0.511166193506601E+01
%  0.347182992453664E+01 -0.733769267566966E+01 -0.251444835386162E+01
%  0.162486873725968E+01 -0.798764013068033E+01  0.483738410413248E+01
% -0.462333190851054E+01 -0.335440471200344E+01  0.256056926163688E+01
%  0.133896987266696E+01 -0.903204984895857E+00 -0.665791893674603E+01
% -0.352771408355507E+02 -0.489519923738075E+02  0.148780118439130E+02
% -0.101525528399819E+02  0.175040651694269E+02 -0.786547707917431E+01
% -0.187290207634615E+02 -0.279046178436467E+01  0.176523071227527E+02
%  0.652792834599322E+00 -0.430808077765063E+01  0.354474129016314E+01
% -0.592675017549761E+01  0.144804612657936E+02  0.233870428973352E+02
%  0.243598081475512E+02 -0.271894669850080E+02 -0.243160194064116E+02
% -0.836601050107319E+01 -0.466354104958185E+01 -0.632109566240542E+01
%  0.154752105057771E+01  0.104108891644538E+01 -0.787130457592603E+00
% -0.647527964564664E+02  0.265947689406483E+02  0.964306439143841E+01
% -0.236762692060072E+02  0.345625864872818E+02 -0.102331599495568E+02
%  0.885845056243069E+01 -0.446185675843462E+01 -0.526139665235923E+01
% -0.184557779864588E+02  0.299271163060996E+02  0.176054172489118E+02
% -0.744540762588743E+01  0.818465983230490E+01 -0.896856140425933E+01
%  0.458678505204934E+02 -0.533895807733167E+01 -0.257025136432180E+01
% -0.393296125909490E+01 -0.385183094312920E+01  0.110425555092402E+02
% -0.885264628271234E+01  0.172659136561575E+02 -0.370683709857401E+02
% -0.254572923427903E+01 -0.131796029626874E+02 -0.155214889132012E+02
% -0.512865508510307E+01 -0.348291309163072E+01 -0.526917479633194E+01
%  0.442859391213683E+01  0.347686493832425E+01 -0.926726919933111E+01
%  0.255639043087991E+01  0.146332652402475E+01 -0.850607621197820E+01
% -0.171456676155757E+02  0.206225191142432E+02 -0.172864275928518E+02
%  0.229138956938871E+02  0.527159546329490E+01 -0.234299917770409E+02
%  0.115722549172080E+01 -0.100613821083713E+02 -0.233023094886104E+01
% -0.599549257155962E+01 -0.447380609410759E+00 -0.235452419558085E+02
%  0.188686953069644E+02  0.318759510551216E+02 -0.378889414552475E+02
% -0.256429808663376E+02 -0.154211749820668E+02  0.141616508060804E+02
% -0.622131306982527E+00  0.150332370357311E-02 -0.431544133323145E+01
%  0.488526676342501E+01  0.606698017139643E+01 -0.983781656567398E+01
% -0.173056650495357E+01 -0.207594194513127E+01  0.129853018008427E+02
%  0.113526220785865E+02  0.110907624206819E+02 -0.880322180874682E+01
% -0.947966629352344E+01  0.195443951580983E+02  0.392470213525959E+00
%  0.441772180038180E+01  0.516195812820559E+01  0.654876434461842E+01
% -0.232576660143199E+02 -0.404562689565295E+02  0.167133421748330E+01
% -0.184990391147212E+02  0.748537221248411E+01  0.216691961870340E+02
%  0.202130792015965E+02  0.812729691335000E+01 -0.768751258825274E+01
%  0.123111772143441E+02 -0.362462483659839E+02 -0.243086441894572E+02
%  0.726577099082217E+01  0.675778263538715E+01 -0.593217152543027E+01
% -0.188833733626012E+02  0.228460446663898E+02 -0.479718561332612E+02
% -0.390659494427017E+02  0.209859969191754E+01  0.852575465811588E+00
%  0.994569025673765E+01  0.981677732232940E+00  0.300458357315525E+01
%  0.119837341422981E+02 -0.442228698584319E+00 -0.833845689685934E+00
%  0.460558200162628E+01 -0.499346057541735E+01  0.333194028931548E+01
% -0.433889088579502E+02  0.226920767157996E+02 -0.186310306947662E+02
% -0.303020315461061E+02  0.146958467701509E+01  0.210136411720947E+02
%  0.580032614242197E+01 -0.211999280368717E+02  0.164309027915297E+02
% -0.186210422919797E+01 -0.629043734573377E+00  0.152847924630876E+01
%  0.228691442863930E+02 -0.114555381786321E+02  0.499536879580565E+01
% -0.984021389461604E+01  0.306375636724153E+02  0.409384906991142E+01
