% T    256  0.715122828077254E+01  0.715122828077254E+01  0.715122828077254E+01
   0.701290426012745E+00 -0.275875661830764E+01 -0.194514555877702E+01
   0.531401649053905E+00  0.221000126195205E+01 -0.635418332849670E+00
  -0.527187620570249E+00 -0.105817650094198E+01 -0.149009124662060E+01
   0.324562177894602E+01 -0.257589576292996E+01  0.145809485730119E+01
   0.202487412320448E+01 -0.556892461787110E+00 -0.286355746409022E+01
  -0.178521483962650E+01 -0.496820810733342E+00 -0.385194532333007E+00
   0.294543214718300E+01 -0.230162396834213E+01 -0.195841637981544E+01
  -0.174669932492112E+01  0.411201612227385E+00 -0.106552241235459E+01
   0.986817778789069E+00 -0.275746356174864E+01  0.239372277400286E+01
   0.154380388899328E+01 -0.245869326745247E+00 -0.177619721455426E+01
  -0.165064352553568E+01  0.335440308103339E+01  0.235763025677710E+01
  -0.617422454889027E+00 -0.750421486483573E+00  0.353028017164494E+01
  -0.407001283025943E-01 -0.145526809439311E+01  0.303376430428749E+01
   0.311534394360326E+01 -0.432633788876470E+00 -0.245301611459683E+01
  -0.275544276849314E+01  0.102587543269778E+01  0.976258622664937E+00
  -0.103320731011579E+01 -0.159627910466686E+01  0.119324680057649E+01
   0.234569670821646E+01  0.123928284281157E+01 -0.137056925275299E+01
   0.699838783212452E-01  0.192090666164000E+01 -0.270200166668250E+01
  -0.357298301593504E+01 -0.190557276270524E+01 -0.266315606500128E+00
   0.117827167581582E+01  0.146704520621919E+01 -0.681310923694797E-01
   0.594499557295400E+00  0.328578763499389E+01  0.962125056736215E+00
  -0.660298524141745E+00  0.315067664850499E+01  0.200240631271681E+01
   0.202198988708461E+01  0.309488894064711E+01 -0.347920042330586E+01
   0.188767639236661E+01  0.249066868862808E+00  0.141226856607802E+01
   0.240512581742856E+01  0.432298916965515E+00 -0.350931301487240E+01
   0.199462101250382E+01 -0.229912517912657E+01  0.174602246306202E+01
  -0.327696564986521E+01 -0.214106886548966E+01  0.304215912646272E+01
   0.268021072249853E+01 -0.503357272610309E+00  0.117212035126789E+01
   0.206680158047141E+01  0.148862455972749E+01  0.326594858334600E+01
  -0.164028945888610E+01  0.230783885976094E+01  0.154247643971425E+01
   0.299734980426742E+01 -0.264016766404653E+01  0.246339033315015E+01
   0.401419692053197E+00  0.325737776819271E+01  0.294667844919562E+01
   0.107155890309904E+01 -0.563149490008655E+00  0.121066618704775E+01
  -0.963964295158160E+00  0.202924525457446E+01 -0.611416657543862E+00
  -0.295720416047729E+01  0.991540431064781E-01  0.228282161783140E+01
  -0.241028680897863E+01  0.281085551359489E+01  0.183095721165293E+01
  -0.674682729467805E+00  0.315897963566603E+01  0.348248238959805E+01
   0.141451200055374E+01  0.149196693025332E+01 -0.101981681126632E+01
   0.184239450027323E+01 -0.287545838360353E+01 -0.450640131921757E+00
   0.189215953294965E+01 -0.858921178367450E+00  0.196531110795414E+01
   0.525673857383664E+00  0.249777668894743E+01 -0.202399273009067E+01
  -0.272132403133254E+01  0.994901833361852E+00 -0.900751632379803E+00
   0.219107105709504E+01  0.316086832716759E+01 -0.169224452218531E+00
  -0.330056091957196E+01 -0.127190519960178E+01  0.218251465784934E+01
  -0.701297230095576E+00 -0.309808217539181E+01 -0.146719175194138E+01
   0.623569331854522E-01 -0.492744100379563E+00 -0.282835752904409E+01
   0.134329660083464E+01 -0.332811033030664E+01  0.328347795280212E+01
  -0.190186063597858E+01 -0.109136921246042E+01  0.206986822442268E+01
  -0.129407886152576E+01  0.317350748603225E+01  0.916482174454244E+00
  -0.335011731970743E+00  0.239275882385279E+01 -0.130387913806127E+01
  -0.162520395018696E+01  0.134975920687081E+01  0.176057903871059E+01
   0.310225232611606E+00 -0.929523203126721E+00  0.210963502247098E+01
   0.970719235238652E+00  0.344956887550583E+01 -0.183069508620051E+01
   0.171278826496517E+00  0.169473901510596E+01  0.834799738259988E-01
   0.260313841616857E+01  0.105770551020115E+01  0.157661620351232E+01
  -0.132825124921370E+01  0.297879934723613E+01 -0.269038585564074E+01
  -0.272889818985971E+01  0.127726442486236E+00 -0.302180783737491E+00
  -0.190948788827387E+01  0.290378021190079E+01 -0.498362637518334E+00
  -0.902215739254843E+00  0.140901433792484E+01  0.188078614804642E+00
   0.272817652511331E+01  0.223642994632597E+01  0.209574440979462E+01
  -0.505920366861843E+00 -0.943216160780311E+00  0.433377369532688E+00
   0.333565326711720E+01  0.261366008410306E+01 -0.256829310416511E+01
  -0.243316578347389E+01  0.171014670136677E+01  0.218340990662096E+01
  -0.133194061464723E+01  0.172573112538599E+01  0.329434738957582E+01
  -0.203629184442140E+01  0.378569269920270E-01 -0.238947440819007E+01
  -0.354658126477017E+01 -0.601507795691203E+00  0.287360096849337E+01
  -0.310085313817417E+00 -0.188012924245553E+01  0.992234606156757E-02
  -0.256124668202432E+00 -0.279591265444942E+01 -0.262082480681836E+01
   0.559151183207887E+00  0.350642229239735E+01 -0.288630802397646E+01
  -0.286861878278480E+01  0.210601282458073E+01 -0.526850125553896E+00
  -0.134322124311822E+01 -0.299518095487855E+01  0.111136269336413E+01
   0.688879157720060E+00  0.267480242288051E+01  0.173111419059853E+00
  -0.263079334814000E+01 -0.109510752839651E+01  0.286756240107755E+00
  -0.220049272512254E+01 -0.228869715617225E+01 -0.208718338427240E+00
   0.202610746598656E+01 -0.248962698325497E+01  0.311388145707360E+01
  -0.264316656739396E+01 -0.277385145069816E+01  0.883572554035368E+00
  -0.195226867743176E+01 -0.317940157334992E+01 -0.111664063764610E+01
  -0.256076978206186E+01  0.327507676597650E+01  0.319681096944137E+01
  -0.806522069345337E+00  0.104981382125185E+00 -0.157483959925792E+01
  -0.977785314928765E-01  0.221929979768462E+01  0.313721015819722E+01
  -0.193423669457284E+01  0.456365745720593E+00  0.142320219707550E+01
   0.160413951049025E+01  0.544343035180741E+00  0.304522380429355E+01
   0.174424945175793E+01 -0.178928160302792E+01  0.255608956047445E+01
  -0.287577372544807E+01 -0.588285412663916E+00 -0.231038297552359E+01
  -0.233467734059535E+01  0.201147152691389E+01 -0.326658053577196E+01
   0.257740537914933E+01  0.141039314231102E-02  0.913528434007715E-01
   0.628730994033861E-01 -0.211559517275518E+01  0.192302339872952E+01
   0.324182082942021E+01 -0.355293936505980E+01 -0.777210944713688E+00
   0.256173207060010E+01  0.336802769509943E+01 -0.268501546771231E+01
   0.888222343535404E+00 -0.831203982677063E+00 -0.340519228421018E+01
  -0.440599794871176E+00 -0.259799699086295E+01  0.941164192733373E+00
  -0.587190366230152E-01  0.108637207002999E+00  0.124403035785949E+01
   0.195744999672353E+01  0.320308485043349E+01  0.135440793053876E+01
   0.128589352632966E+01  0.972970504114492E+00  0.218074477339729E+01
  -0.340354948248059E+01  0.684346172505405E+00 -0.191168221993687E+01
   0.263599121355514E+00 -0.140741965720714E+01 -0.966811133282612E+00
   0.171543997528646E+01  0.421730549471035E+00 -0.698157030881101E+00
   0.267654526329963E+01 -0.206469848556113E+01 -0.968901604635511E+00
  -0.343869085469336E+01 -0.633199020026448E+00 -0.434431356617780E+00
   0.121322985390703E+01 -0.453115781191680E+00  0.274456168951458E+01
  -0.324709743172987E+01 -0.191774507733671E+01 -0.121278677064813E+01
   0.293601569022734E+01  0.100561709432471E+01  0.274973191359583E+01
  -0.106268223191637E+01  0.352180863248908E+00  0.202950800094454E+01
   0.178335651598806E+01  0.241577334674948E+01  0.295963484178187E+01
  -0.196984373320770E+01  0.152039718957574E+01 -0.897935247352063E-01
  -0.312723960394471E+01 -0.303475275653614E+01  0.206363865736800E+01
  -0.751592794567426E+00  0.117464220349224E+01 -0.316995052239561E+01
   0.329921708440038E+01  0.177754199873776E+01 -0.169073080336066E+01
  -0.195732902062515E+01 -0.209458871638161E+01  0.340144877206797E+01
   0.276760007397604E+01 -0.337551687938801E+01 -0.180344048327689E+01
   0.206739491977447E+01 -0.155677160320371E+01 -0.329641346190499E+01
   0.647453887301357E+00  0.114043585261863E+01  0.352830257252670E+01
   0.315948099287512E+00  0.690665606812911E+00 -0.277351254881102E+01
  -0.252892160313829E+01  0.229697796116135E+01  0.451802290167477E+00
  -0.299305586803192E+01 -0.158287750534045E+01 -0.219888268523012E+01
   0.160435441266347E+01  0.529145502396408E+00  0.321967315508824E+00
  -0.512789383787970E+00  0.725771744513976E+00  0.291927684509727E+01
  -0.336014024380562E+01 -0.139591367761281E+01 -0.348239783686832E+01
   0.283431727162401E+01 -0.451353462684456E+00 -0.346086171491024E+01
  -0.208460053185511E+01 -0.328167568688013E+00  0.680221654816296E+00
   0.179514105392757E+01 -0.354564283108355E+01 -0.113252519670003E+01
  -0.195434802271737E+01  0.192686207924850E+01 -0.101072209871797E+01
   0.220473434283987E+01 -0.205421382859585E+01  0.115409553108809E+00
   0.284731908275565E+01  0.838844121497760E+00  0.446851890934640E+00
   0.263040627469197E+00  0.684955656259414E-01  0.338517032364249E+01
  -0.200720805362193E+01  0.188338999408189E+01 -0.214049700823577E+01
   0.476385750757026E+00  0.134833925916205E+01 -0.170801191088061E+01
  -0.211974469651069E+01 -0.267333135712228E+01 -0.213782614485916E+01
   0.168476376892383E+01 -0.771196857358598E+00 -0.226955539276278E+00
   0.900563707723525E+00  0.226847900152474E+01  0.352473607547478E+01
   0.138104121253392E+01 -0.226428685469152E+01  0.672073648627327E+00
  -0.254982028385106E+01 -0.106310473690410E+01  0.325655697894781E+01
   0.255908845595751E+01 -0.300558649976033E+01  0.897364237022802E+00
  -0.188597845512827E+01 -0.113567099690704E+01 -0.244980485049136E+01
  -0.233933658402332E+01  0.343926960216970E+01 -0.243357110987707E+01
   0.356230519290360E+01 -0.874209165044576E+00 -0.151578824897951E+01
   0.252818807943922E+01  0.290466403837345E+01 -0.116483101814356E+01
   0.298978228927499E+01  0.332307282657138E+01  0.277463850254525E+01
   0.608231097905261E+00 -0.850774079428828E+00 -0.180219457334189E+01
  -0.314835664637591E+01  0.187708822960480E+01  0.143619484005865E+01
   0.129264276317066E+01 -0.189327291472316E+01 -0.184296503519300E+01
  -0.334607630473852E+01  0.166200727698481E+01 -0.333091340688599E+01
  -0.330308006560231E+01 -0.354310292127706E+01  0.671169758929084E+00
   0.256630691765328E+01 -0.361045677994475E-01 -0.133929719774221E+01
  -0.232520609032857E+01  0.335117074532647E+01  0.492526453441991E+00
   0.300472038005404E+01  0.324891522703453E+01  0.160183122034195E+01
   0.201864925340222E+01  0.224348775602393E+01 -0.198659837254375E+01
   0.275809546359631E+01 -0.147673542134769E+01  0.248260731010172E+01
  -0.695988351294783E+00  0.330023366434943E+01 -0.499189916992226E+00
   0.223208991334532E+01 -0.126389461523128E+01 -0.154975116952801E+01
   0.155403912394726E+01  0.171655964295961E+01 -0.284885528389725E+01
   0.116584651164095E+00 -0.112555502222194E+01  0.114928355006514E+01
   0.279461907613783E+01  0.142704271614624E+01 -0.295382122332132E+01
  -0.203754573784454E+01 -0.575888038413090E+00 -0.151937338164832E+01
  -0.160885860192222E+01 -0.158844191648340E+01  0.705723534880280E-01
  -0.873059907529701E-02  0.231602682064559E+01  0.156557396256760E+01
   0.848019159430342E+00 -0.372880457407037E+00 -0.567109758291870E+00
  -0.339024954807103E+01  0.141186131826365E+01  0.251756306092275E+01
   0.245056015245950E+01  0.578528348891227E+00 -0.244066815891230E+01
   0.117185880557985E+01  0.698453832992954E+00 -0.212739447704685E+01
   0.260253409614969E+01 -0.322589382731386E+01  0.351112867591757E+01
   0.308946265031738E+00 -0.300787610536134E+01  0.339486401871603E+01
   0.551731529867603E+00  0.316856446425244E+00  0.217662109154754E+01
   0.280892938896849E+01 -0.155590746440927E+01  0.150521311334539E+01
   0.130962494044116E+01  0.498167498324158E+00 -0.309859886277812E+01
  -0.310609341519147E+01 -0.294547169537537E+01 -0.156582729766702E+00
  -0.535512937178403E+00  0.270093983144838E+01  0.220625184134600E+00
   0.183679186509945E+01  0.134751770484540E+01  0.878779188997898E+00
  -0.172444061288784E+01  0.935911108529803E+00 -0.196317402065174E+01
  -0.530989376479450E+00  0.124250430217546E+01  0.202474439544836E+01
   0.519827568102402E+00 -0.183161702078536E+01 -0.268710638863656E+01
   0.213365848133483E+00 -0.460031764672628E-01  0.140656534179837E+00
  -0.185722152933039E+01 -0.188783835681131E+01 -0.151967881831506E+01
  -0.345723929140118E+01  0.316872374014345E+01 -0.352556946823395E+01
   0.243255689008803E+01  0.287457521621532E+00  0.236848834032368E+01
   0.940271554856386E+00  0.336394840088012E+01  0.183632280298550E+01
  -0.175730735993172E+01  0.255447579398528E+01  0.309913657013772E+01
   0.241977153272555E+01  0.189069733659931E+01 -0.558664893556239E+00
   0.140288690793520E+01 -0.353562373292554E+01  0.319024563044284E+00
   0.159939825071420E+01  0.237769687505864E+01  0.536207654418066E+00
  -0.342058219609851E+01  0.171653319572845E+01  0.280644991067387E+00
  -0.804092372359973E+00 -0.264525692196586E+00  0.264593063611718E+01
  -0.126738360065675E+01 -0.288703703220527E+01 -0.323898730710270E+01
   0.149144838197361E+01 -0.171817774193099E+01 -0.631886117388274E+00
   0.368753476702278E+00 -0.295773152304084E+01 -0.851013558224848E+00
  -0.282545907388245E+01  0.324702423244420E+01 -0.737523672315074E+00
  -0.333855736398307E+01 -0.256049481718375E+01 -0.233600905052615E+01
   0.138072731293080E+01 -0.324862212642363E+01 -0.269769963162289E+01
  -0.679127323187073E+00  0.131762538391632E+01 -0.191605374106178E+01
   0.467082444629470E+00  0.156437795992829E+01  0.201434199265920E+01
  -0.209263020293252E+01 -0.249215621289380E+01  0.225373232181463E+01
  -0.126053415540297E+01 -0.587631086993297E+00  0.134448074810235E+01
  -0.413760417290315E+00 -0.223330103408583E+01 -0.101505435050594E+01
   0.197339691009824E+01 -0.133931634167068E+01  0.872403694963975E+00
  -0.728127706954239E+00 -0.143533926384521E+01  0.213299736534660E+01
  -0.247321818343067E+01  0.106720931170121E+01 -0.269337270804560E+01
  -0.102868910456617E+01  0.311416337025388E+00 -0.281539950535608E+01
   0.196456755534813E+01 -0.324251252222817E+01  0.230172626823846E+01
   0.500977132559392E+00 -0.101392212618281E+01  0.269724091573606E+00
  -0.154383955572938E+01  0.234612251393220E+01  0.501447732041995E+00
   0.981041912100337E+00 -0.151458155129716E+01  0.140296268616267E+01
   0.346234945023220E+01 -0.127844762248288E+00  0.413594784558079E+00
   0.418485746505569E+00  0.316342583891376E+01 -0.102677889312441E+01
  -0.198424605719202E+01 -0.612867144534786E-01  0.269296162120712E+01
  -0.556953341214714E+00 -0.319053700130337E+00 -0.531029301976654E+00
  -0.284750783045839E+01  0.211087556554820E+01 -0.158420723755005E+01
   0.260916361232568E+01  0.266404618412728E+01  0.645941494642461E+00
   0.378108430459916E+00 -0.290745009095219E+01  0.367291321757150E+00
  -0.294713489815640E+01 -0.333843126683297E+00 -0.327925101659526E+01
   0.225253218090849E+01 -0.546701503122141E+00  0.289970488229860E+01
   0.121790569121392E+01 -0.108947997888057E+01 -0.250834884364525E+01
   0.282750004486488E+01 -0.121425418625333E+01 -0.354924253912745E+00
  -0.171656545464536E+01  0.526138561148359E+00  0.182268231026447E+00
  -0.331241327910611E+01  0.251037605253151E+01  0.286428296840967E+01
  -0.196526566169396E+01 -0.202644362508379E+01  0.125008928322657E+01
  -0.106853612893159E+01  0.211474118649448E+01 -0.228293212882860E+01
  -0.274679308451572E-01  0.338617602633534E+01 -0.205166625587925E+01
  -0.263860687182489E+01  0.761406586337085E+00  0.340680994112030E+01
  -0.321420850782912E+01 -0.290043159590918E+01 -0.124234005408609E+01
  -0.178669669605215E+01 -0.513252012011350E+00 -0.341506148882002E+01
  -0.848215950501173E+00  0.220663322033315E+01  0.238031922764080E+01
  -0.625941374900721E+00  0.836076457377972E+00 -0.788044102890880E+00
  -0.838220742114631E+00  0.177716307326353E+01  0.110911703993098E+01
  -0.112725265667083E+01 -0.160124834685651E+01 -0.311622121947187E+01
   0.292702730063500E+01 -0.201648018440999E+01  0.332759871605613E+01
  -0.152501723779107E+01  0.301654625642531E+01 -0.140188734723213E+01
  -0.118328287773485E+01 -0.125564796765999E+01 -0.897670044433903E+00
   0.847356450511006E+00 -0.194218499398040E+01  0.338866582811043E+01
   0.837166288626317E+00  0.239021083756915E+01  0.259003839791696E+01
   0.307266623989950E+01 -0.279893413288903E+01 -0.158878819178268E+00
   0.686624357123319E+00 -0.278982030759398E+01  0.145277212193859E+01
  -0.114480188979718E+01 -0.226255757297181E+01  0.265989405726085E+01
  -0.125828225752196E+01 -0.121793045087104E+01  0.292250237029264E+01
   0.146732178186459E+01  0.252978106836840E+01 -0.836687765946634E+00
   0.347451005839667E+01  0.350547725320174E+00 -0.315241926688217E+01
   0.348842073237485E+01 -0.154855552439749E+01  0.752036831077481E+00
   0.319374610056028E+01  0.258753497144330E+01 -0.380486060237582E+00
  -0.159934852642267E+01  0.671819623985851E+00  0.319410753520255E+01
   0.569768416711733E+00  0.805669544121805E+00 -0.629567207376994E+00
  -0.800626149075081E+00  0.183549168886566E-01  0.486035433866580E+00
   0.221338525366999E+01 -0.236108742950256E+01 -0.270459804168067E+01
  -0.106201936616251E+01 -0.619878564537777E+00 -0.249659779187160E+01
   0.278453036283731E+01 -0.143337751318351E+01 -0.265396258127298E+01
   0.108418221922869E+00  0.113622246174567E+01  0.934801056237035E+00
   0.167701710025397E+00  0.522611301379828E-01 -0.139972590291632E+01
  -0.273527184109110E+01 -0.294834743013831E+01  0.312640578792853E+01
   0.292742403982840E+01  0.223295342711083E+01  0.332889858696271E+01
  -0.352335399331746E+01 -0.297267933688002E+01 -0.334858534554857E+01
   0.936200729826051E+00  0.174835093460237E+01  0.114877794807505E+01
   0.189091645594887E+01 -0.270392218926693E+01 -0.182382076804518E+01
  -0.257392094178354E+01 -0.134753089299304E+01  0.138123903536547E+01
  -0.301527035028829E+01 -0.441088149881275E-01 -0.126566476161960E+01
   0.583977196090963E+00 -0.211135060894820E+01 -0.175218130632377E+00
  -0.149170162498133E+01 -0.332621798245501E+01  0.147516086398746E+00
  -0.240318970751168E+01 -0.120864911864141E+01 -0.758827116894428E+00
   0.335263721061202E+01  0.172312889238950E+00  0.146019264677778E+01
% -0.258657279684611E+00 -0.118556767653186E+01  0.223824505454456E+00
% -0.156868496351468E+01 -0.112715390186473E+01  0.106516973522775E+01
%  0.387146064947314E+00 -0.476249747915761E+00 -0.126892509738009E+00
%  0.406146268686042E+00 -0.275037160046016E+01  0.192010450724473E+01
%  0.139925992800364E+01 -0.612342965543524E+00 -0.231638566842407E+01
%  0.145273995651284E+01  0.398930400194923E+00 -0.233038863156907E+00
%  0.755621464586359E+00  0.336830795525942E+00 -0.137553226926803E+01
% -0.217071126623509E+00 -0.756965367185155E+00  0.722841176172849E+00
%  0.562353922518040E+00 -0.119334450599967E+01  0.260900931715786E+00
%  0.694422534314797E+00 -0.890095242277989E+00 -0.562031844229332E+00
%  0.263210446508904E+00  0.559128519833599E-01  0.106820050256892E+01
%  0.328900027158367E+00 -0.155706023088717E+01 -0.199017827828541E+01
% -0.604357654389372E+00  0.567888300486444E+00 -0.848114779066386E+00
% -0.122101609719833E+01  0.192105249392438E+01  0.365126662104597E+00
%  0.452031581202431E+00  0.137284706358771E+01  0.188541006783339E+00
% -0.122552501277273E+01  0.133804144422984E+01  0.257868639277610E+01
%  0.246132076871002E+01 -0.263829643031816E+01 -0.171277682738066E+00
% -0.866912078317500E+00  0.156363484418642E+01  0.478638527103116E+00
%  0.542796005600266E+00 -0.154772738457974E+01  0.102055471887107E+01
% -0.724464670936020E+00 -0.120767554254711E+01 -0.262102899358433E+00
% -0.122169827874930E+01  0.273423535194614E+00  0.191161926078206E+00
%  0.263139568538673E+00 -0.438929310980294E+00  0.195847048574888E+01
%  0.184167287432627E+00  0.393934018513561E+00 -0.214010714953956E+01
% -0.629815912096749E+00 -0.206757641132469E+01  0.332653962423238E+00
%  0.179669993735794E+00 -0.126518858560125E+01 -0.960795397019783E-01
% -0.820931600140577E-01  0.274157136412288E+00 -0.124124374641856E-01
%  0.435125677353320E+00 -0.578078272624993E+00 -0.347306679278340E+00
% -0.113799791401841E+00  0.178271392297318E+01 -0.652329077646227E+00
% -0.739317188802158E-01 -0.482111571169690E+00  0.725645066461496E+00
%  0.314965217921152E-01 -0.199219809018665E+00 -0.132215795755422E+01
%  0.545887424055598E+00 -0.123107894512082E+01 -0.155301530120845E+01
%  0.160510620911359E+01  0.616759061504218E+00 -0.879349836896315E+00
% -0.266744701297285E+00  0.778909488778134E+00  0.144335130659605E+01
%  0.170536366484854E+01 -0.137449571179325E+01 -0.335119262331617E+00
%  0.681813008317145E+00  0.123304598119857E-01 -0.126557390510667E+01
%  0.286895734046097E+00 -0.285183546000474E+00 -0.214875018916222E+00
%  0.652114016848664E+00 -0.408700330965335E+00  0.180546890343470E+01
%  0.147886044826425E+01  0.185376878811246E+01  0.208691086844075E+01
% -0.103046590036782E+01  0.137274733710446E+01  0.154504633539001E+01
% -0.327783145305516E+01 -0.115353945795461E+01  0.364459382465074E+00
%  0.889646906724381E-01  0.201999372966050E+01 -0.220925590110795E+01
%  0.279950045206163E+01  0.993561516442823E-02 -0.311977687256944E+01
%  0.259105012722791E+01 -0.179308564368563E+00  0.926888056655727E+00
%  0.522993567615725E+00  0.109230736374628E+01  0.184976668418777E+01
%  0.171500286853630E+01  0.911389305096740E+00  0.916206037190251E+00
% -0.127059840006879E+01  0.956167286819925E+00  0.283531909524041E+00
% -0.208347929624833E+01  0.375671044140992E+00 -0.164865942760592E+00
%  0.109079380515298E+01 -0.988452322018199E+00 -0.137858394075221E+01
% -0.142260686235487E+00 -0.623374274478923E+00 -0.620330979184374E+00
% -0.113162897696041E+01  0.686392926953692E+00 -0.321908885563308E+01
%  0.270490261686052E+01  0.657268374404398E+00  0.111372608839014E+01
% -0.192146421874041E+01 -0.181067549999946E+01  0.951021287729985E+00
% -0.859642175553621E-01 -0.744204400182016E+00 -0.202037633382620E+01
%  0.798419480459934E-01 -0.976122007118076E+00 -0.256367331715293E+01
%  0.737043844344891E+00  0.344779154457377E+00 -0.204421961961919E-01
% -0.607211574465443E+00  0.208174062951700E+00  0.412680925926219E+00
% -0.120551145458626E+00  0.442579022703389E+00  0.630709134683772E+00
% -0.185003595994469E+01 -0.437427878176804E-01  0.410667182869415E+00
%  0.186645805759636E+01 -0.122406685897317E+01  0.345509328400217E+00
% -0.135062618093289E+00 -0.923724359253060E+00 -0.169938357604176E+01
% -0.893242581667991E-01 -0.254237030808334E+00  0.426362186019500E+00
%  0.678970725013754E+00 -0.113413648337975E+01  0.274706709117831E+00
% -0.131676400217754E+01  0.765573284677159E+00 -0.119028420787222E-01
% -0.108596227962996E+01 -0.543409425040840E+00  0.368408461788172E+01
% -0.142269655418168E+01  0.566715775049952E+00 -0.228257715972951E+01
%  0.259816032735230E+00 -0.581991486666318E+00 -0.161658357825800E+01
%  0.141130642385435E+00  0.196920685185285E+01  0.400987937998026E+00
% -0.165296751288102E+01 -0.504535758827917E+00  0.869206218417128E+00
% -0.880916484890030E+00  0.376144876644215E+00  0.677398066581776E+00
%  0.140770482747191E+01  0.809089167545184E+00 -0.879841100692350E+00
% -0.932162338920407E+00  0.108881014682094E+01 -0.330154619263528E+00
%  0.691393403641138E+00 -0.230481938502460E+01  0.191488772379600E+01
% -0.109763749027580E+01 -0.720072246742275E+00 -0.183968614726085E+01
% -0.115422530696895E+01 -0.126859875807027E+01  0.731936544818780E+00
%  0.290131149770830E+00 -0.152696482613868E+01  0.162730775063986E+01
%  0.140781832115996E+01  0.121656842789422E+01  0.706813053368854E+00
%  0.171717025605536E+01 -0.135631181392322E+01 -0.513092281286114E+00
%  0.453990245048503E+00  0.127786254249750E+01  0.841918561557875E+00
%  0.877985383920009E+00  0.154638332575586E+01  0.194096315333812E+01
% -0.609666405538000E-02  0.218062353209805E+00  0.101509049131666E+01
% -0.138034815295496E+00  0.100688722525229E+01 -0.589545726684519E+00
% -0.107341797072726E+01 -0.148950695935956E+01  0.526646108948910E+00
% -0.290987528816647E+00 -0.189537633760875E+01 -0.937388209399804E+00
%  0.267212309728619E+00 -0.114688880848601E+01  0.802419665559950E+00
% -0.123952679001313E+01 -0.134333055597503E+01 -0.474220334457850E+00
% -0.218665697870109E+01 -0.164198870089215E+00 -0.237225465489327E-01
%  0.143653563973681E+01 -0.803182127266582E+00  0.243509757994099E+01
% -0.541673533795873E+00  0.205840529993102E+01  0.109255260716764E+01
%  0.223156893944603E+01  0.101462015903312E+01 -0.156610311972582E+01
%  0.423922264162718E+00 -0.178654097080125E+01  0.855880656790242E+00
% -0.112207606162504E+01  0.388338497974360E+00 -0.151318579723589E+00
%  0.129592531889748E+01 -0.201248638562598E+00  0.731865430440788E+00
% -0.706213610945021E+00 -0.888181983264257E+00  0.590171041502377E+00
% -0.555930417507935E+00  0.735937290198440E+00 -0.102476669339660E+01
% -0.674992572946292E+00  0.650379031157669E+00 -0.460421432701516E+00
%  0.782832722117558E+00 -0.127168964363461E+00 -0.117918154267529E+01
%  0.416949260725861E+00 -0.120353643339602E+01  0.223343552712227E+01
%  0.114397233472149E+01 -0.520284889880039E+00 -0.278492907761562E+00
% -0.124196068245676E+01  0.118852369624625E+01  0.436442762043439E+00
% -0.152657947606032E+01 -0.173749157055996E+00  0.138686398038037E+01
%  0.631008416210361E+00  0.843061508213860E+00 -0.207679323156570E+01
% -0.953094560917400E+00  0.544560255178471E+00 -0.474966000588762E+00
% -0.100534312641895E+01  0.258131999205663E+01 -0.118039983466809E+01
% -0.106338893515569E+01 -0.705131363814220E+00  0.107040562397279E+01
% -0.166504068292825E+01  0.734908672044825E+00 -0.652353769781349E+00
%  0.123918206994837E+01  0.126956768154114E+00 -0.169745059179920E+01
% -0.252624630914369E+01  0.805677424130785E+00 -0.265147012352664E+01
%  0.372824995363427E+00  0.221946484974050E+01 -0.170093526032959E+01
% -0.364024613780264E+00 -0.180804703856011E+01 -0.147994451279073E+00
%  0.213961179068519E+01  0.221681753463100E+01  0.647724882132295E+00
%  0.196614969900393E+01  0.118444068304161E+01 -0.281143944187517E+00
% -0.145036167165848E+01  0.831488641982794E-02  0.110975461703290E+01
%  0.133957983177990E+00 -0.718068205375949E+00 -0.332451882712312E+00
%  0.663839669719333E+00  0.101714858465510E+01 -0.186355977102385E-01
% -0.169642853221201E+01  0.825538111013138E+00 -0.269310212412232E+01
% -0.169969822014509E-01 -0.109051576135259E+01 -0.212935925021553E+01
% -0.165043407944549E+01  0.269691892312795E+00  0.552025710309706E+00
% -0.950002388688610E-01  0.149461459594165E+01  0.112564153563453E+01
%  0.397580208916371E+00  0.501381762756361E+00 -0.782694673019416E+00
% -0.251009498605719E+01 -0.999200098946302E-01  0.964811094508799E+00
% -0.110685703946822E+01 -0.151209964019234E+00 -0.307025697728662E+00
%  0.156236640138217E+01  0.125739011765972E+01  0.144582201901672E+01
% -0.182778557264630E+01 -0.689384230643993E+00 -0.147315946547047E+01
% -0.141618403957753E+01 -0.293044608295362E+00  0.493107504907735E+00
%  0.301368333065938E+01 -0.178944847952113E+01 -0.109570907426034E+01
% -0.960512190648857E+00  0.128253247152154E+01 -0.411577390303690E+00
% -0.204140026177034E-01 -0.212714929856422E+01 -0.105428252481670E+01
%  0.110218545043450E+01 -0.142001788945050E+00 -0.167107020219088E+01
% -0.993536495101487E+00 -0.100965217644800E+00 -0.102805582970015E+01
% -0.135193607150259E+01  0.828444238522020E+00 -0.232263496267986E+01
% -0.666502871459870E+00 -0.212270754209268E+01  0.705388817103025E-01
%  0.160111744310813E+01 -0.224706932572373E+01 -0.810411319450408E+00
% -0.871468714112486E+00 -0.546539044877490E+00 -0.445445797150403E+00
% -0.652836363085667E+00 -0.974972553023287E+00  0.181094644951779E+01
%  0.287611873113276E+00 -0.102423942138607E+00 -0.789921226401192E+00
% -0.126647976358741E+01 -0.906951122943520E-01  0.829723793068690E+00
%  0.803727049709054E+00 -0.114195602279977E+00 -0.712530908378810E+00
%  0.707480846889017E+00  0.101738505927463E+01  0.286960790427903E-02
% -0.116209191640021E+01 -0.142442157715722E+01  0.297083873379594E+01
%  0.863609781386313E+00  0.503590400461964E+00 -0.146637647189536E+01
% -0.286205285398928E+01  0.182856125603535E+01  0.224032466939617E+00
% -0.125155458061782E+01  0.207971930430986E+01 -0.109652061881882E+01
% -0.124668532017220E+01  0.925290424797355E+00  0.211133752774968E+01
%  0.954614071030917E+00  0.429932469238616E+00  0.101434820541033E+01
%  0.636415597245578E+00  0.587439764180915E+00  0.328000818069447E+01
% -0.505423673173566E-01  0.320040192343284E+00 -0.289339095882470E+00
% -0.115084199849240E+01  0.108438643172735E+01 -0.109334909028716E+01
% -0.123480159870461E+01 -0.192881448829393E+01  0.390958647749831E+00
% -0.166567182374451E+01  0.613989952511344E+00 -0.180135562922758E+01
% -0.737074839303006E+00 -0.194518693931493E+01 -0.150246866340585E+01
%  0.558524010109532E-01 -0.118155014116623E+01 -0.860098971526095E+00
%  0.127236793673825E+01 -0.184324371707644E+00  0.240243741635970E+01
%  0.251805427050547E+00  0.961930145509047E+00  0.121976339382131E+01
%  0.120330116619713E+01 -0.215636572420314E+00 -0.210293792607797E+01
%  0.153580241200083E+01  0.114505170593679E+01  0.219874011937027E+00
% -0.582290890198539E+00 -0.738808474558238E+00 -0.346668744682437E+01
%  0.130371908313163E+01  0.110496170011073E+01  0.952457427031558E-01
% -0.179218411636828E+01  0.132845994822448E+01 -0.416541598267558E+00
%  0.984867607165963E+00  0.288064860861227E+00 -0.283850495698722E+00
%  0.899351940421494E+00 -0.919931305348307E+00  0.109490109282859E+01
% -0.179412009177530E+01 -0.684945434659119E+00  0.244916962884254E+01
% -0.115689464977064E+01 -0.158608437544519E+01  0.132484690861335E+01
% -0.195639046809192E+00  0.301593407735265E+01  0.532192135180912E-01
% -0.222203902388139E+01 -0.586416664453829E+00  0.449256405945890E+00
%  0.145350761000266E+01  0.182825754840629E+01  0.143610453844521E+01
%  0.118071939971846E+01  0.144465293237924E+01 -0.517039766976651E+00
%  0.145957618978247E+01 -0.194157945408900E+00  0.838395803062315E+00
%  0.183771748410142E+01 -0.153049643837729E+01 -0.428704118586173E+00
%  0.109670809690894E+01  0.123183191290175E+01  0.109432665666970E+01
% -0.874018767694546E+00  0.961047474736953E+00  0.154781894976366E+00
%  0.172793013068973E+01  0.119334915124489E+01  0.340223784924502E+00
% -0.906479125411519E+00  0.431626563776478E-01 -0.129114070561433E+01
%  0.136814799689505E+01  0.212739768036620E+00 -0.390229056531848E+00
%  0.170296173230812E+01 -0.160634817561455E+01  0.749637059476459E+00
%  0.854684205001966E+00  0.214865556278524E+01 -0.996264515167557E+00
%  0.750699012315017E+00  0.147886463883257E+01 -0.160909570195146E+01
%  0.315936824548402E-01 -0.134544202607402E+01 -0.404184016983806E+00
%  0.167901558021701E+00 -0.411353054403249E+00 -0.138122836015664E+01
%  0.265018216553229E+00  0.558622775469161E-01 -0.103421488863844E+01
%  0.557400093471595E-02  0.388422473335835E+00  0.171513291068622E+01
%  0.946667159624611E+00 -0.142480752375333E+01  0.374154529226588E+00
%  0.182793308161465E+00  0.517504763495770E+00 -0.302701891315956E+00
% -0.714270126844251E+00 -0.991849750174872E+00  0.132063346908714E+01
%  0.613424065693571E+00  0.167896056887865E+01  0.505395270382748E+00
% -0.169679130984412E+00 -0.550881799090654E+00  0.244311950861013E+01
%  0.373056733421000E+00 -0.107573955426953E+01 -0.838404221293939E-01
% -0.282943659065262E+00 -0.815844816279835E-02  0.333729357619245E+00
% -0.192634411132965E+01 -0.714946218383443E+00  0.308542333614263E+00
%  0.184136991733522E+00  0.476653471279224E+00  0.199184622041163E+01
% -0.190534595092278E+00  0.995362028880805E+00  0.105091329685000E+01
%  0.641282466560173E-01  0.126228191330361E+01  0.697645777056635E+00
% -0.758589063883691E+00 -0.190758140610762E+01  0.498491567734580E+00
%  0.168429151680474E+01 -0.384453610510340E+00 -0.171313640197750E+01
%  0.476619295349224E+00  0.153064272076300E+01  0.437203139886752E+00
%  0.766726394001673E+00  0.661472013252736E+00 -0.102511906615512E+01
% -0.225960578005750E-01  0.772248396148439E+00 -0.444583085522338E+00
% -0.566981865239680E+00 -0.851113961223029E-01  0.281359420562323E+01
% -0.172028512092414E+01  0.154402808958903E+01 -0.121552432701133E+01
% -0.979709195106817E-01 -0.962982281015983E+00 -0.121372352095112E+01
%  0.716970079695052E+00 -0.489378566828038E+00 -0.154785430798997E+01
%  0.227952785377648E+01  0.213034963803086E+01 -0.198874540189445E+01
% -0.389532467970044E+00  0.876180910108455E+00  0.484145613928266E+00
%  0.535374266166672E+01 -0.259584811700796E+00  0.134603140001405E+01
% -0.229501562704218E+00  0.810145104074085E+00 -0.318124292962643E+00
% -0.999462591520165E+00  0.724320114774101E+00 -0.987910633586294E+00
%  0.961595450399250E+00 -0.954490261147370E+00  0.205697483639707E+00
% -0.416821790208017E-01 -0.467242840521010E+00 -0.320026867650889E+01
% -0.217005088582071E+01  0.452467014142190E+00  0.417827344793768E+00
%  0.930362582223044E+00  0.209908060275049E+01  0.966279454161884E+00
% -0.500988459137042E+00  0.235964498695706E+00  0.139319959650977E+01
% -0.280530748016548E+01  0.603503754396581E+00  0.143681566624970E+00
%  0.409867522868185E+00 -0.220039279181999E+01 -0.398493151647984E+00
% -0.255642147338171E+01 -0.883051499234363E+00 -0.404777564154388E+00
% -0.276910550985096E+01  0.135210718915292E+01  0.223012424453448E+01
%  0.248124380200145E+00 -0.168207163973802E+00 -0.784505058328880E+00
% -0.470436297736277E+00 -0.471677586970158E+00  0.388236590666612E+00
%  0.862432090811772E+00 -0.113611979716615E+01  0.217629710339280E+00
%  0.121000627367584E+01  0.800079974497802E-01  0.159796973804283E+01
%  0.137764353497034E+01 -0.771233153757939E+00  0.451081176833173E-01
%  0.257953437394892E+01 -0.399589980275943E+00  0.193388635530700E+00
%  0.350965932996915E+00  0.461158162483386E+00 -0.293217729032902E+01
%  0.209077050700985E+00 -0.435123435796693E-02  0.110176100416386E+01
% -0.368240192471114E+00  0.277634442512204E-01  0.289070461468407E+01
% -0.746729125395004E+00  0.325182586835251E+00 -0.967794427193277E+00
% -0.771101982055855E+00  0.122999246972163E+01  0.139896860341539E+01
%  0.932276368781911E+00  0.134759286994460E+01  0.208708341519969E+00
% -0.129312412240852E+00 -0.121617701968981E+01 -0.432488267780205E+00
% -0.212725902352427E+01  0.108289882043275E+01  0.592987129678498E+00
% -0.814955967355588E+00  0.733204602608631E+00  0.361749388290017E+00
%  0.172501891533278E+01  0.200050892613414E+00 -0.170710308097845E+01
%  0.934857210484423E+00  0.659327370392387E+00 -0.753247304883148E+00
%  0.760809305161548E+00  0.133543807518847E+01  0.163179609371873E+01
%  0.861232228626485E+00 -0.538351010295218E+00 -0.113618600615790E+01
%  0.272127667368445E+00  0.195746106028490E+00  0.173167306469431E+01
%  0.461928558778885E+00 -0.122143939897283E+01 -0.168408940258305E+01
% -0.110410104606704E+01 -0.809607355462952E+00  0.831432852676365E-01
% -0.836059505182385E+00 -0.195742954529272E+00 -0.270406033199635E+01
%  0.105303916842332E+01 -0.149735800495005E+01  0.822512143266058E+00
%  0.663567624492283E+00  0.159406138763801E+01 -0.581927726761632E+00
% -0.355798850389015E+00  0.150079370201790E+01  0.176437269945791E+01
% -0.241144757729011E+00 -0.108651275874932E+01 -0.734712736676696E+00
%  0.153712979886327E+01 -0.332324050473642E+01  0.777880887619435E+00
% -0.115591907709372E+01 -0.500431706237258E-01  0.671067335541579E+00
% -0.108184557463289E+01  0.103772651998122E+01  0.418247867429921E+00
%  0.977193746876672E+00 -0.227619349600037E+00  0.687200964155186E+00
%  0.795031697535742E+00  0.222090323560182E+01  0.245668131467888E+01
% -0.914241748953975E+00 -0.882432982124125E+00 -0.781690833122099E+00
% -0.302643653193692E+00 -0.119652189674487E+01 -0.136846996227893E+01
%  0.231161488032721E+01 -0.453995123801099E+00  0.457722558157290E+00
%  0.148247323618037E+00 -0.149061698092552E+00  0.864304107039739E+00
% -0.627456732623717E-01 -0.391903790174960E+00 -0.166626423875165E+01
%  0.578327810324777E+00 -0.230935980398757E+00 -0.129078316720241E+01
%  0.251669158214264E+00 -0.207884725537900E-01 -0.261064748598646E+00
% -0.218778387307026E+01  0.655297455025742E+00  0.164422362052289E+01
% -0.801998271847510E+00 -0.225483184649305E+01 -0.109064588283364E+01
% -0.134106383812534E+01 -0.535617107341916E+00  0.186186612548877E+01
% -0.146483641340056E+02  0.206158375381504E+02 -0.485082709340984E+01
% -0.655239154347947E+01 -0.221488686117652E+02 -0.880724051363732E+02
%  0.762261901072728E+02  0.386346849962970E+02 -0.926822321687172E+02
%  0.227575429548926E+02  0.152767291634805E+02  0.385569034234016E+01
% -0.492898425093624E+01  0.115657574882804E+02  0.820211496752053E+01
%  0.116960823211830E+02  0.142333217494120E+02  0.845352851074440E+01
% -0.197343265823382E+02  0.115358644591627E+02  0.146590006849388E+02
% -0.214994400408485E+01 -0.462302717540666E+01  0.131169992539886E+02
%  0.841919202005428E+01  0.519762221264180E+01  0.304136594245102E+02
%  0.328779627938016E+01 -0.494079639808387E+01  0.123712787510625E+01
% -0.199806354429988E+01  0.420119748925849E+01  0.201622921809360E+01
%  0.825671425637165E+01  0.155919461996432E+02  0.308726454261750E+02
%  0.149463515507224E+00 -0.469591336856164E+01 -0.724045296186685E+01
%  0.368648148943071E+01  0.585819187748518E+01  0.112608925763763E+02
%  0.352159150761876E+01 -0.567447464957430E+01 -0.711493318254839E+01
%  0.920723928509377E+01 -0.828476707158389E+01 -0.257144782896281E+02
%  0.105316610437725E+02 -0.121550603289498E+02 -0.152116182279357E+02
% -0.121213355601338E+02 -0.181685710808352E+02 -0.171825277840193E+02
%  0.119316196190916E+02  0.134705496084289E+01  0.177290624741426E+02
%  0.624580022905788E+01  0.638187737927815E+01  0.367497903837313E+02
% -0.290005754494082E+02  0.672398915549000E+01 -0.407333988105983E+02
%  0.654220381840225E+01  0.804838585431419E+01 -0.781668195992980E+01
% -0.134939629529254E+02 -0.103199309272796E+02 -0.312338857956828E+01
% -0.423155085661578E+01 -0.175163294203721E+01 -0.209174428471572E+01
%  0.181723737514787E+01  0.264039958984779E+02  0.540643992340631E+01
%  0.768105788107634E+01 -0.123043031884376E+02 -0.264917242790952E+02
%  0.688275759186167E+01  0.133379375351974E+01 -0.374227377595641E+02
% -0.184414714482734E+02 -0.168605023850081E+02 -0.901136157503862E+01
%  0.514624590353692E+01 -0.134137118120744E+02  0.886855568914488E+01
%  0.300571286532557E+02  0.123338366039771E+02 -0.655105972628088E+01
% -0.593908245863566E+01 -0.456142764391845E+01  0.850802086318456E+01
% -0.193133791250262E+01 -0.141441705196409E+02 -0.678518315119392E+01
%  0.399540662563735E+01  0.386883021147838E+02 -0.744862462979561E+01
% -0.121078266486727E+02  0.541699461983360E+01  0.516440203866946E+01
% -0.344631225110387E+01  0.368034226816078E+01 -0.349913183908260E+01
% -0.414001232149297E+02  0.197567307555023E+02  0.111470046061370E+02
%  0.226533391903332E+00 -0.813759119715026E+00 -0.111245922405854E+01
% -0.718536436715493E+01 -0.296630411661580E+01 -0.304054803985541E+02
%  0.305434397423584E+01  0.346193533710703E+02  0.322688573832008E+02
% -0.335901090324540E+00 -0.295575393887449E+01 -0.138114643035070E+02
%  0.150646977501406E+02  0.831188665434243E+00  0.182641649466255E+02
%  0.306813014310355E+01  0.108121111509818E+02 -0.602346727038759E+01
%  0.504090739908438E+01 -0.287130577468551E+00 -0.115618192768852E+02
%  0.349752757820983E+01 -0.199934784303746E+02 -0.140314663317973E+02
% -0.471752536147758E+01 -0.171359772249578E+02 -0.595257562521557E+01
% -0.212739240536220E+01  0.332315693793686E+01  0.113136972591747E+02
% -0.674698243469781E+00 -0.237752426268543E+00 -0.846834471465088E-01
%  0.154370106319874E+02  0.465540120846766E+01  0.175989939623182E+02
%  0.175906625904265E+02  0.106263789791191E+02  0.298857878282492E+02
%  0.103163040297240E+02  0.790906084885285E+01 -0.187236527361392E+02
%  0.362766236011588E+02 -0.254850061582904E+02  0.171664445721714E+01
%  0.546985976975140E+01  0.747434230471113E+01  0.226053090869404E+02
%  0.315148516859535E+02 -0.206738873987937E+02 -0.503657325080341E+00
% -0.305205529083112E+02 -0.182327716331785E+02  0.283670550082517E+02
%  0.639313003162099E+01  0.945067927837454E+00  0.448945044300263E+01
% -0.749266508425905E+01  0.252301670931532E+02 -0.119515726625537E+02
%  0.145009372310824E+02  0.178001047278864E+00  0.237964926919186E+02
%  0.978715854674106E+01 -0.110007248100121E+02  0.384579803694800E+02
% -0.137001832524306E+00 -0.223317279869206E+02 -0.925453882538254E+01
%  0.133049073370259E+01 -0.312024929223920E+00  0.407720412139623E+01
% -0.416438705967263E+02 -0.257904321131691E+00 -0.284127757375015E+02
%  0.138595976866389E+01 -0.560054030666912E+01 -0.140741841094404E+01
% -0.135650727368464E+02  0.152586413920428E+02  0.196180279820759E+02
%  0.231501723974748E+02 -0.436488361785901E+02  0.601674136361835E+01
%  0.399856026213731E+01 -0.249978720164185E+01 -0.109373425255097E+02
% -0.102702035602259E+02  0.153778683838844E+02  0.232002219054990E+02
% -0.620156532737007E+02  0.113016992834923E+02  0.139556037409148E+02
%  0.322101108313691E+01 -0.154615983219459E+01  0.115773853149141E+00
% -0.634887328811561E+02 -0.337804372358300E+02 -0.277553229810192E+02
% -0.447076980586693E+01  0.458740140840334E+01 -0.251078705236316E+01
% -0.243229795706023E+02  0.186771717653123E+02  0.221088117729977E+02
%  0.621435013571907E+00  0.218824929883183E+02  0.288877813187989E+02
% -0.110011174654263E+02 -0.120731789216618E+02 -0.543381207040272E+01
% -0.332795376399376E+02 -0.368779843628282E+02 -0.156578330116711E+02
%  0.325420294572320E+01 -0.410271400302108E+02  0.336284671004204E+02
%  0.561526202953647E+01  0.639728264437726E+01  0.409712196061813E+00
% -0.312251141554510E+01  0.311824726410594E+01  0.396397046476964E+01
%  0.317133834855062E+02 -0.563422762749163E+02 -0.704023123252897E+01
% -0.308743756550769E+02 -0.209382025689582E+01 -0.113583484707212E+02
% -0.341012362027684E+01 -0.269027926459779E+01  0.351955378128615E+01
% -0.795726569157344E+01 -0.209348463787140E+02 -0.773523472808764E+01
% -0.138836713064569E+02 -0.886353506035349E+01 -0.550997394926489E+01
% -0.361510347285726E+02  0.660461342557011E+02 -0.160475466407879E+02
% -0.302472025575835E+01  0.120592714138485E+02  0.195248692567187E+02
%  0.617446175484113E+01  0.176510790868628E+01 -0.133365343372258E+00
% -0.740320642248919E+02 -0.492693612834908E+02 -0.433386709836131E+02
% -0.200253224889067E+01  0.908278802482795E+01  0.350497942506901E+01
%  0.267862765440755E+01 -0.185138931995213E+02 -0.127641170362360E+02
%  0.395388470090129E+01 -0.966868673295216E+00 -0.406521535322704E+01
% -0.399280707220695E+01  0.416915803782584E+01 -0.292024526910406E+02
%  0.160349839370820E+02  0.159588481791243E+02  0.183158777653555E+01
%  0.268816989265362E+01 -0.742883456091666E+01  0.657786193439805E+01
% -0.722480089580050E+01  0.257446608759028E+01 -0.242414710455574E+01
%  0.339429897118688E+02  0.197666172797652E+02 -0.138351545568294E+02
% -0.311497368091965E+01  0.590116225009179E+01 -0.823901706327127E+01
%  0.179481623603355E+02 -0.303519771565550E+01  0.193548440749510E+02
% -0.337816874203556E+00 -0.156473811073558E+01 -0.137429818375317E+02
% -0.237278225493814E+01 -0.954065536957010E+01  0.735551144995834E+01
%  0.508560937472086E+01 -0.163314286526670E+02 -0.132225411246892E+02
% -0.106456160350841E+02  0.116310459590685E+01 -0.234801278043765E+01
%  0.417020666082121E+01  0.307602611787711E+02 -0.167597935520411E+02
% -0.264414856380577E+02  0.140833180747594E+02  0.376525084446731E+02
% -0.365448051679216E+02  0.683983659992027E+02 -0.781120325820989E+02
%  0.162027368463686E+02  0.556401571317229E+01 -0.163778855990967E+02
% -0.395197671010638E+01 -0.446510889707663E+01  0.134194012182063E+02
%  0.195516887510466E+01 -0.781178819683780E+00  0.252426518416853E+01
%  0.180164980225208E+02  0.311868976735088E+02 -0.772762394955742E+01
% -0.793385297734480E+01 -0.164099817821412E+01 -0.155487253964936E+01
% -0.257957263885260E+01  0.247810131666409E+01 -0.169926108051561E+01
%  0.684762921377245E+01  0.114865505433469E+02  0.256766042126114E+02
% -0.372440924840991E+02  0.105639657216972E+02 -0.430881735154292E+02
%  0.210696523869246E+01  0.138612574225740E+02 -0.196355392313398E+02
% -0.199261419277676E+02 -0.600858584230692E+01  0.145344729878232E+02
% -0.246362005985111E+02 -0.418934341599896E+00  0.892063440164765E+01
%  0.294275578120141E+01 -0.897534155595963E+01 -0.110051152574252E+01
% -0.514082415084824E+01 -0.158693722960221E+02  0.401498209994228E+01
%  0.339278796546307E+01  0.181958085028955E+01  0.148429476446783E+02
% -0.411779064561165E+02  0.159079343952995E+02  0.449708207644111E+02
%  0.438442947111658E+02 -0.321123339455674E+02  0.543654888465533E+01
%  0.367010063915249E+01  0.349290980069886E+01  0.548014998076546E+01
% -0.139603531342924E+02 -0.264131719055009E+02 -0.335967727103358E+02
%  0.792186795966901E+01  0.345830061559364E+01 -0.245408005685252E+02
%  0.239801363386048E+02  0.336283853352085E+01 -0.855988817303946E+01
%  0.147299660845089E+02  0.533742967263948E+02  0.262045768238344E+02
%  0.230167102895721E+01 -0.623996671621778E+00 -0.201266324484604E+01
% -0.286532895948063E+02  0.129375404981719E+02 -0.465635028316351E+01
% -0.948194701613175E+01  0.814744952770482E+01  0.549144089282943E+01
% -0.553920807287113E+01 -0.658593863416450E+01 -0.648782989911610E+01
%  0.300220984421640E+02 -0.321566358690718E+01  0.164824107465515E+02
%  0.310631695347828E+01 -0.852543249562980E+01  0.715325957703133E+02
% -0.160557956731925E+02 -0.791337789816820E+01  0.814340843555078E+01
%  0.370683994023360E+02  0.107895595794828E+01 -0.332866939242400E+02
% -0.250122854681466E+02 -0.145496890101854E+02 -0.192181429903174E+02
% -0.367646398958054E+02 -0.205567450346941E+02  0.116866896746341E+01
% -0.738971703486433E-02 -0.239815486589580E+01  0.283225954471618E+00
% -0.895941936037364E+01 -0.112632948436137E+02 -0.110725711661908E+01
%  0.557164141627165E+01 -0.200039139785134E+02 -0.882752307443871E+01
%  0.308169389228088E+01 -0.865312573456188E+01 -0.115444679278792E+02
% -0.279820041586116E+02  0.100234747534348E+02  0.271816410147398E+02
% -0.878555579263199E+01  0.112246065470544E+02 -0.225241077203051E+01
% -0.615201354546247E+01  0.183192542880851E+02  0.785658300630638E+01
% -0.329794097301625E+01 -0.220212586664011E+01 -0.327838621028038E+01
% -0.272605286444718E+02 -0.109544583859348E+02  0.884283899434097E+01
%  0.128692382923484E+01 -0.111009455898348E+01 -0.196437849538272E+01
%  0.197740645922733E+01 -0.766156345003422E+01  0.101403197459630E+01
%  0.427741159636860E+01  0.403791878938026E+01  0.831498365592973E+00
%  0.174266799510612E+01  0.178096549015078E+00  0.527258218079301E+01
%  0.163089815067269E+01  0.125479907096775E+02  0.194850420110759E+02
% -0.111378255973097E+02  0.344553373904651E+02 -0.491812188342650E+02
% -0.150164771766891E+01  0.316290421825879E+01 -0.369755875247952E+01
% -0.142373249843897E+01 -0.530478974583054E+01 -0.366888266757236E+01
% -0.294702171022659E+02 -0.649584300922948E+01  0.420184622687797E+02
% -0.414840519083932E+00  0.657577731104536E+01 -0.587406940825739E+01
%  0.438612639882169E+01  0.524204881703267E+00  0.221677996577783E+01
%  0.322766836603345E+02  0.410331543899010E+02  0.188528324064206E+02
% -0.935146729681448E+01  0.198842614241074E+02 -0.104420720968732E+02
% -0.132765139889929E+02  0.677259131798768E+01 -0.305657938755792E+02
%  0.458984258541672E+02  0.250514460048393E+02 -0.113510573852213E+02
% -0.398279468904257E+01 -0.107022508281490E+02  0.929753173637356E+01
%  0.852370623237386E+01  0.340986512150797E+01  0.213315769782281E+02
%  0.100453414982548E+02  0.106699540922358E+02  0.110007410789820E+02
% -0.447960440980309E+01  0.264396442180466E+02  0.116158892172433E+02
% -0.254466564411359E+02 -0.220069604426096E+02  0.235246313254564E+01
% -0.780830262224628E+01 -0.366618630787116E+01 -0.138047369506794E+02
%  0.142067379790095E+02 -0.121879678401105E+02 -0.139091201556312E+02
%  0.352304405381736E+02 -0.263217900383981E+00 -0.683758166031711E+01
%  0.138297346129038E+02 -0.417639702679274E+02  0.444945295415123E+02
%  0.155677512225465E+02  0.595218392054020E+01  0.222136679656418E+01
%  0.166929847940569E+02 -0.840924747738115E+01  0.509641490259406E+01
%  0.117358070877880E+01  0.932758475196380E+01 -0.129923874660945E+02
% -0.787371187120486E+01 -0.834752223096077E+01 -0.100848723295889E+01
% -0.862863494906665E+01  0.258275883082790E+02  0.168435661781145E+02
% -0.455326353348611E+00  0.119083992759760E+02  0.824551765619703E+01
% -0.263447744490329E+02 -0.583668192372339E+01  0.223118090671708E+02
% -0.228198941726890E+02 -0.245558416982720E+02 -0.314471202864394E+02
%  0.254965866343070E+02  0.313603377405015E+01  0.667598688874488E+02
% -0.208610848127030E+02  0.459428792995148E+02 -0.138435045358896E+02
% -0.910200479452895E+01  0.465324867730721E+01  0.703158616875056E+01
% -0.797886843884268E+01  0.497889155067743E+01  0.709935218660181E+01
%  0.625728792612973E+01 -0.755083256477375E+00 -0.507238259001724E+00
% -0.826355319893070E+01 -0.584296577125327E+01  0.652860219157330E+01
%  0.298573404396366E+02 -0.780149761620298E+02  0.648792198048327E+02
%  0.335860560038641E+00  0.617847982925170E+00  0.857178065923421E-01
% -0.116513672145171E+00 -0.718856180049846E+01 -0.955555120939301E+01
%  0.244610521446150E+01  0.430407196979654E+01  0.180381941336167E-01
% -0.188121783544118E+02  0.755829899006052E+01 -0.316983796970231E+01
%  0.280900467159091E+02 -0.171914496314002E+02 -0.108112322513228E+02
%  0.788792005201413E+02  0.383764658634807E+02  0.870243646245214E+01
%  0.232343975792216E+02 -0.425581584798769E+02  0.191839485111610E+02
% -0.653142995170583E+01 -0.183027388139379E+02  0.272866108161108E+02
% -0.903153352782742E+01 -0.154345477330640E+01 -0.779211966286088E+00
%  0.482135910153773E+01  0.111457706769100E+02  0.247278761866364E+01
% -0.161064445952422E+01  0.159778962242651E+02  0.458952031303571E+01
% -0.646985832066632E+01  0.734415448674260E+01  0.219871020783661E+01
%  0.244210677334819E+02  0.914028637834161E+01 -0.120504586544819E+02
% -0.912751141585006E+01 -0.354300548540556E+01 -0.488718219399722E+01
% -0.958877285099210E+01 -0.539490758133940E+01  0.404989712330377E+01
%  0.444977194526469E+01 -0.532283732878127E+01  0.996059991710597E+00
%  0.392860881685974E+02 -0.163496286781119E+02 -0.408917520709404E+02
%  0.152759851755657E+02 -0.387870738662269E+02 -0.342708484211042E+02
%  0.274609181371245E+02 -0.533599245858220E+02  0.185012346467807E+02
%  0.523605322544700E+02 -0.196413603338913E+01  0.310272853163122E+02
% -0.896443280094724E+01 -0.436108600470737E+01  0.898844793775032E+01
% -0.938721533921421E+01 -0.369013379649016E+02 -0.203158000239289E+02
% -0.519402550259880E+01 -0.426036455819893E+01 -0.992830874085178E+01
% -0.695571592676558E+01  0.466164488494761E+01 -0.109112046101423E+01
%  0.137941366007251E+02 -0.315046891899626E+01  0.673994796213007E+01
%  0.346520482326742E+01 -0.280776439474966E+02  0.105431975194321E+02
%  0.897014047515618E+01  0.890357209577297E+00 -0.174078044418334E+02
% -0.115333450401324E+02 -0.187984355792418E+02 -0.115716023165698E+01
%  0.390017407098210E+02 -0.982688852943251E+01 -0.808504312623060E+01
% -0.179131538066010E+02  0.136179151621321E+02  0.384461703302244E+01
%  0.123169298125999E+01  0.127854839105700E+01 -0.450207846621400E+01
%  0.837921712597004E+01 -0.121194939088416E+02 -0.174757829058741E+02
%  0.563064036867642E+02 -0.716267093568729E+02 -0.136825484072231E+02
%  0.249544145359578E+02  0.232313382969351E+02 -0.108774853723704E+02
% -0.270834648637024E+02  0.488111213400802E+01  0.947569165044902E+01
% -0.883423310596030E+01 -0.144463077014493E+01 -0.847681515887349E+00
%  0.472530448947702E+01 -0.275479751311274E+02 -0.618415040443937E+01
%  0.903581562111188E+01  0.492949486032063E+01  0.464066035455915E+01
% -0.100561003792439E+02 -0.790763103667294E+01 -0.584690641152462E+00
%  0.102396827760278E+01  0.223312684608993E+01  0.246325465644780E+01
%  0.940207495653371E+01  0.631584614879034E+01  0.195778139272608E+02
% -0.725423284015475E+00  0.239489336637717E+00 -0.345814150570283E+01
% -0.130775993480086E+02 -0.578598678921113E+00  0.306317142516208E+02
%  0.156823694558657E+02 -0.338344750641684E+01 -0.290017880813520E+02
% -0.885328634063356E+02 -0.265004999775243E+02  0.817044324563165E+02
%  0.885781686731278E+01 -0.403601265313699E+01 -0.549083803386400E+00
% -0.130588121660779E+02  0.216411119436031E+01 -0.763436305392670E+02
% -0.468588553474171E+02  0.166161084372351E+02  0.198231279317572E+02
% -0.191415480040832E+00 -0.592378269170981E+01 -0.384819867191049E+02
%  0.653200268799273E+01 -0.484041550801572E+01  0.430438460202010E+01
% -0.374522606774454E+02 -0.176698187996018E+01  0.242336137007959E+02
%  0.197100497740173E+02  0.157285044180670E+02 -0.103247661426795E+01
% -0.111402388355315E+02  0.223451873867390E+02  0.449520047164815E+01
%  0.123534279952506E+02  0.254416628996338E+01 -0.108803355219724E+02
%  0.101077169287353E+02  0.646436939714766E+00  0.735118018210035E+01
%  0.254909192120581E+02  0.272457190296205E+02  0.222415627145727E+02
% -0.422197169681892E+01 -0.483094960356969E+01 -0.350261690002823E+01
% -0.157170693610421E+02  0.195907024908227E+02  0.115196149156207E+01
%  0.197426885122414E+01 -0.135070339795356E+02 -0.189988701090519E+02
%  0.322952112730034E+02 -0.837607747944175E+01  0.904958896735467E+01
%  0.316380800785672E+02  0.545000236718492E+01  0.251564899647710E+02
% -0.944427013608720E+01 -0.901747862138918E+01  0.130585018177574E+02
%  0.264048804726064E+02  0.226806699168012E+01  0.805424130403205E+01
%  0.182264255957804E+02  0.312462915609346E+02 -0.952691798638875E+01
% -0.697421930300100E+01 -0.306271288086608E+00  0.258968628670696E+01
% -0.994620369342398E+01  0.153694541604591E+02  0.660319686837378E+01
%  0.440052042860557E+00  0.151327682213514E+02 -0.160326170493278E+02
%  0.190471567711294E+01 -0.227464471422433E+02  0.225555083942202E+02
% -0.791170636152864E+02  0.646736431760245E+02 -0.866270119742274E+01
%  0.913260451575209E+01 -0.143989201025948E+01 -0.103146566339943E+02
%  0.704989981527701E+02  0.978131585714547E+01 -0.263146663385375E+02
%  0.717488788532350E+01  0.113926332599088E+02 -0.320422982687569E+02
% -0.148083527404879E+02 -0.191355193304997E+02 -0.544785075141904E+01
%  0.149669169274811E+02  0.208784578463259E+02  0.113207257847896E+02
