% T    256  0.715122828077254E+01  0.715122828077254E+01  0.715122828077254E+01
   0.663803156048730E+00  0.128912970549254E+01  0.936823630685349E+00
   0.326469780935800E+01  0.147953823701897E+01  0.969899028645367E+00
   0.218855863702869E+00  0.332348476671538E+00 -0.580410308485721E-01
  -0.253546220422254E+01  0.229771986460577E+01 -0.128817899304494E+01
   0.288994559609417E+01 -0.468918886861029E+00  0.153633488018394E+00
  -0.462603477373776E+00  0.256491457439898E+01 -0.112650544668810E+01
   0.253146559340406E+01  0.265035095057522E-01 -0.177196619784527E+01
  -0.309963975819396E+01  0.332471891388543E+00  0.258085676475887E+01
   0.251931913461627E+01 -0.190310446261819E+01 -0.337667960183468E+01
   0.277877863923018E+01 -0.246027632251346E+01  0.391502253781080E-01
   0.958998334884771E+00  0.920850460416646E+00 -0.200791989004595E+01
   0.171189829733665E+01 -0.755800557850704E+00 -0.339096669152324E+00
   0.152666522696432E+01  0.181299177033302E+01 -0.196465835429403E+01
   0.353779845086271E+01 -0.285181002786257E+00 -0.211139611771372E+01
   0.304876349030202E+00 -0.186190972600504E+01  0.176146511877993E+01
  -0.216822782174741E+01  0.138991017645260E+01  0.301532780972033E+01
  -0.306540819660916E+01 -0.199206371424761E+01 -0.347610647051446E+01
   0.136412821650323E+00 -0.152529368535965E+01 -0.174346922321691E+01
   0.242296633281343E+01  0.231864664045967E+01  0.328707503793121E+01
   0.198023000393056E+01  0.460655889085376E+00 -0.257496538110370E+01
  -0.286776446512985E+01 -0.135748836343603E+01  0.267481308653752E+01
   0.264121114362634E+01  0.229503608919461E+01 -0.212399550357073E+01
   0.148152782379313E+01 -0.353778742658302E+01 -0.826561313801612E+00
  -0.355551307571769E+01 -0.763350708932123E+00  0.209404506215264E+01
  -0.406357585062673E+00  0.958669335626888E+00  0.729922610482450E+00
  -0.195116534959149E+01 -0.127415972357733E+01  0.327417034559189E+01
   0.941735299906177E-02  0.122535020644162E+01 -0.228958442648942E+01
   0.141085537435296E+01 -0.614029536139437E+00  0.188763257335324E+01
   0.277135439177246E+01  0.311590428917471E+01 -0.262684452994390E+01
   0.338678710143088E+01 -0.544641119664493E+00  0.303122140033026E+01
  -0.314244242440594E+01  0.738492914446783E+00 -0.237724256650013E+01
   0.139479271389532E+01  0.819573116738800E+00 -0.904122161586206E+00
  -0.681353215880332E+00 -0.280653464192350E+01  0.332832227755047E+01
  -0.246749767238654E+01 -0.157774369939512E+01  0.170456590011313E+01
  -0.331575233236324E+00 -0.208914297602457E+01 -0.886808324282957E+00
  -0.903055027274393E+00  0.170210211617441E+01 -0.224141719483414E+01
  -0.427420164952087E+00  0.560694356423997E+00  0.320168101075555E+01
   0.547164574357611E+00 -0.552582739939845E+00  0.232083302268858E+00
  -0.224825826172452E+01 -0.147612452536943E+01  0.234501433542166E+00
   0.353320524188024E+01  0.213460056751789E+01  0.304255903158698E+01
   0.260076103451010E+00 -0.102659969937555E+01  0.127945995813735E+01
  -0.185231499124851E+01  0.383359001167547E+00 -0.940689152961238E+00
   0.191340159647581E-01  0.325558345618294E+01 -0.979942519844235E-01
   0.745163117832509E+00 -0.902415862735192E+00 -0.784411770164918E+00
  -0.116172946333674E+01 -0.360212214362083E+00  0.327974860402946E+01
   0.161390024424561E+01  0.285406019696665E+01 -0.168121376436803E+01
   0.322921304692979E+00  0.558104771281931E+00 -0.113657485651359E+01
  -0.251002955156223E+01  0.352495954312000E+01  0.397129534020957E+00
   0.271281222910950E-01  0.239385809359229E+01  0.329331694069848E+01
  -0.288664441402962E+01 -0.289456749681030E+01  0.327212126445307E+01
   0.295259328437655E+01  0.134209874101217E+01 -0.867401615557262E+00
  -0.421361804339161E+00 -0.832927403124921E+00 -0.389721092959963E+00
   0.340057076552123E+01  0.302045764563603E+01 -0.355901299746126E+01
   0.174864839752012E+01 -0.127335263065207E+01  0.266081842966442E+01
  -0.574893832935102E+00 -0.189540375769419E+01  0.826445521414189E+00
   0.129785984779007E+01 -0.263079066668276E+01 -0.162596333147501E+01
   0.146468483302344E+01 -0.104593815818343E+01 -0.151993970237275E+01
  -0.227273974213250E+01 -0.265359977713273E+01 -0.926684202296968E+00
  -0.792072228677927E+00  0.216683815451023E+00 -0.124815932749399E+01
   0.219869830273243E+01 -0.220185599742150E+01 -0.179187754622377E+01
   0.120665630730003E+01  0.139367722300013E+01  0.187211701190839E+01
  -0.216587833439070E+01 -0.723926473008967E+00  0.104344349564946E+01
   0.914574431738014E+00 -0.122818196821242E+01 -0.239054480054174E+01
  -0.299959066313103E+01 -0.189337852098981E+01 -0.862748839564447E+00
  -0.343741738146366E+01 -0.121258952114502E+01 -0.259838257215276E+01
  -0.195473831196237E+01  0.328690673826622E+00  0.145602385672653E+01
   0.231460917121243E+01 -0.221696347901352E+01  0.231625246082551E+01
  -0.406867716601662E+00 -0.608892522141871E-01  0.118405429482482E+01
   0.318574123548767E+01 -0.197979232956834E+01  0.144807972989474E+01
  -0.135121922787203E+01  0.183467443433808E+01 -0.726503394535018E+00
   0.187493785003576E+01  0.301627580973339E+01  0.793605861006411E+00
  -0.242305198557726E+01 -0.188480042765597E+01 -0.177585389312067E+01
  -0.135308741113528E+01  0.231221482133333E+01  0.111433492280798E+01
  -0.312940613192198E+01 -0.298759868153693E+01  0.205774609325401E+01
   0.217272898666425E+01  0.105256554879745E+01 -0.146313722564855E+01
  -0.253075259584893E+01 -0.275713459171209E+01 -0.230869242155174E+01
  -0.261898266772868E+01 -0.476678963583471E+00 -0.252121972987744E+01
   0.690164987980510E+00 -0.256153522341649E+01 -0.729329094635556E+00
   0.186600546381229E+01 -0.195986761794169E+01  0.250605576691922E+00
  -0.267858332548629E+00 -0.334236359927970E+01  0.215066301947150E+01
  -0.136285313370381E+01  0.801214650772235E+00  0.230583422140653E+01
  -0.225626215702681E+01  0.156097856024811E+01  0.849107619975777E+00
  -0.116485064183725E+01 -0.245200185151437E+01 -0.577187123369195E+00
   0.331126831165995E+01  0.725689283218383E+00  0.181611303962373E+01
  -0.141786913595391E+01 -0.272644667867634E+01 -0.211787404395272E+01
  -0.186400109978194E+01  0.326639825047427E+01  0.126780583453115E+01
   0.330283235857193E+01 -0.313908062520333E+01 -0.281858003112202E+01
  -0.123199069130278E+01 -0.714401549139690E+00 -0.114767158606531E+01
   0.196478021306982E+01  0.108036203684657E+00  0.327333849841540E+01
  -0.283308365650203E+01  0.169948426734846E+01  0.236330274527096E+01
  -0.290348291540523E+01 -0.505629307769820E-01 -0.536439529825020E+00
   0.137253777014240E+01  0.214799135805915E+01 -0.643224252008431E+00
   0.331961803298414E+01  0.237191082958257E+01 -0.213920595323971E+00
   0.203679376443661E+00  0.237878879433967E+01 -0.264162910661455E+01
  -0.324515332405210E+01  0.238282400345174E+01  0.774354641917134E+00
   0.205094606429877E+01 -0.248916338721640E+01 -0.720458328661295E+00
  -0.147283070239965E+01 -0.170519605964693E+01  0.163827472696300E+01
   0.208760158771547E+00 -0.254055261669857E+01 -0.174409692449165E+01
  -0.306400229589993E+01 -0.238264233137021E+01  0.113464623892642E+01
  -0.153125225470228E+01 -0.870997683887677E+00 -0.287084662241525E+01
  -0.791708773752942E+00 -0.633845341691734E+00  0.200941422011138E+01
   0.195074682884024E+01 -0.337307485189480E+01 -0.200276656013239E+01
  -0.282748651281790E+01  0.305139831317735E+01  0.225969090845087E+01
  -0.150391518879958E+01  0.802314562620768E+00 -0.188187380400584E+01
  -0.814739805702376E+00  0.835423858284561E-01 -0.292322112245024E+01
   0.352014396900442E+01 -0.220453623867595E+01 -0.232487128835331E+01
   0.313889562600224E+01  0.345957044487188E+01  0.275107494920882E+01
   0.276210164767495E+01  0.145412463763961E+01  0.246264865681794E+01
   0.171300660574078E+01 -0.271178488145329E+01  0.162280975485281E+01
   0.118675738425109E+01  0.157225723731643E+01  0.165332813326181E+00
   0.207413883164869E+00 -0.151469179691855E+01  0.466424722921106E-01
  -0.108393719685401E+00 -0.326480269188911E+01 -0.107319185317366E+01
   0.285152723356349E+01  0.263005570589898E+01  0.609959546944473E+00
   0.266435545423354E+01 -0.471831433137908E+00 -0.289821448796312E+01
  -0.110620562618222E+01 -0.147714014134625E+01  0.278869884998596E+01
   0.632282694174051E+00  0.187774267930506E+00  0.967964411863391E+00
   0.223072222926362E+01  0.165194053046500E+01  0.146253414957263E+01
  -0.103628210820353E+01  0.282144245920068E+01  0.350435857679012E+01
   0.235431018612787E+01  0.156574781708206E+01 -0.206355393178148E-01
   0.238739143785931E+01 -0.137616683760342E+01 -0.742661168037314E+00
   0.237290597733082E+00  0.174818024203051E+01  0.221896724002340E+01
  -0.139357405957463E+00  0.203726778525821E+01  0.105718390163277E+01
   0.495701328325993E+00  0.268456831078836E+01 -0.153661124432951E+01
   0.351730691012619E+01  0.206828919842628E+01  0.191792073506004E+01
  -0.522738422913233E+00  0.960688098180774E+00 -0.588603850344752E+00
   0.237629772905020E+01 -0.746570619843509E+00  0.202355866721311E+01
  -0.853948886732787E+00  0.283481189113748E+01  0.222378741046736E+00
   0.164360240322531E+01  0.261096430159964E+01 -0.305392136505465E+01
  -0.245744763603466E+00  0.744357821713095E+00  0.184803125425854E+01
   0.191126724766397E+01  0.128133044649479E+01  0.307144160288025E+01
   0.249003395670597E+01 -0.335107324731120E+01 -0.697913848116704E+00
   0.324945240721237E+01 -0.453126582180273E+00 -0.893677936729015E+00
  -0.156433291768695E+01 -0.240244288638544E+01 -0.317781881903943E+01
  -0.264483611559255E+00 -0.292691121111854E+01  0.997798029818564E+00
  -0.219422574962482E+01  0.337190179903633E+01  0.323251530633235E+01
  -0.244962054568989E+01 -0.272739995672650E+00 -0.153796251526958E+01
   0.809301606488221E+00 -0.351256185728622E+01 -0.146456527662199E+01
   0.290427821887930E+01 -0.843180816113889E+00  0.107410702890510E+01
  -0.148217200232828E+01  0.309465645267333E+01  0.246804049455863E+01
  -0.242430527232653E+01  0.124707805078419E+01 -0.818100399296950E+00
   0.186816329163137E+01 -0.165393181164053E+01  0.142526705085498E+01
   0.148651639761597E+01 -0.442167003789218E+00 -0.314664273139185E+01
   0.246290672095886E+01 -0.237692861290571E+01  0.105755265303672E+01
  -0.558155785263492E+00  0.301454289609398E+01 -0.227234200831313E+01
   0.316826787169049E+01 -0.267231969690179E+01  0.318405066683875E+01
   0.250247720347817E+01  0.231219639217001E+01 -0.923878954089378E+00
   0.631890121327812E+00  0.354077188415643E+01 -0.243591510678998E+01
  -0.223721361782395E+01 -0.339724551437091E+01 -0.156876551567956E+01
  -0.153918488229660E+01  0.848496788866276E+00  0.192945289008203E+00
   0.240230753944053E+01 -0.258607491683606E+01 -0.265098217200366E+01
  -0.113037928465090E+01 -0.737096895413277E+00  0.958684143361760E+00
  -0.189417421489283E+01 -0.257739663876612E+01  0.103922363284000E+00
   0.109290352651871E+01  0.665342970157354E+00 -0.325206982982973E+01
  -0.220862441433777E+01  0.938465122106812E+00 -0.286086103934732E+01
  -0.310019314975777E+00 -0.100077966906696E+01  0.298703334660958E+01
   0.200394553016845E+01 -0.954937186677350E+00 -0.238792422436544E+01
   0.279750337337467E+01 -0.311676366044128E+01  0.197595347591625E+01
   0.200523015785254E+01  0.681015870476809E+00  0.602517742910571E+00
   0.370946378429406E+00 -0.198698480040678E+01 -0.271914174992666E+01
   0.297739617323664E+01 -0.159417846476821E+01  0.333880667901131E+00
  -0.231423533084949E+01  0.208704354642820E+01  0.841061649510910E-03
  -0.974041745283435E+00 -0.332304185108158E+01  0.131989331779504E+00
  -0.227961791544479E+01 -0.979142093591921E+00 -0.812772863949080E+00
  -0.600446781728871E+00  0.287374411058533E+01  0.129464196588168E+01
   0.316585730490077E+01  0.112219253080520E+01 -0.198571499548571E+01
   0.174237279706997E+01  0.160233051286154E+01 -0.299907189941811E+01
  -0.323735207998514E+01 -0.265330956956742E+01 -0.196035506206830E+00
   0.193474322472279E+01  0.343026236032455E+01  0.168888215454314E+01
   0.542320316870632E+00  0.105145272864552E+01  0.315060953425250E+01
  -0.265352505778228E+01 -0.280352799580122E+00  0.174016948242413E+01
   0.290831013550648E+01  0.152511835237126E+01 -0.293586907434069E+01
   0.309718027105690E+01  0.307968822944826E+01 -0.151731813813729E+01
   0.149203670277745E+01  0.228725372371864E+01  0.154121710566085E+01
   0.318356949502362E+01 -0.241076809225712E+01 -0.897695549937287E+00
   0.841388713376286E+00  0.272268091548009E+01  0.310242358976034E-02
   0.186239242585543E+01  0.264778473898466E+01  0.248616471786112E+01
   0.368377914946456E+00 -0.359714554854719E+00  0.309112527983219E+01
  -0.992424090970619E+00  0.146851581985918E+01  0.161740467368719E+01
  -0.658594943900453E+00 -0.175821710192751E+01 -0.338877368997793E+01
  -0.737299823205765E-01  0.140191060934004E+00 -0.221432849547032E+01
  -0.330806701108127E+01 -0.335621454705808E+01  0.102670367800482E+01
  -0.143575197443439E+01 -0.223590158061572E+00 -0.209059817134592E+01
  -0.143241085470729E+01 -0.133240701409172E+01 -0.188951598112496E+01
   0.152663780861010E+01 -0.192080699501181E+01 -0.354556193835445E+01
   0.816082783120467E+00  0.329871148607483E+01  0.124666837858327E+01
  -0.123313617720654E+01 -0.133650240327209E+01 -0.183380545270918E+00
   0.130621799766081E+01  0.289914287803498E+00  0.566582259368199E-01
   0.352480826512133E+01  0.210605540911691E+01 -0.136207310520183E+01
  -0.361204925769514E+00 -0.257471045830824E+01  0.897766348253655E-01
  -0.490170555556143E+00 -0.104026628880879E+01 -0.240699236001921E+01
  -0.340321288539427E+01  0.253297796862654E+01 -0.282462792488187E+01
  -0.124324976168309E+01 -0.298986179709439E+01  0.129094950708221E+01
  -0.174266033810097E+01 -0.463931448463378E+00  0.492902281423675E-01
   0.351655710845500E+01  0.978643071076035E+00  0.304239678049926E+01
   0.933644004624974E+00  0.328923875607738E+01 -0.339841636777075E+01
  -0.309309944334029E+00  0.254775399060222E+01  0.237798403716966E+01
  -0.340432910058147E+01  0.336020368135458E+01 -0.216657530138178E+01
   0.197187021571608E+01  0.331799783211048E+00  0.171786525199322E+01
  -0.335134164560078E+01  0.695859863152102E+00 -0.130190918516596E+01
   0.276346463338741E+01 -0.345598691278616E+01  0.461806538493051E+00
   0.114264232664681E+01  0.334723966694236E+01  0.242068251162158E+01
  -0.330377239093835E-01 -0.222911353854979E+01  0.283449781023979E+01
   0.314178848077869E+01  0.308958300479002E+01  0.169261048414290E+01
   0.234767861935100E+01  0.326804816085124E+01 -0.354099042518232E+01
  -0.258776853776254E+01  0.171783507527292E+01 -0.205993097417482E+01
   0.232215583238934E+00  0.171613824669501E+01 -0.289291531991791E+00
  -0.190945598174752E+01 -0.849433243384865E+00  0.219793414980388E+01
  -0.486721867388076E+00 -0.275009424526538E+01 -0.270489380122188E+01
  -0.218183537196894E+01  0.224935499919387E+01 -0.307392161465196E+01
   0.201617111858715E+00  0.272962362656595E+00 -0.323417137060551E+01
  -0.299576016508793E+01  0.355927453417875E+01 -0.316575324160101E+01
   0.352548635267992E+00 -0.471897258730158E+00  0.202210625705557E+01
   0.172080979706175E+01 -0.589476269374455E+00  0.825642017819636E+00
   0.673944818826295E+00 -0.338164461879513E+00 -0.165588117778939E+01
  -0.298220613095540E+01 -0.803437207970353E+00 -0.348771696524390E+01
   0.232952923726745E+01  0.595610138482896E+00 -0.512061812175350E+00
  -0.149236789778080E+01  0.711161760235820E+00  0.346258233645827E+01
   0.891487247750237E+00 -0.229309322150868E+01  0.934985973997489E+00
  -0.331582869454068E+01 -0.122955929603431E+01 -0.241735965559305E+00
  -0.205372108301264E+01  0.346266850407488E+01 -0.275090318778137E+01
  -0.289042238092191E+01  0.117681134035311E+01  0.154557105344231E+01
   0.688168152597261E+00 -0.138133561762531E+01  0.275170550888731E+01
   0.682183936751465E+00  0.165718648691454E+01 -0.323930543647226E+01
  -0.316339134979974E+01 -0.120599123961459E+01  0.107986850733759E+01
   0.329439996184220E+01  0.362270537010601E+00 -0.303693556522968E+01
  -0.307313793976473E+01  0.132825827834042E+01 -0.319229067771012E+01
  -0.164544170826370E+01  0.205636080666689E+01 -0.171623207074258E+01
  -0.273018916208780E+01  0.330494051089094E+01 -0.612618695727394E+00
   0.978330044381604E+00 -0.269336156474425E+01  0.259592826460615E+01
  -0.612066457203950E+00 -0.197796859962510E+01  0.191124644027150E+01
   0.146447929091588E+01 -0.293789110511489E+01 -0.277468662570182E+01
   0.195521461316254E+01 -0.291139991747488E+01  0.322221090997577E+01
   0.449997251294273E+00 -0.124436934722387E+01 -0.347364103988909E+01
  -0.238059236080760E+00  0.342086706803817E+01 -0.340156898374195E+01
  -0.139503205237518E+01  0.175448008988951E+01  0.349437289008868E+01
  -0.271528885675083E+01  0.623894438053241E+00  0.321888991360501E+00
  -0.209640162053673E+01  0.231640885015179E+01  0.307697987165277E+01
  -0.176655227532274E+01  0.308167039192236E+01 -0.109529751501684E+00
  -0.340704117585180E+01  0.120516656769735E+01 -0.150996173219684E+00
  -0.124418275869223E+01  0.343733748767996E+01 -0.995654234030590E+00
  -0.181441001997164E+00 -0.745797766182224E+00 -0.134946131744815E+01
   0.245654581849914E+00  0.172673846439466E+01 -0.144036962310093E+01
  -0.247063975685606E+01  0.153538706074531E+00 -0.349156149898682E+01
   0.309392845885115E+01 -0.152665913164108E+01  0.283071489442696E+01
   0.305140018237761E+01 -0.300104080397406E+01 -0.179670362665441E+01
  -0.546193330858825E+00  0.162226462453174E+01 -0.319840245719337E+01
  -0.197535750866653E+01  0.141199185440116E+00  0.273747898082957E+01
   0.323482993587679E+01  0.313274781805176E+00 -0.366643973858617E+00
   0.434346084707242E+00 -0.274445563920828E+01 -0.339761814102876E+01
  -0.212038330372165E+01  0.243049520801087E+01  0.185494056868835E+01
   0.112535486861788E+01  0.284740692084875E+00  0.259770452064687E+01
   0.821386513250634E+00 -0.319083325620399E+01  0.335762013977032E+00
   0.276144641325544E+01  0.401595565834812E+00  0.255634377802329E+01
   0.186732504104271E+01 -0.332383731884660E+01  0.215831357040975E+00
  -0.302479533019485E+01 -0.457528287276943E+00  0.554067788933241E+00
   0.309844487835630E+01  0.281276823482755E+00  0.990417880545017E+00
%  0.565435921128799E+00  0.939557241161378E+00 -0.465675446292660E+00
% -0.225245669140571E+01 -0.134521955444014E+01 -0.112597177853269E+01
% -0.155869531318599E+01 -0.366236908508491E+00 -0.147102950004379E+01
% -0.238396801796936E+01  0.924679957222610E+00 -0.249471219791682E+00
%  0.589072783805811E+00  0.587775576217469E+00 -0.761598846839590E+00
% -0.657177832290963E+00 -0.630554045328605E+00 -0.300295680217950E+00
% -0.185134350124207E+01 -0.176306272983647E+01  0.932427516759128E-01
% -0.390623708975385E+00  0.520642925647374E+00 -0.452041222249892E+00
% -0.123723521291902E+01  0.250371468793172E-01 -0.108708747844737E+01
% -0.881334138713732E+00 -0.218948496399425E+01 -0.260156027553056E+00
%  0.256525941840075E+01  0.363516726988445E+00 -0.553075418686985E-01
%  0.238567313396266E+01  0.123216606786868E+01  0.216409773722128E+00
% -0.595449376785024E+00 -0.179358883581954E+00  0.146932670931099E+01
% -0.226171349433640E+01  0.546388944020062E-01 -0.420045977409558E+00
% -0.542114245347704E+00  0.879310951516669E+00 -0.289268336448134E+01
%  0.320577176721673E+00 -0.107848277866600E+01 -0.639148674896401E+00
% -0.448441740222290E+00  0.796561479771419E+00 -0.721992553242828E+00
% -0.801475232601322E+00 -0.164805801201077E+01 -0.672666156123768E-01
%  0.363374586898156E+00  0.872222697280357E+00  0.305723375354144E+01
% -0.241164247804445E+01  0.170793209305405E+01 -0.935245543516648E+00
% -0.187381497103324E+01  0.285943685703478E+00  0.158686202659261E+01
%  0.134700676994489E+01  0.212625889881245E+01 -0.976839782634041E+00
% -0.627173269246734E+00 -0.176454935066048E+01  0.562717002231811E+00
%  0.139855754152776E+01 -0.810791962121614E+00  0.103043175220720E+01
% -0.401921587526284E-01  0.611444613160768E+00 -0.101094349224648E+01
%  0.520454462904050E+00  0.932552410055442E+00  0.173820012254419E+00
%  0.160113188759743E+01  0.170387416041252E+01 -0.357233109764623E+00
%  0.225930678864263E+01 -0.948951633858659E+00  0.945693281480354E-01
% -0.221256491595498E+01  0.136320083764760E+01 -0.228906992638546E+01
%  0.115603773722507E+01 -0.217196328986202E+00 -0.166718099458956E+01
% -0.210180277525513E+01 -0.201800092142138E+01 -0.633069225554601E+00
%  0.363022929075099E+00  0.463190097617790E+00 -0.100906832006791E+00
%  0.558692406488076E+00  0.240364445641385E+00 -0.715401985524752E+00
%  0.936878888867402E+00 -0.750272803849525E-02 -0.457850276570678E+00
%  0.624743236893343E+00 -0.230400688101770E+00  0.227911100362519E+01
%  0.741595650861738E+00 -0.669454766433181E-01 -0.331820772775481E+00
%  0.207901931614546E+01  0.987962485892035E+00 -0.642948884764586E+00
%  0.997037271752531E-01  0.122565508773637E+01 -0.399447112873271E+00
% -0.165261534777032E+01 -0.193969787847475E-01 -0.889903938964623E+00
%  0.777063743580193E+00 -0.117731568223506E+01  0.126492088102251E+01
%  0.444596266039401E+00  0.234419479527305E+01 -0.787799764363025E+00
% -0.677328993642992E+00 -0.102916413610481E+01  0.552898892063023E+00
% -0.815709641951769E+00  0.900099039134327E+00  0.231490855518178E+01
% -0.190414898477795E-01 -0.176005134541941E-01  0.288076572945468E+00
% -0.596582710301724E+00  0.197292705980618E+00  0.123179073773137E+01
%  0.188747319284399E+01 -0.138513167535080E+01 -0.959012380056400E+00
% -0.133509659193045E+01 -0.102283925831544E+01 -0.226912559459093E+00
% -0.116033029198526E+01 -0.191041212762676E+00 -0.121417098849674E+01
%  0.412642662684823E+00  0.221930316070126E+00 -0.188186975212906E+01
%  0.156092769488819E+01  0.786391598977338E+00  0.163810731760586E+01
% -0.550021960826255E+00 -0.139774602331956E+00  0.517150259098728E+00
% -0.129951661735949E+01 -0.460383877437573E+00  0.751549554322642E+00
% -0.126905663591195E+01 -0.362500487699748E+00 -0.236530852654937E+01
% -0.136953704866497E+01  0.226441674779277E+00  0.306653163940278E+01
%  0.202275986801589E+01 -0.134470931566934E+01 -0.125928890207044E+01
%  0.437722066874231E-02  0.139140219369426E+01 -0.142602876060591E+00
% -0.650507211874042E+00 -0.356239242804746E+00  0.168735439566448E+01
% -0.101037329740765E+01 -0.169824273617756E+01 -0.636119010691743E+00
%  0.130427113122954E+01  0.165049816923163E+01 -0.533483587709234E+00
% -0.345399423398518E+00  0.188741052156475E+00  0.213601689194103E+01
%  0.679318003576069E+00 -0.156283848708297E+01 -0.220892734681798E+00
% -0.141771304989872E+01  0.825594145804524E-02  0.566930130091146E+00
%  0.119565768994213E+01 -0.751890371597415E+00 -0.157932802343117E+01
%  0.162459300214860E+01  0.294890875223744E+00 -0.353761388964309E+01
%  0.374949195124059E+00 -0.162669022311751E+01  0.293184082973627E+01
%  0.576995816982144E+00 -0.361193447762235E+00 -0.485207887603473E+00
%  0.864797174795210E+00  0.184744111434642E+01  0.906318020550111E-01
% -0.577581170726180E+00 -0.175682059388672E+01 -0.108222044077949E+01
%  0.222437405064585E+01 -0.531098286838120E+00 -0.969396613992046E+00
% -0.123435324755724E+01  0.293959129554755E+00 -0.785384163673252E+00
% -0.758229702360290E+00  0.174753233479541E+01 -0.515918674161696E+00
% -0.113481420340104E+00  0.154111276944672E-01 -0.102654210235712E+01
%  0.188926999935075E+01  0.390509775904211E-01 -0.129967549606564E+01
%  0.131523619242034E+01  0.395250862801570E+00 -0.361997712279132E+00
%  0.251776662922745E+01 -0.979797303841167E+00  0.503311317758398E+00
%  0.816724933050280E+00 -0.687486936118330E+00  0.424221225073658E+00
% -0.626904752525211E-01  0.139516868565272E+01  0.316904964308809E+00
% -0.209740239857790E+00  0.127284461979668E+01 -0.175840635621914E+01
%  0.788054815267236E+00  0.141249910957089E+01  0.193168037106670E+01
%  0.527728483096362E+00 -0.440182811432711E+00  0.136772187430888E+01
%  0.813669930415083E-01  0.775448553944315E+00  0.221637662997572E+01
%  0.813661026020866E+00  0.210541238689470E+00  0.760816279008107E+00
%  0.300821903457407E+01  0.203761985611823E+00 -0.200002413598503E+01
% -0.649437792179322E+00 -0.106820183971755E+01  0.956013107882777E+00
% -0.123241120712016E+01 -0.190664490690981E+01  0.103229421557345E+01
% -0.826271823813866E+00 -0.582303855399346E+00  0.277641459514076E+00
% -0.350973778763020E+00 -0.215309069359730E+01 -0.120241058882659E+01
%  0.100469475930289E+00 -0.132311975758509E+01 -0.497466193401804E-01
% -0.489332733309904E+00  0.288114528997153E+01  0.216978494736210E+01
% -0.107129159109599E+01 -0.274642759460557E+00 -0.114965320589944E+00
% -0.633945735431277E+00 -0.138496372579631E+01  0.271750432480605E+01
%  0.176471293693015E+01  0.153189300806162E+01 -0.456173829257746E+00
%  0.127490602669103E+01  0.108830330116906E+01 -0.304411250249772E+00
%  0.996883812665650E+00 -0.156928571157259E+01  0.346527873680222E+00
%  0.105514057934082E+01 -0.521200199800918E+00 -0.104897789506485E+01
%  0.233553617934084E+01  0.261233094955636E+01 -0.143146524889024E+01
% -0.657631923179851E+00 -0.147705685536072E+01 -0.850226018924578E+00
% -0.792905912572388E+00 -0.137146465251252E+00 -0.880892747593104E+00
% -0.429900462311203E+00 -0.105322942415710E+01  0.177017054655038E+00
%  0.198819295126978E+00 -0.163295822006058E+01  0.975675789682728E+00
% -0.751419804919248E+00 -0.225090915006339E+01 -0.389034830487097E-01
% -0.493687795238892E-01 -0.113051041248718E+01 -0.152912426202428E+01
%  0.670980388342264E+00 -0.122737812597788E+01 -0.852554128678732E-01
%  0.219839748345413E+00  0.120552930754593E+01  0.109809764196047E+01
% -0.556692032983916E+00 -0.450292711522254E+00 -0.146740659217395E+01
%  0.109474573183867E+00  0.200633778753894E+01 -0.102880352296690E+01
%  0.180403484445366E-01 -0.142457950773825E+01  0.129921096010158E+01
%  0.444537760691079E+00 -0.184602503161040E+01  0.170651835969865E+00
% -0.618965022919829E+00 -0.208379561542737E+00  0.263523953539309E+00
%  0.192056763165357E+01 -0.122552741318140E+00 -0.126887188970847E+01
%  0.522474539328702E-01  0.171730505628380E+01 -0.586464773141748E+00
% -0.155807164351289E+01  0.551271664381461E+00 -0.400004136401073E+00
% -0.210349855387142E+01 -0.654268616547619E+00 -0.128628573921423E+01
%  0.165647434843274E+01 -0.101096899168328E+01  0.319867038702084E+01
%  0.176290773048335E+01 -0.757715635576549E+00 -0.136313943233926E+01
%  0.146197514113436E+01  0.164449276350546E+01  0.131995593230717E+01
%  0.125848029999597E+00  0.151813801619660E+01 -0.260031748907399E+01
%  0.113519457087490E+01  0.817931289095910E+00  0.490060348592737E+00
% -0.763579538526094E+00 -0.206045769839967E+01  0.862782628547466E-01
% -0.789470306251290E+00 -0.180729205841974E+01 -0.547872411483315E+00
%  0.377593139768868E+00  0.477913354228810E+00  0.146387226819491E+01
% -0.310411099811919E+00  0.295479491488535E+01  0.170181936815234E+01
% -0.588193105586933E+00  0.174067061872502E+01  0.187653728124091E+01
% -0.461798548442337E+01  0.127199082431669E-02 -0.120925994382910E+01
%  0.143157023062454E+00 -0.132343950793395E+01 -0.651937861503327E+00
%  0.104773779149703E+00 -0.122404464914291E+01  0.397863798793938E+00
%  0.147253700529719E+01  0.743418667172614E-01 -0.179334242155149E+01
% -0.300036470585277E-01 -0.809532385167498E+00 -0.204130187309977E+01
%  0.201722672094211E+01  0.692428667960902E+00 -0.881306747976936E+00
% -0.661308258584983E+00 -0.727160083172642E+00  0.185754094159466E+01
% -0.149372670633426E+00  0.746672292848142E+00  0.368690743265761E+00
%  0.431648889348665E-01 -0.221842828826219E+00  0.157661751353942E+01
% -0.612620512254609E+00 -0.272404072151069E+01  0.822423081522090E+00
%  0.256521016387424E+01 -0.173554192719451E+01  0.196820381429436E+01
%  0.184554186592967E+01 -0.343761410825138E+00  0.806135006714775E+00
%  0.755313357250307E+00 -0.572575991767962E+00 -0.300096354941729E+00
% -0.764901592794810E+00 -0.113423848227865E+00 -0.416237878400284E+01
%  0.779803907803563E-01 -0.271192539449003E+00  0.460468726293016E+00
%  0.740920218260586E+00 -0.939992182999601E+00 -0.334418633258147E+00
% -0.476945833902643E+00  0.274047654311650E+01  0.304295926255732E+00
%  0.819682799436385E-01  0.150826236470943E+01 -0.743703669500715E+00
% -0.119246663093193E+01  0.288757886292527E+00 -0.142996168119330E+01
% -0.150981875458577E+01 -0.820937964996750E-01 -0.160992477830045E+00
%  0.618364879375646E+00 -0.182643956682974E+00  0.133338536982023E+00
%  0.855526268120739E+00  0.211861715163774E+00 -0.150621110524673E+01
% -0.109727318240062E+01  0.510612334935813E+00 -0.809381241437911E+00
% -0.230573819390217E+01  0.173584613056541E+01 -0.253623158309515E+01
%  0.866661507521120E+00 -0.724725250768791E+00 -0.249777466033727E+01
%  0.616119595466282E+00 -0.380128089482594E+00 -0.694200087147494E+00
% -0.191409060466083E+00 -0.397677145412054E+00  0.482642632055394E+00
%  0.264644113391800E-02 -0.781405529154653E-01  0.140938234855198E+00
% -0.212369737532731E+00 -0.267386865639157E+01 -0.530017022267346E+00
%  0.182263021889881E+01 -0.811552350623223E+00 -0.860539308080806E-01
%  0.654436191955559E+00 -0.396426663272632E+00  0.181509352211882E+01
%  0.223725344616721E-01  0.151457673301167E+01  0.699021433245151E-01
%  0.119477409740290E+01  0.142652992871340E+00 -0.222587290667238E+01
%  0.183981531993178E+00 -0.841890012983958E+00  0.590918005113570E+00
% -0.206298682224509E+00 -0.230339492490080E+00  0.111017987491961E+01
% -0.152096569989660E+01  0.348540190728439E-02  0.146138851624564E+01
%  0.134779923657829E+00  0.241040598527068E+01 -0.627453386118055E+00
% -0.603391981975985E+00 -0.178450632831139E+01 -0.175114985641555E+01
% -0.162046422175304E+01 -0.978310845225459E+00 -0.632748439986904E-03
% -0.542132819122318E+00 -0.192005521229958E+01  0.652861934473723E+00
% -0.906696664279352E+00 -0.765273676253590E+00  0.186162556521675E+01
%  0.653207677709133E+00  0.122285179067943E+01 -0.255652360527141E+01
% -0.696263180043658E+00  0.268256199292957E+01  0.897260539198225E+00
% -0.101444254013832E+01  0.190053321192419E+01  0.175871449889007E+01
%  0.674061732892649E+00  0.193735448052792E+00 -0.161978345274110E+01
% -0.151522041197403E+01 -0.506991641011053E+00  0.131314795402316E+01
%  0.489998780960006E+00  0.567367739549255E+00  0.351762694344478E+00
%  0.296945588149518E+01  0.491031246159406E-01  0.160083937966990E+01
%  0.396779305708310E+00 -0.609107170301119E-01 -0.128258803049846E+01
% -0.176836394125969E+01  0.827806688465909E+00 -0.655314254628582E+00
%  0.133786057819991E+01 -0.253479928519971E+01  0.180877036635247E+01
% -0.111978280113833E+01  0.117404103242147E+01 -0.446222067263420E+00
%  0.153205016649159E-01 -0.706958045300357E+00 -0.207140271622787E+00
%  0.716995094252138E+00 -0.121244678209336E+01 -0.264904445093758E+01
% -0.129034729745624E+01 -0.187304232281291E+00  0.166029063666322E+01
% -0.139920647386293E+01  0.293745109316510E+01 -0.145914902243111E+00
%  0.667020025711151E-01  0.279870109308495E+01  0.801756847870995E+00
%  0.313866462745595E+01  0.198419109242027E+01 -0.993014629832077E-01
%  0.761518002168281E+00  0.122498189629230E+01 -0.827036057783636E+00
%  0.405935950678588E+00  0.703243192246000E-01  0.537576607456500E+00
% -0.123885881087750E+01  0.284452935571789E+01  0.142627172520630E+01
%  0.423747575389239E+00  0.390061865639468E+00 -0.108458144285967E+01
%  0.964912788258356E+00  0.289777638010889E+00  0.976417721636276E+00
%  0.257386926144236E+01 -0.131198695343825E+01  0.142202477359532E+00
% -0.452402972960693E+00  0.124050397192670E+01 -0.166365933497059E+00
% -0.121577618483976E+01 -0.665810212217258E+00  0.168431626279478E+01
% -0.718764836271184E+00  0.771651817095407E+00  0.146672395906801E+01
% -0.195095790239281E+01  0.370594950042713E+01  0.166316601182054E+01
% -0.313718621519078E+00 -0.548211595687374E+00  0.786530664296919E+00
%  0.167977147285786E+01 -0.249590879091164E+01  0.359356162389593E+00
% -0.993085049637477E-01  0.645941201217478E+00 -0.119108964631380E+01
% -0.186894490888126E+01  0.238927956117510E+01 -0.124101166499909E+00
%  0.214267705236408E+01 -0.124305206306733E+01 -0.939867495507065E-01
%  0.728438350423853E+00 -0.323565704310718E+01 -0.936678298126291E+00
%  0.122630375168529E+01  0.769022622832303E+00 -0.155907809362067E+01
% -0.135591233039278E+01 -0.180697238834688E+00 -0.225335834810920E+01
%  0.842396535329254E+00 -0.177342432704951E+01  0.508318078522800E+00
% -0.136455987289195E+01  0.871295131168353E+00 -0.102116202823799E+01
% -0.941723436477988E+00 -0.172442095394547E+01 -0.192369975879673E+01
% -0.300043949125895E+01  0.248315521231420E+00 -0.549691782013073E+00
% -0.857013847445371E+00  0.279091320678052E+00 -0.343407131151311E+00
%  0.330066502925384E+00  0.489955237258314E+00 -0.102572659302554E+01
% -0.236983601837920E+01  0.205056659253879E+01  0.347136294027454E-01
% -0.183392877013750E+01 -0.243572605513298E+00 -0.154342276211621E+01
%  0.307429927179435E+00  0.965657764261384E+00 -0.139946517051268E-01
%  0.104922031412797E+01 -0.271229955850287E-01  0.137199501262857E+01
% -0.508552123283886E-01 -0.316369217239943E+00  0.192983588733267E+01
% -0.171945636256784E+01  0.998586720918839E-01 -0.483714388719637E+00
% -0.220989269958413E+01  0.178157325657803E+00  0.345285422071725E+01
%  0.139974228144915E+01 -0.660265787120108E+00 -0.208824202727408E+00
%  0.506276490604738E+00 -0.244310544570976E+01  0.366129852151871E+00
%  0.133693466186916E+00 -0.721447224376641E+00  0.195155277387904E+01
% -0.284150959443923E+01 -0.104698091791265E+01  0.504774023687201E+00
% -0.507865241320582E+00  0.100243369015467E+00  0.156680900952773E+01
%  0.849320850879447E+00  0.141756958480806E+01 -0.307933649877366E+00
% -0.189799329840052E+01  0.119029111187854E+00  0.153802371558871E+01
% -0.194634644505358E+01  0.189960938537585E+01  0.197792157094058E+00
% -0.206622020569573E+00 -0.154707963478133E+01  0.253288505901979E+00
%  0.944104382951595E+00  0.106610844177047E+01  0.137931902173819E+01
%  0.105830642801083E+01 -0.174761222122322E+01 -0.783612679003527E+00
% -0.142969708870679E+01 -0.159605862382225E+00 -0.908695776270459E+00
% -0.934449818227036E+00 -0.301586879100641E+00  0.278009762864453E+01
%  0.108965545935284E+01  0.547623642703294E+00 -0.123419852811863E-01
% -0.409960913998030E+00  0.212837268290394E+01 -0.142112377526345E+01
%  0.270241080184077E+01 -0.556307285722269E+00 -0.233239807516010E+01
%  0.979664405134439E+00 -0.832876329611455E+00  0.232101433056393E+01
%  0.193441018851043E+01  0.138854673484195E+00 -0.153854509256119E+01
%  0.179217738803678E+00  0.330979558255259E+00  0.721513173141488E+00
% -0.134497545697738E+00  0.104699893227825E+01  0.137580283133545E+01
%  0.147931465704406E+01 -0.163202936127706E+01  0.146004748415281E+01
%  0.257296335261374E+00 -0.842753693090234E+00  0.332307179757023E+00
%  0.980790230776334E+00 -0.244718423163420E+00  0.107354384856943E+01
% -0.251942877849229E+01  0.111373107189309E+00  0.727266930877157E+00
% -0.103576055057732E+01 -0.785711171065403E+00 -0.187933713731539E+00
%  0.132137465042213E+00  0.168268912766325E+00  0.120350107949337E+00
% -0.729473931183038E-01 -0.602275669323651E-01  0.265852838448467E+01
% -0.645779885566242E+00  0.549505669754255E+00 -0.283420426681527E+01
%  0.178723683766470E+01 -0.193640031377304E+01  0.834142335720724E+00
% -0.950767947062878E+00  0.293238520630645E+00  0.308981695062904E+00
% -0.208745583532554E+01 -0.236649675288481E+00  0.223787565718788E+01
% -0.522677270837612E+00  0.852664863464690E+00  0.489140977645217E-01
%  0.112146377729135E+01 -0.401242425709576E+00  0.181287563492629E+01
%  0.852206112667367E+00  0.937493041048949E+00 -0.268178984365247E+01
%  0.676172796719433E+00  0.211960798079275E+01  0.208901365336006E+01
%  0.103238864142686E+01 -0.102518180629229E+01 -0.306354246974536E+00
% -0.107748032974435E+00 -0.104440230715583E+01  0.203081564830977E+01
%  0.451231080426772E+00  0.253235737720906E+01 -0.366807739837393E+01
%  0.360294592047196E+00 -0.192094523181392E+00 -0.169904685287413E+01
% -0.100952067864565E+01 -0.310057921368961E+00  0.183675217264778E+01
% -0.159859980847420E+01  0.948517122776061E+00 -0.986118736550288E+00
%  0.552366518912491E+00 -0.430752932976086E+00  0.618909107273548E+00
%  0.249087163169655E+00 -0.853212521504365E+00  0.394303156823408E+00
%  0.163094008896865E+01  0.279508431397932E+00  0.250283942928809E+01
% -0.219253878708787E+02 -0.119492854523217E+02  0.272224756246220E+02
% -0.621205044231997E+00 -0.999265178409774E+00 -0.204020220691354E+01
% -0.128195904277929E+02  0.274357973266160E+02 -0.719395553125156E+01
% -0.112854511336139E+02  0.318337341895502E+02  0.467070065969912E+02
% -0.953668117628094E+01 -0.973457272640228E+01 -0.122098935878745E+02
% -0.956969665227809E+01 -0.457761523412198E-01  0.449260265490550E+01
%  0.373749172542849E+01 -0.167291180377449E+01  0.509907908423785E+01
%  0.289934056571121E+02 -0.359102067782690E+02 -0.245607481875608E+02
%  0.248597882198922E+02  0.144698043994581E+02 -0.145251084527204E+02
% -0.952729289367123E+01 -0.714839384573712E+02 -0.117779962747947E+02
%  0.787122570017516E+01 -0.111204701026893E+02  0.158057842597267E+01
% -0.116051871449997E+02  0.170282064517914E+02  0.138506608898627E+02
%  0.168027865435936E+01  0.545143902996187E+01  0.395951710048387E+01
% -0.170429632574549E+01  0.976463922842839E+01  0.512534380514445E+01
%  0.738580443006231E+02 -0.290773280560514E+02  0.143575881251634E+02
% -0.174753477107960E+02 -0.104418940681386E+03 -0.106509022090952E+01
% -0.685291434297561E+01  0.226479872297742E+02  0.980633694703363E+01
%  0.313998351311791E+02 -0.583208649930543E+02 -0.191964674076490E+02
%  0.114405516417449E+02 -0.270420923042668E+02  0.564531233250920E+01
% -0.231284867084084E+01  0.374585850136620E+01 -0.536026577934776E+01
% -0.309268142573794E+01  0.100336576084516E+01  0.611545723779616E+01
% -0.819323529233887E+01 -0.388027171322936E+02  0.209726573627629E+02
%  0.496773958590659E+02 -0.217706214170803E+01  0.572203312609164E+02
% -0.644473670998787E+00 -0.639166125478428E+01 -0.346888390198794E+02
%  0.113705065745636E+01  0.989672768160024E+00 -0.193732444523742E+01
% -0.203266357896887E+02  0.855006798117135E+01  0.154920344421554E+02
% -0.132491320262916E+01 -0.904439422897304E+01 -0.220944289980532E+02
% -0.327831893289724E+02  0.483029869067296E+01 -0.717785225252323E+01
%  0.568819961002926E+01  0.272380385924564E+02 -0.365372479833581E+01
% -0.122715309947152E+02  0.226508472594557E+02  0.251122961057438E+02
%  0.211090973048320E+02 -0.196037709793056E+02  0.149859032780738E+02
% -0.361182793761726E+02 -0.677944474299861E+00  0.122378916839213E+02
% -0.150374950908665E+02 -0.123742422194217E+02  0.120675508544546E+02
% -0.130332252626103E+02 -0.111658620567228E+02  0.459760193875961E+01
%  0.431602362378671E+02  0.235220434899002E+02 -0.153273596088529E+02
%  0.135985529683682E+02 -0.470563493814852E+01 -0.534279326911890E+01
% -0.196016649917692E+02  0.447506410426469E+01 -0.193829727719884E+02
%  0.135815685772648E+02 -0.225805459139111E+02  0.811239303603550E+01
% -0.554149566022674E+01  0.232449720550513E+00 -0.334560029607622E+00
%  0.837991973862264E+00 -0.786341426676566E+01 -0.224884695211732E+01
% -0.122591030340516E+02 -0.799396675152045E+01 -0.897878737204779E+02
%  0.681925611435533E+01 -0.996085556826834E+01  0.743890214918490E+01
% -0.143415925964755E+02  0.269459105714220E+02 -0.995895156365485E+01
% -0.130594923663991E+02 -0.659980483865052E+01  0.139270380495758E+02
% -0.931588441861286E+00 -0.351361299543011E+01 -0.185690144196078E+01
% -0.157386021643002E+01 -0.785084498722604E+01  0.513340844797314E+01
% -0.357250988311059E+00  0.138898031355818E+01 -0.464510812781927E+01
% -0.905977870224164E+01  0.114356782568091E+02  0.122001754066971E+02
%  0.107793302571394E+02 -0.635516739513269E+01  0.318599690147199E+02
%  0.436284131439191E+01 -0.601949916179197E+01 -0.254094405582677E+02
%  0.207280570167244E+02  0.333094391456828E+01 -0.148575091131938E+01
%  0.178989156834171E+02  0.276001156338565E+02  0.128768491176866E+02
% -0.281950808146979E+02  0.141556277080930E+02 -0.230305586089975E+02
%  0.114201621676386E+01 -0.104036372158465E+02  0.105825126031166E+02
% -0.405285731008493E+01  0.162109622814346E+02  0.813106622782722E+01
% -0.919406711278205E+01  0.857256915582393E+01 -0.170784482682457E-01
%  0.101973598686197E+02 -0.634291845407213E+01  0.156902090940216E+02
%  0.385471947483578E+01  0.181752657767103E+02  0.195715747044503E+02
%  0.621956099008564E+01 -0.105228810124971E+01 -0.112942046037851E+02
%  0.870947507754467E+01  0.259924010166679E+02  0.390726785323393E+02
% -0.207141857740549E+01 -0.283170762179756E+02  0.127789850139607E+02
%  0.296784270356184E+02 -0.262333303264439E+02 -0.244261454580254E+02
%  0.149486967235979E+02  0.246904645775270E+02 -0.445303773731997E+01
%  0.138091434956972E+02 -0.165979539381648E+02 -0.328619729902530E+02
% -0.776098333585005E+00  0.183967737267290E+00 -0.414386283843260E+01
%  0.295448554029787E+02  0.263549516430967E+02 -0.124787931984071E+02
%  0.519708738827248E+01  0.908555196686029E+01  0.868054215315215E+01
%  0.132880106396028E+02  0.546213195049942E+01 -0.350395272698543E+01
%  0.759881700210605E+02  0.559000491288915E+02  0.523630230780804E+02
%  0.496719348618271E+00 -0.232496162761113E+01  0.823275415899390E+01
% -0.829767739177236E+01 -0.301405925000724E+02 -0.123221664160469E+02
%  0.388898799941239E+01  0.122008537677172E+02  0.432955496254982E+01
% -0.403863278015930E+02 -0.272576864623501E+02 -0.203731988332790E+02
% -0.466905673697776E+01 -0.234271451089862E+01  0.551106802781492E+01
%  0.119433925790131E+02  0.679388628681543E+01 -0.331819048986031E+02
% -0.102579312331787E+02 -0.307376159468656E+01 -0.213451880397302E+02
%  0.564884822092151E+01  0.120332315868250E+01 -0.148909786717187E+02
% -0.139838484791532E+00 -0.195892716791466E+01  0.555627987936380E+01
% -0.691019104104499E+01  0.554170197513718E+01  0.794269739573901E+00
% -0.650726007224423E+00  0.833648446633752E+00 -0.130347721881874E+01
%  0.111805348307748E+02  0.681059351272750E+01  0.217794907956280E+01
%  0.128963162312503E+02 -0.600372183413345E+01  0.969276073090878E+01
% -0.344830124219312E+02 -0.159961236174627E+02 -0.469764358250783E+01
%  0.286555442374984E+02  0.342077516137250E+02  0.165901093254947E+02
% -0.410560524334801E+01 -0.531982940203625E+00  0.428756029498626E+01
%  0.122947820962063E+01  0.468190796890884E+01 -0.376546501344680E+01
% -0.103284219683125E+02  0.135717319925688E+02 -0.197176348610475E+02
% -0.611129002527377E+01  0.899636778455564E+01  0.296580213357938E+02
%  0.697984882859175E+01  0.773344342090072E+01 -0.465652787044535E+01
%  0.318104009135547E+01  0.204252758021295E+02  0.265357384430182E+02
%  0.398908011811504E+01 -0.189545931452968E+01  0.731060602069327E-01
%  0.136579828338042E+02 -0.248984911764036E+00 -0.323077088055846E+02
%  0.190067300902940E+02 -0.134445149449962E+02 -0.279402824827633E+02
%  0.109737320516644E+01  0.984307776893988E+00  0.237896348177775E+01
%  0.509122212757775E+01 -0.101139785507540E+01  0.193796426961216E+01
% -0.278000829640792E+02  0.357572836378254E+02 -0.738507692688927E+01
% -0.355182072224053E+02  0.195739038707030E+02 -0.230655688134555E+02
%  0.397760339033709E+01 -0.119362343253962E+02 -0.118276201077763E+02
%  0.148039119761274E+02  0.185376237408672E+02 -0.561317447019140E+01
% -0.128583007022251E+01 -0.800803174385348E+01 -0.187470750454159E+02
% -0.130162576679975E+01 -0.557429153161869E+01  0.724520630835859E+01
%  0.193238906045569E+02 -0.369988156648108E+01  0.121832685720366E+02
% -0.122500772793961E+02  0.732795391354863E+01  0.790856411926878E+01
% -0.165972908849868E+01  0.123170740172201E+02 -0.258635901123655E+01
% -0.129719614223385E+02  0.204527360800331E+00 -0.108852358792897E+02
%  0.213387206082055E+01 -0.281089402030557E+01  0.298147277297251E+00
% -0.291417837208485E+01  0.346416142853561E+01 -0.149779016180964E+02
%  0.360569334956311E+00  0.139608979165857E+02 -0.680384046780058E+01
% -0.285571867715679E+02 -0.655858325260008E+01  0.813522403228590E+01
%  0.250303446888732E+02 -0.414593496616650E+01 -0.129167147311924E+02
%  0.339445254125353E+01 -0.241860642645977E+02  0.433016705047281E+01
% -0.190359521558897E+02 -0.615813604719103E+01  0.155380284170837E+02
% -0.131982929421388E+02  0.597003636961926E+00  0.302268379882094E+02
%  0.269115192059767E+02  0.187953573081900E+02 -0.227997818024779E+02
% -0.281261110961633E+02 -0.330256471609932E+02 -0.288630538547747E+02
%  0.419371749450156E+01  0.366336420564219E+01  0.100459013477087E+02
%  0.305167962674409E+02 -0.256823824827957E+02 -0.397457034007494E+01
% -0.130394295006250E+02 -0.100111921026872E+02 -0.437800756782273E+01
% -0.283696970067453E+01  0.655631827823855E+01  0.633473793409982E+01
%  0.177754292285170E+02 -0.175308050129608E+02 -0.678583269998391E+01
%  0.148553665755333E+02 -0.285506160483575E+02 -0.558940383607839E+01
%  0.120601343200384E+02 -0.273168201656091E+02 -0.652114391042670E+01
%  0.917242680719807E+01  0.794122304625784E+01 -0.937196658267519E+01
% -0.221887817268093E+02  0.902986558121715E+01 -0.166624895205163E+02
% -0.333230197938412E+01  0.123141131260084E+02  0.100096959929839E+02
%  0.401406120200054E+02  0.216129218830745E+01 -0.242921973981343E+00
%  0.930541615213257E+01 -0.356006730250367E+02  0.126091730575964E+02
%  0.431609194337284E+01  0.793774320571626E+01  0.832760943539122E+01
%  0.741297456901455E+01  0.116658920974872E+01  0.673063278093061E+01
% -0.727275947756895E+01 -0.374090636034461E+01  0.424296250057400E+01
%  0.354060415038818E+02 -0.353735226243885E+02 -0.982221934195719E+00
%  0.144390415391944E+01 -0.674731281497651E+02 -0.502837516787770E+02
%  0.169928529345223E+00  0.131747812753277E+00 -0.673526462170808E-01
%  0.216514072664120E+02 -0.157918936924881E+02  0.296424064067221E+02
% -0.248613244266109E+01  0.274335898413511E+01  0.433516947607163E+01
% -0.230234475437692E+01  0.113535680834323E+02  0.177957045576289E+01
% -0.459654135763860E+02  0.103136573341362E+02 -0.343817459655512E+02
%  0.137633788398140E+01 -0.704015101908743E+01  0.296723515581859E+02
%  0.448897719471266E+01 -0.239854977788136E+01 -0.386170317600828E+01
% -0.648448036271334E+01  0.890977094834675E+01  0.168664312767947E+01
% -0.112449285381719E+02  0.227776347586822E+02  0.721646375743992E+01
% -0.125254283913545E+02 -0.241758711418676E+01  0.347827385128207E+01
% -0.555475685401227E+02 -0.595481081692257E+02 -0.625558146288847E+02
% -0.222633523441723E+01  0.392121728702472E+01  0.316136451872216E+01
% -0.304112965590849E+01  0.202515444384900E+01  0.140526095479640E+01
% -0.836855496587711E+01  0.336086214915072E+01 -0.502936530632996E+01
% -0.108494987422795E+02 -0.839398194352261E+00 -0.157231417436166E+02
%  0.645419513869811E+01 -0.359931688443973E+02 -0.109886300785017E+02
% -0.171928806160393E+01  0.256968225610952E+00 -0.181597315902398E+01
%  0.233785916955550E+02 -0.254073869704047E+02 -0.240532775655405E+02
% -0.229000974972907E+01 -0.166756864812461E+02 -0.600181491325799E+01
% -0.149957330692959E+02 -0.427034335595163E+01  0.175447869490955E+02
%  0.515962776407530E+02  0.201416329694858E+01  0.145800711895205E+02
%  0.281812372370125E+02  0.313048454454828E+01  0.125038051153929E+02
% -0.693510856424914E+01 -0.178305317631496E+02 -0.279102767212744E+01
% -0.185698901063355E+02 -0.255220697997577E+02  0.186622546781872E+02
% -0.339306007133703E+01  0.194099974762685E+02 -0.118430653783574E+02
%  0.313425961588303E+02  0.167992721474363E+02  0.249476914902427E+02
% -0.188540124612048E+02 -0.155329326735882E+02  0.346445412849554E+01
%  0.138060431461131E+02  0.622196595744405E+02  0.209441934810141E+02
% -0.239119687425868E+01  0.124607659517346E+02 -0.229577305134316E+02
% -0.294082439051366E+02 -0.989180514053226E+01  0.932595142031018E+00
%  0.226589171909443E+01 -0.115608347580030E+02  0.116101120154637E+02
%  0.258996626010467E+02  0.624313371806712E+02  0.213513756823487E+02
% -0.267088405865310E+02  0.123308704204397E+02  0.440066367379436E+01
%  0.758505640773407E+01 -0.214999386095712E+02 -0.183514492364751E+01
%  0.652137544733318E+01 -0.111825249851127E+02  0.172271448956390E+02
%  0.614189697406138E+01 -0.102550265315556E+01  0.222739813817465E+02
% -0.145854369757608E+02 -0.926847825760409E+01 -0.425693214139416E+02
% -0.617375404229517E+02  0.157331665791262E+01  0.425859704446809E+02
%  0.693757388294738E-01  0.286414892555011E+01 -0.798269565035842E+01
% -0.370678530192198E+02 -0.837004194032506E+01  0.344069105673187E+02
% -0.235400464798021E+02  0.489542930165820E+02 -0.981017952975186E+01
% -0.635730390361592E+01  0.528229407765772E+01 -0.189421081861443E+02
%  0.184358108287831E+02 -0.625884012514764E+01  0.162076406922358E+02
%  0.125148272726948E+02 -0.108847590452521E+02 -0.376146447223450E+01
%  0.510068179412990E+02  0.521030059828845E+02  0.437102758478843E+01
%  0.569030185090430E+01  0.693848938022329E+01 -0.774884578214190E+01
%  0.497208254615896E+01  0.835270860075051E+00  0.309838388838122E+01
%  0.811318894229240E+00 -0.427052428247318E+00  0.158147673329863E+02
% -0.156504785993155E+02 -0.196710513945157E+02  0.168143331902292E+01
% -0.461411358918152E+00  0.281433339749251E+01  0.120671179150073E+02
% -0.693221813688664E+01 -0.213446835278708E+02 -0.188351325803148E+02
% -0.254960620330001E+02 -0.110528617945821E+01 -0.348036677253941E+01
%  0.320841580030987E+01 -0.818369052654236E+00  0.812947006055885E+00
% -0.223315748853324E+02 -0.313433264832323E+02  0.482129400591925E+01
% -0.271180140263594E+02 -0.186120950256523E+02 -0.218252999239939E+02
%  0.301797299138793E+01 -0.412813879177134E+01 -0.339465581060578E+01
%  0.366363709433877E+02  0.334463723289072E+02 -0.398831324353102E+02
% -0.562972074197164E+01  0.918515016543019E+01 -0.104727633215794E+02
%  0.218635777511267E+02 -0.406051713600596E+02  0.434840776055378E+02
% -0.974622058894477E+01  0.328502302557768E+01  0.184456877570413E+01
% -0.772987597910062E+01  0.126808309724999E+02 -0.165173369250203E+01
% -0.194046685911806E+02  0.364796899591932E+02  0.305559506274093E+02
% -0.514928892583058E+01  0.642966635813185E+01 -0.142517738354808E+02
% -0.328913258511885E+02  0.347934623293420E+02 -0.246201405577971E+02
%  0.432712264714893E+02  0.103931129644656E+02 -0.172099169723594E+02
%  0.178931101733330E+01  0.164633297016809E+01 -0.592018144331658E+00
%  0.878950222769395E+01 -0.785585491487774E+01  0.151964197867812E+02
%  0.685568441583427E+02 -0.784063563627341E+01  0.223072486598433E+02
% -0.184797813014373E+02  0.156028244614679E+02  0.444368030247068E+00
%  0.147616197589148E+02  0.176654009966327E+02 -0.101634874619061E+02
%  0.290007626065418E+01 -0.735045268401225E+01 -0.666255472248088E+01
% -0.866149009177297E+01  0.277304265466479E+02 -0.101368189421624E+02
% -0.114361687725070E+02 -0.320645775839380E+02 -0.402659882374039E+02
% -0.244742755491970E+01  0.236990864674055E+01 -0.175016654651802E+01
%  0.136492275840807E+02  0.328842743090922E+01  0.101688382452026E+02
%  0.402896609045705E+01  0.423465094783418E+00 -0.263322347880087E+01
% -0.608578449422865E+01 -0.156118017326541E+01  0.234373745851405E+02
% -0.139250014704846E+02 -0.156340835616785E+02  0.198767939542177E+02
%  0.130871379063338E+02 -0.916000540858585E+01  0.143245112220640E+02
%  0.194321876692164E+01  0.489290758244427E+02  0.614354122952417E+02
%  0.197264574296973E+01  0.204792651390262E+01 -0.221291446990144E+01
%  0.244788852687312E+02  0.130380206207762E+02 -0.157769122424189E+02
%  0.827851830515076E+01 -0.645441562823728E+01 -0.125801761423465E+01
% -0.438813164962415E+02 -0.442152626256951E+01  0.624108993097113E+01
%  0.918247081163413E+01 -0.845318622744994E+01  0.110180305690798E+02
%  0.194713514558635E+01  0.378133512549244E+01 -0.140082250243095E+00
% -0.129353331774608E+02  0.367815522915948E+02  0.314964075260707E+02
%  0.107832437591662E+02 -0.102790906824960E+01  0.498566781171254E+01
% -0.118288196451710E+02 -0.279197956529893E+02 -0.228859355528048E+02
%  0.914110234719036E+01 -0.790413456430729E+01 -0.462367021176539E+02
%  0.142790416039786E+01  0.188555711263516E+02  0.228644358680897E+02
% -0.312128721014245E+02 -0.667397732871990E+02  0.372286974220892E+02
% -0.120407532241550E+01  0.558136794593232E+01 -0.785838169888638E+01
% -0.179724371068482E+02  0.229836599354063E+02 -0.244558100233719E+02
% -0.821469422698562E+01  0.116942299633995E+02  0.799183777007183E+01
% -0.170272300061564E+01 -0.997940889882367E+00 -0.946885475924625E+01
%  0.143451145303653E+01  0.315934833021696E+01  0.770989311487842E+00
% -0.118796123736642E+02 -0.281257097128571E+02  0.326865509567335E+02
% -0.296792629307434E+02  0.274892074711722E+01 -0.196990943197627E+02
%  0.125021788770629E+01  0.277320888290752E+01  0.231820967828668E+00
% -0.461825898675516E+01  0.227253851939244E+01  0.486434429211695E+02
%  0.151801438205948E+02  0.745343301620129E+01  0.810768884490750E+01
%  0.163493301458029E+02  0.848639900466611E+01  0.104022388588689E+02
%  0.131288460041611E+02 -0.796224112383202E+01  0.962771851349418E+01
% -0.128260035415691E+02  0.953312629130608E+02 -0.325867320543919E+02
% -0.494378459299612E+01 -0.668180821736234E+01 -0.153412035962114E+02
% -0.384084269766739E+01  0.183641072943490E+02 -0.390127559524429E+01
%  0.307794697763254E+01  0.312424123563383E+01 -0.205070691996370E+00
% -0.422236727408580E+02  0.642106436570149E+02  0.134787495839463E+02
% -0.816400205444486E+00 -0.195601892204956E+02  0.176279764316099E+02
% -0.716918541581646E+01 -0.344403305596526E+01  0.136815391899095E+01
% -0.257658965249485E+01 -0.105006995350648E+02 -0.325874747074500E+01
% -0.989478048991141E+01 -0.497876745313149E+01  0.632757831125841E+01
%  0.429953972296661E+02 -0.710679563550086E+01  0.252380823086819E+01
% -0.194651908718070E+02 -0.212997567236250E+02 -0.853162873410397E+01
%  0.482488880982999E+02  0.681570039318113E+02  0.419547185398785E+02
%  0.173758561047936E+01 -0.141191162407919E+02 -0.115458303337965E+02
%  0.302489226554565E+01 -0.194334172676903E+02  0.210607050999779E+01
%  0.277111468714557E+00  0.241244698798707E+00 -0.457072444774073E+01
% -0.888272874915156E+01 -0.284162660208673E+01 -0.476282771565630E+01
% -0.229217117216503E+02 -0.248993196733986E+02  0.245912024268698E+02
% -0.621971992185309E+02  0.356375863375482E+02 -0.330718644920343E+02
% -0.836849881010061E+00  0.777362400391353E+02 -0.599135384685258E+02
% -0.114523632017547E+02 -0.217875386648245E+02 -0.435586976977456E+02
