% T    256  0.715122828077254E+01  0.715122828077254E+01  0.715122828077254E+01
  -0.203835276202918E+01  0.220398755838962E+01 -0.340271937749661E+01
  -0.132867625270968E+01  0.525652262448184E+00 -0.155493588424210E+00
  -0.131085822525425E+01  0.208450880319859E+01 -0.258308196512747E+01
   0.207692931257696E+01 -0.488718384104319E+00  0.326681953641017E+01
  -0.323578537063421E+01  0.282862759726761E+01  0.223777752050655E+01
  -0.169490989793769E+01  0.209827583151115E+01 -0.123513078168408E+01
   0.300103425972104E+01  0.248638530446444E+01 -0.331385677870602E+01
  -0.134920986159632E+00  0.118587962693965E+01 -0.350620456270777E+01
   0.711334170943990E-02 -0.248460920341226E+01  0.937124629315154E-01
   0.324476020530112E+01  0.522381029448176E+00 -0.291718018128870E+01
   0.322120423961699E+01 -0.301031591747649E+01 -0.327760539656796E+01
   0.273970979568193E+01 -0.389167411335612E+00 -0.209161691178677E+01
  -0.311518618023168E+01  0.206955647764748E+01  0.353036286873441E+01
  -0.298015635665422E+01  0.311802145034807E+01 -0.200513690706495E+00
   0.151490014612039E+01  0.239309738112065E+01  0.275748870515968E+01
  -0.294261926778304E+01 -0.222105358498093E+01  0.215126130101817E+01
  -0.860328389289946E+00 -0.120140539640137E+01 -0.258603124517755E+01
  -0.133413753734344E+01 -0.143634399466765E+01  0.174075469645978E+00
  -0.285322297640345E+01 -0.845010742456525E+00 -0.320870067579637E+01
   0.129087567798717E+01 -0.241085970208387E+01 -0.697088924491414E+00
  -0.586075804640629E+00  0.259233879959110E+01 -0.168373905637674E+01
  -0.252046583709185E+01  0.245628816303387E+01  0.372670039482133E+00
  -0.198382888828781E+01  0.110473442816495E+01 -0.264798234528503E+01
   0.231763817737289E+01  0.334448502188337E+01  0.224749414585715E+01
   0.888256097943553E+00 -0.212076840591967E+01  0.953675384884015E+00
  -0.347374046693943E+01 -0.293304153645315E+01  0.443605926236967E+00
  -0.303688013480263E+01 -0.165740500319424E+01 -0.357042926688202E+00
   0.212942927530727E+01 -0.317568829111284E+01 -0.120000047281451E+01
   0.498202565194601E+00 -0.815660171501907E+00 -0.246928276199124E+01
   0.210337254845350E+01 -0.874689978092262E+00  0.175638390422490E+01
   0.328797124552029E+01  0.191242233599509E+01  0.255395541964504E+01
  -0.255997148512352E+01  0.215426553014637E+01 -0.626729860241085E+00
   0.326514903743992E+01 -0.813820841363890E+00  0.509893237159845E+00
   0.572718786151896E+00  0.314487028306060E+01  0.294756703746689E+01
   0.219076406413959E+01  0.289782848989104E+01 -0.295151539228314E+00
  -0.896615327417177E+00 -0.276970098510184E+01  0.266900087036372E+01
  -0.180566251743126E+01 -0.973129447743636E+00 -0.891574062585047E+00
   0.344627138402113E+01  0.195803735144739E+01 -0.991906808274088E+00
  -0.303902146136603E+01  0.175391451535362E+01  0.204467842313071E+01
  -0.175354043766645E+01 -0.525206503137611E+00  0.164303643116902E+00
  -0.101698843114237E+01  0.264529788741587E+01 -0.607402450839726E+00
  -0.284102428922925E+01  0.108014639028925E+01  0.712079420743863E+00
  -0.159411527292724E+00  0.855750009478415E+00  0.259752613366994E+01
  -0.223169836640545E+01  0.637243840329678E+00  0.245192853601811E+01
   0.231716283525395E+01 -0.337089171604297E+01  0.834574261102586E+00
   0.118372248332854E+01 -0.183243433162653E-01 -0.266028740731222E+01
   0.293539462413834E+01  0.206134965348158E+01 -0.235966925618756E+01
   0.737166351802124E+00  0.294692011463486E+01  0.881013929679332E+00
   0.174435392924528E+01  0.261720575317453E+01 -0.224841999000824E+01
   0.165725965234354E+01 -0.864639564852095E+00 -0.108276027038408E+01
  -0.258573149379263E+00 -0.330953641120303E+01  0.861777933761810E+00
   0.293024235374119E+01  0.293205430706925E+01 -0.946780991642422E+00
   0.429280823310551E-01  0.300169013741635E+01  0.183719546174638E+01
   0.312986318712920E+01  0.315861462230135E+01  0.149610870636744E+01
   0.310027673963432E+01  0.152752009502695E+01 -0.336149063499020E+01
   0.161328724344215E+01 -0.154788305021077E+00 -0.357378559411980E+00
   0.327700561674466E+01 -0.184376205823785E+01  0.560730386340873E+00
   0.195936393607953E+00  0.134134213096989E+01  0.172339844414304E+01
  -0.733201668986638E+00 -0.651577635840769E+00 -0.654362812583387E+00
   0.229525777723371E+01  0.135054569442734E+01 -0.212901238434609E+01
  -0.118243206971027E+00 -0.115633569426509E+01 -0.119121965461129E+00
  -0.212093009020619E+01 -0.303225590573848E+01 -0.191838792339287E+01
   0.631851031072589E+00 -0.515227280272867E+00  0.317445173681749E+01
   0.174703757142097E+01 -0.333958318164167E+01 -0.173957683745345E+00
   0.290522372363138E+01  0.306955121342905E+01 -0.199368886611512E+01
   0.222228855721044E+01 -0.342034879240318E+01 -0.275666710244898E+01
  -0.334027287789289E+01 -0.120367130731684E+01  0.293219658756713E+01
  -0.973432233092274E+00  0.255127930659358E+01  0.176190862187467E+01
   0.335261327942862E+01  0.259441725819730E+00 -0.861048221705059E+00
  -0.329989046137042E+01  0.103329544574998E+01 -0.448560088048900E+00
   0.235470817996430E+01  0.144334303121683E+01  0.277890349434980E+01
  -0.237249125831796E+01  0.196173316749002E+00  0.688756388352940E+00
   0.246723605537685E+01  0.196691361303751E+01 -0.579182868205386E+00
   0.288959547172771E+01 -0.139939451339251E+01 -0.353277435553784E+01
   0.190278138720827E+01  0.158260542262262E+01  0.431932956402559E+00
   0.276347765999673E+01 -0.178806305374751E+00 -0.925224279076755E-01
   0.850350269363627E-02 -0.456915735694438E+00 -0.157331859689515E+01
  -0.724127759902915E+00  0.590016990196840E+00  0.674451987190395E+00
  -0.167272033924746E+01 -0.312209111182891E+01 -0.907182213732471E+00
  -0.320263937834419E+01  0.861640577383383E+00  0.272001803404266E+01
   0.150046617535425E+01  0.322916950414016E+01  0.154680586885643E+01
  -0.686637719718879E+00  0.152800956445589E+01  0.112468219060999E+01
  -0.275202210391237E+01  0.432157816958435E+00 -0.209846458511298E+01
  -0.283913882860813E+01 -0.109296745042474E+01 -0.176809289894154E+01
   0.185540055461039E+01 -0.164717544667685E+01  0.297262730733954E+01
  -0.231733501248530E+01  0.269405259549313E+01  0.292427453224468E+01
  -0.266362804560900E+01 -0.278406065094729E+01 -0.299342115225436E+01
  -0.223647649519735E+01 -0.279794661711017E+01  0.129165482839939E+01
   0.278305770171223E+01 -0.341610119113168E+01 -0.243312071234201E+00
   0.135981042988365E+01  0.127560883710508E+01  0.210732410854545E+01
   0.235006451821848E+01 -0.272862533654074E+00  0.983766625670692E+00
   0.733676900344924E+00  0.351208924964649E+01 -0.314379415511706E+01
  -0.251691116178293E+01  0.345566006806418E+01 -0.258584040776919E+01
  -0.351170223598971E+01 -0.167288535649936E+01 -0.130891119916157E+01
  -0.338926185582620E+00 -0.149968583957756E+01  0.183977443979173E+01
   0.882424986045569E+00  0.193870454607397E+01  0.818423632408363E+00
  -0.287023518966198E+01 -0.362399894755219E+00  0.223095993967774E+01
   0.102662057360997E+00 -0.210054217258480E+00 -0.314975260759390E+01
   0.305020001083825E+01  0.382955310118642E+00  0.302909439957745E+01
  -0.242827380656142E+01  0.125866932776133E+01 -0.127752396393081E+01
  -0.168075716706359E+01  0.910863303575847E-01 -0.287874352361372E+01
  -0.333592047734338E+01  0.274693433787919E+01 -0.255242594773941E+01
  -0.259598754034998E+00 -0.225077981155668E+01  0.331157739323665E+01
   0.120605681595611E+01 -0.320393762906757E+01  0.753662941209930E+00
  -0.221523009475480E+00 -0.253390195142474E+01 -0.854521650270244E+00
  -0.354956908074732E+01  0.223493701545377E+01  0.174423148904826E-01
   0.873382290962059E+00 -0.151689183889388E+01 -0.134177827697767E+01
   0.229335006654424E+01  0.236682889022429E-01 -0.294299596437299E+01
  -0.106554245162770E+01 -0.248064768704146E+01 -0.140463269416179E+01
  -0.103773243743651E+01 -0.153970240391954E+01  0.264379733357493E+01
   0.169420546780739E+01  0.502161161190047E+00  0.418253426981912E+00
  -0.220185960625123E+01  0.111138910031416E+01 -0.147906263355872E+00
  -0.153648490092163E+00 -0.801900444910298E-01  0.155637747937366E+01
   0.603526331882612E+00 -0.134408908341108E+00 -0.600208406687652E+00
  -0.675287577409689E+00 -0.172323988550207E+01  0.915341936413631E+00
   0.822515498820635E+00 -0.215270093591778E+01  0.228630241983685E+01
   0.567882785584467E+00 -0.874374321433128E+00  0.183163643206779E+01
  -0.157400287145946E+01 -0.156083058719267E+01 -0.181173587550987E+01
   0.138772133998148E+01  0.205894360862872E+01 -0.668759936775205E+00
  -0.209230870792300E+01  0.223783449166162E+01  0.195149292308367E+01
  -0.321858324867259E+01 -0.236821222505960E+01 -0.215761772923211E+01
   0.221377183445506E+01  0.182287840148442E+01 -0.307939710812311E+01
   0.252805384632317E+01 -0.225401538749886E+01 -0.277373520023852E+01
  -0.300741642980260E+01  0.103814496403092E+01 -0.333976549079730E+01
  -0.328525638553933E+01  0.261155861226819E+01 -0.149898956592860E+01
  -0.180839942872183E+01 -0.340237779060907E+00  0.270603675285275E+01
   0.325543209316271E+01 -0.131821509164127E+01 -0.255104696099662E+01
  -0.401429452857987E+00 -0.244978935478561E+01 -0.276946966300105E+01
  -0.261667092711606E+01 -0.108114963258854E+01  0.361211264409790E+00
   0.215531105898908E+01  0.761363897750348E+00  0.352224998890755E+01
   0.747247221071006E-01 -0.254954184292565E+01  0.149371472410787E+01
   0.243834439450023E+01  0.194778828359842E+01  0.173534555796822E+01
  -0.115611944547087E+01  0.170854292388719E+01  0.322079567051379E+01
   0.298988431844880E+01 -0.204305336600030E+01 -0.472546611113133E+00
   0.871542056865614E+00 -0.296475540751072E+01  0.323073004628903E+01
  -0.242883493462611E+01  0.310300289549925E+01  0.164455128782657E+01
   0.333580030501950E+01  0.189382189479838E+00  0.686520490044169E+00
  -0.226057729179086E+01 -0.179390477506208E+01 -0.256019934508989E+01
   0.309875900439063E+01 -0.516509106345161E+00 -0.316869954322982E+01
  -0.144308246077229E+01  0.106266807193985E+01 -0.156927432970165E+01
   0.290859152725439E+01 -0.129795174198305E-01  0.177765872969820E+01
  -0.312158181913846E+01 -0.201699444580599E+01 -0.343970685371041E+01
  -0.145998434573173E+01 -0.158956201415474E+01 -0.339972694798884E+01
   0.204789004318328E+01  0.823101503385002E+00 -0.104241836251118E+01
  -0.220190123154804E+01  0.297699159353404E+00  0.335942910744044E+01
  -0.306201809376227E+01  0.173376849715075E+01 -0.230711676557353E+01
   0.166625608972943E+01 -0.133600106082511E+01  0.681665745821393E+00
   0.785256980966660E+00  0.657297599211597E-01  0.234361562370123E+01
  -0.133633182595390E+01 -0.272510312825636E+01  0.295527100845790E+00
  -0.314261737526170E+01  0.306518746492997E+01 -0.355003694583795E+01
  -0.105911124854242E+01 -0.312381747917568E+01 -0.217482124210180E+01
  -0.402116409426086E+00 -0.429699655896106E+00  0.268218863761488E+01
  -0.428243104155773E+00 -0.346945759918470E+01 -0.329287038105504E+01
   0.114186941605154E+01  0.313789675040877E+01 -0.112780338569462E+01
  -0.224594049958522E+00  0.330739055609758E+01 -0.222207301954845E+01
   0.136885935534592E+01 -0.316946023802090E+01  0.238271183849462E+01
  -0.306056432097505E+00 -0.116030171166994E+01 -0.357148976279962E+01
  -0.258419262125055E+01 -0.299294387117024E+01 -0.366281738768294E+00
   0.260508800138427E+01 -0.146247321496975E+01 -0.144809384228781E+01
  -0.185944473224465E+01  0.334773445493562E+01 -0.327611390464321E+01
   0.245678043630510E+01 -0.240064353676195E+00 -0.109235023787185E+01
  -0.624378341597521E-01  0.516057811572438E+00 -0.303161059725093E+00
  -0.215847945570238E+01  0.255384285525863E+01 -0.199140171112661E+01
   0.109145863008192E+01  0.106764643277828E+01 -0.307852668828529E+00
   0.389242987916989E+00  0.193074518361226E+01 -0.114523179577158E+01
  -0.103816071330429E+01  0.258371991551186E+00  0.213087709768373E+01
   0.306118035332106E+01  0.104267869016691E+01  0.208476173377847E+01
   0.206216538663803E+00  0.302838196439788E+01 -0.916748806506673E+00
  -0.605326291831955E+00  0.197403881091762E+01  0.242135555128238E+01
   0.119569468557108E+01  0.157439656900949E+01 -0.326957817239648E+01
  -0.145612035609244E+01  0.172020158499410E+01  0.500664732849618E-02
   0.177852571715494E+01 -0.263173495406943E+01  0.155707510882935E+01
  -0.299528257095596E+01  0.238333300213276E+01  0.129360348110191E+01
   0.250530713778639E+01 -0.120356579575117E+01  0.208907336499173E-01
  -0.686275933895476E+00  0.276527855732108E+01 -0.353455345199554E+01
  -0.237627046109147E+01  0.159734088235423E+01  0.294377327328670E+01
   0.127550741078427E+01  0.181598081710060E+01 -0.167834190205243E+01
  -0.148506244287883E+01  0.134764716868495E+01  0.203800738861581E+01
   0.573361482651191E+00  0.834088974145594E+00 -0.132246450888435E+01
  -0.191912595178928E+01 -0.244310395446100E+01  0.332977857338812E+01
   0.219667739105923E+01  0.101490520491415E+01  0.132237212571884E+01
  -0.126039587715333E+01 -0.353590890800327E+01  0.108389322597550E+01
  -0.565822849998135E+00 -0.344035049566346E+01 -0.138902850895512E+01
   0.201219511360179E+01 -0.233705038223177E+01  0.435467672756924E-01
   0.746051345215524E+00  0.104639445247563E+01  0.293619808686909E+01
  -0.915896129330495E+00 -0.240742033877027E+01  0.169480331569925E+01
  -0.264954852466877E+01  0.240601739820669E+00 -0.326722212901468E+00
   0.295599563411196E+01 -0.269222327012633E+01 -0.148979617494424E+01
  -0.196013840715799E+01 -0.204036847062548E+01 -0.348711509327912E+00
  -0.190283468625541E+01 -0.164776120436667E+01  0.108699652522928E+01
  -0.942785781113948E+00  0.121167716534696E+00  0.351020611253163E+01
   0.201341729111399E+01  0.840160919892971E-01  0.205324039036483E+01
   0.153025686380974E+01 -0.109183960844533E+01 -0.323438572484858E+01
  -0.175974738199172E+01  0.154788147576180E+00 -0.179612081414155E+01
   0.289640288109236E+01 -0.150649713639895E+01  0.217647796333866E+01
  -0.907403177313038E+00  0.329488235402668E+00 -0.121341925076707E+01
   0.397726590809342E+00 -0.182830564557408E+01 -0.212711340393983E+01
  -0.311772959827416E+01 -0.330391361865157E+01 -0.134938064968425E+01
  -0.145405062672608E+01 -0.352801212352129E+01  0.215308321793171E+01
  -0.208659417943481E+01 -0.435101244651853E+00  0.142182797255602E+01
   0.343177838475940E+01 -0.336932447395408E+01 -0.228851013428223E+01
   0.507641735899119E+00  0.248986212223580E+01 -0.563917607140340E-01
   0.226645788357468E+01  0.261224657923028E+01  0.824916608796921E+00
  -0.179569457108266E-01  0.210004600168633E+01 -0.248744907600556E+01
   0.278047998574995E+00 -0.109118559308952E+01  0.810660808301462E+00
  -0.116313329853529E+01 -0.278034999022833E+01 -0.328821336657929E+01
  -0.133846618953641E+01  0.308081451754508E+01 -0.243048077555268E+01
  -0.319114950174816E+01 -0.398834419472880E-01  0.316847414227553E+01
   0.102686189455172E+01 -0.128196108862990E+01 -0.316054182506042E+00
   0.276820681670850E+00  0.209140740146875E+01  0.315250873284417E+01
   0.246708075840726E+01 -0.170448062887135E+01  0.124506881273375E+01
  -0.186909141440614E+01 -0.218535300710335E+01  0.235229813331959E+01
  -0.150278951880637E+01  0.714313512921201E+00  0.125545753710077E+01
   0.418802194634918E+00 -0.328051225102699E+01  0.225858435303569E+01
  -0.261041408201788E+01 -0.237877418673623E+01 -0.116662797885960E+01
   0.651429627898808E+00  0.274116164393599E+01 -0.190814978537201E+01
  -0.266239877132608E+01 -0.223061191514305E+01  0.462963060325123E+00
  -0.509559230242297E+00  0.285052775974175E+01  0.978554954689131E+00
   0.117520253556095E+01 -0.136635200129807E+00 -0.160018122561219E+01
  -0.537562081926011E+00 -0.330383979542955E+01  0.189361626284564E+01
   0.168502485786424E+01 -0.243057733246210E+01 -0.168112644811582E+01
   0.299194454191751E+01 -0.251393041872578E+01  0.278985923846016E+01
  -0.107471996976076E+01 -0.622623963004154E+00 -0.163844864775564E+01
  -0.116475416309412E+01 -0.848780904123571E+00  0.192423960953608E+01
   0.146410057243590E+01  0.216198196785480E+01  0.157438127057895E+01
   0.105847598792085E+01 -0.255128641531394E+00  0.103809821182681E+01
   0.170683312390739E+01 -0.108484629732423E+01 -0.213015230925623E+01
  -0.245086213852019E+01  0.310304210412859E+01 -0.105960879335568E+01
   0.284835350699802E+00 -0.145632778974749E+01  0.272843048873316E+01
   0.343784658274208E+01  0.117085845649779E+01 -0.169854422318249E+01
   0.169395444127960E+01  0.325924148842852E+01 -0.348564018022318E+01
  -0.601189601196364E+00  0.778467538541930E-01 -0.234022133439862E+01
   0.317193336536139E+01  0.122036335109896E+01  0.957381110751796E+00
  -0.479024233900938E+00  0.116324848753226E+01 -0.220183605514176E+01
  -0.346633856264650E+00 -0.152894238654472E+01 -0.144655473075605E+01
  -0.376461373492178E+00  0.191382517132090E+01  0.212846988837005E-01
  -0.298333734498945E+01 -0.284212138658220E+01  0.322516278273700E+01
  -0.727175585750925E+00 -0.554314685892670E+00  0.703085933387158E+00
  -0.157871482409691E+01  0.218099320174009E+01  0.903349619927467E+00
  -0.438970889189585E+00  0.358405479929095E+01 -0.244169265512217E+00
  -0.132981423704843E+01  0.296286458778703E+01  0.294596669712605E+01
   0.119164596563763E+01 -0.303462610867284E+01 -0.228687981244125E+01
   0.951716205033208E+00  0.891622630107719E+00  0.990731182031828E+00
   0.218259019386870E+01 -0.286866551263287E+01  0.356386888164807E+01
  -0.352330826473460E+01 -0.323734674921579E+01  0.235568559565422E+01
   0.271645772691229E+01  0.859657100763626E+00 -0.327641672986342E+00
  -0.149497953287830E+01  0.300982793918389E+01  0.100928858386203E+00
  -0.139705547301030E+01  0.311161797733852E+01 -0.137004678377382E+01
   0.148816724360343E+01 -0.199065928935497E+01 -0.263779246370047E+01
  -0.312336229003600E+01 -0.780890463852766E+00 -0.838747840796693E+00
   0.698973040873176E+00  0.346516457053609E+01 -0.925109631172659E-01
   0.707892053170093E+00 -0.314926383289406E+01 -0.134511930735780E+01
   0.137424565636160E+01 -0.829646068015140E+00  0.254490907430947E+01
  -0.233612763809360E+01 -0.316846968984495E+01  0.253576959623383E+01
   0.301558865321958E+01 -0.261262368808583E+01  0.145767794543375E+01
   0.299981513225524E+01 -0.585993596271804E+00  0.279113893368403E+01
% -0.972630175860814E-01 -0.960600646246137E+00  0.463973173166455E+00
%  0.562823447102346E+00 -0.226320992148020E+01 -0.353200175105751E-02
%  0.136025145038933E+00  0.511155710582777E+00 -0.421858095741670E+00
%  0.193807791789880E+01 -0.113022757654885E+00 -0.687344540796099E+00
% -0.529850999917925E+00 -0.497147053626401E+00 -0.471286769402850E+00
%  0.525359608967158E+00  0.433994095187891E+00  0.239060403782014E+00
% -0.271194994802073E+00  0.140825133983264E+01 -0.920055056300089E+00
%  0.125384793820317E+01 -0.872962220333414E+00  0.960950666216912E+00
%  0.475554845744458E+00  0.103541899847472E+01  0.739796543639209E+00
% -0.113471740929926E+01  0.131162391222642E+01 -0.515175176059043E+00
%  0.218055791436375E+00 -0.462024861765656E+00  0.105087511810481E+01
% -0.262517096732375E+00  0.201525135902865E+01 -0.183620026092562E+01
%  0.914696958834644E+00 -0.147385560520808E+01  0.395417800422691E+00
%  0.787152852252242E+00 -0.335184995399370E+01  0.253450561709011E+00
% -0.165774513088136E+00  0.628012809849099E+00  0.216898955053445E+01
% -0.383590744448898E+00  0.511025240269135E+00  0.235714039952825E+00
% -0.143285343069102E+01 -0.345460820436074E+00 -0.943775258069114E+00
%  0.494258126698444E+00 -0.968750259168462E+00  0.120362742381280E+01
% -0.147539742875953E+01 -0.413361894204702E+00 -0.456499381002109E+00
%  0.717534733992151E+00 -0.141874254919525E+01 -0.389253466635438E-01
% -0.835295982434856E+00  0.197651360314063E+01 -0.408035332282131E+00
% -0.103050788576701E+01 -0.264953968812944E+01  0.816837984513172E+00
% -0.696445029793834E+00 -0.886775319791830E+00  0.259783314049137E+01
%  0.156938899936350E+01 -0.474858729834003E+00 -0.138963468110802E+01
%  0.204056102104358E+01 -0.268014257330816E+00 -0.176843902093577E+01
% -0.913653481106479E+00 -0.491103283076030E+00  0.705713809048137E+00
% -0.361093756561157E+00 -0.170861362028467E+01 -0.210171495902816E+00
%  0.970345028703824E+00 -0.663031161052350E+00 -0.102412003265761E+01
% -0.811064136226711E+00 -0.284617328975216E+00 -0.430500905366183E-01
% -0.393090446780855E+00 -0.171020110812741E+00 -0.581597585320897E+00
% -0.158931791929600E+01  0.331438363583224E+00  0.497393765401421E+00
%  0.990088695014464E+00  0.734985646641473E-01  0.606367979909202E+00
%  0.128882418877783E+01  0.530976475058804E+00 -0.163740720137409E+01
% -0.669011171081433E+00 -0.930321458380695E+00 -0.129083203995662E+01
% -0.207337086278147E+01  0.932503272052847E+00  0.443112912891099E+00
% -0.821850902295125E+00  0.125554330724903E+01  0.794886498722052E+00
% -0.124915905524708E+01  0.508316640195262E+00 -0.121948470166282E+00
% -0.469707046768411E+00 -0.496543099862842E+00  0.734458578714314E+00
%  0.103441786625037E+01  0.980028508559209E+00 -0.150521840774664E+01
%  0.654649654734520E+00  0.207218092333688E+00  0.611936829965108E+00
%  0.619409295155962E+00  0.210257159721449E+01  0.161193650174487E+00
% -0.142098451378157E+01 -0.117931451758485E+01  0.269676534812139E+00
% -0.727750717631864E-02 -0.141943899032999E+01 -0.588009117522493E+00
%  0.218584516605423E+00 -0.295802339481658E+00 -0.127648474028425E+01
%  0.469875105337973E+00  0.890238378753540E+00  0.993513453645893E+00
% -0.765895546320290E+00  0.152632097057526E+01 -0.477681929222930E+00
%  0.170112079322649E+01 -0.123782951979234E+01 -0.844127974232638E-01
%  0.588016397697948E+00  0.189014869457566E+00 -0.675951994760099E+00
% -0.241482774731652E+00  0.759626902907840E-01  0.350396056292502E+00
% -0.973911529330296E+00  0.734328633166886E+00  0.133713539559988E+01
%  0.266976738511412E-01  0.388199470927004E+00  0.293664192773729E+00
%  0.128862879456970E+01 -0.523172306499451E+00  0.430083792397960E+00
% -0.103624115787609E+01  0.144307417853111E+01 -0.302488787026706E+00
%  0.155526287869049E+00  0.162822381009377E+00  0.603062902373285E+00
% -0.167460799753274E+01 -0.548655528776621E+00  0.177864227732021E+01
%  0.135471333448074E+01 -0.688833982121940E+00  0.741209548094472E+00
% -0.331737897961850E+01  0.220048267475986E+00  0.144188641251024E+01
%  0.272425659062995E+00  0.402472203033932E+00  0.195113000285203E+01
% -0.876625337485197E+00  0.320952516662973E+00 -0.572195050350673E+00
%  0.181486532088317E+01  0.868653123992347E+00  0.417954899912198E-01
% -0.433189176516836E-01 -0.836686784925428E+00  0.147158044601451E+01
%  0.498572100982093E+00 -0.498771684877016E+00 -0.157244568619863E+01
%  0.188964725791279E+00 -0.174265236590458E+01 -0.825603661071821E+00
% -0.254987983658819E+01 -0.149851761006438E+01  0.574947565905075E+00
%  0.195998247624910E+01  0.946960697809751E+00  0.262178767861342E+01
% -0.424226134298003E-01 -0.114914408715004E+01 -0.759532711718509E+00
%  0.798762246846335E+00  0.507994135587660E+00  0.161535739970172E+01
% -0.104731428071596E+01 -0.196580471507528E+01 -0.526191428948177E+00
% -0.182035411037872E+01 -0.828203749717807E+00  0.255725557195331E-01
%  0.263785728600109E+01 -0.885697864763931E+00  0.574854426419147E+00
% -0.600478796938467E+00  0.109897947857848E+00  0.142203443051425E+01
%  0.101165205495590E+00 -0.145653819889719E+01  0.160716841642447E+01
% -0.454303747793268E+00 -0.503969495260981E+00 -0.181571866535168E+01
%  0.125359329934126E+01 -0.947125148271127E+00 -0.607644797253108E+00
%  0.308723082359672E+01  0.561782601734906E+00 -0.181053761488442E+01
%  0.402347919539299E+00  0.765099428716757E+00  0.111062053502847E+01
%  0.412380868597844E+00 -0.690943894162737E-01 -0.102018541342829E+01
%  0.661377665522703E+00 -0.180892837006198E+01 -0.871636970662609E+00
% -0.111959553255698E+01  0.918159581245724E-01  0.840303141303320E-01
% -0.122835348256812E+00  0.753872572722785E+00 -0.138620996589101E+01
%  0.100159329763882E+01 -0.165422769998541E+01 -0.129382590053537E+00
% -0.702925883448254E+00  0.179191537197314E+01  0.116963285026835E+01
%  0.222208765767874E+01 -0.171376196236447E+01  0.146697658559666E+01
%  0.129098375450627E+01  0.651020689188126E+00 -0.157658890232014E+01
%  0.409242625000935E+00  0.751898359706861E-01  0.904726261560388E+00
% -0.170590798108018E+01  0.138159622481796E+01 -0.167453137964317E+01
% -0.115898162058170E+01  0.994425743766307E+00  0.338385894849651E+00
%  0.396597921525465E+00 -0.228943716343226E+01  0.385396965133707E+00
%  0.149624999197754E+01  0.256142149020692E+01 -0.740087012479668E-01
%  0.267264055239478E+01  0.451210967080704E+00 -0.218949734438041E+01
% -0.593577920234862E+00  0.696488932375289E+00 -0.352830738125308E-01
%  0.158580674844325E+01 -0.187057615254503E+01  0.220626736865681E+01
% -0.977108359647574E+00 -0.531573260578790E+00  0.972215052137491E+00
%  0.199942202880262E+00 -0.849568689101053E+00 -0.151920075630679E+00
% -0.783762205891998E+00  0.117316543043101E+01 -0.511759386350970E+00
%  0.117253457789742E+01  0.383889379079054E+00  0.285275648778525E+01
% -0.114560836281276E+00  0.614832367272051E+00  0.888977176656869E-01
% -0.126984803734522E+01  0.144175583942677E+01 -0.449502090040613E+00
%  0.134889089894821E+01 -0.692607884278410E-01 -0.247426068523549E+00
%  0.818389361627217E+00 -0.123264231044939E+01 -0.259296374578916E+00
% -0.409196983318217E+00  0.280007296554922E+00 -0.822843014845433E+00
% -0.607628814353446E+00 -0.325208483937490E+00  0.117409894087351E-01
%  0.123912949564165E+01 -0.346184540146149E+00 -0.142522041356525E+01
% -0.446743128929216E+00 -0.487252795502172E+00  0.191951000256026E+01
% -0.915128478153416E+00 -0.707898706121870E+00 -0.624291445866882E+00
% -0.158896867964578E+01 -0.217883386895246E+01  0.174681969496230E+01
%  0.710507527812384E+00 -0.909629770903898E+00  0.920068686568941E+00
% -0.775182561165063E+00 -0.603015725114356E+00 -0.744515097559964E+00
% -0.577656596456358E+00 -0.298184793501654E+00  0.912723571121502E+00
% -0.270387818883201E+00  0.794350079029054E+00 -0.953465933040853E+00
%  0.216818249370174E+00 -0.603665260207914E+00  0.680935171616556E+00
%  0.463034260298209E+00 -0.224537691343200E+01 -0.693505828336774E+00
% -0.112751282101575E+01 -0.527534642044959E+00 -0.652542581092543E+00
% -0.225823507025834E+01 -0.770726923941280E+00 -0.568369874673204E+00
% -0.859129132226371E+00  0.585836915971031E+00  0.147490639177313E+01
%  0.864398051207792E+00  0.113306046939153E+01  0.464435677126477E+00
% -0.116517064861199E+01 -0.158134612742776E+01 -0.121766056857270E+01
%  0.112079368949517E+00  0.288814727008294E+00 -0.281042295510099E-01
%  0.176533516593471E+01  0.187874549662013E+01 -0.680740651858096E+00
%  0.452707921418138E-01  0.147240869722372E+01  0.144931623798391E+01
%  0.673773626516033E+00 -0.208612700713341E+00  0.959475879014496E+00
%  0.101821346638407E+00 -0.763638586120311E+00  0.258217395749308E+00
%  0.217447163140869E+00  0.120799339198706E+01  0.781265327173995E+00
%  0.121664156499202E+01 -0.446835249477153E+00 -0.128245572770293E+01
% -0.272972548731564E+01 -0.741170803234431E-01 -0.345048104839654E+00
%  0.624822995669728E+00 -0.753067336365295E+00 -0.184673420940869E+01
%  0.128728238341031E+00 -0.147271845663526E+00 -0.185807177481636E+01
%  0.651159887527359E+00 -0.121086870570942E+01  0.462056671379793E+00
%  0.198358970241946E+01  0.584730951804800E+00  0.224059505811792E+00
% -0.765653625667005E+00  0.500830326370369E+00 -0.725256125023090E+00
% -0.121690920155755E+01 -0.767323983024749E+00 -0.101979617307159E+01
% -0.652272340268800E+00 -0.349820030215826E+00  0.715338626991136E+00
% -0.821501367243851E-01 -0.179978038065539E+00  0.117878855817363E+01
%  0.128317196500300E+01 -0.116806814374135E+01 -0.191028600287346E+01
% -0.217329404590725E+01 -0.309402561266400E+00  0.832932955682195E+00
% -0.129657901321910E+01 -0.109413475188716E+00  0.126290411786941E+01
%  0.402000364945520E+00  0.471644026557592E+00  0.720266175869902E+00
% -0.675026343351715E+00 -0.634605673165532E+00 -0.121062909722914E+01
% -0.162333761503254E+00  0.293930220333634E+01 -0.791626262308190E+00
%  0.132187565846762E+00  0.463671699680670E+00  0.114592193470199E+01
%  0.925011253917850E+00 -0.577044672845765E-01 -0.625786845801749E+00
%  0.196105924060391E+01  0.203557273746053E+01 -0.147617534512955E+01
% -0.211640661968509E+00  0.834091148221296E+00 -0.170267424160087E+00
%  0.285460843878649E+00 -0.219778448317055E+01  0.118966016795024E+01
% -0.184378484916278E+01 -0.108367269214842E-01 -0.239965015131585E+00
% -0.253083022831211E+00 -0.101721485568430E+00  0.100140270720910E+01
%  0.186176204071003E+01 -0.487717029436389E+00  0.655422097961252E+00
% -0.211751933727615E+01  0.583080702263318E+00  0.370482556958787E-01
%  0.149540456028397E+01 -0.264426957147680E+00  0.415130127272543E-01
% -0.249384744072260E+00  0.150926820608075E+01  0.678141235909199E+00
%  0.649000130177505E+00  0.202820831085160E+01  0.152783433655315E+01
% -0.257839172795744E+00  0.303416004829671E+01  0.798378570417456E+00
% -0.203739732633228E+00 -0.947098699899553E-01 -0.588813877095709E+00
% -0.785736704536311E+00 -0.132169335842289E+01 -0.141160402564155E+00
% -0.768773328641295E+00 -0.709572255215363E+00  0.923987978140267E+00
% -0.160212506092947E+01  0.106186449070570E+01 -0.188645030421624E+01
% -0.106484166637205E+01  0.103897598064078E+01  0.540338659609167E+00
%  0.381672447078526E+00 -0.256419467156666E+00 -0.126959782259368E+01
% -0.288527097428561E+00 -0.824644835816673E+00 -0.872118816141991E+00
%  0.344289985170257E+00  0.340776509281054E-01 -0.960106990854754E+00
% -0.830007483782453E+00 -0.196076568376596E+01 -0.335697440196692E+00
%  0.510706825464618E+00 -0.213116137077563E+01  0.287961549491821E+00
% -0.587544701736703E+00 -0.708284816454805E+00  0.145806445214051E+01
% -0.186793058321010E+01 -0.694909974116262E+00  0.832001191119814E+00
%  0.103323603410729E+01  0.955646053577110E+00 -0.254762019708934E+01
%  0.157794487388626E+01  0.156385815853759E+01 -0.550830817980489E+00
%  0.558241188354642E+00 -0.312746457920627E+00  0.168952733765516E+00
%  0.248397995142493E+01 -0.762672937445598E+00  0.122977636251490E+01
%  0.567051982612633E+00  0.630374263270672E+00  0.147355325086496E+00
%  0.100760860550316E+01  0.241001908841102E+01  0.902404771630383E+00
%  0.604902880562551E+00 -0.564346033190712E+00  0.600290176098204E-01
% -0.155644502320023E+01  0.175674000429570E+00  0.224718449479959E+00
% -0.947328364353968E+00 -0.435499250975549E+00 -0.225684466852705E+01
%  0.129344405252333E+01 -0.532274046636813E+00  0.150302063558429E+00
% -0.106598466759126E-01  0.192210489015953E+00 -0.109563354381675E+01
%  0.163378053893381E+01  0.283083495779234E+00  0.582410676748051E+00
%  0.241933731701951E+00 -0.188053915841603E+00 -0.500932981481176E+00
%  0.127888673725076E+00 -0.151461051921105E+01 -0.413496781289054E+00
% -0.125219616769306E+01  0.313055722695857E+01  0.428857470033691E+00
%  0.276814471622068E-01  0.133116940776755E+01 -0.988777852511288E+00
%  0.124501178509850E+01  0.130892336806714E+01  0.127787710093174E+01
% -0.200630724250682E+00 -0.831556422315031E+00 -0.141122341106113E+00
%  0.180426831249917E+01  0.541383395955591E+00 -0.151776350325068E+01
%  0.188402279673805E+01  0.708004803905634E+00  0.169166110620165E+01
% -0.987529481525434E-01  0.372495301449585E-01 -0.115930613632748E+01
% -0.713639398441660E-01  0.771414306242994E+00  0.640433860150296E+00
% -0.757773948977429E+00  0.940362171284312E+00 -0.883640484384082E-01
% -0.528180268397034E+00 -0.712184789991852E+00  0.229220209829308E-01
%  0.109357637121273E+01 -0.172840674762362E+00  0.529312130725548E+00
% -0.429289262060999E+00  0.173104321893488E+00  0.889830353223931E+00
% -0.174247833851992E+01 -0.978090440155318E+00 -0.586240418753307E+00
%  0.243295530951246E+01  0.360406290644762E+00  0.514646479054123E+00
%  0.146830239294130E+01 -0.167584436916387E+01 -0.970939900385942E+00
%  0.918285810046084E+00 -0.100856569369815E+01  0.940873618490762E+00
% -0.284692764140848E+01 -0.883216898597054E+00  0.228180391073830E+01
%  0.750953266559713E+00  0.656922456928556E-01 -0.106362751149049E+01
% -0.370593979200202E+00  0.657210749463721E-01 -0.190101863244479E+00
% -0.119899268518039E-01  0.318200477319596E+00  0.109079057831291E+01
%  0.785341647539361E+00  0.152338072558963E+01  0.858473404101340E+00
% -0.127853795603005E+01  0.830639398747480E+00 -0.165480537345286E+01
%  0.561048646614748E+00 -0.514090909277326E+00 -0.768612967794034E+00
% -0.713119448417423E+00  0.393891853564620E+00 -0.214842117149022E+01
%  0.764051481439333E-01  0.136947369063123E+01  0.780400975901566E+00
%  0.471926800286578E+00  0.557396489524826E+00  0.993278794891371E+00
%  0.101112424495994E+01  0.862870135114464E-01 -0.169206282050355E-01
%  0.114507368349165E+01 -0.318627499712141E+00  0.623702315757800E-01
% -0.178341966871923E+01  0.123060150564658E+01 -0.236561014046125E+01
% -0.107734707766182E+01  0.155916212852807E+01  0.164986562807285E+01
% -0.306731344363782E+00  0.356223961470997E+00 -0.487493477307326E+00
% -0.653764833273327E+00  0.941950493926439E+00 -0.256787637879856E-01
% -0.125609527901597E+01  0.141757843728631E+00 -0.198070044557138E+00
%  0.214700352376900E+01  0.505684290194543E+00  0.880764421124654E+00
%  0.108121533941242E+01  0.122126471985938E+01 -0.326764525018133E+00
% -0.416193051553719E+00 -0.131729776959740E+01  0.401873822129771E+00
%  0.273263613260932E+00  0.149338410420835E+00  0.778031344089333E-01
% -0.173272202920520E+01  0.711141625169577E-01 -0.535106561536144E-01
% -0.589743753298395E+00  0.714031107773401E+00 -0.206919288497059E+01
%  0.957723332134604E+00  0.289359353691428E+00 -0.147554430496168E+01
% -0.739040224411766E+00  0.435192408772269E+00  0.982534759804674E+00
% -0.178767158978645E-01 -0.975749497627982E+00  0.724946965150272E-01
%  0.197886287736225E+01 -0.213322819174558E+01 -0.848730421117151E+00
% -0.944925562741273E-01 -0.696448863361209E-01 -0.102402385166740E+01
% -0.730422499249591E+00 -0.907607891303689E+00 -0.924793272810190E-01
% -0.733284424585730E+00  0.284837611978078E+00  0.531574247028130E+00
% -0.100670592430864E+01 -0.540465179232948E+00 -0.598775640076780E-01
%  0.115508387545699E+01 -0.359642886571088E+00 -0.465760935904545E+00
%  0.128977130230552E+01  0.172949195739791E+01 -0.148541377780127E+01
% -0.151183178599400E+00 -0.118796817385400E+01 -0.389314791811396E+00
%  0.796169550664791E+00 -0.118640931972204E+01 -0.125086491204432E+01
% -0.193525519514279E+01  0.216904997990984E+00 -0.711577591729579E+00
%  0.344450121038275E+00 -0.778880965510098E+00 -0.186576342547976E+01
% -0.123450123619630E+01  0.102734480799990E+00  0.291702498973828E-01
% -0.131119770272220E+01  0.955702532001858E+00 -0.147025136541262E+01
%  0.361569509138609E-01 -0.116382602903362E+01  0.883194101204715E+00
%  0.191822794615825E+00  0.785364963888828E+00  0.674847864933046E+00
%  0.158829571106394E+01  0.364421109582887E+00  0.172324802424468E+01
% -0.176347844686539E+01  0.141161120599843E+01  0.234876381172145E+01
% -0.260540593653926E+00 -0.660844563590530E+00  0.153742131455230E+01
%  0.927405144486334E+00  0.899574013248650E-01  0.125101873919993E+01
% -0.184862727073785E+00  0.303908446896285E+01 -0.127049318034156E+01
% -0.242853775305148E+01 -0.525206665387789E+00  0.845129114067852E+00
%  0.685646124827153E+00 -0.709319350837042E+00 -0.119962745732935E+01
% -0.795440011031331E+00 -0.920457018182824E+00  0.243790226939076E+01
%  0.244518511476242E+01 -0.407927207481769E+00 -0.227239517669693E+01
%  0.879035819309700E+00  0.103388701553204E+00 -0.768298944661408E+00
%  0.152746244824698E-01  0.141411140352509E+01  0.250486638492332E+00
% -0.100205271652657E+01  0.171716041723623E+01  0.956686301425396E-02
% -0.304171789262816E+01  0.196637086126815E+01 -0.811588315844994E-01
%  0.190567557143342E+01 -0.123794232091765E+01  0.271422712827907E+00
%  0.101189976931437E+01 -0.737177965978518E+00  0.690426787556412E+00
% -0.598798652001098E+00  0.174882697037551E+00 -0.106346703987758E+01
% -0.802496166382014E+00  0.559305956436401E+00 -0.999092337660247E+00
% -0.154551675787557E+01  0.387787761661047E+00  0.510653203499501E+00
%  0.313079893398303E+00  0.428321772020123E+00 -0.335372310728328E+00
%  0.930155131693191E+00  0.129580011954346E+01 -0.495344533748283E+00
% -0.291881351315820E+01  0.158202867365834E+00  0.495995176316366E+00
%  0.946338362459657E+01 -0.552971655774736E+01  0.261206387057727E+02
% -0.190317083389111E+01 -0.709385286290394E+01 -0.108695702614013E+02
%  0.468767291239988E+01 -0.209254573499234E+02  0.114445598105629E+00
%  0.328688106303111E+01  0.836353526564601E+01 -0.687446239274756E+00
% -0.723863028251412E+01 -0.157102565990268E+01  0.145190540854653E+02
%  0.136826665223480E+02 -0.167232074715742E+02  0.138582757255402E+02
%  0.410258595364294E+01  0.548874550220767E+02 -0.744130759531887E+01
% -0.253688231623829E+01 -0.157033674286651E+00  0.357206721257812E+01
%  0.855925587070188E+01  0.126662563079143E+01  0.398589883025492E+02
%  0.350021368679591E+01  0.520984201861458E+01  0.270518588802777E+00
%  0.509882251321653E+01  0.261450923564395E+01 -0.412388297202631E+01
%  0.512058540675363E+01 -0.762879617966207E+01 -0.879692149315045E+00
% -0.709609380855808E+01 -0.158919425683453E+02  0.105306229623459E+00
% -0.234997169867817E+02  0.249961477463653E+02 -0.383773914695119E+01
% -0.625370018118735E+00 -0.100222034340463E+01 -0.177621567355159E+01
% -0.392147334801952E+01 -0.406559322293940E+01  0.247030958761815E+01
%  0.654185587950598E+01  0.234893723003396E+01  0.427660424322954E+01
%  0.149981493005027E+02 -0.411175781451245E+01 -0.344549335590502E+01
% -0.370870579580667E+01 -0.179546248699065E+01 -0.752230667504807E+00
% -0.113891825511045E+02 -0.990829038229562E+00 -0.232549702186869E+01
% -0.321716407086749E+01 -0.420785480691397E+02  0.220892044643531E+02
%  0.233720450019851E+02 -0.174631671178283E+02  0.160104370326930E+02
% -0.281338212824476E+01  0.553350484828379E+01  0.256181298744013E+01
%  0.142808275809842E+01  0.825151814709831E+00  0.190684146980768E+01
%  0.376375223370253E+01  0.275762617669489E+01 -0.270849307418886E+01
% -0.552493213907545E+01 -0.260025573516116E+01 -0.182285988491976E+01
% -0.663556825647925E+01 -0.301428806537846E+02 -0.127568053393462E+01
% -0.867536953021919E+01 -0.352093976353262E+02  0.212663913162215E+02
%  0.112849163582329E+02 -0.190142432437079E+02  0.166680888779189E+02
% -0.594786871923043E+01 -0.212069330593009E+02  0.100483088260354E+02
% -0.171268369166597E+02  0.228280422351367E+02  0.284356579097744E+02
% -0.934868517578634E+01 -0.119614336025385E+02 -0.156638652406938E+01
%  0.339701574739894E+02 -0.371663620863735E+01  0.247563291070729E+02
%  0.439585825310466E+01 -0.129365165745936E+02  0.109317700534431E+02
% -0.336289091010284E+02 -0.915717902261314E+01  0.236515382090052E+02
% -0.135989980431500E+02  0.767280148792739E+01  0.248873374716663E+02
% -0.361292649117501E+01 -0.141968793716567E+01  0.490546195006738E+01
% -0.309271693549257E+02 -0.600989230794102E+02  0.421911162843534E+02
%  0.218274659391476E+02 -0.326243275146776E+02  0.995229007684001E+01
%  0.182387505659336E+01  0.253193728994206E+02 -0.391363319946881E+01
%  0.651401661286993E+02 -0.494009676712782E+02 -0.305109756942762E+02
% -0.161740741502856E+02  0.222064519989824E+02  0.224799560352879E+01
% -0.335406984730709E+02 -0.117604950827161E+02 -0.852340963900638E+01
%  0.949792198556649E+01  0.908976444166443E+01 -0.460014545249825E+02
%  0.169289854291932E+00 -0.345766454085649E+00  0.289804375819906E+00
%  0.428600915391573E+01  0.545753987609675E+00 -0.866849498662503E+01
%  0.305980593883486E+02  0.164922006687688E+02  0.822694811731838E+01
% -0.101274330847622E+02  0.149196512433778E+02  0.439023657538351E+01
%  0.498453990297132E+01  0.296238100706365E+01 -0.294716547940400E+01
%  0.466123427674712E+01 -0.294911213454198E+02  0.124014211200766E+01
%  0.114393072235198E+02  0.739066923618422E+01 -0.150174954072358E+02
%  0.249172558643848E+02 -0.186521754143144E+00 -0.159836955685571E+02
%  0.126238805856327E+02 -0.190475182646125E+02  0.481767207884533E+01
% -0.688768214659134E+00  0.220605881360953E+00 -0.135605458707338E+01
%  0.374520408742885E+02 -0.586220912243921E+02 -0.162913017344858E+02
%  0.101131276362036E+02  0.225824650509631E+01  0.270314658777093E+01
%  0.700395963570523E+01 -0.156037711326686E+02 -0.141634943507591E+01
%  0.744791263930881E+01  0.305672946074096E+01 -0.186060079137602E+01
% -0.295382491467675E+02  0.272990081550320E+02 -0.172934888703503E+02
% -0.198681760571827E+02 -0.260294358666259E+02  0.144669718858051E+02
%  0.238779866499796E+02 -0.293052549251766E+02  0.111918703610390E+02
%  0.336711850945714E+01  0.894884790170294E+01  0.903720165492392E+01
% -0.564674725505027E+01 -0.750017223308114E+01  0.119414123088833E+02
% -0.177322716186132E+02  0.722717488668045E+01 -0.194407067795038E+01
% -0.464191574110093E+02 -0.536117613921243E+02  0.188764829456247E+02
%  0.126867006391459E+02 -0.469837119471651E+01  0.375734703129389E+02
%  0.919591280036798E+01 -0.717241365801639E+01  0.316788868603386E+01
% -0.516055935423487E+02  0.216557811077127E+02  0.302085740464482E+01
%  0.117569279496888E+02 -0.178635938342969E+02 -0.193790834174169E+02
%  0.282467349642516E+01  0.295145728182902E+02  0.730700712048669E+01
% -0.653851926833293E+01  0.881319543303640E+01 -0.474896738947907E+01
%  0.694118026850190E+01 -0.548566431926008E+01 -0.843317546318644E+01
%  0.273775835606969E+01 -0.213643453543641E+02 -0.100425548710566E+01
% -0.123205196857996E+02 -0.342746118109973E+02 -0.247330586675907E+02
% -0.117356800128186E+01  0.390249131061334E+01 -0.355213420515427E+01
% -0.194484128772767E+02  0.764584951711030E+01 -0.692294573370148E+01
%  0.217074099596113E+01  0.173622086786302E+01  0.702390537277806E+01
%  0.366638106615002E+02 -0.142970503113546E+02 -0.137946361138834E+02
% -0.709809345580879E+01 -0.783588820975510E+01  0.105900465755127E+02
% -0.657573810280726E+01  0.251611108940422E+02 -0.595570456659511E+01
%  0.511713890168144E+01  0.764155661437475E+01  0.253768477120786E+01
% -0.499930029577125E+01  0.136123269651489E+02  0.404975684150701E+01
% -0.481292429436403E+01  0.600031411934526E+01 -0.226780799710749E+01
%  0.229649709880244E+02  0.526368244041555E+01 -0.274928208552515E+02
%  0.806038941131761E+01 -0.726624320829579E+01  0.422960500778253E+01
% -0.228678126958795E+02  0.130998785796886E+02 -0.202984904848337E+02
%  0.210839590873191E+02 -0.273111884659348E+01  0.300912590041396E+02
%  0.520084020767206E+01 -0.187947824232585E+01  0.634569789762432E+01
%  0.184135585687302E+02  0.176950118723241E+02  0.309016736265676E+01
%  0.515187721506559E+01 -0.858727657454536E+01 -0.258851375772621E+01
% -0.104559318791249E+02  0.549647940400288E+01 -0.353021000840845E+02
% -0.118126858597204E+02 -0.580588850116778E+01  0.137156656715387E+02
% -0.363344702736143E+02 -0.219412223955991E+02  0.351569081741244E+02
% -0.150029244156621E+02 -0.211314570314904E+02  0.276494306705402E+01
%  0.176123996569607E+02  0.207560409493207E+01  0.106964476493770E+02
% -0.181364109742408E+02 -0.201354150518382E+02 -0.274922195290060E+02
%  0.239128690591197E+01 -0.240921973093840E+00 -0.542110225528099E+01
% -0.182690635540750E+02  0.218775430887913E+02 -0.915956886014575E+01
% -0.208296625397282E+02  0.287456382603631E+02  0.578886443445049E+01
% -0.133436892573149E+02 -0.781154928256839E+00  0.111375775294085E+01
% -0.357139366194186E-01 -0.531176295105699E+01  0.733809972237228E+01
% -0.282133151109556E+01 -0.847119532439177E+00 -0.280994627623945E+01
%  0.413111086151246E+01  0.350947608149552E+01  0.273530034008823E+01
% -0.208838080533692E+01  0.498064385740543E+01  0.400296573385149E+01
%  0.103180169375554E+02 -0.343899562652645E+01 -0.250509513361819E+02
% -0.324741467606885E+01 -0.478300516586866E+01  0.522815783772961E+01
%  0.137554119992279E+02  0.783791172889634E+01  0.233867563942933E+02
% -0.272287900195142E+02  0.256677587685216E+01  0.114043159740836E+02
% -0.939487977702575E+01  0.309699296242607E+02 -0.345737618814197E+01
%  0.517281307320444E+01 -0.157985855878713E+02  0.239326784290408E+02
%  0.191933562681797E+02 -0.669331545036743E+00  0.360986133913216E+01
% -0.224856302342088E+02  0.586665975024681E+01 -0.590601575775493E+01
%  0.882243435916865E+00 -0.319722126797896E+00  0.855512285271578E+00
%  0.148121355538592E+02 -0.266532791827703E+02 -0.162012771259768E+02
%  0.344218205248866E+01 -0.437272005507436E+01 -0.151673646240536E+02
%  0.173124913148380E+02 -0.244431895388798E+02 -0.162505385185916E+02
% -0.630913563333816E+00 -0.244028946916762E+01  0.111551262345045E+01
%  0.410302103782106E+01 -0.314019559137722E+01  0.822393563675934E+01
% -0.354091422311049E+00  0.759288719970243E+01  0.108326337765857E+02
%  0.178067722544219E+02 -0.267111861115273E+02  0.106864006808295E+02
% -0.779253854918257E+00  0.149698343534589E+01  0.307571374896609E+01
% -0.410556056956020E+02  0.818096046179939E+01  0.305607090071737E+00
%  0.694905356641697E+01  0.218287081551658E+01  0.491325222945561E+01
%  0.338891526555423E+01 -0.444812520781121E+01  0.941954583475672E+00
%  0.369121614293520E+02  0.577311862482996E+02 -0.452521089891252E+02
%  0.129124204609454E+02 -0.196271393662895E+02 -0.176034940686570E+02
%  0.699583990230115E+01 -0.140748117816232E+02  0.197818535845231E+02
%  0.276179841770757E+02  0.140038193468724E+02  0.223884043285087E+02
%  0.125675366228477E+01  0.602181572918354E+01  0.141321920726118E+02
% -0.568382920168600E+01  0.567588110029830E+01  0.105940584364000E+01
%  0.184111127513954E+02  0.122233855368122E+02  0.162760889123845E+01
%  0.219245145012536E+02  0.271063050719301E+01  0.799728617615180E+01
% -0.124828464252809E+02 -0.360927246986801E+01  0.161268869670105E+02
%  0.127083348606410E+01 -0.446002237255611E+01 -0.551967422514350E+01
% -0.870570018655665E+01  0.139876707895571E+02  0.109974324818716E+02
%  0.201748685544935E+02  0.628875154855923E+02 -0.322218361796285E+01
%  0.909665839946048E+01  0.187682148087694E+02  0.991697345366454E+01
% -0.985236975638868E+01 -0.420471902697346E+01 -0.900810269397119E+01
%  0.272996017404678E+02  0.276501069507774E+02 -0.910628899830555E+01
% -0.253575755382220E+01  0.545018704551314E+02 -0.123614692721085E+02
%  0.770188444094354E+02 -0.233862793765417E+01 -0.208582655665115E+01
% -0.191850253598089E+02  0.575714855153961E+02  0.133760065766938E+02
%  0.401491301697749E+01  0.205427244080432E+01 -0.810864455257233E+00
% -0.263974106564304E+02 -0.711471759760169E+00 -0.239058424463988E+02
% -0.749590551839167E+01  0.865474403181788E+01  0.539780667086222E+02
%  0.721135615217426E+01  0.522949693316136E+00 -0.444421286530756E+01
% -0.111461697317322E+02  0.549562409974412E+01 -0.198491775271658E+01
% -0.598424806370003E+00  0.151047515884942E+02 -0.140749442637428E+02
%  0.127298949916979E+01  0.962023182712722E+00  0.482518385624694E+00
%  0.240347055759994E+01  0.297768963141148E+02 -0.294719664012195E+01
% -0.138839564201085E+02  0.991654954809130E+01 -0.417131600874152E+02
%  0.495359232894693E+01 -0.521652133280529E+01 -0.103256898045450E+01
%  0.234302751071880E+02  0.178080675674424E+02  0.886564893992070E+01
%  0.704373738096339E+02 -0.125010438365298E+02  0.173875681749175E+02
%  0.264814604982197E+02  0.204619191412568E+02 -0.532425769034233E+02
%  0.535791615127013E+02 -0.347430384290314E+01 -0.744034115769896E+01
% -0.412899558824186E+01  0.209498848892948E+01  0.143107026857778E+01
% -0.462267739463866E+01 -0.117573418601980E+02  0.179663561215013E+02
% -0.790978380267029E+01  0.204342275844112E+01 -0.171560184515946E+01
%  0.274036095361755E+02 -0.133799668525991E+01 -0.492462666594570E+02
%  0.124550866923475E+01  0.674070794780631E+01 -0.200973583745012E+01
% -0.272880509253918E+02  0.245289464821002E+02  0.957532035022835E+01
% -0.204388829013207E+02  0.792712557897583E+01 -0.183708073216372E+02
% -0.129290181587543E+01 -0.260996586998141E+01 -0.587731177703349E+00
% -0.116199612783303E+02  0.476227798603134E+01  0.666513854229264E+01
% -0.348872236322464E+01  0.346660620113695E+01  0.205395407493563E+01
% -0.211827052118533E+01 -0.166481860358027E+02 -0.131468825751328E+02
% -0.506863463112686E+02 -0.656620161690386E+01 -0.609522732993000E+01
%  0.359020382746016E+02 -0.306130077723771E+02  0.226314880786983E+02
% -0.658275173541677E+01 -0.136722000996000E+01 -0.410661012313538E+01
%  0.276622074372414E+02  0.178291042349717E+02 -0.109111955756130E+02
%  0.254556911691934E+01  0.284060697172548E+01 -0.631325246929173E+01
% -0.238408208454110E+02 -0.706277641751836E+01 -0.345017944076537E+02
% -0.272115761590774E+02 -0.158600931579366E+02 -0.168891856144357E+02
%  0.293533339754576E+02 -0.467233740846527E+02  0.356735293590124E+02
%  0.498086327034361E+01 -0.712308355268369E+01 -0.835800323002736E+01
%  0.763160686229361E+01 -0.702219825090014E+01 -0.124329594581113E+02
%  0.576356073573731E+01  0.133580790644518E+02  0.174729329362008E+02
%  0.773261026376423E+00 -0.274942776140310E+01  0.243582297534686E+01
% -0.296967335173905E+02 -0.162042201725462E+01 -0.198353429148802E+01
% -0.998622590614924E+01 -0.140767097082782E+02  0.253695920822415E+01
% -0.126679924762588E+02  0.107269523554959E-01 -0.286801803484760E+00
%  0.194672250635826E+02  0.339077560265167E+01  0.548322250955823E+02
%  0.113223883329603E+02  0.860286048457110E+01  0.133925423681313E+02
%  0.249074986345555E+02  0.572847045497633E+01  0.163247119419500E+02
% -0.334231655792174E+02  0.226687580272749E+02 -0.862048835680376E+01
% -0.583478704288100E+01 -0.344170674419823E+02 -0.109745065379535E+02
%  0.221858993053846E+02  0.142011490283575E+02 -0.747483249827630E+01
% -0.837041963630091E+01 -0.821333293419883E+01 -0.115239625451300E+02
%  0.194932609133095E+01 -0.904312086904151E+00  0.216072596009346E+01
%  0.558656005442210E+01  0.202591970242124E+00 -0.637500596270720E+01
% -0.683651981829750E+02  0.280653588987221E+02  0.273789495143023E+02
% -0.627109158405316E+01  0.116276657359204E+01  0.328274693890790E+01
% -0.177983434575257E+02 -0.226220411116354E+02 -0.920331656791841E+01
%  0.575556368948243E+01 -0.181040205648306E+01  0.121620977871543E+02
%  0.333107923256185E+02 -0.216181836562419E+02  0.217678283583250E+02
% -0.139369434683224E+02 -0.217455341828647E+02 -0.388143012852603E+02
% -0.910264388677986E+01  0.224223232342871E+01 -0.491863227321794E+01
% -0.270342277582474E+02 -0.102636933435054E+02 -0.580127430724174E+01
%  0.949440146557208E+01 -0.125708085544610E+02  0.132401341750680E+02
%  0.462381903144749E+02  0.577898915937788E+02 -0.221048847763803E+02
%  0.138807119246697E+01 -0.271076315062059E+02 -0.345752164127973E+01
% -0.260837071545170E+01  0.139623588389324E+01  0.131725105962143E+01
% -0.103104147780286E+01  0.318292103696253E+01 -0.471164106320321E+01
%  0.699309026880331E+01 -0.891674103192804E+00  0.159663464719155E+02
% -0.199401691493485E+02 -0.901078937072861E+01 -0.233473647016763E+01
%  0.758976904559368E+01  0.555928388738177E+01  0.150358340473707E+01
%  0.635189298854934E+01 -0.265061481802871E+02  0.227194134122918E+02
% -0.117354084135488E+01  0.944415736757053E+00  0.115272732126866E+02
% -0.156091668768380E+00 -0.135593546776620E+01 -0.858397214277583E+00
% -0.257070647011402E+00 -0.947314868820554E+01 -0.953608622467561E+01
%  0.540468676562160E+01  0.222665706781486E+01 -0.218719645497661E+02
% -0.314095390583711E+02 -0.889977965423369E+01  0.548356145118677E+00
% -0.299025582080525E+02  0.199137329314133E+02 -0.101381573808655E+02
%  0.701786464017478E+00  0.189214746875403E+02 -0.169568603501990E+02
% -0.812620840787903E+01 -0.738923509659549E+01 -0.144604455142507E+02
%  0.279395854048992E+01  0.312676362121356E+01  0.368910675500240E+01
%  0.173482013815776E+02 -0.406731442819286E+01 -0.545194275698844E+02
% -0.921793139190066E+01  0.958059287716494E+01 -0.118253243532584E+01
%  0.230981443698009E+02 -0.247714492389925E+02 -0.161147287885158E+02
%  0.664460626026954E+01  0.401710954557226E+02  0.357252858894606E+01
% -0.285829481153343E+01  0.734217968628233E+01  0.503687741401515E+01
%  0.264985972257309E+01 -0.113251784920636E+02 -0.110038021734875E+02
% -0.601303298476949E+01  0.195308730759965E+02 -0.182519559708636E+02
%  0.319899065766877E+01  0.157340560994828E+02  0.167132971305939E+02
%  0.319421858390802E+01 -0.310726116832682E+00  0.834222406526683E+00
%  0.638488077002413E+00  0.700663329306931E+01  0.876505072214877E+00
%  0.248396679074497E+02  0.536982660828902E+01 -0.144614219604402E+02
% -0.156357447076439E+02  0.219786747407857E+02  0.127981215675333E+02
% -0.506567392526106E+01 -0.995453818514748E+01  0.406114395089198E+00
% -0.317939661362662E+01 -0.108589248741371E+02 -0.176993311796406E+02
% -0.454963863871445E+01 -0.154363721987179E+01 -0.872880417712563E+00
%  0.446011699020712E+01  0.651971326242506E+01 -0.144219808340472E+01
% -0.380532653426538E+01 -0.963933581620051E+00  0.224840509914269E+01
% -0.851933237694426E+01  0.396023302023555E+01  0.588973236818219E+01
% -0.433044050514209E+01 -0.221774531381432E+01  0.245437910590422E+01
% -0.193712985378140E+02 -0.308980265909570E+02 -0.330647177044877E+02
% -0.217224322281970E+01 -0.323714897099287E+01 -0.104162300919023E+01
% -0.150013917229561E+01  0.902633043438115E+01  0.170577365563017E+02
% -0.382659604359864E+01  0.265893957964444E+01  0.239454148508911E+01
% -0.238639336562530E+02  0.638869074089961E+01 -0.345738118109535E+02
% -0.108246467498545E+02 -0.194914707231027E+02 -0.244069574640111E+02
% -0.914504096715067E+01  0.211234671408018E+01  0.124305505249704E+02
% -0.693192962481692E+01  0.134017859933870E+02 -0.268616342603455E+02
%  0.448857234525847E+01 -0.558852434359568E+01 -0.690987241507522E+01
%  0.132915849823372E+02  0.164543751850922E+02  0.352805826080847E+02
% -0.432269517510212E+02  0.328323290762074E+02  0.647690829545431E+02
% -0.379244677634977E+02  0.243723117459157E+02 -0.252986571416788E+02
% -0.754601653747827E+01 -0.612801583484147E+01 -0.412458582598382E+01
% -0.439257000882637E+01  0.301875729249095E+02  0.933134387674217E+01
%  0.514114290143130E+01  0.307820224315694E+02 -0.181162459612819E+00
% -0.174002991856535E+02  0.232270479292678E+02  0.114729769097056E+01
%  0.337913426467558E+01 -0.654696972786138E+00 -0.116510984194197E+02
%  0.154580677952464E+01 -0.655981507139259E+01 -0.123301739011408E+02
%  0.152161113599457E+01 -0.445094858455047E+01  0.129254875337471E+01
% -0.349829422472348E+01 -0.143520609639084E+02 -0.111471625588048E+02
