% T    256  0.715122828077254E+01  0.715122828077254E+01  0.715122828077254E+01
  -0.343494617031891E+01 -0.311736141516801E+01 -0.496678320835655E+00
  -0.237956578238288E+01 -0.331510229824534E+01 -0.845773862051254E+00
  -0.185390926462040E+01  0.884210914651208E+00  0.247457721773174E+01
   0.292266637089607E+01 -0.109708326213895E+01 -0.272573772901020E+00
  -0.158631381166979E+01 -0.250906874051098E+01 -0.343420081974025E+01
   0.106358762685391E+01  0.264750543806110E+01  0.295647010371003E+00
   0.170534596294308E+01 -0.214874626146557E-01 -0.153614370971368E+01
  -0.210292911871186E+01 -0.799703519353082E+00 -0.129934935632333E+01
   0.970498275634464E+00 -0.170471091729194E+01  0.304090578911197E+01
  -0.113469175959871E+01  0.191336418454026E+01  0.145422422788493E-03
   0.770368503054338E+00 -0.278410578956709E+01  0.261706515819160E+01
   0.160795717169774E+01 -0.304983540409628E+01 -0.170075704857376E+01
   0.939581285944361E+00  0.114340215176864E+00 -0.286467006747902E+01
   0.944510543384688E-01  0.212766068135176E+01 -0.541022902092790E-01
   0.103934761235143E+01 -0.173020133906573E+01  0.166923841741227E+01
   0.186000796864092E+01  0.710473013286972E+00 -0.307897845880967E+01
  -0.122001043359817E+01  0.404428837873563E+00 -0.295830469051644E+01
   0.886557057816827E+00 -0.165822983744394E+01 -0.315716832175922E+01
   0.177874373546245E+01  0.289631441922477E+01  0.215750295019719E+01
   0.260339245138123E+01 -0.271094106461589E+00 -0.201764375958112E+01
  -0.351044420893553E+01  0.317475388294149E+01  0.173212585350157E+01
  -0.341630132864684E+01  0.130283543362670E+01  0.932827076404954E+00
  -0.131339877199876E+01  0.148316337834760E+01 -0.218228789810502E+01
   0.171682452134797E+01  0.664789215156449E+00  0.184502396093033E+01
   0.315877339152223E+01  0.162587399771071E+01 -0.228967265428228E+01
   0.688914481065347E+00  0.251342940222043E+01 -0.307090626836128E+01
  -0.206700165852627E+01 -0.210597142946680E+01  0.835303186576420E+00
  -0.192863186059397E+01  0.328061711722506E+01 -0.155622782479476E+01
  -0.536982015749146E+00  0.346297543600324E+01  0.297628142985207E+01
  -0.251638133715843E+01 -0.102090008832496E+01  0.297663999147839E+01
  -0.298547596310943E+00 -0.156716252447797E+01  0.345651109328144E+01
   0.197209912348868E+01  0.325654856185528E+01 -0.671594195414046E+00
  -0.123771850677063E+01  0.820211490459761E-01  0.292569157770669E+01
   0.233818822227538E+01 -0.332999865138826E+00  0.236693819789769E+01
  -0.301645371751278E+01  0.311560915523759E+01 -0.137265940708006E+01
  -0.623532350974955E+00  0.170504563657026E+01 -0.891630614139081E+00
  -0.181875376861779E+01 -0.126022570419061E+01  0.174857336084424E+01
   0.191891727563035E+01 -0.159555366298484E+01 -0.546212078345859E+00
   0.296581598739129E+01  0.965110302732272E+00  0.155397606326262E+01
   0.177999632313525E+00 -0.343559660460325E+01 -0.310506127696654E+01
   0.265393678232862E+01  0.199914890055772E+01 -0.337761024101372E+01
  -0.232355026238078E+01 -0.175380882619496E+01 -0.304812740585688E+01
  -0.156703547377928E+01 -0.378047407884969E+00 -0.495706283951432E+00
  -0.211058617464803E+01  0.206907450328154E+01  0.991172323830433E+00
   0.206841891234029E+01 -0.373525792479524E+00 -0.324144326067263E+01
   0.804968979323772E+00  0.136331450582008E+01  0.219915256430707E+01
   0.201391223609825E+01  0.115087651243544E+01 -0.100726093124197E+01
  -0.319777525795340E+01 -0.741468363373810E+00 -0.172103246635289E+01
  -0.201700137713225E+01 -0.116869148559644E+01 -0.719939783966514E-01
  -0.994091524793464E-01 -0.106943985773906E+01 -0.120790499323679E+01
  -0.725510129616627E+00 -0.370811840914760E+00 -0.352891748104421E+01
  -0.172603895759452E+01  0.278496369081470E+00  0.616288027241906E+00
  -0.199086648667115E+00  0.291556144977954E+01 -0.249453445965294E+01
  -0.176553796587928E+01 -0.352145282875491E+01  0.339264274932193E+01
   0.478977819911253E+00 -0.575493510070095E+00  0.153859503613167E+01
   0.106869199430918E+01 -0.768888204085288E+00 -0.346790937092996E+01
   0.159456086908213E+00 -0.125126743052350E+01 -0.222596335489662E+01
  -0.274299511232086E+00  0.945473173235573E+00 -0.281774983911631E+01
   0.283771168302696E+01 -0.222883632907273E+01 -0.607188950446737E+00
   0.237710755776890E+01 -0.208621752802431E+01 -0.165452493749089E+01
  -0.240563412078735E+00  0.192695882431209E+01 -0.193072611796503E+01
   0.334313785407470E+01 -0.882794333441192E+00  0.172790909451794E+01
  -0.170610090554708E+01 -0.350284845633916E+01 -0.273426579778380E+01
   0.837552808225556E+00  0.433430082309011E+00 -0.136207986033140E+01
   0.251610701578119E+01 -0.161084329199843E+01  0.137608050939576E+01
  -0.276346335007747E+01 -0.314164730703104E+01 -0.343214605159318E+01
   0.325309066553569E+00 -0.803554146772200E+00  0.295307157623519E+01
  -0.921138145286253E+00  0.150746898446020E+01  0.212593742636468E+01
  -0.165885507652205E+01  0.323088543972049E+01  0.104514126163055E+01
   0.260272411377093E+01 -0.307343212521019E+01 -0.447588733328863E-01
  -0.278689774925323E+01  0.202034267757109E+01  0.189795603607033E+00
  -0.168475544743460E+01 -0.199294981227019E+01 -0.130501772749425E+01
   0.287355806237201E+01 -0.159245419477559E-01  0.320778248147779E+01
  -0.341632205063342E+01 -0.237299180629910E+01 -0.313554618414765E+01
   0.543866688424231E+00 -0.274706679257156E+01 -0.131110030668150E+01
   0.409803659194415E+00  0.132719282406717E+01 -0.770490055095754E+00
  -0.126141230237694E+01 -0.136282379025826E+01 -0.298631066807868E+01
   0.132098282971090E+01  0.283696616813063E+01  0.319517339581959E+01
   0.254212969579486E+01  0.715160394003248E+00 -0.186336590634863E+01
  -0.347687932241263E+01 -0.193351351521916E+01  0.243821150637443E+01
  -0.329807687435106E+01  0.186659679434464E+01  0.181302308222743E+01
  -0.107364250231325E+01 -0.213079466375618E+01  0.188172939036842E+01
   0.120303251757652E+00 -0.148622672905711E+01  0.847508132686332E+00
  -0.349933960658487E+01  0.338680950458403E+01 -0.313759288702057E+01
  -0.205412772411168E+01  0.239903814205505E+01 -0.538237713205591E+00
  -0.302514518398980E-01 -0.188947388217549E+01  0.229842091492241E+01
  -0.834109655831675E-02  0.128088042410598E+00  0.312303293464334E+01
  -0.138181424802856E+01  0.351374872008801E+01  0.234544212794326E+01
  -0.356468949495802E+01 -0.166271983713895E+01 -0.231648475165482E+01
  -0.126357924341495E+01  0.122364531577795E+01  0.911822809755969E+00
   0.163870905407089E+01 -0.200358512191541E+01 -0.240421869570700E+01
  -0.322552487597583E+01  0.861615269321313E+00  0.289440450054745E+01
   0.908605208106031E+00 -0.271537917683419E+01 -0.257348045371328E+01
   0.831680210360987E+00  0.150743930282586E+01 -0.278877163681505E+01
  -0.293172793097767E+01 -0.479306617913599E+00 -0.692276496929896E+00
  -0.339948144833099E+01 -0.159194715687645E+01  0.342509781403685E+01
   0.821308597827370E+00  0.807715415576742E+00  0.123850718425656E+01
   0.261845243856289E+01  0.351220019101437E+01  0.845837228387212E+00
  -0.230579742026856E+01 -0.194033049659586E+01  0.234994622454622E+01
  -0.858594583213435E+00 -0.346378044657115E+01 -0.210155547277963E+01
  -0.290993089475329E+01 -0.308030783260460E+01 -0.216712127473494E+01
  -0.102164230230618E+01 -0.119080297957315E+01 -0.142301049473521E+01
  -0.185632119463321E+01 -0.258304852610251E+01 -0.230627811358570E+01
  -0.255566304573532E+01  0.587483863024400E+00 -0.916241872962199E+00
   0.117758218259840E+01 -0.804676297134816E+00 -0.243597993878825E+01
  -0.263897809093853E+01 -0.193899890802739E+01 -0.177451396586014E+01
  -0.100389167896729E+01  0.133939918665617E+01  0.326120033695666E+01
  -0.372933617560050E+00 -0.238041257098159E+01 -0.127971391327314E+01
  -0.924511541390868E+00 -0.246448497344825E+01 -0.962113139583979E-01
   0.285688000199087E+01  0.311721964680072E+01  0.340916326148833E+01
   0.267728881244161E+01 -0.131914231810183E+01  0.330936262848842E+01
  -0.276462398914108E+01 -0.243509194115771E+01  0.308218864693019E+01
   0.309756609215495E+01  0.128060646433019E+01 -0.993565265863653E+00
   0.229451401630368E+01  0.252416848006956E+00 -0.534616750912069E+00
  -0.188473847948406E+01 -0.138708492698571E+01 -0.221023144837040E+01
  -0.266452962677796E+01  0.168801036229769E+01 -0.103355082760120E+01
   0.162412206653716E+01 -0.275803434169681E+01 -0.440978872598742E+00
   0.251681106923575E+01 -0.641712858473558E-01  0.143467947080699E+01
   0.224150669687147E+01  0.249874365330261E+01  0.413581933215376E-01
   0.166102338973737E+01  0.309531560165632E+00  0.311241038381587E+01
   0.278362594460681E+01  0.275358727516095E+01 -0.260168310012795E+01
  -0.546549313446510E+00 -0.353537764189222E+01 -0.153288558935756E+00
  -0.840391310975047E+00 -0.548677962349216E+00 -0.242715813256570E+01
   0.189485274453848E+01 -0.143970602952207E+01  0.619269194733386E+00
   0.259619110569410E+00  0.321382075628599E+00  0.211919011944298E+00
  -0.348348459238819E+01 -0.544114693231621E+00  0.293429035615396E+01
   0.205199698143187E+01  0.216686389433564E+01 -0.159976704718459E+01
   0.135567338931721E+01  0.186702733852529E+01 -0.678954727510987E+00
  -0.180648060411727E+01 -0.311436909567581E+01  0.207960379056204E+00
   0.324628893331695E+01  0.475627865482282E-01 -0.117958456305034E+01
  -0.346258822555003E+01  0.228451576036543E+01 -0.330011869832775E+01
   0.343850242162221E+01 -0.304522827788285E+01  0.206947330769427E+01
   0.136356711046694E+01 -0.648539889624222E+00 -0.578882121457365E+00
  -0.284606575311566E+01  0.179822708260157E+01  0.305803557794346E+01
   0.166798424255226E+01  0.179756471379841E+01  0.341471292139703E+01
   0.130824912873367E+01 -0.308988962218103E+00  0.232970401029530E+01
   0.751790183127122E+00  0.209971238672782E+01 -0.160084661193608E+01
  -0.180702052396289E+01  0.195451706579139E+01 -0.355763053790452E+01
   0.567578862584469E+00 -0.345578670262677E+01 -0.360261828751108E+00
   0.136406886046807E-01 -0.321119048921341E+01  0.217291691262063E+01
  -0.213058928885773E+00  0.294714409148662E+01  0.169066564793515E+01
   0.197304083690415E+00 -0.276587612637150E+01  0.338007741887420E+00
   0.472685951190922E+00 -0.936086257651056E+00 -0.123719141090956E+00
   0.764206561989151E+00  0.806271260832693E+00  0.341032039838413E+01
  -0.105462323223292E+01 -0.194670542957821E+01 -0.214128028859634E+01
  -0.623662561654505E+00  0.229124345460031E+01 -0.332515256387433E+01
  -0.239367778758602E+01 -0.109717688113937E+01  0.982534578077566E+00
   0.271808447989494E+01  0.110233346870475E+01  0.318542893312831E+01
  -0.347283972607960E+01  0.910927460813534E+00 -0.191279289704369E+00
  -0.922151442907029E+00 -0.477444167591505E+00  0.364261212456236E+00
   0.162873947896267E+00 -0.331546212011908E+01 -0.209296430439359E+01
   0.202987454721273E+01 -0.178722557716030E+01  0.225912277065625E+01
  -0.261643079683341E+01  0.286268439098493E+01  0.335534964854490E+01
   0.154973263445723E+00 -0.901308927108393E-01 -0.689683645676989E+00
   0.276629421870516E+01 -0.223545402225939E+01  0.275445294121829E+01
   0.853333698311855E+00 -0.268952276530891E+01  0.131833231489274E+01
   0.320648850031361E+01  0.270319892056620E+00  0.470511954022040E+00
   0.191190401489309E+01  0.185204495348113E+01 -0.261069593692961E+01
  -0.218735690036913E-01  0.695650319167089E+00  0.216737032212897E+01
  -0.288152172200374E+01 -0.516140913856210E+00  0.209629684347823E+01
  -0.808287679109048E+00 -0.124409451602083E+01 -0.338427153928049E+00
  -0.309537285500885E-01 -0.907247133324201E-01 -0.200285372554348E+01
  -0.320611718945273E+01  0.349027808923687E+01  0.268769532353009E+01
  -0.155161241403190E+01  0.257320476501518E+01 -0.268488791577872E+01
   0.325231272741755E+01  0.379820750663870E-01  0.218022355094231E+01
   0.302552321292983E+01  0.249803082659431E+01 -0.102616651559565E+01
   0.889460770801173E+00  0.307437207366996E+01 -0.125012607654926E+01
   0.328502103691737E+00 -0.215192468539316E+01 -0.375447708158792E+00
  -0.157136139791679E+01  0.209050528988506E+00 -0.197300501128076E+01
  -0.237817143806754E+01 -0.347473052694261E+01  0.183928175373081E+01
   0.572449346757523E-01 -0.217560566108882E+01 -0.266038051758144E+01
  -0.117211580480666E+01  0.561833844028013E+00 -0.554667865104507E+00
   0.719403025402567E+00 -0.262494984357085E+01 -0.351355446318027E+01
  -0.127182691318549E+01 -0.312893742943230E+01 -0.825093656175353E+00
   0.143562442966750E+01  0.102887136842841E+01 -0.198969609602321E+01
   0.177589167849317E+01 -0.341556420520502E+01  0.305535043069901E+01
   0.294427163399844E+01 -0.798114833052161E+00  0.642136833833943E+00
  -0.363018862603597E+00 -0.242905644437709E+01  0.107326649303443E+01
   0.856164098727045E-01 -0.500886606714565E+00 -0.309648925395302E+01
  -0.244310385876603E+01  0.128134301423488E+01 -0.209885459652834E+01
  -0.841180335273530E+00  0.336106762651478E+01 -0.321356537597136E+01
   0.335467246961105E+01  0.353426024894400E+01 -0.200027339733003E+01
  -0.279374023534034E+01 -0.950954154672147E+00 -0.269188584357086E+01
  -0.190274649242321E+01 -0.620286700167754E+00 -0.345971391070679E+01
   0.298749617507966E+01 -0.140511236801414E+01 -0.129631921255419E+01
  -0.286950798171079E+01  0.291958001667050E+01  0.926677816932274E+00
  -0.345938158939160E+01  0.819383824244553E+00 -0.198518008382162E+01
  -0.173589416460779E+01 -0.159543734983707E+01  0.316413534957893E+01
  -0.196485984851460E+01  0.287891924238701E-01  0.171263309268648E+01
  -0.211931109107650E+01  0.224466451508769E+01  0.235334648541518E+01
   0.231747138372286E+01 -0.292179231257438E+01  0.176538892135277E+01
  -0.160820781763251E+01  0.116081362359879E+01 -0.126204397978050E+01
   0.167608462489033E+01  0.179433865941247E+01  0.215106550236719E+01
  -0.885970147759873E+00 -0.577143310668020E+00  0.151594497002682E+01
   0.283106393747629E+01 -0.232642835603909E+01 -0.259278612517566E+01
   0.102739988702405E+01 -0.185434900411968E+01  0.341468271453721E+00
   0.291976907368016E+01  0.200943282950017E+01  0.105881516636395E+01
  -0.264431458448801E+01  0.240322758232849E+00  0.701961617162444E-01
  -0.103136435769810E+01 -0.169856308364760E+01  0.710460561722330E+00
  -0.103042366119009E+01 -0.832659451757248E+00  0.253940088450846E+01
  -0.126569073015313E+01 -0.286586604815578E+01  0.128894741802708E+01
   0.176668770323180E+01 -0.247035695378707E+01  0.338113386277841E+01
  -0.307160063890815E+01  0.112604756742118E+01 -0.299634864771537E+01
   0.341467910209378E+01 -0.248466331457067E+01 -0.163199501273951E+01
   0.504817458927381E+00  0.219072189624659E+01  0.175287042775685E+01
  -0.954439815341292E+00  0.232246611819361E+01  0.122599288084599E+01
  -0.543393826008085E+00 -0.278738911304808E+01  0.344977357274994E+01
  -0.227185047693594E+01  0.978684027785506E+00  0.124374884125983E+01
   0.111130559559972E+01  0.339814289132861E+01 -0.264643843553129E+01
  -0.287738235079829E+01 -0.269288593062512E+01  0.464163032150844E+00
   0.208660558461476E+01  0.787743528489465E+00  0.727729966820262E+00
  -0.821718688942779E+00 -0.275664181299296E+01 -0.279583307806590E+01
   0.304712784009305E+01 -0.306364724288237E+01  0.339995241379392E+01
   0.637533667908711E+00  0.166078236615803E+01  0.732850790165485E+00
  -0.281161421674913E+01  0.306800589949271E+01 -0.233931019401466E+01
  -0.302185642095304E+01 -0.109438262447678E+01  0.230338960838551E+00
   0.989075425543391E+00  0.341163980811915E+01  0.149699083920970E+01
   0.115319052855475E+01  0.106833605568092E+01 -0.110447661232291E-01
   0.315059232420144E+01 -0.253098130614036E+01  0.994635948030526E+00
   0.233640940466936E+01 -0.580465794317852E+00 -0.102040127273490E+01
   0.243019362773325E+01 -0.139478193551203E+01 -0.267962900962171E+01
   0.117987267628378E+01 -0.315732113191459E+01  0.469448060622574E+00
   0.201073903046074E+01 -0.262415960117757E+01  0.804002920344053E+00
  -0.238511620680360E+00  0.148690729737500E+01  0.126275089773599E+01
  -0.257550164517211E+01  0.227247542449787E+00 -0.194085086733150E+01
   0.133240675825070E+01  0.243300432619063E-01  0.682734145405924E+00
   0.113644899798154E+01 -0.182440347223674E+01 -0.124386701462473E+01
  -0.255909536113481E+01  0.209093542626549E+01 -0.285326799345831E+01
  -0.323912935635604E+01 -0.351994221474725E+00  0.102049661800788E+01
   0.299133193107379E+01  0.906304145554075E+00 -0.299528237985509E+01
  -0.620516487853095E+00  0.207880297786772E+01  0.287776862411140E+01
  -0.153325680262152E+00  0.291193174653341E+01  0.574950598202385E+00
   0.272822455169588E+01  0.189228614907800E+01  0.242876406796890E+01
  -0.574705950586293E+00  0.415693311959342E+00  0.131288516182692E+01
   0.306588374167185E+01  0.316741615521444E+01 -0.925037632535827E-01
  -0.213731606839092E+01  0.447791108198471E+00  0.356835547800185E+01
   0.211036664064065E+01 -0.481129631686026E+00  0.181160715795630E+00
  -0.121803234509909E+01  0.242330776839063E+01 -0.157832313879401E+01
  -0.313548206619728E+01  0.857681690167548E+00  0.176607384978279E+01
  -0.205477355821765E+00  0.275085635611184E+01 -0.111751182990763E+01
  -0.441815275555238E+00  0.111126047564804E+01  0.121838087611827E+00
  -0.198288704958240E+01  0.103755598636081E+01 -0.752629638446780E-01
   0.169433449493019E+01  0.274137714385692E+01  0.121165145782453E+01
  -0.314225744889403E+01 -0.202759823672077E+01  0.134641013062130E+01
  -0.167133948253815E+01 -0.265367217761379E+01  0.267500073080499E+01
   0.296662349816207E+01 -0.356071199906365E+01 -0.106774356920191E+01
  -0.345964961858009E+01  0.230827034610061E+01 -0.170040858514913E+01
  -0.389706298671729E+00  0.723520550317063E+00 -0.127932582346418E+01
  -0.125105186658911E+01  0.277517529338580E+01  0.312124039026363E+01
   0.320863146547975E+01  0.197264106794391E+01 -0.386458534760853E-01
   0.236728554959303E+01  0.356690814145413E+01 -0.299426964021198E+01
  -0.320755572982184E+01 -0.190166937439556E+01 -0.671228467426770E+00
   0.343671759741126E+01 -0.195440970659220E+01  0.168986828505281E+00
   0.273920248000636E+00  0.268921770115401E+01  0.260762127054620E+01
   0.331218507225319E+01 -0.869759156834196E+00 -0.303344652423106E+01
   0.241945916185844E+01 -0.357265687503627E+01 -0.200099990477016E+01
%  0.243565646745078E+00 -0.207869083977679E+00  0.592787910757392E+00
% -0.140146854531983E+00 -0.207634409527363E+00 -0.581161424108344E+00
%  0.164719105864045E+01  0.230457193211868E+00 -0.152708076158235E+01
%  0.739220916368730E+00 -0.677342206728533E+00 -0.443237169769216E+00
% -0.652667266466221E-01 -0.121329014531620E+00 -0.261583071760055E+00
% -0.110306458981029E+00 -0.869773578081912E+00 -0.235278836635488E+01
% -0.140511984366198E+00 -0.865132607121571E+00 -0.918674927623398E+00
% -0.245145435816598E+01 -0.183007344083131E+01  0.750134351210687E+00
%  0.610312481171580E-01 -0.346675243009832E+00  0.253820945124159E+01
%  0.141179819942065E+01  0.815298417408144E+00  0.149971911366454E+01
% -0.494728460499296E+00 -0.464887050613908E+00 -0.166275307082268E+00
%  0.139836201183577E+01 -0.157189270584863E+01  0.885544160825217E+00
% -0.868938392156863E+00 -0.315859734250414E+00  0.940313730183128E+00
% -0.507019907690193E+00  0.113765782397486E+01  0.125870890618794E+01
% -0.151106020701199E+00 -0.898726270377972E+00  0.237697363138562E+00
% -0.836133640709818E+00  0.447645013890651E+00  0.454560963654791E+00
% -0.210450070056626E-02 -0.928491699126655E+00  0.152698794830919E+01
%  0.117402942111785E+01  0.306635583590507E+00 -0.556468226454594E+00
%  0.168808345965788E+01  0.216582631310518E+01 -0.227065333264059E+01
%  0.476873761815590E+00 -0.137929157824566E+01  0.142755766510491E+01
%  0.512460404349769E+00  0.281945502587347E+01 -0.728048679342938E+00
%  0.166879895199981E+01  0.292753713041392E+00 -0.160183963858234E+01
% -0.644747089946008E-01  0.635048821720816E+00 -0.244630344842911E+00
%  0.515682382881126E+00  0.141189207553500E+01 -0.142332661587759E+00
% -0.792941871088598E+00 -0.182367651492394E+01  0.213940566652079E+01
% -0.148252768308747E+01 -0.109001108418829E+01  0.147615871025343E+01
% -0.103407213024139E+01 -0.141238642602223E+01 -0.293597230796633E+00
% -0.148303921034486E+01  0.932325966343338E+00 -0.750258074296644E+00
%  0.121915863716949E+01  0.184514392901156E+01  0.113099577096425E+01
% -0.403641274515065E+00  0.103815075622037E+01 -0.603244438634673E+00
% -0.148927374443342E+01  0.184138506982242E+01 -0.159515162971318E+01
% -0.296035502483420E+00  0.220345369213927E+00 -0.162619441775321E+01
% -0.881200113856579E+00 -0.100670125657911E+01 -0.115224216387500E+01
% -0.844632965754518E+00 -0.552992486861997E+00 -0.155630883505265E+01
%  0.284609936921465E+00 -0.147161805283196E+01  0.592519226042882E+00
%  0.942096059252014E+00  0.140386200413379E+00 -0.974228996134983E+00
%  0.134366129342102E+01 -0.227300288789003E+01  0.274874106343305E+00
% -0.946893737956624E+00 -0.114254484234444E+01 -0.760482641948839E+00
%  0.938577378903077E+00  0.155757882610010E+00  0.160749072253413E+01
%  0.113312190009605E+01 -0.123414074228996E+00  0.159921683078073E+01
% -0.103949867115331E+00  0.105477377391597E+01  0.222575995477529E+01
%  0.169960291782703E+00  0.330965911439703E+00  0.103016447662221E+01
%  0.139079126972894E+00  0.678534138561366E+00  0.272253783756138E+01
%  0.286404935701821E+00 -0.886052449927432E+00 -0.126003089873238E+01
%  0.137108719634721E+01  0.166658390217628E+01  0.454903154379462E+00
%  0.812977116350658E+00  0.139740264351631E+01  0.151075594678169E+01
% -0.451394946423279E+00  0.186722501855580E+01 -0.330966428552683E+00
% -0.242172856220611E+01 -0.121680914091401E+00 -0.730205392998034E+00
%  0.117470411460119E+01  0.110291182106780E+01  0.206440162994974E+01
%  0.386939601204335E-01 -0.590526744690386E+00 -0.398276220621619E+00
%  0.162463336908048E+01 -0.735743490940437E+00  0.387815616448948E+00
%  0.599340992484077E+00  0.577151764089567E+00  0.188829937081482E+01
%  0.138532274791836E+01 -0.187136911741125E+00 -0.180850741381638E+01
% -0.175190108039748E+01  0.116388359461342E+01  0.566120353338255E+00
%  0.167489708502785E+00  0.904288836476495E+00  0.152814991584624E+00
%  0.586095094927829E+00 -0.565695223269259E+00 -0.408590024856464E+00
% -0.121309187407495E+01 -0.348409726680840E+00 -0.683180676177526E+00
% -0.137479154567849E+01  0.909594549562462E-01  0.364419328196129E+00
% -0.161619272877451E+01 -0.114938034639121E+00  0.271057313290853E+00
%  0.962522009657743E+00 -0.230553472872546E+00  0.574134643564575E+00
%  0.113341252791072E+01  0.979485437832025E+00 -0.419438743501882E+00
%  0.363251503338234E+00  0.617052749839131E+00 -0.137927724269919E+01
%  0.246929391210494E+00 -0.439450736003800E+00 -0.917260378625215E+00
% -0.206596636158742E+01  0.151619131955910E+01  0.523531236303600E+00
% -0.817709602420187E+00  0.880158943234519E+00  0.158652914914638E+01
%  0.819220759858879E+00  0.124603326720307E+01  0.123140303783061E+01
% -0.179486606813900E+01  0.107294385659155E+01  0.156080020435606E+01
% -0.138525198639844E+00 -0.358064702256342E+00 -0.457544477153216E+00
% -0.160246410562689E+01 -0.317448721127065E+00  0.896581292108896E+00
% -0.289503420574443E+01 -0.148943337667081E+01 -0.108239136759977E+01
% -0.733252362218374E+00  0.805266966273238E+00 -0.863433380409852E-01
%  0.286624357469802E+01  0.171424557647585E+01  0.153060269974671E+01
%  0.115129462145451E+01 -0.439448381730898E+00 -0.120704883388779E+01
%  0.297937880921035E+01 -0.505135708009350E+00  0.344532270852454E+00
% -0.151506567108183E+01  0.415925375809426E+00  0.106946493062827E+01
% -0.673897541105083E+00  0.956120651075581E+00 -0.813450919241742E+00
%  0.124048235237309E+01  0.457861962473502E+00  0.106570349735248E+01
% -0.175294809097032E+01  0.113880585344062E+01  0.653141861418468E-01
%  0.192300804054946E+01  0.146350467590475E+01 -0.206820750483918E+00
% -0.146231662226024E+01 -0.565238757586961E+00  0.863370369290819E+00
%  0.165889163613262E+01  0.150086424400265E+01 -0.100831960541404E+00
%  0.645431604943883E+00  0.294934193990548E+00  0.221411102062371E+01
% -0.289379301911815E+00  0.722890757725954E-01  0.815428706302744E+00
% -0.272025890421083E+00 -0.315787212844309E+00 -0.128620615980553E+01
% -0.201584714307683E+01  0.102872177435915E+01 -0.902665763772199E+00
% -0.300462221277821E+01  0.115105915625657E+01 -0.166046361786298E+01
%  0.428624813026358E+00  0.872754232810698E+00  0.706049296404433E+00
%  0.124506310160752E+01  0.835114731095046E+00  0.264804981903686E+00
% -0.273653158181996E+00 -0.427754684956303E+00  0.100978875806922E+01
%  0.128077098678921E+00 -0.193538584984615E+01 -0.212472341224444E+00
%  0.719652730508940E-01  0.181013740265046E+01 -0.148097436615387E+01
% -0.262243455781392E+00  0.432753328746968E+00 -0.812239698490411E+00
%  0.143397198762697E+01  0.194738085236161E+00 -0.127449398114005E+01
%  0.986800158223243E-01 -0.188298918712451E+01  0.130947106476030E+01
% -0.474113457432608E+00 -0.122218798771556E+01  0.229407733631333E+01
% -0.337411710492137E+00 -0.113136094616182E+01 -0.135839448510849E+01
%  0.583753565625637E+00 -0.171912193756272E+01 -0.593827799011331E+00
% -0.390767666972491E-01  0.121045827594872E+01 -0.851645464191990E-01
%  0.664801450306042E+00  0.249386993658609E+00 -0.328331430788799E-01
% -0.710511296308748E+00  0.399833592231686E+00 -0.146181859247248E+01
% -0.332865831034442E+00 -0.331475805516190E+01 -0.824120575154943E+00
% -0.812270973365148E+00  0.149788288310796E+01 -0.221690178699243E+01
%  0.340895669995437E+00 -0.172446570266779E+01  0.131894532249733E+01
% -0.331807808238994E+00 -0.140696384031752E+01 -0.294983351523397E+01
% -0.106194556449180E+01  0.171728540852328E+01  0.216870255225808E+00
%  0.127033893911009E+01 -0.109826777619570E+01 -0.142520017140804E+01
% -0.725006566204643E+00  0.170629146431139E+01 -0.166621362067109E+01
%  0.333782069229430E+00 -0.842301713022577E-01  0.259903428860348E+01
%  0.132862216105760E+01 -0.142619326122230E+01  0.139463731847314E+01
%  0.925823586872920E+00 -0.111287986662307E+01  0.141632369394684E+01
%  0.137477793258258E+01 -0.488930661725101E-02  0.761425108751806E+00
% -0.975552032515118E+00 -0.725935559858813E+00 -0.126780904242268E+01
% -0.105943033174762E+00 -0.136184656720478E+01 -0.107955462419413E+01
% -0.747655455920839E+00  0.900252492869006E+00  0.124619444470739E+00
% -0.904287128943788E+00  0.217232003206176E+00 -0.145293273083692E+01
%  0.143074447937055E+00  0.175204745114396E+01  0.704449832715927E+00
%  0.775724295800684E+00 -0.861107288941007E+00  0.621906127397932E+00
%  0.610158114808541E+00  0.848646415753125E+00 -0.996928190334250E+00
% -0.469146903824832E+00 -0.179458816171665E+01  0.176018990664459E+00
% -0.516462956169725E+00 -0.724817105465892E+00 -0.463912427562876E+00
% -0.157547186428518E+01  0.173108143664214E+01 -0.180282220510664E+01
%  0.272564959775725E+00  0.481552805013457E+00  0.770106755122443E+00
% -0.113335976780526E+01  0.454502828022976E+00 -0.708922733894189E+00
%  0.110564913302353E+00  0.111558673206880E+00 -0.271750867683146E+00
% -0.244754008793064E+00 -0.219118650366149E+01 -0.163389021133051E+01
%  0.539955961103585E+00  0.203187635386154E+01  0.530868776605159E+00
% -0.961066919250383E+00  0.228222819380334E+00 -0.112776402896552E+01
%  0.112533975935605E+01 -0.761730215508000E-01 -0.207561358491594E+01
%  0.167421513581699E+01 -0.991502410325355E+00 -0.156736850767180E-01
%  0.144775925700152E+01 -0.198706204270466E+01 -0.250940174695260E+01
% -0.126870645244079E+00 -0.161039920165961E+01  0.307892058864610E+00
% -0.273943678695364E+00  0.234561200218555E+01 -0.721575990633566E+00
% -0.783807204791619E+00  0.685950422143164E+00  0.486827324259011E+00
% -0.498221467894218E+00  0.107138144049467E+01  0.206146872317726E+00
%  0.172942668625605E+00  0.111110813504001E+01 -0.782792323708070E+00
%  0.173037724800898E+01 -0.113211936852090E+01 -0.162126491420487E+01
%  0.837689329539945E+00 -0.249683399006608E+00  0.593412392174114E+00
%  0.119763351331838E+01  0.101063481540430E+01 -0.551323096717583E+00
%  0.718631485545419E+00 -0.100946969252442E+01  0.143724166157256E+01
%  0.538243061227577E-01  0.878774942016180E+00  0.287279456144231E+00
% -0.616275094940097E-01 -0.144458736157467E+01  0.162211483938092E+01
%  0.347983542161022E+00 -0.119608796154020E+01 -0.169822354649967E+01
% -0.619495298045493E+00 -0.112179244790040E+00  0.148578619944262E+01
% -0.890336848724929E-01 -0.113475347394222E+01  0.426900935254073E+00
% -0.540174478063525E+00 -0.801826960643378E+00 -0.205148508736503E+01
% -0.129257591961098E+01 -0.438730176360362E+00  0.706912510114371E+00
% -0.191790986378808E+00  0.104765221290201E+01  0.260460750348949E+00
% -0.104684184034880E+01 -0.994198341609073E+00 -0.129830877442116E+01
%  0.217926697486107E+01 -0.101276558397714E+01  0.163207479573918E+01
%  0.115422201602973E+01 -0.166746055458887E+01  0.493318253373822E+00
% -0.136525049725316E+01 -0.110970691354925E+01  0.208829285426547E+01
% -0.707879403434334E+00 -0.990346091469748E+00  0.340324782846837E+00
% -0.893249765855628E-01  0.706609348593216E+00  0.344101019371675E+00
% -0.121878866886326E+00  0.453543904936384E+00  0.655812834067135E+00
%  0.132575611218127E+01 -0.474480216892557E+00 -0.167576566007440E+01
% -0.700971763283223E+00 -0.180459315593666E+01 -0.117650864528191E+01
%  0.120115970364637E+01  0.162188179621568E+01 -0.162712075670621E+01
%  0.757687972235595E+00  0.119941274772616E+01 -0.159911765534750E+00
% -0.123586266476873E+01 -0.129493892943179E+01 -0.252167915879556E+00
%  0.896440717661257E+00 -0.170007177591652E+01 -0.206824841298620E+00
%  0.646583144112915E+00 -0.274248697281451E+00  0.333429926040972E+00
% -0.418125161729641E+00  0.710769208078656E+00 -0.137285629886610E+01
%  0.122418302291756E+01  0.198333179981990E+00 -0.151086330606578E+01
%  0.278985485196215E+00 -0.751603609009312E+00 -0.149369623416943E+01
%  0.159707255215245E+01  0.852208007287496E+00  0.523636510058500E+00
% -0.136310789761478E+01 -0.717442305239088E+00 -0.584391313268181E+00
%  0.161406132952221E+00  0.147859291434585E+01  0.335728791968844E+00
% -0.616616525116834E-01  0.429563477996070E+00 -0.303188745623484E-01
% -0.101456712351626E+01  0.155262621913842E+01  0.139155149154329E+01
%  0.848858406527373E+00  0.689415479489124E+00 -0.766291410221624E+00
% -0.532616891214340E-01  0.746353596509039E+00 -0.310508434666107E+00
% -0.697184578987155E+00  0.605538510285068E+00  0.104124602812846E+01
% -0.535951386078382E+00 -0.460662017836212E-01 -0.133360977642064E+01
%  0.238591935067745E-01 -0.141662619541739E+00 -0.583564268622271E+00
% -0.202459872306111E+00 -0.150188674574400E+01  0.137098357456935E+01
% -0.181591000751125E+01 -0.265651540551868E+00  0.716443675074532E+00
% -0.546888710018040E+00 -0.373349683573659E+00  0.319608870566216E+00
% -0.182241327121116E+01  0.497172393693108E+00 -0.235852811221886E+00
% -0.189996350266471E+00 -0.159399278721153E+01 -0.382255167056327E+00
%  0.493209481556071E+00 -0.529541204101851E+00 -0.168168008466479E+01
% -0.680213557519859E-02  0.178016055452248E+00  0.132893992313508E+01
% -0.744200895281408E-01 -0.158782948942863E+01  0.361078534900735E+01
%  0.171221475908935E+01  0.959118362656168E+00 -0.776033498716771E+00
% -0.158937470257168E+01  0.941159594484639E+00  0.127351029370789E+01
%  0.177282926966998E+01  0.111592622936238E+01 -0.578135371848762E+00
% -0.107371676514243E+00 -0.308379592526272E+01  0.162599484117377E+01
%  0.203411660210510E+00  0.184800792864259E+01 -0.105751784270187E+01
%  0.206920657657983E+00 -0.614717323324951E+00 -0.783771887329765E+00
% -0.107699376851847E+01  0.731290964299836E+00  0.420638480567520E+00
% -0.165319263929852E-01  0.226188246322807E+01 -0.659716150007851E-01
%  0.253063978924694E+00  0.746118876329023E+00  0.113748941353523E+01
%  0.231329143887997E+00  0.407069960932381E+00  0.780767036074474E+00
%  0.586838523824604E+00  0.121396047614109E+01 -0.152657343903975E+00
% -0.538297360320293E+00 -0.759262020659376E-01  0.724130125825959E+00
%  0.178875952754711E+00  0.862584881765144E+00 -0.154751980091027E+01
%  0.204638453548383E+00  0.231080818423413E+01 -0.366420044463475E+00
%  0.623844539022156E+00 -0.197271827302907E+01 -0.690989378960518E+00
% -0.894814390156377E-01  0.210674825295838E+01 -0.121775538311224E+01
% -0.132929552309606E+01 -0.858960555374071E-01  0.148620727179676E-01
%  0.257036957433597E+01  0.394239906774258E+00 -0.566903724821770E+00
%  0.116726564079001E+01  0.997695985425490E+00 -0.148942481845680E+01
%  0.137575487573500E+00 -0.102451714797078E+01  0.216504266435412E+01
% -0.170766458064145E+01 -0.196116101887770E+01 -0.694535579367993E+00
% -0.196115293925967E+00 -0.330817071718628E+00 -0.164202803112905E+01
% -0.644895749162805E+00  0.976156105885517E+00 -0.819818195768911E+00
%  0.979832895365638E+00  0.819330901679473E+00  0.259620354082786E+01
% -0.133875741711376E+01 -0.273654596301781E+01  0.224678536850478E+00
% -0.218934848469655E+00  0.798200615048991E+00  0.808072595290256E+00
% -0.632266628207294E+00 -0.774532597438983E+00  0.141725543574610E+01
% -0.129331303101108E+01 -0.110836390306954E+01  0.814321465265420E+00
%  0.100178394596144E+01  0.735154152749852E+00 -0.193118092444553E+01
%  0.346766433261456E-02  0.114639215557287E+00 -0.589963273709580E+00
%  0.162849065297701E+00 -0.198119317070041E+00  0.144353136012948E+00
% -0.553399779082655E+00  0.110040999122472E+01 -0.572423732400689E+00
% -0.512598730558228E-01  0.684548030740347E+00 -0.104021448191276E+01
% -0.339102234013496E+00 -0.128594120562189E+01  0.756077577753887E+00
%  0.916489572144345E+00  0.535295384131780E+00  0.455458710807627E-03
% -0.305325733467390E+00 -0.210865070851931E+00  0.401631132492117E+00
%  0.431620485884333E+01 -0.106910372436190E+01  0.111689818296549E+01
%  0.135019116422197E+01 -0.890024269746122E+00 -0.300620883054995E+00
% -0.808446320027622E+00 -0.759300815334303E+00  0.117504099549022E+01
% -0.129674597135122E+01 -0.261468735963585E+00  0.396412433665636E+00
%  0.100280373396963E-01  0.206675361941992E+01 -0.208622614942942E+01
%  0.339911028103395E+00  0.752483536969226E+00 -0.952204259988774E+00
% -0.211230891367048E+00 -0.476645422825336E+00  0.114221217020752E+00
%  0.628868725780438E+00  0.206665238753041E+01 -0.107522790302646E+01
% -0.608118069653941E+00 -0.396408537761935E+00 -0.106845883136183E+01
%  0.259652315613374E+00 -0.854733554176700E-01 -0.618965766182932E+00
% -0.536337847336001E+00  0.109999686305485E+01  0.977990180531847E-01
% -0.163706748083254E+00 -0.340586042086956E+00  0.223882974958439E+01
%  0.606835591735268E+00 -0.156674361871004E+01  0.540411283206859E+00
% -0.237779749559204E+00  0.158407673545584E+01 -0.153934847003711E+01
%  0.670006263006931E+00 -0.256969037102985E+01  0.114473570106966E+01
% -0.242935372203450E+00 -0.843922456920581E-01  0.159594311485819E+01
%  0.124394504492545E+00 -0.359448485533157E+00 -0.571073068865849E+00
% -0.112074322609563E+01 -0.422979451792467E+00 -0.980878091613831E+00
% -0.106811286716248E+01  0.417790356182375E-01  0.186026758217527E+01
%  0.585832136422964E+00  0.116318157938006E+00 -0.920200453994615E-01
% -0.325328279974173E+00  0.317085420628824E-01  0.189972076508836E+01
% -0.728703223891090E-01  0.935920705084896E-01 -0.115290928730809E+01
% -0.263282899436727E+01  0.148159740871287E+01 -0.303150177036140E+00
% -0.723051790349920E+00 -0.146369407627889E+01  0.542747489227524E+00
%  0.706950531582400E+00 -0.345473700254252E+00  0.548105788862159E+00
% -0.732244466955086E+00  0.198529983150235E+01 -0.572121764546011E-01
% -0.170016830494520E+01  0.495351247245087E+00  0.677659822995746E+00
% -0.202972450682567E+01 -0.204157935877695E+01 -0.215232288725444E+01
% -0.721675649075127E+00 -0.111087900539122E+01  0.157103361178327E+00
% -0.105954658509849E+01  0.641025619862755E+00 -0.118980022881868E+01
% -0.234940635257550E+00  0.430048997223601E+00  0.158324237013813E+01
%  0.883448910862752E+00 -0.181821244028669E+01 -0.530760910337811E+00
%  0.595482440456428E+00 -0.112335152125568E+01  0.126686848636674E+01
%  0.634940682823225E+00 -0.846442347882657E+00  0.117775882586960E+01
%  0.388541442500477E+00  0.112814845498810E+01  0.516051699604044E+00
%  0.106181193853130E+01  0.116506675560456E+01  0.379593239914970E+00
%  0.298456704511340E+01 -0.111987052882182E+01  0.104400621326741E+01
% -0.305072112622368E-01 -0.602220844141657E+00 -0.447938980768529E+00
%  0.405470397362142E+01  0.874945484001319E+01  0.517752876777841E+01
% -0.821283120950284E+01  0.141465305067514E+02  0.157480953818992E+02
% -0.165673532081817E+01  0.361021873141861E+01 -0.180385263125592E+00
%  0.127091257216707E+01 -0.146407754406158E+02 -0.394891420818687E+02
% -0.117737386547646E+02  0.430354147197320E+01  0.529779968357551E+01
% -0.170095560857766E+01  0.102721934620247E+01 -0.249562294412248E+01
% -0.293507706036472E+01  0.920596117014340E+01 -0.153956459527552E+02
% -0.121925825671465E+01 -0.454731415218393E+01 -0.882866274956174E+01
%  0.397383589707985E+01 -0.474675864159516E+01 -0.539345476913942E+02
% -0.867937577884558E+01  0.454433695924692E+01  0.877514570061490E+01
%  0.316802969569752E+02  0.169989315823155E+02  0.462512844983926E+01
% -0.180405728058873E+02  0.125418026211320E+02  0.656517855899469E+01
%  0.246729728101218E+00  0.163762583620105E+02  0.513457674470517E-01
% -0.234735227796429E+01 -0.759905416609163E+01 -0.137658907763619E+02
%  0.416988712856239E+00  0.110913366861538E+02  0.285306669114194E+01
%  0.179012368075703E+01  0.924175222189908E+01  0.739733471894776E+01
% -0.208560294175260E+00  0.196712198551910E+01 -0.541465384711445E+01
% -0.137301517112786E+02 -0.330618163744873E+02  0.708603989749387E+02
%  0.359821391741989E+01  0.103149064143242E+02  0.486735239677659E+02
%  0.998930339402629E+01 -0.279388337328439E+02 -0.157014292564018E+02
% -0.206833322639006E+01 -0.199844063145324E+02 -0.988633324632018E+01
%  0.210727980454434E+01  0.954807415452292E+01 -0.448907363337890E+02
%  0.643967103283423E+01  0.416353158525544E+01 -0.174568485542746E+02
%  0.418275289459944E+01 -0.161521124689391E+01  0.238783273051735E+01
% -0.143481326109908E+02  0.224142525855795E+02 -0.179058563457919E+01
% -0.476631558521934E+01  0.352315602811431E+01 -0.452478267833881E+01
%  0.691513246604733E+01 -0.148038940911807E+01  0.290889132621726E+01
%  0.105396343239829E+02 -0.886409278577305E+01 -0.193769635681835E+02
%  0.268248554352503E+02 -0.132894682598139E+01 -0.200144668878821E+02
% -0.284008048145192E+02  0.501557564685406E+01 -0.121764760163553E+02
%  0.220750805102184E+00 -0.102573484298220E+01  0.377190552052962E+01
% -0.126245609346880E+01  0.498026577530399E+01 -0.328103460577432E+01
% -0.224505527651780E+02  0.341588429629818E+02 -0.165488767390670E+02
% -0.167159669042002E+02 -0.199769363787341E+02  0.273446642699218E+02
%  0.725106687521984E+01  0.303969883400276E+02  0.431716104453519E+02
%  0.722155411840375E+00  0.714526957943317E+00 -0.523157020015281E+01
%  0.313266316397498E+02  0.314226345063636E+01  0.249530693852675E+02
%  0.632836721420328E+01  0.168254725862250E+00  0.476100601733203E+01
% -0.130334433640969E+02 -0.262966594232324E+01  0.515807362289951E+01
% -0.437071281144862E+01 -0.627894648981922E+00 -0.173884190042299E+02
%  0.485507645366536E+01  0.156487470561806E+01 -0.869680759610484E-01
%  0.113912831550101E+00 -0.295326237877012E+02 -0.250826762362691E+02
%  0.330796518587130E+01  0.812191439465089E+01 -0.556542748574287E+01
%  0.887352495653051E+01 -0.184935678267041E+00  0.717244043761860E+01
%  0.241665540971372E+01 -0.301806230307006E+01  0.358100800737400E+01
% -0.210992526009307E+02 -0.398085119178423E+02  0.173001412055744E+02
%  0.695414191704544E+00 -0.366295511639901E+01 -0.791927743063954E+01
% -0.353113807752333E+01 -0.127152317324578E+01  0.288680734594899E+01
%  0.174529279627139E+00 -0.182256063768321E+02  0.562593650755072E+01
%  0.526945504259566E+02  0.700064624875527E+01  0.185213849374789E+02
% -0.702373899040941E+02 -0.237438851546462E+02 -0.600039122952119E+01
%  0.910997437160039E+01 -0.108344464413119E+02  0.335722305007429E+01
%  0.144184137068655E+01 -0.132237855627869E+02  0.597833762521681E+01
% -0.669095388410874E+01  0.615679639753746E+01 -0.125717907411262E+02
% -0.192119382858793E+00  0.544328031312356E-01 -0.178016823888503E+00
%  0.172419039777416E+02  0.437097927605274E+02 -0.260324898905659E+02
%  0.283988878184471E+00  0.130825568565364E+02 -0.191815032427235E+01
%  0.313133317093025E+01  0.846778610254973E+00  0.564641081427935E+00
% -0.648293720874059E+01 -0.767487958086587E+00 -0.180830690220291E+02
% -0.206511762282433E+02 -0.223374756303183E+02 -0.521506161268000E+00
% -0.799105836956354E+01 -0.278985686693217E+01 -0.299630881466130E+01
% -0.109368002542087E+02 -0.195282903850455E+02 -0.132548862219739E+01
% -0.174047794788004E+02 -0.495515843050702E+01  0.991605221084171E+01
% -0.277089208438386E+02  0.938781879552291E+01  0.884933781495941E+01
%  0.264701344101503E+02 -0.399132115002590E+01  0.588562555170216E+01
%  0.217410077465711E+02 -0.377373006833171E+02  0.322276629923656E+02
% -0.787246277528111E+00 -0.190381697719877E+02 -0.113331233075256E+02
% -0.105740708741591E+02 -0.176549153519139E+02 -0.228277926901179E+02
% -0.111015042603195E+01 -0.978225488553138E+00  0.136146983065512E+01
% -0.615755771114541E+01  0.910120571647550E+01 -0.106515597693101E+01
% -0.898321595932285E+01 -0.574076791722997E+01 -0.586980991533193E+01
% -0.411224014603297E+01 -0.920263654142102E+01  0.128967615867805E+02
% -0.194775961908645E+02  0.175957286354546E+02  0.194066708579759E+02
%  0.293917637830529E+01 -0.247822202703355E+02  0.190699121025241E+02
%  0.340339784113473E+02 -0.931019796683895E+01  0.669536656319226E+01
% -0.333502032672816E+01 -0.236467525627233E+01 -0.182806313887009E+01
%  0.168776404338021E+02 -0.190279434163222E+01 -0.308993147434613E+02
% -0.914298194122365E+01 -0.148458069111938E+02  0.232226357981328E+01
%  0.436814805055877E+00  0.244588566948377E+02  0.165360501332254E+01
%  0.163564612372325E+02  0.677144810078708E+01 -0.182772667688483E+02
% -0.220086569689977E+01  0.202006276537544E+02  0.791138706745475E+01
%  0.694741788793002E+01  0.388641323528259E+02  0.285118707017703E+02
%  0.449635674697010E-01  0.260826561025000E+01 -0.396707715912209E+00
% -0.700701432645976E+01 -0.819357575149034E+01  0.148592512071694E+02
%  0.744751904256748E+01  0.464686921760098E+01 -0.294046842496506E+00
%  0.312745015877668E+01 -0.102482924778151E+01  0.142183725927271E+01
%  0.224263955331859E+01  0.268564298224805E+02 -0.628162997737561E+01
% -0.375720399944493E+01 -0.791300841921369E+00 -0.113585072268326E+02
%  0.454318831240491E+01  0.101551450239920E+02  0.349400172495043E+01
%  0.225695786323404E+01  0.514738771161774E+01 -0.114342587058390E+01
% -0.599931081996432E+01  0.119973455349639E+01  0.112180009618190E+01
% -0.812017840887419E+01 -0.162252169186419E+02 -0.155202290609304E+01
%  0.186270249426162E+02 -0.125092107098054E+02  0.447637490391553E+02
%  0.119929225899638E+01 -0.953513642527044E+01  0.746036644198813E+00
% -0.356600952175136E+01  0.684137794256021E+00  0.186867652603160E+01
%  0.455730465562866E+01  0.305080204290956E+02 -0.119693554028515E+02
% -0.346442850703209E+01 -0.151631560658863E+02  0.788861315378197E+01
% -0.288603545247886E+01 -0.187836300743102E+01  0.102892325402557E+02
% -0.132020093021511E+02  0.162918572342916E+02 -0.265495781204350E+02
% -0.123778722994357E+02 -0.195590674938436E+02  0.252197075345662E+02
%  0.733602953100143E+01  0.209578519270442E+02 -0.597037707390278E+00
% -0.481130586207531E+02  0.889075918907244E+01 -0.106686527884085E+02
% -0.111538866234219E+02  0.798803772078534E+01  0.282265239958566E+01
%  0.530631211810953E+00  0.180647098549501E+01 -0.720705723322483E+01
%  0.506458372519322E+01 -0.101418428682836E+02  0.148074985453340E+02
% -0.165381012527499E+02 -0.595210657353940E+01  0.182924395929018E+01
% -0.403457685793661E+02 -0.905363556329625E+02  0.422110664527182E+02
% -0.314421048423743E+02  0.129643589810046E+02  0.349287465352986E+00
%  0.767479314265709E+01  0.818738167018331E+01  0.705021265649158E+01
% -0.291841007503616E+01 -0.460307804476196E+02 -0.232523688178384E+02
% -0.190859828931568E+01  0.675779904039005E+01  0.163002018676959E+01
% -0.549091735372179E+01  0.276669515012848E+02 -0.161439529279900E+02
% -0.246940091446723E+00  0.318917150424246E+01 -0.972256360120621E+01
%  0.257164739874985E+01  0.394147955964452E+02  0.183102447165236E+02
% -0.151954118053217E+02  0.256244170680138E+02  0.260441766813892E+02
% -0.532791687807317E+01 -0.523528847724655E+01 -0.296312582799271E+01
% -0.205358477372202E+01  0.404378118446720E+01 -0.479140751777979E+01
%  0.627565076438338E+00  0.677715070446996E+01 -0.396953439420541E+02
% -0.588779194908881E+01 -0.517285096352289E+01  0.481442175212386E+01
%  0.850619413448433E+01 -0.143910545118895E+01 -0.346592754363073E+01
%  0.165309501439801E+02 -0.260566708765695E+02  0.104566685888277E+02
%  0.352439970183477E+01  0.142552114865546E+01  0.121230672238955E+01
% -0.113196812585276E+02 -0.691684867363515E+01 -0.230637218072534E+01
%  0.496518270667625E+01  0.979583102697036E+01 -0.142039629383900E+02
%  0.955640583028892E+01  0.694919846059470E+01  0.259619843278431E+02
%  0.128737855665202E+02 -0.228527025721234E+02  0.108697587423764E+02
%  0.120433358551083E+01  0.452922135981576E-01  0.704363614676498E+01
% -0.533942032137438E+01  0.200450362145602E+02  0.144964820866321E+01
%  0.609464355865551E+00  0.149144718928098E+01  0.128001835379762E+01
%  0.315513540445862E+01  0.320833619752386E+01  0.181889453859191E+01
% -0.111265501045992E+02  0.336891548596520E+01 -0.184213461936690E+01
% -0.151433340496352E+02  0.361449281179954E+02 -0.554298192005487E+01
%  0.490177839248652E+00  0.611293487007911E+01 -0.640435727170148E+01
%  0.639113480542222E+01  0.119794221472503E+02  0.498031669481814E+01
% -0.519301540632629E+01 -0.611759846122702E+01 -0.136139503087016E+01
% -0.180054002107007E+02 -0.413788323097093E+01 -0.522943235703603E+01
%  0.539184190143210E+01 -0.102627651360206E+02 -0.204045537577734E+01
%  0.160965229633477E+01  0.993398209447638E+00 -0.868283117456491E+01
%  0.153181967324658E+01 -0.606694255086052E+01 -0.105234037938643E+02
% -0.272081571379109E+02 -0.134083033981706E+02 -0.212769619499315E+02
% -0.620373719070002E+01  0.111002038107841E+02 -0.108680611586916E+01
%  0.135737255436392E+01 -0.391703876190930E+02  0.254084081955829E+02
% -0.941479414033568E+01 -0.103591549679073E+02  0.790165944416459E+01
%  0.112683805844880E+01  0.756087890997958E+01  0.406656361443953E+01
%  0.369056842160135E+02 -0.134240760664187E+02 -0.106353377237386E+01
%  0.264244417381765E+01  0.317278578239696E+01  0.443029572328775E+02
% -0.403779438441192E+01  0.122383043063947E+02 -0.167096838714049E+01
% -0.572530165779570E+01 -0.450970303539146E+01 -0.138934562612947E+02
%  0.106890819623462E+02  0.786637197438630E+01 -0.355110703116370E+01
%  0.193114732538878E+01  0.652908509119752E+01  0.106129769070228E+02
%  0.675726926764409E+01  0.153309878648616E+01  0.118725199044914E+02
% -0.283337882045355E+02  0.841455403145992E+01  0.191458656195635E+01
%  0.441675751334701E+01 -0.156908727000723E+01  0.570245832421424E+01
% -0.687255313781003E+01 -0.634997714964710E+01 -0.260898277067081E+02
%  0.141477756861386E+01 -0.220212613535729E+02  0.150828879564306E+02
% -0.965473438641465E+01  0.324359543678154E+01  0.722632774417250E+01
% -0.995811812008101E+01 -0.395956693973814E+01  0.841532123451950E+01
% -0.152798479570591E+01 -0.419055228223317E+01 -0.322488819019301E+01
% -0.129575704716216E+01  0.915399661817862E+00  0.298745525341367E+01
%  0.121301350670470E+02  0.380194939433024E+01 -0.138691435292773E+02
%  0.108349019110117E+01 -0.930220887621720E+01 -0.387053750555170E+01
%  0.148095623645662E+02  0.545545240436786E+01  0.624668703181237E+01
%  0.117582225503453E+02 -0.532066661911774E+01  0.237252719998549E+02
%  0.386741160747566E+01  0.171629158565116E+00  0.193024995024826E+01
%  0.244795835399112E+02  0.303950983044566E+02 -0.417628911744584E+01
% -0.322858192240598E+02  0.679816493039342E+01  0.304224859408024E+02
%  0.271545344469822E+01  0.115357118607061E+02  0.239956063400337E+01
%  0.798254612658056E+00  0.363330400109365E+02 -0.514460878601289E+02
%  0.203964839013108E+02  0.748048945154220E-01  0.822404953130912E+01
% -0.204412738998737E+01  0.821522170499636E-01  0.486722722099692E+00
% -0.165367941468622E+02 -0.335801849350948E+01 -0.734361823337782E+01
%  0.155162585717918E+02  0.291794679900861E+01  0.108846091302764E+02
% -0.135141759267245E+02  0.188139249460914E+01 -0.378806126119909E+02
% -0.642581257941048E+01 -0.255663798815255E+01 -0.139760094927642E+02
%  0.744551256452720E+01  0.408366884830510E+01 -0.409663198444843E+01
%  0.985706644707203E+01 -0.715410916424726E+01 -0.980707799302297E+01
%  0.196321303568726E+02  0.363593227550665E+01  0.571237066641719E+02
%  0.521107368346847E+00  0.798027278229768E+01  0.242791367733470E+02
%  0.691207228262732E+02 -0.166888029682382E+02  0.414031641903284E+02
%  0.378215257730885E+01  0.414395730372323E+01  0.456143853510692E+01
% -0.491115791907813E+00 -0.322427192631326E+00  0.111433199496158E+02
%  0.727653013105021E+02 -0.827176377829759E+01 -0.201529737133754E+02
% -0.651623981261256E+01  0.192405619302897E+02  0.327801683592782E+01
%  0.109486787186549E+02  0.571455007611355E+01  0.118300001462800E+02
%  0.268699136680193E+02  0.216790286618766E+02  0.210902326745689E+01
%  0.606750273712087E+01 -0.236625372142674E+01 -0.423041663306879E+01
%  0.105260009744317E+01 -0.117207876000381E+02  0.901602194604266E+01
%  0.296140709174465E+02 -0.129981146969095E+02  0.750078595286762E+01
%  0.235933969420760E+01 -0.411654151656747E+01  0.148281006524493E+00
%  0.303360301935123E+01  0.954389172316293E+00  0.104719146187191E+01
%  0.393996735479943E+01  0.999725839885523E-01  0.783125598471898E+01
% -0.124395647686589E+02  0.416510651496721E+01  0.635960313694397E+01
%  0.309891850966256E+02  0.158465992181975E+02 -0.264910266215759E+01
% -0.328567987293859E+01 -0.619388399503031E+01 -0.608408168009327E+01
% -0.635401731990950E+01 -0.257494776984171E+02 -0.280603337738694E+01
% -0.112149320219272E+02 -0.125895184200147E+02 -0.691001287534024E+00
% -0.249721962173203E+01  0.249004725271857E+01  0.160876434291839E+01
% -0.964946118370426E+01 -0.121245760255484E+02  0.122814214335552E+02
% -0.518642518502897E+01  0.855643266840233E+01 -0.270638337662575E+00
%  0.212129770038224E+01 -0.207903654116332E+02  0.237166463837531E+01
% -0.250415542759211E+02 -0.415910143439794E+02 -0.267414328672745E+02
%  0.306135688160282E+01  0.259901473676990E+02  0.726399853735126E+01
% -0.105095175550521E+01  0.119740687939755E+01 -0.455532706070650E+01
%  0.118497501987822E+01 -0.432543748425198E+01  0.602509117751031E+01
%  0.372423604218028E+01  0.103890387869005E+02 -0.305674774030798E+02
% -0.546891818192685E+01 -0.397976907307973E+01 -0.362042129620706E+01
%  0.199855602923754E+02  0.141292495486703E+02 -0.505517094158747E+02
%  0.822084033457019E+01  0.576219192724941E+01 -0.848753994480088E+01
%  0.686041519189307E+01 -0.118253430528970E+01  0.476855113884710E+01
% -0.678127081609484E+01 -0.246040077789469E+01 -0.388717527210871E+01
%  0.468761732123655E+01  0.720655588761593E+00  0.125706516180225E+01
% -0.931081194829403E+01  0.990279390862025E+01  0.441120816421416E+02
%  0.795121025250813E+01  0.290082927541160E+02  0.693003085223337E+00
%  0.561142652687829E+01  0.193251938128607E+02 -0.922982071965220E+01
%  0.106467875203112E+02 -0.178407744650601E+02 -0.319124265130829E+02
% -0.328696819034929E+02 -0.331114157028011E+00 -0.250620589956689E+02
% -0.155461402003943E+02  0.664223809358963E+01  0.614530843121526E+01
%  0.237089411766890E+01 -0.113102245298478E+02  0.509027564231987E+01
% -0.117502763243940E+02 -0.112673309175263E+02  0.497497411609576E+01
%  0.196881978587641E+02 -0.550496796021348E+02 -0.474269391387459E+01
%  0.571973926840898E+00  0.230292564950215E+02 -0.241341924004959E+01
%  0.444159664698200E+01 -0.153221260189064E+02 -0.875140774484627E+01
%  0.451628664411024E+01  0.111178948605782E+02 -0.521277437073586E+01
% -0.336020474648714E+01 -0.430156604659450E+01  0.371872948628557E+01
% -0.181254831445116E+02 -0.117540593633478E+02  0.144854105829427E+00
% -0.879553571662430E+01 -0.142577079363671E+01  0.112005505517676E+01
% -0.194873828868758E+01 -0.513587336224340E+00 -0.298989217411403E+01
%  0.428717479104192E+01  0.251967587652058E+01  0.115704913610366E+02
%  0.661085053194248E+01  0.671535587584689E+01 -0.189840290123525E+01
% -0.216690349500777E+01 -0.137798137998649E+02  0.416093865966094E+01
%  0.778082464030516E+02  0.638310261157873E+02 -0.723783910646579E+02
%  0.624503874618890E+00  0.520987252359017E+01  0.946983477434689E+01
%  0.373128484002579E+01  0.143462217419964E+01 -0.185277704008434E+01
% -0.278250318544571E+01  0.473672584661590E+01 -0.108119617604662E+02
%  0.121216235248918E+02 -0.149934584491850E+02 -0.227414349380337E+00
% -0.152647969980977E+01  0.459555444802930E+01 -0.301336271766894E+01
% -0.964952443550727E+01  0.154166385223702E+01 -0.629200650303114E+01
%  0.171739539963301E+01 -0.112817792636229E+01  0.186241761231588E+00
%  0.974397701637957E+00 -0.363840225265744E+02  0.364283141459679E+02
%  0.149124704355571E+01 -0.104623532564211E+01 -0.486964004135640E+00
%  0.126848761458110E+01  0.245876271493283E+01  0.310406789781148E-01
% -0.300427056265456E+00  0.211377010001074E+02 -0.112617590952955E+01
%  0.104035017170997E+02 -0.207943090865772E+02 -0.531188739497933E+02
%  0.781374678151871E+01  0.709949856005552E+01  0.234344868755545E+01
%  0.101767768635028E+02 -0.118588886683836E+02  0.191131556917682E+01
% -0.121233438731995E+02  0.426448368791039E+01  0.986586221094543E+01
%  0.192546926657722E+02 -0.325362218510658E+02 -0.404757689955615E+02
%  0.308675898958063E+01 -0.215363444044494E+01 -0.528228634552460E+01
% -0.436748492921848E+02  0.224375139862337E+01  0.642821620345164E+01
%  0.411892096724818E+01 -0.225662649758601E+01 -0.424912831552067E+00
% -0.241545675475665E+02  0.342735872525385E+02 -0.201148033003491E+02
%  0.146782612119694E+02  0.270599498412876E+01 -0.304682816163475E+02
% -0.515170744593788E+01  0.412563273893762E+01  0.369806909532921E+02
% -0.455845154802923E+00  0.101711530767813E+02  0.206301865940356E+02
% -0.161557619532217E+01  0.615392683032008E+01 -0.206871328190660E+01
% -0.606382495899068E+02 -0.276117237135019E+01  0.205000853235492E+02
