% T    256  0.715122828077254E+01  0.715122828077254E+01  0.715122828077254E+01
   0.412180217013266E-01 -0.244746557848425E+01  0.151320937411920E+00
   0.676986822120586E+00 -0.174475571389027E+01  0.152758381839620E+01
  -0.237670016752978E+01 -0.758953907702704E+00  0.329799122971159E+01
  -0.114224342909627E+01  0.286490474125133E+01  0.289533785717519E+01
   0.181954204015461E+01  0.316971553661687E+01 -0.318496709489595E+01
  -0.297353919957257E+01  0.331099713480884E+01  0.620983837886519E+00
   0.318577439745547E+01  0.265790395710296E+01  0.265852285831507E+01
  -0.741995997371840E+00  0.250616412879965E+01 -0.604217103880104E+00
  -0.459943185796565E-01 -0.347155532683407E+01  0.131118213311017E+01
  -0.235548907522882E+01  0.229231191359853E+01 -0.313809513848969E+01
   0.160701091853538E+01 -0.455227971782842E+00  0.185905943198779E+01
   0.244937317295724E+01 -0.481916297418003E+00 -0.330937610885250E+01
   0.347595396657886E+01 -0.175801961085219E+01  0.351157706192766E+01
  -0.177226078152802E+01 -0.452010026857487E+00  0.181707191896646E+01
   0.853072035049834E+00  0.353508817217502E+01  0.343436996799334E+01
   0.106799233324340E+01 -0.126284252488795E+01 -0.326214983989107E+01
   0.251521640980993E+01 -0.696818620649971E+00  0.423706056833865E+00
  -0.265671417939477E+01  0.329413280990813E+01 -0.267299279419534E+01
   0.134045031007926E+01 -0.339117566040048E+01 -0.248216110809873E+01
   0.255787973641288E+01  0.121604791332898E+01  0.247719217674840E+00
  -0.430082694938309E+00 -0.125588757672138E+01 -0.161104541413255E+00
  -0.374668998068122E+00  0.627685301653918E+00  0.129324794502476E+01
  -0.963187131292897E+00 -0.108004452297158E+01  0.224384455102262E+01
  -0.229063497695013E+00 -0.119221369816739E+01  0.319205477565641E+01
  -0.223422952769674E+01 -0.221261433998351E+01 -0.158697283320156E+01
   0.228008509981521E+00  0.259963681895732E+01  0.327536061549417E+01
  -0.303480148798251E+01 -0.212033384962837E+01  0.103084216161585E+01
   0.320267130603984E+01 -0.749855281546798E-01  0.132241694509288E+01
   0.265994228342508E+01  0.344029354423233E+01  0.349766628663311E+01
  -0.232989499791738E+00  0.129955124593959E+01  0.322221450909871E+01
   0.121105432627611E+01  0.344341445844923E+00 -0.346442252349865E+01
  -0.234082829772441E+01 -0.291926475638229E+01  0.996852227178225E+00
  -0.147761795536548E+01  0.231108040922644E+01  0.403395018599817E+00
  -0.117669532277295E+01 -0.264057782016567E+01 -0.332894712111213E+01
  -0.240957169314803E+01  0.174628618145873E+01 -0.328207154807404E+00
   0.149059747911913E+01 -0.340894325574099E+01  0.146661996107205E+01
   0.102373671407449E+01 -0.306180156348623E+00 -0.136419499365575E+01
  -0.310152388673796E+01 -0.455806818161149E+00  0.236580356288412E+01
   0.353045065727578E+00  0.613157453023673E+00 -0.120803464533391E+01
  -0.228599086240603E+01  0.237913910606138E+01 -0.214829371214424E+01
   0.121434266280366E+01 -0.243238102733011E+01 -0.257916172238545E+01
  -0.163546028041296E+01 -0.320627037942340E+01  0.286713208725238E+01
  -0.656621730322514E+00  0.137508969417349E+01  0.184588853796331E+01
  -0.201378125673229E+01  0.104874630197463E+01  0.234098337883098E+01
   0.246068563896373E+01 -0.211974236663244E+01 -0.324570010064143E+01
   0.176814937799948E+01 -0.927952513451953E+00 -0.236579003441190E+00
   0.842161360536878E+00  0.531338785374082E+00  0.158792371447112E+01
   0.138007475884037E+01  0.205458558736232E+01 -0.207430270449212E+01
   0.256826014507612E+01  0.289067258566239E+01 -0.870005623409169E+00
   0.247484441755855E+01  0.612457123343221E+00 -0.293767170164857E+01
   0.206943746864793E+01  0.295353542807651E+01  0.858620369407230E+00
  -0.816828408479071E+00 -0.386445928736998E-01  0.251637998509710E+01
  -0.107755477888993E+01  0.851086345132368E+00  0.290428476266377E+01
   0.136003972805119E+01 -0.309460491194118E+01 -0.160800641572431E+01
   0.352254463640585E+01  0.191173872002084E+01 -0.235488170044732E+01
  -0.127975823902640E+01  0.163142261122641E+01 -0.791446715192365E+00
  -0.143924076168737E+01 -0.799518274038628E+00 -0.148804771126753E-01
  -0.125926920161234E+01  0.291226306782848E+01  0.140721988322468E+01
   0.682170373855874E+00 -0.506072364345200E+00  0.289126300167132E+01
   0.216119426905599E+01  0.179782837356747E+01  0.278056221224878E+01
   0.251689863542870E+01 -0.276974550884888E+01  0.166847657367397E+01
   0.970061852420556E+00 -0.285603162019542E+01  0.501838715305111E+00
  -0.111011757303115E+01 -0.315010500689603E+01  0.126861751147648E+01
   0.358983020782784E+00 -0.285899854278796E+01 -0.308375560190216E+01
  -0.242714112962583E+01 -0.214285870984386E+01 -0.289144258009538E+01
   0.220026182033096E+01  0.202987236503162E+01 -0.126761568414543E+01
  -0.346918413141826E+01  0.174949292663114E+01  0.252171074596563E+00
   0.228951416012598E+01 -0.236895439348571E+01  0.232741277807827E+00
  -0.147157704763693E+01 -0.130810752386584E+01 -0.118261785170164E+01
   0.357388189741468E+01 -0.146546927380073E+01  0.247612241724346E+01
   0.236894791198885E+01 -0.312468853170100E+01 -0.685321546531280E+00
   0.178048235926382E+01  0.142071759023704E+01  0.116426683390071E+01
  -0.936572490808950E+00 -0.100982636067651E+01  0.107593949813075E+01
  -0.432364740654084E+00  0.103961566529459E+00 -0.116197075556777E+01
   0.232528277812045E+01  0.184138879328763E+01 -0.240201960328953E+01
   0.539282095817163E+00 -0.271889144559651E+01  0.271068002418753E+01
   0.691781602908780E-01  0.195170247252684E+01  0.245478377228116E+01
   0.217981913839811E+01 -0.150036479547821E+01  0.771219429047108E+00
   0.863087855260051E+00  0.122444403034550E+01  0.332782034571443E+01
   0.348130989489685E+01 -0.240531381162260E+01  0.173722204800130E+01
   0.108462601345660E+01  0.249656672538300E+01 -0.305452298907988E+01
  -0.331666002378439E+01  0.336844769430153E+01 -0.574362679675882E+00
   0.466177934860570E+00  0.354838158875881E+01  0.234268603603015E+01
  -0.576021627734682E+00  0.730754788110239E+00  0.230267583847262E+00
   0.277087378967222E+01 -0.180360601716538E+01 -0.174130902848559E+01
  -0.135984717201149E+01  0.345993113217076E+01 -0.230899302750715E+01
  -0.999400971282387E+00  0.331792381347112E+01  0.489613452550166E+00
   0.233185167495182E+01  0.762046938178975E+00  0.204251292858631E+01
   0.126001489787398E+01 -0.202001341125243E+01 -0.492549482079011E+00
  -0.210522033904178E+01  0.236338897581367E+01 -0.102757523671085E+01
  -0.162714173345008E+01 -0.185008553864123E+01  0.153319341589316E+01
  -0.113166965846080E+01  0.122776658398623E+01 -0.233393904296092E+01
  -0.314391491611232E+01 -0.205138479841063E+01 -0.968265588006660E+00
   0.159101277086819E+01 -0.244684920534462E+01  0.114004233514326E+01
   0.274060698547356E+01 -0.127163852072397E+01  0.165931430359329E+01
  -0.479862694960959E+00 -0.306305060245320E+01 -0.252454970719822E+01
   0.178081548829751E+01  0.479093341278700E+00  0.853250699062112E+00
  -0.325953158241956E+01 -0.964226536877044E+00  0.128525345118425E+01
  -0.197338750767495E+01  0.918444930752135E+00 -0.837352021251755E+00
  -0.350297003762603E+01  0.794216187430864E+00 -0.103620871122300E+01
   0.131021449377543E+01  0.267084817009640E+01 -0.872629532015670E+00
  -0.311275305529975E+01 -0.171234177867928E+01 -0.181512721608644E+01
  -0.343764199974823E+01 -0.718831453986110E+00  0.348702938964369E+01
   0.273529191762370E+00  0.340789276234464E+01 -0.873328428666235E+00
  -0.672122917876897E+00  0.318189444447761E+01 -0.293025787671815E+01
   0.112781113035799E+01  0.199065864830598E+01  0.252709388911300E+01
   0.422366149713106E+00  0.200965920341416E+01 -0.179167440640839E+00
   0.243621006395275E+01  0.971333450847194E+00 -0.878124410204821E+00
   0.214557539669194E+01  0.298772634838611E+01  0.241116392589249E+01
  -0.310489168403954E+01 -0.301332117860472E+01 -0.237392303918078E+01
  -0.234216288400865E+01  0.695637790342644E+00  0.345594845242874E+01
   0.262835687067291E+00 -0.216291314940450E+01 -0.217341003269097E+01
  -0.313169872018843E+01  0.457474652394788E+00  0.194352188831734E+01
  -0.362099789107173E+00  0.259450014421307E+01  0.113172147734991E+01
  -0.343323618326686E+01 -0.400561802398756E-01 -0.229431158751691E+01
  -0.200156699636915E+01  0.592599411696127E-01  0.564656750016207E+00
   0.495911838373209E-01 -0.199800512655790E+01 -0.782921747173468E+00
  -0.229555997652015E+01 -0.256284170827051E+01  0.198643716272384E+01
   0.244619345682429E+01  0.161283377052545E+00 -0.177307043189918E+01
  -0.272054097238468E+01 -0.118427207117936E+01 -0.271202354808196E+01
  -0.573830651433458E+00  0.993423839711793E+00 -0.151782882524401E+01
   0.134768346783917E+01 -0.113003223066208E+01  0.102192404679885E+01
   0.334817234230451E+01 -0.164917074604817E+01 -0.265724939702398E+01
  -0.309347839942446E+01  0.987648428123722E+00 -0.223061067012638E+01
  -0.346394487838658E+01 -0.361018114772478E+00 -0.983055093621825E+00
  -0.293273849011515E+01 -0.329584070476711E+01  0.228991585573539E+01
   0.157253912180606E+01  0.227092257039869E+01  0.363600618851933E+00
  -0.425815043015919E+00  0.295143630000295E+01  0.216381288589625E+01
   0.794272838673432E+00 -0.123571769433740E+01 -0.167695536996000E+01
  -0.102999446123021E+01  0.128874288362665E+01  0.864510031220554E+00
  -0.155439174814111E+01 -0.252662590015652E+01 -0.231219289970567E+01
  -0.423208759057274E+00 -0.312458457297015E+01 -0.509607677308765E+00
  -0.154197645838974E+01 -0.219965577432857E+00 -0.152425557226302E+01
   0.405556069627472E+00  0.212876904325451E+00 -0.216141437724299E+01
  -0.267546194715345E+01 -0.663972075786809E+00  0.215192355673121E+00
  -0.311679162830419E+01  0.153862399158532E+01 -0.334679986430886E+01
   0.292896549636034E+01  0.157807024045600E+01 -0.308936799632560E+01
   0.233246587495320E+01  0.715018653490179E+00  0.321585854598352E+01
  -0.207608403485832E+01  0.874899381978129E+00 -0.266187313812519E+01
  -0.192016944154268E+01  0.729715923632528E+00  0.142832650112329E+01
   0.845233379618593E+00  0.146797970172335E+01  0.148506797931495E+01
   0.302496963559707E+01  0.336155711769677E+01  0.356658210148594E+00
   0.159921699836219E+01 -0.210433616464683E+01 -0.148762608913196E+01
  -0.149468005631580E+01  0.133459904962079E+01 -0.344660756506081E+01
  -0.391126331281424E+00  0.200588108555122E+01 -0.139797250092509E+01
  -0.258628353154502E+01  0.189466224176572E+01  0.254661029868478E+01
  -0.221628724183170E+01  0.346722751729982E+01 -0.356761347215233E+00
   0.776641773835581E+00  0.131573693541757E+01 -0.268072927843602E+01
   0.143555487085121E+01  0.621135807983300E+00  0.238501070488291E+01
   0.293192736626286E+00  0.188434560249431E+01 -0.208044308246716E+01
  -0.262198289529653E+00 -0.341479995945862E+01  0.341737748117026E+01
  -0.304485935109679E+01  0.158043462012062E+01  0.174441912344217E+01
  -0.199174242640239E+00  0.126413286024031E+01 -0.599758137540585E+00
   0.166577395902004E+01  0.107230393548486E+00 -0.248482796594099E+00
  -0.258690534288376E+01  0.270840166992191E+01  0.179599671776726E+01
  -0.102629125410946E+01 -0.246162713374728E+01 -0.595385964418591E+00
   0.868872252519493E+00  0.151383338289903E+01 -0.115122128689700E+01
  -0.259342834119976E+01  0.355887388809209E+00 -0.171132930597177E+01
   0.355703408952206E+01  0.312523220548253E+01 -0.322438881303170E+01
   0.172441222913544E+01 -0.140250536320430E+01 -0.247872405981835E+01
   0.306805131137072E+01  0.144588875794781E+00  0.279710117265507E+01
  -0.114488900348253E+01 -0.210265108875675E+01  0.256027532732067E+01
  -0.245847169407764E+01 -0.244326494620175E+01  0.314661353325333E+01
   0.169909529682911E+01 -0.178137095169847E+00 -0.254496360024785E+01
   0.254658239294681E+01 -0.527914598595819E+00 -0.852990832190514E+00
   0.290663103087518E+01 -0.331401416084230E+01  0.233942380794962E+01
  -0.660059528574306E+00  0.205404894748603E+01 -0.337801534914536E+01
  -0.432339723838104E+00 -0.206937670568784E+01  0.189887466054591E+01
  -0.413157605857156E+00  0.271408531708057E+01 -0.213449048684921E+01
   0.190969944382096E+01  0.159247898428117E+01 -0.345143460722244E+01
   0.240261101002918E+01 -0.242584898621159E+01  0.296822989321333E+01
   0.310631984266214E+01  0.127122641071780E+01 -0.166612332516445E+01
  -0.942568316773865E+00 -0.163664924057364E+01 -0.259333855320492E+01
   0.306777351140070E+01 -0.200116419583402E+01  0.958963664534226E+00
   0.134881807238049E+01 -0.223227134256082E+01  0.346679951490455E+01
   0.220538432161436E+01 -0.246438574714584E+01 -0.225617810594407E+01
   0.612805430384945E+00 -0.145082377389745E+01  0.328010120981066E+00
   0.182640590540027E+01 -0.345010701092253E+01  0.305089744135152E+01
  -0.115613479368324E+01  0.879824355345976E-01  0.124312464368778E+01
   0.290377120194045E+01  0.238566241867582E+01  0.510902881027010E+00
  -0.356384802918207E+01  0.345910685647052E+01  0.306488642772056E+01
   0.130561205549923E+01  0.335045568958096E+01  0.329289558967834E+00
   0.964847064050502E+00  0.109271259644701E+01 -0.139952067721798E+00
  -0.335631450816671E+00 -0.496738388354832E+00  0.663563535569508E+00
   0.184003168129173E+01 -0.110232138029646E+01  0.265273567970423E+01
  -0.297041696544924E+01  0.695344867039697E+00 -0.616384075915395E-01
   0.162034160090640E+01 -0.261362299861233E+01  0.234930429174737E+01
   0.346842873215872E+01 -0.279238062378137E+01  0.125075995117984E+00
   0.257329655879654E+00  0.127119380846564E+01  0.575123129061176E+00
   0.189813259442660E+01  0.297456258011839E+01 -0.209009480260560E+01
  -0.162525739672177E+01 -0.240063834432428E-01  0.328908376657289E+01
   0.142013531849909E+01  0.594783824306275E+00 -0.207444751740181E+01
   0.420196364249768E+00  0.255556633136600E+01  0.181782859898930E+01
  -0.232603528406344E+00 -0.227545702797293E+01  0.320202260074562E+01
  -0.334682525810328E+01  0.605302039616710E+00 -0.332795468068188E+01
  -0.172494664096709E+01 -0.880192132180667E+00 -0.303697677052866E+01
  -0.112275887094415E+01  0.189095551672981E+01  0.269081456029622E+01
  -0.650421525963272E+00 -0.340486257682190E+01 -0.155959137530687E+01
   0.281850847295221E+01 -0.783837140402450E+00 -0.223221603312139E+01
   0.319734408584639E+01 -0.290936314438260E+01 -0.304658783840432E+01
  -0.170327428033089E+01  0.207204694692310E+01  0.196072112686887E+01
   0.308797160125688E+01  0.136092953806305E+01  0.297849054136637E+01
  -0.131370322413509E+00 -0.131956067583193E+01 -0.163938160978101E+01
   0.247382055797100E+00  0.582540859327910E+00  0.264796308103507E+01
  -0.509111271311888E+00  0.193484868520134E+01  0.410000259628736E+00
   0.629515587750893E+00 -0.170594967026791E+01  0.283288515178003E+01
   0.476153057532088E+00 -0.125553183662392E+00 -0.560507025267678E-01
  -0.240095526623566E+01 -0.624048073108919E+00 -0.733872567081417E+00
  -0.350168402566804E+01 -0.155518624412671E+01  0.753126367969199E-01
  -0.223327315405893E+01 -0.116174121592343E+01 -0.179964658118911E+01
  -0.178817353365911E+01 -0.212991749833910E+01  0.683911492289213E+00
  -0.904925649261694E+00 -0.807261172151144E+00 -0.189208307187503E+01
  -0.146322037616782E+01  0.231311971421959E+01 -0.290969505223688E+01
  -0.255700077157850E+01  0.122264282646737E+01  0.796824774908779E+00
  -0.167890709970905E+01  0.325938544893840E+01 -0.355147811207196E+01
  -0.379333409688386E-01  0.354128764364486E+01  0.294394038057361E+00
   0.318941138958274E+00  0.324864661280936E+01 -0.284578013014546E+01
   0.723280748977268E-01 -0.956637901808715E+00  0.179106792100544E+01
  -0.710622285990568E+00 -0.465478402746627E+00 -0.323002344387266E+01
  -0.317619114917655E+00  0.724480451030619E+00 -0.312977931974208E+01
  -0.717052314149944E+00 -0.217636061724057E+01 -0.146731811890788E+01
  -0.236873787870804E+01 -0.137831108002068E+01  0.227291547295070E+01
  -0.117051031517636E+01  0.443852947196006E+00 -0.292800501896502E+01
   0.115025508173608E+00 -0.727191463107396E+00 -0.948749289715757E+00
   0.516736757762624E+00 -0.265042353235001E+01  0.140057611450937E+01
   0.338698378106236E+01 -0.278640384980684E+01  0.306635594183229E+01
  -0.291293571322742E+01  0.160990631816172E+01 -0.140170319699018E+01
  -0.186119239797438E+01  0.161215339063753E+01 -0.159195494182295E+01
  -0.269530178298095E+01 -0.271661549857854E+01 -0.240643959609099E+00
  -0.215878186967767E+01 -0.176595487500303E+01 -0.291265405791323E+00
  -0.735230776467968E+00 -0.322239990606709E+01  0.226090502705636E+01
   0.686990235202181E+00  0.256515493146514E+01  0.936129671192710E+00
   0.144989080404799E+01  0.258329678201652E+01  0.172722889086793E+01
   0.321683079695070E+01  0.151870776084521E+01  0.135756695083312E+01
   0.814929661495106E+00  0.286276328759007E+01 -0.173594717141665E+01
   0.125474919643352E+01 -0.308574333990306E+01 -0.629505227200756E+00
   0.269483358359731E+01 -0.207504437775467E+01 -0.749265499986581E+00
  -0.201087528744055E+01  0.313745641792879E+01  0.697892258917280E+00
  -0.124994842973992E+01 -0.157708029774054E+01  0.343239184338550E+01
   0.318413151072418E+01  0.194099239855551E+01 -0.676539722353398E+00
  -0.148046955581804E+01  0.238145263473103E-01 -0.580175702693188E+00
  -0.225098652744428E+01 -0.124640488455782E+01  0.891097681644689E+00
   0.192878696002556E+01 -0.173369987593384E+00  0.280751723004611E+01
  -0.152949283684693E+01 -0.307642007871608E+01  0.252786941925326E-01
  -0.213903303470778E+01 -0.355237830311300E+01 -0.169250528791827E+01
   0.292180538529240E+01  0.226965139339616E+00 -0.964844742270257E-01
  -0.220792174993334E+01  0.316675166064974E+01  0.266959794735296E+01
   0.266693473864353E+01 -0.118670499572701E+01  0.302869826087801E+01
   0.286537783043636E+01 -0.288937652556845E+01 -0.154478866102080E+01
  -0.280912069886417E+01 -0.339134437370536E+01 -0.352697881996324E+01
   0.248231401860033E+00 -0.295385552354542E+01 -0.139542109616442E+01
   0.379171802526546E+00 -0.429120687129335E+00 -0.314160058076290E+01
  -0.297320023670300E+01  0.313879044338548E+00  0.971065616058649E+00
  -0.234828938563315E+01 -0.337542335360287E+00 -0.248199000233798E+01
  -0.142479661825822E+01  0.320402595312845E+01 -0.931350095658528E+00
   0.353188951419976E+01  0.271049127533464E+01 -0.152556663802615E+01
%  0.328992410806778E+00  0.161231840179986E+01 -0.102098157515509E-01
% -0.220308748856168E+01 -0.132489777882063E+01  0.341557056305012E+00
% -0.137646309573689E+00  0.343318911553778E+01  0.138015557313259E+01
% -0.878910295286982E+00  0.243683713741766E+01  0.698639167380051E+00
%  0.837124448252002E+00  0.264524324293294E+01  0.116395466600502E+01
%  0.985952525509979E+00 -0.246128632560731E+00  0.562446532664346E+00
% -0.382712855723743E+00  0.185065151314761E+00  0.360759833460113E+00
%  0.129282958540498E+01  0.759476556217773E+00  0.510396414976222E+00
%  0.397658689779927E+01  0.110265356573823E+01  0.101067425307015E+01
% -0.678253712789955E+00  0.316003517991499E+01 -0.414399884909014E+00
%  0.937929067242620E+00 -0.394312091019902E+00 -0.131286345638768E-02
% -0.105305828399204E+01  0.271692385340618E+01 -0.904177805240643E+00
%  0.131950958317062E+01 -0.866091769885786E-01  0.923122286897574E+00
%  0.293118745337178E+01  0.266397846319510E+01 -0.261790394016782E+01
% -0.428055778069400E+00 -0.302604133368928E+00  0.835369870660614E-01
%  0.257457493437085E+00 -0.716550241687566E+00 -0.383337674093133E+00
% -0.813462301099624E+00  0.127913020207817E+01  0.662276481766395E+00
%  0.176928922387945E+01  0.804353305464793E+00  0.156670338119055E+01
%  0.611536718248196E+00 -0.746591112773914E+00 -0.184138485571849E+00
% -0.179910858667202E+01 -0.274693991730311E+01 -0.302028401554296E+00
%  0.518748572716365E+00  0.452469550661179E+00  0.628558495423760E+00
% -0.992201853323454E+00  0.871403654411743E+00  0.202478230344864E+01
% -0.188017680156674E+01 -0.137798774186841E+01 -0.254712703369238E+01
%  0.189207982998830E+01 -0.199737365398240E+01 -0.217941200047750E+01
%  0.218321169425763E+01 -0.101976832408402E+01 -0.138306195869228E+01
% -0.824502366024198E+00 -0.162293542566917E+01 -0.167984661454864E+01
%  0.317087752209603E+01  0.878035565749918E+00  0.576234115659441E+00
% -0.539211118802723E+00 -0.655384700623847E+00  0.274279132911149E+01
% -0.134042076710949E+00  0.263239674533792E+01 -0.134929525251799E+01
%  0.242885998541010E+00  0.978383009238247E+00  0.149501645171054E+01
%  0.271156421455103E+01 -0.750195636641502E+00 -0.144933870918170E+01
%  0.642399016467806E-01 -0.159025711877871E+01 -0.591012998634326E+00
% -0.213048583782048E+01 -0.144822186016434E+01 -0.929365548962709E-02
% -0.243366175569247E+00  0.498800854019222E+00 -0.250065065582928E+00
% -0.724403843661952E+00  0.209223046203414E+01 -0.107683727758637E+01
% -0.132092510714684E+01 -0.273131307135139E+01  0.169773466392792E+00
% -0.509168943551699E-01  0.195713900474454E+01 -0.128534208342449E-01
% -0.352960880274828E+01 -0.834370860576583E+00 -0.203020906544215E-01
%  0.533955365581175E+00  0.240071963662005E+01  0.194800862852637E+01
% -0.152207336147443E+00 -0.281352886881230E+00  0.184855751240517E+01
%  0.135879943202519E+01  0.156160420358293E+01  0.105776189186584E+01
% -0.175449380743335E+01  0.295226599261382E+01 -0.933295298081132E-01
%  0.107092867578751E+00  0.168995226396908E+01  0.321871582254802E+00
% -0.108709413918845E+01  0.439168873407422E+00 -0.845266730357352E+00
%  0.126855003633278E+01 -0.521933697806976E+01  0.124265874599586E+01
% -0.341767472924122E+00 -0.245643465459263E+00 -0.421412998551710E+00
%  0.763857898629198E+00 -0.945896716033503E+00 -0.287053801453578E+00
%  0.545685820353176E+00 -0.672131804048066E+00  0.995904024407857E+00
% -0.198850923550841E+00 -0.112696901045689E+01 -0.149322144657901E+01
%  0.122507611644070E+01 -0.145386596114294E+01  0.242621601048928E+01
%  0.212725710312186E+01 -0.779625194370312E+00 -0.223941367485405E+00
%  0.817232636892392E+00 -0.513909125646194E+00  0.102060409062588E+01
%  0.241407323469629E+00 -0.574166595227235E+00 -0.317498418104460E+01
%  0.111713115915240E+01 -0.136081321350485E+01 -0.727122675884246E+00
% -0.181773699505440E+01 -0.588399849208943E+00 -0.722626002209207E+00
% -0.953527334021806E+00 -0.319848993592573E+01  0.599267868463259E-01
% -0.139729262015940E+01  0.681684100629444E+00 -0.241541774834827E+00
%  0.217100626801651E-01  0.288272265858508E+00 -0.860200275666003E+00
%  0.150042817947222E+01  0.107352094318232E+01 -0.208211154355394E+00
%  0.264835289792830E+00 -0.206413105592831E+00 -0.248262176697106E+01
% -0.576253908806265E+00  0.310869011496945E+00 -0.886145376184913E+00
% -0.405626323777500E+00  0.370666658005092E+00  0.811562733400540E+00
% -0.293692276429581E+00 -0.118291936684049E+00 -0.965142757511229E+00
%  0.152564558370437E+01 -0.186669445563859E+01  0.184259228220250E+01
% -0.982885894695353E+00  0.627943431664269E-01  0.218891946881047E+00
%  0.131183558009342E+01  0.139430696576610E+01 -0.214417754478370E+01
%  0.157700481881740E+00 -0.211228578746103E+01  0.149487749312368E+01
%  0.126132057896408E+00 -0.217498588991264E+01 -0.600107891649851E-02
% -0.201176170233287E+01 -0.164173299796816E+01 -0.156077780111593E+00
% -0.146193671758640E+00 -0.104024391186404E+01  0.108245349758410E+01
% -0.102340651006321E+01  0.107537856567229E+01  0.197248795491201E+01
% -0.582505541726468E+00  0.949080156962795E+00  0.138675158408628E+01
% -0.289268285056570E-01 -0.351667730354456E+00 -0.217570539706997E+00
% -0.119960435561034E+01  0.127471795951554E+01 -0.292584892869754E+00
% -0.314626133587556E+00 -0.161723572061018E+01 -0.131640337335600E+01
% -0.787719066871072E+00  0.108006810347986E+01 -0.162510050570259E+01
%  0.218176449519570E+01 -0.178690847501162E+01 -0.177432694875585E+00
%  0.552266564538302E+00 -0.242939481036652E+01  0.120778755379461E+01
% -0.884674706024242E+00  0.381591214012537E+00 -0.334457498010330E+00
%  0.344080663576330E+00 -0.123013270345365E+00  0.179967000905254E+01
% -0.139498735549098E+01  0.833142167384064E+00  0.144632494905904E+01
% -0.789326160711651E+00  0.893908722136322E+00 -0.979424155321930E+00
% -0.927912997524381E+00  0.904596780698220E+00 -0.730883074267356E+00
%  0.124974080531606E+01 -0.979158185660960E+00  0.619626328477098E+00
%  0.249669346601503E+01  0.303871869247896E+00 -0.507140419253534E+00
% -0.173630143860998E+01 -0.251246320699226E+01 -0.677367011920849E+00
%  0.251480667924162E+01  0.157184337208725E+01  0.328106814545898E+01
%  0.811849683348317E+00  0.103264599705963E+01  0.459798111077691E+00
%  0.527768016650077E+00 -0.173063961933168E+01 -0.103089760052624E+01
%  0.795364120667172E+00  0.104935536455319E+01 -0.126355730858862E+01
% -0.764003765219690E+00 -0.960564827048216E+00  0.222266007456569E+01
%  0.121214004180024E+01  0.117632660819155E+01 -0.134122608051493E+01
%  0.215104502417799E+01  0.137320497394220E+01 -0.120244430829278E+01
%  0.104364882222390E+01 -0.304929536143201E+01  0.982286327855844E+00
%  0.305840992227452E+01 -0.967634702631695E+00 -0.121135748836519E+01
%  0.268781213674586E+01  0.293353830358233E+01 -0.466625336624096E+00
%  0.132587566493454E+01 -0.158472328451392E+01 -0.354032871014839E+00
% -0.304850441150655E+01  0.189111829934921E+01 -0.146388237678345E+00
% -0.104721722096481E+01 -0.156113299355249E+01 -0.556675475380547E+00
% -0.144235168776252E+00  0.149835718986517E+01 -0.817392637864284E+00
% -0.377318490864169E+01 -0.218779182285865E+01  0.873565598102164E+00
%  0.950493024607869E-01 -0.279550771014607E+01  0.744793386227060E+00
% -0.254422184050185E+01 -0.131843634510380E+01 -0.235303322547956E+01
% -0.123921665595564E+01 -0.925612631060390E+00 -0.878478801905161E+00
%  0.228423691766384E+01 -0.183902601607175E+01 -0.606706966304238E+00
%  0.196613018847846E+01  0.733824468535058E+00  0.681041130936271E+00
% -0.245986334285132E+01 -0.697242706575624E+00  0.597206164438914E+00
% -0.941685218621894E-01  0.953536820033580E+00  0.219320220310767E+01
%  0.637536692523171E-01 -0.103320892522448E+01 -0.260419798941443E+01
%  0.240414840511917E+01 -0.121195400670544E+00  0.362859915104552E+00
%  0.807765380633661E+00  0.127132166680881E+01  0.122783372391451E+01
% -0.161036896201638E+01  0.608170968841657E+00 -0.848683180689648E+00
% -0.204165633219045E+01 -0.371738564074493E+01  0.157973171148597E+01
%  0.489101334453594E+00 -0.232185426754490E+01 -0.149309286705547E+01
% -0.185893605146030E+01  0.933267279425364E+00 -0.102480791307237E+01
% -0.151569621192577E+01 -0.162350863882982E+01 -0.876763455069795E+00
%  0.182143211916802E+00  0.351349891677269E+01 -0.127573682682520E+01
%  0.110667963774855E+01 -0.131991125754769E+01  0.133225940392030E+01
% -0.275462012505151E+01 -0.298990705910177E+01  0.932122005371267E+00
%  0.878817331441806E+00 -0.144071099695249E+01  0.522317595302060E+00
% -0.197596408510314E+01 -0.737658580600082E+00 -0.451805056843360E+01
%  0.830291408586642E+00  0.320412738577078E+01 -0.716708775960565E+00
%  0.435567306909628E+00 -0.222807821224261E+01  0.179015194892633E+01
% -0.145789986914306E+01  0.219623986624640E+01 -0.100072357886844E+01
%  0.461562518697721E+00  0.172000195209494E+01  0.144351680000607E+01
%  0.131578952465651E+01 -0.206723444931727E+01  0.299744701008464E+00
%  0.699274692268780E+00 -0.199940883157148E+01 -0.899793170480632E+00
% -0.173175551407489E+01  0.136051789359736E+01  0.276856224048331E+01
% -0.612585311082308E+00 -0.725518128866384E+00 -0.947764162416111E+00
% -0.143491469408299E+01  0.136200131764862E+00  0.164789590462382E+01
% -0.201880668655947E+01  0.436189417054742E+00  0.249943580149031E+00
%  0.991704517373005E+00  0.808598606556780E+00 -0.335364825963328E+00
%  0.572273055078102E-01  0.546277894167094E+00 -0.945858552093050E+00
%  0.145709884176519E+01  0.151182793094990E+01  0.607971984305056E+00
% -0.187773310376941E+01  0.430858930168004E+00 -0.453015527572876E+00
%  0.182076923902793E+01 -0.859570273301539E+00  0.189500624298226E+01
% -0.118202845428777E+01  0.184222073002560E+01  0.866660746042617E+00
%  0.425750485228364E+00  0.557815814786607E+00  0.178458909967103E+01
% -0.156395004767025E-01 -0.246400788696535E+01  0.212364303938072E+01
%  0.151399632766459E+00 -0.172493596332587E+01 -0.192173943864137E+01
%  0.122238022880899E+01 -0.930954433166276E+00 -0.750587438107647E+00
%  0.413064705087493E-01  0.184427966130871E+01 -0.805216231817683E+00
%  0.155873193848071E+01 -0.183795015100350E+01  0.140206698889825E+01
% -0.217762658619023E+01  0.937825197296314E+00 -0.136057401978754E+01
%  0.213619573481953E+01  0.130124206133974E+01 -0.210807663159983E+00
% -0.129043211649201E+01 -0.900195695357051E+00 -0.219616280112697E+00
% -0.800109190676769E-01 -0.229736052666257E+01  0.210268927139322E+01
%  0.243718898322613E+01 -0.634405704332954E+00 -0.306820016993624E+01
% -0.262309954121688E+01  0.707682043174514E+00  0.392011441752397E+00
%  0.160294092090200E+01 -0.313967374813946E+01  0.888595006964532E+00
%  0.273382893648366E+00  0.237744003598039E+01  0.160432443748442E+01
%  0.129616083328456E+01  0.940789915552434E+00 -0.168508205796859E+01
%  0.547471251527089E+00  0.231150143765256E+00  0.745137172870956E+00
% -0.397785644002779E+00 -0.825802737900287E+00  0.210237045657027E+00
% -0.249542023261408E+01  0.795687072310926E-01  0.805906345577290E+00
%  0.314848498355725E+00  0.162313992496366E+01  0.157336542486713E+01
%  0.138031780755518E+01  0.144370047161876E+01 -0.452982038117107E+01
% -0.329942020158831E+00  0.159940549099482E+01 -0.165058019017476E+01
%  0.893502160804339E+00  0.210471360981053E+01 -0.126264400420236E+01
% -0.124086808861427E+01 -0.194864867080785E+01 -0.632060698431104E+00
% -0.605458995167103E+00  0.847281329158534E+00  0.383320023299807E+01
%  0.113495085194287E+01  0.741875133647527E-01 -0.974955314717573E+00
%  0.764802012995970E+00  0.158495331137608E+01 -0.148323518670727E+00
% -0.154120932071337E+01 -0.434922965130184E+00  0.151629309420732E+01
%  0.127024039557629E+01  0.150552629893404E+01 -0.121326129697408E+01
% -0.168650542263018E+01 -0.120371169956356E+01 -0.603046886356794E+00
%  0.104273067027186E+01  0.694587607360009E+00  0.135118926244588E+01
% -0.884794472169371E+00 -0.965008489551194E+00  0.141688319720014E+01
% -0.124808335504527E+00  0.363241301507815E+00 -0.638186435447439E+00
%  0.768879737069788E+00 -0.322512393721861E+00 -0.923188986516404E+00
%  0.129653230383243E+01 -0.207405898824243E+00 -0.731197381608689E+00
% -0.185191081274930E+01  0.666605271728152E-01  0.193881618587236E+01
%  0.521065846732093E+00 -0.212659951962587E+01  0.367485124344970E+00
% -0.102813664849653E+01 -0.412259597810558E+00  0.120173812471847E+01
%  0.113598825884372E+01  0.371086723615393E+00  0.419341499216529E+00
%  0.758525080317488E+00 -0.365731932482535E+00 -0.199730111565767E+01
%  0.710916105667282E+00  0.524346751561591E+00 -0.289884794296186E+01
%  0.160356542822814E+01  0.367237165479803E+01 -0.187839939676821E+01
% -0.329285009308584E+01 -0.107739859656454E+01  0.868766281039014E+00
%  0.469622766607089E+00 -0.333587332537044E+01  0.156225196028779E-02
% -0.865156085228637E+00 -0.147027053211905E+01 -0.918134447702650E+00
%  0.117277306903779E+01 -0.586954859908831E+00  0.607567684422933E+00
%  0.297022730132027E+01  0.637719578097198E-01 -0.106783684265775E+01
% -0.103899640437240E+01 -0.374212999871772E+01 -0.412057784122980E+00
%  0.103753791787380E+01  0.296468120168862E+01  0.151546779598273E+01
% -0.654675117927257E+00  0.596708710674468E+00  0.494376050942768E+00
% -0.345049000686687E+00 -0.730754390244694E+00 -0.209087131165514E+01
%  0.492588821033801E+00  0.299282577503908E+00  0.104543303057477E+01
%  0.166866864978986E+01  0.273621253245234E+01  0.227658228575051E+01
% -0.239898282187985E+00 -0.290767625670316E+00 -0.192546477779434E+01
%  0.217491666213710E+00 -0.628371740869007E+00  0.106369152856814E+01
%  0.463423832976085E+00 -0.406147372013837E+00 -0.218382719350749E+00
% -0.137618146412834E+01 -0.633177724028834E-01  0.794733283774066E+00
% -0.146724716527903E+01  0.177112483900463E+01  0.127440846029057E+01
% -0.214206182061727E+00  0.632723675450366E+00  0.474972212727123E+00
% -0.281002857949240E+01 -0.105987235470518E+01 -0.632182780077662E+00
% -0.127340007171519E+01  0.434459183934094E+00  0.201394797836420E+01
% -0.179753873843616E+01 -0.113790523143227E+01  0.686655711572966E+00
%  0.193655522980261E+01  0.239153694849016E+01 -0.204944992053480E+01
% -0.470948558222909E+00 -0.143541140690358E+01 -0.423879230363635E+00
%  0.175521593432499E+01  0.773254962478732E+00  0.139399874400720E+01
%  0.598405840599907E-01  0.862439906011634E+00  0.206714280048582E+01
% -0.252403413134057E+01 -0.117499522136098E+01 -0.126443015255362E+01
%  0.212521702367973E+01  0.223072324000228E+01 -0.353115820756924E+01
%  0.107282541062499E+01  0.724354063991539E+00  0.610332242712732E+00
% -0.954817978609132E+00  0.125020448318646E+01  0.972828424977661E+00
%  0.380778499365899E+00 -0.110707973864407E+01  0.280896609610195E+01
% -0.130570991969070E+01  0.194209829095911E+01  0.686610740676778E-01
%  0.117052442125437E+01  0.167597914335445E+01 -0.556376537747728E+00
% -0.528620439114860E+00 -0.149577552779815E+01 -0.697967946438931E+00
%  0.250955472719588E+00  0.529062096902561E+00  0.718771392550828E+00
% -0.435578045456937E-01 -0.762659986243301E+00  0.608110157846877E+00
%  0.632559701081391E+00 -0.133033762425070E+01  0.611871486758838E+00
% -0.190345620742597E+01 -0.608545118376991E+00 -0.197418313183340E+00
% -0.333271733975499E+00  0.337817796774568E+00  0.968756392693555E+00
% -0.463676506208472E+00 -0.760091999571029E+00  0.179007855009388E+01
%  0.213532485706622E+01  0.473052307137777E+00 -0.147687120908905E+01
% -0.122268079047257E+01 -0.252664601985122E+01  0.283489947181340E+01
% -0.417427616564168E+00 -0.204287497895639E+01  0.115154348744171E+01
%  0.464446244002776E+00  0.588146484737266E+00 -0.165253816385988E+01
% -0.144545639232150E+01 -0.174790266404042E+01  0.589521906597472E+00
% -0.859130776881736E+00  0.260343409633571E+01 -0.834396472029120E-01
%  0.206178679953362E+01 -0.274483544494639E+00 -0.187267822584891E+01
% -0.172023879223292E+01  0.203505549452711E+01 -0.967342616068321E+00
%  0.381392798248037E+00  0.690445293763234E-01 -0.131861839176592E+01
%  0.918896069969113E-01  0.232938030774835E+00  0.907366680968154E+00
%  0.469175134440453E+00 -0.976444213711742E+00  0.267661192201382E+00
%  0.277653961925740E+01  0.741141476421811E+00  0.434108929290292E+00
%  0.383148324624210E+00  0.188736332801093E+01 -0.165707120041204E+01
%  0.313148954735610E+00  0.163801979568975E+01  0.254026136975471E+00
%  0.143522667503746E+01 -0.631558720250635E+00 -0.442243142502788E+00
% -0.396272388641779E-01 -0.321445436965063E+00  0.199763525800745E+01
% -0.807813081536361E+00 -0.113353640049682E+01 -0.258994449965033E+01
% -0.959508462496618E+00  0.196358346102624E+01 -0.472214520886773E+00
%  0.120061254021740E+01 -0.172364820675066E+01  0.105011777828684E+01
%  0.146236369781788E+01 -0.258777053947696E+01 -0.374377817577973E+00
%  0.112807572463858E+01  0.357773802599199E+01 -0.140852910245086E+01
% -0.129300557577506E-01  0.118718230464915E+01  0.791327778871646E+00
%  0.762285526326256E+00  0.195881727153807E+01 -0.146918486217118E+01
% -0.166103403938031E+01  0.125714634199201E+01  0.845840944745670E+00
% -0.120184835299013E+01  0.844832800967822E+00 -0.496185027676382E+00
% -0.376025960804041E+00 -0.256719445942028E+00 -0.486018042121400E+00
% -0.272470311419189E+01 -0.852072962150943E+00 -0.637638999890458E+00
% -0.729170786210662E+00  0.621455877324375E+00 -0.590048897359077E+00
%  0.136398007801556E+01 -0.127005364404515E+01 -0.134656624996349E+01
% -0.157647750878150E+01 -0.714104442205121E+00 -0.127887635075717E+01
%  0.129535907727049E+01  0.714354401590532E+00  0.632976601510051E+00
% -0.104814730691848E+01 -0.330705797496742E+00  0.126401805647066E-01
%  0.950971194382484E+00  0.792223591082911E+00  0.136467320745157E+01
% -0.696713630163705E+00 -0.422900233098570E+00 -0.957198144501783E-01
%  0.664957635190426E+00  0.119649291746887E+01 -0.731982967286480E+00
% -0.406765275418299E+01  0.217361767759834E+01  0.762863733237889E+00
%  0.332168987772762E+00 -0.284154811705789E+01  0.147860918787478E+01
% -0.688399756299818E+00  0.106357982612898E+01 -0.144249879304663E+00
%  0.248960569828849E+00  0.292806004292188E+00 -0.491617840519332E+00
% -0.118205909066672E+01  0.152068164800190E+01  0.446859942169438E+00
% -0.656072152459194E+00  0.169310492637351E+01  0.135995821257464E+02
%  0.166802121961117E+02  0.639999028102030E+02  0.136912433389313E+02
% -0.785310307488933E+01 -0.631291049849683E+01 -0.724097587108631E+01
%  0.157383609686765E+02  0.857688258211572E+01 -0.142203375943346E+02
% -0.757352627030590E+00 -0.227626702530052E+01  0.527942910512138E+01
% -0.335690155483926E+02  0.923654145404612E+01 -0.631279007338495E+01
% -0.139781811734196E+02 -0.253995139722208E+02 -0.105398887536691E+02
%  0.721267794076181E+01  0.106860631508647E+02  0.286108431957276E+02
% -0.133702083275317E+02 -0.225589277398230E+02  0.144245899138003E+02
% -0.922667329278444E+02 -0.206786254020468E+01 -0.508983741434509E+02
% -0.540966674466241E+01  0.698366056561300E+01 -0.150049883896929E+02
%  0.607749958245842E+00  0.248587353725848E+01 -0.100106300850764E+01
%  0.305231442630585E+01 -0.129532826681489E+02 -0.194279720328904E+02
% -0.165588272911876E+02 -0.129212152365186E+02  0.114293228249466E+02
% -0.142230830228654E+01  0.311235208697419E+00 -0.298711988022260E+01
% -0.709734617312078E+01  0.144174151834011E+01 -0.119708981107897E+02
%  0.375678816701360E+02  0.669231375889768E+02 -0.162852639452203E+02
%  0.209191151609432E+02 -0.350075625713429E+02  0.205699303301954E+02
% -0.124872522398494E+02 -0.553959617651075E+02 -0.826185485248637E+02
% -0.164352272347663E+00  0.416173414881034E+01  0.178295375153188E+01
% -0.219897133551791E+01 -0.816436940669763E+00  0.325235493622779E+01
%  0.723388320084869E+02 -0.907770317751310E+01 -0.100757776496548E+02
%  0.446868982610857E+00 -0.372489535177338E+01 -0.122002212083961E+01
% -0.433821724170855E+01  0.876323519981844E+01 -0.116069044944091E+00
%  0.597375419613907E+01 -0.748442694049031E+01  0.103392860328600E+02
% -0.610456606965756E+00  0.645056609863998E+01  0.521518645031128E+01
%  0.240642380464240E+02  0.152384379757208E+02 -0.215932230056955E+02
% -0.290812100613628E+01 -0.125636243198314E+01  0.153429601882036E+01
%  0.286357436630970E+02  0.290452648058977E+01  0.652111547526233E+00
%  0.137250485710372E+02  0.215270931710173E+02 -0.138421175196058E+02
%  0.919763006207020E+01 -0.172239717013169E+02  0.568514886327526E+01
% -0.367186964513488E+01 -0.249819485646093E+02 -0.533091337597090E+01
% -0.106852039224699E+01 -0.935907661273093E+01 -0.562794491627655E+01
%  0.241196532687016E+01 -0.258091648197340E+01 -0.504607915325309E+01
% -0.133979089153793E+02 -0.192204337555580E+02  0.272993329564205E+02
% -0.414490090380510E+01 -0.155423527413181E+02  0.571965149343935E+01
%  0.894223571738786E+01  0.235477336554712E+02  0.554019431244981E+01
%  0.770665432981409E+00 -0.205585547805129E+02  0.932480772289321E+01
%  0.706053808808013E+02  0.258124817149734E+02  0.591331255627793E+01
% -0.396840866683898E+01  0.970508886032729E+01  0.222921119459247E+02
% -0.567645562186821E+01  0.418303049309608E+02 -0.530758792925299E+01
%  0.163618921257739E+02  0.426184837419525E+02 -0.803914810876451E+01
% -0.102592112935221E+02  0.307077304591662E+02  0.298770385906783E+02
%  0.115329067312190E+01  0.500053270578420E+01  0.370120415035370E+02
% -0.123007602586793E-01  0.147057023114707E+02  0.242595996062090E+02
% -0.164390423269684E+02 -0.199643690512791E+02 -0.422769544585642E+01
% -0.151863046480541E+02 -0.689944318661372E+02 -0.131208601470848E+02
% -0.106152441697530E+02 -0.122052580366687E+02  0.482502708019570E+01
%  0.635080469138919E+01  0.158964490756341E+02  0.751321842581597E+01
% -0.103413401204704E+01 -0.569555642253970E+01  0.209221687515606E+02
%  0.273010800899426E+02  0.209843799034506E+02  0.312322099285024E+02
%  0.764030825322451E+01 -0.158684464617007E+02 -0.105399856865644E+02
% -0.132425185391841E+02 -0.128306989845773E+01 -0.756948707862829E+01
%  0.280289411426187E+01  0.146562866300897E+02  0.531891729438534E+02
%  0.191481486368693E+02  0.202055583418246E+02  0.804231766965736E+01
%  0.319932215455909E+02  0.102992870199191E+02  0.248862921780032E+02
% -0.393230845876782E+01 -0.211794098955675E+02  0.158125543855218E+02
% -0.227671756864964E+02  0.302605975232819E+01  0.232365150375824E+02
%  0.269582263240924E+01 -0.295583208840005E+00  0.303114815293934E+00
%  0.451974542774849E+01  0.103519323596631E+02 -0.384271638871925E+02
% -0.379479548942789E+02  0.322303559494697E+02 -0.440679254354875E+02
% -0.177573112498773E+02 -0.330650800311280E+01 -0.319340855911691E+02
% -0.752881131395727E+01  0.106416234320014E+02 -0.354531861139068E+00
%  0.132814124665444E+02  0.121188310747957E+02 -0.684035762925191E+01
%  0.324598559058280E+01 -0.159207628482974E+02 -0.140385266419605E+01
% -0.642357727877857E+01 -0.153207440818333E+02 -0.938064374372163E+01
%  0.123970779161245E+02 -0.121852598512206E+02  0.236898512497361E+01
% -0.543348092047672E+00 -0.141948066073123E+02 -0.703549889716843E+01
%  0.157902258950211E+02 -0.113808110791265E+02  0.289748569064193E+02
%  0.299292468956882E+01 -0.750758476473619E+00 -0.702123549950532E+01
% -0.847351629965063E+01 -0.540685225683220E+01  0.155118723125390E+02
%  0.276163727119179E+02  0.269265857283406E+02  0.891801654425186E-01
% -0.111701235871605E+03 -0.939153190705389E+02  0.758609181657898E+02
% -0.667997717934534E+02 -0.668059757616596E+02  0.157464173191908E+02
% -0.211844703813741E+02  0.117083083860065E+02  0.377216743485663E+02
%  0.154147249849205E+02  0.213050882700311E+02  0.989080615058442E+01
% -0.299255557668304E+02 -0.410881336993386E+02  0.314542153283058E+02
%  0.152887878759066E+02 -0.730597754634223E+02  0.103005211072297E+02
% -0.312431736271250E+01  0.183716238381803E+02 -0.752391884975268E+01
%  0.126540505765413E+02 -0.212161623033388E+02  0.594037942198067E+02
% -0.154002297848760E+02 -0.168502708198738E+02  0.272659386321409E+01
% -0.232248198077575E+01  0.122152156897098E+01  0.307247409319823E+01
% -0.196771135193893E+01 -0.431832468723656E+02 -0.182578568516255E+02
%  0.137000210751836E+02 -0.388971578455856E+02 -0.341022160482038E+02
%  0.972257298665294E+01  0.175292260320519E+02 -0.147421298888650E+01
% -0.192500145171131E+02  0.464374225418148E+01  0.822779424550040E+01
%  0.120647774589417E+01 -0.146960384538461E+02 -0.121220893808527E+02
%  0.388088200270544E+02  0.570781550400408E+01 -0.128945555564066E+02
% -0.373899634186847E+01  0.543643844619593E+01  0.108512012858468E+02
% -0.177441282053664E+01  0.521600909532341E+02 -0.399042767769992E+00
%  0.290395321958133E+02  0.386289028685705E+02  0.115037457165842E+03
% -0.324545155989098E+00  0.348007427740481E+02  0.366689021630651E+01
% -0.764351505186679E+01 -0.379822475417124E+02  0.104844943031065E+03
%  0.230297576224291E+02  0.341409348650340E+02  0.178427430166670E+02
%  0.208545763069645E+01  0.628050163460649E+01  0.975956626164820E+01
% -0.282812758376105E+01  0.207952755203833E+02  0.483298702950001E+01
%  0.278525692892068E-01 -0.270071003151628E+02 -0.834366356859859E+01
% -0.676921223431016E+00 -0.254304203251516E+01  0.101575031264240E+01
% -0.245497140241099E+02 -0.265449485335949E+02  0.137854722101608E+01
%  0.249917044264767E+02 -0.295303490743630E+02  0.335760649240170E+02
%  0.913809483971979E+01 -0.405872764763836E+01  0.159217753748148E+02
% -0.158234088866167E+02  0.399258640231793E+02 -0.105426724263627E+03
% -0.572698499804829E+01  0.618875975527300E+01 -0.131572087307727E+00
%  0.194318167370331E+02 -0.680073817155211E+02  0.261992591824176E+02
% -0.164537825668828E+02 -0.122920085498940E+02 -0.782643611756497E+02
% -0.150723025584065E+01 -0.542420852468228E+01  0.634025585794157E+01
%  0.432810435992795E+01  0.169655902062885E+02 -0.285439201757257E+01
% -0.352777758261882E+00 -0.286953717866569E+01  0.402786087113610E+01
%  0.979082848863407E+01 -0.104738467772190E+02 -0.640888656940810E+01
% -0.567769848693411E+01  0.219452582480028E+02  0.773327334264478E+01
% -0.652090177172920E+01  0.876863507535267E+01 -0.450227510246536E+01
% -0.497643779429573E+01 -0.270786278258522E+01  0.595553240593165E+00
% -0.359994596684380E+01  0.250147166821866E+02  0.162372960501688E+02
%  0.157227855688581E+02  0.104628865448571E+02  0.403935550589407E+01
% -0.432259422402834E+01 -0.456676417964172E+01 -0.171333287759980E+01
%  0.667125986399754E+01  0.310231610593973E+01 -0.416918498963559E+01
%  0.113681541908429E+02  0.229072511476618E+01 -0.604197807192746E+01
%  0.932980159127922E+01  0.145180626517393E+02  0.556138320765373E+01
%  0.179506476724114E+01  0.424307651760442E+01  0.795327904274809E+00
% -0.377809132801843E+02 -0.335304136695896E+02 -0.243335738142204E+02
% -0.126588633887067E+02  0.246341862640707E+02 -0.180228463104088E+02
% -0.440401140411946E+02  0.318494020067701E+02  0.138346732741302E+02
% -0.250623884963324E+01  0.704479768963813E-01  0.182279506847400E+02
% -0.263410731990033E+02  0.291145801717665E+02 -0.347659876224751E+02
% -0.679857365497402E+00  0.288975114614148E+01 -0.936811936423382E+00
% -0.135060495276647E+02 -0.532487290439842E+01  0.261595349737545E+01
% -0.167208684022376E+02 -0.295961630044353E+02 -0.194483339438815E+02
% -0.105307674832866E+02 -0.344510847731291E+01  0.852450088448346E+00
%  0.800029841806121E+02 -0.163754479108835E+02 -0.115304735104530E+02
% -0.726784439420198E+02 -0.465637966198146E+01  0.510082357800379E+02
%  0.895624453685725E+01 -0.674331479241661E+01 -0.152708084030668E+01
%  0.625322677403473E+02 -0.824191625131565E+02  0.398129616505891E+01
% -0.526281215277966E+02  0.341930559874659E+02 -0.924366538067298E+01
% -0.395103898230201E+01 -0.465326796114150E+01 -0.126767573500690E+02
% -0.273102496946755E+02  0.956121208356833E+01  0.579158272516980E+01
%  0.104744317269898E+02  0.434233579321386E+02  0.999167550514077E-01
%  0.285501553955832E+02 -0.226084128504476E+02 -0.581075731792373E+02
% -0.253894039829230E+02  0.490957092117463E+01 -0.727570894489540E+01
% -0.190243861927310E+02  0.928890538482285E+00  0.913125320701421E+01
% -0.473561542571333E+00 -0.811924463337460E+01 -0.229545042674521E+02
% -0.277631724979255E+02  0.744243858716398E+02  0.689021115152810E+01
%  0.321603479829543E+01  0.257040054795168E+02 -0.716551785604675E+01
%  0.836989701914490E+00  0.167916651709757E+02 -0.232817242124004E+00
% -0.224508855861821E+01  0.126799312548263E+02  0.585472780695711E+01
% -0.160858488867411E+02 -0.614503556700035E+01  0.211532353630396E+02
%  0.941416418302316E+01  0.193714564312875E+02  0.393293005317213E+02
% -0.315745976811971E+02 -0.165207088479246E+02  0.137404901173515E+00
%  0.263925192955569E+02 -0.326355977672465E+02 -0.345971231346495E+02
% -0.324631193452649E+02  0.948855426781460E+01  0.325714244836100E+02
%  0.119273038542969E+01  0.231966978312158E+02  0.614789885580960E+01
% -0.304167295190905E+01 -0.525514309003153E+00 -0.127272283522453E+02
%  0.232234540299994E+02 -0.104689092614348E+02 -0.143498957696980E+02
%  0.521908569934422E+00  0.835450373021563E+01  0.125342444712748E+02
%  0.846512570057545E+00  0.120919187332381E+02 -0.656515856658059E+00
% -0.306752196641256E+01  0.281126029215470E+00 -0.939919357035588E+01
% -0.942951776086648E+02  0.103690540281228E+03  0.126535195115884E+02
%  0.319548557937422E+01  0.138371609260555E+02 -0.308359767121688E+01
%  0.288382597988755E+02 -0.270093427341897E+02  0.370810137353414E+02
% -0.152349969870977E+01 -0.399617646636770E+02  0.901650893782921E+02
%  0.113506689774255E+02 -0.355197684240687E+01  0.118894686348303E+02
%  0.119567990239088E+02 -0.101096869704904E+02 -0.616546706076323E+01
% -0.306528871771927E+02 -0.161576567138650E+02  0.150046656653814E+02
% -0.184254236230961E+00 -0.112177022255302E+00 -0.280573939108994E+01
%  0.163468615287232E+02 -0.529228459616653E+02 -0.312155568357690E+02
%  0.338564189758775E+01  0.329682434864255E+01 -0.258774863062298E+01
%  0.122236193243631E+02 -0.412796167164189E+02  0.314937297137217E+02
%  0.331339045497864E+02  0.121126326870375E+01 -0.156170278434769E+02
%  0.312627261479008E+02  0.132173007554226E+01 -0.259293502692501E+02
%  0.105989825312545E+02 -0.805567470650723E+01  0.302181817696873E+02
% -0.174350625164498E+02 -0.704788434547722E+01  0.381680101013732E+02
%  0.604549329315816E+01 -0.429882428131287E+01 -0.190433539082299E+02
% -0.328496755589561E+02  0.201407209661271E+02 -0.285020951910449E+02
%  0.741242617141619E+00 -0.273550781503405E+01 -0.194048076684163E+01
% -0.126515268982337E+02  0.812691963208232E+01 -0.371228893826624E+02
%  0.376163325045134E+01 -0.746631138275659E+01 -0.146696173396585E+01
% -0.253726464588656E+01 -0.162617025596661E+02 -0.161600556715469E+02
% -0.542166262820414E+01 -0.356119270745962E+01 -0.598886118815078E+01
% -0.279607173012524E+02  0.309003209722338E+02 -0.122412703091719E+02
% -0.145433360892328E+02 -0.297962064370558E+02 -0.185587462367725E+02
% -0.894075291024101E+01 -0.259259716347948E+02  0.298009051160789E+01
%  0.269969457386013E+02 -0.370898023304154E+02 -0.873979493963993E+02
% -0.120967716545515E+02 -0.649812373540392E+01 -0.132710309884300E+02
%  0.131507429622290E+02 -0.112181077701957E+02 -0.936427921332995E+01
%  0.107311824461443E+03  0.951465628871945E+02 -0.733560963851032E+02
% -0.108284819934786E+03 -0.594863464479159E+02 -0.489105319443852E+02
%  0.876945048178349E+00 -0.500639570340944E+00 -0.499825009057266E+01
% -0.168343487497230E+02 -0.281240066014184E+01 -0.134757949014609E+02
% -0.759036812464962E+01  0.383096058772106E+01  0.282759079849595E+01
%  0.246863632124118E+01 -0.568579941191999E+01  0.197165787137925E+02
%  0.804308335682056E+01 -0.405845440563159E+01  0.768021368678045E+01
%  0.157756872058785E+02 -0.537147193558533E+01  0.144634777003675E+01
% -0.157362844616237E+02  0.535983424291322E+02  0.320972066264401E+02
%  0.134418806422862E+02  0.281553183229409E+02  0.481469290064804E+02
% -0.175097140043177E+02  0.362952104892021E+00  0.100051350939990E+02
% -0.196583955914208E+02 -0.481627796989404E+02  0.494268895563536E+01
%  0.231307094517478E+02 -0.123214141937642E+02 -0.423741266698395E+01
%  0.373069495959052E+02 -0.306180843925528E+02  0.434481450249563E+02
% -0.130923377665635E+02 -0.966041959164129E+01  0.104390751161545E+02
% -0.265686897650547E+01  0.171723297599592E+01 -0.118029421963465E+01
% -0.113977787690741E+01 -0.105831618934088E+01  0.240924972040800E+01
% -0.290835645029058E+02  0.864194729639484E+01 -0.469748566541389E+02
%  0.215658097580926E+02  0.348548609561680E+01 -0.145146070058384E+01
% -0.613269551328024E+02 -0.640554647883330E+02 -0.328689918147934E+02
%  0.508905575729534E+01 -0.841749351676649E+01 -0.860581828080223E+01
%  0.292213934377569E+02  0.274062553192214E+02 -0.561435091354036E+02
%  0.801290058734264E+01  0.166376583149876E+02 -0.483301396046167E+01
%  0.328227465043081E+00  0.198635377307649E+01 -0.249403778398299E+01
%  0.138265166999286E+02 -0.762230792842164E+00 -0.309259283570529E+02
%  0.231612294403973E+01 -0.263425774877997E+01  0.143613419983314E+01
% -0.342517776645562E+01  0.142981993357366E+02 -0.462951021316214E+01
% -0.365617705655049E+01 -0.395264601418272E+02 -0.120610565394869E+03
%  0.137925089845764E+02 -0.822060883174830E+01 -0.453137511789666E+02
%  0.586557953119975E+02  0.173111850334047E+02  0.477863405501501E+02
% -0.318954514264625E+00  0.251505249622169E+02 -0.119391265468480E+02
% -0.222589697681233E+02  0.220829669031203E+01  0.568378444295149E+02
%  0.305714432347655E+02 -0.635117184449324E+01 -0.380318517474080E+01
%  0.204431130938192E+02 -0.299517890667781E+01  0.107801266181625E+02
% -0.104662984621975E+02  0.101261507695291E+02  0.440433582057562E+01
% -0.101127109575396E+01 -0.520451742399264E+01 -0.296506687065210E+01
%  0.887494353369857E+02  0.128558905885166E+02  0.260354255483275E+01
%  0.205731538170991E+01  0.183343737464174E+01 -0.480829613393856E+02
% -0.350001516225985E+00 -0.196282684182424E+00 -0.119970700646468E+01
% -0.862797345962233E+02 -0.594211594081069E+02  0.129002408542487E+01
%  0.236183379813372E+02  0.276006793958995E+02  0.525646239019719E+02
% -0.788203095323871E+01 -0.625685730099963E+02  0.588715033948423E+01
%  0.134123666549496E+00  0.898697987041260E+02  0.631506646385780E+01
% -0.172004889354889E+01  0.970199972613248E+01  0.594709676423608E+01
%  0.384852302032381E+01 -0.336280026521123E+02 -0.529529061660141E+02
%  0.789430681803176E+01 -0.215221662604552E+01  0.422213871760831E+01
%  0.504993823478381E+00  0.682864300664726E+01 -0.285750432545798E+01
%  0.483834371838751E+01  0.134106178070498E+02  0.717715202953680E+01
%  0.291739194494910E+02  0.970628601560504E+00 -0.956827564367326E+02
%  0.102185875012369E+02  0.150108869392226E+01 -0.138772056683825E+02
% -0.382417102509729E+02 -0.426864761700497E+01 -0.195767782018185E+02
% -0.168659390911611E+02  0.138876213688965E+02 -0.164499386061483E+02
% -0.803857928940740E+01 -0.521456750585760E+01  0.324360460537268E+02
%  0.688402010271046E+00 -0.102849900426270E+01  0.113316112752931E+02
%  0.136979374609233E+02  0.907733072372777E+01  0.507884657866513E+01
% -0.156870142012080E+00  0.646531343487438E+01  0.107400699156533E+02
% -0.256360629319004E+01 -0.231021160637968E+01 -0.701125134846765E+01
%  0.655927758479841E+01  0.226694886871176E+02  0.248041410048324E+02
%  0.551459788374724E+01  0.151986921042270E+00  0.210621090050447E+02
%  0.145657637001737E+02  0.488696284510538E+02  0.263978756927480E+02
%  0.885060356821053E+00  0.125064979844812E+02  0.203384431917090E+02
% -0.185636541351322E+02  0.391110479926416E+01  0.130185513210963E+02
%  0.111709687482788E+01  0.701137053642327E-01 -0.280143366142275E+01
% -0.153494363266791E+02 -0.264470090908178E+02 -0.116302532791889E+01
%  0.100097472018935E+03 -0.105207507702378E+02  0.455845155288294E+02
%  0.121944712805794E+02  0.638094120606608E+00 -0.906852079784023E+01
%  0.252674929018670E+02  0.304285878800129E+02 -0.142542548617251E+02
%  0.136945270712102E+02  0.609248678574745E+02 -0.318120063652563E+02
%  0.114221099866086E+01  0.478308004051202E+01 -0.566791017941375E+00
% -0.342583501114854E+01 -0.212970762710180E+02 -0.191440184043077E+02
%  0.838719361331696E+01  0.671330554237661E+02  0.204556968220143E+02
%  0.109805247817618E+02  0.832644067850711E+01 -0.126598112709180E+02
%  0.666087122470458E-01 -0.359109618977276E+01  0.220410670480163E+01
