% T    256  0.715122828077254E+01  0.715122828077254E+01  0.715122828077254E+01
   0.296578561347030E+01 -0.631140363802210E+00 -0.341154607764660E+01
   0.512600727666522E+00 -0.143498889588495E+01  0.806179842043396E+00
  -0.267781667370609E+01  0.169878532836325E+01 -0.201166136724899E+01
  -0.233259609679011E+01  0.342863276299099E+01  0.241224535637771E+01
   0.200596870929972E+01  0.113639396632131E+01  0.174593401520593E+01
  -0.140827488786803E+01  0.732358582745696E+00 -0.252207601507231E+00
  -0.798453439013585E+00 -0.135662995725851E+01 -0.159107473064923E+01
   0.134837841243864E+01  0.267262948544057E+01  0.296665113431249E+01
   0.166562828196133E+01  0.754443870920182E-01  0.122620474384442E+01
   0.767775314897619E+00  0.297596525952087E+01 -0.321216524715853E+01
   0.227023581599371E+01 -0.138966956605530E+01  0.321607624055949E+01
  -0.142047057584029E+01 -0.214475475350229E+01 -0.329917563349026E+01
  -0.270961095070602E+01  0.367958830045635E+00  0.308483514124857E+01
   0.293582272724609E+01 -0.120649716390994E+01  0.117853084305736E+01
   0.117776716628942E+01  0.195829571763261E+01 -0.791305823608861E+00
   0.332517560983406E+01 -0.223719026598347E+00  0.278436469421385E+01
  -0.268544266149040E+01 -0.190784884703983E+01 -0.356902703314793E+01
   0.304348276517464E+00 -0.252337149683137E+01 -0.171130141603221E+01
   0.583179299815352E+00 -0.124717139686762E+01 -0.663076534140551E+00
   0.129980620097358E+01 -0.200240318166058E+01 -0.347215816796288E+00
  -0.170550520563799E+01 -0.147858869848821E+01  0.306089601717684E+01
  -0.317678987378179E+01  0.148418726606787E+01  0.326370070298621E+01
   0.261378634891149E+01 -0.183009313965408E+01 -0.119826481327270E+01
  -0.184170805040291E+01  0.229632583057284E+01 -0.226445530855081E+01
  -0.656703280693563E+00  0.354501800679535E+01  0.521458994842069E+00
   0.105570329248452E+01  0.144984528781184E+01 -0.228849667060466E+01
  -0.469147412479711E+00 -0.791543655234246E+00  0.196807717163353E+01
   0.233189084028913E+01  0.298348149435959E+01  0.497588188290803E+00
  -0.284541003105286E+01  0.348652680463686E+01  0.142725357487193E+01
   0.315646507001050E+01 -0.690209444448151E+00 -0.235861029588029E+01
   0.282981744977361E+01  0.712502564584140E+00  0.251261031667332E+01
   0.128766992024671E+01 -0.152441318817691E+01  0.254031535829191E+01
   0.211420775380386E+01 -0.212432133631817E+01  0.178103046143787E+01
  -0.225999925875801E+01  0.100138259345909E+01 -0.282063430486740E+01
  -0.574042398100017E+00 -0.248708654379970E+01 -0.244323111628522E+01
   0.311313488834136E+01 -0.100866478539037E+01  0.558890192221231E-01
   0.255298123600335E+01  0.253404943615046E+01  0.348078771456189E+01
   0.947384768083188E+00 -0.354886665999038E+01  0.233394455745884E+01
  -0.350932864136759E+01 -0.194852200704247E+01  0.797859275864031E+00
   0.245783051427139E+01 -0.757766236670849E-01 -0.283476545819050E+01
  -0.153127424065768E-02  0.156167597647242E+01  0.112002364899886E+01
  -0.315645170727711E+01 -0.118874077201760E+00 -0.246717810118615E+01
   0.233780532334091E-01 -0.294999790843055E+01  0.105187810839460E+01
   0.163378582905222E+01 -0.321916235528683E+01  0.404672226697784E+00
   0.215468588395451E+01 -0.135751886801910E+01 -0.124017874472997E-01
  -0.261523832515413E+01  0.273108076456692E+01  0.814770837005498E+00
   0.105334411861805E+01 -0.345247330732558E+01 -0.127453005366697E+01
  -0.734473685876327E+00  0.248921509142049E+01  0.858941435736097E+00
  -0.171255841080667E+01 -0.428650522772617E+00 -0.355186333944393E+01
   0.331288981168308E+01  0.577784634949547E+00 -0.239108259471488E+01
  -0.180954072609445E+01 -0.892624342838833E+00 -0.967557435250402E+00
  -0.562301152809743E+00  0.249515166382540E+01 -0.453297030867358E+00
  -0.215071647068020E+01 -0.165919739326087E+01 -0.137608867594774E+01
  -0.563207332742253E+00  0.177331033652759E+01 -0.231110741838154E+01
  -0.317930512554865E+01 -0.306037080729102E+01  0.634774885697965E+00
   0.113656109530500E+01 -0.255662688300262E+01 -0.354909426539256E+01
   0.305793702112666E+00  0.279761364281870E+01  0.279701028107502E+01
   0.306065393606212E+01  0.155623401064628E+01  0.170928523948161E+01
  -0.329743831853329E+01  0.108941557351544E+01  0.218348449248064E+01
   0.162288216601128E+01 -0.334588978986944E+00  0.232287643984421E+01
   0.577452924767131E+00 -0.511590439020704E-01 -0.622026789867317E+00
  -0.533678668778516E+00  0.197794475139840E+00  0.351422880332419E+00
  -0.142187808449811E+01 -0.245184801356338E+01  0.816076066688033E+00
  -0.155435686565984E+00 -0.170745210983439E+01  0.234959464602104E+01
  -0.349962687609105E+01 -0.143323767616071E+01 -0.308601886314954E+01
  -0.348300228742648E+01  0.256918297069560E+01 -0.340654192387477E+01
  -0.988624220998664E+00 -0.318063185772768E+01 -0.346617442668121E+01
  -0.673338386639385E+00  0.564043102630570E-01 -0.736906651862197E+00
  -0.220658519123555E+01  0.235936686463255E+01  0.174405070999094E+01
   0.278270428274432E+01  0.898957026262358E+00  0.102450142254776E+01
  -0.110239361037189E+01  0.109105213595909E+01  0.273913755460389E+01
   0.102212456898456E+00 -0.676710096223276E+00 -0.151241326471527E+01
  -0.204427818813537E+01 -0.262566291313877E+00 -0.261119482269832E+01
  -0.866355475203621E+00 -0.232373556975866E+01  0.273511570496951E+01
  -0.199859213458374E+01 -0.342458761337580E+01  0.632803718281689E+00
   0.329058241071598E+01  0.275248390553966E-01 -0.110194718745676E+01
   0.181008410881631E+01  0.126257948488795E+01 -0.151834568194200E+00
   0.233814805824858E+01 -0.257710188570490E+01 -0.344808441478265E+01
  -0.109114864766001E+01  0.209983609162258E+00 -0.272024063875838E+01
  -0.107249983717767E+00  0.354342626368187E+01 -0.180020482832799E+01
   0.227552787660238E+01  0.185655475799875E+01  0.101436859574591E+01
  -0.189696441580014E+01 -0.128871191353422E+01 -0.307168815750830E+01
  -0.101856338089930E+01  0.102374922738621E+01  0.102288308105399E+01
  -0.326374792884471E+01  0.870180869962032E+00 -0.228357399469064E+00
  -0.147210326081514E+01  0.316680252020171E+01 -0.593589600230449E+00
   0.322191171904699E+01  0.338949204550670E+01 -0.928365213685824E+00
  -0.740954343232191E+00 -0.245431225657300E+01 -0.122112272961821E+01
   0.280685545706578E+01 -0.320023130366739E+01  0.751459322165075E+00
   0.194678693377652E+01  0.632418405968638E+00  0.302653176796279E+01
  -0.102720093464157E+01 -0.318431381810529E+01 -0.178622698224167E+01
   0.338184078007829E+01  0.273439534922609E+01 -0.195827637771666E+00
   0.109294327523226E+01  0.791310532800440E+00 -0.333700666442505E+01
  -0.152535757311060E+01  0.736916683840456E-01  0.135953152833152E+01
  -0.240829646341076E+01  0.145313738330508E+01 -0.757649523440383E+00
   0.692110812033399E+00 -0.720984219470155E+00  0.162305993697709E+01
   0.337517808421469E+01 -0.168698395319630E+00  0.814161732062636E+00
   0.125096229092873E+01 -0.253666726716047E+01 -0.164313443356760E+01
  -0.200588875098557E+01  0.232272080951171E+01  0.112912309865823E+00
   0.138118235123859E+01 -0.265674124170321E+01  0.250562971140183E+01
   0.377599733793185E+00  0.186926115699226E+01 -0.314160652745991E+01
   0.773169770721022E+00 -0.302410315416460E+00  0.670223121656757E+00
  -0.173332484469038E+01  0.323503718544785E+01  0.159504005081282E+01
   0.275017044474029E+01  0.104872763643172E+00 -0.479859888182171E-01
   0.331030716750240E+01  0.177828836109846E+01 -0.248883578363811E+01
   0.264888732482098E+00  0.453467316803133E+00 -0.144156285334506E+01
   0.371967769594852E+00  0.346333083023925E+01  0.160300361179508E+00
  -0.309425524649937E+01 -0.197718758760797E-01  0.193384100142638E+01
  -0.338085628354955E+01  0.154537556270335E+01 -0.121024490107620E+01
  -0.268783254419108E+01  0.341752822406721E+01 -0.756122663140774E+00
  -0.261151248904026E+01 -0.277039995515494E+01 -0.291227652654728E+01
   0.145081703271734E+01  0.201978534865803E+01 -0.334647476302782E+01
   0.363918667727252E+00  0.180204504685907E+01 -0.220367794019012E+00
  -0.312080714608611E+01 -0.280703581187877E+01  0.185757285181623E+01
  -0.171972249834055E+01  0.250618143818749E+01  0.267289659687282E+01
   0.175116337460113E+01  0.299645636799771E+01 -0.267099646244489E+01
   0.340884777883218E+01 -0.288634824940076E+01  0.345137391155906E+01
  -0.756253862164380E+00 -0.157155577984684E+01 -0.648745280142108E+00
   0.153324743517937E+01 -0.184479284517579E+01  0.595177411242258E+00
  -0.164133944747703E+00 -0.124215029231777E+01 -0.273377527254599E+01
  -0.332141827341254E+01 -0.282030778319363E+00 -0.195254554320380E+00
   0.429167053681923E+00  0.262892102270969E+01 -0.223711441297177E+01
   0.245839804333870E+01 -0.625867250610173E+00 -0.800535276870708E+00
  -0.304136467851086E+01 -0.703058254181779E+00 -0.129427089776214E+01
  -0.240714034501988E+01 -0.138691217996171E+01  0.812555245309091E+00
   0.250095570243553E+01 -0.273151194700607E+01  0.258132425089665E+01
   0.248107902483718E+01 -0.475682978471825E-01  0.190968073862300E+01
   0.288057211061598E+01  0.343258765375717E+01 -0.335053346904413E+01
   0.972734366078641E+00  0.143367886696191E+01  0.306801284969345E+01
   0.828751721544516E+00 -0.133066172164349E+01 -0.356594709484321E+01
   0.229163295935011E+00 -0.286367594158003E+01  0.239902131275235E+01
   0.310811003594240E+01 -0.196816145846606E+01  0.322843564572851E+01
   0.225758801108818E+01  0.246098275328042E+01  0.208178877451254E+01
  -0.400500226568502E+00 -0.221860675581693E+01 -0.344366322446394E+01
  -0.252700296278845E+01 -0.167956287718567E+00  0.902360741179861E+00
  -0.202950489000718E+00  0.172003638547487E+01  0.304047886253515E+01
  -0.516308137934766E+00 -0.160445525098892E+01  0.533680537279031E+00
   0.319991071638586E+01  0.226313874819965E+01  0.242160609389434E+01
   0.145976997909419E+01 -0.352928714022716E+00 -0.316049316198888E+01
  -0.243923412127470E+01  0.330242696426762E+01 -0.279365799108515E+01
  -0.273356592040885E+01 -0.224395046388323E+01  0.409781860216063E-01
  -0.179854939261609E+01 -0.278045584749443E+01 -0.100354597835184E+01
   0.120216152947404E+01  0.277486271074718E+01  0.167315163835135E+00
  -0.716135553880346E-01 -0.339397441291801E+01 -0.807677812122504E+00
   0.258322206719057E+01  0.125551398666268E+01 -0.187230571271938E+01
  -0.111775468251145E+01 -0.334190235537886E+01  0.255316946974926E+01
  -0.136803017727342E+01 -0.686596085324892E+00 -0.197618783672955E+01
  -0.288525892351705E+01 -0.142143367146734E+01 -0.395113988498843E+00
  -0.194327474855853E+01  0.335798492680815E+01 -0.173398569441563E+01
   0.339780405513316E+01 -0.271305317141806E+01 -0.417386279393859E+00
  -0.252214764582658E+01 -0.196327838015319E+01 -0.241153035028993E+01
  -0.803193150499817E+00 -0.109852720675811E+01 -0.357248667694932E+01
   0.329816899921351E+01  0.208993970654185E+01  0.767030308795075E+00
   0.325926101034153E+01  0.262545994324247E+01 -0.186041591911068E+01
   0.799567303921856E+00  0.704217683186793E+00  0.606781784354684E+00
  -0.195723460772550E+01 -0.300395989666126E+01  0.179762365071554E+01
   0.236328245693632E+01 -0.196177751777280E+01 -0.233577857590564E+01
   0.875113368511738E+00 -0.198609408133802E+01 -0.267120503488880E+01
   0.116760302131623E+01  0.894466915087653E+00 -0.132461642594700E+01
   0.187870787917619E+01 -0.859958299230016E+00 -0.214527851623003E+01
  -0.355324947201272E+01 -0.168896395766251E+01 -0.197079737957270E+01
   0.262505943816392E+01  0.335871519509196E+01  0.268900244866012E+01
   0.248862406552153E+01  0.201509873678818E+01 -0.104794638025257E+00
   0.102311746045473E+01  0.132985079175541E+01  0.153859654270012E+01
   0.150975671999692E+01 -0.135170346416505E+01 -0.114736354843686E+01
  -0.326688745362432E+01 -0.120896032669923E+01  0.159457202844842E+01
  -0.116508704555209E+01  0.175881542415690E+01 -0.326876741430067E+01
   0.246441502864978E+01  0.100885165910159E+00 -0.189410854546408E+01
  -0.178084004153860E+01 -0.318655481243261E+00  0.236292232535339E+01
   0.203769246753687E+01  0.206074488467353E+01 -0.172070309877092E+01
  -0.606766931943442E+00  0.122946247970410E+01  0.125494279693603E+00
   0.207042896638786E+01 -0.350789906768270E+01 -0.371156764738870E+00
   0.281820171420662E+01  0.153426984068041E+01  0.351388545851464E+01
   0.334625371677865E+01 -0.132093077856834E+01 -0.861164183003019E+00
   0.163417191908068E+00  0.183137822070883E+01 -0.137619350166691E+01
  -0.452854182131855E+00  0.632013733148409E+00 -0.214735436158499E+01
  -0.330183035771926E-01 -0.239567478303619E+01  0.430828920544393E-01
   0.812167561477734E+00  0.273573049432143E+01  0.197913022556995E+01
   0.160078473338873E+01 -0.123465828172978E+01  0.164091168885738E+01
  -0.269044165131234E+01  0.256614733878855E+01  0.297150144603783E+01
  -0.774000124724839E+00  0.115487966480876E+01 -0.124179387611746E+01
  -0.293127208681199E+01  0.632585541706614E+00 -0.157011931960079E+01
  -0.332090877062749E+01 -0.349434859276561E+01 -0.227860574292738E+01
  -0.278145638835867E+01  0.268857412717497E+01 -0.151002911468841E+01
  -0.774473414940326E-01 -0.798023387322227E+00  0.112738976372708E+00
  -0.891736342109076E+00  0.265537674263712E+01 -0.180732832987420E+01
  -0.104787328941202E+00 -0.499619412769359E+00  0.298095515818483E+01
  -0.228442457441079E+01  0.689415957921644E+00  0.324477561145721E+00
   0.909566862662229E+00 -0.933267014657717E+00 -0.240094504511062E+01
  -0.805775813434908E+00  0.141345497150224E+00  0.235111360875546E+01
  -0.102100815359730E+01 -0.283571857563367E+01 -0.128076168809330E+00
   0.250353489881329E+01 -0.212105720821291E+01  0.868180988195773E+00
  -0.124492121595623E+01 -0.115080513207952E+01  0.100116013972429E+01
  -0.351909762733151E+01  0.329110740690169E+01  0.286748629677133E+01
  -0.301365512977606E+01  0.248764899665036E+01 -0.251621635405656E+01
  -0.292136020782598E+01  0.197460315261050E+01 -0.145532528413161E+00
  -0.107747776967275E+00  0.123360121132166E+01  0.211793172976063E+01
   0.270564542715280E+00  0.278201969671449E+01 -0.728323116663413E+00
  -0.143980952593960E+01  0.114373660957284E+01 -0.204719824246890E+01
   0.338379136140757E+01 -0.296213940735791E+01 -0.151547207796053E+01
   0.196812251692110E+01 -0.345507495763103E+01  0.138347786458839E+01
  -0.200367985551345E+01  0.331136049697359E+01  0.348481347119529E+01
   0.155238011425850E+01 -0.497328001037241E+00 -0.138386593115833E+00
   0.244611641507087E+00 -0.119125172117366E+00 -0.253708897035273E+01
   0.324833610938367E+01  0.465988780964582E+00 -0.346102316009002E+01
   0.158656536436263E+01  0.263157229145390E+01  0.124729863178986E+01
   0.123978175170561E+01  0.181193411558696E+01  0.363177517783347E+00
  -0.142566529530398E+01 -0.185713815976802E+01 -0.226482359097063E+01
   0.212337819822793E+01 -0.307912866686281E+01 -0.148280164115520E+01
   0.215589483919520E+01  0.130078655593951E+01 -0.284375918480674E+01
  -0.207394012439436E+01 -0.248009065290852E+01  0.262675175082913E+01
  -0.169061937315540E+01 -0.306381085666346E+01 -0.260751820878504E+01
   0.284613268715870E+01 -0.114013223092193E+01  0.223849764018825E+01
   0.351598864286498E+01 -0.256133551264803E+01 -0.259208978466948E+01
   0.578312236659402E+00 -0.337534276446062E+01  0.323815338313698E+01
  -0.288125573940955E+01  0.171574626173839E+01  0.102538253159323E+01
  -0.651071545466821E-01  0.337671687978186E+01  0.195379488761036E+01
   0.100157241672504E+01 -0.335521173498675E+01 -0.229613492091906E+01
   0.171579811371953E+01  0.280225365885842E+01 -0.744856432953859E+00
  -0.241701023272250E+01  0.803592062601266E+00  0.168593388023122E+01
  -0.291233531073888E+01 -0.959593071890182E+00  0.285482883170822E+01
   0.295050806768125E+01  0.213354554408916E+01 -0.948136349468283E+00
  -0.211737974508039E+01  0.198898157309510E+01 -0.348437077375740E+01
   0.340042610485203E+01  0.324923657979012E+01  0.108474642766490E+01
   0.108220222463081E+01  0.251188226564083E+00 -0.219909820955191E+01
   0.612522465946370E-01  0.904463276793819E+00 -0.307408321625429E+01
   0.215226626947034E+00 -0.315536871064507E+01 -0.304809403053489E+01
  -0.155438316036197E+01  0.357077683047359E+00 -0.141217606123435E+01
   0.771451064864024E+00  0.521959302094416E+00  0.232487371240594E+01
  -0.111907387443137E+01  0.317384815494590E+01 -0.269553193235907E+01
   0.156392326180499E+01 -0.290752107773540E+00 -0.150980731963410E+01
  -0.246867990868861E+01 -0.186006099004696E+01  0.191461314297828E+01
  -0.181460767530889E+01  0.216189036496899E+01 -0.127345880047621E+01
   0.680346915127351E-01  0.344897536860711E+00  0.143700095074757E+01
  -0.180049853146564E+01  0.817456119625102E+00  0.340694475341009E+01
  -0.727933054063989E+00  0.499092167066567E-01  0.348007301547228E+01
  -0.169672890457327E+01  0.165740356221780E+01  0.127852182839687E+01
   0.171542492744751E+01 -0.150088127714218E+01 -0.318757873946554E+01
   0.282687671117241E+01  0.987676522085593E+00 -0.815488074257820E+00
   0.224301759327892E+01 -0.251769154628457E+01 -0.603428061008055E+00
   0.191440921277545E+01 -0.353699043715846E+01  0.333571441971060E+01
  -0.269901120644409E+01 -0.654061652163807E+00 -0.336107567316527E+01
  -0.546817052537001E+00  0.219688900088670E+01  0.180929426497974E+01
  -0.184439960063639E+01 -0.794613842108703E+00  0.188526247329139E+00
   0.286549561385765E+00  0.466165555792729E+00  0.321524088039917E+01
  -0.176785334771472E+01 -0.184854963493136E+01 -0.329936614278984E+00
   0.363871602218152E+00 -0.165140114347408E+01 -0.158234975621523E+01
  -0.332188172982274E+01  0.235033988187617E+01  0.166242302939896E+01
   0.323453937179677E+01 -0.228113344055571E+01  0.213489058710677E+01
  -0.238790525474383E+01  0.371621336229481E+00 -0.751920164525696E+00
  -0.136394768401367E+01 -0.215246587688517E+01  0.184790461231160E+01
  -0.216986865038368E+01  0.143333910282929E+01  0.261389504185891E+01
   0.917543730906724E+00  0.343345917671231E+01  0.102893770603517E+01
  -0.287392834972111E+01 -0.235339894134703E+01 -0.105204823457072E+01
   0.424253538860308E+00  0.251058608653920E+01  0.115384301456683E+01
  -0.763292588086390E+00  0.293919816294259E+01  0.343014127208746E+01
  -0.307782996552920E+01 -0.222371606349972E+01  0.271664743920623E+01
%  0.211170479042224E+01 -0.115477936310891E+01  0.970783952986093E+00
%  0.520476340067673E+00  0.501159369941191E+00 -0.881487364344710E+00
% -0.966486568563138E+00  0.522902637007215E+00  0.185365459795177E+01
% -0.434020084084400E+00  0.406181197329143E+01 -0.130822176010833E+00
% -0.582107258331020E+00 -0.996286975527650E+00  0.515981465476536E+00
%  0.137160207643176E+01 -0.930048268927952E+00 -0.883701474545526E+00
% -0.130285741637403E+01  0.180398529776598E+01  0.105073724768363E+01
%  0.193357535419944E+00  0.526601665598682E+00 -0.821135520583070E+00
% -0.727939655427531E+00 -0.288526209903477E+00 -0.850893218024592E+00
% -0.303892605214107E+00 -0.393655047567803E+00 -0.180208106203741E-01
%  0.235445575081420E+01 -0.259938120120421E+01  0.324321117577923E+01
% -0.597202356985384E+00  0.127268342922210E+00  0.143298676323677E+01
% -0.520522909777140E-01 -0.197513888102715E+01 -0.938880666869401E+00
%  0.214551292254126E-01 -0.310176786811462E+00 -0.114323141472403E+00
% -0.152842116336452E+01 -0.358583996512833E+00  0.472148924703956E+00
% -0.107491782522448E+01  0.344924997762800E-01  0.525457839797498E+00
% -0.423784366120255E+00  0.517035100353148E+00 -0.113328854019938E+01
% -0.240657920825967E+01  0.173223848714818E+00 -0.638134220275310E+00
% -0.384286794811683E+00 -0.277396488939040E+01  0.826009531900318E+00
%  0.176932498575397E+01 -0.108290320715085E+00 -0.306153715151901E+01
%  0.114185718350103E+01 -0.128822986476347E+01  0.200971732657183E+01
% -0.252484066933467E+01  0.285619552522503E+01 -0.162146557072210E+01
%  0.904725780476114E-01  0.719591290801706E+00  0.862202467684882E+00
%  0.192938005324177E+01 -0.104113933040154E+01  0.165877962874512E+00
% -0.159726403374269E+01 -0.135046344800147E+01  0.963022729283293E+00
% -0.139474908871728E+01 -0.188281763998375E+01  0.718008288500770E+00
% -0.143695773638192E+01 -0.114458834113259E+01  0.639344501668545E+00
%  0.110253995353943E+00  0.662140349206730E+00 -0.206797825023204E+00
% -0.905275865848960E+00  0.486052877290740E+00 -0.487579690361172E+00
% -0.206197934943708E+00  0.281025842397809E+01 -0.101241621652904E+01
%  0.562640246816871E+00  0.164500652108557E+01 -0.807992012560839E+00
% -0.186641521539096E+01 -0.305691146376778E+00 -0.475363219098393E+00
% -0.174061115985376E+01 -0.265820650679033E+01  0.148654519960273E+01
% -0.693471456403628E+00 -0.968557391902039E+00 -0.180426158391328E+01
% -0.844295244231439E+00  0.360100730201039E+00 -0.225183519172840E+01
%  0.422992203391096E+00 -0.205323940859513E+01 -0.284771351856346E+01
%  0.493995520711456E+00 -0.180428727030113E+01 -0.578323583794291E+00
% -0.269340571656260E+01  0.818713755129850E+00 -0.424223730236374E+00
%  0.342404151105344E+01 -0.534156682242222E+00 -0.299150801958619E+00
% -0.145762486234283E+01 -0.784987520013875E+00  0.190186624842972E+01
% -0.441129396103685E-01 -0.176513966342000E+01 -0.115320027142833E+01
%  0.198343414383116E+01  0.194998486938648E+01  0.617361817843269E+00
% -0.998855088844458E-01 -0.136524903328297E+01  0.527066335485938E-01
%  0.615828673635155E+00  0.967451745475107E+00 -0.228266301837906E+00
%  0.101864961624824E+01  0.441917573437078E+00  0.148106580951033E+00
% -0.561497903393449E+00  0.272937314368901E+01  0.223120636248665E+01
% -0.331438094746935E+01  0.622516342998780E+00 -0.189872443661744E+01
% -0.160375685957256E+01  0.179840855915201E+01  0.646170276473733E+00
%  0.147322525874122E+01 -0.606896828958908E+00 -0.502208433556750E+00
%  0.211017251409183E+01  0.722348686864603E+00 -0.128675449574558E+01
%  0.282592191386566E+00  0.297092239636850E+01 -0.879002428758206E+00
%  0.105819496747174E+01  0.125804136359219E+01  0.781849080038299E+00
% -0.888892537426965E+00  0.134305317160472E+01  0.460728941797529E+00
% -0.799637970382493E+00  0.273066566523878E+00 -0.611259697349945E+00
% -0.974101021679017E+00 -0.125712000331737E+01  0.686146623879564E+00
% -0.375727314498568E+00  0.258306841593213E+00  0.188359126959914E+01
%  0.886519724314613E+00  0.613962787577494E+00  0.833910158707800E+00
% -0.110525311067897E+01  0.421740852917056E+00  0.121568541894954E+01
%  0.106317332597832E+00  0.526004308962213E+00 -0.368959743236540E+00
% -0.106503069352162E+01  0.219028845023968E+01 -0.163852116178142E+01
%  0.433817263644411E+00  0.963622181527669E+00  0.224868231090857E+00
% -0.110771267214068E+01  0.783209237014620E+00  0.443389415583657E+00
%  0.714511569793713E+00 -0.112498449887736E+01 -0.473840603906605E+00
%  0.131829672249395E+01 -0.921673256613550E+00 -0.116753519163837E+01
%  0.137884559944333E+01  0.122292864874590E+00 -0.197933265367978E+01
%  0.911402205572173E-01 -0.604025041947299E+00  0.151130869887817E+01
%  0.157052890091018E+01 -0.121203811146557E+01 -0.162685943337307E+01
% -0.119314596878354E+01 -0.677201465070222E+00 -0.125199093972818E+00
%  0.106836512661235E+00  0.189989917892590E+01  0.510251084982285E+00
%  0.457302967629538E+00 -0.438805763502740E-01  0.259805241186730E+01
%  0.906278409978085E+00 -0.187077686000983E+01 -0.360873524765315E+00
% -0.200787476353441E+00 -0.221014059566583E+01 -0.285786853617901E+00
%  0.207537496206619E+00  0.462025614398005E+00 -0.783015230635485E+00
%  0.211565768552662E+01  0.213202256516941E+00  0.150175028369481E+01
%  0.117284021551939E+01 -0.110194193204755E+01 -0.167861164948826E+01
% -0.435290209115512E+00  0.104026013092576E+01  0.432491193243324E+00
%  0.169227679336197E+01  0.411737444665338E-01 -0.241127653989817E+00
% -0.252666885916801E+01  0.244796672573748E+00  0.235896459749609E+01
% -0.109989647588089E+00  0.381149898299900E-01 -0.148825798342498E+01
%  0.158718584594140E+01  0.642833091556817E+00  0.183268577895227E+01
%  0.187343345883924E+01  0.109563519430243E+01 -0.200799236297030E-01
%  0.411659449921452E+00  0.117488629248694E+01  0.520067378465873E+00
% -0.273911105821790E+01 -0.107112483061454E+00  0.512221309836616E+00
%  0.292880518163088E+01 -0.156301623798181E+00 -0.472963428149898E+00
% -0.132583377998095E+01 -0.979316540469397E+00  0.456869676819705E+00
%  0.394696618298904E+00  0.188317203580766E+01  0.138021222160848E+01
% -0.343085998947904E+00 -0.239770417264145E+00 -0.403914551366773E+00
% -0.275307883980297E+00 -0.757057853062577E+00  0.272786174346505E-01
%  0.139864887966901E+01  0.180907165855875E+01  0.151917353971818E+01
%  0.282612276713775E+00 -0.192463164845007E+01  0.460447224615453E+00
%  0.142111430381345E+01 -0.158242206019630E+01  0.525673759172992E+00
% -0.845656703619885E+00  0.648827453761183E+00 -0.446069026143106E+00
% -0.380579300251689E+00  0.479873950022483E+00 -0.367596346557327E+00
%  0.225543274855725E+01 -0.191280921801018E+01 -0.202462770132221E+01
%  0.648315335280234E-01  0.120031685308228E+01  0.461653412626507E+00
% -0.741202095449589E+00  0.178188344083407E+01 -0.108320771097725E+01
% -0.262399247060164E+01 -0.102454442502847E+01 -0.435813191550173E+00
%  0.600013290833760E+00 -0.137370130460966E-01  0.150525344890022E+01
%  0.352432966001287E-01 -0.662769044305015E-01 -0.116022975793042E+01
% -0.812912405140167E-02 -0.722207215820250E+00 -0.313469282876721E+00
%  0.109675978999476E+01  0.765309997213805E+00  0.302027525471908E+00
% -0.107052849450836E+01  0.753209533296511E+00  0.104070665444473E+01
% -0.205543189696843E+00  0.463194692092661E+00  0.628050439726024E+00
%  0.614205271947261E+00  0.763259167827250E-01 -0.118878306636039E+01
%  0.139561534031565E+01 -0.566808419881094E+00 -0.165835676119228E+01
% -0.465243618504131E+00  0.616685256475417E-01  0.772079189244928E+00
% -0.200952672813133E+01 -0.873624323826178E+00  0.951767183731279E+00
% -0.581830663824169E+00  0.361378673639735E+01  0.173361969559817E+01
% -0.144733030338780E+01 -0.341076892225979E+00  0.636853422927931E+00
% -0.614250791714177E+00 -0.277241075562614E+01 -0.568715798164294E+00
%  0.785090658950621E+00 -0.139122125076305E+01 -0.151146388686731E+01
% -0.119926498115161E+01 -0.898006436625350E+00  0.231203927810671E+01
%  0.291049573247865E+01 -0.276551515794902E+00  0.197071060115449E+01
% -0.864365107599277E+00  0.643817431643681E+00  0.215725430221721E+01
% -0.219136213232208E+01  0.138413808433438E+01 -0.262851109288870E-01
% -0.133076749503865E+01  0.129835648992028E+01 -0.136105256339879E+01
% -0.119809794481164E+01 -0.698915649058308E+00 -0.123560447110469E+01
%  0.894238112565681E+00  0.156715785916270E+01 -0.321642329231974E+00
% -0.273374346023074E+01 -0.439887381289803E+00 -0.175839404334109E+01
% -0.220293795599026E+01  0.599736310803036E+00  0.158146591233657E+00
%  0.583524198306318E+00  0.914347609005174E+00  0.445910629998581E+00
% -0.101191100696663E+01  0.125290812653838E+01  0.336860048116414E+00
%  0.259637063897212E+00 -0.125083185563488E+01  0.809832161253112E+00
% -0.851956052737968E+00  0.129680493106825E+00 -0.506908399639756E+00
% -0.589468050703692E+00  0.571472421428592E+00 -0.106758059733214E+01
% -0.248575216521354E+00  0.845483560734050E+00  0.329142944514882E+00
% -0.478089233436318E+00  0.178105766775491E+00 -0.126371776180421E+00
%  0.286253555074579E+00 -0.695491045983015E+00  0.242285090009529E+00
% -0.130586234231980E+01 -0.259928962691409E+01 -0.107754652251084E+01
% -0.121163585658897E+01  0.185378002790527E+00  0.246242987091963E+01
%  0.961054495079014E+00 -0.234957324660945E+00 -0.778000429420235E+00
% -0.670482670168347E+00  0.161622332139222E+01  0.194301976393516E+00
% -0.782056450833180E+00 -0.114949958161536E+01  0.201079547623502E+01
%  0.242616372019033E+01  0.120557658184703E+00 -0.658339283663226E+00
%  0.126626265424128E+01 -0.674836928378603E+00 -0.137614871111755E+01
%  0.869545800584055E-01 -0.275308165305271E+01 -0.135396536685096E+01
%  0.135765707408047E+01 -0.184027154938488E+01  0.560377815036428E+00
%  0.212275660271652E+00 -0.236906207974088E+00  0.170136337540357E+01
%  0.720328932009670E+00 -0.118649424157613E+01 -0.482323088579951E+00
%  0.144998576127083E+01  0.305432956377776E+00 -0.193059248669271E+01
%  0.388281662510263E+00  0.139977496193697E+00  0.342685477237227E+00
% -0.743755343505405E+00  0.547674103629116E+00 -0.187170742374676E+01
%  0.189743297838271E+01  0.101711781042003E+01 -0.143610241570860E+01
%  0.588592942526836E+00  0.978452382711967E+00  0.351853021408183E+01
% -0.215404308076829E+01 -0.868164715039862E+00  0.112337071014254E+01
% -0.773982290181579E+00 -0.916915360847458E+00  0.883148842757481E+00
%  0.430108467314474E+00 -0.119695549828377E+01 -0.110768548493379E+01
% -0.112376846492437E+01  0.131352409800203E+01 -0.629823379021682E+00
%  0.141088207067058E+01 -0.149052990350215E+01 -0.205488038882855E+01
%  0.219773347995598E+01 -0.118044282981843E+00 -0.507518237026563E+00
%  0.209083349632551E+01 -0.124617711362304E+01 -0.122704458344502E+01
% -0.105329768490274E+01 -0.126611862036509E+01 -0.594595691286253E-01
% -0.240618099895162E+00  0.432313971934320E+00 -0.134315205001968E+01
% -0.951689594468030E+00  0.249007186067558E+01 -0.178019351163932E+01
% -0.551232402239975E+00  0.245477730726505E+01 -0.694675636385712E+00
% -0.244412218104834E+01 -0.835474495404535E+00  0.710890481261366E+00
% -0.351695530342714E+00  0.729767316370932E+00 -0.958514545962832E-01
%  0.117408619684338E+01  0.601329916208019E+00  0.739077187416345E+00
%  0.179414934695665E+01 -0.968200214844547E+00  0.392436682796552E+00
% -0.646641155853549E+00 -0.967160445503819E-02 -0.234572944187906E-01
%  0.185494209241094E+01  0.154292304812733E+01  0.120110662158898E+01
%  0.187778484941397E+01  0.943878611097673E+00 -0.107734978059348E+01
%  0.178764332715956E+01  0.112264063710736E+01  0.112942663279843E+01
% -0.133877547429238E+01  0.576152853484005E+00  0.117534459082802E+01
%  0.113518298485975E+01  0.260047441800179E+01  0.963442526071219E+00
% -0.116679510346737E+01  0.229735666317807E-01  0.594491699062583E+00
%  0.341552193392307E+00  0.115168465962861E+01  0.476679646518644E+00
%  0.120183796670530E+01 -0.151292730064259E+01 -0.449347249971035E+00
%  0.130631496300315E+01  0.229981461334382E+01  0.141005615219042E+01
%  0.125592066187365E+01  0.147985699211453E+01 -0.170940891424944E+01
% -0.882276742413545E+00 -0.201699217215239E+00 -0.779278038272130E+00
%  0.485909697924647E+00  0.214618978934014E+01  0.556744915759697E+00
%  0.102017321411248E+01 -0.492128807194836E+00  0.156840414330423E+01
%  0.141172242693137E+01  0.893432107372894E-01  0.708801094640038E+00
%  0.312028119566970E-01 -0.406500859130228E+00  0.395703687439613E+00
%  0.137848588974448E+01  0.224804918221571E+01  0.463112206882802E+00
% -0.964763440099314E+00 -0.373049014041500E+01 -0.643046418176333E-01
%  0.125484450288905E+01 -0.121793237692825E+01  0.109050775318953E+01
% -0.126019816336221E+01 -0.141690154908960E+01  0.476236484285518E+00
% -0.555313606509286E+00  0.942797968611121E+00  0.118864256658149E+01
% -0.164074708447436E+01  0.952119792547191E+00 -0.160055387846956E+01
%  0.501117746723669E+00 -0.100235145070693E+00 -0.388196859072556E+01
%  0.251233912450365E+00 -0.690866000243061E+00  0.193208250409541E-01
% -0.227141928334389E+01  0.399967211186656E+00 -0.448366261832616E+00
%  0.109780572240580E+01  0.112347824533039E+01 -0.230844804298803E+01
% -0.150276428509285E+01  0.448455436666262E+00  0.342820971375671E+00
%  0.812265301901042E+00 -0.246370042500046E+01  0.221911159679075E+01
% -0.855192409273779E+00  0.878640653001325E+00  0.992405089012407E+00
%  0.186053278260976E+01 -0.780600417053802E+00  0.169708566834943E+01
% -0.180694804716181E+01  0.682617922830312E-01 -0.132227141636792E+01
%  0.194869499601690E+01  0.860078520078954E+00 -0.217360608040065E+01
% -0.225974960379973E+00 -0.149679741769259E+01  0.627951611480907E-01
% -0.691350994944710E+00 -0.239374147423058E+00  0.251972849756739E+00
% -0.102990412345428E+01  0.215405656113759E+00 -0.160524306216952E+01
%  0.207925127986062E+01 -0.321158208067074E+01 -0.115865865547115E+01
%  0.701308512319516E-01  0.374218334620864E+00 -0.709899433660326E+00
% -0.750175666239157E+00 -0.121521464730831E+01 -0.349795840842824E+01
%  0.931685056470132E-01 -0.200100562208926E+01  0.675038057520879E+00
% -0.414577985280168E+00 -0.621304669474122E+00  0.471421941461602E+00
% -0.540184201093771E-01  0.521167781830768E+00 -0.222684034273045E+01
% -0.169477701878231E+01 -0.238912723519818E+00 -0.448341954864195E+00
% -0.803838094251774E+00 -0.151440959517228E+01  0.399561977264923E+00
%  0.160061336254681E+01  0.345941864792027E+01 -0.155920176836805E+00
%  0.761064210930373E+00  0.809867399802101E+00  0.175548258025020E+01
% -0.113734532557242E+01  0.322724059524112E+00 -0.862789571052076E+00
% -0.228572579140436E+01 -0.540143103931566E+00 -0.750130001411517E+00
%  0.337358523036623E+00 -0.838714042693635E-01  0.178798088989023E-01
% -0.308460132921085E+00  0.659090884363999E+00 -0.169373536553670E+01
%  0.156498633739899E+01  0.170876936359259E+01 -0.274091518917281E+00
%  0.212216476213743E+01 -0.824891781859514E+00 -0.145805442907206E+01
% -0.872585228342566E+00  0.906196975096632E+00 -0.109527107576462E+01
%  0.155750803496929E+01 -0.101229400526791E+01  0.536528725192125E+00
%  0.132351382383319E+01 -0.667061935563430E+00 -0.244039125693345E+00
%  0.670543488660293E+00  0.126946425917755E+00 -0.180304652160926E+01
% -0.497313442267255E+00  0.120302500886648E+01 -0.203805568635920E+01
% -0.215767288707425E-01  0.107321246449747E+01  0.955752215567157E+00
%  0.109573269244054E+01  0.128887248197226E+01  0.156228828226159E+01
% -0.106329421928152E+01 -0.237086836122528E+01 -0.302128708921527E+00
%  0.957637951834165E+00 -0.162554419616498E+01 -0.505379113391629E+00
%  0.223530809277134E+00 -0.156772935321804E+00  0.183371107856256E+01
% -0.126103542407163E+01  0.234743334665109E+00 -0.150428306061092E+01
%  0.128255137709148E+01  0.113301882150351E+01  0.551121084015344E+00
% -0.228002192391156E+01 -0.706149180730960E+00 -0.890663381907415E+00
% -0.104421188763431E+00 -0.222542733386301E+00 -0.200915706640948E+00
%  0.167795559600287E+00 -0.382307533017378E+00  0.170471310041264E+01
%  0.722754125618281E+00  0.476264666419284E+00  0.141144787266565E+01
%  0.149555304903084E+01  0.765162638566434E+00 -0.145269804394531E+01
%  0.111389157219794E+01 -0.105336827468896E+01  0.116854122780717E+01
%  0.900138611646553E+00 -0.635949653385195E-01  0.124032551588808E+01
% -0.115607559032964E+01  0.220291381207046E+00 -0.214808183237995E-01
%  0.632852765930250E+00 -0.394413443786334E-01  0.292606133930273E+01
%  0.104187695946430E+01 -0.790820957038454E+00  0.885334271531391E+00
% -0.664740619878203E+00 -0.949752449987289E+00 -0.446089293075059E+00
% -0.218901495320916E+00 -0.874617085389927E+00  0.995274439241013E+00
%  0.880970449862652E-01  0.242293955122632E+00 -0.103845006926290E+01
% -0.110999062887366E+01  0.370819608528461E+00  0.152537344264660E+01
% -0.255954326239337E+00 -0.384243213682132E+00 -0.216730154015987E+00
% -0.162217776382190E+01 -0.856403083188831E+00  0.192115692699049E+01
%  0.127309314012435E+00 -0.665715988831941E+00  0.201997282544523E+00
%  0.368269582866961E+00  0.167010753310989E+01 -0.646294162307189E+00
% -0.884627113983768E+00  0.340685337965042E+01 -0.115677346915583E+00
%  0.644982968048903E+00  0.176837147027697E+01 -0.502625409937476E+00
%  0.208427587801951E+01  0.504757338321112E+00 -0.147977620627000E+00
% -0.517083179032134E+00 -0.286089686890206E+00 -0.846486815575923E+00
%  0.401125803902348E+00 -0.954418114554771E+00  0.183484421344378E+01
% -0.925026652121918E-01  0.149860346173793E+00 -0.911349115634019E+00
%  0.541253719342092E+00 -0.115021593210114E+01  0.765600959306928E+00
%  0.283377189749844E-01  0.197591027395703E+00  0.217814517365326E+01
%  0.634945860818909E-01 -0.308741346825663E+01  0.113359439065081E+01
%  0.142374151998149E+00 -0.587092878723334E+00 -0.361681961531903E+00
%  0.847088769070279E+00  0.167519675966851E+01 -0.128990866555902E+01
% -0.173008643180641E+01 -0.872253509481856E+00 -0.899683146119377E+00
% -0.327168673843058E+00 -0.763648685256302E+00  0.865053390299359E+00
% -0.136366636706343E+01 -0.186691115358284E+01  0.125111242759436E+01
% -0.988104002559700E+00  0.526686861153298E+00  0.805351322730274E+00
%  0.892803314455690E-01 -0.105914096067049E+01 -0.249489537838924E+00
%  0.304659151683446E+02 -0.365974226861678E+02 -0.411051587845937E+02
%  0.497151849097677E+01 -0.415329701213260E+00 -0.136772396292995E+01
%  0.700259343473087E+01 -0.268163586823303E+02  0.137173415958387E+02
% -0.131877349572690E+02 -0.603572569357267E+01  0.192140128566035E+02
%  0.118046560762427E+02 -0.999748402254217E+01  0.123157063863636E+02
% -0.790336591458288E+01 -0.756003641098038E+01 -0.131991873894165E+02
%  0.337110349703093E+02 -0.229892546035516E+02 -0.172106409242444E+02
%  0.707626137778890E+01  0.503287042173360E+01 -0.266100447269087E+01
% -0.570499666947318E+01  0.230948270003128E+01 -0.912076637673544E+00
%  0.176146337630092E+01 -0.216137975046846E+01 -0.302305572360392E+01
%  0.285672201813921E+02  0.170110825632752E+02 -0.601767096957175E+02
% -0.215873023258744E+01 -0.228689764182391E+02 -0.419337589083017E+01
% -0.736211834282173E+01 -0.360348631919142E+01 -0.394960466266129E+01
% -0.115258777042010E+02  0.830932937567941E+01 -0.808977506262185E+01
%  0.448780985244663E+01 -0.152479826288374E+02 -0.130682702691793E+02
%  0.291016671197276E+01 -0.199798634223004E+01 -0.234330010395271E+01
%  0.158991122739785E+02  0.843498058458181E+01  0.136835018941740E+02
% -0.730842912469860E+02 -0.183951890000931E+03 -0.325313071155195E+02
% -0.653151381124952E+01  0.997623216139322E+01  0.166784881166377E+02
% -0.963880740581384E+01 -0.127395137610737E+02 -0.250984106278704E+02
% -0.366703516482016E+01  0.858682968048019E+00 -0.134310845226789E+02
%  0.137687148900237E+01  0.133473325779724E+01 -0.522132528662765E+00
% -0.311416032110729E+02 -0.503785352341291E+01 -0.404532207254186E+02
%  0.294799728523145E+01  0.841731632910022E+01 -0.291938538283590E+02
% -0.410783201188980E+01 -0.421577122651278E+01  0.412548151136688E+00
% -0.458595417037177E+00  0.126267632281954E+00 -0.391290810379231E+01
% -0.177154530688560E+01  0.504450390277976E+01 -0.964447912073982E+01
% -0.142299642341303E+00 -0.372368243641044E+01 -0.398072350605639E+00
%  0.299652792110049E+02 -0.431423934903944E+01  0.197070171502870E+02
% -0.703814925705283E+01 -0.146408165672957E+02  0.136254503572062E+02
%  0.173412054479724E+02  0.161828311331598E+02 -0.566911221777686E+00
% -0.609085090096746E+01 -0.678554960782155E+01  0.248455617215612E+02
% -0.540404007449382E+01 -0.599880493002781E+01  0.251016847564648E+02
% -0.317606459895735E+01  0.155014203391869E+01  0.794922391100670E+01
%  0.456312125675676E+01 -0.130552878968267E+01  0.297178768389087E+01
%  0.442084621820964E+01  0.717700786730372E+01  0.278051902301816E+02
% -0.126895371423292E+02 -0.534693944024176E+01 -0.927099571680187E+01
%  0.342601800870292E+02  0.138498918900716E+02 -0.755887126330383E+01
%  0.182155835984720E+01 -0.288374506856460E+01 -0.173154915666956E+01
% -0.372168880964758E+02  0.340404284568162E+02 -0.163639360747407E+02
% -0.215736431703540E+01 -0.119094970348461E+02 -0.136140804406063E+02
%  0.376166201318670E+02 -0.166990119235120E+02 -0.373919386972384E+01
%  0.316270187362062E+01 -0.338529739096853E+00  0.197786941377587E+01
% -0.326098860241075E+02  0.258763304789209E+02  0.525011090928387E+02
%  0.758540615800058E+01 -0.158366001003923E+01 -0.175385147695753E+02
% -0.790730051238355E+01 -0.388075733607708E+01 -0.598620301554005E+01
% -0.663685152265025E+01 -0.222624566664659E+02  0.243943143760565E+02
% -0.246199211805630E+01  0.154992218793959E+01 -0.184800620465293E+02
%  0.216956075426562E+02  0.211920367346017E+02 -0.341620495982384E+02
% -0.232780536528853E+02  0.272009602823511E+02  0.765664942894445E+01
%  0.288679726519002E+02  0.649217670906907E+02  0.360633884979109E+02
% -0.839262730056359E+02 -0.297488789325738E+02  0.285788885697762E+02
% -0.226255709462769E+02 -0.593261865092883E+02 -0.370006271006096E+02
%  0.554903683663772E+01 -0.545249354845916E+01 -0.208504020241725E+01
% -0.307264797545526E+01  0.504820711651296E+01 -0.514992298214781E+01
%  0.649309627152648E+01  0.460473293486379E+01 -0.273744197035636E+00
% -0.317075395061742E+02 -0.110955737334095E+01  0.432893558567452E+02
% -0.324292812534287E+01  0.988275190970088E+01  0.603688267767199E+01
%  0.353237845211879E+01 -0.114509055039389E+01  0.110999075732456E+02
% -0.245099722585454E+02 -0.712063520327860E+01  0.107317547427239E+02
%  0.545348737646035E+01 -0.130815844081745E+02  0.162932907776630E+02
%  0.115377882472223E+01 -0.493161827476747E+01  0.588159082879412E+01
% -0.144328381988603E+01  0.152213779075406E+01 -0.295907196641238E+01
%  0.159185544519458E+02  0.919000719522714E+00 -0.897350030550029E+00
% -0.256863551557104E+01  0.474634182320828E+00  0.498220165024547E+01
% -0.114193638269502E+02 -0.531092560462821E+00 -0.168286282689664E+02
%  0.315405436614131E+00  0.537830498512969E+01 -0.554136075155965E+00
%  0.410675624089162E+01 -0.101142793958937E+01 -0.513144721931894E+01
% -0.307480048569858E+02  0.282191418350540E+01  0.180311430766944E+02
% -0.374233236437129E+01 -0.258613587448250E+02 -0.230434195542412E+02
%  0.159670714961261E+02  0.112229054067324E+02 -0.118165871682620E+02
% -0.357890637234709E+01  0.212712212105226E+02 -0.450287897150878E+00
% -0.186184307703022E+02  0.119300634971538E+02  0.126446240893525E+02
% -0.951109204778994E+01 -0.764977940949960E+01  0.195768262088096E+02
% -0.175287121643800E+01  0.292026452983159E+00  0.312485182838338E+00
%  0.198723294523219E+01  0.178414008044355E+01 -0.345860922873676E+01
%  0.276537231082613E+02 -0.514899402583996E+02 -0.366080159450375E+02
% -0.263690618902359E+01  0.166501256782806E+01  0.147335232162398E+01
% -0.370070454994443E+02 -0.185469454855885E+02 -0.200436730969987E+02
%  0.184826096706436E+02 -0.102163661837276E+02 -0.193057507349626E+02
% -0.470886699503975E+01  0.566320110961087E+01 -0.879041519831975E+01
% -0.100699042985260E+02 -0.157669686596918E+01  0.245799039483116E+02
%  0.274533137569693E+02 -0.360040257431738E+02  0.589886606480991E+01
% -0.202937110481481E+01  0.367047965135160E-01 -0.388727359413599E+01
% -0.183435770724723E+01  0.165527628766091E+01 -0.234907586715511E+01
% -0.819748573648615E+01 -0.136688348118785E+01 -0.710700348023203E+01
%  0.153986571743509E+02  0.266225638566734E+02  0.201973677497376E+02
% -0.186084203088175E+02  0.293415288195875E+02 -0.175526556760124E+02
% -0.148330983325309E+02 -0.984694423557381E+00  0.753266458573989E+01
% -0.274511391419934E+02 -0.315786109706430E+02 -0.162566884767475E+02
%  0.668722221918213E+01 -0.126771291075168E+02  0.279274895914587E+02
%  0.161685128324071E+02 -0.148331055080957E+02  0.284920521506679E+02
%  0.134949376311463E+01  0.593790119501790E+00 -0.159567744098002E+01
%  0.300069109047935E+02 -0.336295101466726E+02 -0.311053415305737E+02
% -0.920362171184587E+01  0.550618960733767E+01  0.130868730412782E+02
%  0.183948886874056E+01 -0.172577680025125E+01  0.540898815948559E+01
%  0.558467404107422E+02  0.334062348349789E+02 -0.173806395174577E+01
%  0.287408788078893E+02 -0.132267448169360E+01 -0.847234029238241E+01
%  0.909575442201971E+01  0.169082864335539E+02  0.523234340748512E+01
%  0.472386362792204E+01  0.158815106820216E+02 -0.418376306773165E+00
% -0.265881368375562E+01 -0.172613920168071E+02 -0.882678546890660E+01
%  0.290505442306265E+02 -0.323193811544025E+02 -0.221175032287429E+02
%  0.116326206600860E+01  0.233856968531061E+01 -0.118766480549888E+01
%  0.687127660563552E+00 -0.865400928616037E+01 -0.764871779856909E+01
% -0.149503662349273E+02 -0.134473576109970E+01 -0.858310948177048E+01
% -0.776188430533521E+01  0.315641113982515E+01 -0.981783447860805E+01
% -0.171260575520821E+01 -0.384722264363411E+01  0.114993935368190E+01
% -0.174729405421627E+01 -0.114741508527328E+01  0.525147709085261E+00
%  0.118194826944816E+01  0.662295031606806E+01  0.491574436104141E+01
% -0.200610246545314E+02 -0.428306689074163E+02 -0.347195340925411E+02
%  0.591651937564906E+01  0.183788572995977E+01  0.115959547476724E+02
% -0.252774834847095E+02 -0.390426820227016E+01  0.989106049911340E+01
%  0.179880718775903E+02 -0.961476090489664E-01 -0.721941189286665E+01
%  0.207904881300854E+02  0.722469275097039E+00  0.267004370093046E+01
%  0.189585394960273E+00 -0.155874354768929E+01 -0.308515698094862E+01
%  0.141576259686611E+02 -0.172985987953953E+02  0.100088727169995E+01
%  0.594545574900741E+01 -0.161103113701972E+01  0.490688247564068E+02
% -0.155277531623039E+02 -0.469274793306512E+01  0.465090829812250E+02
%  0.574093220785629E+01 -0.313717573846025E+01  0.851495537260933E+01
%  0.966569694334437E+01  0.380083025321701E+01 -0.415357459832392E+01
% -0.175360542386537E+01 -0.263127989561233E+01  0.353992010748836E+01
% -0.354556023815898E+01 -0.461556211591280E+01 -0.632314017448590E+01
%  0.575477224315573E+01  0.216146717337127E+01 -0.202263798454280E+01
% -0.935055952086145E+01 -0.998148289417195E+01  0.756237512904962E+01
% -0.293756763911175E+02 -0.174256156046205E+02  0.263867397065175E+02
%  0.251458193636953E+02 -0.247633156591362E+01 -0.155566419808112E+02
%  0.604965884030832E+01  0.110687334169443E+02  0.996377978893343E+01
% -0.104409086896739E+02  0.133971149226492E+02 -0.270204982442499E+02
% -0.329301514497590E+02  0.753533271961421E+01 -0.125396437718510E+02
% -0.223381885500320E+02  0.316378552958184E+02 -0.228941429363465E+01
%  0.767146647266186E+01  0.196338245334653E+02 -0.863554721767007E+01
% -0.132851986499102E+02  0.106084175955890E+01 -0.381182767218291E+01
%  0.175592335528799E+02  0.386032832446599E+01 -0.584424494078611E+01
% -0.443309862413271E+01 -0.728015491773803E+01  0.402444721344729E+01
%  0.853595943711663E+00  0.429728523260811E+01  0.986644226882769E+01
%  0.765439770197568E+01 -0.291516310995817E+02 -0.822285602329992E+01
%  0.464931561547457E+00  0.833384827157255E+01  0.462940903565684E+02
% -0.342442480879789E+01 -0.441387221647736E+00  0.735637558572393E-01
% -0.565811778077279E+01  0.915405137532488E+00  0.307114829107395E+02
%  0.110355369134848E+02 -0.571636307107640E+02  0.315413288058818E+02
% -0.551101263612052E+00 -0.799652694515397E+00 -0.717927156799750E+00
% -0.130961439485323E+01  0.285810798624214E+02  0.945090967076055E+00
% -0.651163229946693E+01  0.187535991893326E+02  0.144975835813191E+02
%  0.195187123427538E+02 -0.282545941280276E+02  0.417985356544864E+01
% -0.517736303433511E+01 -0.728207698197889E+01 -0.162501106775223E+01
% -0.180651966188006E+02  0.275743800356933E+02 -0.121032168613903E+02
%  0.244000631438460E+01  0.596086323306486E+02 -0.248846242913455E+02
%  0.184751428646636E+01 -0.213327286561620E+01 -0.891671334447717E+00
% -0.306309130868441E+00  0.110143654043289E+01  0.228699129392149E+01
%  0.195263680954927E+01  0.462339287742778E+02  0.269851222580722E+02
% -0.638986804477294E+01 -0.309086504630325E+01 -0.200787439853687E+01
% -0.305421598026229E+01  0.457297380000776E+01 -0.993081714797956E+01
%  0.170935689896098E+01  0.821327080038034E+01  0.416298102035325E+01
% -0.132005793157028E+00  0.231159451286456E+02 -0.535357238848719E+00
% -0.987777520532875E+01  0.347782875481174E+02 -0.285247606846600E+02
%  0.896002600183315E+00  0.131604499195372E+01  0.161058954839028E+00
% -0.618471084802833E+01 -0.451970194753747E+01  0.962485501885873E+01
%  0.183165823624614E+02  0.101820973540040E+02  0.706896541389551E+01
%  0.643094789639419E+02 -0.725159526109057E+02 -0.800055591939174E+02
% -0.291937806286755E+00  0.421328208719446E+01  0.669572047030023E+01
%  0.523454283476420E+01 -0.121750779600187E+02 -0.192177189814402E+02
% -0.987358527902261E+01  0.994923445650816E+01  0.391867083605986E+02
% -0.168949912956166E+02  0.427054081949616E+01 -0.435746885566787E+01
%  0.114328742343160E+02  0.372931922412589E+01 -0.105958991702227E+02
%  0.718406157270882E+01  0.480508631119650E+01  0.656361776038648E+01
%  0.214067175024594E+02 -0.682135418957422E+01  0.396867301984393E+01
%  0.483395602454235E+01  0.112729191560950E+02  0.512456032443180E+02
% -0.632204060504793E+01 -0.226780810476112E+01  0.549338637606762E+01
% -0.182404034096806E+02  0.261451205376478E+02  0.640028757488681E+01
%  0.244998238873577E+02  0.223446630301479E+02 -0.136819529857289E+02
%  0.452619480065764E+02 -0.958095568776063E+01 -0.492541259775021E+02
%  0.100593585788395E+02 -0.112670920082345E+02 -0.600965050684358E+01
%  0.358282941807835E+02  0.202168335297060E+02 -0.794759703919580E+01
%  0.119388253472182E+00 -0.439097198699429E+00 -0.769593988525910E+00
%  0.231243964110023E+02  0.259043439686373E+02  0.232236830923145E+02
%  0.630915234490454E+01 -0.611384801489928E+01 -0.593466732427868E+01
%  0.439750112253286E+02 -0.455444435135742E+02  0.117646886539190E+01
%  0.138658878612667E+02  0.134510487040294E+02 -0.287004510702453E+02
% -0.191568571849749E+02 -0.322314182233600E+01 -0.162441429596541E+00
%  0.708085739786880E+01  0.111196886049025E+01  0.112252038290129E+02
% -0.903931428476454E+01  0.774485568819056E+00 -0.159526122332264E+02
%  0.812594600978709E+01 -0.209465411914205E+02 -0.390744358508263E+01
% -0.289527827550470E+01 -0.622720132909636E+01  0.162141917315970E+01
%  0.718487431717011E+01  0.172963926775242E+02 -0.117761293876262E+02
%  0.987006907885687E+00  0.357100821224622E+01  0.130972193854295E+02
%  0.279060738034682E+02 -0.288666632187632E+02 -0.238673909498818E+02
% -0.599282711022410E+01  0.743542265705554E+01  0.304515828324190E+01
% -0.180942788191648E+02 -0.488312539675847E+01 -0.282925640455679E+00
%  0.565242362924470E+01  0.478172027278748E+01 -0.130894728897169E+01
% -0.390197136863413E+01  0.304319883790389E+01 -0.971000857180818E+01
%  0.174554094497499E+02 -0.766614614634462E+01 -0.267539180792892E+02
% -0.257578483474183E+02  0.145538999619024E+02  0.231883076818044E+02
%  0.133130459193022E+02 -0.272633708706752E+00  0.218826416981817E+01
% -0.181540662880496E+01  0.110518773377702E+02 -0.149693078411705E+01
% -0.495285009059769E+02  0.234142694722610E+02  0.321394659225959E+02
%  0.161616193914567E+01 -0.108383040081205E+02  0.435702051817694E+00
%  0.933414790548355E+02  0.192210760222335E+02 -0.298446426097763E+02
% -0.830265203024071E+01  0.158838028760222E+02 -0.195882113234789E+02
% -0.302306649936972E+01  0.276224897121132E+02 -0.338475868544838E+01
% -0.925166666857416E+00 -0.350021106797324E+01  0.101813764318482E+02
%  0.217543017935544E+02  0.239911871463422E+00 -0.325817808320170E+02
% -0.597828761920024E+01  0.412355103356904E+01 -0.321846933899904E+01
% -0.359076600473099E+02 -0.101073638439981E+02 -0.149418443612274E+02
%  0.338670957286062E+00  0.968303622000116E+00 -0.599057171518784E+01
% -0.210027657781214E+01 -0.132987617924028E+01 -0.571229747690932E+01
% -0.299613878794935E+02  0.723950803861252E+01  0.510656536993641E+02
% -0.650818005467928E+01 -0.263185301803467E+01  0.301981118893716E+01
%  0.976753170980195E+01 -0.100829733994257E+02 -0.369657232624074E+01
% -0.742958853137186E+01 -0.347816229525114E+01  0.558535628279185E+00
%  0.133171061273970E+02  0.169782391075932E+01  0.391387498866470E+02
%  0.130731449782740E+02  0.359613520252606E+01  0.211063590772444E+01
% -0.766407386761189E+00 -0.157429214105676E+01  0.667918430954173E+01
% -0.679659201359004E+01  0.113049384588381E+02 -0.825530139788490E+01
%  0.853227224230124E+01 -0.134182076249185E+02 -0.145335015066026E+02
%  0.162437731975053E+02 -0.232956945823570E+02 -0.121696505652310E+02
% -0.747814087277933E+01 -0.484167014090542E+01 -0.924900099710862E+01
% -0.400466117094371E+01 -0.285458104928512E+01 -0.166612247360575E+02
%  0.727731706213450E+01 -0.780416461099473E+01 -0.179272398706276E+02
%  0.112818223054528E+02  0.899063795756321E-02 -0.735620003402206E+01
% -0.407882238115029E+01 -0.878772845412057E+01 -0.205756216253477E+02
%  0.651447295014143E+01  0.450959265055616E+01 -0.384495465746962E+02
% -0.207598471426325E+02  0.178340449504377E+01 -0.125017453059833E+01
% -0.203887044668387E+01 -0.376404733392511E+02  0.248603491835665E+01
%  0.216869424679113E+02  0.240887200496492E+02 -0.973243363793882E+01
% -0.172684374024770E+02 -0.311033933617687E+01  0.251328149984151E+02
% -0.210651364964123E+02  0.132023806269638E+02  0.425336236828584E+02
%  0.351738437441708E+01 -0.155860454774747E+02  0.562199584139585E+01
%  0.105683779730685E+02  0.104560996509637E+01 -0.164678882901896E+02
% -0.384364656493774E+01  0.780991889640574E+00 -0.247718312320763E+01
% -0.393670185541268E+02  0.587623986424623E+02  0.103855824164784E+03
%  0.434295016974677E+00  0.727977012226894E+01 -0.138885318313107E+02
%  0.553281296227732E+01  0.272569731434145E+01  0.192997321914043E+02
% -0.231003423538952E-02 -0.198471246181477E+00 -0.177804246950880E+01
% -0.194520104792682E+01 -0.930497303769888E+01  0.151163885956545E+02
% -0.220102644431145E+02  0.252515106074712E+02  0.985625498706630E+01
% -0.187028080744875E+02  0.931834158438548E+01 -0.283737404194606E+01
% -0.926637696576888E+01 -0.138241663546956E+02  0.737922291453192E+02
%  0.439029502658524E+00  0.287261847296839E+01  0.274638679148511E+01
% -0.783934898754532E+01 -0.577822568926649E+01  0.265627258180233E+02
% -0.267338004103386E+02  0.665090429943109E+01  0.143433542811437E+02
% -0.182758915488886E+02  0.413752833266739E+01  0.154640448895325E+02
%  0.262186475271553E+01 -0.670389945458120E+00  0.212579262847255E+02
%  0.340056861179262E+01  0.954636331920130E+01 -0.147801390348964E+02
% -0.694810913746467E+01 -0.695125626168468E+01 -0.124723456438871E+02
% -0.121384928553997E+01 -0.397911696087628E+00  0.182885350265362E+01
%  0.152061038886416E+02  0.156505053197117E+03  0.961391288231334E+01
%  0.128756945398178E+02  0.220063747001390E+02 -0.289902050505592E+01
% -0.423938065158654E+01  0.373267949156801E+02 -0.224270002482260E+02
%  0.307273225364359E+01 -0.111459626843053E+02  0.187406730589816E+02
%  0.173840924353285E+01  0.145451556589542E+02 -0.671440884832977E+01
% -0.629422841389601E+01  0.599602321269933E+01 -0.391980033437678E+01
%  0.285872585208010E+01  0.830265316293278E+01  0.174944516519086E+02
% -0.691421320859624E+01 -0.463550003343114E+01 -0.411382641626279E+00
% -0.285360942481624E+02 -0.139037453610942E+02 -0.630580180413147E+02
%  0.141109154410680E+00 -0.458194373253704E+01 -0.454065150536943E+01
% -0.963233675406273E+01  0.174505633187547E+01  0.368413747470166E+01
