% T    256  0.715122828077254E+01  0.715122828077254E+01  0.715122828077254E+01
   0.159175535300329E+00  0.115922299408346E+01  0.349919398619613E+01
  -0.248059429333291E+01  0.333305354798988E+00 -0.103342305696676E+01
   0.290592726842187E+01  0.165020795049366E+01 -0.298313921083209E+01
   0.218327528854241E+01 -0.127872427952685E+01 -0.322631737011713E+01
  -0.846021121060939E+00 -0.271144650434463E+01  0.157539651422405E+01
   0.458817651741566E+00 -0.581522811974094E+00  0.249637663226799E+01
   0.947436069435609E+00  0.187957434601904E+01  0.637681530040874E-01
   0.328125390802961E+01  0.110649614307799E+01  0.574648729787819E+00
  -0.186362689547196E+01  0.128617764568490E+01  0.295484533102949E+01
   0.112949712744710E+01 -0.903177520474598E+00 -0.253401084556284E+01
  -0.140735745536121E+01  0.104764400108844E+01 -0.247170966346551E+01
  -0.264037965835220E+01  0.324907214173411E+01  0.288065366042774E+01
   0.165342447128790E+01  0.298280637779192E+01  0.244089826301182E+01
   0.229908829183096E+01 -0.129964886373764E+01  0.176980919811577E+01
   0.348259216950488E+00 -0.223698338170657E+01  0.201787364535811E+00
  -0.704826660514862E+00  0.192634484164144E+01  0.765687402103344E+00
   0.879897939289806E+00  0.161337042948776E+01 -0.308863830769009E+01
  -0.270322339490513E+01 -0.203899802410455E+01 -0.198125698611905E+01
   0.561713752519114E+00  0.100103999336717E+01  0.646381167404928E+00
   0.269047687973567E+01 -0.413431347032828E+00 -0.690461573640277E+00
   0.343692669229153E+01  0.145116211319356E+01 -0.480888036313271E+00
   0.917923270411253E+00  0.351328930694009E+01  0.313761648099939E+01
  -0.222680050673888E+01  0.265575169872078E+00  0.750575124926278E+00
  -0.172523963342109E+01  0.228797990444622E+01  0.281474074126629E+01
   0.195215472773864E+01  0.309854111178419E+01 -0.492136974073842E+00
   0.345726181017791E+01 -0.275160830517580E+01 -0.463020496448866E+00
  -0.312246662000869E+01 -0.302470790777320E+01 -0.315662997073543E+01
   0.508008756166015E+00 -0.173979626246454E+01 -0.298908619648973E+01
   0.279840288211963E+01  0.679395272396552E-01 -0.272783423132590E+01
   0.168258454895064E+01  0.245045364925120E+01 -0.163558157776923E+01
  -0.120649936500921E+01 -0.253767278038847E+01  0.338827650457320E+01
   0.167188350359488E+01  0.693872433292051E+00 -0.741493655394529E+00
   0.314824578482449E+01 -0.101489284789545E+01  0.996361309343542E+00
  -0.300280136824235E+01 -0.671780867941850E+00 -0.196003254328697E+01
  -0.201999291053860E+01 -0.142983742667415E+01 -0.268636422328820E+01
   0.124749428376178E+01 -0.225145052780873E+01 -0.661207615205577E+00
  -0.285350467482796E+01 -0.273397939294314E+01  0.294137659762735E+01
  -0.523210008806396E+00 -0.643990831654844E+00 -0.843559468224042E+00
   0.341525381632677E+01  0.235938216912401E+01 -0.351165001663054E+01
   0.142884152378750E+01  0.270696281331717E+01 -0.286545624094754E+01
   0.460105648488721E+00  0.215032964907792E+01 -0.231117883158113E+01
  -0.648279686934885E+00  0.348351170178359E+01 -0.161425045308019E+01
   0.351275021855084E+01  0.220746254071705E+01  0.315547893024442E+00
  -0.336270364515235E+01  0.217655669234619E+00 -0.287986856917373E+01
  -0.173866775882691E+01  0.128414555726674E+01  0.187116460251689E+01
   0.350522558959149E+01 -0.650530575172240E+00 -0.341076752020947E+01
   0.905355269671745E+00 -0.253537803534922E+01 -0.183354844222222E+01
  -0.232062355568262E+01 -0.105741149130928E+01  0.387549478615900E+00
  -0.108694046804543E+01  0.297585726252833E+00 -0.317742528095659E+01
   0.236669866581151E+01  0.350177250902285E+00 -0.148026580527767E+01
   0.198019644116306E+01 -0.348367188944545E+00  0.129369453544989E+01
   0.233071609758268E+01  0.247002832807673E+01 -0.336723510200636E+01
  -0.123663146824609E+01  0.180549977763347E+01 -0.351342382134969E+01
  -0.388240538711789E+00 -0.190091933806398E+01 -0.260345250457159E+01
  -0.136445927016959E+01  0.240384742900832E+01 -0.135330637354374E+01
   0.373130826091550E+00  0.272150204493511E+01  0.316576289096131E+01
  -0.262954004590164E+01  0.101420155309593E+01 -0.205252362131721E+01
  -0.178802782902903E+00  0.334111479802975E+00  0.120679694851735E+01
   0.148620080591427E+01  0.279962872843054E+01  0.435403578115258E+00
   0.861900324520615E-02  0.172195897406051E+01 -0.189012671350853E+00
   0.230679434221706E+01 -0.311888896352857E+01 -0.116191212811761E+01
   0.265352557212655E+01  0.307298036909485E+01 -0.146047311939573E+01
   0.316591991926555E+01 -0.274727509899124E+01  0.314280185168574E+01
   0.932434206633602E+00 -0.151892604493662E+01 -0.175912477147043E+01
  -0.439744249632090E+00 -0.196752716233133E+01  0.106591957924964E+01
   0.291842844461073E+01  0.120867440627483E+01  0.153728760214297E+01
   0.267185755027904E+01 -0.296545478124159E+01  0.403854317375874E+00
   0.512493750519742E+00 -0.161990388634930E+01  0.110966446916442E+01
  -0.197509354306158E+01 -0.337905473730169E+01 -0.295430204357912E+01
   0.130882602921962E+01 -0.776810706546074E+00  0.311760130075818E+01
  -0.167962760442694E+01  0.350177347954326E+01 -0.135327073281553E+01
   0.241468194638260E+01 -0.177260643028543E+01  0.262552503384045E+00
  -0.158042655400555E+01  0.983533438332226E-01  0.310711195949448E+01
  -0.319049944418674E+01 -0.203021481282412E+01 -0.288105440470334E+01
   0.227169491140895E+00 -0.575403441602893E+00  0.140467696443551E+01
  -0.283175581818739E+01  0.925832678961214E+00  0.481172364554833E-01
  -0.384098235610077E+00  0.182641591767440E+00 -0.229828280184497E+01
  -0.150748834375583E+00  0.354741879199399E+01 -0.335967798336294E+01
  -0.295259086978516E+01 -0.208618047530077E+01  0.202300471659234E+00
   0.329789671754073E+01 -0.153708018929588E+01 -0.323196536330567E+00
   0.238102423363495E+01  0.488042805771941E+00  0.236444087556121E+00
   0.192659472400298E+01  0.943874958947118E+00  0.329506696323594E+01
   0.303324625606647E+01 -0.972256800517876E+00 -0.197656293498120E+01
   0.354173334768863E+01  0.681202783511248E-01  0.223380838066523E+01
   0.320112217942703E+01 -0.209079856693681E+01  0.209421072344407E+01
  -0.237114643107294E+01 -0.291118403771181E+01 -0.214932218134649E+01
   0.241443538067226E+01 -0.204611373571032E+01  0.314590508875674E+01
   0.307092548351525E+01  0.241395001475985E+01  0.255082584546513E+01
  -0.220227825333896E+01 -0.233618175961665E+01 -0.343353406896550E+01
  -0.144006464292433E+01 -0.164094117385264E+01  0.312056693289384E+00
  -0.753387047565640E-01 -0.219650401788789E+01  0.242840305466315E+01
  -0.163447345286019E+01  0.237402880865664E+01  0.652941648680602E+00
   0.190105931346970E+00 -0.164606241141101E+01 -0.586072094134357E+00
   0.239301096568140E+01  0.318434001322181E+01  0.974394331586872E+00
  -0.266007219660238E+01  0.330068235920729E+01  0.118452693653589E+01
  -0.135827949095320E+01 -0.270051805992852E+01 -0.211836507827418E+01
  -0.157656632062618E+00  0.145328900812813E+01  0.137810946056198E+01
  -0.160754373329573E+01 -0.554717038388013E+00 -0.113544456725294E+00
  -0.254514557995072E+01  0.227638854528261E+01  0.114771597866038E+01
   0.868029958700953E+00 -0.341406933326025E+01 -0.412177566753064E+00
   0.134794571061742E+01  0.316677700797503E+00  0.227260446308063E+01
   0.296005701549221E+01 -0.323623628746893E+01  0.149304125792315E+01
  -0.272542076045529E+01  0.198865573702013E+01  0.231487358071486E+00
  -0.102844252396688E+01  0.353673415973281E+01 -0.248643731591696E+01
   0.253593792552387E+01  0.252319606272639E+01 -0.244648651186106E+01
  -0.208730775870516E+01  0.135773508696188E+01 -0.586567825306881E+00
  -0.347100235255260E+01  0.165130377386874E+00 -0.112621854576394E+01
  -0.159977358447067E+01 -0.215185049588911E+01  0.144296121282121E+01
  -0.593534385366836E+00  0.938128820848323E+00 -0.944557585813672E+00
   0.147509127504327E+01 -0.191612484041966E+01  0.627261921627132E+00
   0.146270506865265E+01  0.352063314856273E+01  0.148169386417370E+01
  -0.122937420140302E+01 -0.280006393487357E+01  0.385662994661545E+00
  -0.167859251185705E+01 -0.815054457095333E+00  0.131263600026804E+01
  -0.321595097394261E+01 -0.341068793635616E+01  0.218965946350527E+01
  -0.206237123215770E+01 -0.297153242594736E+01  0.930944343892807E+00
  -0.354006583741456E+01  0.274839692238772E+01 -0.160806310421803E+01
  -0.509353418083906E+00  0.325840210662100E+01  0.819653149447690E+00
  -0.320238333269132E+01 -0.347410515654030E+01  0.435426632065672E+00
  -0.330885283591133E+01  0.117943455046688E+01 -0.350191278103044E+01
  -0.207051028787532E+01  0.323545487973109E+01  0.376751485625902E+00
   0.339331245701939E+00 -0.330298844672274E+01 -0.190726287460388E+01
   0.324260798644696E+01  0.267145182891612E+00  0.126506771118754E+01
   0.110591671184367E+01  0.623562581003593E+00 -0.277295641580490E+01
   0.340407999328878E+00  0.695931720510106E+00  0.238704341305779E+01
  -0.358796278713970E+00  0.152043667674373E+01  0.251897543926992E+01
   0.114132162376585E+01 -0.107096480989476E+01  0.155878204684341E+01
  -0.637620318893028E+00  0.267891798545108E+01  0.319660550590888E+01
   0.921315763724639E+00 -0.103661292542994E+01 -0.243319273614842E+00
  -0.111941880415033E+01  0.148604219748472E+00  0.893546862336049E+00
  -0.142275264669534E+01 -0.116169690908351E+01 -0.198133607820170E+01
  -0.283340860880910E+01  0.302676864324332E+01 -0.326853008030694E+01
  -0.302154301985987E+01 -0.346474042313040E+01 -0.121273186819382E+01
  -0.316113231518770E+01 -0.780740575216197E-01  0.520867516059095E+00
  -0.690554594214850E+00 -0.127025951965930E+01  0.162203799319514E+01
  -0.373822660205342E+00  0.100333084401188E+00  0.596006434755937E-01
   0.137964856304799E+01  0.119679356579797E+01 -0.162453741206086E+01
  -0.103017476495509E+01  0.215960299109851E+01  0.170897303546652E+01
   0.228214582673704E+01  0.191464788760757E+01  0.707678652661534E+00
  -0.533480039781323E+00 -0.793707549546308E+00 -0.178925075549836E+01
  -0.687286957545647E+00 -0.231955124879924E+01 -0.226652636363528E+00
  -0.964312772550310E+00 -0.126726477481098E+01 -0.309793672952282E+01
   0.323441151430896E+01  0.115154591578742E+00  0.328055300999160E+01
  -0.332394792411590E+00 -0.332788670652797E+01 -0.110761225000710E+00
   0.187507591652385E+00 -0.124995414787456E+01  0.328434923084559E+01
  -0.274069794875584E+01 -0.795540127718615E+00 -0.298213936172709E+01
   0.152560954994232E+01  0.107564971187330E+01  0.145052254831597E+01
  -0.317862202738176E+01 -0.769042138641400E+00 -0.421266364751541E+00
   0.238456856510953E+01 -0.623253594845564E+00  0.357372352607006E+00
   0.942001418865957E+00  0.101612792518755E+00  0.142763019745126E+01
   0.206187109350300E+01 -0.164543990106593E+01 -0.918835175963038E+00
   0.129967996665848E+01 -0.351991938750987E+01 -0.134024404208630E+01
  -0.208205022897340E+01 -0.130384899282314E+01 -0.646445869428185E+00
   0.215408434458713E+01  0.247227648825119E+01  0.165633928450054E+01
  -0.321920205206385E+01 -0.222327187238206E+01  0.132265712130912E+01
   0.876930285349540E+00 -0.192090490719438E+01  0.213342887294113E+01
  -0.162513834532806E+01  0.127042878750207E+01  0.701746021927810E+00
   0.236284039026937E+01  0.762578527209857E+00  0.228423867224689E+01
   0.347573632598540E+01  0.348621131672848E+01  0.332816686718402E+01
   0.316687616324497E+01 -0.174675764815955E+01 -0.347563378434188E+01
   0.166636782461442E+01 -0.250191244821169E+01 -0.328603607185069E+01
  -0.292933100905421E+01  0.265356829314491E+01  0.210325320017366E+01
  -0.537006090319073E+00  0.959538639458692E+00  0.545184802651010E+00
  -0.263110176971537E+01 -0.138416232700258E+01  0.167759109483178E+01
  -0.235399353040470E+01  0.761805366298056E+00 -0.298424272856378E+01
   0.153293029056163E+00 -0.973788367375429E+00  0.282227974783567E+00
   0.162297220168954E+01  0.113935965011703E+01  0.369884514858189E+00
   0.271540861694187E+01  0.324461505936238E+01  0.214758609777727E+01
   0.219100090514106E+01  0.189155484884228E+01  0.256431202745264E+01
   0.330570900601001E+01  0.273485183807803E+01  0.127760488920936E+01
  -0.287810583073321E+01  0.198143169543019E+01 -0.106327147947660E+01
   0.201642944152034E+01 -0.243905538590919E+01  0.194775018199788E+01
   0.459112944618833E+00  0.260091412273266E+01  0.107222608318827E+01
  -0.262501948395427E+01 -0.210906738998664E+01 -0.832856890304916E+00
   0.232056748818775E+01 -0.314761370016975E+01  0.257116220678396E+01
  -0.259999688719063E+01 -0.301268791801589E+01 -0.332641566414895E+00
  -0.806692995881119E+00 -0.716170534260456E+00  0.547131792979411E+00
  -0.241556777725063E+01 -0.263022047814677E+01  0.209943902257025E+01
  -0.214622226727973E+01 -0.167072965348417E+01  0.264620120497953E+01
  -0.676987736406029E+00  0.384372514852227E+00  0.283838589382187E+01
   0.210567976087282E+01  0.221003831427126E+01 -0.301458190928711E+00
  -0.116885904921640E+01  0.274215395901651E+01 -0.304156744048025E+01
  -0.177959395715141E+01 -0.250322545381741E+00  0.226429830012327E+01
   0.290242811654056E+00 -0.227774115553856E+00  0.343089781728730E+01
  -0.120106161714354E+00 -0.338848980068398E+01  0.266408777155487E+01
  -0.211563411758057E+01 -0.102584447360651E+00 -0.232692420091473E+01
   0.992084314433410E+00 -0.323259971738167E+01  0.224115132100716E+01
   0.166853755190437E+00  0.269327232439153E+01  0.213658319406577E+01
  -0.827048163645936E+00 -0.123244984811562E+01  0.301341497286696E+01
   0.166504274528185E+01 -0.321608183768343E+01  0.188673064332176E+00
   0.186005647927054E+01 -0.109347781574159E+00 -0.245153756006199E+01
   0.102763322508932E+01 -0.273811328106254E+01  0.110566853294737E+01
   0.204983415203081E+01 -0.296310367056665E+01  0.117533600780389E+01
   0.345892811206741E+01  0.417971240856011E+00 -0.226181195278972E+00
  -0.190093867650630E+01  0.165641451471029E+01 -0.189818708399499E+01
  -0.319840783738152E+01 -0.165163975704054E+01  0.285178459567996E+01
   0.231418191772713E+00  0.274956829932221E+01 -0.102041343291210E+00
   0.191584983871270E+01 -0.600384081596507E+00 -0.142535228109597E+01
   0.100958317226061E+01  0.262328016746488E+01 -0.782066673712751E+00
  -0.279431674399075E+01  0.301731514383470E+01 -0.652681583911335E+00
   0.992299521770086E+00  0.553957966719141E+00  0.333301775481835E+01
  -0.125871729032553E+01  0.345318113432332E+01  0.348281205809952E+01
   0.142912395425536E+00 -0.752895266200703E+00 -0.260754204564181E+01
  -0.648434245289904E+00 -0.987745274562723E-01  0.194858770108096E+01
  -0.203951015217917E+01  0.210387731079532E+01 -0.308447645835818E+01
   0.304084325313830E+01 -0.107540701003681E+01  0.299803952983183E+01
   0.356330910895239E+01 -0.255284378125568E+01 -0.152526023871814E+01
  -0.167899311750393E+01 -0.545852673646889E+00 -0.118888568128228E+01
  -0.332602999612226E+01 -0.334147262418484E+01 -0.216382296274698E+01
  -0.232109567274036E+01  0.283334745257122E+01 -0.198461285525160E+01
  -0.131842648582844E+01  0.421893703972992E+00 -0.144576602934834E+01
   0.307367679959371E+01 -0.202098596528394E+01 -0.223691973681676E+01
  -0.122733822622283E+01  0.179066708319898E+01 -0.586323348816739E+00
   0.143741553517345E+01  0.206859405345949E+01  0.331170974581592E+01
  -0.922638351012210E-01  0.258575267702339E+01 -0.307624872354656E+01
  -0.323747440432690E+01  0.198213453849202E+01 -0.229327650555856E+01
   0.121352298114472E+01 -0.346416961256615E+01 -0.283307717661058E+01
   0.219637318533729E+01  0.349711426431987E+01  0.333755856805952E+01
  -0.282591504655709E+01  0.227395357935618E+01  0.318306886436859E+01
  -0.113716184283016E+01 -0.196512308619997E+01  0.244718425173734E+01
   0.843679413820543E+00  0.124060575777088E-01 -0.182543471124908E+01
  -0.793421385570916E+00  0.334187802406946E+01  0.180772600577595E+01
   0.323034071420330E+01  0.285043559633751E+01 -0.453775529115240E+00
  -0.186837113173676E+01 -0.931969589954173E+00  0.351310830688615E+01
  -0.123140224000467E+01 -0.347068675686691E+01 -0.435957486848178E+00
  -0.287228521187503E+01  0.649691613248576E-01  0.147331688527524E+01
  -0.340745911064255E+01  0.169518126279005E+01  0.238867693542317E+01
   0.116252149918243E+01  0.210828099822259E+01  0.177892782740372E+01
   0.294114287885398E+01 -0.213194271949753E+01  0.101665807157223E+01
   0.221362233340007E+01 -0.322725056398912E+01 -0.268330457167322E+01
  -0.151758275392609E+01 -0.248543813752598E+01 -0.750036039055055E+00
  -0.241853135776065E+01  0.610107790388190E+00  0.241307787755132E+01
   0.121900633804911E+01 -0.332669178398133E+00  0.486226780883700E+00
  -0.304704440565790E+01  0.138772041870154E+01  0.110780614934731E+01
  -0.100022309471636E+01 -0.144664992787168E+01 -0.864104817732760E+00
  -0.175367195256930E+01  0.281507867206427E+01 -0.628165404570122E+00
   0.217683347746601E+01 -0.172915365780811E+01 -0.200775366700898E+01
   0.304805537402780E+01  0.139525761175658E+01  0.300100116633848E+01
  -0.351547876723883E+01 -0.143261545985589E+01 -0.122069817478799E+01
  -0.409063344235250E-01 -0.172482841547958E+01 -0.154039841059386E+01
   0.267853443119862E+01  0.145337935388573E+01 -0.164675695664685E+01
   0.323586730575980E+01  0.334998793056561E+01 -0.288547915202774E+01
  -0.304398004376188E+01 -0.567344549361654E+00  0.261980239414662E+01
   0.561950817492381E+00  0.172958641972826E+01 -0.114886000616111E+01
  -0.442211456820114E+00  0.119051973150256E+01 -0.207317702889885E+01
  -0.618373262641761E+00  0.264156801814107E+01 -0.740299965453646E+00
  -0.816668438232376E-01 -0.264495466713564E+01 -0.942857318321165E+00
   0.419765678618514E+00 -0.339912419923576E+01  0.497785870375581E+00
   0.839775955361302E+00  0.851354459592459E+00 -0.266788958908558E+00
   0.138637458018500E+01  0.134523120135523E+01  0.256174611318984E+01
  -0.136257556651460E+01  0.652702225658938E+00 -0.336125546473733E+00
   0.183411375819009E+01  0.161489188986890E+01 -0.275290994918030E+01
  -0.163456200989600E+01 -0.339802319845094E+01  0.253864377796511E+01
  -0.250805705446230E+01  0.174568151589207E+01  0.217895192324692E+01
   0.232870513354168E+01 -0.213271507777330E+00  0.275349281260201E+01
   0.619310558332413E+00 -0.520141602579833E+00 -0.997881367003643E+00
  -0.272559335351765E+01  0.250969164114397E+00  0.324148011360703E+01
%  0.548844253986516E+00  0.119250566868954E+01 -0.181436357523219E+01
% -0.321205163203922E+01 -0.195834540905375E-01  0.742249492130880E+00
%  0.572045419096353E+00  0.523346438727957E+00  0.663827274981726E+00
% -0.340264850418953E+00 -0.966340632222574E+00  0.199032964197453E+01
% -0.650990146158466E+00  0.865099672061733E-02 -0.811770554460638E+00
%  0.122260379047715E+01 -0.225108999686452E+01 -0.186071579494061E+01
%  0.522220561381093E+00  0.966022660884332E+00 -0.152140596764723E+01
%  0.888446342406844E-01  0.126965380793550E+00 -0.175447572146295E+00
%  0.208043284140051E+01 -0.988457700205045E+00  0.533424834347136E+00
% -0.363798265304574E+01 -0.406006597896589E+00 -0.280712549421729E+00
%  0.262005076664564E+01  0.722891073824897E+00 -0.601832049501068E+00
% -0.125073814657705E+01 -0.973672319575105E+00  0.870664961028721E+00
%  0.109516572891459E+01  0.775616985753629E-01 -0.631342622935899E+00
% -0.437953888194106E+00  0.502786541234863E+00  0.413138409554293E+00
% -0.239738455407204E+01  0.846000293609186E+00  0.237518122953244E+01
% -0.579160594760510E+00 -0.488844232119198E+00  0.627923703334191E+00
%  0.173093728644153E-01  0.308301957181523E-01 -0.261608054446327E+00
% -0.343323816543573E+01 -0.147759265043584E+01 -0.218852437276866E+01
% -0.547259018976141E+00  0.698187541934510E+00 -0.212009328316867E+00
% -0.165695291002045E+01  0.520189323963481E-01  0.171070938915360E+01
% -0.702059989311223E+00 -0.115167790332162E+01  0.119872907189859E+01
%  0.269690026371799E+01 -0.107985171154453E+01 -0.275527310017275E+01
% -0.640952783942256E+00  0.466747408088775E+00 -0.967161266197730E+00
% -0.556406786457531E+00 -0.143097480124290E+01 -0.161675818191876E+01
%  0.626739679570891E+00  0.226111266504858E+01 -0.258250342093726E+01
%  0.397637998076678E+00  0.174972634329052E+01  0.173800736376888E+01
% -0.395562712240682E+00  0.196478673304756E+00 -0.176087315296317E+01
%  0.191983124644498E+01  0.215789963090763E+00  0.818790207065245E-01
%  0.244364127392024E+01 -0.613898104632591E+00  0.103570614984421E+01
% -0.798715918600286E+00  0.136867926274446E+01  0.877140320066115E+00
%  0.236364083103119E+01 -0.138078141400568E+01  0.138942049860166E+00
% -0.142351535039413E+01 -0.969286873594840E+00 -0.157202749974646E+01
% -0.455660799493239E+00  0.439293886978532E+00 -0.908718638634493E+00
% -0.328429080097147E+01 -0.127166254124439E+01 -0.827958440183935E+00
%  0.252304421255567E+01  0.151675809962957E+01  0.439157135521521E+00
%  0.165819172339232E+01  0.101375360379841E+01 -0.193760806068032E+00
% -0.338193654367333E+00  0.211833843645824E+01 -0.192409376539478E+01
% -0.365544258686035E+01  0.501652853980239E+00  0.106325911674825E+01
% -0.401269800960311E-02 -0.173238245937576E+01 -0.213224237875891E+01
% -0.113796244677046E+01  0.442385164956523E-01 -0.258886721026220E+01
% -0.676415555803811E+00 -0.271864083947440E+00  0.217328375108405E+01
% -0.521040254938016E+00  0.179790206869436E+00  0.607605433038421E+00
% -0.193690970175945E+01  0.148151997636321E+00  0.103565874951782E+01
% -0.284733626511619E+00 -0.194942557996773E+01  0.139444355998199E+01
% -0.184061062673685E+00  0.241112872555883E+01 -0.110055020422548E+01
%  0.223423147967354E+01 -0.521980309764135E+00  0.123396469215752E+01
% -0.329887055388084E+01  0.127492547826800E+01  0.725859151115395E+00
% -0.326108564875739E+00  0.692576656894584E+00 -0.797193862954543E-01
% -0.744203883518255E-01 -0.610477824742692E-01 -0.242074050489682E+01
%  0.223943013531530E+00  0.345033598109990E+00  0.260702554885254E+00
%  0.471301405822730E+00 -0.855134335120557E+00 -0.515384880545828E+00
%  0.464386943870812E+00 -0.171932183118252E+01  0.360755731457359E+00
% -0.176890487133240E+01  0.220833217913075E+00 -0.274558938650806E+01
% -0.591213106393311E+00 -0.189000218330119E+01  0.780501943351507E+00
%  0.790077684528841E+00 -0.865110364384435E+00 -0.603818485816418E+00
%  0.725342334150938E+00 -0.832747249563115E+00 -0.190125625536914E+01
% -0.230650023586347E+01  0.958350717856188E+00  0.107607511668168E+00
%  0.250164872438809E+01 -0.225437550470554E+01  0.687902423489941E+00
% -0.296885116624393E-01  0.191181391932362E+00  0.232346948823579E+01
%  0.103664881053782E+01  0.180812939068320E+01  0.273411802188951E+01
%  0.169448146927384E+00  0.140094342114735E+01  0.230833333746390E+01
% -0.462438671699011E+00  0.281801252238020E+01  0.223235210253530E+01
% -0.450257404786031E+00 -0.824151778742735E+00 -0.947070779725843E+00
%  0.139394312073095E+01  0.304982242823854E+00 -0.116799340526103E+01
%  0.941276345566912E+00 -0.143076428570383E+01  0.971288872654307E+00
%  0.192643528425232E-01  0.155065393584187E+01  0.721216785595180E+00
% -0.263033970166632E+00  0.207876155304909E+00 -0.100434109072892E+01
% -0.155225785402439E+01 -0.212647832854354E+00 -0.121794481774504E+00
% -0.167626266239647E+01 -0.661311775700537E+00  0.292387167826914E+00
% -0.779705179571116E+00  0.248376886251802E+01  0.204264763666120E+01
% -0.984044995186979E+00  0.207131229850761E+01 -0.132849457045826E+00
%  0.326502087542148E+00  0.167206352051622E+01 -0.129579742014250E+01
%  0.111294858157680E+01  0.764979639528961E+00 -0.865912247491108E+00
% -0.111609311924220E+01  0.165669212580920E+00 -0.446884003523814E+00
%  0.140819735407759E+01  0.454703340423395E+00  0.106888700624465E+01
% -0.507887688378207E+00 -0.698928018603572E+00  0.200117882883804E-01
% -0.153813953409362E+01  0.499942002284238E+00  0.540757698875853E-01
%  0.239074448055289E+01 -0.153875617959815E+01  0.207483142479479E+00
% -0.125110863403320E+01  0.929018679769043E+00  0.452952566830811E+00
%  0.818653894430745E-02  0.113837015682346E+01  0.495611436984520E-01
%  0.863702795455284E+00 -0.162559069922659E+01  0.252503196516473E+01
%  0.961769889121019E+00  0.799856677360921E+00 -0.454849347616074E+00
%  0.530028573120483E+00  0.959989607990292E+00 -0.164589738357502E+01
% -0.155566535753912E+01 -0.273778981809714E+01  0.949340062750768E-01
% -0.267347517215355E+00 -0.121513899019772E+01  0.213260353940059E+01
% -0.141999350593610E+01  0.255088372545078E+01  0.179504504819533E+01
% -0.168168682885138E+01  0.268809442483587E+00  0.135062135175059E+01
%  0.256361832505980E+00  0.174643805010980E+01  0.197088724457997E+01
% -0.670598643174605E+00  0.222341440220382E+01 -0.113625046121785E+00
% -0.365991412922271E+00  0.521206031609469E-01  0.241520693232031E+01
%  0.236673783538358E+01  0.111217933932436E+01  0.429436952039925E+00
%  0.671021918755787E+00 -0.163281878360519E+01  0.140187401592206E+01
%  0.274008125389680E+00  0.116475359283223E+01 -0.770584525378917E+00
% -0.406385415613331E+00  0.206746966369585E+01 -0.613291934571335E+00
% -0.105403667159279E+01 -0.340546445701510E+00 -0.955803175978639E+00
% -0.288520784690735E+01 -0.678358351030895E+00 -0.257269060050294E+01
% -0.110385152632986E+01  0.115078644460457E+01  0.692184783586706E+00
% -0.491128850637781E+00  0.524842476655594E-01  0.125361779204207E+01
% -0.502190040921318E+00  0.424208705131885E+00  0.198421114617887E+00
%  0.821442837635470E-01 -0.131360668611034E+01 -0.213819471430901E+01
%  0.276059230066395E+00 -0.132205357178945E+01 -0.865042266804463E+00
%  0.186687804472059E+01  0.116746776952512E+01 -0.159746997558981E+01
% -0.278313127321547E+01  0.766928206351309E+00 -0.251125370761226E+01
%  0.261741005757067E-01  0.382684317825305E+00  0.142053835001867E+01
% -0.126595274768174E+01  0.326701133527319E+00 -0.128238234320086E+01
% -0.101133136773317E+01 -0.611707500941633E+00 -0.187675722404408E+01
%  0.290305250509238E+01 -0.112853631931954E+01  0.123507032936760E+01
% -0.329217398531572E+01 -0.120463975575724E+01  0.925118307335812E+00
%  0.226195073142900E+00 -0.200999824862802E+01 -0.138681336682227E+00
%  0.556083208524317E+00 -0.215397663955063E+00 -0.109308751388954E+01
% -0.620048412635504E+00 -0.906332345992630E+00  0.127843088233884E+00
% -0.249340640905523E+01  0.224676480887799E+01  0.256630503019197E+01
%  0.138884197198215E+01  0.357259345772655E+00  0.166568402036409E+01
% -0.109737830396842E+01  0.107359229647881E+01 -0.187280327234670E+01
% -0.527742756557494E+00 -0.843138294140022E+00 -0.297067362990953E+01
% -0.182248369790323E+01 -0.213837929619219E+01 -0.151709755809648E-01
%  0.133733222190943E+01  0.118800007904107E+01 -0.119453829920138E+01
% -0.140707087614950E+00 -0.998313107027473E+00  0.128449551606367E+01
% -0.473313012306944E+00  0.414012604531246E+00  0.928332877731925E+00
% -0.683448975861273E-02 -0.402070968489056E+00  0.125897246462654E+01
% -0.167834533309600E+01 -0.270659588823340E+01 -0.118915812607093E+00
% -0.192844425715529E+01 -0.114066033285818E+00  0.528873956754235E+00
%  0.680953436727209E+00 -0.196111935321263E+01 -0.662075448652795E+00
%  0.499960166044633E+00  0.429484726869699E+00  0.260183256676051E+01
%  0.523972561296483E+00 -0.348901432595655E+00 -0.593941816095378E+00
% -0.251255636970580E+01 -0.740670043031040E-01 -0.271903595760407E+01
% -0.232148389761855E+00 -0.224054944456212E+01  0.238520076596426E+01
%  0.109391983520089E+00  0.203097357350053E+01  0.125300295995294E-01
%  0.983818417184467E+00  0.400547954444644E+00  0.139535825427498E+01
% -0.606037034523828E+00 -0.165783019373964E+01 -0.363924547823231E+00
% -0.216289470827701E+00 -0.243305547780538E+00 -0.226088252240440E+01
%  0.862238387603704E+00  0.514930431527436E+00 -0.687775618642970E-01
%  0.280440345110271E+01 -0.154066263497062E+01 -0.115791704958475E+01
% -0.285619172143486E+01  0.262865885082752E+00  0.107569945625618E+01
%  0.745848798484158E-01  0.290931515059570E+01 -0.227689376379489E+00
% -0.140402092320694E+01 -0.203551975068332E+01 -0.220711954740666E+01
%  0.628104363312592E-01  0.423876059840078E+00 -0.997330207290940E+00
% -0.131865098522003E+01  0.186521774165285E+00  0.254214643912887E+01
%  0.246047737850487E+01 -0.662762284990313E-02 -0.281219979006670E+01
%  0.233075391140671E+01  0.147310915086749E+01 -0.291276905645835E+01
% -0.133871431908917E+01  0.169071929855109E+01 -0.865291708634131E+00
% -0.216085327063798E+01 -0.380240281384994E+01 -0.186154480261563E+01
%  0.195729069542966E-01 -0.131066155134002E+01 -0.219730993800121E+00
%  0.531775234628127E+00 -0.208909984918725E+00 -0.199605314669769E+01
%  0.245319962837379E+01 -0.133121879138942E+00  0.524941175772685E+00
% -0.352449012747484E-01 -0.196326538438348E+01  0.160223249208404E+00
%  0.198425447951523E+01  0.129921910900540E+01 -0.151401276535359E+01
%  0.568937331991531E+00 -0.135659866744938E+01  0.172757907112504E+01
%  0.106479504632945E+01 -0.246658106539714E+01  0.134369091526452E+01
%  0.226382044626655E+01  0.213546644619835E+01 -0.336668007406376E+00
% -0.280294029492398E+01  0.531452856876393E-01  0.158659933540146E+01
%  0.652361642311259E+00 -0.152230618854397E+00 -0.368706799952690E-01
%  0.169883620531044E+01 -0.477943307985699E+00  0.104979963652517E+01
%  0.320803521937278E+01  0.115631345388286E+01  0.408780922205072E+00
%  0.886642177319173E+00  0.348114868948214E+01 -0.775363662081403E-01
% -0.130136239856244E+01  0.187101636766438E+01  0.547778365177733E+00
%  0.655581332370973E+00  0.787569537321614E+00  0.228480285992570E+00
%  0.245369244696271E+01  0.103553119407875E+01  0.497996011075827E+00
% -0.246801958305200E+01 -0.246930512771471E+01  0.140840886249283E+01
%  0.625815509721966E+00  0.234728069892070E+00 -0.139672973835663E+00
%  0.697048008278718E+00  0.169631758220035E+01 -0.772424624423165E-01
% -0.165332388839354E+01 -0.121288852260904E+01  0.193341495396974E+01
%  0.114186769333187E+01 -0.292309146869628E+00  0.759605530332351E+00
% -0.110345173267099E+01 -0.174438095278740E+01  0.150790778522442E+00
% -0.222514928774901E+01 -0.102229043719550E+01 -0.360758863139799E+01
%  0.484298693087710E+00 -0.143995914096442E+01 -0.171523277110600E+01
% -0.191613822478775E+01 -0.219471627229818E+01 -0.436158422540604E+00
% -0.772528217203451E+00  0.228001361809153E+01  0.172015264448182E+01
%  0.411552456875258E+00  0.178351319923460E+01 -0.205347903381807E+01
%  0.123474983539008E+01  0.221980020631365E+01  0.583055485138665E+00
%  0.214863904053950E+01 -0.608826042190816E-01  0.246093119800970E+00
% -0.142940072294376E+01 -0.223511731510421E+00 -0.953779395321554E+00
%  0.869577295281765E+00  0.201762759488838E+01 -0.259036602186455E+01
% -0.129956261966869E+01  0.207534424338120E+01  0.219562869554265E+00
%  0.244044284403045E+01 -0.102224267929654E+01  0.158610316718129E+00
% -0.194409859702245E+01 -0.759589184437322E+00 -0.542720961265823E+00
% -0.838492557615199E+00 -0.238466604397949E+01  0.914838743623168E+00
%  0.871065027893188E-01  0.115536938656197E+01  0.241271847792105E+01
%  0.404399324979212E+01  0.312242790453716E+00 -0.104208690660826E+01
%  0.273053299074283E+00 -0.302092510977613E+01 -0.108590643478177E+01
%  0.184953710007653E+01 -0.104086632165877E+01 -0.320663177619525E+01
%  0.134521940229276E+01  0.126527517860486E+00 -0.111551620028340E+01
%  0.108373500040287E+01  0.753068485847096E+00  0.206594983699721E+01
% -0.803708629880029E+00 -0.975247093681219E+00  0.164835923679573E+01
% -0.723684545769377E+00 -0.169567298892911E+01  0.122848063255088E+01
%  0.132821759184870E+01 -0.128148378592576E+01 -0.285063776959911E+01
% -0.585473543356858E+00 -0.311344637820427E+01 -0.348482127109471E+00
%  0.100898860100715E+01  0.428033493616619E+00 -0.860601661612189E+00
% -0.879879887632669E+00 -0.911197409465680E+00 -0.102350653728459E+01
%  0.103629299380233E+01 -0.714696682893599E+00 -0.158131923175326E+01
%  0.109014675152489E+01 -0.669125554367183E+00 -0.612887910105530E+00
%  0.163644161754116E+01  0.122950443191114E+01 -0.523294727701453E+00
%  0.114235614614129E+01 -0.433322526834676E+00  0.587518876507315E+00
%  0.209413772707039E+01  0.171469929566905E+01 -0.291054811912581E+00
%  0.308013480121369E+01  0.142583889179505E+01  0.218753669195700E+01
%  0.177230790456374E+01  0.232740422865377E+00  0.132412946262565E+01
%  0.215804502575290E+01  0.350641611150225E+00  0.588622502206734E+00
%  0.300821099024001E+00 -0.174340369693240E+01  0.226540767718180E+01
%  0.103362650153293E+01 -0.831688340780402E+00  0.273752848744224E+00
%  0.562083612608875E+00 -0.243079610470248E+00  0.185494005251787E+00
% -0.198908343579106E+01  0.109648112449455E+01  0.475769251408938E+00
% -0.190232571933456E+00 -0.145259316252673E+01 -0.572826760673376E+00
%  0.573890011705314E+00  0.227296835731499E+00  0.142082969408300E+00
%  0.586160809188109E+00  0.321787679319403E+00  0.209227044311533E+01
% -0.654141545502382E+00 -0.222487791228329E+01 -0.263711889004570E+01
%  0.415466678890756E+00 -0.873732645676916E+00 -0.261772703598513E+00
% -0.257208955894397E+00  0.161170291358685E+01 -0.182682141391485E+00
%  0.172136984192601E+01  0.227317793970969E+00  0.850239735397527E+00
%  0.708256093077142E+00 -0.134808124975465E+01 -0.507885174404537E+00
% -0.238987150022614E+01  0.349510478769553E+00 -0.365142948767437E+00
%  0.612850401159285E+00 -0.292097040219745E+00 -0.114989342543284E+01
%  0.237943172130774E+01  0.169354548445646E+01 -0.357408371623505E+00
% -0.126563211342868E+01  0.199240359171364E+01 -0.705027834927912E+00
%  0.664759473304640E-01 -0.148023776298584E+00  0.278676256526992E+01
%  0.809722873929275E+00 -0.189855974930453E+00 -0.155711099732896E+01
%  0.106460338447767E+01  0.205199734900633E+00  0.117368448390718E+01
% -0.238697887975957E+01 -0.504436151114500E+00  0.253518603772293E+00
% -0.997281361952148E+00  0.732226321170780E+00  0.126334051873241E+01
%  0.129826449110216E+01 -0.119932612051075E+00  0.131229366540291E+00
% -0.263730588651096E+00  0.905408198756442E+00  0.275158163234709E-01
% -0.290184222309850E+00 -0.292522740083824E+01  0.126891235961985E+01
% -0.342187918997689E+00  0.174856919627152E+01  0.556316430969924E+00
%  0.123925207926556E+01 -0.134999686514930E+01 -0.295740482051719E+00
% -0.682902302125544E+00  0.102830392990013E+00  0.668102775964747E+00
% -0.988388954219180E+00 -0.147534195600859E+01 -0.164534668106642E+01
% -0.663625259065928E+00 -0.125911093358279E+01 -0.668182134338035E+00
% -0.947466511889101E+00  0.318646099383257E+00  0.139475045757016E+01
%  0.217918967100806E+01  0.158631561921749E+01  0.338238906618753E+01
%  0.241656281944263E-01  0.231195825364814E+01  0.492229172665782E+00
%  0.248377460482444E+01  0.302683778656490E+01  0.104580494637967E+01
%  0.470300590754137E-01 -0.489646457230677E+00 -0.132594353980796E+00
%  0.128319493734935E+01  0.969525147825598E-01  0.500429167455797E+00
% -0.500068542221116E+00  0.125490383854120E+00  0.580779494778235E+00
% -0.383320441387628E+00 -0.289773653217767E+00 -0.179815591378712E+01
% -0.149880388637553E+01  0.917904162776901E+00  0.112805864047809E+01
% -0.443331239665367E+00 -0.382217821330062E+00  0.362110593222942E+01
%  0.289096954915076E+01  0.107531909000734E+01  0.442717177251569E+01
%  0.122720963453027E+01 -0.104319918958033E+01 -0.122435199885007E+01
% -0.389959449115604E+00  0.869738119243071E+00 -0.124314449779875E+01
%  0.834337678835319E+00  0.263268300076660E+00 -0.200724979058934E+00
%  0.100136338670475E+00  0.231721655456075E+00 -0.122975060292345E+01
%  0.414870990299065E+00  0.118571633361997E+01 -0.737363278006429E+00
% -0.575753947366425E+00 -0.341292831327455E+00  0.622175353131441E+00
%  0.192799144908453E+01 -0.163399853127264E+00  0.106308643928201E+01
%  0.108904666593215E+01 -0.562365796165072E+00  0.189428635100678E+01
%  0.560852912614643E+00  0.183305726325677E+01 -0.365430736692524E-01
% -0.824184602695304E+00 -0.623453427258309E+00 -0.124335726360118E+00
%  0.756988221343682E+00  0.252139608491102E+01 -0.191460117663818E-01
% -0.322581722115550E+01 -0.440749402383129E+01  0.224695417096482E+01
% -0.253671448332562E+01  0.793705798764437E+00 -0.222425324983225E+01
%  0.815551413376671E+00  0.256154360466494E+01 -0.171402024101932E+01
%  0.271112185102966E+00 -0.155565071108990E+01 -0.769517330841094E-01
% -0.577302980967118E+00 -0.661023767184432E+00 -0.211937310569152E+01
% -0.112105131450502E+00 -0.264699574664080E+01 -0.448561353246800E+00
% -0.710367743521937E+00  0.479859739401739E+00 -0.128156770362677E+01
% -0.222210540282986E+01  0.324752757545752E+00  0.181935536590601E+01
% -0.196789634271053E+02 -0.281650093501736E+01 -0.101486243381338E+02
%  0.237379290220628E+02  0.417312125288670E+01  0.258218488573197E+01
% -0.443940981657745E+00 -0.183482464417305E+02  0.690827223460815E+01
% -0.757969203645179E+00  0.215418355959766E+01  0.213984877962956E+01
%  0.357484480398572E+02 -0.572180318396049E+02  0.243739201390249E+02
%  0.755754346178967E+00  0.164241348320547E+01 -0.284437024946493E+02
%  0.263241987150435E+02  0.166636075062470E+02  0.596101375752096E+01
% -0.850117268681849E+01  0.691261634099514E+00 -0.188294532138517E+02
%  0.366831009894341E+00 -0.130081258062325E+02  0.121402617801752E+02
%  0.265469840381958E+02  0.705586790323138E+01 -0.133142333369456E+02
%  0.109633492455458E+02 -0.247837665446954E+02 -0.235661278595492E+02
%  0.179364456992910E+02  0.170608352522296E+02  0.108792048096348E+02
% -0.229430373340934E+01  0.108928364450025E+01  0.763504633801128E+01
%  0.143724901049061E+01 -0.441181770478208E+01 -0.769211103953259E+00
%  0.615871285152357E+01 -0.175118193725450E+02  0.188763624444118E+02
% -0.212824846618205E+02  0.448278801244343E+02 -0.507606408662165E+02
% -0.781595119559442E+01  0.325853679522158E+01 -0.313576521291597E+01
% -0.150735553305508E+02  0.578560988251776E+02  0.247358698180009E+02
% -0.126965281247010E+02  0.495744709131357E+01  0.442476825762770E+02
%  0.713885306324696E+01  0.911025489876491E+00  0.191399244533798E+01
%  0.165923646204616E+01  0.582817068068647E+01 -0.283076835101978E+01
%  0.261572117833836E+02  0.256069654102776E+02  0.292970208613913E+02
%  0.356095087624192E+02  0.109707609019029E+02 -0.193326987973106E+02
% -0.839630912759178E+00  0.205836048640692E+02 -0.544546751940598E+01
% -0.118822861973255E+02  0.968170539540146E+02 -0.263598217610167E+02
%  0.185788398622989E+01  0.491197835308730E+00  0.466596925690561E+01
%  0.687394803499050E+01 -0.695368979405883E+01 -0.674242047194074E+01
%  0.309348765985300E+02  0.150026209667635E+01 -0.241905891791554E+01
%  0.857873877321664E+01 -0.273490294342594E+00 -0.581980389059159E+01
%  0.187223747909509E+01 -0.696745229607523E+00 -0.251280120816068E+01
%  0.423992811530989E+01 -0.313971266276655E+01 -0.852419282150641E+00
%  0.350056615399103E+02 -0.897877607491492E+01 -0.761591709126595E+01
%  0.321775473874293E+01 -0.152208456658566E+01  0.263018647329523E+01
% -0.305041187690996E+01 -0.281099419461101E+00  0.780722673455697E+01
% -0.167050163084635E+02 -0.308236242724012E+02 -0.254459639595521E+02
% -0.124898713238435E+02 -0.675017744688721E+01  0.354396460397344E+01
% -0.260730916636442E+02 -0.524208904332516E+01  0.499646324201069E+02
%  0.396351879383511E+02  0.742624525597627E+02  0.564733846902052E+02
% -0.389866691818978E+01  0.123752843970735E+02 -0.209367483920317E+01
% -0.991006886885436E+00 -0.242122465143714E+02  0.256165458794064E+01
%  0.409748423228346E+01  0.546877675233072E+00  0.189469538403243E+02
%  0.233659634542504E+02 -0.402075086103385E+01  0.553308231299451E+02
% -0.612226635318384E+02  0.812762863292387E+01  0.169665452280694E+02
%  0.256613902451521E+02  0.781708430149372E+01  0.473335731033728E+00
%  0.512476084143586E+02 -0.276928337496786E+02 -0.255522299007351E+02
%  0.229508017853186E+02 -0.516046128147543E+02  0.559396014336285E+02
%  0.301728552316698E+02  0.269278596106475E+02  0.571312962800972E+01
% -0.244872027784032E+02 -0.489402916974017E+01  0.150712342042358E+02
%  0.820449880427184E+01  0.494851334990088E+00  0.111719984028232E+02
%  0.687125803662358E+01  0.529915119065283E+01 -0.615180533424073E+01
% -0.156733851972955E+01  0.585652049023121E+01  0.829479936897877E+01
% -0.903880307879791E+01 -0.673051475175314E+00 -0.692564046472139E+02
%  0.504758266595372E+02 -0.239073499273245E+02 -0.183082979340659E+02
% -0.106913492170235E+02 -0.209185909437015E+02  0.285726399446151E+02
%  0.185658621308673E+02 -0.270627324412513E+02 -0.114799622291777E+03
%  0.133792308955157E+01 -0.371119437896786E+02 -0.212913024565761E+01
% -0.289469782745815E+02 -0.179717068761925E+02  0.165987952242328E+02
%  0.441838710535762E+02  0.115807464970869E+02 -0.661635700649219E+00
% -0.519050271873289E+01  0.701512516778224E+00  0.491223464266569E+01
% -0.359058512460373E+02 -0.153365865929284E+02 -0.542791970047431E+01
%  0.266238921136351E-01  0.700955611689754E+01  0.446104761116246E+01
% -0.142034021585876E+02 -0.129420927831207E+01  0.212324574275181E+01
%  0.503957483809708E+01  0.200010206584998E+02 -0.572950219687557E+01
%  0.130479566115571E+02  0.101477496808071E+02  0.155382290794310E+02
%  0.165673191455016E+02 -0.499038165717258E+02 -0.736748797581318E+02
% -0.122282543020983E+01  0.221578851953071E+02  0.687366379645865E+01
%  0.243716378706481E+02 -0.289486077101029E+01 -0.236134686125315E+02
% -0.245026541612865E+02 -0.300882117752538E+02 -0.266296589134203E+02
% -0.239039325940443E+01 -0.625430293963198E+01 -0.129491457153411E+02
%  0.315366509763689E+01  0.145257881329667E+01  0.373501373559003E+01
% -0.113745079821614E+02  0.178704699170831E+02 -0.271247504608396E+02
% -0.303125170563391E+01  0.122338676777705E+02 -0.276062808171553E+02
% -0.246165591894863E+02  0.186648999481377E+02  0.640477880403766E+02
%  0.704356699336580E+01  0.935596641356631E+01 -0.504915007020466E+01
% -0.257955243770690E+02 -0.348591299067298E+02 -0.274320707620482E+01
%  0.481806555366789E+01  0.797634103229115E-01  0.676498653806103E+01
% -0.549901901560270E+00 -0.101964022595804E+02 -0.102568648677883E+01
% -0.282897590155862E+01  0.187616024437489E+02 -0.731877040092419E+01
% -0.182236693986138E+01  0.141073517211784E+01  0.297652429838271E+01
% -0.230350345068937E+02 -0.163347434682029E+02  0.432644011009972E+02
%  0.167663985158159E+02 -0.134567011624028E+02 -0.286329185596167E+01
%  0.321994992601351E+02  0.290277674628545E+00  0.196476574896433E+02
% -0.480277148911044E+01  0.893173281693131E+01 -0.299289972870928E+01
% -0.483287597182800E+02  0.525767952598275E+02 -0.153594597831008E+02
% -0.663488495538695E+01 -0.138937616193258E+01  0.877050218984520E+01
%  0.780285708600605E+01 -0.477224256649132E+02  0.474195079441656E+01
% -0.422943863049060E+02 -0.591042958525316E+01 -0.289542509596627E+02
%  0.811164918437409E+01  0.481677744651963E+01  0.149195784267420E+02
% -0.581061539935054E+01  0.335536207186419E+01  0.558817543326573E+01
%  0.763887393689814E+01 -0.457472685353376E+01 -0.108239493984240E+01
% -0.110511492203435E+02 -0.314071731574607E+01  0.153642969720276E+01
%  0.849585285704893E+01 -0.120345827058888E+02 -0.170774891409651E+01
% -0.113398191901546E+02  0.878527238535175E+01  0.139504059414339E+01
% -0.312705421693525E+01  0.761485013412357E+01 -0.195802677755078E+02
% -0.561281648395448E+01  0.199496557957394E+01  0.412615395047114E+02
%  0.763076158747233E+01  0.111058075794298E+02  0.532775591829469E+01
%  0.399751347748586E+02 -0.241566029885614E+02  0.507330497058751E+02
%  0.181554668063534E+02  0.231503977883407E+02 -0.446775539675607E+01
%  0.689000689358165E+01  0.945130861016559E+01  0.375488605565639E+02
% -0.128055171693284E+02 -0.285109122145473E+01 -0.138910870007212E+02
%  0.232439057409551E+02  0.381215979868180E+00  0.427865961221219E+02
%  0.362501408364410E+02  0.308138427314050E+02 -0.165742413239117E+02
%  0.617064864826021E+02 -0.214912059838645E+02 -0.447789706338802E+02
% -0.108624739812910E+02  0.202412721348873E+02 -0.358124074569854E+02
%  0.126702267429356E+02  0.584962144612232E+01  0.644432936587511E+02
% -0.453465688030764E+02 -0.117124494116802E+02 -0.559661207687246E+01
% -0.102020584729304E+02 -0.193645770117491E+02 -0.475001229975438E+02
% -0.457495856307566E+02  0.445497797988265E+02 -0.863915079104628E+01
%  0.256337671960924E+02  0.130465882844459E+02  0.377523431225711E+00
% -0.126573547098947E+02  0.311155163583581E+01  0.174064146137233E+01
% -0.220598181573638E+02 -0.720702884937316E+02 -0.505152974906779E+01
% -0.172900936811386E+02 -0.213911885074927E+02  0.355440125821901E+02
%  0.935948773898357E+00 -0.365688773739215E+00 -0.465454731191262E+01
% -0.152821791014198E+02  0.362172078581269E+01 -0.140247611604911E+02
% -0.195906272980337E+02 -0.150770931154975E+01  0.880923350570625E+01
%  0.156783995333447E+02  0.105055937242272E+01  0.169737423007276E+01
%  0.137370883353553E+01 -0.534142717266812E+01 -0.125022861865010E+02
% -0.161555610585838E+02  0.764598534984026E+01 -0.174719572892297E+02
%  0.783242929431883E+01 -0.295677661311443E+00  0.417697582479014E+01
%  0.174043512903815E+01  0.166614284123087E+02 -0.301122304860812E+02
% -0.289519262241517E+02 -0.409853242415249E+02 -0.426590850359423E+01
% -0.698300863973539E+01 -0.112118228779276E+02 -0.154882847402467E+02
%  0.130234501552240E+01 -0.251555880393717E+01  0.943485765824480E+01
% -0.670838240783211E+00 -0.412040230046614E+01 -0.115294073361555E+01
% -0.386944677289136E+01  0.415349678685576E+01  0.376777258355339E+00
%  0.508382872601051E+02  0.399947243707578E+02  0.251789045792596E+02
% -0.142119309863423E+02 -0.934581248619404E+01 -0.221950955650369E+02
%  0.935547286888338E+02 -0.285787113342442E+02 -0.584818441206487E+01
% -0.354603301161896E+02  0.194849327653988E+02  0.798023525320507E+01
%  0.305097255867143E+01 -0.661720932688912E+01  0.198057575105168E+02
% -0.425811694040157E+00  0.806710240483385E+01  0.230497465764775E+02
% -0.269332631031429E+02  0.956244218869971E+02 -0.674535826625518E+02
% -0.152879678905276E+02 -0.143815035519785E+02 -0.193276895582983E+02
% -0.229021791436562E+02  0.670863453201307E+02  0.531834415836720E+02
%  0.848787472741027E+01 -0.133901455174569E+02 -0.173855270962028E+02
%  0.271368367362345E+01  0.170056636771667E+01 -0.111741218191535E+02
% -0.401619824742293E+01  0.385383415120622E+01  0.144210499491640E+02
%  0.601360812808117E+01  0.192529743063371E+01  0.771286931883825E+01
%  0.234337870886296E+02  0.514946705078234E+01 -0.383847346461494E+02
%  0.387277791180386E+02  0.493505283362169E+02 -0.466805187341884E+01
% -0.157811376282631E+02  0.194229555263927E+02 -0.309484644158125E+01
% -0.194085948965939E+02  0.670190572497764E+02 -0.351261936913358E+02
%  0.125425986738168E+02  0.448596871176692E+01 -0.122470369655466E+02
%  0.339335234596399E+01 -0.113074970969584E+02 -0.116825349414010E+01
% -0.482588545855805E+00  0.114843053447732E+02 -0.477338613265766E+01
%  0.141187608569778E+01  0.563120165704528E+00  0.392059484312190E+01
%  0.123630429954554E+02  0.149521409748080E+02  0.973505203173084E+00
% -0.209134574366881E+01 -0.205914287876858E+01 -0.865667238611722E+01
% -0.132846453020382E+01  0.138614507294416E+02 -0.363267196952620E+02
%  0.825653233516152E+01  0.802537349732759E+01  0.153256394675914E+01
%  0.510806152316744E+01 -0.443119172119862E+01 -0.115591353553657E+02
%  0.265844771661247E+01 -0.402108013949749E+00  0.738293037508034E+01
%  0.367895886922304E+01 -0.131862363751097E+02  0.198724502512879E+01
%  0.131536937800481E+02 -0.721438541095107E+01 -0.149960029538823E+01
%  0.115275136218041E+02 -0.369701997741981E+01 -0.158088371725112E+01
% -0.202297418391805E+01 -0.357797301244137E+01 -0.187887602867491E+01
% -0.507090686700637E+01  0.313397882489531E+00  0.670984226582926E+01
%  0.148995901706338E+02 -0.281802546264276E+02 -0.375559952936147E+02
%  0.324919426393810E+02 -0.170413042301281E+02  0.516227509176201E+02
% -0.529180561975445E+00  0.164912182903431E+01 -0.181124360101367E+01
% -0.172441404286459E+02  0.125466015247418E+02 -0.121496887856589E+02
% -0.162576436422849E+02  0.240906159890571E+02 -0.323743530895651E+02
%  0.312230241815935E+01  0.300851169284438E+01  0.174608882964802E+01
%  0.650646472796002E+01 -0.357238561205517E+01 -0.241474456228139E+02
% -0.539486333540443E+02  0.459378480719046E+01  0.431997944844234E+02
% -0.409734900034220E+01  0.639692433638815E+01  0.411182378747064E+01
%  0.406970807476982E+01 -0.441512763986385E+02 -0.558155249070321E+01
%  0.192688615995944E+02  0.130618043486545E+02 -0.932945946989018E+00
%  0.685238158746941E+01 -0.141872548663639E+01  0.683447172901748E+01
%  0.105902255241226E+01  0.638822219229040E+00 -0.161039153229130E+01
% -0.108488319338452E+02  0.636967260436393E+02  0.445142176965477E+02
% -0.102267237640701E+01  0.846298390343625E+00 -0.748722321494276E+01
% -0.194535812927640E+02 -0.142553510556307E+02 -0.166984494069252E+02
% -0.464413408263717E+01  0.699081412886525E+02 -0.349826798710610E+02
%  0.930961821758703E+01 -0.105544436198500E+02  0.734955930713097E+01
%  0.118325105809925E+01 -0.365460656866639E+02  0.488499338749772E+01
%  0.263151740539852E+02  0.757843395392229E+01 -0.503185055641123E+02
%  0.861925592119555E+00  0.348468910205320E+00  0.276509000486098E+01
%  0.310042907494264E+02  0.197100012244811E+02  0.938755078955098E+01
%  0.130422005992214E+02 -0.916887970224363E+02  0.136044463841554E+02
% -0.366547788317907E+01 -0.584374590428186E+02  0.274630965528078E+02
% -0.152198841456766E+02 -0.322501982434495E+02 -0.701434214411755E+02
% -0.781909002801919E+01  0.136575194258664E+02  0.200683101248679E+02
%  0.869494254163155E-01 -0.354753677735430E+01  0.913105944608072E-01
%  0.335913757993873E+01  0.477538409323752E+00  0.238081739142961E+01
% -0.133519457528141E+02  0.289367010374589E+02 -0.197289375107698E+01
% -0.381192323412476E+01  0.488019792494360E+00 -0.607810989870326E+01
%  0.305610578002206E+01  0.289626345549435E+02  0.876610955788568E+01
%  0.273601174621707E+01  0.164765405228677E+01  0.998510123415183E+01
% -0.222233887417131E+02 -0.384519799878679E+01  0.108479709396450E+02
% -0.129151351260725E+02  0.538357346991885E+01  0.358433151931798E+01
%  0.166993499189238E+02  0.169791340503116E+02 -0.674827747378396E+02
% -0.267953033072039E+02 -0.352033029093460E+00  0.338292815820529E+02
% -0.119187449065202E+01  0.447375117483867E+02  0.278576112215149E+02
% -0.279612924272304E+01 -0.421665777951048E+01  0.150677169654512E+01
% -0.725304875031484E+00  0.135109951554347E+02  0.150077508257604E+02
% -0.894163621054756E+01 -0.107651669872070E+02 -0.425008665630610E+01
%  0.898831017667322E+01  0.517682308455148E+01 -0.111295449055363E+01
%  0.277697962483687E+02 -0.972656015215115E+02  0.857758473685349E+02
% -0.433945798044389E+01 -0.678416413761761E+01 -0.121547644927674E+02
% -0.522424333546637E+01  0.477867431506986E+02 -0.316998550698932E+02
% -0.199584993737069E+02  0.151425411445067E+01 -0.759416440999115E+01
% -0.169714263228708E+02 -0.272150442375743E+02  0.930365822946233E+01
% -0.497332239275443E+02  0.130623265187704E+02  0.225654363373014E+02
% -0.275097966998768E+02  0.191332153265922E+02 -0.644033225784792E+02
%  0.847744004937619E+01 -0.311213026324160E+00  0.162125094922126E+02
%  0.377237665531231E+01  0.157726228181959E+02 -0.400067856467944E+01
% -0.641143959547306E+01 -0.646684299162961E+01 -0.124978117983743E+02
% -0.244163215580003E+01 -0.106106719817198E+01  0.621049864439964E+00
% -0.106086678187051E+02 -0.176553108999337E+01 -0.128675061934732E+02
%  0.302364693991566E+02 -0.616120876904797E+01 -0.234560489982997E+02
%  0.423192119257116E+02 -0.289316050725411E+01  0.267864317918644E+02
%  0.501126269365044E+00  0.121865012532245E+02  0.185485721518627E+01
% -0.144646929015432E+01 -0.207387082529771E+02  0.185710968619469E+02
%  0.275801641287421E+01 -0.299859504618618E+01 -0.538895264175727E+01
% -0.170917983252052E+02  0.194374843383117E+02 -0.157582261337329E+01
% -0.109654655902989E+02 -0.477965330389682E+02  0.735129442299400E+02
%  0.126408660344626E+02 -0.255797397267764E+02 -0.148892326362061E+02
% -0.100767893793662E+02 -0.286286269140531E+02 -0.263537921073215E+02
%  0.672301437140735E+01  0.890476650312798E+01 -0.197375322873383E+02
% -0.286593295214859E+01 -0.169623858104517E+01  0.153347880488731E+02
% -0.323400656274592E+01  0.674608360775543E+01 -0.103288719931786E+02
%  0.637154478176484E+00  0.199288625988464E+01 -0.801103666334522E+01
% -0.272918340089884E+02 -0.273832100788241E+01 -0.564548075521029E+01
% -0.170962013864949E+01 -0.349381145251189E+01  0.408565195079742E+02
% -0.447779851055239E+02 -0.138841862330879E+02 -0.811044895914799E+01
% -0.425161875965410E+01 -0.252948768176771E+00  0.251056602277898E+01
%  0.381405034299663E+01 -0.810969856790034E+01  0.238987727036751E+02
%  0.147405450523539E+02 -0.281744098603502E+01  0.223541959031235E+01
% -0.250186117913296E+02  0.600961232946749E+00 -0.139386717676487E+02
%  0.404648057680058E+01  0.125039026075655E+02 -0.545583157346380E+02
%  0.892753510631071E+00  0.266464332622421E+01  0.145447459039773E+01
%  0.454171036013120E+01 -0.119209007670270E+02  0.105723178364650E+02
% -0.376789897759518E+02 -0.660051644742289E+02 -0.233265835106206E+01
% -0.447500165394540E+02  0.129905129314132E+02  0.936303738366477E+02
% -0.411247710476861E+02  0.150755717659297E+02  0.668103717713979E+01
% -0.341823962064273E+02 -0.133560090123348E+02  0.225709087842064E+02
%  0.202007567566511E+02 -0.168592916445627E+01 -0.434914780423343E+02
% -0.222972731787955E+02 -0.555381498733447E+01 -0.264998960716984E+02
% -0.241647590515889E+01  0.208464259117897E+01 -0.175327178189068E+01
% -0.169461835058057E+02 -0.132554359039327E+02  0.259631989019900E+02
%  0.464789086878350E+02 -0.554172514083762E+02  0.307866637187090E+02
% -0.426512307502338E+01 -0.377600537629443E+01  0.346912393210010E+00
%  0.609372779493537E+01  0.134481111440243E+02  0.751508774556538E+01
%  0.193851504215104E+02  0.147244391874525E+02  0.137591494785966E+02
%  0.189359624504516E+02 -0.139869272430120E+02 -0.206541813401816E+02
%  0.270087203436174E+02 -0.534286952818755E+01  0.396116756042877E+02
% -0.323102427889465E+02 -0.454634913015068E+01 -0.292758787801759E+02
% -0.488481089426384E+02 -0.164921773834644E+02 -0.247991033292659E+02
% -0.465643336911531E+01 -0.137028994604318E+02  0.172635337630737E+02
%  0.149903558057944E+02  0.176287920585668E+01  0.628501556711963E+01
% -0.313907810150613E+01  0.415385319661723E+01 -0.614541088812745E+01
%  0.469858207976647E+02  0.148198240957884E+02 -0.777386287693700E+00
% -0.365767713847925E+01 -0.319825845669653E+01 -0.127707737119081E+00
% -0.212288500106491E+02  0.102990206722068E+02 -0.209205774361001E+02
% -0.190374442596660E+02 -0.190265019420403E+02  0.520436960640762E+02
