% T    256  0.715122828077254E+01  0.715122828077254E+01  0.715122828077254E+01
  -0.751407649752714E+00  0.769158940161316E+00  0.158000736921457E+01
   0.290918155447200E+01 -0.783531103673128E+00 -0.183833153978282E+01
  -0.382453923094344E+00  0.195743002118674E+00  0.304967460386487E+01
   0.386733543738739E+00  0.236127967443709E+01 -0.304801268959039E+01
   0.285160255503757E+00 -0.304300582660060E+01  0.737780227731419E+00
  -0.641773835530667E+00 -0.169745467322194E+01 -0.336556252092128E+01
  -0.336339699045094E+01  0.275156819108795E+01 -0.244438495637239E+01
   0.742021591204620E+00 -0.337334742819679E+01  0.165917070235972E+01
  -0.312094301590144E+00 -0.199553362381664E+01  0.221022710815835E+00
  -0.342407493846895E+01  0.396411889664142E+00 -0.141800938079030E+01
   0.114924425050449E+01  0.226277737584025E+01 -0.133495778862328E+01
   0.800079617004154E-01 -0.119879322999104E+01  0.108713417862492E+01
  -0.782966594604076E+00 -0.353073513652534E+01 -0.189880118490302E+01
  -0.154100960101208E+01  0.172359799023563E+00 -0.252114310006916E+01
   0.214015574593132E+01 -0.345566780819232E+01 -0.333621058536902E+01
   0.114377806787304E+01 -0.281829543334148E+01 -0.149350961387790E+01
   0.101302860283951E+00 -0.312950838097111E+01 -0.122279328731872E+01
   0.138452396158315E+01 -0.106623038904305E+01 -0.275236798405859E+01
   0.786285619968435E+00  0.273229199486175E+01  0.143528101772106E+01
  -0.134036023501453E+01 -0.134154347811659E+01  0.242116702764515E+01
  -0.317166463182375E+01  0.256713675670200E+01  0.571860088202169E+00
  -0.782823305857674E+00 -0.110896572711808E+01  0.827388242820712E-01
   0.243027397026997E+01 -0.253639266106534E+01  0.343915792905123E+01
   0.134887744811000E+01  0.721520035504542E+00  0.252313762033430E+00
   0.318865150459808E+01  0.169330767819613E+01 -0.334872817777255E+01
  -0.344968481098756E+01 -0.119313741259640E+01  0.355355182766567E+01
   0.286244002443301E+01  0.302377029646607E+01  0.526071498743822E+00
  -0.264451593888493E+01 -0.143719084353401E+01 -0.637883094373114E+00
   0.124876598300850E+01 -0.289420719005139E+01 -0.341963223121702E+01
   0.289338652625029E+01 -0.246059289312985E+01 -0.756377477979844E+00
   0.820696587954767E+00  0.167235104255022E+01 -0.210540740927292E+01
   0.814171428820892E-01  0.263263929639573E+01  0.308540205929104E+01
   0.109390977147477E+01 -0.192860276678763E+00  0.318955452032357E+01
   0.802585806241488E+00  0.158971250372950E+01  0.352128482447209E+01
   0.316898863847891E+01 -0.176527974112495E+01 -0.217713148457513E+01
  -0.564857569492997E+00 -0.833825704153574E-01  0.106584166814378E+01
  -0.287196763114140E+01 -0.265054457664863E+01  0.193229618061100E+01
   0.562353361931593E+00 -0.140382600568568E+01 -0.339883700126559E+01
  -0.243203624914337E+01  0.144352207740581E+01  0.392426321307644E+00
  -0.309926478068667E+01 -0.113349634075186E+01 -0.252666659111004E+01
  -0.131361186673960E+01 -0.289583822147687E+01  0.335027703049495E+01
  -0.885197131103526E+00  0.826905814500255E-01  0.115719590642016E+00
   0.144539787276236E+01  0.686265516003114E+00  0.138849542074130E+01
  -0.337055383813650E+01  0.196306454224705E+01 -0.142281017408421E+01
  -0.173849411596116E+01  0.336104798231705E+01  0.120900294322726E+01
   0.686229198804986E+00 -0.157736838170205E+01 -0.135955125138215E+01
  -0.568626335576243E+00 -0.167910211620647E+01 -0.189577207418544E+01
  -0.136026352083445E+00  0.989974181040746E+00  0.243698135367975E+01
   0.963086246826353E+00  0.133651084239482E+01  0.238490692327816E+01
  -0.211939028181457E+01  0.252998891069288E+01  0.646140365129695E+00
  -0.122865797136628E+01  0.183232215607183E+01  0.386529360781111E+00
   0.267920958598903E+01  0.344264172410544E+00 -0.276698993403936E+01
   0.305601887645919E+01 -0.149410489004530E+01 -0.335397940356881E+00
   0.232722523095739E+01  0.252684323246485E+01 -0.155396253142706E+01
   0.407975673868982E+00  0.813676917171683E+00  0.762829572573903E+00
  -0.844084190651374E+00  0.345830067021032E+01  0.598046265554754E+00
   0.319535923817869E+01 -0.207296713481940E+01 -0.331843069691447E+01
  -0.284407282816041E+01  0.386290277791021E+00 -0.258964827658755E+01
  -0.191323490989900E+01  0.162693675247285E+01  0.288774015304463E+01
  -0.283789750690683E+01  0.956412326504396E+00 -0.543206992328903E+00
  -0.529700376215898E+00  0.204035863352654E+01  0.112682921835806E+01
  -0.172224402103307E+01 -0.354349930813271E+01 -0.242493324303935E+01
  -0.298481408940876E+01 -0.648407095037525E+00  0.100727613489173E+01
   0.332239411643487E+01 -0.997839180063717E+00  0.145192815313121E+01
  -0.155927357217635E+01 -0.258738103108576E+00  0.222349710127333E+01
  -0.208665843874603E+01  0.344014010196729E+00 -0.142502327543634E+01
  -0.718972211046318E-01 -0.246903523939315E+01  0.146803585083060E+01
   0.847203977023140E+00 -0.707770912436714E+00 -0.190118460327149E+01
   0.174618300823107E+01 -0.214361341369676E+00 -0.281672938239681E+01
  -0.115901952285597E+01  0.279843403691570E+01 -0.121296263611618E+01
  -0.342185059601536E+01 -0.194279770177705E+01 -0.113788526499626E+01
  -0.254969513267900E+01 -0.258702960087239E+00 -0.524147192154973E+00
  -0.272994970849497E+01  0.804541918198238E+00  0.280569761019099E+01
   0.211703237702420E+01 -0.159376408768409E+01 -0.611467113266897E+00
   0.343248775410131E+01 -0.402482807647784E+00 -0.280898583885068E+01
  -0.156775599312016E+01  0.829417004339524E+00  0.446883259789972E+00
   0.267943200114755E+00  0.161751453268620E+01  0.169108307487687E+01
   0.268480584700011E+01  0.271444945196741E+00 -0.159515080529439E+01
   0.285812235067289E+01  0.313853816030749E+01 -0.261495139182171E+01
  -0.316505704647049E+01  0.183862719885747E+01 -0.133550874475100E+00
   0.196845619450740E+01  0.320406758002409E+01  0.279175211156606E+01
  -0.369888907212541E-01 -0.970727765535314E+00  0.287887434826753E+01
  -0.137931284669238E+01 -0.229335945911820E+01  0.803125223421778E+00
   0.277933380967057E+00  0.657209435739707E-01  0.186941580614589E+01
   0.318294195551760E+01  0.283531951415987E+01  0.219984633840879E+01
  -0.160396968319705E+01 -0.197905092400809E+01  0.305447992196709E+01
   0.497460736086113E+00  0.113227809570697E+01 -0.130095447916060E+01
   0.247883064357948E+01 -0.692733051835266E+00 -0.858481956902331E+00
  -0.240548765692236E+01  0.240930292910343E+01 -0.162957728370342E+01
  -0.325278723008895E+01 -0.221834981441692E+01 -0.726970684238367E-02
   0.286258924933108E+01 -0.280249200161005E+01 -0.231902489132724E+01
   0.200861861653789E+01 -0.353134317300126E+01 -0.971857488487159E+00
   0.232223585710481E+01 -0.305660053636043E+00  0.207194773897762E+00
   0.254850966589712E+01  0.646973636481740E+00 -0.851632617669748E-01
  -0.204445656428703E+01 -0.103359070581460E+01  0.168397570457124E+01
   0.920085817427939E+00 -0.348496386754686E+01  0.287150064279909E+01
  -0.234063841657117E+01 -0.166496040353929E+01 -0.163062673119236E+01
   0.312823905945906E+01  0.925137121862893E+00  0.320839527322709E+01
   0.278462464557505E+00 -0.259755695964041E+01  0.240945977546763E+01
  -0.634691328452954E+00  0.661784095379163E+00 -0.323054547633844E+01
   0.285720404889966E+01 -0.348354841155741E+01  0.165756434487704E+01
   0.179429369561621E+01  0.182825158441474E+01  0.184276231038009E+01
   0.340727893684214E+01 -0.144521543820618E+01  0.598092492443044E+00
  -0.143450407803410E+01 -0.838277796474454E+00  0.942248704465044E+00
  -0.132656936866757E+01  0.184631162449357E+01 -0.631805748077785E+00
   0.145626604066450E+01 -0.153452356144824E+01  0.322135586701944E+01
  -0.324904053890521E+01 -0.325077698401342E+01  0.302163174544286E+01
  -0.356787890794218E+01  0.787491478596858E+00 -0.304464798545415E+01
  -0.155164939949560E+01  0.326433366891529E+01 -0.345292333310148E+00
  -0.224307086304102E-01 -0.252009487622165E+01 -0.307021920910557E+01
  -0.429337655712783E+00 -0.347183951048373E+01  0.160036600880097E+01
   0.282917634833362E+01 -0.228775771406015E+01  0.167546489029804E+01
  -0.102387961403537E+01 -0.258805160643129E+01 -0.167779438789054E+01
  -0.295849555313513E+01  0.269604587730034E-02  0.355423333548390E+01
   0.182801241688776E+01  0.686567056442173E-01 -0.647618622193581E+00
  -0.110580178498256E+00  0.681587691998467E+00 -0.567700909758700E+00
  -0.305074097642700E+01  0.298646023889359E+01  0.334308051762313E+01
   0.235885159289468E+01 -0.185669343292754E+01 -0.294695297544595E+01
  -0.229061001047409E+01  0.219516385830854E+01 -0.458078796904254E+00
   0.283985915627783E+01  0.171470648656231E+01 -0.223884163422687E+01
   0.339822548265988E+01 -0.748567768592307E-01  0.185686683117585E+01
  -0.989161226094982E+00 -0.288591560583842E+01 -0.274027358911531E+01
   0.112112881704482E+00  0.259218745337429E+01 -0.112223473260303E+01
  -0.312319489825624E+01  0.160165085783208E+01 -0.231118023510521E+01
   0.446172764443967E+00 -0.336781704061574E+01 -0.286120179562867E+01
   0.176143030663139E+01  0.289129156277588E+01  0.181994846971746E+01
   0.307695156117045E+01 -0.602236771069751E+00  0.282959705387948E+01
  -0.349964453880973E+01 -0.783964050339788E+00 -0.998910595976991E+00
  -0.137047951122570E+01 -0.282862115577013E+01  0.172441526745332E+01
   0.310903000826039E+00 -0.239369160244071E+01 -0.208961923469929E+01
   0.271222052806746E+01  0.149325497146326E+01  0.215465994108647E+01
   0.340263196901886E+01 -0.202539467257159E+01  0.246987687218367E+01
   0.581185628880465E+00  0.284989352738021E+01  0.359377007989097E+00
   0.220778074965204E+01  0.222098195399669E+01 -0.307311859690689E+01
  -0.680216591448492E+00 -0.321426515961240E+01  0.262685029091310E+01
   0.235141247916538E+01 -0.228385646619640E+01  0.682612306443337E+00
  -0.267315398154812E+01  0.127793726747056E+01 -0.348900114248621E+01
  -0.332237820948058E+01 -0.187220011717281E+01  0.157389846145427E+01
   0.464909053094528E+00  0.291292655241537E+01 -0.211040141077789E+01
   0.782525113981043E+00  0.176639941638898E+01  0.857389774006022E+00
   0.206747367764338E+01  0.106661334964638E+01  0.340032086783838E+01
   0.132431938366588E+01  0.517457225350973E+00 -0.191212142903734E+01
   0.249638304377163E+01  0.801423731028531E-01  0.214234379192771E+01
   0.156098635695474E+01 -0.575559660956173E+00  0.227215274030373E+01
  -0.319011000182547E+01  0.193350102189029E+01  0.276297199402238E+01
  -0.120186286663108E+01  0.730755070363196E+00  0.269914364935544E+01
   0.951522880678301E-01  0.172192967729454E+01  0.121390006433145E+00
  -0.292659770713174E+01 -0.198909271895118E+01 -0.320587780910449E+01
   0.151875957864469E+01 -0.336864338513649E+01 -0.243784679339748E+01
   0.124540538209719E+01 -0.352196123016919E+01  0.570215804818395E+00
  -0.279442539677953E+01  0.327495136201718E+01  0.133196761647617E+01
  -0.307872800290057E+01 -0.251186835892547E+01 -0.229071315655786E+01
   0.356366029258122E+01 -0.125771842071643E+00 -0.168890000770191E+00
  -0.957955548252068E+00 -0.164936272108832E+01 -0.779768869156069E+00
   0.126261063062372E+01 -0.254474887958960E+01  0.273808727235605E+01
  -0.348341588605863E+01 -0.323177663667635E+01 -0.171934538192657E+01
   0.226414074170322E+01 -0.308239302155309E+01 -0.782716675944399E-01
   0.157040138772454E+01  0.270813184274778E+01 -0.226881282608888E+01
  -0.496160909567343E-01 -0.227703889768807E+01 -0.856160939536541E+00
  -0.656830318958586E+00 -0.122967315224425E+00 -0.998539263985994E+00
  -0.202484164699647E+01 -0.352057053410782E+00  0.291903348255622E+00
  -0.267580235547881E+01  0.233726948101254E+01  0.173519805203704E+01
   0.240987571531798E+01 -0.105079733202859E+01  0.202544329816024E+01
   0.219252158300953E+01  0.210891672132744E+01  0.293953313438551E+01
  -0.183581933730896E+01  0.783036952393216E+00 -0.451165210805878E+00
   0.381155901474728E+00  0.165071820704129E+00 -0.146360595772737E+01
   0.125460520069821E+01 -0.114187633239054E+01  0.111969891019379E+01
  -0.186051740433589E+01 -0.357042350102284E+01 -0.340367977147916E+01
  -0.635443914799181E+00  0.276057082980341E+01 -0.296042795102951E+01
  -0.143538220765219E+01  0.223057634065935E+01  0.175190062147206E+01
   0.250421779807527E+01  0.129254146699190E+01 -0.123222180081839E+01
  -0.337242414455621E+00  0.266828369920416E+01  0.206681149299480E+01
   0.104574125190549E+01  0.320446295428061E+01 -0.146382078540851E+01
  -0.350307254998167E+01  0.106929443974408E+01  0.201562790749465E+01
   0.189080035063059E+01  0.306263779906527E+01  0.115607262936375E+00
   0.263626833649594E+01  0.254083145155629E+01 -0.542664291540102E+00
  -0.140116136096571E+01 -0.421867443174859E+00 -0.164917936032950E+01
   0.210178441330214E+01 -0.331240764530576E+01  0.957191665360850E+00
  -0.217702166383374E+01 -0.785945099308128E+00  0.287172172444509E+01
   0.145033459864286E+00 -0.123616395902637E+01 -0.246661930544275E+01
   0.162239104709297E+01 -0.177673904339178E+01  0.217467183867257E+01
   0.167951501219615E+01 -0.120373098804450E+01 -0.158604076143903E+01
   0.221342718575863E+01  0.171401774403134E+01 -0.335799472620229E-01
   0.123301018232141E+00 -0.213363025602080E+00  0.197103924146776E+00
  -0.186987966235732E+01  0.107239996644564E+00  0.130617927435942E+01
  -0.282845535851771E+01 -0.186862540581637E+01  0.298237008031692E+01
  -0.275989499793800E+01  0.232456123276058E+00  0.364811059198970E+00
  -0.197873408857121E+01 -0.198394531847722E+01  0.192536978128692E+01
   0.120046037654614E+01  0.261809401477427E+01  0.261676473680634E+01
  -0.724802144250395E+00 -0.321938772655515E+01 -0.410899783745239E+00
  -0.164460148737851E+01  0.412236671293047E+00 -0.357273962430354E+01
  -0.128519427918684E+01 -0.655151520547563E+00 -0.347795009093360E+01
  -0.339760108355687E+01  0.983283412316629E+00  0.681241015035203E+00
   0.820490679717563E+00 -0.168917646333438E+00  0.980114928545811E+00
   0.152291340640014E+01  0.120127476154863E+01 -0.288130896210937E+01
  -0.221535320094653E+01 -0.343811857994947E+01  0.217614507646458E+01
   0.264578070050136E+01 -0.144294607114644E+01  0.322996135101185E+01
   0.278589248000900E+01 -0.293821107342692E+01  0.251570346680232E+01
   0.178018076461015E+01 -0.258195801974997E+01  0.158306092276409E+01
  -0.331384135911504E+01 -0.267012184590109E+01  0.967052452245411E+00
   0.607255684913706E+00 -0.117983967748802E+01  0.194545167603319E+01
  -0.249786003735178E+01  0.343815346320064E+01 -0.142955223282241E+01
  -0.232305260550966E+01 -0.638785572951459E+00 -0.304481979509363E+01
   0.207529531585972E+01 -0.363182803477688E+00  0.130817304776661E+01
  -0.168394552732241E+01 -0.220571622039548E+01 -0.314229709652533E+01
   0.911810068521747E+00 -0.206538377183154E+01  0.139745331989700E+01
  -0.247372304466181E+01 -0.181675217787887E+01  0.911973839503159E+00
   0.337230290732967E+01 -0.336581620320104E+01 -0.695708644070902E-01
  -0.177430426656327E+01  0.124831285850047E+01  0.186227609624552E+01
  -0.103173698897687E+00 -0.326840135615060E+01  0.343172374275607E+01
  -0.586514250743555E+00 -0.517251470179082E+00 -0.250367941355678E+01
   0.640076183539278E+00 -0.459591328535245E+00 -0.643699366233765E+00
   0.246722694300771E+01  0.761874088032010E+00  0.136137747896937E+01
   0.345767364361673E+01  0.201857962990595E+01  0.125132585494820E+01
  -0.164170721969726E+00 -0.983056924110202E+00 -0.118026880963493E+01
  -0.221125462859632E+01  0.224525192216069E+01 -0.326365920620342E+01
  -0.192574188290745E+00  0.301248476052136E+01 -0.288855916123015E+00
  -0.332362518151985E+01 -0.113885754811238E+01  0.248504824894733E+01
   0.135528755497360E+01 -0.213177352428564E+01 -0.240761659960772E+01
   0.221410866222301E+01 -0.134513252365710E+01  0.779310449634909E+00
  -0.165789854564028E+01  0.122322454662990E+01 -0.276174216007577E+01
  -0.335035023240920E+01  0.283436871486382E+01 -0.656330097413685E+00
  -0.133992341152213E+01  0.219515252094395E+01 -0.193916241761097E+01
   0.664330722893876E+00 -0.141515731342263E+01 -0.904240472143453E-01
  -0.475458575004089E+00 -0.634202535250488E+00  0.196249079662148E+01
  -0.287960415121812E+01  0.325239932043627E+00  0.146738683592592E+01
  -0.160508364191667E+01 -0.128516606461140E+01 -0.230039403951285E+01
  -0.220482274931454E+01  0.133081083046130E+01 -0.157550527936751E+01
  -0.221576563093080E+01 -0.267936180840282E+01 -0.717476637008203E+00
   0.139073187051865E+01 -0.234898102096699E+01 -0.136473627621627E+00
   0.188110778498893E+01  0.213702026141888E+01  0.891774736782981E+00
  -0.635256865868477E+00  0.719555889315947E+00 -0.221025427789316E+01
  -0.257870222945134E+01  0.353857505834784E+01 -0.227069965262627E+00
  -0.702975334487143E+00 -0.215237765140816E+01  0.260721145949688E+01
   0.175470739982984E+01  0.164426481277850E+01 -0.189455744101917E+01
   0.142218229890532E+01  0.132069386670299E+01 -0.872216185895115E+00
  -0.147300084802137E+01  0.309549909595388E+01  0.258073529574960E+01
  -0.215461629187872E+01 -0.269384917134819E+01 -0.172540716467793E+01
   0.123175932734707E+01  0.287575255716309E+01 -0.347114304025915E+01
  -0.110960643240812E+01  0.883468598901709E+00 -0.132459703799017E+01
   0.610304260252399E+00  0.325681480795172E-01 -0.254740125154097E+01
   0.316445100155904E+01  0.149261056053362E+01 -0.559818398790505E+00
  -0.178943272944670E+01 -0.180407929188760E+01 -0.875986950777280E-01
  -0.147249843439599E+01 -0.574285418093805E+00 -0.612382143885320E+00
  -0.229342227810848E+01 -0.283065829971989E+01  0.307626918395028E+01
   0.119571901131948E+01  0.222716598993429E+01 -0.249839672782367E+00
  -0.230932578356380E+01 -0.280039931774507E+01  0.672769222753354E+00
  -0.274066295477991E+01  0.139056329875695E+01  0.146077928623798E+01
   0.508249673769685E+00 -0.305201425938805E+01 -0.227323563438093E+00
   0.331200029488472E+01 -0.332244576527938E-01  0.786593342144711E+00
  -0.584845520370231E+00  0.182940852422327E+01  0.316542292120705E+01
   0.228372525486837E+01 -0.214657514461662E+01 -0.172715453255624E+01
   0.210684070631115E+01 -0.136293876113154E+00  0.311613766912051E+01
  -0.259088739269940E+01 -0.558483891329814E+00 -0.168895190979203E+01
  -0.312589486356495E+01 -0.320412669838016E+01 -0.311018622523011E+01
   0.303716699269039E+01  0.326683236781875E+01 -0.123784905456626E+01
% -0.879412071460909E+00  0.752682676677942E+00 -0.600368108318656E+00
%  0.438943536284146E+00  0.186672783181406E+00  0.260163403671827E+01
%  0.103874458324234E+01 -0.205495653237810E+00  0.192967293758040E+01
% -0.103431693655188E+01 -0.107995317110429E+01  0.879849538035667E+00
% -0.145057300949197E+01 -0.833341917044010E+00  0.625969629168203E+00
%  0.188352175654222E+01 -0.603237263900944E+00  0.479543852036188E+00
%  0.205596003262312E+01  0.162462299311925E+01  0.975286156639021E+00
%  0.587541905282997E+00 -0.214698431975335E+01  0.140007422712494E+01
%  0.607501932484245E+00  0.159803940174177E+01  0.286253531891515E+00
% -0.327960447381614E+00 -0.103039075316962E+01  0.202902584982405E+01
%  0.117822258404527E+01 -0.471646984379255E+00 -0.172903128015732E+01
%  0.450649683493403E+00 -0.470996196291030E-01 -0.178140460519944E+01
% -0.220650448135580E+01 -0.555255204914336E+00 -0.945842857181136E+00
% -0.481821117720579E+00 -0.182058160330883E+01  0.101300084023424E+01
% -0.241141837587580E+01 -0.274755998732225E+01 -0.129567724254298E+01
% -0.111008754741009E+01  0.945151446781489E-02  0.148886641978595E+01
%  0.100700209517757E+01 -0.837561867817129E+00 -0.681220748362399E+00
% -0.852686448521517E+00 -0.522267512489742E+00 -0.106288073043321E+01
%  0.368633298976607E+00 -0.187518473684955E+00  0.646015356442866E+00
% -0.106849101962452E+00  0.488768922883904E+00 -0.990162337056632E+00
%  0.125133485969556E+01 -0.136863264139622E+01 -0.224221249547724E+01
%  0.741532956099226E+00  0.297978368397811E+01  0.605253796781174E+00
% -0.237769896111456E+01  0.597520776552325E+00  0.195340911805095E+00
%  0.940979889787593E+00 -0.896461876255022E+00 -0.133729633270165E+01
% -0.596029386625069E+00  0.487775116363568E-01  0.147831967640154E+01
%  0.120360731833918E+01 -0.102405277374259E+01  0.819057339912239E+00
%  0.254232265773241E+01  0.402156569608803E+00 -0.893822407550413E+00
% -0.637774768810137E+00  0.731308286359507E+00 -0.602732252171727E-01
%  0.111447783657123E+00 -0.236645035349975E+00  0.192049927148480E+01
%  0.935308384617139E+00 -0.185985151772950E+00 -0.123085464386714E+01
%  0.494629337602921E+00  0.137690725955788E+01  0.206340050712451E+01
% -0.594598236105045E+00 -0.357437485950279E+00  0.907171117169702E+00
% -0.430009622467589E+00  0.117906309377113E+01 -0.330406540007239E-01
% -0.130479974873019E+01  0.234646166296730E+01 -0.108146163773677E+01
% -0.206350343347234E+01  0.673224077418241E-01 -0.436816877943550E+00
%  0.198614683724000E+01 -0.259887485730133E+01  0.372286355557135E+00
% -0.444126264531176E+00  0.112680111115824E+01  0.280052185092426E+01
% -0.247120361200650E+01  0.190454081628010E+01 -0.984151654459366E+00
% -0.157237672509240E+00 -0.106127769083768E+01 -0.112516459503758E+01
% -0.355558188390918E+01  0.346915087835681E+00  0.120312608403434E+00
%  0.827573471850975E+00  0.153320155700434E+01 -0.273870050437440E+01
% -0.166210357804084E+01 -0.141426889160867E+01 -0.603485466389225E+00
% -0.261858704102554E+01  0.265507444153075E+01  0.229439839377481E+01
% -0.257568334332269E+00 -0.516727476159240E-01  0.723234220900807E+00
% -0.101561330704993E+01  0.100076229602887E+01  0.857153914900041E+00
%  0.130932262089729E+01  0.645575207740575E+00  0.216349635017532E+00
%  0.697436881390847E+00  0.836640529438434E+00 -0.603129906991747E+00
%  0.908469159039535E+00 -0.803811628633905E-01 -0.758180771995392E-01
%  0.546936903454689E+00 -0.260841314777107E+00 -0.263424178427661E+01
% -0.122803912684840E+00 -0.285562324022667E+00  0.718096592104330E+00
% -0.703800843805384E+00 -0.943166171062789E+00 -0.210071306959778E+00
%  0.194907256402929E+01  0.228934707247702E+01  0.360068401929009E+00
%  0.114297182270433E+01 -0.106213087650756E+01 -0.110578283302157E+01
% -0.291116742481057E+00 -0.107444188090271E+01 -0.986066505209038E+00
%  0.580768953176096E+00  0.999844049414409E+00  0.171270476126329E+00
%  0.636670419766232E+00 -0.136855673862092E+01 -0.251821333711234E+00
% -0.390537224876784E+00 -0.619367237557443E-01  0.564532217967216E+00
%  0.777242525688690E+00  0.262450222916215E+00 -0.259948584380151E-01
% -0.114175121018432E+01 -0.104309789915167E+01 -0.665420967432937E-02
% -0.185398016584934E+01 -0.117976042091791E+01 -0.782158003037106E+00
%  0.180908019555791E+00  0.213835065627950E+00 -0.614212180468303E+00
%  0.243308379933275E+00 -0.576158029673904E+00 -0.109783803875340E+00
%  0.291736991366579E+01  0.312423369679077E+00 -0.829484935471284E+00
%  0.128295993301805E+01  0.152281147972456E+01  0.217939668464730E-01
%  0.179095721525305E+00  0.773965092927783E-01  0.229293350484243E+00
% -0.558275241286177E+00 -0.468702268211173E+00 -0.341797320464498E+01
% -0.195677657347217E+00 -0.901372144958634E+00 -0.719396219635913E+00
% -0.905105659069533E+00 -0.824947726773985E+00  0.127011898287108E+01
%  0.443626361981710E+00 -0.610180462619316E+00  0.487236756103484E-01
%  0.863160750941645E+00  0.116992780944318E+01  0.301317115317350E+01
% -0.179535950754972E+00 -0.788078682579672E+00 -0.201828179374106E+01
% -0.511171564125994E+00  0.153277305880891E+01  0.276994233760736E+00
%  0.138918866313299E+01  0.549850513437430E+00 -0.880777857319444E+00
%  0.643984715058789E+00 -0.917738905170047E+00 -0.567512740562579E+00
% -0.189139072198457E+01 -0.209342276657069E+01 -0.809534917269101E+00
% -0.468193046050498E+00  0.118906998199539E+00  0.147506537978425E+01
% -0.322166096222160E+00  0.446270662244922E+00 -0.226518672592964E+01
% -0.122193455157770E+01 -0.203483524018791E+01  0.476808877124783E+00
%  0.301177156186017E+00  0.151717607199903E+01  0.707640147045518E+00
%  0.382191452461481E+00 -0.160830746460113E+00  0.307573299720719E+00
%  0.210442209749156E+01  0.180749108196730E+01  0.157385077145278E+01
% -0.382139486975228E+00 -0.539326373735628E-01  0.141514468463562E+01
%  0.127329085035791E+01  0.818506366597605E+00 -0.140883325199963E+00
% -0.171411393757619E+01  0.262707654529318E+00 -0.902881134358926E+00
%  0.451526729751109E+00 -0.506514518754971E+00 -0.239641007566672E+01
%  0.140907629992116E+00  0.114220218510595E+01 -0.135476123042356E+01
% -0.734708976864226E+00  0.926558012028549E-01  0.164437077182615E+01
%  0.343470811561753E+00  0.446164613698860E+00  0.146776054929821E+01
% -0.112037513900206E+00 -0.124440247258090E+01 -0.122622388526436E+01
% -0.229982658471299E+01 -0.123945432070967E+01 -0.410006975089584E-01
%  0.543666241691884E+00  0.223146440851384E+00 -0.113147497859133E+01
% -0.870793511231990E-01 -0.158263794927876E+01  0.134408885184866E+00
% -0.108667060053897E+01 -0.293767672059293E+01  0.134740867157232E+01
%  0.154520937181247E+01 -0.256202125080756E+01 -0.181525386123549E+01
% -0.594495294399926E+00 -0.134610971309254E+01  0.587407860953500E+00
%  0.605925942812934E+00  0.124716307407052E+01 -0.972992719465213E+00
%  0.225191593845367E+01  0.608303460200956E+00 -0.270715278164145E+01
%  0.635065575745749E+00  0.148597821821921E+00  0.882315562289683E+00
% -0.512783235734449E+00  0.123684519856989E+01  0.922889642942035E+00
% -0.197912094462315E-01  0.263675231967183E+00  0.276314434450924E+00
% -0.120662620902535E+00  0.114121601950076E+00  0.185218641185245E+00
% -0.339153392802382E+00 -0.165126816854030E+00  0.143566134349800E+01
% -0.162416730762112E+01  0.538038293367050E+00  0.188232411875750E+00
%  0.137408790989822E+01  0.161221581206256E+01  0.113189400644601E+01
%  0.734029475139945E-01 -0.104172876069259E+01  0.110935508526765E+01
%  0.155680797017121E+01 -0.571331258992590E+00 -0.530464276761558E+00
%  0.120941340945970E+00 -0.144657529147078E+01  0.674438212048636E+00
%  0.493337453917039E+00  0.163924682094846E+01 -0.243867912044992E+00
% -0.443855191392875E+00 -0.201592913484444E+00  0.204960334853254E+01
%  0.618331873673084E+00  0.650621547754280E+00 -0.528357479719154E+00
%  0.693997924612952E+00 -0.162652554540050E+01 -0.138014390530134E+00
% -0.711089400842784E+00 -0.178102994297675E+01 -0.157395566364652E+01
%  0.925148280805091E+00  0.939519226378354E+00 -0.210079320846518E+00
%  0.109890378416306E+01 -0.775162056528299E+00  0.295983312902795E+00
%  0.153581744565540E+01 -0.187674060185634E+01  0.179530343081251E+00
% -0.213600662909801E+01  0.346290053129671E-01  0.298849503510519E+00
% -0.315446201912516E+01 -0.180486186847420E+01 -0.108074029270606E+01
%  0.110112186288538E+01 -0.596163508610943E-01 -0.487314458602398E+00
% -0.120603041287413E+01  0.834337661669546E+00  0.486757100868323E+00
%  0.247459071738645E+01 -0.435027247950737E+00 -0.205978412768083E+01
%  0.465725676363400E+00 -0.496644427957006E+00 -0.663516829487543E+00
% -0.184671577587283E+01  0.187950496874573E+00  0.987338047867236E+00
% -0.563707779132498E+00  0.151000380178024E+01  0.170133238481659E+01
% -0.763000279917112E+00 -0.225030930167327E+01  0.359111179086605E+00
%  0.146579391178876E+01  0.166314834612355E+00 -0.215635266444710E+01
%  0.133390976196558E+01  0.129592805500193E+01  0.129283993296384E+01
%  0.955726688607611E+00  0.177262638315376E+01 -0.291325566326729E+01
%  0.203130427517684E+00  0.987651605412924E+00 -0.146439403179784E+01
%  0.808999180327911E+00 -0.883560523706037E-01  0.607351039359841E+00
%  0.491185284780671E+00 -0.403913542714242E+00  0.275544289770380E+00
%  0.216256756519940E+01  0.761207808240722E+00  0.135495468104146E+00
%  0.141693732409070E+00 -0.244519957082531E+01  0.114240717181252E+01
%  0.139245507660598E+01  0.573066803974411E+00  0.265215583520157E+01
%  0.160351907421236E+01  0.160719385764486E+01 -0.742790199825114E+00
%  0.796518923149823E-01  0.394517637132517E+01 -0.102502163889492E+01
% -0.178496606760166E+01  0.247137897443003E+00 -0.206599646521975E+00
% -0.885069541988336E+00  0.848117508720780E+00  0.882513072625007E+00
%  0.244945982808348E+01 -0.194164181220350E+01  0.100880312139019E+01
% -0.443941730896580E-01 -0.130371108381955E+01  0.375603051170907E-01
%  0.195713026535989E+01 -0.688827891322301E+00 -0.973074429941788E+00
% -0.237751978669588E+00 -0.580889704172067E+00 -0.118804197663671E+01
%  0.686926979601945E+00 -0.151053775898127E+00 -0.903893451211562E+00
%  0.744563839875741E+00  0.136279130601933E+01 -0.961595643235999E+00
% -0.948589203671557E+00 -0.164256756387486E+01 -0.912945077484834E+00
% -0.160408100118360E+01 -0.295508121315562E+01 -0.118869185628684E+01
%  0.257226831591154E+01  0.146154157466084E+01  0.959674108808860E-01
% -0.399260864699293E+00  0.165011252104827E+01  0.558953264571309E+00
%  0.208012966597327E+01  0.181581041846812E+01 -0.215166997700953E+00
%  0.192757527701530E+00  0.218463256140944E+00 -0.601326127554927E+00
%  0.581193698026089E+00 -0.438518902552281E+00 -0.925737115348027E+00
% -0.377891225289485E+00  0.161321663647177E+01 -0.520518968264110E+00
% -0.329955974747866E+01 -0.125174119260295E+01  0.146490420138256E+01
%  0.303475150944567E+01 -0.179880207991469E+01 -0.965763925810320E+00
% -0.593324643747757E+00  0.822222252734915E+00  0.981652394883474E+00
% -0.136493933992073E+01  0.977947200147180E+00 -0.674479311871802E+00
% -0.486388708106659E-01  0.550755622227651E+00  0.274790808159344E+00
% -0.681212970318545E+00  0.150198233625523E+01  0.681208395172244E+00
% -0.854660344953978E+00 -0.374754195914539E+00  0.185313567116285E+01
%  0.256676466045102E+00 -0.147319491068890E+01  0.961141473754567E+00
%  0.187417519353270E+00 -0.145657279859018E+01  0.200169735040967E+01
%  0.155700186698909E+01 -0.405084135730498E+00 -0.224240819582153E+00
% -0.214607861374249E+01  0.342237748704204E+00  0.263496099595939E+01
% -0.934363033593821E+00 -0.556122608784621E+00  0.158871308548130E+00
%  0.423072674135118E+00  0.835572407289400E-01 -0.298843450292431E+00
%  0.859001766112109E+00 -0.354006822661065E+00 -0.170415572714483E+01
%  0.143140972072367E-01  0.256325731148807E+01 -0.744373488690998E+00
%  0.211406315593563E+01 -0.239767819607441E+01 -0.172797658812249E+00
%  0.357976738503703E+00 -0.842481797999014E+00  0.312587785481994E+00
%  0.512091807724644E+00 -0.153444976293491E+01  0.589753883310326E-01
% -0.737641383359264E+00 -0.600592041106206E+00  0.472827568153269E-01
% -0.186029668232843E+01  0.305094419811198E+00 -0.839368076691576E+00
% -0.182023500245143E+01  0.204985942856740E+01 -0.325312025047797E+01
%  0.145207480121399E+00 -0.353486438580847E+00 -0.971934995935901E+00
% -0.999410294359839E+00  0.134940967900883E+01 -0.149920740770081E+01
% -0.557942753386812E+00  0.547749938259197E+00 -0.884924710975574E+00
% -0.268518631949506E+01 -0.455485928344517E+00  0.322457205367681E+01
%  0.701755772578627E-01 -0.554724352752543E-01  0.109150448657688E+01
%  0.174724945479445E+01  0.203716919619547E+01  0.916429298722380E+00
% -0.308412936018729E+00 -0.742403470255380E-01  0.181972660027601E-01
% -0.630415402730003E+00 -0.145557829324068E+01  0.215602361639650E+00
% -0.246524624686217E+01  0.242498273078981E+00 -0.844860642816229E-01
%  0.109101423456704E+00  0.283002678619217E+00  0.104880415559540E+01
%  0.759517408744111E+00  0.142853949550618E+01  0.134137199123212E+01
% -0.862517547871621E-01 -0.227757597288626E+00  0.771934397507621E+00
% -0.131105125164600E+01  0.523482084663858E+00 -0.440865546961632E+00
%  0.808895279117317E+00  0.239545735486567E+00  0.101473059779294E+01
% -0.116828881167422E+01 -0.358036324921141E+00 -0.495182598305617E+00
%  0.337671304535397E-01 -0.101787731533505E+01 -0.263920677630383E+00
%  0.363628906675826E+00 -0.433178540265084E+00  0.109597689640336E+00
%  0.230607389278368E+01 -0.213731782986487E+00 -0.154820076444729E+01
% -0.212595720321051E+01 -0.133059232510700E+01 -0.113998509309725E+01
% -0.613710066918988E+00 -0.170497074183271E+01  0.699359783842362E+00
% -0.160555146825251E+01 -0.996047128151673E+00 -0.159966327655553E+01
% -0.184534145747409E+01  0.115014719261918E+01  0.110982313880995E+01
% -0.104770386565964E+01  0.131479695714606E+01  0.142297237863482E+01
%  0.220351667679909E+01  0.113502676709040E+00  0.197034329677374E+01
%  0.390474706289741E+01 -0.750487208893243E+00 -0.134095651835646E+01
%  0.919207639392369E+00 -0.591042432132946E+00 -0.236851845553455E+01
% -0.680904585630878E+00 -0.126487909519345E+01  0.138716370275862E+01
% -0.458666922760404E+00  0.363902076421792E+00 -0.118733854798668E+01
%  0.114346876249009E+01  0.302341948261153E+01 -0.260353792603240E+00
%  0.826461372206402E+00 -0.690851045691697E+00  0.120878702459565E+01
%  0.307698910876736E+00  0.155369845613192E+01  0.489007581659203E+00
% -0.488746324702507E+00  0.962113194841332E+00  0.112111734225668E+00
%  0.426384057009936E+00  0.437510057930106E+00  0.737464042974123E+00
% -0.140432154099985E+01 -0.318382333087130E+00 -0.824661103424275E+00
% -0.639484961372344E-01  0.171835368816191E+01 -0.893731562378998E+00
% -0.321892578507443E+00  0.254292841161597E+00 -0.127861066363143E+01
%  0.233330026927294E+01  0.456543875241132E+00  0.411417802676865E+00
%  0.289103755128631E+01  0.181225845706257E+00 -0.107739020875989E+01
% -0.406095570907339E+00 -0.226885740041431E+00  0.221142011590956E+00
% -0.235820798479463E+00 -0.245176391870026E+01 -0.508689570424264E+00
% -0.129903193326024E+01 -0.650065595315650E+00  0.478086027557626E+00
%  0.119090849806996E+01  0.911602888559829E+00 -0.880530889873058E+00
% -0.170776403521592E+01  0.657910705826987E-01 -0.370871067349381E+00
%  0.178508035382463E+01 -0.803061045916116E+00  0.593169955504501E+00
% -0.978021375758456E+00 -0.211256774047813E+00  0.100499432986252E+01
%  0.162413979376899E+01  0.466447615066567E+00 -0.939970905217387E+00
% -0.266282059984125E+00  0.230374617631540E+01  0.615515381022540E+00
%  0.115545209628625E+01 -0.501422226741292E+00  0.235911870513621E+00
%  0.182521958353235E+01  0.507946181157800E+00 -0.726371211959575E+00
% -0.121246173101024E+01 -0.798112758756107E+00 -0.182304360272613E+01
% -0.585988842433508E-01 -0.684120023044956E+00 -0.205615270056254E+00
%  0.531375849803859E+00 -0.239083860290623E+01  0.170097628140600E+01
%  0.255884934599548E+00 -0.966046392247709E+00 -0.547638964905059E+00
%  0.396540857459066E+00 -0.822493844099872E+00 -0.893509017387125E+00
% -0.176037264686128E+01  0.174641810208755E+00 -0.844136325974481E+00
% -0.296505334207091E+00 -0.172867088302638E+01 -0.762618299320657E+00
%  0.373912565974542E+00 -0.573559192896909E+00  0.106283619028098E+01
% -0.122556016582548E+01 -0.342266163280203E+00  0.177760175373316E+01
%  0.867699757556522E+00 -0.956217800466605E+00 -0.548356991173204E+00
% -0.683741076341078E+00  0.483126493765721E+00  0.245491224115677E+01
% -0.478756293544675E+00 -0.357799555482192E+00 -0.311211256854425E+00
% -0.146149657339557E+01  0.936341113964624E+00 -0.268606024828486E+00
% -0.659614397387996E+00 -0.201503848008366E+00 -0.698493067997953E+00
%  0.238405831602313E+01  0.666165797109195E+00  0.246067733373958E-01
% -0.107912189837165E+01 -0.218565782723556E+01 -0.130230075485001E+01
%  0.116815349754970E+01  0.384393904609404E+00  0.666443829126642E+00
%  0.664696183538887E+00  0.122539127980142E+01  0.728851853695099E+00
% -0.161282489008060E+01 -0.443822726460713E+00 -0.206414393442804E+00
% -0.154423605630454E+01  0.344217027771201E+00  0.232477390910239E+00
% -0.219296306344393E+01  0.197596490582971E+01  0.102695539166663E+01
% -0.726478275769720E+00  0.126419617359539E+01 -0.577043070692530E+00
% -0.258413421986056E+00  0.204388483267158E+01 -0.920955517807554E+00
% -0.629503831412908E+00  0.145052880774122E+01  0.834771509979139E+00
%  0.910068198028657E+00  0.199329858109634E+01  0.127336408610922E+01
%  0.108711983981533E+00  0.290878576904028E+00  0.702059984859510E+00
% -0.850191461280376E-01 -0.592547369488706E+00  0.191637797229683E+01
% -0.184079187011051E+01  0.112715289502524E+01  0.223266595655290E+01
%  0.380015269611880E+00  0.231114760224633E+01 -0.560232314638717E+00
% -0.108955929490867E+01 -0.549358175112566E-01 -0.159814020432165E-01
% -0.147497687941239E+01 -0.106768793416128E+01 -0.126565158816706E+00
%  0.776647031910245E+00  0.559950833988635E+00  0.138148015521808E+01
%  0.690844728493548E+00  0.478395344788411E+00 -0.108792796800872E+01
% -0.108214657216448E+01  0.409649779124420E+00 -0.167407996001123E+01
%  0.327031508342814E-01  0.124202757200714E+00  0.418509576189977E+00
% -0.642960609759231E+01  0.145572927904400E+02  0.657515778448517E+01
%  0.948154466355163E+00  0.197612633099540E+01 -0.475537967309659E+01
%  0.813503553857317E+01 -0.268965254899015E+02 -0.565489322783250E+01
% -0.224577742876160E+01  0.177912203329355E+01  0.747907985986773E+01
% -0.364434901659289E+01 -0.131810812595238E+02  0.581853660176274E+01
% -0.471394417971136E+01  0.422051832440472E+01 -0.221927403125324E+01
%  0.159331011858480E+02 -0.795049841387969E+01  0.563324966674725E+01
%  0.280105469343863E+01  0.724154223379092E+01  0.584117398102326E+01
%  0.921959231953740E+01 -0.181015732223716E+02  0.323587617293646E+01
%  0.102623328054954E+02 -0.136410369479470E+01  0.256160544433601E+01
%  0.392024126013183E+01 -0.334662417942063E+02  0.201809300652247E+02
% -0.105440399291056E+02  0.153057992313726E+01 -0.208551045295784E+02
%  0.137481166947066E+02 -0.268653695689188E+02  0.318345959231410E+00
% -0.315789040706389E+01 -0.439073180318255E+01 -0.121276986220649E+01
%  0.279325654501352E+01 -0.167446709022141E+02  0.338974493696364E+01
%  0.261520625133676E+01  0.136853946216629E+01  0.128748227064267E+01
%  0.752821727070444E+01 -0.671143275122121E+02 -0.333150885361436E+02
% -0.302445766433930E+02 -0.820080915060169E+02  0.315908723378843E+01
% -0.576741041908734E+01 -0.824343930392068E+01 -0.785290805419871E-01
%  0.311193225832615E+02  0.642448377109265E+02 -0.421376041045039E+02
%  0.164920578548591E+01  0.214758646152254E+02 -0.281445545486823E+01
% -0.407983231310468E+01  0.263069647215812E+02  0.802453624002024E+01
% -0.292463426318882E+02 -0.135034051217260E+02 -0.260768123684911E+02
%  0.652032447114100E+01  0.166959958079665E-01 -0.371145784237673E+01
% -0.186088359845023E+01  0.421288990321059E+02  0.210174838704542E+02
% -0.402574395252560E+01  0.209908917409990E+02 -0.678478756719298E+00
%  0.507222066153030E+01 -0.258781902656238E+01  0.470244532140437E+01
%  0.899296700793465E+00  0.804975660124715E+01  0.887342287990441E+01
% -0.356321821204302E+01  0.585954430236998E+01  0.782196140874045E+01
% -0.666341573921038E+01 -0.978150891545601E+01 -0.113732214443147E+00
% -0.480705912432393E+02  0.404563566844553E+01 -0.361546720323181E+02
%  0.106082248988494E+02  0.107474169824291E+02  0.265311576334957E+00
% -0.190131494177446E+02 -0.325005812566991E+01  0.496003122914817E+01
%  0.366263779741015E+01 -0.229285317459378E+01 -0.820749069087927E+01
%  0.111500255338804E+02 -0.636046242465789E+00 -0.420510792069783E+01
%  0.858123085328532E+01 -0.163131962751889E+02  0.123151520217892E+01
%  0.170568301905857E+02 -0.282103405331027E+02  0.228219801172972E+02
% -0.642651936192676E+01 -0.348943062044066E+01 -0.642214407321062E+01
%  0.217059862529836E+02 -0.857219499031040E+01  0.148833013983271E+02
%  0.945939839414684E+01 -0.222530698047023E+02  0.141167788149955E+02
%  0.501942048263242E+02  0.140627336747218E+02 -0.111609786353896E+02
% -0.122544265313461E+02 -0.115429858304134E+01 -0.207050515458212E+02
% -0.170071621624390E+02  0.252908102693919E+00  0.148683120653255E+01
% -0.119748202085106E+02  0.898657616015884E+01  0.294496346661491E+02
%  0.540469586739140E+01  0.459069990011461E+01  0.511416100295092E+01
%  0.356020109967134E+00 -0.169038128522000E+02  0.391944393404986E+01
% -0.879968406518507E+01 -0.513088349784615E+00  0.543662780034899E+01
%  0.285909808491939E+01  0.697412006803467E+01  0.151004569375077E+01
%  0.104574315368181E+02 -0.382714457930189E+01  0.112055819955750E+02
%  0.481442341423920E+01 -0.525984382231480E+01 -0.175745949610736E+01
% -0.704586166521246E+01  0.415646856102322E+01  0.711201838713501E+01
% -0.111872298798502E+02  0.471461188713911E+01  0.251665202168247E+01
%  0.246740017605725E+02  0.769577755687869E+01 -0.102068069988709E+02
% -0.866590381665955E+00 -0.496306043517113E+01 -0.319042638578944E+01
% -0.130891227444685E+02 -0.114697512461357E+02  0.313067467057681E+01
%  0.339901235814305E+01 -0.188709845975947E+00 -0.380909643486882E+01
%  0.859355746929462E+02 -0.159578287261122E+02 -0.240829983284011E+01
%  0.531362275527355E+02 -0.274365799775276E+02  0.366734004026715E+02
% -0.116700663589387E+01  0.762565946060814E-02  0.215964360421355E+01
% -0.117177839329373E+02 -0.119394347214306E+02 -0.844287214957265E+01
%  0.659906369275370E+01  0.349510789130399E+01  0.315651237638853E+01
% -0.944036684935323E+01 -0.565712795164407E+01  0.338730553912544E+02
%  0.205530591196023E+02 -0.263524393875573E+01 -0.761629243724951E+01
% -0.280027403682830E+02  0.109876484530406E+02  0.352907102521822E+02
%  0.163608712397443E+02  0.835439623584362E+01  0.642131073577756E+01
% -0.262984250810903E+01 -0.130764627378661E+02  0.506773594610074E+01
% -0.216309933272113E+02  0.208125796256967E+02  0.206310224869788E+01
% -0.311029465825982E+01  0.844369460543405E+01  0.112574725192477E+02
%  0.283997257193933E+02  0.799563403040184E+02 -0.593211815228938E+01
%  0.120970194155338E+02  0.289852067785787E+02  0.325590263393964E+02
%  0.139744603698198E+01  0.130021276870755E+00 -0.988224210969892E+01
% -0.174647718405035E+02  0.201809910649157E+00 -0.466794954705085E+02
% -0.144993533855151E+01 -0.142602212619097E+02 -0.322622386820604E+02
% -0.390105069148991E+02 -0.264748098744673E+02 -0.321040593488829E+01
% -0.785314079198621E+01  0.150225335935893E+02 -0.751329421186504E+01
%  0.175762450518479E+02 -0.593813858989134E+01  0.740347386848568E+02
% -0.182343006678585E+02  0.282508422835836E+01  0.926667353645904E+01
% -0.837174789740199E+01 -0.246640382912507E+01 -0.202574360781288E+00
% -0.179041660767164E+02  0.624004572216532E+01  0.209384110970495E+00
% -0.255176321843547E+02  0.134157615030544E+02 -0.264592415737046E+01
%  0.284952187059780E+02  0.258982271695007E+02  0.167475345512191E+02
%  0.719247614621586E+00 -0.177039213703952E+01  0.481224384904625E+01
%  0.627319346214391E+01  0.658255746163064E+01 -0.151215220646726E+01
%  0.531876196682147E+01  0.106679716030615E+02  0.253672734348536E+01
%  0.309783877861208E+01 -0.105022649822360E+02  0.509513903253558E+01
% -0.396547786985352E+02 -0.173927730328159E+02  0.189904177084954E+02
% -0.491207702265136E+01  0.237628812087722E+02  0.624711382932031E+01
%  0.183395444282312E+02  0.119431093681674E+02 -0.590919986047929E+01
%  0.218618929067282E+01 -0.489119489413621E+01 -0.813534922306234E+00
%  0.293550234875220E+01 -0.283014106822889E+00 -0.708413238811309E+01
%  0.179114566648310E+01 -0.605353195323859E+01 -0.103329212160166E+02
% -0.462078616215419E+01 -0.765026517897725E+01 -0.110084895045264E+02
%  0.291751503331245E+01 -0.192597561584636E+02  0.119480230463935E+02
%  0.794275435281238E+01  0.159046247214411E+02 -0.262424535027107E+01
% -0.346644351293394E+02  0.236265024422381E+02  0.966817771927641E+01
% -0.103159230138162E+02 -0.205361135749976E+02  0.675395898157065E+00
% -0.714611370078376E+01  0.437555746536099E+01 -0.153051961762852E+01
% -0.493208324847553E+01 -0.299424064063110E+02 -0.439907681217367E+02
% -0.961464476729422E+00 -0.691843170802391E+01  0.131444037564880E+02
% -0.588316457581972E+01  0.619353964917236E+01 -0.903842792988279E+00
%  0.385557479176205E+01 -0.990745992365999E+00 -0.145914152888953E+02
% -0.164209968186932E+02 -0.811963391970725E+01  0.170672320654247E+02
%  0.111010627713313E+02 -0.176187989559079E+02 -0.116481063580246E+02
%  0.362032619910130E+02 -0.508544790064420E+01 -0.113347180352598E+02
%  0.613172440529781E+01 -0.642918609391337E+01 -0.190021959195169E+02
%  0.105419583850372E+02  0.107626401966839E+01 -0.933380677971006E-01
% -0.167826413614534E+02  0.274229355826218E+02 -0.280201167277967E+02
% -0.293347650615032E+02  0.178907587304617E+02 -0.129281521868905E+02
% -0.282995776526097E+01 -0.472265732263281E+01  0.706424340169247E+01
% -0.718017257155719E+01  0.434137804322656E+02  0.228946176469237E+01
%  0.109032456108977E+01 -0.317697539757858E+01 -0.154794412404943E+01
% -0.929517769792440E+01  0.495111568296023E+00 -0.192416023314031E+02
% -0.843000297216552E+01  0.155254997966077E+02  0.120129808384623E+02
% -0.525724473251918E+01  0.131067826533010E+01 -0.689732428212634E+01
% -0.180027998079059E+02  0.147372975225475E+02 -0.720050801095843E+01
% -0.220633375473426E+01 -0.774681419421086E+00  0.107552969872985E+02
%  0.791667291597291E+01 -0.284613744065570E+02  0.110132391916647E+02
% -0.671107048540347E+02  0.242432469635198E+02  0.433175630884351E+02
%  0.101842906314645E+02  0.138382927548714E+02 -0.690790507926656E+01
%  0.173319354746448E+01  0.125135881435290E+01 -0.267941726475002E+00
%  0.392442937175572E+02  0.419645528217722E+01  0.122552745435839E+01
%  0.121620595370266E+02  0.376837895644756E+01 -0.520374971377166E+01
%  0.918754349470410E+01 -0.136106564226772E+02 -0.261514451204912E+02
%  0.790776041903748E+01 -0.121021325217045E+02 -0.285024584766239E+02
%  0.205688879217427E+02 -0.290985070079603E+02  0.224263594825804E+02
%  0.159703280321792E+02  0.115022299520455E+02 -0.252567309672621E+02
% -0.166633951947646E+02  0.289597275849246E+02  0.377187610414535E+01
%  0.155362320025880E+01 -0.323254758580402E+01 -0.553821153452896E+01
%  0.553106247892742E+01 -0.917866057253353E+01  0.658168829676513E+01
% -0.663540067949948E+00  0.230274751848028E+01  0.102117943791256E+02
%  0.516263390789936E+01  0.468736245909503E+00  0.813554606777039E+01
% -0.184309023811097E+02 -0.262771131004109E+02  0.339970008008736E+02
%  0.244775695838868E+01 -0.649387849723802E+01  0.102190709424254E+02
% -0.220003107316693E+01 -0.103036373572423E+01  0.141371314188207E+01
% -0.577080807866761E+01 -0.100834851353658E+02 -0.355335551963931E+02
%  0.961397024298624E+01 -0.497364638986486E+02 -0.104298713420611E+02
%  0.355793446039415E+00  0.123849480011161E+02  0.317224615313672E+02
% -0.706432159971200E+00  0.456609721012616E+02 -0.168590614696503E+02
% -0.637840901988443E+02 -0.309983531346676E+02 -0.735466172032041E+02
%  0.371969158937773E+02  0.189700374477082E+02 -0.876609117977922E+01
%  0.464290334783320E+01 -0.736528387839831E+00 -0.920487935515489E+01
%  0.652395555371227E+01  0.612297118005234E+01  0.319805629206160E+01
% -0.406482047808456E+02  0.767835358453385E+01  0.284650450179625E+02
% -0.211096438042927E+02  0.523189402572268E+01  0.266999711679445E+00
%  0.666413718374482E+00 -0.357505743802853E+01 -0.287023602703731E+00
% -0.367300365180139E+01  0.101868795156023E+02 -0.147888067208582E+02
% -0.139138287441550E+02  0.100919230198792E+01 -0.149240622191619E+02
%  0.173815796811993E+02 -0.146476372501880E+02  0.368535982853386E+02
% -0.335964967809964E+01  0.331456812607082E+01  0.389348177709106E+01
% -0.599496156031557E+02  0.206000743358085E+02  0.247596705290194E+01
% -0.752576224389118E+01  0.153751814331738E+02 -0.640024790592550E+01
%  0.384962612415771E+01  0.206321953760257E+02 -0.351148856643723E+01
% -0.452591428908968E+01 -0.396280190108418E+00 -0.259021422056893E+02
% -0.190888140259870E+01 -0.562777704229159E+01 -0.134857804748858E+02
%  0.136738389839832E+02  0.861700115396756E+01  0.349850305077442E+00
%  0.219361514138475E+01 -0.778052139913951E+01  0.741745070880025E+01
%  0.389911770816335E+01  0.612230676261380E+01  0.682966624809585E+01
% -0.411017384745310E+01 -0.491697205248162E+01 -0.106730572366705E+02
% -0.107574074661868E+02  0.641016272961056E+02  0.246098022735930E+02
%  0.136756094527114E+02  0.262273815454183E+02  0.219752681442349E+01
%  0.601051807637865E+02 -0.325503426521723E+02  0.156480415285982E+02
%  0.479936090754160E+01  0.150243447460919E+02  0.120570718799407E+02
%  0.238518855859452E+02 -0.161506149836506E+02  0.241959032650457E+01
% -0.183094311918824E+01 -0.127098285054258E+00 -0.657103935266238E+00
% -0.562012933116564E+01 -0.686882726095225E+01 -0.641887454289078E+02
% -0.121376385157142E+02 -0.253104447614102E+02 -0.625714979223671E+01
%  0.258878600743425E+01  0.119216488324440E+02 -0.416217658995191E+01
% -0.347546716988124E+02 -0.402137272214472E+02 -0.606055955916975E+01
% -0.817924223613090E+00  0.369356031188708E+01  0.366192610691622E+00
%  0.259978596660323E+00  0.120745100873873E+02 -0.128241555042639E+01
% -0.284845280989273E+02 -0.761008775244044E+01 -0.252958697282985E+02
% -0.863399517667163E+00 -0.183676879830403E+01 -0.222066763841169E+01
%  0.586095563550071E+02  0.888371037988135E+02  0.696210055128478E+02
% -0.115300805898205E+02 -0.124423394795490E+02  0.121782634813344E+02
%  0.172553986012523E+02 -0.274871609333689E+02 -0.212327018310972E+02
%  0.564054909354790E+01  0.316576714416961E+01  0.633431924472132E+01
% -0.109310875042854E+01 -0.103183673305867E+02 -0.123770873718156E+02
%  0.396841341805834E+02 -0.724516678762265E+01  0.643755981213166E+01
% -0.104599989529356E+02 -0.750620312232506E+01  0.101318054808669E+02
%  0.140932713145580E+02 -0.790603105565832E+01 -0.172724540598371E+01
%  0.254654670831524E+01  0.292167193328677E+02 -0.985081878337076E+00
%  0.185831086273660E+02 -0.642188429395689E+01  0.223892143514057E+01
% -0.552521648615725E+01 -0.687458585775463E+01 -0.340323438682975E+01
% -0.811227189044052E+01  0.525118798283282E+00  0.715531531042213E+01
%  0.590648783317704E+01  0.524456438181527E+01 -0.129717630992788E+02
%  0.228248540164723E+02 -0.100876227635458E+02 -0.299480490893282E+02
% -0.374968595235295E+02  0.468334180720180E+02  0.150681636150711E+02
% -0.102801765727785E+02 -0.355298663109073E+02  0.515903407468924E+01
% -0.391709251014658E+02 -0.307027354958616E+02  0.459650917583015E+01
%  0.585390943827364E+01  0.119361913525262E+02 -0.402501361177106E+01
% -0.119916995449333E+02 -0.356860637042897E+01  0.514060551746445E+01
%  0.143232304704786E+01 -0.970983779371279E+00  0.991959546714323E-01
% -0.103312974962294E+02  0.979381571841634E+01  0.150945155738205E+01
%  0.825339560164354E+01 -0.114356699539581E+01  0.274367890080125E+01
% -0.413803846672701E+01  0.603971298589440E+00  0.125511788682314E+02
% -0.117221097806847E+01 -0.367638440098843E+00 -0.253595951150127E+01
% -0.130948021029010E+02 -0.268034848310407E+01 -0.873993107495583E+01
% -0.110623853099515E+01  0.741370689554967E+00  0.150420566168853E+02
%  0.483196977924145E+01 -0.123130231973909E+02  0.532423748978739E+01
% -0.122723223501110E+02 -0.185064075695126E+02 -0.132797801885587E+02
%  0.540997227870721E+01  0.515588467455509E+01  0.278418106431477E+02
% -0.416684399931821E+00  0.743810332289901E+01  0.476750038873595E+01
%  0.942303166934931E+01  0.663834357420382E+00  0.145525246585612E+01
% -0.672621347418133E+01  0.376182602658985E+01 -0.170833930974231E+02
% -0.157103192516460E+02  0.832365783241667E+01  0.381847365168187E+02
% -0.144925235745916E+02 -0.105790140921191E+02 -0.238920562202296E+01
% -0.120018581456518E+00  0.156425796319434E+02  0.855791211228319E-01
%  0.246933316328470E+01  0.264198386586688E+01 -0.360727985300878E+01
%  0.302477299770187E+01 -0.140980819775999E+02  0.165771748584906E+00
%  0.607279477964398E+01 -0.203585929609889E+02 -0.930517251893112E+01
% -0.129174832086823E+02  0.112225316519809E+02  0.155725621708656E+01
%  0.117667779816529E+02 -0.484735261082520E+01 -0.124317245042292E+02
%  0.172279322898754E+02  0.559445765433970E+01 -0.117734650680424E+02
% -0.743985329899457E+01 -0.118029238229932E+02  0.138916552842551E+02
%  0.558497292952262E+01 -0.990736440097751E+01 -0.211439686723200E+01
% -0.599263438899975E-01  0.163722923507619E+01  0.774668768201776E-01
% -0.207428673916422E+02  0.142155896480362E+02  0.196657517019954E+02
%  0.298196033888620E+02  0.270169679239389E+02 -0.274118093911858E+02
%  0.198286756231805E+00 -0.119297041853047E+01  0.109596560576799E+00
%  0.679008899382022E+01  0.528113116840662E+02  0.297496188152188E+01
% -0.179281763646767E+01  0.308777823755613E+01 -0.126169864675722E-02
%  0.662716338815861E+01 -0.520263730164561E+01  0.535595085204266E+01
% -0.106410470663911E+02 -0.329059882410147E+02 -0.366060426150295E+02
% -0.301556957274961E+01 -0.238082554737667E+01  0.902557741228259E+00
% -0.127548820775961E+02 -0.113071167435273E+02  0.255332612277242E+01
%  0.163639320967730E+00  0.485606096693590E+01 -0.214774617847668E+01
%  0.488660970275318E+01  0.206971653976989E+01 -0.798340135742466E+01
% -0.172275527397699E+01  0.197370945806798E+02 -0.914625198644239E+00
% -0.247173307325952E+01  0.320709000801106E+01  0.203106255605761E+02
%  0.979611209886661E+00 -0.538322977220426E+00  0.139396181152703E+01
% -0.232737130596225E+01  0.126520759750287E+02 -0.179182010547794E+02
%  0.911397395692829E+01 -0.477192145952914E+01  0.292584320979704E+01
% -0.709841305939839E+01 -0.702581770059610E+00  0.286308528893791E+01
%  0.165662351661752E+02 -0.375046756034197E+01 -0.438225249430083E+01
%  0.526875095379231E+02 -0.829247126630800E+01 -0.359016229659349E+00
%  0.133779383387470E+02 -0.378475122115595E+01  0.736426004181706E+01
%  0.835316395191907E+01 -0.372911817499892E+01  0.226192621930122E+01
%  0.523767822643830E+01 -0.923588661142808E+01 -0.219360670528607E+02
%  0.552867472092913E+01  0.541024657354666E+01  0.194665614605500E+01
% -0.907924511693849E+01  0.189247515530547E+01  0.163714945092498E+02
% -0.817971516911044E+01  0.905580486756893E+01 -0.169784025418479E+02
%  0.106477974929778E+02 -0.753120104310965E+00  0.187576628943174E+02
% -0.102301504627291E+00  0.133375599637432E+01  0.400241653498686E+01
% -0.162535633676041E+02 -0.115645231696979E+02  0.124797688582773E+02
% -0.100089438909667E+02  0.770409862183851E+01 -0.270336825588320E+01
%  0.339127569825168E+01 -0.389085077799811E+01  0.271897323019954E+01
%  0.428746002811693E+01 -0.196777076906448E+02 -0.602354454437082E+01
%  0.126292352847498E+02 -0.134983681783889E+02 -0.238268624676504E+02
%  0.620032853826599E+01 -0.245973629836434E+01 -0.241413396710753E+02
% -0.130250353845409E+02  0.419528882325189E+01  0.228419200214673E+02
% -0.599521626092745E+01 -0.986333161272231E+01 -0.633635975067162E+00
% -0.100948879432037E+02  0.293200839925847E+01  0.820426189405628E+01
%  0.172523529787519E+02  0.119683377899023E+01  0.762632227083198E+01
% -0.201040312415682E+01 -0.379239848406601E+01 -0.798379480901562E+00
%  0.263383498063120E+01 -0.108576131380917E+01  0.101711328620476E+02
% -0.870554594436173E+01  0.641330275787013E+00  0.100321922298532E+01
