% T    256  0.715122828077254E+01  0.715122828077254E+01  0.715122828077254E+01
  -0.786848864599939E-01 -0.176253800106622E+01 -0.242304539461847E+01
  -0.332265949696292E+00 -0.174873180004862E+01 -0.341935015105213E+01
  -0.683490745196649E+00 -0.272865564544756E+01  0.384498547077913E+00
  -0.288287639270731E+00 -0.566799104364037E+00  0.153560740790322E+01
   0.116401656906864E+01  0.352221646499508E+01  0.209783007426561E+01
  -0.471975185525941E+00 -0.109359436556499E+01 -0.657990874484634E+00
  -0.154651961734635E+01  0.275005110819467E+01 -0.908258342087517E+00
   0.205645353547564E+01 -0.148615835437798E+01 -0.197350870149424E+01
   0.328405872459387E+01 -0.390652843630222E-01  0.302003295169564E+01
   0.122082285743746E+01  0.383104637243529E+00 -0.207770996868049E+00
   0.297265612709810E+01  0.288343461235290E+01 -0.189727506469630E+01
   0.190582265355415E+01 -0.490075149268688E+00 -0.110314203334175E+01
   0.790442269131814E+00 -0.164249262814377E+00  0.323596443144775E+01
   0.230317408307334E+01  0.171495411465399E+01 -0.149101181743205E+01
   0.444248173474310E+00  0.713376000262851E+00  0.212110163175541E+01
  -0.968747861742244E+00 -0.261053282214299E+01 -0.680859236633599E+00
  -0.315643992999599E+01  0.219058750086961E+01  0.142535244948554E+01
  -0.240154009522344E+01  0.971497123437339E+00 -0.943171343992300E+00
   0.200825988380687E+01 -0.178162657381414E+01  0.307518020716355E+01
  -0.269963513721598E+01 -0.320647767306392E+01  0.251398791371541E+01
   0.159178413654599E+01 -0.803428296573140E+00  0.320925668673729E+01
  -0.950178687390563E+00  0.336257144320788E+01 -0.108921302599636E+00
  -0.227838854101054E+01  0.177953390352935E+01  0.129140462380070E+01
   0.130473260265997E+01  0.617577826942944E-02 -0.299576967294443E+01
  -0.155521466380127E+01  0.619342920638883E+00 -0.299006963514736E+00
  -0.107677659772810E+00  0.575248128307370E+00 -0.212225948176460E+01
  -0.108851652886256E+01 -0.325934769049891E+01  0.129452883761126E+01
   0.329920294810212E+01  0.453949991670569E+00 -0.215108848813322E+01
  -0.397700655219124E+00  0.319814198685656E+01  0.974082524401566E+00
   0.938319526890760E+00  0.258627361605594E+01  0.269573588095436E+01
   0.106031395973111E+01  0.102875690919474E+01 -0.211475325830836E+01
   0.149982599565040E+01  0.101193653296418E+01 -0.119621996783158E+01
  -0.971233688252120E+00  0.183656030563308E+01 -0.149761604757025E+01
   0.865730584244030E+00 -0.125522224435965E+01 -0.221312042383063E+01
  -0.303121972836610E+01 -0.147961978858238E+01 -0.340779866566582E+01
   0.174413889884050E+01 -0.314848145103341E+01 -0.142953175085490E+00
   0.347353928636988E+01  0.906038913740904E+00  0.202932799844100E+01
   0.296825178062731E+01  0.216493998005842E+01  0.598635242546540E+00
  -0.225707309711668E+01 -0.161200406623645E+00 -0.621873455655166E+00
   0.177268549710874E+01 -0.214079496692887E+01  0.435020154962512E+00
   0.109936477437231E+01  0.207843298773268E+01 -0.221837348367001E+01
  -0.142276796425017E+01  0.765202175460023E+00 -0.138979225746760E+01
   0.170681937755845E+01  0.254940001414629E+01 -0.289729604644120E+01
   0.556679879333595E+00  0.132932294942406E+01 -0.927321920511724E+00
   0.185387442560854E+01  0.241703888571970E+01  0.651615788456855E+00
   0.863099751602032E+00  0.120317786937648E+01  0.118980740031865E+01
   0.159216970559288E+01 -0.250575567887137E+01 -0.351171186317955E+01
  -0.333046771099962E+01  0.309836500452670E+01  0.199702865368769E+01
  -0.356741117484110E+01  0.307086908664201E+01  0.312829531791908E+01
  -0.100064486269317E-01  0.289471888390345E+01  0.300651600351263E+01
   0.120769954585285E+01 -0.213870275334969E+01 -0.145415741734512E+01
   0.260621018714548E+01  0.474898163346473E+00  0.165627553339707E+01
   0.286766154862880E+00  0.178245264400033E+01  0.312848205768132E+01
  -0.180915584307847E+01  0.139292397618447E+01 -0.344580813732277E+01
   0.282322095127432E+01 -0.220885628373882E+01  0.261233643780179E+01
   0.254382731130719E+01  0.152862494969799E+01  0.220826064106020E+01
  -0.354074229527598E+01 -0.163249053241850E+01  0.630516678364910E+00
   0.251790169625699E+01  0.301788859671434E+01 -0.352385465043989E+01
  -0.385369513022612E+00 -0.318447827037816E+00 -0.178623584919371E+01
  -0.176431369808902E+01 -0.167571394892996E+01 -0.213845356021837E+01
  -0.322547191806449E+01 -0.998665453186547E-01 -0.310360924745024E-01
   0.758162216429128E+00 -0.199462785569648E+01  0.301769212159624E+01
  -0.281046420027693E+01 -0.146033761677380E+01 -0.219560326543732E+01
  -0.170926365239090E+00 -0.293408600528008E+01  0.153528627188698E+01
  -0.136877173072511E+01 -0.316503043739897E+00  0.261105940388834E+01
   0.877211884608192E+00 -0.308798988390690E+01  0.316089429423188E+01
   0.326011931541027E+01 -0.274635372578583E+01 -0.208338825844218E+00
   0.193635351387157E+01 -0.311509135377046E+00  0.813332441902391E-01
   0.187387631616573E+01  0.576554413174793E+00  0.788403966270750E+00
  -0.739983409040871E+00 -0.330832896670627E+01  0.356505162754634E+01
   0.218323080855981E+01 -0.249156352024178E+01 -0.103357548914762E+01
  -0.178970080619110E+01 -0.190726525378933E+00 -0.346333105204740E+01
   0.226851034625232E+01  0.949061620543232E-02  0.243231627502632E+01
  -0.302553001315325E+01 -0.347724487709874E+00 -0.219226728122284E+01
   0.149444256671370E+01 -0.732929910921575E+00  0.218525281309718E+01
  -0.121255755201665E+01 -0.350237057908759E+00 -0.113406703738188E+01
   0.357785705531013E+01  0.152230395761595E+01 -0.930007077530040E+00
   0.138007832621653E+01  0.169847236555938E+01  0.212770079723292E+01
  -0.216378350358001E+01 -0.310714995209902E+01 -0.255431190045229E+01
   0.963844005771925E+00 -0.286063702008229E+01  0.106310984619347E+01
  -0.817807423869088E+00  0.339257595863551E+01 -0.120094601492983E+01
  -0.865708932707813E+00  0.153937514374633E+00  0.733378416672963E+00
   0.286315308525539E+01  0.349050532824526E+01  0.121591987250210E+01
   0.824425906592075E+00  0.247275509137864E+01  0.189736722046458E+00
   0.151346504051121E+01 -0.197565190988167E+01  0.207480283738783E+01
   0.906364547755326E+00 -0.213007223029474E+01 -0.283819679767131E+01
  -0.149504093052895E+01  0.246744331838306E+01  0.291884319080073E+00
   0.750934994412796E+00 -0.191557340854915E+01  0.775490221193393E+00
  -0.236791402024161E+00 -0.137949265467868E+00  0.267184312873162E+01
   0.173925487413376E+01  0.735182427121875E+00  0.284483373915326E+01
  -0.282710473375058E+01  0.651567731158933E+00 -0.196664398931097E+01
   0.148489735284033E+01  0.422137179898397E+00  0.183248960361260E+01
  -0.315038033675693E+01 -0.110295545681441E+01 -0.133955564137194E+01
   0.341485587773945E+01 -0.179019972656235E+01 -0.190228374906944E+01
   0.115359797274303E+01 -0.162717162246992E-01 -0.198045853000993E+01
   0.347877894360597E+01  0.195846937114439E+01  0.247760862108865E+01
   0.189022993485888E+01 -0.285710250108696E+01  0.266740905974034E+01
   0.344144535088965E+01 -0.234255909913955E+00 -0.126440130962985E+01
  -0.920579293758061E+00 -0.915542272294237E+00 -0.250724190502675E+01
   0.207188345804382E+01  0.548288415825757E+00 -0.222174179397042E+01
  -0.113236983362932E+01 -0.267560914082709E+01 -0.290457562782333E+01
   0.252137494898263E+01  0.663344675003958E+00 -0.126532906380431E+01
  -0.286581574033599E+01 -0.780289063696968E+00  0.639787059674375E+00
   0.136358506909259E+01  0.207561462725236E+01 -0.125434145545932E+01
   0.667931728762004E+00 -0.144747239623383E+01  0.163955281270925E+01
   0.185538332457001E+01  0.348877691307138E+01 -0.230699145980217E+01
  -0.418285929013653E+00  0.221477938454237E+01  0.824066937885554E+00
   0.295512293086625E+01 -0.141316650234499E+01 -0.103477239341592E+01
   0.198544368880002E+01  0.302840688382436E+01  0.273473371452694E+01
   0.185888859696909E+01 -0.140408669840566E+01  0.127128584708977E+01
   0.276114410027743E+01 -0.312492254033469E+01  0.316654837149435E+01
   0.296494399963132E+01 -0.304432777305152E+01 -0.198888777412315E+01
  -0.245456023422609E+01  0.252248987395537E+01  0.214901755201763E+01
  -0.108213851228907E+01  0.111885470039911E+01  0.412743781544830E+00
   0.188754984362037E+01  0.340171738635146E+01  0.131112457890909E+01
   0.295392980676896E+01  0.865476941515430E+00  0.724359479248002E+00
   0.177311264880503E+01 -0.258459923150735E+01 -0.220450519667667E+01
   0.487546539140111E+00  0.295883960073260E+00 -0.107618748915587E+01
   0.339483391612820E+01 -0.945717366266877E+00 -0.275630586670190E+01
  -0.720910574340409E+00 -0.573502967699573E+00 -0.354169401068940E+01
   0.106491690569948E+01 -0.883442842611623E+00 -0.537699522524839E+00
   0.286202679350933E+01  0.321256489080559E+01  0.239126241877768E+01
   0.187840686215176E+01 -0.155685379648420E+01 -0.661639047675768E+00
  -0.666874625034262E+00  0.320576634199219E+01  0.204439300028676E+01
   0.358406322012161E+00  0.245492958556389E+01 -0.938925169876162E+00
   0.481383455766528E+00 -0.776835037322774E+00 -0.136463718830782E+01
   0.158149245692537E+01  0.194994534405134E+01 -0.225974903936706E+00
   0.445873840626182E+00 -0.216594235378702E+00  0.118413179497016E+00
  -0.101231490789957E+01 -0.244902547499465E+01 -0.192454281233969E+01
  -0.304255837595820E+01 -0.165317723279049E+00 -0.348950068348988E+01
   0.209809629799083E+01 -0.404394744905326E+00  0.115937645446314E+01
   0.246143940240956E+00  0.160683701561360E+01  0.324559770943364E+00
  -0.972014560502595E+00  0.822014258861343E+00  0.335383110106602E+01
  -0.791233162198738E+00  0.574632221278940E+00  0.222755262129419E+01
  -0.348192120321695E+01 -0.154139450799699E+01  0.241620416668336E+01
  -0.354296226088212E+01 -0.233502899932228E+01 -0.108935037334680E+01
   0.659657256754014E+00 -0.503505280649647E+00  0.114616799016402E+01
  -0.141456868093251E+01  0.330253763126420E+01 -0.273059223497471E+01
   0.559376240918958E-01 -0.170232095851508E+01 -0.137258051561998E+01
  -0.880582263003672E-01  0.373613134733785E+00 -0.318210205479276E+01
   0.410637881318125E+00 -0.325517348030635E+01 -0.320733285603865E+01
  -0.247259875342680E+00 -0.229092170558745E+01  0.237235452204543E+01
  -0.202658545029282E+01 -0.143093211803980E+01  0.265829569254757E+01
   0.267416260410190E+01  0.309966043930904E+00 -0.331863826469770E+00
   0.242609546895269E+01  0.160439209250781E+01 -0.254202667239395E+01
  -0.403072758866132E+00  0.243164923611616E+01 -0.143471713796744E+00
   0.315371730611778E+01 -0.346234328977337E+01 -0.295626613766870E+01
   0.262369726070645E+01 -0.503240473847366E+00 -0.213520076389374E+01
  -0.182940407469612E+01 -0.810707329130627E+00  0.174597193656045E+01
   0.434936131287999E+00  0.242891762355446E+01  0.148632766509564E+01
  -0.234260486567908E+01 -0.234790535672738E+01  0.361622735065288E+00
  -0.232922174063821E+01  0.429617996104486E+00  0.780764342480759E+00
   0.226650050787743E+01 -0.156454318826538E+00 -0.346513116322810E+01
  -0.258836165019681E+01  0.131025703064499E+01  0.213294770304910E+01
  -0.274934245316414E+01  0.226079422877834E+01 -0.103032914997930E+00
   0.256379735473961E+01  0.195653149365357E+01  0.353951500369633E+01
   0.280313714151270E+01  0.104500282877617E+01  0.305646188764607E+01
  -0.210014200052692E+01  0.345896046085289E+01  0.180487224325929E+01
  -0.427101332730985E-01 -0.807072777433936E+00 -0.282266983723233E+01
  -0.166470002305487E+01 -0.161586851207223E+01 -0.368325241148878E+00
  -0.186701073641359E+00  0.327780250311961E+01 -0.211861053820141E+01
  -0.254131047106904E+01  0.275426985926215E+01  0.818463469629706E+00
   0.286148201370575E+01  0.201677332312170E+01 -0.515852365540343E+00
  -0.457590385128389E+00  0.146745370944099E+01 -0.576534078935258E+00
  -0.549106747287467E+00  0.221953599693399E+01 -0.251412543340143E+01
   0.315156305718272E+01 -0.176270097150158E+00  0.769334489160436E+00
  -0.965051783344008E+00  0.187614512760132E+00 -0.253329448142126E+01
   0.149643037542079E+01  0.178348875771471E+01  0.322314220477649E+01
   0.262610985607148E+01 -0.139515676448333E+01  0.189441950306000E+01
   0.153772374793490E+01 -0.326191609527680E+01 -0.124839310652425E+01
   0.356881472173809E+01  0.278888710793056E+01 -0.827934965590068E-01
  -0.825189845784488E+00 -0.136072872443731E+01 -0.160628122202389E+01
  -0.310468823987623E+01  0.200803834673157E+01  0.337010807461109E+01
   0.219732173304459E+01  0.255358804711325E+01  0.180106332842716E+01
  -0.214417144969373E+01  0.320857601403213E+01 -0.154966982281814E+00
   0.705020882740532E+00 -0.261419092808139E+01  0.219083177496986E+01
   0.203038879375405E+01  0.277388788680818E+01 -0.162378819360636E+01
   0.329354858225959E+01 -0.304804542120126E+00  0.185829427042977E+01
  -0.176543572791733E+01 -0.253795430211759E+01  0.234956579989472E+01
  -0.211128141475364E+01  0.144250062101780E+01  0.150854610007422E+00
   0.303587049193043E+01 -0.115606458382864E+01  0.323015336376336E+01
  -0.241622437874369E+01  0.216398935702397E+01 -0.107382460707359E+01
  -0.216238520747422E+01 -0.145122141389182E+01  0.786116183684288E+00
   0.138468984910397E+01 -0.106633123605750E+01  0.437566987349020E+00
  -0.488377984702315E+00  0.136555454825729E+00 -0.598027236572291E+00
  -0.284728711818159E+01 -0.110042369180801E+01  0.159565457342837E+01
  -0.142852186611642E+01  0.279316739874826E+01  0.135653940814092E+01
   0.106644619985148E+00  0.181006888746223E+01 -0.181824944371301E+01
   0.471467150720527E+00 -0.932341831175796E+00  0.247041419495259E+01
  -0.259939395596376E+01 -0.360863146363052E+00  0.266837475586749E+01
   0.209546592909605E+01  0.846449709969775E+00 -0.317576814147200E+01
   0.213264913111779E+01  0.146119701026931E+01  0.126786990292237E+01
  -0.419594981271526E+00 -0.130941986672470E+01  0.274510726818458E+01
   0.226220862025676E+01 -0.246784027725732E+01  0.164886194130553E+01
  -0.323322082596081E+01  0.353788608093963E+01  0.465277773069720E+00
  -0.254519900002077E+01 -0.228742104616561E+01 -0.326711727229003E+01
  -0.126174743431059E+01 -0.220723140065161E+01  0.332024331664130E+01
   0.644058730230255E+00 -0.126580856674122E+01 -0.344844954263313E+01
   0.259077927424651E-01  0.294030387737786E+01 -0.307881533367621E+01
  -0.181644788170588E+01  0.150822488879842E+01 -0.212136247761108E+01
   0.162458603560260E+01  0.292224229263586E+01 -0.538080462618785E+00
   0.784275810463109E+00  0.333612814211402E+01 -0.239335980063364E+01
  -0.157008181069184E+01 -0.228328378712806E+01  0.143399818243789E+01
  -0.332741712387280E+01  0.195567306302443E+01 -0.181497220963092E+01
  -0.208907250076452E+01  0.277518604496304E+01 -0.204956474724813E+01
  -0.263719168035617E+01 -0.277056148993643E+01  0.145259776412585E+01
   0.529321535860421E+00  0.153799279123991E+01 -0.295381935718305E+01
  -0.328626343611425E+01 -0.300961272202267E+01  0.343429578442829E+01
  -0.147283472613746E+01  0.706123600896674E+00  0.136470545249998E+01
  -0.206508305172724E+01 -0.330852638746597E+01  0.710767880225196E+00
  -0.303938334086040E+01  0.178475651188475E+00  0.160411304878451E+01
   0.338993708432714E+01 -0.275746604707351E+01  0.112823692639392E+01
   0.305657664257187E+01 -0.655948149756896E+00 -0.205748592400181E+00
  -0.150812188691338E+01  0.222469972672091E+01 -0.310514971701823E+01
  -0.156938320645445E+01  0.139886403392659E+01  0.256159160644259E+01
   0.208050327275924E+01 -0.107247301028245E+01 -0.295736481547064E+01
   0.173114008041546E+01 -0.352778327452127E+01 -0.333970397423077E+01
  -0.280022334641176E+01 -0.218404880594019E+01  0.288595269036455E+01
  -0.177291381682589E+01 -0.491611483579261E+00  0.518135307987674E+00
   0.218109549280228E+01  0.120032282999688E+01  0.133925260986419E-01
  -0.957983139376224E+00 -0.142824370147728E+01  0.192576831520725E+01
  -0.236339016248605E+01 -0.342457861690581E+01 -0.126359013211009E+01
   0.265711882193559E+00 -0.120167742065882E+01  0.207179556601429E+00
  -0.275498295908054E+01  0.654232254895947E+00 -0.307255442862685E+01
   0.320649037099767E+01  0.250954622407982E+00 -0.317714642112933E+01
   0.105062453269179E+01  0.837390890652626E+00 -0.351326937430951E+01
  -0.193630021984083E+01 -0.101963170803840E+01 -0.121178269490648E+01
  -0.140065146470269E+01 -0.346129245784755E+01  0.271467645199245E+01
  -0.327059978604150E+01  0.865251627777366E+00  0.292765068332573E+01
  -0.259367175267479E+01  0.207588994294571E+01 -0.282663482052929E+01
   0.334992583216064E+01  0.133576493908084E+01 -0.292691595701210E+01
  -0.267198136078180E+01 -0.114554875122952E+01 -0.221253263176493E+00
  -0.421239222616685E+00  0.158752525913722E+01  0.237364604626663E+01
   0.268593452818809E+01 -0.249787195718854E+01 -0.296809832328881E+01
   0.262150739274539E+01 -0.128367326413081E+01  0.687002167181411E+00
  -0.210413598740705E+01  0.279087746718681E+01  0.318738089001253E+01
   0.322076367143310E+01  0.233065515506516E+01 -0.291063826247438E+01
  -0.263389450154473E+01  0.344352821223246E+01 -0.332551724675849E+01
  -0.243452765417344E+01 -0.241802046698411E+01 -0.160081532825466E+01
  -0.325821651739385E+01  0.348728435903376E+01 -0.219949913702477E+01
  -0.189354500734804E+01  0.501206189942172E+00 -0.259673258849027E+01
  -0.335467764487526E+01  0.127265163134194E+01  0.382685773695188E+00
  -0.177512498792435E+01 -0.139232599761239E+01 -0.320534850150524E+01
   0.387787403802758E+00 -0.249013551159626E+01 -0.221102273426339E+00
   0.334058363112220E+01 -0.205541780958288E+01  0.348895751396691E+01
  -0.344184680957004E+01 -0.261988611198186E+01 -0.280359694855354E+01
  -0.205042891071494E+01 -0.626812304105628E+00 -0.234208690974510E+01
   0.328109424177348E+01 -0.304789965377804E+01  0.207527613889289E+01
   0.545656385578854E-02  0.690646522302139E+00  0.964135095347087E+00
  -0.331672415361928E+01  0.284642190774987E+01 -0.121317674029362E+01
  -0.807197857069183E+00 -0.100834135576617E+01  0.736712953680393E+00
   0.318074068558605E+00 -0.288603978238067E+01 -0.120814616133425E+01
  -0.126777552828399E+01  0.245979911320405E+01  0.270883491937998E+01
  -0.120728316652689E+01  0.173974363143027E+01  0.153922657124000E+01
   0.280903031139470E+01 -0.330960601782787E+01 -0.955259541812940E+00
  -0.198307882337743E+00 -0.189325658486134E+01  0.120548860439680E+01
%  0.154477027839744E+01 -0.187794108193756E+00 -0.475823493692615E+00
%  0.294658833988638E+01 -0.763267495695996E+00 -0.163654973211943E+01
%  0.610720227559746E+00  0.616564690284412E-01 -0.808615032478356E+00
% -0.392153790145640E+00  0.190707328955671E+01 -0.109626800881469E+00
% -0.632785607074253E+00 -0.105972445244674E+00  0.580366989677830E+00
%  0.226532857848180E+01  0.444370770740046E-01 -0.528876307864747E+00
%  0.188488355228284E+01 -0.478794948901773E+00  0.275048143382394E+00
% -0.108514943114171E+01 -0.236463856408391E+01 -0.147346313765922E+00
%  0.458936653357443E+00  0.901487601013854E+00 -0.145165363878726E+00
% -0.120133438299211E+01 -0.884003575908655E-01 -0.363048643869265E+00
%  0.582243472492655E+00 -0.821511454523112E+00 -0.631315931926983E+00
% -0.749185987778515E+00  0.288137545596695E+01 -0.742939741395861E-02
%  0.143963825844958E+00  0.334913873680282E+00 -0.114635515811355E+01
%  0.902421297157332E+00 -0.191527450016804E+01 -0.961387276256495E+00
%  0.619749547026038E+00  0.695211805203301E+00 -0.718330507935676E+00
% -0.170137863452408E+01 -0.382641316768468E+00  0.380980492854377E+00
%  0.170725617909897E+01 -0.174991850235242E+01 -0.448368938517667E-01
% -0.113196549771506E+01  0.127717337922759E+00  0.315176721991666E+01
% -0.752888265989366E-01  0.145873134321703E+01  0.105250098904365E+01
% -0.533296248716771E+00 -0.148398330143141E+00  0.170809589773082E+00
% -0.126393565713400E+01 -0.473315729663430E+00  0.628993985311555E+00
%  0.191706158908100E+01 -0.613707916048605E+00 -0.110530872087876E+00
% -0.904890787951129E+00 -0.126144391294694E+01 -0.462132698841721E+00
% -0.105077283279805E+01 -0.113098014373232E+01  0.272039435741789E+01
% -0.180711738846122E-01 -0.105030280234662E+00  0.147409826598489E+01
% -0.341629120548528E+00  0.566054788484210E+00  0.416915398940325E+00
%  0.267665120148680E+00 -0.293122636670295E+00  0.927277769552957E+00
% -0.739975290124578E+00  0.689103697533826E+00 -0.197089419526735E+00
% -0.442950096251852E+00  0.792021279256765E+00 -0.432390168642484E+00
% -0.533760559036759E+00 -0.810712729499626E+00 -0.603278937804706E+00
% -0.299523450073766E+00  0.126010927057529E+01  0.834139299872215E+00
% -0.162097288409098E+01 -0.230624255390916E+00 -0.308658671426446E-01
% -0.525887459700749E+00 -0.574069877290949E+00  0.184680601051085E+01
%  0.327602254392616E+00  0.180536752275136E+01  0.138870720092706E+01
%  0.605243877397471E+00 -0.125102057044241E+01  0.111101291142574E+01
%  0.261720260996191E+00 -0.164328247973091E+01 -0.107064764398506E+01
% -0.401734588386712E+00  0.165827022880505E+01  0.213750971494986E+01
% -0.273990103641471E-01  0.371043134170019E+00  0.146822233954916E+01
% -0.125945240808958E+01  0.173769809776143E+01  0.696552396046177E-01
%  0.411193155060264E+00 -0.175162583530559E+01  0.134163675015036E+00
% -0.359693269707743E+00 -0.167255505283459E+01 -0.756174139795872E+00
%  0.164493226442814E+00 -0.628193270086096E+00 -0.106907148659667E+00
% -0.325124110774044E+00  0.902061997200598E+00 -0.144973014350057E+01
% -0.234258362315545E+01 -0.665731713267169E+00  0.106543045688389E+01
% -0.542035912049223E+00 -0.141583558737496E+00 -0.120272816919585E+01
%  0.903313516112602E-01 -0.382448991621288E-01  0.785850701530082E+00
%  0.199231106812131E+01  0.106432673639981E+01 -0.401503691877425E+00
%  0.605853069850359E+00  0.923962166898912E+00 -0.147090010651656E+01
%  0.191112775888631E-01  0.362883413602005E+00 -0.114866189248390E+01
% -0.966106789000571E-01 -0.392085647904203E+00 -0.325458752941282E+00
% -0.246852770904982E+00  0.133903802062393E+00 -0.779133913262458E+00
%  0.356000918316789E+00  0.152686421393269E+01  0.110582821276772E+01
% -0.119089398656826E+01 -0.724671946951747E+00  0.860565571087049E+00
% -0.873689458863438E+00  0.416633744261614E+00 -0.711942444307994E+00
%  0.229385034881007E+01  0.137104449308920E+01  0.224374631425791E+00
%  0.306989646093312E+00  0.134835315093206E+01 -0.149945826832210E+01
%  0.634621499897805E+00 -0.725106896514170E+00 -0.647260724613771E+00
% -0.944459310904527E+00  0.268747770695456E+00 -0.363021219766695E+00
% -0.192830332202886E+00 -0.475351289274537E-01  0.159702784725108E+01
%  0.280508483271445E+01 -0.161865968928755E+01 -0.767881546285721E+00
%  0.974712384349681E+00 -0.335242803505853E+00  0.206530793506091E+00
% -0.135475499882324E+01 -0.154667986080640E+01 -0.484589214465385E+00
%  0.669489082841019E+00  0.102382835694041E+01  0.425214815808724E-03
% -0.260340367969653E+00 -0.126411769211220E+01 -0.127371820489709E+01
%  0.269400990370101E+00  0.729684213172314E+00  0.902284918425940E-01
%  0.170893232303069E+01 -0.100014146658737E+01  0.115163996313160E+01
%  0.116738083721268E+01  0.768583975571700E+00  0.159418140225269E+01
% -0.170887478494000E+00  0.150338516474996E+01  0.157289667748474E+00
%  0.213682670146151E+01  0.349208976826317E+00  0.481709768723008E+00
% -0.895838095623762E+00  0.508616917954423E+00  0.897455333434409E+00
% -0.488960408391159E+00  0.590965014251819E+00 -0.967500555231506E+00
% -0.250806702085632E+00 -0.105041200822499E+01  0.152704709645150E+01
% -0.912181998533142E+00 -0.140513915316162E+00  0.137731268663594E+01
%  0.101248057008792E+01  0.129204075457930E+00  0.376584951543274E+00
% -0.308655690181647E+00  0.262044456202553E+01  0.338270234385764E+00
% -0.742538794902557E+00 -0.355761765390032E+00  0.875306496731924E+00
%  0.863450157327027E+00  0.122796833824536E+01  0.126301509825487E+00
% -0.571610198376500E+00 -0.445153017535214E+00  0.798705056561631E+00
%  0.319148072145348E+00  0.168808330061545E+01  0.811644119904554E+00
% -0.219913914084178E+01 -0.183170391571872E+00  0.293181552852595E+00
%  0.251985614090789E+00  0.115541891066439E+01 -0.782174630771305E+00
% -0.599025379221997E+00 -0.989691648433120E+00 -0.838049445251399E-01
%  0.197893659676683E+01  0.139002004456630E+01  0.981918324992386E+00
%  0.151740268557181E+01 -0.350951706888037E+00  0.269833011634161E+01
%  0.108463165081131E+01 -0.178639576292176E+01  0.272285332682686E+00
%  0.800050732889880E+00  0.858422902297058E+00  0.685523421309453E+00
%  0.192674044253606E+00 -0.866173472875483E+00 -0.314008338809602E+01
%  0.246573210294751E-01 -0.831943226875356E+00  0.185120008682615E+00
%  0.272192822847198E+00  0.753489460716465E+00 -0.606808692773945E+00
% -0.119370605417978E+01  0.944043834677562E+00 -0.234012638363102E+01
% -0.165546259294564E+01 -0.617135309155094E+00  0.111001433047135E+01
%  0.184745457956729E+01 -0.177920512803766E+01  0.718702595714553E+00
%  0.426974962522603E+00  0.166206224258407E-01  0.146319945877613E+01
%  0.282070337725007E+00 -0.136490411830419E+01 -0.737476994190901E+00
% -0.450616563812627E+00 -0.104700287610565E+01  0.212090320702932E+01
%  0.280404391115451E+00  0.384579831517239E+00  0.800136700615902E-01
%  0.100861210293279E+01  0.910111177960897E+00 -0.348548653810228E+00
% -0.518915098706581E+00 -0.126692659833784E+00 -0.133024457161223E+01
% -0.379388172139241E+00 -0.714155864191225E+00  0.223202462090670E+00
% -0.107761948191217E+01  0.705285322505453E-01  0.201161465515547E+01
% -0.879185346455725E+00  0.357601813914892E+00  0.165505736350264E+01
% -0.978971661863753E+00 -0.317050930172331E+00  0.115969293826894E+01
% -0.202101001713092E+00  0.162128048425859E+01  0.236095895269701E+00
% -0.271709808738177E+01 -0.105207671928739E+01  0.119046157264167E+00
% -0.744540844589684E+00 -0.109807991363487E+01  0.301938780881240E+00
% -0.192442033369473E+01 -0.155707751895183E+01 -0.471536308738982E+00
% -0.103250699562246E+01  0.908737893872194E-01 -0.146046644328480E+01
% -0.130557200765978E+01  0.206053335994378E+01 -0.560735751359700E+00
%  0.885107381010686E+00 -0.878844345239054E+00  0.233777574337013E+00
% -0.458509784234563E+00 -0.144511721168808E+01  0.986453151102687E-01
% -0.212339866442751E+01  0.193908355259365E+00 -0.100364827059180E+01
%  0.870923221481029E+00 -0.211933308033038E+00  0.170157457224362E+00
%  0.655772669781272E-01  0.136710256947172E+01 -0.283987588929137E+00
% -0.326839127860388E+00  0.308764594006028E+00  0.215861170470859E-01
% -0.707275729028674E+00  0.247043066770190E+00  0.897525173940252E-01
% -0.297016275812658E+00  0.301961925827465E+00 -0.798913324618099E+00
%  0.814135091491749E-01  0.312127423881588E+00  0.118132505888593E+00
% -0.512861687981733E+00  0.203646793589115E+00 -0.820246807355373E+00
%  0.110313326053424E+01 -0.806942984163908E+00  0.780449037205978E+00
% -0.982243003890379E+00  0.164582466061377E+00  0.504960978782877E+00
%  0.353857756508804E+00 -0.767143468631810E+00 -0.895250729183304E+00
% -0.339380078748710E+00 -0.144843134257975E+01  0.964872562747663E+00
%  0.201945658819366E+00 -0.762655256188997E+00  0.530299880931385E+00
% -0.290329402922569E+00  0.119533334751462E+01  0.170778143795740E+00
%  0.173141967311763E+01 -0.186954215293678E+00 -0.141582934534353E-01
% -0.152953647785184E+01  0.128816552056549E+01 -0.187545975606020E+00
% -0.241512409318575E+00 -0.123847033692029E+01 -0.106678770989383E+01
%  0.496523779596597E+00  0.799808782439096E-01  0.113527024295708E+01
% -0.776395874768633E+00 -0.662791948583529E+00 -0.103431603342286E+01
% -0.402789298675510E+00  0.852597605455366E+00 -0.402839951675089E+00
% -0.137383368700887E+01  0.992969584719317E+00  0.237435164878219E+00
% -0.836448006564505E+00 -0.124245987557819E+01 -0.180713677076102E+01
%  0.116915745798804E+00 -0.440854360346648E+00  0.760710036349359E+00
%  0.162166729083300E+01 -0.692816058828086E+00  0.271534132591412E+00
%  0.284569927528869E+00  0.110626063786672E+01 -0.103797419661240E+01
%  0.834485365727432E+00 -0.272287803418123E+01  0.405158316760284E+00
% -0.142504548468472E+01  0.264531334638503E+01 -0.172713532698783E+01
% -0.835169434963080E-01  0.143492113960978E+01 -0.105682632664822E+01
% -0.752836236617303E+00  0.120723462757902E+00 -0.251182532867015E+00
%  0.121340935567774E+01  0.404924047760516E+00  0.131006943528788E+01
%  0.324610056658291E+00  0.878897462542748E+00  0.196078516159204E+01
%  0.163961224175499E-01 -0.601496074104492E+00  0.175318845041904E+00
%  0.389002441497960E-01 -0.148969652305254E+01  0.217557707040739E+01
% -0.566801854774394E+00 -0.737212077064332E+00  0.363929603184040E+00
% -0.112785133932923E+01  0.392874883350172E+00 -0.213613909676350E+00
%  0.838328621277805E+00 -0.120607115554414E+01 -0.903307035129121E-01
% -0.848852927061432E+00 -0.149326985250695E+01  0.559094676358341E+00
%  0.982169705413982E+00 -0.446317276522120E-01 -0.146344336284505E+01
%  0.352694264338062E+00 -0.116633553828586E+01 -0.100720507002713E+00
%  0.127008722498699E+01  0.442635756804619E+00  0.522276944498234E+00
% -0.886480604160479E+00  0.674474405034492E+00  0.193675832403775E+01
%  0.164671243380074E+01 -0.179016420066183E+00  0.220564713930735E+00
%  0.599910222957532E+00  0.962007836393546E+00  0.153560987721432E+01
% -0.649809566302300E+00  0.715263446819935E-02  0.120477653207204E+01
% -0.242473446151535E+01  0.202071131757097E+01 -0.688608133046862E+00
%  0.237081742675552E+01  0.125118282053168E+01 -0.830166502760579E-01
% -0.660924934284224E+00  0.915805005217028E+00 -0.270560080697046E+00
% -0.113405669838329E+00  0.796831441610270E+00  0.409410248230229E+00
%  0.134798546845004E+01 -0.280241624088387E+00  0.132633363895022E+01
% -0.834130299797740E+00  0.826881257694500E+00  0.263011399188559E+00
%  0.244879863607680E+00  0.210928642863149E+01 -0.157881904746005E+01
% -0.452481565130424E+00  0.145433301110919E+01 -0.552719077988452E+00
% -0.691463008734977E-01  0.720932255479368E+00  0.330154275255195E+00
% -0.596057249708015E+00 -0.695381529510769E+00 -0.753324887740017E+00
%  0.756583787696704E+00 -0.609923980350583E+00  0.169689909349287E+00
% -0.267684058190091E+00 -0.167083292568320E+01 -0.563329223541086E+00
%  0.683478693912908E+00 -0.957785046620722E+00  0.130513914361408E+01
% -0.169697487066423E+01 -0.118283194979702E+01  0.582908037257803E+00
% -0.750536888555455E+00 -0.976542238361420E+00 -0.643446199753864E+00
% -0.943574685617257E+00  0.591104015526033E+00 -0.765965841545226E+00
% -0.160654017186102E+00 -0.570774199168476E-02  0.366888411210199E+00
% -0.130080844408445E+01 -0.314696165716485E-01  0.188016617378750E+01
% -0.351019039533987E+00  0.239922334255245E+01  0.138722470273065E+01
% -0.663090949877667E+00  0.159477298348618E-02 -0.208240096531415E+01
% -0.262445089726613E-01 -0.199729907869221E+01 -0.897801044189331E+00
% -0.531921898967854E+00 -0.238379029076256E+00 -0.969274952754078E+00
%  0.119884080856027E+01 -0.454274468419616E+00  0.318588281791419E+01
%  0.569436746884431E+00  0.432728563619038E+00 -0.148777109612811E+01
%  0.118011466107087E+01  0.130865172263691E+01 -0.357539318000459E+00
%  0.377472912041061E+00  0.191839846679226E+00  0.110676523159231E+00
% -0.100189024215654E+01  0.296735827058290E+00  0.284542224612374E+00
%  0.196007839283043E-02  0.864335089700879E+00 -0.106512500510294E+01
% -0.142722647309123E+01 -0.116190733802458E+01 -0.418819713600238E+00
%  0.353549397490730E-01  0.171993711133496E+01  0.118376014233731E+01
% -0.115563379038520E+01 -0.587179635045996E+00  0.952313746447092E+00
% -0.135031082722319E+01  0.252108465162987E+00 -0.343625111844563E+00
% -0.500758107867065E+00  0.157360428676789E+01 -0.192828737954058E+01
%  0.386512129381114E+01 -0.144852082258264E+01 -0.242846036876478E+01
% -0.189919495925825E+00 -0.223797057102178E+00  0.118627149214051E+01
% -0.100500980462050E+00  0.331324731477825E+00 -0.575016495918576E+00
% -0.584828599432658E-01 -0.132597232137505E+01  0.215477033128020E+00
%  0.117979537681238E+01 -0.111599191438612E+01  0.861834373599543E+00
%  0.375088911163994E+00  0.119622192317263E+01 -0.640523921100970E+00
% -0.739142871492680E+00  0.402681013593912E+00  0.631664876415304E+00
% -0.178997619695379E+00  0.865544205536513E+00  0.181629830189485E+00
% -0.661650545119171E+00  0.728706464547225E+00  0.111815517473817E+01
% -0.875638107942783E+00  0.683147440551674E+00  0.803219372943275E+00
% -0.566181995194815E+00  0.321640760764880E+00 -0.190858233556858E+01
%  0.128525439104717E+01  0.110853468637794E+01 -0.787360986280046E+00
%  0.102059913619572E+01  0.661674183550677E+00  0.122432888219055E+00
%  0.147496099938599E+01 -0.154843814404169E+01  0.114516447721715E+01
% -0.580192729563719E-01 -0.182170330264742E-01 -0.210060079953319E+01
% -0.154426181276334E+00  0.213008024973753E+00 -0.494341232214918E+00
%  0.182906808317488E+01 -0.133290442913948E+01 -0.776785727441101E+00
% -0.117966112423740E+01 -0.614621689509736E+00 -0.546961257318718E+00
%  0.874396023899348E+00 -0.720879463580804E-01 -0.592492170472772E+00
%  0.219057881474457E+01 -0.105150894138444E+01  0.673803788082278E+00
%  0.558214693724609E+00 -0.113565963394470E+01 -0.153831668357004E+00
% -0.280292488150508E+00 -0.476885395957579E+00 -0.866798426042811E+00
% -0.657791774117019E+00  0.727617050250938E+00 -0.287660032436500E+00
% -0.487854296236462E+00 -0.184325011763865E+01  0.820666421731806E+00
%  0.597537338437218E+00 -0.100930471387115E+01  0.132918719743429E+01
%  0.181502654013953E+01  0.103440789386473E+00 -0.821045699045500E-01
%  0.231233583448771E+01  0.427038058933179E+00 -0.763519822317165E+00
%  0.308620368422449E+00 -0.110654411831908E+01 -0.111317511270599E+01
% -0.102808868349970E+01  0.284600267209952E+01 -0.991762164842613E+00
%  0.149682312698124E+01 -0.396220707487596E+00  0.371317780251906E+00
%  0.194902541503223E+00  0.347749511990226E+00  0.313365820237676E+00
% -0.279961043062181E+00  0.111206138086419E+01 -0.521221043845209E+00
% -0.115685833570398E+01 -0.869481901001826E+00 -0.116044556524095E+01
% -0.405950221997597E+00  0.688448994507472E+00  0.220679120619786E+00
% -0.207905952687538E+01  0.112165001718257E+01 -0.771268210597445E+00
% -0.154914390612088E+01 -0.907704014629743E-01  0.138742690206617E+01
%  0.294878359185659E+00 -0.127000272806075E+01 -0.114830013103899E+00
%  0.108882032902209E+01 -0.512363449834767E+00 -0.110188406960668E+01
% -0.766505334292699E+00 -0.324045448579979E+00 -0.107167578791584E+01
% -0.855398649058689E+00 -0.153786094450360E+01  0.345488793965113E+00
% -0.143917493946673E+00 -0.112165843810766E+01 -0.203507413272534E+01
%  0.110022649713716E+00  0.410737368179802E+00 -0.102361826822953E+00
% -0.172802306125635E+01  0.568200242667752E-01 -0.352252192048758E+00
%  0.359446557047973E+00 -0.757573875807399E-01 -0.737430271460616E+00
%  0.178968821953830E+01 -0.243951408264977E+00 -0.144839541345916E+01
% -0.373375212610428E-01  0.192855820643600E+01  0.484578335065963E+00
% -0.141298961227124E+00  0.137547719956443E+00 -0.328725376674500E+00
%  0.997211282822615E+00 -0.107127613324127E+01 -0.511884786125503E+00
% -0.195641408097063E+01 -0.109071437855056E+00  0.241990322998656E+00
%  0.135134017620393E+00  0.116434981725317E+00 -0.201237018795724E+01
%  0.478545353977883E+00 -0.178483505419793E+01  0.167926764282414E+00
%  0.406311817330763E-01 -0.699036446379777E+00  0.449379427427054E+00
%  0.818054761770567E+00 -0.950326323593896E+00  0.126090966824146E+01
%  0.130632863026892E+01 -0.429830663184315E+00  0.764342929500016E+00
%  0.855559760960277E+00 -0.123431548968971E+01 -0.260340067077431E+01
% -0.451899733174247E+00 -0.333252000654260E+00  0.131318469807807E+01
%  0.989833082579299E+00  0.104084771298103E+01  0.335401567300348E-01
% -0.170782571392059E+01  0.705384654177475E+00 -0.114765394883562E+00
% -0.532053666239886E+00 -0.139250830633196E+01  0.801304850910744E-01
%  0.851226081820870E+00 -0.473443502036715E+00 -0.100430883124233E+01
%  0.157914436627681E+01  0.221411044162498E+01 -0.803090207507324E+00
%  0.346323300207942E+00  0.182287372064584E+01 -0.791684498624895E-01
%  0.512589939791779E+00 -0.913388045912218E-01 -0.122698623638058E+01
% -0.223499294242317E+01  0.659079175526833E+00 -0.158121763393681E+01
%  0.724521603404829E+00 -0.410915067559705E+00  0.944115405220611E+00
% -0.284900955686672E+00  0.197782398524135E+01 -0.261272353485945E+00
%  0.126121664523647E+01  0.228735944951735E+00 -0.831666799148868E+00
% -0.147054626584744E+01 -0.196817297183250E+00 -0.105621003464331E+01
%  0.124957265177784E+01 -0.101798568534811E+01  0.299407821051367E+00
% -0.359031438298869E+01 -0.107450804808078E+02  0.118056212437407E+02
% -0.518326704784161E+01 -0.570378774413016E+00 -0.919719092862121E+01
%  0.185945667938405E+01 -0.868461819899657E+00  0.458048711241592E+01
% -0.833739429226863E+01  0.199675874576379E+01  0.154137639649476E+02
% -0.135158810661314E+01  0.200765920392080E+01  0.510002023913806E+01
%  0.150740614547538E+01  0.870042450247936E+01  0.104850242962476E+02
% -0.430845294022377E+01 -0.118340661729240E+02  0.299957268290652E+01
% -0.848950047399799E+00 -0.365765921587580E+01  0.964878455481841E+01
% -0.918425126159704E+01 -0.806338698573902E+01 -0.305407881757217E+02
%  0.492060321111723E+01  0.161902216870570E+02 -0.868949459339090E+01
%  0.270269124091039E+02  0.437435270745969E+01 -0.123105546856045E+02
%  0.436077339901896E+01  0.336308454166108E+01 -0.225415850387571E+01
% -0.157760471116709E+02  0.677718818483931E+01 -0.548744313244885E+01
%  0.120039234539647E+02 -0.239584648348059E+01  0.317109416251644E+01
% -0.340289190195788E+01 -0.156759699035771E+00  0.151700860986947E+01
%  0.930723537006102E+00 -0.174486097914945E+00 -0.363257089530677E+01
% -0.454926663281758E+02  0.790694439095209E+00  0.649994803365326E+01
% -0.381326623728424E+01  0.291671396536975E+01  0.130282371474022E+01
%  0.791184357321019E+00  0.160382986746227E+02 -0.627459470950302E+01
% -0.529690478971686E+01 -0.124591334849287E+01  0.457025584111708E+01
%  0.369957932253465E+01 -0.102296134184300E+02  0.876125362276104E+01
% -0.444737191222962E+01  0.513609900488604E+01  0.512534856365389E+01
%  0.392320003041463E+02 -0.716720873465585E+01 -0.236871065878222E+02
%  0.827989922472008E+01 -0.146405496928826E+02  0.256643192309921E+01
% -0.813405708702078E+01 -0.189873013090970E+02 -0.181184949320758E+02
%  0.240440656157430E+02  0.320899761373120E+02  0.362440216489208E+01
% -0.335294095038294E+02 -0.428088860057097E+00 -0.104343113165474E+01
% -0.922025045794246E+01  0.750675937124012E+00  0.583665998185123E+01
%  0.795343821639350E+01  0.167761808930852E+02 -0.372964194582770E+01
%  0.966732543994359E+01 -0.146187946977297E+01 -0.502463246467057E+01
% -0.101726001129498E+02 -0.125768933927611E+00 -0.138002325415354E+02
%  0.148815570700466E+02 -0.114675605894298E+02  0.137250627871728E+02
% -0.155606362750249E+00  0.247349781119570E+01  0.135694093231393E+01
%  0.625868651333216E+01  0.152829482922750E+01 -0.450254916862766E+01
% -0.950674092561678E+01  0.617855821236170E+02 -0.253348120845487E+01
%  0.133291743624008E+01  0.179210082635137E+01 -0.136166620547962E+01
% -0.965832325794639E+01  0.972100303248026E+01 -0.199709661822314E+02
% -0.115280318366526E+01 -0.516208279092400E+01  0.351622468495994E+01
% -0.113374965341024E+01  0.724809454531480E+00  0.174751448516741E+01
%  0.182696484620153E+01  0.418318958218203E+00 -0.592193543656517E+00
% -0.865857937039339E+01  0.525567036285225E+01 -0.101296357450238E+02
%  0.467935000213486E+01 -0.336077261218220E+01 -0.320616349774280E+01
%  0.105720934346400E+02  0.452804336319227E+01 -0.102997351142618E+02
% -0.514230778946821E+01  0.131167153203815E+02  0.549287556977406E+01
%  0.513638956158475E+01  0.501517594245673E+01  0.129234366038328E+02
%  0.175704106269354E+02  0.835866943963492E+01  0.426344813760702E+01
%  0.693973128118101E+01 -0.247984075756144E+01  0.119034134933199E+02
%  0.403407313813047E+01  0.701052904137969E+01 -0.336867021575926E+01
%  0.710110205992276E+01 -0.577479224113205E+00  0.931987264478470E+01
% -0.114760051562110E+02  0.410105558554923E+01 -0.368354205248430E+01
% -0.830237464066452E+01  0.737000501184849E+01  0.726155445819979E+01
% -0.427189766894921E+00  0.217058492197746E+02 -0.365314477798191E+02
%  0.820485411199783E+01  0.228181510244755E+00  0.573926330347936E+01
% -0.271420259819523E+02 -0.521987292391952E+02 -0.180478543019603E+02
%  0.937351461447629E+00 -0.394437538198809E+01 -0.163544153031068E+02
% -0.861436209349734E+01  0.575132789615594E+01 -0.426264748837603E+01
%  0.915337425790015E+01 -0.470423135498485E+01 -0.334263325945787E+00
%  0.216587092185163E+02 -0.782173536945760E+01  0.333025479505733E+01
%  0.770998846416919E+00 -0.233641539589943E+02  0.100886651179212E+02
%  0.519477159771826E+01 -0.115937371785986E+01  0.270682301923550E+00
%  0.309057715656062E+01  0.162222348243152E+02 -0.995990914936696E+01
%  0.400099203256826E+01 -0.418600065168217E+01 -0.625406042119508E+01
%  0.183939606240644E+02 -0.653218076902899E+01 -0.342120746734479E+02
%  0.218286279859578E+02 -0.831277317601137E+00 -0.120956992920329E+01
%  0.187554130698094E+01 -0.216599474016365E+01  0.411617238009713E+01
%  0.394375856681258E+02  0.574338634727991E+01 -0.789851816422602E+02
%  0.117484466656108E+00  0.970853425060214E+00  0.212666965277063E+02
%  0.160541843495837E+02  0.271610791844667E+01 -0.571068129000067E+01
% -0.829384521691550E+01 -0.122482893549423E+02 -0.593838655522814E+00
%  0.119789435572124E+02 -0.136832126913758E+02 -0.101506549148259E+02
%  0.676497988813369E+01  0.138375418114817E+02 -0.304968611205106E+01
% -0.952140905324275E+00 -0.138752592473300E+01  0.127455772500960E+01
%  0.893828662469572E+01 -0.453463530852841E+02  0.291853901472694E+02
% -0.161201136167717E+02 -0.331818932998955E+01 -0.128337208200670E+01
%  0.152843308049551E+01 -0.195342742700610E+01 -0.191155475153465E+02
%  0.371054397519080E+01  0.126489819221955E+02 -0.168757619874989E+01
%  0.323608774810629E+02 -0.306205094076864E+02 -0.311546125951829E+01
%  0.157593741597334E+01 -0.290962794728708E+01 -0.310544416877057E+01
% -0.462331658764276E+01  0.740546987816465E+01  0.589198119072774E+01
%  0.537372962546020E+01 -0.165687372681070E+02  0.932841542740326E+01
%  0.130224747519347E+02  0.128112330899582E+02 -0.618923385756887E+01
%  0.213795801223928E+01 -0.231948289906777E+02 -0.698734438947496E+01
%  0.294519665256715E+02 -0.735209055467852E+01  0.832620799328858E+00
% -0.136619220385691E+02  0.165716442425526E+02  0.555468970493972E+01
% -0.129840031828261E+02  0.169725303422877E+02  0.208702517809107E+02
% -0.763630577241219E+01 -0.263331906914349E+01  0.582762170997380E+01
%  0.120242549786244E+01 -0.586823884521413E+01  0.158548180829402E+01
%  0.124145129739673E+02 -0.448549759716682E+01 -0.284247984268462E+02
%  0.101014143075228E+02 -0.133624200433705E+02  0.106383465429102E+02
% -0.954799632349522E+01  0.223232442866424E+02  0.101289537820744E+02
%  0.947693602752699E+01  0.128268661125859E+02  0.541786821244907E+01
% -0.308203554447886E+01  0.110272541733523E+01 -0.760423255436197E+01
%  0.228006789096946E+01  0.479861537155421E+01  0.302702466586675E+02
% -0.195227724868187E+02  0.103887698820922E+01 -0.310406522211249E+02
% -0.425530793913671E+01 -0.101656500489465E+02  0.190804455487732E+02
%  0.322245178893427E+01  0.333143072237110E+01 -0.421526005525282E+01
% -0.997331516479485E+01 -0.129422362048090E+01 -0.976594860008955E+01
% -0.953948700983894E+01  0.939355665989646E+01  0.230475852244391E+01
% -0.735703479569446E+02 -0.665740992908930E+01  0.407435477403131E+01
%  0.401099095221036E-01 -0.768466178059271E+01  0.166982379583830E+02
% -0.106223798001898E+02  0.574018266722686E+01  0.440020792343402E+01
%  0.515264942781864E+01  0.220622914225719E+01 -0.132885610275103E+02
% -0.284648612170962E+02  0.456336867185183E+02  0.359683347588081E+02
% -0.159567116158985E+02 -0.561518026415925E+00  0.228709528139766E+02
%  0.614333712071656E+01 -0.322429317605023E+00  0.110173887568530E+02
%  0.508818985253092E+01  0.132806653558674E+02 -0.545690110180577E+01
% -0.157826103859175E+02 -0.258034759931792E+02  0.288467080684866E+02
% -0.689327405832287E+01  0.449336113516912E+01  0.484892586433529E+01
% -0.532342254728329E+02 -0.418551505841089E+01  0.155968601920298E+02
% -0.532480698585017E+02 -0.181374957489946E+02  0.176533786109288E+02
%  0.930874018253104E+01 -0.663201723540203E+01  0.101555960127947E+02
% -0.267721787763919E+01  0.481126003037692E+01  0.432374314714480E+00
%  0.971658900815723E+01 -0.102476141014861E+02  0.692445923062116E+01
%  0.165005861035714E+02  0.287975236724976E+02  0.178759712386785E+02
% -0.334059544617162E+02  0.963792036927166E+01 -0.568751309833516E+01
% -0.206148006741138E+02 -0.245588625428115E+01  0.522440036677062E+01
%  0.803494280066527E+01 -0.182051961705157E+01 -0.818632673439696E+01
%  0.257349430143685E+01 -0.857329230392457E+01 -0.445353375675854E+01
%  0.376864778700487E+00 -0.164452149161562E+01 -0.401159424747834E+01
% -0.114667701033210E+02  0.443835835943290E+01 -0.145520707040879E+02
% -0.522575718262955E+00  0.513515879551176E+01  0.715783558194924E+01
%  0.241263401724163E+02  0.259363326480959E+01 -0.171339873080240E+02
%  0.175758478979812E+01  0.486831826628408E+01  0.334587135915467E+01
%  0.282110609021795E+01 -0.179256101961287E+01  0.345484392646934E+01
%  0.183487876694434E+01 -0.169628744041511E+01  0.102859299114329E+01
% -0.314670455218780E+01  0.182310640100320E+02 -0.434474444325167E+01
% -0.538233357498661E+01 -0.130622501111966E+02 -0.180584228762287E+02
% -0.761417587898183E+01  0.156220125501217E+02 -0.185616201983651E+01
%  0.505727692417561E+01  0.457459579268682E+01  0.202746455371295E+02
%  0.135029030619262E+01 -0.471186758945071E+02 -0.139067163358059E+02
%  0.296136026612579E+01  0.714926652782535E+01  0.674463941514979E+01
%  0.336083947086873E+01 -0.153591280386463E+02 -0.790185240892978E+01
%  0.485190371388569E+01 -0.676485007933203E+01 -0.277832374586800E+01
% -0.109075874713289E+02  0.134894503190941E+02 -0.987979504004885E+01
% -0.396039188749836E+01  0.689964819039610E+01 -0.353358286717263E+01
%  0.862845591640772E+01 -0.945130642039841E+01  0.662860446293514E+01
%  0.166501766400243E+02  0.391575781064169E+01 -0.515490704466182E+01
%  0.779286399259478E+01 -0.171050751437619E+01 -0.464689410694802E+01
%  0.341857900473977E+02 -0.327102522766050E+02  0.121594473975254E+02
%  0.419000673162606E+01 -0.373440527147637E+01 -0.725962020395620E+01
% -0.421835887486059E+02  0.827485305216520E-01  0.671574122702378E+02
% -0.144758642168747E+02  0.715816736031323E+01  0.599842749252722E+01
%  0.282295882202044E+01  0.132199757816192E+01  0.104704956778361E+01
%  0.866541994010015E+01  0.205544199477101E+01  0.154215917072590E+02
% -0.889833860610516E+01  0.109142817646520E+02  0.535745860333654E+01
%  0.580270249142331E+00  0.924694813361149E+01 -0.222338629973262E+02
% -0.738284896890800E+01 -0.199213552023466E+02 -0.103488694363234E+02
% -0.184695252090035E+01  0.489090596502302E+01  0.384661586030827E+01
%  0.798251136265183E+00  0.337129798086724E+01 -0.600132218006756E+01
%  0.209693023225370E+01 -0.675718876171027E+00  0.144413331764195E+01
% -0.565400723408240E+01 -0.101597032858481E+02 -0.884517267876531E+01
% -0.416554906960415E+01  0.990085227696395E+00 -0.708783444242744E+01
%  0.777141074971342E+01  0.275589327299152E+01 -0.728467436869849E+01
% -0.102659046922234E+02 -0.660042307824313E+01  0.141875012296472E+02
%  0.165890336083321E+02 -0.151801510661129E+02  0.558294905410237E+01
% -0.908075858138841E+01 -0.611197002285730E+01 -0.668978928531002E+01
%  0.631195946395686E+01 -0.187392763798784E+02  0.147218494046119E+02
%  0.328385672942009E+01  0.827752122571035E+01 -0.530178010735871E+01
%  0.720093557238063E+02  0.231890735042733E+02 -0.619857103154879E+01
%  0.319535246882554E+01 -0.254061321748500E+01  0.645274638081619E+01
% -0.218430829152194E+02  0.116862738946141E+01  0.136843432878819E+02
%  0.138062537979723E+02  0.112994827675128E+02 -0.147222377248723E+00
% -0.378679461709104E+02  0.226229689579876E+02  0.193251032448058E+02
% -0.412592185704847E+01 -0.798105159212094E+01 -0.162350715083116E+00
% -0.864021229276375E+01  0.256130945130978E+01 -0.383142156535509E+01
% -0.119002923030467E+01 -0.583490735403256E+01  0.258674407734444E+01
%  0.139259087358429E+02 -0.155075718708388E+02 -0.799725469704607E+01
%  0.158112081876858E+01 -0.716181018689204E+00  0.416243800996741E+01
%  0.207945450600725E+02  0.375069275705513E+01  0.183976857158814E+02
% -0.749562674949930E+01 -0.114125131634764E+02 -0.641753920941220E+01
% -0.330155964293923E+02 -0.448625159747835E+01 -0.168920642972640E+02
% -0.373210707922936E+02  0.485384195407031E+01 -0.222724495772820E+00
%  0.742929148090114E+00 -0.159685492405809E+00  0.316211913889675E+01
%  0.393834825863131E+01 -0.179249954418277E+02 -0.566084716163289E+00
% -0.701073711606545E+01  0.223009657507179E+01 -0.143085761537783E+01
%  0.644129119357285E+01 -0.152806108841087E+02 -0.160891981512946E+02
% -0.201323622120660E+02 -0.869831822874694E+01  0.184599764237603E+02
% -0.243187360400295E+02 -0.225249762290946E+02  0.138202592068437E+02
% -0.135752732091147E+02 -0.470605392501670E+01  0.356644731849619E+02
% -0.852667422750175E+00 -0.101446043522064E+01  0.382819136309709E+01
% -0.132829461273336E+02  0.310198479913785E+02 -0.541018954545133E+01
% -0.201979255188079E+01 -0.664665477262201E+01 -0.149750244651280E+02
%  0.274168552649814E+02 -0.931723211879788E+01  0.146439750224748E+02
% -0.170704030292416E+02 -0.116444915684410E+02  0.468226468967053E+01
%  0.829903916009447E+01  0.684146545736856E+01  0.904543781590532E+01
% -0.666133286114572E+01 -0.519781246773304E+01  0.202549912821292E+02
%  0.245384304625717E+01 -0.392080877184685E+01 -0.558975029071993E+01
%  0.808317284748270E+01 -0.759420571917256E+01  0.532217569713590E+01
%  0.136622814402021E+02  0.153017689509387E+02  0.163921727740140E+02
%  0.944082993316144E+00 -0.196601528268691E+01 -0.390690982284945E+01
%  0.281145038755273E+00  0.788734929474847E+01 -0.302390726103855E+02
% -0.363192718203042E+01  0.869842226514718E+01 -0.857001599192066E+01
% -0.349792184560476E+01  0.536991278524723E+01  0.313662326992768E+02
%  0.224753725574899E+02 -0.146667661084216E+02 -0.123783725130825E+02
%  0.106619146303090E+02  0.244076332608670E+02  0.175394684428115E+02
%  0.385292077392931E+02 -0.461071912785300E+02  0.182947676557250E+02
% -0.268074270308841E+01  0.419801448129919E+01 -0.112956197039125E+02
%  0.802000244999516E+01  0.166863377390955E+02  0.486443125241103E+01
% -0.185973909236674E+01 -0.124098036064616E+02 -0.747340537442502E+01
% -0.517144696025659E+01  0.338242110910225E+01 -0.368853898221475E+01
%  0.762388990773720E+00  0.145165231603311E+02 -0.600143066652077E+01
%  0.241228275055393E+02 -0.467419648487753E+01  0.136939810667620E+01
%  0.637145446136368E+01  0.134672292802275E+02 -0.415633975480396E+02
%  0.457079515441016E+01  0.439777610360229E+01 -0.219764992618959E+02
% -0.314859649223413E+01 -0.236979025389975E+01  0.338639764202677E+01
% -0.198822122058590E+01  0.281188885819622E+01  0.331783174506707E+01
% -0.968066285203148E+01  0.585712121987291E+01  0.506365668893128E+01
% -0.740137392118897E+01 -0.351731742661835E+01 -0.238888391657240E+02
% -0.680106383705939E+01  0.500725256606745E+01  0.100687047318056E+02
%  0.517316551818526E+01 -0.939572753886877E+01  0.572217967509779E+01
%  0.308366626217893E+02  0.858434678526991E+01 -0.107933412360111E+02
%  0.819503454413043E+01  0.161385841738910E+02 -0.263102626345906E+02
% -0.584286682529215E+01 -0.157331869628214E+02 -0.244588681401903E+01
%  0.174535427591089E+02  0.552576111813975E+02  0.223866465279614E+02
%  0.245094238630072E+01 -0.133462570507178E+01 -0.777225692808158E+00
% -0.987472325094975E+00 -0.367772566553139E+01 -0.427664564443239E+01
% -0.149358221093558E+02  0.520942668786850E+01 -0.598801838078207E+01
%  0.154924061715033E+01 -0.262869298022557E+01 -0.713674115263691E+01
% -0.267167456049088E+00  0.430801901987862E+01 -0.371442315866971E+01
%  0.173135609528774E+02 -0.105524947910364E+02 -0.983494611792961E+00
% -0.136558999330153E+02 -0.629940998095472E+01 -0.247537190324449E+02
%  0.335928342417825E+00 -0.115121360925365E+02  0.268765224152142E+00
% -0.100075185213053E+02 -0.131911577831984E+02 -0.144816368521558E+01
% -0.114462824403619E+02  0.448659378347616E+02  0.565104014074876E+01
% -0.694879806437557E+01  0.122127738510577E+02  0.197031751832817E+02
% -0.742599859985439E+01  0.975726127161869E+01 -0.955713924944972E+01
% -0.242375270460481E+02 -0.205228388648170E+02 -0.119026258517873E+02
% -0.374449814888329E+01 -0.830703884158638E+01 -0.503015383180946E+00
%  0.161138261005048E+02  0.133573596894774E+01  0.310761272877999E+02
%  0.957669310693186E+00 -0.102580992779626E+01  0.435085273217112E+01
%  0.145918013117342E+02 -0.264569467368631E+02 -0.729298883377829E+01
%  0.100662522729879E+02 -0.190782058895389E+02 -0.485565266279478E+02
% -0.646583702114353E+01  0.160228882273388E+01 -0.591752427465387E+01
% -0.205167789402317E+02  0.107729383175070E+01  0.217595197839744E+01
%  0.228033651793789E+02  0.110988158875653E+02 -0.262348748165235E+02
% -0.108817200402948E+02  0.478043700419299E+00  0.414870230183813E+01
%  0.745039187283044E+01  0.304293249889374E+02  0.954147689024089E+01
% -0.333458618603399E-01 -0.557047974096066E+01  0.804250587813190E+01
% -0.258768181905761E+01  0.857197069284182E+01 -0.517844174224222E+01
%  0.640431213625341E+01 -0.282564995421595E+00  0.199961454260306E+01
% -0.954973146692430E+01  0.613958434026782E+01  0.113162585223481E+02
%  0.241230620438831E+02  0.136913695239875E+02 -0.100364285155701E+02
% -0.483311558927658E+00  0.218138987502750E+01 -0.177482905552921E+01
%  0.184677265926422E-01  0.571211933071866E+01  0.809593997281400E+01
%  0.268467135458851E+01 -0.349446025018013E+02  0.459585993120783E+01
%  0.123459138350500E+02  0.178089828609769E+02  0.316981373173137E+02
%  0.170764042898000E+02 -0.146474041281729E+01 -0.350194771825071E+01
%  0.374900109812225E+01  0.181563145195160E+01  0.236373126855604E+02
% -0.635928779924469E+01 -0.498780220238634E+01 -0.426120566305900E+00
%  0.292568710178251E+01  0.372300293770864E+01  0.537298890927174E+01
% -0.258299838554954E+01 -0.527789545236936E+01 -0.547366743679104E+01
%  0.751119299178495E-01 -0.568953457210368E+00 -0.764713339079818E+01
%  0.146501603985906E+02 -0.336003260728703E+01 -0.108934632554657E+02
%  0.436280354069867E+01  0.123558349612498E+01  0.774869914374854E+00
%  0.446149419430979E+00 -0.187477087382436E+02 -0.520688389027862E+01
% -0.152155090177307E+02  0.150281607234993E+01  0.177457605489672E+01
