% T    256  0.715122828077254E+01  0.715122828077254E+01  0.715122828077254E+01
   0.191134924623360E+01  0.171619476955536E+01 -0.288049357019181E-01
   0.130035209749009E+01 -0.272607298063120E+01  0.176472901661795E+01
   0.659784122779266E+00 -0.156663402663690E+01  0.321879406873074E+01
  -0.740257691918239E+00 -0.943388518135680E+00  0.188752079156614E+01
  -0.136119163297182E+01 -0.236923001140177E+01 -0.301610903477942E+01
  -0.167889688029485E+01 -0.348960830173318E+01 -0.150393929496934E+01
   0.275090440983275E+01  0.104115648431317E+01  0.680371850384168E-01
  -0.174759428945583E+01 -0.207274292919206E+00 -0.639799927129004E+00
  -0.351154918484490E+01 -0.168686340107171E+01  0.113857871834262E+01
  -0.301443433649728E+01  0.350670818023911E+01  0.905284877391964E+00
  -0.340543030878751E+01 -0.220154269563918E+01 -0.258609754884736E+01
   0.917814077677113E+00  0.473948757828256E+00 -0.343281863246470E+01
  -0.300020747117624E+01 -0.444910170219035E+00  0.313084980438026E+01
   0.116158697019984E+01 -0.774398163892604E+00 -0.178312342114531E+01
  -0.357435341440689E+01 -0.275619891863051E+01  0.147228108109641E+01
   0.356457955383348E+01 -0.267055040501704E+01  0.472741667736433E+00
  -0.362691898070321E-02  0.126205952611248E+01  0.262712355862324E+01
   0.107742190803603E+00  0.510895155548241E+00  0.533626598868614E+00
   0.182901179141384E+01 -0.160443687059812E+01  0.239178145105985E-01
   0.629676167268965E+00  0.185918804148185E+01 -0.942029470918689E+00
   0.231147069247665E+01 -0.279968347349285E+00  0.247888104448773E+01
   0.174646875776226E+01  0.162371471314425E+01 -0.348389140865234E+01
  -0.201361755056941E+01  0.260783139880510E+01 -0.914757233890805E+00
   0.199890091680955E+01  0.245052297635130E+01  0.960733506979452E+00
  -0.221952956164854E+01 -0.731639991972795E+00 -0.173541933297638E+01
   0.272742046219419E+01  0.217281690039909E+00  0.162568826911402E+01
   0.704901522206795E-01  0.351496221252194E+01  0.116994302724820E+01
   0.297127980731210E+01 -0.163785486054474E+01 -0.963882421757259E+00
  -0.130945958328721E+01  0.592162279109842E+00  0.151502729733844E+01
   0.282682414572322E+01  0.201079111042530E+01  0.241793461445335E+01
  -0.232361246522079E+01 -0.228782120005341E+01  0.253979998001655E+01
  -0.631142705791642E-01 -0.179925343903452E+01 -0.312773639357546E+01
   0.209402782967533E+01 -0.299872644063377E+01  0.255490372230858E+01
  -0.206802522992438E+01  0.287084647532130E+01  0.263051787173955E+00
   0.162939226145848E+01 -0.152942587637994E+01 -0.106180443357608E+01
   0.204544899607485E+01 -0.102201579285511E+01  0.303757222134574E+01
   0.325738885926694E+01 -0.448476896574241E+00 -0.245605668871269E+01
   0.156318550327074E+01 -0.268087580188485E+01 -0.395562776229634E+00
  -0.209837533686493E+01 -0.830560552860960E+00  0.330652443860198E+01
  -0.220720837422371E+01 -0.163088247769862E+01 -0.293136373345411E+01
  -0.191218875036120E+01 -0.180181031754855E+01  0.320906957157979E+01
   0.183800954082553E+01  0.576565700476556E+00 -0.407415420473793E+00
   0.273117939753677E+01 -0.332256923811602E+01 -0.348791111499681E+00
   0.722419015770287E+00 -0.228581606523478E+01 -0.166212843674053E+01
   0.300912510485868E+01 -0.245502039285453E+00  0.334662556632317E+01
  -0.112936126548139E+01  0.306225491426255E+01 -0.354107927486263E+01
  -0.822852497852130E+00  0.164695643712446E+01 -0.418245347833386E+00
   0.238734621396025E+01 -0.694886237856835E+00 -0.287476882274067E+01
   0.523382240088844E+00  0.160588106446591E+01 -0.321640164741784E+01
  -0.155431636740223E+01 -0.331117698101112E+01  0.174154369392020E+01
  -0.204929860236452E+00 -0.243440772477477E+01 -0.211740335621215E+01
   0.383032092171133E+00  0.144221253278868E+01  0.471550450942243E-02
   0.235258299053074E+01 -0.230681042181564E+01 -0.310373280594536E+01
   0.940787999558097E-01 -0.197231464144693E+01  0.230483783579950E+01
   0.737778113753506E+00  0.113682910353870E+01 -0.163928503324578E+01
   0.258478190518056E+01 -0.232269613276940E+01 -0.812720677212756E-01
   0.108738457866247E+01  0.128498961594699E+01  0.304195187616222E+01
  -0.113793840049785E+01 -0.234183334037637E+01 -0.206123709856833E+01
  -0.586476306690060E+00  0.169101814885011E+01  0.641662959732601E+00
  -0.114552836423325E+01  0.151698446248278E+01  0.194026397028272E+01
  -0.186071184065260E+01 -0.117637825100573E+01  0.106351978085023E+01
  -0.292617379769182E+01  0.573657119449237E+00  0.159980057641552E+01
   0.186843406081441E+01 -0.255545231369282E+00  0.149608689418737E+01
  -0.283544656394923E+01  0.204641502176100E+01 -0.334220530256037E+01
   0.133350068251120E+01 -0.751655391955690E+00  0.228921631053987E+01
  -0.320982148222614E+00 -0.404045247865418E-01  0.167953380533851E+01
  -0.215184796186632E+01  0.271882967124284E+01 -0.260423603104319E+01
  -0.171743371395710E+01 -0.143834252919284E+01 -0.211166024856351E+00
   0.325203431915624E+01  0.947444100251129E+00  0.121817239172607E+01
  -0.334367496914568E+01  0.960817138798565E+00 -0.137668310742875E+01
  -0.142504963491224E+01  0.276854277668315E+01  0.211074979092701E+01
  -0.330146393895926E+01  0.276271706048985E+01  0.187689062256539E+01
  -0.451237160065385E+00  0.184309562975392E+01 -0.143807879921059E+01
   0.429784853079753E+00 -0.141594258873018E+01  0.616797796047834E+00
   0.101409524282319E+01 -0.560225458524823E+00 -0.286997658450499E+01
  -0.193496247539878E+00 -0.198129101574630E+00 -0.305861857743887E+01
  -0.238926714259008E-01 -0.745143333596279E+00  0.506962250156825E-01
  -0.767031981993854E+00 -0.225891366495819E+01  0.180447991695608E+01
  -0.229695191721994E+01  0.712493196332375E+00 -0.148512781921481E+01
   0.123779037309114E+01  0.309778652218853E+01 -0.183400505789156E+01
  -0.234104727079300E+01  0.172699160915619E+01 -0.559372084963871E+00
   0.996892984025787E+00 -0.341186466657004E+01  0.108675004145746E+01
   0.231165572601742E+01 -0.829877753345148E+00 -0.149434956981455E+01
  -0.755289311193201E+00  0.352182878268126E+01  0.176637781322467E+00
   0.883664159952462E+00 -0.100178835215748E+01 -0.193384312275886E+00
  -0.273506891244738E+00  0.326296156326727E+01  0.228181309637916E+01
  -0.673959804693753E+00  0.208930467723994E+00 -0.155071813707823E+01
   0.265987665640266E+01 -0.222130516404016E+01  0.165573030217503E+01
  -0.208192245856519E+01  0.311195945525161E+01  0.129454695530981E+01
  -0.105584215581683E+01 -0.839943843273741E+00 -0.227006619053565E-01
  -0.675749374764771E-01  0.260680911004228E+01 -0.321568642101109E+01
  -0.965057028909166E+00  0.259939655525314E+01  0.695052529700869E+00
  -0.246854568113353E+00  0.764193658650437E+00 -0.342805279590328E+01
   0.107553961265075E+01 -0.244037647131303E+01 -0.291332394525705E+01
   0.265520446048632E+01 -0.362821729680523E+00  0.901585374586033E+00
  -0.134640464336333E+01 -0.357504321885032E+01 -0.485297893108056E+00
   0.867944105543832E+00  0.325154999494977E+01  0.270344940223414E+01
   0.330488942174480E+01  0.968746752500261E-01 -0.995158612539715E+00
   0.328317553174414E+01  0.178573100281104E+01 -0.335967179354139E+01
  -0.253468803752830E+01 -0.226873562124063E+01  0.119356120757798E+01
  -0.338559108604730E+01 -0.763353229868223E+00  0.425489255280373E+00
  -0.325026753196963E+01 -0.325644546258505E+01  0.342686578543523E+01
  -0.313935319984496E+01  0.345874504859127E+01 -0.254937811387709E+01
   0.282332107624017E+01  0.167033014528165E+01  0.825092284861956E+00
  -0.235892476237386E+01 -0.133221085583144E+01  0.230098048149471E+01
   0.115575988198595E+01 -0.179440668732292E+01  0.207491739838853E+01
   0.272579341964246E+01  0.290693788162030E+01  0.925527473870237E-01
   0.656048267065470E+00 -0.194363547158163E+01 -0.626258544977722E+00
   0.127750356876257E+01  0.209903182570980E+01 -0.196999807066027E+01
   0.757942380698494E-01 -0.261712760582784E+01  0.131063157601808E+01
   0.657504518305483E+00  0.694922137796141E+00 -0.573321704073387E+00
   0.260324674647397E+01  0.130077313848640E+01 -0.266075389124371E+01
  -0.347441985377994E+00 -0.653607132283880E+00  0.918460234967042E+00
   0.165566171217636E+01  0.313850390198757E+01  0.168220700589015E+01
   0.391420792708120E+00 -0.299793391231729E+01  0.230915842837392E+01
  -0.306033917107749E+01  0.210955179025170E+01  0.282700387676903E+01
   0.166766336226208E+01 -0.524610107072490E+00 -0.408748363495311E+00
   0.182169527469767E+01  0.317407002095772E+01 -0.855288831790005E+00
  -0.650237446080986E+00 -0.162989452967016E+01 -0.139368288119444E+01
   0.113225716991474E+01 -0.287158761897317E+01  0.300593880798718E+01
   0.354986531308508E+01 -0.345704418425722E+01 -0.112710310918433E+01
   0.122789624280983E+01  0.105545580222743E+01  0.766381189636459E+00
  -0.120618384540926E+01 -0.331864490268201E+01  0.269615881567587E+01
   0.193518319982572E+01 -0.327221851493291E+01 -0.275149836057486E+01
   0.131908637056108E+01 -0.111494642756961E+01  0.868827742416632E+00
   0.612987029949815E+00  0.885525609930337E-01 -0.134888130732950E+01
   0.293458376098106E+01  0.228351320442035E+01 -0.188880355102756E+01
  -0.309257304284896E+01 -0.847968191526633E+00  0.153538423720422E+01
   0.106992827525335E+01  0.199534583604710E+01  0.538564743063953E+00
   0.453666392800307E+00  0.509661234892845E+00 -0.240097834375713E+01
   0.223974626768083E-01  0.278747029107560E+01 -0.140224472350084E+00
   0.286741099499722E+00 -0.594355206725777E+00  0.258361656217570E+01
  -0.127491311291818E+01  0.105114562828234E+01  0.347127374745352E+01
   0.202558405563052E+01  0.293565437922052E+01  0.254328483930148E+01
  -0.289204284607181E+01  0.223737288862956E+01  0.472433210040683E+00
  -0.232982004039537E+01 -0.240441299732748E+01 -0.400456836431568E+00
  -0.165589221057118E+01  0.170263508012719E+01 -0.185372160500114E+01
   0.191480974603967E+01 -0.205905077338079E+01  0.107409221199433E+01
   0.189823928489884E+01 -0.338282474080219E+01  0.708116837099485E+00
  -0.155349680498555E+01  0.142062195289885E+01  0.297620027740820E+00
  -0.227975989738170E+01  0.476010715795593E+00 -0.268468842241400E+01
   0.203602712765200E+01  0.125746729396300E+01 -0.170704292185252E+01
   0.895935873997019E+00 -0.223272792291068E+01  0.367661702444818E+00
   0.285846498176436E+01 -0.155552551541899E+01  0.320488039956404E+01
   0.339865168192471E+01  0.503929429939059E+00 -0.273745869676366E+01
  -0.305055992044779E+00 -0.351161015203608E+01 -0.783257007368802E+00
  -0.301844530693729E+01  0.199269641500021E+00 -0.197910874417666E+01
  -0.204076677198359E+01 -0.321659835816023E+01  0.373815375469500E+00
  -0.949220848447199E+00  0.339974561750643E+01 -0.232213711047325E+01
   0.952547471171008E+00 -0.117385287775042E-01  0.124913730009057E+00
   0.210221622222621E+01  0.162179945012848E+01  0.144143211838864E+01
  -0.263292511669318E+01  0.189719820604581E+01 -0.152681959832240E+01
  -0.410373875680339E+00 -0.102914644945871E+01  0.350558695764832E+01
  -0.297016494975756E+01  0.276708824197442E+01 -0.545859939401608E+00
  -0.110336833535421E+01  0.232438341228956E+01 -0.250796957182236E+01
  -0.122229549809845E+01 -0.919417610391850E+00 -0.296055782435256E+01
  -0.271067891475290E+01 -0.230370722635303E+01  0.347387888123109E+01
   0.218884118932771E+00 -0.248146625051664E+01  0.320849564820422E+01
   0.256399314566318E+01 -0.685303079756368E+00 -0.160579817023118E+00
  -0.137879793711464E+01 -0.114691449737589E+01  0.252745342761384E+01
  -0.327792211850771E+01 -0.182307245194095E+01  0.835387241808420E-01
   0.814685469820808E+00 -0.317304795006431E+01 -0.112536228728416E+01
  -0.823864792281583E+00 -0.588229423598354E+00 -0.924718956399492E+00
   0.259225277457499E+01  0.343966021152783E+01  0.189289727915685E+01
  -0.493621280659501E+00  0.243773969895129E+01  0.189205234642659E+01
   0.249369090234514E+01 -0.197904397651402E+01 -0.184047184520295E+01
  -0.809433361470431E+00  0.101867325752016E+01 -0.219515595291991E+01
   0.328718155560206E+00  0.298096980375892E+01 -0.134561616485933E+01
   0.225439983612130E+01 -0.125499872295057E+01  0.193740968423763E+01
  -0.132628020100740E+00  0.216284864215286E+01  0.281568764925058E+01
  -0.332476565217968E+01  0.800733790844754E+00 -0.304505200079887E+00
   0.388429596487567E+00 -0.317857712336739E+01 -0.261936040988703E+01
   0.252047584764297E+01  0.322707194007610E+01 -0.171652439883895E+01
  -0.522240985309590E+00 -0.301508961394706E+01 -0.324473134669838E+01
  -0.930190224984815E+00 -0.277236506857393E+01  0.770049273536697E+00
   0.117995267427174E+01  0.569482543041635E+00  0.223187652525470E+01
  -0.150038513769750E+01  0.196522378671524E+01  0.291677138098901E+01
   0.188702299979422E+01  0.216091510092282E+01 -0.110712632266043E+01
  -0.129996969487015E+01 -0.134633259323658E+01 -0.212310459329188E+01
  -0.122770494357074E+01 -0.201229538261099E+00  0.934281831001641E+00
  -0.335030195450903E+01  0.170777846064282E+01  0.160573437560712E+01
   0.268810967021084E+00 -0.917952177420938E+00 -0.115110588359548E+01
   0.798989781449941E+00 -0.335832910083838E+01  0.135274142433103E+00
   0.223222114358298E+01  0.352554483360175E+00 -0.238412671501088E+01
  -0.308275178656692E+01 -0.150436160600771E+01 -0.196557354563112E+01
   0.671421837466016E-02  0.301578887237249E+01 -0.230378775200519E+01
   0.332443481165706E+01  0.253101100248796E+01  0.104727053005787E+01
   0.803151004408855E+00  0.152300963833464E+01  0.164558360421027E+01
   0.343353826663895E+01 -0.269842350423620E+01 -0.180580636157603E+01
   0.341267392338344E+00  0.350650386722778E+01 -0.342410099110132E+01
   0.117087397165447E+01  0.272381105484506E+01 -0.213344345955340E+00
  -0.327867507107254E+01 -0.988988478477969E+00 -0.620076957080169E+00
   0.267649532573846E+01 -0.150111037461421E+01  0.751324702896677E+00
  -0.752203916762390E+00  0.568243657846651E+00 -0.324808622797501E+00
   0.298270025594468E+01  0.279990563518007E+01 -0.860793606200342E+00
   0.287393281586541E+00  0.188250010758646E+01 -0.225338095617350E+01
   0.300381347340992E+01  0.151387111750558E+01 -0.108278495419825E+01
  -0.988654684845710E+00 -0.250528627784724E+01 -0.208832683917876E+00
   0.221279511409044E+00 -0.157498971389943E+01 -0.206671741887091E+01
  -0.236955072566235E+01  0.246135760625622E+01  0.203280879636044E+01
  -0.216972175971913E+01  0.272114405653341E+01  0.302055876312001E+01
  -0.237925617943512E+01  0.128995963947891E+01  0.219833074153364E+01
   0.214131823376904E+01  0.499621147517159E+00  0.630819256514996E+00
  -0.223387008782723E+01 -0.200952705386963E+00  0.133334560770265E+01
  -0.302507991630115E+01  0.119498250906115E+01  0.767565671889765E+00
  -0.242632514687817E+01 -0.152105937892408E+01 -0.955309244003839E+00
   0.268029619865120E+01  0.794995589595407E+00  0.344989015310659E+01
  -0.303555385962378E-01 -0.273347834779740E+01 -0.112572457584157E-01
   0.260031888122565E+01  0.243426233253404E+01 -0.295399043838021E+01
   0.352596602740567E+01  0.183516875423722E+01 -0.449078029006889E-02
  -0.217576718234036E+01  0.145282229033337E+01  0.118912761967517E+01
   0.323147490290553E+01 -0.332732463168227E+01  0.274854851099935E+01
  -0.219823082977689E+01  0.149506143484586E+00  0.342663695093657E+01
   0.823070801369381E+00  0.239391164645367E+01  0.213087149687948E+01
  -0.236301611976532E+01  0.348446024527126E+01 -0.323860954589155E+01
  -0.256879804329232E+01 -0.330984256812000E+01  0.216209758054464E+01
   0.210144207854855E+01 -0.305189475286817E+01 -0.172744392182202E+01
  -0.225003625775607E+01 -0.290141772203269E+01 -0.271557851150766E+01
  -0.857461539597602E+00 -0.203548974707004E+01  0.291261326896627E+01
  -0.351647836916248E+01 -0.349449686571564E+01 -0.249801441261262E-01
  -0.304671753221106E+01  0.295083347272779E+01 -0.155109913540836E+01
  -0.219103127421055E+00  0.134336995172320E+01  0.149395539284284E+01
   0.277395825749516E+01 -0.349316978541567E+01 -0.336635959895664E+01
  -0.723163666682784E+00 -0.262614924358995E+01 -0.109807061257547E+01
  -0.263306545059351E+01  0.170527191435458E-01  0.493504787274372E+00
  -0.895135609023287E+00 -0.170864270910642E+01  0.741978464255255E+00
   0.113256671091212E+01  0.234781942193278E+01  0.320898192567220E+01
  -0.266125830317835E+01 -0.324683166608485E+01 -0.947114857570069E+00
   0.175589173074532E+01 -0.145897886374293E+01 -0.251093705911052E+01
  -0.332675709002155E+01  0.175132355242619E+01 -0.232598710890909E+01
  -0.115377044326867E+01  0.752280659791555E+00  0.250723200968166E+01
  -0.270355894054433E+01 -0.895443269054768E-02 -0.852187264457887E+00
   0.342708690061645E+01  0.174305948735793E+00  0.247822955211351E+01
  -0.319956747227794E+01  0.329706305386923E+01  0.269598961079996E+01
  -0.202076662815894E+01  0.166638085694474E+00  0.229085173881693E+01
  -0.609152770173107E+00  0.177298267908830E+01 -0.339775920267867E+01
  -0.235597442052838E+01 -0.218103368190283E+01 -0.193558353798435E+01
   0.151000417605712E+01  0.344929840604962E+01 -0.348888621791380E+01
   0.339990621541648E+01 -0.261640075033481E+01 -0.676014144631835E+00
  -0.182991590117979E+01  0.148206192867401E+01 -0.281101169245128E+01
  -0.235678775087201E+01  0.129894957997563E+01  0.335724568715352E+01
   0.191211759588700E+01  0.254671359710493E+00 -0.141624218431257E+01
   0.379709964251987E+00 -0.112185103923143E+01  0.170387338734798E+01
  -0.175637154723387E+01 -0.214209641483511E+01  0.523844307699640E+00
   0.169593555013355E+01 -0.196700311842788E+01  0.312305477446628E+01
  -0.749707074139972E+00 -0.299318157039456E+00  0.289006052464462E+01
  -0.332634742917450E+01 -0.766423133695217E+00 -0.317147186845234E+01
   0.299242645936436E+01  0.252532997482437E+01  0.328820144024031E+01
  -0.349644940788659E+01  0.114577270489822E+01  0.310283904171451E+01
   0.306176613124970E+01 -0.348227970500727E+01 -0.245814522610392E+01
   0.314311184901017E+01  0.276092090162870E-01  0.727762918079183E-01
  -0.219745796346167E+01 -0.511291161872031E+00 -0.279798479909666E+01
  -0.176325212589036E+01 -0.250720341593723E+01 -0.120354518531993E+01
   0.305769634233754E+01 -0.147110155358037E+01 -0.270941996699152E+01
   0.921868375935206E+00  0.197384205532440E+00  0.127739260864130E+01
   0.134157707239195E+01  0.113155813000972E+01 -0.269668912011038E+01
% -0.692880020970838E+00 -0.110867560488115E+01  0.598329499239318E+00
% -0.997020868976547E+00 -0.112639827929535E+01  0.948855837362516E+00
%  0.294971282961650E+00  0.321835795151805E+00 -0.229678602806425E+01
% -0.606747157874704E+00 -0.146427767101376E+01  0.823838994605583E+00
% -0.774284324845873E+00  0.110771003228774E+01 -0.829233484151008E+00
% -0.145900700982033E+01  0.122470961701133E+00 -0.459359316003512E+00
%  0.773962131972661E+00 -0.111984433332461E+01 -0.202367900880522E+01
% -0.289696294107471E+00  0.464171817071233E+00  0.112038088319273E+01
% -0.163628438091127E+01 -0.554516626778566E+00 -0.768845103845989E-01
% -0.788729131946131E+00 -0.101151367356872E+01 -0.262701917826791E+00
%  0.763336169667042E+00  0.230340133099446E+01 -0.240810499606229E+01
% -0.933728323179321E+00 -0.229985157841908E+01 -0.335762912236841E+00
%  0.462247475809495E+00 -0.525825802616886E+00 -0.131937147728247E+01
%  0.223493678814298E+00  0.780179248006044E+00 -0.538857619623174E+00
% -0.495825773311703E+00  0.137145937368752E+01 -0.250984927290620E+01
% -0.214771267541056E+01 -0.389393411533282E+00 -0.100864746974398E+00
%  0.698343724209568E+00  0.107835599764102E+01 -0.126611741053649E+01
%  0.217798016680463E+01 -0.602247464556887E+00 -0.671484235580622E-01
% -0.352964466626475E+01 -0.372088295956416E+00 -0.173051576970046E+01
% -0.900958195139052E+00 -0.232197096446379E+01  0.827470752216067E+00
%  0.256781910309390E+01 -0.127732317378140E+01 -0.495438766361646E+01
% -0.779152615666528E+00 -0.160112644327520E+01 -0.225648325650323E+01
% -0.111526279871886E+00 -0.360878835227179E+00 -0.774648896190702E+00
%  0.169353586697432E+00  0.200634573041047E+00 -0.145936818064380E+01
% -0.188928078928774E+01  0.185800988256257E+00 -0.299177538615296E+00
%  0.301848051718816E+00 -0.295514376615367E+00  0.182920048611901E+01
%  0.103103748438695E+00  0.140510491970895E+01 -0.124481301276466E+01
%  0.938094438376413E+00  0.929721878986186E+00  0.144436191650081E+01
% -0.205560615835264E+00 -0.865029481638017E+00  0.991135895728640E-01
%  0.122463855559275E+01 -0.524123369501588E-02  0.102102018872497E+01
% -0.126339299224862E+01 -0.168822944955459E+01 -0.709331926785571E+00
%  0.189414856676310E+01  0.416060463403811E+00 -0.412472328493629E+01
% -0.631573670866557E+00 -0.109986169433599E+01 -0.198760423874311E+01
%  0.202311869951714E+01  0.939189248091364E+00 -0.209145781851472E+01
% -0.174150077256022E+01  0.118731320949231E+01  0.166297251087860E+01
%  0.719616603073564E+00 -0.814552858666866E+00  0.371275092255621E+01
%  0.992682882101599E+00 -0.608405874591516E-03  0.271877190736150E+00
%  0.211006271500568E+01  0.356618410107859E+01 -0.173430434767884E+01
% -0.968659442860281E+00 -0.466065295580543E+00 -0.157829618767973E+00
% -0.950521620409295E+00  0.545495696928125E+00 -0.427129276429197E+00
% -0.186044898912248E+01 -0.105226660451928E+00 -0.639974768880533E+00
%  0.107929645976665E+00 -0.117095734843242E+01  0.447748809183344E+00
%  0.699637425311193E+00  0.142209407332372E+01  0.165397279162646E+00
% -0.925531180689376E+00 -0.152298917752460E+01  0.192677977390978E+01
%  0.413139277679897E+01 -0.112094529502838E+00  0.186621595737402E+01
% -0.342216927033882E+00  0.106655007041177E+01 -0.564974732771444E+00
%  0.230761021179915E+01 -0.205298236110103E+00  0.192946140510220E+01
%  0.254331022766158E+01 -0.149845199668845E+01 -0.916018206302139E+00
%  0.509584331650196E+00 -0.109645834308201E+01 -0.149128998998255E+01
%  0.840229245474426E-01 -0.215841287365644E+01  0.597645176392636E-01
%  0.239740624471469E+01  0.209911840708929E-01 -0.108844566844199E+01
%  0.130446963286816E+00  0.445934368072548E+00  0.108547213653019E+01
% -0.245429361709592E-01 -0.177231410127368E+01 -0.816059370180696E+00
% -0.806916185719858E+00 -0.249156395513398E+00 -0.155153999887205E+01
%  0.119277208018121E+01 -0.547014467138919E+00 -0.845973951390752E+00
% -0.162869782638840E+00  0.179692224615659E+01  0.884181418429565E+00
%  0.376185803086734E+00  0.817728807841571E+00  0.108539871698147E+01
% -0.282823097667886E+00  0.859366049803542E+00  0.224902683300475E+01
%  0.967373415224261E+00  0.676635125779737E-01  0.528083203584740E+00
% -0.375147032738815E+00  0.234730398137004E+00 -0.332262872931277E+00
% -0.310354013892014E+01 -0.219479883664491E+01 -0.148188652683235E+01
%  0.613159127479544E+00  0.164633393152704E+01 -0.245462376927645E+01
%  0.377756528906933E+01  0.123301342860967E+01 -0.314427755112124E+01
%  0.723424282300927E+00  0.196350082911778E+01  0.167732813988848E+01
% -0.174606889445833E+01 -0.311463146603269E+01 -0.356321080771542E+00
%  0.610078371230644E+00  0.768547311659027E+00 -0.213784272285848E+01
%  0.250310979225011E+01 -0.291394681400240E-01 -0.100629257285496E+01
% -0.325408748764340E+00 -0.306295053890769E+01 -0.229923497831382E+00
% -0.124897371622105E+01  0.986345350387061E+00  0.381511680066000E+00
%  0.248396114440473E+00  0.164924006168114E+00 -0.142331878220043E-01
%  0.357204799133463E+01  0.120777040894130E+01  0.385401306670106E+01
%  0.202885788829720E+01  0.447028266274294E-01 -0.139204062321959E+00
% -0.254834179112144E+01 -0.703581191700365E+00  0.625602317118345E-01
%  0.613845821465624E-01 -0.106682403144113E+01  0.195237283645718E+01
% -0.171145879459926E+00  0.118205571230064E+00  0.292069796776148E+01
%  0.277214780862690E+01  0.125420831564644E+01 -0.219141787253387E+01
% -0.109939203165436E+00  0.104162643397064E-01  0.550960319448678E+00
% -0.119460688690366E+01 -0.121523115434884E+01  0.159031914460748E+01
% -0.124184177405634E+01 -0.273541356879434E+01  0.121237385401170E+01
% -0.109355648580073E+00  0.142038852765505E+01 -0.193913302267400E+01
% -0.314610044075117E+00  0.916417815706933E+00  0.682326541285457E+00
%  0.197193724055063E+01  0.247341860032751E+00 -0.490887758073260E-01
%  0.556978129184322E-01  0.139065745496817E+01  0.159961677818504E+00
%  0.715521338304245E+00 -0.219260076491616E+00 -0.105284521473121E+01
% -0.149134153655816E+01 -0.194059592671055E+00  0.850309564440237E-01
% -0.120677099136303E+01  0.122132720622187E+01 -0.101491723168468E+00
% -0.407307304075967E+00  0.306258931386009E-01  0.140361686260402E+01
% -0.214891751840129E+01  0.167656126273788E+00 -0.564483584097540E+00
% -0.297477375867383E+00  0.598233064979503E+00  0.431457382411450E+01
%  0.361279513573003E+01 -0.346526953248670E+00  0.238070754027677E+01
%  0.161494847045372E+01 -0.175686503812191E+00  0.522018209719646E+00
%  0.137496086840755E+01  0.451420392527804E+00  0.465247734920540E+00
% -0.241821535873641E+01 -0.100757224340168E+01 -0.104681024028988E+01
% -0.715301126945758E-01 -0.104008765498205E+01  0.308352778263402E+01
% -0.115688299156080E+01  0.716827967669824E+00 -0.213132986986332E+01
% -0.270916688077966E+01 -0.169678412384084E+01  0.116584249329135E+01
%  0.169145268241044E+00 -0.166031824814545E+01 -0.355694450052259E+00
%  0.789777226694843E+00  0.733308711169960E+00  0.132954058363340E+01
% -0.576686915976194E+00 -0.143575752041541E+01 -0.114511637594842E+01
%  0.932089182316406E+00  0.184425128434887E+01  0.737801921615526E+00
% -0.148786114208911E+00 -0.242259560149949E+00 -0.221561187008721E+01
% -0.238893626308517E+00  0.668126506185560E+00  0.874651988169516E-01
%  0.244196585673245E+00  0.154227887760779E+01 -0.210385307088409E+01
%  0.155869461903116E+01  0.312962195746745E+00 -0.454463796892670E+00
%  0.121659213094815E+01  0.128446987296675E+01  0.113437684155936E+01
%  0.149898455572135E-01 -0.912048178455733E+00  0.860064520241622E+00
% -0.237251150440409E+00  0.105635101416922E+01 -0.502030847214496E+00
%  0.261423599691718E+01 -0.304403366449080E+00  0.965354638672941E+00
% -0.305158198390595E+00 -0.280943123946674E+01  0.250942622562564E+01
%  0.192780035203228E+01 -0.207655694823443E+01  0.348194228861563E+01
% -0.185395525710295E+00 -0.161134697205796E+01  0.346741050302419E+00
% -0.108214919762852E+01  0.188521596534509E+00  0.656773878524835E+00
%  0.657072119494469E+00  0.356191062430222E+01 -0.150979644918470E+00
% -0.727638413697719E-02 -0.994068288282900E+00 -0.169666824863698E+01
% -0.228509264194134E+00  0.320786821122883E-01 -0.574795008670867E+00
% -0.214372613953815E+01  0.220991028562013E+01  0.167558240145797E+01
%  0.248424947416773E+01 -0.208422302635885E+01 -0.199440059418641E+01
%  0.164539205769737E+01 -0.699651587868344E+00  0.228794998595679E+01
% -0.328298138517523E+00  0.186677137585217E+01  0.255946641370337E+00
% -0.958612321471565E+00  0.119918093733926E+01 -0.882616436841823E+00
% -0.175930504228717E+01  0.668657581573956E+00  0.502861217275212E+00
% -0.101041258306009E+01  0.303767078503064E+00  0.396521203526733E+00
% -0.566661928665502E+00  0.139026720049273E+00  0.124876979912539E+00
% -0.143338078560321E+01 -0.444617822308101E+00 -0.161650574068619E+01
%  0.404512598279620E+01 -0.244735932044077E+00 -0.924751290560928E+00
%  0.139555389551175E+01 -0.111990016158582E+01  0.155300501033932E+00
% -0.208521278452857E+01  0.912437452970055E+00  0.357910484393237E+01
% -0.878478764187498E+00  0.400051214989257E+01  0.658358138961583E-02
%  0.100409798732095E+01 -0.142241437658924E+01 -0.132743367997831E+01
%  0.402567563181372E+00  0.276942741597486E+00 -0.215780028374862E+00
%  0.378687406700860E+00 -0.251479352314985E+01 -0.117887678687258E+01
%  0.139075740878459E+01 -0.140570821286829E+01 -0.196125623857725E+00
%  0.222573203679526E+01  0.479114881883456E+01  0.393828642857796E+00
%  0.248226351594603E+00  0.358328808818258E+01 -0.392126037918684E+00
%  0.112515983025438E+01 -0.730412963910101E-01  0.128726170775731E+01
%  0.196465185343052E+01  0.267957732964954E+01  0.316382541323937E+01
%  0.101723598732279E+01  0.837545050047493E+00 -0.744080965324031E+00
% -0.575176459705230E+00  0.111843421460859E+01  0.220029523288938E+01
% -0.154428669458880E+01 -0.336795896097794E+01  0.960133471280711E+00
% -0.125775926130103E+01  0.177445349054611E+01 -0.117349643870416E+01
% -0.143934286680343E+01  0.499032315885585E+00 -0.334381939792684E+01
% -0.202195281034560E+01 -0.109472527783995E+01  0.607130040710399E+00
%  0.163329024968257E+00  0.187361035942448E+01  0.265417230723258E+01
%  0.937911000720626E+00 -0.825917962733502E+00  0.240692765341314E+01
%  0.140197757581702E+00 -0.113770117832794E+01  0.209168491435796E+01
% -0.722167910635181E+00 -0.272446541220304E+00  0.168725812126553E+01
% -0.664004604575358E+00 -0.991731226128619E+00  0.712294895484905E+00
%  0.195064876599595E+01 -0.103217657020056E+01  0.113024191166214E+01
% -0.156560675898065E+01  0.227400942181107E-01 -0.882669951734380E+00
%  0.209596229559845E+01  0.338044353689602E+00 -0.205387423118624E-01
% -0.103135088760764E+01  0.169580259221919E+00 -0.153741006693340E+01
% -0.210120473962229E+00 -0.105491505612216E+01  0.178651916796284E+01
% -0.803552663359346E+00  0.214267674767065E+01 -0.244793867101345E+01
% -0.169077718824771E+01  0.719848530632821E-01 -0.263711020526790E+01
%  0.242511402923856E+00 -0.265164831084824E+00 -0.529153573978212E-01
% -0.111866228338890E+01  0.171267330551107E+01  0.199805473162968E+01
%  0.210693955060687E+00 -0.224672931245358E+01  0.933366207210434E+00
% -0.811289983559126E+00 -0.345882693431306E+00  0.128870925365451E+01
% -0.124173440723393E+01  0.639301989558116E+00  0.197714981966406E+01
% -0.119557177225052E+01  0.167416193477724E+01  0.112790532241767E+01
% -0.843534208355479E-01  0.531827656618908E+00  0.333214532518079E+01
% -0.539717201164187E+00 -0.108815725119496E+01  0.277547331645515E-03
% -0.166355183647778E+00 -0.255185318517888E+01 -0.141926263853136E+01
% -0.126756588432209E+01  0.718929316544708E+00 -0.872599883263229E+00
% -0.623977700153513E+00  0.137834008726949E+01  0.113133479226959E+01
%  0.103746318395364E+01 -0.727340034632113E+00  0.215102339748806E+01
%  0.457138309993866E+00 -0.207625864311741E+01 -0.147017721942114E+01
%  0.607820065678556E+00  0.883960489215097E+00  0.811420569931438E+00
% -0.122299852522008E+00 -0.207808912250784E+01 -0.694215221590634E+00
% -0.180399557868668E+00  0.273006169578323E+01  0.136025453527116E+00
% -0.145762987359560E+01 -0.183441191846238E+01 -0.103586664801248E+01
% -0.267298680316719E+01 -0.205240626661532E+01 -0.442371688833045E+00
%  0.229263970844817E+00  0.120834919621427E+01 -0.148365777391057E+01
% -0.468435219045377E+00 -0.611576306115119E+00  0.945593487169460E+00
% -0.733780452664189E-02  0.502602952898691E+00 -0.834976039766345E+00
%  0.481444646640244E+00 -0.686163261747128E+00  0.795523297080018E+00
%  0.159021242419530E+00  0.912585522079817E-01 -0.451287799884650E+00
% -0.614545575142060E+00 -0.591908824160402E-01  0.231606045183006E+01
%  0.969264226977860E-02  0.421408853420128E+00  0.110793079776192E+01
%  0.236764608648705E+00  0.132768664690157E+01 -0.250642865315810E+01
% -0.454693263231781E+00  0.200535517512241E+01  0.549766498790142E+00
%  0.902723270839314E+00  0.217871574024238E+01  0.131693912151078E+01
% -0.243206581812570E+01  0.171837341284292E+01 -0.380951110177896E+00
% -0.554348668557619E+00  0.240964991319309E+01 -0.224290818356370E+01
% -0.100754919160847E+01  0.820735353529084E+00 -0.991586705730876E+00
% -0.198736120457078E+01 -0.112066962159116E+01 -0.110390824459947E+01
%  0.587652855305365E+00 -0.540568015380652E+00 -0.770146742180936E+00
%  0.180622814677196E+01 -0.497494427872384E+00 -0.730582992593972E+00
% -0.102161507278992E+01 -0.427932574877549E-01  0.490718793446232E+01
% -0.430416887746273E+00  0.180576986459029E+00  0.713729042517444E+00
%  0.231292724503814E+01  0.782350901705740E+00  0.312742959003366E+01
%  0.243564020524429E+00  0.140718587189840E+01 -0.212198171050836E+01
%  0.798626743728802E+00 -0.734483476551601E+00  0.301839166794403E+00
% -0.137126465533814E+01 -0.709776946715548E-01  0.139170284804538E+01
% -0.116076776949572E+01  0.372631507451541E+00 -0.104181630897655E+01
%  0.759390126732052E+00  0.686270299831735E+00 -0.154791469169045E+01
%  0.664364231237289E+00 -0.196380893788770E+01 -0.114055075626754E+01
%  0.153814398227413E+01  0.979883220816077E+00 -0.229914756535951E+00
% -0.256994375923144E+01 -0.264446935119525E+01  0.211791616528826E+00
%  0.606206733129501E+00  0.686777767000437E+00  0.371705608451074E+00
%  0.717302102228322E+00  0.222210264928080E+01 -0.279630010584320E+01
% -0.696704442428430E-01 -0.188056894414835E+01 -0.182085374856084E+01
% -0.560481926554451E-01  0.593389631394132E+00  0.417750973955150E+00
% -0.848032432822649E+00  0.122342539725484E+01 -0.227280398764379E+01
%  0.659149447562452E-01 -0.838604346340400E+00 -0.211435464675880E+00
%  0.172834297543025E+01 -0.322871497819360E+01 -0.218573449572799E+01
% -0.743642497292776E+00 -0.282250260667319E+01  0.130787691416427E+00
%  0.200520194292013E+00 -0.228317780994262E+00 -0.238285261499540E+00
%  0.966999448692319E+00  0.118234822114963E+01  0.210969748194417E+01
%  0.111567095904325E+01  0.735098020086785E+00 -0.952073279246462E+00
% -0.118194558781716E+01  0.987677530119837E-01 -0.214648083829229E+01
%  0.305085006536011E+01  0.305670748785195E+00  0.210780068121187E+01
% -0.149193557685309E+01 -0.185153029881846E+00 -0.194132153144767E+01
%  0.661935271025385E+00 -0.574441050689910E+00  0.128425682639927E+01
%  0.934808181170577E+00  0.120675042266611E+00  0.291031226076327E+01
% -0.115813879305293E+01  0.457929824026870E-01  0.180531864069603E+01
%  0.142169833895453E+01 -0.836090887863774E+00 -0.901871772125613E+00
%  0.274113397735028E+01  0.508289602453585E+00 -0.991036901952042E+00
%  0.546850879026659E+00 -0.119481626517386E+01 -0.215319463090324E+01
%  0.111622211361986E+01 -0.799099300575717E+00 -0.839497576375985E-01
%  0.926278557627477E+00 -0.191735031123250E+00  0.101301975308493E+01
%  0.102622153087699E+01  0.128709468862830E+01  0.186587985746413E+01
%  0.188055772871565E+00  0.179136713497814E+01 -0.214768262599483E+01
% -0.732547101350845E-01 -0.183804726178797E+01 -0.470072505094211E+00
% -0.152751193140658E+01 -0.136454928428954E+01  0.195241072324365E+01
% -0.132442057285037E+01 -0.250965325364999E+01  0.236161009260231E+01
%  0.909221963600383E+00  0.297133546502226E+00 -0.152264867101673E+01
% -0.109217851675298E+01  0.438034311754237E+00  0.152406079831362E+01
% -0.810733252645282E+00 -0.164025382862638E+01 -0.392102413047483E+00
% -0.329797538199881E+01  0.277260601274277E+01  0.288002047575340E+00
%  0.155064719751609E+01 -0.203814297085628E+01  0.933705278535311E+00
% -0.248532652623636E+00 -0.686981774555711E+00 -0.261188741322122E+01
%  0.251293165803166E+01 -0.199874966102719E+01  0.710346835191145E+00
%  0.936412552535164E+00 -0.163235139147769E+01 -0.479165352364795E-01
%  0.378841342998963E+00 -0.940344545885302E+00 -0.554039862003120E+00
%  0.784379735496014E+00 -0.187079226232381E+01 -0.433352572831772E+00
%  0.501111044812757E+00  0.178955661422789E+01 -0.241746281286912E+01
% -0.161348464536570E+01  0.546747320918752E+00  0.662237566935539E+00
% -0.175824524120334E+01 -0.178565116201098E+01 -0.273246696377676E+00
% -0.208784649034116E+01 -0.413081289646833E+00  0.601714450834882E+00
% -0.241792074351493E+00 -0.431026423441305E+00  0.124683538810048E+01
%  0.276987166229712E+00  0.982796057990316E-01  0.300821665297278E+01
% -0.178530496123083E+00 -0.481190972443351E+00 -0.166442196816693E+01
% -0.464742907990863E+00  0.670233923151130E+00 -0.277445318983260E+01
% -0.325418002397315E+00  0.506744125532438E+00 -0.848815466178355E+00
% -0.105862418270205E+01 -0.143030546132280E+01 -0.127375392041612E+00
% -0.162613572382378E+01 -0.862309121084553E-01  0.119905828194705E+01
% -0.154743432388705E+01  0.503080928158364E+00 -0.506463712357595E+00
%  0.528230013396797E+00  0.224725588157195E+01 -0.185094325426621E+01
% -0.139136566429380E+00  0.273923037390184E+01  0.223287323327074E+01
% -0.945972113991580E+00  0.514804081458833E+00  0.646099641389231E+00
%  0.130539085578722E+00  0.601243807872990E+00  0.168113047950504E+00
% -0.759426324277213E+00  0.633463203042694E+00  0.547335512319539E+00
% -0.298264772091403E+00  0.129701080536182E+01 -0.182260766847273E+01
%  0.234495354696991E+00  0.134990722452546E+01  0.398075082574898E+00
% -0.209896634683819E+01  0.252275166339877E+01 -0.212262193004673E+01
%  0.378799793972047E+01 -0.360970815107064E-01 -0.221154161373462E+01
%  0.118556720748382E+02 -0.138303770956479E+02  0.413246065928223E+01
%  0.772576319947084E+01  0.175537485815007E+02 -0.439357113206431E+01
%  0.533961229901207E+02  0.130904215371570E+01 -0.544528166226179E+02
% -0.657780595105781E+01  0.694359685471869E+01 -0.347902481111033E+02
% -0.138721461569108E+01 -0.106408062516261E+02 -0.766393055625250E+01
%  0.192715594228711E+02 -0.433209816204437E+01 -0.392627957161995E+02
%  0.130497604215572E+02 -0.180517100396105E+01  0.711137208719724E+01
% -0.218863955997755E+01 -0.157607218922119E+02 -0.290751169706616E+01
%  0.765529334779347E-01 -0.618519289140732E+00  0.463443964761502E+01
%  0.188989308839971E+02 -0.185715403017865E+02 -0.480101302019470E+02
% -0.584204336134694E+01 -0.521186166282480E+01  0.109554634692508E+01
% -0.160814717499863E+02  0.198380020062822E+02 -0.488332368260523E+02
%  0.452489333924234E+01 -0.187856908562075E+01  0.816564349208887E+00
%  0.662357191302632E+01 -0.747139070643576E+01  0.223304951481275E+02
% -0.143596050079405E+02  0.128198821054102E+02  0.131611620445041E+02
%  0.104663445887775E+02 -0.814923699746626E+02 -0.165694165256797E+02
% -0.506487517549754E+01  0.526778582710563E+00  0.333513981922967E+01
% -0.822025611013348E+01  0.597959680796249E+01 -0.421825020674245E+00
%  0.791391356925720E+00  0.200891458725309E+02  0.686123434966149E+01
%  0.143026677290089E+02  0.344326735590088E+02 -0.182281095305352E+02
%  0.432830287293636E+02  0.175505118943437E+02  0.186700820700387E+02
%  0.179064307602898E+02  0.219555659283007E+02 -0.119085440611621E+02
%  0.436318239249219E+00  0.364612595598662E+02 -0.317274119492118E+02
% -0.154315503834488E+01  0.379152427893649E+00  0.427686601303170E+01
%  0.161959803527606E+02  0.463386949524040E+02  0.730166983099421E+02
% -0.532593564416198E+02 -0.252729949189258E+02  0.179164991389190E+01
%  0.174250698814848E+01  0.482595598775522E+01  0.873590772338067E+01
% -0.825895334907934E+01  0.111402670810200E+02 -0.489369218654075E+01
%  0.800889207176284E+00 -0.649142296216041E+01 -0.148550733567390E+02
% -0.304770905800852E+02 -0.791199542171450E+02 -0.790111678479678E+02
%  0.631084195331998E+01 -0.257148273235555E+02  0.185102157889160E+02
%  0.255441634941535E+01  0.144899234988870E-01 -0.517260773527991E+00
%  0.570226160154481E+01 -0.263605335356098E+01 -0.120854647003408E+02
% -0.447833298000861E+01 -0.381377676929980E+01  0.204042213012743E+01
% -0.269111664427416E+02 -0.748624485712299E-01  0.243529597005314E+02
% -0.591666021244471E+01  0.500534376174447E+01  0.524971860420387E+02
%  0.493979778404762E+00 -0.291618190544502E-01 -0.132212274982040E+01
%  0.215876239029967E+02 -0.127917869688136E+02  0.476545465342153E+01
% -0.135293428075265E+01  0.238228964120640E+01  0.874007676011815E+01
%  0.770007759156769E+02  0.371603974974626E+02  0.553853679384149E+02
% -0.369696608767877E+01  0.416954700932435E+01  0.462949510045049E+01
% -0.457685998644266E+02  0.726921282990225E+00 -0.187572423806514E+02
%  0.356906195394143E+02 -0.269825151810496E+02  0.165045720966562E+02
% -0.166899211118382E+01 -0.889216193745827E+01  0.117559776859242E+02
%  0.166917280405322E+00 -0.188874818539151E+01  0.153746115993364E+01
%  0.721481201260054E+01  0.650841970606323E+01 -0.724625222325906E+01
% -0.249208281313790E+02  0.816768166063923E+01 -0.170340008915426E+02
% -0.987169081132273E+00 -0.226443863527466E+01 -0.156287285169921E+02
%  0.926541090759883E+01  0.182747536565676E+02 -0.101672533188832E+02
%  0.355343566903080E+02 -0.494743618300958E+02 -0.110118388337736E+02
% -0.204106849356255E+02  0.171681618391097E+02  0.186295901238338E+02
% -0.135175662832493E+00  0.265193604286536E+01  0.692241180881984E+00
%  0.495156742711719E+01  0.114265335176460E+02 -0.659852158494631E+00
%  0.116756418798630E+02 -0.650114775996427E+01 -0.128377792905405E+01
%  0.866153802931275E+00  0.759489631702292E+01  0.881938522294518E+01
% -0.304129321304326E+02 -0.117024249065424E+02 -0.306668155332275E+02
% -0.623119339643166E+02 -0.137129451067621E+02  0.294395699015350E+02
%  0.104973886693333E+02 -0.190374519956707E+02 -0.203567996495136E+02
% -0.916554989503664E+01  0.616338843354470E+02 -0.241224024674155E+02
%  0.210833397302700E+01 -0.281495984440613E+01 -0.493635093045938E+00
% -0.246699770329496E+01 -0.515284717688582E+01  0.782685991413747E+01
% -0.448725404699262E+02 -0.119454947196824E+02  0.522984911359606E+01
% -0.678219089498557E-01  0.210392892112802E+02  0.320278062188274E+02
% -0.827507157234903E+01  0.263290067593921E+01 -0.238668226594349E+01
%  0.857889234712702E+01  0.393735211378597E+02  0.254771526218934E+02
%  0.216089447241499E+01 -0.152512695172537E+02  0.118132202849741E+02
% -0.709604265440269E+02 -0.631822758570812E+02 -0.255608599798015E+02
%  0.263035636464828E+02 -0.631002521372976E+02  0.209246774780452E+02
%  0.901915998140610E+01  0.966007499904944E+01 -0.200744752916513E+01
%  0.944815973855900E+01  0.139784213815895E+02  0.974502168458508E+01
% -0.180392186391918E+02 -0.114587970303015E+00 -0.139112472899884E+02
%  0.675998724321220E+00  0.317753438714666E+00 -0.263245801487111E+01
% -0.507467402566238E+02 -0.889389928736528E+01  0.301847716568598E+02
% -0.692984343750524E+00  0.108136986895724E+01 -0.334772317572249E+00
%  0.425168191818977E+01 -0.384993606041012E+01  0.100893472831410E+02
% -0.929663802748102E+01  0.257784371943915E+02 -0.862504021410704E+02
% -0.197734866778417E+02  0.121928464218300E+01 -0.205312026858483E+01
%  0.217558127616368E+02  0.184129798087885E+02  0.114569515159653E+01
%  0.105718566757715E+02  0.240420943562327E+02 -0.157635500395641E+01
% -0.607378472202176E+01 -0.216048154034590E+02  0.246680084780054E+02
%  0.148230205324869E+02  0.146325517553376E+01  0.327809776023673E+02
%  0.291732445475589E+01  0.330731509687314E+01 -0.323776548193222E+01
%  0.109634294908733E+03 -0.881379301565244E+01  0.124369482905426E+03
% -0.916897857884847E+01 -0.431296084905943E+02 -0.945498796058535E+01
%  0.166012906832860E+02  0.610838808975087E+02  0.305764873882557E+02
%  0.622847250653096E+01  0.410303095528597E+01 -0.786372450134405E+00
%  0.361948756140370E+02 -0.103268075183259E+02  0.297112085066960E+02
% -0.721946638101593E+01 -0.537942611882126E+01 -0.145163598728483E+02
%  0.616070596067424E+02  0.606930827834970E+02  0.702201091907813E+02
% -0.522521716390573E+00 -0.127755139619586E+02 -0.135412652553277E+02
% -0.145732935375521E+02  0.259578922003791E+02  0.455425185205303E+01
%  0.642314568928306E+01  0.833552867994963E+01 -0.444592489721920E+01
%  0.576633365645673E+01  0.698357100735829E+01 -0.529254933128661E+01
%  0.170596558813923E+02 -0.695821447757323E+02 -0.686580404764102E+02
% -0.115712314551497E+03  0.125364375418152E+02 -0.117904606312495E+03
%  0.746971666732661E+00  0.125394003185193E+02  0.453383737800221E+01
% -0.250790095460618E+01 -0.628227793653867E+01 -0.255769899456035E+01
%  0.206285644721298E+02 -0.537832804528460E+02  0.421563884130342E+02
% -0.104075023714258E+02 -0.274593944646832E+01  0.729253903174298E+01
% -0.334362986468098E+01 -0.594536820874736E+01  0.824070085472234E+01
%  0.305639572238909E+02  0.421981206493159E+02  0.895228880453529E+02
%  0.280223819614124E+02 -0.583926473854920E+01  0.302701215235725E+01
% -0.124458733213777E+01  0.755540768015232E+02 -0.548208320745066E+02
% -0.161622906566129E+02  0.309568364809063E+02 -0.132722967063495E+02
%  0.132519542090637E+01  0.202976688302596E+02  0.985861230601365E+01
% -0.738975083909462E+01 -0.137320519465849E+02  0.350150464701911E+02
% -0.315805209147450E+01 -0.378809412583115E+01 -0.506463862958668E+01
%  0.333619735572397E+01 -0.220462498952314E+02 -0.568018217421807E+01
%  0.123714978466564E+02  0.121140732901927E+02 -0.674157139220828E+01
%  0.822922755904126E+01  0.390947858855161E+01 -0.876965613839171E+00
%  0.238034755527000E+00  0.894911938885846E+01 -0.173510695172488E+01
% -0.217172903097185E+01 -0.280261830166092E+02  0.439478563045188E+02
% -0.421519714593072E+02  0.868026506390566E+01 -0.402945761406097E+02
% -0.100233516291940E+02 -0.907808168245672E+01 -0.181814225349141E+02
% -0.838191067843834E+01  0.189690774620380E+01 -0.219766141346241E+02
%  0.289257138345903E+01  0.355322190240526E+02 -0.424608402208595E+02
%  0.117238697978019E+02  0.199770946171166E+02 -0.679655931100067E+01
%  0.127674555098539E+02  0.624156271483176E+01  0.139852383377852E+02
%  0.188953769218331E+02 -0.526159939948293E+01  0.841319750872499E+01
% -0.345163640743282E+02 -0.460452359920596E+02 -0.139404825076418E+02
%  0.651448103097574E+01 -0.257473888272635E+02 -0.318409806592899E+01
%  0.668472787545269E+01 -0.126476295126655E+01  0.173078281755268E+02
%  0.180193478493563E+02  0.237497654408718E+02  0.428749998275778E+02
%  0.363319869966504E+02  0.151945289728908E+02  0.135785623999309E+02
% -0.890752969529743E-01 -0.174838930586145E+02 -0.235715565701071E+02
%  0.246219307327564E+01 -0.903820480696522E+01 -0.900799539165727E+00
%  0.699219323627636E+01  0.142162148110142E+02  0.587226598845355E+01
% -0.530764045871538E+01  0.358192864242602E+02  0.107265605000602E+02
% -0.639034347516005E+01 -0.789702305916864E+01 -0.125390630205313E+02
%  0.253384789492368E+01 -0.263398061634068E+01  0.409876075618409E-01
% -0.541732982364578E+01  0.399261590645492E+01  0.113109498870729E+02
% -0.139848391048138E+02 -0.951971590300512E+01  0.120293622719476E+02
%  0.386701322498283E+01 -0.229327257590093E+02  0.653546956181008E+02
%  0.319635849968602E+02  0.185004808079494E+02  0.263779958803563E+02
% -0.146677025919873E+02  0.744011888937092E+00  0.345153695896301E+02
%  0.839044556522613E+01  0.354787628940921E-02  0.277760910872131E+02
% -0.615785376325094E+02 -0.559337473219972E+01 -0.235482922047868E+02
%  0.330491179179563E+02  0.144141744786275E+01 -0.151741295024872E+02
% -0.115073834797542E+02 -0.294927694388710E+01  0.157026277411694E+01
%  0.125935091235565E+01  0.284079070434053E+02  0.149229745976553E+01
% -0.107823497166137E+01  0.714022512220488E+01 -0.327855587061477E+01
%  0.231148134952634E+02 -0.332679720420031E+02  0.388127119601044E+00
%  0.228145928052618E+02 -0.148949722852090E+02  0.907355140131023E+01
%  0.429129402396385E+00  0.231502283217487E+02 -0.106189324463535E+02
%  0.958725711484280E+01 -0.496426489805077E+01  0.333780693841196E+00
% -0.122129423614163E+02 -0.270382317701934E+02 -0.104436138836022E+02
%  0.163551370656914E+01  0.542231587154029E+01  0.128521491750718E+01
% -0.112163728750913E+02  0.938066745336748E+01 -0.386499090962224E+01
% -0.424737832593857E+00  0.669508405954912E+01  0.188673068781148E+02
% -0.413644920737403E+02 -0.455694056499436E+02  0.595461501075959E+02
% -0.107027073165770E+02  0.302182907951526E+01 -0.716419023098245E+01
% -0.960326234223921E+00 -0.377997420109390E+01 -0.181315967186955E+02
% -0.115971246522107E+02 -0.347461404812004E+00  0.199047191492123E+02
%  0.850706364553449E+01  0.118692810815911E+01 -0.698923966830185E+01
%  0.438289270308745E+01  0.264253025081699E+02 -0.597169234549622E+02
% -0.341520894569501E+02 -0.176622093319648E+02  0.313882892296306E+02
% -0.246485701127706E+02 -0.125179880402045E+02  0.198595166757221E+02
%  0.257450803118509E+02 -0.608831645338709E+02  0.421811280157957E+00
% -0.441226744829847E+02 -0.140198736778161E+02  0.604769704851362E+02
%  0.110733147666032E+02  0.232766333694606E+02 -0.168704075015681E+02
%  0.101976195766537E+01 -0.101955249259144E+02  0.846973542776932E+01
%  0.206849746811559E+02 -0.553367005371563E+01 -0.350198644009629E+02
%  0.371336553733429E+02  0.166526068919167E+02 -0.151517342074174E+02
% -0.253326538502842E+01 -0.682275312764346E+02 -0.485332047657001E+02
% -0.255891381956705E+01 -0.226744786033479E+01 -0.725205832028472E+01
%  0.244390665985504E+00  0.120405045967776E+02 -0.999953890112786E+01
%  0.393339070336293E+00 -0.943554847491893E+01  0.233010598263669E+02
% -0.292982977861954E+01  0.930584967655629E+00 -0.347895240138317E+01
% -0.497982673892676E+01  0.804480637156685E+02  0.300045545984334E+02
%  0.259465195108291E+01  0.196037078111842E+01  0.473796973123442E+01
%  0.391049697767829E+01  0.360444401299673E+02  0.713570685499113E+02
%  0.368008274540617E+01 -0.346061397054137E+02  0.859804742331651E+01
% -0.100394289515855E+01  0.470180614169527E+00  0.968150502020907E+00
%  0.424314280230692E+01 -0.102417929743233E+02  0.234086810336548E+02
%  0.222602233753816E+01 -0.164475792020771E+01  0.232264347073020E+01
%  0.117452950969284E+02 -0.127029290767611E+02 -0.345914686836085E+01
%  0.579220775914367E+01 -0.485158273865425E+01  0.598112373622150E+01
% -0.236934043767024E+02 -0.820123411291178E+01  0.444895303775038E+02
% -0.184906251455429E+02 -0.143473388434838E+02 -0.186158247214245E+02
%  0.100038050526373E+02  0.154794186609531E+02  0.178761140906198E+02
% -0.343886348189253E+01 -0.610883390728508E+01  0.552975953666810E+01
% -0.148472962708538E+01 -0.434985006609742E+01 -0.389675733274066E+02
%  0.346303873143039E+01 -0.636284353141957E+01 -0.142246106104379E+02
% -0.102288453294156E+02  0.419341517531148E+02  0.177702629586538E+02
%  0.734365852780585E+01 -0.196568711553348E+00  0.300977922659350E+01
% -0.443268898484063E+01  0.103947088511902E+02 -0.168691729489643E+02
%  0.778011698241350E+01 -0.210713692093156E+02 -0.788073883732453E+01
% -0.130940525584993E+02 -0.446265653165664E+01  0.223307532559074E+02
%  0.920974088459682E+01 -0.235879120261731E+02 -0.781860333952551E+02
% -0.976428585149109E+01 -0.330501506061630E+01  0.261543956908581E+01
% -0.721359400160510E+01  0.727692340333913E+01 -0.513523311788800E+01
%  0.129939441641996E+02  0.172122542795635E+02 -0.122100195652401E+02
%  0.186145085884729E+01 -0.637157226055683E+01  0.954320801919880E+00
%  0.960849472395791E+01 -0.845677490138812E+01 -0.201207120933329E+02
% -0.134452647987198E+02  0.677550052680243E+01  0.452568783312031E+01
% -0.145226737022879E+02  0.914577145912831E+01  0.924333327495481E+01
% -0.471718758883081E+02  0.183290508629150E+02  0.492903653432702E+02
% -0.150400333028797E+01  0.824301425095283E+02 -0.194534425217079E+02
% -0.454608298459319E+01 -0.310368477547626E+02  0.198949963177661E+01
% -0.914148528119566E+01  0.191138883596424E+02  0.136437996364966E+02
%  0.196899492988088E+01  0.339078772849102E+01  0.143413419209509E+02
% -0.168894377332659E+02 -0.908533197232827E+01  0.182529294962237E+02
%  0.225905149911277E+02 -0.129242676989895E+02  0.411197304152467E+02
% -0.126129266626043E+02 -0.747297090738086E+01 -0.427386473947627E+02
% -0.430918320937060E+01  0.934601031536435E+00 -0.187580992957416E+02
% -0.233131914060010E+01  0.320539889800051E+01  0.423484096202523E+01
%  0.122952396800086E+02  0.357111340018782E+00  0.387122933022289E+01
% -0.213397843291711E+02  0.785776271249804E+01  0.311524792799251E+02
% -0.346069050092061E+02 -0.154561586949929E+02 -0.256021197291168E+02
%  0.277965296701237E+02  0.110163187941078E+02  0.102592500071574E+02
% -0.163433747035578E+03  0.851162511692772E+02 -0.305758340094027E+02
%  0.732458626193441E+01  0.353581566263443E+02  0.287612385229381E+01
% -0.195421511704256E+01  0.125850713116302E+02  0.550174436686365E+01
% -0.120317291319745E+01 -0.529338942686641E+02 -0.642331132334240E+02
%  0.153286505244217E+02  0.114222995476256E+02 -0.177274011281844E+02
% -0.169697639595896E+02  0.392707151676273E+02  0.783007304193536E+01
%  0.452243394913255E+01  0.604891296456002E+02  0.409247261405947E+02
%  0.392557475092947E+01 -0.185576850213076E+01  0.418582119925095E+01
%  0.373687513776935E+02 -0.480176393547445E+02 -0.163879665947885E+02
%  0.756096821618108E+01 -0.975490713196926E+01 -0.203165394540600E+02
%  0.100993898702540E+02 -0.151083766686172E+02  0.199795113617883E+02
% -0.120946544175664E+02 -0.373182374188769E+01 -0.592702739983572E+02
%  0.248745290230295E+02 -0.117670165041889E+02 -0.683863808392330E+02
% -0.226735679393459E+02  0.172869537918776E+02 -0.478792321962533E+02
%  0.288025725103366E+02  0.218174059021605E+02  0.553630889772416E+01
% -0.540197864466332E+01  0.702671406094787E+01  0.126918684823614E+01
%  0.307008784456403E+02 -0.146555177811527E+00  0.398990189709319E+01
% -0.481948276256057E+01 -0.596950696575158E+01  0.296149389771257E+01
% -0.468475721936915E+01 -0.296533540991869E+01 -0.513697193552701E+01
%  0.101127506350229E+02 -0.442008743761020E+02  0.366197589153127E+02
% -0.312163593185757E+02 -0.263031158237215E+01 -0.147204051230525E+00
%  0.493048655915955E+01  0.489973127534182E+01 -0.616644151928643E+01
%  0.114153799760820E+03 -0.134766884254230E+03 -0.142424650878050E+02
% -0.394687426257076E+01  0.105493965653090E+00  0.836052673323014E+01
% -0.346723304606218E+01  0.149564769218592E+00  0.177538536256090E+01
%  0.578990198478810E+01 -0.530165603180026E+01 -0.138926965854149E+02
% -0.253162377921113E+02 -0.259875686251068E+02 -0.461154406662926E+02
%  0.129029827758262E+02  0.467189913809970E+02  0.130077001427935E+02
% -0.375183338955132E+01 -0.995658908813514E+00 -0.242587103273472E+02
%  0.110302808027425E+02 -0.188827973108914E+02 -0.146739302188881E+02
% -0.830290513175230E+01 -0.145212867006413E+02  0.118816382750416E+02
%  0.410562801603198E+00  0.482550754638230E-01 -0.164803405241464E+02
% -0.215725394626435E+02 -0.205097531295904E+02 -0.390973062929780E+01
% -0.261764593384781E+01 -0.157578282263605E+02  0.965290304197093E+00
% -0.787765537257372E+01  0.162202499637835E+02 -0.123414150319217E+02
%  0.125264422038168E+02 -0.296874627900395E+02  0.937038402089301E+01
% -0.602017225315492E+01  0.680141116951106E+02 -0.512103000630405E+02
%  0.108522876650685E+02 -0.133030471898995E+02 -0.139834662948898E+02
% -0.129516572504614E+02  0.139665915407067E+02  0.446078274239280E+02
%  0.382812430699912E+02  0.517360462603146E+02  0.102083982968119E+02
% -0.618390582497046E+01 -0.229510134804924E+02 -0.348245198624534E+01
%  0.211939567962948E+02  0.242653385349620E+01  0.447762178637889E+01
% -0.866745760217126E+01  0.105920387753648E+00 -0.131944121854649E+01
% -0.106210751729677E+02 -0.105353843143694E+02 -0.448388764269745E+01
% -0.395264120692516E+00 -0.647529202685006E+01  0.247598175395403E+02
