% T    256  0.715122828077254E+01  0.715122828077254E+01  0.715122828077254E+01
   0.160362661112494E+01 -0.232758443521465E+01  0.551287829865149E+00
  -0.278880470607762E+01  0.283401800014041E+01  0.338669239814956E+01
  -0.112393214097434E+01 -0.210219665402206E+01  0.311413912614757E+00
  -0.151851766529410E+01 -0.288209719990570E+00 -0.296904620104981E+01
  -0.274343327145995E+01 -0.359488538550018E+00  0.255301888282968E+01
  -0.840846956760602E+00  0.177084247796312E+01  0.999817824715354E+00
  -0.407856870383192E+00  0.336965521580043E+00 -0.892059870281696E+00
  -0.136285247548185E+01  0.307175216573989E+01  0.100420914100428E+01
   0.192127746648039E+01  0.201525696273705E+01 -0.205384253556384E+01
   0.975702271109301E+00 -0.206574810469617E+01  0.210939819776606E+01
   0.109045221748204E+01 -0.148036951047104E+01 -0.111430621097029E+01
  -0.219965506874490E+00 -0.141977239449663E+01  0.200748560071538E+01
  -0.292780402204588E+01  0.346745851246080E+01 -0.929201799954519E+00
  -0.126114039169971E+01 -0.319768179568222E+01  0.294139685180184E+01
   0.256018406359856E+00  0.131394518724822E+01  0.280806933336843E+01
  -0.264557941768438E+01 -0.169474044074927E+01  0.332208495401401E+01
   0.166950206572887E+01  0.189890164423333E+01  0.202625052499618E+01
   0.248397950459942E+01 -0.947550629405689E+00 -0.100179619683502E+01
   0.198602722960666E+00 -0.123985211004054E+01 -0.211201870983302E+01
  -0.198072273281207E+01  0.423342160569599E+00  0.200203790039098E+01
   0.113786864146331E+01  0.429436004890532E+00  0.107689036615507E+01
  -0.581481389113647E+00  0.244231865802291E+00 -0.275763703909229E+01
  -0.221963511905422E+01 -0.133698960128450E+00  0.348139254802438E+01
   0.290015300422953E+01  0.160522779236806E+01 -0.351272022286570E+01
  -0.146907397739782E+01  0.431775603869802E+00 -0.195956478615593E+01
   0.293294995713108E+01  0.325039054648458E+01  0.320971989791349E+01
  -0.277604906520473E+01 -0.227013845818036E+01  0.241357586209640E+01
   0.219815103134280E+01  0.308190719197483E+01  0.123488068406939E+01
   0.174706587109327E+01 -0.854868105992598E+00  0.591300928570132E+00
   0.200458343074326E+01 -0.177001088987051E+01  0.148452374372939E+01
  -0.154964842197099E+01  0.226431333418478E+01  0.161523504885288E+01
   0.170222122345222E+00 -0.344380721049971E-01 -0.201836269058955E+01
   0.141341667008628E+01 -0.331492104351283E+01 -0.165709377049377E+01
  -0.174638498693889E+01  0.115797902269052E+01  0.306889811657219E+01
   0.336518643166940E+01 -0.304901746586985E+01  0.182127864270460E+01
  -0.300064192241570E+01 -0.184780698672867E+01 -0.846946304470497E+00
  -0.219978721147158E+01 -0.315774064080534E+01  0.187441669717302E-01
   0.286072711295978E+01 -0.106794462582909E+01  0.999319531601716E+00
   0.285576725625172E+01  0.580727387950895E+00  0.314589040524872E+01
   0.111014600868560E+00  0.110750516572220E+01 -0.463723008011958E+00
  -0.181510142553831E+01 -0.267028715669810E+01 -0.224037614657711E+01
  -0.133506928749764E+00  0.659906161675113E+00  0.988430170266210E+00
  -0.270915938705373E+01 -0.282804087502100E+01  0.154825573344227E+01
   0.118965938529297E+01  0.853381976955903E+00  0.286178441517221E+01
  -0.114585800991574E+01  0.243897971622598E+01 -0.168251475413102E+01
   0.607173221238726E+00 -0.179426274187304E+00  0.270191899483958E+01
   0.161433376474429E+00 -0.270577646358314E+01 -0.180108918727447E+01
   0.110535504377171E+01  0.674332823538171E+00 -0.695963413522722E+00
  -0.201040963671538E+01 -0.229754356368423E+00 -0.132950644669556E+00
   0.212122283455061E+01  0.315380141391732E+00 -0.423836620541392E-01
   0.259531449791002E+01 -0.310829228452774E+01 -0.116244658726563E+01
  -0.338540688251594E+01 -0.323638439907251E+01  0.800755238700714E+00
  -0.242588358451310E+01  0.117173638929028E+01 -0.118809453881420E+01
   0.963218236303661E+00 -0.107380978762943E+01  0.347130118682078E+01
   0.201111071642215E+01  0.106740708918606E+01  0.990106728373249E+00
   0.213858844944191E+01  0.151268316627346E+01 -0.277989360738712E+01
  -0.228072343076061E+01  0.342238316223491E+01  0.123572544039268E+01
  -0.654651766458743E+00  0.167394984920735E+01 -0.307870326679713E+01
  -0.590953109007115E+00 -0.355015175811393E+01  0.161075223445315E+01
  -0.258942992946917E+01 -0.102508833772688E+01 -0.211968836697782E+00
  -0.276596914548990E+01 -0.318405891412305E+01 -0.227517174325644E+01
  -0.334979690232793E+01  0.348872289020977E+01 -0.322578715497659E+01
   0.181947017515006E+01  0.159004646783782E+01  0.308824994115896E+01
   0.936231784425515E-01  0.266556070591349E+01  0.346775851038958E+01
  -0.235725908754586E+01 -0.184915768665725E+01  0.139471347713064E+01
   0.332150722939214E+01 -0.229149153369922E+01 -0.997180651970692E+00
   0.221291074653497E+01 -0.183230884138776E+01 -0.280250892379419E+01
  -0.796659835123811E+00 -0.268707894600963E+01 -0.546007411249293E+00
   0.268161451895978E+01 -0.272682991914511E+01  0.274470471566785E+01
  -0.271335406339993E+01 -0.970451289177302E+00  0.788313090158485E+00
   0.119629532669602E+01  0.266256841165442E+01 -0.956995187386290E+00
   0.300607786426328E+00  0.178489162328656E+01 -0.144364562364123E+01
  -0.111558588030061E+01 -0.230742396514042E+01  0.156266478854440E+01
  -0.103680658359702E+01  0.801611305813715E+00 -0.142754746509372E+00
   0.208856602047086E+01  0.298615577017957E+01  0.212939278161613E+00
   0.130566289785836E+01 -0.163880601963156E+01 -0.258612575681982E+01
  -0.372140586763782E+00 -0.316112243808925E+01  0.240333845014902E+01
  -0.106732308997457E+01  0.185511453319518E+01  0.230734906033843E+01
  -0.307288407578532E+01  0.172162808370995E+01  0.195305457816907E+01
   0.243173526380514E+01  0.238066258232642E+01  0.273904586397452E+01
  -0.166211270605587E+01 -0.129822529245270E+01 -0.933161196957704E+00
  -0.177279608282307E+01 -0.303128794533045E+00  0.100047810523224E+01
  -0.168770206155097E+01  0.347197083346135E+00 -0.838706351155946E+00
  -0.297402407928334E+01  0.278940403701030E-01  0.416646910352908E+00
   0.293713221418240E+01 -0.966339274019725E+00 -0.299406698171882E+01
   0.351022302753417E+01  0.234492225943841E+01  0.286352551471480E+01
  -0.356716240396239E+01 -0.187231585187422E+01  0.139481387955991E+01
  -0.138219865919654E+01 -0.134218672478579E+01  0.115177544371765E+01
   0.277433752656032E+01  0.287398730046385E+01 -0.299621316689793E+01
  -0.685892590551509E+00 -0.135831922164130E+01 -0.643850753433559E+00
  -0.158587723467170E+01  0.142805169439414E+01  0.412916090475771E+00
   0.329366322127203E+01  0.109587895779077E+01  0.112918482902242E+01
  -0.473369132609559E+00  0.860641868794448E+00  0.217741317797844E+01
   0.305352900605291E+01  0.791878413033953E+00 -0.205732267528336E+01
  -0.191805272799504E+00  0.262529300659709E+01 -0.187319893930152E+01
  -0.586759966413571E+00 -0.327929164562469E+01 -0.142307344321984E+01
  -0.604225368500871E+00 -0.194295158794396E+01  0.288839838720510E+01
  -0.785188473389411E+00 -0.175948419271788E+01 -0.320268650661427E+01
  -0.167547755966362E+01 -0.225905657160645E+01 -0.531313764848804E+00
  -0.356054829488534E+00 -0.356124999176876E+01  0.531714743332473E+00
  -0.321466725582905E+01 -0.229770792550092E+01  0.509637905998639E+00
  -0.303299091278350E+01 -0.135392819244054E+01 -0.240332316628531E+01
   0.206589096045378E+01  0.303781395544163E+01 -0.170365769536979E+01
  -0.355060490976495E+01 -0.797222368987622E+00  0.284705492493954E+01
   0.141195467329618E+01  0.177571465091411E+01 -0.384785559103572E+00
   0.126882304080781E+01  0.921151051206618E+00 -0.321135216212267E+01
   0.218454878487796E+01  0.254901718520812E+01 -0.813949384297839E+00
   0.324783384497454E+01  0.239595464361993E+01  0.185337740960534E+01
   0.341358603168601E+01  0.208353148575850E+01 -0.126204936618879E+01
   0.191293031216614E+01 -0.204156788250182E+01 -0.141960337653315E+01
   0.111297041224273E+01  0.122039759536769E+01 -0.213666579506732E+01
   0.604439228610551E+00  0.129053765292847E+01  0.493098748438298E+00
   0.331094204109455E+01 -0.436073134355897E+00  0.172854327774809E+01
  -0.163684019496700E+01  0.213291498837380E+01 -0.445138727563631E+00
  -0.168515917777448E+01 -0.133949722397322E+01 -0.197189648592550E+01
   0.266211225289357E+01  0.170752535239546E+01  0.466526036751537E+00
   0.256166629837288E+01 -0.100031106536730E+01  0.198182774505826E+01
   0.279065115744646E+00 -0.559566916447827E+00 -0.969515238977499E+00
  -0.193512078922609E+01 -0.447247777638863E+00 -0.146066592675779E+01
   0.279630051742943E+01 -0.334041110702349E+01  0.428223432808338E+00
  -0.244703307965198E+01  0.323257602005382E+01 -0.277702926933747E+01
  -0.311343482997357E+01 -0.226549530547105E+01 -0.291696105552563E+01
  -0.109360801841850E+00 -0.218684174036733E+01  0.328928924591983E+00
   0.774345808992102E+00 -0.308590245854115E+01  0.218821931521144E+01
  -0.150785229941287E+00 -0.243074590523561E+01  0.166989568106392E+01
   0.171393934630283E+01 -0.301540022622377E+01  0.316799032502161E+01
   0.588582308441583E+00  0.344986967623436E+01  0.132303919382770E+01
   0.998776042617840E+00  0.218685195693888E+01  0.300573931707875E+01
   0.265866507926361E+01 -0.307748324483974E+01 -0.315215483979071E+01
  -0.230793249513877E+01 -0.543950642723624E+00 -0.244756053612584E+01
   0.295198471902313E+01 -0.182795021788283E+01 -0.184511002735563E+01
   0.181882208516595E+01 -0.924120614814336E+00 -0.175400143613891E+01
   0.514087636929921E+00  0.739703294776390E+00 -0.158254974712218E+01
   0.303318868489512E+01 -0.423567526752773E-01 -0.102714717432971E+01
   0.102596980532372E+01  0.244916073293807E+01 -0.189837034263411E+01
   0.339148256468206E+00  0.793595364420178E+00 -0.267886921721202E+01
   0.149727897432754E+01 -0.230696220961839E+00  0.310836912873329E+01
  -0.343825822489483E+01  0.237654998295059E+01 -0.312286912594439E+01
   0.193167549899885E+01  0.663187980442395E+00 -0.200305335130670E+01
   0.261892586732643E+01  0.167516551074498E+01  0.161921817683825E+01
   0.247970216695080E+01  0.349972338071746E+01  0.221831457496887E+01
   0.637303449929663E+00  0.195219426786419E+01 -0.305786965694899E+01
  -0.194463989842173E+01 -0.283051320865360E+01 -0.337148010646882E+01
   0.164326505346124E+01 -0.201737641895263E+01  0.293544978004040E+01
  -0.157753274367718E+00  0.270561531804650E+01  0.235011748002650E+01
  -0.265625777870154E+01  0.108964359038806E+01 -0.128394633333614E+00
  -0.302022429851370E+01  0.271762354458661E+01  0.199336962012188E+00
   0.869887312353104E+00 -0.539291579987612E+00 -0.264808704683530E+01
   0.273773632832607E+01 -0.220270155867239E+01  0.513790758048080E+00
  -0.366513033264354E+00 -0.787642797455479E+00 -0.276090523912203E+01
   0.200452276883565E+01 -0.270569243605396E+01  0.208325453378397E+01
   0.260322171728617E+00  0.224707809568408E+00  0.177368380906777E+01
   0.718827699897407E+00 -0.727613305618566E+00  0.738595352114249E+00
  -0.124162378600652E+01 -0.299232198954599E+01  0.730182025546462E+00
   0.250276156852850E+01 -0.126307191151022E+01  0.606310653981199E-01
   0.201570358151602E+01  0.959386989754515E+00  0.212584996652430E+01
   0.200803240278847E+00  0.258612973894621E+01  0.871161138837636E+00
  -0.312115113187334E+01 -0.357910705163176E+01  0.235495015372669E+01
  -0.271824210806167E+01  0.211220077682735E+01 -0.522187273978360E+00
  -0.260976103171400E+01  0.162936353622456E+01 -0.356649080747124E+01
  -0.112840392360767E+01  0.922521689681611E+00  0.128124662542953E+01
  -0.298134099930748E+01 -0.123233765657304E+01  0.204258031854243E+01
  -0.326240383366599E+01  0.318182415935017E+01  0.140010977035311E+01
   0.585259657826959E+00 -0.141725309868706E+01 -0.121710661319938E+00
  -0.170418706243538E+01  0.682497977054501E+00 -0.308618806654162E+01
   0.305239237460390E+01  0.180413962748474E+01 -0.240010023119256E+01
   0.376217827785549E+00  0.226526622427867E+01 -0.164920327530814E+00
   0.348873411549443E+01 -0.285223173146198E+01 -0.126986970075400E+00
  -0.737577671582359E+00  0.112996548245145E+01  0.325059217798840E+01
   0.179265690347828E+01 -0.301196103031251E+00 -0.300296174796516E+01
  -0.839677381457205E+00 -0.406374597925085E-01  0.602480752868917E+00
  -0.315602992585310E+01  0.290180608916730E+01 -0.176189335860035E+01
   0.100316699299738E+01  0.315886276054954E+01  0.168123337836780E+00
  -0.346059237122926E+01  0.132915351124419E+01  0.298566680001559E+01
   0.641578321650650E+00 -0.257559004284720E+01 -0.273696252671086E+01
  -0.114521578096073E+01  0.301250811135191E+01 -0.764843968095287E+00
  -0.226451138753257E+01  0.138154062884259E+01  0.128402207699132E+01
   0.599385766622805E+00 -0.679772602746396E+00  0.174333728236960E+01
   0.298903473063209E+01  0.566033765387272E+00  0.206618188800838E+01
   0.134353272648605E+01  0.287901423789478E+01  0.180766912204676E+01
   0.230284743227570E+01 -0.120462019495513E+01  0.319074276622086E+01
   0.158501640304927E+01 -0.628572517473330E+00 -0.575295197662322E+00
  -0.538646698148988E+00 -0.450228318628708E+00 -0.163655504273496E+01
  -0.221731957533803E+01  0.231510655879261E+01  0.792148407799744E+00
   0.159088807459732E+01 -0.159663376082816E+01 -0.154757034727686E+00
  -0.294552559244731E+01  0.524387036039855E-02 -0.156230435351282E+01
   0.190943010258680E+00 -0.174306687504675E+01 -0.299977931306686E+01
  -0.171014953043674E+01  0.200091645508681E+01 -0.323436740953534E+01
   0.320438474167387E+01  0.252279600751901E+01  0.740074427233127E+00
  -0.779290705376693E+00  0.263176104990607E+01 -0.302104324083117E+01
   0.347906965418982E+01 -0.101340233279246E+01 -0.103960095235154E+01
  -0.285051062662456E+01  0.264624175046163E-01 -0.593784827659668E+00
   0.329100119675637E+01 -0.177493831229858E+01  0.235940596806750E+01
  -0.148199662690287E+01  0.326046797772330E+01  0.218280171312663E+01
   0.141274257965528E+01  0.186086240210613E+01  0.948821879785910E+00
  -0.263940851605589E+01  0.780330512591142E+00  0.254284311351153E+01
   0.270210924435985E+01 -0.355532326631031E+01 -0.223945510469864E+01
  -0.326674479159939E+01 -0.280320988921401E+01  0.331817610831268E+01
   0.164979500959696E+01 -0.493524533194549E+00  0.156069950746262E+01
  -0.407719226580667E+00  0.234448195128227E+01 -0.774861169262835E+00
  -0.147003276455114E+01 -0.158891692047670E+01  0.239310348139990E+01
   0.255821128556987E+01 -0.964104722629410E-01  0.123494621419339E+01
   0.727206888195743E+00 -0.326371078828148E+01  0.340337430650260E+01
   0.100742528781442E+01 -0.243720856715334E+01 -0.104535897296929E+01
  -0.134106957618220E+01  0.150027161981003E+01 -0.123138407480348E+01
   0.324356269990503E+01  0.775837673851815E-01 -0.275920904267704E+01
  -0.621764567751578E+00 -0.258528851053781E+01 -0.259542707959754E+01
   0.185997370219995E+01  0.316548443169781E+01  0.338285444535408E+01
   0.667439517995337E-01 -0.212079311600651E+01 -0.769800857669386E+00
   0.992199981620050E+00  0.125920741919031E+01  0.168006895679142E+01
  -0.684743282678256E+00  0.163383292791271E+01 -0.205700474296149E+01
  -0.299282465041800E+01  0.173305204572805E+01  0.606471875044538E+00
  -0.318121149852892E+01 -0.253324463848512E+01 -0.184720934934912E+01
  -0.329767952322173E+01  0.862286884512649E-01  0.322569674856167E+01
   0.178562953719317E+01  0.230011628114867E+01 -0.318818073765076E+01
  -0.294867804937844E+01  0.464953216357851E+00  0.136010565037320E+01
   0.134096842964052E+01 -0.110108554616954E+01  0.255348777349502E+01
  -0.210768415838392E+01 -0.195543838477930E+01  0.305425344111946E+00
  -0.180176524734522E+01  0.174914763565421E+01 -0.221116144415074E+01
  -0.193697721334122E+01  0.349709704960706E+01 -0.121850623440261E+01
   0.333356713451449E+01  0.856759389176417E+00 -0.419322069400022E-01
   0.930432861776123E+00 -0.157763524126513E+01  0.127343487425011E+01
   0.124968216021328E+01  0.103752095874446E-01 -0.152141297705076E+01
   0.557274889448326E+00  0.344069381709597E+01 -0.137814856705608E+01
  -0.267706467713723E+00 -0.924887795440946E+00  0.914574828524316E+00
   0.347233986606338E+01 -0.117203651442396E+01  0.183688951527100E+00
   0.352853937453195E-01  0.144001428431800E+01  0.142804027279867E+01
   0.167223806094193E+01 -0.317028766899500E+01 -0.282242490810764E+01
   0.457768040579528E+00 -0.234468925993449E+01  0.288919454289609E+01
  -0.218233971965774E+01 -0.203157884382057E+01 -0.155501119047256E+01
   0.355586325173178E+01 -0.141115202349651E+01 -0.347073708432203E+01
  -0.809613682447856E+00  0.247327010405191E+01  0.209668014706463E+00
   0.159427697672035E+00  0.162143694972051E+00  0.585748890675698E-01
  -0.462560686425977E+00 -0.826952305075528E-01  0.315671126663239E+01
  -0.173615366196220E+01  0.330842830050402E+01 -0.348846527183516E+01
  -0.148840652594835E+01 -0.105954206184217E+01  0.219438106430494E+00
  -0.171813779220189E+01 -0.720170400273308E+00  0.198680869844603E+01
  -0.353396219092842E+01  0.889126463284852E+00 -0.990834243528412E+00
   0.111854385982798E+00 -0.330906705984532E+01 -0.509189074619132E+00
   0.324708731033260E+01 -0.917477216211641E+00 -0.201791334005088E+01
   0.248840248489291E+01  0.144741180745053E+01 -0.113743110831673E+01
  -0.257015304590182E+01  0.642641873579192E+00 -0.228587841377293E+01
  -0.109050095223000E+01 -0.201633973729301E+01 -0.160285874793046E+01
  -0.230335501807674E+01  0.248930911261274E+01 -0.131218702483512E+01
  -0.744288921635604E+00 -0.943895718854988E-01  0.172441192742919E+01
   0.211427033343172E+01 -0.263910688368453E+01 -0.197291801463170E+00
   0.311187257071542E+01  0.266684567964713E+01 -0.356648664132214E+00
  -0.339298014036995E+01  0.102610874158794E+01 -0.314304727680938E+01
   0.811073371281299E+00 -0.296622983399710E+01  0.748469110515705E+00
   0.226291046028373E+01  0.300446650899558E-01  0.237118971118157E+01
  -0.224940885882798E+01 -0.312822609812482E+01  0.262113078997401E+01
  -0.476886039420179E+00 -0.272701715908396E+01  0.353332943358681E+01
   0.163370201577074E+01 -0.357100645450592E+01 -0.600844449412798E+00
  -0.259740750754853E+01 -0.105977863754934E+01 -0.156703843779691E+01
  -0.193309748767791E+01  0.241946252646018E+01  0.254856701498344E+01
   0.413422628261908E+00  0.322879393151728E+01 -0.253680655767392E+01
%  0.264329849139207E+01  0.880421122132762E+00 -0.200633302141371E+01
%  0.575806259243134E+00  0.372445217277994E-01 -0.223706618638819E+01
%  0.501974987964370E+00  0.223712098090636E+01  0.164286563364021E+01
% -0.219855647227666E-01 -0.192130761568163E+01 -0.208993187675607E+01
%  0.174732293868342E+01  0.396513253408228E+00 -0.907872456882389E+00
%  0.154781198445982E+01  0.589955040009545E+00 -0.154297757044133E+01
%  0.763605412717217E+00  0.113773266986197E+01 -0.617659934315160E+00
%  0.324266766320048E+01 -0.657212040035594E+00 -0.442332939892264E+01
%  0.133362954130242E+01 -0.927585912377021E+00  0.131024289861115E+01
% -0.486738279627134E+00  0.123574882447385E+01  0.228302126729076E+01
% -0.134600827797605E+01 -0.866611438932717E+00  0.448476193007583E+00
% -0.836038980325970E+00 -0.114192716273823E+01  0.151679529612027E+00
%  0.936308895118536E-01 -0.672839589085423E+00  0.293314933705939E+01
%  0.442546640671639E+00 -0.146517194937122E+01 -0.233586026639224E+01
%  0.813190416574975E+00 -0.325229216243242E+01 -0.147405905714123E+01
% -0.559187122775152E+00  0.175759404886335E+01  0.119929519948556E+01
% -0.299712691651261E+00  0.612588046638469E-02 -0.144814640251214E+01
% -0.155168732262438E+00  0.101278940588736E+01 -0.746321601353310E+00
% -0.229887855099060E+01  0.107297794833635E+01  0.136054451567248E+01
% -0.833980168597685E+00 -0.356114392785154E+00  0.967113694036284E+00
% -0.258813191375655E+00  0.450550371389544E-01 -0.189087285627305E+01
%  0.798998970088614E+00 -0.757773948235777E+00 -0.148709290802302E+01
%  0.275863969585915E+01 -0.187790789965232E+01  0.200015876973182E+01
% -0.629400911084522E+00 -0.335895831476128E+00 -0.105153260637494E+01
% -0.222770637606032E+01 -0.134440490129005E+01  0.162602067309396E+01
% -0.815050692650792E+00 -0.122051846935006E+01 -0.279297110656858E+01
%  0.408734412337613E+00 -0.165929775504799E+01  0.342412419239056E+01
% -0.271187643632704E+01 -0.119724800991420E+01 -0.487826839499907E-01
%  0.101332130403018E+01  0.128620759962699E+00  0.847310285202778E+00
%  0.329329161042779E+00 -0.532645510974033E+00  0.101874603437675E+01
% -0.149044521673453E+00  0.740294288837811E+00  0.614595805588250E+00
% -0.436906086419920E+00 -0.292392419244553E+01  0.112213253654329E+01
%  0.190391536809160E+01 -0.179717297251018E+01  0.596890535239841E-01
% -0.581211112664851E+00  0.227467023258912E+00 -0.107578820306581E+00
%  0.163091658907536E+01  0.383687611385636E+00  0.100070608399010E+01
%  0.751481591606293E-01 -0.188246104249557E+01 -0.251399336959040E+01
% -0.161170455190359E+01  0.194921450587937E+01 -0.285710213309747E+00
% -0.826603892554186E+00  0.157664813078315E+01  0.780566881296062E+00
% -0.220252674447316E+01  0.138538782489456E+01 -0.483688611528074E+00
% -0.216126948200288E+00 -0.306458188826216E+01 -0.769620630037476E+00
% -0.796354683737945E+00  0.200861183549721E+01 -0.149701482217281E+01
% -0.234801763412683E+00 -0.342728409662990E+01 -0.676186728251730E+00
% -0.134855284023148E+01 -0.931713955707089E+00  0.179212262152076E+00
% -0.330309682307779E+00 -0.752621715990851E+00 -0.781611925292281E-01
%  0.676906657978019E-01  0.312882147535413E+01  0.439340500536117E+00
% -0.410436980591116E+00 -0.814308032549325E+00  0.704286264285721E+00
%  0.610613825054324E+00  0.108964353775514E+00  0.626296696596469E+00
%  0.201047068256552E+01  0.208532433630132E+01  0.845928734285802E-01
% -0.652808851368594E-01  0.116883610332353E+01  0.552293930512445E-01
%  0.243115150056316E+00 -0.382823693429658E+01 -0.105795677384347E+00
% -0.650831547155181E+00 -0.435476725997584E+00  0.225158007821120E+01
%  0.512997658856270E+00  0.166634838170346E+01 -0.122266074626967E+01
% -0.475783801001781E+01 -0.382015376543715E+01  0.238646066530295E+01
%  0.337464594574219E-01 -0.193551478231126E+00 -0.304545093065987E+00
% -0.132593057484721E+01 -0.372825567222131E+00 -0.118020049676325E+01
% -0.135851272099090E+01  0.115360008699346E+01 -0.565171735580821E+00
% -0.230165568296781E+00  0.183940850196922E+01 -0.162807347202646E+01
%  0.522172468132662E+00  0.268990100916889E+00  0.643869730651327E+00
%  0.189383514800524E+00 -0.237968035706038E+00  0.682303189834610E+00
%  0.112029450195573E+01  0.262382152084949E+01  0.210050133123624E+01
%  0.155827968511932E+01  0.135853194296312E+01  0.601678494738507E+00
% -0.240655514303834E+01  0.152755362663406E+01 -0.897659141429876E+00
% -0.194257721889284E+01 -0.132944036080217E+01 -0.869432170843663E+00
% -0.818569888979461E+00 -0.422478431891577E+00 -0.229052767820119E+01
%  0.132845026546202E+01 -0.599053176677446E-01 -0.169143078204854E+01
% -0.207170198430922E+01 -0.108150120178256E+01  0.870834796593078E+00
%  0.157862957430693E+01  0.301983822721666E+00 -0.179892763822043E+01
% -0.332852957714395E+01  0.160468338357510E+00 -0.189019544771245E+01
%  0.952750644819185E+00 -0.761970391981596E+00 -0.458956777218123E+00
% -0.417221143148186E+00 -0.761917956848831E+00 -0.141952249661973E+00
% -0.621614307629266E+00  0.981589535442736E-01 -0.299535553863084E+01
% -0.574710495385808E+00  0.192316236715211E+00  0.353535206359284E+00
% -0.545865678926731E+00 -0.221478596891906E+01 -0.939799945974794E+00
%  0.648984340067407E+00  0.161330356898352E+00 -0.863404046567594E+00
% -0.184157719044736E+00 -0.214102275066591E+01 -0.194277025211469E+01
%  0.222859866664555E+00  0.775221556968708E+00  0.177265958311237E+00
% -0.149283065755352E+01 -0.751169865474863E+00 -0.119142633372892E+01
%  0.230466007142673E+01 -0.194168891977561E+00  0.202180203218110E+01
%  0.139156998602577E+01  0.271037531233234E+01  0.546217402071244E+00
% -0.124925027775011E+01 -0.246023614894779E+00 -0.277617316216047E+01
% -0.203297000853596E+01  0.186758870794682E+01  0.177528181584885E+00
%  0.696559079801034E+00  0.276733321230674E+01  0.146974866001390E+01
% -0.178979434355260E+01  0.512455719082010E+00  0.108580704209319E+01
%  0.260068950999968E+00  0.139675195896439E+01 -0.187776704084717E+01
% -0.883414400891746E+00  0.346557185009810E+00  0.330902837494027E+00
%  0.477623041511236E+00 -0.149416418834683E+01 -0.866445123658527E+00
% -0.119109035768601E+01 -0.105900373146125E+00  0.357454858609164E+00
%  0.160143580734964E+01  0.770538511553578E+00  0.604906406952503E+00
% -0.804799007784974E+00  0.124905758294884E+01  0.436422270104925E+00
% -0.182899934415946E+01  0.295346653318552E+00  0.558352503614510E+00
% -0.179557727409804E+00 -0.534359419864235E+00  0.127181975872550E+01
%  0.866784731879257E+00 -0.151503948362023E+00 -0.144876708039711E+01
%  0.317242995807857E+00  0.197130193760343E+00 -0.886560189257222E+00
%  0.203878745752445E+01 -0.123452254728946E+01  0.128922297571165E+00
%  0.100439202146983E+01 -0.122927528257362E+00  0.258978067225818E+01
%  0.163372265066618E+01 -0.885110881105403E+00  0.117579230736522E+01
%  0.917422217320206E+00 -0.111444133241928E+01 -0.106102835944049E-01
%  0.189272664601591E+01 -0.965586764326306E+00  0.129417861243348E+00
%  0.186170512609172E+01 -0.121958919054091E+01  0.290606510575990E+01
%  0.242058585838443E+01 -0.158939848530045E+01  0.881430759649863E+00
%  0.786802603372052E+00  0.141156683620694E+01  0.105525144158032E+01
% -0.569841632643055E+00  0.278962036670848E+01  0.103891325326001E+01
% -0.211112750204286E+00 -0.177402293190936E+01  0.108028681149666E+01
% -0.754931362177214E+00  0.173848735729391E+01  0.355262312298316E+00
% -0.830222077086999E+00  0.162393203192574E+01 -0.990414685101767E+00
% -0.236092669853518E+01  0.237571812965083E+01 -0.758589508377229E+00
% -0.888098568547156E+00  0.459993745996718E+00 -0.439738488163256E+00
% -0.440002454008282E+00  0.128672150613902E+00 -0.198945693010192E+00
%  0.847495762980779E+00 -0.306649771452576E+00  0.221819311292598E+01
%  0.155553667770203E+00 -0.907950473866489E+00  0.198546270501885E+01
%  0.359852670443244E+01  0.202327282587486E+01 -0.261210669824147E+01
%  0.117544368402579E+01 -0.441247001263644E+00 -0.110319105318707E+01
% -0.237069919021297E+01 -0.139192584047837E+01  0.659423961557939E+00
%  0.646984557001961E+00  0.234813499985159E+01 -0.200233597644937E+01
% -0.183478319581110E+00  0.193895691677217E+00 -0.170635885150448E+00
% -0.129329029184037E+01  0.932932530837419E+00 -0.845035483655925E+00
% -0.106834352411246E+01  0.764613124924579E+00  0.153086222740879E+01
% -0.412282969759643E+00 -0.158651279792734E+01 -0.695430772584445E+00
% -0.121143390360041E+01  0.143464052169591E+01  0.568165572751845E+00
%  0.496211576823256E+00 -0.111881480026056E+01 -0.337641545023626E+01
% -0.104881034202322E+01 -0.171255209023549E-01 -0.635444118711615E+00
%  0.750585170313031E+00 -0.221505486916682E+00 -0.958066078356365E+00
% -0.143289029076664E+01  0.171074660855697E+01 -0.241023786454200E+01
%  0.202694639195802E+01  0.253205183653286E+01  0.297117827678704E+01
% -0.217299241303820E+01  0.194296901961047E+01  0.352072779766023E-01
%  0.128659735629423E+00 -0.109592629099676E+01  0.272189876371898E+01
% -0.745633572383057E+00  0.873009077028583E+00 -0.113736856814445E+01
% -0.242021532481738E+01 -0.181839757894249E+01  0.123273951422847E+01
%  0.639107592009317E+00  0.442092340941842E+00  0.127421298309758E+01
% -0.107937620781562E+01  0.161943378913761E+01  0.116868443347156E+01
% -0.935693511461704E-01 -0.103335667831387E+01 -0.361862506170219E+00
%  0.896690091469328E+00  0.936291272129788E-01 -0.220728242949208E+01
%  0.304796330073265E+00  0.293154626733506E+00  0.212065664743358E+00
% -0.411845699533552E+00  0.223169921407228E+01 -0.192804598250511E+01
% -0.154464408726315E+01 -0.908889074784090E+00 -0.215614078407882E+01
%  0.177882517264027E+01  0.820126310605175E+00 -0.732844201148292E+00
%  0.442581452044089E+00 -0.679009543279846E+00  0.879651517275198E+00
%  0.434083606982905E+00  0.182490135753796E+01  0.182387161526357E+01
%  0.308560917290276E+00  0.313893856434103E+00  0.164891718236709E+01
% -0.946344116385562E+00  0.827678885918251E+00  0.315411823832932E+00
% -0.128815464071643E+01  0.587380940619982E+00 -0.144804458015461E+01
%  0.276178913063006E+00  0.941268394157720E+00 -0.566295539300816E-01
% -0.865927093285363E+00 -0.436155475958141E+00 -0.731385932046957E+00
% -0.120132089142247E+01  0.415754444594358E+00  0.366184416810042E+00
%  0.110814571820509E+00  0.292781127833661E+01  0.575648462962300E+00
%  0.778155439482891E+00  0.408207443744502E+00  0.122634814144762E+01
%  0.145539045559542E+01 -0.110768100619040E+01  0.160162093547894E+01
%  0.757692552917924E+00  0.535375757691045E+00 -0.115324131205453E+01
% -0.518569289312740E+00  0.916707446054650E+00 -0.665206047497226E+00
%  0.858111112078556E+00  0.249472463827142E+00  0.174135820770759E+01
%  0.466131264219004E+00 -0.413005857557323E+00 -0.125591548466916E+00
% -0.641070646034417E+00  0.109982937246347E+01 -0.258131445880700E+01
%  0.130646509500932E+01  0.120677592682066E+01 -0.640771183072576E+00
%  0.943296137523511E+00  0.243430951433554E+01  0.193506760478089E+01
%  0.378599289019245E+00  0.189730605481075E+00 -0.173676475127436E+01
%  0.910897919226464E+00  0.674141346216636E+00 -0.487580703370022E+00
%  0.705759897300323E+00  0.248979019736725E+01  0.691051641853371E+00
%  0.156683864684533E+00 -0.246495985609113E+01  0.186513811293982E+01
%  0.145974613526373E+01 -0.746609509380671E+00  0.225210920881805E+01
% -0.183925982213224E+01 -0.983267034214030E+00 -0.196067636417706E+01
%  0.998520070660181E+00 -0.634242470018215E+00 -0.335446090043343E+00
% -0.509803812547459E+00 -0.422715720329147E+00 -0.488843073811812E+00
%  0.262847743753223E+01 -0.188510930562468E+01 -0.113596426547249E+01
%  0.862187615757474E+00  0.182878793668829E+00  0.343165320658908E+00
%  0.161638054579558E+01 -0.451282419322476E+00  0.763287711132881E+00
% -0.184874473473491E+01  0.203379402014714E+01 -0.618627571469471E+00
% -0.264665591567258E+01 -0.684922557712702E+00  0.214100805317071E+01
%  0.274114985709504E+01 -0.658620853221154E+00 -0.456221155453768E+00
% -0.133283768403594E+01 -0.152104330722751E+00 -0.464021351343910E+00
% -0.181154798578752E-01 -0.162811919122001E+01  0.568474549572198E-01
% -0.111222124474448E+01 -0.261774344293588E+00 -0.981810065991601E+00
% -0.840027189888107E+00 -0.552056195267605E+00  0.104717868504528E-02
%  0.503095459591104E+00 -0.188235516148776E+01  0.100496006821784E-01
% -0.376355650978466E-01 -0.695652974640642E+00 -0.104756213815827E+01
% -0.977303372128311E+00  0.652648887107697E+00 -0.549663451761845E-01
% -0.194296906975376E+00  0.509643874061673E+00 -0.348080508140563E+01
%  0.194907833256844E+00 -0.268408586687991E+01 -0.650108143898205E+00
%  0.464056326676023E+00 -0.165961930593762E+01 -0.508446123042208E+00
%  0.321603671407614E+01  0.171618580983752E+01  0.678567706246503E+00
%  0.121517378840261E+01 -0.108626275460098E+01  0.560506984530061E-01
% -0.107484852277120E+01 -0.323677391649575E+00 -0.297289908037668E+00
%  0.107724869055721E+00  0.490538355631852E+00  0.166678921192998E+01
% -0.552121811958147E+00  0.150513822742608E+01  0.425290855951024E+00
%  0.174350541160626E+01 -0.958256963716394E+00  0.357819495237197E+00
% -0.263716018392935E+01 -0.252257673589708E+01  0.191467541826303E+00
% -0.337547363986531E+00 -0.187914211645448E+01 -0.127871293805782E+01
%  0.250320494837645E-01 -0.174834461217997E+00  0.806698603195719E+00
%  0.921771254052274E+00  0.474470515460960E+00  0.331731562669054E+00
% -0.347641858103300E+00  0.323310697895214E+00 -0.186063897731811E+01
% -0.111844190016063E+01 -0.965957476720252E+00  0.768090248387316E+00
%  0.110271569145934E+01  0.788719235768718E+00 -0.548552883810570E+00
% -0.133608468714302E+01 -0.129383319887768E-01 -0.337192627027952E+00
%  0.398410145260580E+00 -0.697610477105210E+00  0.327332582731899E+00
%  0.636969981118721E+00  0.783080352950539E+00 -0.383025126580581E+00
% -0.149083266125220E+01 -0.140606037089490E+01 -0.636232602648664E+00
% -0.387976988623403E-01 -0.113002862801434E+01 -0.761399798599221E+00
%  0.172412003693018E+01 -0.301219219781677E+01  0.743794239615940E+00
% -0.130677814584324E+01  0.336893717862206E+00 -0.242681391642061E+01
% -0.265795250781131E+01  0.101671108771859E+01 -0.387167355587595E+00
%  0.125193761500587E+01 -0.439740541847840E+00  0.783709209707537E+00
% -0.364618304132869E+00 -0.221170336368280E+01  0.276105592909912E+01
% -0.747606688683545E+00  0.238914910413202E+00 -0.266420261780414E+00
% -0.110030111982237E+01  0.133325686157306E+01  0.445079828801725E+00
%  0.118415513714748E+01 -0.112947543531081E+01  0.177272856251782E+01
%  0.635582362627102E+00 -0.965533490971779E+00  0.164054196563292E+01
%  0.321716641713123E+00 -0.125529766487199E+01  0.845076704838537E+00
% -0.113875523713437E+01  0.861182932999378E-01 -0.209599285288735E-01
%  0.137943649023891E+00 -0.248329826460389E+01  0.163236678163466E+01
% -0.199425512363294E+01  0.870687612228582E+00 -0.405384960995814E+00
%  0.307513178243700E+00 -0.904077771057237E-01  0.450335615063487E+00
% -0.455390508286017E+00 -0.101557074098818E+01  0.189766178476240E+00
% -0.191727427487203E+01  0.313287909415498E+00 -0.815198114563617E+00
% -0.106092900100069E+01  0.201028267509984E+01 -0.777940662636862E+00
% -0.198859430960344E+01  0.992825001755165E+00 -0.419264257294128E+00
% -0.805077296328792E+00 -0.640843543366653E+00 -0.689769303034876E+00
%  0.158329062882706E+01  0.716430825611694E+00 -0.689650753968926E+00
% -0.157608856222929E+01  0.136378523471514E+01 -0.867800358290298E+00
%  0.212583997869495E+01  0.121917013407020E+01 -0.101555697483312E+00
%  0.148752756720966E+01  0.145792412320822E+01 -0.462567345281721E+00
% -0.776540934433353E+00 -0.470070782122843E+00  0.184050816601840E+01
%  0.405332019649450E+00  0.310826700019796E+00  0.711563747000973E+00
% -0.147005839346276E+01 -0.205504469396295E+01 -0.764936696342866E+00
%  0.606747842340526E+00  0.399247343219397E+01  0.228206795225571E+01
%  0.157120697262150E+01 -0.526948717325945E+00  0.370523560894665E+00
% -0.190969146132142E+01 -0.134409014641024E+01  0.196726793963305E+01
% -0.619403193578044E+00  0.147271660800051E+01  0.150236096261622E+01
% -0.142946876585999E+01 -0.209815014042913E+01 -0.157514507008531E+01
% -0.951432793996504E+00 -0.111701159929298E+01  0.383052607170477E+00
%  0.314588569806906E+00 -0.655804565344336E+00 -0.621705368987915E+00
% -0.566247423049839E+00  0.301941930279387E+00  0.251975691070303E+00
%  0.254215139047961E+01  0.146591312958127E+01 -0.269052021209600E+00
%  0.382472973549131E+00  0.256810171593761E+01  0.941549919262356E+00
%  0.234669065738979E+00 -0.138991219857903E+00 -0.161555663388170E+00
%  0.276026080826438E-01 -0.958761386846931E+00  0.419056518714160E+00
% -0.167547796482162E+01 -0.128593708355525E+00 -0.458124372750527E+00
%  0.217074222260880E+01  0.640752907154287E+00  0.128230183583192E+01
%  0.617691136516694E+00 -0.396019136930257E+00  0.354984399188530E+01
%  0.171129079204472E+01  0.533610606935498E+00 -0.594041367361659E+00
% -0.178413581944804E+01 -0.348757097031575E+00 -0.102270756787677E+01
% -0.140398407302212E+01 -0.116563950112193E+01  0.229272616321345E+01
% -0.102061979237944E+01 -0.103162690103165E+01  0.628937700397920E+00
% -0.841315892531595E+00  0.100345860269492E+00  0.649651781451075E+00
% -0.322603327577445E-01  0.207770397959236E+01  0.189385283009336E+01
%  0.153666674310607E+01 -0.861861029623130E+00 -0.458447556188800E-01
%  0.145479621175054E+01 -0.102890927793907E+01  0.201142449529756E+01
% -0.114666163539256E+00  0.217668476279591E+01 -0.837979964256250E+00
%  0.224238973514284E+01 -0.426008014457138E-01  0.338303533913109E+00
%  0.129860492251325E+01  0.432814933847514E+00  0.911855525652353E+00
%  0.175666077702459E+01  0.649926144838504E-01  0.260512484279391E+01
%  0.877892099524073E+00  0.147268757979407E+01 -0.143421933639201E+01
%  0.141725278654488E+01  0.103807830490677E+01 -0.104853146760135E+01
%  0.261199675135407E+01  0.804558267982877E+00 -0.220708621238832E+01
%  0.156475781201251E+01 -0.208136565882836E+01  0.403617739171703E+00
%  0.152849148642101E+01 -0.199614668325182E+01  0.216983658384571E+00
%  0.507652633604704E-01 -0.554252836880475E+00 -0.867426251396504E+00
% -0.569279942631270E+00  0.191830481202794E+01 -0.648077847980045E-01
% -0.180784860453493E+02  0.149509480610106E+02  0.518432218443032E+02
%  0.227648547684915E+02 -0.404411622879196E+01 -0.220945868536642E+02
%  0.217822135336521E+02  0.283296650476699E+02  0.514504516231765E+01
%  0.494989471143804E+02 -0.209834957618942E+02  0.402275360528749E+01
%  0.613055089850760E+02  0.148162831266870E+02 -0.394616957480340E+02
%  0.306923361393631E+02  0.682347620757354E+02 -0.126820305022569E+02
% -0.578348408456985E+01 -0.103307364627232E+02 -0.108046141192185E+02
%  0.217243902773203E+02  0.171161304030808E+01 -0.128334760564653E+02
% -0.761789674550681E+01  0.522734940896861E+02  0.914026747161422E+02
%  0.197143375275944E+02 -0.102738627496588E+01 -0.782238507000329E+00
% -0.893894128249265E+01  0.540615946541986E+02 -0.468383333381055E+01
%  0.445442487712782E+00  0.608487863869763E+01 -0.316756193614989E+01
% -0.920216744774411E+01  0.560836234731123E+01  0.161740271732410E+02
%  0.282871208017172E+01  0.726791612310478E+01  0.970139085891716E+01
% -0.194951966400555E+01  0.860195387696929E+01  0.563603488943795E+00
%  0.486543389169972E+01 -0.140320321328802E+01 -0.822488903997812E+00
%  0.718963734456553E+01  0.314949192691980E+02  0.136384961577274E+02
% -0.592543883073831E+01 -0.118084433322570E+02  0.109811172657645E+02
%  0.242477115312998E+02 -0.106904096113219E+02  0.449580409847279E+02
%  0.675356062774456E+02 -0.361876616656678E+02 -0.567390465971337E+02
% -0.359619929726571E+01 -0.135410720222340E+02 -0.659966705926040E+01
% -0.842451233670784E+01  0.887469417962733E+01 -0.129183235010131E+01
% -0.157643839447435E+02  0.590663999595612E+01 -0.133758890093909E+02
% -0.338574939789627E+01  0.897354007639465E+01 -0.305492464275343E+01
%  0.461734827481066E+00  0.139643667674075E+01 -0.248394475076810E+01
%  0.777993851216391E+01  0.890285773167520E+01 -0.110547807906515E+02
% -0.118762917036716E+02  0.160139337805796E+02  0.274964114015156E+01
%  0.116867334331719E+02 -0.644135910621767E-01  0.540484345863730E+01
% -0.260091534286885E+01  0.630844646267921E+01  0.534843690491185E+01
% -0.170830167221576E+01  0.889202917258709E+00 -0.460303238649692E+01
% -0.352855617719601E+02  0.206411641081344E+02 -0.539639660501455E+02
%  0.757044500977706E+02  0.699439034502292E+01 -0.677909167147766E+02
%  0.207520370086945E+02  0.237776332314036E+02 -0.109883689804410E+02
% -0.118065266587197E+02  0.292287558482878E+01 -0.551244349721574E+01
% -0.161042195234710E+02  0.158373607974254E+02 -0.989091991604807E+01
%  0.510415592629787E+02  0.236450604756566E+02  0.113270009781383E+02
% -0.243519072880064E+00  0.220301988263712E+01  0.140590302214625E+01
% -0.219572824782649E+01 -0.127501748323730E+02  0.727325559620738E+01
% -0.137586875005599E+01  0.198036293566244E+01  0.424150127826920E+01
%  0.459438098687812E+01  0.187320156513315E+02  0.538415167495607E+00
%  0.120462554961387E+02 -0.104867893021168E+02 -0.139735156489071E+02
% -0.294430885130342E+02 -0.810005536940377E+02 -0.769265522781369E+02
% -0.629423193852767E+01 -0.573045131979681E+01 -0.458096952448234E+01
% -0.857589277545694E+01 -0.247432808226941E+02 -0.120479422165045E+02
% -0.369770327685357E+02  0.205555038695063E+02  0.122847607875592E+02
% -0.284225716612201E+02  0.151663987301456E+01 -0.635492070166227E+01
%  0.121639154561903E+02  0.978742862158365E+01  0.326351095661970E+01
%  0.299242630916398E+01  0.216458494148074E+01  0.102805460610916E+02
%  0.230726295247526E+02 -0.966568813192930E+00  0.443546094031676E+02
% -0.628571035670441E+00 -0.102342803180529E+01  0.104443683386485E+01
% -0.557490119164192E+01 -0.174630872457119E+01  0.202437904956942E+00
%  0.113882326759691E+01  0.125346801586708E+02 -0.167709590469137E+02
%  0.996985768771225E+00 -0.784113668907203E+00 -0.404762048707148E+01
% -0.124104529046946E+02 -0.623295263852732E+01  0.300505881679693E+02
%  0.108384144097703E+02 -0.297169325481542E+02  0.386583090065449E+01
%  0.305583562398311E+02 -0.116496533707473E+03 -0.709278865197278E+02
%  0.339172465088050E+00  0.158156586488412E+01 -0.721887435466909E+00
%  0.110990353217487E+02 -0.279095786938433E+02  0.750360535309988E+01
% -0.255006623356584E+02 -0.478259552610082E+02 -0.102175381387610E+03
% -0.140095159853044E+02 -0.255300077959229E+02 -0.244566827042273E+02
%  0.615493883774367E+02 -0.895988153842269E+02 -0.565968699901794E+02
% -0.227221919533344E+02  0.947152141793659E+01  0.105173831119998E+02
%  0.287373543351984E+02  0.178028093641054E+01  0.128188295597563E+02
%  0.620304632452228E+00  0.190128742231713E+01 -0.161690650226658E+01
%  0.389630049297957E+01  0.555543317394766E+01 -0.140070395815168E+01
% -0.484581191766747E+02 -0.222908350314967E+02 -0.301199634973657E+01
%  0.554268368532149E+02 -0.112241891168948E+02 -0.124702730305994E+02
%  0.251275853883100E+02 -0.161561557576904E+02  0.321040022167481E+01
%  0.501771886702715E+02  0.211000996653579E+01  0.463137234758170E+02
%  0.384841602329731E+00 -0.305852581452004E+01  0.214254315888090E+02
% -0.178836008883525E+02  0.874866549451538E+01  0.279317726567949E+02
%  0.108531483338436E+01 -0.377446019171006E+01  0.591557171832192E+01
% -0.338451516998946E+02  0.363772095310660E+01  0.233837655102803E+00
%  0.175122475827947E+02 -0.876023603479279E+01 -0.432461265822941E+01
%  0.256039980149651E+01 -0.614112465035058E+01 -0.121337124286078E+02
% -0.577053369293064E+02  0.146718310804764E+02  0.142418300193008E+02
%  0.379742517010009E+02  0.479572465192364E+02  0.103853423286140E+03
%  0.456668589001167E+02 -0.387677235979410E+02  0.519192966599620E+02
%  0.935364774352742E+00 -0.443667748721324E+01  0.133106026174445E+01
% -0.231936063018195E+00  0.398962402485778E+01 -0.382797136486303E+01
% -0.145669951505020E+02  0.488189316998043E+01  0.136535654693090E+02
% -0.103289627083054E+02  0.250551288025020E+01 -0.496460572433292E+00
%  0.108192108208446E+02  0.334841892002170E+02 -0.315840027421702E+02
% -0.232007780200732E+01 -0.210600674702893E+01  0.431440057425967E+01
% -0.103287050765603E+03  0.675561117524204E+02  0.604855621507824E+02
%  0.375774315071228E+01  0.868723595039563E+01  0.102112153123671E+02
%  0.149399462707165E+01 -0.129874255906343E+01 -0.129422964803928E+02
%  0.511455983225876E+01 -0.895460969810509E+01  0.290696261861725E+02
% -0.778539195723524E+01 -0.102898723390344E+02  0.470779741178967E+01
%  0.116919367730518E+02 -0.816401987907708E+00  0.646892235057496E+01
% -0.302063614883000E+02  0.980040261824736E+01 -0.111767240250771E+01
%  0.135870432527960E+02 -0.968631157825426E+01 -0.895334186119529E+01
% -0.110964615930556E+02  0.248920874583358E+01  0.349164216238445E+01
% -0.204438120659481E+01  0.796447840240797E+01  0.157441463018455E+02
%  0.249148416665754E+02  0.986532527163528E+01 -0.455468772648524E+01
% -0.119807355243474E+02 -0.138580241180809E+02  0.382681670275035E+01
%  0.476169500683743E+01  0.384379210733703E+01 -0.940413286577200E+01
% -0.276966983492092E+02  0.113789801244632E+02 -0.671674487133851E+01
% -0.292045042491342E+02 -0.311420968949935E+01 -0.360824938370346E+02
%  0.703903854155570E+01 -0.432713598999096E+01 -0.269508749415166E+01
%  0.346387866793969E+02  0.541705695126686E+02  0.207864907622526E+02
% -0.852615116169649E+01 -0.953018112758992E+01 -0.230040092477106E+02
% -0.113707492693563E+02 -0.125415997085829E+02  0.115427162217811E+01
% -0.503232091117956E+02 -0.370229694675910E+02 -0.427448796429395E+01
% -0.425579854121714E+00 -0.372282286945325E+01  0.381835892206169E+01
%  0.544843857207353E+01  0.238880565746294E+01  0.873391748854978E+00
%  0.128747462645412E+02 -0.128083882832888E+02  0.103205194837252E+02
%  0.108626791614219E+02  0.273929387642689E+02 -0.353783955739105E+00
%  0.953002904286259E+00 -0.282466242783572E+01  0.398935859963416E-01
%  0.166902555120205E+02 -0.207282675866776E+01 -0.440079714191241E+01
%  0.279004501217590E+02  0.536036638415241E+02 -0.331823950339252E+02
%  0.303178291756807E+01  0.160076843183593E+00 -0.167623046720828E+01
%  0.753642180280787E+02  0.755631078386970E+01  0.211397322133095E+02
% -0.330382922535080E+01 -0.143153078284652E+01  0.612985829147256E+01
%  0.201340415376159E+02  0.614322415483267E+02 -0.609013017398811E+02
% -0.579167835682065E+01 -0.649091451221627E+01 -0.107528132157206E+02
% -0.332207949901093E+02 -0.183742651398905E+02  0.282984898116844E+02
%  0.909755492739254E+01 -0.166854382304638E+01  0.376557523735506E+01
%  0.828925228128675E+02  0.881438858395062E+02  0.146381292415694E+02
% -0.220698932472352E+02 -0.106687226024993E+02  0.779775328571324E+01
%  0.158314488003367E+02 -0.544105471750674E+02 -0.138229520579580E+02
%  0.215056072637385E+01 -0.714854455226029E+01 -0.140292189912466E+01
%  0.157621983376983E+02 -0.393556434714046E+01  0.208383691017677E+01
%  0.603373822360666E+00 -0.108186407927524E+02  0.150183467011130E+01
%  0.412751006332298E+02 -0.676826074607911E+01 -0.242545428331499E+01
%  0.606315263194271E+01  0.927302707776858E+01 -0.381444238976901E+01
% -0.175655298032489E+02 -0.299988033092630E+02  0.263381114230828E+02
% -0.102651992622143E+02  0.807809146352408E+01 -0.192670311076524E+01
%  0.969646354759250E+01  0.426215375017918E+01 -0.199639153550857E+02
% -0.280213774433827E+02  0.119474064157466E+01  0.719147690828018E+01
% -0.151283908429656E+02 -0.295385427577138E+02 -0.262293009205580E+01
% -0.143747616863781E+02 -0.161575063363053E+01 -0.192121370102801E+02
% -0.317194388463446E+02  0.172179990125806E+02  0.602599552038769E+02
%  0.288083521929782E+01  0.103568576199226E+02 -0.121159041785701E+01
% -0.236621463362222E+02  0.533229491535737E+01 -0.330663558244200E+02
% -0.833694272936662E+01  0.322354498039197E+01 -0.786829504314963E+01
%  0.354457986219545E+02  0.117885531513926E+02  0.151951101389880E+02
% -0.571869715759644E+01 -0.128148424561002E+02  0.618542033487204E+01
%  0.238923514374199E+02 -0.669044368499509E+01 -0.976475748066951E+00
% -0.188534439638275E+02 -0.635538911718633E+01 -0.711206510854423E+00
%  0.158224880484777E+01 -0.110377611723098E+02  0.226480662914992E+01
%  0.356301772249250E+01 -0.467542204297921E+01  0.411851952134753E+01
% -0.588909233171898E+01  0.101125262507179E+02  0.906957942271089E+00
%  0.258362239636160E+01 -0.160774158726836E+00  0.431241071158301E+01
% -0.175549190183476E+01  0.132392659087296E+01 -0.233109196663655E+01
%  0.418958802214103E+01 -0.136472459782741E+02 -0.477738818327037E+01
% -0.107283692835379E+02  0.290450713606236E+02  0.163704331944066E+02
% -0.123386554608014E+02 -0.703413337063744E+01  0.349124069001120E+01
%  0.113924162080040E+02  0.275567058913030E+01  0.114293337486803E+02
% -0.211769664291719E+02  0.134830843219618E+02 -0.250314626266591E+02
% -0.506515675003092E+02  0.636592183862160E+01 -0.426299139526397E+02
%  0.114317559601304E+02  0.287293794361894E+02  0.200502100976051E+02
%  0.700359054185241E+01  0.199978136934658E+02 -0.262699016320810E+02
% -0.906961631105138E+01 -0.244794578361289E+02  0.983124641152632E+01
% -0.228356436867988E+01 -0.159420005607945E+01 -0.255096555907493E+02
% -0.106960604777688E+02  0.484296397612130E+01 -0.243862718356625E+01
% -0.549825333200178E+01 -0.838309611779747E+01 -0.248182985705187E+01
%  0.778048158414935E+00 -0.150827435431451E+02  0.192641115254637E+02
% -0.148931287394549E+02 -0.340232947347157E+02  0.125522922598606E+02
% -0.835494801919110E+01  0.773491404014816E+00 -0.516038124536286E+01
% -0.277546383839485E+02 -0.658107389099546E+02  0.242240562225989E+02
%  0.359844681998840E+01 -0.339206023884896E+01 -0.782370086780629E+01
% -0.814406342246617E+01 -0.489225223959790E+02  0.243913646184127E+02
% -0.139900271554000E+02  0.600605375524563E+01  0.179425698099175E+01
% -0.320953609367119E+01  0.288689921193033E+02  0.111161807704212E+01
%  0.982910159367002E+01  0.103778399026408E+02  0.334474773950939E+01
%  0.215389677602966E+02 -0.515426410350085E+01  0.123652517086557E+02
% -0.147027762665624E+02 -0.220501305437198E+02 -0.493995479977370E+02
%  0.905479314580885E+01 -0.180793516386658E+02 -0.209186804369319E+02
%  0.175107617853512E+02  0.221498525937780E+01 -0.190741879572587E+01
%  0.155008896707251E+01  0.493788187198882E+00 -0.702940194771432E+01
% -0.856036944029060E+01 -0.100637225703511E+01 -0.176901013992121E+02
% -0.767188156609080E+01 -0.140290870751695E+01  0.340666277640357E+01
%  0.321976102979107E+00 -0.111909143308482E+02 -0.102558717963292E+02
%  0.180635240367404E+02 -0.294245406520311E+02  0.117506378046545E+01
% -0.520492140447821E+01  0.208376453607412E+02  0.651191321400702E+01
%  0.860478951364060E+01 -0.117756508355470E+02  0.103620849315198E+02
%  0.793927278353530E+01 -0.385582333262079E+02  0.164613882250608E+02
%  0.523331508788981E+02  0.319120402549599E+02 -0.214614688474496E+02
% -0.471283179962649E+01  0.123942501222373E+01  0.710759931041614E+01
%  0.303820710079949E+01  0.574125948535536E+01  0.547689338013648E+00
% -0.931844468323666E+01  0.106912205173527E+02  0.165376705389206E+01
% -0.106145789178637E+03 -0.595815890260391E+02  0.436235062881098E+02
%  0.255442523004822E+02  0.243744607056503E+02 -0.175092686766920E+01
% -0.749996350030272E+01 -0.126775300145974E+02 -0.190600066761116E+02
% -0.113792358385868E+02 -0.784787768347452E+01 -0.298969166441246E+02
%  0.110091350038601E+02  0.193186105903543E+02 -0.194868685164711E+02
%  0.122128513112749E+02  0.656141024669268E+01 -0.520151264088633E+01
%  0.584241542741755E+01  0.143099733620195E+02  0.871440092130034E+01
% -0.789064734627558E+01  0.422222760338520E+02  0.769504766194455E+01
%  0.339112814690118E+02 -0.822829674042285E+01  0.184950275676438E+02
% -0.176046881949713E+02  0.928435454535927E+01  0.621481296817977E+01
% -0.845333180744341E+01 -0.214751845585182E+01  0.206820756960893E+02
%  0.420007306630625E+01  0.748581310410606E+01 -0.140089777044169E+02
% -0.815238021007569E+01  0.316874109073798E+02 -0.100707804870459E+02
% -0.668213130474455E+02  0.333735086945878E+02  0.516321132316215E+02
%  0.135464107142862E+02  0.139298935026296E+02  0.573709303301532E+01
%  0.951622063132295E+00  0.357625108850724E+01 -0.125107898467351E+02
% -0.843485232578444E+01 -0.175540183827631E+01  0.135123854356804E+02
% -0.137768692094405E+01 -0.181552597380211E+02 -0.234141612270712E+02
%  0.522567358180217E+00 -0.244766496380235E+02  0.398442791470330E+01
% -0.345546060597959E+02  0.319757923887968E+02 -0.246584490755941E+02
% -0.884228986483917E+01 -0.462576952368670E+01  0.475342070561296E+01
%  0.176922993968614E+01 -0.567606376346840E+02  0.464508616992287E+01
% -0.201317860894258E+01 -0.144091968849452E+02  0.514232070069968E+01
%  0.468380970546482E+01 -0.114599460382079E+02 -0.123153361625232E+02
%  0.792980932997439E+00 -0.579723638605603E+01  0.191070531895823E+02
%  0.277759537384679E+01 -0.129585658600461E+02  0.218391409237444E+00
% -0.433725400477121E+01  0.155591544293347E+01 -0.394032614589228E+01
% -0.489104962675875E+01 -0.219421417259136E+02  0.123300433010213E+02
%  0.161361773534084E+02 -0.205248237989526E+02  0.144780601810811E+01
% -0.368229490226797E+02 -0.138311804011118E+02  0.925545594490171E+00
% -0.852858196107443E+02  0.140294538003296E+03  0.914041074101386E+02
% -0.136939789157189E+02  0.443782276317045E+02  0.357663434514205E+02
% -0.209326196781496E+02  0.351682320769912E+02 -0.177505632199661E+02
%  0.652647895621615E+00  0.478526509517071E+01  0.135503079531432E+02
%  0.711677216700587E+01  0.337685159056271E+01 -0.402287375350547E+02
% -0.424123261361859E+02  0.120909079452438E+02  0.250896926084911E+02
% -0.362988701119266E+01 -0.643587547884307E+01  0.557936487679564E+01
%  0.460192288118298E+01  0.115783319438090E+02 -0.967599107727905E+01
% -0.622905755366218E+01 -0.901218645437326E+00  0.296389427456103E+02
%  0.216053231732442E+01  0.548366210797566E+01 -0.337798864977375E+02
%  0.262976079994323E+00 -0.174768856526495E+02 -0.130127645801316E+01
% -0.279195167396666E+02 -0.153754307647482E+02  0.468683567139779E+00
% -0.151244302973475E+02 -0.551776240892881E+01  0.612983922960475E+01
%  0.456701757105464E+02 -0.140912952290803E+01 -0.895004415459199E+01
%  0.127108564703830E+02  0.997118674792865E+02  0.546722239317334E+02
% -0.104617546188698E+02 -0.224325335426414E+01  0.263759548725116E+01
% -0.229088446611397E+02 -0.332869675387223E+01  0.320379476841757E+02
% -0.410772387539001E+02 -0.394405395930619E+02  0.389867131078806E+02
%  0.888630839365165E+02 -0.750449727728662E+02 -0.629852219251600E+02
%  0.110269471288376E+01  0.622941527453449E+01  0.126688293155944E+01
%  0.263795782124414E+01 -0.513625185426002E+01  0.140516928774074E+01
%  0.389228378926756E+00  0.354271320521619E+01  0.554170463735269E+00
%  0.135394249612201E+02 -0.145561152715118E+02 -0.150965123213634E+02
%  0.218674703341807E+01  0.471659518308369E+01 -0.326509142711553E+02
% -0.105033193500215E+02  0.261443943904508E+02 -0.651919069038013E+01
%  0.117261809447377E+02  0.376895919646692E+01 -0.289845009003345E+02
% -0.571087911395463E-01  0.347195294087994E+01  0.686794375596542E+01
%  0.458601410607592E+01  0.463904818777239E+02 -0.663606187693017E+01
% -0.554434365752964E+00 -0.126631240954431E+00 -0.274740362470834E+01
%  0.688415587936534E+01  0.677818006474687E+01 -0.886098445879065E+01
%  0.293760024660522E+02 -0.298920171118694E+02  0.182889316821995E+02
%  0.278500619954677E+02  0.646540426984743E+01 -0.310725075137006E+02
% -0.928516727796134E+01 -0.576746379561932E+01 -0.460661873303814E+01
%  0.226444944802577E+02 -0.194610692996541E+02 -0.501979013829451E+02
%  0.940375859232006E+01  0.218689240668393E+01  0.660402900359499E+01
% -0.315107336945478E+01 -0.587717350003307E+01  0.881640039262385E+01
% -0.652041462981936E+00  0.316289038250152E+02 -0.286595859596974E+02
% -0.349135974151611E+02 -0.601774707526010E+02  0.205386270739529E+02
%  0.112185836523481E+02 -0.423255296194401E+01  0.542912976318842E+01
%  0.103574652431794E+02 -0.136958727686933E+02 -0.134463320125370E+01
%  0.399915420126158E+01  0.526948293731245E+01 -0.516739755262505E+01
% -0.921238882177214E+02 -0.660128019226052E+02  0.258602152361069E+02
% -0.212356034180226E+02 -0.776455444207881E+01  0.252865029466253E+02
%  0.378582386673513E+01  0.251359657274138E+01 -0.174833693417998E+01
