% T    256  0.715122828077254E+01  0.715122828077254E+01  0.715122828077254E+01
  -0.138763481694091E+01  0.108710688070005E+01  0.123231682482217E+01
   0.344030752270608E+01  0.196849441145587E+01  0.131758357285227E+00
   0.197070302719423E+01  0.284064471722191E+01  0.177584996106442E+01
  -0.136319581776085E+00  0.338201023939589E+01  0.254435440846057E+01
   0.208115808229890E+01 -0.354259904954659E+01  0.306230222363292E+01
  -0.151404575035913E+01 -0.544210582426868E+00 -0.270033883327681E+01
   0.213046578815630E+01 -0.498728826811077E+00 -0.277909179340499E+01
   0.249200560489551E+01  0.302874388388178E+01  0.462549616167662E+00
   0.180835734187696E+01 -0.131952239438683E+01 -0.319280766566779E+01
   0.268742233178063E+01 -0.886713782722108E+00  0.168803919446966E+01
  -0.548024934016896E-02 -0.338592231144158E+00 -0.199695354963980E+01
   0.278671111492276E+01 -0.221529132483281E+01  0.168965995955617E+01
   0.297316023951510E+01 -0.789923273680831E+00 -0.353186025546584E+01
   0.138535615511552E+01  0.122600460020466E+01  0.688315792847959E+00
  -0.303230332270611E+01 -0.299185813165144E+01  0.626141619666157E+00
   0.966702371492365E+00 -0.176838252003852E+01 -0.287688374216160E+01
  -0.384438991680674E+00 -0.130273068606475E+01  0.160468039454286E+01
  -0.166307105651341E+01 -0.276905294280862E+01  0.875755124353578E+00
   0.159150570108521E+01 -0.118747219203958E+01  0.196481474072794E+01
  -0.137053626890874E+01  0.249232677893562E+01 -0.357459734099869E+01
  -0.969408590000396E+00  0.191901930118101E-01 -0.158018855785186E+01
  -0.945064009865127E+00  0.311625522430510E+01  0.782554464376090E-02
  -0.748591679738259E+00  0.702665594466291E+00  0.218913191251217E+01
   0.119446730438019E+00  0.144275065510368E+00 -0.872127543580170E+00
  -0.142538304978491E+01  0.452901840163048E+00 -0.354077794829923E+01
  -0.509264100739267E+00  0.351327767268910E+01 -0.241951881124007E+01
   0.152556278765798E+01  0.310332081545801E+01 -0.169902434242030E+01
  -0.148601134070186E+01  0.106644454317375E+01  0.283813398013835E+01
   0.297079818860060E+01 -0.213817185382640E+01 -0.315657894223992E+01
  -0.173711243698439E+01 -0.139362031983801E+01 -0.339843370735777E+01
  -0.105087393686001E+01 -0.249155798189341E+00  0.271070064742219E+01
  -0.164948598030017E+01 -0.328995501362650E+01 -0.119941604780915E+00
   0.223547845081907E+01 -0.139328696509801E+01 -0.872935842457978E+00
  -0.192023399039835E+01  0.239078355705896E+00  0.250584266086997E+01
   0.415918453446192E+00 -0.281090586737384E+01  0.221915019831160E+01
  -0.541130330635599E+00  0.178830951243238E+01 -0.344291397954508E+01
   0.243385353843895E+01  0.278155050478074E+01 -0.181845456902832E+01
   0.203533512345690E+01  0.993724502102149E+00 -0.135969347983421E+01
  -0.127119777040369E+01 -0.233583037817051E+01  0.164008666021247E+01
  -0.328769080481865E+01 -0.428412953389230E+00  0.106703026817349E+00
  -0.299670404655612E+01 -0.123076644224485E+01  0.182233954413211E+01
  -0.329385631118526E+01  0.213972276703489E+01 -0.280691404040610E+01
   0.138035617588653E+01  0.110469301300952E+01 -0.308350090310838E+01
  -0.271334294973263E+01  0.156989825927128E+01 -0.340014343170977E+01
  -0.362004256058056E+00 -0.459040838942637E+00  0.210499309475658E+01
  -0.324537631005713E+01 -0.455112433732467E+00 -0.314090116340912E+01
   0.306630061610053E+01 -0.146276486595164E+01 -0.348691377373801E+00
  -0.158966203178520E+01  0.110823358143582E+01 -0.191785062440702E+01
   0.238873369305207E+01  0.269177484351674E+01  0.343184028190625E+01
   0.655384020945386E+00  0.412601478485607E+00  0.136595205612658E+01
   0.349688607496454E+01  0.305850254494637E+01  0.188569663730832E+01
  -0.121712236241240E+01 -0.151709775262926E+01  0.784446388198645E+00
  -0.280880209972474E+01  0.182674155854560E+01 -0.426333507824906E+00
   0.284594691764755E+01 -0.159932482937301E+01  0.320315510610164E+01
   0.307328095650420E+01  0.103815776005199E+01  0.166307619958016E+01
  -0.257810543891781E+01  0.104714586290826E+01  0.783098905124510E+00
  -0.342959547945227E+01  0.610064026871225E+00  0.366802489301757E+00
   0.696839830914786E+00  0.302673704278724E+01 -0.501101241301208E+00
   0.890960366733835E+00  0.161034594133089E+01 -0.233340650618985E+01
   0.608953319321073E+00 -0.210475569159423E+01 -0.164353960751859E+01
  -0.294181807182273E+01 -0.250048919967765E+01 -0.156810892597064E+01
   0.667727657735664E+00  0.688165804853046E+00 -0.148465396500800E+01
   0.324734992991190E+01 -0.217805987785008E+01  0.593034558973650E+00
  -0.821419940471342E+00  0.956015239147843E-01 -0.207661631258474E+00
  -0.195550438039277E+01 -0.211024358014353E+01 -0.154832591639964E+01
  -0.274211607771305E+01 -0.182630724613221E+01  0.273159509395491E+01
   0.439434836332780E+00  0.339939574979374E+01  0.341642840605342E+01
  -0.259223866673353E+01  0.261882825478529E+01 -0.333991327989643E+01
  -0.408901888748863E+00  0.928307892664790E+00 -0.162751928891341E+01
   0.156669305457387E+01 -0.286321796989480E-01  0.189978459583132E+01
  -0.119090289222359E+01  0.104454870950471E+01 -0.915499881463722E+00
  -0.223856935323816E+01  0.248022078164436E+01  0.555452488577925E+00
  -0.350597057500955E+01  0.109882515877534E+01 -0.740362390326905E+00
  -0.216380565003522E+01  0.337544763498186E+01 -0.963483579137435E+00
  -0.804339555865053E+00 -0.235469864672767E+01  0.952670105941771E-01
  -0.513620817416238E+00 -0.174147144982485E+01 -0.277453510993514E+01
  -0.314263386467091E+01 -0.257022486405839E+01  0.175585904851409E+01
   0.802640128734126E+00 -0.157271456203355E+01  0.946167920515126E+00
   0.303379854190373E+01  0.356090735336249E+01  0.331593814096742E+01
  -0.177483308875949E+01  0.181335546020176E+01  0.229787992164516E+01
   0.231757832635958E+01  0.177688629036408E+01  0.198008606433940E+01
   0.864237701829460E+00  0.268079350709146E+01 -0.261402552649820E+01
   0.109796951599379E+01 -0.293479488777191E+01  0.322632772266608E+01
   0.460536917469649E+00  0.246724186167931E+01  0.257625529995975E+01
  -0.294270571798346E+01  0.524105079190933E+00  0.301285666793317E+01
  -0.307807544199568E+01 -0.135213308161336E+01  0.828435122419756E+00
   0.252447166376745E+01  0.156803840601377E+01  0.286736612340098E+01
   0.349275918527497E+01 -0.269580821504955E+01  0.342387542687354E+01
   0.377926257847921E+00  0.203509516460686E+01  0.118399640634871E-01
  -0.320179220398778E+01  0.185848556666413E+00  0.138043497740478E+01
   0.187449728456228E+01 -0.655269339447764E+00  0.105873845373725E+01
   0.349163620415923E+01 -0.927140201978536E+00  0.274971482493330E+01
   0.201241044734978E+01 -0.166131593919873E+01  0.100593251016868E+01
   0.101182741289081E+01  0.174652881615771E+01 -0.119132347957095E+01
   0.293107913116728E+01  0.110112340733320E+01 -0.226258671020745E+01
  -0.345753004275765E+00 -0.109505682819204E+01  0.555175361578658E+00
   0.110388133066842E+01  0.285191420117125E+01  0.728324143962323E+00
  -0.265396949608467E+01 -0.268774425604210E+01 -0.590510366400163E+00
  -0.769601461953257E-01 -0.151274967302886E+01  0.352726986241140E+01
   0.337930057126072E+01 -0.238397351238194E+01 -0.205226394654833E+01
   0.310393345818600E+01  0.168139534822333E+01 -0.335458358307023E+01
   0.186755758917846E+00 -0.302655143226348E+00  0.205099457435370E-01
   0.277702667283586E+00 -0.352754381923483E+01  0.133820684330433E+01
  -0.777257627799919E+00  0.358240714900115E+00 -0.250463644165241E+01
   0.317144589930493E+01 -0.327215040435171E+00  0.101784545828336E+01
   0.327377543472159E+01  0.212951159896703E+01  0.262187806689423E+01
  -0.223937286603111E+01 -0.191962728151356E+01  0.747984989199285E+00
   0.318530049418244E+01  0.284557465389902E+01 -0.289254864553329E+01
  -0.282020208996834E+01  0.333865158244213E+01  0.233071542710162E+01
   0.233635415275654E+01 -0.213919759976734E+01  0.259997949429770E+01
  -0.310394470840693E+01  0.358421038665582E+01 -0.246526996317463E+01
   0.298941894702169E+01 -0.328825832444585E+01  0.141164516143278E+01
  -0.616531378113511E+00  0.200945183691000E+01  0.495789950302215E+00
  -0.352270761446009E+01 -0.163173382199022E+01 -0.125153686512056E+01
  -0.171650213944160E+00 -0.212293955883244E+01  0.883731786767606E+00
  -0.703974753475146E+00  0.167461689673557E+01  0.177289038457655E+01
   0.290360095763888E+00 -0.245406870058600E+01  0.329904928343969E+01
  -0.182319501938598E+01 -0.115359651309086E+01 -0.143584277595349E+00
   0.147995116562562E+01 -0.177082832175832E+01 -0.598787699094777E-01
   0.151475887453358E+01 -0.322800018167593E+01 -0.252600178608310E+01
   0.306838739033989E+01 -0.303378465337587E+01  0.238103116457747E+00
   0.214778491831874E+01  0.172555624122666E+01 -0.246426582528640E+01
   0.313553237079341E+01 -0.247992980836354E+01 -0.836734899721665E+00
   0.339538064391978E+01 -0.216628401102857E+01  0.243749832876102E+01
  -0.167182909086002E+01 -0.642215900475906E+00 -0.119156961156797E+01
  -0.308727985427626E+01 -0.240619405244306E+00  0.240034437434461E+01
  -0.257585056019517E+01  0.211888781979682E+01 -0.136528377961353E+01
  -0.150982079689083E+01  0.340157877918185E+00  0.601979034311124E+00
  -0.116855454008489E+01 -0.657616422621238E-01  0.164238406235112E+01
  -0.125928189749515E+01 -0.272573423938866E+01 -0.103181394553590E+01
  -0.213563504427758E+01 -0.193195792063988E+01  0.193159396093383E+01
  -0.253254279712267E+01 -0.110703885670865E+01 -0.116828023337092E+01
   0.236769211225673E+01 -0.310576213834279E+01 -0.183190030016850E+01
  -0.584248909416452E+00 -0.845853500142350E+00 -0.845592710074097E+00
  -0.545197359476341E+00  0.134638476138012E+01 -0.245709143171356E+01
   0.204268373065411E+01  0.197871910563130E+01 -0.895762469466482E+00
  -0.569919501462634E+00  0.191987475079568E+01 -0.142879136050543E+01
   0.466104133945038E+00 -0.282261376180680E+01 -0.249843971959717E+01
   0.105702434122523E+01 -0.967609705678692E+00 -0.491348657747204E+00
   0.200654110234873E+01  0.482545884935845E+00  0.282532070569578E+01
  -0.110750443902281E+01  0.213122360172900E+01 -0.229047058201774E+01
   0.309307835293116E+01  0.198526924854046E+01 -0.118973500502017E+01
   0.293936227057397E+01  0.895475639746686E-01 -0.349628486988557E+01
  -0.486314693306086E+00 -0.266139009780080E+01  0.286796934365990E+01
  -0.237067739491296E+01 -0.285053775276549E+00 -0.711574892262161E+00
   0.114867024856968E+01 -0.263127554967689E+01 -0.664784543311655E+00
   0.107895989246754E+01 -0.193206216664903E+01  0.257477368705292E+01
   0.105532446556428E+01  0.108190157764611E+01  0.293351036787956E+01
   0.318772329332335E+00  0.241629310875415E+01  0.144573250558456E+01
   0.249140979300498E+01 -0.171432066191520E+01 -0.231246518249915E+01
   0.268010888974067E+01 -0.308635679162954E+01  0.238109143084002E+01
  -0.770847286617818E+00  0.258497614745560E+01  0.140684945647749E+01
   0.692732159628936E+00 -0.519098694576528E+00  0.999455059044920E+00
   0.181708272581600E+01  0.209870803532808E+01  0.105217092199214E+01
   0.230174815296584E+01  0.186043204331102E+01  0.817614790157698E-01
   0.261588764003973E+01  0.281484583814864E+01 -0.779624168763236E+00
   0.169537091614995E+01  0.102008360232850E+01 -0.399352156348033E+00
   0.145036424463572E+01  0.414058601754163E-01  0.298925813410135E+00
   0.126041534674943E+01 -0.878513498400440E+00 -0.234661068968576E+01
  -0.343195832068549E+01  0.286379408114689E+01  0.303773862652387E+01
  -0.104640187687730E+01 -0.151441308476983E+01  0.291507467882291E+01
   0.319331696742067E+01 -0.852091393953179E+00 -0.256599740641377E+01
   0.691828932141641E+00 -0.272981425757187E+01  0.824369572891928E+00
  -0.262541780339951E+01 -0.341361003550766E+01  0.345366394150506E+01
   0.536235051063933E+00  0.498767744661426E+00 -0.246934505171626E+01
  -0.560131403204105E+00 -0.321473025539258E+01  0.186819340924499E+01
   0.195762236625925E+01  0.303917356813182E+01 -0.262177198704066E+01
   0.582902495053609E-01  0.281181379818359E+01  0.472721353838969E+00
  -0.536420515184820E-01 -0.297687825729376E+01 -0.164260043102758E+01
   0.203328241802977E+01 -0.625475612697453E+00  0.303674245929787E+01
   0.253266698615086E+01 -0.101959168849202E+01  0.488891858201552E+00
  -0.289012026544310E+01 -0.147618332655800E+01 -0.340884981287118E+01
  -0.284258109293610E+01 -0.200046027807814E+01 -0.254206274672526E+01
  -0.842165499466108E+00 -0.723501654747477E+00 -0.330653817904597E+01
   0.145199605665529E+01  0.110714243580658E+01  0.176664647921383E+01
   0.141339282373982E+01  0.233265971634450E+01  0.343993866184695E+01
  -0.270484930563126E+00 -0.311030672423629E+01 -0.332671121035931E+01
  -0.256411386106823E+00  0.271566074282178E+00  0.292140311796487E+01
  -0.785872832065049E+00  0.194531008790926E+01  0.275138343001608E+01
  -0.138622278435461E+01 -0.270245875015117E+01 -0.217770465210472E+01
  -0.208898475995300E+01 -0.256546803215910E+01  0.303904264914233E+01
   0.126433991433009E+01  0.234885396401682E+01 -0.156330115218008E+00
  -0.217573295977897E+01  0.221042519574509E+00  0.153649743656672E+01
  -0.316628069706141E+01  0.131220239222209E+01 -0.187859885631559E+01
   0.156596574277987E+01 -0.244552805746471E+01  0.199966511318595E+01
   0.121932158311466E+01 -0.159820379083127E+00 -0.316644203054858E+01
  -0.240035458273652E+01  0.857472640279814E+00 -0.257856355287582E+01
   0.847588040788401E-01  0.217403746106587E+01 -0.219405565892951E+01
   0.743307855820409E+00 -0.335649667945310E+01 -0.119947060246743E+01
  -0.171301045410896E+01  0.156265414929668E+01 -0.328569529041569E+01
  -0.339788022786050E+01  0.284331193030254E+01 -0.109923464001294E+00
  -0.225176825991420E+01  0.192747377007805E+00 -0.174284974632561E+01
   0.537743130269604E+00 -0.192944619719502E+00  0.221348129427706E+01
   0.287062281113742E+01 -0.222523011611245E+00 -0.186068904422298E+00
  -0.352852548059818E+01 -0.328518165748549E+01 -0.158678873706835E+01
   0.189924165153586E+01 -0.227389638856607E+01 -0.144130968098832E+01
  -0.964157603499039E+00  0.247596830738964E+01 -0.751562348349319E+00
  -0.648974693620472E+00 -0.327086528424533E+01  0.527649870038484E+00
  -0.146736821292149E+01 -0.108771756184651E+01  0.189593945676411E+01
  -0.302597899714960E+01 -0.955243428243558E+00 -0.215242488996381E+01
   0.875632616882825E+00  0.344523026997209E+01  0.245383401044763E+01
   0.177282739482786E+01 -0.163540015567155E+00 -0.749959806468682E+00
   0.805179318839512E+00 -0.465005673873726E+00 -0.134299463968923E+01
  -0.321153296367164E+01  0.260797997323857E+01  0.883602728040322E+00
  -0.222957822301322E+01 -0.307036978632173E+01 -0.205081872986504E+01
  -0.134539953497935E+01 -0.354027428356705E+01 -0.301769612785347E+01
  -0.158869359264030E+01  0.183140770405535E+01 -0.247417927334236E+00
   0.296556142975280E+01 -0.570161157169023E+00 -0.135885676698377E+01
   0.146305729085495E+01  0.196227423513800E+00 -0.209884994979170E+01
  -0.197174999431505E+01  0.340898492218814E+01  0.998197702040478E+00
  -0.246965044442717E+01  0.262828888472392E+01  0.173911615243184E+01
   0.882320577936717E+00 -0.946936279424764E+00  0.304684559771437E+01
   0.336422881669662E+00 -0.603619275134480E+00 -0.300231431829249E+01
   0.473120818568331E+00  0.890236369513911E+00 -0.235566816398220E+00
  -0.236616721611753E+01  0.282691122250284E+01 -0.220017599307584E+01
   0.301260766991352E+01  0.118007848426155E+00  0.244002312392599E+01
   0.112612038561911E+01 -0.334820562277339E+01  0.276164055775761E+00
  -0.724526271581024E+00 -0.109675611482036E+01 -0.188236061765924E+01
   0.539493606374764E+00  0.183198703221328E+01 -0.322211409260800E+01
  -0.363176043703106E-01  0.281527984806388E+01 -0.315789125755682E+01
  -0.219410980194783E+01 -0.305043823254368E+01  0.188932708357646E+01
   0.202782025932930E+01 -0.524284858771899E+00 -0.175588986844016E+01
   0.151503084559760E+01 -0.344723695896357E+01  0.156329200951902E+01
  -0.775530883642828E+00 -0.188139775228086E+01 -0.110528128724063E+01
   0.349805477799277E+01  0.284904655876027E+01 -0.183314979540335E+01
   0.282734814126356E+01  0.251321515288159E+01  0.130471836093343E+01
   0.325590206377371E+01  0.612038237186573E+00 -0.150595036362274E+01
   0.239531182026101E+01  0.383492244503930E+00  0.119525273674225E+01
   0.211729894625965E+01 -0.285984759759198E+01  0.742007592792792E+00
  -0.247669530599619E+01  0.248580287084035E+01  0.273824254508953E+01
  -0.162872873830611E+01  0.257795083193918E+01 -0.164402560478763E+01
  -0.153861586312535E+01  0.277084545306274E+01  0.229193961657927E+01
  -0.212110534149942E+01  0.190644457369915E+01 -0.249752508042628E+01
  -0.291689820088173E+01  0.351722169459373E+01  0.135598115856346E+01
   0.319649669292958E+00 -0.195947472671429E+01  0.166435519243906E+01
  -0.269658419999416E+00  0.920468430599186E+00  0.901539436472789E+00
  -0.241459599964496E+01  0.111269927154854E+01 -0.124208311031914E+01
  -0.120697267211576E+01 -0.234421045503872E+01 -0.330626293723907E+01
  -0.352166715445016E+01  0.126574015537504E+01  0.266796549308685E+01
  -0.225703543670868E+01  0.720968930380322E+00 -0.210322431077576E+00
   0.545802999169798E+00  0.163470482089612E+01  0.197131594814170E+01
   0.286561971874942E+00 -0.196297861260656E+01 -0.197385393429180E+00
   0.235787563841293E+01 -0.331448012058727E+01 -0.577662279566492E+00
  -0.582304979232346E+00  0.335832516625515E+01 -0.106947737280303E+01
  -0.339648631298889E+01 -0.330628950910571E+01 -0.419783617563586E+00
   0.281165588576414E+01  0.828325472492271E+00  0.370150891586172E+00
   0.188286577648679E+01 -0.239445274555632E+01 -0.313419914757124E+01
  -0.149703925080654E+01 -0.164193174108659E+01 -0.239598653616720E+01
  -0.314134978921830E+01  0.178091960466552E+01  0.167074675366503E+01
   0.112562501999087E+00 -0.298243110036104E+01 -0.609636630618452E+00
   0.326394839354743E+01 -0.307763251942133E+01 -0.286851101859190E+01
  -0.322458972858360E+01  0.265636152978203E-01 -0.164132218517175E+01
  -0.167919935841055E+01 -0.348465610065599E+01  0.305085338693981E+01
   0.524888486196772E-01  0.150283756308501E+01 -0.788577189404457E+00
   0.221480092238057E+01 -0.232165880805327E+01 -0.396371201696872E+00
   0.498896610131370E+00  0.634762365503274E+00 -0.346326180251529E+01
%  0.190920937997856E+01 -0.107403802218764E+01 -0.225236388641899E+01
% -0.663267604588130E+00 -0.552239568396054E+00 -0.507179556830789E+00
%  0.728683730937398E+00  0.276536569247761E+01 -0.661670356318091E+00
%  0.151029394386773E+00 -0.140412551909852E+00  0.486118786141150E+00
%  0.322611318619260E+01 -0.377231954987068E+00  0.114244490341409E+01
% -0.135914746140762E+01 -0.885390794720053E+00 -0.113183404735857E+01
%  0.126362973092083E+01 -0.914517966278693E+00 -0.128063866945665E+01
% -0.881383236730255E-01 -0.184640601478310E+00 -0.886976967934655E+00
%  0.577722348566910E-02 -0.106936637438572E+01 -0.226987511695325E+01
%  0.403741259798135E+00  0.236832332156348E+01 -0.862393100038031E+00
% -0.119232275478653E+01 -0.134686955095701E-01 -0.777316021613867E+00
% -0.905181351805105E+00  0.514466247778796E+00  0.138250460496568E+00
% -0.194692767937678E-01 -0.313790387414429E+00  0.599171844517717E+00
%  0.157187423015312E+00 -0.156430743310714E+01  0.296432701341953E+01
%  0.694469214112126E+00 -0.359314198648978E-01 -0.371220741331587E+00
% -0.226500129135295E+01 -0.123564509144521E+01 -0.117892102298026E+01
%  0.201331104226568E+01  0.251777131109599E+01  0.444587242623814E+00
% -0.873298862595421E+00 -0.113446471425291E+01  0.958405174519848E+00
% -0.444318125183573E+00  0.162890822279650E+01 -0.112656157075274E+01
%  0.648954297288558E+00 -0.424566783530219E+01 -0.189641426096232E+01
%  0.171155039918929E+01 -0.211451681470569E+01  0.110547759109211E+01
%  0.317277933351295E+00  0.770150984252442E-01  0.116972078561218E+01
% -0.112147348706352E+01 -0.879280165625796E+00  0.930467671552172E-01
% -0.127146239585844E+01  0.605319530866991E+00  0.150230813956973E+01
% -0.251406728362641E+01  0.114677539848211E+01  0.673681773284909E-01
% -0.358782514719939E+01 -0.217018024782573E+00  0.156198063567948E+01
% -0.283318471820180E+01 -0.330484895874293E+00  0.970987709641853E-01
%  0.411196373957277E+00  0.244134941055711E+01 -0.158473386416165E+00
%  0.115629366903288E+01  0.305247910651220E+01  0.649731486251280E-01
%  0.128252246617174E+01 -0.139880886005672E+00  0.202804494015508E+01
% -0.134292555316144E+01  0.323374197968583E+00 -0.182832190278798E+01
%  0.210665583217353E-01 -0.126102075964431E+01 -0.136444502396175E+01
%  0.117371874205056E+01 -0.109405642917386E+01 -0.115169033470328E+01
% -0.266259468197552E+01  0.554954792925132E+00  0.143260893467904E+01
%  0.448469422628223E+00  0.335059684134903E+00  0.318020144715676E+01
%  0.830635319402900E+00  0.108695542775968E+01  0.149911237301727E+01
% -0.164352102738154E+01  0.104853524455867E+01 -0.340214476680814E+01
% -0.248838580792496E+01 -0.925220549954721E+00 -0.127855723480584E+01
% -0.130103067995799E+01 -0.546141227923862E+00  0.422470437439369E+00
%  0.254945900290028E+01  0.354536284930106E+00  0.195203925981705E+01
%  0.224110974359391E+01 -0.136350535577400E+01  0.862415643585236E+00
% -0.641494210463152E+00 -0.163070440926868E+00 -0.304071207440295E+00
% -0.262943490597344E+01  0.254482229177707E+01 -0.626294003296932E+00
% -0.496422045391349E+01 -0.205852733803431E+01 -0.391752216806770E+00
% -0.484956816448736E+00  0.138360094930808E+01  0.889110314181931E+00
%  0.424531996535501E+01 -0.141789111550951E+01 -0.100164482205441E+01
% -0.278091532978757E+00  0.277542383847995E+00  0.242985821088923E+01
% -0.375306655692308E+01  0.200171886877006E+01  0.851029577723891E+00
%  0.151759573597114E+01  0.832113977059999E+00 -0.281034509805400E+01
%  0.288712072742619E+00 -0.225746022136363E+01  0.117767156561874E+01
%  0.173018715168752E+01  0.208483780359783E+01 -0.295005255108917E+01
% -0.829244013544261E+00 -0.243093996275084E+01 -0.486572880794403E+00
%  0.176439205936076E+01  0.239843164118274E+01  0.230756616248829E+01
% -0.176122543681001E+01  0.146360100681174E+01 -0.256316834632262E+00
%  0.141737004791221E+01 -0.203622802169765E+01  0.234196344054117E+00
% -0.171652244594881E+00 -0.791653412719325E+00  0.117804084052114E+01
% -0.230970049194128E+01  0.841561286130548E+00 -0.240362848843428E+01
%  0.881607840008657E+00  0.266833700731333E+00 -0.111918806724016E+01
% -0.451971542167104E+00 -0.463233307738865E+00 -0.292896294105296E+01
%  0.186530591417254E+01  0.844865752744985E+00 -0.187980273864132E+01
% -0.525835874413719E+00 -0.754932870884465E+00  0.326225458167078E+01
%  0.118416334693414E+01 -0.704720811052214E+00 -0.144804018478829E+01
%  0.175635815030928E+01 -0.354035907971722E+01 -0.325972298581160E+01
%  0.947993582565029E+00  0.111385925408462E+01  0.284813517352726E+01
% -0.200920265510166E+01 -0.768319416739525E+00  0.205799103701408E+01
% -0.310862564196640E+01  0.222052084974997E+01  0.117291519072821E-01
% -0.919484043075416E+00  0.541807177947898E+00  0.201843513079096E+00
%  0.173207795246262E+01 -0.293128117030817E+00 -0.136477379808741E+01
% -0.909408477362439E-01  0.144961472334912E+01  0.165297241542886E+00
% -0.198690553568012E+01  0.811966676815314E+00  0.108602143355190E+01
% -0.943816643272858E+00 -0.257677888516997E+00 -0.102137555670767E+01
% -0.393784495717039E+00 -0.258860267677681E+01  0.104526370209667E+01
% -0.956197902705584E+00 -0.181978564565512E+01  0.250374901401263E+01
% -0.606482656568491E-01 -0.186188850127787E+00 -0.495698271931113E+00
% -0.662358804479417E+00  0.265856688669582E+00 -0.123314542200176E+01
% -0.199531794537603E+00  0.930191452878565E+00 -0.837775082856775E+00
% -0.155831903596638E+01 -0.219907664139441E+01 -0.255157661112139E+01
% -0.136914183499039E+01 -0.206231564960686E+01 -0.160634961948823E+01
%  0.103542590350217E+01 -0.772003082854384E+00  0.296731254919119E+01
% -0.382428399940203E+00  0.378276578867224E+00  0.951724442851020E+00
%  0.104372430177527E+01 -0.181382103810152E+00  0.669254745191973E+00
% -0.123379159933866E+01  0.197639834491575E+01 -0.615639918275300E+00
%  0.287664881599221E-01  0.378782726222084E+00  0.712703397211475E+00
%  0.801616830400141E+00  0.139921882156219E+01 -0.217999406176660E+01
%  0.110234672551249E+01 -0.373941463880483E+00  0.592831091892404E+00
%  0.258160212274927E+00 -0.481570349568290E+00 -0.106463631018982E+01
% -0.890855650491456E+00 -0.303464848741952E+00 -0.148149185776431E+01
%  0.163201405990800E+01  0.722185053162375E+00  0.388026955334701E+01
% -0.121382480241728E+01 -0.431311469243447E+00  0.123000895151268E+01
%  0.290629127544156E+01 -0.620568003253795E-01  0.134702606202852E+00
%  0.254488177235850E+01  0.535700087202639E+00 -0.220432954962135E+01
% -0.370545495150959E+00 -0.164158373943425E+01 -0.146017613898862E+01
%  0.236018174314070E+01 -0.146569613251776E+01 -0.236639025984537E+01
%  0.203940054497809E+01  0.547769005211590E+00  0.555586626433613E+00
% -0.191232963705671E+01  0.316843565590318E+01  0.352872280618991E+00
% -0.438380700733211E+01 -0.182950655714149E+01  0.180689156716202E+00
%  0.191521665236317E+01  0.804648761050297E+00  0.245493950874542E+01
% -0.704927597656542E+00 -0.193896841088015E+01  0.115175400646046E+01
%  0.126871382856072E+01  0.145565956271350E+01 -0.111104565090154E+01
% -0.184901124679338E+00 -0.434584200271785E+01 -0.136655824766642E+01
% -0.371821489002924E+00  0.143655413512758E+01  0.896086293742700E-01
%  0.227526668885370E+01 -0.419798602245604E+00  0.204882717138733E+01
%  0.113377753187609E+01  0.743358114340709E+00  0.133113881581206E+01
% -0.995195265876750E+00  0.184218094297751E+01 -0.334034768446524E+00
%  0.727426458827300E+00 -0.554639707881383E+00 -0.139878415912397E+01
% -0.168895583755661E+00  0.463883629893077E+01  0.212079306808649E+01
% -0.128175813122208E+01  0.190952267097114E+01  0.183776483833589E+01
% -0.873554127524485E+00 -0.626353244316863E+00 -0.170622531979406E+01
%  0.227781738497908E+01  0.143534782474200E+01  0.985150016629465E+00
%  0.173996907763756E+01 -0.335380734357731E+00 -0.115430983940064E+01
% -0.169513521358902E+00  0.214665016307448E+01  0.815862977216547E+00
% -0.803805416086535E+00  0.165887833419623E+01  0.557209519571075E+00
%  0.736631131956659E+00 -0.559559795756767E+00  0.228538379618230E+01
%  0.170410487195495E+01  0.422500076660575E+00 -0.891395304422398E+00
% -0.188359523165238E+01 -0.269921769432614E+01 -0.115400419955662E+01
%  0.218770397823830E+01 -0.683956125161082E+00 -0.227993298704262E+01
%  0.557803866900470E+00 -0.582226189790347E+00 -0.560142793204590E+00
% -0.179212455714558E+01 -0.105408602782892E+01  0.145195673987702E+01
% -0.186703917303397E+00  0.534009856477410E+00  0.230575506611771E+01
% -0.334799904472209E+00 -0.285159176662852E+01  0.162223245543766E+01
%  0.181603483273896E+01 -0.711882400019962E+00  0.120168031472598E+01
%  0.151227802797290E+01  0.136579544147284E+01  0.856458713076448E+00
%  0.149120275851399E+01  0.237747113660907E+01 -0.118547100322004E+01
% -0.258247371414873E+01 -0.162469773102198E+00  0.640783363856069E-01
%  0.121654859155739E+01 -0.661556477466135E+00 -0.342791548821715E+00
% -0.293317150889851E+01  0.116200515041937E+01  0.500769755055210E+00
% -0.247951233068236E+01  0.186679420489682E+01 -0.263393684661108E+00
%  0.254250471054356E+00 -0.266854730181878E+00 -0.824147610195182E+00
%  0.200589273960294E+00  0.263723561477643E+01  0.126916266443468E+01
% -0.761912194453666E+00 -0.861259090581519E+00  0.122599797826883E+01
%  0.454828008639674E+00 -0.160347066234162E+01 -0.170208392226786E+00
%  0.536805822008619E+00  0.272006798850103E+00  0.213242469665407E+01
% -0.432302036537281E+00  0.262278720143581E+00 -0.209833301825363E+00
%  0.795521282487855E+00  0.602275333886462E+00 -0.102839900174356E+01
% -0.729393657922103E-01  0.125303857591281E+01 -0.163410299679563E+01
% -0.121840982771432E+01 -0.852022522790776E+00  0.117736034997911E+01
%  0.463670418978633E+00  0.199271822915858E+01  0.164876042061813E+01
% -0.326803065387170E+01 -0.317349153099505E+00 -0.118653092428761E+01
%  0.312157984397049E+01  0.150722605326436E+01 -0.589362784278502E+00
% -0.301366043347510E+01  0.419604312331759E+00 -0.141907715254719E+01
%  0.390303358117041E+01 -0.243943565100047E+01  0.184906520436861E+01
%  0.790979109165744E+00  0.175179064345752E+01 -0.462360849129830E+00
% -0.155518320099434E+01 -0.322649031832783E+00  0.937005315606467E+00
%  0.103824607425025E+01 -0.145456283266142E+01  0.347010876385195E+01
% -0.128880058853478E+00 -0.189499299677316E+01  0.132996364157965E+01
% -0.116084054243423E+00  0.192900418500902E+00  0.154527098338501E+01
% -0.771620336053105E+00  0.106067206636209E+01 -0.164172616894736E+01
%  0.135476335571537E+01 -0.183933883363327E+01 -0.758996155351490E+00
%  0.612810265320807E+00 -0.186605108173487E+01  0.108628651757225E+01
% -0.828078123793907E+00 -0.183016284592478E+00 -0.729881636124307E+00
%  0.240660347254501E+01  0.124544280373999E+01 -0.269621037810141E+01
% -0.370987781924404E+00  0.754808082760744E+00 -0.166362373762165E+01
%  0.629305517155736E-01 -0.906507685747365E+00  0.587688740184646E+00
%  0.772919561517034E+00  0.119916881555306E+01  0.717970333426059E+00
% -0.154721758471897E+01 -0.284848349785639E+01  0.106421280879242E+01
%  0.134088632893157E+01 -0.946243942970767E+00 -0.148275944141411E+01
% -0.115447361602183E+00 -0.249916064221911E+01  0.172640982843129E+01
% -0.930361456925727E+00 -0.911539677503700E+00 -0.170767457428223E+01
%  0.870706501046867E+00 -0.164722640729666E+01 -0.110659694777211E+01
%  0.970581733317253E+00  0.219982954292349E+01 -0.128662315841434E+01
%  0.118611934495925E+01 -0.985566956535255E+00 -0.110109361510000E+01
% -0.538174860411775E+00  0.696616868414701E+00  0.343622735888496E+00
% -0.381672547853509E+00  0.440695217626483E+00  0.695088399414244E+00
% -0.126587151385159E+01 -0.189440971389382E+01  0.706242700562643E+00
%  0.696601438619896E-01  0.706102459745885E+00  0.134112273812483E+01
%  0.229554664040731E+00 -0.123740141549743E+01  0.259903917332455E+01
%  0.187636566892986E+01  0.946856329777119E+00  0.104533752607753E+01
% -0.266481358574839E+01 -0.925408827311987E+00 -0.267269334128732E-02
%  0.701568894151285E+00 -0.114105912762357E+01  0.139088210867055E+01
% -0.125765370628322E+01 -0.187344400566707E+01  0.138001925091762E+01
% -0.171060923824306E+01  0.124932115197471E+01 -0.194825967019158E+01
%  0.415136875061178E+01  0.155140988946344E+01  0.182848349366234E+01
% -0.600643933032387E+00  0.447073630186319E+00  0.189225010880979E+01
%  0.122080206252399E+01  0.115650128258636E+01  0.151712134157079E+01
% -0.210411278046271E-01 -0.173636365604309E+01 -0.450460959657100E+00
%  0.486533556479830E+00 -0.224420810082777E+00  0.122704337933367E+01
%  0.432212187163082E-01  0.393370128944439E+00 -0.204963991341271E+01
% -0.918597072440484E+00  0.327714548364735E+01 -0.198440943098650E+00
%  0.209767851114547E+01  0.977493625011893E+00  0.475840850905351E+00
% -0.164047631282012E+00  0.161514622912936E+01  0.146851304845346E+01
%  0.143834853877275E+01  0.468696064204625E+00 -0.806132989404327E+00
% -0.122472849045681E+01  0.201867008277579E+01 -0.171805258290049E+01
%  0.342213715496684E+00  0.297087470764885E+01 -0.217373171955921E+01
%  0.141318513357326E+01  0.177378502242623E+01 -0.269203706918678E+00
% -0.368580956157351E+01  0.171204315977506E+01 -0.128941895911103E+01
%  0.167238267311568E+01  0.759080183629088E+00  0.286270993412870E+01
% -0.757051898848972E+00  0.904695659617564E+00  0.446894249344835E+00
%  0.146956803055925E+01 -0.122961067873335E+01  0.263246344794075E+00
%  0.143349803512798E+01 -0.159504515425391E+00 -0.463525950999096E+01
% -0.476725213143875E+00 -0.547000147642971E+00 -0.223793296417724E+01
% -0.133667485393610E+01  0.284044603323707E+00 -0.208000212328196E+01
%  0.123205241503300E+01  0.138763460238599E+01  0.638106336026135E+00
% -0.885261150042336E-01 -0.755778914572269E+00 -0.173892292737852E+01
%  0.222297017472574E+01 -0.187026673233496E+01 -0.816853389788813E+00
%  0.174980594339639E+01 -0.338888774359224E+01  0.104670189062619E+01
% -0.914076258667134E+00  0.142650169579555E+01  0.132801760686956E+01
%  0.147663034673965E+01 -0.247667147646438E+01 -0.254793296571406E+01
%  0.172822357478539E+00  0.232358363772345E+00 -0.116534419555800E+00
% -0.225861467943795E+01  0.181936987410183E+01  0.184171096931006E+01
% -0.126954076612372E+01  0.370146467943226E-01 -0.144116754791052E+01
%  0.392639867700117E+01  0.181526987567981E+00 -0.643274443950400E+00
%  0.718008134257655E+00  0.435398458865150E+00 -0.155280327949589E+01
% -0.173611344182904E+00 -0.318221454227631E-01  0.622704507539401E+00
% -0.861249500563371E+00  0.314731817069713E+00  0.918406700456389E+00
%  0.285572064676625E+00 -0.740839634019612E+00 -0.258829165318545E+00
% -0.237978595668942E+01 -0.353680354275570E+00 -0.229806802920322E+00
% -0.195534612460000E+01  0.968529037991356E+00  0.135044300892738E+01
% -0.110743986198968E+01  0.100956229472707E+01  0.956412651529928E+00
% -0.108319185797740E+01  0.610841604211744E+00 -0.101620774834001E+00
% -0.138810222786636E+01 -0.228845388363094E+01  0.111707002437847E+01
% -0.582776234781697E+00  0.465571906275148E+00 -0.560176442586059E+00
%  0.591569076463657E+00 -0.162101194802132E+01 -0.964470534292006E+00
% -0.217701561874279E+01  0.253250665359890E+01 -0.170076169461938E+01
% -0.116424019262485E+00  0.288575009086036E+01  0.266164462137881E+01
% -0.157593516089561E+01 -0.260092465243260E+01 -0.309464851388538E+01
% -0.143406417027347E+01 -0.103995711598352E+01  0.237287242764569E-01
% -0.846720382422146E+00 -0.283945678261715E+00 -0.112832650033879E-01
%  0.274530930071715E+01  0.823994327201067E+00 -0.505078120211440E+00
% -0.208329860857757E+00  0.127533137311176E+01 -0.239274359477420E+00
%  0.832923873106217E+00 -0.456950617885209E+00 -0.161277855789300E+01
%  0.370797187578315E+00 -0.740054492788122E+00  0.313684180918677E+00
% -0.159410132754316E+01 -0.499995448093046E+00  0.435210410281592E+00
%  0.406835232792601E+01  0.112241569369317E+01  0.226917157406752E+00
% -0.115910282615248E+01 -0.200536934569090E+01  0.268214463065217E+01
% -0.671999037908878E+00  0.816302424683189E+00  0.992785320025755E+00
% -0.297762232218018E+01 -0.498969999003953E+00  0.353286262543591E-01
%  0.279081243745854E+01  0.105525915735687E+01 -0.123009846717877E+00
% -0.121265116928751E+01 -0.528662607693497E+00 -0.241584320222252E+01
%  0.146422165745267E+01 -0.333091355545301E+01  0.809234766371360E+00
% -0.824530835675405E-01  0.818341387027300E+00 -0.641608606153114E+00
% -0.683247757490088E+00 -0.340582772354797E+01  0.208406420540223E+01
%  0.120388207912030E+01  0.314112121258819E+00  0.183778760106473E+01
% -0.178045189836510E+01  0.101459319556793E+00  0.248987339957087E+00
%  0.813991442568659E-01  0.611936689912254E+00  0.227338716912748E+01
% -0.389340588451790E+01  0.858846022771353E+00 -0.390046610351270E+01
% -0.324152715546700E+00 -0.151358680888960E+01 -0.581277483579026E+00
%  0.897049419134230E+00 -0.262403802786565E+01 -0.108427049628933E+01
%  0.967033791723370E+00 -0.187762201461900E+00 -0.171645379702304E+01
%  0.122417238271938E+01 -0.126403537688840E+01 -0.277815837332836E+00
%  0.800408606351191E+00  0.178473355869111E+01 -0.131143653522809E+01
%  0.133152928937168E+01 -0.329265936811830E+00 -0.385553553425202E+01
% -0.215021700356435E+01 -0.825343048973732E+00 -0.146464731853818E+01
%  0.127280160613812E+01  0.158816083526890E+00  0.113941845205214E+01
% -0.125247583897558E+01 -0.826578903888503E+00 -0.445530460142339E+00
%  0.170947674588650E+01  0.249458299579298E+00  0.215162358324274E+01
%  0.421496549242933E+00 -0.706248137273051E+00 -0.284869054020273E+00
%  0.445494541429111E+00 -0.988276531707190E+00 -0.728383137483587E+00
% -0.410833854460893E+00 -0.495048549974417E+00  0.118196588916740E+01
%  0.163805158919410E+01 -0.256962579963593E+01 -0.404822627667156E+00
% -0.105594429066210E+00 -0.103411570912047E+01 -0.158324663735674E+01
% -0.840773710887127E+00  0.323206829363933E+01  0.578174796143785E+00
%  0.344864604715410E+01 -0.336175416448368E-01 -0.698589385587510E+00
% -0.141258276890665E+01  0.205170212324999E+01  0.852916911192128E+00
%  0.278926686586425E+01  0.103264464803200E+01  0.119295423850238E+01
% -0.110963528548382E+01  0.980075658910290E+00  0.124671398639004E+01
%  0.335560086587914E+00  0.176994929777819E+01  0.372663437548005E+01
% -0.176244885543630E+01  0.176519888152077E+02  0.193046051317428E+02
% -0.238139496452828E+02 -0.484499770909587E+02  0.132109842156220E+02
%  0.176064285454538E+01 -0.887569089779302E+01  0.172406377235045E+02
% -0.623050739186896E+01 -0.197065151719335E+02  0.211656363453819E+02
% -0.469965231079107E+02  0.547389472563669E+01 -0.697839625995504E+00
% -0.663669487242101E+02  0.208438159421221E+02  0.666677575894531E+02
%  0.330659767898952E+02  0.332392139886644E+02  0.545871998096207E-02
% -0.375292961616011E+01  0.557456237702134E+01 -0.963388886438308E+01
%  0.100154739981376E+02 -0.170833350506366E+02 -0.278164974622523E+02
% -0.714593051001429E+01 -0.168023132924201E+02  0.225079450628021E+02
% -0.104502908969580E+01  0.970312144596109E+01 -0.157312749535269E+01
% -0.222874809061984E+02 -0.151080515179669E+01 -0.538217793475726E+02
%  0.286964858628760E+00 -0.103257911429679E+03  0.236005667970616E+02
% -0.483810067135399E+01 -0.103542158173372E+02 -0.982560866754700E+01
% -0.216532760566652E+01  0.246146800902248E+02 -0.248591141397154E+02
% -0.237171831662975E+02 -0.145059209241620E+02  0.335941741124515E+01
% -0.359562111947080E+02  0.121891030914723E+01 -0.153666373358453E+02
% -0.709829650116296E+01 -0.171393730560779E+02 -0.374662639081965E+02
%  0.435392218584157E+00 -0.408818266181329E+00  0.147412600291467E+01
% -0.734511286292544E+00  0.151291064904127E+02 -0.417130647359348E+01
% -0.175222875264499E+01 -0.409436173738895E+01  0.197948530688065E+02
% -0.302560276002928E+01 -0.261777916192448E+02  0.123512834801257E+01
% -0.727501383643611E+01  0.145814778577363E+02 -0.231722266940782E+02
% -0.354010511981503E+02 -0.606568840807386E+01 -0.621893651035804E+01
%  0.403604247097309E+01 -0.203232057376406E+02  0.236833017676541E+02
%  0.932422425713106E+01 -0.294333221168518E+01  0.126851672291312E+02
% -0.454828787701726E+02  0.153764295155946E+02  0.204979359476212E+02
%  0.187977895074679E+02  0.108435006861824E+02  0.170369774316195E+02
% -0.238543264157246E+02  0.213126647382986E+02  0.616200524967797E+02
% -0.546825188306642E+01  0.171362162156300E+01 -0.502146714530714E+01
% -0.692545388856858E+02 -0.166199125670058E+02  0.442607735139397E+02
% -0.680304739289546E+01  0.112697885088130E+02  0.145446370375619E+01
% -0.265699541363889E+02  0.163865636899522E+02 -0.208290735866527E+02
% -0.196863620290668E+02 -0.144667167795485E+02  0.895896443890471E+01
%  0.108445558385349E+01 -0.279287130176668E+01  0.654013425330689E+01
%  0.438043372837833E+01 -0.351455844162059E+01  0.222297684147369E+02
%  0.535936244127306E+02 -0.271730194368522E+02  0.227113237020526E+02
%  0.521505762642759E+01 -0.419915352978858E+01 -0.203142390467012E+02
%  0.431097703247107E+02  0.141263146892849E+02  0.293428263553824E+02
%  0.777718577374860E+01 -0.641130762032262E+01  0.158384478198699E+01
% -0.162296572127736E+01  0.267648480307686E+01  0.225686734808886E+02
%  0.770370874668631E+01 -0.190012517406237E+02  0.387490609498903E+02
%  0.106185160402928E+02 -0.711891902301890E+01 -0.751821036111817E+01
% -0.114115016398585E+02 -0.188182132419121E+02 -0.184544173252305E+02
%  0.378790521307781E+01 -0.131437102523576E+02 -0.274660336338274E+02
%  0.215068617738530E+02  0.132288961892546E+02 -0.142006212041684E+02
%  0.251419466873268E+02 -0.193359881198883E+01  0.199313704867606E+02
%  0.128950166810501E+02  0.200111639239765E+01 -0.555598598240473E+01
%  0.163835237314642E+02 -0.124718246739477E+02  0.548466717227093E+01
%  0.123495493281448E+01  0.285651229858858E+02 -0.188081751777680E+00
% -0.271760732803339E+02 -0.189292733514208E+02  0.580828437726965E+01
% -0.197627470338921E+02 -0.142316302147964E+02  0.993001117464393E+01
%  0.693272615437378E+01 -0.186554734849337E+01  0.198880270929564E+02
% -0.118987694759437E+01 -0.400317550015490E+02 -0.409237257603404E+02
%  0.879459759761001E+01  0.308912005527878E+01  0.404459500292670E+01
%  0.883253958630845E+01  0.464989687003262E+01  0.868174724235757E+01
%  0.636660150435341E+02 -0.177731044197102E+02 -0.553359253839767E+01
% -0.382181621681964E+02  0.360261973376773E+02 -0.114827848155156E+02
%  0.277796888447367E+02 -0.216288123996886E+02  0.398214772291254E+02
%  0.361293111124575E+01  0.367053890444005E+00  0.262145042521666E+01
%  0.394242316129353E+02  0.256704106358684E+02  0.188413579067738E+02
%  0.204697550650272E+02  0.225695201187593E+02  0.147699799183136E+01
%  0.102439794580882E+02  0.602356746934636E+02  0.258046391221130E+02
%  0.799090366405366E+00  0.437348240001719E+00 -0.656644930319329E+01
% -0.801704935576328E+01  0.140113739431930E+02  0.100967802315043E+02
% -0.207575324183107E+02  0.935871051495059E+01  0.874918491248061E+01
%  0.371152717176597E+02  0.261534477306944E+02 -0.255848803528179E+02
%  0.183422603447902E+02  0.196526492909759E+02 -0.702791953666061E+01
%  0.207625411898781E+02 -0.436865214968977E+02  0.553253553872880E+02
%  0.367943148421283E+01  0.751665092211993E+00  0.460892909460622E+00
% -0.218597918616115E+01 -0.177071479029698E+01  0.564319913570777E+01
%  0.845096393438451E+01 -0.819685738970089E+01 -0.726099868097622E+01
%  0.964882012551041E+01  0.988811534085027E+01  0.224047194293529E+02
% -0.153708835047533E+01  0.215218554861591E+00 -0.466435549902853E+01
% -0.100748053807099E+02  0.104917277247562E+02 -0.171761146886614E+02
% -0.399089394541811E+01 -0.452636970455218E+01  0.279859138536485E+02
%  0.914877678436987E+01 -0.671129968020924E+01 -0.182336657307788E+02
%  0.342913089661903E+02  0.183241596137728E+02 -0.486228765207637E+02
%  0.126394320895516E+02 -0.574458054767238E+01  0.112186175416126E+02
% -0.181525143297257E+02  0.313411202385710E-01 -0.303743846381490E+02
% -0.151503931518665E+02  0.179640777718810E+02 -0.698831399762151E+02
%  0.218807070190597E+02  0.126332943723000E+02 -0.335934026883914E+01
%  0.620690729667950E+02 -0.266370927224222E+02 -0.717410787713642E+01
% -0.252450215755043E+01  0.345403406237310E+01  0.114629497218185E+02
%  0.178560214327121E+02  0.515717081641961E+01  0.263895317261256E+02
% -0.200381598775135E+02  0.772421914169691E+01 -0.210415370229085E+02
% -0.181390037474787E+02 -0.434143521454675E+02  0.822307059277692E+02
%  0.507359731989107E+02  0.329232529821191E+01 -0.720411900743730E+02
% -0.237057066120042E+02 -0.502300989257977E+02 -0.127355699399129E+01
%  0.540117719385574E+01  0.140392857914523E+02  0.640916122626607E+01
% -0.535724125513082E+02  0.454416559172962E+02  0.314524119705419E+02
% -0.146678688933668E+02 -0.322403051900695E+02 -0.103499499393504E+01
% -0.186483882851223E+02 -0.456693758900014E+02  0.205169547455312E+02
%  0.307389611031228E+01 -0.722697409048742E+00 -0.398270499694114E+00
% -0.499160048346300E+01  0.186774623729540E+02 -0.369377636441286E+02
%  0.253384514881116E+02  0.114352241058338E+02 -0.115878685698118E+02
% -0.675186296073236E+00  0.294259416755674E+01  0.162129150759608E+02
%  0.304706630161685E+02  0.177630956888345E+02  0.400379949956336E+01
%  0.120162444528104E+02  0.185457360631118E+02 -0.264373991643209E+02
% -0.421439278564114E+02  0.156029491869231E+02 -0.226746872032504E+02
% -0.647000946818646E+01 -0.153105190722677E+01 -0.516171545452571E+01
%  0.692494305036833E+01 -0.889124531478556E+01  0.179086490038684E+02
%  0.621499176709295E+01 -0.160747826876317E+02  0.313934331774467E+00
% -0.454101493310663E+00 -0.117419238435958E+02 -0.239423047366050E+02
% -0.659004651937054E+00  0.209786638748150E+01 -0.273661812362936E+02
% -0.213802056756399E+02  0.549575288421258E+02 -0.409782964439128E+02
%  0.639240134899623E+01 -0.258167578147372E+01 -0.313878847411510E+00
% -0.260904610619148E+02  0.284219384917750E+02 -0.670501619304839E+01
%  0.157069108633524E+02  0.470356716764953E+02  0.462929090835720E+02
% -0.360842962541160E+02 -0.107365986517859E+02 -0.431286178381312E+01
%  0.187734751865201E+02 -0.142142778403832E+02 -0.121290399066530E+02
%  0.232984533076950E+01  0.239810469798795E+01 -0.177017593188869E+02
% -0.792621095920300E+01 -0.932996725066454E+01 -0.198646288458176E+01
%  0.231754501125458E+01  0.821009033306309E+01 -0.798956025266152E+01
% -0.410228298235863E+02 -0.120098485319404E+02 -0.530637444781034E+02
%  0.112172427730300E+02 -0.231222365496508E+02 -0.338749321526507E+01
%  0.554584119721002E+02  0.611872970970637E+02  0.461296107489968E+02
%  0.231902847222971E+00  0.102161825636866E+00 -0.188576805947121E+01
% -0.170211274298103E+02  0.436044952992783E+01  0.261364859865752E+02
% -0.148587798557998E+02  0.213687832078664E+02  0.398342153598737E+01
% -0.324637862906445E+02 -0.530194951310407E+02 -0.670601194215583E+01
% -0.141507558513972E+02  0.129617604648770E+02 -0.225329745144837E+01
%  0.813789773119042E+01 -0.852680075884544E+01 -0.609879100454194E+01
%  0.192072846706574E+02  0.119465210441616E+02  0.481627551200158E+02
%  0.102633703971861E+03 -0.295586549633573E+02 -0.499193848558616E+02
%  0.286391857452280E+02  0.131324695924835E+02 -0.365302493980747E+02
% -0.399098654671904E+00  0.182709287080462E+02 -0.205789407474118E+02
% -0.718091401306333E+01 -0.223056105515159E+02 -0.170940789658049E+02
% -0.132201643381425E+02  0.149301282687202E+01 -0.189447149147560E+02
% -0.132501701470050E+02 -0.396253607884664E+02  0.641312715281683E+01
% -0.127613384484514E+02  0.220582400942561E+01 -0.101608094627139E+02
% -0.392876431524149E+02 -0.657615766343206E+02 -0.253181266402232E+02
%  0.109964954877348E+02 -0.130972309843775E+02 -0.323466205959738E+01
%  0.273385383755509E+01  0.937355618265729E+01  0.579577849278659E+01
%  0.114050444526122E+02  0.155551433104382E+02 -0.647899243366588E+02
% -0.141624615152858E+02 -0.652129701338121E+01 -0.173990116064124E+02
% -0.657678973967799E+01 -0.707744442327002E+01 -0.354269949055941E+02
%  0.827588954905260E+01  0.276732993838900E+01 -0.190287764531870E+02
% -0.695937150254714E+01  0.896043041509412E+01  0.679637407506108E+01
%  0.113529917091950E+01  0.150972223846926E+01 -0.616366849620510E+00
%  0.181297334292842E+02 -0.142121324486052E+01 -0.514237744855428E+02
%  0.931453727777973E+01 -0.102684804973095E+02 -0.612832109058589E+01
% -0.889119019284962E+01  0.188254231256939E+03  0.535439247975360E+01
% -0.988754852338517E+02 -0.232712342419877E+02 -0.561748745778054E+02
% -0.676190799068530E+02  0.873631050182735E+02  0.775912928969551E+02
%  0.138931503521899E+02  0.217066322372348E+02  0.162723673889515E+02
% -0.629187681673172E+02  0.575326203146397E+02  0.738575124298009E+02
%  0.583042718407986E+01  0.713912853426303E+01 -0.913259825907265E+01
% -0.829152521709782E+01  0.343915065564433E+02 -0.209058562371141E+02
% -0.588082958236708E+01  0.438890601950236E+01  0.532061975641440E+01
%  0.123245676796733E+02 -0.132470682370208E+01 -0.494565767951742E+01
% -0.415202034957971E+01  0.349720658050577E+02 -0.912320574952821E+01
%  0.188839842040832E+01 -0.162270949647488E+02 -0.527402398233431E+01
%  0.267194135538754E+01  0.106601937741671E+01 -0.344718127837295E+01
%  0.452472225147539E+01 -0.751669841425418E+00  0.158091901839790E+02
%  0.841061474498402E+01  0.172179594946981E+02  0.156753761735922E+02
% -0.880814029215122E+01 -0.465807268895762E+00  0.169723740274943E+02
% -0.212762681631608E+01  0.269376071736872E+01  0.121338821452357E+01
% -0.203133347552980E+02 -0.498272247044076E+01  0.334357783016193E+01
%  0.277333111387726E+02  0.281432481379857E+02  0.292055173320034E+02
%  0.275899748871883E+01 -0.344524430068173E+00 -0.200955268517031E+01
% -0.274294669386473E+02 -0.113279935265305E+02  0.366044024164059E+02
% -0.250337706358542E+02  0.595072947464741E+02  0.414031482184354E+02
% -0.182066431272441E+02 -0.534331302266923E+01  0.615511533488207E+01
% -0.116484535170116E+02 -0.172200219451982E+01 -0.142535039190979E+01
% -0.281601964216626E+02  0.270280151734369E+02 -0.252836923069065E+02
%  0.946660494416445E+00 -0.159797601002684E+02 -0.556607918352693E+02
% -0.168516612696066E+02  0.537301660872076E+02  0.204325032118127E+02
% -0.395993639426826E+02  0.900908141025886E+01 -0.582571606184200E+01
% -0.515167936701413E-01 -0.173142304932796E+01  0.490933030223321E+00
%  0.620088196521407E+02 -0.416021310846848E+01 -0.582875505603251E+02
% -0.471544464609355E+01  0.994837158622595E+01 -0.123265820203797E+02
%  0.299782401132873E+01 -0.102752064233486E+02  0.156727811483471E+02
%  0.716209575959466E+02 -0.182094603837106E+02 -0.625826752821532E+02
%  0.691603235221831E+01 -0.490846798886457E+01  0.335881109190653E+01
% -0.122074620895670E+02 -0.352946958688478E+01  0.138388571690322E+01
% -0.183839048697747E+02 -0.608523363993450E+01  0.146530987547251E+02
%  0.483224470572732E+02  0.759786809814946E+01  0.359333679650064E+02
% -0.514079125623417E+01  0.997799752852344E+01 -0.712229141760089E+01
%  0.880433305657443E+02  0.232301983296062E+02 -0.203644124084621E+02
%  0.235426386392039E+01  0.152832853707693E+02  0.989323076558328E-01
%  0.905078037137120E+02 -0.350583089047097E+02  0.185529860164425E+01
% -0.183037808627226E+01  0.396547258140074E+01 -0.217013720394051E+02
% -0.132312599953056E+02  0.823857937552714E+01 -0.149734768046440E+02
%  0.488686157238746E+02 -0.656159317289313E+02 -0.815319793215743E+02
%  0.142513817509226E+02  0.142478300098380E+02 -0.996410609247213E+01
% -0.326232693652347E+01  0.191855026371200E+00 -0.571582972349309E+01
% -0.268023691594673E+02  0.123939925840142E+02  0.197301937381199E+01
%  0.594752022083241E+02 -0.519519561240671E+02 -0.554714395962795E+02
%  0.442007024914530E+02 -0.331444376703829E+02 -0.400169293171998E+02
%  0.131258653541221E+02  0.387421927835683E+02 -0.212846403346099E+02
%  0.317940397955401E+02 -0.531785451726623E+01 -0.165949710268520E+01
%  0.584833504193150E+02  0.116280180028173E+02  0.155731065267521E+02
% -0.784900094987896E+01  0.332688251132994E+01 -0.292509850841827E+01
% -0.265669060713756E+02 -0.221553679741452E+02  0.227208801429952E+02
% -0.689570692328248E+01  0.870264620593590E+01  0.115484112814465E+01
% -0.181277978613144E+02  0.527159508252653E+00  0.143786174004539E+02
%  0.165688685922662E+02  0.201549613190649E+02  0.311673105310409E+02
%  0.480353532418533E+01  0.927992528709638E+00  0.928681289873130E+00
%  0.128554299373938E+02 -0.342310241045152E+01  0.646000702546605E+01
%  0.283703427280677E+02 -0.425371874930019E+01 -0.845897005646574E+01
%  0.203642536441493E+01  0.281339406159662E+01 -0.837503976161199E+00
%  0.146719454826268E+02  0.218183456901606E+01 -0.167819600594082E+02
% -0.124731188789535E+02 -0.366436062816590E+01  0.159429688325981E+02
% -0.672863428697500E+02 -0.417870559949851E+02  0.770701967204564E+01
% -0.106604686503143E+02  0.255329289937506E+01 -0.761955977813783E+01
% -0.113427793750326E+02 -0.758459949527416E+01  0.785045899122848E+01
%  0.166398550287588E+02 -0.252974307834226E+01  0.748605807434363E+01
% -0.122664231957381E+02  0.245823846968865E+02 -0.923280544154487E+01
%  0.135057834162782E+02 -0.909337238978940E+01 -0.170732129911831E+01
%  0.130405737376862E+02 -0.196272513326179E+02 -0.383478889442916E+02
%  0.107107480488598E+01  0.241731743330578E+01  0.340478715130812E+01
% -0.200572161095819E+02 -0.113837196397661E+02  0.876882631331712E+00
%  0.469238122507459E+02 -0.517984396752260E+02  0.594438502673824E+02
% -0.467740892879884E+02  0.362649392008983E+02 -0.246358942306114E+02
% -0.678512147393682E+00 -0.461377760322101E+00 -0.671162676819844E+00
%  0.366327904932949E+02 -0.448068009768456E+02 -0.508476195533968E+02
% -0.635263114971266E+01  0.242385659069123E+00 -0.316463273677225E+01
% -0.139639477246291E+02  0.354210625370771E+01 -0.318422762504539E+02
% -0.380301392515908E+02 -0.379000108718983E+02  0.322413899101427E+02
%  0.125259691634410E+02  0.298382747189052E+01  0.218863629348048E+01
%  0.140532442274691E+02 -0.250737185563364E+02  0.264529054497673E+02
% -0.137932830920113E+02  0.203159929281818E+02 -0.103541664404946E+02
%  0.174848140981607E+02  0.258870700554271E+02 -0.248301069835447E+01
%  0.683193782855887E+01 -0.103244190672891E+02 -0.114037737492419E+00
%  0.118900930553787E+02 -0.147341117224278E+02 -0.469735896721482E+01
% -0.101760419589968E+03  0.445064894891459E+02  0.408208329856886E+02
% -0.187565835138576E+02 -0.992600877158212E+01  0.100880571630612E+02
% -0.266292771495605E+01  0.219616294005032E+01  0.146461074287545E+01
%  0.395975704271876E+01 -0.214856559413268E+02  0.302924638744069E+02
%  0.726707536452757E+01  0.174284848663489E+02  0.757291644537238E+02
%  0.150524873933461E+02  0.325779122965475E+02  0.498218486547026E+00
% -0.276619412286925E+02  0.112619170608749E+01  0.408034059911066E+02
% -0.830053782461072E+01 -0.954614341746114E+00 -0.418702291720101E+01
%  0.421935249651382E+02 -0.316436918791197E+02  0.103266773251460E+03
% -0.209348728367968E+01  0.166940356474495E+01  0.123366025158998E+01
%  0.129166160233609E+02 -0.128970023421804E+02  0.218423783423727E+02
% -0.124429117635091E+01 -0.824558972058613E+01 -0.444826847204234E+01
%  0.134527714062342E+02 -0.526907658430812E+02 -0.480050589235135E+01
%  0.441329288334755E+00  0.189107813848702E+01 -0.246287281879459E+01
%  0.450885976227442E+01 -0.445673677468239E+02  0.162980242680749E+02
%  0.134811637549614E+01  0.165234559573105E+01  0.386224678048989E+01
%  0.761990191891047E+00 -0.100487981727640E+02 -0.345248987601635E+01
%  0.684057021748959E+01  0.180205727247414E+02 -0.533209560879445E+01
% -0.559993480030590E+01 -0.214539877518509E+02 -0.180471438574939E+02
% -0.683970823298326E+02  0.246729459019897E+02 -0.122207679714966E+02
%  0.132301508258193E+01 -0.242247706002536E+01 -0.216661058536728E+01
% -0.706876174530207E+01  0.179476123137300E+01  0.160489772001495E+01
% -0.497954857048903E+01 -0.188831363696081E+01  0.154400539681192E+01
% -0.494239428498469E+02  0.247381262632152E+02  0.552657240632191E+02
% -0.235281605504260E+02 -0.253413011964341E+02  0.349133692606061E+02
%  0.762164938763827E+02 -0.926079915129823E+02 -0.159924292331474E+02
%  0.208539184654834E+02 -0.232194536530352E+02 -0.736415331650850E+01
% -0.322884799074639E+02  0.330715211670902E+02 -0.459410658140547E+02
%  0.169720304679702E+02 -0.115596856290013E+02  0.719179803005359E+01
% -0.132411440118630E+02 -0.273006476458553E+01 -0.142588295184170E+02
