% T    256  0.715122828077254E+01  0.715122828077254E+01  0.715122828077254E+01
   0.271644500238738E+01 -0.330493133282911E+01 -0.777731828456153E+00
  -0.312068157194636E+01  0.175490254372254E+01 -0.130559394246339E+01
  -0.381738409030951E+00 -0.113496058177786E+01 -0.194241530037210E+01
   0.139431676820053E+01 -0.200779785552773E+01 -0.141340005687824E+01
   0.272884717490188E+01 -0.132531714913553E+01 -0.346138205779555E+01
  -0.716058293817749E+00  0.239867491068168E+01  0.339091670007672E+01
   0.325841567597636E+01 -0.285293857842988E+01 -0.156302099839702E+01
  -0.326237888699641E+01 -0.196316979650360E+01  0.905324640327237E+00
  -0.267249123865863E+01  0.151052595235858E+01  0.833923085163726E+00
  -0.185798488620787E+01 -0.219545617091795E+01  0.123065539543445E+00
   0.577776186670489E+00  0.109089455758090E-01  0.107680569569827E+01
  -0.413995574450192E+00 -0.285471753227893E+01 -0.130058539081356E+01
  -0.149522913013842E+01  0.568088691617769E+00  0.330181572492374E+01
  -0.522396116467513E+00  0.251981561528004E+01 -0.133692079524961E+01
  -0.713670685591011E-02  0.169548127401124E+01 -0.351635146508551E+00
   0.325043354258660E+00  0.790839204584475E+00  0.267287898243025E+01
   0.210544349726467E+01  0.261855477690436E+01  0.260964270352032E+01
  -0.237459075436703E+01 -0.972176435644958E-01  0.164703046081086E+01
  -0.176515250736478E+01  0.276112463906559E+01  0.353587720975697E+01
   0.151177754505545E+01  0.187696894688872E+01 -0.252193141094441E+01
   0.101467835284605E+01 -0.284622878236924E+01 -0.254274974493625E+01
   0.236702929467569E+01 -0.189838903755571E+01 -0.579354084212073E+00
   0.314193102316560E+01  0.200552357843442E+00  0.164959958783626E+01
   0.150784141784835E+01  0.263399083384026E+01  0.768294072195898E+00
   0.306938834288697E+01  0.202446800398866E+01 -0.127627344955351E+01
   0.210600288519937E+01  0.284959752008794E+01  0.169758608670732E+01
  -0.191724133889384E+01 -0.350876725066321E+01  0.144232041803689E+01
   0.274286272325520E+01 -0.212014520276861E+00  0.350998794948410E+01
  -0.147171674421607E+01 -0.308351207465781E+00  0.120034054754069E+01
  -0.209208995196696E+01  0.159343967178534E+00 -0.229575223972231E+01
  -0.110206218351650E+01  0.110740855309470E+01  0.338347134746533E+00
   0.813706056852546E+00 -0.289378847935811E+01 -0.123444554024447E+01
   0.224200594883524E+01  0.305500806657258E+01 -0.141848043625385E+01
   0.193262116345042E+01  0.381902476309062E+00  0.328968352608428E+01
  -0.352083039676013E+01  0.227391708514507E+01  0.117643199599372E+00
  -0.317705479616028E+01  0.324487295616728E+01 -0.237186875100150E+01
   0.914950802982252E+00 -0.858192924089421E+00  0.381322345663703E+00
  -0.102347935949253E+01 -0.637810459895177E+00  0.218214028615703E+01
  -0.200519059818659E+01 -0.298564085775622E+00 -0.324350126484976E+01
  -0.172909970954589E+01  0.290838328097487E+01  0.780361278490183E+00
   0.273008907530766E+01  0.199214258615184E+01  0.203208125890839E+01
  -0.288171217496928E+01  0.519558319614059E+00  0.337814754609749E+01
  -0.617583566013023E-01  0.482289174145220E+00  0.181800881976565E+01
  -0.222054786714778E+01  0.569288384840602E+00  0.920417919838826E+00
  -0.346008235180445E+01  0.202938030150470E+01  0.253909193138733E+01
  -0.120620075333403E+01 -0.151082085724899E+01  0.338000466461753E+01
  -0.247843034829030E+01 -0.126040444385249E+01 -0.780425380218594E+00
  -0.249791841273164E+01  0.216086505326883E+01 -0.239674587611321E+01
   0.760457161620500E+00  0.157590189481712E+01  0.146189213086951E+01
  -0.962074738106447E+00  0.342764855234769E+01  0.138193019209120E+01
  -0.543704615601323E+00  0.225340978482054E+01  0.422509490260560E+00
   0.247000478064349E+00  0.895138798912708E+00 -0.232269219095255E+01
   0.788092730293786E+00  0.331651922771422E+01  0.223200636868032E+01
   0.135428711066484E+01 -0.348342910428119E+01  0.686756434132211E+00
  -0.337527893065451E+01  0.125455236142838E+00 -0.276457776646131E+01
   0.328867108310510E+01  0.799331511766031E+00 -0.873203259876232E+00
  -0.307590249912289E+01  0.760050332048690E+00  0.155579627876002E+01
  -0.186740074347591E+01  0.218994231524514E+01 -0.144899070330056E+01
  -0.346061169005554E+01  0.299523056204757E+01 -0.146357451535941E+01
   0.266896878688531E+01  0.955625401298898E+00  0.210731523110188E+01
  -0.198104945728330E+01 -0.242603576146442E+01 -0.106498385375581E+01
  -0.119813164980681E+01  0.175405923616782E+01 -0.496752959195646E+00
  -0.949950008858852E+00 -0.179564675911019E+01  0.791436832843947E+00
   0.245113717914397E+01  0.311846965327282E+01  0.306908467755955E+00
   0.318977793170914E+01  0.317612601190104E+01  0.119275092335867E+01
   0.638084905766069E-01 -0.338773569306361E+00  0.264189065787171E+01
   0.253767728902810E+01 -0.158118005932456E+01  0.190631882138950E+01
  -0.183022156625721E+01  0.184298572553666E+01  0.274870001117636E+00
   0.127373120747991E+01 -0.186892697235496E+01 -0.101279332714055E+00
  -0.787987083147488E+00 -0.978923419115843E+00  0.128408419706055E+01
  -0.222539592165011E+01  0.312083172908380E+01 -0.185809691953057E+01
   0.478848986416054E-01 -0.209886237179930E+01 -0.186838493653989E+01
   0.281687415418028E+01 -0.631648730581000E+00  0.326453237663816E+00
  -0.158088444774457E+00 -0.135104224573115E+01  0.286992554875487E+01
   0.334364058657148E+01 -0.183313340556162E+01 -0.287219665666176E+01
   0.291182514616433E+01  0.216892639419171E+01  0.843168225451987E+00
   0.330853924634079E+01 -0.290046896660151E+01 -0.257337056009746E+01
   0.943495018453567E+00 -0.345949558650935E+01  0.344525738709445E+01
  -0.208666600534730E+01 -0.190925041808093E+01 -0.190144305129365E+01
   0.801383443876814E+00 -0.408862123592497E+00  0.341993154519187E+01
   0.214333756241372E+00  0.794749604667540E+00  0.168737893631576E+00
   0.121223290070566E+00 -0.290617227108008E+01 -0.150219447915890E+00
  -0.559850603038914E+00  0.113109683822417E+01  0.355158399393555E+01
  -0.368617010090204E+00 -0.259800664690392E+01  0.182025973777634E+01
   0.211565889535605E+01 -0.193442322319741E+01  0.292282154230772E+01
  -0.232629012504314E+00  0.148028136035487E+01  0.213780927832250E+01
   0.122808624747553E+01  0.511552054713136E+00 -0.278338830930987E+01
   0.195329627841568E+01 -0.262551109085583E+01  0.129187895423040E+00
   0.193204184864829E+01  0.171043816117824E+01  0.909072945221372E+00
  -0.197507499618095E+00  0.131157364890643E+01  0.111797817527135E+01
   0.333134004671001E+01 -0.156200458806578E+01  0.557919577754572E-01
  -0.218610238836572E+01 -0.125739976404259E+01  0.401830861350811E+00
   0.238587149020119E+01  0.726447355051828E+00  0.305513124676270E-01
  -0.135484131608835E+01 -0.223194185563976E+01  0.204918662806510E+01
  -0.179279266607017E+01  0.233976664616820E+01  0.196854907989885E+01
   0.219632585159418E+01  0.338260859695721E+01  0.351771390499777E+01
   0.165976196361536E+01  0.119986176403009E+01  0.246867492786450E+01
   0.228057961029354E+01 -0.145834277307856E+00 -0.862771075686270E+00
   0.227905484063100E+01 -0.252446489263759E+01 -0.297851345437684E+01
  -0.349731956197789E+01  0.206092492961436E+01 -0.219810285901206E+01
   0.353793727736984E+01 -0.110497524142969E+01 -0.100511379529992E+01
  -0.350255208470635E+01 -0.287995402086682E+01  0.149249693903656E+01
   0.237916751044804E+01 -0.249624075824121E+01 -0.145959746843741E+01
   0.285357919652804E+01  0.288270311108140E+01 -0.218433084996238E+01
  -0.749789399582880E+00  0.234794148494499E+01  0.159412355968708E+01
   0.240443236734027E+01 -0.211474634298655E+01  0.892668605846930E+00
  -0.206694774436254E+01 -0.252281277645641E+01  0.126453680929799E+01
  -0.282742466459103E+01 -0.311546396630180E+01 -0.328959281664027E+01
  -0.282326912577859E+01  0.695471842347847E+00 -0.106197620885622E+01
  -0.332803613499488E+01  0.109886210697628E+01 -0.228680486504477E+01
   0.283751409356640E+01 -0.270858258922963E+01  0.337005882491591E+01
  -0.202189109333374E+01 -0.140610072889893E+01  0.238272667996903E+01
  -0.197929830973723E+01 -0.136328019758088E+01 -0.273401500673304E+01
   0.296298012126965E+00 -0.340351118688653E+01 -0.220389643066084E+01
  -0.132772794353037E+01 -0.349763075983646E+01  0.244445163227582E+01
   0.148617244211788E+01 -0.188211311213513E+01  0.205157739379997E+01
  -0.809162323919285E+00 -0.268089793405518E+01  0.358476153967840E+00
   0.338225454083595E+00  0.165786426116568E+01  0.324162972492693E+01
  -0.306512442881486E+01 -0.446327709420090E-01 -0.130897153973035E-01
   0.135199632231479E+01  0.203253491919668E+01  0.205276627219678E+01
   0.122087167299963E+01  0.923330712128347E+00 -0.170151305224980E+01
  -0.145037535066053E+01  0.146646179959039E+01  0.266994406385109E+01
  -0.143497942472731E+01  0.247057836631447E+01 -0.265978547209506E+01
   0.121665710177094E+01  0.303593048293791E-01  0.239471299966562E+01
   0.120544946262898E+01  0.122085470137789E+01  0.342397931223325E+01
  -0.177768258980108E+01 -0.174597796210488E+00  0.220613058035660E+00
  -0.240028478003468E+01 -0.261380880137191E+01  0.213853320825680E+01
   0.140497709824092E+01 -0.236219566334141E+01 -0.351445883035666E+01
   0.528361250514186E+00  0.161345718119092E+01 -0.297804612852167E+01
   0.259169414952257E+01 -0.984196711740792E+00 -0.118230283146810E+01
   0.229932056655409E+01 -0.341822834205840E+01 -0.249118656010571E+01
   0.145399854419670E+01  0.151855119535635E+01 -0.822512452990234E-01
  -0.300141072137855E+01 -0.362099254279716E+00 -0.153961605759205E+01
  -0.172071355696145E+01 -0.142323630436784E+01  0.130126029701357E+01
  -0.275281755865173E+01 -0.589399807874579E+00  0.834649566209190E+00
  -0.348587328386396E+01 -0.825553127870735E+00 -0.309003955789544E+01
   0.129280989721985E+01  0.342053720943239E+01 -0.159899449071614E+01
   0.336988092687949E+01 -0.184491537851891E+01 -0.161443698004972E+01
  -0.762939612892306E+00  0.487580680549619E+00  0.244138658326968E+01
   0.239316928861537E+01 -0.157575083385137E+01 -0.199391937956956E+01
   0.117619270894363E+01  0.681018196265608E+00  0.143910984390198E+01
  -0.245265847467011E+01 -0.607794532122844E+00  0.290604565748766E+01
   0.305225761355095E+01 -0.242602096052878E+01  0.225070397462074E+01
  -0.336397827541641E+01  0.969243645327036E+00  0.257228434612571E+01
  -0.638765067642371E+00 -0.529111132903097E-01  0.354056412226826E+01
  -0.252967242365857E+01  0.242420900828042E+01 -0.434849289607516E+00
  -0.148340891144835E+00 -0.509814273169662E+00  0.581365868811701E+00
  -0.298594807773233E+01 -0.246865514032511E+01  0.306073058172663E+01
  -0.936019700042870E+00 -0.185950184186623E+01 -0.227097822077862E+01
  -0.201111593967557E+00 -0.160950802159480E+01  0.177464092668746E+01
   0.882559711560725E+00 -0.935316912186283E+00 -0.131409646953619E+01
   0.461264500994911E+00  0.155751920797185E+01 -0.147496418619157E+01
   0.318463261540787E+01  0.334493725100331E+01 -0.309256903071291E+01
  -0.855445914875096E+00 -0.682474422167574E+00 -0.161833558277632E+00
   0.230977333574150E+01  0.103094686121551E+01 -0.116879652580499E+01
   0.210414468429053E+01  0.145126144173428E+00 -0.284866828944527E+01
   0.109960317820502E+01  0.283804131155887E+00 -0.931926113998313E+00
   0.188412034940681E+01 -0.292376644384810E+01  0.274681008270218E+01
  -0.129092497522909E+01  0.155822367394192E+01 -0.204625094811657E+01
  -0.278701500782610E+01 -0.302252067863120E+01  0.324384249916509E+00
  -0.300776035859335E+01  0.328192726394912E+01  0.150233489939399E+01
   0.453926429244958E+00  0.210096008453713E+01  0.547889601046028E+00
  -0.107404816081666E+01 -0.307681695642116E+00 -0.176905019616614E+01
  -0.906992036496440E-01 -0.200349492816296E+01 -0.285120755168905E+01
  -0.157241791836082E+01 -0.334921463602845E+01  0.343764885193174E+01
  -0.155335499639380E+01  0.137500438418152E+01  0.128049735727631E+01
  -0.207549432835867E+01 -0.224585687830535E+01  0.309240097793793E+01
   0.332583990273711E+01 -0.102944466508897E+01  0.172771537496511E+01
   0.345850320628981E+01 -0.132421565843735E+00  0.273698412118699E+01
   0.280972041787620E+01  0.124388411072191E+01  0.305828863251270E+01
   0.517510605078394E+00  0.307269263713475E+01 -0.184054642407204E+00
  -0.141235170695571E+01 -0.482424595398578E+00  0.305669298434797E+01
   0.129488802846429E+01  0.481192777418411E+00  0.138928934381429E+00
   0.260441603469075E+01 -0.349018285694758E+01  0.246970897984728E+01
  -0.929449005560369E+00  0.330576216468604E+01 -0.206695547944350E+01
  -0.129020414713693E+01  0.365940889272484E+00 -0.288231618020728E+01
   0.151103777658619E+01  0.314357756180291E+01 -0.275825551276416E+01
  -0.135305457039701E+01 -0.153876619789784E+01 -0.965656288386493E+00
   0.154428080301825E+01  0.302152708629920E+01 -0.389017381812598E+00
   0.336148086583334E+00  0.397910359195857E+00 -0.340834278129364E+01
   0.730317980539566E+00 -0.239257202566531E+01  0.268282735310632E+01
   0.337328626707119E+01 -0.782836683070988E+00 -0.215799266679971E+01
   0.173593280138362E+01  0.195221348993647E+01 -0.138221822623659E+01
   0.296662399791794E+01  0.287939149608102E+01 -0.599803886946730E+00
  -0.259440635627052E+01  0.243088961901033E+01  0.115632384333621E+01
   0.223303571850779E+01  0.100525116075095E+01 -0.243209765383574E+01
   0.173610046385789E+01 -0.589492447925243E+00 -0.181731823728130E+01
  -0.113486841795110E+01 -0.753461115615829E+00 -0.264472396276885E+01
  -0.222455988963340E+01 -0.332027501547994E+01 -0.563856546708512E+00
   0.168646701369438E+01 -0.102513877576779E+01 -0.298833467599100E+01
  -0.190015100441171E+01 -0.359555329993104E+00 -0.763908447764171E+00
   0.169484581984077E+01 -0.130323127923448E+01  0.831369631340484E+00
  -0.256571030824112E+01  0.302330830998573E+01  0.256066570680736E+01
  -0.471169003742319E+00  0.201691019991129E+01 -0.262660746217094E+01
   0.821068824993485E+00 -0.127881408274750E+01 -0.337717814814389E+01
   0.356999393328587E+01  0.234155650495802E+01 -0.328966250225587E+01
  -0.661259198228193E+00 -0.271408040195168E+01 -0.325538664575772E+01
   0.349765195880768E+01  0.170315142284340E+01  0.155228803080139E+01
   0.824557028560555E+00 -0.110648103081522E+01 -0.226566721586893E+01
  -0.719920940167234E+00  0.582337956406846E+00 -0.518162629434474E+00
  -0.140664070668360E+01 -0.282635794197711E+01 -0.201456524218053E+01
   0.310157203021638E+00 -0.234045660283798E+01  0.795527096952866E+00
   0.275302800815478E+01  0.164870265964793E+01 -0.305432200430389E+01
   0.365348318878914E+00 -0.680231427229514E+00  0.172858615992065E+01
   0.265584598106472E+01 -0.307769832738104E+01  0.579285752278213E+00
   0.902660907237367E+00  0.270409541527518E+01  0.299586096638272E+01
   0.121780499831357E+01 -0.291372223376303E+01  0.191805642402417E+01
   0.524044594798095E+00  0.254922349998534E+01  0.151342393407005E+01
  -0.187431638205573E+01 -0.830807562376009E+00 -0.176456898434332E+01
   0.335141469911530E+01  0.295411107561651E+00  0.708022055501865E+00
   0.866311725778031E+00 -0.113895192053907E+01  0.248509439622519E+01
   0.221747003927812E+01 -0.296357311482714E+01  0.160791925584893E+01
  -0.353569420342361E+01 -0.336041943761693E+01  0.287213007430108E+01
   0.178703202163035E+01 -0.303322230271859E+01 -0.802647324891473E+00
  -0.123947846413667E+00 -0.558917841773717E+00 -0.783858382129057E+00
  -0.233446821789016E+01  0.928507554948438E+00 -0.302673294803553E+01
  -0.331119952841473E+01  0.112399616912421E+01  0.971867658676579E-01
   0.175440320944231E+01 -0.116963209499649E+01 -0.693802828525874E+00
  -0.127604881755385E+01  0.279893501517491E+01 -0.634499414214708E+00
   0.129772785898937E+00  0.352391872606142E+01  0.937099460085313E+00
  -0.188854020519782E+01 -0.254520286959129E+01 -0.300827398562072E+01
  -0.489089508791918E+00  0.783865389536463E+00 -0.163150735412224E+01
  -0.151372112479729E+01  0.166470955069021E+01 -0.340889466187889E+01
  -0.316764832058750E+01 -0.198119273957208E+01  0.214064319933590E+01
  -0.254622012686191E+01 -0.273833754979496E+01 -0.229088065584940E+01
  -0.566602620522082E+00 -0.226131929688382E+01  0.290568543190845E+01
   0.308170828526276E+01  0.123087164653788E+00 -0.159835948069815E+01
  -0.211447021021952E+01  0.334923148584730E+01 -0.296360363987658E+01
  -0.230827443652445E+01  0.130004538379002E+01 -0.184784997924873E+01
  -0.336648977105166E+01 -0.104153840588045E+01  0.292326641707756E+01
  -0.176359037265347E+01 -0.321318036590879E+01  0.247798827881993E+00
  -0.251937270148844E+01  0.150430433754394E+01  0.186476949974478E+01
   0.813858289259969E+00 -0.162245605885893E+01  0.131381740694708E+01
  -0.318421411014735E+01 -0.318974767400609E+01 -0.623559670400718E+00
   0.155961680086930E+01 -0.682867584542789E+00  0.182755668382651E+01
   0.380226205238964E-02 -0.164145333908740E+01 -0.942197115699063E+00
  -0.178530910697799E+01  0.414924742751304E+00 -0.143849297469957E+01
  -0.729915685099687E+00  0.308643037835670E+01 -0.306377100328080E+01
  -0.107234183071922E-01  0.236757425723171E+01  0.249732210892059E+01
  -0.766156821621925E+00  0.269641695013505E+00  0.946604084265772E+00
   0.749485128932701E+00  0.255984441667854E+01 -0.177463712783334E+01
  -0.805540714832704E+00  0.323527550049246E+01  0.306629931685899E+00
   0.322006499966998E+01  0.296319625706032E+01  0.317926326823115E+01
  -0.308432095296365E+01 -0.205749221303176E+01 -0.330398157598161E+00
   0.915230977124282E+00  0.230521619633505E+01 -0.748617607293686E+00
  -0.104742679027734E+00 -0.100124741129121E+01 -0.304451812712404E+01
   0.228309903488319E+01  0.264144071980391E+00  0.101213544576291E+01
   0.289147811317489E+00 -0.120574931249774E+00 -0.203748168829006E+01
  -0.274351507828531E+01 -0.190842049238567E+01 -0.325751875026530E+01
  -0.299876786043084E+01  0.313332509179189E+01  0.808214136023736E-01
   0.183592119512251E+01 -0.717336889025311E+00  0.311562980564840E+01
  -0.305950622180275E+01  0.149690610835679E+01 -0.329960549580477E+01
  -0.252021854619617E+01  0.205433591183593E+01  0.319840717949540E+01
  -0.237858012751398E+01  0.146663575385017E+01 -0.708416154842450E+00
   0.235454754408225E+01 -0.447519404034095E+00  0.229667871852571E+01
   0.238206141667097E+01  0.185699171626417E+01 -0.286933357526754E+00
% -0.376927900270978E-01  0.115708403869451E+01  0.812280330496932E+00
%  0.122676023136391E+01  0.113153138724416E+01  0.980869931911215E+00
% -0.299435313716473E+01 -0.490682957132698E+00  0.572927269054795E+00
% -0.730691543120497E+00 -0.150035594490483E+01 -0.127707104804484E+01
%  0.343126731851068E-01 -0.377898377223172E+00  0.486472634546687E+00
%  0.412311979348029E-01  0.301051847974890E+00  0.688391531600577E+00
%  0.621513898540523E+00 -0.370567904266677E+00  0.128290941605785E+01
%  0.578354306088281E+00  0.433166029348808E+00 -0.198797230304911E+00
%  0.633246853600063E+00 -0.211930238379870E+01  0.414206382984782E+00
% -0.661518562956371E+00  0.390543027565697E+00  0.162089593695574E+01
%  0.282244969607593E+00 -0.682372969803285E+00  0.916974816754264E+00
% -0.236118129920335E+00 -0.166145878188783E+01 -0.823337937760256E+00
%  0.546859295306897E-01  0.878263087671608E+00  0.123201387456615E+01
% -0.925704248108217E+00  0.114906874620505E+01  0.416385609638322E+00
% -0.129804985285860E+00 -0.116216784626462E+01 -0.123249151620719E+01
% -0.854822870109474E+00 -0.155603655685825E+01 -0.213156020597707E+01
% -0.208628256061835E+00  0.129810684752046E+00  0.297076021618361E+00
%  0.225758064111494E+01 -0.734878799133519E+00  0.263791696038374E+01
%  0.162978855586867E+01  0.793896020215056E+00  0.844604623036672E+00
%  0.288789742312222E-01  0.933257251986807E+00  0.110697640870703E+01
%  0.210868843169835E+00 -0.262021665113594E+01  0.102540807881025E+01
% -0.181087323261354E+01  0.286985683397886E+00  0.116848224205604E+01
% -0.185050996401620E+01 -0.243568071268824E+00  0.140684230849730E+01
% -0.584015518820003E+00 -0.134372993018457E+01 -0.178849612424538E+01
% -0.534865389999621E+00 -0.422986475375438E+00 -0.305342039544972E+00
% -0.960198799099080E+00 -0.184547356093346E+00  0.208745183749410E+01
% -0.377155376731891E+00  0.446284987359343E+00  0.224122754877348E+01
% -0.303074555172307E+00  0.900311159445103E+00  0.333748461197441E+01
% -0.155975711481172E+01  0.113841950070904E+01  0.126459601270090E+01
% -0.220841255474549E+00 -0.132225381061441E-01  0.871298616649161E+00
% -0.736334361432228E+00 -0.173548310955064E+01 -0.102995618501603E+01
%  0.751883741126067E+00 -0.139974768143731E+01  0.234666772829566E+01
%  0.768724279076085E+00 -0.297633110726051E+00  0.641675673534516E+00
% -0.169285504619410E+01  0.112734244190057E+01  0.214961251902685E+01
% -0.103210754358947E+01 -0.520314685853888E-02 -0.138663643589859E+01
% -0.234312257761005E+00 -0.106323863105743E+01 -0.567876597023620E+00
% -0.453877768431781E+00  0.502444970128125E+00 -0.175490173358639E+01
%  0.570860834814677E+00  0.113358635641425E+01  0.866071335656805E-02
% -0.718911059990826E+00 -0.582254673785162E+00  0.510746009902636E+00
% -0.285631305861084E+01  0.562415391956514E+00  0.925098321197963E-01
% -0.136411549207494E+01 -0.176026381082804E+01 -0.607878037727128E+00
%  0.151687755432938E+01 -0.771728675119225E+00 -0.942613162822961E+00
%  0.125660809800513E+01 -0.210857203884347E+00 -0.339275165420622E+00
%  0.718496166408431E+00  0.247869874453477E+01  0.197677171115703E+01
% -0.158006014570916E+00 -0.250739077133988E+00  0.301074699434538E-01
% -0.145849104942862E+01 -0.207831868692809E+01 -0.106333962700194E+01
% -0.149392481461393E+01 -0.219110111233587E+01 -0.142974598696659E-01
%  0.411540536820063E+00  0.137331032549069E+01  0.147336350698271E+01
% -0.111408035283758E+01 -0.132909800242121E+01 -0.701868723257123E-01
% -0.512089983973102E+00  0.151968070684072E+01  0.203386430678473E+01
%  0.109439933562592E+01 -0.112890698541284E+01 -0.193740769891202E+01
%  0.687185680100893E+00 -0.164835778631048E+01 -0.671303201416361E+00
%  0.652320598013039E+00 -0.604215732638518E+00 -0.206106057871894E+01
% -0.110758827264894E+01  0.510446040639175E+00 -0.203657529730414E+01
% -0.184940947273544E+01  0.910307976753910E+00  0.975729311944621E+00
%  0.298716995811246E+00  0.115623735376835E+01 -0.660731355868903E+00
%  0.101831450251885E+01 -0.194432548948370E+00 -0.282451017549185E+00
% -0.165420717594599E+00  0.147123674232443E+01 -0.374952200965176E+00
% -0.653969282483779E+00  0.125841516405501E+01 -0.181586077584638E+01
% -0.107350496776893E+01  0.502479877004839E+00  0.209481921157125E+00
%  0.564033028168366E+00  0.181334170059103E+01  0.884220198367534E+00
% -0.897859164804047E+00  0.793569106600610E+00 -0.101408157391601E+01
%  0.686604917302607E+00  0.826518277556293E+00 -0.115751893243560E+01
%  0.837253915575564E+00  0.156830852496443E+01 -0.171839572598830E+01
%  0.836822342820332E+00 -0.163336123573208E+01 -0.572345654145419E+00
% -0.185663694523466E+01  0.978563259720150E+00  0.130281407722695E+01
%  0.152715429010249E+01 -0.116901593583793E+01  0.432814721404377E+00
% -0.108165198907984E+01 -0.698136882760408E+00 -0.499309749763725E+00
% -0.179756407655068E+01 -0.175099748133344E+00  0.161721784411757E+01
%  0.704895706774404E+00  0.446815282429249E+00 -0.723275626836717E+00
%  0.156252748964026E+01  0.116376688950987E+01  0.116373266310489E+01
% -0.340176170282362E+00  0.216421729618473E+00  0.139184817615454E+00
% -0.214299478336288E+01 -0.509244275850614E+00 -0.491547672131158E+00
% -0.511410747795562E+00  0.108245332301289E+01  0.205979405655155E+01
% -0.221040305935585E+01  0.139766357604532E+01 -0.116966662937379E+01
%  0.199016675240252E+00 -0.224273432823583E+00  0.113801539441248E+01
%  0.461248211766015E+00  0.173736247365795E+01  0.457031325090541E+00
%  0.173894076621742E+01 -0.123160724187515E+01 -0.860861759919428E+00
%  0.154355249678886E+01 -0.272509537168136E-01 -0.242642331548557E+01
%  0.120936164661148E+01 -0.533245411727122E+00  0.335773328222972E+01
% -0.284329227814770E-01  0.997387877302926E+00  0.870442206641801E+00
%  0.739519757030051E+00  0.357195925854760E+00 -0.216089452073137E+01
%  0.801350104868046E+00  0.922932484961554E+00 -0.276173973499544E-01
% -0.990055643443081E+00 -0.315671875519540E+00  0.264189615723453E+01
% -0.562089389937460E+00 -0.900935011478313E-02  0.734034707129304E+00
% -0.784351855039015E+00 -0.745976169664908E+00 -0.138822738618630E+01
%  0.131341973824259E+01  0.532883148670826E+00 -0.105926084652743E+01
% -0.574779519462577E+00  0.620972285302933E+00 -0.874146053534273E+00
%  0.113495220295998E+01  0.103435990812706E+00 -0.120868659839242E-01
%  0.194882373267903E+00 -0.233550929760210E+01 -0.172829883455718E+01
% -0.886731769039384E+00 -0.393831034489439E+00 -0.207683037147632E+01
% -0.500330172384554E+00 -0.258318610705495E+00 -0.498692091652067E+00
% -0.655553655727763E+00 -0.136875936379302E+01  0.860640899736562E+00
% -0.499727555997989E+00 -0.324166000424681E+00  0.115728793545160E+00
% -0.340129283062131E+00 -0.263115529893302E+00  0.142565646976480E+01
% -0.601952279585650E+00 -0.208355082115115E+01  0.234285925407227E+01
% -0.143896178516609E+00  0.857377088396113E+00  0.889809740215209E+00
% -0.450330911588310E+00 -0.513949646103630E+00  0.281051002324643E+00
%  0.310485380715416E-01 -0.162024075513003E+00 -0.305433496841213E+00
%  0.436948054204681E+00 -0.120867376710125E+01 -0.386669966614920E+00
% -0.553397417838813E+00  0.633023729558423E+00  0.121040464903975E+01
%  0.522223987131323E+00 -0.143622114439217E+01 -0.173807711360813E+01
%  0.183413281712696E+01 -0.228728125367969E+01 -0.159651413458689E+01
%  0.457121574864160E+00  0.635703339490688E+00 -0.111544673010677E+01
% -0.176014229739798E+00  0.774096381674840E+00 -0.931184951620173E+00
%  0.971098260519014E+00 -0.576513472160087E+00 -0.231032229343684E+00
%  0.122135153603137E+00 -0.127394626625390E+01 -0.964725537052567E+00
%  0.608503410173272E+00 -0.184129583401854E+01 -0.116344724994962E+01
% -0.948247525158783E+00  0.327924055628956E+00  0.981352087462799E-02
%  0.906416729126665E-02  0.598693229777788E+00 -0.235032968554059E+00
% -0.108964727594944E+01 -0.101922566527033E+00 -0.619388732457747E+00
%  0.177075504636064E-02 -0.170924380053208E+01 -0.280923326641654E+00
%  0.169009633031778E+00  0.312105789955413E+01  0.319216661111438E+01
% -0.951198226155770E+00  0.129594409902641E+01 -0.236864554240638E+00
% -0.134055417974151E+01 -0.407267589535862E+00  0.878062362538662E-01
%  0.191344274585472E+01  0.612572864389388E+00  0.767291854283801E+00
% -0.140279907946823E+01 -0.234973809921002E+01  0.513187060736404E+00
%  0.190062394468549E+00 -0.647252584782346E-01 -0.208910649655384E+01
%  0.172668621873474E+01  0.455785207544846E+00 -0.139253291173885E+01
%  0.237917454680658E+00  0.114356754395449E+01  0.887838263515403E+00
%  0.982518242831591E+00  0.178427367941527E+00 -0.931501072705846E+00
% -0.119176571508179E+01  0.393566447383732E+00  0.423459098089827E-01
% -0.104723065948720E+01  0.848211201981104E+00  0.648032751891581E+00
% -0.255488066102698E+01  0.346420643222024E+00 -0.119385510079258E+01
%  0.369226622772060E+01  0.675746189669401E+00 -0.696739085185936E+00
% -0.179778748074370E+01 -0.460272353067765E-01 -0.822468662863821E-01
%  0.215435475971783E+01 -0.178730116885524E+01 -0.686440073251230E+00
% -0.123464844351182E+01  0.209420202217292E+01  0.201410617661952E+01
% -0.910901532453876E+00 -0.119730088025212E+01 -0.563987348103585E+00
% -0.262638007410785E+00 -0.300958891401500E+01 -0.849235150022085E+00
%  0.163657621803358E+00  0.604412635211260E-01 -0.161163331901291E+01
% -0.104794566700801E+01 -0.770326927493626E+00  0.887076664984986E+00
%  0.722685716715639E+00  0.127987270215472E+01 -0.118873363388543E+01
% -0.145591645337172E+01 -0.918481779907867E+00 -0.435741188101921E+00
% -0.777104142863094E+00  0.787753354143236E+00 -0.875155565736447E+00
%  0.217636132829095E+01 -0.100274122156675E+01  0.240515562936875E+01
%  0.100306445324455E+01  0.218648509174852E+00  0.207533525780813E+01
%  0.143087604091429E+01 -0.142505602032534E+01 -0.182300228104943E+01
%  0.981150004746501E+00  0.149275006623187E+01 -0.496351842311771E-01
% -0.118775136141081E+01 -0.317797871669554E+00  0.139889912628135E+01
% -0.219059437646411E+01  0.162430842683212E+01  0.220752247926381E-01
% -0.134230596466885E+00  0.140777530678147E+00 -0.203347032629294E+00
%  0.334164195281199E+01  0.233357148796355E+01 -0.108203581201911E+00
% -0.254295977043046E+00  0.176289451918693E+00  0.188823508670469E+01
% -0.608942664460149E+00  0.820791754801970E+00 -0.194005969171791E+01
% -0.328613671117669E+00 -0.184624633133129E+00 -0.220939437886831E+01
%  0.103463163179826E+01 -0.109710230557369E-03  0.879184376782099E+00
%  0.326854298823518E+00  0.222914832308905E+01  0.381046830162314E-02
% -0.323154378484020E+01  0.175488377391889E+01 -0.662276765302471E+00
%  0.678132030186515E+00 -0.168945919641701E+01 -0.210818946040903E-01
%  0.168656624885790E+01 -0.982800329268540E+00  0.446444710525251E+00
%  0.755869779237105E+00 -0.159754662560519E+01 -0.101106838968608E+00
% -0.554883155060181E+00 -0.446354542560789E-01  0.109587682879430E+01
% -0.480216999786269E+00  0.807473325388411E+00 -0.102293221550765E+01
%  0.435349756142268E-01  0.202771083153761E+01 -0.452103190542673E-01
%  0.526832574376523E+00  0.482303739230726E+00  0.185553864810487E+01
% -0.119749380523149E+01  0.340518285045879E+00  0.181119091437200E+01
%  0.130163910435216E+01 -0.946102188378808E+00  0.139580146670202E+01
%  0.349052010593642E+00  0.395350567752450E+01  0.569660163655835E+00
% -0.368214184132866E+00 -0.352840488203476E+00  0.307699485293856E+00
% -0.188865137428772E+01  0.849242426785613E-01 -0.765322063832922E+00
%  0.186482395583073E+01  0.171427564705643E+00 -0.115769137291806E+01
%  0.780760954567747E+00  0.224887124847251E+00 -0.624562944498481E+00
%  0.145698188766782E-01 -0.724210276348326E+00 -0.277515490796114E+01
% -0.242425525301657E+01  0.172240065054668E+01 -0.109482984876707E+01
% -0.433938593102642E+00 -0.138189691723921E+01 -0.122456094601666E+01
%  0.808138591405701E+00 -0.617322313804016E+00  0.112766529726883E+01
% -0.149485836594000E+01  0.574995841967938E+00  0.171425937968487E+00
%  0.996990620094253E+00 -0.149681321201553E+01  0.613575560224540E-01
%  0.745789150187671E+00  0.413530521415205E+00  0.102079436192493E+01
%  0.533172071490144E+00  0.197782122533774E+00  0.618181345477986E+00
% -0.152323282721662E+01  0.190703357655556E+01 -0.845236786501366E+00
%  0.151765804598439E+01  0.125019131974238E+01 -0.224953820022511E+00
%  0.148212518830728E+01  0.250479940264885E+01 -0.240734363085324E+01
%  0.213832097923910E+01  0.971508091940012E+00  0.941043642208447E+00
%  0.705898285422700E-01  0.932427935597823E+00  0.506038134961336E+00
%  0.103638417123423E+01 -0.116600160503148E+00 -0.124908900981117E+01
% -0.502916689843463E+00 -0.155951287727747E+01 -0.426668857563910E+00
% -0.416515811302962E+00 -0.178247667302186E+01  0.136599508477814E+01
% -0.667177826471021E+00  0.465798994741584E+00 -0.409867305497280E+00
% -0.113951884398136E+01  0.811541969167833E+00 -0.189419379582535E+01
% -0.657946043815933E+00 -0.105651832237133E+01 -0.219034183760441E+01
% -0.187484840519278E+00  0.566528189877546E+00  0.284900835436596E+00
%  0.359979476535832E+00 -0.147805254495009E+01  0.528380673656409E-01
%  0.176049582116306E+01 -0.333302928867041E+00  0.117329240182817E+01
% -0.683437317617750E+00 -0.257726274900121E+00  0.585659447929671E+00
%  0.151127123283122E+01 -0.100240242198506E+01 -0.133272032968736E+01
% -0.916958755748010E+00  0.191721882313631E-01  0.307543621274981E-01
%  0.185636805228480E+00  0.165583506330065E+01 -0.269517641157567E+00
% -0.649952829379478E+00 -0.659302507106079E+00  0.132217959620306E+00
%  0.175028467495381E+01  0.457458081305350E+00 -0.281789260273201E+01
%  0.125043482977663E+01 -0.106629909714191E+01 -0.158388352822045E+01
% -0.290288260931169E-01  0.167009067013729E+01  0.273977755870836E+01
% -0.147724528518683E+00  0.173953137188728E+01 -0.111951154621247E+01
% -0.108274550384623E+01 -0.488967421422527E+00  0.175802951346133E+01
% -0.708364673901534E+00 -0.133688956388863E+01 -0.584314375691083E+00
%  0.106249627149204E+01 -0.476875770594098E+00  0.197180488816106E+01
% -0.250078250793010E+01  0.626615882741987E+00  0.465937532369195E+00
%  0.137086436218835E+00 -0.799235307799881E+00 -0.135198108249215E+01
%  0.860212006966614E+00 -0.174160586547960E+00 -0.112600881828415E+01
%  0.214244061565386E+00  0.418660666768564E+00 -0.100601413220189E+01
%  0.659066153379474E+00 -0.807908273113526E-01  0.133213527973595E+00
% -0.191638581298921E+00 -0.329038974508720E+00 -0.181861845937009E+00
%  0.167022753416263E+01  0.502706805410798E+00 -0.329511565609180E+00
% -0.113860002463605E+01  0.135608163224355E+01  0.682213408169250E+00
%  0.102733140184212E+01 -0.242094736209911E+00 -0.102956633051380E+01
%  0.967840471154064E+00  0.136230731857511E+01  0.670631080683944E+00
%  0.172392481491486E+01 -0.135314397971695E+01 -0.673601837782989E+00
%  0.395805150931344E-01 -0.108008558953733E+01  0.234370528474033E+01
%  0.169420155138635E+01 -0.562128412064159E+00  0.100225546494504E+01
%  0.528124277155167E+00 -0.231203377482568E+01  0.920300609690451E+00
%  0.284321278343177E+01 -0.119138883475268E+01  0.470191683134970E+00
% -0.106256723894486E+01 -0.129709361282748E+01  0.751066564375335E+00
%  0.130205570020641E+01  0.194741546827875E+01 -0.119656284079961E+01
% -0.426749962409653E-01 -0.251013068361416E+01 -0.521824218406616E+00
%  0.122088382638870E+00 -0.206960463452130E+00 -0.718388282285800E+00
%  0.755042387566667E+00  0.484937612130725E+00  0.244329187614366E-01
% -0.138852486908130E+01 -0.689902903028495E+00 -0.110437466391612E+01
% -0.140036171520191E+01  0.617097398654816E+00  0.146299162131548E+01
%  0.700306937400977E+00  0.161833642932701E+00  0.185401079567202E+00
% -0.118279771557490E+01 -0.931388854794657E+00 -0.392152476661610E+00
%  0.492795179057687E+00  0.141337486855092E+01 -0.724861426200917E+00
%  0.466714864328689E+00 -0.165215764070682E+01  0.329583100171575E+00
%  0.168997689115916E+01 -0.354798683180348E+00  0.117529277113989E+01
%  0.879230107789954E+00  0.153086608926916E+01 -0.130494605114797E+01
%  0.458330634775093E+00 -0.375381522614499E+00  0.600602160910639E-01
%  0.242002495483566E+01 -0.104032889464440E+01 -0.327590863956609E+01
%  0.192952539044961E+01  0.109345417056513E+01 -0.209188033551293E+01
% -0.431893108814548E+00  0.386829047887831E+00 -0.760857485062090E+00
%  0.169054362291462E+01  0.635239758162702E+00 -0.272636071287355E+00
% -0.296566584096230E+00  0.654333188161884E+00 -0.954550313793093E-01
% -0.212807150476560E+01 -0.112170753306811E+01  0.570284907649315E+00
% -0.130118938925555E+01 -0.639546398463069E+00 -0.870753304321432E+00
%  0.639621849749039E+00  0.199422172650315E+01  0.332185824250209E+00
%  0.619048099538256E+00  0.192702398620530E+01  0.438820272751974E+00
%  0.536726815911311E+00 -0.236991680788304E+01 -0.731174639655935E+00
% -0.149781919675797E+01  0.235892242591216E+01  0.951704278042912E+00
% -0.187140851910721E+01 -0.132760445743993E+01  0.149049701256131E+01
% -0.216296932564999E+01  0.396888277799696E+01 -0.991173066442784E+00
% -0.335803631192327E+00  0.914028240886272E+00  0.243851383200131E+01
%  0.542044630508718E+00  0.247738266714945E+01  0.630111095827593E+00
%  0.148066324713720E+01  0.119295043177834E+00 -0.578916744449885E+00
% -0.129149585881168E+01  0.176561873077948E+01  0.105380545909282E+01
%  0.389494779312456E-01  0.818894046505582E+00 -0.681224919322581E+00
% -0.155705784917053E+01  0.890392623545570E+00  0.503700397848165E+00
%  0.499391530876507E+00 -0.336934623276129E+00  0.318682610182390E+00
%  0.123130766437858E+01  0.991998931839813E+00 -0.214951517958078E+00
%  0.116927124917462E+01 -0.332675775763553E+01 -0.113220449478129E+01
%  0.299049291015017E+00  0.676434691919891E+00 -0.278483761526421E+00
%  0.394372137040538E-01  0.741395353237645E-01  0.115578147465995E+01
% -0.242486497509280E+01 -0.368340330685868E+01 -0.896742741560326E+00
% -0.250421588214030E+00 -0.461780992978052E+00  0.166622376231811E+01
%  0.184337474022306E+01 -0.665742512411456E+00  0.149246412289787E+01
% -0.822697813866316E+00 -0.775399290300096E+00  0.137523879913361E+01
%  0.227287959929480E+01 -0.264594465617860E+00 -0.619190707093440E+00
% -0.709791694682616E+00 -0.938727296897681E+00 -0.235695983144739E+01
%  0.333045702069272E+02  0.161898916336298E+01  0.772061365766836E+01
%  0.879126459274867E+01 -0.515514297637126E+00  0.722207334735150E+00
%  0.279255369795431E+02  0.359048502970209E+02  0.159709515007864E+02
%  0.226911463199967E+01  0.796559644425157E+01  0.118189402530679E+01
% -0.207037206665948E+02  0.134581109707756E+02 -0.181826891247575E+02
%  0.108547446798836E+01 -0.307007027604141E+02 -0.235160830398606E+02
%  0.519887468205353E+02 -0.373545506849553E+02  0.835968439794131E+01
%  0.455556243949673E+01 -0.629177849109749E+00  0.208037771086306E+01
% -0.814966500816834E+01 -0.223003195123700E+02 -0.136390955110785E+02
%  0.104346559362769E+01  0.606565412363949E+00 -0.515921543317806E+01
% -0.465552285663327E+01  0.622657962584643E+01 -0.377831006837296E+02
% -0.222679109440593E+01 -0.522917685949933E+01  0.265621678941851E+01
% -0.110174297955550E+02  0.812579492892198E+01 -0.155574340626116E+02
%  0.435595955760796E+01 -0.571037550621844E+01 -0.474219780718484E+01
% -0.274881636219683E+01  0.313764717924466E+01 -0.946581211150202E+01
%  0.204073358335009E+02 -0.979392018010298E+01  0.275715702204657E+02
% -0.341065459144674E+01 -0.941820823027977E+01  0.743832171374695E+02
% -0.872341245044815E+01 -0.864709565014743E+01  0.379455800792919E+02
%  0.221161129339227E+02 -0.422325308369473E+02 -0.512021333365322E+02
% -0.512595535915594E+00 -0.938826024579559E+00  0.296067495989671E+01
%  0.334222721045402E+02  0.229748777627801E+02 -0.132206471048660E+02
%  0.329034936998269E+02 -0.358534320538320E+02  0.878254076545151E+01
%  0.456044521603142E+01 -0.255321405771689E+02  0.372537903013569E+02
% -0.760780539397757E+01  0.198305963998729E+01 -0.310050519175782E+01
% -0.285540095256027E+02  0.464443870581564E+01  0.208593015005630E+01
%  0.621938411156554E+00  0.197559904915115E+02 -0.697459443242983E+02
% -0.367262796481010E+02  0.495607187636216E+01  0.198400260689850E+02
%  0.113120440844519E+02 -0.106227108808617E+02  0.544474734987009E+01
% -0.672377323016388E+02 -0.944065132433816E+01  0.160418899801499E+02
% -0.359769363679592E+02 -0.205804890456232E+02 -0.361902630052341E+02
%  0.105545190560481E+02 -0.802390587946739E+01  0.609921000521630E+01
% -0.168265609487289E+02  0.841195502154002E+01  0.168573781565242E+01
% -0.669331010919575E+01 -0.897130749846869E-01  0.223926152421258E+02
% -0.137764499871634E+02  0.104773637613450E+02 -0.132658558172822E+02
% -0.787460833293909E+00 -0.185791756337676E+02 -0.908073938097542E+01
%  0.996092538876001E+01  0.783840983697594E+01 -0.315017332394634E+02
% -0.173983311697270E+02  0.964733852304212E+01 -0.850309991702922E+01
%  0.130255893829450E+02  0.173093826218241E+01 -0.989200231225884E+01
% -0.113288864618619E+02 -0.715557431751496E+01 -0.379138596207470E+01
%  0.615334998071624E+01 -0.169209073412936E+02 -0.172212831927537E+02
% -0.468477559867582E+02  0.220450164888826E+02  0.229599374931642E+02
% -0.429086310315198E+01 -0.182353904964067E+02 -0.603392848996912E+01
%  0.450315390927085E+02 -0.198620022477871E+02 -0.732849893736731E+02
%  0.994164838534244E+01  0.670326161398630E+01 -0.211157256681556E+02
%  0.449414640015232E+01  0.892979561961638E+01  0.106266223127860E+02
% -0.220148617810043E+01  0.870311280899350E-01  0.359277407863059E+01
%  0.350809032422260E+00 -0.341888686508157E+01 -0.255538787650212E+01
%  0.111160064968611E+02  0.967080944665091E+01 -0.113269102345651E+02
% -0.350010747238141E+02 -0.216210372458416E+02 -0.294961899919767E+02
%  0.351352966888386E+02 -0.409854943742186E+01 -0.887838163944360E+00
% -0.182537459190228E+02 -0.137378916092348E+02  0.283232516449995E+01
%  0.774930286977549E+01 -0.517956545233810E+01 -0.657447640241791E+01
% -0.361336931605718E+01  0.152168395596343E+02 -0.196132129253572E+02
%  0.605017711801094E+00  0.890280001693325E+01 -0.183810389067509E+01
%  0.439090168881579E+01  0.159863202214438E+02  0.524543720781880E+01
%  0.601454291869363E+01  0.138472214146826E+02  0.187844555534279E+02
% -0.218246323251930E+02 -0.271913090393382E+02 -0.148620672360967E+02
% -0.208066522995267E+01  0.672902978309897E+01  0.121943029926912E+02
% -0.801951787725240E+01 -0.969449165488289E+01  0.319242671546300E+02
% -0.101825025730345E+02 -0.727432665575860E+00 -0.117756530421782E+02
%  0.161767705812256E+01 -0.986482530562261E+01  0.224612556007785E+02
%  0.154614199857663E+02 -0.511606844655465E+01 -0.244489964433335E+02
%  0.813836776304738E+01 -0.234760118255070E+02 -0.216789484271953E+02
% -0.786242068527148E+01 -0.177404688242821E+02  0.180534267085851E-01
% -0.216220205674962E+02  0.825356785088524E+00 -0.601784166051945E+01
% -0.813690279738490E+01  0.155660869406823E+02  0.952253268073115E+01
% -0.347932613327802E+02 -0.114370467855942E+02  0.363749475178501E+01
% -0.190961896941053E+02  0.150981427819188E+02  0.150498927740528E+02
% -0.115149487119007E+02 -0.899647637519142E+00  0.412449050536977E+01
%  0.411125101708677E+02  0.156912414225125E+02 -0.100292618913556E+02
%  0.227891061509675E+01  0.364129795146227E+01 -0.797797667702881E+00
%  0.174931279762461E+02 -0.997971771158517E+01  0.105342077506114E+02
% -0.258498231708541E+01  0.364002939343230E+01  0.897398122664119E-01
%  0.791940722129005E+01  0.188570756441126E+02  0.298973054966290E+01
%  0.138626231008354E+02 -0.181371862426053E+02  0.200555014703636E+02
% -0.175439062094248E+02  0.555209468942675E+01  0.387178717315029E+00
%  0.332178768181895E+01  0.413516031193739E+01 -0.160582286473089E+02
%  0.559502479327541E+01  0.629403074555460E+01  0.846289828395889E+00
%  0.392524596798618E+01  0.141375131872679E+02 -0.492473730926318E+00
%  0.169271529173207E+02  0.400752599691330E+02 -0.344590943756472E+02
% -0.123834236067486E+01 -0.567198155285784E+01  0.686238039369009E+01
%  0.426479496471302E+01 -0.381086326863447E+01 -0.390371993344585E+01
%  0.315657114426322E+00 -0.299291204246163E+01 -0.598599185293605E+00
%  0.665946983164515E+00 -0.239522761703547E+02 -0.248233245413338E+01
%  0.816036854290417E+01  0.146460377346979E+02  0.407818469638058E+01
% -0.149274372853427E+02 -0.136952386737481E+02 -0.271675082240847E+01
% -0.518203803170511E+02  0.243294535964741E+02  0.419990372690393E+01
% -0.434862240742723E+02  0.152669434583014E+02 -0.247027201494820E+02
%  0.172435200505538E+01 -0.154041312505225E+02  0.524903497044413E+01
% -0.101336372986850E+02 -0.674267567913838E+00 -0.194858696816123E+02
% -0.358647069362641E+02  0.213057435128308E+02  0.126342374129251E+02
%  0.114352774439803E+02 -0.105186698393393E+02 -0.275688292772714E+02
%  0.232252216513495E+01  0.312992743777353E+01 -0.607356813832578E+01
% -0.327124399118824E+00  0.267377530488682E+01  0.270263393686732E+01
% -0.156214519875555E+01  0.241488755233835E+01 -0.853046819233526E+00
%  0.271528294263405E+00  0.454934607182661E+01 -0.171109404888235E+01
%  0.112410531214266E+02 -0.317105644292635E+02  0.779297565488532E+01
% -0.216028953429270E+02  0.549980642388822E+02  0.211317692234974E+02
% -0.356723021470100E+01  0.195330730681868E+02  0.192361407993824E+02
% -0.252827043199585E+02  0.402721406169273E+02 -0.134729297430573E+02
%  0.460087173804883E+02  0.231178948664709E+02  0.343229803003741E+02
%  0.238108904116654E+01 -0.284475642335899E+01 -0.343088720208521E+01
% -0.413335456026330E+02  0.179916897832420E+02 -0.658846500642292E+01
%  0.198626065961952E+02 -0.132959872049523E+02 -0.148487696204396E+02
%  0.357389268332734E+01 -0.341027616334599E+01 -0.378088298885725E+01
%  0.824127371178075E+01  0.155978397282018E+02  0.151929316815318E+02
%  0.202343113618205E+02  0.257392065068076E+02 -0.757563918993877E+02
% -0.861978602498160E+01 -0.475572812610142E-01  0.304648897182766E+01
% -0.187140505023922E+02 -0.453963465260710E+02 -0.199765007657963E+02
%  0.807201759027351E+01 -0.298770573587942E+02  0.103249871928851E+01
%  0.150177646010972E+02 -0.740947637321260E+01 -0.211384354098767E+02
%  0.422353301987411E+01 -0.529824823845470E+01 -0.419116078695469E+01
%  0.977795802933235E+00  0.776775318911368E+01 -0.211923719162667E+02
% -0.311028458174485E+02 -0.234283098504880E+02  0.182362383138582E+02
%  0.199132559829715E+00 -0.949823612900740E-01 -0.142571525816412E+02
%  0.124532659945916E+02 -0.252552561098725E+01  0.204705134850544E+01
%  0.223653997966756E+01 -0.239134555168511E+02 -0.675774547771931E+01
% -0.358268117000259E+02  0.253466921874911E+02 -0.561483227845536E+02
%  0.257204849189310E+01  0.471562761915644E+01 -0.106104750087021E+02
%  0.239952043705933E+02  0.573892920502537E+02  0.190794845260028E+02
%  0.192081986751469E+02  0.389771979600216E+01 -0.232519565140815E+02
%  0.234828086573124E+01  0.238611344099875E+01 -0.504745154639082E+01
% -0.164472420967896E+02 -0.661036315192808E+01  0.160832799479194E+02
% -0.166212285998888E+02  0.275646038891529E+02  0.255162489650891E+02
%  0.228513108233829E+02 -0.172565643122965E+02  0.107201900065206E+02
% -0.241917755544953E+01  0.443416288743113E+01  0.104316410271017E+02
% -0.564291775116239E+01 -0.279536644639518E+02  0.585270252677333E+02
% -0.118335282458414E+02  0.802061260063784E+00 -0.581412389236801E+01
%  0.128993128178544E+02  0.822223125124462E+01  0.460784874582266E+02
%  0.110406565087989E+02 -0.330122384468260E+02 -0.336726343160343E+02
%  0.924515400394558E+01  0.564716413370509E+00  0.126557122394125E+02
% -0.201291900670406E+02 -0.615553527050598E+00  0.134138618255941E+01
%  0.843089910981683E+01  0.508256020058054E+01  0.165819034734616E+01
% -0.249551865074264E+02  0.216415026750615E+01  0.265939887053818E+02
% -0.226872967730805E+02  0.157380295895240E+02  0.104492743923071E+02
%  0.110413860894012E+02 -0.160561160208864E+02 -0.451502268195750E+02
%  0.262336367170763E+01  0.516196845648083E+01 -0.564742191606380E+01
% -0.418590214601402E+01 -0.119928510947946E+02 -0.253016776068106E+02
% -0.530321438650964E+02 -0.945951260116748E+00  0.515735992058708E+02
% -0.691799358062909E+01 -0.135100707591526E+01 -0.174444263132536E+02
%  0.398960195818679E+02  0.183336710463154E+01  0.166808377594664E+02
%  0.574214836347047E+01  0.168401789185798E+02  0.387323566146246E+01
% -0.119889846042579E+02 -0.127369794661614E+02  0.119251642743831E+02
% -0.690694811615845E+01  0.605033403510573E+00 -0.724303451931729E+01
%  0.213964690078071E+02  0.155813427314846E+01  0.420191458271145E+01
%  0.115345953137823E+02  0.898430955236525E-01 -0.103276385975561E+02
%  0.418967664281871E+01 -0.783549878092237E+01 -0.508452716480049E+01
% -0.743170835498023E+02 -0.150957517120104E+02 -0.118286228448797E+02
% -0.406743692034631E+02 -0.255607876247270E+02 -0.103590676170480E+02
%  0.163320075791711E+02  0.179942453398023E+01  0.139542309959739E+02
% -0.963597910971325E+01  0.509686536773303E+01  0.452455657212653E+02
% -0.149700017470274E+02  0.973781887305751E+01  0.752037076558340E+01
% -0.477828015682766E+01  0.211206774201140E+02  0.333146723546694E+02
% -0.428981268351073E+02 -0.732760133066992E+01  0.199430633123751E+02
% -0.858773570994311E+01 -0.477059915782737E+00 -0.130182016058203E+01
%  0.443480062807770E+02 -0.672690420837628E+02 -0.127193312564594E+02
% -0.130403444366038E+01 -0.157368776859123E+02  0.128710194335649E+02
% -0.389863905540799E+02  0.190094918774408E+02  0.184432865235631E+02
%  0.898169731106709E+01 -0.857934658032139E+01 -0.595108551093541E+01
% -0.396724330550735E+01  0.174815275721103E+02  0.185871029647846E+02
%  0.142915546531069E+02  0.190776399560678E+02  0.135061125343843E+02
%  0.201315598027232E+02 -0.285303160435191E+01 -0.406482175533737E+01
%  0.487008741534646E+02  0.438296582562397E+02  0.273496876844281E+02
%  0.229044233477829E+02  0.623264383958733E+01 -0.183148308459358E+02
%  0.494679225329210E+01  0.155632910958510E+02  0.271246187871270E+01
%  0.114211176575229E+00  0.509896375875787E+01  0.515315445327444E+01
%  0.762622054401011E+02  0.158569387960095E+02  0.496056049800338E+01
%  0.297831858046385E+02  0.216280872924757E+02 -0.430040498438637E+01
% -0.607095102351497E+01  0.325463890288380E+02 -0.135234001811755E+02
%  0.233591548313971E+01  0.652558225187184E+01  0.183603052928648E+02
% -0.150917802156732E+02  0.994825437825838E+01  0.133866960342078E+02
% -0.195342060250880E+02 -0.442297213844882E+01  0.209540913729098E+02
% -0.456152301261524E+00 -0.599904674621135E+01  0.691855476974036E+01
%  0.387902963287773E+02 -0.335620873402207E+02 -0.120515488058041E+02
% -0.302376544112480E+01  0.135931966560069E+01  0.105751135872516E+02
%  0.221918959881499E+02  0.106829201625517E+02  0.182338111194247E+02
% -0.142548071514597E+02 -0.824490100838028E+01 -0.145497045922390E+01
%  0.790334667414395E+00  0.598727720899508E+01 -0.213758067545174E+01
%  0.233659231425578E+02  0.125979514940349E+02  0.320310255688961E+01
% -0.146060813326424E+02  0.308061438221742E+02  0.881479463868521E+01
% -0.473968857178367E+01  0.659196936069778E+01  0.859000127664154E+01
% -0.166206226366830E+02 -0.580756570825621E+01  0.337712198555612E+02
%  0.414873581493150E+00  0.179607755511078E+01 -0.918047656386926E+00
%  0.800539793242192E+01 -0.181959365687977E+02  0.268645104034654E+01
%  0.503264791410665E+01  0.112168494381833E+02  0.594747531950270E+01
% -0.235153738061213E+01  0.328908228152858E+02  0.306886699511706E+02
%  0.864978626232516E+01  0.254222190344042E+01 -0.410917765200374E+01
%  0.317455227591896E+01 -0.761488948600291E+01 -0.316815590631953E+02
%  0.541404626619624E+01 -0.233272304932140E+02 -0.557630855138792E+02
%  0.319909883105711E+02  0.103673907358695E+02  0.153091251589220E+02
% -0.579888809437085E-01 -0.915286975952500E+01 -0.113064278843237E+02
%  0.223788076530818E+02 -0.502547961365875E+01  0.781966293363500E+01
%  0.546396070210468E+00 -0.309488812217133E+00 -0.270954509983178E+00
%  0.558124352534690E+01 -0.239737356615647E+01 -0.311959829554249E+01
% -0.144294112650173E+02 -0.808821609272532E+02  0.384448073699141E+01
%  0.184742582957690E+01  0.362920112033832E+01  0.210636635273643E+02
% -0.202439673681251E+02 -0.191635631591781E+02 -0.556372813839673E+01
%  0.567039805765505E+02 -0.271936236891614E+02 -0.276445665883618E+02
% -0.729248184712700E+01 -0.970874332375367E+01 -0.414729538415919E+02
%  0.168933457967076E+01 -0.322319063730609E+01 -0.304469252270196E+01
% -0.192379159714599E+01 -0.192184009904332E+00  0.185544239466757E+00
% -0.112602444186473E+02 -0.121733642917068E+02 -0.563204076314307E+01
%  0.694888636183576E+01  0.715229563725982E+01 -0.379928568097984E+01
% -0.121804474710842E+02 -0.199970086466235E+02 -0.175228166396353E+01
%  0.518711019212062E+02 -0.225671374601594E+02  0.303245544578501E+02
%  0.826845147775466E+01 -0.259185608112636E+02  0.222476073484631E+02
% -0.643406785321424E+01 -0.306466602565731E+01 -0.133943566554365E+02
% -0.795094413631848E+01  0.222299402675200E+02  0.177350034876071E+01
% -0.444280158535915E+02 -0.270571562329649E+02  0.156260322547978E+01
%  0.959284166554590E+01  0.690905359641427E+01 -0.385299947960519E+02
%  0.179293377719052E+01 -0.538065082428003E+01  0.219890333499276E+02
%  0.784250784022610E+01  0.156864392723194E+01 -0.352960175932821E+01
%  0.181986840070353E+02  0.338086223658751E+02 -0.140140938457520E+02
% -0.457848106265229E+02 -0.626109835549663E+00 -0.408428472144937E+01
%  0.326964906236943E+02  0.894775561664170E+01 -0.305950653488226E+02
%  0.490766728278454E+02 -0.191543634011338E+02  0.286483744388389E+02
% -0.389709671883890E+01 -0.330235993754118E+01 -0.867584011548554E+01
% -0.508942938435035E+02  0.413854877590647E+02  0.175812150159848E+01
% -0.846466455179652E+01  0.759952125485451E+01  0.493009447160232E+01
%  0.311728480060951E+00 -0.434287243949273E+00 -0.203632582125099E+01
%  0.228735150894276E+02  0.614800038944242E+01 -0.162784795827963E+02
% -0.143668427407913E+02 -0.305744683796433E+01  0.116828032012378E+02
% -0.314008538692877E+01 -0.146947061725628E+01  0.421019748943394E+01
% -0.111658128832303E+02  0.277121505194021E+02 -0.864132494677917E+01
% -0.255723195282578E+02 -0.192500651259936E+02  0.150146406988789E+02
% -0.879449114862039E+01 -0.226642382777164E+02 -0.527328699874167E+01
% -0.325222204625625E+01 -0.117393946938902E+02 -0.137520682731947E+02
% -0.239221104471036E+02  0.284825834705219E+02  0.611734588891144E+02
% -0.309929849861746E+01 -0.169220618670318E+02 -0.912736782473583E+00
% -0.839381972485781E+01 -0.419044800376377E+02  0.683299061965844E+01
%  0.442582908843068E+02 -0.106119622787413E+02  0.664793840854556E+02
%  0.180358747264549E+02  0.268017124318868E+02  0.227289142888248E+02
% -0.476067892360021E+01  0.153925529803088E+02  0.425270455054042E+01
% -0.487796043337080E+02  0.517557217638118E+01 -0.159807313659481E+02
% -0.313231958827189E+02 -0.431364542033179E+02 -0.564986087248225E+02
% -0.216293060130608E+00  0.329882810408387E+01  0.826273795156375E+01
%  0.196995044283921E+02  0.301335584041481E+02  0.514111560867276E+02
%  0.886140546293973E+01  0.335467322873637E+02  0.767609123025168E+01
%  0.565133632640721E+01  0.306688237834966E+02  0.633654726899906E+01
%  0.447250092608194E+02  0.411268550595810E+02 -0.126791052538827E+02
% -0.480201744751966E+01 -0.691577769102760E+01 -0.959621088257123E+01
% -0.509648656937294E+00  0.183306657186344E+02 -0.423966475156344E+01
% -0.289268622416571E+02 -0.388859697576169E+02 -0.562563049680453E+02
%  0.350858549884205E+02 -0.258592230230839E+02 -0.157692934286938E+02
% -0.666372976128478E+01 -0.234370173890423E+02 -0.466583093255890E+01
% -0.144469052285817E+02  0.225952182334300E+02  0.788643462812121E+00
% -0.835160913364307E+01 -0.108343073067585E+01  0.157339482832804E+01
%  0.713359024936831E-02 -0.926665472081942E+01  0.313944460428881E+01
% -0.461138611694783E+01  0.568353532241546E+01  0.102240162139726E+02
% -0.182792603764146E+01  0.274562936642427E+02  0.140536029832369E+02
% -0.139226270667363E+02 -0.968517746982980E+01  0.127790099125998E+02
% -0.338960692465516E+02 -0.151980287550713E+01 -0.124291918032492E+00
%  0.858504694906138E+01  0.655527376407399E+01 -0.130660569095630E+02
%  0.490315518305963E+02  0.141524935612938E+02  0.305510919151089E+02
%  0.611514966134366E+02  0.214501232839190E+02  0.114269766044613E+02
%  0.205618060909340E+02  0.927344820181717E+01 -0.493689331748240E+01
