% T    256  0.715122828077254E+01  0.715122828077254E+01  0.715122828077254E+01
   0.333486431245160E+00 -0.149564729743802E+01 -0.300774209107088E+01
   0.215121613888259E+01 -0.154316622919695E+01  0.990659261226948E+00
   0.366978411407288E+00 -0.169049459526290E+01  0.167526406543212E+01
   0.129972950239347E+01 -0.132751759685496E+01  0.264549051880262E+01
   0.571806273071133E+00  0.377015254838085E+00  0.335620163200851E+00
  -0.238596816695865E+00  0.149328271356208E+01 -0.129003274556953E+01
   0.255522707474925E-01 -0.430283869265358E+00  0.728871879896836E+00
  -0.125247283396374E+01  0.222895963390162E+01  0.113107186013380E+01
  -0.698878394650369E-01 -0.290882268911679E+00 -0.246640277589281E+01
  -0.125287990614365E+01 -0.302231364211083E+01 -0.133450090764049E+01
  -0.208461003997308E+01  0.353964769773462E+01 -0.129754046020061E+01
   0.330589611995447E+01  0.337241152814823E+00  0.209274902904044E+01
  -0.258547272363147E+00  0.111709035649598E+01 -0.337290666455357E+00
  -0.283657655093321E+01  0.306114728976123E+01 -0.205643396862143E+01
   0.118544956054745E+01 -0.122733591887191E+01  0.638132282521734E+00
   0.138308376010548E+01  0.119910964444415E+01 -0.270065211327629E+01
   0.311197372671041E+01  0.153943829389373E+01  0.199317456156082E+01
  -0.999221110528972E+00  0.199551929451208E+01  0.227186610505197E+00
   0.200663257982811E+01  0.158547102592795E+01  0.117828501355421E+01
  -0.199235136201551E+01 -0.192392577129155E+01  0.276820020281712E+01
  -0.293890015877908E+01  0.340240755174419E+01  0.400430096332500E+00
  -0.160807473203430E+01 -0.212317961646074E+01  0.491924534415724E+00
   0.682530481602183E+00 -0.274367818966306E+01  0.222708956504317E+01
   0.257762408640156E+01  0.280922979851395E+01  0.120323024633506E+00
   0.226579560221399E+00 -0.108611377605609E+00  0.260197149471095E+01
  -0.574693616191131E+00  0.235182425607631E+01  0.192140815999034E+01
  -0.304749461087397E+01  0.169797272852034E+00 -0.119454187396873E+01
   0.175815615021020E+01  0.354649681862359E+01 -0.229059071028081E+01
   0.140697488247904E+01 -0.322715097951958E+01 -0.111711431704973E+01
   0.159823722258052E+01  0.304732166393738E+01 -0.540345560210951E+00
   0.300586493746893E+01 -0.337096769271750E+01  0.111022790364455E+01
   0.214484868575116E+01 -0.146323110220131E+01 -0.788406478642884E+00
   0.267477258676640E+01  0.318730259149289E+01 -0.191988662440867E+01
   0.282914950465090E+01 -0.206932918914450E+01  0.276915006278082E+01
  -0.171961678209733E+01  0.704909299495796E+00  0.287373785738143E+01
   0.100155419928159E+01 -0.226470191154680E+01  0.236413850436705E+00
  -0.136274150810604E+01  0.114585940312895E+01 -0.360061017796173E+00
  -0.126068260368292E+01 -0.878607463858047E+00 -0.142505055978444E+01
   0.197557309103799E+01 -0.485909951738152E+00 -0.105400298213960E+01
   0.204153747301939E+01 -0.717787581588250E+00  0.171919035394064E+01
   0.158247427284766E+01 -0.231760591927562E+01 -0.901616475158211E+00
  -0.807351701775566E+00  0.271992917916080E+01 -0.141234105006500E+01
  -0.141210513863008E+01  0.321197023135286E+01 -0.540335030816579E+00
   0.107371965811511E+01  0.743856734064972E+00  0.133765936863148E+01
  -0.296908557858124E+01 -0.269229012909848E+01  0.258490083516631E+01
   0.304830132189409E+01 -0.118203340088928E+01  0.206035190074550E+01
   0.325150249569894E+01  0.448511733971900E+00  0.313407243019938E+01
  -0.283670214402218E+01 -0.934261837854845E-01 -0.310861233826167E+01
   0.258169654116442E+01  0.135964933491272E+01 -0.238832928971897E+01
   0.159891275351667E+01 -0.317946147379963E+01 -0.327610868805450E+01
  -0.358918766276756E+00  0.205512450445444E+00  0.145174535699155E+01
   0.293326559888224E+01  0.933506248871555E+00  0.126349599652676E+01
   0.335615567260466E+01 -0.180301898036161E+01 -0.142431536503479E+01
   0.282226118963219E+01 -0.313101927098485E+01 -0.138589481888422E+01
  -0.355379311122599E+01 -0.136178468251337E+01  0.102973763356013E+01
   0.311946184983621E+01 -0.176257497473462E+01 -0.188140504866873E+00
  -0.269209281100948E+01 -0.999041867645892E+00 -0.145987027371673E+01
   0.428828292665569E+00 -0.109319432455139E+01 -0.113384031245519E+00
   0.937523402977217E+00 -0.351757938144480E+00  0.135100644155378E+01
  -0.193203899970258E+01  0.342398917314483E+01 -0.234205889509885E+01
  -0.923819470629134E+00 -0.119509330824227E+01 -0.258282671872393E+01
   0.137786193279203E+01 -0.250426482790936E+00  0.248596565128048E+01
  -0.336797927313025E+01 -0.120742428356737E+01 -0.301068864031727E+01
  -0.317023495946025E+01  0.174813173137276E+01  0.275561492080711E+01
   0.221093355598304E+01 -0.321776304682586E+01 -0.557545611397902E+00
  -0.355066086327462E+01  0.251090723830663E+01 -0.279832929707479E+01
   0.906701895785344E+00  0.885210908355939E+00 -0.646278245349243E+00
   0.161055590039876E+01  0.712713905476589E+00  0.248446577212101E+01
  -0.319154458194405E+01  0.227983746579518E+01 -0.167009298713733E+01
  -0.264739551438959E+01 -0.248745332194528E+01 -0.266718445656289E+01
  -0.116593940046375E+01  0.543261204853489E+00  0.571874066608185E+00
  -0.582961783561971E+00 -0.698593016329337E+00  0.255107182400543E+01
  -0.267253436431469E+01  0.239277948023406E+01  0.212980723370664E+01
  -0.251671201403811E+01 -0.106020380931421E+01 -0.246422450221346E+01
   0.123798984430757E+01  0.298782487271931E+01  0.344609174619245E+01
  -0.430553492494671E+00  0.349623740406053E+01 -0.330910027872680E+01
  -0.297038356797610E+01 -0.796595088966649E+00  0.183324111238999E+01
   0.233355651894618E+01  0.292203089021735E+01  0.260217717006728E+01
  -0.115046116929268E+01 -0.273155590167119E+01 -0.231711229512945E+01
   0.188921891559258E+01 -0.217993658471280E+01  0.213153224428740E+01
   0.197876884506822E+01  0.394321269079950E+00  0.154070309413573E+01
  -0.145886416322407E+01 -0.285915891517418E+01  0.273079813254133E+01
  -0.335345608487042E+01  0.233013141740049E+01  0.110926487575986E+01
  -0.177639526709085E+00 -0.204209188539824E+01 -0.199578501617084E+01
  -0.126943539559106E+01 -0.837083519135589E+00  0.639024990110760E+00
   0.106323069700151E+01  0.245366601458728E+01  0.198644160712017E+00
  -0.283381809519492E+01  0.833422326402153E+00  0.334183428207956E+01
  -0.349454284126673E+01  0.139002541538364E+01  0.346417899283580E+00
   0.354623070322631E+01 -0.222191901148889E+01 -0.305509722194693E+01
   0.108063222760786E+01  0.197011304993737E+00 -0.216027189367669E+01
   0.255177927386094E+01  0.106468979606338E+01  0.278819566107736E+01
  -0.217052772426229E+01  0.348739420509030E+01  0.245016168565459E+01
   0.262957777620003E+01 -0.286296433175058E+01  0.337975352600964E+01
  -0.270710514137936E+01 -0.295939233989630E+01  0.121212192311275E+01
   0.186685158013254E+01 -0.207025499731777E+01  0.329436833311692E+01
  -0.220553780582270E+01  0.144734429749426E+01  0.223356604347226E+01
  -0.313362478306477E+01 -0.303476073130323E+01 -0.852636105393988E+00
   0.932397852834789E+00 -0.286388454136457E+00 -0.354928427758008E+01
   0.291666996910663E+01  0.276467693824017E+00 -0.117222982920478E+00
  -0.230855128823199E+01 -0.155047915502702E+01  0.168942854135525E+01
   0.217941445381860E+01 -0.328698770977778E+01  0.695124778554929E+00
  -0.322687642180893E+00 -0.345105013790140E+00 -0.347443355911735E+01
   0.198257228586920E+01  0.417625406364967E+00 -0.663604125098310E+00
   0.146670326616607E+00  0.281678841759259E+01  0.264960610482013E+01
  -0.157624191653676E+01 -0.298927991744417E+01 -0.340704098470491E+01
   0.618248673104340E+00  0.135902818110894E+01  0.353301898079051E+00
  -0.302594475872236E+01 -0.103678744042424E+00  0.271676337475126E+01
  -0.187680796929998E+01 -0.203762023713599E+01 -0.187161923249716E+01
   0.106386819663477E+01 -0.104614537177686E+01 -0.125469149504702E+01
  -0.145974771977376E+01  0.319165954931002E+01  0.330390606913025E+01
   0.134033307890230E+01 -0.774411888961429E+00 -0.261210494435110E+01
   0.155550145871654E+01 -0.116761119712722E+01 -0.351053540667184E+01
  -0.181578618585936E+01 -0.201293664935026E+01 -0.564180962031189E+00
  -0.320114741434378E+01 -0.159782261478523E+00 -0.210313251772196E+01
   0.201779156318336E+00 -0.972171733860788E-01 -0.522284073724813E+00
  -0.306320621431576E+01  0.131109649965515E+01 -0.104202936232353E+01
   0.245721256218461E+01  0.339177377545544E+01 -0.293687471904219E+01
  -0.474402533102348E+00  0.637364952714788E+00 -0.250521087463929E+01
  -0.105292922354704E+01  0.233365997329832E+01 -0.256569622482865E+01
   0.311330491391626E+01  0.408922387651497E+00 -0.265412895618701E+01
  -0.146754027469217E+01  0.282421822974949E+01  0.202550448110844E+01
   0.336559158174776E+01  0.250015475972515E+01  0.236916670897445E+01
   0.219123789540006E+00 -0.319751392329912E+01  0.174694279886576E+00
  -0.130155014776697E+01 -0.130075756402648E+01  0.342141708539564E+01
   0.904743502432832E+00  0.200590900672609E+01  0.117752107851400E+01
   0.457516622789895E+00  0.201144046030499E+01 -0.600611425342736E+00
  -0.731587603594476E+00  0.346436513027450E+01 -0.232551237850051E+01
  -0.211765339276774E+01  0.128542095806397E+01  0.291829825035496E+00
   0.404396456651825E+00  0.232384393076809E+01 -0.161507421699214E+01
   0.250325039869187E+00 -0.123693674351412E+01  0.305866875964301E+01
   0.272386163772373E+01  0.210128680634683E+01 -0.176344602845736E+01
  -0.160913674223402E+00 -0.314022598211985E+01 -0.172022753492370E+01
  -0.133250337998858E+01  0.688701046998600E+00 -0.315057735938422E+01
  -0.180416390068571E+01 -0.252763447058208E+01  0.141362738283584E+01
   0.936572724327042E+00  0.335767376349132E+01  0.752067844034250E+00
  -0.667676756589209E-01  0.226561690392212E+01  0.810684518736291E+00
  -0.440027456756632E+00  0.228936994164872E+01 -0.335051822970587E+01
   0.141399416085847E+01 -0.176564258829057E+01 -0.191163490331672E+01
   0.160366641406040E+01 -0.287695887876537E+01  0.270882087324341E+01
  -0.692490304082236E+00 -0.251869706661365E+01  0.403917803206946E-01
   0.308627335505876E+01 -0.247898112596249E+01  0.632474642744425E+00
   0.202937437426043E+01 -0.213840342888036E+01 -0.283596478534809E+01
   0.296944401192895E+01  0.237370044463945E+01  0.347971458919848E+01
  -0.151650701254021E+01  0.125472222371528E+01 -0.224655285489794E+01
  -0.231721640837915E+00  0.280498066980536E+01 -0.850213540088937E-02
  -0.992548560332509E+00 -0.195822787352322E+01 -0.118613093950376E+01
   0.322688717532837E+01 -0.904858023098347E+00  0.314710448762976E+01
   0.328153142508101E+01  0.350745975759054E+01 -0.144731062169009E+00
  -0.172096466277786E+01 -0.469571620162172E+00  0.255379045060028E+01
   0.508832834334043E+00  0.185306133783820E+01  0.219055249071460E+01
  -0.279925338920880E+01  0.268031202725061E+01 -0.345835879855557E+01
  -0.225530783514022E+01 -0.297458309970151E+01  0.552554192941620E-02
  -0.291393105772728E+01  0.618745571120100E+00 -0.238270492914112E+00
  -0.663097629896952E+00  0.568540720502984E+00  0.249090503184282E+01
   0.671511270992258E+00  0.343118260726753E+01  0.192277968297173E+01
   0.228456902580738E+01  0.172384362953192E+00 -0.199341781510606E+01
   0.242788836753097E+01  0.192310527710849E-01  0.256147424581906E+01
   0.213874898375568E+01 -0.333557548920703E+01  0.191563025930994E+01
  -0.299429605648089E+01 -0.292615554655251E+01 -0.189518544535214E+01
  -0.135602599184609E+01  0.197715418848095E+01 -0.824576998158045E+00
  -0.207590623815822E+01  0.241128123273765E+01 -0.265378850917901E+01
   0.232179909905831E+01 -0.203428576490867E+01 -0.160434918722310E+01
   0.278835361184646E+01 -0.152556498681675E+01 -0.318849225348347E+01
   0.174794479830531E+01  0.103516435404873E+01 -0.152834697634103E+01
   0.236175067374514E+01  0.300852273146103E+00 -0.343021976838864E+01
   0.281036618567938E+01 -0.242679393359491E+01  0.167505967030494E+01
   0.850187296818659E+00  0.343796287582698E+01 -0.178471349677153E+01
   0.448621898189800E+00  0.182738902340228E+01 -0.307762301797208E+01
   0.345090320741736E+01 -0.889101205597062E+00 -0.773692986772676E+00
   0.331186071952138E+00 -0.287934807756696E+01 -0.272001543390289E+01
  -0.209386889670228E+01  0.366903319195764E+00 -0.216334186249114E+01
   0.163009815439643E+01  0.155717097590697E+01 -0.288475582064604E+00
  -0.103888199635475E+01 -0.143682146437582E+01  0.173955365739049E+01
  -0.102033459609035E+01  0.352288119012783E+00 -0.133821402807989E+01
   0.161172164668954E+01  0.173430402890002E+01  0.243302357336734E+01
   0.332802728766001E+01  0.225431107594107E+01 -0.450062898823405E+00
  -0.124782475282126E+00 -0.847380635739373E+00 -0.111299594534504E+01
   0.167486161021951E+01 -0.258515008471479E+01  0.119046219746241E+01
   0.259916911672085E+01 -0.105813942390254E+01 -0.216206223616122E+01
  -0.464447724636578E-01 -0.177894163752979E+01  0.589186335159173E+00
  -0.117210577468079E+01  0.166517184062416E+01  0.336704059757182E+01
   0.656825315854892E+00  0.325780915461008E+01 -0.495163659875474E+00
  -0.250921509158969E+01 -0.106365257558057E+01  0.343206943931710E+01
   0.558405470815629E+00  0.117037487231897E+01 -0.201668805965859E+01
  -0.261248253816590E+01  0.186152049490552E+01 -0.380306096261716E+00
   0.110757614346020E+01 -0.234149070508473E+01 -0.298628762694161E+01
  -0.408829615345319E+00  0.348881742117963E+01 -0.754484207499921E+00
  -0.186463365405183E+01  0.321616160909255E+01  0.433549416414307E+00
   0.417367875955328E+00 -0.272834633545751E+01  0.121805898459600E+01
   0.204862032292140E+01  0.227189909379104E+01 -0.284236405063049E+01
   0.221061936797357E+01 -0.906506073738350E+00  0.291991402661452E+01
   0.263417708801226E+01  0.133990159240288E+01  0.178135135007963E+00
  -0.242025738883590E+01  0.185416166921286E+01  0.107413622434440E+01
  -0.132934127990162E+01 -0.239666619389274E+00 -0.266489656972037E+01
  -0.272748910180630E+01 -0.342601024152145E+01 -0.324638325850772E+01
  -0.304002829701688E+01 -0.180121037276186E+01 -0.205705895185744E+01
  -0.252381149301115E+01 -0.480465898983858E+00  0.102460550799246E+01
  -0.621754484210803E+00 -0.185391116647853E+01  0.283063962128585E+01
   0.503697175511120E+00  0.304293716765542E+01 -0.295104133770211E+01
   0.201522205305571E+01  0.219858747391292E+01  0.328735643043486E+01
  -0.101147109089501E+01 -0.146279792111563E+01 -0.213400779209159E+00
  -0.581024103794351E+00 -0.301875374838298E+01  0.939622177407689E+00
   0.316360575167328E+01  0.752754406898585E+00 -0.138065028961790E+01
  -0.100911633215281E+01  0.150740907273494E+01  0.179251377397612E+01
  -0.205226445360824E+01  0.250836820555162E+01 -0.148282340182955E+01
  -0.350522735347559E+01  0.325612417226340E+01 -0.113818351608712E+01
   0.347592765764760E+01  0.341914814709666E+01  0.334026339452328E+01
  -0.187314752886887E+01 -0.120712296753586E+00  0.351396771607986E+01
   0.130513904853931E+01 -0.434019263669501E+00 -0.143835151665859E-01
  -0.191531441327935E+01  0.999205238758012E+00  0.124342549499676E+01
  -0.336349006881927E+01  0.335134951249754E+01  0.184349055742332E+01
   0.294581085935797E+01  0.133453898940757E+01 -0.343061636174159E+01
   0.157120775662805E+01  0.286349528269977E+01  0.167721451313295E+01
  -0.312174500108559E+01  0.101013504670979E+01 -0.236735628812738E+01
   0.286444781842579E+01 -0.261503723162117E+00  0.130303626184246E+01
  -0.183258472493788E+01  0.142112439980304E+00 -0.396381979135075E+00
   0.726701761546887E+00  0.128265992672928E+01  0.322600350468490E+01
   0.250891892053210E+01  0.144661416861506E+01 -0.903099672490385E+00
   0.185069598104746E+01 -0.187903982256836E+00  0.804982349594415E+00
  -0.313380166904451E+00  0.176024447329530E+01  0.275689705905638E+01
  -0.542956619924323E+00  0.355196911190642E+01  0.213824495089773E+01
  -0.206744569213486E+01  0.117579219078806E+01 -0.118010377507132E+01
  -0.321046896301360E+01 -0.927903141139312E+00  0.217276425291859E+00
  -0.216001961047620E+01  0.321501371630077E+01  0.143383106887199E+01
  -0.315812729897710E+01  0.165373822302065E+01 -0.333941690115529E+01
  -0.235844566523649E+01  0.271657712115565E+00  0.192725530834826E+01
   0.149027570584920E+01  0.706083257834871E+00  0.429900683173075E+00
   0.109482082064270E+01  0.226753629120192E+01 -0.233786932512399E+01
   0.177041049524904E+01  0.113745620121014E+01  0.351379770325090E+01
  -0.895963345020211E+00 -0.334935320182851E+00 -0.176029965186175E+00
  -0.328041910913471E+01 -0.174367238141954E+01  0.217012868075150E+01
  -0.248417143099561E+01  0.169676097637816E+01 -0.216659330897288E+01
  -0.413193718520316E+00 -0.289656765569558E+01  0.283180784715585E+01
  -0.110123780864847E+00  0.319190215565526E+01  0.107989882588050E+01
  -0.245038162524446E+00  0.105725549411631E+01 -0.339909831140456E+01
   0.301872511328652E+01 -0.268313729563301E+01 -0.217872111794716E+01
  -0.351374385527492E+00 -0.223554411910625E+01 -0.326589062524219E+01
   0.301698143359027E+01 -0.329985746389788E+01  0.238621516738916E+01
   0.206771995588687E+01 -0.216368862142476E+01  0.172567897324601E+00
  -0.309401524592379E+01  0.119046062478983E+01  0.130652226030150E+01
  -0.133924136385210E+01 -0.829400193584557E-01  0.150541843302492E+01
  -0.201448176301829E+01 -0.183260697349773E+01 -0.291032795172090E+01
   0.339727509502682E+01 -0.333705872710345E+01 -0.272045333347366E+01
   0.616520869883755E+00 -0.325114150408756E+01 -0.356620254753384E+01
   0.280920268674958E+01  0.266205376214366E+01  0.136594322836426E+01
  -0.316881369549761E+01  0.310307316279835E+00  0.623108718254728E+00
   0.438023025327877E+00 -0.226282037452430E+01  0.310662461089994E+01
   0.399881378399104E-01  0.331749658571026E+00 -0.164948905584308E+01
  -0.307066417070899E+01 -0.203236271859541E+01 -0.707408927061817E+00
  -0.550555276738170E+00 -0.255110225824474E+01  0.183161846878564E+01
  -0.273992156726043E+01 -0.196201808709763E+01  0.829909452613722E+00
  -0.586394998506393E-02  0.132145966792533E+01  0.140067062600629E+01
   0.142774976366293E+01  0.224650066124797E+01 -0.142142761083355E+01
  -0.214281486769361E+01  0.134463795095838E+01 -0.304850256289630E+01
   0.740747338187514E+00 -0.253800908056145E+01 -0.157044727301210E+01
  -0.198989836300212E+01  0.227469073902930E+01  0.291319865676972E+01
%  0.154756492368579E+01 -0.184977504602786E+00 -0.170049902419966E+01
% -0.680099839369635E+00  0.100515895745835E+01  0.949465439724516E+00
% -0.805109940609569E-01  0.451838909569107E+00  0.153320322569051E+00
%  0.121761104163033E+01 -0.212251326743705E+01 -0.175785263422924E+00
%  0.615785752267209E+00  0.235298580957092E+00  0.369985096510653E+00
%  0.117080572920598E+01 -0.703793896121065E+00 -0.206794912521588E+01
% -0.300565380295410E+00  0.221156205262633E-01  0.239741415618755E+00
%  0.216099921528430E-01 -0.591047775556748E+00  0.282652388279301E+00
%  0.151978795368441E+01  0.115130425959198E+01 -0.312336694611860E+01
% -0.658691261760714E+00 -0.214941565816701E+01 -0.228618790316564E+00
% -0.386234846003925E+00 -0.158706709817761E+01  0.650852968226064E+00
%  0.371706554312292E+00  0.980432669293558E+00 -0.625646611432953E+00
%  0.846158187149960E-01  0.272073240463878E+01  0.579341704428023E+00
%  0.880214363794616E-01 -0.188998994415709E+01 -0.192363983583510E+00
% -0.155080984791538E+01  0.176703323215923E+01  0.185920536067737E+01
% -0.638633635169130E-01 -0.172102212610732E+01  0.227709175240302E+00
%  0.266262367602462E+00  0.126052148276700E+01  0.208522556322585E+00
%  0.298045958149277E+01 -0.147892704717983E+01  0.325010200833188E+01
%  0.406070620157033E+00  0.258671525839084E+00 -0.151693130819240E+01
%  0.128776712388325E+01  0.446439887644171E+00 -0.869711050650395E+00
%  0.558661912915111E+00 -0.261684157651057E+01 -0.311515658188459E+00
% -0.669565322330079E+00 -0.116629898962606E+01  0.366838938445943E+00
%  0.135849543181553E+00  0.174357789848526E+01 -0.576204423707636E+00
%  0.214973740302131E+01 -0.591809124671108E+00  0.492469749105433E+00
% -0.261172559764094E+01  0.461281537263041E+00 -0.127835216379642E+01
%  0.957501180766157E+00 -0.140108560668959E+01 -0.135375978196646E+01
% -0.472895607952692E+00 -0.609075361629080E+00 -0.495323359967765E+00
%  0.981569380416150E+00  0.152035207248873E+01  0.149717847292188E+01
% -0.343532738637767E+01 -0.224287133628456E+01 -0.579633945601567E+00
% -0.686621229944475E+00 -0.422620930991885E+00 -0.453565024499958E+00
%  0.158053203968457E+01  0.510468540075948E+00 -0.202877796127938E+01
%  0.143160632711159E+01 -0.573247389263573E+00 -0.831463850998978E+00
%  0.215080789891543E+01  0.653002469939059E+00  0.350933324157736E+00
% -0.168764700909780E+01 -0.135035561666262E+01 -0.633855782162385E+00
%  0.223304730240960E+00  0.122429525538632E+01  0.199134931117774E+01
%  0.109827625054038E+01  0.443540364457613E-01  0.130293352869092E+01
%  0.117836198073251E+01  0.100482651521152E+01 -0.762904812234920E+00
%  0.224474311712146E+00 -0.506992878585681E+00  0.111561409961976E+01
% -0.116922263763832E+01  0.284168942296829E-01 -0.200455520472953E+00
% -0.143200465809845E+01  0.942730151920892E+00 -0.898862901825509E-01
%  0.226667946564462E+01  0.733955285763908E+00 -0.795058761466908E+00
% -0.248657009546694E+01 -0.151573731196382E+01 -0.967005046113191E+00
% -0.416194330724966E+00 -0.896065622183874E+00 -0.338422238122356E+00
%  0.100713690222275E+01 -0.160001543989494E+01 -0.766967879467519E+00
% -0.756204028618600E+00 -0.886456472491103E+00 -0.125279230429292E+01
% -0.108106713233347E+01 -0.183627125476587E+00 -0.254594933975468E+00
%  0.153580564409566E+01 -0.118930264405788E+01 -0.130352044315368E+01
%  0.747231483983808E+00 -0.617938711129791E+00  0.138728219454662E+01
% -0.756106090445977E-01  0.127971426007600E+01 -0.990033603152189E+00
% -0.769856184248357E+00  0.138934514530953E+01 -0.125943951848191E+01
%  0.525751018418921E+00  0.820232692767832E+00  0.397674657712741E+00
%  0.119991584909326E+01  0.771052729736061E+00 -0.574040750023767E+00
%  0.440337805535568E+00  0.119874412362179E+01  0.100869080914983E+01
% -0.689540287358595E-01  0.535235241953140E+00  0.371240405420679E+00
% -0.153154215752776E+01  0.151967928108303E+01  0.118101414009350E+01
% -0.816404327143444E+00  0.106860623224267E+00 -0.961235417093416E+00
% -0.185883061511800E+01 -0.110233844741606E+01  0.716464867439618E+00
%  0.810589141442356E+00  0.230737834226797E+01  0.987981072738980E+00
% -0.141457337587632E+01 -0.111212791185289E+01 -0.158396787854864E+01
% -0.100727846746713E+01 -0.157506942766585E+01  0.907172292723297E-01
% -0.118037391160606E+01 -0.930328858660107E+00  0.106238643255501E+01
%  0.173691211101114E+01  0.327367858141979E+00  0.383427311890384E-01
%  0.300281771881417E+00  0.908083718803664E+00  0.124991237711516E+00
% -0.180798427983140E+00 -0.820506055695759E-01  0.188375041429152E+01
%  0.848344676172680E+00  0.631259744508849E+00 -0.102096518055247E+00
% -0.152606014386691E+00  0.138685062464676E+01  0.117639239019252E+01
% -0.148136403372784E+01  0.147490419877944E+01 -0.429411235611278E+00
%  0.680896252063616E-01 -0.119220682379061E+01  0.651294361808579E+00
%  0.458503577280192E+00  0.121170250353714E+01 -0.106399772673138E+01
% -0.103724782322425E+01 -0.273603485991931E+00 -0.303114232523147E+01
% -0.242115285974044E+01 -0.130886089938903E+01  0.617586894840958E+00
%  0.147301257620361E+01 -0.577391450366380E+00 -0.123157637957685E+01
%  0.994347681257669E+00  0.926195749441795E+00  0.113449839689365E+01
%  0.254831675855040E+01  0.154282407413197E+01 -0.832320952146260E+00
%  0.142957045795951E+01 -0.670902239511164E+00 -0.408296198009156E+00
% -0.509308853453162E+00 -0.656072125588223E+00  0.531788247448332E+00
%  0.435489603372843E+00 -0.132817905393797E+01 -0.133853818224483E+01
%  0.100760700598490E+01  0.313597765279354E+00 -0.346559057893554E+00
% -0.109759291678671E+01 -0.112166299867599E+01 -0.284633460884347E+00
% -0.227966557432619E+01 -0.264252675928974E+00 -0.129840236508262E+01
% -0.149007315582421E+01  0.581782041462831E+00 -0.804655976610659E+00
%  0.583706047681205E+00 -0.170912096096000E+00  0.328283604223186E+00
% -0.178954301583770E+00 -0.962928436970358E+00  0.129086138301457E+01
%  0.986793115257998E+00  0.126032246011500E+01  0.478879931221872E+00
% -0.481043967452570E+00  0.173258878808354E+01 -0.207975846608528E+00
%  0.415919718016711E+00  0.222047432422535E+01  0.185203848983524E+01
%  0.515872170195766E+00  0.951909422241732E+00 -0.311510532349537E+00
%  0.403405263271269E+00  0.955925001613198E+00 -0.828060741795491E-01
% -0.191412675152202E+01 -0.754414691130836E+00 -0.141494365759636E+01
% -0.140458297239417E+01  0.727823404541639E+00 -0.265925604273303E+00
%  0.605211248555035E+00  0.314355647796677E+01 -0.536613870206770E+00
% -0.149067643513043E-01 -0.496826229629881E+00  0.574320203508139E+00
% -0.981378950185902E+00 -0.275331816077724E+01 -0.820138373763735E+00
%  0.792395331577303E+00  0.190702735755894E+01  0.733553845592583E+00
%  0.207757021105871E+00 -0.101603646167287E-01  0.151051605697832E+01
%  0.216465628944241E+01 -0.871710827708431E+00  0.380962153828402E+00
% -0.332111804448953E+01  0.875627608839385E+00 -0.967153884051647E+00
% -0.588462406818619E+00 -0.215998096341130E+01 -0.434292973987811E+00
% -0.373062543952466E+00 -0.210699222533469E+01 -0.335148777480903E+00
% -0.989201091022380E+00 -0.236874626908240E+01  0.428175241569658E+00
% -0.354060861730463E+00  0.145953136141425E+01  0.287965943753041E+01
%  0.321406881717406E+00  0.136648106221486E+01  0.161047270830887E+01
%  0.118825210560297E+01 -0.126539135454055E+01  0.101021382805824E+01
% -0.103895395849081E+01 -0.172698405952352E+00 -0.464456676170662E+00
%  0.808955189769808E+00 -0.926727808707515E+00 -0.503795841500649E+00
%  0.153171481535102E+01 -0.898039725304095E+00  0.462144254492950E+00
%  0.811340781264320E+00  0.617165936396299E+00 -0.708049400520171E-01
%  0.194634810921787E+01 -0.654635341397945E+00 -0.321356311963006E-02
% -0.592668682467216E+00 -0.275422375996882E+01  0.422908454782694E+00
% -0.761042229275795E+00  0.195008259190709E+00 -0.253231381729338E+00
% -0.130635306494226E+01  0.235405103781791E+00  0.161772672988157E+01
% -0.750027766025169E+00 -0.581270491744513E+00  0.164756258221491E+01
% -0.198962306878101E+01  0.412844111373947E+00 -0.157412850466628E+00
%  0.700027692358295E+00  0.798814098541169E-01  0.666284621136600E+00
% -0.941139208112608E+00  0.133316267761952E+00 -0.429616705642075E+00
% -0.193283523377969E+01 -0.574746959782204E+00  0.448073809507470E+00
%  0.139774639543750E+01 -0.920249426734004E+00  0.619238873514240E+00
%  0.149172648575321E+01 -0.120095468184206E+00 -0.427606742648060E+00
% -0.123043781143394E+01 -0.562041436124456E+00  0.397079662493698E+00
% -0.480492705853631E+00  0.111082339939530E+01  0.142802880877549E+01
%  0.954824000766033E+00  0.162002713122800E+01  0.491274654344545E+00
%  0.108189400951772E+01  0.194637155369370E+01  0.156275550955706E+01
% -0.140062392936143E+01  0.142865168450427E-01 -0.205962616919154E+01
% -0.759205910129749E+00 -0.252961606660082E+00  0.891042838753181E+00
% -0.169968482265239E+00 -0.207447315001422E+01 -0.457233640784043E+01
%  0.459723312737298E+00 -0.233925536980904E+00  0.796507220470514E+00
%  0.697295641651200E+00  0.359644214796786E-01  0.146244678593776E+01
% -0.952395163444332E+00  0.128463244215548E+00  0.417587721106857E+00
%  0.324547347455906E+00 -0.925181035186608E+00 -0.179018513208324E+00
% -0.156442832806316E+01 -0.243690149852271E+00  0.187976373512373E+01
% -0.646096356641764E+00  0.181113779136155E+00 -0.254396336175143E+00
%  0.464149308804859E+00 -0.764670353306109E+00  0.193892164908803E+01
%  0.129710177902225E+01  0.132542381895613E+00 -0.431671997161614E+00
%  0.514090594609857E+00  0.376354365294570E+00 -0.873265860745068E+00
% -0.547960708888115E+00  0.163293049642949E+01 -0.945311241220722E+00
%  0.113403702057139E+01  0.492317346344121E+00  0.732330306084755E+00
% -0.788266114278823E+00  0.321323400211279E+00  0.100495806366304E+01
% -0.277368232959744E+01 -0.304142294854093E+00  0.431467064819874E+00
% -0.496138088336607E+00  0.250843510988456E+00  0.146505756334260E+01
%  0.106928289467578E+01  0.113664569119339E+01 -0.276476861936509E+01
%  0.189681443964978E+01 -0.135186781951361E+01  0.121910780903867E+01
%  0.209714993276373E+00  0.225065584034391E+01 -0.539293578066709E+00
%  0.284436614095356E+00  0.202269080807923E+01  0.116508779628773E+01
%  0.137022067703446E+00  0.681681765765273E+00 -0.642223611901591E+00
% -0.633659867922237E+00 -0.981280018146277E+00 -0.952102280113014E+00
%  0.182158057065248E+01  0.158945412767408E+01  0.267554056932481E-01
% -0.614051165508282E+00  0.127025033040958E+01 -0.561417995600450E+00
%  0.125170674085663E+01  0.147819647005613E+01 -0.164048454768255E+00
% -0.147390792907035E+00 -0.286892832151322E+01 -0.154141693184734E+01
%  0.259835744559141E+01 -0.775857594826838E+00 -0.110820227379302E+01
%  0.180597124921988E+01  0.995162740613172E+00  0.974674040427842E-01
%  0.100637763117533E+01 -0.358321912786180E+00 -0.141607841973699E+01
% -0.152392169757869E+00  0.191555205240938E+01  0.898907836956609E+00
% -0.963313500168353E+00  0.166618035031249E+01 -0.187226610070282E+01
%  0.253719871787733E+01  0.768580819276786E+00  0.170815303678238E+01
% -0.852451826833635E+00 -0.402415823901862E+00 -0.210414099879465E+00
% -0.114715970337915E+01 -0.660562764706577E+00  0.138763146012605E+01
% -0.195249611777052E+00 -0.147693549807216E+01 -0.817821889172267E+00
%  0.604608595843819E-01  0.550390045722248E+00 -0.627118122439371E+00
% -0.134343409228010E+01  0.455780671494866E+00  0.664438593605311E+00
% -0.959810287099511E+00 -0.239587402874993E+01 -0.897384891587553E+00
%  0.175795090822531E+01  0.204673811131134E+00  0.531400514836671E+00
% -0.153694232449884E+01  0.444388840846269E+00  0.107369746286433E+01
% -0.341345532043638E+00 -0.273028048286480E+01 -0.108258901556450E+01
% -0.214734014338937E+01 -0.689777211840961E+00 -0.115277514355432E+01
% -0.800286186289665E+00 -0.215507208007204E+01  0.640250459161503E+00
%  0.166348949027209E-01 -0.179772913748221E+01 -0.210370330651688E+01
% -0.287527404489424E+00  0.169369032640448E+00  0.614767637165862E-01
%  0.166038979454697E+01 -0.283593606636428E+00  0.101233564787014E+01
% -0.273545865768238E-01 -0.104533172683987E+00 -0.500060887955681E-01
% -0.369827028521985E+00 -0.109663399298017E+01  0.112520913638121E+01
%  0.122228923275084E+00  0.555929524091241E+00 -0.264431642952246E+00
%  0.239095624098253E+01  0.431997059152650E+00 -0.562671827791710E+00
% -0.585390950123471E+00  0.272422487244473E+00  0.958839394409503E+00
% -0.130884771579504E+01 -0.272427150164329E-01 -0.631581141665763E+00
% -0.735140001251555E+00 -0.873170030552100E+00 -0.226901034524399E+01
%  0.127217868292298E+01  0.766989552806986E-01  0.611773215229744E+00
%  0.214013068660005E+01  0.119330112462750E+01 -0.846840968649115E+00
%  0.957323488559869E+00 -0.123377538813577E+01  0.489883750641556E+00
%  0.202997553907166E+01  0.860061931444412E+00  0.148627076482794E+01
% -0.368211400121010E+00  0.441947012509850E+01 -0.774172133602385E+00
% -0.197981581281325E+01 -0.210569764401641E+01 -0.181580420629701E+01
% -0.438970750098757E+00 -0.843550682973473E+00 -0.217587136924456E+00
% -0.156977959952421E+01  0.374246330584681E+00  0.411436235740963E+00
% -0.237582822503057E+01 -0.159315571536985E+00 -0.419905371367840E+00
%  0.117995703085631E+01 -0.344116976116068E+00  0.655649153184552E+00
%  0.104296437540677E+01 -0.173170841053862E+00  0.818775836525040E+00
% -0.145653206154289E+01  0.139692246139472E+01  0.121078929116152E+01
% -0.585183079856793E+00  0.117157277342426E+01 -0.450656410916151E+00
%  0.123588202551388E+01  0.662418276912645E+00 -0.223032269069108E+01
% -0.118309599728301E+01 -0.201544499945418E+01 -0.208647757169546E+00
% -0.118812484408760E+00 -0.894249658442285E+00  0.327963743523620E+01
% -0.144975734187416E+01 -0.331526394538299E+00 -0.203045809719284E+01
%  0.128980428293381E+01  0.229758816963827E+01  0.399837886884596E+00
% -0.563891398614145E+00 -0.129295180436559E+01 -0.380197679989071E+00
% -0.945358739296737E+00 -0.786273209457163E+00  0.253596079080851E+01
%  0.109166939305870E+01 -0.110810942793384E+01  0.137473057677181E+00
% -0.148049582785448E+00 -0.172881006919077E+01  0.834555497151592E-01
%  0.171405395644381E+01  0.167906005182980E+00 -0.706033302473301E+00
% -0.486374456394350E-01  0.512530389832051E+00  0.439179414608656E+00
% -0.242298422667044E+01  0.306537724720060E-01  0.998871673645465E+00
% -0.204510461504779E+01  0.742589984624030E+00  0.164061884259118E+01
% -0.862593208554350E+00 -0.947266179141678E+00 -0.435503423960949E+00
% -0.780697605705840E+00 -0.227844942940413E+00 -0.221386114214136E+01
% -0.106320782138628E+01  0.573760409781877E+00 -0.292219938631097E+00
% -0.143906541420071E+01  0.109535651903884E+01  0.654005627978641E+00
%  0.240527398422996E+01 -0.629990559511935E-01 -0.406511455116108E+00
%  0.631900826793635E-01 -0.133017234389051E+00  0.122908169900077E+01
% -0.180230531991334E+01  0.847950270003111E+00 -0.600259444629871E+00
%  0.507911746592986E+00  0.314543565285953E+01  0.270790058281096E+00
% -0.825154833053890E+00  0.263487117865607E+00  0.724864057473889E+00
%  0.183973886786873E+01 -0.120191290352913E+01  0.874717067356046E+00
% -0.963035445401677E+00  0.805531915264560E+00 -0.984446666528042E+00
%  0.315452650603805E+00  0.164065075662723E+00  0.935717408644136E+00
% -0.737751502077195E+00  0.130506304589747E+01 -0.190201177470374E+01
%  0.122283542106183E+01 -0.149329103636858E+01 -0.983178688321661E+00
% -0.446501047496184E+00 -0.699575163249438E+00  0.104209832449451E+01
%  0.160786831495898E+01  0.117025408133916E+01  0.930501840047815E+00
% -0.116511856204009E+01  0.246866037663993E+01 -0.580194045674408E+00
%  0.765795929193838E+00  0.410993567323544E+00  0.102441364656291E+01
%  0.897420799980167E+00 -0.201323066880238E+01 -0.151740101585720E+01
% -0.830513911368840E+00 -0.877117557805270E+00 -0.167364284149573E-01
%  0.197988707840896E+00 -0.127920065113410E+01  0.195639651263037E+01
%  0.703416191900223E+00  0.982070886546831E+00  0.634841256792074E+00
%  0.480264998152018E+00 -0.800662063251282E+00  0.123673088645307E+01
% -0.137701274692147E+01  0.106642994399447E+01 -0.117203559838572E+01
%  0.321692290297112E+01  0.173944068221740E+01 -0.126502397158131E+01
%  0.998775578401584E+00  0.207326778442663E+00  0.960519300088788E+00
%  0.729712300219847E+00  0.148995401262109E+01  0.256439986191777E+01
%  0.116102151427824E+01  0.154325172555263E-01 -0.518030772806384E+00
%  0.704369824309590E+00 -0.224440556002155E+01 -0.685423445995422E+00
%  0.410444582964466E+00  0.938539035153568E+00  0.174049337719081E+00
% -0.122166808427751E+01 -0.811704924771010E+00  0.796640234020815E+00
%  0.526685426148642E+00  0.123471609811429E+00  0.176364298055990E+01
% -0.522609626401819E+00 -0.107761804782224E+01 -0.315416194701622E+00
%  0.147895686697641E+01  0.115964124177381E+01 -0.106141684951676E+01
% -0.256814942199443E+01  0.107602195941236E+00 -0.126296569817662E+01
% -0.683089132204365E+00 -0.613790401995942E-01 -0.962506135162913E+00
% -0.220588090570826E+01 -0.102814211443740E+01  0.102098073221891E+01
%  0.159130697439355E+01 -0.382852315395339E+00 -0.751674468220558E+00
%  0.479798838235176E-01 -0.667012212568384E-01 -0.204573075417093E+00
% -0.141950149302698E+00  0.526077619876928E+00 -0.450748103412540E-01
% -0.330753848875975E+00  0.277100284705925E+01  0.256585717668078E-01
% -0.337770505672600E+00 -0.553354033718567E+00  0.175847271888349E+01
%  0.618338366880780E-02 -0.829156826644762E+00 -0.995057065269538E+00
%  0.606836455657703E+00  0.124473532408228E+01  0.829440020635270E+00
% -0.437197900205812E-01 -0.167793154060774E+00  0.260191578375674E+01
%  0.137907141920654E+01 -0.390727056244690E+00 -0.931468129003504E+00
% -0.237444890614082E+00  0.192378429066971E+01 -0.879700102872396E+00
%  0.880074217030160E-02 -0.125706174327912E+01 -0.348581322665655E+00
% -0.842154871734670E+00 -0.227689110751076E+01  0.203884744406212E+00
% -0.234116970389044E+01  0.556538371475595E+00 -0.174937263309811E+01
% -0.154913133299383E+01 -0.965731801652057E+00 -0.839881203830907E+00
%  0.191256165713948E+01  0.150474131325793E+01  0.610294693883422E+00
%  0.138669299946917E+01  0.252716373016213E+00 -0.590178872539732E+00
%  0.251591693115126E+00 -0.767891341450102E+00  0.434371439492440E+00
%  0.844548447814918E+01  0.794682138106570E+01  0.337178465149141E+01
%  0.785762877645323E+01  0.343986338756543E+01  0.139175616304246E+02
% -0.478458667456736E+00 -0.191532974985065E+01  0.161300808345634E+01
% -0.126595785073318E+02 -0.105387966062285E+02 -0.140906793184117E+02
% -0.255631735993590E+02 -0.341715607793981E+02  0.227886883415658E+01
% -0.456419589812212E+01  0.151107917498570E+01 -0.139203049001159E+02
% -0.210707468290587E+01 -0.157489113009265E+02 -0.100164036279072E+02
% -0.234749624727961E+02  0.229777946543782E+02  0.178557629032990E+02
%  0.841049857116914E+01 -0.261210769507045E+02  0.946152260001334E+00
%  0.129553472171365E+02  0.196703689832370E+01  0.116829032832449E+02
% -0.225499889437143E+02  0.339351395102900E+01  0.317124164299603E+01
%  0.100872714262772E+02  0.483230991506025E+01 -0.893643681014079E+01
%  0.347080474591656E+01 -0.677873823514406E+01  0.152442984616460E+02
%  0.866947606714933E+01  0.530002895201259E+02 -0.264595338039684E+02
% -0.284906012350437E+01 -0.738142731607124E+01  0.117898799433592E+02
% -0.806787621141805E+00  0.351213842485035E+01  0.149399201497845E+02
%  0.104660337648301E+02  0.242048971453265E+02  0.281348175987753E+02
%  0.125437143479167E+02 -0.105807192660879E+02 -0.389936674994132E+02
% -0.225497605807517E+01 -0.303475620004052E+01  0.399466893603181E+00
% -0.287383665239395E+01  0.525513910263253E+01 -0.109394486698493E+01
% -0.170881651682116E+01 -0.132519196939410E+01  0.538239924273291E+01
%  0.511410014382698E+00  0.673677065035168E+01 -0.683884142866866E+01
% -0.423648544961572E+01  0.118530177276204E+02 -0.822518357696793E+00
% -0.141652586611675E+02 -0.656055573315665E+01  0.700629891395301E+01
%  0.210466082901142E+02  0.114249903101476E+02  0.288189385201172E+01
%  0.474101784803687E+02  0.428973423790950E+02  0.279497059460988E+01
%  0.723491389936766E+01  0.927574627204898E+01  0.269725165478233E+02
% -0.329395151138772E+02  0.100417257150696E+02  0.273360857078655E+02
% -0.210724895669728E+02 -0.439910032272432E+02 -0.176566435615694E+02
%  0.442564934639923E+02 -0.184917772822676E+02 -0.121250227481180E+01
%  0.751237020892840E+02 -0.266800268133851E+02  0.481840720233142E+02
%  0.682574717953421E+01  0.775035672700490E+01  0.207045599593805E+02
%  0.846725172467427E+01 -0.207493663759098E+02 -0.471171860059864E+01
%  0.569727015349782E+01  0.149130096135064E+02 -0.111746652966083E+02
%  0.433361876051232E+00  0.445294544222271E+01 -0.205691880705452E+01
% -0.656289568110280E+01 -0.195294953136071E+01  0.213611795511981E+01
%  0.158945943609617E+02 -0.544115292146399E+02  0.141414931836748E+02
%  0.102896602485199E+01  0.402872945445609E+00 -0.679646681524254E+00
% -0.319406247203540E-01 -0.135592885481215E+02 -0.170352157060801E+02
% -0.111808980293285E+02 -0.810531617540593E+01  0.142984133405251E+02
%  0.459770217811629E+00  0.436567527712645E+02  0.197381231897483E+02
% -0.785438754970292E+00  0.254475248684635E+00 -0.499287007022284E+01
%  0.109921348300380E+01 -0.557705181639125E+01 -0.129406921846914E+01
% -0.366174015726439E+02  0.157613309675798E+02  0.151405429666542E+02
%  0.168704861299671E+01 -0.613177951067184E+01  0.776948767780579E-01
% -0.216330926060914E+02  0.146522628549495E+02 -0.415610535289501E+01
%  0.251277519084114E+02 -0.148317002192748E+02  0.184663277361640E+02
% -0.194529002040298E+00  0.236806223603239E-01 -0.385488415684054E+01
% -0.861055414690008E+01 -0.286743524985231E+02 -0.192402945565681E+02
%  0.207590025953144E+02 -0.752343517515971E+01 -0.741079043952407E+01
%  0.116235796932654E+02  0.131553924187251E+02  0.740058439024158E+01
% -0.806362034212832E+01 -0.281532291646430E+02 -0.403354681428845E+02
% -0.282192264423525E+02  0.100745512982793E+01  0.135780236782797E+02
% -0.475279833418768E+01 -0.157768529337722E+02  0.719710865317425E+02
% -0.238200915668786E+02 -0.777582785698097E+01  0.335940677456611E+02
% -0.192060532306132E+01  0.115611941781375E+01 -0.145752005228768E+01
% -0.285369565549710E+01  0.585576906923259E+01  0.203985267453055E+02
% -0.360460284973213E+01 -0.347959785768478E-01 -0.566403537098447E+01
%  0.296677878143308E+00 -0.754202796980449E+00  0.310223968563556E+01
%  0.196926380661586E+02  0.132066931578739E+02 -0.107025084678144E+02
%  0.537205688069908E+01 -0.119345396339034E+02  0.157272271016939E+00
% -0.106920034154858E+02 -0.253569887400831E+02 -0.914926680831125E+00
% -0.336191386149742E+01  0.112588701779765E+02 -0.470622677885284E+01
% -0.236181758092608E+01 -0.152238097300956E+02  0.661934645884702E+01
%  0.257719330207616E+02  0.384974085637897E+01  0.339656129872098E+02
% -0.131826996147671E+02  0.204185467345704E+01  0.194895978303100E+02
% -0.753930362318556E+01 -0.581754625954733E+01 -0.268310017099735E+01
% -0.828205216431399E+01  0.145661214868771E+02  0.265070204409438E+01
% -0.337428133738763E+02 -0.526937827933170E+02  0.331854231704049E+02
% -0.868465128756573E+01 -0.383603873701052E+02 -0.388904743123576E+02
%  0.170068276138152E+01 -0.151737207652850E+01 -0.233216060299530E+01
% -0.224117580227842E+02 -0.131556910289896E+02 -0.684667065284239E+00
% -0.191890141502934E+01  0.196228137446756E+02 -0.210333464571042E+02
%  0.236004976954153E+02  0.345685554700670E+02 -0.138781434705417E+02
%  0.696740439116244E+01 -0.168801158327348E+01 -0.564814468866320E+01
%  0.129775254083254E+01  0.374671892217659E+01 -0.156999354317479E+02
% -0.287074253771783E+02  0.110096333788560E+02  0.311766256812495E+02
%  0.388144796250446E+01  0.724323585521771E+01 -0.676876904636681E+01
%  0.401300638244490E+00  0.124355737009715E+02 -0.151216441797419E+02
%  0.137210996671358E+02  0.503040465552743E+02 -0.240831249028393E+02
%  0.357137570420087E+02  0.272257290689037E+02  0.500137229675421E+02
% -0.729594325976535E+00 -0.155271863161006E+01 -0.167205072740580E+02
% -0.305953433291683E+01  0.199361861571315E+01  0.245506502830356E+01
% -0.212987690058631E+01 -0.377207261190670E+00 -0.533220555458745E+01
% -0.542170889258458E+01 -0.492310097143582E+01  0.162742240229542E+02
% -0.217030347168168E+01 -0.666981020303758E+01 -0.144894861404899E+01
%  0.101900356524043E+02 -0.215556713385823E+02 -0.116643080180668E+02
%  0.109715681736873E+02  0.302688161741741E+01 -0.443082317490356E+01
%  0.506246757659633E+00 -0.182200944450401E+02  0.137000900537453E+00
%  0.493397231180427E+00  0.248480804683390E+01  0.175152366737115E+01
% -0.125075293243921E+02  0.201115014771829E+02 -0.156871958973643E+02
% -0.871463382178175E+01  0.438570638962701E+01  0.112437027522096E+02
% -0.326382621514073E+01 -0.154384710840275E+02  0.128201782900153E+02
% -0.153595448213801E+02 -0.139339477711906E+02 -0.118929612614835E+01
%  0.287453431372547E+01 -0.316355328079869E+01 -0.870211748530910E+01
%  0.122140546658436E+01 -0.772707550096710E+01 -0.533586448290000E+01
%  0.112612084268179E+02  0.108646326765210E+02  0.153956793247029E+02
% -0.502896637766331E+01  0.170028176200072E+01 -0.362264276849600E+01
%  0.492760514841443E+01  0.170232772266865E+01  0.201867104664928E+01
%  0.193619977229379E+02 -0.875181852675023E+01  0.419733862424664E+01
% -0.619944827333346E+02 -0.100092249575363E+02 -0.523922158021970E+02
% -0.345188105047794E+01 -0.173016459741114E+01 -0.122766555984858E+02
% -0.359011469095747E+01  0.324029752199040E+02  0.165394894374996E+02
% -0.174098884964672E+01 -0.138536879910820E+01  0.550511689109711E+01
% -0.201952509692184E+01  0.368777407404994E+01  0.198153474504775E+02
% -0.945679719714007E+00  0.354439953988717E+02 -0.126262526836331E+01
%  0.190451835647864E+01 -0.334379576381981E+01  0.544242790218133E+01
% -0.460820610502946E+01  0.974997604702424E+00  0.679123676504076E+01
% -0.693214307116969E+01  0.670185412169811E+01  0.972998902319884E+01
%  0.189215410608683E+01 -0.404639445889376E+01 -0.290957006125744E+01
% -0.419633049383966E+01  0.368058627844532E+01  0.215211687935430E+02
% -0.942204345777223E+01 -0.371232738871675E+01  0.125245975670678E+02
% -0.214054216385352E+02 -0.949523508663704E+01 -0.204447557604865E+01
% -0.575404720137252E+01 -0.123196045063247E+02 -0.293597233386605E+02
%  0.368650665170070E+01  0.156787064352865E+02  0.466140051641419E+01
% -0.383209623545255E+02 -0.158347682646947E+02 -0.313209380281557E+02
%  0.289872109858244E+02 -0.123175528269818E+02 -0.416202948724042E+02
% -0.149281688108528E+02  0.123969931439939E+02  0.121851706331288E+02
% -0.393465418635341E+01  0.784939780343595E+00  0.232278948686834E+02
%  0.744529579853920E+01  0.219511488999776E+01 -0.125324849947441E+01
%  0.822494095495086E+01 -0.809940637162603E+01  0.203839698970360E+02
% -0.596356864862032E+01  0.119808116478025E+02  0.130504648176667E+01
% -0.492245729617067E+01  0.416010904262009E+01  0.401386308168208E+01
% -0.532784038773313E+01  0.761341907374715E+01  0.557824958817682E+01
%  0.731030856332182E+01 -0.939289567561700E+00  0.630679179594706E+01
%  0.194986781506512E+01 -0.241743612096827E+01  0.767220933536680E+01
% -0.166283391745221E+02 -0.256016326973598E+02 -0.179011777197783E+01
% -0.491793886956878E+01 -0.151702698793449E+02 -0.682767656607124E+01
% -0.261004952166933E+02  0.709596194658214E+01  0.800802988333497E+01
%  0.183715035063276E+01  0.141145925976362E+02  0.134119418443726E+01
%  0.601932613853359E+01  0.252673211394869E+02  0.202711341036831E+02
%  0.115220269542394E+02  0.127222795053166E+02  0.143630305686896E+02
%  0.548649763325099E+01  0.370388486796403E+01 -0.115082351507681E+02
%  0.132662067499766E+02  0.926261885083176E+00  0.180759548483287E+02
%  0.208030479717862E+01  0.426146386738820E+01  0.538761729415110E+01
%  0.251035576082939E+01 -0.571736514547482E+02  0.796520463238629E+01
%  0.131956500451700E+02  0.100739038912706E+02 -0.221880544072362E+02
% -0.157412359436755E+02  0.166404445282304E+01 -0.198604131611627E+02
% -0.164194947331583E+02 -0.534856009978981E+02  0.421929441189731E+02
% -0.477772165991021E+00  0.405218018856346E+01 -0.141389352341816E+02
%  0.657232070998594E+00  0.143988080321237E+02 -0.976353892014180E+01
%  0.464517785237804E+02  0.292499481039206E+01  0.255499232115586E+02
%  0.281879500066621E+02  0.112764308563894E+02  0.653818334000951E+00
%  0.193050169433552E+02  0.499030209980990E+01  0.161563485809942E+02
% -0.104900148981952E+01  0.474854528308756E+01 -0.111130154112724E+02
%  0.124599016435344E+02  0.150858884249810E+00 -0.108149103480029E+02
%  0.123937351017094E+02  0.213515406617655E+01 -0.287147134956753E-01
%  0.338767377045717E+01  0.132166990884692E+02 -0.271912280379601E+01
%  0.969184304430964E+00 -0.452057470734183E+01 -0.120166292970062E+02
%  0.190711860782868E+02  0.345323207809654E+01 -0.876076203667455E+01
%  0.131480545309778E+02 -0.607088274979810E+00 -0.159775440914420E+02
%  0.691821984254668E+00  0.454286970920919E+01 -0.138196375546918E+01
%  0.198814067771690E+02  0.213023091133211E+02 -0.451114498588114E+02
% -0.151515010866094E+01  0.175635062667518E+01 -0.322062319710468E+00
% -0.335142666781671E+01 -0.984215288025108E+01 -0.944597577276163E+01
% -0.328651375599320E+01 -0.457468640971098E+00  0.283443560211150E+01
%  0.137095656448773E+00  0.390618311187608E+01 -0.585658766425833E+01
% -0.181261707111097E+02 -0.173381349374619E+01 -0.200324451482438E+02
% -0.212553271112732E+02 -0.276045061340048E+02  0.373079105038333E+02
%  0.742535728322040E+00  0.472038653424444E+02 -0.255821547809978E+02
%  0.701811794950611E+01  0.345293123517912E+02 -0.277874727370965E+02
%  0.275729317764476E+02 -0.185470439295748E+02 -0.140878644901803E+02
% -0.110847482009354E+02  0.100442602795561E+02 -0.955429302461895E+01
% -0.795377972238276E+01  0.274447967316364E+01 -0.752831642519169E+01
% -0.959833593512134E+00 -0.700534918947401E+01 -0.134663945341280E+01
%  0.343766617930176E+01  0.113092997875453E+01  0.111731937988483E+01
% -0.256226880016927E+02 -0.158813538446729E+02 -0.133061763499798E+02
%  0.842829332808557E+01  0.116935602348609E+01  0.109581361591539E+02
%  0.105744579748988E+01  0.184128700302393E+01 -0.461245298423959E+01
% -0.387325466561971E+02 -0.583456620759978E+01  0.515017904420785E+02
% -0.877510673205642E+01 -0.144787855861513E+01  0.643566602509810E-01
% -0.124807571363096E+01  0.655011577379986E+01  0.389188888490103E+01
% -0.100486029207108E+01 -0.961447379219996E+00  0.127185472500615E+01
% -0.338681917075339E+01  0.139058415717076E+01  0.121454874602966E+01
% -0.160498035644118E+01  0.108511951759404E+02 -0.750532758487041E+01
%  0.360066939241299E+01 -0.394084462859751E+01 -0.314763859132535E+01
% -0.844331020144626E+01 -0.144767308356646E+02 -0.116324997884009E+02
% -0.157206037149380E+02  0.155994481925861E+02  0.385163442137070E+01
% -0.169108386600096E+01 -0.199712945591161E+01  0.154952429083017E+01
% -0.202860596977957E-01 -0.292061388356059E+01  0.376670111965296E+01
% -0.126792899812404E+02 -0.909590638675363E+01  0.312266764333222E+01
% -0.384635104852824E+02  0.408454909462778E+01 -0.432096344813905E+01
%  0.263823988342664E+01  0.109025604422464E+01  0.353727301087655E+00
%  0.887388638715658E+00  0.111390691313586E+02  0.510166947591222E-01
%  0.100366363117483E+02  0.310314841264608E+02  0.143455354172781E+02
% -0.348003674113534E+02  0.245063706049667E+02 -0.145656468717276E+02
%  0.417967311843919E+01  0.154914129860017E+02 -0.931820268998142E+01
%  0.515976483182035E+01 -0.242815082111603E+01 -0.356546781465118E+01
%  0.285889798764274E+01 -0.130546224040918E+01 -0.109827872591977E+02
%  0.632908843653707E+01  0.103271590920394E+01  0.132817897839428E+02
%  0.998891056254812E+01 -0.956079219348085E+01 -0.991748973394258E+01
% -0.123997269476473E+02 -0.148925588733925E+01  0.263518833672221E+01
%  0.206835460189431E+02  0.526359318976473E+02  0.390270150080357E+01
%  0.892423977796145E+00  0.983263703882550E+00  0.328922892131492E+01
%  0.178417728631123E+01  0.338928216159337E+01  0.356168462140529E+01
% -0.176665214504399E+01 -0.100514222131798E+02 -0.350901382722093E+00
%  0.203332945857123E+02  0.900548210384315E+01 -0.279417444996561E+02
%  0.750467601839569E+00 -0.346629740725199E+00 -0.741732723310209E+01
% -0.486912980482284E+01 -0.604059441447719E+01  0.133088409620104E+02
% -0.265709127845897E+02 -0.116919511878925E+02 -0.763580870638052E+01
%  0.131046826831847E+02  0.692869870591339E+01  0.362326382161264E+01
% -0.766988108077578E+01 -0.999688017321056E+01 -0.840746273483574E+01
%  0.714001404404403E+00 -0.380775871141668E+01 -0.623950364054682E+01
% -0.226496236396735E+02 -0.612273242597430E+02  0.100563361838184E+02
%  0.148552728144581E+00 -0.924162247097852E+01 -0.470219721350789E+01
% -0.127720903266007E+02 -0.324336326951059E+02 -0.164392771650178E+02
% -0.196013620925224E+01 -0.219767170551490E+01  0.111550386540470E+01
% -0.408064847022976E+01 -0.436438058228661E+01  0.135227121793639E+02
% -0.793668017396632E+01  0.104774771504070E+02 -0.245574572341565E+02
%  0.149804628098939E+02 -0.208715378098448E+02  0.207774070732195E+02
%  0.866972431169533E+01 -0.160615709730345E+01 -0.678734312140925E+01
% -0.849315840908104E+00 -0.342358469904489E+01  0.896258953789967E+01
%  0.316355261994798E+01 -0.362676410967639E+01 -0.172907409490814E+01
% -0.322065546703988E+02 -0.382257752909329E+02 -0.103180326209503E+02
%  0.116065216049356E+02  0.356177533516421E+01 -0.646095265648047E+01
% -0.533795419175306E+01  0.531595466609270E+01 -0.109977390900842E+01
%  0.153882573300094E+01 -0.322694261375488E+01 -0.122811661502366E+02
%  0.373402167078521E+01  0.405962475618480E+01  0.287085046386582E+01
%  0.650430808978247E+01 -0.416654929394910E+02 -0.357446865161423E+02
% -0.108477355034150E+02 -0.817716804724755E+01  0.158266490516010E+02
% -0.312656394319747E+01 -0.225981421306879E+02 -0.203005656630564E+02
%  0.143801629061100E+02 -0.367269528991566E+01 -0.722484051185743E+01
%  0.120201482012066E+02  0.136476242853761E+02 -0.248920233619387E+02
% -0.260955706881194E+02  0.708088680566452E+01 -0.154870438098054E+02
% -0.758188108480430E+01  0.161839121338158E+02  0.188151469664779E+02
% -0.345805807387444E+00 -0.556213548739245E+00  0.468158137987690E+00
%  0.433100557437221E+02  0.188961906383358E+02 -0.239229748393145E+02
%  0.240413306272404E+01  0.134878014025940E+01 -0.482350246575000E+02
%  0.249140946516615E+01  0.798721767313554E+01 -0.140022400801192E+02
%  0.137035491737182E+02  0.660446052817090E+01 -0.117494605278444E+02
%  0.115379742362797E+02 -0.177719422897695E+02  0.317849338446895E+01
%  0.562978684827953E+01  0.742603214370429E+00  0.527198064924035E+02
%  0.150968013164070E+02  0.767763380375499E+01  0.278393850710612E+02
%  0.446756542235411E+00  0.379052771395612E+02  0.158084735282456E+02
% -0.158800635341390E+01  0.661222488124367E+01 -0.195067453350010E+02
% -0.155150086230373E+02  0.980971477012760E+02 -0.207403224602000E+02
% -0.116036765368737E+02 -0.704915139130982E+01 -0.373533575101315E+01
%  0.174454578849330E+02  0.445322128266405E+01  0.145925898155785E+02
%  0.480738095205511E+01 -0.984822752522460E+01 -0.123687979083351E+02
% -0.229719788510924E+02 -0.267616555153881E+02  0.196210291202165E+02
% -0.170256242985554E+02 -0.403379381933351E+01  0.301618047796762E+01
%  0.530234906256351E+02  0.372839362468573E+02 -0.313100421107265E+02
%  0.439232727335870E+02 -0.568670862680673E+02 -0.457794472756860E+02
% -0.171747049510824E+01 -0.951435684460129E+01 -0.479859660322882E+02
% -0.581943134253424E+01  0.328586947592975E+01  0.360702579231947E+01
% -0.197000093336589E+02 -0.174795546286179E+02  0.534036562813909E+02
%  0.457537195438791E+01  0.505271618280684E-01  0.131923529083408E+02
%  0.487053127290565E+01 -0.175089051496058E+01  0.246962182149199E+02
%  0.102306570725633E+02  0.180813170174592E+02  0.741798403249289E+01
%  0.100673804169227E+01  0.174737654049848E+02  0.140242003155246E+02
%  0.761183028132532E+01 -0.619220708226104E+01 -0.130770655738702E+02
%  0.191066422512620E+01 -0.311843194253602E+01 -0.423398926765501E+01
%  0.236686201063025E+02 -0.310090488961577E+01  0.404297192224686E+02
% -0.858085237881199E+01 -0.158189347564519E+01 -0.300377168220613E+02
% -0.569851094003603E+01  0.908489632795704E-01 -0.592675333133433E+01
%  0.371526640448490E+01  0.191265785252497E+01  0.873434414202408E+01
