% T    256  0.715122828077254E+01  0.715122828077254E+01  0.715122828077254E+01
   0.316819438817962E+01 -0.143367288113982E+01 -0.144613130182307E+00
  -0.161598062925432E+01  0.192954605437440E+01 -0.289932192772368E+01
  -0.186041908941001E+01  0.126275356132368E+01 -0.214093121585240E+01
   0.435745523481997E+00  0.115151489234626E+00  0.342335215818203E+01
  -0.325769400386586E+01  0.184707578411300E+01 -0.744049802134618E+00
  -0.454589507469098E+00 -0.355537547268725E+01 -0.283312609834341E+01
   0.984488061141136E+00  0.269048769125035E+01 -0.676413852438512E+00
   0.785676634055723E+00  0.203087536809850E+01 -0.263910630716162E+01
  -0.183673304149025E+01  0.228645763476140E+01 -0.175230768384763E+01
  -0.270019697795342E+01 -0.294196784702287E+00  0.264069751491924E+00
   0.171973009953998E+00 -0.286737873667336E+01 -0.311630175382179E+00
   0.221871914193732E+01 -0.112229346734017E+01 -0.113129103744167E+00
   0.198524074084441E+01 -0.205671283841860E+01 -0.426862252536073E+00
   0.309233765184638E+01  0.573564500602729E+00 -0.133834430912929E+01
   0.305712689716791E+01 -0.202595337304400E+01 -0.204143213021127E+01
  -0.340224650841039E+01  0.107331062661843E+01  0.192047899772929E+01
  -0.184349527667540E+01 -0.318810733210822E+01  0.810403030299584E+00
  -0.335745536235930E+01  0.222660694831943E+01  0.341493531667560E+01
   0.175137843418274E+01  0.967106786238202E+00 -0.164812094446977E+01
  -0.275486778101947E+00  0.124801909926702E+01  0.182177562129076E+01
  -0.146096917603212E+01 -0.153656422885557E+01  0.163943095157589E+01
   0.155155016038326E+01 -0.686930262547333E+00 -0.246306471954342E+01
   0.229001681888502E+01 -0.734216962259430E+00 -0.324727041036384E+01
  -0.758077941167581E+00 -0.329104459902185E+01  0.470730056779582E+00
   0.931162328148342E+00 -0.131054984481941E+01 -0.167995425338817E+01
   0.933866759893856E+00 -0.210650168909155E+01 -0.923174902502504E+00
  -0.324804213070063E+01  0.913301191233261E+00 -0.238780393400296E+01
   0.334828165881104E+01 -0.110723514869977E+01  0.107930219294123E+01
  -0.254089803177308E+01  0.132641004654154E+01  0.123364666641158E+01
   0.564546042222402E+00  0.669718950026221E+00 -0.979689440718830E+00
  -0.248638777477060E+01  0.157678552744642E+00 -0.234541892743677E+01
   0.245346813285507E+01 -0.478178910685759E-01 -0.757176839994020E+00
   0.260624892221022E+00  0.706795228931902E+00 -0.209067221481638E+01
  -0.111725875832737E+01  0.350719907318528E+01 -0.607030963216454E+00
  -0.314928972334135E+01 -0.222830079890316E+00  0.287757179287354E+01
  -0.166922825917726E+01  0.384672129174906E-01 -0.295327933127530E+00
  -0.337651908772486E+01  0.325622334268399E+01  0.280587703417536E+01
  -0.287925543822107E+01  0.348141828429482E+01  0.939712875462992E+00
   0.339611365441244E+01 -0.944914943979429E+00  0.353103982531831E+01
   0.469618026227337E+00  0.164667244799603E+01 -0.330461832611481E+00
   0.192599307483589E+01  0.227180477115727E+00 -0.338881224210109E+01
  -0.310992954047797E+01  0.695273892398611E+00 -0.958603082852327E+00
   0.107065644640647E+01 -0.100358244695355E+01  0.199939548485474E+01
   0.167011599303855E+01 -0.133980015900675E+00  0.178587196326881E+01
  -0.242749183449520E+01  0.200879987325620E+01  0.480427775107284E-01
  -0.200578292622962E+01 -0.130148613163980E+01  0.245851219580657E+01
   0.308139677361911E+01  0.258727649502791E+01  0.608350801962743E+00
  -0.167129143140953E+01  0.187130476804262E+01  0.734757760393454E+00
  -0.138275586805712E+01 -0.255029034061133E+01 -0.143675174649759E+01
   0.190301087725806E+01  0.350978845952532E+01  0.234007660884588E+01
   0.352906986703421E+01 -0.265182745622108E+01  0.145982603961209E+01
  -0.346777750449829E+01 -0.227450614628439E+01  0.461418972996080E+00
   0.146666519245997E+00  0.648606830135101E+00  0.807518492073399E-02
   0.621671200943162E+00  0.216057832306413E+01  0.274457650743730E+01
  -0.108932662157383E+01 -0.121882323712985E+01  0.575693749067476E+00
  -0.496933676505287E+00  0.111376416813109E+00 -0.263675716609491E+01
  -0.332836093885416E+01 -0.225038208156994E+01 -0.300985011220144E+01
  -0.287535329227227E+01 -0.142777734932754E+01  0.163329862487885E+00
   0.126093726499911E+01 -0.173037653044059E+01  0.303123242449293E+01
   0.377257956725008E-01 -0.552496167564746E+00 -0.188057977771670E+01
   0.263108573674917E+00  0.757551977731590E-01  0.222660622336755E+01
  -0.122282771844918E-01 -0.271026182003989E+01 -0.170284685438952E+01
  -0.234581401830870E+01  0.149962171684292E+00  0.185087273449105E+01
   0.967904348626524E+00 -0.347132182722821E+01  0.334504451132329E+00
  -0.229763280715175E+01  0.211206570658726E+00  0.347764194599401E+01
   0.603816147576928E+00  0.162310422605359E+01 -0.163567784393111E+01
  -0.271347300599997E+01  0.182339918260594E+01 -0.287400122221526E+01
   0.132260456993718E+01 -0.161381275816815E+00 -0.573732583312588E+00
   0.226480176694515E+01 -0.743281544357317E+00  0.258501852022677E+01
  -0.308002326000014E+01 -0.993365154923614E+00  0.196802408020880E+01
  -0.112895381794418E+01 -0.242718737207102E+01 -0.271992198293856E+01
   0.284939639240074E+01 -0.336329498478154E+01 -0.189732695730003E+01
   0.259439410748500E+01 -0.212234776183545E+01  0.466256994536274E+00
  -0.322357041002576E+01 -0.238794642916452E+00  0.122193003397658E+01
   0.132394904674366E+01 -0.453949216199039E+00  0.537800833084964E+00
   0.157572581684167E+01  0.846446700807887E+00  0.492537114494737E+00
  -0.131887150980419E+01  0.308766044277862E+01 -0.318540523239442E+01
   0.227102255183995E+01 -0.872307652433111E-02 -0.192276670504523E+01
   0.295553704392205E+01 -0.289110002914318E+01 -0.104312306180605E+01
  -0.140891026265506E+01  0.114650717065321E+01 -0.803947460979103E-01
  -0.286001866647362E+01 -0.236377141457331E+01 -0.612179774276444E+00
   0.295448969323512E+01  0.270196480330209E+01  0.353588464083298E+01
  -0.139108884857275E+01  0.304945222199315E+00 -0.188285372439172E+01
   0.941102736507415E+00 -0.241823049207195E+01 -0.226934521293281E+01
   0.219075540231277E+01 -0.113506885964657E+01 -0.151311637000000E+01
   0.220522038161622E+01  0.202930523215887E+01  0.119848382257527E+00
  -0.150811183374308E+01 -0.310503130109008E+01  0.358270445830619E+01
  -0.222324015388050E+01  0.295563743133813E+01  0.495121543406008E+00
   0.341721907923289E+01  0.158806722877954E+01  0.199230407583627E+00
   0.139663352888313E+01 -0.334878991157779E+01  0.316057307929277E+01
   0.200601582437081E+01  0.304124519836165E+01 -0.171522464077688E+01
  -0.988161874351693E+00  0.342411942471058E+01  0.263734401154546E+01
   0.104722615532242E+01 -0.583140044328291E-01 -0.166585122072851E+01
   0.101484855188398E+01 -0.260951804103454E+01  0.254223715055822E+01
  -0.243702698056167E+01 -0.223126208781640E+01  0.440380201199993E+00
  -0.273548342752717E+01 -0.199278609347009E+00 -0.120365455717364E+01
   0.311288885895993E+01  0.134540411199990E+01 -0.351838508221560E+01
  -0.100077248541907E+01 -0.824379700357414E+00 -0.207609223041467E+01
  -0.205337796382593E+00 -0.183426799541922E+01  0.735908410265879E+00
   0.248236994557414E+01  0.679583486351019E+00 -0.195035581272544E-01
   0.118609350166235E+01 -0.567546666285198E+00  0.349773857819069E+01
  -0.201223313234891E+01 -0.239750633196575E+01  0.277450165735361E+01
   0.112612208559796E+01 -0.311094890413508E+01  0.149662418845948E+01
   0.232195655429432E+01  0.315038836246281E+01 -0.285349921100862E+01
  -0.888224111930484E+00  0.438261151863809E+00  0.216290709844254E+01
   0.296023564283941E+01  0.219581096956549E-01  0.289871858610644E+01
   0.174804062149766E+01  0.198007042267148E+01 -0.205240480070704E+01
  -0.153361167094900E+01  0.236848262516268E+01  0.319203583058916E+01
  -0.274966517688268E+00 -0.618292918230534E+00  0.421147793681591E+00
  -0.110684703152087E+01  0.206054997186471E+01 -0.594241579776934E+00
   0.121848411210283E+01  0.286425049840557E+00  0.278379330013419E+01
   0.217630345981889E+01  0.136303175777826E+01  0.308021958076741E+01
   0.819033618441621E+00 -0.221743343777850E+01  0.137151912686126E+01
  -0.823274932052977E+00 -0.490252992073534E+00  0.253946235962048E+01
   0.993711208080948E+00  0.195660247686262E+00 -0.284614496661389E+01
  -0.205967898244581E+01 -0.293046379028195E+01 -0.258311585120989E+00
   0.374768582920234E+00  0.308498628982452E+01  0.121890063482974E+01
   0.309798449749051E+01 -0.651493264346168E+00  0.202627318771849E+01
   0.553378904785924E+00  0.307519234616816E+01  0.322835094396690E+01
   0.162298877993574E+01 -0.308747140863612E+01 -0.187007750558246E+01
  -0.517358285342608E-01  0.326624093216802E+01 -0.320065760369610E+00
  -0.140149614821881E+01  0.234673096485806E+00 -0.294196705744125E+01
   0.308813524920178E+01  0.370460136893936E+00  0.153426267511264E+01
   0.262637511390674E+01 -0.313308587500521E+01  0.144543500536092E+01
  -0.314792343921119E+01 -0.321976914744563E+01 -0.234523708449437E+01
   0.288934697584717E+01  0.186477451842839E+01 -0.162426111977017E+01
   0.233104465328055E+00  0.348046695643639E+01  0.230484857728397E+01
   0.135320587060139E+01  0.310872450797198E+01 -0.306996927098723E+01
  -0.248223956764940E+01  0.103290615670772E+01  0.102315270227378E+00
   0.665455611309542E+00 -0.110952445438935E+01  0.102019790409139E+01
   0.125042813141886E+01 -0.240208189276801E+01 -0.322396517895944E+01
   0.147874518375549E+01  0.203181275651867E+01 -0.345602495661729E+01
   0.227126805581302E+01 -0.127837930002026E+01  0.139733423248650E+01
   0.125573069664140E+01  0.292214051119556E+01  0.183499233570833E+01
   0.289555004554231E+01  0.160537505550429E+01  0.100519834236414E+01
  -0.333969740081801E+01  0.835527721393018E+00  0.856294732489190E+00
  -0.134397066742052E+01 -0.372815583910545E+00  0.152286386620640E+01
   0.244746953478192E+01 -0.346115510701485E+01  0.381246677541434E+00
   0.844542385241505E+00  0.101318998073451E+01  0.178091062409464E+01
  -0.241548289840817E+01  0.279903217899592E+01  0.292664841781205E+01
  -0.705391929990131E+00 -0.944881234889897E+00 -0.325459712156175E+01
   0.164954320961787E+01 -0.176275436277374E+01 -0.252024765202224E+01
  -0.349217052719412E+01  0.772076787459272E+00  0.283127628092989E+01
   0.315581440422816E+00  0.112150338738042E+01  0.268328439497013E+01
  -0.177027766244746E+01 -0.326620616135637E+01 -0.235438847511318E+01
  -0.277469035453537E+01  0.195710994719949E+01  0.220199878572831E+01
  -0.151178474361275E+01  0.913222976002789E+00 -0.109652645179784E+01
  -0.321906863636031E+01 -0.326405691331424E+01 -0.106866453469337E+01
   0.698188715418319E+00  0.132142692502239E+01  0.583109499398206E+00
  -0.243823539629710E+01 -0.140945309058328E+01 -0.185882085369945E+01
   0.327937710665059E+01  0.349190069462363E+01 -0.283774503265293E+00
   0.644895206210446E+00  0.254272802023628E+01  0.406867292680187E+00
   0.512472049160404E+00  0.194738746729972E+01  0.151962456277215E+01
  -0.352624860211509E+01  0.497105556203808E+00 -0.128844592125239E+00
   0.295836170319259E+01 -0.610547075341981E+00 -0.226893932150818E+01
  -0.317471545851170E+00 -0.944014495172744E+00  0.152977838914458E+01
  -0.241032327259599E+01  0.165651401847474E+01  0.335935449634791E+01
  -0.349628707900033E+01  0.270851009782283E-01 -0.191507353232556E+01
   0.398877384705242E+00 -0.367807066267758E+00 -0.905988661506585E+00
   0.290589238920211E+01 -0.186483534234187E+01  0.320095430888921E+01
   0.297007097706326E+01  0.238140068973668E+01 -0.699842487463488E+00
  -0.476143854586952E+00  0.122275098776470E+01 -0.879996967140180E+00
   0.288985722070615E+01  0.182114923156549E+01  0.268832729739119E+01
   0.154702292060431E+01 -0.147592127477447E+01  0.731975415616135E+00
  -0.888332200427553E+00  0.287355302673016E+00  0.318453662174375E+01
  -0.791866429341178E+00 -0.345185087702424E+01 -0.170896226175649E+01
  -0.448327094586241E+00 -0.210044474747745E+01  0.199741813315907E+01
   0.284163388808606E+01  0.300700795298771E+01  0.213242201897879E+01
  -0.308136503952097E+01  0.280735962269103E+01 -0.161041325537165E+00
  -0.782814566833216E+00 -0.152692023135912E+01  0.284510486419609E+01
   0.329228344973935E+01  0.240629372492025E+01 -0.252412216011984E+01
  -0.722101137259302E+00 -0.273256251780364E+01  0.292783708941232E+01
  -0.546851091201859E+00  0.232184692001739E+01  0.119407674687131E+01
   0.147555011299301E+00 -0.216143925775140E+01  0.292491018673909E+01
   0.152783809575114E+01  0.946737672214750E+00 -0.578161454261203E+00
  -0.629682175761242E+00 -0.200466285604980E+01 -0.346409532870532E+01
   0.223653806245531E+01 -0.355364315446040E+01 -0.976455523914409E+00
  -0.197341034504949E+01 -0.329062484671047E+01  0.217844482157875E+01
   0.214867299861352E+01 -0.250448997843610E+01  0.318270441839731E+01
   0.220185181209698E+01  0.273499541574278E+01  0.106962623308068E+01
   0.285918715548857E+01  0.132016335973447E+01 -0.601678597483688E+00
  -0.145306223733707E+01  0.221372543346195E+01  0.208590935155095E+01
  -0.100752373477532E+01  0.107065805642217E+01 -0.298707985021136E+01
  -0.130925087434133E+01  0.295359066064508E+01  0.247096708887284E+00
  -0.169139114211675E+01 -0.154906830203395E+01 -0.260171630555177E+01
  -0.761693777436274E+00  0.279681128782858E+00  0.180046513109376E+00
   0.106796616720317E+01 -0.321661134580633E+01 -0.952603125745125E+00
   0.102719995430115E+01  0.319613219041800E+01 -0.203090378885769E+01
  -0.203867910768567E+01  0.344371385582386E+01 -0.153134825624494E+01
  -0.631175222754808E+00  0.122536001211614E+01  0.597053263929485E+00
  -0.300839966231964E+01  0.233280876638218E+01  0.104520294217230E+01
  -0.586153013328450E+00 -0.149339485630396E+01 -0.142720080617516E+01
  -0.266436013367507E+01 -0.133437583143074E+01  0.340052114684317E+01
   0.103985485545029E+01 -0.122244958993554E+01 -0.165708762976850E+00
  -0.241200718517470E+01  0.269911289510156E+01 -0.323293122417638E+01
  -0.157575578585287E+01  0.116603191361174E+01  0.180937746744025E+01
   0.241141140605964E+01  0.108739134171957E+01 -0.248259797102752E+01
  -0.249423105453932E+01 -0.249805305247335E+01  0.166922653894250E+01
  -0.295959455577623E+01 -0.229793939025744E+01 -0.156245502273093E+01
   0.335578223800058E+01 -0.177049509273141E+01  0.227540959510636E+01
  -0.634298577779877E+00 -0.686415525118687E+00 -0.589218021015119E+00
   0.365332146473905E+00 -0.317822862876871E+01 -0.324844809810814E+01
  -0.315356135187023E+01 -0.270806702653115E+01  0.304856580113467E+01
   0.149451604740404E+01  0.170013605574174E+01  0.206322247130338E+01
  -0.281066173333979E+01 -0.129098165342426E+01 -0.840816346186673E+00
  -0.226717566228517E+01  0.166195632983257E+01 -0.111261371671907E+01
  -0.112178982482658E+00  0.226755157632385E+01 -0.103014156544229E+01
  -0.217012831720997E+01 -0.239193066596826E+01 -0.222793957946371E+01
   0.185972004538693E+01  0.161287332535734E+01  0.102130592343428E+01
  -0.347479141434066E+01  0.293778835772337E+01 -0.137065376634485E+01
  -0.249387125580953E+00  0.221410329188134E+01  0.243528599428514E+00
  -0.158492459371709E+01 -0.780985669798949E+00  0.344047146352652E+01
  -0.312783046228528E+01 -0.552954217152505E+00 -0.292941753769512E+01
   0.102126289232416E+00 -0.180167452790454E+01 -0.327225549031368E+00
  -0.235269475996338E+01  0.880356959593823E+00  0.266095863538047E+01
  -0.312223537041839E+00  0.205713770991518E+01  0.321882229963146E+01
   0.296136835238235E+01 -0.281207888911099E+01 -0.320154765774585E+01
   0.287918596015477E+01 -0.155781945394702E+01 -0.289841187882693E+01
  -0.302473214334743E+01 -0.325255135098306E+01  0.221013658403964E+01
   0.105828313477327E+01  0.103196483979055E+01 -0.351990733277475E+01
   0.485839877397838E+00  0.222835169008228E+00  0.106654220559898E+01
  -0.328213806029586E+01 -0.993315604401153E+00 -0.199552268021087E+01
  -0.189766995878898E+01 -0.194750282438181E+01 -0.346441885829763E+01
   0.193017425903375E+01 -0.236195422042048E+01  0.181199061478929E+01
  -0.135200543921548E+01  0.315060886508948E+01  0.148254830238610E+01
   0.291262890603031E+01 -0.335743983210596E+01  0.306512282062929E+01
  -0.321546194833112E+01  0.191047800211079E+01 -0.189051693418671E+01
   0.349808404771748E+01 -0.179471185126347E+01 -0.110744247583762E+01
  -0.199874945740057E+01  0.274757395198834E+01 -0.780226498837515E+00
   0.311367587434969E+01  0.238336519131580E+00 -0.283465777675486E+01
   0.300047188788469E+00 -0.117940587571086E+01  0.336767513957616E+01
  -0.230396011782824E+01  0.283220931273127E+01  0.190623923446192E+01
   0.713384773202181E-01  0.112720589692768E+01 -0.314104984332216E+01
   0.181848405292443E+01  0.210045079199817E+01 -0.990600093199033E+00
  -0.234233569027211E+01 -0.603864541748519E+00  0.112212183724476E+01
   0.619374659547995E+00 -0.143920391400708E+01 -0.274351473420523E+01
   0.274257194164732E+01 -0.259113689120615E+01  0.234854488555699E+01
   0.243137410651410E+01 -0.282063444702607E+00  0.921515644302045E+00
   0.205015588704380E+01 -0.283968205542115E+01 -0.273247397467690E+01
  -0.158688493277868E+01  0.367086485103055E+00  0.757815274633669E+00
  -0.922264332395208E+00 -0.219199780714352E+01  0.751138230234699E-04
  -0.494168631673091E+00  0.893444424836743E-01  0.119073734986122E+01
  -0.197071512685609E+01 -0.176517633115202E+01 -0.960533859529792E+00
  -0.184124474058165E+01 -0.682684995530440E+00 -0.123848702552673E+01
  -0.336043356733232E+01  0.350652235001151E+01 -0.337016145387431E+01
   0.101430776153495E+01 -0.224057752035403E+01  0.143000362352305E+00
  -0.868431003724741E+00  0.141839717861866E+01 -0.178752710103273E+01
  -0.191399931772947E+01 -0.958876937119220E+00 -0.277118412250775E-01
  -0.275580262750347E+01  0.294304893077292E+01 -0.207309528360856E+01
   0.176510017563288E+01 -0.206088332279321E+01 -0.151471775754412E+01
   0.203143509750012E+00  0.341260838486539E+01 -0.124354922677465E+01
   0.317504259617701E+01 -0.652555919169267E+00 -0.122311871682772E+01
  -0.109033602156509E+01 -0.293594123157920E+01  0.165079014015238E+01
   0.215100670809396E+01  0.878300490426970E+00  0.177855416465010E+01
  -0.135429461375044E+01  0.131622551934848E+01  0.300574265510200E+01
  -0.241441013071650E+01 -0.344819477803823E+01  0.336209747934411E+01
%  0.671956475807238E+00  0.961035055789237E+00 -0.836694591139257E+00
%  0.138449922251563E+01 -0.416153539673628E+00  0.899870125978204E+00
%  0.866927436174028E+00 -0.575619487172352E+00 -0.489780340233474E+00
% -0.112588257971551E+01  0.955468442445318E+00  0.122470074273828E+01
% -0.527811778420826E+00 -0.134890893439770E+01  0.866610935482843E+00
%  0.117687374577780E+01  0.897780106644056E+00  0.134999060263921E+00
%  0.793888765605415E+00 -0.900117001354760E+00 -0.227659214212986E+00
% -0.124951182129016E+01  0.344735116658066E+00  0.110244927434691E+01
% -0.140460421963928E+01 -0.645173027807501E+00 -0.866605514102276E-01
%  0.146159057066914E+01  0.642338744011766E+00 -0.597814712230733E+00
% -0.275078828089824E+01 -0.105519484896558E+00  0.100152890407839E+01
% -0.204569940800183E+01  0.952533999928236E+00 -0.182156603854545E+01
% -0.306493199860137E-01  0.125536275923559E+01 -0.338798747115781E+00
%  0.295323090312051E+00  0.973094754627863E+00  0.200434625511343E+01
% -0.115162411074143E+00 -0.163849459973919E+01  0.670442272599798E+00
%  0.569211942014185E+00  0.170133107299416E+01 -0.408446330452187E+00
% -0.165586604588861E+01  0.844628589730552E+00  0.204569733601208E+01
%  0.100481586915331E+00 -0.242314193402432E+00  0.319636861707341E+00
% -0.941527791257800E+00 -0.319526326433456E+00 -0.106513434876764E+01
%  0.397899179321560E+00  0.553484172140617E-02  0.117285740113442E+01
% -0.102969614667911E+00 -0.191459163642816E+01  0.272437619791414E+01
% -0.187802291244266E+00 -0.113401901692735E+01 -0.858036125041020E+00
%  0.113188121507053E+01  0.573765467361527E+00 -0.304000140004519E+00
% -0.695246329508688E+00  0.898480356736515E-01  0.245131234487402E+00
%  0.205228509561921E+00 -0.461523942336643E+00 -0.219082223248313E+01
%  0.932583476410924E+00 -0.265892283706146E+01 -0.290519343435908E+00
% -0.663884100860944E+00 -0.106325513073141E+01 -0.348438717550231E-02
% -0.155926965338550E+01 -0.989971198080812E+00  0.938101820187476E+00
% -0.839114279250578E+00  0.720005560760963E+00  0.101845683389014E+01
%  0.273366855663361E+00  0.120818018875320E+01 -0.256284534272904E+01
%  0.132238228379617E+01 -0.339066227155175E+00 -0.292771363632821E+00
%  0.474325991685193E+00  0.144041539321331E+01  0.103994695129306E+01
%  0.157877329987143E+01  0.356144114452334E+00  0.102605868396501E+01
% -0.952737180901255E+00  0.145101160226592E+00  0.166458943273089E+00
% -0.164939305389439E+01  0.157942718620090E+01 -0.296699230791503E+00
%  0.110769333200234E+01  0.967209181493537E+00 -0.128941890291210E+01
%  0.116905973221340E+00  0.811131112128079E+00 -0.362105562573440E+00
% -0.287846045603437E+00 -0.146951846107283E+01  0.127241346786697E+01
%  0.285282594952008E+01  0.168124414612329E+01 -0.284590969186335E+00
% -0.184024817444712E+01  0.442264105097250E+00 -0.258633258221518E+00
% -0.238280358906076E+01 -0.762202911756399E+00 -0.253928256381871E+01
% -0.316157240465477E+00 -0.196759885477714E+01 -0.111351021898787E+01
% -0.148802975872631E+01 -0.236022026312453E+01 -0.494730615926949E+00
%  0.132137805323194E+01 -0.227634674419403E-01 -0.763265067304697E-01
%  0.695479830488649E+00  0.597029178421963E-01  0.441576961064025E+00
% -0.113550167337679E+01 -0.208834396210526E+01  0.148793228286020E+01
% -0.129121863864186E+01  0.103468306092714E+00  0.718157535866043E-01
%  0.474189753932248E+00  0.136282447026011E+01 -0.634729134739877E+00
%  0.832972362601892E+00 -0.422745967652427E+00 -0.110619415813439E+01
%  0.833731071432689E+00  0.340626831445797E+00 -0.109225871103958E+01
%  0.134521805570733E+01  0.865843939596033E-01 -0.134611921196566E+00
%  0.131875832834506E+01 -0.301150878037634E+00 -0.241604139516704E+00
%  0.605994582530767E+00  0.669635828655394E+00 -0.201908516471115E+00
%  0.816856775420051E+00  0.879066954357630E+00 -0.954907544071798E+00
% -0.326520242526091E+00 -0.793888161781795E+00  0.689967751086014E+00
% -0.656273608716227E+00 -0.154862951213079E+01  0.263569883748470E+00
%  0.351132575743949E-01 -0.371930413058901E+01 -0.593785772556896E+00
% -0.641543913139706E+00 -0.493450878090339E+00  0.507659014551658E+00
% -0.129610507077924E-01  0.645627200020356E+00  0.501437445910841E+00
% -0.822907122187310E-01  0.991480099018460E+00 -0.984670384048046E+00
%  0.392350999253713E+00  0.900788902888389E-01  0.137304630473029E+01
%  0.723292537968977E+00  0.305210197643604E+00  0.745690337010725E+00
%  0.285672091931469E+00  0.391575645282094E+01  0.516206678650388E-01
% -0.174597639693996E+01 -0.114594167085731E+01  0.320494056315157E+00
%  0.544722430203275E+00  0.403550819941449E+00 -0.207333880478628E+01
% -0.416732330378498E-03 -0.305326363014428E+00 -0.149405825275778E+01
%  0.115253394870267E+01  0.163171893872117E+01 -0.116213972406950E+01
% -0.132229876603415E+00  0.121762017215171E+01  0.158827519322192E+01
%  0.549301858733255E+00 -0.185420361114694E+01  0.110867072517841E+01
%  0.632207198399804E+00  0.104457575279902E+01  0.163898287337596E+00
% -0.171260786954974E+01 -0.343184469013634E+00  0.162297410830974E+01
% -0.983171303845785E+00  0.356888285686835E+00  0.100692396554096E+01
% -0.117204843127091E+01 -0.742787722709277E+00 -0.747069986581387E+00
%  0.642495677788234E+00 -0.860489890086986E+00  0.129124057182313E+01
% -0.858874432452590E+00  0.207981396773429E+01  0.642986784580932E+00
%  0.482182297658124E+00  0.213471908084739E+00  0.112126525959567E+01
% -0.226984949643033E+01 -0.871321064129050E+00 -0.651615519018334E+00
%  0.188109088523933E+01  0.877153981976669E+00  0.435154714904188E+00
%  0.159699142522214E+01  0.790930272159861E-01 -0.929293061817524E+00
%  0.419023197566080E+00  0.180751092076509E+00  0.248457080968259E+01
% -0.298826196866540E+00 -0.134665818882012E+00  0.290706945332358E+00
%  0.735188714561188E+00 -0.120183674989342E+01  0.173157942900157E+01
% -0.327111965947631E+00  0.105026590930408E+01 -0.213710972812418E+00
% -0.180703703983835E+01  0.349895748297922E+00  0.353257416670610E+00
% -0.671880977702120E+00 -0.101969672512507E+01  0.261985650877951E+00
% -0.229525406907835E+01 -0.214232415302817E+01 -0.482453474541873E+00
% -0.995516754606396E+00  0.296250836672058E+00  0.244998687962487E+01
% -0.129221857502670E+01 -0.144226206199537E+01  0.205624695697241E+01
% -0.469794341725360E+00  0.101851161489366E+01 -0.127225974414038E+01
%  0.622278306090813E+00 -0.708323197379619E+00 -0.340589418090473E+00
%  0.146318999797978E+01  0.271541025650481E+00 -0.102146952539211E+01
% -0.319006326733674E-01  0.185578212020706E+01  0.396056081409099E+00
% -0.178991422231199E+01 -0.319624137788578E+01 -0.303305300354586E+01
%  0.133409260525801E+01  0.971530382717462E+00  0.161843491623862E+01
%  0.219472220926098E+00 -0.971350518016326E-01  0.451645834897777E+00
%  0.832843354031405E+00 -0.142333306906053E+01  0.624819753437897E+00
% -0.929125709247160E+00  0.261840340351971E+01 -0.360827680189227E+00
% -0.316844485240275E+00 -0.114759629714156E+01  0.129741231779993E+01
% -0.690628213287011E+00 -0.562873047064190E+00 -0.101184726642087E+01
% -0.120359447003912E+01  0.535695415037758E+00 -0.296898441795458E+00
% -0.201853376866983E+01 -0.150282618582961E+01  0.350233414519082E+00
%  0.121560387935931E+01  0.538402440119416E+00 -0.847797734192030E+00
% -0.502659574579539E-01 -0.742410763317554E+00 -0.333170706155016E+00
%  0.110421441499881E+01  0.160103707558634E+01 -0.877687850992497E+00
% -0.438564649403857E+00  0.881878105983372E+00 -0.535435896785848E+00
%  0.739208573251037E+00 -0.121098941571225E+01  0.491691215364856E+00
%  0.359570130365721E+00 -0.146905737874679E+00  0.102265867857998E+01
%  0.104832415421575E+01  0.797067678918401E-01 -0.313207898145298E-01
% -0.224680863077696E+00  0.191637496567816E+01  0.156256299812579E+01
%  0.656925176320495E+00 -0.347996988189233E+00 -0.418006638958010E+00
%  0.285083070824391E+00 -0.940069744730676E+00 -0.178212502638763E+01
%  0.614887968111259E+00 -0.116856390309731E+01  0.459053272912740E+00
%  0.240871130538064E+00  0.116288324467763E+01 -0.579893466473977E+00
% -0.113952760979283E+00  0.134276126658013E+01  0.150168932607840E+01
%  0.175309318431925E+01  0.138666294905873E+00 -0.130722244075931E+01
%  0.150343810509960E+00  0.248522873253908E+01  0.768322862984030E+00
%  0.477296402070683E+00  0.267195147570284E+00 -0.883282688355164E+00
% -0.676823923700624E+00  0.443666218561148E+00  0.723330628807939E+00
%  0.176497897005756E+01 -0.752200142068565E+00  0.122885697669991E+01
% -0.134895675226812E+01  0.148889445638744E+01 -0.126901503364465E+01
% -0.383480239495866E+00  0.855910459322150E+00 -0.125635430038344E-01
% -0.688117759102014E+00  0.192105627214374E+01  0.249301479220889E+01
% -0.293831548579885E+00  0.168763543660565E+01 -0.902688228990853E-01
% -0.496592763688389E+00  0.541864640289682E+00 -0.188386581941963E+00
%  0.569447838916294E+00  0.769553116308799E+00  0.700792764702372E-01
% -0.158096971951578E+01  0.779485381593110E-01 -0.119906531924630E+01
%  0.178537295090897E+01  0.634579254467712E+00  0.745103614394364E+00
%  0.608956321223628E+00 -0.134711090415688E+00  0.312601895601118E+00
% -0.209857755107414E+01 -0.156770038480232E+01  0.101258513984690E+01
%  0.924418370739822E+00 -0.621133505246506E+00 -0.668596517510602E-01
%  0.186961039942266E+00  0.846679426310383E+00 -0.675527039308762E+00
% -0.249128364468514E+00  0.431584099921083E+00 -0.212187319127119E+01
%  0.176338932233478E+01 -0.127794533544800E+01  0.115052305104843E+00
%  0.174686988204373E+01  0.125139350078341E+01 -0.794111703556592E-01
%  0.379750718408057E+00 -0.576819086862828E+00  0.154487231773880E+01
%  0.227481651633920E+00 -0.268797083607637E+01 -0.168849203684975E+01
%  0.167392592538062E+01 -0.956974775668606E+00 -0.428681396629666E-02
% -0.427650794991138E+00  0.279177607220012E+00 -0.277850709739723E+00
% -0.294011210680211E+00 -0.107975884583156E+01 -0.495765551545804E+00
% -0.119720660808139E+01  0.741355901995039E+00  0.835734405835445E+00
% -0.696718374488979E+00 -0.507496977585647E+00 -0.114053463241499E+00
%  0.922400389749726E-03  0.428370177118565E+00  0.211779056508419E+01
% -0.260538440817302E+01  0.111004745208707E+01  0.370391754486001E+00
%  0.111967825879160E+01  0.130894797856304E+01  0.586396617785272E+00
%  0.520602507124136E+00  0.698901091389998E-01 -0.636569694152165E+00
%  0.161547460645948E+01  0.812199072392165E+00 -0.108586009947897E+01
% -0.944205774482877E+00  0.549139590494435E+00 -0.152130712631012E+01
%  0.296779218619859E+00  0.146182570033077E+01  0.136226262372712E+01
% -0.533137350484396E+00 -0.163201262311831E+00  0.271479913720668E+01
%  0.220209721024940E+01 -0.228520297303733E+00  0.921257349584555E+00
%  0.683864797044524E+00 -0.692122682007164E+00  0.199283176028469E+01
%  0.555412365365774E+00  0.458020161855800E+00  0.111558086230789E+01
% -0.204370457337779E+01 -0.229233327659397E+00 -0.151915290085143E+01
%  0.333336063882765E+00  0.189643601996233E+01  0.793187397652969E+00
%  0.656451729240062E+00 -0.793316233200891E+00 -0.132630740760240E+00
%  0.248594992706721E-01 -0.213498629295893E+00 -0.163518137801167E+00
%  0.126306405626701E+01 -0.103051636509771E+01 -0.475577561353541E+00
% -0.981475133507130E+00  0.110537330759291E+01  0.295593351755743E+00
%  0.811649687407290E+00 -0.164958357585683E+01  0.747046983172385E+00
% -0.298655219460010E+00 -0.305118496839211E+00 -0.306531472241823E+00
%  0.115470350556361E+01  0.208328441391807E+00  0.128446833377106E+01
%  0.161918207790576E+01 -0.302548927813448E+00 -0.216614588454655E+01
% -0.102616989675467E+01 -0.108046650840707E+00  0.875701248004943E+00
% -0.108263981582133E+01  0.112957634342797E+01  0.795088237777393E+00
%  0.823201165274606E+00 -0.316043563564617E+00  0.100642220966927E+00
%  0.117050476855415E+01 -0.197135653635476E-01  0.161833462867523E+01
% -0.532861211875294E-01  0.586471805893435E+00 -0.110559283717856E+01
% -0.165526047731159E+01 -0.102993455881634E+01  0.197237796802385E+00
%  0.461066661587720E+00 -0.261493647664274E+00 -0.329529523135552E+00
% -0.201463747329902E+01 -0.112765636338303E+01  0.100717552891602E+00
% -0.656945993273103E+00  0.190737125525150E+01  0.109523570934414E+01
% -0.773949398673585E+00 -0.975269472913012E+00 -0.136308981722228E+01
% -0.738615061098154E+00  0.176474838815978E+01  0.811451778905110E+00
% -0.198660144976773E+00  0.626624580607072E+00  0.728750560302906E+00
%  0.574409216012613E+00  0.260396320582850E+01  0.650191851640844E+00
%  0.110130631507403E+01 -0.192056163100588E+00 -0.183509233260764E+01
% -0.513630242884021E+00 -0.422275564609465E+00 -0.117634467734559E+01
% -0.132670174328819E+00 -0.538089431190772E+00 -0.618093288911506E+00
%  0.482456163197185E-01 -0.616019645181324E+00 -0.146487021456396E+01
% -0.189143103357376E+01 -0.804027943864180E-02  0.172709229688420E+01
% -0.241177540451987E-01  0.463238320770027E+00 -0.942952848909352E+00
% -0.634375927693365E+00  0.171280792326903E+01 -0.989321992445366E+00
%  0.201533405304272E+00  0.584954285949410E+00  0.322117626771099E+00
%  0.458905721093179E+00 -0.638418372310596E+00  0.270321131298275E+00
%  0.360271553782634E+01 -0.845330007455417E-01 -0.193457962041189E+01
% -0.121480053593956E+01 -0.260600181026167E-01 -0.940882511284883E+00
%  0.221629158745574E+01 -0.646126034811035E+00  0.763590587971980E+00
% -0.414398437628180E+00 -0.118635581582391E+01  0.181817232654373E+01
%  0.167829192035786E+01 -0.560535128377520E+00 -0.684182966611000E+00
% -0.181944889806329E+00 -0.431239225481089E+00  0.797692013101553E+00
%  0.660676905431617E+00 -0.719832896997046E+00 -0.795173778401025E+00
%  0.147700932715255E+01  0.549173104158048E+00 -0.142390494480688E+01
% -0.551475499844167E+00 -0.736144089421783E+00  0.154283315398489E+01
% -0.168101334121917E+01 -0.807739589191122E+00 -0.526200388775163E+00
%  0.514754998634765E+00  0.851995958213090E+00 -0.151342848885188E+01
% -0.557556958386871E+00 -0.274209392459283E+01  0.359141794523426E+00
%  0.176947411179151E+01 -0.169403168108738E+01 -0.346868225334756E-01
% -0.338397937838021E+00 -0.137585906877588E+01 -0.179118325555151E+01
%  0.120931296286627E+01  0.879928067937031E+00 -0.782541993574198E+00
% -0.967075832818995E+00 -0.120012860949493E+01 -0.985343400585958E-01
% -0.545075223554537E+00 -0.320246725847866E+00 -0.124041535631232E+01
%  0.490470266459948E+00 -0.157058196586006E+00 -0.165797613394922E+00
% -0.107866441768702E+01 -0.199020479982795E+00  0.513728289934995E-01
%  0.156432331423493E+01 -0.133106486342216E+01  0.166221623273020E-01
%  0.284507137818301E+00 -0.224906193257206E+01 -0.480441210651260E+00
%  0.109391652499346E+01  0.953045189790326E+00 -0.820593737511741E+00
% -0.246749056133102E+00 -0.170617515388915E+01  0.442589557573245E+00
% -0.496831419754380E+00  0.953797685502691E+00  0.125777220348550E+01
%  0.109252731093651E+01  0.758298962060428E+00 -0.155221043074115E+00
% -0.165028754717448E+01  0.330199552252974E+00 -0.612804371642163E+00
% -0.134070593215251E+01  0.369500846623494E+00 -0.152307071391457E+01
% -0.688521276042338E-01  0.824618128535661E+00  0.768021678256182E+00
% -0.182352666930490E+00  0.163876090614753E+00  0.397830499452937E+00
% -0.125814898431715E+01  0.103301021778617E+01 -0.184980233487754E+01
% -0.107622614647367E+01 -0.211987094378318E+00 -0.374466361693469E+00
%  0.113920701281521E+01 -0.948453157910691E-01 -0.337790950447091E+00
% -0.644412797006336E+00  0.461549245543236E+00 -0.111730069880797E+01
%  0.496573060566468E-01  0.743506863742731E+00 -0.144267670540749E+01
% -0.230184316489915E+01 -0.848073533364853E+00 -0.480067412001226E+00
% -0.617389751691487E+00 -0.143745281692846E+01 -0.207643011589151E+01
%  0.928966789910085E+00 -0.433556980984605E-01 -0.855717180761630E+00
%  0.908358591728670E+00  0.217149873064914E+01 -0.619317142119099E+00
% -0.303072196346935E+00 -0.132643443637195E+01  0.249855977016084E+01
%  0.116974574098388E+01 -0.918177065715326E+00 -0.631522246070596E+00
% -0.892612687881573E+00 -0.196879508101058E+01  0.863898517066432E+00
%  0.827366750904765E+00 -0.289409099159119E+01 -0.797367459644683E+00
% -0.795963961990535E+00 -0.330751931503282E+00  0.767536295903261E+00
% -0.110899641894423E+01  0.138409921923678E+00 -0.719742196371085E-01
%  0.653299597738383E+00 -0.933149150909444E+00  0.251252697697302E+01
% -0.802664376636904E+00  0.175883347087901E+01  0.172681985864076E+01
% -0.112375596141991E+01  0.430900298927661E+00 -0.636518523413896E+00
%  0.478608463737577E+00  0.273714913132379E+00  0.785442381182194E+00
% -0.533460151427568E+00 -0.871837990252991E+00 -0.585536177611181E+00
% -0.401549927369580E+00  0.206251304442838E+01 -0.250741269422171E+01
% -0.191465291934271E-01  0.410754565725690E-01  0.868202370618054E+00
% -0.817511323103663E+00 -0.539227924666458E+00  0.221501463508769E+01
%  0.121762100243267E+01  0.464634002102097E+00 -0.134087918170822E+01
%  0.117799690273685E+01 -0.539146857266842E+00 -0.225402226428260E+01
%  0.235789263432811E+00  0.382345842511910E-03  0.377097291630439E+00
% -0.549725617462841E+00 -0.105477761210708E+01 -0.120238879114187E+01
%  0.911245295660669E+00  0.119744848853520E+01  0.942358546450191E+00
%  0.189428586533402E+01  0.154354407743221E+00 -0.202572177821788E+01
%  0.766712820145986E+00 -0.509562641071957E-01  0.975157136290585E+00
%  0.206457201482959E+00  0.173707120258022E+01  0.228960954205138E+00
% -0.183612780212623E+01 -0.507724056160920E+00 -0.556765648089962E+00
%  0.913446041557534E+00 -0.410693854444124E-01  0.105316701226492E+01
% -0.932061811203344E+00  0.916839281553614E+00 -0.625978770421144E+00
% -0.784341210355279E+00 -0.999857863367258E+00  0.360458612578724E+00
%  0.151024004262987E+01  0.181471303329621E+01 -0.145577018394603E+01
%  0.735889210844954E+00  0.195346886449848E+01 -0.371999772989598E+00
% -0.797548370056012E+00 -0.382645041529663E+00 -0.788797652972075E-01
%  0.742804188936770E+00 -0.216254627490617E+00 -0.121946728423863E+00
% -0.702367186820900E+00 -0.544448433987497E+00  0.640258957751119E+00
% -0.721486760654349E+00  0.722117007359222E+00  0.912200767127105E+00
%  0.733634371082029E+00 -0.131617916768261E+01  0.241775988951281E+00
%  0.238676720429373E+00  0.294874388581484E+00 -0.564927363517472E+00
%  0.258517642968102E+02 -0.400294738081646E+01  0.446371357670521E+00
% -0.179118096757009E+01  0.152160994177578E+02 -0.921492163907428E+01
% -0.120036028088826E+02 -0.102701768437430E+02  0.335132510589343E+01
% -0.329971444011480E+02  0.978150692866399E+01 -0.143847394443900E+01
%  0.837594032444751E+00 -0.243657540198467E+01 -0.202079696156075E+01
% -0.205581401268102E+02 -0.350887527298961E+01  0.145878068393321E+02
% -0.923887822766814E+01  0.504397342105945E+01  0.453486260870195E+00
% -0.251770164278317E+01  0.302991657847778E+00  0.332574974977841E+00
%  0.116383839774337E+02  0.183266959894523E+02 -0.214095235615201E+02
% -0.146444801535313E+02  0.179657358334742E+02 -0.339266123021969E+02
%  0.278114674991442E+01  0.421626589590624E+01 -0.127123971344088E+01
% -0.215896557409469E+02  0.276890050502980E+02  0.746794970267947E+01
% -0.771645000326042E+01 -0.156386057661815E+02 -0.811531248469321E+01
% -0.312940360323744E+02  0.204803546256714E+02  0.994961828574031E+01
%  0.249623620826580E+01 -0.156095652943073E+02  0.180091060345885E+02
%  0.116545986815165E+02  0.214794632950935E+02 -0.374423504331948E+02
%  0.112137233433839E+00 -0.531844047015192E+00  0.308079309478158E+01
%  0.358164439766426E+02 -0.155881471779354E+02 -0.606244397231502E+01
% -0.435903382864234E+01 -0.406104321736115E+01  0.522004330168768E+01
% -0.474420312981306E+01  0.179293978141358E+01 -0.111528917097541E+02
%  0.139271325794472E+02 -0.343285499407708E+01 -0.156161712286900E+02
% -0.302989587929844E+01  0.135509508406467E+01  0.330767529558508E+01
%  0.607833796354382E+01 -0.629262402659762E+01 -0.350559031640591E+01
%  0.190290277909403E+01  0.307456031328263E+01 -0.115367706934920E+01
%  0.226602918951541E+01  0.435096841028345E+01 -0.138827110845448E+01
% -0.948719687116981E+01 -0.396516772522719E+01  0.290625850591868E+01
% -0.147190000794759E+01  0.140779240291198E+02 -0.477460751904861E+01
% -0.363226276503379E+01 -0.101664900832830E+02 -0.710947394101383E+01
%  0.172258162792661E+02  0.861622493061616E+01  0.665459388417278E+01
% -0.670019313745278E+00  0.985050441620224E+01 -0.611617631777901E+01
%  0.847468284438686E+01 -0.271761111694008E+01  0.161462529013087E+01
% -0.117065892845307E+02 -0.701880662091549E+01 -0.256453732228729E+01
%  0.131982015172275E+00 -0.480264400818905E+01 -0.219130103266557E+00
%  0.251103413342284E+00  0.729274801884006E+01 -0.107511740264753E+02
%  0.847101160369810E+01 -0.113906157976189E+02 -0.222328111463510E+01
% -0.732706814930715E+01  0.469944615354400E+01 -0.857742375820587E+01
% -0.210396992223149E+02 -0.532240239268106E+02  0.201425714205206E+02
% -0.395007202545501E+02  0.326209971180765E+02  0.292170580875195E+02
% -0.105681538901536E+02 -0.778138735687631E+00 -0.160163915281988E+02
% -0.544953906895726E+00  0.671384880586526E+01 -0.278985503872160E+02
%  0.796680723227111E+00  0.130665912621696E+02 -0.363856956819340E+01
%  0.302461495343599E+02  0.394645504334652E+02 -0.423694151062451E+02
%  0.114557985593786E+01 -0.377559930004745E+01  0.692493390705988E+01
%  0.181836390182623E+01  0.248015835582817E+01 -0.260058138455373E+01
% -0.367647745615181E+01  0.249799031125580E+02 -0.131120379475911E+02
% -0.936574654334137E+01  0.588031880707527E+01  0.178326598979499E+02
%  0.228146518638836E+02  0.273019555918860E+01 -0.164581553863149E+02
%  0.115211487339096E+02  0.166496275876786E+00  0.996793985387187E+01
%  0.395535287335740E+00 -0.275998617050653E+01 -0.263437644529609E+01
%  0.219970735749017E+02  0.138592539346219E+02 -0.766009458424148E+01
%  0.129449770148845E+02  0.719561544785844E+01  0.615793901043492E+01
% -0.125031731648458E+02 -0.187803525880501E+01 -0.447292629163996E+01
%  0.162252279332543E+02 -0.403194346306051E+00 -0.478582214349871E+01
%  0.123678970092573E+02 -0.744950145203943E+01 -0.124262833833350E+02
% -0.794958136753513E+01 -0.569264484035771E+01  0.903577953289310E+01
%  0.435590464776278E+02 -0.736067171744599E+01  0.125997642915857E+02
%  0.762276795216686E+01  0.580430116066942E+01  0.199554010799878E+01
% -0.269025776540870E+02  0.451628432821499E+02  0.102543248807162E+01
%  0.262216656594971E+01  0.121466155249301E+02  0.524712709508600E+01
%  0.199007907402257E+01 -0.897652933984521E+00 -0.685857819072096E+01
% -0.358572208587005E+01  0.729015054915491E+00 -0.271253136246402E+01
%  0.479692366217638E+01  0.378895522168008E+01  0.234464718058896E+01
% -0.101336190579883E+00  0.633222589114833E+01  0.272367328462015E+01
% -0.303273362452379E+01 -0.396996216614411E-01 -0.149753645758969E+01
%  0.192565866351826E+01 -0.546018413379310E+01  0.768139243538573E+01
%  0.372605340514183E+01  0.143828635737504E+01  0.810266341653464E+01
% -0.208432975360697E+02 -0.179340387439529E+02  0.434114999079494E+02
%  0.219129410747000E+02  0.454349120945430E+01  0.862087588398605E+01
% -0.221545692329665E+02 -0.592656882196745E+01  0.112133359583151E+02
%  0.167531444825381E+02 -0.414972097033870E+01  0.310307263417326E+01
% -0.103009072163276E+02 -0.211357621773448E+02  0.211555843784223E+02
% -0.295016512346436E+01 -0.155916597609374E+02 -0.328836250488544E+02
% -0.399903028566525E+01  0.165170481282769E-01  0.814468670930093E+01
% -0.427589578221466E+02  0.290651326114393E+02  0.554031845903513E+01
%  0.756090859839316E+01  0.170307084207383E+02 -0.144460119753877E+01
%  0.143241303178312E+01 -0.433687670683006E+02 -0.137751639338304E+02
% -0.721581419192617E+01 -0.828929534959927E+01  0.359389395793012E+01
% -0.234471014160233E+02  0.228638816763054E+02  0.139543673968449E+02
%  0.214749631829276E+02  0.478504860449251E+02  0.257555757302053E+02
% -0.740656977460713E+01 -0.172019110678912E+00  0.211360351096250E+00
% -0.110027881296976E+01  0.517049316091910E+01  0.543007618057524E+02
% -0.301470294260063E+02  0.192838542559601E+02  0.497333047878089E+00
%  0.469745654194010E+01 -0.170468580673758E+02 -0.124301012847257E+02
% -0.310259612984943E+02 -0.941011810237765E+01  0.259445022483669E+02
%  0.621862679136575E+01  0.172849067247816E+02 -0.260253329277936E+01
%  0.635350515961165E+01 -0.504776080737261E+00 -0.851120097178961E+01
%  0.211307420284640E+02  0.187976467073002E+02  0.472473351621295E+01
% -0.142641949331326E+02 -0.288105393389792E+02 -0.622229416049735E+01
%  0.356553342600474E+02  0.782723112896965E+01 -0.286012168234170E+02
% -0.648664378073418E+01  0.226451921895218E+00  0.268315263807666E+02
% -0.208387360563895E+01 -0.378517518733920E+02 -0.404301174843748E+02
% -0.525728052938446E+01 -0.555895970841296E+01 -0.235823362418527E+01
%  0.887045509949920E+01  0.294530606059654E+01 -0.102452580637887E+02
%  0.292220317005972E+01 -0.750620500489691E+01 -0.180235521124052E+02
%  0.360471843246972E+02 -0.399413251363700E+02  0.209169583433131E+02
% -0.370246863936916E+01 -0.171369236314012E+02 -0.271464599064342E+01
%  0.389440273073616E+01 -0.233122510460855E+01  0.898008755458365E+01
% -0.112762762422817E+02  0.139744811112163E+02 -0.126661293483586E+02
%  0.736553456817857E+01  0.183717037705342E+01  0.662539212194034E+01
% -0.170544252813149E+02 -0.353641588804929E+02  0.468042433837191E+02
%  0.178756833426395E+02 -0.140687663604007E+02  0.372899639417483E+01
% -0.222901496954069E+01 -0.550305694087494E+01 -0.106152572761251E+02
%  0.186432346443163E+02 -0.568389391843070E+02  0.925710333466009E+01
%  0.261118738692339E+02  0.564645067782431E+01  0.117880935079127E+02
%  0.340646499990027E+00  0.155210128794464E+02 -0.154754425637124E+02
% -0.135184194247438E+02 -0.590312605151676E+01  0.538359450434407E+01
%  0.497618445994038E+00  0.271979340614373E+01 -0.660049687926280E+01
%  0.128317891430410E+02 -0.565409922530936E+01  0.323281963483512E+01
%  0.226514508293121E+02 -0.298902735810047E+01  0.227230137486214E+01
% -0.509476067703092E+01  0.443498556133201E+01  0.159688592967038E+01
%  0.127602955431559E+02  0.565318132903703E+01 -0.111983284247435E+02
% -0.658057329584273E+02 -0.410940636510971E+02  0.303000010398931E+02
% -0.171450408609494E+02  0.568313957505585E+02 -0.828691823528277E+01
%  0.309628648102127E+01 -0.335076868968106E+02 -0.611663976325891E+01
% -0.126774521735745E+01 -0.137574552899659E+01  0.156322545434158E+02
%  0.127888404342237E+02 -0.117508714175173E+02 -0.438549747443088E+01
% -0.792229798277423E+01  0.100468066503288E+02  0.124688939947998E+02
%  0.531308615247328E+01  0.705081072874679E+01 -0.100054328809806E+02
%  0.159221436536774E+01  0.610857572818904E+01  0.128675700956212E+02
%  0.344923675776157E+01 -0.959112047252037E+01  0.250012244317293E+02
% -0.113359057019533E+02 -0.209892725228184E+02  0.432004327082115E+02
% -0.853526647740091E+02 -0.780159086883357E+02 -0.177555605646830E+02
% -0.863314977681653E+01 -0.689021321455782E+01 -0.287723696733787E+00
% -0.148436197535454E+02 -0.146188460265106E+02 -0.452643554057700E+01
% -0.613881976688197E+00  0.507067759745278E+01  0.301662855372637E+01
% -0.700541135799101E+01 -0.541471526951154E+01 -0.255923002199774E+01
%  0.319227978449795E+00  0.385315015802534E+01 -0.703820343144307E+01
% -0.272701451538266E+02 -0.298904172774824E+00 -0.839470819408601E+01
% -0.615186193714010E+01 -0.374259229557164E+02  0.179635838904391E+01
% -0.320723691078995E+02  0.265267905485974E+01  0.230978361638061E+01
% -0.839139635750990E+01 -0.446484430496929E+01 -0.383282486664871E+02
%  0.408590637253268E+01  0.421442298287594E+01 -0.444725497930784E+01
%  0.159752101420348E+02  0.415445334669370E+01  0.177711412882300E+02
% -0.120511817146923E+02 -0.145126790313438E+02 -0.808402033979816E+01
% -0.157406003522016E+02 -0.638657263790034E+01  0.429617887456455E+02
% -0.104869936696489E+02 -0.966205964091704E+01 -0.289763404305776E+01
% -0.982463038589876E+01 -0.110519882541519E+02  0.697362686888258E+01
% -0.287088649638507E+01 -0.623255484279807E+00  0.175692986557776E+01
% -0.912769983242352E+01 -0.380166772956787E+02 -0.131278733883688E+02
% -0.129250879519449E+02 -0.144888505005993E+02 -0.254868635623572E+02
%  0.185626082878278E+02  0.157141303076628E+01  0.115070306137556E+02
%  0.280406157970882E+02  0.236194984105075E+02 -0.342365221898941E+01
%  0.387963272146375E+01  0.545759951752402E+01  0.422064939617382E+02
%  0.721887704901062E+00 -0.565482323962977E+01  0.173867360668365E+02
%  0.291622781295255E+02 -0.211873600608403E+02 -0.416036552857793E+02
% -0.209925531292519E+01 -0.109878524538558E+02  0.588088947983669E+01
% -0.527522851404545E+01  0.543920959639256E+01  0.145663303278331E+02
%  0.136301987067996E+02  0.410430599702253E+01 -0.270095048480613E+01
% -0.105865718322191E+02  0.104141607047001E+02  0.345022810821074E+02
%  0.464741835516165E+02 -0.150643030377438E+02  0.678298811707007E+01
% -0.577058550071840E+01  0.279925726018645E-01 -0.348676803327751E+01
%  0.448620849017585E+02  0.281616370745680E+01 -0.782657144918731E+01
% -0.213058731417719E+01  0.179771221010724E+02 -0.517944649336808E+01
% -0.284956611609724E+02 -0.127125176758434E+02  0.441682278205459E+02
% -0.580673792121118E+01 -0.426961476480010E+02 -0.243297501010192E+02
% -0.357506119590742E+01 -0.218969657487758E+01  0.104111285449532E+01
%  0.131073080323313E+02  0.352545463404851E+01 -0.270828668814690E+02
%  0.290297333001383E+02 -0.747791991648930E+01 -0.124283549252856E+02
% -0.247525306256885E+02 -0.159470269075229E+02  0.891284936403201E+01
%  0.162792014957288E+02  0.125242470625470E+02  0.106069038433030E+02
% -0.432548674146336E+01  0.122621505179657E+02  0.982212008948364E+01
%  0.144713834689129E+02 -0.864139860644312E+01  0.229847136803960E+02
%  0.623011629858274E+02  0.409333904342708E+02 -0.360941441601408E+02
%  0.127243362759426E+02 -0.224840950136540E+02 -0.142302393872682E+02
% -0.598573342616601E+00  0.126670142701024E+02  0.289775944258386E+02
% -0.616022647796151E+01 -0.403636992678291E+01 -0.106658695629046E+01
%  0.101221784537578E+01  0.150309494212873E+01 -0.638834928373005E+01
%  0.372323576936445E+01  0.434821510439824E+00  0.575462960314327E+00
% -0.284829974287077E+01 -0.114270684541567E+01 -0.272624035815671E+01
% -0.997322252479471E+01  0.164008543443665E+02 -0.236827498333585E+02
% -0.600608021286197E+01  0.875303359812973E+01 -0.109296126259263E+02
% -0.833667291023675E+01 -0.309786651537185E+01 -0.747895518454836E+01
% -0.831163114092252E+01  0.676691276897041E+00  0.217072241167188E+02
%  0.609249309741469E+01  0.617264400772125E+01  0.338157653353968E+01
%  0.331668551488618E+01  0.428185727162357E+01 -0.291260398553921E+00
%  0.174406710533085E+02 -0.217263604370863E+01  0.144092867152576E+02
% -0.131023848046503E+02  0.887579327763463E+01  0.472338139961964E+02
%  0.878837409413670E+01 -0.106294479363368E+02  0.324188257506683E+01
% -0.326337462551024E+02 -0.180841025080289E+02  0.117932478045657E+02
% -0.200997633187412E+02  0.270975364047422E+01  0.117464007062441E+02
%  0.137707213530398E+02  0.376786909736124E+02 -0.522063627868204E+02
%  0.381160792700390E+01 -0.206780561891895E+01  0.185765039722841E+01
%  0.384139881766928E+02  0.745733317381000E+02 -0.414723217955365E+01
%  0.563279291172637E+02 -0.133178665757991E+02 -0.633281031663913E+01
%  0.150218826035024E+02  0.333005083500475E+02  0.261958404531129E+02
% -0.692161632342922E+01 -0.125224926233560E+02 -0.162874739735702E+02
%  0.522651416887225E+01  0.155854029468514E+01  0.600464316132124E+01
% -0.139898427865895E+02 -0.336395345153351E+01  0.567943847908363E+00
% -0.139381566598492E+01  0.722172102917070E+00  0.321301603297497E+02
%  0.106863195331130E+02  0.997784830140778E+01  0.153747762404895E+02
%  0.811885721811304E+00 -0.985665216625811E+00 -0.256551674068542E+01
%  0.729680493626822E+01 -0.112370035459498E+02  0.121103528592468E+02
% -0.128411649162704E+02  0.108907817818313E+02 -0.419728904195664E+01
% -0.231438716722196E+01  0.568320710214869E+01 -0.112315759247172E+02
%  0.761872171236247E+01  0.221188345429099E+02  0.152977471595229E+02
% -0.511714001238926E+01  0.150819832057956E+00 -0.357248578572049E+01
%  0.514298803996933E+01 -0.616829907687471E+00 -0.344324269038182E+01
%  0.200316685137984E+01  0.681723574599108E+01 -0.614874271191657E+01
%  0.124591993996715E+02 -0.186872218216894E+02 -0.631032440576380E+02
%  0.124072157080724E+02  0.113843931845687E+02 -0.133802064652414E+02
% -0.502096283325888E+01 -0.367973019551296E+00 -0.306316038425161E+01
%  0.270021450040509E+02  0.127404445970000E+02 -0.128782007301532E+02
% -0.795799592486842E+01  0.121210901229207E+02  0.176776645434812E+02
%  0.162584549327816E+02  0.253127637964111E+02  0.132265621969604E+02
% -0.205695433239764E+02  0.351268110164281E+02 -0.762450994915488E+01
% -0.124005162859376E+02 -0.142595315261355E+02  0.187117197473840E+02
%  0.217126554860007E+01  0.485640193888629E+01  0.163010995716651E+01
% -0.141991988562283E+02  0.236437112061510E+02 -0.463489055226430E+00
% -0.630989657641996E+01  0.297232753438853E+02  0.252524129967543E+02
% -0.202476438917695E+02 -0.145784654690427E+02  0.119413861852513E+02
% -0.377876284594164E+02 -0.142687926212619E+02 -0.313603930336268E+02
% -0.195065380189851E+02  0.259479263713847E+01 -0.112589958165598E+02
%  0.105160506278082E+02  0.127870909375353E+02  0.443218998572121E+01
% -0.751451247928980E+01  0.102802470465949E+02  0.448338299016685E+00
% -0.152110091039817E+01  0.143634302113962E+01 -0.134051889842701E+02
% -0.907016660863925E+01 -0.365979470253730E+01  0.342418190363004E+01
%  0.695110741718623E+01  0.197245557874086E+01  0.581166249481130E+00
% -0.460408852617886E+01  0.546911798629750E+01 -0.160084698109607E+02
%  0.174134698868099E+02  0.274828247703759E+02 -0.542071717683540E+02
%  0.640530652461076E+01  0.899542151967965E-01 -0.735624793169293E+01
%  0.252906341530395E+02  0.241812434786369E+01 -0.543062299282938E+01
% -0.366829666094002E+02  0.300676012081678E+01  0.562085584435807E+01
%  0.920715744961376E+01 -0.204142033578324E+02 -0.175273111736690E+02
% -0.232531140630889E+02  0.806911312578237E+01 -0.113163274290316E+02
%  0.128024432700387E+01  0.563298677374284E+00 -0.492591423992682E+01
% -0.650184376230895E+01 -0.637629733449712E+01 -0.352707370303147E+01
%  0.146287341759682E+02 -0.459525488997679E+01  0.126823988173208E+02
% -0.418921076371698E+02  0.159186475701670E+02  0.152764669337317E+02
% -0.189495585837731E+01 -0.985399505454854E+01  0.190113513853473E+02
% -0.211487898216459E+01  0.902132810443206E+01 -0.109810398678180E+02
% -0.565758047577262E+01  0.119417774224117E+01 -0.679030878201357E+00
% -0.303291016943092E+01  0.140064532327630E+02 -0.201273626094300E+02
% -0.209280578172175E+01 -0.191982949305957E+01  0.424187101085645E+00
%  0.835759201439120E+01 -0.550270668759963E+01  0.329068832376488E+01
%  0.592168773464579E+02 -0.391240431069795E+02  0.166847578090494E+02
%  0.293519151989109E+00  0.178500828480470E+01 -0.178837468305434E+01
%  0.204302084424291E+02 -0.123832512784846E+02  0.408291457106848E+01
% -0.116634739135271E+01 -0.912052170122256E+00 -0.132763524262433E+01
%  0.730891608239001E+01  0.120406766559953E+01 -0.105612206293424E+02
% -0.180498978699477E+02  0.586920214217269E+01  0.126527500480651E+02
% -0.281480221031907E+01 -0.322524747232675E+01 -0.320480537363884E+01
% -0.121691439543233E+02  0.108759638691656E+02  0.676339289566612E+01
%  0.338739245980494E+02 -0.203603227645985E+02  0.177356170890079E+01
%  0.169539893236993E+02 -0.707448667697145E+01  0.107138395324151E+01
% -0.805248796004781E+01  0.217998083161648E+01  0.220625189945768E+02
% -0.101165094485425E+01 -0.916130500899122E+01  0.775866624886366E+01
% -0.218901692871260E+00  0.654750208549014E+01 -0.211317154343146E+02
% -0.191986303992154E+01 -0.725035288037612E+01 -0.783175301632501E+01
%  0.769830170133859E+01 -0.111624232046213E+02 -0.245001194115466E+02
%  0.737206949577404E+01 -0.165257555857237E+02 -0.410721945824110E+01
%  0.510779593728615E+01  0.154617035257283E+01 -0.406241858583257E+02
%  0.574161550096174E+01 -0.675654781079815E+01  0.633894933949327E+01
%  0.812892777644734E+00  0.950811170649812E+00 -0.554692247116909E+00
% -0.159728704849324E+00 -0.171850504452184E+01  0.106903892343596E+01
%  0.774300988588941E+00 -0.367171943055385E+01 -0.138708384681180E+01
% -0.151738007351482E+02  0.108023864114015E+02 -0.244375880782296E+01
