% T    256  0.715122828077254E+01  0.715122828077254E+01  0.715122828077254E+01
  -0.245978633042330E+01 -0.116265671394238E+01 -0.684516524910993E+00
   0.703280170643483E+00 -0.111111225885396E+01 -0.277516913681652E+01
  -0.198428099759308E+01  0.322001526127790E+01 -0.247035081657866E+01
  -0.595517372547689E+00  0.218707570641841E+01 -0.149793861518780E+01
   0.320525641799093E+01  0.334044425005340E+01 -0.126916792126630E+01
   0.138344718117445E+01 -0.854770807778203E+00  0.497301873831334E+00
   0.264798219112689E+01  0.226005970654830E+01  0.132721142314093E+01
   0.269321596176781E-01  0.147106665733072E+01 -0.107809164793843E+01
  -0.948073477247942E+00 -0.162216993979837E+01 -0.342535736966584E+01
   0.174420227762731E+01  0.112856455274048E+01 -0.342321712890791E+01
   0.282133678861748E+01 -0.132500469793048E+01  0.187967384559393E+01
  -0.161258843023968E+01  0.140628303523749E+01 -0.646347838574260E-01
   0.435169885612388E+00 -0.913997082718378E+00  0.215235725509396E+01
   0.260767970226535E+01 -0.127285382861947E+01  0.330393094722684E+01
  -0.140551913578283E+00 -0.183980974100068E+01  0.307794634297531E+00
  -0.309814908092047E+01 -0.622585042581929E+00 -0.199410646234181E+01
  -0.197105597796347E+01 -0.850107950445484E+00  0.351275448103171E+01
   0.275423286179164E+01 -0.300488082994283E+01 -0.730944081184971E+00
  -0.162886272276950E+01 -0.229514817092499E+01 -0.165520400790472E+01
   0.451695218501281E-02  0.257604326311689E+01 -0.667232292216469E+00
  -0.182930561302064E+01 -0.196112037126906E+01  0.324607042968313E+01
   0.229658755611931E+01  0.116550675972518E-01  0.106069547755796E+01
   0.332429836321485E+01 -0.875915568925225E+00 -0.123069527477374E+01
   0.235013154366251E+01 -0.235298196621064E+01  0.295562661889575E+01
   0.174842043048366E+00  0.170111759111493E-01 -0.351261101888840E+01
   0.920399086345964E+00  0.329470168305045E+01 -0.240444089141534E+01
  -0.135572420988244E+01  0.339118565289378E+01 -0.334522145230546E-01
  -0.266854292924025E+01 -0.668774451310084E-01  0.575359039425710E+00
  -0.329289745799437E+01 -0.139846811655293E+01  0.285194764098488E+01
  -0.241228244939540E+01  0.200726202617940E+01 -0.325325515310508E+00
   0.218422063340848E+01  0.240684495983087E+00 -0.499201858896047E+00
  -0.275360591295541E+01 -0.211194445585180E+01  0.242769478226305E+01
   0.138447872388753E+01 -0.196017831962738E+01 -0.168693923380002E+01
   0.549407009449956E+00 -0.195138073705680E+01  0.224314847362291E+01
   0.174423101683441E+01 -0.179685307395646E+01 -0.604936657564067E+00
   0.121812394879400E+01  0.300520594656988E+01 -0.113551964398675E+01
  -0.776564305418124E+00  0.292433591397014E+01  0.666752504310227E+00
   0.138096464712081E+01 -0.274716560153265E+01  0.307623382954518E+01
  -0.196131772553587E+01  0.223748654735777E+01 -0.258407873497178E+01
  -0.143664129518639E+01  0.143464320044877E+01 -0.234524968540884E+01
   0.829639725972336E+00  0.208156351248368E+01 -0.302427330048902E+01
  -0.806975232391080E+00  0.218521902345324E+01  0.295991695245838E+01
   0.150010851326717E+01 -0.347501122845095E+01 -0.336455180933163E+01
   0.871846160710522E+00  0.251276748906741E+01 -0.838877608089864E-01
   0.208040969264537E+01 -0.266156024675352E+01  0.122196591809953E+01
  -0.172096295768486E+01  0.647479730082343E+00  0.827921050485711E+00
   0.236969202088982E+01  0.132388047119788E+01  0.645020337808712E+00
   0.109965329846865E+01 -0.802759116133085E+00 -0.163393469128530E+01
  -0.308125714280379E+01  0.184795559439326E+01  0.146294114479682E+01
  -0.269049517732172E+01 -0.319972957034720E+01 -0.342595101198395E+01
   0.221385283081782E+01 -0.110019515323158E+01 -0.274191809103478E+01
   0.224437630749823E+01 -0.210965491176707E+01 -0.285552957718925E+01
   0.248943742751857E+01  0.819585710379856E+00  0.207212762151272E+01
  -0.210516288750422E+01  0.236263753692805E+01 -0.129528362638732E+01
   0.605659560836907E+00 -0.266623363892056E+01 -0.605764228532990E+00
  -0.353140068136114E+01  0.116540210384485E+01 -0.633396213326360E+00
  -0.252536183359208E+01 -0.103536941163843E-01  0.180086815550651E+01
  -0.172956817782321E+01 -0.271784387997936E+01  0.225430732592624E+01
   0.405924165322710E+00 -0.294684336250825E+01  0.813208797671454E+00
   0.328463526350434E+01 -0.543450501271596E+00  0.354994753922778E+01
   0.344280034687395E+01  0.909746178614973E+00  0.135432422946388E+01
   0.108212255929258E+01 -0.232021517379577E+01 -0.273994749708738E+01
  -0.333944201082353E+00 -0.811079386558439E+00 -0.238282345176383E+01
  -0.250244240232897E+01  0.270935578067247E+01 -0.333196605702599E+01
   0.437706129498317E+00 -0.126390939209412E+01  0.963033131696441E+00
  -0.291823005917561E+00 -0.258712311002332E+01 -0.183758805858804E+01
  -0.112288538871760E+01  0.302487735181335E+01  0.240596472592623E+01
   0.595465720119370E+00 -0.918627476808925E-01 -0.253373283929130E+01
   0.291504148082927E+01  0.386071488971516E+00  0.289064503830466E+01
  -0.783440278872309E+00  0.438919576412439E+00  0.872336745618844E+00
  -0.329776046575567E+01 -0.152684398291506E+01 -0.243895387603215E+01
  -0.828408120762600E+00 -0.209969206097689E+01  0.225534026793992E+01
   0.350247899514096E+01 -0.264090769286816E+01  0.808965180322135E-03
  -0.664496674067312E+00 -0.267910864890666E+01  0.127772135329832E+01
  -0.206704397986227E+01 -0.201386652501011E+01 -0.785458956285480E+00
  -0.141200130800147E+01  0.150609526886154E+00 -0.250707529036492E+00
   0.790233267121099E+00 -0.155237851124954E+01 -0.395415480605603E+00
  -0.331865280392067E+01  0.362873801164362E+00 -0.197358855696816E+01
  -0.567943060691475E+00  0.504779940295398E+00 -0.252532638372809E+01
   0.420076136015565E+00  0.350043027743075E+01 -0.938605260633415E-02
  -0.850844324139566E+00 -0.198934845264486E+01 -0.807344697496924E+00
   0.530109289440290E+00  0.226014771269561E+01 -0.159890581994545E+01
   0.740404365335729E+00  0.295039728390462E+01  0.353600327140378E+01
   0.268700804809129E+01  0.182641735848954E+01  0.343575772649837E+01
   0.255666076897611E+01 -0.348454921164501E+01  0.810563314330882E+00
   0.315396338134113E+01 -0.214835553445050E+01 -0.350661242810225E+01
   0.580434829485718E+00 -0.296232730119672E+01 -0.161853432442652E+01
  -0.142332043486692E+01  0.108727644672647E+00  0.190948274131463E+01
   0.145839806840287E+01 -0.320413904815813E+01  0.115072004505368E+00
   0.256958960797470E+01  0.309650152281025E+01 -0.284732425006961E+01
   0.815943857268126E-01 -0.279989179648123E+00  0.130461502578164E+01
  -0.150316950932954E+00  0.322393813764833E+01 -0.165116107868110E+01
   0.211720308117216E+01 -0.304062824623046E+00  0.346625285166327E+01
  -0.245224446551788E+01 -0.278027161922053E+01 -0.593213864714653E-01
  -0.190515329815693E+01 -0.363949277727302E+00 -0.265783520527449E+01
  -0.678414070183939E+00  0.200562554288851E+01  0.179885490882302E+01
   0.193570019934132E+01 -0.214963987653699E+00  0.208521912959329E+01
  -0.287001084718559E+01  0.299428446441718E+01  0.153897892293725E+01
   0.189514345768529E+01  0.336693651321209E+01  0.267865772882340E+01
  -0.260260125841735E+01  0.293148688529815E+01 -0.678463981832223E+00
   0.262492062613784E+00 -0.153730199789634E+01 -0.190749268047078E+01
  -0.348170583677995E+01  0.316730229522182E+01 -0.290574818366529E+01
  -0.212699830928358E+01  0.252965309763910E+01  0.215923550556249E+01
  -0.241886131515348E+01  0.113401882324142E+01  0.126692967884325E+01
  -0.281646180118136E+01  0.120749082677685E+01  0.280520844212425E+00
   0.188966562010346E+00  0.225464255890512E+01  0.682097954717139E+00
  -0.274885579380340E+01 -0.170753895219666E+01  0.480000789335823E+00
  -0.318630420290945E+01  0.249398588256240E+01  0.312218148738073E+01
  -0.102996053671352E+01  0.116252941647232E+01  0.323952920625843E+01
  -0.109289478407549E+01  0.118618939232553E+01 -0.117905941045771E+01
  -0.338737429183137E+00 -0.298673727605904E+01  0.920813198064059E-01
   0.147014643839158E+01 -0.151533264693779E+01 -0.341821972041605E+01
  -0.312189102705111E+00 -0.125236695145712E+01 -0.121709998854114E+01
  -0.326916922733300E+01  0.347058022545927E+01 -0.203652966607323E+00
  -0.109391872931880E+01  0.902771399090900E-01 -0.169261832192212E+01
  -0.158961154787815E+01  0.170441469093710E+01  0.102193229911937E+01
   0.220391706174990E+01 -0.529905248785477E+00 -0.143954770283282E+01
  -0.111467820598120E+01 -0.135452605948478E+01 -0.216583415856555E+01
  -0.191254943284711E+01  0.640889599269726E+00 -0.186507160811299E+01
   0.111446239951601E+01  0.137178305098061E+01  0.298384687102189E+01
   0.213735050404242E+01  0.317025981724897E+01 -0.453999526221688E-01
   0.897011525082306E+00  0.679366408395279E+00  0.124285823460935E+01
   0.301800846465188E+01  0.282055981382039E+01  0.327977352554415E+01
   0.112819450844475E+01  0.287921483788532E+00  0.342905714418533E+01
   0.921808270548738E-01 -0.335619729255338E+01 -0.859310130102332E+00
  -0.122402356495553E+01 -0.469062834271116E-01 -0.356675461229376E+01
  -0.240613948115688E+01  0.337450179918593E+01  0.285643404815984E+01
   0.885846503478125E+00  0.132600888535274E+01 -0.172098025135216E+01
  -0.980715156121273E+00 -0.101447570378604E+01  0.291517113814208E+01
   0.138805839568576E+01  0.240408711622093E+01 -0.197184758662514E+01
   0.107643847296321E+01 -0.317823801508503E+01  0.213039531256966E+01
  -0.270731713943459E+01 -0.234184841921061E+01 -0.191917930451600E+01
  -0.127650111827440E+01 -0.254650543971566E+01 -0.889495145322650E-01
   0.347146313666871E+01  0.214288377756839E+01 -0.313095908351080E+01
  -0.354252270990692E+01 -0.275282262741634E+01 -0.124031761326826E+01
   0.265003775044601E+01  0.120974982844721E+01 -0.366707193826098E+00
   0.201748577259014E-01  0.337500956720147E+01  0.298238345682420E+01
  -0.682312426810914E+00  0.910864887712292E+00  0.179998598910430E+01
  -0.240006700727614E+01  0.101297144120044E+01 -0.849854894859804E+00
   0.130304274422754E+01  0.218051027515042E+00 -0.172960052412670E+01
   0.703205913969935E+00  0.966268087714884E+00 -0.299845100184570E+01
  -0.101933969366234E+01 -0.238490390674563E+01 -0.271318722378422E+01
  -0.317972809719594E+01 -0.135392264364932E-01 -0.301866308441391E+01
   0.337858843430249E+00  0.402222844467166E+00 -0.170986236751980E+01
  -0.152622384365284E+01 -0.345144777606145E+01  0.321715883198525E+01
   0.260175942843547E+01 -0.183336304768609E+01 -0.114974912661179E+01
  -0.192048481327038E+01  0.212374266044428E+01  0.303713984024723E+01
  -0.165427262954191E+01  0.704520996306694E+00  0.270501024446292E+01
   0.309599587812770E+01 -0.404329935471492E+00 -0.245542489766663E+01
  -0.335135861578883E+01 -0.182725436413632E+01 -0.115373547680681E+01
   0.348318089037179E+01  0.500847141887386E+00  0.340437145353931E+00
  -0.345400755441376E+01 -0.263422549960527E+01 -0.281851888451915E+01
   0.123802746235072E+00  0.928958975047681E+00  0.275693937440212E+01
   0.214558575398624E+01  0.217332126879143E+01 -0.278669418503851E+01
   0.146880760457873E+01  0.122568728186151E+00  0.464124909952148E+00
   0.240486010041850E+01 -0.253740379911729E+01  0.228418591380942E+00
   0.689078700545620E+00  0.663497833674959E+00 -0.595744112055822E+00
   0.148830021110688E+01 -0.204399533089096E+01  0.493844577330526E+00
  -0.155058568452689E+01 -0.168707690862134E+01  0.388931988466842E+00
  -0.265822902087899E+01  0.179232531768377E+01 -0.313956263548430E+01
   0.327180216348658E+01 -0.288793110150588E+01  0.169117528872455E+01
  -0.129125260794220E+01  0.245785186145119E+01 -0.496700608405247E+00
  -0.141969910068048E+01  0.355501877162156E+01  0.105496763197455E+01
  -0.180593512665847E+01 -0.888428241894349E+00  0.228659329219457E+01
   0.345032983137999E+01  0.232014228601523E+01 -0.110055659166507E+01
   0.147433384799141E+01  0.192396275764377E+01  0.800398919482459E+00
  -0.336119875464319E+01  0.899898229625791E+00  0.227552755459263E+01
   0.225224373652518E+01  0.315172501377920E+01 -0.122331822926765E+01
   0.338566065437719E+01 -0.148656720652523E+01  0.610880497736434E-02
   0.327881680524223E+01  0.210375850718788E+01  0.212072409488478E+01
  -0.687813596672154E+00 -0.100271698267425E+01  0.172242172425870E+01
  -0.431852677797115E-01 -0.461521756868147E+00  0.224742820725367E+00
   0.231360721430614E+01 -0.296085887669228E+01  0.212034358649796E+01
   0.340282134399877E+01 -0.240564911049018E+01  0.273781731623000E+01
  -0.427176479600131E+00 -0.239211657222207E+01  0.323132831978031E+01
  -0.357010672557092E+00 -0.344802812628548E+01 -0.309979942090808E+01
  -0.266889011322363E+01 -0.294324147201878E+01  0.172891096291812E+01
   0.110921295572119E+01  0.184211061652784E+01 -0.823619591254952E+00
   0.312380380718094E+01 -0.305937679084201E+01  0.344521798225790E+01
  -0.267730759657922E+01 -0.104087401822226E+01  0.146964341826699E+01
   0.340134248896293E+01 -0.737260613924990E+00  0.130888377491036E+01
   0.175943046255032E+01  0.292640022279294E+01  0.126953469953897E+01
  -0.796804190598454E-01  0.112574156510102E+01  0.889793479909578E+00
  -0.158683532203817E+01 -0.665278311535212E+00 -0.105425034324370E+01
  -0.354043154148724E+01 -0.190424685937396E+01  0.129276197004671E+01
   0.157773257804880E+01 -0.122993973842336E+01  0.279137148942320E+01
  -0.293716204207961E+01  0.252763883425970E+01  0.482628441569830E+00
   0.405101292496324E+00 -0.281069397257439E+01  0.287358199607287E+01
   0.144242194485639E+01 -0.121602520724172E+01  0.153945048032551E+01
   0.805177982071722E+00 -0.634828082379620E+00  0.316273196446162E+01
   0.152759230224692E+01  0.228138785727483E+01  0.201389134018206E+01
  -0.559003320103542E+00  0.784437316889523E+00 -0.308525607028402E+00
  -0.271218389005097E+01 -0.103045619149617E+01 -0.307984523338563E+01
   0.159706126280535E+01 -0.303829145037062E+01 -0.101556176276173E+01
  -0.274819142853187E+01 -0.327442063834965E+01 -0.247242800209091E+01
  -0.220569453134655E+01 -0.236930803893748E+01 -0.290892204762535E+01
   0.277081871967074E+01  0.246047341554738E+01 -0.178594901223192E+01
   0.880239157056858E+00 -0.211859346413284E+01  0.139217445801775E+01
   0.144242618648488E+01  0.127210146860845E+01  0.195465147260056E+01
  -0.171152948228952E+00  0.134488841190765E+01 -0.202643260859121E+01
  -0.328998875118991E+01 -0.301858319529717E-01 -0.709636730327788E+00
  -0.303875727035416E+01  0.330679670936785E+01 -0.160936936193068E+01
   0.244152510649438E+01 -0.786639251227643E+00 -0.270449467770882E+00
   0.263522944350660E+00  0.181341700162971E+01  0.346143705622811E+01
  -0.500566349477265E+00  0.169247451122219E+01 -0.313798210794205E+01
   0.175044389884505E+01 -0.296953085011288E+01 -0.217567222719815E+01
  -0.304005174147395E+00 -0.310207562772775E+01  0.221474292304123E+01
  -0.174237757729739E+01  0.157529850897038E+01  0.214279283919518E+01
  -0.154750563236321E+01  0.322506847013430E+01 -0.128178882884837E+01
   0.749135704683947E-01 -0.253052697575359E+01 -0.301843275751323E+01
  -0.344956013766225E+01 -0.349406285260773E+01  0.259341629950302E+01
  -0.227591645917630E+01  0.346464823441917E+01  0.538409472978580E+00
  -0.757693510178710E+00  0.176194122640407E+01  0.313681425985820E+00
   0.339042950656068E+01  0.156828323022568E+01  0.391484552681240E+00
   0.659249948929081E+00  0.183257794614870E+00  0.222991814879225E+01
   0.112862792826787E+01 -0.269505916493822E+00  0.125442192410391E+01
  -0.178636343924311E+01  0.104425010680098E+01 -0.327029518388559E+01
   0.451789232423296E+00  0.154620105463453E+01  0.694593716446530E-01
   0.679293995768684E+00  0.247274824179203E+01  0.145599301636205E+01
   0.280291861109425E+01  0.225053075519171E+00 -0.318976704453023E+01
   0.592786563798088E+00 -0.180503400705115E+01  0.339688814304548E+01
  -0.420909386300997E+00 -0.447627090433058E+00 -0.642398381558561E+00
   0.254116170177421E+01  0.285090894366326E+01  0.223339239557106E+01
   0.255131609965209E+01 -0.113739483302944E+01  0.768791310130115E+00
   0.350101214151812E+01 -0.448809603230407E+00  0.318588291666882E+00
  -0.207374611791586E+01 -0.274206662911951E+01  0.834587814788159E+00
   0.192385940906507E+00  0.159960606748090E+01  0.183319984407739E+01
   0.153428736521562E+01  0.101966636898729E+01 -0.242566633277466E+01
   0.203683992048228E+01  0.128275833832372E+01 -0.157776757900737E+01
   0.206204727236621E+01 -0.190808106999607E+01  0.215704299487399E+01
   0.295186210902937E+01  0.267909051486772E+01 -0.384271281228533E+00
   0.162498568255329E+01  0.228348306256794E+01  0.312050317220617E+01
  -0.245555302682033E+01 -0.332856953403307E+01 -0.104133784240629E+01
  -0.203355722889558E+01 -0.138044074989618E+01 -0.163928693184446E+01
  -0.106443231377569E+01 -0.309842153726790E+01 -0.966522744444141E+00
  -0.250209585423477E+01 -0.280069590046848E+00 -0.133048725340398E+01
  -0.293717123575222E+01  0.117545196608182E+01 -0.234637560147419E+01
   0.656619206017291E+00  0.232436692944301E+01  0.272202235178010E+01
  -0.191839781109119E+00  0.285132465520081E+01 -0.248555402422880E+01
   0.221290706148181E+01  0.170832953243685E+01  0.244994744696215E+01
   0.197141936786682E+01  0.288328956283092E-01 -0.260023039895144E+01
   0.328464865631772E+01  0.146852774989508E+01 -0.179366988071464E+01
   0.154737696940028E+01  0.112363196952359E+01 -0.878363099970276E-01
   0.254057959068600E+01  0.126530718546985E+01 -0.270493974961876E+01
  -0.356728355914345E+01 -0.592412666417712E+00  0.247779448819759E+01
  -0.170901491678358E+01  0.250737717537277E+01  0.393454385944633E+00
  -0.168568677248872E+01 -0.175642165672292E+01  0.142630660285939E+01
   0.343259581255122E+01  0.101697457308059E+01 -0.309889765698142E+01
  -0.131810277978407E+01 -0.324908524558016E+01 -0.206117148024775E+01
   0.297386689503341E+01 -0.280156698249450E+01 -0.214991528824975E+01
  -0.179737899359551E+01 -0.633257209625984E+00  0.516268713814026E+00
  -0.986927100087756E+00  0.263298644034905E+01 -0.298531285164825E+01
  -0.419433102881554E-01  0.318840401877749E+01  0.168125989435582E+01
  -0.312493014144738E+01 -0.300743926616668E+01  0.829966431184463E+00
  -0.400789788884288E+00 -0.105360241144664E+00  0.245321688758810E+01
   0.301982572116483E+01  0.210658024889593E+00 -0.135718347945777E+01
% -0.121098720369495E+01  0.102853686234341E+01 -0.123685068912186E+01
%  0.467939330077651E+00 -0.632681052363345E+00 -0.123784562699496E+01
% -0.157602380383148E+01  0.425434299309740E+00 -0.118172703326297E+00
% -0.993212642812935E-01  0.198824142092718E+01 -0.116299115550194E+01
% -0.308496660590773E+00  0.281231986323755E+01  0.237915723980231E+00
%  0.110875670751498E+01  0.111065353622723E+01  0.183152471354048E+01
%  0.393258468062960E+00 -0.164724420659384E+00  0.756112008204200E+00
% -0.157506368346095E+01 -0.965660809327011E+00 -0.212023691497187E+01
%  0.125836952387986E+01 -0.240452796753704E+01  0.981255097143647E+00
%  0.793964548597872E+00  0.112331512329353E+01  0.146337114676940E+01
% -0.163670551103985E+01  0.310520678305648E+00  0.978286410742489E+00
%  0.179312932289808E+01  0.215687341117448E+01  0.282633582085809E+01
%  0.179112230357509E+01  0.986193097199984E+00 -0.336479713984592E+00
%  0.262281676705754E+00  0.396262963239563E+01  0.438313520384065E+00
% -0.596288555268609E+00  0.419793194572504E+00 -0.658621021268965E+00
%  0.181802614374195E+00 -0.173047515413909E+01  0.105653363262295E+00
%  0.445100088922477E+00  0.203174119983574E+01  0.192002595405498E+01
%  0.938868068379030E+00  0.519656779070586E+00 -0.945784103606004E-01
%  0.192189874034177E+01  0.940019297047617E+00  0.943222227079124E+00
% -0.737532500894527E+00 -0.208154430730695E+01 -0.280929519936331E+01
% -0.153177940181745E+00 -0.184705204234156E+01 -0.721115169947192E-01
%  0.152569148220212E+01  0.684922902194632E-01 -0.743178685970078E+00
% -0.574613077733372E+00 -0.107688380477083E+01 -0.127186653585480E+01
%  0.216841828783469E-01 -0.202045117652595E+00 -0.198283523999986E+00
%  0.560491009326025E+00  0.623832238263303E+00 -0.416685261153291E+00
%  0.641106483417297E+00 -0.185136784975845E+01 -0.277820188090023E+00
% -0.125116993008585E+01 -0.126067051273283E+01 -0.111307382522988E+01
%  0.423773706372884E-01  0.617894671267941E+00 -0.222899048903936E+00
% -0.110537267124045E-01 -0.578680816480373E+00 -0.167599217161278E+01
%  0.943875660893817E+00 -0.899367427038883E+00 -0.191990805777629E+01
%  0.305906555350221E+01  0.681933280262011E+00  0.322304028708100E+00
% -0.968075866425439E-01 -0.795078877067735E+00 -0.238828500347796E+01
% -0.209814752107373E+01  0.822333585392826E+00 -0.816674393374760E+00
%  0.755232736154058E+00 -0.335974974082828E-01 -0.117520322527519E+01
%  0.159026112530370E+01  0.138469362926023E+01 -0.385225273336153E+01
% -0.232066414270690E+01 -0.269406643990146E+00  0.283443609372388E+00
%  0.531354465537310E+00 -0.243097314349603E+01  0.173778775696144E+01
% -0.119138347103315E+01 -0.432424303648268E+00 -0.104016057557932E+01
%  0.137235843128252E+01  0.209437773934760E+01  0.911177589813157E-01
% -0.491341682679295E+00 -0.930035306359531E+00  0.326049977486955E+01
%  0.106562560302844E+01 -0.711303615355055E+00  0.148764822803370E-02
%  0.362846296889263E+00 -0.179106645016770E+01 -0.942801020508226E+00
%  0.679675793554085E+00  0.230804237990799E-01 -0.855752358604106E+00
%  0.990320107717975E-01 -0.128353556399410E+01 -0.168812137532281E+01
%  0.287469263650895E+01 -0.591102033559839E+00  0.231709186770931E-02
%  0.291624776004290E+00 -0.476680134965589E+00  0.215222344784850E+01
%  0.261778279625688E+01 -0.730203198689092E+00  0.539139001964681E+00
% -0.423886143329249E+01  0.502904195158842E+00 -0.182022046790922E+01
% -0.104905027018531E+01  0.457801517864780E+01  0.476651676139437E-01
% -0.820879540661302E+00 -0.166296993147656E+00 -0.100176956305186E+01
% -0.175444231952271E+01 -0.151622408188684E+00  0.695747768556879E+00
% -0.667940627005324E+00 -0.103778101703683E+01  0.791700739155731E+00
%  0.530348418850092E+00  0.100879545613985E+01 -0.118717841630144E+00
%  0.411629181107861E+00 -0.854840130010606E+00  0.176164285120779E+00
% -0.462919976303610E+00 -0.949226526912611E+00 -0.234273330078542E+01
% -0.182657248434027E+01  0.605815522407569E+00  0.214151267776306E+01
% -0.132186584857769E+01  0.317823653853225E+00 -0.241301839583864E+01
%  0.807756982620760E+00  0.782134280241674E+00 -0.108937769751666E+01
% -0.775247906501382E+00 -0.221215367725925E+01  0.109102237981919E+01
%  0.212085768068193E+00 -0.817039261456922E+00  0.103645443467214E+01
% -0.436173736542340E-01  0.765957749190978E+00 -0.223030353384237E+01
% -0.907980506647145E-02 -0.135540231712912E+00  0.973917723270979E+00
%  0.145462679147752E+00 -0.139095561746052E+01  0.258972671711184E+01
%  0.105354898905709E+01 -0.746727863666992E+00  0.618347303207917E-01
%  0.325762774344497E+01  0.106676183981149E+01 -0.935747978343515E-01
% -0.126856142677724E+01 -0.186651154913044E+01  0.144698612024553E+00
%  0.963001443097563E+00  0.100918883145355E+01  0.865023188111052E+00
%  0.455414309496369E-01  0.279428300218125E+01 -0.272076461110779E+00
%  0.110107754277872E+01  0.120397276145689E+01  0.138775589371648E+01
% -0.173884356335220E+01 -0.144975474089994E+01 -0.230313690075195E+01
% -0.787592579520320E+00 -0.894828471662107E+00  0.199077545081571E+01
%  0.649161233867823E+00 -0.133199910493763E+01 -0.191675667183270E+00
%  0.682360086541557E+00 -0.792660130920693E+00  0.969188285210113E+00
% -0.296789860093794E+01 -0.232039430747471E+00  0.776442692655823E+00
%  0.786030998455920E+00 -0.578216075209870E+00 -0.155689565893079E+00
%  0.126987857518489E+01  0.741055862870949E+00 -0.377550150051079E+00
% -0.809878210090606E+00  0.958771528550129E+00  0.117376615663695E-01
%  0.217515100076040E+01 -0.171344129377021E+01  0.834975853163082E+00
% -0.988103101868472E-01  0.443311841792470E+00  0.154959407257693E+01
%  0.114870365018988E+01 -0.809085653284520E+00  0.125183197827485E+01
% -0.280362983178344E+00  0.202758012507057E+00  0.806466851873051E+00
%  0.490810583958060E+00  0.148682595354039E+01  0.104763749532698E+01
%  0.165811286988688E+01 -0.109676067430034E+00 -0.116570704168859E+01
% -0.163227475501499E+01  0.162358709799337E+01 -0.125368716490725E+01
% -0.102894009583630E+01  0.688326027110342E+00 -0.250586223609670E+00
% -0.513383358777707E+00 -0.257678211202223E-03 -0.215866236793132E+01
% -0.196074813680049E+01 -0.919406478516168E+00 -0.368054772397942E+00
%  0.667268676921481E+00 -0.148682305127015E+01 -0.534227030747296E+00
%  0.118410479689465E+01  0.246409806300997E+01 -0.942029954895411E+00
% -0.153105013656290E+00 -0.639238260022324E+00 -0.524849113743745E+00
% -0.139135136046061E+01  0.938026716382596E-01  0.157580115191246E+01
% -0.114909386719142E+00 -0.165867190801962E+01  0.421559804678261E+00
% -0.102029672026891E+00 -0.393293768860636E+00 -0.336768930368370E+01
%  0.822019460473695E+00 -0.269928027264391E+01  0.124949127260560E+01
% -0.455628376991621E-01  0.224977395448193E+00  0.213896675129842E+01
% -0.227711060048523E+01  0.711811325737913E+00 -0.661160727521010E+00
%  0.672479939421913E+00 -0.115030147483973E+01  0.647045134064597E+00
% -0.277647185104549E+01 -0.201682250451072E+00  0.152789441791577E+01
% -0.395540194711398E-01 -0.248076422480619E+00 -0.724212685447979E+00
%  0.114757938457632E+01 -0.751296522396808E+00  0.190770344239805E-01
%  0.246268439880808E+01 -0.515811698688892E-01  0.218867597194841E+00
%  0.808211829080824E+00 -0.268192218419649E+01 -0.437337032086031E-02
% -0.201106462510127E+01  0.564340663119811E+00  0.972378378736600E+00
% -0.260501699056852E+01  0.107483620796978E+00  0.125410924025801E+01
% -0.725935857589363E+00 -0.723546460317966E+00 -0.847781009001803E+00
%  0.151616152809580E+01  0.837141102230907E+00 -0.119894206755014E+01
% -0.399373708277908E+00 -0.118052088300523E+01 -0.422300368245555E+00
%  0.415254851386846E+00  0.218558860103117E+01  0.207841624525038E+01
% -0.329579890326904E+01  0.832722667708030E+00 -0.225219233915256E+00
%  0.105047514255278E+00  0.208913316025881E+01  0.206020332562311E+00
%  0.997022463979712E+00  0.183460635288523E+00 -0.301188540959218E+00
% -0.428459717272394E+00  0.231966101271824E+01  0.750163397600259E+00
%  0.448719712491633E+00 -0.839156821348291E+00  0.282002319444066E+00
% -0.461994277956691E+00  0.809670480394254E+00 -0.694592037745039E+00
% -0.140993665728748E+01  0.106347433623043E+01 -0.223099665604067E+01
% -0.843763629044952E+00 -0.484066764570309E-01 -0.881561220144346E-01
%  0.152305865750469E+01 -0.244747962562284E+00 -0.109949489312738E+01
% -0.127647556658257E+01 -0.199600203991293E+00 -0.238820144717348E+01
%  0.536857429572606E+00  0.817593535204948E+00 -0.512145817199161E+00
%  0.281544601583338E+00 -0.506675667873992E+00  0.703678485909101E+00
%  0.912238060215988E+00 -0.127778811494535E+01  0.445651503465618E+00
% -0.575759414903225E+00  0.909904879889582E+00  0.129488825745783E+01
% -0.681788025308444E+00  0.424086190209279E+00 -0.191207104720370E+00
% -0.202804022475144E+01  0.100396548591065E+01  0.195333110247294E+01
% -0.314177457558108E+00  0.198945648795125E+00  0.183719319219295E+01
% -0.359683549048140E+00 -0.780245827290913E+00 -0.126310957926253E+01
%  0.280147183805430E+01 -0.305726456049528E+01  0.120169208300780E+01
%  0.102848404875049E+01  0.660785802089149E+00 -0.271483974882565E+01
% -0.148255282415347E+01 -0.884147245124308E+00  0.983591637919518E+00
% -0.119910395131309E+01  0.183564288941338E+01  0.144589015194944E+01
% -0.135501833706114E+00  0.273126580270346E+01  0.333707873984877E+00
% -0.956825164600430E+00  0.159373811917041E+01  0.117201411648551E+01
% -0.259344559064462E+00 -0.148380867783578E+00 -0.608841389758829E+00
% -0.493268692381782E+00 -0.119225720012841E+01 -0.145910720875568E+01
%  0.135576896483297E+00 -0.209859422617072E+01  0.113191034589731E+01
% -0.536651355716149E-01 -0.680819169942534E+00 -0.144150419267195E+01
% -0.199992402296842E+01 -0.828484386426767E+00 -0.191597293763064E+01
% -0.301296302479475E+00 -0.185575790736724E+01 -0.147009468464150E+01
%  0.354641020764141E+00  0.444223352143105E+00 -0.112747909308513E+01
%  0.258149188749243E+00 -0.192092452008542E+01  0.686626692046213E+00
%  0.993644272900606E+00 -0.664066080336532E+00  0.185603878489623E+00
% -0.214223512494718E+01  0.114737848630856E+00 -0.241632969544214E+01
% -0.127735807874987E+01 -0.500875282142689E+00 -0.626268132707947E+00
% -0.967611290845213E-01  0.122820158540765E+00 -0.133075243298821E+01
%  0.800402811028336E+00  0.593355755245082E+00  0.236340291800264E+01
% -0.530651475906205E-01 -0.156218915276776E+00 -0.310678028032320E+01
% -0.101847813599940E+01  0.121592770053483E+01 -0.809075006468759E-01
% -0.177948053546259E+01 -0.299638329807844E+00  0.952424633686516E-02
%  0.968640103990393E+00 -0.167492521396264E+01  0.214956000204766E+01
% -0.133845245780288E+01 -0.104856501421052E+00 -0.187002956647266E+01
%  0.213770172695846E+00 -0.218871751873015E+01  0.367968909748081E+01
%  0.100068605073710E+00  0.419208224890594E+00  0.109743654980528E+00
% -0.194132121139080E+00  0.878789620481981E+00  0.100478589392875E+01
% -0.192737491017486E+00  0.141741276500545E+01  0.198703441302318E+01
% -0.131047960558058E+01 -0.236754536446623E+01 -0.183041028771183E+00
%  0.759154136734714E+00  0.790492488944704E+00 -0.157335909398532E+00
% -0.153700444831668E+01  0.151746313561200E+01 -0.469753614425492E-01
% -0.199817506310905E+01  0.507533168898336E+00 -0.146899635306928E+01
%  0.236137012274171E+01  0.301067898300571E-01  0.150878523412342E+01
% -0.249417121663900E+01  0.146411478897639E+01  0.273278365601735E+01
%  0.928008986577571E+00  0.151235716656661E+01 -0.152888523917799E+01
% -0.109373197577426E+01 -0.642339428604088E+00  0.786404655755111E+00
% -0.612646072617855E+00  0.160065909504967E+01  0.123659375674072E+01
% -0.249966408297786E+01  0.964516574556224E+00  0.890923384474667E+00
% -0.109858902607436E+00 -0.222057314115253E+01  0.107834373668800E+01
% -0.690534142451802E+00  0.953341069550717E+00 -0.453581591874028E+00
%  0.308830126032806E+01 -0.420817577818481E+00  0.662677399534222E+00
% -0.131458979384372E+01  0.820109483317179E+00  0.231112415312812E+00
% -0.104269919177080E+01 -0.239398924039846E+01 -0.194366000611408E+01
%  0.100247042791607E+01 -0.420513619145683E+00  0.614429899906914E+00
% -0.839593008520596E+00 -0.104320036635213E+01  0.924961234003447E+00
%  0.374371775784516E+00 -0.808878790757314E+00  0.217599882855744E+01
%  0.770905204508538E+00 -0.469357400627886E+00 -0.263855747604946E+00
%  0.156723496111992E+01  0.784600548399292E+00  0.241736243063660E+01
%  0.719837944255959E-01  0.120707985407078E+01 -0.450895585647688E+00
%  0.124947660727396E+01  0.176576548322012E+01  0.440362282278480E+00
%  0.907308988529537E+00  0.169900749754858E+01  0.584004022438538E+00
% -0.103442926316060E+01 -0.110776477018642E+01  0.791238387544180E+00
%  0.125051112228223E+01 -0.113937371794568E+01 -0.147817164429145E+01
%  0.377981283145364E+00  0.355644153604102E+00  0.143256767243198E+01
% -0.182083374582700E+01 -0.128922659549671E+00 -0.196061449280590E-01
% -0.386953995509714E+00  0.128149119077214E+01  0.218602664775725E+01
%  0.297724574697132E+00 -0.987058461207887E+00 -0.248066966898205E+01
%  0.147118525117813E+01 -0.834154226359382E+00  0.106353475600323E+01
% -0.126398620212947E+01  0.108408142455225E+01  0.513361795866246E-02
%  0.152840664955934E+01  0.105846485206544E+01 -0.687366420932835E+00
%  0.363608764737951E+01  0.111265349982909E-01 -0.205093448907102E+01
% -0.329914504212385E+00  0.747711423602245E+00  0.195730374915427E+01
%  0.872460781196844E+00  0.238940191886379E+01 -0.725717964970360E+00
%  0.422295228840470E+00  0.700855049016565E+00 -0.260267161044209E+00
%  0.257296460219866E+01 -0.194833952752794E+01  0.146104408377131E+01
%  0.680405675932715E+00  0.222475539136073E+01  0.165152497965580E+00
%  0.761497796701650E-01 -0.538397122478852E-01 -0.155545450897880E+00
% -0.182806853704481E+01 -0.905087685157211E-01  0.161709299331880E+01
%  0.570564437793454E+00 -0.889515569578092E+00 -0.290988244932826E+00
% -0.336399350281579E+00 -0.662545422896149E+00  0.158342228412610E+01
% -0.811304579748437E+00  0.157865586973705E+01 -0.108001341499601E+01
%  0.371610345977733E+00 -0.174308850356126E+01  0.596872251087051E+00
%  0.755220244175092E+00 -0.583209663059377E+00  0.657287505756141E+00
%  0.631365020862633E+00 -0.193189291251673E+00 -0.191251229011143E+01
% -0.938009028481968E+00 -0.332529396846847E+01  0.808387300299520E+00
%  0.162269893648431E+01 -0.200421061570198E+01 -0.101530781894328E+01
% -0.357746426029255E+00  0.199546605924002E+01  0.119023762973160E+01
% -0.100095321608151E+01  0.523794947593852E+00 -0.107356589277727E+01
%  0.111120814200739E+01 -0.435652642834329E+00 -0.271121703778230E+01
%  0.120092171183718E+01 -0.247707036994297E+01  0.683535383868423E-01
% -0.161444819038107E+01  0.697049489414094E+00 -0.878310399919244E+00
%  0.640835782922532E+00 -0.534172660039029E+00 -0.831054572467371E+00
%  0.648227805919520E-01 -0.590922650708821E+00 -0.292934597520452E+00
%  0.218017442431233E+01  0.561368540526665E+00 -0.118838265864264E+01
%  0.103368821044619E+00 -0.103626575017094E+00 -0.261367918043061E+01
% -0.389555504645190E+01  0.455483104558797E+00  0.944358820668018E+00
%  0.279311311604153E+01  0.173260806387858E+01  0.617049278881617E+00
%  0.237577572015421E-01  0.807277464165751E+00  0.567706634904701E+00
%  0.204892457187532E+01  0.490714992516172E+00  0.113901877786082E+01
% -0.114804737652891E+01 -0.113440742886853E+01  0.167830985779591E+01
% -0.261094293227949E+01  0.410293572014027E+00 -0.916123100338341E+00
% -0.284010460589223E+00 -0.139210952433907E+01  0.105830708963867E+01
%  0.109098969574711E+01 -0.203120809329385E+01 -0.157726563698435E+01
%  0.258699763460232E+01  0.881982053476534E+00  0.289618114381156E+00
% -0.129923391035175E+01  0.355574205927907E+00  0.944101574539034E+00
%  0.110315171377138E+01  0.815480113051954E+00 -0.198456204882690E+00
%  0.449969806994817E+00  0.986129549639356E+00  0.752462883688154E+00
% -0.596099803112210E+00 -0.971271490112022E+00 -0.179711152863710E+00
%  0.956710969886859E+00 -0.441234376704593E+00 -0.579572160209751E+00
% -0.123438795024755E+01 -0.161300090611337E+01 -0.156660014813827E+01
% -0.971833896892312E+00 -0.449548969181510E+00  0.490995952387152E+00
%  0.142283538412776E+01  0.735225618650297E+00  0.184104837419026E+01
%  0.165994740909188E+01 -0.417069928217962E+00  0.234514428990682E+01
% -0.966610174096403E+00 -0.106213118380682E+00 -0.664445111326469E+00
%  0.158095765125003E+01 -0.219674791601851E+00 -0.857300615939036E+00
% -0.288008569676606E+01  0.386298047427237E+00 -0.143400792131499E+01
% -0.140608215822653E+01  0.185836453083485E+01  0.118828740739741E+01
% -0.240984623008385E+01  0.258016450459436E+00  0.192787004484991E+01
% -0.168101630127045E+01  0.963655919551715E+00 -0.122058273901966E-01
%  0.371401909341495E+01 -0.582229008103629E+00 -0.145543000700618E+01
%  0.136027014724487E+00 -0.136028660736507E+01 -0.329598870413487E+00
% -0.270257817307342E+01 -0.221608597661124E+01 -0.845283870333239E+00
%  0.400236989711500E+01 -0.138489349794026E+01  0.911745227124566E+00
% -0.253041986051082E+01  0.758558419003233E+00  0.128695879278034E+01
% -0.540148970350003E+00  0.171492024740184E+01 -0.781406275236482E+00
% -0.622113573665214E+00 -0.894393851230556E+00  0.136357572094835E+01
%  0.852010496479678E+00  0.669744797518179E+00  0.153875472402623E+01
%  0.828190427786928E+00  0.148627367022456E+00 -0.395190634190116E+00
% -0.176039162477473E+00  0.177289883551034E+01 -0.159695917746524E+01
%  0.255690747350548E+00  0.774194651447922E+00 -0.172480786598490E+01
%  0.289305482152152E+01 -0.186332355422160E+01 -0.155970832989856E+01
%  0.141487042834875E+01  0.125470479273430E+01  0.111467076684046E+01
%  0.153678490219467E+01 -0.790588012336918E-01  0.105949285758908E+00
%  0.142711746101747E+01  0.760050026335953E+00  0.897619209810094E+00
%  0.645486046141929E+00  0.811623291552962E+00  0.716218312434171E+00
% -0.114862156527809E+00 -0.308841367524365E+01  0.408703936021438E+00
% -0.939270917972685E+00  0.141412543621124E+00  0.102541645435967E+01
% -0.402615536785075E+00  0.233943227314496E+01 -0.386692483189578E+01
%  0.615349010092672E+00  0.573310382196691E+00 -0.618376207085943E+00
% -0.153644606304212E+01  0.174781071944961E+01  0.688499831303409E+00
% -0.377270181094640E+02  0.565066109057780E+02  0.170826868642788E+02
%  0.204468172976512E+01 -0.498837561674750E+01 -0.616980257174908E+01
%  0.762891737779246E+01  0.820328032830461E+01  0.543917615096166E+00
% -0.121575931541758E+02  0.112133438474778E+02 -0.509871266780291E+01
%  0.294005360862772E+01  0.140348701053410E+02  0.110953963154729E+02
%  0.701842681566216E+01 -0.534195753823416E+02 -0.236195191944938E+02
% -0.105435886861638E+02 -0.399623197812293E+01 -0.139890791265215E+02
%  0.101893267825425E+02 -0.715299615453122E+01  0.488800360489628E+02
%  0.277009333308387E+01  0.519460942326719E+01  0.176713523127116E+02
%  0.183016053477795E+02  0.149236487715552E+01  0.381781205830062E+00
%  0.633983552619593E+01  0.210041310650248E+01  0.814740758752170E+01
% -0.108665611141034E+02 -0.176608168725478E+02 -0.705597663817634E+01
%  0.318612156661280E+00  0.781141538992765E+01 -0.459195229940769E+01
% -0.121254877239262E+02 -0.125073073829593E+02 -0.559935827599574E+01
% -0.542350828950582E+01 -0.871729814339637E+01 -0.791031232095281E+01
% -0.188766539451519E+02 -0.265318081938941E+02 -0.336845152300485E+02
%  0.511398896451133E+02  0.708287972840884E+01 -0.426114842171196E+02
% -0.179880577639900E+02 -0.176270440062214E+01  0.798783296946868E+01
%  0.215027930967567E+02 -0.247932385072223E+02 -0.151506187576511E+02
% -0.565430976636063E+01  0.199652503161440E+01 -0.154934026055525E+01
% -0.492142502808339E+01 -0.218882258045739E+01 -0.650518741810230E+01
%  0.125793217730883E+02 -0.278960467762178E+01  0.638088875145207E+01
% -0.659002086192402E+01  0.456440283585876E+01  0.221770208164973E+01
%  0.150408347384126E+02 -0.119077538786530E+02  0.520695976388653E+02
% -0.310021326299874E+02  0.791274205129092E+01  0.558839355636240E+01
% -0.374551463776870E+01  0.190417555435800E+01  0.213692436134397E+00
% -0.375554390912305E+01  0.288663743264339E+02 -0.182167269273812E+02
% -0.621438182977993E+01  0.103841959551492E+02  0.383860129682371E+01
%  0.584933889437991E+01 -0.497434092408637E+02  0.489306465382267E+02
% -0.393868084423351E+01 -0.109401300681703E+02  0.449185907636554E+01
% -0.250713437928128E+01  0.444284867463537E+00 -0.178714079950473E+01
%  0.212807258527960E+02 -0.179768362468864E+02 -0.130392559613498E+02
% -0.152363971291654E+01 -0.166689674902365E+01  0.417428047730294E+00
% -0.276155545908668E+02  0.930136385470218E+01  0.786845462709745E+02
%  0.607928571573553E+01 -0.669430398277994E+01  0.693421078378469E+01
% -0.145444007345960E+02  0.660002267813871E+01  0.117616094046988E+02
%  0.408356628550624E+02 -0.293973946518391E+02 -0.169364567339402E+01
%  0.163723828322367E+02  0.141444587038892E+02 -0.224211935082487E+01
%  0.864781051823108E+01 -0.107502330326523E+00  0.131245681391481E+02
%  0.280247728178437E+02 -0.142178821653483E+02  0.905111645218340E+01
%  0.715980896357972E+02  0.253348236112396E+02  0.858473357333048E+02
%  0.655717227736248E+01 -0.435979882582014E+01  0.427040978260821E+01
%  0.539148885471926E+01 -0.799186411106360E+01  0.127700902422871E+02
%  0.147953897497381E+02  0.136311248302910E+02  0.889355868113601E+01
% -0.182198994319022E+02  0.214899371215479E+02 -0.201894578726198E+02
% -0.106496610090441E+02 -0.213798160810006E+02 -0.282011182190374E+02
% -0.131842025079391E+01 -0.412390084215581E+01  0.112160166388269E+02
% -0.344020140752886E+01 -0.106052555393422E+02 -0.267206150154916E+01
% -0.122613415674760E+02  0.183451813871403E+02 -0.148586568835420E+01
% -0.459916859561043E+00  0.186452126726147E-01 -0.502733605860721E+02
%  0.236423737645695E+01  0.227933519887298E+02  0.155798188406432E+01
% -0.536953574740058E+00 -0.203330310369511E+02 -0.232116395692042E+01
%  0.252239293999254E+00 -0.126210683174529E+02 -0.247078583330918E+02
%  0.133186329039310E+02 -0.324488358635028E+02 -0.297150911765696E+02
%  0.842963139752048E+02  0.115037648436435E+03  0.524536485382894E+02
%  0.219395533645593E+02 -0.244684390995595E+01 -0.735232082166125E+01
% -0.101393026231452E+01  0.419378742119089E+01 -0.163486150989050E+01
% -0.534484507490413E+00 -0.748953914009173E+00  0.153792578127109E+01
%  0.796319174801591E+01  0.383007055516006E+01  0.997068471882991E+01
%  0.144454503536868E+02 -0.154615207607315E+02 -0.105741742425565E+02
% -0.121766977086946E+02  0.291540275023354E+01 -0.298165291729161E+02
%  0.310212874367368E+01  0.427691624026648E+01 -0.731791634600481E+00
%  0.266878467845430E+02  0.295931946033356E+02 -0.111158319675738E+02
%  0.184462626351919E+02  0.717144298182748E+02 -0.451065482442851E+01
%  0.473589278161054E+01  0.121219633828884E+02  0.451739685190099E+01
% -0.379991021582414E+02  0.143169874325250E+02 -0.699475762723996E+01
% -0.839393026130822E+00  0.593879360080520E+01 -0.566480666221010E+01
%  0.877446392391795E+01 -0.488603767843684E+01 -0.168154435049216E+02
%  0.727634649444899E+01 -0.888272440943084E+01  0.120853572720006E+02
%  0.228885845109247E+02 -0.385605105776815E+02 -0.895046727950488E+01
% -0.182010646542801E+02 -0.257324638052780E+02  0.105006083194519E+02
%  0.105001952815686E+01  0.625399452445939E+01 -0.205267893952991E+01
% -0.768780870744423E+00  0.583769324330264E+01 -0.823087233694040E+01
% -0.204529059308718E+01  0.464551209201700E+00 -0.604938550654732E+01
%  0.210713772492975E+02 -0.606602673874517E+02  0.145306170294284E+02
% -0.503419680757956E+01 -0.159949495983607E+01  0.131589675707771E+01
% -0.212773545022085E+02  0.474176984291525E+01  0.701141957575641E+01
% -0.103180134442743E+02 -0.123855663223429E+02  0.103681561730806E+02
%  0.167661632284352E+01 -0.381020313438410E+01 -0.972371651557547E+01
%  0.302489989073408E+02 -0.299859933065287E+02  0.396275364670351E+02
% -0.518396947136981E+01 -0.649764676217145E+01 -0.747878781352741E+01
% -0.694009391092647E+02  0.177351091265095E+02  0.149245558756934E+02
%  0.141141835867731E+02  0.803445278729108E+00  0.192450261978506E+02
% -0.137230698889218E+02 -0.124801500589959E+02 -0.455467168540531E+01
%  0.726251129314204E+01 -0.700646917433028E+01  0.549346721374543E+00
% -0.130589816015655E+02  0.992065973063808E+02  0.402385043907338E+02
%  0.542712125257435E+02 -0.547999451822942E+01 -0.258465762951063E+02
%  0.608019202491977E+01 -0.105671834160201E+02 -0.156759301845853E+02
% -0.668584929267228E+01  0.110647936758873E+02  0.202020298143794E+01
%  0.591342559725746E+01  0.150913915960494E+02 -0.104228028275876E+01
% -0.947954204944100E+01  0.734249048616648E+01  0.484932231825652E+01
%  0.126224265741762E+01  0.334455652580768E+02  0.828007744892362E+02
% -0.191938626027217E+02 -0.135554380846492E+02 -0.126219089285681E+02
% -0.171314078997614E+02  0.861945302567876E-01 -0.380168996591764E+02
%  0.302047421415094E+00  0.235626467703214E+01  0.643733163614850E+01
% -0.456705553328278E+02  0.246022589992316E+02 -0.299760272614827E+01
% -0.292656965158759E+01 -0.237980961608782E+01  0.243758355273535E+01
% -0.298500620321447E+01  0.508951283277985E+01 -0.361776860734462E+01
% -0.532971157246089E+02  0.349816243150753E+02  0.384204880601097E+02
% -0.247839283465825E+01 -0.145449490752162E+02  0.197329327276847E+02
%  0.442588592310403E+02 -0.325623135669469E+02 -0.411164690834352E+02
%  0.382041813489068E+01  0.693540568782941E+01 -0.266019003819701E+01
% -0.805875207339406E+01  0.220906450437410E+02 -0.239687599870724E+02
% -0.285216975151613E+02 -0.253400385152717E+01  0.283639735793376E+02
%  0.166560344970262E+02 -0.795515750693570E+01 -0.494351138644736E+01
% -0.520738430757758E+02  0.109983135830535E+02 -0.242232528444885E+02
%  0.281421615354924E+01 -0.259549718721553E+01 -0.412236939629580E+00
%  0.429721038457361E+01 -0.820690023884087E+01 -0.235307673478114E+02
%  0.636211217818198E+02  0.309370450283061E+02  0.192570761711767E+02
% -0.209405040560274E+01  0.106582608714678E+01 -0.343796288601601E+01
% -0.180682608991631E+02  0.929738255863379E+01 -0.470951874876397E+01
%  0.291058528396969E+02  0.336722334833260E-02  0.311547288335025E+02
% -0.268932462909820E+02  0.163663594070383E+02  0.212242782809718E+02
% -0.222693617704809E+02  0.199637093908834E+02  0.148635852803282E+02
%  0.183100649474484E+02 -0.144141537275721E+02  0.844010301666169E+01
%  0.115032116917652E+02 -0.102247844608923E+01  0.982680164356098E+01
% -0.269316312363737E+00 -0.770532027378492E+00 -0.726498868181498E+00
% -0.235437134616300E+02 -0.227667656408211E+02  0.653464480354401E+01
% -0.264054510793871E+02  0.378366201024797E+01  0.106027639739477E+01
% -0.115881082732344E+02 -0.553458017742704E+01 -0.148062209695125E+02
% -0.131765107493452E+02  0.198557147882865E+01 -0.140930314837432E+01
% -0.132443062330872E+02  0.350729832861699E+02 -0.299986508860366E+01
% -0.165013263411780E+02  0.166011323186914E+02 -0.188148194499604E+00
%  0.233169302807927E+02  0.180008826893102E+02 -0.303243246752015E+01
% -0.113278124281255E+03 -0.994772975659057E+02 -0.484576061148891E+02
%  0.295783791481492E+01  0.451087336532800E+01 -0.116302504496954E+01
% -0.175185307411194E+02 -0.120208660811628E+02 -0.113226124209784E+02
%  0.635362229805157E+00 -0.135493352735078E+02  0.379763498635071E+01
%  0.686238906013368E+01  0.970650080730598E+01 -0.109049157579526E+02
%  0.604981206256628E+02 -0.279207247072973E+01 -0.311160544927892E+02
%  0.276397642896953E+01 -0.148392681501338E+01 -0.852053118284261E+01
% -0.117895047704781E+01  0.206885132732928E+01  0.450937687738277E+01
% -0.178730737702598E+02 -0.215728803957889E+02  0.147665353057514E+02
%  0.298826759682445E+01 -0.183143965346142E+01  0.138953610242322E+02
%  0.401041974190572E+01 -0.576768657067920E+02 -0.101339837236057E+02
% -0.163997241439418E+02  0.252836652509230E+01 -0.311434324581881E+01
% -0.197102473011615E+02 -0.418010884765468E+01 -0.925711575028974E+01
% -0.402877921513293E+00  0.196432090214559E+01  0.123512380158846E+02
%  0.919652627221664E+00 -0.183243119727984E+01  0.636407429104010E+00
%  0.354194389752671E+02  0.449924700279568E+01  0.331955279024958E+01
% -0.210845497147181E+02  0.106947886014709E+01 -0.764318685776048E+01
% -0.105401883413447E+01 -0.674387975875386E+01  0.691463429811234E+01
%  0.609723687570948E+01  0.636666105094017E+01  0.713908288646681E+01
% -0.435680217041891E+02  0.165934757256633E+02  0.233352178502267E+02
%  0.188517133125671E+02  0.838175757914626E+01  0.889965280235071E+01
%  0.177049451609745E+02 -0.130941651220328E+01 -0.845615554521942E+01
%  0.422123770637659E+01 -0.887911606743753E+01  0.351371488860513E+02
% -0.466762624574632E+02 -0.336799121827301E+02 -0.200555214061266E+02
%  0.551412296404714E+00 -0.117810416298079E+02  0.156380844173398E+02
%  0.162486268532665E+02  0.552096834687563E+02  0.751643378057503E+01
% -0.262512730753581E+01  0.530576137544825E+02 -0.423567420531991E+01
%  0.200590019454709E+02  0.530816533353741E+01 -0.537127060135147E+01
% -0.679628533965917E+01  0.371369267343357E+01  0.435179292591943E+01
% -0.194712937209293E+02  0.643568618766538E+01 -0.203081105362019E+01
%  0.156855947604907E+02  0.627568659938574E+02 -0.658176489516379E+02
%  0.504283305422943E+01  0.625126547256764E+00 -0.110398711214227E+02
% -0.251410600214770E+01  0.144197959965158E+01 -0.469788747025187E+01
% -0.508180929386956E+01  0.519898870505201E+01 -0.271519436633289E+01
% -0.518134923777827E+01  0.802701982982639E+01 -0.419434717539258E+01
% -0.213803460539545E+02 -0.637181844948984E+02 -0.126946508254048E+02
%  0.739381327073392E+01 -0.220651081302327E+00 -0.277992961177158E+01
%  0.150182131468412E+02 -0.138589756523036E+02 -0.326989578303916E+02
% -0.175576896143828E+01  0.232722864753511E+02  0.277387622614761E+02
% -0.820218730035972E+01 -0.409192898843757E+00 -0.714354392198973E+01
%  0.664391818646133E+02 -0.350569881769010E+02 -0.198265007752062E+02
% -0.659420766854435E+01  0.138341047212746E+01  0.197728073041151E+01
%  0.986141024485313E+01  0.733305731621771E+00  0.275220233246745E+02
% -0.366626687555505E+02  0.413792172704216E+01  0.105112204044184E+02
% -0.189141513122025E+01 -0.334847695661009E+01 -0.231000303089823E+01
%  0.882728520209653E+01 -0.778745066280775E+01  0.182270454417380E+02
% -0.881319512967351E+00  0.378838625110556E-01  0.377519032322745E+01
%  0.262174523932197E+02 -0.136593506124429E+01  0.587413284509263E+02
%  0.287631766051522E+01 -0.213949521905103E+02  0.278441431503643E+02
%  0.146240261461658E+02  0.257149382472430E+01 -0.544981688084108E+02
% -0.209178361180278E+02  0.358857045942623E+01 -0.216536881311455E+01
% -0.934017913556959E+01 -0.101320910436257E+02 -0.595043277087177E+01
%  0.312656047996606E+01 -0.431910288279290E+01  0.173696865362596E+02
%  0.649658556623305E+01 -0.849782014378608E+01 -0.145055311942718E+01
% -0.945440362008484E+01 -0.952859911402938E+02  0.115772206358017E+01
%  0.870505927539923E+00 -0.488174899390181E+01 -0.213026193756508E+01
%  0.152186004259489E+02  0.116920202202695E+02  0.257490686555950E+00
%  0.396354614404261E+01  0.142077796918173E+02 -0.132471076714965E+02
%  0.210498901237020E+02  0.192759067068642E+02  0.282715681642174E+01
%  0.248293210318122E+02  0.511154482239694E+01  0.110995932693620E+02
%  0.212822994167462E+01  0.178302725368730E+01 -0.131261681793256E+01
%  0.559252968879094E+01  0.853727389959915E+01 -0.278293532507325E+02
%  0.503398337361603E+00 -0.170556096145274E+00  0.152019740901308E+00
%  0.980597183940368E+01  0.152563332419153E+01  0.707744167589273E+01
%  0.554351231511561E+01 -0.579424199005850E+01  0.686001428099968E+01
% -0.230415194494154E+01 -0.228794515624831E+02 -0.625953994528771E+01
% -0.889895180675592E+01  0.193058905086198E+02  0.866788100172250E+01
%  0.845313747284752E+01  0.493022406753762E+01  0.455971849965627E+01
% -0.382332006096210E+02 -0.164074368206742E+01  0.232122091544159E+02
%  0.371637452954658E+00  0.237512262568604E+00 -0.310647112855702E+00
% -0.358041061560278E+01 -0.154587842632257E+01  0.541417160788244E+02
%  0.229741876774578E+01  0.278775842529134E+01  0.267919888481293E+01
% -0.233476921940408E+02 -0.428429806118250E+01 -0.380237715703581E+02
%  0.321870078978178E+02 -0.266413184602584E+02 -0.718626873828850E+02
% -0.149147919537867E+02 -0.230226028273159E+02 -0.110332312909173E+02
% -0.584890840694217E+01  0.113585326234754E+01 -0.364054600035998E+02
% -0.690820198714049E+01  0.467653330280404E+01  0.107626373414396E+02
%  0.897402501177721E+01 -0.281105369378644E+02 -0.402979018859945E+02
%  0.250001865292235E+01 -0.479226493241573E+01 -0.224589026074787E+01
% -0.385650804961870E+02 -0.397297623633835E+02 -0.864589206615913E+02
% -0.424873165710956E+02 -0.113034707567525E+02  0.396422156949555E+02
%  0.916563732731340E+00 -0.239733356158424E+01  0.234180731001843E+01
% -0.169544315979417E+02  0.540939096850944E+01 -0.738006951897935E+01
%  0.917659735480097E+01 -0.823782723415827E+01 -0.130843485153933E+02
% -0.378103702782298E+01 -0.106260553662159E+02 -0.275064074585695E+00
%  0.706802154896216E+01  0.145629785809951E+02  0.973744449532524E+01
% -0.547545373089019E+00 -0.140802714198560E+01 -0.118122148574689E+01
% -0.285849540112675E+02 -0.234781495133797E+02 -0.162374481766759E+02
%  0.210564961636393E+02  0.116825174896978E+02  0.473407361710796E+01
% -0.102279138998486E+02  0.149862910111669E+02  0.465789581520429E+01
%  0.671524291343636E+01 -0.497689672078861E+01 -0.281755816305740E+01
% -0.167162242489846E+02 -0.366009712100405E+02  0.753231245044028E+02
% -0.199318002849688E+02 -0.444335454057743E+01  0.103926538151703E+02
%  0.102087026377465E+02 -0.316839665402558E+02 -0.311910497743774E+02
%  0.370526961181491E+02  0.135527259712383E+02  0.458612421580568E+02
% -0.337943157105868E+01  0.350716791298839E+02  0.554705504454747E+01
% -0.279980675998184E+02 -0.103972967118126E+02 -0.117194046393564E+02
% -0.324208683520702E+02  0.257360517268622E+02 -0.444032687738024E+02
%  0.405536823748074E+02 -0.333026992106173E+02 -0.298264122685274E+02
% -0.420845880661971E+01 -0.167522468235572E+01  0.409860118496703E+00
% -0.352081040258138E+01 -0.558213526065308E+02 -0.139720021849412E+02
%  0.262654015185075E+02  0.278070255141046E+02  0.394279615364102E+02
%  0.478750099325782E+02 -0.234479158226105E+02  0.718197978626242E+01
%  0.128334430053663E+02 -0.629175274862530E+01 -0.513628059901393E+01
%  0.810896865119455E+01  0.498211996942462E+01  0.129373625273200E+02
% -0.325672308539546E+02  0.372550239305141E+01 -0.407438281397825E+02
% -0.169506006190175E+02  0.164801991908307E+02  0.422434620088129E+02
%  0.987193908656667E+01  0.105249122857271E+02  0.132480949999814E+02
%  0.329282176419465E+02  0.646004391527049E+02  0.120533044275851E+02
% -0.238324519842974E+02  0.154859912770527E+02 -0.162228111890246E+02
%  0.130268794200678E+02  0.138815144622036E+02  0.702708929884289E+00
%  0.318266274017438E+02  0.248881142424913E+02  0.220368728617183E+02
%  0.177493892397187E+02  0.269901405390775E+02 -0.676689721497574E+01
%  0.642646342717055E+00  0.122330357759045E+02 -0.434994070124771E+02
%  0.379559872141026E+02 -0.425157710012566E+02 -0.694997576951992E+02
%  0.298873277656527E+02  0.108067506851895E+02  0.231228224306414E+02
% -0.747888304805826E+01 -0.436710540762762E+01  0.504121641660070E+01
% -0.246684780116820E+01 -0.600260904250023E+01 -0.138438017874653E+01
%  0.147155431535118E+00  0.128341967377057E+01  0.240999398807275E+01
%  0.557170487570278E+00 -0.187950440291305E+02  0.135528920450914E+02
% -0.263621839115880E+02  0.724520372423338E+02 -0.375430537296554E+02
% -0.261035863234327E+02 -0.990004034085771E-01  0.223001656521334E+02
% -0.182083610734837E+01 -0.154609472640731E+01  0.116622048475404E+02
%  0.281966083150893E+02  0.803245471011034E+01 -0.741217437922550E+01
%  0.117320518930745E+02  0.911584237945410E+01 -0.201602402828823E+01
% -0.196959383508800E+02 -0.481061604899675E+01  0.159150102642637E+02
%  0.743662269018557E+01 -0.197649413912365E+01  0.862430713620418E+00
% -0.419213133983043E+02 -0.481207756026440E+01 -0.246038496896075E+02
% -0.712824948881821E+01 -0.182631309354447E+01 -0.244855537611533E+01
% -0.879393363402839E+01 -0.465297316330937E+01 -0.109739607932749E+02
% -0.651420965347419E+00  0.322374533264187E+00 -0.119339152849691E+01
% -0.118039896913750E+02  0.172943382123214E+01  0.596511746873092E+01
