% T    256  0.715122828077254E+01  0.715122828077254E+01  0.715122828077254E+01
  -0.164544039779438E+01 -0.343562682416386E+01  0.152948627848061E+01
   0.345768507660106E+01 -0.317213659360096E+01 -0.324175976998207E+01
  -0.193821424639438E+01 -0.120788387766273E+00  0.203502637398521E+01
   0.205081590825461E+01 -0.233649073687872E+00 -0.233218260173000E+01
   0.243241252923154E+00 -0.284190388243538E+01  0.191298779438504E+01
  -0.218470615371924E+01  0.250465837246618E+01  0.199785089397327E+00
   0.127940590140297E+00  0.162955118688688E+01  0.110180560602150E+01
  -0.122989894086437E+01 -0.116093395088394E+01  0.324438879406462E+01
   0.116317396842967E+01 -0.275050121968671E+01 -0.118702342988494E+01
   0.717989278366759E+00 -0.158934933196363E+01 -0.136752606335377E+01
  -0.337300689757195E+01 -0.352916826796127E+00  0.243823800522155E+01
   0.104520241714380E+00  0.352293029034904E+01 -0.293457125165255E+01
  -0.243904199259850E+01 -0.326033233200423E+01  0.349224268134807E+01
   0.396998367705455E+00 -0.115915100029364E+01 -0.424266122428713E+00
   0.133573042585830E+01  0.246830943750141E+00 -0.305235813283566E+01
   0.350557036593767E+01 -0.298605842434344E+01  0.909541715537252E+00
  -0.227710372568980E+01  0.421721059722905E+00  0.426044571512807E+00
   0.797078007059921E+00 -0.210614533287847E+01  0.226872333311212E+01
   0.168272847593937E+01  0.230518098551682E+01 -0.851283260990898E+00
  -0.289293437333346E+01 -0.103588809605880E+01 -0.104925397965973E+01
   0.283621890327424E+01  0.288481085583791E+01 -0.222296736981773E+01
  -0.322179556213248E+01  0.803819482566393E+00  0.344032631669351E+01
   0.149780146140728E+01 -0.168252979851200E+01  0.336113655479478E+01
  -0.518864438146296E+00  0.706346524840828E+00 -0.106379675306761E+01
  -0.270987403246685E+01 -0.255907889820607E+01 -0.146245457324648E+01
   0.190641659906031E+01 -0.181390011569698E+01 -0.942545573289608E+00
   0.949285130670923E+00 -0.307987429670420E+01  0.272555110461631E+01
  -0.301778062213768E+01 -0.235512925464811E+01 -0.272886741550824E+01
  -0.179089170840886E+01  0.321729664816144E+01 -0.584584644480382E+00
  -0.181784687288350E+01 -0.100112411126763E+01 -0.310594201475523E+01
  -0.212723101981922E+01  0.337260812180793E+01  0.240930428639870E+01
  -0.316515008149398E+01  0.761134285805367E+00 -0.631940054683565E+00
  -0.288272302945479E+01  0.171134680971808E+01  0.923129121380275E-01
  -0.328629112139857E+01  0.351909771174363E+00  0.517445195133434E+00
  -0.199845488422291E+01  0.575846013373670E+00  0.336229242662580E+01
   0.503773383315197E+00  0.355846081457489E+01 -0.485839319585246E+00
  -0.649373569929018E+00  0.307062653866179E+01  0.201645905179012E+01
  -0.335885616607584E+01  0.217621850074490E+01 -0.203551592711794E+01
  -0.708052853708861E+00  0.116472205713830E+01  0.164684958575721E+01
   0.216680348994012E+01  0.159990764541888E+01 -0.170803622423413E+01
  -0.171523714675688E+01  0.149745642373135E+01  0.343175594662680E+01
   0.164278858910241E+01 -0.328008822388071E+01 -0.281279154081195E+01
  -0.981257323282439E+00  0.630306305759432E+00 -0.122679063354824E+00
   0.152846295931666E+01  0.153886281672276E+01  0.117409214721711E+01
  -0.145427370666194E+01  0.135087892438630E+01 -0.182094941607131E+01
   0.622546990475143E+00  0.272046722375235E+01  0.156409098078978E+01
  -0.351791005136992E+01 -0.195079844092418E+01 -0.629680755191829E+00
   0.322489846632038E+01 -0.710114370481240E+00  0.612385511291440E+00
  -0.191996365576922E+01  0.137188017793162E+01 -0.450732860148607E+00
   0.146038673619991E+01 -0.320426871227090E+01 -0.201880087466656E+00
   0.163000933279452E+01  0.294303831019223E+01  0.567353416287840E+00
  -0.285241241444500E+01  0.177934097386930E+01  0.137049098648891E+01
  -0.312604352875183E+01  0.319830445618063E+01  0.302823014108863E+01
   0.169363885067053E+01 -0.207180205658279E+01 -0.190345061137252E+01
  -0.625504902380434E-01 -0.264827453773308E+01 -0.102342323232036E+01
  -0.107792036233404E+01  0.122420115116676E+01  0.259069980427133E+01
  -0.265227198646034E+01 -0.349257527074225E+01  0.815153856144869E+00
  -0.644353344876209E+00 -0.259239616509813E+01  0.145572047679112E+01
   0.679316737595007E+00 -0.269454679974216E+00  0.590617653449949E+00
   0.283739966479854E+01  0.718856919425748E+00  0.342121625762641E+01
  -0.192998138090826E+01  0.341381518548215E+01 -0.162661092542631E+01
   0.145006056539996E+01 -0.899377671105954E+00 -0.169162192964435E+01
  -0.243450785684209E+00 -0.147949891600760E+00 -0.135450571989772E+00
   0.269694386044730E+01  0.259902966443893E+01  0.278105977186090E+01
   0.235072959934771E+01 -0.474036073345145E+00 -0.140175659639141E+01
   0.141248409638090E+01 -0.720129435230598E+00  0.318475084154747E+01
  -0.773360173872685E+00 -0.278496207966875E+01 -0.285998253175335E+01
   0.227081022417538E+01 -0.111082624458940E+01  0.269520894179272E+01
  -0.186137360754350E+01  0.477282517611897E+00 -0.121436848812619E+01
   0.123781402197283E+00 -0.181292043054351E+01  0.347701544332938E+01
  -0.329111210669363E+01  0.255165753200675E+01  0.823888867112365E+00
   0.956638338817639E+00  0.657047725722686E+00  0.101940365946510E+01
  -0.878692883510118E+00  0.211044357854597E+01  0.114913578573408E+01
   0.177142680176710E+01  0.121486044548143E+01  0.355307887169314E+01
   0.308376534170635E+01 -0.192704101715620E+01 -0.312847582141700E+01
  -0.119868569500947E+01  0.272704738997434E+01 -0.127681049524254E+01
   0.240228852712872E+01 -0.424422635454780E+00 -0.344325065064030E+01
   0.112584744611791E+01  0.275193451041003E+01 -0.218835498371259E+00
  -0.183611955753110E+01  0.375088523794258E+00 -0.242064168376845E+01
  -0.803290935259347E+00 -0.109155800700568E+01 -0.203914611274255E+01
   0.344265669062708E+01  0.622899846067770E+00 -0.270343913655267E+01
  -0.346557588201519E+01 -0.181827284450099E+00  0.140903612834335E+01
  -0.156188066280545E+01 -0.224332930992073E+01  0.122833340716410E+00
  -0.137223134768384E+00 -0.723434727224401E+00 -0.310925790352693E+01
   0.192068574538207E+01 -0.282471587426668E+01  0.330958398251606E+01
  -0.283264638353823E+01 -0.221550499288444E+01  0.106884404926385E+01
  -0.210438354616167E+01 -0.162650452178571E+01 -0.134341922189965E+01
  -0.245190536175517E+00 -0.299790412119158E+01  0.439045923668668E+00
  -0.285027204948665E+01  0.160529685245929E+01  0.290719346967445E+01
  -0.399512075812883E+00  0.123085502851103E+01  0.345287342103759E+01
  -0.190433860936233E+01  0.166102611051983E+01  0.735033951314912E+00
   0.227954952412354E+01  0.250348592286335E+01  0.160725188865389E+01
   0.326392977905684E+01  0.140826425453946E+01 -0.164025822729129E+01
   0.519838575046222E+00 -0.894752740716663E+00 -0.207737350301833E+01
   0.169636679995925E+01  0.197436782354292E+01  0.232945560165936E+01
   0.317856387468461E+01  0.353956397401996E+01  0.163173382983094E+01
  -0.354418673484718E+01 -0.337085648276619E+01 -0.900319315226275E+00
  -0.354431998017366E+01 -0.170208508192804E+01  0.244611956349024E+01
   0.765001102359373E+00  0.176171941522651E+01 -0.657858011816937E+00
   0.104530239592175E+01  0.324756412645874E+00 -0.193607168703042E+01
   0.319806521748490E+01  0.352099564986068E+01  0.191379011422210E+00
   0.202962134028945E+01  0.736921566737501E+00  0.420425674176782E+00
   0.343067163959483E+01 -0.113591178620277E+00 -0.352122639870250E+01
  -0.109762228170021E+01 -0.343681339027580E+00 -0.715956234270520E+00
  -0.315774705616951E+01  0.302180877831426E+01 -0.278350858508292E+01
  -0.548724752080151E-01  0.252631177517063E+00  0.202990821301308E+01
   0.270064601356923E+01 -0.243194664252603E+01  0.133384905261302E+01
  -0.782234273533832E+00  0.333726180578629E+01 -0.195319170002935E+00
  -0.451930399351207E+00  0.318033139408022E+01  0.303765332528519E+01
   0.834907651359884E+00 -0.810667540640576E-01  0.182485235670726E+01
  -0.191894685157743E+01  0.234148399731192E+01  0.249140308108526E+01
   0.289070417072037E+01  0.426278303773139E+00  0.666298272896162E-01
  -0.155147926192385E+01  0.348973938207712E+01  0.481040474455920E+00
   0.440212012918940E+00  0.250966028931717E+01 -0.146661250183478E+01
  -0.306744842902742E+01  0.297454549921456E+01 -0.218471373383154E+00
  -0.199418352209685E+01 -0.136260059029915E+01  0.315300323248453E+00
   0.399087610987528E+00 -0.104920539719749E+01  0.156867442200135E+01
   0.227734763401378E+01 -0.297470781326388E+01 -0.204429901743652E+01
  -0.305089823048984E+01 -0.325197864167611E+01  0.181248900565654E+01
   0.177495214274691E+01 -0.203839060380258E+01  0.118098902602229E+00
   0.122294370458874E+01  0.124377180352841E+01 -0.231247590666884E+01
   0.113828288759658E+01  0.206430380343041E+01  0.354344506441124E+01
   0.326542284078718E+00  0.200331447206831E+00 -0.288983315272851E+01
  -0.117235449509574E+01  0.211057414774944E+01  0.833239923949570E-01
   0.233245528921657E+01  0.630203450075152E+00 -0.282677961122771E+01
  -0.520010847507058E+00  0.330877558716915E+01  0.887688414842819E+00
  -0.190596605768118E+01  0.698375595471233E+00  0.137055484268238E+01
  -0.597953654987398E+00  0.177719229080485E+01 -0.273316866782118E+01
   0.356345058763324E+01  0.133311943389700E+01  0.759476107560074E+00
  -0.220137733868026E+01  0.138263698857795E+01 -0.269288734228024E+01
   0.649447134840055E+00 -0.287725646461656E+01 -0.327731288634960E+01
  -0.178658436663521E+00 -0.200238943311163E+01 -0.449528237195084E-01
  -0.332101777402167E+01 -0.123892754464246E+01 -0.284048592614240E+01
   0.613327514991338E+00 -0.296074210787475E+00 -0.124737209899542E+01
   0.713564604710826E+00  0.351750684783852E+01 -0.216316797028193E+01
  -0.114636102745054E+01  0.929759350879215E+00  0.705992835343591E+00
  -0.174042771914303E+01 -0.563711007956454E+00 -0.161802218501816E+01
   0.255169532022431E+01  0.141506488731367E+01  0.946653881531572E+00
   0.790014480682664E+00  0.544954747066708E+00 -0.272709781498615E-01
  -0.320218027995091E+01 -0.109080697782265E+01  0.678704081003544E-01
   0.115173213625853E+01  0.527627647145288E+00 -0.972993351390536E+00
   0.282951653230251E+01  0.142455420033996E+01 -0.276202807757919E+01
  -0.117397724224152E+01  0.252941194174676E+01 -0.329621107585254E+01
   0.634266373238274E+00  0.293898447412959E+01  0.275738719533448E+01
   0.268072822242311E+01 -0.202037530459251E+01  0.302497651748521E+01
   0.326818357540982E+01  0.156859360575801E+01 -0.158143232778868E+00
   0.153259909535653E+01  0.175006777292099E+01  0.904710794039012E-01
   0.940927802821091E-02  0.139257883847668E+01  0.113050430681388E+00
  -0.283443345805217E+01  0.833148982199239E+00 -0.190258544588173E+01
   0.283579255911005E+01 -0.164074266050231E+00  0.217857465782922E+01
   0.180449634224853E+01  0.315338689944935E+01  0.258689463517275E+01
  -0.230821313805284E+01 -0.310888710269534E+01 -0.900850302722687E-01
   0.146708070072002E+01  0.761425876319332E+00  0.182279810692807E+01
  -0.345670376419359E+01  0.227478623118611E+01 -0.933017549599817E+00
   0.667341672558278E+00  0.962287199477322E+00 -0.356309405422076E+01
  -0.159482601414856E+01 -0.318028499012389E+01 -0.255738062622143E+01
   0.241353625654498E+01  0.317283340876497E+01 -0.914791528038550E+00
  -0.709788498622175E+00  0.109513014041625E+00  0.304907728132962E+01
   0.259858444365523E+01  0.197217682952636E+01  0.353017432933141E+01
  -0.240244591905746E+01 -0.223530362972914E+01 -0.560457822188293E+00
   0.344715063174788E+01 -0.103377120424738E+01  0.319864571077019E+01
  -0.340503154847848E+01  0.171961820517928E+01 -0.327788054498425E+01
  -0.197176489659157E+01  0.239672899949699E+01  0.151186337207111E+01
  -0.230270774955408E+01 -0.242559116460962E+01  0.250289319600626E+01
  -0.243572853422021E+01 -0.989259767853436E+00 -0.227302750568180E+01
   0.158852173808037E+01  0.303198744556562E+01 -0.201988550641022E+01
  -0.188080499273735E+00  0.133195573484055E+01 -0.191938348006622E+01
   0.255114392031091E+01  0.317157482674967E+01  0.913533779560298E+00
  -0.989784779936032E+00  0.826083474676496E+00 -0.274207368035903E+01
   0.527903478232250E+00  0.113485077139683E+01  0.243980923503426E+01
   0.321634828874459E+01 -0.127340350287027E+01  0.161931275023924E+01
  -0.198773027014946E+01 -0.206096405711328E+01 -0.240049034142753E+01
   0.112105498086454E+01 -0.128050840418674E+01 -0.276999356981035E+01
  -0.116849626316470E+01 -0.206088962284085E+01 -0.886273206657336E+00
  -0.442145458871050E-01  0.248704227255452E+01 -0.344326087022674E+01
   0.917451214468973E+00 -0.131998702271546E+01  0.558841674459043E+00
  -0.226579140629468E+01  0.139752586438842E+01  0.202370297329526E+01
   0.201538309920911E+01  0.269243491020266E+00  0.292136691088934E+01
  -0.278251387590043E+01  0.590456948818667E+00  0.177759606871456E+01
  -0.914850066486418E+00  0.154401847700223E+00  0.138084215430435E+01
   0.219834925047901E+01  0.856830168363307E+00 -0.839889131103632E+00
  -0.333533898871467E+01 -0.159328260072832E+01 -0.191572586878970E+01
  -0.150240878964106E+00 -0.275758232347722E+01  0.300445545818528E+01
   0.316834829489649E+01 -0.356378866386596E+00 -0.246542855413965E+01
  -0.233898058070513E+00  0.187579330133310E+01  0.223228677592803E+01
  -0.934894258956754E+00 -0.113215212899313E+01 -0.105023734076433E+00
  -0.229882983892131E+01 -0.312630206669342E+00 -0.406004132024463E+00
   0.540886471964244E+00 -0.222695203910024E+01 -0.208753786065298E+01
  -0.667653036155643E+00 -0.162335059968470E+01 -0.295946585350020E+01
   0.167737640931190E+01  0.303549159972797E+01 -0.336818919859211E+01
  -0.159734339784709E+01 -0.220835861117578E+01  0.111223478731012E+01
   0.144962089824471E+01 -0.817123733716390E+00 -0.526177831264109E+00
  -0.191694416090094E+01 -0.219437612084749E+01 -0.348849361132154E+01
  -0.228837713204122E+01  0.222543962094829E+01 -0.348390046255202E+01
   0.681644520036179E+00 -0.247736991753753E+01 -0.101162180318833E+00
   0.367266803751611E+00 -0.108675443611396E+01  0.266471343171561E+01
   0.106490225915371E+01  0.222401855370969E+01 -0.263011759850474E+01
  -0.234242051794797E+01  0.238496433778647E+01 -0.825952543155627E+00
  -0.177326390066792E+00  0.245739921417883E+01 -0.201327367081900E+00
   0.180765201583454E+01 -0.120702381011049E+01  0.771541384146134E+00
   0.256420402312007E+01  0.243604769272798E+01  0.257413953957611E+00
  -0.121743876836070E+01 -0.308399285537652E+01 -0.131605422733796E+01
  -0.240610379842808E+01  0.180255706768836E+01 -0.168038684758568E+01
  -0.582302431067014E+00  0.193195392749458E+01 -0.104332058510461E+01
   0.792700964373089E+00  0.129293281305009E+00  0.289235088690706E+01
  -0.247642911614034E+00 -0.929115903686899E+00  0.614324157278417E+00
  -0.399200294777801E+00 -0.117441483901907E+01 -0.115954835635150E+01
  -0.144026599026625E+01 -0.304565795321511E+00  0.240502802157430E+00
   0.273058280757457E+01 -0.214314446837425E+01 -0.146626093666277E+01
  -0.321220351546921E+01 -0.231197379798290E+01  0.335451993315601E+01
  -0.944269799958993E+00 -0.217080703391713E+01  0.317403949843667E+01
   0.319750693556233E+01  0.198316838453136E+01  0.155749938608954E+01
   0.125130644108570E+01 -0.107699904385919E+01  0.213283659884720E+01
   0.340773172040501E+01  0.693300117507570E+00  0.244148994495789E+01
   0.386980749309845E+00 -0.202974249531030E+01  0.110601509289321E+01
  -0.112403548562412E+01 -0.323348896552923E+00 -0.316973883187076E+01
  -0.567694839941194E+00 -0.706085192706709E-01 -0.213404593936648E+01
   0.144102335141984E+01 -0.253324613809395E+01  0.970079375879364E+00
  -0.273699698851450E+01 -0.140739569421384E+01  0.329993695990048E+01
  -0.153339238732108E+01 -0.329214197741064E+01  0.309524214099632E+01
   0.166413366927989E+01 -0.234317409984661E+01 -0.298584752938665E+01
  -0.246733082359021E+01 -0.373598021429993E+00  0.113976509092045E+01
   0.331157290765252E+01 -0.191988778595079E+01  0.720871762904253E+00
   0.335400393214694E+01  0.174111113827830E+01  0.273841566059460E+01
  -0.505243746463004E+00  0.332431580933604E+01 -0.200827177258613E+01
   0.276606477846984E+01 -0.271528824341413E+01  0.145310645185870E-01
   0.653627480539633E-02  0.429513441663207E+00  0.792380645514477E+00
  -0.292037264452751E+01  0.319622827860507E+01 -0.161527248007126E+01
  -0.821112825361511E+00  0.210552681292035E+01  0.297488306839850E+01
   0.280510617382870E+01  0.347074961951606E+01  0.334331950311810E+01
   0.219861432081587E+01 -0.290794026910237E+01 -0.961971693848925E+00
   0.278714700954621E+01  0.202437305866405E+01 -0.970714900139582E+00
   0.138428626791448E+01 -0.337222044349549E+01  0.171227293221497E+01
  -0.267163001075572E+01 -0.754236372716486E-01 -0.299304115626523E+01
  -0.315176572867928E+01  0.271614889286217E+01  0.199323621223478E+01
  -0.167620979053797E+01  0.229794163909754E+01 -0.224951750912571E+01
   0.192344905331288E+01 -0.176134912581520E+01  0.163282981091272E+01
   0.245643715863031E+01  0.114590341720939E+01  0.234918154269258E+01
  -0.181983245930679E+01 -0.142025696023185E+01  0.181332432456308E+01
  -0.279425461994277E+01 -0.135345150413074E+01  0.189598053726342E+01
   0.271969650057439E+01 -0.129491540216727E+01 -0.239174811906735E+01
  -0.882420792024485E+00 -0.226063934509750E+01 -0.193521331649136E+01
   0.334108961324643E+01 -0.273633477923413E+01  0.246800170839328E+01
  -0.196279856151432E+01  0.308228050524054E+01 -0.283404294557564E+01
   0.310082953185222E+01  0.589173172537440E+00  0.138244733510898E+01
   0.276785634302094E+01 -0.131098112382737E+01 -0.262665925130226E+00
   0.714698702702681E+00 -0.345914071555779E+01  0.549816741679452E+00
  -0.973245937916069E+00 -0.285367804383778E+01 -0.308776896361187E+00
   0.209055097180367E+01 -0.278071216827597E+01  0.230173578655663E+01
  -0.375249383440688E+00 -0.175978162823273E+01  0.201539034944658E+01
  -0.272438117275104E+01 -0.158150970899893E+00 -0.174326181435432E+01
   0.472411202074204E+00  0.270987984255231E+01  0.511629302341778E+00
   0.347667834269717E+01 -0.286162209764833E+01 -0.187843129423524E+01
   0.331674213777669E+01  0.126783999558952E+00 -0.123559891567396E+01
   0.241654716172612E+01 -0.260933711562541E+00  0.121619177603371E+01
   0.131614897474012E+01  0.334133601214378E+01 -0.112449702028201E+01
%  0.117309349118852E+01  0.542260142155208E+00  0.131073613295196E+01
% -0.119305446808330E+01 -0.196945038801873E+01  0.103734915690244E+01
% -0.124798496479851E+01 -0.740884249790526E+00 -0.143707854935014E+01
%  0.516067527435368E+00  0.569116636352250E+00  0.146622741842561E+00
% -0.101509583627297E+01 -0.154766437736105E+01 -0.172168604564733E+01
% -0.939724252360034E+00 -0.474134016875622E+00  0.377366561097794E+00
% -0.931226264890178E+00 -0.998641051387724E+00  0.712388356078141E+00
%  0.241179391746114E+00  0.611451418984813E+00  0.349526149198225E+00
%  0.137561328245506E+01 -0.110718371876135E+01  0.568183200004122E+00
%  0.948969042302406E+00  0.318007595633641E+01  0.122786714091669E+01
% -0.380380551971390E+00  0.441851463818284E-01 -0.348435340943948E+00
% -0.152656905321424E+00 -0.895117900370145E+00  0.359003388662484E+00
%  0.148356507520119E+00  0.985354705472074E+00  0.542526705644159E+00
% -0.775879580679373E+00  0.302046529956448E+00  0.128834145218412E+01
%  0.889577636262935E+00 -0.104810224169780E+01 -0.124732448275125E+01
%  0.126631843633367E+01  0.942254034228761E+00  0.901826715689511E+00
% -0.220591330799026E+01 -0.572053198587336E+00  0.990870740539824E+00
%  0.460916705124116E+00  0.138071103747846E+01  0.420970316768313E-01
% -0.130767504575201E+01 -0.112462817718442E+01 -0.616202196163171E+00
%  0.506530766066132E+00  0.248024068652934E+00  0.727667723852762E+00
% -0.445507835383326E+00  0.791890292042164E+00 -0.207632747694791E+01
% -0.786842011076288E+00 -0.512863341225884E+00 -0.962681581501795E+00
%  0.851837425843711E+00  0.821432137001282E+00  0.116675241234146E+01
%  0.703815337567421E+00 -0.127803149528380E+01 -0.795262351753293E+00
% -0.633954702509804E+00  0.454244761311046E+00  0.894033925033236E-01
%  0.117740382235656E+01 -0.942553667290710E+00  0.625790064672546E+00
%  0.160919903827547E+00 -0.768317046158068E+00 -0.191145275439349E+01
%  0.214265639110300E+01 -0.310653535740521E+00 -0.146170603890900E+01
% -0.243458385405525E+00  0.499924340013883E-01 -0.682792237898171E+00
% -0.282455121007484E+00  0.254908357870358E+00  0.253428390392021E+00
%  0.112478204771975E+01  0.113482356472398E+01 -0.201384360547646E+01
% -0.168190767045157E+01 -0.701245339197812E-01  0.169672783586801E+01
%  0.617619136058158E+00 -0.107950947509671E+01 -0.342497563632633E+00
% -0.224426722076101E+00 -0.692460510725778E+00  0.651644136064750E+00
% -0.525273995579544E+00  0.974852894183451E-01  0.389441370969001E+00
% -0.586738408116810E+00 -0.122130211112638E+01 -0.182671657567800E+00
%  0.260727678643374E+00  0.273743200123146E+00 -0.302804270012317E+00
%  0.607022160527439E-01 -0.730051368383013E-02  0.217801758733306E+01
% -0.781390175422219E+00 -0.128874673340730E+01  0.713776158816888E+00
%  0.134875424573788E+01  0.908596453156332E+00 -0.111693967793064E+01
% -0.666707054492940E-01 -0.163436193422687E+01  0.236811473824966E+00
%  0.103886247960002E+01  0.114639590192285E+01 -0.123255842730404E+00
%  0.201960354386836E+01 -0.110802717070447E+01 -0.216113955216449E+01
%  0.112448103304370E+00  0.112252775528651E+01  0.308399021379191E+00
% -0.206420201142313E+00 -0.823455920020368E+00 -0.105364376712869E+01
%  0.655950590335681E+00  0.169869040052042E+01 -0.142640869053100E+01
%  0.267181273417389E-01 -0.171237527460427E+01  0.723426524313634E+00
% -0.106770609264697E+01 -0.108961699922183E+00 -0.216284330570610E+00
%  0.145421297318777E+01  0.645881812141920E+00  0.369050027481775E+00
%  0.118170506324455E+00  0.372416452866308E+00 -0.708655841122636E+00
% -0.149945373546627E+01 -0.255809462934400E+00  0.490024065191659E+00
%  0.131706979590256E-01 -0.167538427903240E+01  0.987434249069621E+00
%  0.558419528668533E+00 -0.146537349430157E+01  0.159212045637358E+01
% -0.980924144484234E+00 -0.561952901694511E+00  0.214570905633137E+00
% -0.166948071298882E+01  0.593060159110062E+00 -0.165269592287745E+01
% -0.151672555990509E+01  0.280412882125530E+01 -0.536889443245813E+00
% -0.116451188290315E+01  0.269010676928985E+00  0.431865807014644E+00
%  0.219227937960809E+01  0.583113071423442E+00  0.128378776942341E+00
% -0.116064967260701E+01 -0.123758498345595E+01  0.641736764805750E+00
% -0.373940101291380E-01 -0.711493804074829E+00 -0.686427156673677E+00
% -0.312665859532515E+01  0.878885380900766E+00  0.158391823619879E+00
% -0.896706831636255E+00  0.975136381259508E+00  0.486921203456173E+00
% -0.150512539107725E+01 -0.113621973964300E+01  0.198898420073805E+00
% -0.379450558891616E+00 -0.535476625109263E+00 -0.260023579049015E+00
%  0.973245096445201E+00  0.136765376196775E+01 -0.170807688248690E+01
% -0.449468239253170E+00  0.274749115512738E+00 -0.101145602871157E+01
%  0.178262356582221E+00 -0.256165887787160E+00  0.210146974655785E+00
% -0.156134855951104E+01  0.149890734137615E+01 -0.824671237388304E+00
% -0.188358428937766E+01 -0.145423527143962E+01  0.144595188060972E+01
%  0.255465676738699E+00 -0.837649059938635E+00 -0.513935854586491E+00
% -0.801611013437588E+00  0.187326012512761E+01  0.126857743014141E+01
% -0.847504764447418E+00 -0.114460383052748E+01 -0.120947405694562E-01
%  0.133677637844845E+01 -0.113771562308187E+01 -0.158572578952826E+01
% -0.138031549418671E+01 -0.134257892127892E+01 -0.985217699914211E-02
%  0.118016472164905E+01 -0.100246161844241E+00  0.151154025561584E+01
%  0.665390571278485E-01  0.659452462432423E+00 -0.110791256541606E+01
%  0.210080876162647E+00 -0.176901098332473E+01  0.725147118544674E+00
%  0.599243202120131E+00 -0.135676896000161E+01  0.996789115390906E-01
% -0.781254763375982E+00  0.114964817521209E+01 -0.593345476557760E+00
% -0.390818072439454E+00  0.392136843781665E+00  0.216217422496986E+00
% -0.198974518370809E+00  0.200250361746283E+01 -0.136803778738454E+01
% -0.276336992000432E+01 -0.104072181863424E+00  0.375060519347374E+00
%  0.210242588153022E+01 -0.969884728497628E-01  0.101978095299975E+01
% -0.169857975997855E+01 -0.959511776474887E-01 -0.128943568322781E+01
%  0.155626623084324E+01 -0.145318603771334E+01  0.102216528051912E+01
% -0.113482579070716E+01  0.535502029398799E+00 -0.489478700028798E+00
% -0.756859780187036E+00  0.111525282029559E+01  0.230146176492573E+00
%  0.113287737275503E+00 -0.663222678118110E+00 -0.172285687000216E+01
% -0.342854235097202E+00 -0.304922624958725E+00  0.287171420583230E+01
%  0.699231383082369E+00 -0.230257914894095E+01 -0.222736943834031E-01
% -0.259832131377525E+00 -0.154311550278429E+01 -0.213050008036328E+00
%  0.104723547233779E+01 -0.521176268633550E+00 -0.630790847512437E+00
% -0.113865274400780E+00  0.338761335663702E+00 -0.648229799970129E-02
%  0.910979112473380E+00  0.227473753375695E+01  0.251007991764394E-01
%  0.302253824124360E+00 -0.154093415861575E+01  0.537414811756261E+00
%  0.175600579720217E+01 -0.981747149233176E+00  0.828114755306074E+00
% -0.580566370022070E+00  0.396788882393367E+00  0.110137207675373E+01
% -0.220159101114074E+00 -0.134492068005078E+00 -0.239957766076259E+00
%  0.914634836938537E+00  0.740083609559438E+00  0.117331771757825E+01
% -0.581163580789996E+00  0.852503363919440E-01 -0.122306783151421E+01
% -0.136391643204310E+01  0.857586494681582E+00 -0.939601499273969E+00
%  0.157332633849855E+00  0.103374546740607E+01  0.120489342943176E+01
%  0.132876882911709E+01 -0.145879197064807E+01 -0.317294647663061E+00
%  0.153119903599603E+00  0.135715018984187E+00 -0.512070341584534E+00
% -0.122262016098981E+01  0.114282803324208E+01  0.158868037047101E+00
%  0.299515136667778E+00  0.859232966473450E+00 -0.456485216127675E+00
%  0.905489604302201E+00 -0.605959788692859E+00  0.752911192140390E+00
%  0.159083730321804E+01  0.149742012281607E+00  0.387525966293891E+00
% -0.112102320692803E+01  0.245896467375184E-01 -0.273714184258495E+01
%  0.222756500376901E+00  0.225041371105751E+01 -0.809721319562066E+00
%  0.267620675192423E+00 -0.747255294808556E+00 -0.332337931873551E+00
% -0.967675499443156E-01 -0.161323894664721E+01  0.115908464548280E+01
% -0.708861688320761E+00  0.169602764913351E+01  0.236277068632261E+01
%  0.319043135499916E+01 -0.245105057869418E+01 -0.147794007510378E+01
% -0.130388527812257E+01 -0.150828652033470E+00  0.512274225515651E-01
%  0.181716580033333E-01 -0.106858040147933E+01  0.108604947635812E+01
% -0.598742491697301E+00 -0.419004412790095E+00 -0.152933226644184E+01
% -0.764416597995367E-01  0.103266588255546E+00  0.435071035866738E-01
% -0.166585645521860E+01 -0.256195196111411E-01 -0.117878243940814E+01
%  0.183885700344754E+01 -0.175752934604047E+01  0.113181594051677E+01
% -0.120509967653151E+01  0.149960972676813E+01 -0.119182427407861E+01
%  0.497294703127036E-01 -0.130827829823451E+01 -0.102259040793770E+01
%  0.134746088258626E+01  0.171475815749345E+01 -0.777803830661048E+00
%  0.247782877445490E+01 -0.182809637107943E+01 -0.730141324857129E+00
%  0.708513734340397E+00  0.227138984184750E+00 -0.607776809660082E+00
% -0.127826902485088E+01  0.238411738264475E+00 -0.234290174345787E+00
% -0.152263431269286E+01  0.125143052192279E+01 -0.528195074731830E+00
% -0.180532589691548E+01 -0.104990220735707E+00  0.150235701296489E+01
% -0.117024036024555E+01 -0.161656226554933E+01  0.126589560693096E+01
%  0.119490476552230E+00 -0.832440803769343E-01  0.229712047816828E+01
% -0.114966451939242E+01  0.544580092652719E+00 -0.271411212276441E+00
%  0.184724635947581E+01 -0.601625229743982E+00 -0.143430105639696E+00
% -0.397365823804050E+00 -0.150943193681331E+00 -0.208776940881184E+01
% -0.609750453648300E-01  0.201919812346988E+01 -0.352894831811240E+00
% -0.371611851470011E+00 -0.233368491322276E+01  0.346623948378939E+00
% -0.150481400294383E+01 -0.574097346774103E+00 -0.116589445867773E+01
%  0.134519466187589E+01 -0.319465019768080E+00  0.478506106890681E-01
%  0.138763362568985E+01  0.267047775595840E+01  0.100156773823007E+01
% -0.531624442030454E+00  0.180054821922190E+01 -0.162019660185407E+01
%  0.571786862658765E+00 -0.255354283969360E+00 -0.142118963491891E+01
%  0.327887303743005E+00 -0.357884640352334E-01 -0.156224561312720E+00
%  0.257229651790945E+01 -0.319779044808885E+00  0.803934092029258E+00
%  0.203807545163160E+01  0.119464820292051E+01  0.106466516235085E+01
% -0.162108725910453E+01 -0.638567820325104E+00  0.180300119210904E+00
% -0.385282104719520E+00  0.627551075478305E+00 -0.884105145289437E-01
%  0.256434890493497E+01 -0.290455525535407E+00  0.457204494856310E+00
% -0.574817856225651E+00 -0.578600233249481E+00 -0.653898852908394E+00
%  0.719339854657690E+00 -0.106798422790350E+01  0.189443607077717E+01
% -0.647663544558471E+00  0.194362470435114E+01 -0.114714503373860E+00
%  0.654461493575023E-01 -0.557251929600339E+00  0.157240873946221E+01
%  0.920480652348549E+00 -0.156576870126835E+00  0.122920895739635E+00
%  0.175073242251186E+01  0.166810998662618E+01  0.795483217888865E+00
%  0.861869151363114E-01  0.414800144581039E+00 -0.542513116973465E+00
% -0.141505568054121E+01  0.317614951709156E+00  0.120253704087758E+01
%  0.194147204289235E+01 -0.541285398284669E+00 -0.337554474790054E+00
%  0.379794488271406E+00  0.149021136624535E+01  0.125387144360590E+00
%  0.688616986041022E-01 -0.314929886102519E+00  0.957636381258172E+00
%  0.212979146084940E+01  0.612824461758908E+00 -0.118319022422543E+01
% -0.814057478299706E+00  0.355483068647984E+00 -0.237358839502339E+00
% -0.162121707360238E+01  0.337460875312867E+00  0.483227556098277E+00
%  0.893613602161751E-01 -0.127285135331286E+01 -0.936263716022498E+00
%  0.364879985166922E+00 -0.911282793520506E+00 -0.951681720567992E+00
%  0.160929452024342E+01 -0.327908428930684E+00 -0.278951090144095E+00
% -0.120713554214328E+01 -0.779535510892785E+00  0.220208980711493E+01
%  0.309766543439410E+01 -0.107200463667177E+01 -0.138031105654011E+00
% -0.121372941296658E+01 -0.105626429518830E+01  0.719332455243566E+00
%  0.133718024315774E+01  0.462286819622441E+00 -0.146204601423536E+01
%  0.167036926427313E+01  0.113354891592788E+01  0.106908261362964E+00
%  0.187343270454878E+01 -0.896421279408220E+00  0.348297560375412E+00
%  0.150531931465014E+01  0.116029082843815E-02  0.102991584630075E+01
%  0.764441154224222E+00  0.159030651354534E+01  0.559869692224120E+00
% -0.286612587829333E+01  0.168820395914150E-01  0.123229361886365E+01
% -0.173694572592967E+00 -0.114547936076700E+01  0.402088414081407E+00
%  0.121921323028429E+01 -0.106063754938838E+01  0.828608885910115E+00
% -0.495441714443095E+00 -0.847222565117961E+00 -0.516187026515744E+00
%  0.103216985064504E+01  0.155314596843105E+01  0.117721114575082E+01
%  0.127501134888836E+01 -0.101921366692686E+01  0.816074661198475E+00
%  0.123998923398334E+01  0.239741571735002E+01  0.988630936134953E+00
%  0.309599739193116E+01  0.145153778405333E+01 -0.237997687692298E+01
% -0.112512540594870E+01 -0.259470319909049E+01  0.506029422332546E+00
% -0.180528792744814E+00  0.458567421933009E+00  0.794004532186690E+00
% -0.954106467737284E+00  0.138987527755120E+01 -0.542748736662945E+00
% -0.922039293341336E+00 -0.113569056179967E+00 -0.783052755580352E+00
% -0.663291429205312E+00 -0.106985571327070E+01  0.155544663203265E+01
% -0.929756653530444E+00  0.468753691047349E+00  0.593218541478352E+00
%  0.608115472897310E+00 -0.144557029246750E+01 -0.437761513976728E+00
%  0.383304425501049E+00 -0.122047561510422E+01  0.154854844321876E+01
% -0.215020295094262E+01 -0.763982749161612E+00 -0.169272722731831E+01
% -0.148710985332138E+01 -0.167082432992614E+01 -0.180697583802123E-02
%  0.124605600224319E+01  0.118036972394233E+01  0.619242576386224E+00
%  0.194908073967058E+00  0.331759449900120E+01  0.837785166158768E+00
%  0.152081200155059E+01  0.139334227213028E+01 -0.113574644232966E+01
%  0.786096745929949E+00 -0.518091122589645E+00 -0.932928194824322E+00
% -0.962993123175812E+00  0.756430531772724E+00 -0.178033163485138E+01
% -0.566847037213803E+00  0.399264318587012E+00 -0.134330068708535E+01
%  0.346190050241127E+00  0.934052949258629E+00  0.471968332487316E+00
%  0.114616783405167E+01  0.143290529514392E+01 -0.215161221872928E+01
% -0.266563994805794E+00 -0.585244020311515E+00 -0.567518348037517E+00
% -0.149401341242213E+01 -0.990394097848626E+00  0.794105048567540E+00
%  0.211363842246366E-01 -0.685662349859983E+00 -0.159332340504250E+01
%  0.436291404052496E+00 -0.177300235429979E+01  0.127544595564244E+01
%  0.474572030390930E+00  0.274386765877228E+01  0.374299373740668E+00
%  0.514731750037781E+00 -0.204137629786765E+00  0.939349975034535E-01
%  0.112148667294408E+01  0.341060042365872E+00 -0.125474243205967E+01
% -0.180190181645811E+01  0.698768494397764E+00  0.147678383168662E+01
% -0.321860767745784E+00 -0.162292098901183E+01  0.130880988044358E+01
% -0.127785541025540E+01 -0.118226892968445E+01  0.680366530800579E+00
% -0.276919383955066E+00 -0.232088464034439E-01 -0.102538903137257E+00
% -0.705192382357030E+00  0.783014913912755E+00 -0.168642233705691E+00
% -0.149948559165639E+01  0.270958184769066E+01 -0.121981984893630E+01
%  0.922885631902121E+00 -0.141546621275315E+01  0.299559739818034E+00
%  0.401594328680459E+00 -0.227586934438344E+00 -0.921621345461390E+00
% -0.244899510118341E+00  0.108889675367678E+01 -0.865020340054056E-01
% -0.377751004209791E+00  0.167633890992283E+01 -0.751677153443174E+00
%  0.173614039674421E+00 -0.686452155898431E+00  0.842126650061358E+00
% -0.169621191207062E+01  0.270211772789333E+01 -0.112866923534765E+01
%  0.219972352147798E+01  0.157344945264146E+01 -0.162562642750516E+01
% -0.121724164180657E+01 -0.124051424628552E+01  0.248594692078030E+00
% -0.150164303259702E+01  0.484335039040171E+00  0.887740182424151E+00
% -0.978441515799001E+00  0.771068475800323E+00  0.203982058498881E+00
% -0.687294246580130E+00 -0.185814211562644E+01 -0.352493912346928E+00
%  0.751290759517363E-01  0.414115111706180E+00 -0.445977319218813E+00
% -0.150338196006351E+01 -0.614875930297997E+00 -0.131947963305038E+01
% -0.794851107492863E+00  0.119558271794826E+00 -0.207436726352142E+00
%  0.971546581508690E+00  0.192061548062034E+00  0.120013667009862E+01
%  0.108059143057706E+01  0.589962953276637E+00 -0.774930528095921E+00
%  0.183199602372743E+00  0.262881229981266E+01 -0.370390416801770E+00
% -0.851013100850633E+00 -0.100255203901664E+01 -0.417391650895230E+00
%  0.704739884698316E+00 -0.120435233020373E+01 -0.122483247296007E+01
%  0.771598732903318E+00  0.152195486462545E+01 -0.540406915759463E-01
%  0.881075171298445E+00 -0.192275367022319E+01  0.701794876343783E+00
%  0.131934878849432E+01 -0.140007538637439E+01  0.161756252748663E+01
%  0.136769324650179E+01 -0.565803868522915E+00 -0.854100641807419E+00
%  0.173349328331997E+01 -0.894446471070947E+00  0.929380148645695E+00
% -0.805778533140208E+00  0.672514796957993E+00 -0.305807609105529E+00
% -0.120420969242017E+01  0.358365135971857E+00 -0.138859645502723E+00
% -0.850444764672715E+00  0.107017658151262E+01 -0.555493249819380E+00
%  0.273865777057553E+00  0.624623544451122E-01  0.999417958714343E+00
%  0.678075001495839E+00 -0.598955358014070E+00  0.557125796855778E+00
% -0.682630787322776E+00  0.972596415658873E+00 -0.285473049400154E+00
% -0.151191689313388E+01 -0.219128910131454E+01  0.104404017293535E+01
% -0.182197671541312E+01 -0.280481988268053E+00 -0.685596752011287E+00
%  0.109277767112617E+01 -0.885958276456501E+00  0.127116453748217E+01
%  0.804540013311740E+00  0.973870961912612E+00  0.116325324810822E-02
%  0.104494538798291E+01  0.989871600267480E+00  0.478843030621706E-01
% -0.495773359388961E+00 -0.281604890605823E+01  0.242970046986228E+01
%  0.128174887931006E+01  0.305789630644773E+00  0.348036806343231E+00
% -0.782379946422229E+00  0.265542469188875E+01  0.867475665559772E-01
% -0.170348406872225E+01 -0.438721349778246E+00 -0.130054262799885E+01
% -0.499510978578649E+00  0.188831988406603E+00 -0.946202344028677E-01
% -0.509238538682953E+00  0.753306880215947E+00  0.177404320501252E+01
%  0.949581907298285E+00  0.437685772777958E-01 -0.802405791566740E-01
% -0.200562571140187E+01  0.121199728986759E+01 -0.774944475584963E-01
% -0.170689714253935E+00  0.105718329050443E+01  0.111894968933675E+01
% -0.203738888983168E+00 -0.260401150807871E-01 -0.254475803449339E+00
% -0.402886372157339E+00  0.595505161302735E+00 -0.132437711051319E+01
%  0.331395394957100E+01  0.324839548754498E+01 -0.278511302663392E+01
%  0.180103331499430E+02  0.132752996409366E+02  0.133339533193359E+02
%  0.242432733703024E+01 -0.459788637770616E+01  0.825109435154735E+01
% -0.943067446252096E+01 -0.535744544295340E+01 -0.163418052118830E+02
% -0.569213070912364E+01 -0.254180016261445E+02 -0.738551121670569E+01
%  0.264964903262552E+01  0.161270283547537E+02  0.927466371004545E+01
%  0.629655675893621E+01  0.293752158846656E+01  0.145934431592832E+02
%  0.117255290396031E+02  0.270524061642822E+01 -0.145110809116347E+02
% -0.896995915231036E+01  0.795994714255969E+01 -0.840910043006008E+00
%  0.826724062421926E+01  0.343099931584702E+01  0.417843981466352E+02
%  0.283288008709802E+02 -0.625342728254247E+01  0.115089097439255E+02
% -0.382516232063009E+02 -0.224284923877493E+02 -0.187634606757249E+02
% -0.255724117376868E+02  0.602397252908526E+01  0.148272023305776E+02
% -0.256662815079528E+00  0.599822362533075E+01  0.611800984934042E+01
%  0.156864545644615E+02 -0.107731325166746E+01 -0.559925659466543E+01
%  0.145396404852120E+02  0.191570001606774E+02 -0.475259788214556E+01
%  0.174053476897064E+02  0.783139114753331E+01 -0.105375927339491E+02
%  0.157104982943870E+02  0.286070742387196E+02  0.849754744354737E+01
%  0.368141639000336E+02 -0.232236465803461E+02 -0.403699472477714E+02
% -0.925394596685159E+01  0.660488207554734E+01  0.401356970355759E+01
%  0.597956743061451E+00 -0.373954538248959E+00  0.181911418304479E+01
%  0.475407625505976E+01 -0.164332234587320E+02  0.726723406241256E-01
%  0.164969215035713E+01 -0.298808916667142E+02 -0.352952799667817E+01
%  0.104660372430258E+01 -0.174742804867740E+01 -0.592230775778686E+01
% -0.559543642215029E+01 -0.625151815218489E+01 -0.200015331861996E+02
% -0.100326112134796E+02  0.109146101846739E+02  0.200166887613160E+02
%  0.375479079941422E+01 -0.428373394122626E+01  0.504231055823112E+01
% -0.830792841467245E+00  0.111705414781531E+01  0.328350674990712E+01
% -0.244772539739635E+00  0.152610585148400E+02  0.143268288172611E+02
% -0.360280257600145E+02 -0.280345222524185E+02  0.125422538991813E+02
% -0.171645966837642E+02 -0.114119171125824E+01 -0.412087032312299E+01
%  0.267364718074480E+01  0.351202173853696E+01  0.358299438646419E+01
%  0.141961883940603E+02  0.179042672787125E+01 -0.518115376038175E+01
% -0.966222058384267E+01 -0.533204416739930E+01 -0.346323940786634E+01
% -0.135033926574289E+02 -0.412502136845772E+02 -0.412932993216645E+00
% -0.196442594209934E+02  0.661004651731393E+01 -0.325666198746862E+01
% -0.254695109415074E+01 -0.379152272845243E+01 -0.109362240114073E+02
%  0.647778900879848E+01  0.155715688960489E+02 -0.111633594537319E+02
%  0.398553880181605E+01 -0.852514457110611E+01 -0.146749244927978E+02
% -0.680521194355730E+01 -0.279311867697675E+01 -0.737336507259110E+01
%  0.454890900998253E+02  0.540013564205935E+01 -0.796922604212992E+01
% -0.110168092265179E+02 -0.395552067105762E+02  0.156822115174735E+02
%  0.195013988134760E+02 -0.428223996736179E+02 -0.127966089475631E+03
% -0.196045068483477E+01  0.221422408947777E+02 -0.653652229789743E+01
%  0.101507356201982E+02 -0.969897006941316E+01  0.131713812066275E+01
%  0.322326692566294E+00  0.554246214877235E+00  0.677119150173595E+01
%  0.364544134449363E+00 -0.157207484949103E+01 -0.250409590019011E+01
% -0.260087520870423E+02  0.995789760875464E+01  0.133832017814759E+02
%  0.377074166716562E+00  0.374753092314527E+00  0.242781920657286E+01
%  0.114190156795329E+02 -0.230634228254301E+01  0.366010503952249E+01
%  0.690754670091433E+01  0.716909281801111E+01  0.395955126581828E+02
% -0.242837157892828E+02  0.122032849246632E+02 -0.270106337678719E+02
% -0.358286909684143E+01 -0.192559100293035E+01 -0.146296711932433E+01
% -0.831578106872467E+01  0.206715230521507E+01 -0.155178427671418E+02
% -0.487213737650244E+00  0.181505964057586E+01  0.182430885527550E+01
% -0.157491150452195E+02 -0.250306697092535E+02  0.191316492460346E+01
% -0.185690615112738E+01 -0.767562360794417E+01  0.676239529824658E+01
% -0.103660804540033E+02 -0.936782257384701E+01 -0.137290274787086E+02
%  0.140167811052262E+02 -0.361138462131247E+02  0.834254420218982E+00
%  0.188988725100339E+01  0.151559752500842E+02 -0.782857649226365E+01
%  0.162767260383448E+00 -0.474826622991752E+01 -0.147545037670785E+02
%  0.141413171763112E+02 -0.379806485612307E+01  0.360235304025749E+01
%  0.115976503964462E+02 -0.100668690720858E+01  0.686244812558264E+00
%  0.373119583402135E+01  0.115984403097500E+02 -0.341866397064477E+02
%  0.159483644585670E+02 -0.166123894503485E+01  0.226314946935045E+02
% -0.719588247600667E+01  0.353422301425597E+02 -0.411005912080780E+00
%  0.441490065581034E+02  0.185226395909902E+02 -0.233166660524623E+02
%  0.408917050193412E+01  0.687794183832383E+01 -0.635943373914424E+01
% -0.915925564651773E+00 -0.244843540519378E+00  0.397352721837219E+00
%  0.462831050577912E+01  0.872709523484418E+00 -0.217584536350259E+00
% -0.419289709383196E+01  0.801322447444241E+01 -0.700174335790313E+01
% -0.731976089273321E+01  0.476445501678732E+01 -0.327478599963493E+02
% -0.230889504840321E+01  0.423766301100030E+01  0.322432522838366E+00
%  0.565911701246238E+01 -0.845950993304795E+01 -0.526806226751459E+00
%  0.315571306653337E+01 -0.128662983697252E+02 -0.765664412718125E+01
%  0.254360039232655E+01  0.324656341880862E+00 -0.765663917556397E+01
% -0.306238158158673E+01 -0.858578140355799E-01  0.267387177407628E+01
% -0.361221055200423E+02  0.117581758625127E+02 -0.311480587037334E+02
% -0.152572641800197E+02 -0.118781853562605E+02  0.110179322338894E+02
% -0.200946211170568E+02 -0.230849849475806E+01 -0.333694232345880E+02
%  0.176266070043252E+02 -0.342330765394103E+01  0.337907494174093E+00
%  0.149978830947948E+02 -0.349767309799530E+02  0.645644627525178E+01
% -0.203052271928515E+02  0.132458246291946E+02 -0.368143111212993E+01
%  0.594389929181585E+01 -0.387537519991169E+01 -0.306559930239758E+00
%  0.738897874837354E+00 -0.111623167908118E+02  0.240829096356125E+00
%  0.406697727013079E+01 -0.100586070311912E+01  0.203241438038889E+01
%  0.144712717219030E+02  0.140867644587862E+01 -0.155413876446270E+02
%  0.933972224945607E+01  0.232847227458200E+02 -0.765261967067521E+01
%  0.452019496890809E+02  0.475352181625198E+01  0.151070067753325E+01
%  0.183481542524293E+00 -0.294826267745227E+01  0.235406050486409E+01
% -0.667683823731540E+01 -0.118402002310852E+02  0.515156035964670E+01
% -0.103732469106708E+02 -0.100963505061007E+02  0.124583830169629E+02
%  0.120238129298161E+00 -0.260059133214179E+02 -0.185625390128039E+01
% -0.449730913042436E+02  0.166991429509345E+02 -0.153311663312541E+02
% -0.323553316969766E+01 -0.258415990455914E+01  0.525891356735918E+01
% -0.165908080146768E+02 -0.153250553046024E+02  0.221399877130508E+02
% -0.145724582874781E+01  0.765284877325148E+00  0.447971821995961E+01
% -0.801860569663905E+01 -0.228429102628471E+02  0.207579813680496E+02
% -0.914691600376142E+01 -0.190530892801554E+01 -0.169282558690051E+01
%  0.928900527113241E+00 -0.198420104487008E+02 -0.346540248136799E+02
%  0.864844405719441E+01 -0.230227364364325E+02 -0.203172912651937E+02
% -0.446378283705965E+02 -0.248383741521709E+01  0.229103909159421E+01
%  0.734961184656589E+01  0.187961478721900E+01  0.660694883848999E+01
% -0.515448084005297E+01  0.150837912180811E+02 -0.350434691579659E+02
%  0.147572541501323E+01  0.351226821713929E-01 -0.832256371850873E+00
% -0.329236383723016E+02  0.159964430055437E+02  0.101491579809482E+02
% -0.141775792139142E+02 -0.127232254032022E+02  0.156859879558367E+02
%  0.155287644260608E+02 -0.281634228041263E+02 -0.563752559972552E+01
% -0.282063423870632E+01  0.881441002738303E+01  0.560811196796768E+01
%  0.317865915151224E+02 -0.194682898568725E+02 -0.108571205622432E+02
%  0.387562618677417E+01 -0.115966161960739E+02  0.388384951543705E+02
%  0.286322444620834E+02 -0.717897548131384E+01 -0.120951276175426E+02
% -0.748273229813176E+01 -0.908381030203337E-01  0.316276535904643E+01
%  0.191395444048344E+01  0.241893733739641E+01  0.150017383260296E+01
%  0.147917886467927E+01  0.577908480966580E+01  0.299192760749145E+01
% -0.118983817649363E+02  0.229229810722553E+02  0.370132513980487E+01
% -0.128659024589067E+02  0.152852776158056E+01 -0.127323406432257E+02
%  0.689148323432039E+01 -0.226592466612816E+01  0.382530629972410E+01
%  0.230996144721374E+02  0.732887237695092E+01  0.816481861420636E+01
%  0.219319527999309E+01 -0.255770622198758E+01 -0.124701722741696E+02
%  0.686504447742273E+01  0.609296021757936E+01 -0.787120740561292E+01
% -0.361805614479891E+01  0.944339161221401E+00 -0.297491735698208E+02
% -0.146672047325591E+02  0.212541528333751E+01  0.970253457888055E+01
%  0.285188229668954E+01 -0.803754818439809E-01 -0.629289209638122E+01
% -0.374753611045621E+02 -0.525846895918582E+02 -0.933538199752212E+00
% -0.480085247838680E+01 -0.246762236540756E+02  0.133123461794347E+02
%  0.362227049962256E+02  0.503095139381537E+00 -0.178778984832485E+02
% -0.487734291275913E+01  0.205881969042430E+02 -0.135430553127113E+02
%  0.961743547231877E+01 -0.595831348553678E+01  0.225735551983783E+02
% -0.125576081214403E+00  0.611284924680141E+00 -0.318991369011401E+01
%  0.185139609467181E+02  0.246222132232538E+02 -0.112545897695679E+02
% -0.324667189386681E+02  0.155284247570986E+02  0.168470035895916E+01
%  0.240184144034200E+01  0.163114746316188E+02 -0.303862474927312E+02
% -0.160432154360192E+02 -0.183993567179105E+02  0.212524890045343E+02
%  0.474555072857181E+01  0.100581864166560E+02  0.250063016542768E+02
% -0.154598326758906E+02  0.520580356030212E+02  0.115573401568736E+03
%  0.113721411263736E+02  0.147745781024672E+01  0.572627575461979E+01
% -0.376639174701941E+00  0.160108422723998E+02  0.461794614841450E+01
% -0.735941720153165E+01  0.123459664964883E+02  0.337964834013938E+01
%  0.261851658259252E+02 -0.139126150606763E+02 -0.182373363227843E+02
%  0.168244275768974E+02  0.188163697174502E+02  0.150488721652163E+02
%  0.253521934486570E+02  0.692154632359269E+02  0.142173600802669E+02
% -0.220107120515140E+01  0.126582239433103E+01  0.494039921298973E+01
%  0.913095938577562E+00 -0.514825077979163E+00  0.413078216776330E+00
%  0.146497752308775E+01 -0.726867259685912E+01 -0.801579836029852E+00
% -0.163746525928027E+02 -0.837933718092106E+00 -0.196176523486761E+02
%  0.574431281972236E+01 -0.103769417920946E+01  0.544772655574527E+01
% -0.453278475075054E+01 -0.628985583460148E+01 -0.143367658309659E+02
% -0.380609429455012E+01  0.160388248220564E+02 -0.414093057041679E+01
% -0.259831868667968E+02 -0.634689271853395E+00  0.172076272192080E+01
% -0.587361111843340E+01  0.466973889912362E+01  0.106465375942027E+00
%  0.404723289091821E+01 -0.162077851016662E+02  0.209763604303628E+01
%  0.331809122605391E+02 -0.135454107742992E+01  0.587884256830346E+02
%  0.653275744037666E+02  0.143356981131291E+02 -0.886384829457974E-01
%  0.280113921524545E+01  0.863231201880085E+01 -0.213111250939767E+01
% -0.331605802680960E+02  0.385069393560797E+01  0.232341557609673E+02
%  0.132359307065711E+01 -0.363341580432790E+01  0.110709003434448E+01
%  0.167950680579305E+01  0.379211259495438E+01 -0.105857386960710E+01
% -0.555570170160511E+01 -0.185353934653398E+02  0.174118465162221E+02
% -0.636431716426277E+00  0.253317841038336E+02  0.142180011908909E+02
% -0.181189231910370E+02 -0.741799261786755E+01  0.938720947911263E+01
% -0.702637496273608E+00  0.124431099199720E+02  0.549876225371309E+01
%  0.141549503464170E+00  0.932741650077956E+01 -0.305816396460315E+02
% -0.245470571689744E+01 -0.408437689671372E+00  0.263923275016738E+01
% -0.620718283374604E+01 -0.154881257115055E+02 -0.870687450559375E+00
%  0.282676908530731E+02 -0.187036350347180E+02 -0.250815445088435E+02
%  0.633884361702672E+01 -0.869910050367504E+01  0.125752063526972E+02
%  0.811925270831360E+01  0.348295578597433E+02  0.971523371013332E+01
%  0.106473551640669E+02 -0.425948963801647E+01 -0.765292060269096E+01
%  0.314563742252188E+01 -0.351911403325571E+01  0.538695833810999E-01
% -0.887467342564133E+01  0.126586089842019E+02 -0.143923644139792E+02
%  0.215860158272699E+01  0.166527463158016E+01  0.387991350391047E+01
%  0.171993469123473E+02 -0.120659985632989E+02 -0.173001989024157E+02
% -0.182674351609447E+01  0.234146601030272E+02 -0.118752287139720E+02
%  0.628367922773990E+01 -0.782930370619833E+01  0.522593603280435E+01
% -0.867704803713455E+02 -0.114491225093793E+02 -0.284179124305540E+02
%  0.461861456702968E+02  0.129126503895264E+02  0.487878655387247E+02
% -0.747815195790616E+01 -0.338029723934028E+01 -0.334575876617872E+01
% -0.546592472423000E+02 -0.266430756828276E+02  0.745432821216392E+01
% -0.442759621728411E+01 -0.125247613219990E+02 -0.625145789630638E+00
%  0.456656125600153E+01  0.245619818096978E+01  0.273422611434759E+01
% -0.112068319325887E+01 -0.142924430622921E+02  0.272717774453625E+02
%  0.203893927490015E+02 -0.180099632243572E+02 -0.571517586006045E+01
%  0.193203410448719E+01  0.225599115915784E+00  0.202719132625987E+01
%  0.263000437111574E+02  0.426152560416776E+01 -0.258594657324625E+02
% -0.115704514042158E+01 -0.328542214037955E+02 -0.838108135818012E+01
% -0.231871247576720E+01 -0.122280694085434E+01 -0.584365346512632E+01
% -0.458712237333796E+01 -0.236829812545982E+02 -0.268511878813928E+02
% -0.105467845761834E+02 -0.952387974984046E+01 -0.175512456629490E+01
%  0.135595597969254E+01 -0.185609473715756E+02 -0.140819817625781E+02
% -0.593336260251833E+01 -0.245735092309380E+01  0.234182592853279E+02
% -0.169529584975831E+00 -0.176061548515054E+01 -0.172345957003221E+01
% -0.476381569926170E+01 -0.601093076932085E+00 -0.127819466915956E+01
% -0.325670110186981E+02  0.407167029395064E+02  0.134390138419732E+02
%  0.251634571685708E+02 -0.121082437249247E+02 -0.526223534439540E+00
% -0.852895919585302E+01  0.125802895388787E+01  0.830005116383128E+01
% -0.432134309915852E+01  0.169051110017014E+02  0.237207980800849E+02
% -0.604781642295592E+01 -0.601874351657082E+01 -0.468956336738479E+01
% -0.541302600594807E+01 -0.587948725999911E+01 -0.156123706036154E+02
%  0.915878943668619E+02  0.250143003414079E+02  0.155236869832011E+02
%  0.276502110636698E+01 -0.273891741240781E+02 -0.226931376791690E+02
%  0.105471731216874E+02  0.312704780468630E+01  0.137244021855467E+01
% -0.894041091583867E+01 -0.524996418684476E+01  0.923039275213568E+00
%  0.564197084539583E+01 -0.144601837373580E+02  0.542843471453628E+00
% -0.551051253415026E+00 -0.516773856355584E-01  0.369565843313817E+00
%  0.157879570718886E+02 -0.235289751692518E+00  0.138511428347185E+02
%  0.153209823597837E+02 -0.406583426505385E+01  0.359139808833248E+02
% -0.730433455599083E+01  0.111387794892900E+02  0.273301767143946E+02
%  0.170946618051054E+02  0.490537366025263E+01 -0.868096076694835E+01
% -0.693948972880985E+01 -0.124587890058254E+02 -0.376830309668574E+01
% -0.126440033795761E+02  0.476440225427107E+01  0.417258081362839E+01
%  0.104887239587326E+02  0.142615241199766E+01  0.886469219823809E+01
%  0.232289997913328E+02  0.126074333573199E+01  0.407398051171495E+01
%  0.119862171668333E+02  0.456663071758448E+00  0.229294261873167E+01
% -0.684659802031709E+01 -0.130122019068137E+02  0.345119415451569E+01
%  0.225698740835818E+02  0.328402603631420E+02  0.390314072478616E+01
%  0.169348105029320E+01  0.802092936607309E+01 -0.202787537802474E+01
% -0.608861374171171E+01 -0.402130736292779E+01  0.638234412944914E+01
%  0.172742645239830E+02  0.841551373561907E+01  0.111872081048632E+01
%  0.368951053545760E+02  0.803810776705858E+01 -0.112813130441378E+01
% -0.306134635861740E+01  0.596034066197910E+02  0.122635672566925E+02
%  0.410818214539373E+01 -0.424079207092800E+01 -0.526442876030812E+01
%  0.105673515699229E+02  0.158967633301204E+02 -0.194295544166924E+02
% -0.365246291000791E+02  0.335819655149867E+01 -0.682217500899241E+01
% -0.229275532701533E+01  0.147048215245284E+01  0.137534440316802E+01
% -0.640195757016943E+01  0.157020010450506E+02 -0.151718277910218E+01
% -0.443366559574818E+02  0.185551751553222E+02  0.294238879596792E+01
% -0.179072655120088E+02 -0.801255671114417E+01  0.504209860821666E+00
% -0.169399968908050E+02  0.317295916771121E+02  0.281310481864275E+02
% -0.168866969722343E+02 -0.224033941116146E+01 -0.948871937479031E+01
%  0.884187843889382E+00 -0.246621278478818E+01  0.616845528159838E+01
% -0.731945963505744E+02 -0.820094891358237E+00  0.681818543167143E+01
% -0.436008213039882E+01 -0.312818015614977E+01 -0.198208013827879E+01
% -0.360896518045334E+01 -0.957414514290463E+00  0.123823321242806E+01
%  0.159696886499422E+01 -0.702531445486942E+00 -0.188923367636061E+01
%  0.107715210678434E+02 -0.198336757993872E+01  0.113618577148175E+01
% -0.280610172024419E-01 -0.655105537175148E+01  0.137362883650517E+02
% -0.490008041280814E+01  0.240832605372491E+01 -0.126945861252034E+01
%  0.323952027409810E+02  0.113089055578822E+01 -0.138357957179297E+00
% -0.165164209530997E+02  0.138649863215575E+02 -0.127170609273364E+02
% -0.922385660737854E+01 -0.150212689734458E+01  0.112844092634155E+02
%  0.634815745354360E+00  0.731820691867742E+01  0.470142530428657E+00
% -0.314656131387797E+01 -0.740284546182012E+01 -0.920894959644485E+00
% -0.199116508623568E+02 -0.355888180860255E+01 -0.128900698651346E+02
% -0.242420540737887E+02  0.311508352561504E+02  0.734340766127940E+00
% -0.157800424808628E+01 -0.315582226263078E+01  0.161469912206520E+01
%  0.988954158735740E+01  0.163199568099185E+02  0.104113572692852E+02
%  0.295834090119090E+02 -0.240027337205681E+02 -0.142917735218044E+02
%  0.489280298099033E+01  0.368569639670302E+01 -0.142753410978274E+02
%  0.790735047614078E+01  0.641815705974500E+01  0.795771008120552E+01
% -0.631564999876883E+01 -0.448027268051462E+01  0.882256362777316E+01
% -0.125840542462797E+02 -0.142542315158562E+02  0.354721878448151E+02
% -0.216904849510400E+01  0.384556613145750E+00 -0.452747102332368E+01
%  0.425748199301843E-01  0.380839676210715E+00 -0.383318923008977E+01
% -0.408493854595556E+01 -0.131622849727533E+01 -0.726305528915892E+01
% -0.259262071791243E+01  0.484557970325723E+01  0.203185932306877E+02
