% T    256  0.715122828077254E+01  0.715122828077254E+01  0.715122828077254E+01
   0.313932719396887E+01  0.154583488669435E+01 -0.606440687834907E+00
   0.298236312490304E+01 -0.261058028893712E+01 -0.221843999561320E+01
  -0.208130050147705E+01  0.126929386269268E+01  0.286602323564612E+01
  -0.173869781245318E+01 -0.323523666600855E+01  0.151237642109499E+01
  -0.123275254166137E+01  0.149308403787578E+00 -0.220168466902254E+01
  -0.241538700652247E+01  0.252825934622596E+01  0.924278046632523E+00
  -0.903134880534823E+00 -0.184456476336202E+01 -0.211142466743959E+01
  -0.132828953775444E+01 -0.310673246931582E+01  0.332309069291942E+01
   0.132001234149690E+01 -0.123317711841714E+01  0.222809182357125E+01
  -0.820606514653344E-01  0.461001527076720E+00  0.293405227076189E+01
   0.167078358488709E+01 -0.526735348576972E+00 -0.302889069157326E+01
  -0.223432205013343E+01 -0.106387256734702E+01 -0.235423314374064E+01
   0.793212171914903E+00 -0.108878546582858E+01 -0.318951885395281E+01
   0.423228881544012E+00  0.267074140690863E+01  0.342973858316839E+01
   0.330776086962260E+01 -0.245831830281426E+01 -0.668360316747667E+00
  -0.171233385714822E+01 -0.108805691598310E+01  0.203391445778329E+01
  -0.166344529576458E+00 -0.187597514488382E+01  0.287500672720416E+01
   0.242375177500214E+01  0.204881719400351E+01 -0.237305406786238E+01
   0.753732935238180E+00  0.156793536589127E+01  0.318087535977684E+01
   0.337318269064111E+01  0.181296538295620E+01 -0.178188642663463E+01
   0.336440771122085E+01  0.923055521341276E-01  0.187152576217947E+01
   0.273726376975351E+01  0.729257135425868E+00  0.127626419254732E+01
   0.217448827579419E+01 -0.169807947447796E+01  0.329997639764560E+01
   0.332042783874309E+01 -0.187127876349612E+00 -0.342441651380534E+01
   0.105565397838512E+01  0.121599401265052E+00  0.150294502508819E+01
  -0.475974054176358E+00  0.185613788345989E+01  0.158349826599835E+01
  -0.296501331722426E+01 -0.489486532161159E-01 -0.577982489099387E+00
  -0.282999769526590E+01 -0.251905141537156E+00  0.214280116652226E+01
   0.266533536780054E+01 -0.124235192904047E+00  0.421910915718063E+00
  -0.122773033020900E+00  0.179828054959878E+01 -0.287794732586261E+01
  -0.117152310173568E+00  0.293722523692665E+01  0.239131633119768E+01
  -0.326734002586861E+01 -0.740409776177816E+00 -0.278601148603373E+01
  -0.112851228876302E+01 -0.236625737986279E+01  0.226893274065503E+01
  -0.663412600757961E+00 -0.105516227860002E+01  0.387399200550868E+00
   0.106885338355789E+00  0.103409415495896E+00  0.799513605872359E+00
   0.122083381541809E+01  0.282710781904576E+01 -0.614599773412006E+00
  -0.197376308859812E+01 -0.218787722327488E+01  0.293284515772314E+01
   0.105273423791656E+01  0.102936212293663E+00  0.302762554572589E-01
  -0.685244185244128E+00 -0.492493494894099E+00 -0.267658852586342E+01
  -0.133975745012624E+01  0.204247107989963E+01  0.251851815186527E+01
   0.125010416968355E+01 -0.277820892231472E+01  0.145875151092822E+01
   0.322768498800858E+01 -0.316794250416597E+01  0.105591267390544E+01
  -0.109688994365649E+01 -0.257947955810171E+00  0.122863046879215E+01
   0.601149788969162E+00  0.105241862713658E+01 -0.346491329895847E-01
   0.894356859690135E+00 -0.189390839311207E+01  0.306651290326701E+01
  -0.213798859267760E+00 -0.296581141146828E+01  0.198212906197796E+01
  -0.258733020014497E+01 -0.343291663883692E+01  0.100689045967802E+01
   0.260787960822810E+01 -0.286522812274553E+01  0.106656839030693E+00
  -0.325159385276677E+01  0.286299682375039E+01  0.260651043767491E+01
   0.329491572905217E+01 -0.901251071358620E+00  0.563693718968570E+00
  -0.104821107643274E+00  0.168564974700169E+00 -0.253736840094815E+00
  -0.171943866040904E+01 -0.122124566755444E+01  0.772587861497154E+00
  -0.512901537830092E-02 -0.308288501988891E+01 -0.150337356967275E+01
  -0.117205819402114E+01  0.248292007308068E+01  0.342163450309763E+01
  -0.213833623723665E+01 -0.423698068446837E+00 -0.157122216383193E+01
   0.917740819224420E+00  0.730730221761309E+00  0.232543505388610E+01
  -0.314830032010723E+01  0.188220000008538E+01  0.149647845324186E+00
  -0.355627675910475E+01  0.376254938224319E+00 -0.201039709147753E+01
  -0.285623502447204E+01 -0.401876020672631E+00  0.338189926173085E+00
   0.282062194834025E+01  0.247607654219038E+01 -0.257711730353700E+00
  -0.758365144916912E+00  0.321665960201816E+01  0.141957454333416E+01
  -0.218016507783502E+01 -0.268668267237387E+01  0.259217795938558E+00
   0.230015023998215E+01 -0.321776525613622E+01  0.149722873071632E+01
   0.911931640863052E+00  0.922709047346184E+00 -0.311264628754413E+01
   0.545970817575463E+00 -0.934029690087563E+00  0.237537037385012E+00
   0.582323886025095E+00 -0.328549214155426E+01 -0.263223705748186E+01
  -0.239784548729781E+00  0.159677541266574E+01  0.312988653638801E+00
   0.338750494499850E+01 -0.287832323432918E+01 -0.329645578090238E+01
   0.574289964531238E+00 -0.166185922815547E+01 -0.948668903461528E+00
  -0.183460912073968E+01 -0.316396375613063E+01 -0.246694762057599E+01
  -0.175545112535583E+01 -0.212228705814043E+01 -0.187846958593583E+01
   0.199701419720195E+01  0.358934006636688E-02  0.325317623191056E+01
   0.163876201316067E+01  0.251396068352491E+01  0.341819870819929E+00
  -0.973204192163757E+00  0.944856554205884E+00  0.234125830005359E+01
  -0.206513456411063E+01  0.166149517044964E+01 -0.189767750820460E+01
  -0.255422127928401E+01 -0.779474963365965E+00  0.311261377511429E+01
  -0.250106739104916E+01 -0.194653608156816E+01 -0.333198056669092E+01
   0.256761732211669E+01 -0.151561218648033E+01 -0.283852694807729E+01
   0.808296348912908E+00 -0.206346344842588E+01  0.199056341190111E+01
  -0.303261982437599E+01  0.294204211025099E+01 -0.341525808049273E+01
  -0.231105471311923E+00 -0.887603938339987E+00  0.313644944975593E+01
  -0.165322319404634E+01 -0.313950334795788E+00 -0.760353533656552E-01
  -0.341391058331563E+01  0.174327714334114E+01  0.332805387426197E+01
  -0.169642138607174E+01  0.884009126738738E+00 -0.304588708605839E+01
  -0.211662249382235E+01  0.286461869225350E+01  0.188696145870763E+01
   0.102683018779565E+01  0.226805977904590E+01 -0.302646472134426E+01
  -0.160592224242969E+01 -0.157510329126399E+01 -0.354098449250880E+00
  -0.694284992131650E+00 -0.213588520396626E+01 -0.956599275536824E+00
  -0.322450300874096E+01 -0.205709366886479E+01  0.153351382393054E+01
  -0.201928185178031E+01  0.444478334877549E+00  0.195987549504510E+01
  -0.994870017557339E+00 -0.240569269996336E+01 -0.302828655936758E+01
   0.331232855788444E+01 -0.100367667778823E+01 -0.567754255929198E+00
  -0.691389296701071E+00  0.137677378557508E+01 -0.596380365882775E+00
  -0.498587950906191E-01  0.707110358124172E+00  0.200308509943121E+01
   0.212470174226677E+01  0.935789466816527E+00  0.304192925794292E+00
   0.991496690165244E+00 -0.778691983896120E+00 -0.180013317729798E+01
   0.342592679254388E+01  0.258829361716578E+01 -0.246570863459850E+01
  -0.289178490988420E+01 -0.294715888313718E+01 -0.106846925997345E+01
  -0.221474172443591E+01  0.238395178029698E+01 -0.571727553146769E-02
  -0.231187738850021E+01  0.684206024537625E+00 -0.175627557868028E+01
   0.349321172263429E+00 -0.483850479494524E+00 -0.113604629126456E+01
   0.180698426625396E+01 -0.243295635088654E+01  0.716942477464546E+00
  -0.277516528284404E+01  0.214228557729314E+01 -0.123804391795282E+01
   0.265315318337511E+01 -0.143472302372983E+01 -0.149363396996997E+01
  -0.918824698517238E+00 -0.203716758098661E+01  0.317929768997584E+00
   0.134342457049763E+00 -0.167030082558371E+01  0.792703213645286E+00
  -0.758275349247187E+00  0.319638864820738E+01 -0.117545184035936E+01
  -0.470607545385841E+00 -0.974705798867245E+00 -0.650618390849627E+00
  -0.320369995114605E+01  0.282714585715568E+00  0.273853731018042E+01
   0.194853094631746E+01 -0.223992045167013E+01 -0.229721024360030E+01
   0.144817294058726E+01  0.138141528720328E+01 -0.217571787818465E+01
  -0.242283068485583E+00 -0.270974424708388E+01  0.343260319365762E+01
  -0.222632103845640E+01 -0.270748019295778E+00  0.115321436944729E+01
   0.179944422134039E+01 -0.117627187110693E+01 -0.212256765866764E+01
   0.752971697538731E+00 -0.200438906614043E+01 -0.217851813709947E+01
   0.219201776316852E+01  0.134408666613734E+01 -0.141354009692950E+01
  -0.128889360896119E+01  0.251382781253422E+01 -0.187320165002739E+01
   0.675079212713859E+00 -0.258657688443137E+01  0.640976792211772E+00
   0.298187697092522E+01 -0.454865615162575E+00 -0.197924387246404E+01
   0.267788912752089E+01  0.321007410092220E+01 -0.285910174373047E+01
  -0.123195403042212E+01  0.154220781927867E+01  0.636513033749550E+00
   0.222502232132913E-01 -0.354620848091514E+01 -0.728176132206960E+00
   0.217752691478124E+01 -0.303909907502621E+01 -0.289897644965430E+01
  -0.152123124013836E+01  0.236920761873728E+01 -0.839482008456428E+00
  -0.265115806607777E+01 -0.242751049175392E+01 -0.221302361240680E+01
  -0.198838399411531E+01 -0.215366578397511E+01  0.123870774143454E+01
   0.222729854384091E+01  0.337876379083660E+01 -0.488605112023390E+00
  -0.349339041904006E+01 -0.218268453761916E+01 -0.160266818082543E+01
  -0.296128310362483E+01  0.285286612501528E+01 -0.517088852888174E+00
   0.317609818618958E+01  0.878330953289414E+00  0.334698689982293E+01
  -0.299956775186159E+01 -0.114117314165718E+01  0.138558902743898E+01
  -0.221287462516817E+01 -0.354546494051005E+01 -0.327453347920386E+00
   0.390115649729060E+00 -0.352484991186406E+01  0.127886337974981E+01
  -0.349994282176779E+01 -0.890649603533460E+00  0.263948287318298E+01
  -0.323231419044644E+01  0.575105077928937E+00 -0.309538279569846E+01
  -0.664610519868987E+00  0.842405250101886E+00  0.124098395633828E+01
  -0.190422710303905E+01 -0.113472698284190E+00 -0.303866561728746E+01
   0.117266904579669E+01 -0.269200472558659E+01 -0.120485091988861E+01
   0.203579355725459E+01  0.253471294443261E+01  0.195844839345283E+01
   0.243764638401945E+01 -0.248254268451149E+00 -0.110558550285713E+01
   0.174432690570758E+01 -0.321973395005420E+01 -0.201619808495682E+01
   0.647094155594604E+00 -0.248941543224998E+01 -0.312831492097018E+01
   0.238645654091657E+01  0.259607180265095E+01 -0.130019862982287E+01
   0.333029652973857E+01  0.292340586600343E+01 -0.112485338241459E+01
   0.278413589275118E+01  0.506753320521879E+00 -0.410877197618109E+00
  -0.297745027960134E+01  0.141549944297526E+01  0.110576250993314E+01
   0.260739467887867E+01 -0.173154669875610E+01 -0.131394096139262E+00
   0.131076065909275E+01 -0.310450207533564E+01  0.240210575353451E+01
   0.445136615319157E+00  0.150618913745730E+01 -0.185233858174542E+01
  -0.298930540057558E+01  0.190107808624488E+01 -0.246090862641361E+01
  -0.309796941314787E+01  0.113024606651896E+01 -0.110486459906336E+01
   0.569879954856279E+00  0.213104123144525E+01 -0.235088863885903E+00
  -0.256189444762892E+01 -0.303823354272326E+01 -0.342379667805809E+01
   0.882004794254731E+00  0.323903007264861E+01  0.237655358963018E+01
   0.140900489618349E+01 -0.179966931722468E+01 -0.289508139658235E+01
  -0.301742869371596E+01 -0.342785068979154E+01 -0.238739051012165E+01
  -0.139962028824866E+00 -0.831029002236649E+00  0.127016583912554E+01
   0.207047067685454E+01 -0.789332503843057E+00 -0.291019588871647E+00
  -0.191458155844335E+01  0.353554154694276E+01 -0.128387119254367E+01
  -0.114849914142517E+01 -0.164219782633602E+00  0.227622839886378E+01
   0.122215639514910E+01  0.141436056944725E+01 -0.778617136684802E+00
   0.266088106302555E+01  0.225395820563219E+01  0.266433421809320E+01
  -0.261837389591801E+01 -0.158182173340489E+01 -0.158775244413823E+01
  -0.248083336101128E+01  0.134256775274503E+01 -0.340321832421676E+01
   0.269842734857777E+01  0.327461680874558E+01  0.229542760257152E+01
  -0.931602333404254E-01  0.224724465020213E+01 -0.115709428147465E+01
  -0.281769989463000E+00  0.469964298546281E+00 -0.261235035126625E+01
  -0.296113607920250E+01 -0.183399631682753E+01 -0.699646677161620E+00
  -0.347142934074650E+01 -0.208279169614073E+01 -0.280016558973702E+01
   0.101669111544107E+01  0.141154703152471E+01  0.134205016144180E+01
  -0.160826206686336E+01 -0.346877016761835E+01  0.449465712533063E+00
   0.268767717286615E+01 -0.674823314833358E+00  0.285502645362462E+01
  -0.189099057023771E+01  0.317267745436871E+01 -0.334753057195593E+01
  -0.111762354130640E+01 -0.166143048427261E+01  0.329936525048709E+01
  -0.134019758092364E+00  0.439694924218988E+00 -0.145338156935388E+01
   0.172630401454791E+01  0.202677655801789E+01  0.305564736841765E+01
   0.267783796212553E+01 -0.314694710323788E+01 -0.117306253583628E+01
  -0.177390231240117E-01 -0.114212268654116E+01 -0.205158999327224E+01
   0.184515383524891E+01 -0.229353214216560E+01 -0.705966121101563E+00
   0.989153655092652E+00  0.461944898072011E+00 -0.196576921886326E+01
   0.196310170525989E+01  0.985126940815865E+00  0.353154970143541E+01
  -0.762436277057081E+00  0.124275673668128E+01 -0.200999975727079E+01
   0.232906941827690E+01  0.276948491504650E+01  0.102074570808813E+01
  -0.186097765066435E+01 -0.253753164833407E+01 -0.788153731297455E+00
   0.174987172491724E+01 -0.352269313807952E+01  0.691019509033457E+00
  -0.317932182360147E+01  0.302566785695140E+01  0.166084407035728E+01
   0.257402837804885E+01  0.172335302584168E+01  0.165916215664811E+01
   0.233588209786632E+00 -0.977284606114146E+00  0.230031726498517E+01
  -0.538633808392173E+00  0.330519269093682E+01  0.335592167135055E+01
  -0.179861820886140E+01 -0.119101571446598E+01 -0.320862152821819E+01
   0.318122531748500E+01 -0.355237429977718E+01 -0.422062422538955E+00
  -0.972267256619910E+00  0.129769650995483E+01  0.337240539073075E+01
  -0.183647216821871E+01  0.307588067986284E+00  0.314122566125876E+01
  -0.207151678405007E+01  0.348457467316381E+01  0.277903460230978E+01
  -0.325127877827502E+01 -0.644382429845883E+00 -0.140827680069471E+01
   0.341706457719095E+01  0.116563616068033E+01  0.208927187075869E+01
  -0.315869428676348E+01 -0.244590497086713E+01  0.302475895995753E+01
  -0.242569456110127E+01 -0.959183526813766E+00 -0.499638159892960E+00
   0.304763906931045E+01 -0.112967796807809E+01  0.190427477336970E+01
  -0.304213320602729E+00 -0.160313802177511E+01 -0.302960232482457E+01
   0.949954987893769E+00 -0.205466172987604E+01 -0.982942517622400E-01
   0.231665593956625E+01 -0.313517589646732E+00  0.161245336636279E+01
  -0.507469020567061E+00 -0.200604033568010E+01  0.155653685196883E+01
   0.338375207267441E+01  0.890743131125951E+00  0.573763333697300E+00
  -0.205293572031505E+01  0.520408941229698E+00  0.537902909443759E+00
   0.252984017121799E+01 -0.220760886754957E+01  0.131512869067275E+01
  -0.143399553902789E+01 -0.121827461781897E+01 -0.161842455434237E+01
  -0.211866254122968E+01  0.143454147423950E+01  0.484833081711101E-01
   0.339789979731702E+01  0.233028141664136E+01  0.134987142514206E+01
  -0.318668954361551E+01  0.297301716557420E+01  0.504448111485066E+00
   0.237009530746802E+00  0.257163462124732E+01  0.137036789611379E+01
  -0.112251297678243E+01  0.335342160193303E+01  0.247927801009061E+01
   0.201154926961867E+01  0.174939009535736E+01 -0.325972801880442E+00
  -0.127410090512995E+01  0.183390016913740E+01 -0.286047739063182E+01
   0.172196669488722E+01  0.272535822565715E+01 -0.216553366393372E+01
   0.852049051278415E+00 -0.835578052125149E+00  0.140418224747843E+01
  -0.312747388031101E+01 -0.285255638199821E+01 -0.840201221426033E-01
   0.246505570447445E+01  0.296023849976960E+00 -0.284740936249513E+01
  -0.221289486283399E+01  0.240787123794453E+01  0.296333382763992E+01
   0.552714798626230E+00 -0.352705937442003E+01  0.323052407971697E+01
   0.181657521483260E+01 -0.467911777733531E-01 -0.192408571437756E+01
  -0.834028172324575E+00 -0.302145261545224E+01 -0.213608415258378E+01
   0.258984106766784E+01  0.241527409918553E+01 -0.343051355766174E+01
   0.183492825159201E+01  0.318895867316876E+01  0.283366181446751E+01
  -0.696263116116855E+00  0.278571054076306E+01 -0.291239413237884E+01
   0.132349395234879E+01 -0.313716369116569E+01 -0.202351150643200E+00
   0.334067299867503E+01 -0.212753640134910E+01  0.660905059389320E+00
   0.247286524116276E+01  0.744923553141551E+00  0.246368069914670E+01
  -0.473438018726848E-01 -0.304108018392875E+01  0.124632690681797E+00
  -0.748588511052216E+00 -0.117497983950051E+01  0.203476737691392E+01
   0.399560366868311E+00 -0.285348786597997E+00 -0.253460581017099E+01
   0.121599149248743E+01 -0.412155706112862E-01 -0.111061476230114E+01
   0.268906367672487E+01  0.187867597942039E+01  0.561283809189343E+00
   0.140771430756570E+01 -0.106518096674612E+01  0.495533609983666E+00
  -0.219783308598749E+01  0.284420771710858E+01 -0.214110904538287E+01
   0.149888034325541E+01  0.327735106401136E+01 -0.324067307568519E+01
   0.124833682341321E+01  0.282423592059459E+01  0.118936372392527E+01
  -0.297503838225491E+01 -0.141172436305178E+01  0.218238761976385E+00
   0.312404195397057E+01  0.161883633062868E+01 -0.302534935264463E+01
   0.901527578788743E+00 -0.236475491259068E+00  0.330962470478586E+01
  -0.129375122968300E+01 -0.549896620280900E+00  0.323582134195680E+01
  -0.118164609730442E+01  0.693255690571461E+00 -0.125839827678978E+01
   0.868815593588639E+00  0.349521082877422E+01 -0.155142114365184E+01
  -0.182245030007945E+01  0.138454525123053E+01  0.144849455234187E+01
   0.152137292059865E+01 -0.125886053683805E+01 -0.100917640338171E+01
  -0.652281218581178E+00  0.318531035811194E+01  0.347325049859904E+00
  -0.221476466438921E+01  0.229256118326523E+01 -0.296796885109209E+01
  -0.249966769120642E+01 -0.256410665010654E+01  0.203130066970950E+01
  -0.273581058390419E+01  0.196147459023737E+01  0.199674582260948E+01
  -0.750553865209640E+00 -0.302093647989648E+01  0.916191254552805E+00
  -0.945800248323562E+00  0.652770283519255E+00  0.110430713489453E+00
   0.267085450222206E+01  0.790616494168403E+00 -0.191974717188760E+01
   0.104562325608128E+01  0.216299818163990E+01  0.214228746720199E+01
   0.348284602394951E+01 -0.333669715470000E+01 -0.173466806846810E+01
   0.233484401444130E+01 -0.124820727702890E+01  0.830150829704168E+00
   0.341101084651452E+01 -0.122161763212954E+01  0.351576625612206E+01
% -0.185808921718978E+01  0.582722494778775E-03 -0.115940897848924E+01
% -0.110986447738471E+01 -0.281885513475763E+01 -0.350898668457122E+01
%  0.249409000775794E+00 -0.186581132895424E+00  0.830510436755698E+00
%  0.766324091733137E+00 -0.647528584115138E+00  0.830942814466169E+00
% -0.664053931181802E+00 -0.644084399541158E+00 -0.243632275145196E+01
%  0.210108156367335E+01 -0.743872134104512E+00 -0.122663689126741E+01
%  0.159564018218366E+00  0.247020095333810E+00  0.682059343077770E+00
% -0.162340769634920E+01 -0.152490676635290E+01  0.118103996455649E+01
%  0.153620391769034E+01 -0.317489736101920E+01 -0.647894075313828E+00
% -0.323725296915565E+01 -0.246854445939328E+00 -0.136551618676617E+01
%  0.240712624504529E+01  0.145043786739290E+01 -0.570716541782040E+00
%  0.263116672426314E+01 -0.366881045444085E+00  0.254715569695115E+01
% -0.146749544575410E+01  0.118003045420456E+01 -0.291473877762671E+01
%  0.184774711125294E+01  0.186846209711299E+01  0.129683804128391E+01
% -0.852753412216604E+00 -0.151196989738034E+01  0.113311522703740E+01
%  0.141599647116658E+01 -0.707359213595408E-01  0.490913885931602E+00
% -0.973318893767365E+00  0.153119478285905E+01  0.100507741141008E+01
%  0.148862582958235E+01 -0.202612372266540E+00  0.307294380250275E+00
% -0.197569629017525E+01 -0.124535494634044E+01 -0.557456618235821E+00
%  0.272174520713998E+00  0.212716402609243E+00 -0.131927371321193E+01
%  0.186011115483336E+01  0.126593802929584E+00  0.259355251572977E+00
%  0.870654220941180E+00 -0.480337726169430E+00  0.125573096151937E+01
% -0.202082033961969E+01 -0.149518291519517E+01  0.189441913716668E+01
% -0.777135979867333E+00  0.399727587078177E+00 -0.292201652654475E+00
%  0.250304091073881E+01  0.114970021305185E+01  0.801295285398500E+00
% -0.119659632273332E+01  0.773025918322054E+00 -0.166197986441799E+01
%  0.247210033449368E+00 -0.770884696416397E+00 -0.206854891802726E+01
%  0.131763980770274E+01  0.876168658189668E+00  0.460785529202023E+00
%  0.278650522808742E+01  0.108652644644205E+01 -0.961221980747904E+00
%  0.122433224793812E-01  0.101167524664455E+01  0.178020848973962E+00
%  0.106758276432605E+00  0.686496135207186E-01  0.169695777088181E+00
%  0.733357711716584E-01 -0.687053141791959E+00 -0.203006985599955E+01
% -0.111779654940217E+01 -0.659306591910945E+00 -0.396037579096428E+00
% -0.207020825346954E+01 -0.445509008857496E+00 -0.113734481136493E+01
% -0.100995766421771E+01 -0.134578329890920E+01  0.107365846021411E+01
%  0.111643601251109E+01  0.123799502130578E+01 -0.202397906596502E+01
%  0.844906099680533E+00  0.223558448532887E+01 -0.130004697316783E+01
%  0.407045610300566E+00 -0.650906501820966E+00 -0.467274523107578E+00
% -0.109945129394941E+01 -0.210777927835865E+01 -0.221563231779919E+01
%  0.114620833909868E+01 -0.112672984011250E+01  0.134468722587278E+01
%  0.165925144918838E+01 -0.704923738858411E+00  0.117372973383508E+00
% -0.507908359065561E+00  0.646729253144071E-02 -0.652920652376576E+00
%  0.124955670747825E+01 -0.148589972230901E+01 -0.745583030635485E-01
%  0.151831076682064E+01  0.680472623273380E+00 -0.782445518378487E+00
% -0.420639959414911E+00  0.120851295014647E+01  0.866580450817925E+00
% -0.308964788327847E+01  0.739184735924140E+00  0.114488466618369E+01
% -0.404882216821362E+00 -0.640648701802851E+00 -0.634498014907627E+00
%  0.601671499733960E+00  0.449525838580068E+00 -0.238230305616652E+01
% -0.216879976158152E+00  0.134752757527654E+01 -0.111327997037470E+01
% -0.498753044796862E+00 -0.767868506980028E+00 -0.119195112184222E+01
%  0.232850790402700E+00  0.194926103479892E+01 -0.183141973901329E+01
%  0.168409990852460E+01 -0.184835162792069E+01  0.294978382008261E+01
% -0.129801139733749E+01  0.213088248175509E+01 -0.275673051137178E+00
% -0.347590247836017E+01  0.306452224073176E-01  0.187990288787948E+01
%  0.155375291755390E+01 -0.256904541382741E+01 -0.655579775785188E+00
% -0.102322164651783E+00 -0.550373556049337E-02  0.492866391814688E+00
%  0.355362028697940E+00 -0.176394417637457E+01 -0.224142876010173E+01
%  0.165712573793742E+01 -0.467081766805403E+00  0.120504435985025E+01
% -0.120474754589648E+01 -0.404968043472741E+00 -0.562493960451628E+00
%  0.787495537618103E+00  0.199271868152362E+01 -0.103150434005613E+01
% -0.456893127629952E+00  0.104235155087459E+01  0.142980267237437E+01
% -0.393510827487033E+00 -0.103889802076896E+01  0.348274939798326E+00
% -0.346991326413871E+01 -0.614184623984635E+00  0.460190106965370E+01
%  0.101480333691580E+00  0.364946051771002E+00 -0.580723028681708E+00
% -0.552199858348804E+00 -0.485729142790554E-01  0.234512682216165E+01
%  0.182277816443710E+01  0.867865493898473E+00 -0.379624060746284E+00
%  0.430081406616589E+00 -0.990136221393338E+00  0.484416095866761E+00
%  0.195033113712106E+01 -0.146837540339649E+01  0.115642654735985E+01
%  0.115131301856630E+01 -0.132010959977298E+01  0.177877773034849E+01
% -0.103045429691971E+01 -0.111888002645782E+01 -0.154537806099953E+01
% -0.299856621366132E-01  0.224362485684750E+01  0.107924178241590E+01
%  0.164891425061325E+01 -0.167309961884850E+01 -0.200662287949976E+01
%  0.116249866577717E+01 -0.165240715114318E+01  0.604812928298553E+00
%  0.861043850851496E+00 -0.308169970486441E+00 -0.129024976309795E+01
%  0.262041131616623E+01 -0.691208657835806E+00  0.123297131257046E+01
%  0.418290591426873E+00 -0.543160221499837E+00  0.823531767342406E+00
% -0.255656066624328E+00  0.130383709438080E+01  0.148965194744570E+01
% -0.855549501799320E+00  0.195557369411847E+00  0.335479801411639E+00
% -0.125762487263702E+01  0.119277160718677E+01 -0.251104337403337E+01
% -0.105742508175991E+00  0.248593630031180E+00 -0.468630251596947E+00
%  0.206872257553078E+00  0.330618106752966E+00 -0.185471845723379E+01
% -0.105691404856059E+01  0.978194431717257E+00 -0.487271852636916E+00
% -0.408718029301625E+00  0.446063900353945E-01 -0.258645900042390E+00
% -0.224326890299127E+01 -0.680689697382769E+00  0.162309448904942E+01
% -0.138394760963466E+01 -0.474153400995902E+00 -0.656469613728247E-01
%  0.109742424982475E+00 -0.278943911659209E+00  0.311002634026227E+00
% -0.193005554179595E+01 -0.620785619657151E+00  0.127102612926744E+01
% -0.130572432410223E+01  0.139224968972923E+01 -0.557555674232261E-01
% -0.229457927920743E+01  0.896603826495319E+00  0.134796894745477E+01
% -0.179299477066623E+01 -0.251151510753026E+00  0.118393476817921E+01
%  0.130011733401300E+01  0.296012986957663E+01 -0.143314337924327E+01
% -0.622339785062982E+00 -0.568617812931355E+00  0.235084772880249E+00
%  0.804800364006046E+00  0.726918184597927E+00 -0.792224122822636E+00
%  0.932396596290182E+00  0.137715820387084E+00 -0.124848179481454E+01
% -0.131993813324696E+01  0.218125726844246E+00  0.771997749674456E+00
% -0.170064801579170E+01  0.151688679701737E+01 -0.133194311456629E+01
%  0.917418393489174E-01 -0.116047137190747E+01 -0.168992898488644E+01
%  0.143610834863535E+01 -0.229957584319260E+00 -0.501937293671576E+00
%  0.170419892181309E+00  0.192817968612227E+01 -0.740533911892005E-01
% -0.655574115599857E+00  0.529643642316278E+00  0.196872493831929E+01
% -0.160925840190861E+00 -0.101710006294011E+01  0.703667147129148E+00
% -0.108292165824659E+01  0.116232121104477E+01 -0.251784125077820E+00
%  0.124293077563109E+00  0.317983871296722E+01  0.413001837308512E+00
% -0.130451524821903E+01  0.157296178400692E+01  0.102114821301786E+00
%  0.137042862101502E+01 -0.124282240721310E+01  0.705735304043751E+00
%  0.511843232975050E+00 -0.117781558367371E+01  0.103465371829090E+01
% -0.215559553484835E+01  0.163934892761333E+01 -0.647099257001651E+00
%  0.150620124295736E+01 -0.115818352150459E+01  0.107164641005307E+01
% -0.650654464102727E+00  0.183662611852329E+01 -0.906001443658796E+00
%  0.162365560055458E+01  0.521633996192942E+00 -0.322372715000565E+00
%  0.119424804747256E+01 -0.104796069523817E+01  0.501011755644469E+00
%  0.629059294471728E+00 -0.415317774731510E+00 -0.817447733533634E+00
% -0.174693793691064E+01  0.163015731036702E+01  0.266970777338161E+00
%  0.424935445643923E+00 -0.834899016516148E+00 -0.374909824556974E+00
% -0.160701200412620E+01  0.236227429824048E+00 -0.911865793483650E+00
%  0.232508217969579E+01  0.882729360314368E+00 -0.511100635899235E-01
% -0.356786875637437E+00 -0.290161384112657E+00 -0.491294000817601E+00
%  0.911326897037017E+00  0.567308103632081E-01 -0.924579999164684E+00
% -0.100202034793319E+01  0.582525400453970E+00  0.104491035607922E+00
% -0.206665294696790E+00  0.664112017373667E-01 -0.124364981040996E+01
% -0.734761740649540E+00  0.103303557540012E+01  0.964168324644597E+00
%  0.167969814880471E+00  0.214629411113107E+01  0.209343271955122E+01
% -0.121943665394226E+01  0.575918115494702E+00  0.258829046292374E+01
% -0.158672484911308E+00  0.536507607843038E+00 -0.439490460913265E+00
%  0.221699597702017E+00  0.111539265757612E+01  0.578127111709447E+00
%  0.578077515448791E+00 -0.654017764895070E+00 -0.152111856472199E+01
% -0.143269227701416E+01  0.187536218315440E+01 -0.752509542931772E-01
%  0.226097232089992E+01 -0.424653492487616E+00  0.920925930110964E-01
% -0.127157513537384E+01 -0.123921539111854E+01 -0.178744420294041E+00
% -0.535939842339976E+00 -0.791307713405748E+00 -0.208881676726974E+01
%  0.900303737041458E+00  0.183995882307717E+01 -0.800680879855730E+00
%  0.123933675848254E+01 -0.124886537937614E+01  0.592286819067198E+00
%  0.863408727164654E+00  0.319943719892377E+00  0.290432918621915E+00
%  0.409986969116100E+00  0.114339705392607E+01 -0.166520777146402E+00
% -0.159557630797535E+01 -0.475523467542610E+00  0.104595328225869E+01
% -0.357015491599150E+00  0.794593744650422E+00  0.160446156595530E+01
%  0.124277625657796E+01  0.364387682748186E+00  0.568626697220041E+00
%  0.109328237934569E+01 -0.360574278291953E+00  0.844068837806585E-01
% -0.179108773623424E+01 -0.246053978381368E+00  0.163711021485227E+01
%  0.299964084582972E+00 -0.413491927038712E+00 -0.278914470836015E-01
%  0.470554561311562E+00  0.514640910652397E+00 -0.627652935529604E+00
% -0.140222993118798E+01 -0.191322467577805E+01  0.240170504312442E+01
%  0.163460885767056E+00 -0.938943090949933E+00  0.541046798120744E+00
% -0.467072276262255E+00 -0.109194302261387E+00 -0.230833746053429E+00
% -0.310444053567384E+01 -0.202754597546882E+01 -0.122012029682113E+01
%  0.113443136981283E+01  0.102251302960277E+00 -0.900532509442520E+00
%  0.547077534672094E+00 -0.238696269700422E+01 -0.156255261742328E+01
% -0.135939474321798E+01  0.137686972901637E+01  0.874861196756998E+00
%  0.727546819022924E+00  0.662993744508262E+00  0.227920529510187E+01
%  0.207001640227227E+00  0.532313107994204E+00  0.188819216527599E+01
%  0.816121832167020E+00 -0.208807223477247E+00 -0.219486416957299E+00
%  0.991109983965722E+00  0.742362859038748E+00 -0.120727359475930E+01
%  0.587156882918671E+00  0.187506694952945E+00 -0.130616040540865E+01
%  0.389877689163741E+00 -0.786502834210303E+00  0.211254939513397E+01
% -0.170292729829485E+01  0.923969954237242E+00  0.150413122114016E+01
% -0.916759255109026E-01  0.135909097690756E+01 -0.185734860951612E+01
%  0.359609771659752E+00  0.206692092021824E+00 -0.248420348551005E+00
%  0.354766971854110E+01  0.810131580113032E+00 -0.738246134630212E+00
% -0.574177736027546E+00  0.464351624339732E+00  0.982461749731629E+00
%  0.123425273233170E+01  0.537919481574689E+00 -0.166735672803069E+01
% -0.195061708169601E+00 -0.910759471302003E-01 -0.322089111756952E-01
% -0.118083813408184E+01 -0.753280426259166E+00 -0.839851812457809E+00
% -0.835658039418472E+00 -0.333254764529983E+01  0.964598989631619E+00
%  0.144677841932569E+01  0.114374074644159E+00 -0.818191669803647E+00
% -0.141136731155213E+01  0.488055521846868E+00  0.119062023074342E+01
% -0.147937877870172E-01 -0.167192362176887E+01 -0.182343991274122E+01
%  0.563626820564807E+00  0.137678521280806E+01  0.336517449364378E+00
%  0.256337898911089E+00 -0.244566112835394E+01  0.746581988391575E+00
%  0.646546664003302E+00 -0.208055791717896E+01 -0.371509866894950E+00
% -0.245500449131426E+01  0.146173785020485E+01 -0.224820887801558E+01
%  0.111198010105154E+01  0.225187958861367E+00  0.346569555376324E+00
%  0.152875511865827E+01 -0.236474111188911E+01 -0.932212144997222E+00
%  0.117996519007110E+01 -0.534254327420003E+00  0.777145960644426E+00
% -0.608639221325977E+00 -0.196257729909992E+01  0.719552901411244E+00
% -0.105887861129613E+01 -0.186171581872778E+01 -0.299066908485303E+00
%  0.857876262857917E+00 -0.789482987440465E+00 -0.583812146612741E+00
% -0.105173608278415E+01 -0.115108809623227E+01  0.312779321123655E+01
%  0.287467875552166E+00  0.268333645984229E+01  0.935378627973065E+00
% -0.366048763527571E+00 -0.565855718489386E+00 -0.751334910070150E+00
% -0.233176041406750E+01 -0.139957137638897E+00  0.486095179271921E+00
%  0.566418635958830E+00  0.348635381255290E+01  0.126449024802748E+01
% -0.121370790499115E+01 -0.725534953134906E+00 -0.109579797330507E+01
% -0.127965766642297E+01  0.186421617191799E+01 -0.126196005058079E+01
%  0.476765500384746E+00 -0.238084841019016E+01 -0.114843729443726E+01
% -0.378623338309996E+00  0.257839297120487E+01  0.110140603292601E+01
%  0.657937095279912E-01  0.310665186425291E+00 -0.640461571299185E+00
% -0.598568320044793E+00 -0.152556663318895E+01 -0.503785770388798E-01
%  0.452145884986210E+00 -0.489938813679278E+00 -0.509522218542743E+00
% -0.966575599796078E+00 -0.851549084529780E+00 -0.115887579734116E+01
% -0.278269240505300E+00  0.348408540294683E+00 -0.120881371928284E+00
% -0.558886443433942E+00  0.304698501641783E+00 -0.148128499112944E+01
%  0.194246554658609E+01 -0.121225328324376E+01  0.105599737957519E+01
% -0.292625352394552E+01  0.620595747029454E-01 -0.614292559840919E+00
%  0.203275329572961E+01 -0.482063591380683E+00 -0.217225695529135E+01
% -0.160306697820749E+01  0.317975346584409E-01  0.160404524647759E+01
%  0.495870270115413E+00  0.315154920374790E+00  0.108617225004913E+01
%  0.514669575777288E+00 -0.516823799188209E+00 -0.187715758853244E+01
%  0.171181514150473E+00  0.126808683970545E+01 -0.811840630957924E+00
% -0.112809743140043E+01 -0.122794608672518E+01  0.127412274306103E+00
%  0.115916900516015E+01 -0.277958370737469E-01  0.250620450814879E+00
%  0.150665405401250E+01 -0.107467885993903E+01 -0.474046276006650E+00
%  0.699256748021473E+00 -0.758123566445680E+00 -0.991349608238780E+00
% -0.254524108768719E+00 -0.414610896110827E+00 -0.151564121528995E+01
% -0.119071821452629E+01 -0.235689038196303E+01  0.161930209381642E+01
%  0.253672742808513E+00 -0.767417393020815E+00  0.116059914915166E+01
%  0.861420631742466E+00  0.898723458588841E+00 -0.849285186612831E+00
% -0.357511943479959E+01 -0.729164040816252E+00 -0.273574147505488E+00
% -0.334790509566916E+00  0.446514279632118E-02 -0.201459845909906E-01
%  0.154740929987001E+01 -0.414245326788452E+00  0.622111469723633E+00
% -0.164488081145982E+01  0.232854150627317E+01  0.225715992920127E+01
% -0.309800011833258E+00  0.165014379268968E+01 -0.117269716551297E+01
%  0.378557203676771E+00  0.213119556478847E+01  0.136337990268314E+01
%  0.689133444308407E+00  0.166460753887537E+01  0.426080812997312E+01
% -0.235368553235977E+01  0.953388031032976E+00  0.680776728729208E+00
%  0.284563536026499E+01 -0.133937309976437E+01  0.630009935994669E+00
%  0.167100293632735E+01  0.122898774439861E+01 -0.196777396592411E-02
%  0.103139658566686E+01 -0.656196325920045E+00 -0.349143322230793E+00
% -0.902303629307669E-01 -0.282573392043750E+00  0.310394502131632E+01
%  0.171099532477427E+00 -0.220114518458516E+01 -0.245150132185045E+01
%  0.541540324157323E+00  0.614357449811752E+00  0.966857628670208E+00
%  0.119463168667808E+01  0.224833242890127E+01 -0.249776232979181E+01
%  0.216810270848005E-01  0.149410148704926E+01 -0.926956127787966E+00
%  0.102048421425725E+01 -0.166385442045742E+01  0.211111695254769E+00
% -0.337658850714586E+00  0.535815097910451E+00  0.144130183443081E+01
% -0.200361017874442E+01 -0.104601920830772E+01  0.562164626082060E+00
%  0.930339419743617E+00 -0.126065575414745E+01  0.179891693846170E+01
%  0.255555816142561E+01  0.715784259552807E+00  0.552899830175038E+00
%  0.104964687864783E+01  0.663870589339843E+00 -0.122500537287439E+01
%  0.355709674057729E+00 -0.254338974702712E+01  0.195456693411901E+01
% -0.465979590272708E+00 -0.186789655284555E+01 -0.276796861100934E+01
%  0.619027702784756E+00 -0.803114624635558E+00  0.162018241690300E+01
%  0.673688824523710E+00 -0.201795163722821E+01  0.167422861682853E+01
%  0.171677368784498E+01  0.562322107039497E-01 -0.568504480458771E+00
%  0.179612748506822E+01  0.186545093620713E+01  0.115299378478361E+01
%  0.520855630906671E+00 -0.763694460534998E+00 -0.606073418300650E+00
%  0.147186571239258E+01  0.102903309861889E+01  0.247599387747109E+01
%  0.201970451843511E+00  0.744936650742900E+00  0.196485000648040E+01
%  0.866680486598351E-01 -0.816835065970334E-01  0.564141794190212E+00
% -0.315376592778973E+00 -0.106588861126593E+01  0.108304165366870E+01
%  0.497535611171861E+00  0.913806783864537E+00 -0.603131232565340E+00
% -0.976586426565325E+00  0.107152124157192E+00 -0.518207162235687E+00
%  0.470842073328774E+00 -0.106746010115586E+01 -0.107510930682947E+01
%  0.868307286881747E+00  0.234438647818167E+01 -0.135175947335700E+01
% -0.910002377303678E+00 -0.872209856415614E+00 -0.128859548328622E+01
%  0.432802719977813E+00  0.303407620875328E-01 -0.137366477047202E+01
% -0.186923797525715E+01  0.138830595097970E+01 -0.121230417413776E+01
% -0.102520683028578E+01 -0.813613460622225E+00  0.252668582820009E+00
%  0.822698164328602E+00  0.284326019996676E+01  0.230747584219186E+01
%  0.166697470395891E+00  0.205123924030874E+00  0.187300393517215E+00
%  0.717629130854739E+00  0.257387945508434E+00 -0.811454932851445E-01
% -0.473640474701395E+01 -0.397173340636267E+00 -0.953323478659466E+00
%  0.117348626816234E+01 -0.467795554365070E+00  0.918053566588479E+00
% -0.647645706353557E+00  0.189211189346344E+01 -0.262644597850486E+01
%  0.480824732574356E+00  0.148515236254118E+01  0.189175385931399E+00
% -0.138747448179179E+01  0.839962059498400E+00  0.735227287891049E+00
% -0.122129147535893E+01 -0.832556346934869E+00 -0.116908509149339E+01
%  0.802028709697920E+00 -0.554761053481618E+01 -0.303984051452856E+01
% -0.288492622039204E+02  0.142157935567004E+01 -0.173068009228354E+02
%  0.156128627819206E+02  0.947635431380616E+01 -0.424527772121300E+02
%  0.209815402033497E+02  0.345574822341566E+01  0.155729678201383E+02
% -0.288742804768229E+02  0.284746499721290E+02  0.225002362612348E+02
%  0.101651676143365E+02 -0.117998210995908E+02  0.554610931896009E+02
%  0.110916718721162E+03 -0.603780235833703E+01 -0.446756361439727E+02
% -0.188570296750496E+01  0.767994922389464E+01  0.207518310430630E+01
%  0.189556145842776E+02  0.138457635281444E+02  0.176075560533373E+02
% -0.184175100931269E+01 -0.128149598490368E+02  0.453645968181336E+02
%  0.451372273681606E+01  0.655100580029040E+00  0.885932756528834E+01
% -0.143332250790636E+02  0.490739793148920E+01  0.420957609181934E+01
% -0.295633287052621E+02  0.102690387225519E+02 -0.710741161357232E+01
% -0.176488524959375E+02 -0.233507282702965E+02 -0.109333135781648E+02
% -0.195653473410709E+02  0.921543518202207E+01  0.704439997292527E+00
% -0.455219199893908E+02  0.339693268206672E+01 -0.229941727292743E+01
%  0.234966614262295E+01  0.179249568457732E+01 -0.222964438178864E+02
%  0.119043254212216E+02 -0.148416492589159E+02  0.309722410820169E+01
% -0.354239163508682E+01  0.155956680872624E+01 -0.286005879738866E+01
% -0.108059785666006E+02 -0.112635655898454E+02  0.175397336128289E+02
% -0.107258721339852E+02 -0.706637968015900E+01 -0.366098322263178E+01
% -0.317213208198141E+02 -0.863476805467685E+01  0.264873837338001E+02
% -0.262686540998423E+01  0.303846600839429E+01  0.275380233843997E+00
% -0.207777865947653E+02  0.504950559461598E+01 -0.186375361153209E+02
%  0.641589350409082E+01  0.243766508648663E+02 -0.846851579661844E+01
% -0.110267614679224E+02 -0.774077049711027E+01  0.433121676611977E+01
% -0.525972750309020E+01  0.198250052266174E+02 -0.247882587988573E+02
%  0.897497140008398E+02 -0.112798796455680E+03 -0.126490573384194E+03
% -0.140893070742922E+02  0.110055071679976E+02  0.638490552180113E+01
%  0.766920614840035E+00 -0.203269710017708E+01 -0.585456975796090E+00
% -0.560414435084797E+01 -0.277979405946598E+01 -0.158493020706747E+01
%  0.123832350849801E+02 -0.820009598251511E+01  0.166716884250872E+02
% -0.106112312934449E+02 -0.658827939560720E+01  0.135461011231333E+02
% -0.416822608733859E+01  0.193260785578625E+02  0.465765219718115E+00
%  0.243458581223328E+01  0.271661099431766E+01  0.232618130016897E+01
%  0.105470236612537E+02  0.125761642037243E+02 -0.935372954616366E+01
% -0.308205202066664E+01 -0.498495928738287E+01 -0.265288408823008E+01
%  0.217784912787598E+01 -0.108903524647202E+02  0.811141106886444E+00
%  0.167328071541300E+02 -0.412864124358307E+02 -0.247023406049818E+02
%  0.545947274325041E+01 -0.101310241506902E+02 -0.214291993601640E+02
%  0.411136680859318E+01 -0.274088579649443E+02 -0.315898549560952E+01
%  0.134433950603845E+02 -0.692593178730929E+00 -0.840168948771403E+01
% -0.438672008652399E+00 -0.128824035462400E+01 -0.970058206836963E+01
% -0.704740057002860E+01 -0.447032708669969E+01  0.719719375699689E+01
%  0.370575652730516E+01  0.217359171677206E+01  0.659131136181631E+01
% -0.133922003949315E+01 -0.368945422364094E+01  0.445875000289905E+01
% -0.158409391522066E+02 -0.120528413100111E+01 -0.950611305347184E+01
% -0.658823318307904E+01  0.680742020762499E+01  0.528726692740442E+01
% -0.127054452977574E+01 -0.117426849823890E+02  0.466923916661082E+02
%  0.157770805580387E+02 -0.143595071195327E+02  0.362341871673045E+01
%  0.104355275006806E+02 -0.712148731044496E+01 -0.110668624003641E+02
%  0.103892361315498E+01  0.604014274109352E+01 -0.341477833288313E+01
% -0.281263799149437E+01  0.739511483974233E+02 -0.105902887969171E+03
% -0.148436563979131E+02 -0.119720170959139E+02 -0.126260130917732E+02
% -0.368729986178701E+01  0.148286427107037E+02  0.156587681104364E+02
%  0.134246653018823E+02  0.976709013138653E+01  0.179276305608373E+02
% -0.932540049101137E+01  0.182779651396389E+01 -0.352229356560332E+01
%  0.253175738837579E+02  0.290548421709709E+01 -0.148506421348629E+01
% -0.823728807813762E+00  0.316419173605636E+01  0.241938970969338E+02
%  0.235751100325186E+01  0.202014658425450E+02 -0.509033584990985E+01
%  0.136814521950552E+01 -0.733640910085793E+01  0.113809510033661E+02
% -0.230091677398498E+01  0.381820562338032E+02  0.694164557016510E+01
% -0.994613760105066E+01 -0.540868978893660E+01  0.165333287951867E+02
%  0.290422686249427E+00 -0.295878635001552E+01  0.614387052014932E+01
% -0.108257397328427E+03  0.336011842668402E+02 -0.451045742069530E+02
% -0.269727557220964E+01 -0.590457739701156E+02  0.378909231987097E+02
%  0.658773164902215E+01  0.314955571130353E+01  0.126286892313910E+02
% -0.943418478786592E+01 -0.294733274196881E+02 -0.106819424686569E+02
% -0.205284653466334E+02  0.514308253937180E+01 -0.196209132682300E+02
% -0.823329536718472E+01 -0.187709148638355E+01 -0.342586465492370E+01
% -0.645522625535951E+02 -0.499984338490948E+02  0.202532741891538E+02
% -0.658564094644890E+00 -0.518636731095587E+01 -0.449944385483420E+01
% -0.576566786149778E+00 -0.141876611087213E+02 -0.412138377473488E+02
% -0.223584323632836E+02  0.482849633664812E+01  0.244647172796376E+01
%  0.108271137942658E+02  0.171603296929471E+02 -0.752072206279048E+01
%  0.820601690857082E+01  0.207189919296629E+01  0.583431694111998E+01
% -0.102296271779793E+02 -0.279162893024231E+01  0.712789864870079E+01
%  0.503400054260539E+01  0.153559855098890E+01  0.136085492931482E+01
% -0.289960884815757E+02  0.732152933308647E+00  0.478916082896774E+01
%  0.222251622849687E+01 -0.806476994254690E+00  0.202305481434219E+01
% -0.241865758144933E+02  0.180389524573064E+02  0.480616139788023E+02
%  0.260884904056444E+01 -0.248881850407417E+01  0.420011180276624E+01
%  0.178869921236299E+02  0.169806573664169E+02 -0.164943173663318E+02
%  0.298963618754404E+02 -0.757988479184661E+01  0.155839787039561E+02
%  0.675156344794017E+01  0.281776067045967E+01  0.528549172864221E+01
%  0.148433203694396E+02 -0.129589960380816E+02  0.150545231048267E+02
%  0.721473108275960E+01  0.532682353432959E+00 -0.841128169430272E+00
% -0.248349454897225E+01  0.205689813934454E+01 -0.100755649001208E+01
% -0.219190616220845E+02 -0.423824706995962E+02  0.431399075894361E+01
%  0.378268093781710E+01  0.280387209976644E+01  0.456698939539899E+01
% -0.123332616839346E+02 -0.421487400477556E+01  0.115013241287103E+00
%  0.473014684686282E+00 -0.238364825959907E+00  0.206482619646942E+01
%  0.158776399601168E+01  0.866466097844831E+01 -0.142809850495343E+02
%  0.225343664100096E+02  0.219995463455364E+01 -0.372046519653934E+02
% -0.891833041008767E+00 -0.815324902756584E+01  0.121708675627278E+02
% -0.183818315933748E+02 -0.124092692718951E+01 -0.207722140229949E+02
% -0.798381273905764E+01  0.197835860660007E+02 -0.549896979366210E+01
%  0.761093920239269E+01 -0.173600583147876E+01 -0.158102657377613E+02
%  0.175384422558695E+02  0.440534618810923E+02 -0.388829225753029E+02
% -0.197119913313030E+01 -0.181124358149512E+02 -0.302106549332543E+00
% -0.558815343334992E+02 -0.684400228595401E+01  0.259928636500603E+02
% -0.194671582899557E+02  0.487197558516850E+01 -0.531338788165951E+02
%  0.776241127668853E+00 -0.971895501364163E+00 -0.917698604542354E+01
%  0.213433115597185E+01 -0.162440266738630E+01  0.407085585847797E+01
% -0.852133891312949E-01 -0.205184245361784E+02  0.476572856464223E+01
%  0.494379427113513E+01 -0.292495279311198E+02 -0.361900070833227E+01
% -0.249985076504231E+02 -0.103844313359347E+02 -0.137424730747366E+02
% -0.234169841771369E+01 -0.383876200535640E+01 -0.432889441487339E+01
% -0.744035933435517E+02  0.111419598372855E+03  0.132479670120543E+03
%  0.545116169635596E+02 -0.304102151294519E+02  0.760591250973788E+02
%  0.863445945328749E+01  0.833440483237025E+01 -0.983417928559055E+01
% -0.110868612494349E+01 -0.200766852916662E+02  0.551082393630949E+01
%  0.389989180029413E+01 -0.166448923088201E+02  0.191214487465741E+02
%  0.417782343278559E+02 -0.134234964223208E+02 -0.120528159048411E+02
% -0.156216955899513E+02 -0.108482746689446E+01  0.270173852336464E+02
% -0.818364285388500E+02  0.105142493415954E+03  0.100015905122794E+03
%  0.209734293190165E+02 -0.918186616163585E+01 -0.347918496483323E+01
% -0.448803012841390E+01 -0.232969519279379E+02  0.448202711804503E+02
% -0.834773087898012E+01 -0.105187896998730E+02 -0.114811415075938E+02
%  0.736533876180498E+00  0.206417225898981E+02  0.193132046112599E+02
%  0.181360538461147E+01  0.882543152633257E+01 -0.778761730534535E+01
%  0.326961248567134E+02 -0.696203717457580E+02  0.102879946050307E+03
%  0.851913529364335E+01  0.606133851664613E+01 -0.301070120618582E+02
% -0.491917972133528E+00 -0.478026635692698E+00  0.923072288314013E+00
% -0.112004684386131E+02 -0.132521327486315E+02 -0.122617409556119E+02
%  0.649372279605574E+01  0.176228816231686E+01 -0.785867750052595E+01
% -0.411562387328918E+02 -0.146939295255072E+02  0.834646724963799E+01
%  0.451495472296049E+01  0.916968163430503E+01  0.165173595241447E+01
% -0.116008601585507E+02  0.141528449579607E+02 -0.208430717839539E+01
% -0.132904340606617E+02 -0.141361171519977E+02 -0.754846887398304E+01
%  0.128547945323333E+02  0.554550066957917E+02 -0.108079761606089E+02
% -0.258465621811326E+02 -0.742123992943003E+01 -0.669775872444975E+01
%  0.225490170992077E+01  0.403083548220572E+01 -0.264294987052951E+01
%  0.404258978414603E+02  0.173586146026537E+02 -0.180377689089299E+02
%  0.117641031113997E+02  0.105303030771579E+02  0.827083299357868E+01
% -0.199812618001283E+02 -0.292457435861778E+01 -0.243894370023194E+02
% -0.575874007802885E+01 -0.198067003225350E+02  0.624842974914811E+01
% -0.647983350661520E+02 -0.283471965691921E+02 -0.469796064974848E+02
% -0.380785227154559E+02  0.135737352553242E+02 -0.410027027282801E+01
%  0.240243162824965E+01 -0.309046419979740E+00  0.337600818273379E+01
% -0.796195767189783E+01 -0.149650936528429E+02  0.220316567240603E+02
%  0.499889166343847E-02  0.544235019094899E+02 -0.434834560137399E+02
% -0.150970683564607E+02 -0.931092762710621E+01 -0.116828217075066E+01
%  0.158491756327173E+02 -0.176271909164575E+02 -0.250850086145191E+02
%  0.638862764511297E+01  0.531933499624140E+01 -0.864356065767638E+01
%  0.327462440647668E+01 -0.227763334962747E+00  0.185457176489577E+01
%  0.160839318230336E+01 -0.377253565472918E+01  0.221883943577552E+01
%  0.487032881147248E+02  0.899097874300071E+02  0.236455848522052E+02
% -0.853069269823623E+01 -0.308538911877416E+01  0.122533346389161E+01
%  0.553257699975718E+01 -0.223100543511134E+02  0.245904034873142E+01
% -0.308975805956945E+01 -0.519058118289385E+01 -0.416848079421069E+00
% -0.787399291461577E+01 -0.629264108568044E+01  0.577127512277290E+01
%  0.307113259912013E+01 -0.537018494092584E+01  0.365209101846328E+01
% -0.392730131806918E+02 -0.103662477306480E+03 -0.336401051534074E+02
% -0.163995354457531E+02  0.359378600788150E+02 -0.820865798576341E+02
%  0.622445770168705E+02 -0.127181160075588E+02 -0.659057577882846E+02
% -0.191487816184683E+02  0.190245223670892E+02  0.605190988702668E+01
%  0.971355073376468E+01  0.634035919975848E+01  0.154381322103084E+02
%  0.696613498840670E+01 -0.147524396073576E+01 -0.226823350029454E+02
%  0.378129724618616E+01  0.671400996495893E+01  0.808508747363030E+00
% -0.256696600679995E+02 -0.115228489490718E+02 -0.319875628024910E+02
%  0.330766539260253E+02 -0.117169807737308E+02  0.147553634262881E+02
%  0.453990758204541E+01  0.122704470118911E+02 -0.146398250769324E+01
% -0.442782419175779E+02  0.184007167828078E+02  0.231001965268175E+02
%  0.215338983894848E+02  0.749121946418389E+01 -0.860880809996519E+01
% -0.211850999891516E+01 -0.542052197693563E+00  0.819457110300715E+00
% -0.113265684405083E+01  0.229498958582759E+02 -0.234678814359463E+01
% -0.111607028231905E+02 -0.239678011743017E+02  0.108270955547126E+02
%  0.101167246376139E+02  0.355995060837879E+02  0.100673750846223E+02
% -0.158900900690965E+01 -0.205035160465839E+01 -0.109389339782899E+01
%  0.293460345411386E+02 -0.232331434000681E+02  0.268851287098536E+02
% -0.128532046541551E+02  0.840723695880051E+00  0.134640451822551E+01
%  0.350179751153305E+01  0.194419729998506E+02 -0.450851382875783E+00
%  0.677801742662734E+01 -0.945017924310613E+00 -0.407596883939851E+01
%  0.302813729496863E+01  0.285366734374108E+01 -0.345346238502970E+01
% -0.706548233090627E+01  0.197696007731784E+01  0.389783011433861E+01
% -0.335966784893894E+02  0.212937814102214E+02 -0.209991678020307E+02
% -0.143825778322163E+01 -0.529099328988772E+01  0.523242837294293E+01
%  0.678588727401643E+02  0.357824723155970E+02  0.459339587379413E+02
% -0.446236857501827E+02  0.215751707445051E+02 -0.139143492163196E+02
%  0.800032337509962E+00  0.174570516253360E+02  0.397226669027868E+01
%  0.517205602710380E+01  0.121011689429428E+02 -0.112387637630904E+02
%  0.276642861775161E+02  0.136890132619126E+02  0.241528295198804E+01
% -0.231459305492279E+01 -0.224314525670458E+01 -0.486738172497261E+01
% -0.479290871925644E+01 -0.198083922896512E+01 -0.120666715082875E+02
%  0.353114710054903E+02  0.472617186343554E+02 -0.311962848491181E+02
%  0.166003384448416E+01 -0.110419009136477E+02 -0.179707921720722E+01
%  0.342552406933321E+02 -0.486497806885937E+01 -0.362797203896675E+02
%  0.154933909050442E+02  0.133182808080202E+02 -0.350622018781467E+01
%  0.207248514283669E+02  0.872318254850072E+00 -0.293895398275676E+02
%  0.530300457569093E+02  0.799654249810196E+01  0.407915928984855E+02
% -0.124279392243153E+01  0.177080197015018E+01 -0.375737512211851E+00
% -0.574237292373236E+01  0.489115601856330E+01 -0.802812393839428E+01
% -0.262812993224926E+02  0.655235763628139E+01  0.406706258648386E+01
%  0.337805985571037E+01 -0.492857223572282E+01 -0.758459653263731E+01
%  0.630734238589727E+01  0.391011211213987E+01  0.138587988207104E+01
%  0.290585882276748E+01  0.407382278247830E+01 -0.194346940640175E+01
%  0.714524963146938E+01  0.147595137068369E+02 -0.209151483865804E+02
% -0.183554590723860E+02 -0.843879700646324E+01 -0.320849404623531E+02
%  0.771310938438673E+01  0.596577301385840E+01 -0.539115004186846E+01
%  0.247179167173618E+02  0.269508281312209E+02 -0.253036812053736E+02
%  0.819316484011629E+00  0.524313119098497E+00 -0.144409499989039E+01
%  0.144846819440676E+02 -0.166640104697669E+02 -0.254067585230614E+02
%  0.225249397411167E+02  0.750611124388283E+01 -0.355648452359154E+02
%  0.537907255852351E+01  0.584441910537608E+01 -0.164176693626985E+01
%  0.303773810846645E+02  0.148260783015510E+02  0.315666483879700E+02
% -0.143132034275162E+02  0.524710569354514E+02  0.374458834771278E+02
%  0.571540968397963E+00 -0.431999078484886E+02 -0.402301231009435E+01
% -0.273093314410903E+02 -0.389838052166831E+02 -0.205303274100759E+02
% -0.303904294309328E+02  0.126831891062821E+02 -0.865850239707073E+01
%  0.183275027738900E+01  0.253813596522308E+01  0.718303127315305E+00
%  0.123392854124176E+02 -0.327569688303252E+01 -0.147105691843806E+02
%  0.332766274591548E+02  0.207877083984111E+02  0.648041883540223E+01
%  0.690874910620879E+01  0.193201700620855E+01  0.867297436252700E+01
% -0.198611530689190E+02  0.204642311024113E+02  0.731647788363581E+00
%  0.733788380728985E+01 -0.276533316849002E+02 -0.142116129844180E+02
% -0.401009715881626E+01 -0.972242478963129E+01  0.259963668605221E+02
% -0.371791511494780E-03 -0.323816234365570E+01 -0.455796301623192E+01
% -0.109808999212600E+02  0.149819457503544E+01  0.715731068510695E+01
% -0.365271560071141E+01  0.444580405223713E+02  0.175759391488814E+02
%  0.443170300396063E+02 -0.188464372222458E+02 -0.244322174679418E+02
% -0.296833002267808E+01  0.153507784381440E+01 -0.371303403004685E+00
% -0.941000001390527E+01 -0.179004659410138E+02 -0.182517452232380E+02
% -0.687303510162900E+01 -0.790997888815381E+01  0.141209528921609E+02
%  0.940477344768208E+01  0.343740821176738E+01  0.330143142642167E+02
% -0.314386273505708E+01  0.141847606611230E+01 -0.162092088677293E+01
%  0.283867767179049E+01  0.342285798047788E+01 -0.181403741945366E+02
% -0.665823107315859E+00 -0.195643044183262E+01 -0.459382397330316E+00
% -0.142896581561976E+02  0.480560477181748E+01  0.627904346217998E+01
%  0.186107766515569E+02  0.127504569286421E+02  0.230429434255453E+02
%  0.119256462775477E+02 -0.433487199034990E+01 -0.457534100947447E+01
%  0.319099537553161E+02  0.162740911757744E+02  0.414076280580519E+02
%  0.293833400451031E+01 -0.157629105183682E+02  0.861263645776552E+01
%  0.882209739109657E+02 -0.170321210067114E+02  0.262618150344088E+02
% -0.224821310599943E+02  0.216088403814984E+02  0.146037229344630E+02
% -0.128327483577880E+01 -0.126369612955136E+01  0.165486215968914E+01
% -0.118545507392996E+02  0.962402920037321E+01  0.340051603981469E+02
% -0.951715912642157E+01 -0.195492070487012E+02  0.302076693557410E+02
%  0.224245103780589E+01 -0.123737300916214E+02  0.203118293771891E+02
% -0.297253681879116E+01  0.399714080761893E+01 -0.267472291249100E+01
%  0.763967033197473E+01 -0.158313405060320E+02  0.776925843936381E+01
% -0.132660187043424E+02 -0.103035985189845E+02  0.117087501701745E+02
%  0.418229374084537E+01 -0.127263235178511E+02  0.663313414833559E+00
% -0.989793872065604E+01  0.447021200767259E+00  0.136361315681265E+02
%  0.683461908839531E+01 -0.325071001935735E+01 -0.902701373138742E+01
%  0.527288497007401E+01 -0.303631428946187E+01 -0.609304442163590E+01
%  0.619182451856574E+01 -0.170305207106983E+02 -0.269722850803453E+02
%  0.717935524373549E+01 -0.171744676165486E+02  0.193582637161506E+02
% -0.382896701000894E+00  0.278737070824105E+01  0.482339588364296E+01
%  0.164034224936767E+00  0.155387834706271E+02  0.722407972406995E+01
% -0.116084950655242E+02 -0.661556071845779E+01  0.114475236144464E+02
%  0.727191027937091E+02 -0.928569174235332E+02 -0.872264402792659E+02
% -0.551292204671639E+01  0.625747588973580E+00  0.347209790241582E+01
% -0.334460141169827E+02 -0.845219158864652E+01  0.576349499855337E+02
%  0.150379003902163E+02 -0.284735917773442E+01  0.886771039613275E+01
% -0.109838868264292E+02 -0.263766501096453E+02  0.379000366329204E+02
