% T    256  0.715122828077254E+01  0.715122828077254E+01  0.715122828077254E+01
   0.290976850807048E+01  0.251700701528082E+01 -0.228044389098601E+01
   0.271881713399284E+01  0.240288986984474E+01  0.654948324014168E+00
   0.167175114962880E+01 -0.306288730797260E+00  0.120063467612607E+01
   0.572226115773941E+00 -0.275897383599386E+01 -0.402831145880483E+00
  -0.111355792513360E+01  0.757622538432362E+00  0.288465216836008E+01
   0.194407908060440E+01 -0.197991550748099E+01  0.102848814131956E+01
  -0.465074676647921E+00 -0.246205837289914E+01  0.885710664021110E+00
  -0.404231796463796E+00 -0.940368546440345E+00  0.826786771652014E+00
   0.538965040494929E+00 -0.182010052467422E+01  0.325601479442384E+01
  -0.138110298313239E+01 -0.292166344530975E+01  0.155880991823588E+01
   0.126677436288313E+01 -0.128388307493318E+01  0.612322878534341E+00
   0.161968957669172E+01 -0.222526648646315E+01 -0.785374957195400E+00
   0.258102842991121E+01  0.334149450509313E+01  0.179560336676360E+01
   0.323820176804600E+01 -0.273490681156914E+01  0.482150185602407E-01
  -0.356548978388488E+01 -0.122509438411751E+01  0.346270707194730E+01
  -0.185601934706685E+01  0.114606845143879E+01 -0.286240518562187E+01
   0.510208098167569E+00 -0.284700953365042E+01 -0.257203304503637E+01
   0.355777275321591E+01 -0.200731446712741E+01 -0.273772044435128E+01
  -0.104883878559177E+01 -0.212712973818323E+01  0.198830282549273E+01
  -0.238624078655814E+01 -0.155289845005544E+00 -0.101700373760529E+00
   0.910735981806550E+00 -0.319783346988105E+01  0.108306434677159E+01
   0.327668497627994E+01  0.341529244968415E+01 -0.262841430286624E+01
   0.130181765815186E+01 -0.300681044407854E+01  0.301293730978155E+01
  -0.241464669645026E+01  0.102730092907601E+01  0.333679514582520E+01
   0.215356514088143E+01 -0.107078492948107E+01 -0.169825042488091E+01
  -0.331317255694568E+01  0.176191945399864E+01  0.131227185461366E+01
  -0.190571098600888E+01 -0.173359997587240E+01 -0.340997756874219E+01
   0.157776099324860E+00 -0.158587431917692E+01  0.277016032091675E+00
  -0.281792275338870E+01 -0.322813628285265E+01 -0.356531992366332E+01
  -0.249138516508095E+01  0.833705016248381E+00 -0.197501313810317E+01
  -0.225718696995635E+01 -0.200564724475984E+01  0.257309761996963E+01
  -0.197518173584786E+01  0.349579444485732E+01  0.135550954495620E+01
  -0.351499523707869E+00  0.104202709557495E+01  0.179027519406238E+01
   0.112147972439396E+01 -0.587871650244241E+00 -0.192118523901172E+00
  -0.943109765581331E+00  0.241810913125700E+01 -0.265283474734773E+01
   0.649519592165190E+00 -0.314052871933035E+00  0.344191389003166E+01
  -0.637419641091673E-02 -0.110171310270230E+01  0.284418208385190E+01
  -0.112891912956680E+01 -0.148312488669639E+01  0.294658324295765E+00
  -0.102434725847053E+01 -0.330013494694592E+01  0.562182138466060E+00
   0.346834758921694E+01 -0.139413170879182E+01  0.125607131776613E+01
  -0.462443094679289E+00 -0.668418331240906E-01  0.148622491447203E+01
  -0.201747625048755E+01 -0.274635924504801E+01  0.327022952204170E+01
   0.258196431409607E+01 -0.330256699834671E+01  0.781052507414245E+00
   0.480648653821739E+00  0.348153385428380E+01  0.276207415705463E+01
   0.264312146317093E+01 -0.110835643446290E+01  0.118291239367269E+00
   0.242587288808396E+01 -0.132690772879444E+01  0.196474144163023E+01
  -0.140017045080958E+01 -0.466328973174870E+00 -0.657036663045980E-01
   0.109959827349365E+00 -0.515801206340418E+00 -0.108070580765315E+01
   0.101144331941696E+01  0.899705553498514E+00  0.206679158253229E+01
   0.252335922360816E+01 -0.138963698885856E+01 -0.288947153380799E+01
  -0.156176109492836E+01  0.830176860424119E+00 -0.722903637543779E+00
  -0.206196706179356E+01 -0.147279189495893E+01 -0.550060072142425E+00
  -0.260363371918287E+01  0.124230240466190E+01  0.195285552601939E+01
   0.236416495596408E+01 -0.232332138976661E+01  0.193363636958488E+01
   0.296062114306332E+01  0.157696833965073E+01 -0.248353449785956E+01
   0.161993340450499E+01 -0.202639658253006E+01  0.280292701536491E+01
  -0.237036027051310E+01 -0.338783543125299E+01 -0.166180464896662E+01
  -0.281804573816880E+01  0.221065214053330E+01  0.346608387809212E+01
  -0.149987718649090E+01 -0.123855657256062E+01  0.261373728088336E+01
   0.829102418519909E+00 -0.329208886015612E+01 -0.161812430077013E+01
  -0.154539801033956E+01  0.558017650493424E+00  0.282106581117076E+00
   0.313267138198023E+01 -0.325894660755774E+01  0.282899495010808E+01
   0.490822319072000E+00 -0.267519235709754E+00  0.123366145686016E+01
   0.240444729877808E+01  0.334836502408687E+01 -0.177902781737929E+01
   0.315571714999978E+01  0.175536813377421E+01 -0.976225466776807E+00
   0.264459623226007E+01  0.796290884682752E+00 -0.121898826608037E+01
   0.337697667349736E+01  0.225696938231692E+01 -0.319461821844734E+01
  -0.194541442552638E+01 -0.110369093414796E+01  0.574748933923419E+00
   0.175793980832006E+01 -0.244592971405498E+01 -0.324805721352822E+01
   0.192024281677700E+01 -0.376934640316518E+00  0.295700365147215E+00
  -0.196857589999564E+01 -0.412295043392067E+00 -0.225500660688049E+01
  -0.291669822195481E+01  0.141562814447052E+00  0.179275705892991E+01
   0.952044732651017E+00 -0.111115105099275E+01  0.260241213014680E+01
   0.180178161676586E+01  0.443769419985847E+00 -0.518854107387472E+00
   0.997241700050723E+00  0.654250518272134E+00  0.168112036266791E+00
   0.352316752110045E+00 -0.273112294510274E-01  0.232230157090719E+01
  -0.214644932537945E+01 -0.312819158275203E+01  0.229199014678521E+01
  -0.154563433958703E+00  0.244526546432528E+01  0.122278207965253E+01
   0.109344592546515E+01 -0.255355004748618E+01  0.211775817344587E+01
  -0.350129615846426E+01  0.118089340729478E+01  0.286222868297311E+01
   0.238165522380222E+01  0.270860266462215E+00  0.275966017840553E+01
  -0.107020706323365E+01  0.318647373847227E+01  0.180872146280042E+01
   0.135601948798681E+01 -0.128140435100118E+01 -0.125817767595190E+01
   0.217753682258357E+01 -0.364713611157676E+00 -0.261188932989892E+01
  -0.296335921278021E+01 -0.136503483445009E+01 -0.104595165447250E+01
  -0.128680006148108E+01 -0.217216254591848E+01  0.303682090093765E+01
  -0.262496717997267E+01 -0.279997956555903E+01  0.706211366251201E+00
   0.314650025827927E+01 -0.866227983939303E+00 -0.241962261661333E+01
  -0.289987642681945E+01 -0.332672518725231E+01 -0.252036797576095E+01
  -0.357068819673285E+01 -0.696590132618830E+00  0.345341931664447E+00
  -0.173564404601685E+01  0.325142949324659E+01 -0.231070022286783E+01
  -0.217920590371335E+01  0.174771889816924E+01  0.124583421733858E+01
  -0.333827069345547E+01  0.243168164196548E+01 -0.149872915559103E+01
   0.320678263256436E+01 -0.298561026565290E+01 -0.193826950749764E+01
   0.254748881735788E+01  0.349422163853186E+01 -0.333714848622028E+01
   0.763562239865426E+00  0.237474478534129E+01  0.809088024863823E+00
   0.111780590011981E+01 -0.131237485378467E+01  0.156590361089608E+01
   0.144405000760374E+01  0.172526755130992E+01 -0.236432177645292E+01
   0.229967625078933E+01  0.702917464535805E+00  0.137721588038395E+01
  -0.255874447871165E+00 -0.264299610948272E+01 -0.123566065097259E+01
  -0.157581437148312E+01 -0.243026742523677E+01  0.661018170018634E+00
  -0.459758554420794E+00  0.150747952514661E+01  0.545993232700025E+00
   0.320821250487883E+01  0.168213801279193E+01 -0.607644506766266E-01
   0.289095025244498E+01  0.186259300722722E+00  0.354025843546417E+00
  -0.207071597235566E+01 -0.301114664148919E+01 -0.853804531922859E-01
  -0.202955777292884E+00  0.982962856681025E-01 -0.308681801254855E+01
  -0.102341427399552E+01 -0.186349710966225E+01 -0.991201328820238E+00
  -0.627906882043414E+00 -0.270314411884553E+01 -0.324841731575146E+01
  -0.236060915211665E+01  0.564850720213459E+00  0.776870725473410E+00
  -0.118781716365052E+01 -0.313774718408384E+01 -0.162749510497842E+01
   0.334521618096367E+01  0.962041848696870E-01  0.238945967963198E+01
  -0.200139181583930E+00 -0.578762775240166E+00 -0.318589259699518E-01
  -0.260982363999318E+01  0.475241127802848E+00 -0.737268817017288E+00
   0.298795510600150E-01 -0.171182895369364E+01 -0.295255517698133E+01
   0.245532438340123E+01 -0.220463527695381E+01 -0.152472012656525E+01
   0.306498313471557E+01 -0.232906841327368E+01 -0.744045246825756E+00
  -0.266284754909180E+01 -0.724700024404996E+00  0.230998549374874E+01
   0.332492263572787E+01 -0.162062161492325E+00 -0.545938252532569E+00
  -0.306776779829184E+01 -0.211179528035808E+01  0.327739192449460E+01
   0.261968368339126E+01 -0.816722348297318E+00  0.298265021906209E+01
   0.843980594372046E+00 -0.218923536136937E+01  0.118963319823974E+01
  -0.218548435151157E+01  0.185542713777266E+01 -0.213782174892539E+01
  -0.215426135695373E+01 -0.142770643963613E+01 -0.236284059171847E+01
   0.443914504487274E+00 -0.212235581933133E+01 -0.184549911747457E+01
   0.238613789982058E+01  0.210044768190493E+01 -0.153591870807258E+01
  -0.244852885646579E+01  0.231432107676319E+01  0.204640285018526E+01
   0.307271804857485E+01  0.105033776628098E+01  0.211660504813065E+01
  -0.221451977985054E+01 -0.243028944476764E+01 -0.995320441054607E+00
  -0.155867764805199E+01 -0.729395293938592E+00 -0.347883238955909E+01
   0.152271676642174E+01  0.310017070055203E+01  0.670722995967214E+00
   0.739560319487329E+00  0.300138413761931E+01 -0.355477054300254E+01
  -0.219089612930528E+01  0.184073696896612E+01 -0.115264695708429E+01
  -0.271916331615535E+00  0.580054330800579E+00 -0.159128055791247E+01
  -0.156533305166196E+01  0.487751058899549E+00 -0.174408650409931E+01
   0.194643160672878E+01  0.257769896316706E+01 -0.285741469666686E+01
  -0.192615846225060E+01  0.294431035408927E-01  0.230822333715568E+01
  -0.105148409162582E+01 -0.262221715278094E+01 -0.293839094110111E+00
  -0.901804515194715E+00  0.152442187190582E+01  0.345842995915517E+01
  -0.259834892856727E+01 -0.190777332005882E+01  0.107544528209820E+01
  -0.311615783906392E+01  0.249459421378949E+01 -0.571495997635076E+00
   0.685361983309340E+00  0.532366146468726E+00 -0.845389236312288E+00
   0.275481715192002E+01 -0.170428430389324E+00 -0.342030249130015E+01
   0.923643522552062E+00  0.135395239104881E+01  0.307281437139667E+01
  -0.717346578765092E-01 -0.321232962157223E+01  0.155740515313993E+01
   0.979715619724939E+00  0.244639648217941E+01  0.274305081778173E+01
  -0.112765334965684E+01  0.227752415746728E+01 -0.285178218228686E+00
   0.242882003670555E+01 -0.210328844729545E+01  0.134370281910822E+00
  -0.130291023346537E+01 -0.194114459060772E+01 -0.253515986404821E+01
  -0.848970297796965E+00 -0.397812710437406E+00 -0.196815457444145E+01
  -0.936190260610514E+00 -0.316995261650153E+01  0.248555488133199E+01
  -0.134383026796434E+01  0.216318466796945E+01  0.206407537100691E+01
  -0.226390062468919E+01  0.565486425962512E-02  0.338186557000636E+01
  -0.119202716001153E+01  0.231767290883281E+01  0.718315031313596E+00
  -0.202321706619567E+01  0.205988458338695E+01 -0.322483161817925E+01
  -0.245960806627169E+01 -0.592356204341968E+00 -0.131300404559645E+01
   0.179235067551435E+01 -0.380065501316189E+00 -0.113370626792576E+01
  -0.488935037848425E+00  0.185450773816716E+01  0.247516579580491E+01
   0.215680592569800E+01  0.155761747972923E+01 -0.327932399861080E+01
   0.104891348568794E+01  0.284718994691326E+01 -0.252770661253622E+01
  -0.302329729928268E+01 -0.159800545413135E+00 -0.295214834998229E+01
  -0.235419493846439E+00 -0.329465917219926E+01 -0.198549935015816E+01
  -0.350082739621026E+01  0.317051858057978E+01  0.215625342896988E+01
   0.488282404254464E+00 -0.279887440832218E+01 -0.357698606598839E+01
  -0.139303187886757E+01  0.326320778110902E+01 -0.599847530343003E+00
  -0.120803917624151E+01  0.306059006841775E+01  0.278006488043963E+01
  -0.283977791648680E+01 -0.235503393225714E+01 -0.247116706128510E+00
  -0.245961854724109E+01  0.297438023219406E+01 -0.319405191451133E+01
   0.867706000712251E+00  0.161114522696221E+01 -0.682635985924454E+00
  -0.541284851183211E+00 -0.242991264938924E+01 -0.217670204826255E+01
  -0.679768334310593E-01  0.235860269135629E+01 -0.197470562508300E+00
   0.171258814287172E+01  0.257838892532065E+01 -0.309074227633229E+00
   0.183465369635696E+01 -0.334703166856747E+01 -0.273373982748164E+01
   0.171050066277653E+01  0.253621325524357E+01  0.170985570222351E+01
  -0.173548475395872E+01 -0.159221671065750E+01  0.161098947646533E+01
   0.164079232887480E-01 -0.208571596216331E+01  0.197204110953732E+01
   0.270604838836255E+01 -0.340265033615531E+00 -0.157647177420669E+01
   0.200855845096145E+01  0.157659281771242E+01  0.378988487035472E+00
  -0.256410755489112E+01  0.315602597194060E+01  0.264716356519141E+01
   0.187393696300204E+01 -0.295852009250049E+01 -0.171499121408845E+01
   0.139501618427372E+01 -0.837647645553854E+00 -0.336500742652701E+01
  -0.197685306073397E+01  0.163830685568960E+01  0.266493925967337E+01
  -0.274632239701159E+01 -0.131620897944416E+01  0.174417984857738E+00
   0.171347283697513E+01 -0.320018917208556E+01  0.156906693229788E+01
  -0.794453949273073E+00 -0.338821991483385E+00  0.299919407746070E+01
   0.561105641715113E+00 -0.189607402829425E+01 -0.940673135751000E+00
   0.304243713038039E+01 -0.285562917105482E+01  0.178893889726732E+01
   0.984698654125666E+00  0.983689007982139E+00 -0.173643834959098E+01
   0.128154951639417E+01  0.243491928951933E+00 -0.299239920097099E+01
   0.294745012604200E+01 -0.133438462827451E+01 -0.892680514060045E+00
  -0.893995211657677E+00 -0.895732589472245E+00 -0.702885080852673E+00
  -0.761470997257048E+00 -0.143389617546424E+01  0.349932352351158E+01
   0.293656203954149E+01 -0.212868953774318E+01  0.312813360890560E+01
  -0.294403188892799E+01 -0.171183156708923E+01  0.194204197347986E+01
   0.295072102569852E+01 -0.120712837741847E+00  0.129633094203343E+01
  -0.220449849560004E+01  0.284837636478653E+01  0.482253183499398E+00
  -0.290662389434998E+00 -0.255470995312879E+01  0.281508001820081E+01
  -0.340508124433602E+01 -0.233942375554821E+00 -0.168530581648875E+01
  -0.304441467757623E+01 -0.111412561097159E+01 -0.203913714824284E+01
  -0.225845998505424E+01  0.284602519526149E+01 -0.122800927866199E+01
  -0.337232204956002E+01  0.318559764256807E+00  0.331040493779261E+01
  -0.326010105473619E+01  0.332619754351960E+01 -0.131777513064448E+01
  -0.291862664183833E+01 -0.221847547054508E+01 -0.180858576046394E+01
   0.539606222018853E+00 -0.770568652365876E-01 -0.205399865515195E+01
   0.339591129039336E+01 -0.171764319574920E+01 -0.179383209481593E+01
   0.326403083065774E+00  0.322132837492904E+01 -0.498616993256663E+00
   0.250017886210935E+01 -0.255578062621021E+01 -0.250641603058926E+01
  -0.335755253250518E+01  0.305297909294860E+01  0.346264449552377E+01
  -0.262324004462484E+01 -0.619726278406251E+00  0.119856403586945E+01
   0.133745086097711E+01  0.240105582738833E+01 -0.118234556827872E+01
   0.521417643136882E+00  0.193115939142147E+01  0.179660828062532E+01
  -0.146722919697789E+01 -0.174836355825399E+00  0.141428715876660E+01
  -0.113946371928513E+01  0.208118170102540E+00 -0.288603984068874E+01
  -0.322359382034536E+01  0.238540869357531E+00  0.329546310034557E+00
  -0.244512167219052E+01  0.143337646800227E+01  0.978991175788052E-01
   0.241971893015507E+01 -0.332789157729297E+01 -0.748597475448030E+00
   0.351557503554737E+01 -0.244345600436652E+01  0.954789430347300E+00
  -0.334514665801818E+01  0.260039570170187E+01  0.701974041112002E+00
   0.334061275114392E+00  0.105284661467854E+01  0.934802528794652E+00
  -0.214821756067605E+00  0.336779086342155E+01 -0.314528184108199E+01
   0.338838058507201E+01 -0.858842183578967E+00  0.220501746065381E+01
  -0.151697918827884E+01  0.100170281513106E+01  0.162073840711583E+01
  -0.970181939843601E+00  0.121927451784883E+01 -0.203373143859206E+01
   0.350529290737868E+01  0.714944535690706E+00 -0.243971781926222E+01
  -0.633219011639977E+00 -0.970026509933251E+00  0.185248756935612E+01
   0.428089181433066E+00  0.306850435812576E+01  0.184647547291308E+01
  -0.798445340969992E+00  0.146195793814092E+01 -0.933742246609398E+00
  -0.660470189164569E+00 -0.141844510124717E+01 -0.184263941904500E+01
  -0.310803413995625E+01 -0.293851111261505E+01  0.260161624850582E+01
   0.157898308215139E+01 -0.312391142073627E+01  0.100935235017013E+00
   0.323756836588027E+01 -0.291140813697949E+01 -0.323453342616742E+01
  -0.312849264857020E+01 -0.338044839741832E+01 -0.278274700050983E+00
  -0.122156440592632E+01  0.213786255638400E+01 -0.147414384127700E+01
  -0.288339428923244E+01  0.149429719127601E+01 -0.278966209101886E+01
   0.166737924925704E+01  0.325954951698021E+01  0.268872644707919E+01
   0.289033179518292E+01  0.270462918897205E+01  0.302087445640637E+01
  -0.741954732541055E+00  0.305093984929824E+01  0.182182845966655E+00
   0.208870067737620E+01  0.202852901580841E+01  0.290955333131885E+01
   0.169536343708814E+01 -0.431640423641005E+00  0.240477960946134E+01
   0.293193989084545E+00 -0.352814650606951E+01  0.394677905384266E+00
   0.203557740519546E+01  0.696691043062540E+00 -0.199109215666696E+01
   0.182461284372252E+01  0.146398079205292E+01 -0.627182314102538E+00
   0.144564824851797E+01 -0.191693417855791E+01 -0.203116970104260E+01
  -0.222340029515143E+01 -0.252116199688543E+01 -0.286038397414505E+01
  -0.110094268729362E+00 -0.718224606391612E+00 -0.269551923102147E+01
   0.138204046710202E+01  0.345497842480322E+01 -0.641538108614693E+00
   0.705222242484957E+00  0.186275848550020E+01 -0.317945728591998E+01
   0.355899596240168E+01 -0.157080807892276E+01 -0.455801578162315E-01
  -0.239947357204236E+00  0.691167598790824E+00 -0.192401030584024E+00
   0.132644897150834E+01  0.345274829466296E+00  0.285920621991403E+01
  -0.460866225253097E+00  0.315347931435464E+01 -0.116452287684386E+01
  -0.354337694565908E+01 -0.354943740380467E+01  0.113498481629249E+01
   0.556624306343941E+00 -0.127257741086483E+01 -0.223089892230644E+01
   0.324220749539547E+01  0.935532799652249E+00  0.115488559539895E+01
   0.270358487168255E+01  0.284721960726805E+01 -0.883466740867093E+00
   0.194385881349664E+01  0.118432430735130E+01  0.234169116118432E+01
   0.211998404663027E+00  0.104836230901197E+01 -0.274330554570773E+01
%  0.301702490012189E+01 -0.135231677909940E+00  0.146131763820143E+01
% -0.146882443364026E+01  0.198391342083625E+01  0.860068837291035E+00
% -0.137101537602815E+01  0.123734536623459E+01 -0.462676410752904E+00
%  0.798686234010454E+00  0.176031999873526E+01  0.438362557966228E+00
% -0.215197643061769E+01 -0.194889512393787E+01 -0.445957845173145E+00
% -0.161095418526380E+01 -0.132305255913306E+01 -0.416938448592247E-01
%  0.183040735486127E+01 -0.254409652830516E+01  0.959091562965200E+00
% -0.859055769841135E+00 -0.189895870519767E+01  0.510851869799422E-01
% -0.126969052985963E+01  0.146640576096497E+01 -0.254521339713622E+01
% -0.430998032269591E+00  0.716172612537799E-01 -0.125585838484662E+01
% -0.534490256659328E+00 -0.268711279099405E+00  0.226329056101380E+01
% -0.153342039664865E+00  0.984939665585773E+00 -0.147484802191662E+01
% -0.194269930784493E+01  0.157339812686641E+01 -0.237171053542719E+01
%  0.706948237715869E-01 -0.100649826812425E+01  0.952079093366498E+00
%  0.145277534314175E+01  0.698947229540809E+00  0.122772798718937E+01
%  0.110182825842859E+01  0.118515061749977E+01  0.245771384550007E+00
% -0.157618296062582E+00  0.487657017242724E+00 -0.328464324602217E+01
%  0.821135554730519E-01  0.454762538001380E+00 -0.602461621994148E-01
%  0.176747821284491E+00  0.129619534399513E+01 -0.226224876739436E+01
% -0.549439126107220E+00  0.104643073238780E+01  0.121749396309158E+00
%  0.263815058878323E-01  0.248083606572510E+01 -0.242354943260142E+01
%  0.105039425233480E+01  0.990462773026704E+00  0.164655314476669E+01
% -0.186012614566815E+01 -0.166339076054095E+01  0.128296608487949E+01
%  0.153184677349928E+01 -0.253147907193576E+01  0.520098056876967E+00
% -0.531669038795286E+00  0.122221302180388E+01  0.160450991724597E+01
%  0.557824017629591E+00 -0.162168696354105E+01  0.337753030651308E+01
%  0.321433599870817E+01 -0.205060753902013E+00  0.367317355907581E+01
% -0.377638592467593E+00 -0.610726973356964E+00 -0.135101602821392E+01
% -0.151522113226782E+01  0.664245982345145E+00 -0.242954848987587E+01
% -0.679637440096035E+00  0.907891879123272E+00  0.112598926475078E+01
% -0.289211447736570E+00  0.348961989671588E+01  0.202676859549495E+01
% -0.197390154368960E+01  0.108980964925345E+01 -0.134181076053093E+01
% -0.967591978527333E+00 -0.180529305857418E+01 -0.798586496959556E+00
% -0.131481663465676E+01 -0.477581111781835E+01  0.662298945874941E+00
% -0.942482590417823E+00 -0.186748874050388E+00 -0.217903709891487E+01
% -0.276338026691671E+01 -0.201899811748083E+01 -0.992740897229363E+00
% -0.160760118001263E+01  0.119400771514567E+01  0.723887561617272E+00
%  0.165344080339576E+00 -0.108443695808472E+01 -0.168227193401248E+01
%  0.217264267055346E+00 -0.602222584125484E+00 -0.164373527611757E+01
%  0.257729073005905E+00  0.166087806592458E+01  0.219635422291451E+01
%  0.114279410534874E+01  0.195486583352970E+01  0.239365599474236E+01
% -0.135244127030248E+01 -0.126855493683594E+00  0.315868822749947E+01
% -0.770288311092172E+00 -0.353404274177771E+00  0.274946985654993E+00
% -0.306244620342475E+00 -0.811764470741026E+00 -0.181667925420136E+01
%  0.389800240641609E+00 -0.382930729574294E+00 -0.388084642651642E+01
% -0.262716593984682E+01  0.204929731833039E+01  0.828265238899503E+00
%  0.527808588309634E+00 -0.335437326788231E+00 -0.467978048567205E+00
%  0.676120750802441E+00  0.157057299201694E+01 -0.238800854874843E+01
%  0.203566636035474E+00  0.283363632076054E+00 -0.633299240880277E+00
%  0.736235739856554E+00  0.578278281450259E+00  0.323224255273533E-01
%  0.339116937115319E+01  0.929727822537076E+00  0.558639032051326E-01
% -0.128003629830799E+01  0.331979293824669E+00  0.164835389290706E+01
% -0.821435247599565E+00 -0.174432404788477E+01 -0.313397503348380E+01
% -0.184682362372219E+01  0.976441465774618E+00  0.144238211187821E+01
%  0.364304684153866E+00  0.667380744344556E+00  0.553397965733210E+00
% -0.176450976839409E+01  0.314440706866745E+00 -0.877958542360686E+00
%  0.206022494007048E+01  0.139794263973931E+01 -0.153506178482324E+00
%  0.173834861772497E+00  0.107555015248867E+01  0.141466241574050E+01
% -0.214970046493639E+01  0.827205880557757E+00  0.103315687845045E+01
%  0.149647590984871E+01 -0.422188977841954E+00 -0.101400341417468E+01
%  0.299316835530323E+00  0.252896389771819E+01 -0.340944668456453E+01
% -0.492853248248582E+00  0.126577808180508E+01  0.305102157304015E+00
% -0.341328797910380E+00  0.178251685287339E+01 -0.219707514254732E+01
%  0.250325836432373E+01  0.619651608147506E+00 -0.252382400801713E+01
%  0.109391259424993E+01  0.664825384558030E+00 -0.589769351740188E+00
%  0.122547571509768E+00  0.197429994221905E+01 -0.427070721718491E+00
%  0.135510184244431E+01 -0.236228858439076E+00  0.158955621367584E+01
%  0.547238752296429E+00 -0.152139618187922E+01 -0.963930696706679E+00
% -0.803531252080616E+00 -0.226494140833445E+01  0.194683079174997E+01
%  0.241529174731799E+01  0.148509267807573E+01  0.684757302161621E+00
% -0.253762592656795E+01 -0.182863181255252E+00  0.263271845117919E+00
%  0.163828282440313E+01  0.717725902940459E+00  0.548661448322639E+00
% -0.167220943200642E+00  0.315406125311962E+00  0.362011095094870E+01
% -0.711839843292173E+00  0.469864630960172E+00 -0.680000528869238E+00
% -0.940397821859743E-01  0.173222057185239E+01  0.753010917939092E+00
% -0.220764858442905E+00 -0.273466784582957E+01 -0.163090625396782E+01
% -0.106000492969372E+01  0.148286235299855E+01 -0.245065939360427E+00
%  0.253500726492983E+01 -0.103373098145275E+01  0.161647906659062E+00
%  0.285850419308631E+01  0.149280014224335E+01  0.204538565802858E+01
%  0.139415062390289E+00 -0.742996964756093E+00 -0.245801206032121E+01
% -0.213993308398710E+00  0.197572744150520E+01 -0.177575168616324E+01
% -0.737734281160071E+00 -0.177897593390823E+01 -0.106700633279945E+01
%  0.639227069620005E+00  0.418239927507561E+00 -0.239076087903424E+01
% -0.667523941828273E+00 -0.139192425882268E+00 -0.284383806621197E+00
% -0.237502268750749E+00 -0.187223640282606E+01 -0.119946268552522E+01
% -0.103432348933511E-01 -0.274787742730052E+01  0.892054811483182E+00
% -0.276938250446669E+00  0.289964102636639E+00 -0.915170630455483E+00
%  0.828558457252214E+00  0.152964536890068E+01 -0.369302335198938E+01
% -0.215671762937425E+01 -0.220205060822630E+00 -0.676424372970094E+00
% -0.565778979079323E+00  0.190880797276423E+01  0.205551686365016E+01
%  0.274811459482578E+01  0.319903230713479E+01 -0.766826288389328E+00
% -0.412706800234733E+01  0.147938245272448E+01 -0.155913333505230E-01
% -0.109257029986605E+01 -0.678909901055772E-01 -0.210067474719926E+01
%  0.220248722913711E+01  0.162540129734862E+01  0.176080966325567E+00
%  0.197338704000275E+01 -0.268606250791766E+01 -0.387956749566953E+00
% -0.800553279135058E+00 -0.763800599915208E+00 -0.265771670077497E+01
%  0.979764984906236E+00  0.485638291842461E-01  0.197082461537322E+00
% -0.313945789909625E+00 -0.130283711106340E+01 -0.267534624467000E+00
% -0.128027202769755E+00  0.250788990757585E+00  0.150106198864161E+01
%  0.104109330122048E+01 -0.113393530913073E+01  0.315693814766275E+01
%  0.108002245483571E+01 -0.530487350782190E+00  0.172667366364977E+01
%  0.936067795204864E-01  0.884044502386402E+00  0.306872708182338E+01
% -0.197256498701280E+01 -0.732179214537111E+00 -0.732128368834844E+00
%  0.253850815198891E+01  0.231008556453479E+00 -0.103076886340756E+00
% -0.115965388000677E+01  0.189722640179695E+00  0.553461177259257E+00
%  0.142465133900872E+00  0.262640280683088E+00  0.556760284762685E+00
% -0.439743966144020E+00  0.133249693787269E+00 -0.282983557358550E+01
%  0.127666229110861E+01 -0.445781970950723E+00  0.727186139576794E-01
%  0.154609456710134E+01 -0.171198485343573E+01 -0.236661026650524E+01
%  0.751615571882345E+00 -0.989605175447494E+00  0.575811157125827E+00
% -0.257871956969556E+01 -0.105267676355036E+01  0.139934415276303E+01
%  0.672108960713852E+00  0.757075860456568E+00  0.156095100152166E+01
% -0.125542424108014E+01  0.766631867749850E+00  0.878148032599196E+00
%  0.162244098953824E+01 -0.222095901300683E+00 -0.218526548458421E+01
%  0.377264897938838E+00 -0.186681608638795E+01  0.591423043554094E+00
%  0.118273049412340E+01  0.857838032286787E-01 -0.390248198025287E+00
%  0.526769328900101E+00 -0.147253274904254E+01  0.186224197771974E+01
%  0.309244980624827E+01 -0.867718034321162E+00  0.268504664547682E+01
% -0.116567375668310E+01 -0.447041030735553E+00 -0.931612351814450E-03
% -0.193740826950721E+00 -0.162451819376818E+01 -0.551662474942266E+00
%  0.778464913876255E+00 -0.193805400214010E+01 -0.323203082645371E+00
%  0.191893388609038E+01 -0.165624018104469E+01  0.703830950986195E+00
%  0.142859953604378E+01  0.882264770898044E+00  0.226348444698004E+01
%  0.120780511538650E+00  0.780441956901893E+00  0.181044520277111E+01
% -0.247602876578298E+01 -0.559319268759798E+00  0.225216904304007E+01
% -0.148176753649483E+01 -0.134311817914828E+01 -0.259060123911763E+00
% -0.827270371747953E+00  0.766536747884566E+00  0.360958471056484E+00
%  0.799846457124263E+00 -0.247325169497638E+01  0.125341885829477E+01
%  0.130045443844429E+01  0.107415072508455E+01 -0.220389098701867E+01
%  0.164292687569380E+01 -0.412354236227651E+01 -0.164307404788781E+01
% -0.652944290459168E+00 -0.193008539344569E+01  0.165354606162481E+01
% -0.508626360473780E+00 -0.291883863603475E+01  0.112791115136341E+00
%  0.626220812824455E+00  0.113581695327915E+00  0.258509372423228E+01
%  0.535319836233158E+00 -0.209987180407316E+01 -0.268218231421413E+00
%  0.134924592972124E+01  0.618431009533882E+00  0.775899022856720E+00
%  0.289741629075355E+00  0.240840051794239E+01  0.165832777443863E+01
% -0.661251106470302E+00 -0.458861923519502E+00 -0.683797904064696E+00
%  0.107396370028776E+01 -0.325501959136607E+01  0.432838845420587E+00
% -0.455946064899438E+00  0.317347651309685E+00  0.132160635095975E+01
% -0.873941342882762E-01 -0.421950721076632E+00  0.156074715576833E+01
%  0.243627404003387E+01  0.621202629136262E+00 -0.163978172157300E+01
% -0.473428005921409E+00 -0.237177835544504E+00  0.535610529337245E+00
% -0.871616469666186E+00  0.201819936323419E+01  0.199998183335903E+01
% -0.108130161574847E+01  0.170625015567740E+01 -0.940020483817222E+00
% -0.789504622957300E+00  0.190896681759076E+01  0.841708897621940E+00
%  0.273447455156891E+00  0.420486895657013E+00 -0.485834020855590E+00
% -0.234689236989262E+01  0.910138070652247E+00  0.134123618642872E+00
% -0.584915828135001E+00 -0.229621857284432E+01  0.102855298213225E+01
%  0.169211106559659E+01  0.128719054478397E+01 -0.122355907181252E+01
% -0.883582678838029E+00 -0.491781486270976E+00  0.202060980117582E+00
% -0.397822466779717E+00  0.476088593844350E-01  0.334894489678667E+00
% -0.113053271692346E+01  0.187708951365224E+00  0.259331720797318E+01
% -0.921102448560563E+00 -0.802048129718752E+00 -0.211234535547665E+01
%  0.498840943883551E+00 -0.407916667660046E+00  0.868141979714453E+00
%  0.122216132641605E+01  0.189692751979695E+01 -0.874278713419871E+00
% -0.400710076033546E+00 -0.156538670811073E+01 -0.242186079153336E+00
% -0.314348971252302E+01  0.637763065991420E+00  0.726176880452800E+00
% -0.470068582267524E+01 -0.260109713207053E+00  0.211921413756760E-01
%  0.716957776473872E+00 -0.127895876728981E+01 -0.181519324350630E+01
% -0.934629678581161E+00 -0.643007995594675E+00  0.407314035929822E+00
% -0.183006634189952E+01  0.285021013324887E+01 -0.534536652918277E+00
% -0.962557003221894E+00  0.883117114684928E+00  0.271468567832304E+01
% -0.589762756121578E+00  0.184163849837525E+01 -0.171597223395144E+01
%  0.328312221091828E+01  0.377773291972281E+00 -0.685002847897185E+00
% -0.232051440701458E-02  0.323166811041279E+01  0.175978729030838E+00
%  0.148778263024047E+01  0.110855844184025E+01  0.128235452654609E+01
% -0.636735998444234E+00  0.232316718177229E+01 -0.390453642891082E+01
% -0.143603962926231E+01  0.154362243956929E+00  0.137113944345680E+01
%  0.781996161901746E+00  0.138548932926946E+01  0.311780685935512E+00
% -0.138391632017506E+01  0.703209383011613E+00  0.240512603579642E+01
% -0.260443115813623E+01 -0.431109411661902E+00 -0.239481473116052E+00
%  0.522962333865432E+00 -0.329989911629580E+01  0.349371661403683E+01
% -0.306425616364770E+01 -0.170325257407166E+01  0.398825557579484E+00
% -0.793362022549431E-01 -0.158617095282313E+01  0.142537151096143E+01
% -0.429237335276171E+00  0.300853814573497E+00 -0.108433584856136E+01
%  0.110456144153223E+01 -0.196876391585228E+00 -0.157340415470095E+01
% -0.120319472147377E+01 -0.508385840145277E+00 -0.262601912560815E+00
% -0.515589401767434E-01  0.178387746240844E+01 -0.604506241631248E+00
% -0.999275721843977E+00 -0.667461580770950E+00 -0.196885293673959E+01
%  0.128646658619550E+00  0.109374139372947E+01  0.721816564137956E+00
%  0.288925240572016E+01 -0.725960619665805E+00 -0.490428388368645E+00
% -0.266240603487289E+00  0.375706704559228E+01 -0.397351976187426E+00
%  0.558480075927393E+00  0.102901896509463E+01 -0.194799980069590E+01
%  0.429374062531627E+00 -0.631534639714616E+00  0.582832506082580E+00
% -0.561197201873986E+00 -0.104455749679191E+01 -0.108630892423474E+01
%  0.462013936696737E+00  0.716215867851232E+00  0.112574711236057E+01
% -0.147692487771897E+01  0.610135906657887E+00 -0.707765634588022E-01
% -0.143879258950126E+01  0.103541803684282E+01  0.158679119766195E+01
%  0.146751318678165E+01  0.140681915027490E+01 -0.331055146002500E+01
%  0.614625158949517E-01  0.962759277221499E+00  0.138825672313826E+01
% -0.767777405826285E+00 -0.468497597313690E+00 -0.931827892552511E+00
% -0.199596872793363E+01  0.334827166823524E-01 -0.141063041904949E+01
%  0.112677144083707E+01 -0.115745114531013E+01  0.227023916281091E+00
%  0.305960494363908E+01 -0.171987491311247E+01  0.108618579145989E+01
%  0.204960987124649E+01 -0.463279132040445E+00 -0.358739873006178E+00
%  0.707074663588619E+00  0.791314384547875E-01 -0.275235828528341E+00
%  0.150222302813248E+01 -0.109221171076981E+01 -0.130683420525126E+01
% -0.147687494777582E+01 -0.122915652441457E+01 -0.314508031152280E+01
%  0.870784048239595E+00  0.585485682725254E+00  0.162022516660325E+01
%  0.670384201323251E+00 -0.252839769790696E+01  0.203933020197210E+01
%  0.296982213531289E+01  0.776990169352254E+00 -0.320966654886206E+01
% -0.995983933916754E+00 -0.250069301071214E+01 -0.254806279765493E+01
% -0.173896960403826E+01  0.782504031666432E+00  0.782150849033906E+00
%  0.855786949490114E+00  0.221878749436105E+01 -0.175225351008523E+01
% -0.206951619587412E-01  0.764469408139428E+00  0.122462429178312E+01
% -0.447409193278442E+00 -0.659140736397134E+00  0.774570852834124E-01
%  0.235566759032327E+01  0.216802049352594E+01  0.991714405705407E-01
% -0.230091677236163E+01  0.373515157765060E+01  0.159716083349289E+01
% -0.183194934236090E+01 -0.201747199844253E+01  0.159984920571482E+01
%  0.200596276052080E+01  0.607707496281531E+00  0.332935931418659E+01
% -0.114358711024061E+01 -0.567921165768872E+00  0.877720198408220E+00
% -0.614985557056345E+00  0.466155626686594E+00 -0.302494911436232E+01
%  0.387645826932938E+00 -0.925996174121785E+00 -0.242580777732175E+00
%  0.331436738809304E+01  0.485147455022796E+01 -0.789602399692988E+00
%  0.572087774307052E+00  0.646574202390373E+00 -0.192399809556684E+01
%  0.754661857170503E+00  0.558959742714757E+00 -0.785071965840981E+00
%  0.137633993463703E+01 -0.332366144821723E+00  0.843977118128124E+00
%  0.137537846940753E+01 -0.206389838291270E+01  0.248207619661247E+00
% -0.734144057753831E+00  0.116214182773731E+00 -0.460396773918918E+00
%  0.720156380116717E+00  0.176860919566418E+01  0.190672965884299E+01
%  0.126534615552244E+01  0.523393917166595E+00  0.158303339317171E+01
%  0.265441357317232E+01 -0.239637316285656E+01  0.391361280059427E+00
% -0.142516793407127E+01  0.426369609970317E+00  0.124634437835306E+01
% -0.169024351301756E+01 -0.166410875204405E+00 -0.103488741495813E+01
%  0.679967575771431E+00  0.381468803737840E+00  0.326794720400491E+00
%  0.175224719437855E+01 -0.144381690168873E+01 -0.173154722270216E+00
%  0.627119575336453E-01 -0.217539955007650E+01  0.171219470865724E-01
% -0.114827043472515E+00 -0.185052899427502E+01  0.875572727955301E+00
%  0.145471119425428E+01  0.283347253088507E+00  0.490767372433996E+00
% -0.987990470457952E-01  0.233775736847097E+01 -0.407716602486121E+01
%  0.357935610377951E+01 -0.796987143409263E+00  0.564478072957924E+00
%  0.162350692961894E+01 -0.208764390004401E+01  0.141101893022811E+01
% -0.157198689854949E+01 -0.277654796694874E+00 -0.458442253174468E+00
% -0.109115431843245E+01  0.754581021635431E+00  0.125520430815506E+00
% -0.387885071113139E+00  0.576384335440967E+00  0.246257803259024E+01
%  0.151726717631643E+01  0.464720020977429E+00 -0.193047016229540E+00
% -0.500453756613122E+00  0.533468213992625E+00 -0.394535553851853E+01
% -0.221420100076394E+01 -0.211690789011749E+00  0.384584458135425E+00
% -0.159316160633564E+01 -0.687238718940889E+00  0.168113400951716E+00
% -0.897727092308847E+00 -0.193613514180469E+01  0.839787594313579E+00
% -0.136838524601663E+01 -0.148641023440213E+01 -0.702249383149405E+00
%  0.168353377292952E+01 -0.217421443218360E+00  0.370520042121503E+01
% -0.213410814785369E+01 -0.214345305650189E+01 -0.605250391812142E+00
%  0.167072146333045E+01 -0.172456155726164E+01  0.114265836012162E+01
% -0.899907202761418E+00  0.390974560357076E+00 -0.337197666308708E+00
% -0.195774268596971E+00 -0.350683462615269E+00  0.340501542747978E+00
%  0.110156009291731E+01  0.183871848321073E+01  0.924331364724081E+00
%  0.157898367049908E+01  0.111432461591721E+01 -0.131313097479165E+01
%  0.412134464781558E+00  0.232095301285046E+00 -0.194752736199447E+01
% -0.104405005417748E+01 -0.196264650409738E+01  0.121789844883846E+01
% -0.139593261021145E+01  0.439196819746104E+00 -0.349989844270431E+00
% -0.372421605152192E+00 -0.783560962757750E+00  0.958246745750408E+00
%  0.136988458144799E+01 -0.284077264560697E+01  0.981250141100794E+00
% -0.108968778583883E+00  0.132524201564789E+01 -0.204564468973248E+01
% -0.273032445149832E+01 -0.325281919238692E+01 -0.378863079715724E+00
% -0.100163388884788E+01  0.863741929693047E+00 -0.609019164000707E+00
%  0.449420168225124E+01  0.454906539278022E+02  0.369136535419779E+01
% -0.304786165573417E+01  0.253324360261944E+01  0.374122333189296E+00
% -0.179985821549259E+02  0.329479773586031E+01  0.684335511077736E+02
%  0.232222696386952E+01 -0.177839633336552E+02  0.731807844272295E+01
% -0.113949686600828E+02 -0.264553152433981E+02 -0.231720034576745E+02
% -0.513740386876235E+01 -0.147582039116114E+01  0.120628270191505E+02
%  0.215413618841215E+01  0.109419979283054E+02  0.129697321284780E+01
% -0.147846906280072E+02 -0.666495315753864E+01  0.547309381913195E+02
%  0.148642075583736E+02 -0.161674547200786E+02  0.766989410261143E+01
%  0.147111261202237E+02 -0.418531308353604E+01 -0.125438210612412E+02
%  0.281223823196865E+01  0.473140538836460E+01 -0.437325549556704E+02
%  0.256046502681059E+01 -0.721710660353175E+01  0.117309406114975E+01
% -0.234583395893030E+00 -0.791420905628883E+01  0.253348057068891E+01
%  0.237447356482994E+02 -0.668247764103516E+02  0.828818296083109E+02
% -0.913060024430460E+01  0.122873516908184E+02  0.406478557534419E+01
%  0.132366813082791E+02 -0.303512052770471E+02  0.720169711100113E+01
%  0.537346558019548E+01 -0.401071958974705E+01  0.379658333599331E+01
%  0.412393851429848E+01 -0.245276941084637E+01 -0.206681626342698E+02
%  0.557143077269777E+02  0.503047321356659E+01  0.421665212804881E+02
%  0.241569714752391E+02 -0.722990760353567E+02  0.591889505035215E+02
% -0.367464165768045E+02 -0.603108362274582E+01 -0.156459930872340E+02
%  0.116494765573321E+02 -0.176094918192244E+02  0.367532861005275E+01
%  0.117567290202416E+02  0.781588776334443E+00  0.116180250506376E+02
% -0.135655360108038E+02  0.252058062626898E+01  0.126234728540202E+02
%  0.324049905492589E+02 -0.939295264972722E+02 -0.792078738260457E+02
%  0.668788968913654E+01  0.217706373896065E+01  0.792609275220442E+01
% -0.465750298330125E+01  0.154162068937408E+02 -0.101842225212005E+02
%  0.106420540037038E+02 -0.141393328437587E+02 -0.874523529402223E+01
% -0.203956850862599E+02  0.105703024654653E+00  0.556281868927137E+01
% -0.180138917547375E+02 -0.352622352188315E+00 -0.166956431068982E+01
%  0.223079674068722E+02 -0.719209404362512E+01  0.117590213259001E+02
% -0.327787374815794E+02 -0.316873581133829E+02 -0.156778931649663E+02
% -0.684755226341702E+00 -0.356190589316790E+01 -0.183484228693531E+01
% -0.442603217929507E+02 -0.504066928574145E+01 -0.324796083204718E+02
% -0.424731979373206E+01 -0.167808211087110E+01  0.123097272237414E+01
% -0.339389673503159E+02  0.162252185157366E+02 -0.170432369504499E+02
% -0.385800985103611E+02  0.225170169953242E+02 -0.113609469598206E+02
%  0.542130904284287E+02 -0.333653612880915E+02 -0.275537788729020E+02
% -0.242974864702172E+02  0.520583030102532E+02  0.338336956207871E+02
% -0.404710710645067E+01  0.522677900555112E+01 -0.100806394887101E+02
%  0.367709830637195E+01  0.369570015401254E+02 -0.162374806834802E+01
% -0.113963214466687E+02 -0.217348071658121E+02  0.769470915546648E+01
% -0.371405014220755E+01  0.335275985376865E+01  0.417548724363954E+00
% -0.805076099817175E+01  0.228150069623299E+02 -0.299197889472546E+01
% -0.788254475074408E+01  0.137023237661516E+02  0.261522018536238E+01
% -0.303209976975254E+01  0.247386254987917E+02 -0.675288437659004E+00
% -0.382779500671442E+02  0.443559421495874E+02  0.636239545633147E+02
%  0.161780147512688E+01  0.100275584960808E+01 -0.503843618534403E+01
% -0.250402348179714E+02  0.270973441746781E+01 -0.222962808763070E+02
% -0.454814011881010E+02 -0.428019964860228E+02 -0.351034696041529E+02
% -0.140697842865204E+02 -0.575468719060609E+01 -0.224506395815979E+01
%  0.286187768316992E+02  0.266671399206033E+01 -0.302720684200937E+01
% -0.266906620543167E+02 -0.367884445506152E+02  0.253552201296595E+02
% -0.166510951271839E+03  0.101148568232024E+03  0.427997882655928E+02
% -0.981751234840401E+01 -0.348046935396360E+02 -0.366381170918982E+01
%  0.132877935311300E+02  0.196119463052365E+02  0.108655282857196E+02
%  0.105503089624239E+02  0.257181271824944E+02  0.148945922601177E+02
% -0.657517858128009E+02 -0.391393314318375E+02 -0.651871460273187E+02
%  0.316178941609432E+01  0.143871246684710E+02  0.834550110126842E+00
% -0.180478243124930E+01  0.130025069397497E+01  0.531729387709722E+01
%  0.463868921581290E+02 -0.164273910869607E+00 -0.167042006976498E+02
% -0.265390261763223E+02 -0.110679202232980E+02  0.108351766480378E+02
%  0.220631380969493E+02 -0.669020729500682E+01 -0.735551601735500E+01
%  0.108732952614314E+02 -0.164100308674015E+02 -0.886463056582260E+01
%  0.567794661986785E+01  0.273164812600047E+01 -0.863765048817991E+02
%  0.166361391634955E+02  0.100177802820439E+01  0.239723666126878E+02
% -0.496524425798888E+01 -0.802162156631173E+01  0.327122597915686E+00
%  0.305279084116330E+02  0.398082847141755E+02  0.608819574415194E+02
% -0.701474466431292E+01  0.110819454517065E+02 -0.113256122794358E+02
%  0.528051778175738E+02  0.137779221167070E+02 -0.402192214813126E+02
%  0.253970385185205E+01  0.121773524917292E+02 -0.612553795178512E+01
% -0.669325535157960E+01  0.266292688351649E+02  0.133311492961204E+01
%  0.209922779726171E+02 -0.900855746613145E+00 -0.328253332763671E+01
%  0.252757371447617E+01 -0.525643302015831E+01  0.737621698022339E+01
%  0.109440089842575E+01 -0.497316272936227E+00  0.400980757375714E+01
%  0.641100862428064E+00 -0.295733189315419E+01  0.254422005874319E+01
%  0.182673996503796E+02  0.963586983304141E+01 -0.928220766415435E+01
% -0.366292694821542E+02  0.452990194272943E+01 -0.658104288662219E+01
% -0.166454303415509E+02 -0.241898555338773E+01 -0.103646475219899E+02
%  0.339409834107858E+02  0.377768602866499E+02  0.281973640480998E+02
%  0.740547978187181E+01  0.681188078612799E+01  0.453622533456032E+01
%  0.126253404562049E+02 -0.204949438827486E+01 -0.355599544975628E+02
% -0.730710794392709E+02 -0.140643996034934E+02  0.462478040326218E+02
% -0.136359605715097E+02 -0.199909269431920E+01  0.179738232478162E+02
% -0.391164904494155E+02 -0.445896584392163E+02  0.257372493547988E+02
%  0.396598952165730E+02  0.310148319439715E+01 -0.188209375222390E+02
% -0.169912631621193E+02 -0.405566964387637E+02  0.105655442194517E+02
%  0.433812069968981E+02  0.407452492000034E+02  0.275696282624340E+02
% -0.884122755355381E+01  0.232401749892921E+01 -0.706400924633351E+01
% -0.351629571561282E+01  0.297563090176777E+02  0.320158004068184E+02
%  0.452077093247047E+01 -0.720786520966632E+01 -0.537794976473520E+01
%  0.221698926332085E+02  0.180452069271828E+02 -0.501662853120649E+02
% -0.195457016612405E+02 -0.104235300250903E+03 -0.772036501900324E+02
%  0.160714369786689E+02  0.464370332974913E+01  0.236629594283844E+02
%  0.215120864529809E+01 -0.220298493396093E+02 -0.337588785551167E+02
%  0.124221172862796E+02 -0.416827317882759E+01 -0.918881978479341E+01
%  0.339317740868026E+01  0.230173359987946E+02  0.514618327962286E+02
%  0.533294082998738E+01  0.224441481130658E+01  0.476581325895098E+00
% -0.310587075942461E+02 -0.269211695458124E+01  0.547315437315672E+01
%  0.380074883512332E+01  0.897846247141021E+01  0.457875431005631E+02
% -0.919131602000441E+01  0.215274061309692E+02  0.366864791373092E+00
% -0.211435557744972E+02  0.150887415902398E+02 -0.105358263967009E+02
%  0.548604763559131E+01 -0.696364120947304E+01  0.100020106196854E+03
% -0.182577649885627E+02  0.110212428780670E+02 -0.188020580086308E+02
%  0.274262432847671E+02 -0.235921826898129E+02 -0.217059785229673E+02
%  0.321581729907048E+02  0.953382244422280E+02 -0.596468472978587E+02
% -0.947267174416857E+01 -0.134724965968200E+02 -0.155083187154948E+01
%  0.134961559005417E+01  0.435578571345578E+01 -0.163302800332968E+01
% -0.345227297105761E+02  0.278211071859297E+01  0.421734455956597E+02
% -0.162673570037111E+02  0.293309389645195E+00  0.875211109091821E+01
%  0.121716622405675E+01  0.213790860220982E+02  0.687615919073183E+00
%  0.223831414985373E+02  0.288707226810190E+02 -0.353526150205606E+02
% -0.243136112920148E+02  0.630167217363219E+02 -0.650620495365319E+02
% -0.146035315968900E+02 -0.292643135214180E+02 -0.137034867133178E+02
%  0.695277963238485E+01  0.393750708240136E+02 -0.193456459580290E+01
% -0.343818177533658E+01  0.331717452799235E+02 -0.890854255403493E+02
%  0.626224045658927E+00 -0.135549066234885E+02  0.857162683530849E+01
%  0.122502096398677E+01 -0.352148579267085E+01 -0.141564528512327E+02
%  0.501195530442235E+01 -0.107745777431699E+02  0.699811001120339E+01
% -0.544771481504322E+01 -0.171116676194392E+02 -0.172518928487734E+02
% -0.142273453840436E+02 -0.300838671418216E+01 -0.225067148684538E+02
%  0.135203179606735E+02  0.164619707876657E+02 -0.156960630308199E+02
%  0.133128166455572E+01 -0.102743130172998E+02 -0.406687912935510E+01
% -0.228536015898476E+02 -0.702326261007254E+02 -0.297808679722484E+02
% -0.322117394558437E+02 -0.123183107399170E+02 -0.865570547330395E+00
% -0.114973588355308E+02  0.143114550504426E+02 -0.882775058801547E+00
% -0.437743919036587E+02  0.655057488095957E+01 -0.163087782563964E+02
%  0.252094236549079E+02 -0.680411404229094E+01 -0.310733131565389E+02
%  0.215779868080267E+01  0.252915462293708E+01  0.584511801404833E+01
%  0.623644647323984E+01  0.452295181859165E+01  0.243590025043700E+01
%  0.843261467414819E+01 -0.585122113450156E+01  0.246280197279385E+02
% -0.480780748112043E+01 -0.246651609004523E+02  0.373316708278229E+02
%  0.694231494828038E+01 -0.783562108810164E+01  0.520518871208659E+01
% -0.222625267620877E+00 -0.291444355981303E+02  0.794678469179789E+01
%  0.275885896094062E+02 -0.276264596585008E+01 -0.102451929339061E+02
%  0.179122505502882E+01  0.105139902302273E+02  0.131002578086754E+02
%  0.163057555082662E+01 -0.780742232349035E+01  0.439719089503458E+01
%  0.236655996209923E+01  0.270509038029055E+02  0.231419200136448E+02
%  0.161134389432658E+02  0.279053592812639E+02 -0.366451031345811E+02
%  0.112483676850477E+02  0.204427245291980E+01  0.546639488365876E+02
% -0.476897500074074E+01 -0.105562469969929E+02  0.170850800418064E+01
%  0.176484284367935E+02  0.174507746766089E+02  0.452180925057185E+01
%  0.400614907590082E+01 -0.879767527052783E+00 -0.644962827018803E+01
% -0.926673119604929E+01  0.721174398911462E+01  0.267581536653883E+01
% -0.808357616949132E+00 -0.103349703080592E+02 -0.104271286420396E+02
% -0.180168844998532E+02 -0.316673426592077E+02 -0.364917961587563E+02
% -0.684628314022786E+01 -0.115393197506651E+02 -0.123805623664116E+02
% -0.106372277372219E+02  0.640557007362241E+01 -0.204313217362004E+02
% -0.208505068895719E+01  0.126362734676252E+02  0.231793114204031E+01
% -0.310181521632171E+02 -0.870482880948713E+01 -0.163462557663094E+02
% -0.121994993663649E+02  0.115064698049798E+02 -0.233974105989918E+02
% -0.188611797420763E+01 -0.705582332781917E+01 -0.206943111538968E+01
% -0.119752230248284E+02 -0.101770664901902E+02  0.347983001404651E+02
%  0.767266187865686E+02 -0.829408785987025E+01  0.280375217104207E+02
%  0.321883496093730E+02  0.412381414883002E+02 -0.145270043770611E+01
% -0.255097429164595E+02  0.423157708027586E+02  0.310069027104235E+02
%  0.217478130608581E+02 -0.330606455302775E+01  0.106700346663154E+02
% -0.903127088464351E+00 -0.155227528940739E+01  0.521453548078175E+01
% -0.220753453895594E+02  0.761325977439251E+01  0.130162445946160E+02
%  0.348064360385759E+00 -0.416364128627616E+01  0.984434649655593E+01
%  0.317630647045912E+02 -0.896986102223012E+02 -0.874080552271445E+01
% -0.557842459948315E+01  0.656924370418245E+00  0.165678017699133E+00
% -0.174868061756604E+02 -0.926135541945521E+01 -0.512687693816282E+01
% -0.116220316340822E+02  0.109499466261003E+02 -0.810866339414432E+01
% -0.130342617012187E+02 -0.249980881306286E+02  0.339517127480163E+02
% -0.349544943094392E+02  0.227145752103577E+02  0.211044834962340E+02
%  0.180304446014869E+02  0.427781743952718E+02  0.284600337881745E+02
% -0.452459860620735E+02 -0.532459421077284E+00  0.424754417596155E+01
%  0.184194494886186E+01  0.504690870786506E+02 -0.240142212576653E+02
%  0.256282954113646E+01 -0.313095930725295E+02  0.654882318095637E+01
%  0.277658002028175E+02 -0.182622069915663E+02  0.489668086597262E+02
% -0.278846489257390E+02 -0.888667439641334E+01  0.230353810679942E+02
% -0.348975443599577E+01  0.295275100076603E+01  0.165269036327457E+01
% -0.406884930646861E+02  0.353557607630667E+02 -0.253155631574278E+02
%  0.128292099176950E+02  0.981836658471495E+01 -0.161548418567379E+02
%  0.620258091910483E+02  0.751378135917808E+02  0.923728826997159E+01
%  0.222481805557822E+01  0.564452834934441E+00  0.115188989967231E+02
% -0.284670964228475E+00 -0.210057651696847E+01  0.193243757571551E+02
% -0.372860845844698E+02 -0.904541282975382E+01  0.963270079799322E+00
%  0.311747710318104E+02 -0.216481755676825E+02  0.121990782362376E+02
%  0.151244310879884E+02 -0.441806045092913E+00  0.157190647825458E+02
%  0.158040776101545E+02  0.114328316602028E+02 -0.398715444656781E+01
%  0.651200389107478E+02 -0.347332661973611E+01  0.312329989895017E+02
%  0.958052806710172E+00  0.689778392411947E-01 -0.199249067481135E+01
%  0.550123838564107E+00  0.287320298221819E+02  0.593304447203250E+02
%  0.164120176285327E+03 -0.127919165913886E+03 -0.272185799960171E+02
% -0.136785205691425E+01  0.475341984521982E-01 -0.510273401882814E+01
% -0.550668703844391E+00  0.163343900733626E+01  0.230595001682633E+01
% -0.562717148939997E+01  0.230112311027059E+02 -0.913914817401560E+01
%  0.430365036828049E+02 -0.374231854389421E+02 -0.763360068354494E+02
%  0.386360882968987E+01  0.636122690913559E+01  0.109495046136910E+02
% -0.338876481136379E+00 -0.181693185760470E+00 -0.125083029091897E+00
% -0.409917298308111E+02  0.177287821544487E+02  0.311805432762808E+02
%  0.853149659938172E+01 -0.200313002055550E+02  0.276395975244683E+02
%  0.921883250675655E+00 -0.122849715179678E+01 -0.248003605424971E+01
%  0.371735414221851E+02  0.303377819454148E+02  0.347422933794425E+02
% -0.144529236757498E+01  0.181092181838286E+02  0.408097371084917E+01
%  0.195096643409740E+02  0.205887537318082E+02 -0.272420611666212E+02
%  0.316663903890463E+01  0.362002797887176E+01  0.330148741969106E+01
%  0.697748264536144E+01 -0.265550181853455E+02  0.200866347073478E+02
% -0.293913977125772E+01  0.102535412204149E+03  0.205929576117591E+02
%  0.310922087986047E+02 -0.214014671218513E+02 -0.507508709079108E+01
%  0.133714727531623E+00  0.180820093972843E+01 -0.703445596761559E+00
% -0.690680385918286E+02 -0.668489430327706E+01  0.338172379879048E+02
%  0.191034885864929E+02  0.109934263215092E+02 -0.309233974909062E+02
% -0.308042877512191E+01  0.145210876974632E+02 -0.160438993394633E+02
% -0.239268005413065E+02  0.293964532273715E+02 -0.129915867543456E+02
% -0.213753928811681E+01 -0.125276655753279E+02 -0.988064394599604E+01
% -0.102293180556378E+02 -0.160881290611020E+00 -0.452458746941013E+02
%  0.900234179217212E+01 -0.105562312481677E+02  0.113508652722490E+02
% -0.150025966693472E+02 -0.685966613850213E+01 -0.171831678976198E+02
% -0.476944198132359E+02  0.530093813506733E+01  0.111453496635180E+02
% -0.482294827458725E+01  0.260581272837489E+02  0.183277815776794E+01
%  0.137498013304436E+01 -0.150819757097957E+00 -0.178142848331711E+01
% -0.301592032123799E+01  0.203147002347923E+02  0.221996105631137E+01
%  0.104626507220020E+02  0.129074961649745E+02  0.149930056514362E+02
%  0.361203902241497E+01  0.784192075986277E+01 -0.982470430038573E+01
%  0.215368121169072E+02 -0.105777220113972E+02  0.130043257178613E+02
%  0.275587834368237E+00  0.489842098403279E+01  0.225542914286718E+01
%  0.616839613280441E+01 -0.356057086590377E+02 -0.724056892789781E+01
%  0.281406917547814E+01 -0.548866268275871E+01  0.444472904137576E+01
%  0.912004511529955E+01  0.272100089421181E+02 -0.170204516012411E+02
%  0.106625066564955E+02 -0.172737566969958E+02  0.134172469552540E+01
% -0.900768533839298E+01 -0.297052863027991E+02  0.226481354104347E+02
%  0.114158251324911E+02 -0.132785366893348E+02 -0.144149766353982E+02
%  0.367850006424133E+02 -0.253075800264280E+02  0.219783837790873E+02
%  0.144491715136952E+02  0.366855578524349E+01 -0.738723588553304E+01
%  0.117720958100371E+02  0.863860767102062E+01 -0.114663020703238E+02
%  0.113606692907607E+02  0.355898906804722E+02  0.391920020215254E+02
%  0.146753779048288E+02  0.191296911918495E+02 -0.109436510365306E+02
%  0.380239053283715E+01 -0.961681439166623E+01 -0.932757078300503E+00
% -0.181385296294728E+02  0.394829275201519E+02 -0.270771044249235E+02
% -0.173084022245186E+02 -0.369373809019398E+01 -0.132322409388910E+02
%  0.112421729600272E+02 -0.138037239908617E+02 -0.871386024134299E+01
%  0.116625141034764E+01  0.762737827936248E+01 -0.178331558166958E+01
%  0.500042361986719E+02 -0.260351406310132E+02 -0.156697209079831E+02
% -0.834056468528852E+01  0.109467495106002E+02  0.203299404906253E+01
%  0.187639778012208E+02 -0.305558502314773E+02 -0.270647837268297E+02
% -0.237377616527896E+02  0.128562434241972E+01  0.105745294266673E+02
% -0.177085097013085E+02 -0.457515410646766E+01 -0.245265209556126E+02
%  0.412060421573242E+02  0.806268043807370E+01 -0.166150978383346E+02
%  0.165273034770682E+02 -0.163142830382605E+02 -0.179788538125419E+02
% -0.916204148516556E+01 -0.115402741863638E+02  0.168909088322526E+02
% -0.118584898764039E+02 -0.775808724306700E+02  0.334064241577108E+02
% -0.189021578898435E+02 -0.529155231909208E+01 -0.511318968401498E+02
%  0.510109956450254E+01  0.150200086013089E+02  0.811426214500832E+00
% -0.980460501753489E+02 -0.882003729805867E+02 -0.451663491216212E+02
%  0.367490198011741E+00 -0.110251774328831E+01 -0.132542773240056E+01
% -0.150920855022285E+02  0.207494974843670E+02  0.328992654738393E+02
% -0.103818770481620E+02 -0.165235564248641E+01 -0.553968111196077E+01
%  0.170408797449442E+01  0.218862141105148E+01 -0.205807945497341E+01
%  0.432103675031281E+02  0.587884359431247E+02  0.886813380997314E+01
%  0.257494044796649E+02 -0.917855771144140E+01 -0.420170372745817E+02
%  0.106851734672702E+02 -0.118073886524453E+02  0.839564377017711E+01
%  0.132841364561051E+02 -0.498755492993385E+01 -0.216890813523646E+01
% -0.207526559240117E+01 -0.805248083583949E+01  0.828820331268152E+01
