% T    256  0.715122828077254E+01  0.715122828077254E+01  0.715122828077254E+01
  -0.595269378185456E+00  0.352338137401050E+01 -0.239854300030533E+01
  -0.275480983737064E+01  0.181036531221212E+00 -0.617313668826344E+00
   0.152276693127425E+01 -0.252349870125499E+01 -0.365792040813912E+00
   0.261726052051263E+00 -0.249583417456318E+01 -0.164049193598319E+01
  -0.456870497835576E+00  0.201905618091768E+01  0.126699439088124E+01
   0.847118360723630E+00 -0.297537457776808E+01 -0.849875505633800E+00
  -0.248245507009292E+01  0.810996054370529E+00  0.311907582107174E+01
  -0.217430478572658E+01  0.243966089328234E+00  0.981182830678803E+00
  -0.345728440663902E+01 -0.862374866681586E+00 -0.460593912647510E+00
  -0.129166778395694E+00  0.344542833589403E+01 -0.120410584819117E+01
   0.317327998347404E+01 -0.374822520484866E+00  0.928651214312905E+00
  -0.102175792457261E+01  0.335449283888199E+01  0.184397118205006E+01
   0.107198143032524E+01  0.179168843395692E+01 -0.312979810244565E+01
  -0.289509319999750E+01  0.354825149185650E+01 -0.325996612564959E+01
   0.251761417809859E+01  0.111911656323267E+00  0.263996978249723E+01
  -0.176464110690711E+01 -0.347890832835762E+01 -0.345516455352401E+01
  -0.175855192756272E+01  0.590795369819082E+00  0.535781420776325E-03
  -0.674233088384377E+00  0.190728209245502E+01  0.273362322050716E+01
   0.110790578057979E+01  0.733304964320413E+00  0.198832149209796E+01
   0.327440931470708E+01 -0.964762772727192E+00 -0.240463766641508E+01
   0.364847832322689E+00 -0.130235598380059E+01  0.546813426417815E+00
  -0.328003433423157E+01 -0.240580274980723E+01  0.297103251873004E+01
   0.259506033825740E+01 -0.365234037342558E+00 -0.335540390886677E+01
  -0.530781751087958E-01  0.182808173209721E+01  0.470539568616642E-01
  -0.132301050361913E+01  0.234982844086884E+01 -0.110269289833806E+01
   0.217907781515821E+01 -0.163778511976423E+01 -0.481087376115193E+00
  -0.316197681769850E+01  0.209256569732033E+01 -0.260390614271089E+01
   0.176487704441318E+01  0.388433566803862E-01 -0.186445574342997E+01
   0.997796903007675E+00  0.261348226701518E+01  0.354547980358779E+01
   0.265654979307985E+00  0.180733799654038E+01 -0.163292452945713E+01
   0.119184417990832E+01  0.253224375974603E+01 -0.237941310838278E+01
   0.252429252494411E+01 -0.156703509510563E+01  0.145060305325476E+01
   0.514048735830306E+00  0.455004337154568E+00  0.106958715021519E+01
   0.125275485199624E+01 -0.135491483090189E+01 -0.981535538739216E-01
  -0.876204695873226E+00  0.237260406924398E+01  0.380492928027172E+00
  -0.290127246780088E+00  0.993527424998904E+00  0.819717719747034E+00
  -0.340075536713946E+01  0.128141272916908E+01 -0.207577437756189E+01
   0.212704527508884E+01 -0.103893829084125E+01 -0.172807050978790E+01
  -0.148025670292356E+01  0.999578295545837E+00 -0.337915560806705E+01
  -0.325493444252400E+01 -0.692941139561203E+00  0.285838445210778E+01
   0.160609907341114E+01 -0.593541867004568E+00  0.214398221373949E+01
   0.173403757255295E+01 -0.274728433064002E+01 -0.137582995812644E+01
   0.211842377137047E+01  0.118727747152277E+01  0.255733442670822E+01
  -0.108795440734002E+01  0.145404146661119E+01 -0.388085470657231E-01
  -0.289384402699882E+01  0.491457151969880E+00  0.162380430491969E+01
  -0.281791314815221E+01 -0.161603843752251E+01  0.151944201178760E+01
   0.310386747832704E+01  0.120710833605870E+01 -0.293132463695678E+01
  -0.918929108573575E+00 -0.948323314803328E+00 -0.771752477050882E+00
  -0.134439531414216E+01 -0.263471182705504E+01 -0.263531593789851E+01
  -0.203308038610624E+01  0.173917278632654E+01 -0.291600026979213E+01
  -0.165404972109322E+01  0.155811727588626E+00 -0.100368137946718E+01
  -0.246908588636119E+01 -0.250839057619663E+01  0.167335939329209E+01
  -0.353340018923867E+01 -0.189397530698119E+01 -0.113619309117242E+01
   0.567851361866664E+00 -0.351216407542627E+01  0.663638373406734E-01
   0.134639559918608E+01  0.100439125874677E+01  0.719471927194440E+00
   0.405249672298922E-01 -0.264477785833030E+01  0.129452209049847E+01
  -0.293291648278552E+01 -0.139571495364562E+01 -0.216231117911693E+01
   0.249278743635244E+01 -0.118396673780693E+01  0.303907281890503E+01
   0.512833564065840E+00 -0.230643049366754E+01  0.211728760736166E+01
  -0.311482466076913E+01 -0.121502930426694E+01  0.446697273822321E+00
   0.273147287994183E+00 -0.175290383293236E+01 -0.799030522207191E+00
  -0.249753449751341E+01 -0.187736466617998E+01  0.257349823860668E+01
   0.342069477574372E+01 -0.245544215661790E+01  0.167765234325261E+01
   0.317356812650569E+01  0.246565842890466E+01 -0.292441348034127E+00
  -0.609037056488698E-01  0.308325731502948E+01  0.124522202261759E+01
  -0.174931225421764E+00  0.224888646314621E+01 -0.350770013273232E+01
   0.101617879573029E+01 -0.245093736795877E+01 -0.234988629769555E+01
  -0.257957472535553E+01  0.117844064056986E+01  0.345470157939475E+00
   0.337648751844818E+01 -0.312128317494901E+01  0.260149046801063E+01
   0.500897991918230E+00  0.586529073040426E+00  0.667275284308239E-01
  -0.173072868801626E+00  0.294387166136576E+00  0.182505524959357E+01
   0.135995687960766E+01 -0.177269299186316E+01  0.234027788003747E+01
  -0.429498455047774E+00 -0.225817859664488E+01  0.282538219658853E+01
   0.123903846892092E+01 -0.189008950038757E+01 -0.108918175689549E+01
  -0.166193517000718E+01  0.254856845131009E+01  0.166335520906062E+01
  -0.152696024858081E+01  0.333640388175768E+01 -0.199862967345791E-01
  -0.204768012229369E+00 -0.768359242923661E+00  0.341160045456773E+01
  -0.335613068573483E+01 -0.157464079193354E+01 -0.332474554427083E+01
   0.201517442011143E+01  0.262502577052844E+01  0.297888428920960E+01
   0.152695032814735E+01  0.352802621470419E+01 -0.215255464272841E+01
   0.220088943457993E+01  0.836949234753795E+00  0.272815605269602E+00
   0.633211989060286E+00  0.226855621634812E+01  0.158469617271472E+01
  -0.232231672109299E+00  0.102431861274519E+01  0.270462796653758E+01
  -0.308769738713610E+01 -0.256001826318917E-01  0.418808725062320E+00
   0.146437986480559E+01 -0.145843621931460E+01  0.104339490192545E+01
  -0.165737479747174E+01 -0.237671868873942E+01  0.226967401434565E+01
  -0.165774000266052E+01  0.177479459912902E+01  0.101207458849057E+01
  -0.243130581975899E+00 -0.106451642213721E+01  0.165584872645007E+01
  -0.197572764777812E+01  0.168769949389223E+00 -0.253881663550902E+01
   0.287401638195816E+01  0.196270071050586E+01 -0.216373982644210E+01
   0.327785672809207E+01 -0.228990913867397E+01 -0.237700681409936E+01
   0.293555162432458E+01  0.899351073580085E+00 -0.120539418755593E+01
  -0.277944521856655E+01  0.223646215329623E+01 -0.350663693741875E+00
   0.539683525980040E+00  0.271453765142539E+01 -0.103615036820939E+01
  -0.277265043253010E+01  0.702103928961209E+00 -0.276424985984151E+01
  -0.947811265544386E+00 -0.468911721242751E+00  0.138881613622866E+01
  -0.144579868659388E+00  0.292870104071286E+01 -0.183497355414840E+00
   0.735754335552550E+00 -0.129041372262948E+01  0.173784158512945E+01
   0.878133385096542E+00 -0.105913745873938E+01  0.300707026473589E+01
   0.311218093567811E+01 -0.170674022901344E+01  0.360403710997790E-01
   0.291651818840323E+01  0.348551257265865E+01 -0.338947793501662E+01
   0.297184538653918E+01 -0.279132732377622E+01  0.694890253123640E+00
  -0.143271063884709E+01 -0.125720731459725E+00 -0.349505806571908E+01
  -0.202617897611014E+01 -0.812691303133001E+00  0.106914741345038E+01
  -0.625892599567450E+00 -0.293410535845635E+01 -0.339440343524951E+01
   0.349202378999209E+01  0.322840168953110E+01 -0.112697421796152E+01
   0.116809818190569E+01 -0.294610488663736E+01  0.757649846537728E+00
  -0.122360657014997E+01  0.316405934334980E+01  0.909100379594440E+00
  -0.253836205458419E+01 -0.805394380707957E+00  0.211477064886422E+01
   0.177319763306859E+01  0.305782272903920E+01 -0.314003725317196E+01
   0.302633637802175E+01  0.245524145846972E+01 -0.310759613565779E+01
  -0.356524061266429E+01 -0.495630508004730E+00  0.187115362134010E+01
   0.197789891962400E+01  0.340611597195753E+01  0.144186288126267E+01
  -0.712492155062324E-01  0.131092754823740E+01 -0.318239331896549E+01
  -0.256492105473798E+01 -0.252942780585863E+00 -0.335264508380864E+01
  -0.131311648433333E+01  0.255901673687325E+01 -0.258575268371682E+01
   0.240706907708528E+01  0.190632057710307E+01 -0.130825597019625E+01
  -0.119717650523129E+01  0.157095567414018E+01 -0.214219541146848E+01
  -0.165454642925866E+01 -0.102661661988771E+01  0.775649965841625E-01
  -0.226059650260780E+01 -0.328126612422712E+01  0.262835747173078E+01
   0.286826812789090E+01  0.208341616570552E+01  0.183887661055698E+01
  -0.286615017930279E+01  0.167882713094809E+01 -0.355259982302138E+01
  -0.699034698791290E+00 -0.210792867389758E+01 -0.465732528536931E+00
   0.532216198459985E+00 -0.342976330691143E+01 -0.183717272539107E+01
  -0.168922092920271E+01 -0.180738993705056E+01 -0.893785730092266E+00
  -0.107426272132051E+01  0.237395301718660E+00  0.249094236606721E+01
   0.173940630609696E+01  0.339928002073190E+01 -0.883990287491865E+00
   0.970730166975333E-02 -0.226368178478232E+00 -0.349787828449906E+00
  -0.254336656763964E+01  0.298946240474003E+01  0.310749206472578E+01
  -0.133011389861895E+01 -0.365531035222574E+00 -0.189181225188527E+01
   0.128214485874977E+01  0.102892516588357E+01  0.304443748127589E+01
   0.350367352336999E+01  0.217759458227461E+00  0.282942876074038E+01
  -0.913057209141262E+00 -0.729937146287118E+00 -0.291394025778771E+01
   0.274944537356895E+00  0.280138268173774E+01  0.256449631070825E+01
   0.335548947925306E+01 -0.281321843546577E-01 -0.113547583147685E+01
  -0.281606052773118E+01 -0.238432518953289E+01 -0.188036403209295E+01
  -0.147578389970146E+01  0.268519104986568E+01  0.263792342888962E+01
  -0.120828640231642E+00 -0.269692430530142E+01 -0.254478680419419E+01
  -0.234199948907555E+01  0.288555585864603E+01 -0.274096001954224E+01
   0.183564817669422E+01 -0.118648007292059E+00 -0.153257872309884E+00
  -0.374974539400447E+00 -0.309611429655067E+01 -0.429642309342426E+00
  -0.330342085157389E+01 -0.339843241198010E+01  0.181122564857830E+01
  -0.128629585162839E+00 -0.387374780173451E+00  0.875571122627653E+00
  -0.235985112815724E+01  0.290572918323310E+01 -0.170279478975953E+01
  -0.165870721423997E+01 -0.280233500423861E+01  0.877269932387188E+00
   0.286330096442439E+01 -0.240556355014186E+01 -0.356189948954677E+01
  -0.178726944516414E+01 -0.283988636996370E+01 -0.666179030080084E+00
  -0.168623200637121E+01 -0.170916228760400E+01 -0.306372086262383E+01
  -0.443023861905973E+00  0.592675826184170E+00 -0.262295917047864E+01
  -0.208381919281832E+01  0.841955650844143E+00  0.224057650250286E+01
   0.286400283911439E+01  0.202206873470988E+01  0.317526608829800E+01
   0.794991510757706E+00  0.143569490762241E+01 -0.608955659964247E+00
   0.356350755096166E+01  0.429874951940295E-01 -0.227223318645685E+01
   0.344124860564624E+00 -0.245175641475809E+01  0.854711799770082E-01
   0.126859754423501E+01 -0.745428509992491E+00 -0.101989995583535E+01
  -0.178051584446356E+01 -0.199721186423378E+01 -0.195035599827016E+01
   0.340004680057388E+01  0.822411371524513E+00  0.110127919338605E+01
  -0.986641738490180E+00  0.311411441783126E+01 -0.160470931269424E+01
  -0.231428161171284E+01  0.211624649830841E+01  0.263996188592026E+01
   0.413311315075953E+00  0.170552177217887E+01  0.307215838089464E+01
   0.205891267838495E+01  0.104465943983327E+01 -0.244723468529490E+01
  -0.884245105034037E+00 -0.264220981955727E+01  0.166210979119217E+01
   0.983104093031128E+00  0.280340036693727E+01 -0.130476538800266E+00
   0.153410896033341E+01 -0.313515734427380E+01 -0.338444382324280E+01
   0.185585897713109E+01 -0.260360841488867E+01  0.190891196915943E+01
   0.128321968796640E+01 -0.271784548851996E+01  0.276081561415995E+01
   0.204106163751008E+01  0.198715735638209E+01 -0.304381656947042E+01
  -0.337806292344455E+01  0.238226275070599E+01  0.254270018475963E+01
   0.222765916789404E+01  0.108555994902872E+01 -0.354339697352825E+01
  -0.205025288876067E+01 -0.703017012036234E+00 -0.881907082642547E+00
  -0.203954488732563E+01 -0.842601163954612E+00 -0.228994060754252E+01
  -0.101193524233497E+01 -0.193195796120465E-01  0.437151751475849E+00
   0.355963504017586E+01  0.147450712556979E+01  0.194350571587869E+01
  -0.353331660321002E+01  0.357565574058063E+01 -0.144365865458420E+00
  -0.175537247414162E+01 -0.326374765608976E+01 -0.171811598096758E+01
   0.293013940558626E+00  0.505534618655874E-01 -0.309469888402671E+01
   0.194714968841610E+00 -0.324563024190495E+01  0.283199066034324E+01
  -0.211335473742125E+01 -0.178220467023146E+01  0.568425932819186E+00
  -0.333347855471666E+01  0.255073092437665E+01  0.137999345294016E+01
   0.583264008926600E+00  0.157657112375214E+01  0.781953725746886E+00
   0.219889139606638E+01 -0.335597424674644E+01  0.280670767829047E+01
  -0.631860096394525E+00 -0.107749087167062E+01  0.315390416269183E+00
  -0.133215917687417E+01 -0.132851693890480E+01  0.227288914768957E+01
   0.156132118181779E+01 -0.138687789956847E+01 -0.338704252504041E+01
  -0.350123231084816E+01 -0.255625977951034E+01 -0.248711986892606E+00
   0.778684295165027E+00 -0.225159839842725E+01  0.354430177365521E+01
  -0.151303544843979E+01  0.208407608219105E+01  0.342031694843739E+01
   0.350226034058200E+01  0.199535102587234E+01 -0.127250976875985E+01
  -0.308649315338993E+01  0.120201715631847E+01 -0.625508466617190E+00
  -0.709245379619006E+00 -0.191277758984598E+01 -0.275210309195258E+01
   0.322602702714687E+01  0.137062343582580E+01 -0.446398882059646E-01
   0.454278358446218E-01 -0.753406317535022E+00 -0.121233580565772E+01
  -0.244685913827917E+01 -0.207643981685039E+01 -0.370547013389526E+00
   0.241630730306105E+01  0.621437170144432E+00  0.123743593402860E+01
  -0.869177606117769E+00  0.306878570593298E+01 -0.339316165244228E+01
   0.264287247771436E+01 -0.206415113105184E+01  0.239846183191792E+01
  -0.235277801257009E+01  0.188672663509588E+01 -0.145329455557022E+01
   0.194167564250094E+01 -0.196327614235023E+01 -0.199314262388612E+01
  -0.345610363988728E+01  0.341833275542330E+01 -0.223323415615589E+01
   0.194343982588669E+01  0.149321155494208E+01  0.146571082123243E+01
   0.161110649739073E+01 -0.143227538513640E+00  0.868280980774123E+00
   0.315186544360837E+00 -0.111890173726912E+01 -0.293084411587852E+01
  -0.246843183578885E+01  0.305161596586526E+01  0.172969959892775E+01
  -0.233316219110727E+01 -0.303516139629625E+01 -0.257458725822611E+01
   0.249578173294719E+01 -0.682445762619414E+00 -0.923865825619057E+00
  -0.254683323918098E+01 -0.182430082721360E+00 -0.173737293811535E+01
   0.310188819581652E+01  0.312496145462633E+01  0.224866609727458E+01
  -0.956326522133934E+00 -0.239644520597386E+01 -0.141153515611455E+01
  -0.595150819506333E+00 -0.208204926721037E+01  0.528232734285485E+00
  -0.219594799710972E+01 -0.237335127720677E+01  0.347477041484580E+01
  -0.316156476618511E+01 -0.229314673318989E+01  0.612217378531478E+00
  -0.185419613199138E+01 -0.931097340532758E+00  0.316871125182733E+01
   0.169815245945872E+01  0.180626475584132E+00  0.349130049100534E+01
  -0.548109502853563E+00  0.708109349937682E+00 -0.324711983407863E+00
   0.672845250292484E+00 -0.327931581399466E+01  0.179130281236865E+01
  -0.113555020406826E+01  0.103600778078686E+01  0.159545201275308E+01
   0.265714547708674E+01  0.305581482046240E+01 -0.208713823464528E+01
  -0.713288061438347E+00  0.152655440051782E+01 -0.117073403824648E+01
   0.187289426158773E+01  0.880926431472277E+00 -0.686379349076646E+00
   0.107126115857727E+01 -0.144707146625426E+01 -0.214694598252697E+01
   0.256018943489220E+01 -0.147319256551888E+01 -0.282271498814372E+01
  -0.456469794640898E+00 -0.151801155436136E+01 -0.180083835091656E+01
  -0.251881136262112E+01  0.333381228663645E+01 -0.343554003372295E+00
   0.249703799713555E+01 -0.330374334111298E+00  0.174367120611450E+01
   0.125777033599465E+01  0.175201112865014E+01  0.219180961027580E+01
  -0.105380316032925E+01  0.641927532504866E+00 -0.184833561902397E+01
   0.311507833402430E+01 -0.969972060794027E-01 -0.721605375563454E-01
  -0.853548636549865E+00 -0.315232351551097E+01  0.384173004659024E+00
  -0.347056828062845E+01 -0.276013126998945E+01 -0.324603662240601E+01
  -0.259707579855541E+01  0.254495090346506E+01  0.768618532410148E+00
   0.465691492289230E+00  0.424572802230586E+00  0.321181050466002E+01
   0.257559147483512E+01 -0.324806112598630E+01 -0.487055097540693E+00
   0.134678883438442E+00  0.331137785166468E+01 -0.327456419215459E+01
   0.194644764110918E+01  0.218434104244266E+01  0.740642277602403E+00
  -0.251393890269754E+01  0.198639311833213E+01  0.167560300184775E+01
  -0.113784882260431E+01 -0.149739272004114E+01  0.336684604456239E+01
   0.106609823054918E+01  0.289444547118035E+01  0.870118402082342E+00
   0.184400354980266E+01  0.332991022537910E+01  0.153770067917909E+00
  -0.135147180497410E+01  0.123861268953888E+01  0.272502314135980E+01
   0.132949273820292E+01 -0.555488419274342E+00 -0.259658271354350E+01
  -0.129945099300522E+01 -0.174158852689004E+01  0.127268887745437E+01
   0.300633553185248E+01  0.347887541611492E+01  0.119211325890162E+01
  -0.105384506433604E+01 -0.343377745737584E+01  0.278691936046752E+01
  -0.375910011904611E+00  0.243124988517736E+01 -0.239430822779158E+01
   0.132148840563075E+01  0.115921419712475E+01 -0.168538428392645E+01
   0.238279050815033E+00  0.133381087731215E+01  0.170578481973592E+01
   0.249114813236180E+01 -0.987489654249361E+00  0.337155663389646E+00
  -0.162655878335396E+00 -0.537743948425848E+00 -0.220932209180361E+01
  -0.543190709323684E-01  0.610653725992605E+00 -0.122438770610132E+01
   0.655808752026881E+00 -0.266711372488320E+00 -0.179005405198210E+01
   0.237380822328318E+01 -0.282857333458432E+01 -0.270483010323801E+01
   0.279672874002893E+01 -0.305378628087199E+01 -0.155441574192226E+01
   0.129085490258655E+01  0.325422199190796E+01  0.285418182567162E+01
  -0.287614833985214E+01 -0.301284651959950E+01 -0.911485100646642E+00
   0.537552615781400E+00 -0.278477466868260E+00  0.231318563504989E+01
  -0.266862259237637E+01 -0.350121173034028E+01  0.638925608447808E+00
% -0.978201164168895E+00  0.355531525555381E+00 -0.583172679609832E+00
%  0.233209346110843E+01 -0.154155433483501E+01  0.656366054973141E+00
%  0.750869071388669E+00  0.979250196026978E+00  0.637956960098392E+00
% -0.729134527138956E+00 -0.154906385656828E+01 -0.176049613362271E+01
%  0.198614431126890E+01  0.120187303470411E+01  0.100443969415450E+01
%  0.148238928509657E+00 -0.246878193142699E+01  0.762546270145835E+00
%  0.233649548305587E+01  0.207802347323720E+01  0.108857887543244E+01
%  0.121448576579445E+01 -0.412004627803510E+00 -0.618793455568057E+00
% -0.217622974135614E+01  0.127057264895374E+00 -0.159063208448156E+01
%  0.188382254088451E+01  0.111577223363990E+01  0.536010898731019E-01
%  0.159231900996618E+01  0.152137229584993E+01  0.990785771493784E-01
% -0.162164076936073E+00 -0.572913708706798E+00 -0.165705626311645E+01
% -0.158497563509920E+01  0.305269392629865E-01 -0.609597110838836E+00
%  0.816631692820499E+00  0.111876406595078E+00  0.595533761076719E+00
%  0.793685009606469E+00  0.470123529332155E+00  0.164279947597025E+00
% -0.144751874126865E-01  0.634923865781303E+00  0.120595712131870E+01
%  0.810970721123872E+00  0.257049650677919E+01 -0.116385592211794E-01
% -0.117697948180751E+01 -0.659433795932693E+00  0.105120163057512E+01
%  0.562305486684149E-01 -0.999161675658913E+00  0.134804992897487E+01
% -0.474334767728052E+00  0.131190554452041E+01 -0.736480379442316E+00
%  0.165988711312642E+01  0.615030596617060E+00 -0.488155584230204E+00
%  0.851657921890621E+00 -0.104887820105593E+01  0.144895283284409E+00
%  0.520843248179054E+00  0.959112878353914E+00  0.101572258958688E+01
% -0.179660024394624E+01 -0.188957979668989E+00 -0.464055348670222E+00
%  0.573718146562737E+00 -0.254202167559732E+01  0.902738107924995E-01
% -0.115687178107297E+01 -0.133648837936319E+01 -0.111062538927656E+01
% -0.394624373340563E+01  0.994615711903316E+00 -0.427861251630235E+00
% -0.176615282946549E+01 -0.146966793814464E+00  0.238423199771777E+01
%  0.605698361202398E+00  0.943100224742501E-01  0.888729418723772E+00
% -0.136795742635170E+01 -0.173723075082180E+01 -0.132005067216499E+01
% -0.185679203030374E+01  0.117561240650027E+01 -0.786840966481993E+00
%  0.115251581435653E+00  0.774722587988633E+00 -0.161875859925380E+01
%  0.113120525122745E+01 -0.259028200214502E+01  0.108835187049985E+01
% -0.335006550853739E-01  0.897380617848038E+00 -0.408611768841192E+00
% -0.217341776162914E+01 -0.191797906392760E+01  0.134958592183862E+01
%  0.419115977544843E+00 -0.205116700505689E+01  0.444276669563095E+00
% -0.885641475899926E+00 -0.749604497879166E+00  0.536692851028121E+00
% -0.135681005229801E+01 -0.185494804433946E+01  0.853734603155810E+00
% -0.217419411984441E+01  0.292521514581199E+00 -0.853531470721777E+00
%  0.132472080034728E+01 -0.133312690235026E+01  0.173391220115337E+01
%  0.193654012792643E+01 -0.639061353925426E+00  0.146770384818775E+01
% -0.395613996796940E-01  0.270793103292753E+00 -0.418480038288168E-01
%  0.105423173538037E+01  0.377606161455085E+00  0.508408267468081E+00
%  0.291547300264934E+01  0.631717075946197E+00 -0.155208018344743E+01
% -0.142186817122779E+01 -0.859812774146050E-01  0.138992323260862E+01
%  0.118384353955289E+01  0.788322843613711E+00 -0.163651147894056E+01
%  0.514870340144955E+00  0.932482764045922E+00 -0.185562599612627E+00
% -0.146338592096118E+01  0.746490909369332E+00 -0.773480807131767E+00
%  0.217080326277992E+01 -0.692679825005685E+00  0.597419356922112E-01
% -0.132392878865537E+00 -0.644459456693399E-01  0.401263900385269E+00
% -0.277062580062812E+01 -0.107394829280152E+01 -0.471346693251482E+00
%  0.239851010754713E+01 -0.795087476459294E+00 -0.960087030680714E+00
%  0.405450474179012E+00 -0.100903390099671E+01 -0.120179570073324E+01
% -0.152808003509717E+01  0.832818393655811E+00 -0.347552090121452E+00
%  0.177851696276589E+01  0.573972796439868E+00  0.132193276664661E+01
% -0.164049687677850E+01  0.260483147695323E+00  0.736858638913180E+00
% -0.141811164746427E+01 -0.119915179759238E+01  0.267303409949667E+00
%  0.128463432308977E+01  0.773867123231931E+00 -0.261911214144983E+01
% -0.254248804220829E+00 -0.170212033153388E+01  0.948801480036871E-01
%  0.885732984487387E+00 -0.158097943908997E+01 -0.744069844540886E+00
%  0.213266858736390E+01  0.262041934234030E+01 -0.548088166234145E+00
% -0.531318340802938E+00  0.109773707722260E+01  0.979127509422235E+00
%  0.487753244582059E+00  0.107295266479055E+01 -0.359121785568032E+00
%  0.242719672176374E+00  0.535909473157117E+00  0.124800225311382E+01
% -0.461707373568119E+00 -0.111638583680215E+01 -0.696163171374016E+00
% -0.140171363297210E+01  0.721129248464543E+00  0.309200338993201E+01
%  0.199857709550914E+01 -0.508341326693718E+00 -0.288701716709625E+01
% -0.157394193372779E+01  0.110405502062397E+01 -0.206878052461340E+00
%  0.121728730914042E+01 -0.189874496387939E+01  0.195620441755639E+00
% -0.104078702073670E+00  0.298684201814793E+01 -0.140668956380672E+01
%  0.141207260233457E+01 -0.649788766200114E+00 -0.773078851712988E+00
% -0.306225238895380E+00 -0.582682071952899E+00  0.243154481815608E+01
%  0.614637167412998E+00 -0.200244322929441E+01  0.124340913503857E+01
%  0.402810303825964E+00 -0.582329820394890E+00 -0.426983654669486E+00
% -0.162843223568604E+01 -0.105352948756195E+01  0.785780676480817E+00
%  0.132435740010280E+00  0.840861129646014E-01  0.850840916460091E+00
% -0.112573883455885E+01  0.258541836430359E+01  0.409893257038635E+00
% -0.138582258716389E+01  0.198655039707711E+01 -0.676120077286171E+00
%  0.718647331156575E+00 -0.176562448328072E+01 -0.825681897500561E+00
%  0.154937607754662E+01  0.220985249080774E+01 -0.331138394213834E+00
%  0.822378891124024E+00  0.715869598127725E+00 -0.130974391274982E+01
% -0.764949153731853E+00 -0.840379943595149E+00  0.112726733153151E+01
%  0.228779573128591E+01 -0.912678503223661E+00  0.799532464379104E+00
%  0.127248588427954E+01  0.117327563860272E+01 -0.254337087486250E+00
% -0.409175705542438E+00 -0.574815536227695E+00 -0.142518434662069E+01
% -0.307869142766705E+00  0.611808290945321E+00  0.148113265877669E+01
% -0.118534913136311E+01  0.930682283985385E+00 -0.881734260182139E+00
% -0.729370233115622E+00  0.961803780879064E+00  0.162025623118485E+01
%  0.103879970480833E+01 -0.122354817044326E+00 -0.148124505225336E+01
%  0.396439325520316E-01 -0.765075161133234E+00 -0.106677211537177E+00
%  0.304968163573262E+01 -0.875406191507291E+00  0.594276872879490E+00
% -0.190838285113723E+01 -0.213615401963449E+01  0.420143458237436E+00
%  0.441817545815483E+00  0.351139780186248E+01 -0.134365270455952E+01
%  0.114533233080165E+01 -0.135909131617431E+01  0.509231511591642E+00
%  0.543934177492558E+00  0.115129329230369E+01  0.131102307931699E+01
% -0.879411072563314E+00 -0.133477068295451E+01  0.632719267552015E+00
%  0.147645827989258E+01 -0.199227339437196E+01 -0.106781468574782E+01
%  0.413559513647397E+00  0.790665389848590E+00 -0.559902060245488E+00
% -0.409825105742071E+00  0.402449406823357E+00 -0.206469430282849E+01
% -0.554479337878700E+00  0.127644092486930E+01 -0.114420133012355E+01
%  0.135878025299136E+01  0.697411855727073E+00 -0.228201742583211E+00
% -0.117775743001954E+01 -0.110351800629295E+01 -0.238654954378981E+01
%  0.291133622229227E+01  0.608872267669355E+00  0.113119127850789E+00
% -0.104050583637444E+01  0.655522996184525E-01  0.948559555524845E+00
% -0.522166162104448E+00  0.165901938005215E+01 -0.208510452036254E+01
%  0.206480768097023E+01  0.275532740139165E+00 -0.498326707380192E-01
%  0.982723969893581E+00 -0.196147193033599E+01  0.621132389846347E+00
%  0.150522993346666E+01  0.245810712442548E+01  0.225861802825214E+00
%  0.182625590931125E+01 -0.585685802278449E-01 -0.527252249187838E+00
%  0.661105201436420E+00 -0.162350612311681E+00  0.616655359339811E+00
%  0.185591368086077E+01  0.950143787264411E+00  0.197795859792587E+01
% -0.222684871835886E+01 -0.111390134684811E+01 -0.706122641833158E+00
%  0.192278822707630E+01 -0.198537491065075E+01  0.126223560317838E+01
% -0.151478036485338E+01 -0.210521795187980E+01  0.139599028898401E+01
%  0.578444090939298E+00  0.107436670369446E+01  0.379592665553558E+00
%  0.104129577262543E+01  0.673295583282321E+00  0.141713084478460E+01
%  0.767265579748076E+00 -0.162531829796563E+01 -0.155695834713605E+01
% -0.104468557210856E+01  0.713938808753518E+00 -0.107030854419982E+00
% -0.380717819894745E+00  0.744954295371478E+00 -0.115742587215937E+01
% -0.161573413916131E+00  0.188162604824305E+00 -0.558296835669538E-01
%  0.113127931785747E+00  0.353283400610608E+00  0.579283076706875E+00
%  0.131389595321865E+00 -0.258494423073140E+01  0.489848061176168E+00
%  0.685155720934019E+00  0.899359220985363E+00  0.526519239762337E+00
% -0.212515559279037E+01  0.228398912470084E+01 -0.327677644707802E+00
% -0.184612588353058E+01  0.231618953646428E+01 -0.176927375734802E+01
%  0.409660321517472E+00 -0.169659150207205E+01  0.206257268996107E+01
%  0.150245611826681E+01 -0.869988168639710E+00  0.850599613970384E+00
%  0.137134365047468E+01  0.827267047851193E+00 -0.606675461317485E+00
% -0.339741740656117E+00 -0.950007609948589E-01 -0.207970162495101E+01
%  0.154227219854233E+00  0.110394231899967E+01 -0.282349052501182E+01
% -0.864091863194993E+00  0.163157134172360E+01 -0.114783963792224E+01
%  0.171445806588769E+01 -0.158171918198038E+01  0.607155062043930E+00
% -0.162747272662804E+01 -0.235092488302282E+01  0.329166451608514E+00
%  0.109105233321552E+01  0.179386049211861E+01  0.127685514438092E+01
%  0.216307886568138E-02  0.793684002439930E-01  0.115368169779439E+01
% -0.386593243911801E+00  0.311799870897197E+00  0.250066593269528E+01
%  0.117402175553698E+01  0.391205198583428E+00  0.193483642053809E+01
%  0.204513518241261E+00 -0.643571334861187E+00  0.705633603959772E+00
% -0.173923789150367E+01  0.463654969896227E-01 -0.110085278614564E+01
% -0.202442347637077E+01 -0.156430604203335E+01  0.117802580876631E+01
% -0.218083810198043E+01 -0.634662489484072E+00  0.161524212656858E+01
% -0.204010753935353E+01 -0.172678962855781E+01  0.100907562146672E+01
% -0.543438899755895E+00 -0.104985916339796E+01  0.157399078799259E+00
%  0.124845815638349E+01  0.255281981428852E+00  0.921763379319827E+00
%  0.398702761386602E+00  0.100924662690199E+01  0.222183093589437E+01
% -0.441564729672003E+00  0.615206050797311E-01  0.230436074130554E+01
%  0.949934507339789E+00  0.834555954244435E+00  0.698193234612617E+00
%  0.739663270162431E+00 -0.919942009730725E-01  0.152993204611212E+01
%  0.619414975120419E+00 -0.385882071970535E+00 -0.106767447738416E+01
% -0.901542761500664E+00 -0.114366807859999E+01  0.158705163482628E+00
%  0.879349279259716E+00 -0.149427063511163E+01  0.306215714731714E+00
%  0.109083455650451E+01  0.208629576910406E+00 -0.357337729624413E+00
% -0.483932646256815E+00  0.241344691175841E+01  0.326809304381073E-01
% -0.433591259486375E+00  0.482436699151858E+00  0.249027851070370E+01
% -0.445878864991119E+00  0.790683042346176E+00  0.154572858987056E+01
%  0.955069719680758E+00 -0.148811175128005E+00  0.522586209097401E+00
% -0.178633314610186E+01 -0.384254124469298E+00 -0.991124900412817E+00
% -0.321755755067621E+00  0.715680590821035E-02 -0.312668885543909E+00
%  0.416402315246804E+00 -0.125127735052440E+01 -0.137534248141453E+01
% -0.711250349067521E+00 -0.343666800527630E+00 -0.153231861417314E+00
% -0.107508707675683E+01 -0.103291533369521E+01  0.917979746353804E+00
%  0.126545454119806E+01 -0.170205856712119E+01 -0.231130152758024E+00
% -0.127951932675278E+01  0.233162549863655E+00 -0.114200939958502E+01
% -0.761603876816365E+00 -0.909315568115535E+00 -0.203448779050198E+01
%  0.660137533489227E+00 -0.396816597002032E+00  0.463495534653031E+00
% -0.172043531308398E+01 -0.174930327707418E+01 -0.106255953202443E+00
%  0.180390487801732E+01  0.368310283687540E-01  0.137274780645866E+01
% -0.158625471773767E+01 -0.494565021206520E+00  0.490058316501870E-01
% -0.180811926007436E+01 -0.325851454062471E+01  0.280826073948107E-02
% -0.348305852069224E+00 -0.146271884534730E+01  0.210560012305584E+00
%  0.847484162206559E+00 -0.904090867474314E+00 -0.121193825765217E+01
% -0.866330096431348E+00 -0.287882378935885E+00  0.135415952464071E+01
%  0.473861948749290E-01  0.250225221117767E+01 -0.244602484910601E+01
%  0.212043867223703E+01  0.149780160639711E+01 -0.299961753711118E+01
%  0.146217885434176E+01  0.185414802032286E+01 -0.931255052068568E-01
%  0.685103340792344E+00  0.243136992219998E+01 -0.172807264320321E+01
% -0.213696757444789E+00 -0.121359626073288E+01  0.606498243092935E+00
%  0.592210208505539E-01 -0.145564053025712E+01 -0.266644022137740E+01
%  0.161503227942832E+01 -0.525416525049242E+00  0.174967784261069E+01
% -0.108571539268246E+01  0.298948503907811E+00 -0.455885875852870E+00
%  0.595993277222432E+00  0.648062077801567E+00 -0.669940410940288E-01
%  0.368377332482846E+00  0.290360286000127E-01 -0.268824140317075E-01
% -0.245998278590383E+01 -0.113458247137307E+01  0.880734633025031E+00
% -0.149455126121035E+01 -0.210876521237505E+01 -0.298040082492696E+00
%  0.478552678840166E-01 -0.132569183395182E+01  0.534639238538948E-01
% -0.176654391399476E+01 -0.473853483722708E+00 -0.116518359805575E+01
% -0.983364400669075E+00  0.540053074112798E+00 -0.335521058015966E+00
% -0.278524684594711E+00 -0.385720639244003E+00  0.109069812680831E+01
%  0.548832457794911E+00 -0.345285900116411E+00 -0.927456114343346E+00
%  0.672354012922896E+00  0.888730762527350E+00 -0.795540991980806E-01
% -0.123801172413697E+01  0.247983955145537E+01  0.135953981486621E+00
% -0.148349877717081E+01 -0.974949401957008E+00 -0.255500460013372E+01
% -0.159196703095950E+01 -0.367505572054132E+00  0.173623657455998E+01
%  0.910285190909214E+00  0.128618180027565E+01  0.263733851043979E+00
% -0.811057391277757E+00  0.243442728557803E+01 -0.308574422989437E+00
% -0.210114010579313E+01  0.835801087691261E+00  0.538007612078673E+00
%  0.353583495631734E+00  0.881697018023812E+00  0.117695232076202E+01
% -0.549076807582612E+00 -0.742996502448698E+00 -0.186097081075944E+01
%  0.124478661774333E+01  0.266045607554732E+00  0.752385610247507E+00
%  0.434945190029019E+00  0.109922543331264E+00 -0.182050755648712E+01
% -0.437263944587536E+00  0.509507734911443E+00  0.101889792538255E+01
%  0.351920263995957E+00  0.294498590992277E+01 -0.166659510116832E+01
%  0.106128465463417E+01  0.147430438746905E+01 -0.225391581138603E+01
% -0.301649363950990E+00  0.102389662847017E+01 -0.243046538677772E+00
%  0.222889917946299E+01 -0.505565722976707E+00 -0.798783487270895E+00
%  0.945684701539028E+00  0.194657856590521E+01 -0.173792412198953E+00
% -0.659430124190819E+00 -0.575865829303021E+00 -0.687584172662537E+00
% -0.959121443256583E+00 -0.174355272534410E+01 -0.142406689526436E+00
%  0.483976312586436E+00 -0.107296287673210E+00  0.206660159512764E+01
%  0.156289317809743E+01 -0.460629530501195E-01  0.543468187840333E+00
%  0.102451566548464E+00  0.172496341136014E+01  0.526894753491026E+00
%  0.138314412852240E+00  0.228892736571305E+01 -0.217396878797492E+00
% -0.155474805762509E+01  0.894090022052838E+00  0.102134239935235E+01
%  0.768579990496008E+00 -0.120357959879652E+01 -0.724892421550671E+00
% -0.183284703838162E+01 -0.723852888146914E+00 -0.216052777609600E+01
%  0.158475242320342E-01  0.185914670824423E+01 -0.119411749823203E+01
%  0.182527845243551E+01 -0.823849186818473E+00  0.170690258937108E+01
% -0.577959490341304E+00  0.226631540794661E+00  0.511819838515966E+00
%  0.105149560239247E+01  0.121693460885193E+01 -0.156616244779004E+01
% -0.186860629308909E+01  0.584404506919602E+00 -0.627921508331561E+00
% -0.487054174342154E+00 -0.167563046662131E+00 -0.104600908316562E+01
% -0.258957787236197E+01 -0.611030876713229E+00 -0.151239560553474E+01
%  0.127566132535226E+01 -0.227870197344180E+01 -0.350387582268335E+00
% -0.584001355342334E+00 -0.136520179869778E+00 -0.388704379821969E+00
%  0.348492256703226E-01 -0.918226665682428E+00  0.872928407942492E+00
% -0.423518130437650E+00 -0.797626260880025E+00 -0.281295671967345E+00
%  0.310162147837922E+00 -0.126445720061875E+01 -0.964141238854857E+00
% -0.100143140746415E+01  0.127714999176530E+01 -0.174268384804464E+01
% -0.863185595075759E+00  0.571595479729198E+00  0.444933183588947E+00
% -0.196752149483507E+01  0.105733064427568E+01 -0.120892154174035E+01
%  0.802634689742349E+00  0.155397862218767E+01  0.498697671558571E+00
% -0.299411436063384E+00 -0.136243753848832E+01  0.279979990978039E+00
% -0.702769800589597E+00  0.631948829599305E+00  0.481786828088888E+00
% -0.113137857300180E+01  0.155335528836508E+00  0.962480115174449E+00
% -0.489211780960284E+00 -0.808588081295227E+00  0.195992444809556E+01
% -0.544168868131564E+00 -0.179543015812547E+01  0.111619063349065E+01
%  0.268076160241013E+00  0.977697059921470E+00  0.541034430212266E+00
%  0.136433864752975E+01 -0.271414821396507E+00  0.217945858157471E+01
%  0.196208311210374E+00  0.155445528844792E+01  0.202966096715739E+00
%  0.368287024674529E+01  0.212487276073842E+01  0.228661576493843E+01
% -0.298224867370527E+00  0.524790888933143E+00  0.115567839918690E+01
% -0.808565390410534E+00  0.183219078754828E+00  0.670615040332504E+00
% -0.934142064162988E-01 -0.949261436665892E+00  0.673632823806284E+00
% -0.177445299225129E+01 -0.166106139016924E+01 -0.131109776201338E+00
%  0.119179292583904E+01  0.331051490487644E+00 -0.277260796713539E+01
% -0.521610067463487E+00  0.918201671319562E+00 -0.138409929463480E+01
% -0.183062223815516E+00 -0.117624998515478E+01 -0.956754940224479E+00
%  0.606039300931024E+00  0.120263604356441E+01  0.187809748594534E+01
% -0.200025018038735E+01 -0.715672818645114E+00  0.380898596936689E+00
% -0.905208286203185E+00 -0.129145341966519E+01  0.838378818359782E+00
% -0.169673604418882E+00  0.401812866762141E+00  0.582189521643701E+00
%  0.260224004229700E+00  0.838184525273371E-01 -0.633859560849870E+00
%  0.232125575733138E+01  0.594681590477270E+00  0.577640356434615E-01
% -0.257145363517702E+00 -0.182591577039496E+01 -0.865252246604454E+00
%  0.248033635090408E+00  0.162843636593920E+01 -0.126847220350689E+01
% -0.814435866344563E+00 -0.176193893314655E+00 -0.807500877112996E+00
%  0.107325980907858E+02  0.124942544166101E+02 -0.299034875014365E+02
%  0.208326747487687E+01 -0.665119024940141E+01 -0.118083680084364E+01
%  0.471759896567731E+02  0.138200778740258E+02  0.587756414477961E+02
% -0.103223945032960E+02  0.334217445422680E+02  0.350693972892397E+02
% -0.884137434826664E+00 -0.131601704500501E+01  0.556702874413484E+01
% -0.527597687769207E+02 -0.320999961283107E+02 -0.278670142365361E+02
% -0.134099091814869E+02 -0.685484409380096E+01  0.414615951602737E+02
%  0.216987364925976E+02  0.228990526403744E+00 -0.162230516208068E+02
%  0.234171148661275E+01 -0.406551593301305E+01 -0.151881106949523E+02
% -0.263550896349617E+02  0.695355224886448E+00  0.266405505193926E+02
% -0.105946541667636E+01  0.139622818301405E+00 -0.305925514854999E+01
%  0.147921637447594E+02  0.936288589061719E+01  0.186697260917056E+02
% -0.246498894370034E+02 -0.611516165266885E+02  0.178482429594448E+02
% -0.129290973180546E+02  0.522243880722458E+01 -0.558889271646430E+01
% -0.222978698318872E+02  0.735645915926457E+01  0.198217632388849E+02
% -0.355426423340136E+01  0.265319911170337E+01 -0.386050560697309E+00
% -0.222595898339084E+01 -0.142722683388216E+01 -0.432309423803064E+01
%  0.301173519418065E+02  0.666246750623399E+02 -0.332103314962514E+01
%  0.132021332263163E+01 -0.108233075551627E+02 -0.313312402644367E+01
%  0.213570837718892E+02  0.145490701548790E+02  0.146097086874167E+02
%  0.711328730386922E+01 -0.734577012822716E+01  0.414337946869108E+01
%  0.259223604669340E+02  0.468405197851051E+02  0.146820856723356E+02
%  0.247816054394496E+01 -0.219764760447832E+01  0.166934064280623E+01
% -0.414727530964577E+01 -0.245415915373801E+01 -0.189098537760982E+02
% -0.231768058787286E+02 -0.190210543728290E+02  0.194948529291143E+02
%  0.248802428795623E+01 -0.419899098265907E+01 -0.113996777651501E+02
%  0.432626786302271E+01  0.227385877632456E+02 -0.782628693519871E+01
%  0.425827698340064E+01  0.688819981320570E+01  0.108508457015130E+02
% -0.315462115033656E+02  0.183119092171015E+02 -0.165663618205710E+02
%  0.905874347991358E+00 -0.194250390621957E+01 -0.484834201722660E+00
% -0.271191672046552E+01 -0.151774002756930E+01  0.388031840429610E+01
% -0.275493463826279E+00  0.353836868811459E+01 -0.457060490332202E+01
%  0.262395992396617E+02 -0.148746201986883E+02  0.194360379096291E+02
% -0.746909434659925E+01  0.740103869164790E+00  0.386988874601236E+01
% -0.716686622422290E+01  0.505697705162327E+01 -0.617492981936121E+01
% -0.304408097197971E+02  0.475952817527699E+01 -0.115834639221903E+02
% -0.402411264555186E+01 -0.227404228466669E+02  0.198581881709116E+02
% -0.177423075004178E+02  0.113232576869144E+02 -0.393762454877285E+02
%  0.575574023958944E+01 -0.106983147366335E+02 -0.458875664704751E+00
%  0.715150597618976E+01 -0.281242767945283E+02  0.189590095100979E+02
% -0.176038531535640E+02 -0.718395837638830E+01  0.802979638645586E+01
%  0.849539563674025E+01 -0.240062208647551E+02 -0.720610891192676E+01
%  0.313764785536165E+02  0.532294593010863E+01 -0.244204262645058E+02
% -0.274556810080626E+02  0.257283702804946E+02  0.100266224855010E+02
% -0.188044810736178E+02  0.128926922095370E+01  0.179260910055238E+02
% -0.171243878903211E+02  0.303376510205877E+02 -0.161156088746826E+02
%  0.214803264588411E+01  0.315328624573370E+01 -0.266857703016857E+01
% -0.327300647908295E+01 -0.151718818110019E+01 -0.478952673772814E+00
% -0.165134127034082E+02 -0.442521148725749E+02  0.147347705919556E+01
% -0.989889556116492E+01  0.541984147622742E+01  0.240182124185023E+02
%  0.227773282355910E+02  0.501024519537883E+02 -0.576027108482730E+01
% -0.110663581884655E+01 -0.440668282854433E+02 -0.786312120912416E+01
%  0.128055781920508E+01  0.831132897234404E+00 -0.260665163077511E+00
% -0.175418510051659E+02  0.489195040961226E+02  0.131143684396139E+02
%  0.152052330496241E+02 -0.255880201878101E+02  0.896934376764391E+01
%  0.574425015629405E+01  0.166327836984965E+01 -0.388088068960881E+02
% -0.205554095222986E+01  0.434513805966743E+01 -0.134006199017322E+01
% -0.216580396719040E+01  0.163485599200719E+01  0.149632766537793E+01
% -0.750161577789530E+01  0.926496494825222E+01  0.182328672586149E+02
%  0.673704685569805E+01  0.148315028968053E+00  0.127995064302678E+02
% -0.127263740216136E+02  0.258788414633234E+01  0.526072497879936E+01
% -0.637692849028855E+00  0.215761030168819E+02 -0.351477275918133E+01
% -0.884137324779302E+00  0.100911632799782E+02 -0.211217263014176E+01
%  0.267288200567939E+01  0.257464293538684E+01 -0.226344661945985E+01
% -0.980083954509690E+00  0.216817317370940E+01 -0.237256823090139E+01
% -0.174656445424402E+02  0.403743298621083E+02  0.116526033167991E+02
%  0.738829535828367E+01 -0.182527182676733E+02 -0.106515692387199E+02
% -0.419590058464635E+01  0.240017371897249E+01  0.611823848167040E+01
% -0.548633164285548E+02 -0.151653821534820E+02  0.254224700955937E+02
%  0.423464927409404E+01  0.139685114314748E+02 -0.118304517318572E+02
% -0.173955566716371E+02  0.538906602471956E+01 -0.116808904201029E+00
%  0.317168581793419E+02  0.101730524838139E+02  0.163396201606738E+02
% -0.150396049935409E+01 -0.199275624260770E+01 -0.132560518261245E+01
%  0.209272232211915E+01  0.226640145978365E+02 -0.215562749432921E+02
%  0.480966795845302E+02 -0.217701723775271E+02 -0.120392124241783E+02
% -0.727604131018431E+01 -0.338805633809000E+01 -0.281440706309160E+02
% -0.586065299225216E+01  0.626572933350795E+01 -0.149509981726406E+02
% -0.227118558284294E+01 -0.305760748752345E+01  0.173194231025487E+01
%  0.274903829796911E+02 -0.248647900442383E+02  0.659844868211795E+01
%  0.106937835346010E+02  0.816592977196817E+01  0.380260951245278E+00
%  0.357204096991305E+02 -0.258544429145128E+01 -0.149113231013020E+02
% -0.995981334121322E+01  0.213924728209072E+02 -0.694952226340686E+00
% -0.565582604867451E+01 -0.367612432424668E+02 -0.132153473517933E+02
%  0.617117666136437E+01  0.122621096753864E+01  0.237033641696356E+01
%  0.115129504347287E+02 -0.948837794662886E+00 -0.111521728612083E+02
%  0.148027842585955E+02 -0.336355954349821E+01  0.171751832398993E+02
%  0.640195813482250E+00 -0.111812021338230E+02 -0.188106519086181E+02
%  0.136582078240979E+02 -0.337064312164498E+02  0.186442505066146E+02
%  0.330135446725376E+02  0.237306733100215E+01 -0.531739820589716E+01
%  0.139897446411450E+02 -0.477530993913978E+00 -0.323880119738686E+02
% -0.244256114484436E+00  0.635248454392638E+01  0.512777464462167E+01
% -0.462628981921939E+01  0.183227547141085E+02 -0.626919360881411E+00
% -0.240260837946394E+01  0.279714319208025E+00 -0.735760912060214E+00
%  0.766030026162097E+01 -0.149916007222356E+02 -0.139127213284068E+02
% -0.236723078176687E+02  0.191783777386088E+02 -0.110242485534186E+02
% -0.728835935081886E+02  0.225027071787057E+02  0.154276004183236E+02
% -0.769061400481458E+01 -0.264404630060864E+01 -0.302893519802663E+01
% -0.865343358412618E+01  0.154625303879931E+02 -0.402939808739601E+01
% -0.506557064167874E+01  0.183749334603928E+01 -0.728160211722522E+00
%  0.175557499695046E+02 -0.124028501129765E+02 -0.219682491160259E+01
% -0.212110241739928E+01  0.847409534982209E+01 -0.135444573024814E+01
%  0.108653517574584E+01  0.172602222712353E+02 -0.132980968342505E+02
% -0.103597469718449E+02  0.291286346873398E+02 -0.124268429045430E+02
% -0.454503307892759E+00 -0.447534101765044E+01  0.637644677362543E+01
% -0.759155463568394E+01 -0.753650343880024E+01 -0.178808085275946E+02
% -0.114534908023643E+01 -0.280191600948845E+01 -0.811313794051609E+01
%  0.161613334877376E+01  0.281945047455375E+00  0.327456123919767E+01
% -0.629325332545851E+01 -0.692245785415160E+00  0.571129628203154E+00
%  0.157876549608674E+02  0.519695552844024E+01 -0.166954434039802E+01
%  0.249991253892625E+02 -0.451508835245306E+01  0.908534404279911E+01
%  0.814184050647205E+01  0.125669035626045E+02  0.278905202296681E+02
%  0.238822484178959E+01  0.269609736655108E+01  0.243855830703504E+01
% -0.930942824707893E+01  0.855267729160772E+00  0.115274218238709E+01
%  0.145584402307742E+02 -0.129751645361534E+01 -0.113348913767501E+02
% -0.809187393586378E+00 -0.171683768462269E+01 -0.299737922797590E+01
% -0.453885831988412E+02  0.609289803827408E+01 -0.373858790266581E+01
% -0.199976127636633E+02 -0.402247384059669E+01  0.324381925786927E+02
% -0.500911617436399E+01  0.291878853350757E+02 -0.128130287641311E+02
%  0.388461441240014E+01  0.123994198950263E+02 -0.121690997117594E+02
%  0.276212415623181E+01  0.104267614532499E+02 -0.526719954329587E+01
% -0.662326159880385E+02  0.578195905553837E+02 -0.776164363767167E+01
% -0.721795869092889E+01  0.470189789796684E+01 -0.714335329989990E+01
% -0.422276690030694E+01  0.144572197323137E+02 -0.715207154516668E+01
%  0.371941988256021E+02 -0.934381175982685E+01 -0.401560980239710E+02
%  0.378227683798098E+02  0.271416585465108E+02 -0.211608011904060E+02
%  0.482844614330221E+00 -0.452859921328274E+01 -0.135618746917260E+01
% -0.116808706947894E+02 -0.146258103793896E+01 -0.135875424301443E+02
% -0.800470666521101E+01 -0.404813087772013E+01  0.144139576241545E+02
%  0.125287212288727E+01 -0.389163907482505E+01  0.132298179009494E+01
%  0.551312584185704E+02  0.163070815238934E+02  0.297998738274716E+02
% -0.236248212867504E+02  0.108789541121051E+02  0.127115610460953E+02
%  0.100314831268217E+02  0.278053643824028E+02  0.106158216713532E+01
%  0.609377707399740E+01 -0.240459596022263E+02  0.163740399622034E+02
% -0.644172169715398E-01 -0.304307361346143E+01  0.223555931597934E+01
%  0.115377870717760E+02 -0.126664436864294E+02 -0.251058577448518E+01
% -0.263302115917574E+01 -0.106674040052537E+02  0.785825164647060E+01
%  0.181541678799466E+02  0.339964247347815E+02  0.163337742161574E+00
%  0.173927822175330E+02 -0.124594099284887E+02 -0.787506316850241E+00
%  0.974144642114269E+01 -0.123112538268622E+02 -0.333144994170180E+01
%  0.339595924951200E+01 -0.453842341926833E+01 -0.104207740292504E+02
%  0.304623740327242E+02  0.342314750414917E+01 -0.435197671508860E+02
%  0.369040394486082E+02 -0.175791432619164E+02 -0.397728942977597E+02
%  0.484664801978426E+02  0.209377765292397E+02 -0.192641125427603E+02
%  0.328333789701633E+00  0.104377621551923E+02  0.910761215379224E+01
% -0.183235927404362E+02  0.721779939773125E+01  0.965301544956405E+01
% -0.522390620957932E+02  0.265758401164149E+02 -0.267315303318529E+02
%  0.811891899687003E+01 -0.137864119245486E+02  0.703242164659402E+00
% -0.544354601429780E+02 -0.223345530674978E+01  0.683720121553909E+02
% -0.674029199073008E+01 -0.208237220726815E+02  0.218058209874788E+01
% -0.116874283575157E+02 -0.139604158641410E+02 -0.641146385738596E+02
% -0.146355200895364E+01 -0.206369958714284E+02 -0.277292628720080E+02
% -0.119139147565341E+01  0.301251324879776E+00 -0.130770613079437E+01
%  0.443034296986737E+01  0.995355705567608E+01  0.184073232195649E+01
%  0.345119316810529E+01  0.537184874284151E+01  0.224373413892833E+00
%  0.299042507160060E+01 -0.173440484629354E+01 -0.128037076378998E+01
% -0.920224045849851E+01  0.104709698767439E+02 -0.127621578456272E+01
%  0.115959548657223E+02  0.180420895380012E+00 -0.134895719250407E+02
% -0.200857158049797E+02  0.376508304702125E+01 -0.920282745053562E-01
% -0.281122726487193E+01 -0.251210468972999E+02  0.167252443449533E+02
%  0.347806382283848E+02 -0.798237336743278E+00 -0.163906931902577E+02
%  0.594085181518223E+01 -0.505885746106044E-01 -0.196554474232286E+01
% -0.788818210763104E+01 -0.105698855144979E+02  0.267660221868416E+01
%  0.229319803615698E+02 -0.537057066704910E+02 -0.177169263069884E+02
% -0.485505781628367E+01  0.146686795573854E+02 -0.453391802406518E+01
%  0.532960737092084E+01 -0.861199165674212E+01 -0.168514827864540E+02
% -0.330641632137382E+01 -0.201307417518460E+02  0.742756196098260E+01
%  0.252338042833082E+02  0.137843421518457E+02  0.518748614005830E+01
%  0.699238536261133E+01 -0.484603647065233E+01  0.128451165213182E+01
%  0.458064075245427E+01 -0.551101729204798E+00 -0.106542731570914E+01
% -0.230816258223486E+02 -0.507541137829677E+02  0.332288695862769E+01
% -0.294388158933263E+02 -0.582821967476519E+02 -0.426794346880127E+02
% -0.217417276845864E+01  0.246822379309679E+01 -0.853740828703182E+01
%  0.688199575296694E+02 -0.553673039414458E+02  0.121394976528747E+02
% -0.582641653140925E+01 -0.999299548367592E+01  0.130463613432338E+02
%  0.291506966653576E+01  0.366613983768497E+01  0.415498251806957E+01
% -0.281915126739836E+01 -0.385934502098015E+02  0.589058519851144E+02
%  0.820201267002694E+00  0.192266176025617E+01  0.169046093488396E+01
% -0.104480510943378E+02 -0.159104162227087E+02  0.175323246783944E+02
% -0.575432963011578E+02  0.579219524114867E+01  0.325094298413877E+02
% -0.158093821778981E+02  0.306583683430483E+02 -0.193548740348461E+01
%  0.101019276517567E+02  0.329301312312860E+01  0.623701322374890E+00
% -0.938724379657703E+01  0.408925662963803E+01 -0.106424995359622E+02
%  0.265420755067472E+00  0.360430528317414E+01 -0.568644177661857E+00
%  0.280149939678985E+01 -0.168564697450879E+01  0.577079290893696E+01
% -0.219796751957446E+02 -0.722140740028411E+00 -0.342140287538173E+02
% -0.562184884433725E+01  0.562275605812730E+01  0.780931030943090E+01
%  0.532441706486478E+01 -0.937241515966608E+01  0.185639030370744E+02
%  0.624159177937456E+01  0.122726644332217E+01  0.507798835271328E+01
%  0.524455854677140E+01  0.193217259584592E+01 -0.126399530869064E+02
%  0.215071684548928E+02  0.479409737939890E+02 -0.141588159289628E+02
% -0.102700933263366E+02 -0.171254034519095E+01  0.617913514495596E+01
% -0.161973252960383E+02 -0.283213267905679E+02  0.173048784179625E+02
% -0.528453176196814E+02 -0.105553285406195E+02  0.211375644620201E+02
% -0.854471166224383E+01 -0.208785410795871E+02  0.156374366134191E+02
% -0.806442939733344E+01  0.114361170647629E+01 -0.910409417391324E+01
%  0.433248404451826E+01 -0.460435970139004E+01  0.820044337894045E+01
% -0.230566994884797E+01 -0.885345149552388E+01  0.186137848122012E+01
%  0.125597814187752E+02 -0.291609152601739E+02 -0.175632209728566E+02
%  0.374301761996416E+01  0.126431336254602E+01 -0.293471732798451E+01
%  0.142043349738698E+01 -0.443461792918981E+01  0.158941035040273E+02
% -0.591417113904185E+00  0.149996674025732E+01  0.117100568168866E+02
%  0.130204185511746E+02 -0.109660101610011E+02  0.580758400910578E+01
% -0.378482750100172E+02  0.390941380975184E+02  0.123875814689666E+02
% -0.309208470177048E+01  0.136141409201487E+00 -0.545222105662180E+01
%  0.199105377383723E+02  0.220563154320094E+02  0.504718843052223E+02
% -0.184885415467263E+02  0.139393166042987E+02  0.210752583259730E+02
% -0.176333906990808E+02 -0.154430807659807E+02 -0.655836401076283E+01
%  0.424880506901942E+01 -0.162657456133793E+02 -0.143294988519006E+02
%  0.387995943359170E+01 -0.131286185209031E+02  0.265537464463390E+02
% -0.425488890236565E+01 -0.136289264316477E+02 -0.259626686457483E+01
%  0.193965671230187E+02  0.977428367489722E+01  0.451515608470661E+02
% -0.679477117890511E+02  0.352428299453700E+02 -0.210920951005036E+02
% -0.425030505174362E+01 -0.141343963209907E+02  0.112524271456757E+01
%  0.164162939218850E+02 -0.301433760423273E+02 -0.271072826414909E+00
%  0.138898128194896E+02 -0.221473477792424E+02  0.441057666439951E+01
%  0.592267613721629E+01 -0.380842404002882E+01  0.504464807068612E+01
% -0.290640103726240E+01  0.134824162609439E+01 -0.167845720873177E+01
%  0.988234021418474E+01 -0.132818137848217E+02  0.534144826943610E+01
% -0.602119759007710E+01  0.170003095618310E+01 -0.194004678076550E+02
% -0.159225656861338E+02  0.130886913115607E+02  0.969676178228294E+01
% -0.302185793531199E+02 -0.230925923167425E+02 -0.190220656454061E+02
%  0.162885381368471E+01  0.554161901869175E+00  0.545306137803439E+01
%  0.124032848771792E+01 -0.106081905708137E+02 -0.102721513747036E+02
%  0.101588514703854E+02 -0.100749978590622E+02 -0.246349367919008E+02
% -0.104585562588666E+01  0.451963911664554E+01  0.222337210746901E+02
% -0.114300839368958E+02 -0.206298390556612E+02  0.345255897825728E+02
% -0.162065164360488E+02  0.121155528422821E+02 -0.607584611243674E+01
% -0.847343344594599E-01  0.447992030792514E+01  0.464045729320991E+02
%  0.461514214723459E+02 -0.201335714882750E+02  0.338545602692292E+02
%  0.436317948713885E+02 -0.832554800445856E-01 -0.415140795322151E+02
%  0.834931666035617E+01  0.168889978358733E+02 -0.581329574901779E+02
%  0.756781285143888E+01  0.619269851618338E+01  0.437482995598305E+01
%  0.106384209442546E+02  0.395233604841393E+01  0.988745526308588E+00
% -0.249232640991570E+01  0.162396303617278E+02 -0.167288540433813E+02
% -0.130597336137989E+02 -0.292982724132658E+02 -0.150602475775320E+02
%  0.110115063783288E+03 -0.289146167241741E+02 -0.454989970439057E+02
%  0.356790615315613E+01  0.111080897571095E+02  0.139487997640449E+02
%  0.544705321449640E+01  0.578869285311664E+01  0.155653277195778E+02
% -0.857586080917283E+01 -0.136825338744237E+02  0.191767612448943E+02
% -0.561499308699816E+00  0.224694336817407E+01 -0.178286027005235E+02
% -0.244696190694320E+01  0.714619624861967E+01 -0.582020622682302E+00
%  0.683915554198738E+01 -0.174507785460363E+02  0.539897940733986E+01
% -0.359662447333707E+00  0.104753562807035E+02  0.202216432371835E+02
%  0.437165762074048E+02 -0.677901402171579E+01  0.864170188492198E+01
% -0.454942898396879E+01  0.815601721918246E+00  0.662733014312229E+01
% -0.880595280437890E+01 -0.187496200572044E+02  0.253556880406412E+02
% -0.193574474447780E+02  0.213675453872389E+02  0.812989824535687E+01
% -0.452410241407624E+02 -0.786501100215695E+00 -0.206764291980831E+02
%  0.760541044161782E+01 -0.345931100701341E+01 -0.118038374659941E+02
%  0.656100145140650E+02  0.361245428912778E+02 -0.296483133030276E+01
% -0.385477127838329E+01 -0.438956145349126E+01  0.669477719350266E+01
%  0.195468669854380E+01 -0.796176573794825E+00 -0.484370882935066E+01
% -0.321191041417796E+02  0.484022770249265E+02 -0.252934647790217E+02
%  0.605145404898970E+01  0.423306336727052E-03 -0.173242840466462E+02
%  0.645970989133605E+01 -0.440548290657291E+01  0.219333675440411E+01
% -0.130408634168665E+01  0.642073491409496E+01  0.121223021612532E+02
