% T    256  0.715122828077254E+01  0.715122828077254E+01  0.715122828077254E+01
   0.169585158420888E+01 -0.806009465981587E+00 -0.159818788719830E+01
  -0.829627462542868E+00  0.278758255357258E+01  0.131347581530840E+01
  -0.330741848416003E+01  0.155249365107307E+01 -0.351157260820940E+01
  -0.213661683475623E+01 -0.284585724306644E+01 -0.546326096644698E+00
   0.320948401259369E+01  0.202036403878123E+01  0.199124287871050E+01
  -0.281918257118672E+01  0.268479372980959E+00 -0.202343279509418E+01
  -0.266819138712703E+01  0.333735908756359E+01  0.321429762828229E+01
   0.258010269935781E+01  0.355033388462130E+01  0.279677273314899E+01
  -0.877445192003421E+00  0.385473241631835E+00  0.237391349302687E+01
   0.121314360884946E+01  0.232453514543885E+01  0.303704972748127E+01
  -0.649412182923089E+00  0.252103878932220E+01  0.356654281462566E+01
   0.417520274646450E-01  0.292815227312414E+00 -0.244152740765277E+01
  -0.188478118005733E+01 -0.350659743953205E+01  0.422779030942094E+00
  -0.203037132036203E+01  0.231439594486018E+01  0.216539402043804E+01
  -0.182323815319900E+01 -0.297031602580312E+00 -0.157586429176892E+01
   0.178763181048793E+01 -0.101516936188639E+01  0.107891613548352E+01
  -0.873448026524490E+00 -0.338373572305740E+01 -0.278536414936796E+01
   0.131291924561496E+00 -0.200635478814598E+01  0.302288427475383E+01
   0.878481087388888E+00 -0.329921595843616E+01 -0.130349322443647E+01
  -0.205799418178162E+01  0.978529876715047E+00 -0.237881555340882E+01
  -0.327178879059707E+01 -0.486363452361827E+00 -0.136662332792417E+01
   0.482196863597026E+00 -0.221984835272636E+01 -0.131056369610016E+01
   0.134734100227502E+01  0.284797370947833E+01  0.217675932352479E+01
   0.156184410018288E+01  0.822686374706344E+00 -0.252791046354690E+01
  -0.351334648604936E+00 -0.289941910687675E+01  0.357137003555027E+00
   0.231565527688704E+01 -0.887978721089647E+00  0.197563932687869E+01
  -0.433682189034772E+00 -0.282397847957976E+01 -0.794267171322771E+00
  -0.269204199457598E+00  0.188157803615678E+01 -0.274880985375275E+01
  -0.315696196694697E+01  0.243477499622515E+01 -0.201667053228429E+01
  -0.327177650362634E+01 -0.213907385684918E+01 -0.298099689474053E+01
   0.184277872850611E+00  0.865831419474043E+00  0.348958588840486E+01
  -0.354925592403816E+01  0.625005654622518E+00 -0.117530509983958E+01
   0.222423513690240E+01  0.149929779173460E+01  0.183118801568114E+01
   0.216049809403195E+01  0.116848520405683E+01 -0.161113358664516E+01
   0.324125242196025E+01 -0.112892220449661E+01  0.254280385060281E+01
   0.519235913911107E+00  0.513823830051139E+00  0.155126370549110E+00
  -0.114000134768176E+01 -0.418202161989959E+00  0.110416124751280E+01
  -0.418065639940204E+00 -0.335447527360232E+00 -0.119035724995016E+01
   0.312775331493913E+01 -0.266384236139539E+01  0.134234159397407E+01
  -0.579283323375463E+00 -0.342326339170478E+01  0.260483134853227E+01
   0.179396468271603E+01  0.166766500926563E+01 -0.498527922777022E+00
  -0.124098849139201E+01  0.267715511274289E+01 -0.274474732136160E+01
  -0.199057333265059E+01 -0.227190541183034E+01  0.389592970109646E+00
   0.322658351557429E+01  0.313122326597952E+01 -0.137486142097567E+01
   0.296022146873119E+01 -0.345360527694543E+01 -0.304702688777798E+01
  -0.292664476502280E+01 -0.938427203358516E+00  0.173257673182858E+01
  -0.327544512974187E+01 -0.314263877449621E+01 -0.260811738191093E+01
   0.349731500468972E+01  0.324149889027530E+01  0.314144485447136E+01
   0.164027394356514E+01 -0.268212482925470E+01 -0.266381417536524E+00
   0.356357781231380E+01 -0.217080891165421E+01  0.487017568543790E+00
   0.288829066730125E+01 -0.134749208891811E+01  0.215439571404818E+00
  -0.465136970912996E+00  0.181647349735128E+01  0.166548141987140E+01
  -0.988176568352840E+00 -0.140270079814163E+01  0.140786496662676E+01
  -0.228869960071638E+01 -0.138508830458406E+01 -0.333167936044980E+01
   0.652825591328526E+00  0.210332235321003E+01 -0.382924404853264E+00
   0.346953705848566E+01 -0.357682069490738E+01  0.199867376534371E+01
   0.123714351229352E+01  0.162288817546390E+01  0.188766324874407E+01
   0.502694454010430E+00 -0.351661456510674E+01 -0.267536796622760E+01
   0.122223659352148E+01 -0.309810359954404E+01  0.212935658095110E+01
   0.327355342544286E+01 -0.102595749028809E+00 -0.207230711192411E+01
   0.176726045089791E+01  0.143862821963494E+01  0.288169229437555E+01
  -0.249248315418369E+01 -0.735666861239284E+00 -0.210306743593515E+00
   0.176389959007298E+01 -0.325117415087636E+01 -0.334254157193922E+01
  -0.887265137870729E+00 -0.881507733460551E+00 -0.195337872209727E+01
  -0.758777893557410E+00  0.204167586234678E+01  0.684345648163870E+00
   0.203449123504078E+01  0.457262841105644E+00 -0.317986412198606E+00
  -0.680421880062321E-01  0.242923315176033E+00  0.105902318138423E+01
   0.132629142983739E+01  0.318558020056853E+01 -0.222359336803970E+01
  -0.218321431808365E+01  0.222157161758930E+01 -0.320956274549660E+01
   0.234493919666133E+01  0.322436994926523E+01  0.175756895572116E+01
   0.220491583165985E+01 -0.152490973416132E+01  0.352752250843423E+01
   0.311954493727090E+01  0.797538591860329E+00  0.159860169744240E+01
  -0.286706591008634E+01  0.258246018067975E+00  0.181723331167209E+01
  -0.161865160044564E+01 -0.671295071089417E+00  0.352696774579975E+01
   0.812510976877989E+00  0.138640861472974E+01 -0.311176617384867E+01
  -0.192861379274351E+01  0.198316680737746E+00 -0.231125048125686E+00
   0.101302865647561E+01 -0.325969313383375E+01  0.272770527888130E+00
   0.314305660105781E+01  0.270387984264098E+01 -0.242815284517024E+01
   0.144441665715846E+01  0.339732219431031E+00  0.356968758060858E+01
   0.187339249811597E+01 -0.151717885135645E+01  0.175259176760085E+00
   0.213797494627338E+00  0.324818217217691E+01  0.533462960900045E+00
  -0.254920968974466E+01  0.307178507101073E+01 -0.533816584034598E-01
  -0.186766987513353E+01  0.643575872337661E+00  0.268761360524369E+01
  -0.255806227628688E+00  0.292165683239401E+01 -0.222251201654374E+01
   0.328828086460207E+01  0.764117295912562E-01  0.404883186687820E-01
   0.229315196931721E+01 -0.316612417453632E+01 -0.998443566902089E+00
   0.317286122039633E+01  0.133534583140013E+01  0.266254006323487E+01
  -0.327525407251553E+01  0.250762556952017E+01 -0.557553154966321E+00
   0.262357744629551E+00  0.356301454144971E+01 -0.443841952875662E+00
   0.147842665006675E+01  0.251895667472447E+01  0.117830595605872E+01
   0.267293525136458E+00  0.113506452437934E+01 -0.188889086479019E+01
   0.330151139585318E+01 -0.378488854072045E+00  0.191014907516221E+01
   0.277915484697546E+01 -0.101191741264317E+01 -0.963301738599751E+00
   0.657662181753466E+00  0.269310602016442E+01 -0.322601750092038E+01
  -0.180287130499526E+01  0.430840448406369E+00  0.935883549243451E+00
  -0.240358613423644E+01  0.290259228275443E+01  0.115755206843976E+01
   0.211205347612876E+01  0.274841881889237E+01 -0.311895759028330E+01
  -0.127876503924781E+01  0.294808842337044E+00 -0.338876111084762E+01
  -0.134491741146595E+01  0.218651507101239E+01 -0.156945687755808E+01
  -0.133632315939998E+01 -0.133174645412380E+01  0.252478666146359E+00
  -0.165133041656154E+01  0.236396957250018E+01  0.542976506316100E+00
   0.156988100198211E+01 -0.279481456772954E+00  0.266257121909464E+01
  -0.292411465242092E+01  0.122402994597891E+01  0.258902987106597E+01
   0.324800310779759E+01 -0.309187529262763E+01 -0.188795395284617E+01
   0.656003553435120E+00 -0.106685320256669E+01 -0.274335832389195E+00
   0.198827319046883E+01 -0.315338255245658E+01  0.133947561068544E+01
  -0.858832403621896E+00 -0.230510502983132E+01  0.356375808129250E+01
  -0.271978348863676E+01 -0.747283962421365E+00  0.280221683332415E+01
   0.282744193583898E+00  0.276205340308931E+01 -0.121173289410466E+01
  -0.313238660200446E+01  0.277073911338277E+01 -0.317180338249996E+01
   0.987950275682468E+00 -0.168635807014485E+01 -0.222961904190231E+01
   0.294723837156360E+00 -0.775749025298990E+00  0.129647978388736E+01
   0.131347433062255E+01  0.303036912643662E+01 -0.697478923825879E+00
  -0.205782962531849E+01  0.165647132229309E+01  0.123803677594636E+01
  -0.209950949440493E+01 -0.901964397567451E+00  0.110567945702072E+01
  -0.299328469144036E+01 -0.356489162138444E+01 -0.884157851858017E+00
   0.125585465059442E+01  0.149063174794761E+01  0.687124617187053E+00
  -0.164162517820021E+01  0.307697716990598E+01 -0.496362230618168E+00
  -0.421873017414025E+00 -0.139727321093145E+01 -0.560218265909494E+00
   0.117270757727591E+00 -0.344903443719396E+01  0.338047637420146E+01
   0.339976628685780E+01  0.235334304331830E+01  0.380614673085600E+00
  -0.160690882811929E+01  0.349509761512750E+01 -0.162085237289759E+01
  -0.606015332778710E+00  0.333931591684542E+01 -0.908068031866103E+00
   0.119919753387855E+00  0.106259700579945E+01  0.226625941314412E+01
  -0.812567431257759E+00  0.366939600970069E+00 -0.201216996300947E+01
   0.289797322595927E+01  0.122739302163874E+01 -0.387717095853886E+00
  -0.879437974571586E+00 -0.172835051318979E+01 -0.267180343333335E+01
   0.447996268947474E+00  0.246863884583890E+01  0.116115823955513E+01
   0.839858846233930E+00 -0.166165262116230E+01  0.111989670155883E+01
  -0.212553949215041E+01  0.124611612978318E+01  0.985259187416909E-01
  -0.176035274512289E+01 -0.858040325220806E+00 -0.264220047370675E+01
   0.347731573921991E+01  0.396961421560950E+00  0.303223679312868E+01
   0.976677833567693E+00 -0.263565036886520E+01  0.353317916939312E+01
  -0.172977197415100E+01 -0.143627493825447E+01  0.291734958990968E+01
  -0.316148173586233E+01 -0.189498565532818E+01  0.295016291070270E+01
   0.113699423857899E+01 -0.204936499389453E+01  0.217673145205879E+01
  -0.211444775502198E+00 -0.152470997603461E+01  0.540626415817909E+00
   0.536489528019266E+00  0.163928855436658E+00 -0.125398246793536E+01
   0.152784207252012E+01  0.451070206929326E+00  0.647736464543807E+00
  -0.180081080093767E+01 -0.798346992802959E-01  0.194881461404055E+01
   0.117808001299561E+01  0.150599939189142E+01 -0.152682970386151E+01
   0.980005859786085E+00 -0.102373839986404E+01  0.198014152292015E+01
  -0.725381736964236E+00 -0.200161693293883E+01  0.229095586400471E+01
  -0.302423547726388E+00  0.193191234820431E+01 -0.140749870407339E+01
   0.282745990786864E+01  0.216568951084477E+01 -0.136244544524222E+01
  -0.110184772472954E+01 -0.332232038264320E+01  0.110264167340376E+01
   0.215823539404071E+01 -0.149474619572939E+01 -0.229467632928680E+01
   0.176721397261940E+01 -0.249174132936994E+01  0.287612142857287E+01
  -0.223870716883155E+01 -0.297294179381723E+01  0.122852906707560E+01
   0.236620994900488E+01 -0.508168722713702E+00 -0.224642575618990E+01
   0.993243991410328E+00  0.120811396288443E+00  0.155506481588608E+01
   0.241176296553518E+01  0.234786458190733E+01 -0.217607141929990E+00
   0.114388468667997E+01  0.791319899009782E+00 -0.796879433580869E+00
   0.286201428421764E+01  0.160362081326617E+01  0.969233504540491E+00
   0.916035923202487E+00 -0.164565885233795E+01 -0.321604867135102E+01
  -0.293544831667692E+01 -0.845599938455770E+00 -0.228837830834404E+01
   0.850426159977767E+00  0.333642021526408E+01  0.287748385519627E+01
   0.303895378541108E+01 -0.245691515780863E+01  0.290371072551078E+01
  -0.244075277193430E+01 -0.186459668462081E+01  0.225469435821865E+01
   0.150662284253972E+01 -0.730911764870080E+00 -0.282318240138568E+01
   0.314218206730785E+01 -0.221340488321188E+01 -0.605110637981758E+00
   0.970897906990434E+00 -0.362109353068962E+00  0.465138885273023E+00
  -0.306995332480403E+00  0.269360373042202E+01 -0.148572682384169E+00
   0.274460581016596E+00 -0.844511769472630E+00 -0.244700026756379E+01
   0.157902333452997E+01 -0.160282084719350E+01 -0.836124861209152E+00
  -0.142298345786086E+01 -0.772062928826212E+00 -0.741598246604232E+00
   0.307605358470208E-02 -0.107266468327961E+01  0.239706488139429E+01
  -0.113078878398118E+01 -0.179112565785282E+01 -0.153916471872895E+01
  -0.133667622660793E+01 -0.347487955251201E+01  0.331544365000502E+01
   0.349947805255424E+01  0.485214790508937E+00 -0.307094758287200E+01
  -0.191076624646137E+00 -0.165435576321547E+01 -0.189902942639416E+01
  -0.326191218810319E+01 -0.300670897437620E+01  0.816860680560765E+00
   0.224821025257638E+01 -0.327412960068824E+01 -0.219200364474780E+01
  -0.252717351381860E+01 -0.332127608947530E+01 -0.186244018336618E+01
  -0.345181424967981E+01  0.112693129104907E+01  0.477022695760264E+00
   0.242671249041378E+01 -0.205485429241605E+01  0.214202180879270E+01
  -0.323169398244393E+01  0.136831469810359E+01  0.167507541540781E+01
   0.342454060127957E+01  0.288719939423663E+01  0.123024913205682E+01
   0.278184901575948E+01 -0.151638881540219E+01  0.117469322210523E+01
   0.285551085349291E+01 -0.234228357956112E+01 -0.283732617294143E+01
   0.252940782264033E+01  0.339823433079725E+01  0.434335257748508E+00
   0.237983752476756E+00  0.227959825903407E+01  0.230922954944717E+01
  -0.267343872285980E+01 -0.185414055508769E+01 -0.121091370370979E+00
   0.198881678987520E+00  0.211291350190722E+01  0.335029385560284E+01
  -0.312989158428043E+01  0.116453710533453E+01 -0.231521550299248E+01
  -0.899456104423668E+00 -0.276724944100001E+01 -0.187023873076670E+01
  -0.184161428090528E+01 -0.266962226121404E+01 -0.252294040054470E+01
  -0.155946325329308E+01  0.194345695342924E+01 -0.585409808722060E+00
   0.176601546824989E+01  0.241669213229126E+00 -0.147763330670170E+01
   0.130611222859141E+01  0.284038113548152E+01  0.286182545232180E+00
   0.134392111548548E+01 -0.359659154594443E+00 -0.703475493928040E+00
   0.102884335586944E+01 -0.888382400773987E-01 -0.210260379509138E+01
   0.289571966895891E+01 -0.384847195035562E+00 -0.333133022550107E+01
   0.181753704569596E+01 -0.211119041029871E+01  0.126257102735687E+01
   0.263783439740751E+01 -0.221985287642474E+00  0.102542024800059E+01
  -0.955045733145991E+00  0.115626262663854E+01 -0.134938166194604E+01
  -0.352100711668978E+01  0.159489180962744E+01 -0.869532621953709E+00
  -0.253726316551397E+01  0.987981646673893E+00 -0.138282995140721E+01
  -0.100920413208864E+01  0.257889060989823E+01  0.241845877999883E+01
   0.268641256270684E+00 -0.274830258071802E+01  0.134295106644431E+01
  -0.164677080381593E+01  0.333584364453390E+01  0.180876746703147E+01
   0.242765119708219E+01  0.146897248348792E+01 -0.329526480060037E+01
   0.552328412880890E+00 -0.134238812552708E+00 -0.352595263055236E+01
  -0.192728622376570E+00 -0.135230031993156E+01 -0.331566565324886E+01
   0.223333170111124E+01 -0.529873139310107E+00 -0.887428493209883E-02
  -0.199486482199487E+01  0.335423310102412E+01 -0.295036444821857E+01
  -0.289778409234720E+01 -0.106501785572590E+00  0.663385286725579E+00
   0.268262833053518E+01 -0.220799721250864E+01 -0.169140754902601E+01
   0.931819840417565E-01  0.348240855333140E+01  0.198451694735787E+01
   0.944716626431880E+00  0.822424025594240E+00  0.269500549497114E+01
   0.253047414529036E+01 -0.250016326808827E+01  0.547479401998879E+00
   0.229570879546321E+00  0.169495905666575E+01  0.338473107933839E+00
  -0.112247084523882E+01 -0.213690905409080E+01 -0.570214758327112E+00
   0.536872553226840E+00 -0.225874800176379E+01 -0.654915563327449E-01
  -0.970051059968634E+00  0.145520172156479E+01 -0.349633871924805E+01
   0.163152929723533E+01  0.190875735458860E+01 -0.276548298809551E+01
  -0.340936526040060E+00 -0.914685567809476E-01 -0.187902873112653E-01
   0.708352186021323E+00  0.233672757305039E+01 -0.220731338653303E+01
  -0.347063386356587E+01 -0.873951762542455E+00 -0.269372910422565E+00
   0.468852653015275E+00 -0.924842455603431E-01  0.242469940656864E+01
  -0.116388231107188E+01 -0.308924225292534E+01 -0.126651415964147E+00
  -0.262660548637107E+01 -0.199731098586090E+01  0.123051897918875E+01
   0.239269967178022E+01  0.236410256172177E+01  0.285141372915912E+01
   0.197897808769360E+01  0.219966055859562E+01 -0.186987539396506E+01
   0.310391543106666E+01  0.160291940140705E+01 -0.226746161230274E+01
  -0.844839499855195E+00  0.781278638090322E+00  0.608966443240975E+00
  -0.279954656338859E+01  0.308397798445979E+01  0.217659832839530E+01
   0.112117311651896E+01 -0.269908771072005E+01 -0.237274355657704E+01
   0.320548497615391E+00  0.118063211346815E+01  0.123095373263210E+01
  -0.618903092650428E+00 -0.423679642354604E+00 -0.297607582813393E+01
  -0.152957915192718E+01 -0.262671087094215E+01  0.217811603687278E+01
  -0.331613797082203E+01 -0.829631137128147E+00 -0.332895878837863E+01
  -0.330515559468721E+01  0.233924906949561E+01  0.279385884878309E+01
  -0.239008404501628E+01 -0.111579259517748E+01 -0.130016731297891E+01
   0.318889794991147E+01 -0.157683296858561E+01  0.351366371538214E+01
  -0.245996213725751E+01  0.232443601540292E+01 -0.129635841410682E+01
   0.979806655170346E+00  0.345189611622998E+01  0.130947783574897E+01
   0.104836178812101E+01 -0.118445099124825E+01  0.298994029446545E+01
  -0.480909961028805E+00  0.170635548173791E+01 -0.355161567291356E+00
  -0.121192116678382E+00 -0.332784157690155E+01 -0.174337588942884E+01
  -0.259704245047678E+01 -0.294810751914222E+01  0.252900490443033E+01
   0.305518328766331E+01  0.232173413403611E+01 -0.338012603347945E+01
  -0.342098547593554E+01 -0.122866955310534E+01  0.833169061653770E+00
   0.269505738537254E-01 -0.259271043720365E+01 -0.271850691328013E+01
  -0.293973674155550E+01  0.729181399932243E+00 -0.344728657869996E+00
   0.567495664501567E+00 -0.750222320631032E+00 -0.146455676009754E+01
   0.330779448770888E+01  0.336249371358132E+01 -0.182953314669914E+00
   0.267677734103689E+01 -0.612537100690293E-01 -0.103474276773583E+01
  -0.240417198799329E+01 -0.285466501163821E+01 -0.348606156494700E+01
  -0.273674243755755E+01  0.196879957831757E+01  0.526572761999410E+00
   0.201696645064602E+01  0.437028620766847E+00  0.177640560326508E+01
   0.239711171403492E+01  0.748777570066393E+00  0.312360353479722E+01
   0.326070701575162E+01 -0.123397521117743E+01 -0.226100614033919E+01
  -0.257825538939608E+01  0.509219478794259E+00 -0.304842139017267E+01
  -0.341085678268525E+01 -0.213835808128094E+01  0.199202793795832E+01
  -0.284466670795762E+01 -0.208414768314922E+01 -0.127906378614952E+01
%  0.342364368869482E-01 -0.115881584649127E+01 -0.695345833603532E+00
% -0.182120225950227E+00 -0.978663774739189E+00  0.145521454653970E+01
%  0.509200560815731E+00 -0.217017780716374E+01 -0.120157059815248E+01
% -0.532562213738424E-01 -0.742691964219092E+00 -0.316398616481705E+00
% -0.124413801576360E+01 -0.591273464267131E+00 -0.886747387891918E+00
%  0.192856549846006E+01  0.126554575119331E+00  0.870349327567128E+00
%  0.939521209978828E+00  0.141617519555211E+01 -0.610357744224470E+00
%  0.152249010937968E+01  0.203041729713495E+01 -0.651073354354243E+00
% -0.104144755066079E+01 -0.437780109760700E+00 -0.340274996012871E+01
% -0.123254333623827E+01  0.119904104940867E+01 -0.104347611710259E+00
% -0.108568340682970E+01  0.170153936998710E+01 -0.146840597845112E+01
% -0.184087874367337E+01  0.464030874439963E+00  0.154256662016644E+01
% -0.135239148283627E+00 -0.121784658010436E+01  0.642400517664731E+00
% -0.238066730124045E+01  0.246239903894939E-01  0.224092374060133E+00
% -0.241017298175670E-01 -0.337644618456949E-01 -0.100034954729548E+01
% -0.997872175880337E+00  0.219443653781260E+00  0.299579396121062E+00
%  0.179535634993054E+01  0.216997124813379E+00 -0.132988228658320E+01
% -0.349231216541300E+00 -0.386972835146324E+00  0.955599752187236E+00
% -0.652876931789175E+00 -0.124787885577743E+01 -0.489354602478448E+00
% -0.741253863032043E+00  0.140769055691833E+01  0.156643079161623E+01
%  0.154786267003359E+01 -0.132929562756736E+00  0.116239361430676E+01
%  0.211659930220986E+01  0.546585306166207E+00 -0.122394048236274E+01
%  0.863419824468094E+00 -0.858582631322119E+00 -0.119547037283321E+01
% -0.277850090414124E+00 -0.145679034958924E+00  0.146682209477015E+01
%  0.186011270273537E+01  0.782461019674049E+00 -0.192193838402517E+00
%  0.843887978582613E+00  0.175518412613560E-02 -0.105472326914117E+00
%  0.443652745776328E+00 -0.803373475321355E+00  0.113276975625165E+01
%  0.193848046579933E+01  0.108693696792247E+01 -0.681847779717648E+00
%  0.362931201489311E+00 -0.443906412284815E+00 -0.916744157607579E+00
% -0.189419006403803E+01 -0.124363636770289E+01  0.112712390104269E+01
% -0.204544264450978E+00 -0.460931014262996E+00  0.861058248310157E+00
%  0.585848971634849E+00 -0.186231205553302E+01 -0.617771982693528E+00
%  0.949649318417347E+00  0.752817603412643E+00  0.125700758210691E-01
%  0.764596700629838E+00 -0.975553749423123E-01 -0.174188236812288E+01
% -0.133516464671328E+01  0.859727686128829E+00 -0.139210184826178E+01
%  0.427299936395714E-01 -0.226884452399797E+00  0.109960313274198E+01
%  0.106818687113918E+01 -0.733136893218775E+00 -0.459182306022418E+00
% -0.457074129639449E+00  0.964749838084894E+00 -0.105005343969433E+01
%  0.359329897886404E+00  0.606527978826874E+00  0.125895733214833E+01
% -0.101901515921582E+01 -0.137867161012194E+01 -0.756445015674852E+00
% -0.310296236126752E+00  0.527783853642984E+00 -0.116205060539729E+01
% -0.353097349616862E+00  0.630376384809323E+00  0.102098090990824E+01
% -0.732719678071656E+00 -0.254338471628596E+01 -0.965917243841701E+00
% -0.266504714473709E+00  0.534380112746014E-01 -0.348859305503024E+00
% -0.812471118693460E+00  0.140783470275823E+00  0.538656891907065E-01
% -0.212372031997478E+01 -0.344616231218735E+00  0.146455063801296E+01
% -0.257060670590727E+00 -0.549107759633224E+00 -0.906769653820083E+00
% -0.296924967580087E+01  0.428016232844734E+00  0.852081070359414E+00
% -0.405596182301371E+00 -0.205023163810759E+00  0.490798389694331E+00
%  0.153955390852653E+01  0.756689190189789E+00  0.473894312814414E+00
% -0.178172040188526E+01 -0.384315338603193E+01  0.147035212984783E+01
% -0.124034599795479E+01  0.173803057543350E+01  0.300967326667041E+00
% -0.459879529787068E+00 -0.819276296498626E+00 -0.133129731709127E+01
% -0.283367980912910E+00 -0.438515817400338E+00 -0.162165708742580E+01
% -0.134953843109971E+01 -0.245743280693324E+00 -0.451803749905549E+00
%  0.180325459371985E+01 -0.353744081166142E+00  0.235488041312710E+01
%  0.190261072429276E+00  0.269130447858252E+00  0.238332281264039E+00
%  0.384383699558944E+00  0.329004804760833E+00  0.534089515469819E+00
% -0.170751228847132E+01 -0.156216180261801E+00  0.120941085706328E+01
%  0.153486002961931E+00  0.704885425071682E-01  0.693369677930525E+00
% -0.347106902067146E+00 -0.205738294206275E+00 -0.149179646945542E+00
% -0.153755806602860E+01 -0.113501558397595E+01 -0.799206210253831E+00
% -0.122439467588290E+01  0.347885308767013E+00  0.103937323240571E+00
% -0.647158563681952E+00 -0.252135663625946E+01 -0.545954927271982E+00
% -0.201776403378314E+00 -0.748846877033294E+00 -0.331930289753562E+00
%  0.875825409213131E+00  0.131341879214563E+01  0.177554473072104E+01
%  0.127576116283614E+00 -0.202901056568716E+00  0.966450867857138E+00
% -0.187460720328128E+00  0.679668407093807E+00 -0.143643689364657E+00
% -0.377258720761035E+00 -0.106020360255909E+01  0.566006307820728E-01
% -0.690999842666174E+00 -0.953304762922269E-01  0.165787416427835E-01
% -0.141045451884778E+01 -0.158962032755234E+00  0.142191491065414E+01
%  0.555490595605296E+00  0.122923747618812E+01 -0.147445669371365E+01
%  0.241181653753351E+01 -0.402757925232514E+00  0.775558744917994E+00
%  0.209118334869045E+01 -0.856977627371660E+00 -0.132947345116204E+00
% -0.181907686392745E+01 -0.222952023440560E+00  0.808638734330861E+00
% -0.534444899289105E+00 -0.467905080724924E+00 -0.847489692920225E+00
%  0.139566465589311E+01  0.564522917292076E+00 -0.108192582169793E+01
% -0.929221248367997E-01  0.221857786217513E+00 -0.168674881759152E+00
%  0.575559320673655E+00 -0.141471525012704E+01  0.227453646752612E+01
%  0.252521830632886E+01 -0.572700005972416E+00  0.485934400900888E-01
%  0.940943643679960E+00  0.407010271127389E+00  0.629789079960804E+00
% -0.214173438125182E+01  0.417349077228663E+00 -0.216091001495567E+00
%  0.143374125434194E+01  0.896763040995218E-01  0.332189299325874E+00
% -0.177306631695926E+01 -0.130863422922788E+01  0.106370249349866E+01
% -0.378187819355740E+00  0.225545357073356E+01 -0.126151805233813E+01
%  0.482997796565729E+00  0.163943980643362E+01 -0.187740806322173E+01
% -0.649125716542508E+00  0.311331868235654E+00 -0.121710804830358E+01
% -0.541050513792993E+00 -0.625300240638988E+00 -0.457629167018808E+00
% -0.302100823342037E+00 -0.108642627564104E+01 -0.289732776297830E+01
%  0.453612493480557E+00  0.946501767946029E+00 -0.592978026252386E+00
%  0.716144940571499E+00 -0.178194095958634E+01 -0.482658053097866E+00
% -0.124153032724414E+01  0.354755600249885E-01 -0.500958943329078E+00
% -0.551896590339060E-01 -0.887688924042201E+00  0.222838120380767E+01
%  0.531155794269739E+00 -0.848920254905413E+00 -0.804554345296137E+00
% -0.355660690113773E+00  0.201349042188799E+00 -0.583798404765446E+00
% -0.126941797329560E+00  0.777271318902973E+00 -0.121646289418371E+01
%  0.374749726587717E+00  0.761937837639561E+00 -0.315266736660297E+00
% -0.898910758491705E+00  0.572690082635629E+00  0.292776336676225E+00
% -0.378605153775717E+00  0.267987815334188E+01  0.148497539750347E+00
% -0.399072460759819E+00 -0.165803597732588E+01  0.757016615562354E+00
%  0.455537196699117E+00  0.895957374937298E+00 -0.839283760403825E-01
% -0.547731998941922E+00 -0.146397213308389E+01  0.166157602807762E+01
% -0.142106268385377E+01 -0.495988228716655E-01  0.868122116779158E-01
%  0.442905112479978E+00  0.929884807775410E+00  0.751035485601555E-01
% -0.141480492657335E+01  0.893914908327839E+00  0.906336929181105E+00
%  0.454850225100939E+00 -0.228599643978686E-01 -0.692270195633580E+00
% -0.489108491913516E+00  0.113603908043817E+00  0.744471002136139E+00
%  0.177010467223953E+01 -0.443127904265469E+00  0.113794937056348E+00
%  0.336964920088715E+00 -0.148452860120461E+01 -0.728692676861118E+00
% -0.146734075427563E+01  0.109101277758718E+01  0.442342822749702E+00
% -0.233062474797687E+01  0.363211774701194E+00  0.139565361026064E+01
% -0.111614408964197E+00 -0.124182219891454E+00 -0.317983994987100E+01
% -0.281814277089791E+00  0.273669077324398E+00  0.103389513456601E+01
%  0.633499521797256E+00  0.166288193714742E+01 -0.719926506834081E-01
% -0.110407466336317E+01  0.144646045417268E+01 -0.111935131448986E+01
%  0.156463104512264E+00 -0.146213499329574E+01  0.154780531720544E+01
% -0.193652750081986E+01 -0.111103705535794E+01 -0.209458056099432E+00
% -0.119486676499592E+00 -0.163526384779781E+01  0.342439046987115E+00
%  0.890289651639139E+00 -0.462068725370469E+00  0.110170601294730E+01
%  0.404610821681777E+00 -0.841969773982915E+00 -0.197596957319175E+01
% -0.532461283049098E+00  0.195799432653134E+00  0.383224506034624E+00
% -0.125672887475155E+01 -0.736603399781943E+00 -0.976894071586772E+00
%  0.686158781169205E+00 -0.483668823077436E+00 -0.954484616203519E+00
%  0.955592538691368E+00  0.379300267953325E+00  0.721741385110974E+00
% -0.308330976536192E+00 -0.613609571028495E+00 -0.395583431509145E+00
% -0.912025060093784E+00 -0.291131077379129E+00 -0.222575860436561E+01
% -0.134243612876756E+00 -0.155964624924175E+01 -0.870423985765391E+00
% -0.592119178415001E+00  0.294722440347004E+00 -0.134785688431150E+00
%  0.533433372004108E+00 -0.994063794335843E+00 -0.554173684007915E+00
%  0.124257643531842E+01  0.177622578791740E+01  0.160722957639562E+01
%  0.422814517831430E+00 -0.607927126426624E+00  0.717127031002193E+00
%  0.308376976645650E+00 -0.748138343788445E+00  0.969620537016341E+00
% -0.882455671166975E+00 -0.384132043535740E+00  0.920014695457475E+00
%  0.168252319937257E+01 -0.457014324170751E-01 -0.100450274227038E+01
% -0.249029606175017E+00 -0.415253716948452E+00 -0.254795566974851E+00
% -0.154281917970850E+01 -0.252327579010017E+00  0.123417104357917E+00
% -0.105909019483189E+01 -0.269970735397750E+00  0.288772667063189E+00
%  0.623298701708383E+00 -0.184231094738012E+00  0.155985539022153E+01
%  0.152972190663362E+01  0.288822232031787E+01 -0.759971754825073E+00
%  0.907152396522087E+00  0.122157616606956E+01 -0.127280143875456E+01
% -0.221062480836812E+00 -0.569994342628635E+00 -0.319587832145284E+00
% -0.387031351806223E+00  0.120916743358396E+01 -0.440923453117007E+00
% -0.250257077115564E+00  0.466646979128746E+00  0.587248019610293E+00
%  0.785708408586103E-01  0.192116988971191E+01  0.116062560955446E+01
%  0.135808496886213E+01 -0.117260419102004E+00 -0.299226098824004E+00
% -0.373546805438327E+00 -0.625825506057208E+00  0.950352231013362E+00
%  0.145878369316066E+00  0.529922608147346E+00 -0.797539068329822E+00
% -0.134379427919389E+01  0.123802838610395E+01  0.133004777044220E+00
% -0.155891078372117E+00  0.842710629903367E+00  0.797844279178507E+00
%  0.183740154576954E+01  0.812858446855014E+00  0.255757809574047E+00
% -0.891887353461663E+00 -0.139439282530798E+01  0.126651626108082E+01
% -0.975799859047994E+00 -0.144475610925718E+01 -0.343248563502576E+00
%  0.137746914007893E+01  0.108429190414075E+01 -0.280609350126936E+00
%  0.145303095869407E+00 -0.443729034773358E+00  0.652317567694139E+00
%  0.114922876591966E+01  0.126280300588418E+01 -0.218460478377763E+00
%  0.106824441066871E+01 -0.111142274721302E+01  0.110082431971648E+01
%  0.647762883084649E+00  0.168812432984076E+01  0.746833967424866E-01
% -0.685229441248756E+00  0.769910938978164E+00  0.126574185028479E+01
%  0.108043926974096E+01  0.271544142400752E+00 -0.349454442861223E+00
% -0.135957057801045E+01  0.119522736860813E+01 -0.766702879497792E+00
%  0.237922238415886E+01  0.842928790353196E-02 -0.187199081802591E+00
%  0.242253815205964E+00 -0.155208822595284E+00  0.653539136902570E+00
% -0.201514215851243E+00  0.115045913062204E+01  0.842290574471242E+00
% -0.129820516735389E+01  0.196578659835441E+00  0.971053737584884E+00
%  0.119600227146021E+00 -0.309596082438534E+00  0.109622049308285E+01
% -0.239676021415144E+00  0.141615369812788E+01  0.187215084078993E+01
%  0.140259615759665E+00 -0.182072924080921E+01  0.360088912705050E+00
% -0.883224720033582E+00  0.473765245770546E+00  0.269791288115307E+00
% -0.271857790699896E+00 -0.111615495349293E+00 -0.145720513167246E+00
% -0.109514194910246E+01  0.853838870084441E+00 -0.237733948436797E+00
% -0.103117639786001E+01 -0.124508443020622E+01 -0.605587453285829E-01
%  0.601597561559758E+00  0.659784222622953E+00 -0.270695017107701E+00
% -0.299808175334319E+00 -0.144791483633118E+01  0.611928903340846E+00
% -0.986902477008093E+00  0.149065062471849E+01  0.118370018116690E+01
% -0.165075582175318E+01 -0.941051329397135E+00 -0.218269257681915E+01
% -0.173424468129794E+01 -0.630471483904204E-01  0.857005317228833E+00
%  0.665483369952992E+00 -0.917888759200205E+00  0.563750526278245E+00
%  0.652367886784597E+00  0.362288755873580E+00  0.679402302481774E-01
%  0.424064231747873E-01  0.116758920387668E+01 -0.138572370468989E+01
%  0.399613129977041E-01  0.144977665453053E+01  0.887564404267008E+00
% -0.592788110049965E+00 -0.434636128657780E+00  0.171097111848567E+01
%  0.144855452740664E+01 -0.346255161885113E-01  0.235329260709600E+00
% -0.586047771194633E+00  0.189309600081053E+00  0.132679526968819E+00
%  0.602127770344037E+00  0.115264861864597E+01 -0.266555313344964E+00
% -0.201090946444403E+00  0.184041648282936E+01  0.207637367060701E+00
% -0.186643992770491E+01  0.828340640053920E+00  0.912089734168089E+00
% -0.375202739557416E+00  0.545983796656197E+00  0.117847981377487E+01
%  0.866721131499955E+00  0.162883487139678E+00  0.740654005566029E-01
%  0.220779088194486E+01  0.368774107273375E+00  0.249535892010488E-01
%  0.206733706828624E+00  0.168623287727882E+01 -0.185785596776513E+00
% -0.109980466310951E+01  0.557661306206450E+00  0.125302768664127E+00
%  0.147803880317106E+01 -0.101437293416674E+01  0.491594269463547E+00
% -0.588836816093389E+00  0.131368875133902E+01  0.455363359117024E+00
% -0.432108822679302E+00  0.108896465264982E+01 -0.411506096873148E+00
% -0.513615157209301E+00 -0.751132437220799E-01 -0.113656884026692E+01
% -0.175447679683159E+01 -0.101718951498335E+00 -0.675801555836973E+00
%  0.195150229839017E+00 -0.493927195223992E+00  0.740801330401633E+00
%  0.415061145115733E-01 -0.165521690776223E+00  0.809114569949227E+00
% -0.463974707470042E+00  0.302405617999521E+00 -0.370302349777958E+00
%  0.538523731671800E+00  0.109483764732268E+01  0.195514867774246E+00
%  0.665646136278712E+00 -0.737237696637481E+00  0.305807495527608E+00
%  0.343378232301207E+00 -0.154603121126185E-02  0.291850438306448E+00
% -0.191214211098261E+01 -0.778475843360289E+00  0.947171978054606E+00
%  0.561640195882552E+00  0.137818385570854E+01 -0.218335502991844E+01
%  0.148830138722459E+01  0.119879070049741E+01 -0.510671098659603E+00
% -0.450566789445417E+00 -0.513589230969409E+00  0.100220178837840E+01
%  0.437781621783798E+00  0.376347282547491E+00 -0.856494271333050E+00
%  0.158480624924148E+00 -0.107212103697662E+01 -0.232064732699860E+00
%  0.113339154677713E+01 -0.102681457955977E+00  0.242358300556365E+00
%  0.124477914280139E+00  0.197180514428834E+01 -0.115025415989891E+01
% -0.122445702559098E+01 -0.224171167536250E+01  0.107207279317585E+01
% -0.929890238802021E+00  0.104443436781933E+01  0.136298790413365E+01
% -0.285248526086588E+01  0.118444479316225E+01  0.467430598393876E-03
%  0.406235574933560E+00  0.811162495642125E+00 -0.301166995268967E+00
% -0.220074593912032E+00 -0.128029146078610E+01 -0.183776711056679E+01
% -0.117581192608522E+01 -0.135585406213074E+01 -0.115891167881635E+01
%  0.606213259089597E+00 -0.275377669750804E-01  0.487239499094942E+00
% -0.426381091669605E+00  0.813934599692987E+00  0.195820637841150E+00
% -0.934918300948878E+00  0.772455332374844E-01 -0.655052860323972E+00
% -0.646968126786920E+00  0.238824714595633E+01 -0.236159953591859E+00
%  0.791420020987189E+00 -0.609351098507700E+00 -0.132661103628430E+01
%  0.784037786294105E+00 -0.164048191890149E+01 -0.330728007467058E+00
%  0.278074705187351E+00  0.847151676418452E+00 -0.107366145824209E+01
%  0.197486404391026E+01  0.410661245831109E+00  0.238659714580351E+00
%  0.167128574741629E+01  0.315628350874435E+01  0.662292133755015E+00
%  0.172289854174495E+01 -0.647888828839933E+00  0.148363613508347E+00
%  0.613076102345966E+00 -0.131955295838521E+01  0.946759660324013E+00
% -0.210914531990108E+00  0.991130908841036E+00  0.315407594465876E+00
%  0.127454847094541E+01  0.210275591676627E+00  0.147752770463912E+00
%  0.811451112941331E+00  0.802877437377631E-01 -0.536326840815201E+00
%  0.172049000899298E+01 -0.209293888033674E+00 -0.301916671356698E+00
%  0.938772916396446E+00  0.311990949257564E+00 -0.826878409300441E+00
%  0.116710476022880E+01 -0.159543229433085E+01 -0.439310054443989E+00
%  0.971831893888499E+00 -0.746284433272730E+00  0.318995531407465E-01
%  0.156058067077506E+01 -0.796943198244195E+00 -0.102420336990671E+01
%  0.514654704493707E+00 -0.267954506386002E+00  0.951936226830343E-01
%  0.733822803009424E+00  0.959665038769734E+00  0.722966824350108E+00
%  0.332539763486217E+00 -0.130804981787314E+01  0.562457309638171E+00
% -0.771436231968506E+00  0.378148313854645E+00 -0.849274935998163E+00
%  0.471921051672852E+00 -0.248730576967491E-01 -0.168678982978277E+01
%  0.817895903607180E-01 -0.152562143505649E+01 -0.346171283284310E+00
%  0.755075959375059E+00  0.527175327992499E+00  0.756472823525918E+00
%  0.993193785228289E+00  0.119701986788103E+01  0.447956223480603E+00
%  0.190363551855586E+01  0.387575980691048E+00  0.574668556257350E+00
%  0.969519389019230E+00 -0.159501869693482E+01  0.295741024872248E+00
%  0.131553310568403E+01 -0.625151138690323E+00 -0.773956632275386E-01
% -0.411805855897751E+00 -0.360229903993157E+00 -0.156404986067957E+01
% -0.436463075983658E+00 -0.202101357823699E+00  0.163652597613806E+00
%  0.201472087535931E+01 -0.128047140725127E+01  0.146072614719779E+01
% -0.142309396693168E+01 -0.561929727360219E-01 -0.454364131640251E+00
%  0.180388406282397E-01  0.257038403996753E+00 -0.256955092360632E+00
% -0.500000192140823E+00 -0.868553595383057E+00 -0.370075822780024E+00
%  0.173975373900706E+00 -0.634839469467135E+00 -0.359323910397990E+00
%  0.622291202503862E+00 -0.277913009850041E+01  0.114698960312893E+01
% -0.136980897835595E+01  0.127622604325098E+01  0.775532390650760E+00
%  0.976164661938018E+00 -0.107271110340670E+01 -0.133463816634296E+01
% -0.226755093504492E+02 -0.188105725596899E+02  0.186893594750696E+02
%  0.665453659503135E+00  0.268802524863019E+02  0.207111829751295E+02
% -0.564950257952951E+00 -0.239555739287643E+01  0.865755127850857E+00
% -0.277806448134632E+01 -0.183784494012881E+01 -0.247038331372135E+01
% -0.144306942638789E+02  0.467001661840635E+02 -0.331490974088620E+02
%  0.740117804320102E+00 -0.442084322143464E+02 -0.222119833320117E+01
%  0.314822683602029E+02  0.182561628531950E+01  0.222749320684117E+01
% -0.132603209997015E+02  0.557747546221294E+01 -0.258304474548463E+01
%  0.893711143574544E+01 -0.563437856065654E+00 -0.178552248381621E+01
% -0.270152914928889E+00 -0.788468129101693E+01  0.143925391551541E+02
% -0.314955784725777E+02  0.228423648497400E+02 -0.439406410515793E+00
%  0.448796144541688E+02 -0.153382631297979E+02 -0.297555196417686E+02
% -0.390656681799775E+01 -0.390452796726768E+01  0.116639385895655E+02
% -0.321461429143421E+01 -0.159343452612164E+01 -0.321743734160860E+01
%  0.219433452900063E+01  0.161267692874050E+02 -0.148891339081823E+02
% -0.804069046153169E+01  0.893539803900102E+01  0.984211150639699E+00
%  0.161111554742208E+01 -0.886624364877989E+00 -0.544606254047543E+00
%  0.563432281174706E+01 -0.230710360841294E+01  0.312877758055745E+00
%  0.243518829142224E+01  0.909317508091181E+00 -0.370771587927096E+01
%  0.296188938073188E+02  0.207869928166631E+02  0.275204033230660E+02
%  0.306081015408779E+01 -0.409269087595412E+01  0.279600609979845E+02
%  0.352260789553334E+01 -0.492762346325166E+01  0.451790397059268E+01
%  0.153646534550519E+02 -0.500632637141433E+01 -0.303918190184732E+02
%  0.619696405737760E+00 -0.174162003089265E+01  0.373503790411774E+01
%  0.422214329828847E+02  0.823274847745220E+01  0.202935545117477E+02
% -0.729990140015213E+00  0.112706223465476E+01  0.662771103319631E+01
%  0.319751797187600E+02  0.114067676390216E+02 -0.148591679908756E+02
%  0.619457665420888E+01  0.187044475782975E+01  0.332664568694534E+01
%  0.105160836305759E+02 -0.820484353551323E+01 -0.699799419027844E+00
%  0.102211614253223E+02  0.865145456261341E+01 -0.455463476411244E+01
% -0.243408868554399E+02 -0.107864738717007E+02 -0.178965270493128E+02
% -0.118883816306802E+02 -0.205890607221573E+02 -0.161726347931650E+02
%  0.246358991541966E+02  0.527603484932356E+00  0.515389256986651E+01
%  0.189763757580191E+02  0.989257114491386E+01  0.763760443432907E+00
%  0.226630486108505E+01 -0.270976776094783E+02  0.161572478341057E+02
%  0.107136649484157E+01  0.181136435788773E+02 -0.331714299985632E+01
%  0.806930233579967E+01  0.110188227364422E+02 -0.596582444487965E+01
% -0.199883032007597E+01  0.987365620393772E+00  0.741176593919632E+01
% -0.241139167894418E+02  0.735496880473122E+00  0.310323532781349E+02
% -0.451901945950698E+02  0.163277119112641E+02  0.239626621581901E+02
% -0.327337012229820E+02 -0.365321630354072E+02 -0.166700891108456E+02
%  0.488478158512303E+01 -0.677150862126803E+01  0.133103074336459E+02
%  0.477159191946520E+02 -0.283781324897669E+02  0.295059270796956E+02
%  0.513585916914749E+01  0.219593435679639E+01  0.476993686499243E+01
% -0.611308240814540E+01 -0.603577251713093E+01 -0.413844062306168E+01
% -0.521097782403072E+01 -0.250909816831707E+01  0.104613301840670E+02
%  0.374247075097255E+02 -0.669003273573876E+01 -0.414677087831256E+02
% -0.216754199527092E+02  0.599103244522991E+01  0.500900509833607E+01
%  0.106353496423619E+02  0.160313653678015E+02 -0.801298507111443E+01
% -0.143312110881514E+02  0.346913151885589E+02 -0.257966753148847E+02
%  0.304782375795368E+01 -0.565146792122398E+00 -0.344393550597633E+02
% -0.157175693840816E+01 -0.402762081757586E+01  0.432299178534778E+01
%  0.405310920174295E+00 -0.792352599237161E+01 -0.106528564151353E+01
% -0.283511172627919E+02 -0.212258850929822E+02 -0.302613849155651E+01
%  0.387981426870081E+02  0.366732141868151E+02 -0.630968731367981E+02
% -0.136954033057732E+02  0.177579424034813E+02  0.882671813907336E+01
% -0.307061218744336E+02  0.473853239074600E+01  0.133582412195119E+01
% -0.749046457236073E+01 -0.795371918392709E+01 -0.557262997627253E+01
%  0.411632539881282E+00 -0.389386305374798E+01  0.505917005354850E+01
%  0.610207954861538E+01  0.164181780628947E+02 -0.117785158213731E+02
% -0.178696626001300E+02  0.305956172834059E+02 -0.957466616090055E+01
%  0.287836276550887E+02  0.126604497659117E+01  0.196952907479437E+01
%  0.101357924302249E+02 -0.876739737053241E+01  0.529691373446360E+01
% -0.504303366894016E+01  0.194500831845518E+02 -0.108420470383886E+02
%  0.468402267271631E+02 -0.428671277294563E+02 -0.241534132062426E+02
%  0.362933389944506E+01  0.825675542098474E+01 -0.287395325804796E+01
%  0.239296455567003E+01 -0.176884823661852E+02  0.316269943472543E+01
%  0.137908889252068E+02  0.200403675548219E+01  0.316093107878517E+01
%  0.853321414639829E+00  0.314122486061066E-01 -0.641275768568894E-01
%  0.230779098479522E+02 -0.512072604710707E+02  0.242519141238201E+02
% -0.334404638977433E+02  0.778527703848528E+00  0.132856216487569E+01
% -0.232247306374050E+02 -0.254159270763462E+02  0.437617672337728E+01
% -0.241149782106637E+01  0.154938606733705E+00 -0.263473307794703E+00
%  0.144948116893396E+02  0.325382063917312E+02 -0.571960811843068E+01
%  0.787385059483115E+01  0.141168787369932E+02  0.128843664905314E+02
%  0.125704551086634E+01  0.107434760315428E+00  0.858549353964257E+00
% -0.706843432948732E+01 -0.369314451992643E+01  0.113828070849959E+02
% -0.307175306838366E+02  0.171458844888465E+02 -0.154613446122787E+01
%  0.155185401271941E+02  0.122322280695607E+02  0.286814678208236E+01
% -0.129643564765885E+02 -0.151702908322651E+02  0.309732027910746E+00
% -0.252085977037547E+01  0.984073228655445E+01  0.171843271883461E+02
% -0.269455977818328E+02 -0.143937171316128E+02  0.805738599494311E+01
% -0.816181209273059E+01  0.901037830474422E+01  0.112525141114391E+02
% -0.249837593668075E+01 -0.127895551713279E+02 -0.600740074343661E+01
% -0.400501456912558E+01  0.573737075754768E+01 -0.828012396348749E+00
%  0.440530129381647E+01 -0.133484387271881E+01 -0.455760440142820E+01
% -0.892718746710572E+01 -0.218363721137584E+02  0.300315366744663E+02
%  0.222191502242515E+01  0.183005874892643E+02 -0.352086698365201E+01
%  0.192304854671672E+02  0.102735486252497E+02 -0.330165884957761E+01
%  0.259860261715092E+02 -0.231604989816087E+02  0.374659746585709E+02
% -0.314761817713002E+01  0.472530755395422E+01  0.113396166854905E+01
%  0.270384428747852E+01  0.288065300490386E+02 -0.213189585030162E+02
%  0.345697561770593E+01 -0.509693256141766E+02  0.379089334929131E+01
%  0.353835123263171E+02  0.461277804753136E+02  0.428248476984533E+02
% -0.108713488041943E+02  0.729255818247265E+00 -0.762209301611054E+00
% -0.281440777985470E+01 -0.103626348322652E+01 -0.440277373469560E+01
%  0.167667154951925E+01  0.146069588767731E+02 -0.260209283125213E+01
% -0.281970510728154E+01  0.146437869094986E+02 -0.247008861183193E+00
% -0.479997744932040E+00  0.810932159447597E+01 -0.124988240952621E+02
%  0.509523363079410E-01  0.683795298983597E+00  0.958553902025325E+00
% -0.448849390513925E+02  0.226179560513505E+02 -0.151068560908021E+02
% -0.217597244805940E+00  0.380068507288697E+01 -0.563157502739572E+01
%  0.166361884549995E+02 -0.680774479896537E+01  0.352910741938921E+02
% -0.250294324596583E+02  0.460856069799903E+01  0.357692622867299E+02
% -0.511786654470943E+01 -0.865544751862098E+01 -0.292487686245361E+01
% -0.187089430500744E+02  0.429275625479859E+02 -0.290304292763223E+02
%  0.176234039031238E+01 -0.389763168012441E+01 -0.353835507544590E+01
% -0.693567489658393E-01 -0.412930141744488E+01  0.241976943744947E+01
%  0.923516551381526E+01  0.114472869412400E+02 -0.492363045940756E-01
% -0.186157766423357E+01 -0.203038142751997E+01  0.898939631575600E+01
% -0.210524294609531E+00  0.154538937356894E+02  0.335984462573023E+02
% -0.205506393731537E+02  0.122206714770238E+02 -0.146226987685540E+02
% -0.203337423616099E+01  0.315844831618403E+01 -0.212068979358837E+02
%  0.571200085319665E+01 -0.784909471694406E+01  0.103495885492918E+02
%  0.372621745252857E+01 -0.197261343081950E+01 -0.864630384918347E+01
% -0.118205662799258E+01  0.772262501685745E+00 -0.369884038624972E+01
% -0.291725522406769E+00  0.671598542210435E+01  0.270449498861306E+00
%  0.189072999468073E+02 -0.449523857606445E+00 -0.111850682824882E+02
%  0.112679865453228E+02  0.132983991707798E+02 -0.363581320472492E+01
% -0.303291150364446E+02  0.182011398369902E+02  0.365272752088385E+02
% -0.460671816738934E+01 -0.112513487532738E+02 -0.173209775833285E+02
%  0.224320094244677E+02 -0.767638850008834E+01  0.527936028755995E+01
% -0.296652227293811E+02 -0.180298907444062E+02 -0.169927263308934E+02
% -0.416831745349752E+02  0.110685110711085E+02 -0.145492241818358E+02
% -0.437145465825593E+02 -0.859565624809970E+01  0.145958346648078E+02
% -0.450033072343488E+02 -0.229150124014672E+02  0.295204823572607E+02
% -0.207003616273990E+02 -0.695347707129821E+01  0.765751422235083E+01
% -0.117367958260992E+02 -0.150549373899819E+02  0.953007155730505E+01
% -0.979979395463321E-02 -0.805605036037655E+01 -0.715655655784069E+01
%  0.118925222182804E+02 -0.279729638768212E+01  0.228291379246507E+01
%  0.707052580106542E+01  0.673327834617263E+01  0.335970536853209E+02
%  0.338935687449853E+01 -0.812869529886759E+01 -0.653190581551377E+01
% -0.212959723292354E+02 -0.114614696927725E+01  0.336142987731071E+01
%  0.382397096954624E+01 -0.246370846123114E+02 -0.225720684036450E+02
%  0.215259341054588E+01  0.170993958285773E+01  0.271308702604704E+02
% -0.649379498990795E+01  0.698044008186318E+01 -0.523323497115182E+01
%  0.227620536006355E+01  0.632971681558555E-01 -0.137139282277977E+00
% -0.270365874391170E+02  0.587871186442890E+02  0.141620489189115E+02
%  0.155652633524837E+02  0.129270287696808E+02  0.647594083577562E+01
% -0.237054638762567E+01 -0.118976930850063E+02 -0.986693462977262E+01
% -0.172575872224305E+01  0.168074793730019E+02 -0.806150355633427E+01
%  0.250633283804366E+02  0.951723454859686E+01 -0.292270856213248E+00
%  0.123023150459682E+02  0.831757881403146E+01  0.597604216327986E+01
%  0.932387242342350E+01  0.936166379060134E+01 -0.576382865296748E+01
%  0.207034500720788E+02 -0.967458343669568E+01  0.177992209777552E+02
%  0.134436481992215E+02  0.126588211049247E+02 -0.777661303854991E+01
% -0.618479017086790E+01 -0.199390389779584E+02 -0.837706439723777E+01
%  0.160797557340692E+02 -0.382578311675468E+01  0.587897902960945E+01
%  0.179138778706151E+01 -0.408682664098284E+01  0.156985775964243E+02
%  0.158708815766369E+02  0.257656924257744E+02 -0.199937719144599E+02
%  0.472116037975620E+00  0.188297822423864E+00 -0.868865191914574E+01
%  0.339288617994701E+02  0.362046725733661E+02  0.141046448968764E+02
%  0.111120809969144E+02  0.123629853910623E+02  0.265840901927296E+02
% -0.181524550781591E+01  0.738916164931554E+01 -0.471679949411472E+01
% -0.485919688457247E+01  0.323523305879373E+01 -0.199093575251190E+02
%  0.178532132701799E+02  0.327803339515016E+01 -0.822505097907350E+01
%  0.184455899911704E+02 -0.253596686117661E+01 -0.205965353904498E+01
%  0.139558629130397E+01 -0.751236551496080E+01  0.274399447843468E+01
%  0.238372406642565E+02  0.385477717010619E+01 -0.971581667951775E+01
% -0.721066480082893E+01 -0.507512295321304E+01 -0.658896067696667E+01
% -0.928082784791347E+00  0.249747770116682E+01  0.191285421870781E+01
% -0.412692899582900E+01 -0.271586649504674E+02  0.459715271474304E+01
% -0.406100137388726E+01 -0.542532160959491E+01  0.117906419883201E+01
% -0.151132298067572E+01  0.269837945669292E+01 -0.146948755106983E+02
% -0.385426111962473E+01  0.414399250401504E+00 -0.595543790240620E+01
%  0.570172601697665E+01 -0.718280318181974E+01  0.776649439060715E+01
% -0.549862945471969E+01 -0.489022420235236E+01  0.169248122790828E+01
% -0.210875915716087E+02 -0.107145378495607E+01  0.282263798509885E+01
% -0.913557320144420E+01 -0.218607868753103E+00  0.889146290346493E+01
% -0.272968545259552E+01  0.412079834393447E+01  0.112950080689464E+02
%  0.275770004187718E+02 -0.417652023404971E+01  0.219843932104000E+00
%  0.412918508353179E+02 -0.582263750811807E+02  0.241008202543643E+01
% -0.711043850823466E+01  0.336596750886374E+00 -0.276963028621459E+01
% -0.151662958596044E+02  0.612346044632810E+01 -0.324404077463020E+01
% -0.308758597259438E+01  0.399299433459914E+00  0.581143516192414E+01
%  0.281382240198288E+01  0.649392774711530E+01 -0.659571100390760E+01
%  0.257252703608010E+02  0.129714926049653E+02 -0.416181056162275E+02
%  0.303087636994200E+00  0.363054203951858E+01  0.987264564269458E+01
% -0.974143944051003E+01 -0.118294797051046E+02  0.367480070405716E+02
% -0.856213854109553E+01 -0.959284506695999E+00  0.318634294142295E+01
% -0.226763751526200E+02  0.616054883692181E+00  0.201455063053734E+02
%  0.875350822783929E+01  0.639603371153042E+01 -0.497944743785546E+01
% -0.446597363813317E+02  0.274751878703799E+02 -0.319169279882125E+02
% -0.625807205348412E+00 -0.701992028129116E+02 -0.454342477178304E+02
%  0.136961001611242E+01  0.199960804279324E+02 -0.874695021521274E+01
% -0.310144627765571E+02  0.208385953544207E+02 -0.620029367750277E+01
%  0.301711164391830E+01 -0.285802744044832E+01 -0.656039876234783E-03
% -0.248692699029965E+01 -0.124352258756885E+01  0.119399627047966E+02
%  0.206628067130174E+01 -0.685134143939309E+00  0.217754626994555E+01
% -0.110059591486003E+02  0.699005411814269E+01 -0.185224630986549E+02
% -0.146837664401948E-01  0.209328074527341E+01  0.981654099173731E+01
%  0.283206719443256E+01  0.345623761525248E+01 -0.312805487784930E+02
% -0.121678406963322E+02  0.111383353493070E+00  0.956422345577040E+00
% -0.287333649457742E+01  0.647777218612022E+01 -0.194656929092849E+01
% -0.148692056489324E+01 -0.200638259062475E+01 -0.141885063465026E+01
% -0.121637788688464E+02 -0.457995868606608E+01  0.963144974925503E+01
%  0.436204875693258E+02  0.140699469655721E+02 -0.325295770455885E+02
%  0.734910431285888E+01  0.185602640434842E+02  0.184104858824026E+02
%  0.784004247724315E+01  0.339124961266215E+01  0.833484340262463E+00
%  0.358676665869668E+01 -0.969950435513467E+00 -0.181235916921203E+01
% -0.999249489045343E+01 -0.398639909046820E+01  0.156272849800790E+02
%  0.304379845943076E+01  0.272795287660279E+01  0.594679893006589E+01
% -0.150374630396421E+02 -0.165551592131668E+02  0.317810947776706E+01
%  0.144327792510483E+02  0.242772599471015E+01 -0.113492946166847E+02
%  0.637153770202379E+00  0.239302965862182E+01 -0.164614413610821E+00
% -0.109319459846370E+02  0.106216922673678E+02 -0.168962654143909E+01
%  0.669179159123222E+00 -0.937195834750648E+00  0.884618055502950E-02
% -0.467275676442046E+00  0.125670761551945E+01  0.409014696865093E+01
%  0.460841598696711E+02 -0.208221194036914E+02 -0.402770701718341E+02
%  0.411390428515282E+02 -0.138446459143713E+02  0.185848001611806E+02
% -0.137914327121178E+02  0.352711697877298E+01 -0.205130682417668E+02
% -0.194345587627074E+02 -0.298301149391885E+02  0.724663019268536E+02
% -0.306152950298782E+02  0.773784779168819E+01  0.171121941922209E+02
% -0.133160498717103E+01  0.330747609950112E+00 -0.137370831715996E+01
%  0.820260366838224E+00 -0.219075671415870E+01 -0.670198222850530E+00
% -0.120266693672015E+02 -0.491266798416904E+01 -0.646823479057543E+01
% -0.437210802142629E+01 -0.604899145992480E+01 -0.518307280159802E+00
% -0.554330679677530E+01 -0.122706046991303E+02  0.427652181418622E+01
% -0.190626980027224E+02 -0.476621170225040E+01 -0.787721268414312E+01
% -0.646914267880427E+01 -0.385775748282154E+01  0.868567886114123E+01
% -0.288152996053195E+02 -0.129394662912375E+02 -0.216485266248998E+02
% -0.903064100839194E+01  0.102092908504615E+02 -0.101851535886393E+02
%  0.131689304062597E+01  0.176411861832139E+00 -0.112028399042475E+01
% -0.178447726259433E+02  0.139433313649358E+02  0.107516897145321E+01
% -0.168971220344078E+02  0.651404299205928E+01 -0.222992290045605E+01
% -0.447054292791303E-01  0.879474890603716E+01 -0.654591977501293E+01
%  0.104742163078250E+02 -0.184022328050213E+01 -0.251479616615359E+01
%  0.464689056698020E+01 -0.110213919112881E+02 -0.106095362765994E+01
%  0.109848680598422E+02  0.614624598857929E+01  0.502885746592880E+01
% -0.427522786574093E+00 -0.314972247344143E+01  0.583308707233549E+01
% -0.144759672096821E+02 -0.120593468683280E+02 -0.257460968941270E+01
%  0.178567482003193E+02  0.272410288891415E+01  0.198539400654763E+01
%  0.532767186179117E+01 -0.143142136970770E+02  0.326806325674923E+01
% -0.676448100591556E+00 -0.602207648075478E+01  0.486156679378178E+01
%  0.125795698282434E+02 -0.316000608992993E+01  0.113256873543713E+02
%  0.161332872918538E+02 -0.240209088609521E+01  0.175792620093222E+02
% -0.273607691626240E+01  0.316146581439145E+00 -0.771543193936417E+01
% -0.172414198896182E+01 -0.250579262491940E+01  0.932094572985332E+01
% -0.220564151392923E+02 -0.151323498967294E+02 -0.207188939807765E+02
%  0.377771085278709E+02 -0.115310401135692E+02  0.652185229823835E+01
% -0.178969253666921E+01  0.144916403797315E+01 -0.368188805127642E+01
%  0.513968426358048E+01 -0.180469032565187E+01 -0.167188830227718E+02
%  0.180076041505454E+02  0.193137479916111E+02  0.257226378730709E+01
% -0.721140263651616E+01  0.124764442964901E+02  0.252500528521824E+00
%  0.414193339370622E+01 -0.702119121080554E+01  0.280149089693972E+00
%  0.201466680730562E+01 -0.824215701561543E+02  0.558606011938807E+01
%  0.202336883462753E+02 -0.631414238824366E+00 -0.159457801450861E+02
%  0.343094826352397E+01  0.462063807437340E+02 -0.261475873190264E+01
% -0.854091775087023E+00  0.268896527150756E+01  0.138279455858764E+01
% -0.124064987797341E+02  0.154061823494063E+02 -0.508719509706705E+01
%  0.156830744198787E+01 -0.401698597614799E+01  0.118789334521085E+01
%  0.261060424051429E+02 -0.459655999045072E+02  0.157813867179797E+01
% -0.129360412238414E+02 -0.533434954060352E+01 -0.167537598395829E+01
% -0.174379426132210E+02 -0.206511253046600E+02 -0.344883402462838E+02
% -0.108185300302037E+02  0.678612640831884E+00 -0.997915719625468E+01
% -0.278071168270603E+01 -0.668345252313133E+01  0.266160502835122E+01
