% T    256  0.715122828077254E+01  0.715122828077254E+01  0.715122828077254E+01
  -0.239577395817223E+00  0.282218876539706E+01 -0.247185711130834E+01
  -0.111787966861584E+01 -0.109779513469296E+01 -0.206960267297419E+01
   0.348060010900657E+01 -0.343199958869256E+01  0.714582789323021E+00
   0.310427596136755E+01 -0.123660507032994E+01  0.284802678035591E+01
  -0.263605066713045E+01  0.996163673682244E+00 -0.118510166246647E+01
  -0.706735684126046E+00  0.167044430164419E+01 -0.943245296975419E+00
   0.332994808580466E+01 -0.305815237073855E+01  0.184597744490793E+01
   0.133075594288892E-01  0.426267047714818E+00  0.165976669732218E+01
  -0.192238523589737E+01 -0.647152068886559E-01 -0.248713977125149E+01
  -0.610459876913762E+00 -0.242809081955373E+01  0.307435128322440E+01
   0.330707236044577E+00  0.157647937313115E+01 -0.723805840535065E+00
  -0.125759666795469E+01 -0.908918356212012E+00  0.138553142166487E+01
  -0.178238683650282E+01  0.591389793551107E+00 -0.943844642880528E+00
   0.109663303507401E+00  0.218658028738821E+01 -0.170617718574028E+01
  -0.333622362812157E+01  0.265238823164543E+01 -0.326988934954848E+01
   0.236303687943936E+01  0.212503415894138E+01 -0.727718242772276E+00
  -0.731473676856068E+00 -0.140169112063119E+01  0.299057270189475E+01
  -0.334467718433197E+01 -0.236959672108583E+01  0.786848899341480E+00
   0.148590638192842E+01  0.257777947720438E+01  0.847322046424586E+00
   0.325435474095409E+00 -0.184846786094373E+01 -0.344947899902356E+01
  -0.317241247472702E+01 -0.326880760838522E+01 -0.795176936527923E+00
   0.895766712373125E+00  0.187433774228377E+01  0.323628296207014E+01
  -0.318675488713134E+01 -0.199006598431193E+01  0.281702260184200E+01
   0.175550925563422E+01  0.638494265984430E+00 -0.202531502424421E+01
   0.177882243737933E+01  0.335917069470331E+00  0.126078915745189E+01
  -0.253030404364818E-01 -0.154785296820693E+01 -0.237094262830338E+01
   0.278938047968382E+01 -0.236539047464041E+01  0.107970670034138E+01
   0.104294888483713E+01 -0.176898853612913E+01  0.212293298959002E+01
  -0.124760037114232E+01  0.284714424340837E-01 -0.156243840934120E+01
   0.335503084560102E+01  0.217635908732988E+00  0.863648756955568E+00
   0.269742242558456E+01  0.244250390722368E+01  0.348755474255298E+01
   0.298184759874672E+01  0.184156837857456E+01  0.204593784811766E+01
   0.244101482677012E+01  0.236171646667061E+01  0.338101166174476E+00
  -0.876558798289254E+00 -0.348182790215373E+01 -0.183893714115811E+00
   0.389707012369071E+00 -0.226323616172381E+01 -0.102447229939913E+01
  -0.128296999778609E+01  0.322184355298438E+01  0.119303094478270E+01
   0.234275463002249E+01  0.123880701212990E+01 -0.925078097001373E-01
  -0.818864612516083E+00 -0.347247576797154E+01 -0.246903285278993E+01
  -0.847444476171089E-01  0.111899602061414E+01  0.315006128521623E+01
  -0.379951567001757E-01  0.319085673682388E+01  0.287175338998086E+00
  -0.345049116073271E+01  0.228095760182778E+01  0.806064567086527E+00
  -0.108207370322609E+00 -0.279181283596655E+01  0.198935321521757E+00
   0.344980798728771E+01 -0.844778359212782E-01 -0.112855298190429E+01
   0.255052739609928E+01 -0.193818533556339E+01 -0.126186396601033E+01
  -0.162188336784903E+01  0.895034945882698E+00 -0.202086807224464E+01
   0.181781518545604E+01  0.154287084654637E+01  0.339470259745448E+01
  -0.316509698703327E+01  0.920163193216957E+00 -0.317306951360192E+01
   0.324327164462116E+01  0.874536066544885E+00 -0.623681462167807E-01
   0.719326512357236E+00  0.122518170814333E+00 -0.293100469817402E+00
   0.350535330506205E+01  0.768163441014689E+00 -0.183641761764923E+01
  -0.350716480314661E+00 -0.122014981227620E+00 -0.326762457193194E+00
  -0.253849498508886E+01  0.204839342294652E+01 -0.334588785321995E+01
   0.475252507474133E+00 -0.273234404828179E+01  0.174271096901378E+01
  -0.283175687603659E+01  0.155293418113679E+01 -0.223006524682613E+01
   0.171669255932198E+01 -0.447085604727406E-01  0.160421427826176E+00
  -0.141001447563497E+01 -0.194566550042346E+01  0.822396549577375E+00
   0.100200128355009E+01 -0.398477128449259E+00  0.874851526947465E+00
  -0.185236297486756E+01 -0.288494496740132E+01  0.135201525541916E+01
   0.332525787928227E+01  0.342550104791423E+01 -0.173446545192855E+01
  -0.126790479478410E+01 -0.288116069017441E+01  0.228518794875070E+01
   0.512258589664150E+00 -0.170508404456893E+01  0.109095209671609E+01
   0.935311445782938E+00  0.199606080267763E+01 -0.238831055931303E+01
   0.281614225276893E+01  0.268302454840252E+01 -0.263623632561152E+01
   0.782396171315864E-01  0.255779472043715E+01 -0.863232489943130E+00
  -0.264072644367947E+01 -0.631137091536111E+00 -0.116096649495983E+01
  -0.153900387150927E+00  0.136412384103254E+01 -0.260719902004901E+01
   0.119715179183741E+01  0.255764779949652E+01 -0.156992564548409E+01
   0.345089928890343E+01 -0.268302243288648E+01 -0.215202360180043E+01
   0.581627275118203E+00  0.229383043669869E+01  0.715813018014956E-01
  -0.206974013071676E+01 -0.648137106602428E+00  0.410834123795842E+00
   0.246347961484923E+01 -0.227315994267282E+01  0.303484098937554E+01
   0.316704247139584E+01  0.164900382723711E+01 -0.130506746870590E+01
   0.157146429180180E+00 -0.355937067503857E+01 -0.616552908004445E+00
  -0.221354871538078E+01 -0.157652890134416E+01 -0.717231953221083E+00
  -0.102149231727760E+01 -0.159325265072337E+01 -0.321426870068181E+01
   0.261923359115463E+01 -0.204107159118476E+01  0.119258112953713E-01
  -0.951850389305389E+00 -0.284382410568382E+01  0.661082699252048E+00
  -0.207433307194640E+01  0.487949977638127E+00  0.110085116262963E+01
  -0.418029974278147E+00 -0.388073341222216E+00 -0.165602051957118E+01
   0.190927701133724E+01 -0.265183025323307E+01 -0.134995954791790E+01
  -0.264242488845828E+01 -0.264756898013741E+01 -0.318623089282052E+01
  -0.280488883439434E+01 -0.124366999532045E+00  0.131213487240199E+01
  -0.955906712540330E+00  0.197968793223336E+01 -0.301170182769013E+01
   0.230136286134985E+00 -0.281861078952177E+01 -0.346536050795375E+01
  -0.314661078576468E+01  0.355758111618619E+01  0.248845287083881E+01
  -0.278458722218416E+01 -0.465307111750633E+00 -0.240679695868653E+01
  -0.298996491840726E+01 -0.350391630643861E+01 -0.342893271865057E+01
  -0.153655751256535E+01  0.214481621894531E+01  0.316767224163245E+01
  -0.188679608427815E+01  0.158304552229205E+01 -0.296463419399349E+00
   0.279217702270559E+01  0.143834511561912E+01 -0.212926449773823E+01
   0.239518452061738E+01  0.283123302718793E+01 -0.171792831229561E+01
   0.127558044608149E+01 -0.326974883074090E+01 -0.344226167303994E+01
  -0.232221304584709E+01 -0.209524590038072E+01  0.577892990980033E+00
   0.227404805476202E+01 -0.326071862181166E+01  0.173050745475708E+01
   0.336223120768877E+01 -0.130477362076081E+01 -0.894215822705835E-01
   0.234577779096922E+01  0.647946386946180E+00  0.324057089502710E+01
  -0.238618866859073E+01  0.221937218697840E+01  0.398385722278568E+00
  -0.282047363176936E+01 -0.945449150382425E+00  0.223643513759999E+01
  -0.195229367652785E+01  0.566771299391259E+00  0.276545722993314E-01
   0.319165886950898E+01 -0.291922682208920E+01  0.282854931656147E+01
  -0.268245987484041E+01 -0.184374019440015E+01  0.192211356979415E+01
   0.344929491401892E+01  0.268867826782961E+01  0.275994974290399E+01
   0.331001245156117E+01 -0.866516880470560E+00 -0.302400165483932E+01
   0.293306240967072E+01 -0.290263953457224E+01 -0.672178636961044E+00
   0.148419543827772E+01 -0.109464098043879E+01 -0.200850819910704E+01
   0.255892869403493E+01  0.880730905877509E+00  0.180672999174061E+01
   0.321856232537457E+01 -0.134698426807961E+00 -0.214151565991661E+01
   0.650435841075476E-01  0.189146361960192E+01  0.226131508053557E+01
   0.174558831598393E+01  0.278410471417097E+01  0.312350686752725E+01
  -0.192836913575412E+00  0.549197453209129E+00 -0.319298660717126E+01
   0.224847848389484E+01  0.347765263394361E+01 -0.287397347135822E+01
  -0.958888647377655E-01  0.138554746820416E+01  0.701246420362289E+00
   0.943893219142899E+00  0.222569618569753E+01  0.181942714097264E+01
  -0.233123200092819E+01 -0.252483741921482E+01 -0.220706069585260E+01
   0.917361276487745E+00  0.124324027133751E+01  0.143576140490104E+01
  -0.418054296121552E+00 -0.189182184202146E+01  0.869640759846581E+00
  -0.305706932926606E+01  0.143585611365743E+01  0.212904625204795E+00
   0.217827351372767E+01 -0.800129591311508E+00  0.321435183673798E+01
   0.321378630985132E+01  0.248034528009810E+00 -0.335202488458098E+01
   0.152735273411570E+01  0.235253942783022E+00 -0.832826843010145E+00
   0.218254327480390E+01 -0.225603759508305E+01  0.202359066444100E+01
   0.330182225810636E+01  0.210804445630365E+01 -0.346297700532859E+00
  -0.226894294489760E+01  0.224248397885095E+01  0.142714358180936E+01
   0.252556757137672E+01  0.780573757667915E+00 -0.277467875410628E+01
  -0.189095649994578E+01 -0.256868340403641E+01  0.292811132288579E+01
  -0.175362741218205E+01 -0.282561200591132E+01  0.518996950395950E-01
   0.116721022774084E+01 -0.290865958532544E+01  0.629051503445313E+00
  -0.300426823252024E+00  0.301781968182032E+01  0.149610735496037E+01
  -0.136682075758334E+01  0.314229911790021E+01  0.274180775630170E+01
  -0.266382832268885E+01 -0.341342142834966E+01 -0.201370184322577E+01
   0.710840578778402E+00 -0.210017232298484E+01 -0.111360664179358E+00
  -0.492520069337363E-01 -0.142274067267548E+01 -0.123474365500862E+01
  -0.927103014489118E+00  0.196725353871919E+01  0.212562479194691E+01
   0.317137482507368E+01 -0.326545923949454E+01 -0.304860270706600E+01
  -0.231319463322533E+01 -0.156439309256600E+01 -0.174291968808761E+01
   0.219115831584845E+01  0.241215924386040E+01  0.220436036332624E+01
   0.166751393162890E+01  0.105871766192048E+01  0.219493935403282E+01
   0.140742995403512E+01 -0.311415555607871E+01  0.265408857785127E+01
  -0.322303114025305E+01 -0.780698759430140E+00  0.424638709866777E+00
  -0.274622487838150E+01  0.130097995911965E+01  0.149215895110814E+01
  -0.480224813937292E+00 -0.349300543548360E+01  0.343668109367420E+01
   0.243067227401632E+00 -0.640079775664877E+00  0.148548760746275E+01
  -0.653669871058769E+00 -0.381623309600019E+00 -0.286472916736778E+01
  -0.118131668824792E+01 -0.915729725250443E+00 -0.985777974230228E+00
   0.161592568361729E+01  0.326039375327409E+01 -0.210531581021820E+01
  -0.576370063845763E+00 -0.345533079916080E+01 -0.152680585453272E+01
   0.287954590226119E+01  0.334100582372672E+01  0.334116837404319E+01
  -0.130134178302654E+01 -0.261068587180222E+01 -0.205851133270224E+01
  -0.124582244024043E+01  0.952637676982524E-01  0.927524106803986E+00
   0.241116949097506E+01  0.274279683640830E+01  0.129248225991829E+01
   0.256894426676443E+01 -0.494942290016480E+00 -0.128823106790419E+01
   0.209441930179666E+01  0.770273143344455E-01  0.245030802879250E+01
  -0.117750563298568E+01 -0.208358637056380E+01 -0.381500019287064E+00
  -0.778845723909100E+00 -0.320898277607257E+00  0.318899917723875E+01
  -0.242510240535082E+01 -0.106579364626872E+01  0.128223518856556E+01
   0.806187726129859E+00 -0.114777630096921E+01 -0.836993374177842E-01
   0.572921157227681E+00  0.301793056104483E+01  0.324197075007742E+01
   0.283674334930487E+01  0.340529924199146E+01 -0.179644174355840E-01
  -0.183989029912007E+01 -0.334015964914713E+01 -0.101528901080680E+01
   0.257541679620213E+01 -0.332333075912888E+00  0.860915830153399E+00
  -0.164351306924686E+01  0.229630407216242E+01 -0.865839927717232E+00
  -0.325383527465259E+01  0.217332953185879E+01  0.200327799704214E+01
  -0.114832770186698E+00 -0.336528559139572E+01  0.243021705661555E+01
  -0.237715050141816E+01  0.343737329911310E+01  0.862128498967526E+00
   0.116820698480095E+01 -0.216044121178642E+01  0.332811820389603E+01
   0.355340973231723E+01  0.190804495468915E+01 -0.262213526160349E+01
   0.162472720689848E+01 -0.714071798824788E+00  0.152503629592312E+01
   0.309440527948463E+01 -0.967320390539967E-01 -0.103521705985251E+00
   0.113902228260177E+01  0.158662781164535E+01 -0.128179915438110E+01
  -0.636009932629888E+00 -0.409205377605717E+00  0.221159714928691E+01
  -0.156790009446243E+00 -0.139488411025704E+01  0.221323784360662E+01
   0.173395985220137E+01 -0.215499173129013E+01 -0.261149213643656E+00
  -0.228978138837009E+01  0.322007416841686E+01  0.319948257482112E+01
  -0.106326362080443E+01  0.925726112636112E+00 -0.324239522312053E+01
  -0.513335077755045E+00  0.244051942601178E+01 -0.104059927978203E-01
  -0.208048424841693E+01  0.926301457637124E+00 -0.296544637362053E+01
  -0.340424986175705E+01 -0.175241323791041E+01 -0.221203636806554E+01
   0.883642286278509E+00  0.291400003472523E+01 -0.279515715301934E+01
  -0.290724031638148E+01  0.217545050485913E-01  0.263778556502333E+01
  -0.197706709853461E+01 -0.160197649350913E+01  0.336523491045928E+01
  -0.169831390509391E+01 -0.867288331389845E+00 -0.299961073564285E+01
   0.863418103726450E+00 -0.300160206715052E+00 -0.209886192422168E+01
   0.335691449970492E+01 -0.190405213260428E+01 -0.308203681543006E+01
  -0.223019272166928E+01  0.313494747470001E+01  0.218238422651337E+01
  -0.146936611755426E+01  0.138862792129800E+01  0.735445371400459E+00
  -0.252038789753388E+01 -0.286573755245730E+01  0.207685881632249E+01
   0.111971599207600E+01 -0.301452065930453E+01 -0.357415746330823E+00
  -0.958223582224618E+00  0.645671155272004E+00  0.147959315886227E+00
   0.338495079647453E+01  0.299711494385436E+01 -0.682824583421828E+00
   0.345925016405276E+01  0.143583309051669E+01  0.298474269894900E+01
   0.207586856967292E+01 -0.623331791322134E+00 -0.255298353762606E+01
  -0.441853043915957E+00 -0.694346236500932E+00  0.694087334855068E+00
  -0.589142810631264E+00  0.575057490125564E+00 -0.973754582829267E+00
  -0.135497563405223E+01 -0.285892084945700E+01 -0.335296982577424E+01
   0.248539794168474E+01 -0.135722627493850E+01  0.189574298725159E+01
   0.337810528510184E+01  0.128439723164382E+01  0.140129127155144E+01
   0.247536007508822E+01 -0.149336188139901E+01 -0.258693834880110E+01
  -0.599471463470186E+00 -0.256823132143083E+01 -0.100308373508646E+01
   0.896759193483719E+00 -0.809347973993666E+00 -0.306557320772582E+01
  -0.272211437461825E+01  0.274638140729427E-01 -0.105753411558733E+00
   0.155856488540280E+01  0.123707875696469E+01  0.679169290775689E+00
  -0.178127105245543E+01  0.238402330312776E+01 -0.256443739780677E+01
   0.491007320516780E+00 -0.800304487909105E+00  0.283888301667890E+01
   0.231804717394167E+01 -0.273612924935075E+01 -0.324536933568192E+01
  -0.127265198762625E+01  0.310146534022618E+01 -0.321373343741650E+01
   0.222862465621340E+01 -0.289615196937907E+01  0.328918632057149E+00
  -0.125747121064227E-01 -0.254409362245032E+01 -0.238465790209967E+01
   0.201402333065326E+01  0.165486536163653E+01  0.131735463672811E+01
  -0.331263968808928E+01  0.307271853356417E+01  0.140231691521001E+01
   0.203091968541163E+01  0.348027491883522E+01 -0.538073268493435E+00
   0.930940020442518E+00  0.335933041095213E+01  0.233187798950690E+00
   0.150785836476268E+01  0.175111382405844E+01 -0.247444926212042E+00
  -0.226339141110738E+00 -0.322833349315004E+01  0.122898931622668E+01
   0.221596131725684E+01 -0.119912013201226E+01  0.885739501568244E+00
   0.963162796606632E+00 -0.105774303421893E+00  0.195808761508244E+01
  -0.278272349198638E+01  0.212490156107580E+01  0.290046760058509E+01
  -0.128058482170304E-01  0.251277194506777E+00  0.286264804081236E+01
  -0.181414337563257E+01 -0.354630300598894E+01 -0.254044439376364E+01
   0.427010231930203E+00  0.551236477572570E+00 -0.140473776380205E+01
   0.217477758897040E+01 -0.243375548015062E+01 -0.231784254273972E+01
  -0.117284025091993E+00  0.202638976397923E+00  0.679318749720781E+00
  -0.351568870751886E+01 -0.240352025995049E+01 -0.162518565556536E+00
   0.244223372231929E+01 -0.106963759245927E+01 -0.506955848251320E+00
  -0.208171220376140E+01  0.306833805682780E+01 -0.134491412833761E+00
  -0.106357512315094E+01  0.865222897421350E+00  0.278374603577176E+01
  -0.216646271416915E+01  0.186597586341665E+01 -0.155656670087149E+01
  -0.174340976542339E+01  0.124313856444971E+00 -0.353937328277585E+01
   0.139820940816809E+01 -0.181859778631813E+01 -0.278155871098376E+01
  -0.263957380062085E+01 -0.143302274859522E+01 -0.312060262522266E+01
  -0.720707689513136E+00 -0.105498190889232E+01 -0.200461243565633E+00
   0.532503054978397E+00 -0.343182581722955E+01 -0.162133240407661E+01
  -0.170390419752953E+01  0.148907136617660E+01  0.176251012045700E+01
   0.263271342725934E+01  0.698184649301678E+00 -0.111635475442574E+01
   0.156866427901722E+01 -0.198872377161741E+01  0.110016843696282E+01
  -0.309058697077365E+01 -0.220158251157311E+01 -0.126028128499087E+01
   0.239144711948073E+00  0.221625221276159E+01 -0.318556103089508E+01
  -0.145457559882108E+01  0.236091204035576E+01  0.324217742986487E+00
   0.200672487436916E+01  0.211798620119481E+01 -0.224432069818545E+01
   0.969210956859293E+00  0.346846720455754E+01  0.154231215746546E+01
  -0.184027061692263E+01 -0.192709785896819E+01  0.227754266115113E+01
   0.327484388809192E+01 -0.932206810218763E+00  0.123208486885390E+01
   0.934444174807861E+00 -0.207529492669777E+01 -0.198272419659155E+01
   0.823911908760426E+00  0.102396845111027E+01 -0.232590969265277E+01
  -0.420036095683512E+00  0.264607356249984E+01  0.310588460868592E+01
  -0.102818538407795E+01  0.829316787433951E+00  0.150016444444916E+01
   0.462380023841090E+00 -0.239618881657434E+01  0.265157903161381E+01
  -0.295145967524015E+01 -0.306861981753582E+00 -0.333789781614218E+01
   0.140584427432043E+01  0.706763311774666E-01  0.348493421898679E+01
   0.336880574023014E+01 -0.201934373636140E+01  0.175055456096718E+01
  -0.198822168386573E+01  0.104832988326059E+01  0.266849693686425E+01
  -0.455945437868047E+00  0.637334484154593E+00 -0.206949388407561E+01
  -0.113360960379936E+01  0.270566412306059E+01 -0.162958548285052E+01
  -0.267261082504770E+01  0.529390538015144E+00 -0.216848218891408E+01
   0.103302854379323E+01  0.944754660012000E+00 -0.346092594367445E+01
   0.789990005072401E+00 -0.682640726335769E+00 -0.103896056695249E+01
   0.756556109236821E+00  0.913458690805916E+00  0.256697855503756E+01
% -0.683324388283835E+00  0.581668616287593E+00  0.316101317021937E+00
% -0.254078918778754E+00  0.583923688839795E+00 -0.422685284601730E-01
% -0.248155541632589E+01  0.938469419197332E+00 -0.139346239194160E+00
% -0.973335497690195E+00 -0.696441679016745E+00 -0.254539044634516E+01
%  0.818281629021615E+00  0.151141212418984E+00 -0.367762459700721E+00
%  0.110033535382946E+01  0.137807212867107E+01 -0.265104006087681E+01
% -0.664464764806582E-01  0.191238483354739E+01 -0.386975400135217E+00
% -0.237838545184793E+01  0.658892619762257E+00 -0.168559263747776E+01
%  0.129307089883544E+01  0.148431147729404E+01 -0.164103090687360E+01
%  0.632896066383570E+00  0.532702801014745E+00 -0.270166267980914E+00
% -0.796231419248876E+00 -0.165376845480501E+01 -0.555341386201515E+00
% -0.159994516828031E+01 -0.185449765868489E+01 -0.309721527063901E+01
% -0.587899259947674E+00  0.805376917894889E+00  0.654762879383449E+00
% -0.207205912376388E+01  0.717552391506819E+00  0.311183139848532E-01
%  0.849791757755709E+00 -0.210749841242271E+00 -0.103509689031615E+01
%  0.110650568372145E+01  0.804173652515091E+00 -0.271388815293629E+01
%  0.100095292626432E+01  0.171669008070102E+01  0.137975359982381E+01
% -0.217516758877834E+01 -0.128396326752245E+01 -0.147939282361092E+01
% -0.135725810098804E+01 -0.173779135628761E+01  0.848909874102348E+00
%  0.138203692012469E+01 -0.186976215518790E+01  0.580686947532719E+00
%  0.996782580435467E+00 -0.402288300812546E+00 -0.272130098742778E+00
%  0.179265351407466E+01 -0.514867653395402E+00 -0.656620506610901E+00
%  0.155440547922960E+01  0.103799943835619E+01 -0.805281516184778E+00
%  0.182221762750259E+00  0.392251856159892E+00  0.158152998426598E+01
%  0.250818513574184E+01  0.378972697995527E+00 -0.172492209663502E+01
% -0.711519155593408E+00 -0.121747769932883E+01 -0.170555627611565E+01
%  0.375609521013973E+01  0.423413525262921E+00  0.279602196812298E+00
%  0.894227018352153E+00  0.254366965213939E+01  0.144255196643993E+01
% -0.259400639655137E+01 -0.205356010978786E+01  0.413624472781092E+01
%  0.468477081236238E-01  0.297604476642570E+00 -0.127132572779053E+01
%  0.165340741062330E+01  0.459834876756291E+00  0.169878389992216E+01
% -0.242985144971241E+01  0.138060840557190E+01 -0.599892272107113E-01
% -0.247948249987074E+01  0.468535957237127E+00 -0.260167066937941E+01
% -0.116580961283535E+01  0.280733593913199E+01  0.812624840145512E+00
%  0.378705717887427E+00 -0.149340248194749E+01 -0.209203038379106E+01
% -0.164230067649317E+01  0.207224130307109E+01  0.123725029469645E+01
% -0.187845204515236E+01 -0.154307078764821E+01 -0.171608471665648E+01
% -0.613111793452184E+00  0.895979054555724E+00  0.105156097280364E+00
%  0.321885416517179E+01 -0.780212412346715E+00 -0.570498391283129E+00
%  0.159574721523147E+01 -0.813633377349466E+00 -0.227608117997352E+01
% -0.530731144367777E+00  0.712239425508443E+00  0.118063305064707E+01
%  0.118610501275310E+00 -0.370621309296659E+01 -0.203789440776585E+01
%  0.430072775075275E+00 -0.592332931720160E+00 -0.189164650587833E+01
%  0.200143350469795E-02 -0.184657671492314E+01 -0.256462326321993E+01
% -0.125955913129109E+01 -0.786485625966074E-01 -0.936663998738266E+00
% -0.107140345450757E+01  0.170087118640228E+01  0.167287255927601E+01
% -0.725812963759003E+00 -0.293390812935199E+01  0.823937633569760E+00
% -0.889848210740614E+00  0.363360061225561E-01 -0.182192011233946E+00
% -0.937728244612396E+00 -0.417117443358512E+00 -0.610437984536474E-01
% -0.163209207143217E+01 -0.421731785687931E+01 -0.112222668069623E+01
%  0.113951891788287E+01  0.774730368307332E+00  0.100303929446437E+01
% -0.558198393215087E+00 -0.744915156101658E+00  0.359220300464209E+00
% -0.154762419935013E+01  0.121653289457594E+01  0.119153369886808E+01
% -0.678010989580929E+00  0.161672291601840E+01  0.178464922703652E+01
% -0.620963722707271E-01 -0.178054067233511E-02  0.259546961690024E-02
%  0.196908785812694E+01 -0.508887154444891E+00 -0.275387231920133E+01
% -0.310006074299044E+01 -0.232510833237613E+01 -0.417478134113517E+00
%  0.639375384815325E+00  0.503017732199458E+00  0.697850392060809E+00
% -0.146863884950507E+01 -0.188547702937304E+00  0.159467486974658E+01
%  0.864857870126387E+00 -0.203961704568340E+01  0.602591213654007E+00
%  0.224500803356352E+00 -0.161408611057991E+01  0.946795052432338E-01
% -0.165449234962881E+01  0.362961508511976E+01  0.151188069421603E+01
% -0.192169055014504E+01  0.362476689670527E+01  0.153622169897239E+01
%  0.126673213508253E+01  0.110514136275231E+01  0.106702155430156E+01
% -0.322751566373704E+01  0.777135959711176E+00 -0.233060821934807E+01
%  0.287289879468554E+01 -0.200646125997522E+01  0.105426539067613E+01
% -0.155840938662979E+00  0.297153876515935E+01 -0.698947020906566E+00
% -0.590349045430948E+00  0.107836011738137E+01  0.966751878137558E+00
% -0.236997168585106E+01 -0.152691187198604E+01  0.384237437791877E+01
% -0.250165232646543E+01  0.227793838999903E+01 -0.454794719700475E+00
% -0.212282178493065E+01 -0.137315807681825E+01 -0.183845368226308E+01
%  0.773822343476131E+00  0.133229035526045E+01  0.426250316356198E+00
% -0.418475055885204E+00 -0.522401933743449E+00  0.136811775464849E+00
% -0.207333561068400E+00 -0.419724222136327E+01 -0.205437366675426E+01
%  0.113310037282921E+01 -0.145456172571447E+00  0.173642430299736E+01
%  0.261033621970582E+01  0.214962449151339E+01  0.836147185455461E+00
%  0.308362813818285E+00 -0.171893924906876E+01  0.140628929345630E+01
%  0.802178318264140E+00 -0.600143052094987E-01  0.585163605962603E+00
% -0.807073432400992E+00 -0.276814265740379E+01 -0.183814950024728E+01
% -0.132669240344668E+01  0.983653048007038E-01 -0.475350476052221E+00
% -0.294369394770001E+01 -0.134328637737044E+01  0.188392308725992E+01
%  0.742589256494295E+00 -0.719308426798166E+00 -0.242531940411125E+01
%  0.200104666668466E+00  0.124155930027480E+01  0.150744252372415E+01
%  0.128628707293993E+01  0.630289710810086E+00 -0.379236953160648E+00
%  0.204412073294994E+01 -0.828766581303054E+00  0.180727922425918E+01
% -0.827274720329623E+00 -0.647329789074533E+00  0.430602795304622E+00
%  0.811880115659959E+00 -0.302077629707644E+00 -0.571110024101569E+00
%  0.136697009192495E+01  0.650962715897871E+00  0.248651686778585E+01
% -0.129585114335258E+01  0.504639871245881E-01 -0.808220401001121E+00
% -0.294777916666001E+01  0.215052800226382E+01 -0.701673670351418E+00
%  0.489982898485861E+00 -0.213367084580185E+01 -0.262115686272174E+00
%  0.304144477530955E+00 -0.137731219396730E+01 -0.184241942355319E-01
% -0.233651647014964E+01 -0.105051021242098E+01 -0.428810872310112E+00
% -0.126173723605634E+00  0.160961855234838E+01 -0.387809240538820E+00
% -0.177872296768590E+01 -0.111253137940542E+01  0.899713049119820E+00
%  0.167077001126303E+01  0.145845620777499E+01 -0.548184861491243E+00
%  0.125354884037791E+01 -0.395269644362565E+00  0.126074420890999E+01
% -0.467757370321437E+00 -0.128925310924150E+00 -0.625511795089985E+00
%  0.382916143653395E+00 -0.277510444038069E+01 -0.183755544944517E+01
% -0.121544279682588E+01 -0.391780158347954E+01 -0.675282682878685E+00
% -0.113230035609683E+01  0.428043922244179E+00  0.129264722696191E+01
% -0.480456436138100E+00 -0.100729026145195E+01 -0.164432147791145E+00
%  0.298319570524237E+00  0.933600514589775E+00 -0.405780398760573E+00
%  0.175418861341056E+01 -0.516353951166883E+00  0.910892554237217E+00
%  0.298082567096707E+01 -0.515916017654182E+00  0.245695148019358E+01
%  0.186672447718454E+00  0.203312629561982E+01 -0.151503246305287E+01
% -0.216836466797228E+01  0.170448886022625E+01 -0.421378661573405E-01
%  0.304702741815765E+01  0.114385763134645E+01 -0.447405848890640E+00
%  0.846436380939960E+00  0.143653342823414E+01  0.101561229486621E+00
%  0.491567636970406E+00 -0.166733232138990E+01  0.123649526612672E+01
%  0.160967932724910E+01 -0.835498693624129E+00 -0.626420782658446E+00
%  0.371842039355313E+00  0.385980212066736E+00 -0.175300715032512E+01
%  0.206842703350332E+01 -0.567498749088251E-02  0.166076267947917E+01
% -0.203184909712581E+01  0.339883743721317E+00  0.643913097075649E+00
%  0.646585235588058E+00 -0.202251170659260E+00 -0.607821130376700E+00
% -0.923795913783117E-01  0.476440617071565E+00 -0.972659843720858E+00
%  0.685872473564312E+00 -0.258624393618291E+01  0.823708440548809E+00
%  0.635272937624431E+00  0.530400387478038E+00  0.121870872484153E+01
% -0.382608466469698E+00  0.884566859834885E+00  0.156798513496409E+01
%  0.817041095403611E+00  0.616121918121957E+00 -0.263081067626699E+00
%  0.476500208430772E+00  0.169929351503355E+01  0.357643936789477E+01
%  0.601343726481152E+00  0.621554462644578E+00  0.218732542397680E+01
%  0.789678712440027E+00  0.184896816207359E+01  0.112625161122158E+00
%  0.128526642369004E+00 -0.318672131004757E+01  0.457456331858582E+00
%  0.357166938107816E+01  0.135907853002765E+01  0.382142923918801E+01
%  0.974720139256143E-01  0.377746418463649E+01  0.141750033489490E+01
%  0.148517278942439E+00 -0.376504532494926E+00 -0.182120173564439E+00
%  0.181808192816854E+01  0.140846492211188E+00  0.531697382486459E+00
%  0.193153511051098E+01  0.113019083356396E+01 -0.383012515611859E+01
% -0.556930122071275E+00 -0.467387719866485E+00 -0.267355492059606E+01
%  0.106675556979600E+01 -0.119735491617353E+01 -0.108155132185614E+01
% -0.495382753824491E+01  0.730048905106512E+00  0.145255709921374E+01
% -0.304467852152388E+00  0.848429096526882E+00  0.700528694878788E+00
%  0.153546829555661E+01  0.242224097533535E+01 -0.158306665179956E+01
%  0.631571435114953E+00  0.111317000054606E+01 -0.638004703404216E+00
% -0.311753321446285E+00  0.152602738073590E+01  0.217830870680107E+01
% -0.178472424570548E+01 -0.217563516938775E+01 -0.152463141327855E+01
% -0.159691951037982E+01  0.142527157113220E+01  0.836504193466235E+00
%  0.956039417793696E+00 -0.783638552221897E+00  0.712705870531470E+00
%  0.131429984301105E+01 -0.729821774967012E+00  0.946171042139915E+00
%  0.217100952012422E+00  0.478211455499638E+00  0.240087254347279E+00
%  0.436745656981243E-01  0.620112602614568E-01  0.259295381318528E+01
%  0.140784278678060E+01  0.124843862294036E+01 -0.515439230020946E+00
%  0.774233951933857E+00  0.174607998572378E+01 -0.212147260130451E+01
% -0.215028527303293E+01  0.759131671880782E+00  0.112571945987909E+01
% -0.217840268213283E+01  0.416457411640658E-01 -0.128086647440070E+01
%  0.178497341173838E+01  0.237912816740389E+01 -0.137254027408703E+01
%  0.729997764846191E-01 -0.172185824610252E+01  0.145036662364632E+01
%  0.135347830163152E+01 -0.353007871635648E+00  0.133099880474800E+01
%  0.314348845844451E+01 -0.191073549896810E+01 -0.346327206695521E+00
%  0.142964669154477E+01  0.802660988713941E+00  0.309095266888268E+00
% -0.687486225571412E+00 -0.546664773992143E+00 -0.610777785531977E+00
% -0.180079043518992E+00  0.171700863448515E+01  0.129843556799564E+01
% -0.521994320700340E+00  0.218710824842874E+01 -0.119521402460880E+01
% -0.148352692955188E+01 -0.193183631671193E+01 -0.174238792314268E+00
% -0.101858207833317E+01  0.221426272149873E+01 -0.121893121418069E+01
%  0.259275341817997E+01 -0.244831791670833E+01  0.689875208084816E+00
% -0.219375648354055E+01  0.311201210049167E-01  0.639032585620193E+00
%  0.807704737310861E+00  0.659389164164041E+00 -0.118386954306321E+00
%  0.180155808367957E+01  0.398995431848606E+00  0.382344686088537E-01
% -0.544405945969774E+00 -0.109570796945983E+01  0.211043562421105E+01
%  0.497674154160702E+00  0.171952561245512E+00 -0.680272525566817E+00
%  0.988231996541081E+00  0.313051456314793E+01 -0.112659700178982E+01
% -0.231310239103833E+01  0.214686496288499E+00 -0.644135768233121E+00
%  0.645467617230220E+00 -0.150079655617603E+01  0.304591771619675E+00
%  0.121113597308069E+01 -0.122570619750772E+01  0.230191887660896E+01
% -0.576214698427395E+00 -0.222383243885299E+00 -0.827957301723271E+00
%  0.594199954951138E+00 -0.384023649707884E+01 -0.252096908021382E+01
% -0.181752546665847E+01  0.142480574778281E+01 -0.294463661987833E+01
% -0.922056592401876E+00 -0.997596746978064E-01  0.128364289867168E+01
% -0.196590316573906E+01  0.181221010657531E+01 -0.383476192188337E+00
% -0.272285224178780E+01 -0.432882250998799E+01  0.177922343927537E+00
%  0.218227321046481E+01  0.287263833518149E+00  0.183887114257181E+01
% -0.179466075606256E+01  0.259443018513760E+01 -0.118922541747420E+01
%  0.140746410649624E+01 -0.923690788820381E-01 -0.117580470527986E+01
%  0.149434774496915E+01  0.418244538861192E+00  0.274567798819511E+01
%  0.166390189641137E+01 -0.166312243642584E+00 -0.226534188503286E+01
%  0.636867214705465E+00  0.635786011814463E+00 -0.148285141493224E+01
%  0.323504383679932E+01  0.715367884460919E+00  0.162382857619092E+01
% -0.342832558863460E+00 -0.146992081554282E+01 -0.262807339126284E+01
%  0.440337472029370E+00 -0.326956981725819E+00  0.113977173709783E+00
%  0.138347852203702E+01  0.121334546971980E+01 -0.525179348542067E-01
% -0.138988524364238E+01 -0.636694665004598E-01 -0.201172401354737E+01
%  0.850648008631654E+00  0.272520077725566E+00  0.221297601963815E+00
%  0.944221390339030E+00  0.838241637167010E+00 -0.533206336893677E+00
% -0.215699845730811E+01 -0.195139596168732E+01 -0.734252573168545E+00
%  0.183905893245979E+01 -0.237143593452106E+01  0.258487576504395E+00
%  0.549212146155305E+00 -0.212458456737336E+00  0.309456462130636E+00
% -0.497355396936942E+01 -0.639562025572350E+00 -0.102992352967912E+01
% -0.151709820243696E+01 -0.177256120649783E+01  0.313214120323001E+01
%  0.912274140632877E+00  0.315073632127141E+01  0.296327607527161E+00
%  0.143817816957645E+01  0.643135696368269E+00  0.991395840751170E-01
% -0.146008618020877E+00 -0.530801524908151E+00  0.132906884292051E+01
% -0.354066333786649E+00  0.120822939181780E+00  0.134478393959912E+01
% -0.124757028545997E+01 -0.148902039741357E+01 -0.407411711709880E+00
%  0.105442699562698E+01 -0.106531646225314E+01  0.670125877206047E+00
%  0.340446265028912E+00 -0.744210111380263E+00 -0.310771006224816E+01
%  0.248563042056786E+01 -0.102420311320674E+01  0.969496378010341E+00
% -0.230302622056912E+01 -0.683651865352155E-01  0.170254926431424E+01
%  0.208740134485089E+01 -0.119962010720748E+01 -0.162105910058272E+01
%  0.502072637811111E+00 -0.213022437168990E-01  0.159935855111626E+01
%  0.244954871972940E+00 -0.461299509615626E+00 -0.105060945006587E+01
%  0.224848608459987E+01  0.136686338513425E+01 -0.261648847640063E+01
% -0.261021499643032E+01  0.211256698117288E+00  0.189373134836698E+01
% -0.276721925384191E+00  0.220856948525947E+00 -0.519504199020696E+00
%  0.772850384226135E+00 -0.290931281277664E-01 -0.175528577544884E+01
%  0.267455840324215E+01 -0.382423958372082E+01 -0.149776519319505E+00
%  0.247460206401307E+01  0.270811191347883E+01  0.233780959727685E+01
% -0.132180768691749E+01 -0.651983407678944E+00 -0.544855097470421E+00
%  0.124490330583078E-01 -0.876359671911583E+00  0.206951050822064E+01
% -0.219675384238854E+01  0.277386503551699E+01 -0.364586394613499E+01
% -0.111387388532537E+01  0.263983767220345E+00 -0.786147855926648E+00
% -0.312988530220463E+01 -0.158225386280242E+01  0.526883884534058E-01
% -0.841462351655732E+00 -0.959522582710349E+00 -0.144733820410735E+01
% -0.221553579512245E+01  0.433917006492504E+00 -0.672302656350382E+00
%  0.280144659025277E+01 -0.327588868417451E+00 -0.134516645029365E+01
% -0.377663428174191E+01 -0.275168655700767E+01 -0.118522395685845E+01
% -0.101243283495196E+01 -0.624715529915462E+00  0.118492161330206E-01
% -0.231951027872567E+01 -0.114660156647890E+01  0.180318237946158E+01
% -0.127399816982178E+01 -0.240318880047827E+01 -0.268260854018444E+00
%  0.225797884716176E+01  0.121553203315808E+01  0.852258729966825E-01
%  0.186968617000235E+01  0.179133794463873E+01  0.102236278682625E+01
% -0.353762610239126E+01  0.642690092204806E+00  0.408457806739243E+01
%  0.649985336743195E+00  0.120222327564982E+01  0.367018907327971E+00
%  0.283459082468076E+01 -0.263054221016900E+01  0.397277387461954E+01
% -0.608058796122885E+00 -0.811196437410789E+00 -0.128409737735374E-02
% -0.524150906682208E+00 -0.621786558515027E-01  0.167791782065215E+01
%  0.336643557218913E+01 -0.731896959961949E+00  0.243509781037048E+01
%  0.181601328263417E+01  0.141549340897222E+01  0.108721945482186E+01
% -0.284582393468739E+01  0.171990312805616E+01 -0.127949443993803E+01
% -0.150361632715952E+01  0.211433522772777E+01  0.174729607537917E+01
%  0.215546418763341E+01  0.349106679608561E+01  0.901671363710715E+00
%  0.112041472437107E+00 -0.716191768508518E+00 -0.988490022372683E-01
% -0.174704785036925E-01  0.155948414198740E+01 -0.118386057747858E+01
%  0.146962887870057E+01 -0.586303353348865E+00  0.171839733130992E+01
% -0.302143970334982E+00  0.152415167134202E+01 -0.179222425263782E+01
% -0.120959818265867E+01  0.813550521896918E+00  0.147301438844175E+01
% -0.529399924258786E+00 -0.932881380194474E+00  0.477342953879380E-03
% -0.823402384668583E+00 -0.271362866331364E+01 -0.777345022647336E+00
% -0.142798402343696E+01 -0.551565829705463E+00 -0.212802980943596E+01
%  0.414704107569426E+01  0.968156471430230E+00 -0.163443376154604E+01
% -0.372039459811665E+00 -0.106903104143270E+00 -0.838113926285177E+00
% -0.126342023534338E+00  0.633965193866917E+00 -0.765111939521672E+00
% -0.257110916038037E+00 -0.365299156267199E+00  0.191068122020460E+01
%  0.298921085616768E+01  0.888697480402203E+00  0.111958108749315E+01
%  0.629157636938445E+00 -0.456478317026976E+00  0.269386182922904E+01
%  0.432410341654949E+00 -0.206229408746486E+01 -0.502657365979982E+00
%  0.498829873913888E-01  0.718172079205374E+00 -0.161333763082636E+01
% -0.399089069056801E+01  0.521352668390391E+00 -0.120686344699983E+01
%  0.136098678527896E+01 -0.763020214287537E-01  0.189956427988067E+00
%  0.833619670271778E+00 -0.131563441924034E+01 -0.413483139146093E+00
%  0.638049814576528E+00  0.315282268411848E+00  0.475233466102901E+00
% -0.103182553282586E+01 -0.238258967311990E+00 -0.616409540908143E+00
% -0.121957642224292E+01  0.181833102137694E+01  0.800671953275239E+00
%  0.242472954608170E+01  0.344386937878513E+00  0.121265008977181E+01
%  0.301790674817254E+00  0.653429819781217E+00 -0.247164215385235E+01
% -0.142670107003642E+01 -0.133907230698609E+01 -0.332859735649716E+00
% -0.194034552192030E+01 -0.212380411956117E+01 -0.457667407890388E+01
%  0.612240770461467E+00  0.189964477413000E+02 -0.266421390028729E+01
%  0.397855196268516E+01 -0.480219188343014E+01 -0.953800068648998E+00
% -0.372489960500136E+02  0.104743881051296E+02 -0.460364134402401E+01
% -0.639350197423079E+01  0.511779046120586E+01 -0.105319991778005E+01
%  0.574414236619118E+01 -0.941693274654106E+01 -0.278017606502481E+02
%  0.309434397462013E+01  0.638966911307361E+01  0.208041740393203E+02
%  0.584333417662378E+02  0.370745199262915E+02  0.112579074900349E+02
%  0.142229336518327E+01 -0.960272090805577E+01  0.258086447952458E+00
% -0.182508005947877E+02 -0.185288251419822E+02  0.198796190529314E+02
% -0.290875472757531E+01 -0.411994680312822E+01  0.670672821799803E+00
%  0.257204979537955E+02  0.190003465525031E+01 -0.245003633684049E+01
%  0.403698568165381E+01 -0.460127235075389E+02 -0.805301472286236E+02
% -0.194715389713392E+02  0.210531325524168E+02 -0.123059897340670E+02
% -0.121387175965230E+02  0.872307473480218E+01 -0.170409730146588E+02
% -0.215615592199039E+02  0.135297412787928E+02  0.147492127879717E+02
%  0.106165388053145E+02  0.221751631107287E+01  0.448487291794247E+02
% -0.133358812788421E+02 -0.423142120421499E+01 -0.394431653968103E+01
% -0.325521131234401E+02  0.519158495825391E+02  0.159654160078919E+02
%  0.406428681473864E+01  0.400021312525870E+01 -0.336775778686856E+01
% -0.228693832250274E+02  0.154842619065666E+02 -0.192868008149578E+02
% -0.419629366519466E+01 -0.364880897808516E+01  0.923809271120177E+01
%  0.532156952771596E+01 -0.383663425306822E+01  0.836785322671672E+01
% -0.305472817718331E+01  0.226255942927279E+01  0.262821762212000E+01
% -0.521468081849654E+00  0.285095327754976E+02 -0.753347528795444E+00
% -0.416314306001993E+02 -0.180589789158820E+02 -0.348716703123565E+02
%  0.128332432649460E+02  0.143474172166439E+02 -0.126926956425334E+02
% -0.606249263340748E+02  0.536041376355678E+01 -0.142712099548853E+02
%  0.485278638184102E+02  0.338806172985862E+02  0.828295960051454E+01
% -0.153663595724420E+02 -0.887762952552914E+02  0.122793288170949E+02
% -0.414619123954808E+02  0.182013802473813E+02  0.449501452792231E+02
%  0.156956391963059E+01 -0.764599087518421E+01 -0.118769145623736E+02
% -0.588246355263433E+01 -0.435878213990217E+01 -0.103072507100788E+02
%  0.195185836691813E+02 -0.418600386120190E+02 -0.211911430100698E+02
% -0.102969665760844E+02  0.455763064674669E+01 -0.472554127023703E+01
% -0.106258901709907E+02 -0.146819499186148E+01  0.273885112437276E+01
%  0.147490342809296E+02  0.130367385496082E+02 -0.341210972889099E+02
% -0.784989503124436E+01  0.120900425027796E+03  0.207907237839275E+02
%  0.411335317947180E+01  0.476917348479432E+02  0.489309023716373E+02
% -0.503259791424223E+01 -0.192974096297454E+02 -0.110332140727554E+02
%  0.443321705176905E+02  0.280485127893401E+01 -0.242314545761247E+02
%  0.350238660079501E+02  0.136391357541476E+02  0.148134584158466E+02
%  0.319522515695394E+02  0.340347690305967E+02  0.567203087073014E+01
%  0.169489080849561E+01  0.105517959335597E+02  0.454326200935229E+01
%  0.327963048284621E+02  0.751246208525890E+01  0.321296394596518E-01
%  0.701879919940799E+01  0.894716700137286E+01  0.525485587794040E+01
%  0.361146343258760E+02  0.141602104542287E+02 -0.203698790641761E+01
% -0.316266114449106E+02 -0.289518134726330E+01  0.223611301301562E+02
%  0.152048734919063E+02  0.153140248291408E+02  0.964922484453842E+01
%  0.136992586965155E+02 -0.128076561760009E+02  0.132327538330165E+02
%  0.363898871463143E+02 -0.220019960209983E+02  0.672771892799802E+02
%  0.191287039943115E+02  0.407760885095605E+01 -0.301509409242192E+02
%  0.499282118831668E+02 -0.316348322573588E+02  0.143414149521160E+02
%  0.911702430886310E+01 -0.121514486864920E+01  0.764916447650741E+01
%  0.158081829001393E+02  0.215616248917340E+02  0.137052561520138E+02
% -0.250885624093770E+02  0.213456273017676E+02 -0.509912963973698E+02
%  0.217168524254058E+02  0.315182430572026E+01 -0.252193960389628E+02
%  0.162317328671550E+01  0.229387067140931E+01 -0.879257781617920E+00
%  0.416644434910534E+02 -0.251749666926912E+02 -0.396072313182039E+02
%  0.352434934345437E+02  0.881709484018788E+01  0.853862493323196E+01
%  0.153568725685771E+01  0.364728578565889E+01 -0.419384068561685E+01
%  0.226921820675798E+02 -0.856933576605377E+01 -0.623392601897791E+01
% -0.345864983028649E+01  0.511933548906893E+02  0.733325738003087E+02
% -0.293188193982087E+00  0.351069821788837E+01 -0.127543089162333E+01
%  0.171648164587551E+02  0.615412185730381E+02 -0.179343124689373E+02
% -0.122910659825528E+02  0.389841915630441E-01  0.263536234450018E+02
% -0.942754297277345E+01 -0.320449686336120E+02  0.305846239405444E+01
%  0.398227534806133E+01 -0.467565914656432E+00  0.509659633132657E+01
%  0.962031831548999E+01  0.519613585241017E+01 -0.629067665916102E+01
% -0.132837706947334E+02  0.307544663796780E+02 -0.867898016012756E+01
%  0.347035407835609E+02  0.205328924392853E+02  0.697006816718688E+02
%  0.244357457908051E+01  0.158206882035603E+02 -0.130674368620279E+02
%  0.335387008645311E+01 -0.151114606856342E+01  0.153635190785699E+02
%  0.991136642481061E+01 -0.180662402715354E+02  0.178108620323387E+02
%  0.772023482451224E+02  0.280663906136490E+02  0.163166639047425E+02
% -0.371633739972189E+02 -0.608823531353919E+01  0.232794873347573E+02
% -0.405130472860662E+02  0.574312728670543E+02  0.864675468311158E+01
%  0.767411438591799E+02 -0.334409694394789E+02 -0.422343090463397E+01
% -0.364018290592942E+02 -0.392049477108311E+02  0.134855916602231E+02
%  0.172098824956876E+02  0.489884768975470E+02  0.134779790840546E+01
% -0.353783503213631E+02 -0.905771520249527E+01  0.672895877729655E+01
%  0.137562379964376E+02  0.186885212388506E+01 -0.849100066311831E+01
%  0.122734149582122E+02 -0.258542674273412E+02  0.315532323973139E+01
% -0.537225433239589E+01 -0.422226057492552E+01  0.906179912681395E+01
% -0.441045313768656E+02 -0.478392556190811E+02  0.508943645201476E+02
% -0.448700372438974E+02 -0.263637598908352E+02  0.336534140540549E+01
% -0.151948980965945E+01 -0.186613511930440E+01  0.109347548843986E+01
% -0.152611796871471E+02 -0.527084762333409E+02  0.290720723802122E+02
% -0.366430924289312E+02  0.119198464359123E+02 -0.350083725406913E+02
%  0.418011970765471E+02  0.134177299587707E+02  0.572154040263845E+02
%  0.845022779920931E+00 -0.232584372372475E+01  0.558156738308882E+01
% -0.498687419089537E+02 -0.152066561765484E+01 -0.942892257246661E+01
% -0.360296997926785E+01 -0.856595961130767E+01 -0.423210240465190E+01
% -0.386504692527908E+02 -0.448109431648185E+02 -0.428536900332976E+02
%  0.726342318546825E+01  0.665916438571827E+01  0.135988207400538E+02
% -0.634767875915010E+02 -0.753838263308223E+01  0.544827174887882E+01
% -0.119606272215266E+02  0.354269389510378E+02  0.219171836971417E+02
%  0.221347032278418E+02  0.264982816763418E+02  0.373790966410208E+02
%  0.174706640668682E+02 -0.773391363348584E+01  0.169984039951246E+02
% -0.852869180006606E+02 -0.357631704523188E+02 -0.623494082831993E+02
% -0.419388907381292E+01 -0.161911086616934E+01  0.455429604611688E+01
% -0.113988973214094E+01  0.988544726616144E+01  0.236867779910668E+01
% -0.208936406853746E+02 -0.751438482429750E+01 -0.156387722307281E+02
% -0.382801614371553E+02 -0.516080576961576E+02  0.536645834362716E+02
%  0.919906869883027E+01 -0.226992830012416E+02  0.253120822039635E+00
% -0.967923972499628E+01 -0.229889392189360E+02 -0.230904580454355E+02
%  0.145034636073274E+02 -0.781560709743318E+01  0.114833035822718E+02
% -0.759909121318939E+01  0.352642786009531E+01  0.410782162142817E+01
%  0.531675605044629E+02 -0.545895528238205E+02  0.974669004441700E+01
% -0.183221870347949E+02 -0.486626362919903E+01 -0.822276372159451E+01
% -0.180044031244394E+01 -0.212148477022822E+01 -0.550988937067706E-02
%  0.141211882498547E+02  0.108592043388343E+02 -0.215267493117618E+01
%  0.554403772676410E+01  0.368788482040647E+02 -0.974346302542476E+00
% -0.218062844409751E+02 -0.950311910459728E+01  0.178512971270385E+02
% -0.916124757777712E+01 -0.377282536880606E+01 -0.850535857075192E+01
%  0.321247605286983E+01 -0.560069830349708E+01  0.860007802535206E+00
% -0.355979690215813E+01  0.303860459928001E+01  0.284658463478535E+01
% -0.127282937974311E+00 -0.142563353893589E+02 -0.386561066968821E+01
%  0.292143933710876E+02  0.750154913403395E+01 -0.326401156175941E+02
% -0.193587498989136E+02 -0.410368678012876E+02  0.105686487261132E+01
%  0.128953075254193E+02 -0.524137951891503E+02  0.350748268532688E+02
% -0.986234136591828E+01  0.282705677598392E+02  0.144383397846740E+01
% -0.164307126814105E+02 -0.296134523098669E+02 -0.303128972173645E+02
% -0.488175651369247E+02 -0.599428936572176E+02  0.112981122911482E+03
% -0.208179085907463E+02 -0.141950042068121E+02 -0.841725102084860E+01
%  0.205520909030392E+01  0.267267962850345E+02  0.381248216175894E+02
%  0.573272661106604E+01 -0.616569975005621E+02  0.210109405851256E+02
%  0.258989570515033E+02  0.446633042778539E+01  0.234773770759807E+01
% -0.352294722102762E+02 -0.341118384152567E+02  0.201745490340258E+02
% -0.111995928535629E+02 -0.344658051870994E+02  0.382240817894667E+02
% -0.217914039507793E+02  0.363793490439591E+02 -0.785122791106336E+01
%  0.299928081632925E+01  0.178359122319169E+02  0.123214147607588E+02
%  0.342460847530751E+02  0.166791610475954E+02  0.269723468369015E+02
% -0.167409931974053E+00  0.821079263786945E+01 -0.147998802883767E+02
% -0.294307433280670E+02  0.500302319362608E+01  0.268632114214983E+02
% -0.113646215738384E+01  0.104850899457269E+02  0.592694170184984E+01
% -0.396278062143399E+00  0.358780965270595E+01 -0.666322996979385E+01
%  0.578588091959226E+02  0.515282743711845E+02  0.461048040801188E+02
%  0.746783799518490E+01 -0.557256282026634E+01 -0.162639791136605E+01
% -0.144048117516943E+02 -0.804650188581274E+01  0.468475985878996E+00
% -0.242358504764505E+02 -0.165468962762078E+02  0.118240082422480E+02
% -0.484114019599202E+01 -0.251740385917849E+01  0.596599143038904E+01
% -0.482128379296245E+02  0.130141749626528E+02 -0.795988630779732E+02
% -0.240017666597492E+02  0.421173959956204E+02 -0.202161669787458E+02
%  0.858506842965178E+01 -0.111535079622424E+02  0.323906534087784E+02
%  0.384577626077628E+00  0.660904836419330E+02 -0.304651067946853E+02
%  0.955881424155622E+01  0.158959756001156E+01  0.384014813757610E+01
%  0.509445078253486E+02 -0.865815177262290E+02 -0.298793143457100E+02
%  0.178963931687854E+02  0.155118292347265E+02 -0.607515787038323E+01
% -0.260863826533510E+02  0.100392325391797E+02 -0.344055205574300E+02
% -0.948669132877581E+01 -0.156382395648640E+02 -0.185495033706795E+02
% -0.144755311572183E+02  0.269229007814943E+02  0.218806277573630E+02
% -0.188604034219502E+02 -0.402457530614543E+01  0.354426899101936E+02
%  0.941277241281529E+01 -0.176315672579251E+02 -0.834478627616868E+01
%  0.458887426613349E+01  0.509857566467087E+02  0.100007572647544E+02
%  0.583125782860271E+01  0.454388436759372E+01  0.138766828674179E+01
% -0.267315633401284E+00  0.816997609644445E+01  0.571019435562515E+02
%  0.251222492107499E+01  0.350683182074460E+00 -0.339684955224303E+00
% -0.384306791495568E+02  0.494301132929631E+02 -0.117440411615727E+02
%  0.305357446058558E+02  0.605542600014701E+02  0.127887719692370E+02
%  0.352208828714451E+02  0.246896671768480E+01 -0.298932106755980E+02
% -0.960449202161424E+00 -0.630130773784731E+00 -0.244253418311615E+01
% -0.118644042672670E+01 -0.338333988376814E+01  0.232914566156679E+01
%  0.507725933067054E+02 -0.108910689509627E+02 -0.268889344703594E+01
% -0.559212830626765E+02  0.198293802658790E+02 -0.331112887718047E+02
%  0.373219996318301E+02 -0.250859715489369E+02  0.436861283389538E+02
% -0.866644538256535E+01 -0.388365530661745E+02 -0.795545879133442E+01
%  0.248689556489467E+02 -0.187412044137019E+02 -0.198643921411846E+02
%  0.562923088609370E+01  0.175436970548001E+00 -0.302966590489934E+02
%  0.275182109189151E+02 -0.787391959587213E+01 -0.392096778373661E+02
% -0.605032838547481E+02 -0.864092214106605E+00 -0.274493809918703E+02
%  0.163878152878207E+02 -0.179256821984348E+02  0.151088744344869E+01
% -0.432107656916797E+02  0.211317949586632E+02 -0.305357453713425E+01
% -0.239494582591672E+02 -0.593351316338246E+02 -0.259136593177417E+02
% -0.118409644391826E+02  0.143896068174835E+02 -0.364600244723179E+01
%  0.310163923023345E+02  0.444163140752650E+02  0.341100715433626E+02
%  0.398547503109625E+01  0.281913474714278E+02 -0.728369549598281E+01
%  0.351540528208372E+00  0.879590070703290E+01  0.463761872558925E+01
%  0.370080916442861E+02 -0.705791861205964E+01 -0.387658503866533E+02
% -0.321692357192652E+01 -0.130430184660066E+02 -0.139965303797894E+02
% -0.122055472555492E+02  0.197578207437948E+02  0.166275247715697E+01
% -0.148808741137785E+02 -0.233448633146276E+02 -0.446465660491353E+02
% -0.576315207559475E+01 -0.453225886268680E+01 -0.291431816760307E+02
% -0.718364727872382E+01 -0.396404654804513E+00 -0.893704523811240E+01
% -0.154961853687475E+02 -0.269510140324869E+01  0.197257593306668E+02
%  0.434748315909522E+01  0.256498560751394E+01 -0.485428091352372E+02
%  0.269982969281522E+02  0.180438722798339E+02 -0.207229368326901E+02
%  0.296818097238897E+02  0.234873749742922E+02 -0.576947886264918E+02
%  0.102922099574938E+00  0.332787853030512E+01  0.139312459573867E+01
%  0.296124975999297E+02  0.897576270564047E+02 -0.461570830944185E+02
% -0.153223591148161E+02 -0.442264143050956E+02  0.123801363211954E+02
% -0.443254306453132E+01  0.279776121189369E+02 -0.136155941875863E+02
%  0.226393223363536E+01 -0.320872919281033E+01  0.841755903136738E+01
%  0.157748895597831E+02  0.470521447357264E+02 -0.385297709445917E+00
%  0.373859961768834E+02 -0.300472324835175E+02 -0.626805502186363E+02
%  0.234111066273725E+02 -0.329285817152964E+02 -0.306709308776343E+01
%  0.109786366166939E+02 -0.124797693732138E+02 -0.148693285103969E+02
%  0.137560574681978E+01 -0.424225447135086E+01 -0.212438440152257E+01
% -0.529919504265213E+02 -0.268532015969646E+02 -0.132210982503561E+02
% -0.691989186022724E+02 -0.799006115220645E+02 -0.136135343251829E+03
% -0.143440754483789E+02  0.453774802711103E+01  0.986941063470503E+01
%  0.705506724882007E+00  0.289498705377399E+01  0.107302420368529E+01
% -0.110631046583464E+02  0.577457664248394E+01 -0.185904322913158E+02
%  0.900086430150673E+01 -0.193572915936639E+02 -0.276578955654336E+02
% -0.102294966703742E+02 -0.293370552852996E+02  0.744077711804858E+01
% -0.220710580575261E+01 -0.284042687925043E+02  0.103254812780542E+01
%  0.843142112531782E+02  0.863842058305850E+02  0.118183986310309E+03
%  0.118254240056029E+02  0.974474102968414E+01  0.305143634149525E+02
% -0.392114479044327E+02  0.501560845006680E+01 -0.261107843584029E+02
%  0.194690426060223E+02 -0.373878104934161E+02  0.367659729814777E+01
% -0.307975737838159E+02  0.163315154872113E+02 -0.440275090878777E+01
%  0.647872150765618E+01  0.377211377144976E+02 -0.161078538729073E+02
% -0.640436402896618E+01 -0.725853443713551E+02 -0.269806068453428E+02
% -0.284799072123439E+01  0.291345035673450E+02  0.235305917364676E+02
% -0.435769453103961E+01  0.641707424896757E+01 -0.504655886850816E+02
%  0.189912291087482E+02 -0.913438662652789E+02 -0.384629602229434E+02
% -0.197054385249014E+02  0.915313999835189E+01  0.313415149920438E+01
%  0.435331552164517E+01 -0.205290285098150E+01  0.392333029520161E+01
% -0.183043196399091E+01 -0.365500030310717E+01  0.216859285735925E+02
%  0.209120719587297E+02  0.471730987367721E+02 -0.122580430789085E+02
%  0.104361526649946E+02  0.891070760922755E+01 -0.323120421949820E+02
% -0.157563365731591E+02 -0.169585458861134E+02  0.268415492381675E+02
%  0.100279077484887E+01  0.148651039228389E+02 -0.106547453341015E+02
%  0.563808186150125E+02 -0.136571181707390E+02  0.412141154231488E+01
%  0.583914882152956E+00 -0.761148132563950E+01 -0.174651305923698E+02
%  0.254942799438864E+01 -0.850031247565658E+01 -0.101672168323707E+02
%  0.214497938005331E+02  0.115154287949894E+02 -0.494792736431241E+02
% -0.443435935545861E+02  0.847938083045802E+01  0.418850535398532E+02
%  0.365406613966243E+02 -0.422489747145339E+02  0.658024902655176E+02
%  0.297633836642440E+01  0.251550847966877E+00 -0.463179792974617E+01
% -0.339620845580286E+02 -0.785607269876578E+01  0.425701883274003E+01
% -0.228465169814134E+01 -0.197292614495906E+01  0.961999746617236E+00
% -0.490000543716718E+00 -0.735133430176865E+01  0.225259751344849E+01
% -0.384106067323261E+00 -0.407627027359383E+01  0.254547212877924E+01
% -0.169394240045008E+02 -0.110460739762185E+02 -0.774702675261357E+01
%  0.479633081491441E+02  0.132476461364337E+02  0.621566905752428E+01
% -0.284181312180925E+02 -0.281529220983071E+02 -0.212811460897303E+02
%  0.304092229265442E+00 -0.314195317983873E+01 -0.315562254657981E+01
%  0.984186318079061E+02  0.667619232162655E+02 -0.384784070187172E+02
%  0.167530466299051E+02 -0.188675859477690E+02  0.154010322506929E+02
% -0.237780495708540E+02 -0.140756044426363E+02  0.425285295371672E+02
% -0.840454973900377E+01 -0.322029497286170E+02  0.543524111338597E+00
% -0.673042551245396E+01 -0.105441749508222E+02 -0.159937653838780E+01
%  0.412265863418227E+02  0.123914031121722E+02  0.296539199312525E+02
% -0.305170934870325E+02 -0.367689700069316E+01  0.387177102107554E+02
% -0.248666751488054E+01  0.114411872324662E+02 -0.482710173001599E+02
%  0.154876911772902E+02 -0.372996938362579E+02 -0.108884900274786E+02
%  0.347505480146158E+02  0.319853444184427E+02  0.438500806136339E+02
% -0.611464146897862E+02  0.965593875138477E+01  0.254779297939428E+01
% -0.197850391652565E+02 -0.409686944429638E+02  0.254895214300790E+02
%  0.137138853073471E+02  0.873335084800260E+01 -0.195363462443209E+02
% -0.984486801406416E+01  0.832198148600991E+01  0.829115666131630E+01
% -0.286386000726429E+02  0.199870622942469E+02  0.165925697758906E+02
% -0.762261310776618E+00  0.343927274707334E+01 -0.891074049289925E+01
% -0.105944723181467E+02 -0.786617855535934E+00  0.761501113834557E+00
