% T    256  0.715122828077254E+01  0.715122828077254E+01  0.715122828077254E+01
   0.112309169405681E+01  0.295536740969426E+01 -0.332141404784192E+01
   0.499021595864872E+00  0.204058399896038E+01 -0.333707211657389E+01
  -0.184615461341935E+01  0.192519857303812E+01 -0.265485267800734E+01
   0.699542527449281E+00 -0.231467885660687E+00  0.197720841959270E+00
   0.265635596747901E+01 -0.448073267748401E+00  0.267821758173154E+01
   0.272225982142975E+01  0.300346493396962E+01  0.119329446403277E+01
  -0.274516516917705E+01  0.316669391484682E+01  0.199110924707559E+00
  -0.194460245868163E+01  0.191762381017018E+01 -0.153305333116447E+01
   0.132165669767777E+01 -0.346669051928949E+01  0.292093481579657E+01
  -0.156893292538815E+01 -0.921112102675661E+00 -0.951597562038030E+00
  -0.108250716471533E+01 -0.255028604856025E+01  0.250099365544119E+01
   0.689973364280274E+00  0.635361984325184E+00  0.292918294415043E+01
  -0.182775310526913E+01 -0.168419077712138E+00 -0.248726634368872E+01
   0.227505147673972E+01 -0.186912878482143E+01  0.303161231442009E+01
   0.292296573472971E+01  0.317604553416716E+01  0.210407262901943E+01
   0.266903174359447E+01 -0.147125217325192E+01  0.355328060582445E+00
  -0.155513367920191E+01 -0.563245812997789E+00  0.311812146287342E+01
   0.215735838386297E+01 -0.618030327586659E+00 -0.100062445524883E+01
   0.231090567936584E+01  0.918754870245696E-01  0.349522704523617E+01
  -0.306981559529618E+01 -0.248241045311810E+01  0.157591445122899E+01
  -0.318230584602884E+01 -0.139519580630853E+01  0.185053567376776E+01
   0.336982210148798E+01 -0.191652693778660E+01 -0.228644190517894E+01
   0.108591641928486E+01 -0.174079088694963E+01 -0.352743884892781E+01
  -0.289474086872848E+01 -0.155897343429475E+00  0.137727659355770E+00
  -0.351812167418674E+01 -0.164917971867783E+00  0.205180517242535E+01
  -0.924072767576566E+00 -0.254406805599236E+01 -0.302261634345349E+00
   0.295343813357966E+01 -0.186140939500013E+01  0.136196692735443E+01
  -0.212875140435048E+01  0.317681173652644E+01  0.128673141459708E+01
   0.170071300128276E+01  0.160358193281167E+00  0.564972382221202E+00
   0.846221227509524E+00 -0.318943582421749E+01  0.159866211701752E+01
  -0.338638807131286E+01  0.726804510402418E+00 -0.296357965120118E+01
  -0.357646175733619E+01 -0.813708656327008E+00 -0.214938946018534E+01
   0.378646524857268E+00  0.312090993450255E+00 -0.294020799243724E+01
  -0.190532316083318E+01 -0.585777494608736E+00  0.271573338377815E-01
   0.177009880951807E+01  0.127241612090864E+01  0.274917621840070E-01
  -0.853932746643766E+00 -0.185240930126036E+01 -0.219407190739397E+01
  -0.208341778742834E+01 -0.324794833461764E+01 -0.355545544915980E+01
   0.144026432896006E+00 -0.189248239650684E+01 -0.742661496931988E+00
   0.629432409876738E+00  0.289152523538210E+01  0.295424944978199E+01
   0.228870483030505E+01 -0.272433886118184E+01  0.271838281740527E+01
  -0.451484004799873E+00 -0.626843183931649E+00 -0.242773816073720E+01
  -0.284309885945164E+01  0.258469551355112E+01  0.342933315236932E+01
   0.206663880315037E+01 -0.166106791203553E+01 -0.100632638569797E+01
   0.296863788287450E+01 -0.732820339266597E+00 -0.350253004672616E+01
  -0.325770494650238E+01 -0.167016584642006E+01  0.338371246658060E+01
  -0.656009038163147E+00  0.144979610415703E+00  0.130990394825781E+01
   0.901929157007826E+00  0.577646321000650E+00 -0.188520552238143E+01
   0.282133524158662E+01  0.305099348150714E+01 -0.321962472082992E+01
   0.313642216055576E+01  0.344388240463879E+01 -0.238096697372786E+01
  -0.694300929509800E+00 -0.308164277067734E+01 -0.100985858701945E+01
   0.398020462728672E+00 -0.957957186518417E+00  0.243305101440300E+01
  -0.161942977435465E+01  0.201413448050282E+01  0.106506627313622E+01
  -0.684978579432811E+00  0.218574211281629E+01  0.154164553667997E+01
   0.321329093075995E+01  0.168539604111537E+01 -0.163088227922472E+01
   0.581762330372967E+00 -0.257120827734816E+01 -0.338420833891149E+01
  -0.606951710831487E+00  0.380445051773532E+00  0.346181142387210E+01
  -0.142454152165256E+01 -0.131908711932511E+01  0.169179181125905E+01
  -0.125343294251979E+01  0.227711417581859E+00  0.240004898080956E+01
   0.320443071896855E+01 -0.247677486384714E+01  0.445104782564425E+00
  -0.153249615418955E+01 -0.224499244731136E+01 -0.295996324387943E+01
   0.257861546255090E+01  0.143222520725219E+01 -0.500036568881836E+00
   0.166589399741013E+01 -0.272988934146453E+01 -0.345627302116988E+01
  -0.342535185740417E+01 -0.285942643679740E+01 -0.265384693717337E+01
  -0.124727233184774E+00 -0.613587690330197E+00 -0.401646328858324E+00
  -0.264157051259225E+01 -0.902871635181644E+00 -0.542048846060882E+00
  -0.232842392820749E+00 -0.234250045214298E+01 -0.158471917573971E+01
   0.120068560947099E+01  0.179966833107622E+00 -0.729802554916203E+00
  -0.204722782871489E+01  0.469795832149984E+00  0.689419649695002E+00
  -0.544600735998331E+00 -0.234749103834591E+01  0.847618762690595E+00
   0.320974893282841E+01  0.695155861824659E+00  0.216589426167444E+01
   0.185819853311319E+01 -0.328814774039453E+01  0.195500910583199E+01
  -0.664800802177330E+00 -0.869300655623052E+00  0.253641727426083E+01
  -0.167613345922304E+01 -0.110399864349069E+01 -0.302493383293167E+01
  -0.304308141003450E+01  0.158600959371629E+01 -0.353730107817776E+01
  -0.301375165781410E+01  0.278151389078719E+01  0.195091134038431E+01
   0.195902510463099E+01  0.286809530413161E+01  0.330710311337653E+01
   0.248502301461402E+01 -0.224476297093531E+01 -0.219499463976848E+01
  -0.290140893381710E+01  0.345343190063684E+01 -0.318204140061646E+01
   0.709280445574191E+00 -0.715116329262357E+00 -0.243235738231288E+01
  -0.509613783763275E+00  0.122117782569035E+01  0.158284847671746E+01
  -0.221606232894172E+01  0.265989690300574E+00 -0.348765265349954E+01
   0.215161801505751E+01  0.983718624494487E+00 -0.340999285946065E+01
   0.283434391477709E+01  0.174287430120369E+01 -0.303560301119385E+01
  -0.204421061822300E+01  0.958852373827815E+00 -0.273223733917547E+01
  -0.174146154465026E+01 -0.293500485859798E+01 -0.993010220744633E+00
   0.975353925924068E+00 -0.132121212634096E+01  0.119897593322953E+01
  -0.203626099498822E+01 -0.218365281994780E+01 -0.302055166283868E-01
  -0.164365435658093E+00  0.290651212784001E+01 -0.327632407194645E+01
   0.194231491770742E+01  0.260686439490532E+01 -0.119033621848234E+01
   0.311125508187530E+01  0.162591932954684E+01  0.306426999348939E+01
  -0.102276179045489E+01  0.322094263856177E+01  0.151621906953668E+01
   0.300514762444848E+01  0.284380429537110E+01 -0.137424140171994E+01
  -0.179285688537826E+01  0.211292062720947E+01  0.919668059945493E-01
   0.228994395671916E+01  0.122562325794479E+01  0.259277523887325E+01
  -0.322745098092710E+01 -0.193126343341533E+01 -0.287565450903647E+00
  -0.608693266908251E+00 -0.777835562898467E+00 -0.354780207242998E+01
   0.269967100325263E+01  0.201181676170839E+01  0.204929669440839E+01
   0.945550601416981E+00 -0.307786622773321E+01  0.578075663355218E+00
  -0.142081073153713E+00 -0.124895436267247E+01 -0.160497695885891E+01
   0.258335960137180E+01 -0.907852761688974E+00 -0.202187077040530E+01
  -0.282441540334392E+01 -0.874940089310367E+00 -0.309539170125699E+01
  -0.318179900811634E+01  0.105930544659937E+01  0.149392632788555E+01
  -0.493290156487513E-01  0.299146523339455E+01  0.110252371942060E+01
   0.306319961822751E+01 -0.100697227090559E+01 -0.967196516888949E+00
   0.195950460378813E+01  0.128468825312677E+01 -0.238591163909581E+01
  -0.333833469771073E+01  0.220545058058267E+01 -0.279909764053839E+01
  -0.161400522942827E+01  0.246130933230760E+01  0.260724186825936E+01
  -0.270761299824965E+01  0.146556778285307E+01 -0.233276865448733E+01
   0.122828467202309E+01  0.271058707134774E+01 -0.193425245798531E+01
  -0.166591224639331E+00 -0.982282688671738E+00  0.162011585222605E+01
  -0.271596811189457E+01 -0.205721657773950E+01 -0.230896318475315E+01
   0.334620374588305E+01 -0.332388763621999E+01  0.311606016339033E+01
   0.211187667826735E+01 -0.355514606933328E+01 -0.141182018389779E+01
  -0.176414487314654E+01  0.607459425632923E+00 -0.145096962535831E+01
   0.413143831176791E+00 -0.856079530921120E+00 -0.344201398937896E+01
   0.138678488760260E+01 -0.467441327809962E+00 -0.166776424484937E+01
   0.102076896401942E+01  0.196566628408685E+01 -0.251415424481832E+01
  -0.138600767680259E+01 -0.156971694480888E+01  0.290518883581996E+01
   0.440086483264732E+00 -0.224307553429102E+01  0.120518357694171E+01
  -0.126364827084281E+00  0.153826615204656E+01 -0.653519153254320E+00
   0.180817371397672E+01 -0.311396646379733E+01 -0.116979042723813E+00
  -0.100558301983660E+01  0.103988812196613E+01 -0.273066843637637E+01
   0.844657010494882E+00  0.134387780874150E+01 -0.870044026646959E+00
  -0.287881063466470E+01  0.834866735202707E+00 -0.149523903872060E+01
  -0.331350753655958E+00  0.260351315795756E+01 -0.123777653370738E+01
   0.190343581624631E+01  0.204265916771995E+01 -0.328380681422802E+01
   0.706092875100017E+00  0.157635315413857E+01  0.159320235124465E+00
   0.149923225383479E+01 -0.723744984861459E+00  0.340261769856270E+01
  -0.350377883922645E+01  0.135224592018590E+01 -0.697295204481071E+00
  -0.292899332608983E+01 -0.258180036714589E+01  0.283965511797353E+01
  -0.308515468744958E+01 -0.434104429538258E+00  0.283020491337592E+01
   0.302418137843417E+01 -0.204517115920041E+01  0.236001157397915E+01
   0.198551262726445E+01 -0.168016431451403E+01 -0.306114792410864E+01
  -0.823093528698997E+00  0.245786579704019E+01  0.511760117703897E+00
   0.160893562886729E+01  0.225384787603596E+01  0.915357762288262E+00
  -0.337917231595077E+01 -0.225959722188205E+01 -0.114151336000805E+01
   0.248833375391869E+01 -0.257336443771180E+01 -0.838863187710507E+00
   0.105835815020117E+01 -0.345705033194531E+01 -0.255203578159055E+01
   0.308609159887799E+01  0.203352488191361E+01  0.289272128806671E+00
   0.303917169635158E+01 -0.342984989852818E+01 -0.292921888855874E+00
   0.152273112009787E+01 -0.928075008118305E+00 -0.296195075531170E+00
  -0.336295334143177E+01 -0.346085482722814E+01  0.228374142929109E+01
   0.102771506054780E+01 -0.241277173056380E+01 -0.227440022568990E+01
   0.174710120618115E+01 -0.354239449041521E+01  0.950828498126549E+00
  -0.319197380998400E+01  0.222738036790953E+01 -0.119152910225418E+01
   0.237488078979025E+00 -0.165243248683644E+01 -0.271031880686325E+01
   0.348533672253590E+01  0.351473837105090E+01  0.701872875308103E+00
  -0.286468386898861E+01  0.284487748262624E+01 -0.178094418379277E+01
  -0.579690700042627E+00  0.504942877622016E+00 -0.160511980197544E+01
  -0.122682773737280E+01  0.157063614091950E+01  0.220126832601173E+01
   0.222470836226639E+01  0.248715336989724E+01 -0.246524448561849E+01
  -0.182541787646136E+01 -0.222725698975635E+01  0.121526690621595E+01
  -0.127822896325946E+01  0.287541748277547E+01 -0.196980232665138E+01
  -0.206529176506158E+00  0.405520137327559E-02  0.238451127749622E+01
   0.102605943471049E+01  0.123106171565625E+01 -0.319687111779553E+01
  -0.292332064293566E+00 -0.640445019702995E+00  0.673470749839181E+00
   0.224984194267975E+00 -0.130885896353154E+01  0.257859657206400E+00
   0.108049325050119E+01 -0.142173074975978E+01 -0.105036678628454E+01
  -0.103442620418960E+01 -0.115277895875152E+01 -0.114333959213695E+00
  -0.240422557234544E+01 -0.377677579404658E+00 -0.147097467403903E+01
   0.199430441152987E+01  0.486511226826026E+00 -0.166910237179888E+01
   0.330223471736177E+01 -0.304380421307114E+01 -0.161971176790135E+01
  -0.143127267880461E+01  0.153422395775104E+01 -0.595609361626558E+00
  -0.372126042128891E+00  0.349324748975830E+01 -0.194625310482779E+01
  -0.278415697679014E+01  0.983373935568064E-01 -0.235923681999446E+01
  -0.193323142233887E+01  0.112267822073226E+01  0.156523218809806E+01
   0.164846399773550E+01  0.206219447960399E+01  0.188638365768595E+01
  -0.283440474673687E+00  0.125529439833495E+01  0.266840552292317E+01
  -0.878531743459948E+00 -0.314131837250917E+01 -0.280348036291100E+01
   0.254312492173582E+01  0.358312558530486E+00 -0.720655184398161E+00
   0.354829367637730E+01 -0.755889406629494E-01 -0.861814077539370E+00
  -0.963742957798416E+00  0.153289550209048E+01 -0.153290950687050E+01
   0.343288515607367E+01  0.204645430080271E+01  0.121138393018469E+01
   0.178495611346209E+00  0.249549958608390E+01 -0.212690246131498E+00
  -0.616800034203094E+00 -0.178834276590577E+01  0.204335784883963E+01
   0.525131780730183E+00 -0.300706152209297E+01 -0.172898344010188E+01
   0.109644094228890E+01  0.297263424419656E+01  0.185619774911698E+01
  -0.639149982056294E+00  0.213179318426314E+01 -0.252679175041853E+01
   0.168232738196791E+01 -0.201050806773609E+01 -0.108891816901079E+00
  -0.211361968784700E+01 -0.190953180252817E+01  0.215623453383184E+01
   0.122780988429984E+01  0.149434974685011E+01  0.282519118041951E+01
   0.227405989101138E+01  0.162082180337829E+01 -0.152364013427992E+01
  -0.128047481637327E+00  0.115530586408313E+01 -0.350535541091866E+01
   0.133981051395516E+01  0.290860806752777E+00 -0.330654130148565E+01
   0.112842912549739E+01  0.310317443623175E+01  0.206977779108382E+00
  -0.253177356627407E+01  0.905739460037087E+00 -0.439500539745244E+00
   0.153819533001698E+01 -0.253555463392100E+01 -0.131493941892972E+01
  -0.325067089652972E+01  0.174610549653848E+01  0.213194239876298E+01
  -0.754600416708725E+00  0.748703729123638E+00 -0.432953919234057E+00
   0.110701273982393E+01 -0.238419545497575E+01  0.287357650630434E+01
   0.305261001613026E+01 -0.811444294392643E+00  0.150971505933767E+01
   0.213815442721682E+01 -0.323117854346341E+01 -0.242804721632001E+01
  -0.133826090953156E+01  0.285834134900192E+01 -0.102770278882877E+01
   0.166882157415113E+01 -0.835172750838724E+00  0.203294696922284E+01
   0.349399593986140E+00 -0.199427895673158E+01  0.216457129303052E+01
  -0.117514589427377E+01 -0.791484369053162E-01 -0.838155606151432E+00
   0.285368009505743E+01  0.784028513363145E+00 -0.226861118725776E+01
   0.172916851787529E+01  0.217408029032939E+00  0.265636258758932E+01
   0.124243812813381E+00 -0.325850588301410E+01 -0.273127655358182E+01
   0.157806056524551E+00 -0.175088734232815E+01  0.331334741501229E+01
  -0.271276771583631E+01 -0.338046348061635E+01 -0.819794329254873E+00
  -0.100240152575039E+01 -0.171069468606555E+01 -0.999315511188833E+00
  -0.263157130875788E+01  0.333341000405203E+01  0.285558463460400E+01
  -0.307509168285922E+01 -0.669610093073036E+00  0.105936333548735E+01
   0.240239710766842E+01 -0.385617163432641E+00  0.373178981445754E-01
  -0.345629458043829E+01 -0.161622726842599E+01  0.639698636810106E+00
  -0.303043480378226E+01 -0.120978274280403E+01 -0.144410922072337E+01
   0.259411895805666E+01  0.558732333129076E-01  0.162353249188751E+01
  -0.162101743256850E+00  0.129730442652552E+01  0.648833054819585E+00
  -0.100699758648782E+01 -0.749211462531645E-01  0.169133206825208E+00
  -0.224128747274005E+01 -0.115221525431423E+01 -0.222124405988339E+01
   0.182762086094858E+01  0.663146037833446E+00  0.147565799599384E+01
   0.331017977369879E+01  0.115704664962134E+00  0.953094818465435E+00
   0.193014366840648E+01 -0.229891906446167E+01  0.834327526597602E+00
  -0.325574917287436E+00  0.299675721494259E+01  0.288846222833590E+01
   0.175691084697746E+01 -0.174962331877646E+00 -0.250420518524210E+01
   0.304383723237892E+01 -0.134288787067126E+00 -0.270217060427849E+01
   0.879755859157893E+00 -0.306766809525960E+01 -0.704660509211784E+00
  -0.151019754476345E+01  0.124309700548202E+01  0.338519407643588E+01
   0.150657588593338E+01  0.223305365709687E+01 -0.289632102544736E+00
  -0.172300908857824E+01 -0.319694186649275E+01  0.193632590858318E+00
  -0.335640429554494E+01  0.715353248882870E+00  0.321546181355801E+01
  -0.477645556690332E+00 -0.296446036309074E+01  0.163414823315544E+01
   0.155408980992937E+00  0.143865254921772E+01 -0.188952542517652E+01
   0.470478483728216E+00  0.280975541984578E+01 -0.250857606915293E+01
   0.169877146289691E+01 -0.173097971181234E+01 -0.198940724101960E+01
   0.347409650661307E+01 -0.918525287524046E+00 -0.121226253142916E+00
  -0.208065803768838E+01 -0.189581542906231E+01 -0.147694545192713E+01
  -0.519846881477752E+00  0.328924138651732E+01 -0.192038758191380E+00
   0.101622520406319E+00  0.206625355460739E+01  0.225827333849032E+01
  -0.134241408472465E+01 -0.390577135377118E+00  0.101834992289403E+01
   0.321363880358079E+01  0.252789281571029E+01  0.273126045275627E+01
   0.357548971671805E+01  0.252239340117534E+00 -0.187006330947473E+01
  -0.356409430824672E+01  0.558689543806183E+00 -0.174516692991687E+00
  -0.192727594991714E+01 -0.314687318984159E+01  0.215131822797921E+01
   0.692718392307110E+00 -0.195427622966497E+00  0.178890883428264E+01
  -0.178269046779434E+01 -0.302830470708437E+01 -0.210033654088522E+01
   0.700923380479555E+00  0.899516700335840E+00  0.185935049164773E+01
   0.268723268185128E+01 -0.315326695469535E+01  0.131023873807411E+01
   0.701766874030806E+00  0.309622673551012E+01 -0.837667772392554E+00
   0.205022242288930E+00  0.443442694734536E+00 -0.578784679268987E+00
  -0.274338252671333E+01  0.197973260287414E+01 -0.209290313479742E+00
  -0.270456362063042E+01  0.208065463665397E+01  0.118326175214686E+01
   0.182349476465020E+01 -0.219682317606252E+01  0.184426686863099E+01
   0.653213121395607E+00  0.625738098464781E+00  0.826938996765808E+00
  -0.281166976425368E+01 -0.287423718188889E+01  0.168491660641213E+00
  -0.830451982160713E+00  0.218972162796399E+01 -0.354912085275303E+01
  -0.231433703372548E+01  0.301293713843780E+00  0.220224676834727E+01
  -0.224231367855978E+01 -0.137692290681730E+01  0.869028230885551E+00
   0.708383960301211E+00  0.187295894392175E+01  0.118532038676883E+01
  -0.329367973433743E-01 -0.278162633281512E+01  0.273706509834208E+01
  -0.220710061672934E+01 -0.951576207424701E+00  0.235740785181596E+01
   0.233764982014957E+01  0.154583746561897E+01  0.123198116160204E+01
   0.312726540993421E+01  0.108695967261160E+01  0.576603754596079E+00
   0.208340227919269E+00  0.331648681096031E+01  0.204471519763808E+01
  -0.255990185590155E+01 -0.236867887667139E+01 -0.333116934222287E+01
% -0.643138484247724E+00  0.314660724288521E+00  0.959179364744997E+00
% -0.190139635743993E+00  0.103743773724109E+01  0.263174816880884E+00
% -0.145860055658178E+01  0.144628137569805E+00  0.122753019414529E+00
% -0.171829597279213E+01 -0.172987524722729E+01 -0.253363828880900E+00
% -0.139813429246391E+01 -0.830499485478907E+00  0.329107779106777E+01
%  0.106106760117120E+00 -0.817298492505085E+00 -0.160850975479158E+01
% -0.124334059214627E+01  0.100064342634429E+01 -0.835355153573689E+00
%  0.101347897482785E+01  0.177504558964471E+01 -0.149379856247623E+00
%  0.215273813517677E+01 -0.196466784285381E+01 -0.163804899373348E+01
% -0.913304575086846E-01 -0.800845081346329E-01  0.985752869793596E+00
%  0.273363333149431E+01  0.411067861824807E+00  0.116392182643770E+01
%  0.150750101404757E+01  0.312312578115535E+00 -0.513511675306291E+00
%  0.123656652308579E+01 -0.122734173783147E+01  0.188732292686789E+01
% -0.102532442329686E+00  0.183300114081606E+01  0.108650899055851E+01
% -0.238003788474029E+00  0.463586505853466E+00  0.503260371294702E+00
%  0.102414714105994E+01  0.525840007257157E+00  0.905828826894988E+00
%  0.122510603892444E-01 -0.535381155503198E+00 -0.143822850790349E+00
% -0.791097773157331E-01 -0.895381349586795E-01 -0.897079465638932E+00
%  0.204731014506907E+00  0.107614127646938E+01 -0.174043395888945E+01
% -0.136132606048927E+01 -0.857104476338753E+00 -0.253211976519001E+01
% -0.749809318058885E-01  0.181688436536846E+01 -0.132323336607301E+01
% -0.404166011352335E+00 -0.346471294440440E+00  0.505862360205365E-01
%  0.287702305214827E+01 -0.116676948619979E+01  0.836656621029705E+00
%  0.179860450165021E+01  0.222996343806437E+01 -0.139666040780185E+01
%  0.130119652440776E+01 -0.102249195610338E+01  0.147083107883001E+00
%  0.256726935324956E+01  0.337808028134099E+00 -0.207033165977669E+01
% -0.127107832062350E+01 -0.114715598832751E+01  0.130860337876820E+01
%  0.262285744478589E+00  0.402880187388450E+00  0.558681143110282E+00
%  0.551860563121544E+00  0.121279863447106E+01 -0.866093891440406E+00
% -0.146479685128429E-01  0.230286652001667E+01  0.837034099947727E+00
%  0.265679326535235E+01  0.844709237568588E+00  0.115306959159221E+01
% -0.728259423323204E+00 -0.111841220708561E+01  0.753250925440994E+00
% -0.742928874035219E+00 -0.170737441198349E+01  0.182696429042748E+01
% -0.181574335984360E+01 -0.106820110010685E+01  0.882631745079672E-02
% -0.271596722852678E+01 -0.387607429905683E+00  0.271329064858401E+01
%  0.871228575522780E-02  0.305795810925134E+00  0.952413065966282E-01
% -0.211464989757336E+01 -0.122559357800867E+01 -0.121635914392899E+01
% -0.139615308342768E+01 -0.596904361195114E+00  0.303212952447817E+00
% -0.507591009824774E+00  0.182042410626674E+01 -0.151590262622993E+01
%  0.867151450868073E+00 -0.232585731594251E+00  0.155550621726042E+01
% -0.152447781784761E+01  0.180367099509997E+00 -0.393090713291393E+00
% -0.151743000188516E+00 -0.753903206189185E+00 -0.878169219605749E+00
%  0.587342321214552E+00 -0.251704551623274E+00 -0.546021466026710E+00
%  0.212780083929737E+00 -0.112892699371161E+01  0.282968350522934E+01
% -0.485191831597984E+00 -0.117027690061212E+01  0.105382446573112E+01
%  0.621648743002311E+00  0.529401267502029E+00  0.240785080160759E+01
% -0.394198194174536E+00  0.132711798868954E+00 -0.472604486691786E+00
% -0.173218162795166E+01 -0.749377184984515E+00  0.636129748515070E+00
% -0.158841807649642E+01  0.102225803451174E+01 -0.440540542585882E+00
% -0.217273138995881E+00  0.150104400526519E+01 -0.660608770932860E+00
% -0.137745685119409E+01  0.149148880338627E+00  0.732761344063408E+00
%  0.190919984795491E+01  0.117932646230815E+01  0.325049598984334E+00
%  0.166022071649443E+01 -0.183521678385127E+01 -0.134416790900117E+01
%  0.317062513788776E+00  0.518132907369602E-01  0.231989161655788E+01
%  0.726242169280170E+00 -0.254851848191838E+01 -0.118028157121312E+01
% -0.246836458270823E+01  0.447477877531485E+00 -0.121486631167015E+01
% -0.741811335388156E+00 -0.171608590629523E+01 -0.333369581203385E+00
%  0.143924826505529E+01 -0.987028373500052E+00  0.154184851291542E+01
%  0.210970664987229E+00  0.259658964315503E+01 -0.782027610903479E+00
% -0.778441638757968E-01 -0.831026424012443E+00 -0.161405583396419E+00
% -0.153423410488343E+00  0.446433092619288E+00 -0.225509070591666E+01
% -0.205730068096806E-01  0.291568744923465E+01  0.351236648646018E-01
%  0.526803982228976E+00  0.214652311990189E+01 -0.352641332998510E+00
% -0.942097951547856E+00 -0.117146155703468E+01  0.153682840846915E+01
%  0.100111887993374E+01  0.448643900973986E+00 -0.473847590432349E+00
%  0.218350949424519E+01  0.663100096918927E+00 -0.395411655052293E+00
%  0.210372610198794E+01 -0.110540280790968E+01  0.108868750804027E+01
% -0.356816691147988E+00  0.190264615609762E+00  0.295058372483487E+00
%  0.163624218487938E+01  0.146314170086651E+01  0.407512228658205E+00
% -0.398244792691747E+00  0.915861327584959E+00  0.422045239633669E+00
% -0.291556215384670E+01  0.154053918762276E-03 -0.625994958491576E+00
%  0.175800302577580E+01 -0.261527104934565E+00  0.618816508518135E+00
%  0.344829510135557E+00 -0.937835063113653E+00  0.283535956598907E+01
%  0.120515728537888E+01  0.526821609110689E+00  0.434501037619676E+00
%  0.360590509723343E+00 -0.505869965524911E+00 -0.359035615389772E+01
%  0.258600286033405E+01 -0.189037235706165E+01  0.640814175240779E+00
% -0.161226983955780E+01 -0.234836870705069E+00 -0.164111420759360E+01
% -0.151568515984945E+01 -0.925667127831412E+00  0.129788789841822E+00
%  0.799463322501536E+00  0.141573394560862E+01  0.102882797945828E+01
%  0.224238439054340E+00  0.113830707345683E+01 -0.735208008963757E-01
% -0.396581563715757E+00 -0.116964448666613E+01 -0.115382523718974E+01
% -0.534408667801738E+00  0.307332822517378E+00  0.658425287619228E-01
% -0.229319532154132E+00 -0.652894623061788E+00  0.138091983702498E+01
% -0.323353970563021E+00  0.249863143368580E+00 -0.193983081381978E+01
% -0.166924904016842E+01 -0.417558960886690E+01  0.135764607491277E+01
% -0.141452101273279E+01 -0.457096179767074E-01  0.505221232476347E+00
%  0.337336679092323E+01  0.677017766451884E+00  0.186421742465209E+01
% -0.323779144923449E+00  0.116335424367355E+01 -0.167513600285968E+01
% -0.219721461601614E+01  0.100742364083802E+01 -0.211133375348578E+00
%  0.151682481112619E+01  0.158725053494299E+01  0.151089752437216E+01
%  0.182244099233440E+01 -0.217062548998521E-02  0.263656464657453E+01
% -0.413028597263112E+00 -0.698462183742258E+00 -0.133425691820334E+01
% -0.144490131953637E+00 -0.275711262805901E+01  0.149709709724944E+00
% -0.171551640966860E+01  0.330367965237000E+01 -0.135251059179829E+01
%  0.146760833057029E+01 -0.224051316194300E-01  0.876492704167075E+00
% -0.182940421269230E+01  0.200381300372947E+01 -0.337753453841782E+01
% -0.604624705774198E+00  0.325854747049184E+00 -0.706318216750213E+00
% -0.121862447886987E+01 -0.960972555969777E+00  0.130930078069305E+01
% -0.899323693434294E+00 -0.142379024379912E+01  0.135078040182083E+01
% -0.341913734357276E+00  0.841772900335364E+00 -0.642893943850432E+00
%  0.150824288713047E+01 -0.106556020351968E+01  0.239088362854563E+01
%  0.129771417909378E+01  0.112658239609029E+01  0.134254669167463E+01
%  0.840658761909958E+00  0.992052719794832E+00 -0.362848327178425E-01
%  0.105906168862417E+01  0.180800100135008E+01  0.266357453713624E-01
%  0.101202701657958E+01 -0.344765077212746E+00  0.523813238056015E+00
% -0.711634949181274E+00 -0.202302056926031E+01  0.220546257948693E+01
% -0.148944510682401E+01  0.125387371582351E+01 -0.233856515150165E+01
%  0.135390667398757E+01  0.812459021398796E+00  0.655216948074679E+00
%  0.504076515987234E+00 -0.367982404806044E+00  0.423580797558494E-01
% -0.225333928061367E+01 -0.184665350990807E+01  0.709659428266883E+00
% -0.513134885495586E-01  0.720218800346486E+00 -0.106719484873933E+01
%  0.270538494534762E+01  0.101518062586527E+01  0.240125455014545E+00
% -0.120101461117943E+01  0.992922219559650E+00  0.357819583736995E+00
%  0.261369978064970E+01  0.213142858299356E+01 -0.232896772762285E+00
%  0.243276066417811E+01 -0.645526149359326E+00 -0.140989844380690E+01
% -0.459519255877929E+00  0.762723787948388E+00  0.122261001915256E+01
%  0.189306533170533E+01 -0.123460091827635E+01  0.176462082052513E+01
% -0.778530838124739E+00 -0.300099951887058E+00 -0.359478394882008E+00
%  0.195731558435672E+01 -0.188840860880915E+01 -0.703843504011474E+00
%  0.216469793134862E+01  0.513706590784959E+00 -0.404991582071796E+00
%  0.610371414607139E+00  0.156385894019310E+01  0.103831731197446E+01
% -0.837231018408072E+00  0.835868995288822E+00 -0.228154586494905E+00
% -0.226555910462805E+00  0.107626274592878E+00 -0.325373274444933E+00
%  0.568559939175069E+00 -0.411247518793353E+01  0.159308175268103E+01
%  0.604717371491198E+00 -0.214866180414494E+01  0.146156516442576E+01
%  0.299345416273598E+01  0.146948679179946E+01 -0.550301668883527E+00
% -0.728341131610071E+00  0.616203289620694E+00 -0.852787594403419E+00
%  0.127629178220551E+01  0.114904180427999E+01  0.119806617673146E+01
% -0.323852165783858E+00 -0.352214781309301E+00 -0.229866355119427E+01
%  0.357229250106594E+00 -0.147310746982935E+00  0.526827675871862E+00
%  0.174460793295115E+01 -0.167971185020782E+01  0.818649388243840E+00
% -0.881805379744370E+00  0.216678567443163E+01 -0.814148032850777E+00
%  0.140335247421924E+00  0.162240036438846E+00 -0.301065399558870E+01
%  0.648511575104211E+00  0.280196863468634E+01 -0.112896320871371E+01
%  0.231761938641423E+01 -0.241187339418756E+01  0.337955170346279E+00
%  0.768695890641945E+00  0.371349541461328E+00 -0.267665952747385E+00
%  0.757914600358802E+00 -0.108898684536864E+01 -0.255706157858727E+00
% -0.231285800618122E+01 -0.122223761115507E+01  0.579983137977409E-01
% -0.358394575413771E+00 -0.140108796783114E+01 -0.908007792184737E+00
%  0.229681529844984E+01 -0.207505815010918E+01 -0.116937975052022E+01
% -0.303824566828096E+01 -0.106203689609356E+01 -0.176574479526360E+01
%  0.703401203316555E-01  0.580415634709020E+00 -0.206131473913515E+01
% -0.947094100658511E-01  0.132552648974007E+01  0.112640408932954E+01
%  0.147762696928979E+01  0.320680113695446E+00 -0.388425463187075E+00
% -0.203732724273759E+01  0.987402295497004E-01  0.119522791328942E+01
% -0.661326328942439E+00 -0.169404951865540E+01  0.216051558282623E+01
% -0.171621058736183E+01  0.117942656760348E+00 -0.121855177491781E+01
%  0.131914831242194E+01  0.202392388153508E+01  0.220077121615877E+01
%  0.523440556534324E+00  0.133605968417590E+00 -0.839406131077972E+00
%  0.207272981239450E+01  0.854740365219656E+00  0.222706258781069E+01
% -0.115176232436305E+01 -0.442949490738926E-01  0.337465448137660E+00
%  0.276494548213569E+01  0.118046153982353E+01 -0.549052243576081E+00
% -0.198999709987408E+01 -0.466097243233898E+00  0.583636055324342E-01
% -0.411698440500007E+00 -0.455927777358015E+00 -0.215053989623161E+00
% -0.571773567868809E+00  0.330800532435787E+00 -0.943453444632275E+00
% -0.744166485201136E+00  0.597648900012100E+00 -0.131307272801793E+01
%  0.779511277732253E-02 -0.230978070446897E+01  0.282958807569504E+01
%  0.331583165836281E+00  0.438896502927369E+00 -0.137606933651864E+01
%  0.109104660143666E+00 -0.145285254884885E+01 -0.829791815902806E+00
% -0.733832359968890E+00  0.570083779485052E+00 -0.187767954736696E+01
% -0.234681952534945E+01  0.320281917821464E+00  0.199985940823659E+01
%  0.163681484050968E+01 -0.719010133204250E+00  0.388985339820215E+00
% -0.130501481902745E+01  0.123704848070871E+01 -0.226789405424733E+01
%  0.938227301451586E+00  0.722562861297834E+00  0.520773502504036E+00
%  0.219404805531949E+01  0.848385692560158E+00 -0.130179974770874E+01
%  0.164829580527062E+01  0.385440725688581E+00 -0.218033100948796E+00
%  0.142228913120228E+01 -0.103923130658457E+01  0.650298674530031E-01
% -0.137712163644853E+01 -0.165305888897103E+01 -0.995120311115195E-01
% -0.450253161715622E+00 -0.394357724062684E+00  0.109481656496177E+01
% -0.105347626403458E+01 -0.113340635205015E+00 -0.126395608788744E+00
% -0.838520325353108E+00 -0.142507145969410E+01  0.862206797579486E+00
%  0.536738544109700E+00 -0.798188160834560E+00 -0.218259108034860E+01
% -0.533785766454171E+00 -0.247262779209834E+01  0.533292764387753E+00
% -0.224347000406288E+00  0.199235794094417E+00 -0.162137256567546E+01
%  0.162234041250862E+01  0.335698213957975E+01 -0.327188132214159E+00
% -0.110005082313641E+01  0.849888579709278E-01  0.164585677184526E+01
% -0.160932402420466E+00  0.309914364728540E+01 -0.235597513568465E+01
% -0.109763120503194E+01  0.108856253737573E+01 -0.245297653415859E+01
% -0.175091090446361E+01  0.465968178558843E+00 -0.123118231245139E+01
%  0.451128101234222E+00  0.827830885937846E+00  0.160612197189386E+01
% -0.181587225557508E+01  0.414964286063355E+01 -0.312155483361121E+01
% -0.472331287643627E+00 -0.938129203857656E-01  0.430677283892993E+00
% -0.179614851234935E+01 -0.214711528164725E+01 -0.108001061344681E+01
%  0.894880450655951E+00 -0.631235873168822E+00 -0.326006789392985E+01
%  0.110315712687251E+01  0.105087587242165E+00  0.394436086075522E+01
%  0.144157795082825E+01  0.207656618222636E+01 -0.138439016084324E+00
% -0.117842164120059E+01  0.384466136162776E-01 -0.467967476631974E+00
% -0.440696745867981E+00 -0.146447888055440E+01  0.519532574684619E+00
% -0.895555447526971E+00  0.967402453556386E+00  0.328640157880067E+01
% -0.175741012149428E+01 -0.104140194152402E+01 -0.600726841798914E+00
% -0.377328519728675E+00 -0.168160570357183E+01  0.830078230883261E-01
% -0.956630256287035E+00 -0.863916548746538E-02  0.359449127490552E+00
%  0.258070747978469E+00 -0.143850461706379E+01 -0.100230136567789E+01
% -0.140595187122606E+01  0.344630454774763E+00 -0.524744955416267E+00
%  0.132556294019101E+01  0.288452777152369E+01  0.180539359801132E+01
% -0.717070222823344E+00 -0.710360638869594E-02 -0.223372784713883E+00
% -0.217341712575957E+01 -0.132906977517654E+01 -0.553592183056856E+00
%  0.111714287642874E+01  0.101713026703914E+00  0.359120520285775E+01
% -0.987889785573791E+00  0.173197567879294E+00 -0.239598197318975E+01
% -0.439300421365634E+00 -0.111675241475436E+01  0.108494306010730E+01
%  0.155945697818113E+01  0.503795653322647E+00  0.384437498913934E+00
% -0.179684475016625E+01 -0.278104724414367E+01  0.112199074761745E+01
% -0.102175101070224E+01 -0.112361509905666E+01  0.273016467387275E+00
% -0.309494769454672E+01  0.681866822885312E+00 -0.751770295954208E+00
%  0.223255297686895E+00 -0.551231375868614E+00 -0.131198311283316E+01
%  0.167160876383523E+00  0.390140185918237E+00  0.941159742677748E+00
% -0.120465772961760E+00 -0.239292628420146E+01 -0.816233569672393E+00
% -0.198171975314933E+00  0.599524827865715E+00 -0.921050361938367E+00
%  0.312909584465620E+00 -0.978424742457898E-01  0.156212705154254E+01
%  0.345403608040415E+00  0.188565444642225E+01 -0.176281213767549E+00
% -0.474706145997346E-01  0.144082280932733E+00  0.132062006999101E+00
%  0.835869628716405E+00  0.119280892755548E+01  0.242481560453430E+01
%  0.170444953087086E+01 -0.844707807421611E+00 -0.603827713063962E+00
%  0.243724561067416E-02  0.132516451656293E+01 -0.135923787803318E+01
% -0.166542970402958E+01  0.685497229108291E+00 -0.261134576857683E+01
% -0.359215570034466E+00  0.741780585490149E+00 -0.261419964849475E+01
%  0.708665989087940E-01  0.110405868700754E+01  0.362668953498933E+00
% -0.186992850084149E+01  0.970561819358570E+00 -0.258078643118398E+01
%  0.188906518266954E+01 -0.323342288715572E+01  0.477580769630439E+00
%  0.193637795729835E+01 -0.133092150176723E+01 -0.193227485514578E+01
% -0.246316492662317E+01 -0.577351594349774E+00 -0.445643953552829E+00
% -0.563676818456239E+00 -0.138138128001408E+01 -0.104976971277932E+01
% -0.248029857276256E+01 -0.247253508614804E+01  0.631415644933029E+00
% -0.469716453522639E+00 -0.666082460157252E+00  0.187090714349267E+01
% -0.654604555462869E+00 -0.386692626126945E+00  0.169923334804181E+01
%  0.343089022554404E+01 -0.241287750338220E+00  0.189455921392942E+00
%  0.154712256833833E+01 -0.329040573047197E+00  0.676453547532819E+00
% -0.426039559607837E+00 -0.123647424874126E+01  0.372681401015903E+00
% -0.109765810215755E+01  0.205575504933398E+00  0.214358475352963E+01
% -0.942855420601023E-02 -0.244270322002157E+00 -0.763842113924815E+00
% -0.353144978069051E-01  0.223423046388898E+01  0.143690293074850E+01
%  0.112158887752285E+01  0.732967041226176E+00  0.230307131130104E+01
%  0.172074385736055E+00 -0.179799409010050E+01 -0.236124825730813E+01
%  0.181552150221520E+01  0.134348861383803E+01 -0.805378054930488E+00
%  0.121770597255275E-01  0.129889971103391E+01 -0.906843908456546E-01
%  0.802185451040147E+00  0.806943085720771E+00  0.328944514649021E+00
% -0.106132500476209E+01  0.152683820432506E+01  0.592631408619633E+00
% -0.264955857668862E+01 -0.247659508050961E+01  0.475288872518321E+00
% -0.939265793426193E+00  0.285912091958766E+00 -0.500753648441364E+00
%  0.313982786104315E+00  0.367548179901026E+00 -0.370495683405265E+00
%  0.184855519553944E+01  0.331825738982556E+00  0.143098319059798E+01
%  0.407523533127267E+00 -0.166778130039994E+01 -0.972626025390105E+00
%  0.126018935155255E+01 -0.405305752255453E+00  0.265262567075456E+00
% -0.379788068098419E+01  0.147118975945670E+01  0.120510936255901E+01
%  0.814309689280733E+00 -0.352362370284168E+00 -0.255400748485753E+01
% -0.172919050819141E+00 -0.148046719317946E+01 -0.169725850081248E+01
%  0.316410587443725E-01  0.955555231125137E+00 -0.542169393003317E+00
% -0.115169200191718E+01 -0.757993002101479E+00  0.522561537373478E+00
% -0.657982110298367E+00  0.519470416047803E+00  0.195236867574076E+00
% -0.123555481946763E+01 -0.226059311814344E+01 -0.723315893200759E+00
% -0.114745953490144E+01 -0.100828469232561E+01  0.285776307557432E+00
% -0.286929063110172E-01  0.206512898977537E+01  0.216012981638548E+01
%  0.109363907973152E+01  0.427919519944545E+00 -0.345068323916177E+00
% -0.114310928375071E+01  0.766949203002262E-01 -0.123066676257511E+01
%  0.987028477015918E+00  0.193493423751044E+01 -0.430676658663301E+00
% -0.860652575714574E+00  0.647818773378543E+00  0.183829604395078E+00
% -0.851467908415884E+01  0.927784140755992E+00  0.260986174266703E+02
% -0.384295886446954E+02  0.332578978076257E+02 -0.389158523919747E+02
%  0.220964837485457E+02  0.341972127604308E+02 -0.293089829763951E+01
%  0.165236058993216E+01 -0.647669610448454E+01 -0.144244246794886E+01
%  0.233810752122162E+01 -0.296458894294560E+01 -0.201566659517339E+02
% -0.216537733981915E+02 -0.438261970950933E+02 -0.548979952170393E+02
%  0.397447411309752E+01 -0.308332209568527E+01 -0.427902726125881E+00
% -0.979481512724722E+01  0.285000154949740E+01 -0.876077902938624E-01
%  0.268016333587961E+01  0.591965593944321E+01 -0.205065384699805E+01
% -0.638344229138014E+02 -0.338090969249686E+02 -0.246706724826793E+02
% -0.110842771047299E+02 -0.143807302133491E+02  0.802000427842099E+01
% -0.118123988824370E+02 -0.154732174823977E+02  0.720466351295699E+01
%  0.217484662717421E+02  0.379234809246147E+00 -0.934923639462088E+00
% -0.186405640375446E+02  0.111377192665056E+03  0.493916266718622E+02
% -0.195518663004568E+02  0.458194874952644E+02  0.146052639402319E+02
% -0.929539081853141E+01 -0.116225555491174E+01 -0.285326183586972E+01
% -0.418378703832581E+01  0.140667784341118E+02  0.648255879708084E+01
% -0.506601014065781E+01  0.253495821517905E+02 -0.152670112779314E+02
%  0.207251161791811E+02 -0.605842710951645E+02  0.459033735105886E+00
% -0.481968323094997E+00  0.109335629996227E+01  0.730618073632963E+00
% -0.340231926406456E+00 -0.235275338223722E+01  0.290028774379825E+01
%  0.514635139991942E+02  0.275318486435350E+02 -0.300717780293449E-01
%  0.351537871786903E+02  0.453567895055531E+02  0.224156837528004E+02
%  0.345885752444049E+01  0.397399611945316E+01  0.635731348381928E+01
% -0.908389875562201E+01 -0.720452115262193E+01 -0.690252873278945E+02
% -0.255370881807447E+02  0.597830231282636E+02  0.818074375414815E+02
% -0.621872764041587E+01 -0.753699304263603E+01 -0.123250956922163E+02
% -0.183188934637632E+01 -0.241769664785491E+01 -0.610645923090750E+00
% -0.102073336731615E+02  0.395121492740447E+01 -0.350182096475168E+01
%  0.530778599714734E+01  0.192388640437938E+02  0.332892997059292E+01
% -0.552392017664451E+01  0.324474195758970E+01  0.412292055193523E+02
%  0.134870835488827E+02  0.699614488977450E+01 -0.215455570432271E+02
% -0.130082326668264E+02 -0.188675499802307E+01  0.430515633370023E+01
%  0.112932349783707E+02  0.111692484923910E+02  0.227313631470532E+02
% -0.266355162123896E+02 -0.173886585403831E+02  0.243126977054647E+02
% -0.158220600834774E+02  0.134621823459580E+02 -0.137201490762809E+02
%  0.263773817855868E+02  0.158066658665956E+01 -0.919965677895381E+01
%  0.638923428385723E+00  0.422856898605139E+01  0.143569853189799E+02
%  0.325864700371522E+02 -0.168742823365620E+02 -0.116570663914018E+02
% -0.618772338893547E+00 -0.109922859655267E+03 -0.288882643921126E+02
%  0.236247883579503E+00  0.103301898139420E+01 -0.594599011907702E+01
% -0.861734516931614E+01 -0.349907754301586E+02  0.128205882529339E+02
%  0.220705154916658E+02  0.133188876802311E+02 -0.382168259720987E+01
%  0.519904453445686E+01 -0.220878033393353E+02 -0.103033764564157E+02
% -0.426782137057818E+01  0.535457071391845E+01 -0.229018793816757E+01
%  0.765142642901216E+02  0.615322316741171E+02  0.369270648887872E+02
%  0.116271197694747E+01 -0.118683348315521E+01 -0.121486325401269E+01
% -0.640950978064603E+01 -0.157500360989358E+02 -0.305535999864648E+02
%  0.706240655260300E+01 -0.357151990629542E+01  0.224145830468904E+02
%  0.294313411292817E+02 -0.690479794948583E+02 -0.756105095783745E+02
%  0.194891074836542E+02 -0.482067138551066E+01  0.344634349273097E+02
%  0.222858365689812E+00 -0.653843543455717E+00  0.273262518931885E+02
%  0.262247075605495E+01  0.345919243000875E+02 -0.163160032325839E+01
%  0.481744491220424E+02 -0.422886889049531E+01 -0.194156202841370E+02
% -0.133283117466393E+02 -0.362510833533685E+02  0.149150622658872E+02
% -0.439242291546428E+02 -0.707516997581986E+02 -0.196618758831176E+02
% -0.298646957568560E+01  0.236795257919844E+02 -0.150430200763333E+02
%  0.230670559279428E+01  0.279489946690202E+01 -0.650630022791235E+00
% -0.101993644055872E+02 -0.205653116096959E+02 -0.437177357032841E+01
% -0.296194164445504E+01  0.113356637022215E+00  0.383721618424647E-01
%  0.288805676370475E+02  0.692874760620069E+01 -0.159137693417136E+02
%  0.679969673193409E+01 -0.186275619419897E+01  0.976397550856822E+01
%  0.469871024125043E+01  0.127178099142725E+01 -0.443464669493301E+01
% -0.884755818409801E+01  0.108417466069765E+02 -0.182008980508908E+02
% -0.186557195186143E+02 -0.174384977442297E+02 -0.123201871609625E+02
%  0.221455496850225E+01 -0.394241255308660E+01 -0.118600486304814E+01
%  0.152301878622417E+02 -0.310830604452490E+01 -0.301679922922191E+01
% -0.371366414847977E-01 -0.480546602797162E+01 -0.481363287864105E+01
% -0.112361322580447E+02  0.163023919531548E+02 -0.207632791465699E+02
% -0.172344531991986E+02  0.483028117055375E+02  0.149706672163091E+02
% -0.386019482634901E+01 -0.824926521151703E+01  0.744102604090695E+01
% -0.181971349066873E+02 -0.896318719032507E+01  0.789559532977914E+01
%  0.206260593842925E+02 -0.152564297643219E+01 -0.300647467667625E+02
%  0.113400055820356E+02 -0.467165871826509E+01 -0.389977641317599E+01
%  0.511950014592404E+00 -0.644124966976962E+01 -0.283484575824108E+01
%  0.237883198349873E+02  0.150736592102569E+02 -0.319763113248493E+02
% -0.167694159838037E+02 -0.432437898993602E+02  0.102101944015842E+01
% -0.222385942841268E+02  0.317688340773982E+01  0.148888838693745E+02
% -0.139274322020620E+01  0.320963140223323E+01  0.434488333888381E+00
%  0.143291918611386E+02 -0.417440171932217E+02  0.122061087625342E+02
% -0.394323977142867E+01 -0.845385209873919E+01 -0.749311155346978E+01
% -0.969054825088487E+01  0.663447413304052E+02  0.120441731061586E+02
%  0.205190828501762E+02 -0.646593984212739E+01  0.100312222884175E+02
%  0.477406559629515E+02 -0.740043843789055E+02 -0.316641337386713E+02
% -0.328893664932857E+01  0.538857307265236E+01  0.366509188819687E+01
%  0.714717594504693E-01  0.642710457955340E+01  0.259702457704571E+01
%  0.512491083261766E+01  0.109451551540939E+02 -0.359224682146241E+01
%  0.225365788274187E+01  0.161584990770645E+02  0.109355769371074E+02
%  0.500408627936891E+01 -0.114563716095166E+02  0.636977682683402E+01
%  0.744601467240444E+01 -0.375303627443856E+02  0.179048562624830E+02
% -0.413004159838239E+01  0.102052997996193E+01  0.193870069610512E+01
%  0.202229699705639E+01  0.509989169866531E+00 -0.350098546108080E+01
% -0.229066854593299E+01  0.317816795654773E+02  0.937221690319723E+01
% -0.162373806685699E+02 -0.155257090717939E+02 -0.200134109393640E+01
%  0.205573901573842E+02  0.263632319702070E+02  0.597075249123087E+02
% -0.100799343385502E+02 -0.811381206024330E+00  0.405325212792882E+01
%  0.748635749850019E+01  0.539340299278607E+01 -0.497857337527926E+01
% -0.199771211907544E+02  0.224021954904819E+02 -0.189085892448089E+02
%  0.473481234127536E+01  0.128898859122368E+01  0.360390136086845E+01
% -0.256843636671456E+02 -0.442253050913159E+01  0.446994966645422E+01
% -0.128471409929640E+01  0.421547452329074E+01  0.310558009717876E+00
%  0.770646852904086E+01 -0.516908673368395E+02 -0.525702885963182E+02
%  0.509958785069811E+01 -0.412873986687670E+01 -0.136805001667154E+02
% -0.271738795629514E+01 -0.264352704825632E+02 -0.591792580214520E+02
% -0.262410392086535E+02  0.556512515805450E+00 -0.375227348948028E+02
% -0.928925107607038E+01  0.176636603561553E+02  0.166427509349802E+02
% -0.186010212218461E+01  0.756015552486993E+01  0.272619590457935E+01
% -0.752494965217789E+02  0.423202761055122E+02  0.406593602840094E+02
%  0.446479302209430E+02  0.325704018864631E+02  0.495863690541297E+02
% -0.167407702338405E+01  0.720553784651870E+01 -0.222729352210064E+02
% -0.624134206378993E+01 -0.113653974409943E+02 -0.163647628145227E+01
% -0.251396699188108E+02  0.545217914330018E+01  0.495635412077909E+02
%  0.288158911361977E+01  0.145383572796793E+02  0.262507752230911E+01
% -0.127584217050683E+01  0.447912188250040E+01 -0.293106084804716E+01
%  0.157829650026178E+02  0.208725057604588E+02  0.305463995853472E+00
% -0.220881881289171E+02 -0.135740031527804E+02  0.426369122677247E+02
%  0.243262782301061E+02 -0.376816444454006E+02  0.185911849514327E+02
%  0.258745267581632E+00 -0.911689611268418E+01  0.102353245474922E+01
%  0.542464636942639E+01 -0.922113578086703E+01 -0.222626949782947E+02
% -0.132616444500594E+02  0.118247488006051E+02 -0.136173346794235E+01
%  0.403913929534812E+01 -0.174408694380398E+01  0.372305689449575E+00
%  0.114089105368799E+02  0.287386169247105E+01  0.256339869724210E+00
%  0.206408163908873E+02 -0.597465812877088E+01 -0.105329707099516E+02
%  0.212045226146438E+02  0.151625667648150E+02  0.169401318844229E+02
%  0.667384731345564E+01 -0.361565212986214E+01 -0.163202164125753E+01
% -0.356118425656380E+02 -0.274568519292732E+02 -0.167164475993815E+02
%  0.836371395910317E+01  0.194974010222695E+01 -0.468605733607393E+01
%  0.275546218677740E+01  0.575752846552143E+00 -0.108253231267654E+01
%  0.252282690182554E+00  0.371555776283386E+02 -0.251597585771754E+02
%  0.252823641295449E+00 -0.471080198684489E+01 -0.843577188885558E+01
%  0.378406878603242E+02 -0.229503543590336E+02  0.712509853195206E+02
%  0.203278677194192E+02 -0.217854256560758E+01  0.236885503508726E+01
%  0.148946618136071E+02  0.207448986614646E+01  0.880810702335256E+01
%  0.625927772723730E+01  0.224443930160254E+01 -0.785860328977324E+01
%  0.103236786037801E+02  0.189676615042931E+02 -0.379579736826992E+02
% -0.816609036254964E+01 -0.195662011498290E+02 -0.766010832442356E+02
%  0.141319658143465E+02 -0.152551206830780E+02  0.404231829299617E+01
%  0.437880424296152E+02 -0.443180136220724E+01  0.570948503899431E+01
% -0.119833866727628E+02  0.269366217313012E+02 -0.368267177587282E+02
% -0.122632588044120E+01  0.332695365036289E+01 -0.245100126182487E+01
% -0.100059668982978E+02  0.539850123027609E+01  0.333461116790812E+02
%  0.150002956140289E+02  0.219823428273824E+02 -0.598212684009159E+02
%  0.124194125947181E+02  0.241451422710310E+02 -0.468264064934662E+02
%  0.166133670427763E+02 -0.144968624112465E+02  0.164333517270846E+01
% -0.241817602941664E+02 -0.603931433432047E+02  0.707930950536832E+02
% -0.241147631779940E+01 -0.628356430025514E+01  0.277057256096971E+01
%  0.872261990852572E+01  0.731664970295831E+01 -0.251036504039667E+01
%  0.375348020082186E+02  0.722832455144838E+02 -0.716519184425023E+02
%  0.108379655761229E+01  0.497687595370940E+00  0.161314938398053E+01
% -0.108267984043282E+02 -0.166114414206934E+01  0.194416528672360E+02
%  0.762062081506454E+01  0.137019126256813E+02  0.312587219126971E+02
%  0.117417554623502E+02 -0.251749087159833E+02 -0.539172602578946E+01
%  0.242564009551319E+01 -0.210569608829687E+01 -0.647519490107379E+02
%  0.155237265647800E+02  0.241814048585270E+02 -0.228995537397150E+01
%  0.142669261822738E+02 -0.245887701015038E+02 -0.877907971948757E+01
% -0.308311510552149E+02  0.454915094753039E+02  0.174212910550465E+02
%  0.435194711943676E+02 -0.599858819766848E+02 -0.180785377070614E+02
% -0.230495033682524E+02 -0.633925319178219E+01 -0.201925896332121E+02
%  0.154969262049084E+02 -0.519460061966044E+01  0.224969775528430E+02
%  0.599760035191880E+01  0.135294114979237E+02  0.246705980326001E+01
% -0.105219328405534E+01 -0.363645686108899E+01  0.790956135506995E+01
% -0.815216048125389E+01  0.788204983960717E+00  0.639413493928783E+01
%  0.574076997991838E+01 -0.198967287062894E+02 -0.249581828800906E+02
% -0.599833369265271E+01 -0.753276078519790E+01  0.157898611957522E+02
%  0.357723867155095E+02 -0.795699591416775E+01 -0.330652324185886E+02
% -0.747866189718543E+01 -0.492400359328877E+01 -0.163292836740669E+01
% -0.536757875282582E+01 -0.115685880011036E+02  0.313780723356667E+02
% -0.133136613755330E+02 -0.269432279778454E+02 -0.103300802678091E+02
% -0.187977270758676E+02  0.166089663106008E+01 -0.107757642470341E+00
%  0.178483557778498E+01  0.556460506266060E+01 -0.102067490501465E+01
%  0.598413814275349E+01 -0.477253174575566E+02 -0.492529411688193E+02
%  0.128397545846614E+02  0.127075978039842E+00 -0.941701894632462E+01
% -0.106034573890608E+02  0.138886540617861E+01  0.274609901484943E+02
% -0.342987573821327E+01 -0.153710180323715E+02  0.149637276153369E+02
% -0.977053249944372E+00 -0.145135289256581E+02 -0.209285329270393E+01
% -0.201411983704950E+02 -0.463589626633945E+02  0.340302330712693E+02
%  0.366457692286723E+02 -0.172265799124034E+02 -0.707733073911549E+01
%  0.489597740607346E+01 -0.218614084439134E+01  0.119486501188097E+02
% -0.790929947651740E+01  0.264262811686721E+00 -0.957187651270569E+01
% -0.150270405924484E+02 -0.418553397799397E+02  0.101208978702314E+02
%  0.726914008968486E+01  0.144854716488118E+02  0.263591435088575E+00
% -0.495427507462812E+02  0.562179914384464E+01  0.328055282265719E+02
%  0.469903129952145E+02  0.681018546321836E+02  0.431651966333755E+02
%  0.125568614880514E+01 -0.168850192474025E+02 -0.194381192433464E+02
% -0.302676924135714E+01 -0.495604941812273E+01 -0.180578136395059E+01
%  0.543167186974932E+01 -0.336588535124639E+01  0.881376756998665E+00
% -0.172505737549438E+01 -0.480991469810336E+01 -0.380636202293036E+01
% -0.949215385020409E+01  0.457298095193747E+02  0.558711648986609E+02
% -0.807663108419310E+01  0.111190121399892E+02  0.720969305034167E+01
%  0.229646394105359E+01 -0.136799417242800E+02 -0.378066261142537E+02
%  0.538296144477377E+01 -0.329047083111875E+02 -0.101419054739290E+02
% -0.304174714424579E+01 -0.193247181579086E+01 -0.704791495942345E+01
% -0.976705869236828E+01 -0.175421165418004E+00  0.684110914290048E+02
% -0.247181906182622E+00  0.218112440394438E+01  0.187111837085012E+01
%  0.248571681202159E+02  0.479834908947647E+01  0.205484134866405E+02
%  0.224231243377718E+02  0.470548037737408E+02 -0.999682574415472E+01
% -0.145763284540522E+02  0.272405369082045E+02 -0.986029898682076E+01
% -0.918124591005168E+01  0.269018867833080E+01 -0.119085712662106E+02
% -0.119286406212256E+02  0.749815575382947E+01 -0.171000377054694E+02
% -0.451991621666945E+02 -0.584913950726143E+01 -0.307759097065556E+02
% -0.483300271287074E+01 -0.119552808644805E+01  0.230384155443119E+00
%  0.238928532624003E+02 -0.373985658592518E+02 -0.140949105352627E+02
%  0.260538771162871E+02  0.255953807805587E+02 -0.140657556326615E+02
% -0.170241024634475E+00  0.179076735728391E+01  0.229855189721995E+01
%  0.158236473243557E+02 -0.926917341592352E+01 -0.111110781825073E+00
%  0.178641731535021E+02  0.192259565507194E+02  0.294398162507821E+02
%  0.691171525953150E+01 -0.294852021957742E+02  0.166809789480444E+02
% -0.235340687727671E+02  0.244537269068436E-01  0.269427725983149E+02
% -0.653626433205838E+01  0.374424385196614E+01 -0.194426823961163E+02
%  0.189073181383699E+02  0.197974232109441E+02 -0.215369271376994E+02
% -0.118527715781854E+02  0.121205771262914E+02  0.248147436298491E+02
% -0.290664742913649E+02  0.165519549180376E+02  0.929822586760118E+01
%  0.264070547708539E+02 -0.154219389911586E+01 -0.219989858295151E+02
%  0.816068719074102E+01 -0.109646595461582E+02 -0.841375552025120E-02
% -0.550221361319232E+02  0.180853144807798E+01 -0.195584952079947E+02
%  0.275739435333555E+02  0.614019396656766E+01 -0.333725794428140E+02
% -0.839489575628342E+01  0.123220469128719E+02 -0.132231173648616E+01
% -0.311535921294435E+01  0.146556379389141E+02  0.123055747705479E+02
%  0.325586962502474E+01 -0.132653211032293E+01  0.168428104514423E+01
% -0.520079043711586E+01  0.161975628631900E+01 -0.799829051490691E+00
%  0.279119874682633E+00 -0.421767881914306E+01 -0.859592325508686E+00
% -0.586554661167367E+01 -0.211185513007357E+02 -0.510144206562883E+02
%  0.719437890581037E+01 -0.117006521264491E+02  0.213806155183506E+02
% -0.203296537675570E+01  0.146030041198473E+01  0.966871123597917E+00
% -0.509966386685170E+02  0.153817133542120E+02 -0.571701377821062E+01
% -0.255211691933812E+02  0.512598840982898E+02  0.797519267983010E+01
%  0.270922614174501E+02  0.151188550934597E+02  0.532493132224349E+02
%  0.660700129688059E+01 -0.262996740020297E+01  0.126525076900505E+02
% -0.542451298517247E+01  0.545344493438004E+01 -0.283606999819239E+01
%  0.178596475250599E+02  0.264719226581161E+02 -0.105030171292882E+02
% -0.932588253280419E+02 -0.767677794509718E+02  0.672505891085071E+01
%  0.406488024209779E+02  0.139361075621272E+02  0.436784249010224E+02
% -0.504535975918130E+02 -0.207083966921347E+02  0.353867451966772E+02
% -0.701062100398353E+01  0.465877025621495E+01  0.720824352427211E+02
% -0.552410073001802E+01 -0.486843796001377E+00 -0.178210552585185E+01
%  0.540300067881369E+01  0.484373071867409E+01 -0.987158934228002E+01
%  0.101392237017196E+01  0.267713994382760E+01 -0.197022868122743E+01
% -0.112252193587089E+01  0.761683289297924E+01  0.519724921345069E+01
%  0.763400282181856E+01  0.311474888014580E+02  0.935270048340095E+00
%  0.692406534177383E+01 -0.899326535603518E+01 -0.174127605793396E+02
%  0.491402050128322E+01 -0.307992886434318E+00 -0.768590346474759E+00
% -0.190557629308490E+02 -0.708793608884838E+00 -0.266686366324965E+01
%  0.180109534397259E+02 -0.198788399686455E+01 -0.407220933410850E+01
% -0.178451967579162E+01  0.431563494582707E+01  0.173336214671870E+02
%  0.477270156887936E+01  0.117780417729650E+01  0.531591968782975E-01
% -0.921736036091058E+01 -0.249020566324845E+01  0.396197571581453E+01
% -0.119597834391311E+02 -0.165103920825942E+02 -0.172226260947831E+02
% -0.799947380530354E+01 -0.413339802854109E+01  0.133687723304742E+01
% -0.865483397421167E+01  0.174806103001222E+02 -0.802489517839900E+01
% -0.190573139908356E+02 -0.604054471574122E+01  0.133883587893221E+02
%  0.230390451577409E+01 -0.741271562698678E+01  0.411140919535680E+01
% -0.790152993851626E+01  0.323517024611215E+02  0.354929544752415E+01
%  0.631964688995854E+01 -0.761659071685677E+01 -0.202467453766326E+02
% -0.618036932032596E+01 -0.129465601331051E+02  0.161379469808985E+02
% -0.452984998846240E+02  0.109475888164774E+02  0.196979002055470E+02
% -0.513241658296127E+01  0.908271223489390E+01  0.721835086648373E+01
