% T    256  0.715122828077254E+01  0.715122828077254E+01  0.715122828077254E+01
   0.188349458225412E+01  0.101435037829894E+01  0.277121534002032E+01
   0.214728327829954E+01  0.211662799713391E+01  0.685666612879031E+00
   0.861978790053427E+00 -0.204153701199234E+00  0.878323730980248E+00
   0.330403104847520E+01 -0.381836752188890E+00 -0.225718859704774E+01
   0.113006079848772E+01 -0.280545708169273E+01 -0.125795157128948E+01
  -0.228027029079975E+01 -0.200467472681928E+01 -0.333032678283675E+01
  -0.187720654547674E+01 -0.129134406761100E+01 -0.877264378303647E+00
  -0.744843582830153E+00 -0.321070148251385E+01 -0.283199076921733E+01
  -0.287678231082578E+01 -0.704482999290885E+00 -0.829017905464747E+00
   0.207855492544827E+01  0.235032699363610E+01  0.286724402525991E+01
   0.162272437139316E+01 -0.122804457917548E+01 -0.376064860860232E+00
  -0.127070041596890E+01 -0.562402253670896E+00 -0.304318255268303E+01
  -0.271842854979992E+01 -0.246966331465807E+01  0.298079225576257E+01
   0.166976378115795E+01  0.493977197967614E+00 -0.140316617645236E+01
  -0.325098688755671E+01 -0.231605892286965E+01 -0.427363932875945E+00
   0.102437152729207E+01 -0.263119432250111E+01  0.203606265013845E+01
  -0.540667317674832E+00  0.756609230168794E+00  0.291132824559874E+01
   0.334418034760901E+01 -0.127771565308016E+01 -0.282009790411976E+01
   0.500399059105783E+00  0.356759958376182E+01  0.268652395210014E+01
   0.286281481908813E+01  0.149365306200013E+01  0.259235670851577E+00
  -0.144091760584887E+01  0.145875316679979E+01  0.285951498216725E+01
  -0.227110217074893E+01  0.150401576686120E+01  0.156149959125137E+01
   0.163341537276818E+01 -0.715827648436220E+00  0.274603668765517E+01
   0.583956188210906E+00 -0.170324294728770E+01 -0.566220819444223E+00
   0.308210614531685E+01  0.251348860350580E+01  0.474834913715559E+00
  -0.218090390665830E+01 -0.168600944096307E+01 -0.202933803790309E+01
  -0.201342949537719E+00  0.353881723710089E+01 -0.115812475028800E+01
  -0.166494867434660E+01  0.330996390315520E+01  0.173966702763362E+01
   0.965492959156264E+00  0.222219365676012E+01 -0.167629180977043E+01
   0.278579169392095E+01  0.516369874591890E+00 -0.284173497650274E+01
   0.219582655451404E+01  0.284980036082961E+01  0.183880406629143E+01
   0.177179152864241E+01 -0.313911023110641E+01 -0.171621376932666E+00
  -0.314717187874106E+01  0.341223943752098E+01  0.136467338092907E+01
  -0.136830132221667E+01  0.695390297658391E+00 -0.239668430596067E+01
  -0.279707493547381E+01 -0.196735318463147E+01 -0.130524475046690E+01
   0.356921738146776E+01 -0.222063770358458E+01 -0.352685740637567E+01
  -0.276791723577893E+00  0.285769089619761E+01  0.882088874252686E+00
  -0.122089830250427E+01  0.101865923321815E+01  0.186133441578077E+01
   0.157217496468340E-01 -0.112928895428698E+01  0.946141382813185E+00
   0.308905828248099E+01  0.152822130750059E+00 -0.429348624991067E+00
   0.214520867894456E+01 -0.321865367073138E+01  0.236099516127007E+01
  -0.191168826746799E+01  0.304346835205071E+01  0.304627023172670E+01
  -0.131010047205508E+01 -0.169757388832564E+01 -0.242906494650370E+01
  -0.849230565466384E-01 -0.128354965225142E+01 -0.254473653016533E+01
   0.160055375000849E+01 -0.232914537039951E+01 -0.317403933427361E+01
  -0.144691881480926E+01 -0.548913430612694E+00 -0.203792545307305E+01
  -0.209292390636250E+01 -0.349610371501158E+01  0.809129245520400E+00
  -0.307414408550453E+01 -0.492894251961951E-01  0.265401660006586E+01
   0.777269880954832E+00  0.253546068833109E+00 -0.193667603664694E+01
  -0.310160808987506E+01 -0.348294346318648E+01  0.296001702773374E+01
   0.174567755521101E+01 -0.194491299542105E+01 -0.170116063944219E+01
   0.226711058208437E+01  0.186540375944570E+01  0.174220056091801E+01
   0.840822915804871E+00  0.320514553386744E+01 -0.273297304268632E+01
  -0.747809207325807E+00  0.205075793875969E+01  0.124646187116469E+01
   0.330038709050863E+00  0.248126677501209E+01  0.229502153051676E+01
  -0.322143026171462E+01 -0.261594155169503E+01 -0.256975164186028E+01
  -0.266742149008103E+01  0.254338978963027E+01  0.264250420602438E+01
  -0.218684486838299E+01  0.185505527952135E+01  0.514217691310606E+00
   0.240202638772364E+00 -0.143737747460899E+01 -0.150575014392917E+01
   0.244338769126880E+01 -0.152137802893488E+01 -0.875838090804870E+00
   0.118479049642955E+01  0.320829408692209E+01  0.576919363826114E+00
  -0.195357374356522E+01 -0.163920086338881E+00 -0.119182214768683E+01
   0.122731003921886E+01  0.681498393531494E+00  0.317549580564258E+00
   0.108295022574157E+01  0.226551002656289E+01 -0.312586646837669E+01
  -0.198769878507458E+01  0.988670636767521E+00 -0.653098390207028E+00
  -0.234756957709854E+01 -0.718664185530354E+00 -0.282965626676980E+01
   0.589793433162472E+00  0.133310889879264E+01 -0.147145117499132E+01
  -0.858055248255772E-02 -0.242977028038961E+01  0.254170204486342E+01
   0.707476470856261E+00  0.322448580524814E+00 -0.295061303824445E+01
   0.620734396833014E+00 -0.866218939708986E+00  0.348617650743485E+01
  -0.547610930750804E+00 -0.212582726420699E+00  0.258232609316661E+01
  -0.899365172991142E+00 -0.218674541363114E+01  0.316990881872840E+01
  -0.265344280343405E+00 -0.152862370989070E+01  0.717437080612900E-01
  -0.148552641840246E+01  0.267031038912168E+01 -0.250123505933483E+01
   0.121763135898186E+01  0.274028768521444E+00  0.260855302261050E+01
   0.169195884527602E+01  0.147542537896840E+01 -0.231258162074725E+00
  -0.232575342249004E+00  0.931146628704995E+00 -0.224341746302243E+01
  -0.806792157078438E+00 -0.151284065927265E+01  0.144146762162504E+01
   0.346103437039273E+01  0.537700349454888E+00  0.568221259882819E+00
   0.281854805046991E+01 -0.175459218588183E+01  0.304372536918010E+01
  -0.288514163810043E+01  0.536670835036335E-01 -0.179637612002948E+01
   0.309738857168090E+01  0.113858845093625E+01  0.145368553310246E+01
  -0.908745139062276E+00 -0.269208077367043E+01 -0.731109010737487E+00
   0.389250753595716E+00  0.371596695597030E+00  0.306840872371018E+01
   0.220799941971908E+01 -0.237009724190609E+00 -0.226846518106585E+01
  -0.237195117916728E+01 -0.132093627533933E+01  0.191184837834318E-01
  -0.227721141140957E+01 -0.233524507196518E+01  0.128719142458045E+01
   0.800045792927497E+00  0.257442811432039E+01  0.320033415168397E+01
   0.116939358361010E+01 -0.699182280546691E+00 -0.287843686732923E+01
   0.347508981740010E+01  0.286914556071086E+01 -0.113744967550431E+01
   0.105865698702510E+01 -0.640791800363253E+00  0.174294625850652E+01
  -0.113754951219809E+01  0.278930649866192E+01 -0.254736419938309E+00
   0.220884207658012E+01  0.603377040072493E+00  0.693930074975104E+00
   0.157830732338971E+00  0.134726827848212E+01 -0.109587303178087E+00
   0.252093549968045E+01 -0.884509609836651E+00 -0.228566092502497E+00
  -0.120702579769477E+01  0.255591268021900E+01  0.358796670637655E+01
  -0.846040515046032E+00 -0.269750981017176E+01  0.218634330689411E+01
  -0.215914898014726E+01  0.728734638167254E-01 -0.238314284128303E+01
  -0.175583418257901E+01  0.347295586639461E+01 -0.125762512650561E+01
   0.577133841786508E+00 -0.221512904390156E+01  0.345492623427607E+01
  -0.353418621666875E+01 -0.248626007006940E+01  0.910664336321250E+00
  -0.342519462991263E+01  0.150201495436137E+01 -0.309146871920886E+01
   0.211228015202852E+01 -0.422471047729003E+00  0.153925833066992E+01
  -0.224200430567293E+00  0.196790931648534E+01 -0.121847877821217E+01
   0.322544862216585E+00  0.595180919432472E+00 -0.870617452701126E+00
   0.241046928539805E+00 -0.538289977072989E+00 -0.188307362478962E+01
  -0.271656680792294E+01 -0.109867575248798E+01  0.334954973972190E+01
  -0.124875613882878E+00  0.238808012270241E+01 -0.309513891635982E+00
  -0.338109225950116E+00  0.279746023388296E-01 -0.288052498795225E+01
   0.177796745789680E+01  0.253408239045773E+01 -0.230606465447601E+01
  -0.197175373877985E+01 -0.204476256811093E+00  0.296170250476630E+01
  -0.288724781772284E+01 -0.134380366961099E+00  0.156131874180193E+01
   0.838098873447216E+00  0.120339392098997E+01  0.309735791951267E+01
   0.115304635703228E+01 -0.328226876705999E-02 -0.665374498426006E+00
  -0.152388830376090E+01  0.158906680118200E+01 -0.308651464880116E+01
   0.108531596464255E+01 -0.148824615083906E+01  0.232141541180880E+01
  -0.468779368445078E+00 -0.243408720592290E+01 -0.217459477537396E+01
   0.169072757534326E+01  0.108710983275017E+01 -0.313931330027359E+01
  -0.318906115701862E+00  0.197576920013437E+01 -0.340223439567350E+01
   0.199320302784782E+01  0.166913926212252E+01 -0.152362989792480E+01
  -0.640070958937748E+00  0.897909449829197E+00 -0.320953586446368E+01
   0.233561794450567E+00 -0.675674533715405E+00 -0.309996960077394E+00
  -0.760727505623818E+00  0.426668705122876E+00 -0.105084295401144E+01
  -0.882571915002963E+00  0.345530688817658E+01 -0.189985311824257E+01
   0.297221644511023E+00 -0.244789477133782E+01  0.517522905252516E+00
  -0.289862536233494E+01  0.230761091048064E+01  0.111019275989791E+01
  -0.126486387771450E+01  0.142660330675443E+01  0.239585479506303E+00
   0.283310032898736E+00  0.198006398278502E+01 -0.235104107392447E+01
   0.181613874135056E+01 -0.135977803746945E+01 -0.347336972680388E+01
  -0.146150167553553E+01  0.135294165142740E+01 -0.161820954751318E+01
   0.265571763254881E+01 -0.282023200444952E+00  0.549157665612895E+00
  -0.298538199581310E+01  0.141927992066032E+01 -0.355687249584495E+00
  -0.177947962206889E+01 -0.256135205281703E+01  0.262254785165952E+01
   0.367053285366149E+00 -0.238830927668505E+00  0.226452060616967E+01
   0.488039585474249E+00  0.324797628223738E+01 -0.254304658780857E+00
   0.413670689161675E+00  0.438706304356212E+00  0.161065756622877E+01
  -0.576533179236129E+00 -0.186743940168314E+01 -0.129738082540742E+01
   0.305666211115706E+01  0.135371785283309E+01 -0.866764141409358E+00
  -0.249341972560484E+00  0.110819829393347E+01  0.127356974513876E+01
  -0.535061061831322E+00  0.187198220969080E+01  0.221601997959417E+01
   0.310891574841499E+01 -0.704523504446367E+00  0.290898547013478E+01
   0.277665604431119E+01 -0.267238377548456E+01 -0.884368941582921E+00
  -0.151541317901338E+01 -0.302612087427294E+01 -0.340691059483622E+01
   0.240875404461471E+01 -0.170939681124196E+01  0.652795929508385E+00
   0.231296612587628E+01 -0.295482897236482E+01 -0.179958601857234E+01
  -0.300621283105867E+01  0.246244722660209E+01 -0.335627611997252E+01
   0.301446045460802E+01  0.549203780618729E-01  0.142496868263755E+01
  -0.496700083522088E+00  0.277198319731322E+01  0.269382386436390E+01
  -0.197064543178510E+01 -0.279226725323120E+01 -0.254558313194561E+01
   0.272698667865958E+00  0.125130973665549E+01 -0.314955743433745E+01
   0.280573764229610E+01  0.163964120858343E+01 -0.346877166882108E+01
   0.198697273080102E+01  0.230197389472357E+00  0.347995679702285E+01
   0.352605567345189E+01 -0.336164165836266E+01 -0.106973799872590E+01
   0.227383304819613E+01 -0.331837323462966E+01 -0.295214507375018E+01
  -0.155489368115334E+01  0.205206407055475E+00 -0.197594076041831E+00
  -0.245438519511492E+01 -0.259537556547059E+01  0.282296544444770E+00
  -0.179557530996601E+01 -0.222551559310414E+01 -0.599180922422505E+00
   0.324254882829299E+01  0.369652993328785E+00  0.317961973726248E+01
  -0.270549387208871E+01  0.144641677047112E+01  0.335859619582584E+01
  -0.325048586182651E+01  0.688691323520103E+00 -0.106701793745452E+01
  -0.327299083131592E+01 -0.185651586829470E+00 -0.317419432676455E+01
   0.135311153159628E+01 -0.205748779007056E+01  0.101678807130279E+00
   0.259597623308333E+01  0.325449425541741E+01  0.318209456782679E+01
   0.242254840027030E+01 -0.267466705834123E+01  0.733314267033345E+00
  -0.135834874178890E+01 -0.482992346847587E+00  0.191525003758449E+01
   0.217847587561126E+01  0.321323326534656E+01  0.705153582303513E+00
  -0.113139711274852E+01  0.194881842585675E+01 -0.740983137579249E+00
   0.285361992707801E+01 -0.162027351460183E+01 -0.193513818990159E+01
   0.109228098416328E+01 -0.170457056043651E+01  0.106731437146960E+01
  -0.877691067786636E+00  0.175250620281430E+01 -0.224739809924963E+01
  -0.702045010332652E+00 -0.144337580712114E+01  0.240217428022157E+01
  -0.169766774361106E+01  0.694830301047623E+00 -0.356772903011570E+01
   0.126942626768901E+01 -0.263346359357367E+01 -0.221884890621123E+01
  -0.261139890912931E+00 -0.325858102942388E+01  0.136498722059989E+01
  -0.142968805520192E+01  0.270833351036324E+01  0.710389524287721E+00
   0.308639391587267E+01 -0.232325168226982E+01  0.122858776058329E+00
   0.855328435227243E+00 -0.170253933337554E+01 -0.233265322456314E+01
  -0.409056276832940E+00 -0.877626807763654E+00 -0.102091753474176E+01
   0.132919561853830E+01  0.297861172870763E+01  0.230252005668132E+01
  -0.263615526296014E+01 -0.129528580984727E+01  0.125361470814343E+01
   0.246612715615214E+01  0.339052173657520E+01 -0.105399648942758E+01
   0.340005165108311E+01 -0.105125294961802E+01  0.161771723752077E+01
   0.102327673166135E+00  0.306137888256115E+01 -0.210280965738872E+01
   0.424029078583631E+00 -0.287764934383770E+01 -0.435323196546519E+00
   0.128325979621542E+01 -0.334667547485773E+01 -0.354339903491562E+01
   0.205339363727486E+01  0.889156766724522E+00  0.165199954167641E+01
  -0.898004343276207E-01  0.416014944454997E+00  0.326979219391490E+00
   0.219593900440645E+01  0.247321022598981E+01 -0.317966788807326E+01
  -0.102083061900172E+01 -0.731153131246417E+00  0.325898603735605E+00
   0.289415195182413E+01 -0.208026331617325E+01  0.177658930472616E+01
  -0.291800126949732E+01 -0.867825480622883E+00 -0.179906090009404E+01
   0.279272614003987E+01  0.289840053710982E+01 -0.195471108415657E+01
   0.182634897472989E+01 -0.216516819465103E+01  0.157479855586805E+01
  -0.135041526207606E+01 -0.328193743063392E+01  0.107078367645078E+00
  -0.856375328635237E+00 -0.146451826003225E+01 -0.331830129334544E+01
  -0.351319144925402E+01 -0.145019340088222E+01 -0.793559506378372E+00
  -0.349435085810296E+01 -0.344027109119663E+01  0.263941765425510E+00
  -0.114609232401314E+01 -0.198338201126308E+01  0.162601683101344E+00
  -0.224788262656395E+01  0.379575321906872E+00  0.208467571415095E+01
   0.706112103164200E+00  0.147847903335169E+01  0.751892645269610E+00
   0.336870536308537E+01  0.252890151674126E+01 -0.264635886661223E+01
   0.357492377005590E+01 -0.156792947256153E+01  0.649977050861283E+00
  -0.238704653234102E+01  0.318950231377517E+01 -0.216348563067258E+01
   0.332980301086053E+01 -0.288668886110407E+01  0.278580109107073E+01
   0.270405427327380E+01  0.450483184598878E+00 -0.130590685224090E+01
  -0.276758267323349E+01 -0.356709789245502E+01 -0.323843917120533E+01
   0.331432125919611E+01 -0.574011438866969E+00 -0.113019786166779E+01
  -0.249109088533575E+01  0.175753395469116E+01 -0.272289760686706E+01
  -0.371434717355814E+00 -0.346880368175625E+01  0.894888338401324E-01
   0.159930623397725E+01 -0.291969254059405E+01  0.103984895175748E+01
  -0.250723962699625E+01 -0.297172023849854E+01 -0.168096377919019E+01
   0.853400003808438E+00  0.239671736203858E+01 -0.653724379366899E+00
  -0.313891840980427E+01  0.222873335140281E+01 -0.183907741598658E+01
   0.168474831787668E+01  0.285874122972624E+01 -0.351211055621001E+00
  -0.328613393769575E+01  0.247705929282895E+01 -0.201348339001317E+00
  -0.268132461307235E+01  0.782432708657779E-01  0.151634494055476E+00
   0.334140118322222E+01 -0.341067935683375E+01 -0.318376406444052E+01
   0.352307989265672E+01 -0.233025242185433E+01 -0.176995009177947E+01
  -0.629399905886603E+00 -0.353965532646646E+01  0.322539303163733E+01
   0.340461637721785E+01  0.190047217354877E+01  0.196523867286416E+01
  -0.239447946495750E+01  0.260146956014378E+01 -0.741998116309197E+00
  -0.226822506599483E+01 -0.340494291256643E+01 -0.136411285694633E+00
  -0.344070433878819E+01 -0.467830715371343E+00  0.669839581859947E+00
   0.281626673969392E+01  0.230330836223000E+01 -0.610516468546025E+00
   0.199831447942406E+01  0.326194635029223E+00 -0.327158658236025E+00
   0.174003514380205E+01 -0.212554683294597E+01  0.295171572588527E+01
  -0.140082877201725E+01  0.443559357627825E+00  0.257200743118738E+01
  -0.336421538488323E+00 -0.229412151157944E+01 -0.310175217191832E+01
   0.168688532731487E+01 -0.513651794216599E+00  0.393549430063552E+00
   0.152411333863511E+01  0.348426048004791E+01 -0.188391648394511E+01
   0.879190903860023E+00 -0.353674112812469E+01  0.156278938683089E+01
  -0.334352271793214E+01  0.838411600804098E+00  0.238222285868431E+01
  -0.320376840742919E+01 -0.133587804094954E+01  0.246281818466153E+01
  -0.344239612615288E+01  0.353034582378825E+01 -0.206296315192053E+01
  -0.262380189045781E+01  0.146940770897628E+01 -0.151686626630058E+01
   0.292545899455040E+01 -0.309164741258725E+01  0.146921215715000E+01
  -0.229606415847267E+01  0.281837055521081E+01  0.254912585810368E+00
  -0.207209830260717E+01 -0.130010961406573E+01  0.220170989119243E+01
   0.189236074611137E+01 -0.589692697236487E+00 -0.113783816932035E+01
  -0.355678632612219E+01  0.203858709252164E+01  0.300410376818620E+01
  -0.351629443074083E+00 -0.325401886153742E+00  0.135932389233754E+01
  -0.162920200410044E+01  0.230715798702855E+01  0.177846134654332E+01
   0.866752578159274E+00 -0.100950979256781E+01  0.310665591864715E+00
  -0.152427413258124E+01 -0.247471594272011E+01 -0.156702509002750E+01
   0.280646895074021E+01  0.116759063306097E+01  0.265854420713064E+01
  -0.254149265679037E+01 -0.311240860634689E+01  0.209466144539869E+01
   0.248202955153402E+01 -0.279190129409651E+01  0.331772056645537E+01
   0.209603051938019E+01  0.155946406301698E+00  0.235690007419290E+01
   0.665598231475532E-01 -0.208831697804395E+01  0.147303154779263E+01
   0.303407748736510E+01  0.162977747777085E+01 -0.205813626824243E+01
   0.310434564149946E+01  0.309170784046548E+01  0.207266387994665E+01
  -0.120075881788266E+01  0.219352646252234E+00  0.925198256575792E+00
   0.180728167207427E+00  0.350643466244933E+01 -0.350323560301063E+01
  -0.120504927922216E+01  0.262817423461300E+01 -0.150167697061346E+01
   0.104442217941012E+01  0.164492255393727E+01  0.188260328660765E+01
  -0.217217116908347E+01 -0.712028903857381E+00  0.776474333457850E+00
% -0.497043381683193E+00  0.316856827617879E+01  0.100658807005146E+01
% -0.940179102968991E+00 -0.244567844427616E+01 -0.992406503537953E+00
%  0.161806612324418E+00 -0.131873454962854E+01 -0.469638292036936E+00
% -0.228841907212835E+01  0.136224060108007E+01 -0.667349287422523E+00
%  0.152647259281445E+01  0.270779087903063E+00 -0.151910516270640E+01
%  0.545681655131646E+00  0.173231927512070E+01  0.107746903101302E+01
%  0.165703103556562E+01 -0.113200622797104E+01  0.214895363282428E+00
% -0.252907523632468E+01  0.281638500747278E+00  0.971532602247955E+00
% -0.287545645908095E+01 -0.174331041450749E+01 -0.123437614932217E+01
% -0.138606785337395E+01  0.166624226239281E+01 -0.177402716556290E+01
% -0.142542983193637E+01  0.501932746278601E-01 -0.912681829773303E+00
% -0.449678859505676E+00 -0.100463923882779E+00 -0.124721977296400E+00
%  0.148290446366908E+01 -0.169524040342617E+01  0.806073892733959E+00
%  0.748778119472299E+00 -0.131000602379538E+01 -0.238334856989210E+01
%  0.296522794090366E+00 -0.370071273565898E+00 -0.273378811131976E+01
% -0.368139399241971E+00  0.427154018414298E+00  0.668732752423590E+00
% -0.121955547232376E+01  0.855322462324978E-01 -0.102069366847622E+00
% -0.126501494339293E+01 -0.210662523440741E+01  0.644778844452148E+00
%  0.359778114593067E+01 -0.151576328811207E+00 -0.244330365679033E+01
% -0.306701731078270E-01 -0.262831405281515E+01 -0.616678369573315E+00
%  0.801669086581550E+00  0.788171220950271E+00 -0.170911196217011E+01
% -0.122850609885287E+00  0.166842508019804E+01  0.103464696867619E+01
% -0.666448787576449E+00 -0.148389835876591E+01 -0.754994538849610E+00
%  0.710967782772108E-01  0.353667275057637E+00  0.673964611764724E-01
%  0.242731185155257E+00 -0.169192607577899E+01  0.342707133845323E+01
%  0.208143886362460E+01  0.512627835122905E+00  0.184058285464042E+01
% -0.167197907939959E+01  0.311301311077914E+01 -0.142481248208428E+01
% -0.117932628319097E+01  0.178565775783661E+01  0.120773988462861E+01
% -0.251121411385631E+00 -0.209312413956063E+01  0.775941412314623E+00
%  0.175143880452064E+01  0.128570094471481E+01  0.827373789871828E+00
%  0.340398887105125E+00 -0.773378246279248E+00  0.335298340874837E+00
%  0.315505482210717E+01 -0.945172822854729E+00 -0.120019619880028E+01
% -0.849525060624114E+00 -0.123865897408224E+01 -0.189396650390757E+00
% -0.711633932905770E-01  0.125756672612917E+01  0.974584904639720E+00
%  0.281467830338141E+00  0.163098262371176E+01 -0.106228039208270E+01
% -0.812421813754152E+00  0.757146940528882E+00 -0.119040599014648E+01
%  0.108681485766268E+01 -0.629122368335024E+00  0.196920441777462E+01
%  0.114702547072000E+01 -0.396493052857851E+01 -0.404068851425589E+00
% -0.143950014330257E+01  0.167247318422392E+00 -0.630048579830924E+00
% -0.682554916048777E+00  0.221755007969802E+00  0.217674322803949E+01
%  0.476832294688216E-01  0.121303144143616E+01 -0.136360279504551E+01
% -0.104764569677661E+01 -0.510957835660379E+00  0.135091350864079E+01
% -0.695751451260416E+00  0.625927154609419E+00 -0.760826134423681E+00
%  0.164946186518976E+01  0.305715283441541E+00 -0.407131954388122E+00
% -0.657496889870945E+00  0.199995945763334E+01  0.659209712135191E+00
%  0.182216174874572E+01  0.127553173428353E+01  0.311573903988821E+00
% -0.120782379763315E+01 -0.179920477493274E+01  0.117835447892735E+01
% -0.174361611726871E+00  0.216783856342938E+01  0.876494714384519E+00
% -0.596629589929946E-01 -0.339201066296516E+01 -0.221317173220158E+01
% -0.495923225077451E+00  0.302083723247785E+00  0.140092827355138E+00
% -0.187992894636152E-01  0.178090140927563E+00 -0.317059015138548E+00
% -0.839838614917969E+00 -0.104592541685336E+01 -0.565965425559399E+00
%  0.551918652472167E+00  0.220030282482869E+00  0.715969333982553E+00
% -0.143966047786144E+01  0.588762042208351E+00 -0.338930697714213E+00
%  0.834676270117512E+00 -0.224390609081029E+01 -0.105775095315636E+01
% -0.297447093745236E-01  0.417632231549238E+01 -0.120800324391673E+01
% -0.886386724423934E+00 -0.263515994469923E+01  0.108368602779137E+01
% -0.938080299645638E+00 -0.277945123729507E+01  0.387656556441137E+00
%  0.173055891920105E+01  0.207447729845210E+01  0.197735888032923E+01
% -0.157685651087804E+00  0.981961792939684E+00 -0.153690719237253E+00
%  0.207708235147162E+01  0.281003774550777E+01  0.174144105043761E+01
%  0.329689133211120E+00  0.131018327271789E+01 -0.118154085979623E+01
%  0.251008953254987E+01 -0.205694460871924E+01 -0.540011210693937E+00
%  0.683562120063953E-01 -0.121344735568311E+01  0.304635499035634E+01
% -0.232488856050576E+01 -0.127138163479495E+01  0.179874226072378E+01
% -0.419976112575134E+01 -0.272329009824363E+00  0.810518532133912E+00
% -0.161371917830842E+00  0.216316907244488E+01 -0.953204439981934E+00
% -0.239046311783546E+01  0.495570607453198E+00  0.584537394689903E+00
%  0.902963200447164E+00  0.115369258906301E+01 -0.727632136187988E+00
%  0.106484890663304E+01 -0.269635535883929E+00  0.621432689054923E+00
% -0.965807293696651E+00 -0.244816233471886E+01 -0.260542970998077E+01
%  0.171364570312268E+01 -0.195036659080647E+01 -0.146313307368672E+00
%  0.269102535132920E+01 -0.262260222163115E+01  0.105200556758083E+01
% -0.151070155218318E+01  0.186447598636211E+00 -0.789310192275041E+00
% -0.307592964701488E+01 -0.230522809908209E+01 -0.249087274717425E+01
%  0.322550083817002E-01  0.409643484586217E+00 -0.474184642069092E+00
%  0.165454670371146E+01 -0.933989553355353E+00  0.296265744659125E+00
% -0.110273327093661E+01  0.113798389751475E+01 -0.122132292438039E+01
%  0.166545558250196E+01 -0.159309519945364E+00  0.714305527939062E-01
%  0.204629320682084E+01  0.409591391201984E+00  0.142115285555575E+01
% -0.707503325590470E+00  0.184695066766292E+01  0.458250912668723E-01
%  0.141990298407871E+01 -0.237302042621341E+01  0.423352992498256E+00
% -0.456768561870700E+01 -0.340147377709908E+00  0.130464290160575E+01
%  0.524782348060267E+00  0.475146754566910E+00 -0.699214870489096E+00
% -0.108770945837964E+00  0.204487801660497E+01  0.987568631125074E+00
% -0.981108685245830E+00 -0.213738432093624E-01  0.362001015441070E+00
%  0.424336784803463E+00 -0.111400264244787E+01 -0.557367337724704E+00
% -0.243785221405004E+01 -0.293465725433968E+01  0.159471206139717E+01
% -0.316033701217584E+01 -0.208616521443471E+00 -0.957338701648557E+00
%  0.978020582913425E+00  0.173400383726623E+01  0.549687499538625E+00
% -0.301777967447677E+00 -0.734170883515473E+00  0.964354008012854E+00
%  0.801925394955808E+00  0.269010757439503E+00  0.390153252525109E+00
% -0.165549527066132E+01 -0.321766820130792E+00 -0.525507865309627E+00
% -0.904784486063184E+00  0.255164702536433E+01 -0.228982369196190E+01
% -0.219941521667766E+01  0.271129356663474E-01  0.168418754696856E+01
%  0.380349237020363E+00 -0.271542908185560E-01  0.310745789806783E+01
%  0.117908082732151E+01  0.168448817046153E+01  0.181818815158062E+00
%  0.832331524912486E+00 -0.221739320717747E+01  0.185815342112263E+01
%  0.132585475091286E+01 -0.278264811350041E+00  0.105434805116540E+01
% -0.307232328584002E+01  0.630186167013449E+00  0.202731594231723E+01
% -0.129932451176085E+01 -0.265492695877802E+01 -0.164035263389542E+00
% -0.105006347990414E+01 -0.987987442325389E-01  0.113702089515211E+01
% -0.222693714562181E+01 -0.167482241597658E+01  0.257258736046563E+01
% -0.650035375380389E-01 -0.198115194129054E+00 -0.361361684778119E+00
%  0.168822691571416E+01 -0.960061774555176E+00 -0.515027212833220E+00
% -0.144863752940179E+01 -0.114579602665464E+00 -0.829819158004618E+00
% -0.185559975047407E+01  0.715430089854658E+00 -0.497071192807350E+00
% -0.457224124543846E+00 -0.235643370436314E+01 -0.745266298134979E+00
% -0.222413192713062E+01  0.189615166573908E+00  0.792045060183176E+00
% -0.183338898019295E+01 -0.237972809181229E+00 -0.228909270646677E+01
% -0.234749667335384E+01  0.149465668192679E+01 -0.313583429647713E+00
%  0.302104445508520E+01  0.125374345358931E+00  0.150198566230908E+01
% -0.560081662333908E+00 -0.149694057631150E+01  0.363571676526687E+01
%  0.197102935191359E+01 -0.474669616523702E+00 -0.177472263153413E+00
% -0.219681714459254E+00 -0.141811417596407E+01  0.218899604359225E+01
%  0.196601186821284E+01 -0.755630316027912E+00 -0.188581978711914E+01
%  0.139501615862141E+01  0.352070160952553E+00  0.812719648475366E+00
% -0.130971889997392E+01  0.106773009740182E+01  0.965227580539181E+00
%  0.429656261936497E+00 -0.166637697396983E+01  0.313301235682527E+01
% -0.715687862536885E+00  0.339465404282120E+00 -0.120679514743174E+00
%  0.280739364810127E+00  0.242400806037558E+01 -0.274208058382297E+01
%  0.407132318402258E+00 -0.194503594492291E+01 -0.211924354614819E+01
%  0.188679461356917E+01  0.812520581851710E+00 -0.148257731249843E+01
%  0.953437784603366E-01 -0.139463442314148E+01  0.212511487656498E+01
% -0.457651519413059E+00 -0.169030879087296E+01  0.465997876647476E+00
% -0.886943384122511E+00 -0.618656627104044E+00 -0.165213528436849E+01
% -0.128051968041865E+00 -0.117328212483054E+00  0.111613502625576E+01
% -0.137334065573145E+01 -0.522002603077356E+00  0.143402329468635E+01
%  0.603224592188750E-01 -0.520244327587886E+00  0.959773069656819E+00
%  0.238596833027896E+01 -0.561662802471075E+00  0.558188791189093E+00
%  0.116907713856127E+01  0.222483189670414E+01 -0.100060367110838E+01
%  0.518420383267886E-01  0.268586022677565E+00 -0.141088664705971E+01
% -0.503313319352152E+00 -0.105126395956800E-01  0.319439851493765E+00
% -0.788122905055869E+00 -0.809148134518201E+00  0.301104637866532E+00
%  0.192684547424047E+01  0.761583980754137E+00 -0.879606236449487E+00
% -0.596370396763115E+00  0.130339971716759E+01  0.653461699770630E+00
%  0.270039677841738E+01  0.724993422744825E+00 -0.854094430545001E+00
% -0.195413104761170E+00 -0.158085632582817E+01  0.552960041786004E+00
% -0.146775099579996E+00 -0.562690117051981E+00 -0.373088778055115E+00
%  0.770188460653973E+00 -0.110717235464322E+01 -0.802221757577097E+00
% -0.548461000381509E-01  0.242692680858883E+01 -0.974319130604596E+00
% -0.106092377193072E+01  0.725825202560345E+00  0.684479903365442E+00
% -0.470722878045032E+00 -0.289764246483401E+00  0.331988459395759E+00
%  0.220308589383812E+01  0.328934883263737E+01  0.106480825972163E+01
% -0.264602129184303E+01 -0.450535194578092E+00  0.168386046127327E+01
% -0.308573217243989E+00  0.203016264639215E+01 -0.185083578202758E+01
% -0.116807295982284E-01 -0.366933335659971E-01  0.399559343347857E+00
%  0.417351960112167E+01 -0.635515590411127E+00 -0.126263382023919E+00
%  0.860491048338207E+00  0.125364140310892E+01 -0.570318185437699E-01
% -0.725109614849992E-01 -0.140494548773990E+01 -0.404086139078880E+00
% -0.168175823910614E+01  0.449150311003760E+01  0.495285835878206E-01
%  0.860280749124525E+00  0.185536138401654E+01 -0.929055057132176E+00
%  0.650136757929287E+00 -0.227667709261283E+01  0.200299814988960E+01
%  0.165438719827390E+01  0.183926954824342E+01  0.511047670025721E+00
%  0.424071022660146E+00  0.923647396826617E+00  0.102004360607647E+01
%  0.169876826505113E+00 -0.621031762541895E+00  0.579395974981633E+00
%  0.255712779844394E+01 -0.206008025908994E+01  0.105414823345560E+01
% -0.246101543876040E+01 -0.601023874468568E+00 -0.137943557255601E+01
%  0.585261638625088E-01  0.120327348616446E+01 -0.137608018277849E+01
%  0.308175455786697E+00 -0.231429016624295E+01  0.195443880686071E-01
% -0.106508171120712E+01 -0.161467236390215E+01 -0.285704256550713E+01
% -0.158847611110392E+01  0.414562218412633E-01 -0.128949149828915E+01
%  0.980949754952984E+00 -0.311186057041785E+00 -0.184435124256333E+00
% -0.371237549379107E+01  0.425384911821437E+00  0.101241330430580E+01
% -0.101345202872396E+01 -0.185975150782845E+01  0.610601259907442E+00
%  0.887125155625158E+00 -0.196288053013377E+01  0.146100010030440E+01
% -0.351540191483492E+00 -0.439415148925192E+01  0.112276642002404E+01
%  0.108713631743911E+01  0.911942499811447E+00 -0.426357063652626E+00
%  0.665263829870164E+00  0.211876799682386E+01  0.182136970331442E+01
%  0.666110914259041E+00 -0.111049390601819E+01 -0.109413469809791E+01
% -0.838163347332281E+00  0.733990611185262E+00 -0.307576248274989E+01
% -0.463916207226394E+00  0.190097248750256E+01 -0.187618063951993E+01
%  0.278428927548957E+00  0.135820858618401E+01  0.107391895644659E+00
% -0.183994214172252E+01 -0.628621747192593E+00  0.125291594062554E+00
%  0.335220661671503E+01 -0.492700749076373E+00  0.144295162526075E+01
%  0.473070027475765E-01  0.945616308286424E+00 -0.475250144972651E+00
%  0.595966069005730E-01  0.126058135751145E+01  0.173293867424401E+01
%  0.609885800304197E+00 -0.130785217874519E+00  0.621231148778095E+00
% -0.373273073659612E+01  0.180374834870916E+01  0.897717199316027E+00
% -0.117299341871593E+01  0.701887112002287E-01  0.773251200388887E+00
% -0.285147952975984E+01  0.153065097045912E+01 -0.314043933779722E+00
%  0.142956908382269E+01  0.719932894686598E+00  0.133689475771389E+01
%  0.591382989551498E+00  0.216920641212533E+00 -0.183285982128905E+01
%  0.181980884317697E+01 -0.333601336273584E+01 -0.129059908797019E+01
%  0.131136414135916E+01 -0.855761751131877E-01  0.212912864277623E+00
%  0.192456524624462E+01  0.126551520666421E+01  0.878077942635763E+00
%  0.216225576793733E+01  0.189658504876809E+01 -0.300037396760886E+01
% -0.123190500963852E+00 -0.246551303488610E+01 -0.930236191959581E-01
%  0.446625318641021E+00 -0.203500835322367E+00 -0.772590048526099E+00
% -0.592140760064136E+00 -0.132909213549646E+01  0.135676323266837E+01
% -0.444225718594190E+00 -0.104702288061997E+00 -0.312552189101034E+01
% -0.102777818694419E+01  0.303280662995553E+01  0.854529556552171E+00
% -0.577582481449737E+00 -0.433762712948253E+00 -0.541318720047098E+00
% -0.881807406514700E+00 -0.752627837909077E+00 -0.132795809197483E-01
% -0.123596636026211E+01 -0.237126691176948E+01  0.198188871143705E+01
% -0.357989631384848E+00  0.202265344988355E+01 -0.926609191535176E+00
%  0.148758611080909E+01  0.656629217338968E+00 -0.182088587853806E+00
% -0.302891232165933E+00 -0.297270799567790E+01 -0.131830317251409E+01
% -0.145407148293214E+01  0.362730204559187E+01  0.351129648955572E+00
%  0.453109648855663E+01 -0.594427577670056E+00 -0.442754565613913E+00
%  0.147071249776089E+01 -0.185908128524329E+01 -0.189579859866568E+01
%  0.374296812099723E+00 -0.123355651948804E+01 -0.430015967142036E+00
% -0.762289951335061E+00 -0.442083630390579E+00  0.249498780068055E+00
% -0.271869851757931E+01 -0.513795456903959E+00 -0.341643245529356E+01
% -0.631746799135416E+00  0.129626287063403E+01  0.768652901633001E+00
% -0.976041583788127E+00  0.191943704004280E+01  0.303505875613402E+00
% -0.443642576989136E+00 -0.200900578351532E+01 -0.300598864195493E+00
%  0.372078388175782E+01  0.205660136754942E+01 -0.280931471623838E+01
% -0.130621920832729E+01  0.148612867253996E+01 -0.260173900840552E+01
% -0.143510338176740E+01 -0.352170681245047E+00 -0.579149119606102E+00
%  0.943097916006786E+00  0.500879445374268E+00 -0.248018275878963E+01
%  0.407217261707736E+00  0.124532819202587E+01  0.676170628371222E+00
%  0.668518395837124E+00  0.135933547513557E+01  0.167856543161204E+01
% -0.111266854887272E+01 -0.723764052048296E+00 -0.136142064855473E+01
% -0.215087237884252E+01  0.364269362453930E+01 -0.847445665273080E+00
%  0.269889052805472E+01  0.715927146732537E+00 -0.100308850579237E+01
% -0.118360519478891E+00  0.143673285104002E+01 -0.207423907391633E+01
%  0.127692370819760E+01 -0.730578409131972E+00 -0.107276076028718E+00
%  0.379150472200881E+00 -0.149361894957781E+01  0.163530160303339E+01
%  0.189914646698375E+00 -0.143868685240604E+01  0.169087117523755E+01
% -0.236934575170490E+00  0.303427908393036E+01 -0.138423172814324E+01
%  0.197447576822697E+01  0.206973250380852E+01 -0.169384486914190E+01
% -0.141117336838834E+01 -0.157368062780569E+01 -0.607146451002924E+00
% -0.131509571835706E+01 -0.944881536001726E+00 -0.628435346673583E+00
%  0.109633362266652E+01 -0.110297477816115E+01 -0.336344765020035E-01
%  0.121271977104314E+01  0.422551474423138E+00  0.107935887209094E+01
% -0.917147114359357E+00 -0.209020172452893E+01  0.234485221888378E+01
% -0.274983722970671E+01  0.647830732854593E+00 -0.139463695326608E+01
%  0.278911997972642E+01 -0.839894585931984E-01  0.531293794768291E+00
%  0.568130791952213E+00 -0.240172279509274E+00 -0.149138328563512E+01
%  0.243734102718050E+00  0.382755695404308E+00  0.126157160644190E+01
%  0.727296784951106E+00  0.707463631666702E+00  0.168901162752853E+01
%  0.180181875690361E+01  0.300205202741108E+01  0.758514450347955E+00
% -0.385388364367701E+01  0.744214535000247E+00 -0.204810044860268E+00
% -0.184975265036697E+00  0.286069423366470E+00 -0.313556751991055E+01
%  0.185666957387403E+00 -0.357356266248603E+01  0.783547133109165E-01
% -0.847370864047148E+00 -0.361565987869285E+01  0.901631453512198E+00
%  0.123239928243654E+00  0.722550684993138E+00 -0.197193020101761E+01
% -0.195981192450459E+01 -0.214335691203314E+00  0.510212655415327E+00
%  0.213482447938034E+01  0.187178354577401E+01  0.209710803434068E+01
%  0.389251899565200E+01  0.212069773591803E+01  0.169954652867731E+01
% -0.770402617374026E-01  0.511906204556031E+00  0.632451366053921E+00
%  0.379483767333337E+00 -0.268474754511660E+00  0.979283903843944E+00
% -0.411874772101666E+00  0.631955148839221E+00  0.164831531262945E+01
% -0.101296209252046E+01 -0.143578335138656E+00  0.405401131880238E+00
%  0.165341528917428E+01 -0.696469162199560E+00  0.170861327416611E+00
% -0.374748291869744E+00  0.282569531062156E+01  0.117970006258838E+01
%  0.633734773556548E+00 -0.243022049709881E+01  0.636214783591345E-01
%  0.940882996959193E+00  0.101633419594206E+01 -0.197818540496949E+01
%  0.155875903144419E+01  0.162724933473647E+01  0.209680680488362E+01
%  0.282433140760987E+01 -0.373410680981681E+01  0.136236582720318E+01
%  0.121380971693012E+01  0.294077916534365E+01 -0.124524237462170E+01
%  0.208366450511564E+01  0.367235847030384E+01  0.905294630208038E+00
% -0.616460955969063E+00 -0.233235072485629E+01 -0.272427884494968E+00
% -0.202827511851688E+01 -0.160920710688270E+00 -0.672277903809015E+00
%  0.137077755328951E+01  0.138065796918105E+01 -0.264215949125140E+00
% -0.599247927105516E+02  0.444394844299791E+02  0.229164857115447E+02
% -0.197656277987840E+02 -0.189137588638129E+00  0.288312602854997E+01
% -0.257037397049561E+02  0.407518988277432E+02 -0.659660555821006E+00
%  0.697931448774499E+00  0.594647622662807E+01  0.812673559657044E+01
% -0.286483154984745E-02 -0.437562880649321E+01  0.298051502258613E+02
%  0.505643167938352E+01  0.641555802684320E+00  0.984945767663629E+01
%  0.283012476998373E+01  0.344050813349016E+02 -0.278976144742779E+02
%  0.223280822319408E+02 -0.203203979881085E+02  0.119418171211879E+02
%  0.420509754554143E+02  0.299028194274293E+02  0.365342389239776E+02
% -0.844177421528689E+00 -0.658720781547046E+01 -0.315445115299656E+01
% -0.461014753869839E+02  0.502581506957943E-01 -0.955337320732693E+01
% -0.383047961482011E+01  0.132056721706724E+02 -0.117086017432779E+02
% -0.218275475864857E+02  0.322653377810135E+01  0.193788561956384E+01
%  0.540155051527919E+00  0.100839663194461E+02 -0.768474171106366E+01
%  0.317113178355007E+02 -0.377812188653241E+02  0.231477888203697E+01
% -0.772985351609867E+01  0.726671557705231E+01  0.119028965054042E+02
%  0.178881701795341E+02  0.344024613575891E+02  0.516158212136737E+01
%  0.623137170802359E+01 -0.452449226502235E+01 -0.101039242803680E+02
%  0.173340217952634E+01  0.422012696022451E+01 -0.166340058699207E+02
%  0.555800736480818E+01 -0.152940109372425E+02 -0.641555257102068E+01
%  0.123589665026319E+01  0.127800528407645E+02  0.240596117371340E+01
% -0.308374433582358E+01 -0.998462426101054E+01  0.254926196002710E+01
%  0.335312115590387E+01  0.577651887429401E+00  0.823343567215535E+01
%  0.405668794856217E+01 -0.447233254055029E+01  0.648032258727708E+01
%  0.351095652949859E+01  0.126128265464041E+02  0.801260277236609E+01
% -0.290471123410766E+02  0.827057076744555E+01 -0.155897828478670E+00
%  0.113922285695191E+02  0.243771741842776E+01  0.218042316022646E+02
% -0.180118649733837E+00  0.213733122588265E+02  0.272991671539614E+01
%  0.281430627469333E+02  0.345200761867077E+02  0.520193467117064E+01
%  0.193368742201420E+01  0.286473859938749E+01 -0.378042546334094E+01
% -0.169963757385983E+02  0.159820378431648E+02 -0.222413237125510E+02
% -0.190347206865870E+00 -0.350885259343010E+00  0.223148185788430E+01
% -0.502241485405976E+00  0.127216074659008E+01 -0.224477218421057E+01
%  0.200950147093466E+02  0.150565122205681E+01 -0.128394444759640E+02
%  0.146197689368987E+02 -0.326655220182186E+01  0.142221201875784E+02
%  0.425800793633052E+01 -0.190077294767363E+01  0.501924588442604E+01
%  0.990611862942917E+01  0.188796346949490E+02 -0.119462694115919E+02
%  0.155050033357997E+02  0.497971989131918E+02 -0.634908400914485E+02
%  0.298427236111883E+02 -0.141144558546982E+02 -0.102876260403818E+01
%  0.740806155373009E+01  0.127554749854433E+01  0.303375457172086E+02
% -0.886890403297668E+00 -0.882464167885787E+00 -0.446358573728604E+01
%  0.781575637962101E+01  0.262359148809357E+02  0.151483894415980E+01
%  0.415148062344985E+02 -0.452484928223956E+01 -0.851235493895295E+01
% -0.129371020683364E+02 -0.395693173719168E+01 -0.918916702505742E+01
% -0.275308690931983E+00 -0.112248743942601E+02  0.484237195762858E+01
%  0.144446343228273E+02 -0.179180215281141E+02  0.168016411516836E+02
%  0.435574742375585E+00  0.583864440219429E+01  0.582798781245865E+02
%  0.136154779267766E+02 -0.485513326186919E+02  0.145999642869359E+02
%  0.232872359315706E+02  0.422702708954448E+02  0.128926690986245E+02
%  0.348143325204249E+02 -0.425004269720300E+02 -0.387779627699991E+01
%  0.184186852440190E+02  0.225770318733034E+02  0.196195195461852E+02
%  0.749861670977166E+01 -0.787740003274839E+01  0.611319658189446E+01
%  0.291906055085704E+02  0.749544526377877E+01 -0.116816318509232E+02
% -0.123448947876677E+02 -0.153572074090706E+02 -0.141228459353487E+02
%  0.394556125970025E+02 -0.114610800133480E+02 -0.329412117190309E+02
%  0.349138519385410E+02 -0.234829847603866E+02 -0.560887684847668E+02
% -0.194853447124794E+02 -0.127034821895274E+02 -0.122063435439107E+02
%  0.454196485439919E+01 -0.218693071453273E+02 -0.354291113119170E+01
%  0.688756384481612E+02 -0.213306129818822E+02 -0.184299284867148E+02
%  0.126015555725740E+02 -0.893958606958090E+02 -0.916571656434156E+02
% -0.201536014867926E+02  0.198971937289355E+01 -0.131296223347379E+01
% -0.443915802439198E+01  0.366626579810974E+01  0.440013604730506E+01
% -0.111860544378690E+02 -0.109784032401961E+02 -0.276160067671149E+01
%  0.268869920013812E+02 -0.421316191019365E+02  0.763758454410002E+02
% -0.865405721690031E+01  0.178664380141939E+02 -0.116209576945246E+02
% -0.173041696035814E+02 -0.759690108912417E+02 -0.353897673618376E+02
%  0.174423457944952E+01 -0.110847802397838E+02 -0.133654599182146E+02
%  0.548681762443173E+02  0.153965482718127E+02  0.212685510436818E+02
%  0.516621435683951E+01 -0.486625229484740E+01 -0.179454880334736E+02
% -0.203601965399327E+02 -0.568358526299895E+01 -0.337314419737625E+02
% -0.333773696492820E+02 -0.153286042763402E+02  0.967802425736753E+01
% -0.657464677413296E+01 -0.283844431106559E+02 -0.235155746969794E+02
%  0.127315038773923E+02 -0.276920926244957E+01 -0.188913393938952E+02
% -0.134861860457634E+01 -0.178346630254310E+01 -0.102552745145573E+02
% -0.506874640152529E+02 -0.234849654256861E+01 -0.508551464086282E+01
%  0.475363905960283E+01  0.423706137515449E+01 -0.263888440429231E+01
%  0.101621837488564E+02 -0.705559039019797E+01  0.143385221549067E+02
% -0.233079565814566E+02  0.506990463701649E+00 -0.381231768957548E+02
% -0.287401918497031E+01  0.119471663578475E+02 -0.540953102528577E+01
% -0.577172826808874E+01  0.980912672284377E-01 -0.534065462886345E+01
% -0.543538089030906E+02  0.835367018067908E+02  0.418076762620292E+02
% -0.132095464176497E+02 -0.311204062460763E+02 -0.230241861909974E+02
%  0.214623991772611E+02 -0.193551725191389E+02  0.724634544578661E+01
% -0.651237254480806E+02 -0.457615510430992E+02  0.474480860838174E+02
% -0.445834197003900E+01  0.226860548146572E-01  0.425583376285461E+01
% -0.157620761507552E+02 -0.208864822603547E+02 -0.839656520605028E+01
%  0.750254612755235E+00 -0.136692848723776E+01  0.806884786005184E+01
% -0.222320554785834E+02  0.330977483740762E+02 -0.649940159755877E+02
%  0.198484180546887E+02  0.821011026698422E+01  0.357263590216962E+02
%  0.918534905361463E+01 -0.793588439411005E+02 -0.134507734668314E+02
%  0.418256985105017E+02 -0.231476160361967E+02 -0.124940752976222E+02
%  0.252548143955053E+00  0.411134140817786E+02  0.108211348643285E+01
%  0.484587758852613E+01  0.144338728705108E+02 -0.759167177595405E+01
% -0.496206367118708E+01  0.610469597995323E+01 -0.135866331175486E+02
%  0.466981494586800E+02  0.787930971210152E+02  0.644608088607153E+02
%  0.110596206581190E+02 -0.581197441171932E+01  0.579972424854051E+01
% -0.421593040199515E+02 -0.178378043484192E+02 -0.291440523122934E+02
%  0.468470708137613E+02  0.735255080258704E+02 -0.146942795039651E+02
% -0.761986658069925E+01  0.106410909678883E+02  0.891106900922692E+01
%  0.633645053503991E+01  0.671549159274302E+00 -0.581498276231608E+00
%  0.319623479339625E+02 -0.574274046298257E+02  0.498014951040963E+02
% -0.999678459118044E+01 -0.704254968718392E+01  0.211576446571402E+02
% -0.116753041711624E+02 -0.177222973400611E+02 -0.203508119397258E+02
%  0.702793383661726E+01 -0.420022019648437E+01 -0.285868119298019E+02
% -0.131032206606406E+02 -0.210023818138392E+02  0.138034568281245E+02
% -0.256670729837996E+02  0.612057770733304E-02 -0.835291266190134E+01
%  0.279590708763456E+01  0.539525025664976E+01  0.602920032615372E+01
% -0.136911015074677E+02  0.599794778257826E+01  0.232978200735846E+02
%  0.989964201711006E+01 -0.336979622339856E+02  0.129679451551917E+02
% -0.126628591601481E+02  0.319668655827246E-01  0.337710061364924E+02
% -0.367816657740540E+02 -0.472931433316055E+02  0.269189958150322E+02
% -0.273694112918371E+02 -0.238211455367420E+02 -0.224383592945222E+02
%  0.325954260968717E+02  0.585453231792467E+02 -0.969666094652081E+00
% -0.427912192949518E+02 -0.255562712639201E+02  0.450243239904944E+01
%  0.918595004598280E+01  0.101719369200009E+02 -0.176732450384184E+01
% -0.778863025869126E+01 -0.224331491393331E+02  0.742882211749388E+00
% -0.756239867283933E+01 -0.635614801804497E+01  0.602466046512897E+02
% -0.357296019226112E+01  0.831240216760553E+01  0.893836656271378E+00
% -0.221189818838351E+02  0.287293557217671E+02 -0.935742902412534E+01
%  0.623070194752898E+00 -0.311658760528663E+00  0.219978870661787E+01
% -0.467416008644628E+02  0.223661168379839E+02 -0.141207337455876E+02
% -0.134276683381437E+02  0.382157526631583E+02 -0.155084583601742E+02
% -0.402051154716757E+01  0.545660716364557E+00 -0.143482045213940E+01
% -0.399320731948418E+01  0.325355993606502E+02 -0.264777732695945E+02
%  0.289784579438637E+01  0.247936499304958E+01 -0.144748939174967E+01
% -0.103525966185893E+02  0.874757004535111E+01  0.604720692800999E+01
%  0.841738455454658E+01 -0.346683086544310E+01 -0.802113177172207E+00
% -0.233088623469097E+02 -0.561787968657322E+01 -0.178773248776303E+02
%  0.325537085522156E+01  0.149272428591465E+02 -0.169237874392831E+01
% -0.397088555555718E+02 -0.164819925625657E+02  0.528343424254251E+02
%  0.215388518496333E+02 -0.530377498205989E+01 -0.188421231059513E+00
%  0.920713761251764E+00  0.586650383137605E+01  0.487834867158984E+01
%  0.104917997481340E+02  0.152988208128071E+01  0.418141831550836E+00
% -0.892851374652779E+01 -0.445030345989999E+02  0.430664427128063E+02
%  0.914408401932162E+01  0.699931904557927E+01  0.178708782935582E+01
%  0.203442632678363E+02  0.357760967649686E+02 -0.337698841242017E+02
% -0.564375864225884E+02 -0.274148464713806E+02  0.147301694619005E+02
%  0.461696026164689E+01 -0.111728405467912E+02 -0.146425527932394E+01
% -0.142135817838126E+02  0.928377483575864E+01 -0.878704754232699E+01
% -0.456304620043348E+01 -0.259229688804860E+02  0.119647747616325E+02
%  0.198568714193000E+01  0.286469685745687E+01 -0.158556180339952E+01
% -0.537769935614001E+01  0.126691370723600E+02  0.627808213186435E+01
% -0.184532733492856E+02  0.344450963112660E+01 -0.441441697023114E+02
% -0.747083516504004E+01  0.489871710801757E+02 -0.243162893812165E-01
%  0.179935830303113E+01  0.419176311300586E+01 -0.717386098768417E+01
%  0.106184316539397E+02  0.114341053973104E+02 -0.390857290256622E+01
%  0.182010084780888E+02  0.984091053038918E+01  0.225681582196896E+02
% -0.360235819638456E+02  0.100595467289518E+02  0.180570141152480E+02
% -0.496856239717485E+01  0.833284715401136E+01  0.983626539890311E+01
%  0.533984869855283E+02 -0.133523224385888E+02  0.952955956769726E+01
% -0.199993657048228E+02 -0.260995589565629E+01 -0.854122642601246E+01
%  0.320260043936493E+01 -0.128460894003012E+02 -0.123678268513834E+01
%  0.137181710637450E+02  0.894445734245314E+02  0.142314703528853E+02
% -0.705448664759217E+01 -0.599821780798725E+01  0.102969105370501E+02
%  0.105507935989022E+02 -0.184282543487185E+02  0.124745277203762E+02
% -0.182987670120472E+02  0.728280781363688E+02  0.291873225642631E+02
% -0.301858010578517E+02 -0.274256498242449E+02  0.143214709571605E+02
% -0.533630323965632E+01 -0.384932273151929E+01  0.123305320310686E+02
%  0.200081576277568E+02 -0.269101916203545E+01 -0.162815536917418E+02
% -0.695547777469440E+01 -0.477883880578275E+01  0.509587910046086E+01
%  0.460843651033796E+00 -0.988180472195795E+00 -0.325812369272328E+01
% -0.152465850088374E+01 -0.282467693155215E+02  0.122247228823370E+02
%  0.269505722961544E+01  0.375931602393054E+01  0.717035428074187E+00
%  0.567076848161287E+02 -0.144996078662468E+02 -0.315587068705661E+02
% -0.251637193017903E+01  0.579987184069936E+00 -0.391991399687053E+01
%  0.236916720205851E+02  0.653549505200963E+01  0.332657127702055E+01
% -0.121104056374896E+02 -0.458743256172388E+02 -0.108721683219798E+01
% -0.218780304451453E+02  0.204971229938436E+02  0.336427040544657E+01
% -0.183193759094007E+02  0.724863042745191E+01  0.236215910741728E+01
%  0.391157710996096E+02  0.351865965212487E+02 -0.384377887568959E+02
%  0.541670296817750E+01  0.521631370848411E+01  0.388329399097586E+02
% -0.318815180677183E+01 -0.135010103477331E+02  0.174150366908203E+01
% -0.652527565495191E+01 -0.342929971652509E+02 -0.409052294173763E+02
%  0.285302242005266E+01  0.257818474606967E+01 -0.632938822308162E+00
%  0.199331776462198E+02 -0.189557319718767E+01  0.322571401865071E+02
% -0.231756679805217E+02  0.117291879446205E+02 -0.560735908573091E+02
%  0.436781820541481E+01  0.942220120084058E+01 -0.805687425807505E+01
% -0.433059580131882E+02  0.207665705169421E+02 -0.494053634450335E+01
% -0.174819790059749E+02  0.106457318933076E+01  0.153990220694098E+02
% -0.999783072313327E+02 -0.113267355751588E+03  0.937844630157745E+02
% -0.321226820712225E+01  0.768889188969166E-01  0.573506066600477E+01
% -0.451568485921154E+01  0.639891456105432E+01 -0.815362466860701E+01
% -0.213943984734370E+02 -0.925217529429548E+01  0.196805544172226E+02
% -0.153659626516369E+01  0.880914170200898E+01 -0.718499569002480E+01
%  0.155987329049884E+01  0.800616565220564E+00 -0.437317938506645E+01
% -0.109839690850615E+02 -0.706341698508957E+01  0.645516346003613E+01
%  0.508236314447273E+00 -0.920009997364876E+01  0.576176569196741E+01
%  0.171489487251782E+02  0.401823670368360E+01 -0.344606705799955E+02
%  0.108060849569229E+01 -0.785550810837894E+00  0.186907554471830E+01
%  0.336453968368844E+01  0.675291495431552E+01  0.434407290525750E+00
% -0.431931302331810E+01 -0.101731818847297E+03 -0.312548302915818E+02
% -0.272733131848835E+02  0.125608064614564E+02  0.197395956918103E+02
%  0.370531326675826E+02  0.395385056598050E+02  0.383135813427966E+02
%  0.291067059185271E+02  0.127456430167041E+02  0.678276750223299E+01
%  0.377674636871808E+00  0.349288336429966E+02  0.480215857907196E+00
% -0.376163808608199E+02 -0.101826779640078E+02  0.416407186215688E+01
%  0.221884313525496E+01  0.160652242269729E+01 -0.726889762800188E+00
% -0.159701139754467E+02 -0.860221199653750E+01  0.115728290597989E+02
% -0.925267174802365E+00  0.233686348577719E+02 -0.663698330909453E+00
%  0.249673889549529E+01  0.703619530857298E+01  0.164444891136231E+02
%  0.144791569486622E+02 -0.118612220508839E+02 -0.287522367744247E+02
%  0.253807560250520E+01  0.569000433793569E+02 -0.127774785515859E+02
% -0.185356732659178E+01 -0.490617463622523E+00 -0.895507005210483E+00
% -0.285142327973443E+02  0.325747489365735E+02 -0.249202506377778E+02
%  0.297451610558886E+00 -0.217064415969474E+01 -0.220663585224427E+02
%  0.158045858089225E+02 -0.698671256803771E+00  0.204490377862532E+02
% -0.261049433593936E+02  0.186704231648414E+02 -0.244892881170391E+02
%  0.474042639481213E+01  0.330547782089461E+01  0.136496508921024E+02
%  0.107699731783668E+02  0.774400812472687E+00  0.361251200013828E+01
% -0.113547614152203E+03 -0.731332064761836E+02  0.224497273558298E+01
% -0.129948325340712E+02 -0.219849210811685E+00  0.100735398154516E+02
% -0.520806613358911E+01 -0.310418255513478E+02 -0.104469873610483E+02
% -0.174363817945898E+02  0.307454932679556E+02 -0.132205365905275E+02
%  0.240346943663299E+02  0.114672848832688E+02  0.796717291957871E+01
%  0.296025855008138E+01 -0.863335111716387E+00  0.115928509811304E+01
%  0.321587735494209E+01  0.268635710865833E+01 -0.597958048359755E+01
% -0.487686730083151E+01  0.173812440702425E+01 -0.255339545854062E+01
% -0.231561214439230E+02 -0.938895746343954E+01  0.601911342498121E+02
% -0.913928772636939E+02  0.330969569815553E+02 -0.343251973772075E+02
%  0.120744962392519E+02  0.342571354321235E+02  0.176062684412994E+02
%  0.801831665379139E+01 -0.205281053256748E+01 -0.205691436096932E+02
% -0.415021381309366E+02 -0.564891446018263E+02 -0.106329083450040E+03
%  0.315181411520426E+01 -0.153093563883853E+02  0.273606195851817E+01
% -0.192577643712157E+02  0.842951995567828E+01  0.143317587607711E+02
%  0.427326937235408E+02  0.893604726680780E+01  0.712725929374397E+01
% -0.517344341519752E+01 -0.265342406005231E+01 -0.172607156254807E+02
%  0.175762751077282E+02 -0.227276767341782E+02  0.353261506880220E+02
%  0.263422972616052E+02 -0.716540736736118E+00 -0.498059176986000E+02
%  0.385163116761381E+02  0.224572388731595E+02 -0.218256673114321E+01
% -0.290134987816528E+01 -0.177043551637033E+01  0.227409269810100E+01
% -0.798723735663304E+01 -0.982451416679706E+01 -0.466386931822010E+01
% -0.723041287872984E+01  0.435643696067615E+02 -0.181726390730308E+02
%  0.503627054376582E-01 -0.546269084541644E+01 -0.207768979799834E+01
%  0.172049950515173E+01 -0.175043696314975E+01 -0.116922668704705E+02
%  0.240998796543461E+02 -0.298743531135317E+02  0.137110542501511E+02
%  0.119283122818131E+02 -0.256752038392139E+02  0.251664890392888E+02
% -0.319433107125363E+02 -0.256095148883179E+01 -0.585115049387090E+01
%  0.436259065310174E-01 -0.446922470605052E+00  0.335609228872399E+01
%  0.117039965685767E+02  0.787966711187872E+01 -0.130642699643298E+02
% -0.983918532087135E+01 -0.483929355887469E+01  0.128310441147254E+00
% -0.125844855019442E+02  0.288520667779290E+02  0.170611218773610E+02
%  0.116958522764982E+01 -0.162331734406320E+02  0.693962264722513E+01
% -0.505475486594190E+01 -0.664439910203837E+02  0.142915114533457E+02
%  0.221108824490215E+01 -0.991124222161100E+00 -0.170263308665310E+02
%  0.581259959640519E+02  0.203290668971921E+02 -0.168211301689464E+02
% -0.943674254343708E+00 -0.375388863197369E+01 -0.642403114495303E+01
% -0.113456645571412E+02  0.378342065382926E+01  0.104292957235600E+02
%  0.106989839379730E+03 -0.373453923821450E+02 -0.143603139299833E+02
%  0.766259825291239E+01 -0.542616728090114E+01  0.117246040267048E+02
%  0.331163198261841E+00  0.922466676811118E+00  0.803857115382903E+00
%  0.400917550950986E+02  0.112934040636455E+02  0.128008942804341E+02
% -0.852350217001972E+00  0.219635190108386E+01  0.576522643990277E+00
%  0.766097524573455E+02 -0.114567545711779E+02  0.578126637784038E+02
% -0.311779839154737E+01 -0.359859966112330E+02  0.144136519912673E+02
%  0.232849567557329E+01 -0.199036951207329E+01  0.186325122673289E+01
%  0.100339831864690E+03  0.137374759840484E+03 -0.733667438647811E+02
