% T    256  0.715122828077254E+01  0.715122828077254E+01  0.715122828077254E+01
   0.253769821548335E+01  0.139100265511017E+01 -0.303102645543907E+01
  -0.347518875144996E+01 -0.220318009244072E+01  0.118709090952736E+01
   0.837450669188004E+00  0.179987019862329E+01  0.788851126431718E+00
  -0.975007379632096E-01 -0.104062344776197E+00  0.232984081847089E+01
  -0.194061380591068E+01  0.378590778630241E+00  0.173941399711171E+01
  -0.329812281551499E+01  0.331330439585620E+01 -0.229981881957247E+01
   0.143774227685482E+00 -0.776772270851011E+00 -0.118627842712708E+01
   0.324301907816661E+01 -0.438732665741096E+00  0.163408635750495E+01
   0.331800243338447E+01  0.123099367790780E+01  0.237015936892933E+01
  -0.825312348837718E+00  0.590376344122584E+00  0.140167474140220E+01
   0.109145112316290E+01 -0.266441155557805E+01  0.248374309365961E+00
   0.260255175522244E+01  0.426522661198966E+00 -0.263128563554918E+01
   0.100418643057528E+01 -0.163636842238797E+01  0.488654345637076E+00
  -0.328461374863664E+01 -0.281789319580447E+01 -0.276579958925614E+01
   0.195529344061050E+01 -0.283181113154483E+01  0.317093760652552E+01
  -0.264918675046884E+01  0.196111395564524E+01  0.298015895593595E+00
   0.204040657867341E+01 -0.127064216057020E+00  0.552753591191647E-01
  -0.177503971341637E+01  0.231424411985107E+01 -0.136246035247507E+01
   0.323998245944085E+01  0.275711118853403E+01  0.309166412418512E+01
   0.247221192325503E+01  0.478777794900949E+00 -0.102535132930075E+01
   0.210869457954665E+01 -0.312432349478170E+01  0.791658976150262E+00
   0.281878794392435E+01 -0.146969291430158E+01 -0.357046546370564E-01
   0.313512244673857E+01 -0.212877412857891E+00 -0.328812339564253E+01
  -0.882307844133643E+00  0.115251062626462E+01 -0.250432217310281E+01
  -0.292078413300735E+01  0.116831858530835E+01 -0.162347605570733E+01
   0.337934360596736E+01 -0.238533313580340E+01  0.284971488887963E+01
   0.289378052678093E+01 -0.329539387656130E+01 -0.640830975432357E+00
   0.346612031996995E+01  0.332946222167644E+01 -0.323058705428395E+01
  -0.241819925800295E+01 -0.158629810242213E+01 -0.830584993590465E+00
   0.263184598623829E+01 -0.555410481604143E+00 -0.690225179510325E+00
   0.670126390646922E+00 -0.328088139949504E+01  0.114489809745418E+01
  -0.211774628474631E+01  0.444055039496690E+00 -0.478954891254379E+00
  -0.168387491664952E+01 -0.541414223721441E+00 -0.638149142391402E+00
  -0.188495154090969E+01 -0.264393705137274E+01  0.260382242576956E+01
   0.286418884235415E+01  0.115485298732371E+01  0.780820892546854E-02
  -0.192413904470293E+01  0.636613379137782E+00 -0.353193763444464E+01
  -0.186374857138874E+01  0.342743432386834E+01  0.291535567670114E+01
   0.168487660929582E+01  0.299643516756180E-02 -0.344329707371267E+01
  -0.293733693633315E+01 -0.282798235172501E+01 -0.492124172984654E+00
   0.251848911483458E+00 -0.687613695492369E+00  0.179649266371329E+00
   0.182679020939622E+01 -0.271483533675743E+01 -0.245039833781617E+01
   0.284798323998245E+01 -0.146514039974178E+01  0.150586716223508E+01
  -0.242025731804411E+01 -0.172972785287895E+01  0.269910985998007E+01
  -0.198070543663770E+01  0.319852396047843E+01 -0.319964723169186E+01
   0.545120029776114E+00  0.797807888749619E+00  0.335371709422974E+01
  -0.764955291830870E+00 -0.273039113020447E+01 -0.325965375338514E+01
  -0.290866536041850E+01  0.625578896319576E-01  0.186152990480389E+01
  -0.919688101868211E+00 -0.392200222317234E+00  0.617705006656061E+00
  -0.203839499849763E+01 -0.160275060339603E+01 -0.314054433328769E+01
   0.188461505672844E+01 -0.254436472672853E+01 -0.110490968335725E+01
   0.718487725642213E-01 -0.327847985585761E+01 -0.379372436713396E+00
  -0.103985588594859E+01 -0.264174197042404E+01 -0.177964136225495E+01
  -0.267491856325246E+01 -0.960790682675254E-01 -0.329265214321395E+01
  -0.116640426810901E+00  0.183864380082662E+01  0.263969908909153E+01
   0.221921973973618E+01 -0.260522551569993E+01 -0.912189323676018E-01
   0.258573926356062E+01 -0.348616214035383E+01  0.348603906715828E+01
  -0.718773075109141E+00 -0.944221320902671E+00 -0.354867992579814E+01
  -0.119538346373943E+00 -0.344404077649876E+01 -0.183002103680834E+01
   0.292432779694830E+01 -0.316986545791251E+01 -0.224285139170801E+01
  -0.231992476395042E+01 -0.233137505036310E+01  0.153737914639095E+01
   0.401239677158602E+00  0.281703420055571E+01 -0.200910499303631E+01
   0.158974824306171E+01 -0.100812589245753E+01 -0.264469070508344E+01
  -0.343264869741877E+01 -0.321175858342467E+01  0.320922382672956E+01
   0.350903685513116E+01  0.758682841147375E+00 -0.331700734898523E+01
  -0.573341531431627E+00 -0.246660818927906E+01  0.282402761680158E+01
   0.304632847867631E+01 -0.349111964277799E+01  0.102171322199580E+01
   0.484025986737573E+00 -0.123689891070057E+01  0.223033530964400E+01
  -0.850135823330855E+00  0.992619907039876E+00  0.143703748240184E+00
   0.107723061169978E+01 -0.304928448595783E+01 -0.188203449010749E+01
   0.325760016697778E+01  0.669438163707828E+00 -0.168120984413598E+01
  -0.332544565816134E+01 -0.160039944379381E+01  0.935704589691821E-01
   0.305026584740141E+01 -0.129616661035841E+01 -0.336602337121674E+01
   0.127316103701608E+01  0.297182175435444E+01  0.107259684547955E+01
  -0.290278997508039E+01 -0.117997814972838E+01  0.117053021270002E+01
  -0.307772635646912E+01  0.168041344463496E+00 -0.135972170201115E+01
   0.261910753365040E+00  0.960185057374284E+00  0.670707624541006E+00
  -0.330472561477553E+01 -0.712786585597321E+00  0.331516417670251E+01
   0.106669067671563E+01  0.340129512049445E+01  0.119529264558216E+00
  -0.111504382862230E+01  0.154936357543419E+01  0.168632100316995E+01
   0.241158617958700E+01 -0.205008102140038E+01  0.233743434854638E+01
   0.970731757239332E+00 -0.277526635531256E+01 -0.292677448710533E+01
  -0.352784873610208E+01  0.289965357972001E+01  0.537707152615054E+00
   0.888940623318386E+00 -0.281885116781372E+01 -0.917480699079929E+00
   0.236996814368888E+01 -0.157800273737957E+01 -0.120050300651714E+01
  -0.204242191909661E+01 -0.236437143467119E+01 -0.184403377007575E+01
  -0.341202500122133E+01  0.214888282858983E+01  0.249907346560478E+01
   0.142217545657377E+01 -0.184952383715326E+01 -0.195929034956780E+01
  -0.221428768301027E+01  0.195867924204071E+01  0.138296835828852E+01
   0.283926002333547E+01 -0.719004523603709E+00 -0.230549656063242E+01
   0.343669366659358E+01  0.290567884118163E+00 -0.433899469901572E+00
  -0.164540497766792E+01 -0.165605730209823E+01  0.198364121461673E+01
  -0.850476346290432E+00  0.331483726752640E+00 -0.350999561748247E+01
   0.395459572357199E+00 -0.220282369383635E+01 -0.227508018549666E+01
   0.167755856295973E+01  0.239938560079354E+01 -0.250752877507742E+01
   0.262554962104279E+01  0.154446775660574E+01  0.149638425805734E+01
  -0.276803307857994E+01 -0.322379532225712E+01  0.218890318242573E+01
   0.273180867234393E+01  0.235797489598113E+01  0.218051264431397E+01
  -0.862325233472270E+00  0.251577429982816E+01  0.160274206963480E+01
   0.231192463058415E+01  0.215130887688021E+01  0.495810722809292E-01
   0.115604958165427E+01  0.314120561310177E+01 -0.127333529628085E+01
   0.303242521123372E+01 -0.131676725272405E+01  0.270657348941832E+01
  -0.295802619754764E+01 -0.231818968276691E+01 -0.151482021030329E+01
  -0.235122318852823E+01 -0.597710283598040E-01 -0.223929425102359E+01
   0.344978777042768E+01  0.675464085829868E+00  0.136997500647119E+01
   0.170946964515571E+01 -0.734843970480014E+00 -0.113937666609322E+01
  -0.249815810330621E+01 -0.139917157755899E+01 -0.209010103193483E+01
  -0.172766913000212E+00 -0.234221506353677E+01  0.803997610049610E+00
   0.290052678803597E+01 -0.241841996913566E+01 -0.318571564882926E+01
  -0.202418470050994E+01  0.157433851750596E+01 -0.207332635313884E+01
  -0.149442851227976E+01  0.238992372664357E+01 -0.289917689084674E+01
   0.125164754426464E+01 -0.693987914982037E+00 -0.104531170131207E-01
  -0.257092444635609E+01 -0.272000129189740E+01  0.333094019381707E+01
  -0.104462533625289E+01 -0.175666643050766E+01 -0.266757706685559E+01
  -0.112755454100278E+00  0.249046951237988E+01 -0.353563113868822E+01
  -0.168646484666443E+01  0.197140987876373E+00  0.598771676383238E+00
  -0.100531902730219E+00  0.130423594289704E+01  0.169943923672296E+01
  -0.332582845389097E+01  0.336426902537069E+01 -0.464251647532428E+00
   0.143538625767784E+01  0.327300856592252E+00 -0.739391589581858E+00
   0.131151046150088E+01 -0.222908568616481E+01  0.122605371673440E+01
   0.223928661323374E+00  0.161324708620167E+01 -0.244229998073018E+01
  -0.443601402417464E+00 -0.228127599311122E+01  0.181047035822456E+01
   0.627213805212045E+00  0.260261934574051E+00 -0.140203568169583E+01
  -0.392114705684519E+00 -0.239981763178691E+01 -0.103224891323867E+01
  -0.294319677944729E+01  0.550112722173430E+00  0.306715496201854E+01
  -0.178215756286144E+01  0.195960419616575E+01  0.309890210843437E+01
   0.169409964030032E+01  0.206248695375895E+01  0.125954520981023E+01
   0.178759526889700E+01  0.125118716694588E+01  0.553317296380651E+00
   0.162580733314653E+00  0.261392079354137E+01  0.185614994640766E+01
   0.197867396468882E+01 -0.325041680243126E+01  0.188123134143672E+01
  -0.389253216467784E+00  0.120700749642418E+01 -0.354897188091846E+01
  -0.112669144020507E+01 -0.175536879726572E+01  0.101457420551059E+01
   0.824427113179858E+00 -0.147098155522294E+01 -0.526958278194943E+00
   0.126340529769701E+01  0.213532187211317E+01 -0.417961555717160E+00
  -0.319410746290141E+00  0.330794591091560E+01 -0.276792592542133E+01
  -0.245647247585035E+01  0.203576469576270E+01 -0.695066340688375E+00
   0.218478154881927E+00 -0.143624186612678E+01  0.122213447518406E+01
  -0.129323094499001E+00 -0.334868568062542E+01  0.321057276448910E+01
   0.101398865991516E+01 -0.287833758889781E+00  0.280420468654481E+01
  -0.229852537045682E+01 -0.110435465779443E+01  0.150590066588294E+00
   0.335247427224491E+01  0.154489737154494E+01 -0.240230832625072E+01
   0.349229724581132E+01 -0.204554978326973E+01 -0.780179807731421E+00
  -0.819066817103313E+00 -0.356152292460720E+01  0.216713509668736E+01
  -0.611202092669318E-01 -0.179443507509951E+01 -0.226103844892431E+00
  -0.254853789362879E+01  0.905456119373845E+00  0.305088945001323E+00
   0.245213782546248E+01  0.643515756230593E+00  0.729476870017059E+00
   0.122833291908251E+01 -0.351915452396876E+01  0.270952150975593E+01
  -0.605552056282989E+00  0.263572064903765E+01  0.255417876283790E+01
   0.154931006604289E+01  0.100916460951100E+01 -0.338247384717147E+01
   0.178976969910357E+01 -0.153038735576115E+01 -0.190048056604914E+00
  -0.330317365239649E+01 -0.165967719134776E+01  0.216603316282221E+01
  -0.177799180237338E+01  0.268021748681388E+01  0.214908333814697E+01
  -0.313626031258322E+01 -0.845725953691360E+00 -0.270018352584145E+01
  -0.104295950671030E+01 -0.282598031510715E+00  0.187034872133115E+01
   0.236795496958618E+00  0.201903683589014E+01 -0.105508267862914E+01
  -0.245990334589567E+01  0.275948146185473E+01 -0.193345217439654E+01
   0.186664334702335E+01  0.304795719512260E+01  0.346594565269523E+01
  -0.292567298049675E+01 -0.719784422220586E+00 -0.707558358830207E+00
  -0.293331596839463E+01  0.293927888327650E+01  0.190820549115309E+01
   0.126674092499925E+01  0.122179664392638E+01 -0.216070231560413E+01
   0.258455295901294E+01  0.554765789663520E+00  0.207366906915663E+01
  -0.196885929461220E+01 -0.761340828900911E+00  0.132529281888753E+01
   0.289434300625539E+01 -0.289173670330864E+01  0.186355095259649E+01
   0.122560718449690E+01  0.272377945101236E+00  0.831559079982490E+00
  -0.335982253413284E+01  0.224625036443389E+01 -0.195950522331171E+01
  -0.310708625344541E+01 -0.315728309867231E+01  0.116721730322995E+01
   0.278110825402031E+01  0.612292495086000E+00  0.311831653935593E+01
  -0.116247906391372E+01  0.397149981623479E+00 -0.146739774140172E+01
  -0.113182617741102E+01 -0.147398011427727E+01 -0.170028758931381E+00
  -0.924942565507613E-01 -0.215458000078263E+00 -0.309437266527963E+01
  -0.210557571817198E+00  0.289753657376144E+00 -0.329615090889751E+00
   0.147775907023195E+01  0.111613172798880E+01  0.150511498889407E+01
  -0.946480063670379E+00  0.313016006299984E+01  0.343299498199671E+01
  -0.309729117362823E+01 -0.179687260814328E+01 -0.336766247367511E+01
   0.739277702723472E+00  0.400467019599695E+00 -0.283490341640340E+01
   0.723619971806830E+00 -0.726755276898749E+00 -0.198546009962233E+01
   0.817332202148281E+00  0.118015905887261E+01  0.242882804108170E+01
  -0.321791324956351E+01  0.395687243801462E+00 -0.243242003821907E+01
   0.336140584176525E+01 -0.202593626948748E+01 -0.230696641212066E+01
   0.157850116928751E+01  0.288086073549320E+00 -0.211853656522291E+01
  -0.208751315463487E+01 -0.326597442045505E+01  0.479527120295892E+00
  -0.257113981279160E+01  0.301249862115692E+01  0.892383068260704E+00
  -0.328494072041684E+00  0.183781045514553E+01  0.898437589886849E+00
   0.697155387984216E+00  0.282471908554216E+01  0.295567502480933E+01
  -0.141297327984441E+01  0.273512179444914E+00  0.272982422416323E+01
   0.974356401714166E+00  0.263959707166976E+01 -0.319982027241353E+01
  -0.547347922884139E+00  0.236753621766206E+01 -0.152218319739878E+01
  -0.124547803227568E+01 -0.348065717598184E+01 -0.270615178450027E+01
   0.215483328911952E+01 -0.500547666084302E+00  0.221740325981998E+01
   0.760986470568645E+00  0.187660011658188E+01  0.333822492117376E+01
   0.337332415808700E+01 -0.273946263509951E+01  0.102590106810877E+00
  -0.294915691171912E+01  0.127081707404099E+01 -0.524647138333277E+00
   0.230228644790139E+01 -0.117150545300179E+00  0.128006305822960E+01
   0.338680502787628E+01 -0.120278132766559E+01 -0.161087536865875E+01
  -0.640168759417838E-01  0.291402848413101E+01 -0.416166239289786E+00
  -0.247537478840496E+01 -0.228953984452872E+01  0.317354474665242E+00
   0.256192432015070E+01  0.253617214248883E+01 -0.311761706847125E+01
  -0.324234661570977E+01  0.234898673774126E+01 -0.303070016947281E+01
   0.129385139639967E+01  0.252887276111559E+01  0.218126529028447E+01
   0.321712505313277E+01  0.350844296364203E+01  0.247661904918595E+01
  -0.235218095697163E+01  0.126419477238733E+01  0.255908476033754E+01
   0.229824457395150E+01 -0.601919738512688E+00  0.332091828056952E+01
  -0.184013371811126E+01 -0.279430266714021E+01 -0.302326495340005E+01
   0.463063500962608E+00 -0.267964915346663E+01  0.250416342251393E+01
  -0.170587372814941E+01  0.224248455377822E+01  0.156621684002588E+00
   0.265652670489204E+01  0.188722914126073E+01  0.313355604336180E+01
  -0.519339255329214E+00  0.896459646534194E+00  0.242736827518665E+01
   0.222404037018458E+01 -0.173756513003423E+01  0.344663630647247E+01
  -0.161221020543368E+01 -0.289159672501360E+01 -0.722079197595933E+00
  -0.114652420751727E+01  0.340582853379797E+01 -0.146987078414037E+01
   0.330625092389278E+01  0.297958231970091E+01 -0.133605040035231E+01
  -0.897564617225409E+00  0.352615253966158E+01 -0.216795936629339E+00
  -0.155812760622523E+01  0.135560760638508E+01 -0.505223468217901E+00
   0.212031294027521E+01 -0.115758243260069E+01  0.722105333053446E+00
   0.148243761289513E+01  0.353101704003173E+01 -0.270148499331185E+01
   0.357899672509313E-01 -0.233466025898380E+00  0.122402022554844E+01
   0.356117457973186E+01  0.209453895390926E+01  0.136362892698439E+01
  -0.221149806432259E+01  0.318354303633895E+01 -0.101417625082555E+01
   0.257606753420688E+00  0.152338711725801E+01 -0.210548056403300E+00
   0.147666793303222E+01 -0.127326764503412E+01  0.201656635148900E+01
  -0.188257712438370E+01 -0.644353965693213E+00  0.326253560562545E+01
   0.141826615469766E+01  0.206639068109973E+01 -0.151145549568617E+01
  -0.274387728364063E+01  0.263729030546174E+01  0.311925135194948E+01
  -0.955201029077945E+00 -0.243875901064703E+01  0.196315654878555E+00
   0.199311605402595E+01  0.160390007795958E+01  0.248251629736312E+01
   0.286874110713856E+01 -0.243663674599804E+01 -0.156767215075730E+01
   0.250963489233947E+01 -0.221561412609706E+01  0.779074477454160E+00
  -0.262814401491777E+00  0.325223753933866E-01 -0.211287080883189E+01
  -0.454695364751372E+00  0.112405095672613E+01 -0.104540720703433E+01
  -0.195483954885746E+01 -0.349893892445716E+01  0.157593991179362E+01
   0.354739742674124E+01 -0.350062708534715E+00  0.641922319617124E+00
  -0.125403513273366E+01 -0.176102124053361E+01  0.326351938712304E+01
   0.734162818097505E+00 -0.970044169496437E+00 -0.344646082858968E+01
   0.309041545633405E+00 -0.204765516463536E+01 -0.329512304152253E+01
   0.224432693055429E+01  0.339221311745696E+01 -0.171968555884980E+01
   0.819081672534412E+00  0.274291495630002E+00  0.182088601770885E+01
  -0.601663550971054E+00  0.228858246578609E+01 -0.251059346934932E+01
  -0.918191576082191E+00 -0.153763896256214E+01 -0.143794867074999E+01
   0.245099148243164E+01  0.293491105176490E+01  0.129153547088137E+01
  -0.168209228391042E+01  0.128245799811890E+01  0.712909810852175E+00
   0.314827889290122E+01  0.154383202680523E+01 -0.104094960797498E+01
   0.240761367908702E+01  0.146093921870815E+01 -0.174788698916374E+01
  -0.357432466900855E+01  0.162122106071204E+01  0.333443843668754E+01
  -0.823886019513772E-01 -0.121466512018710E+01 -0.282571373999079E+01
   0.354900980129765E+01  0.187970932643926E+01 -0.207052055884948E+00
  -0.767784740868244E+00  0.212404947354923E+01 -0.460041209921801E+00
  -0.872671464038086E+00 -0.790092952264585E+00 -0.215149615651840E+01
  -0.527730288303496E+00 -0.134944928621440E+01  0.219260487463702E+01
  -0.290494425692713E+01  0.132427774020293E+01  0.113371696575043E+01
  -0.102673338262993E+01  0.288089813012198E+01  0.526465549981795E+00
  -0.241082445433233E+01  0.154237005415738E+01 -0.303345824321233E+01
   0.235149524408958E+01 -0.173909027808525E+01 -0.269033980080638E+01
  -0.140687738940881E+01 -0.164920322401470E+00 -0.282712630745089E+01
  -0.103955875524828E+01 -0.324243825007383E+01  0.938129517333010E+00
   0.131016583860935E+01 -0.849344600981756E+00  0.112110834685481E+01
   0.213794692861439E+01  0.328597583263468E+01 -0.399045535779208E+00
  -0.227904361904424E+01 -0.334664684728940E+01 -0.187121994565836E+01
% -0.530179942378076E+00  0.100354010369171E+01 -0.419875527156910E+00
%  0.284174736328919E+00  0.511058939886130E+00 -0.979841908689370E+00
%  0.119251795351160E+01 -0.133963242355067E+00 -0.861903828989104E+00
% -0.365164366899007E+00  0.204233200278340E+00  0.566947582801279E+00
% -0.143122810143453E+01  0.626301091162042E+00  0.364094840694033E-01
%  0.865030797398925E+00 -0.279665814470362E+00 -0.185080476178377E+01
%  0.429491051011958E+00 -0.669097323365268E+00 -0.118779597560108E+01
% -0.140632554396519E+00  0.167708935666684E+01 -0.473741253694277E-02
%  0.610862125253315E+00  0.345334174390567E+00 -0.242095922492825E+01
%  0.107867263861836E+01  0.168511369191770E+00 -0.934589990572166E+00
% -0.210971437553113E+01  0.417445248869675E+00 -0.363881786856000E+00
% -0.219553633541973E+00  0.563405489174571E+00 -0.156831869979976E+01
% -0.392856212082017E+00 -0.196681371920094E-01  0.595799176097975E+00
% -0.108000801646835E+00  0.231521061053623E+00  0.280912767727030E+00
% -0.948191372210214E+00 -0.425440032474235E+00  0.613567263196425E+00
%  0.106340821581085E+01  0.311275762746157E+00  0.917231293607061E+00
% -0.782004299342759E+00  0.212568999943860E+01  0.293051103769734E+01
% -0.723983615447151E-01 -0.256437602425791E+00 -0.106482081970521E+01
% -0.713256098196037E-01 -0.376537493532039E+00 -0.907482459580635E+00
%  0.367169078115860E+00  0.211190982801663E+01 -0.527411093548781E+00
%  0.840212363542983E+00  0.730652199626171E+00 -0.544891979319043E+00
% -0.206098541494071E+01  0.381939658117987E+00  0.121981564380579E+01
%  0.106612589373428E+01  0.134645930655515E+01  0.340233153898322E-01
% -0.840593726394448E+00  0.103905264766242E+01  0.139065542947312E+01
% -0.204475309758683E+01 -0.713173105628578E+00  0.173610848154882E+01
% -0.569771235996693E+00  0.525288457143692E+00  0.507849997236901E+00
% -0.103693034715241E+01  0.498055816647755E-01  0.806775156558368E-01
%  0.761466631430092E+00 -0.186456829605133E+01  0.316929743653407E+00
%  0.152505413668447E+01 -0.994677615557332E+00 -0.571769635219176E+00
%  0.648361271720034E+00 -0.123886193867721E+01 -0.475494800279494E+00
% -0.125524090811992E+01 -0.108076964731596E+01  0.153661497844600E+01
% -0.531943058574322E-01 -0.634912990037177E+00 -0.114646881876056E+01
% -0.268239912745704E+00 -0.734628442798363E+00 -0.230936787754231E+00
%  0.281491433819765E+00  0.262698659652813E+01  0.685390265510573E+00
%  0.754306969957820E+00 -0.603791098668352E+00 -0.331571631677460E+00
% -0.232626580070823E+01 -0.510537130584486E+00 -0.933221293945520E+00
% -0.596714787890876E+00  0.136385190247815E+01  0.757091992629311E+00
%  0.605878634590971E+00  0.290997207085217E+01  0.902969289300374E+00
%  0.123664216721593E+01  0.361993294363307E+00  0.148485029699392E+01
%  0.110911027126820E+01  0.159410606203874E+00  0.107350442109986E+01
%  0.560348837664024E-01 -0.639022259602086E+00 -0.112789694649099E+01
%  0.101696292296039E+01 -0.541187040340438E+00  0.136880119686108E+01
% -0.131652696891773E+01 -0.116785208812440E+01  0.739379276428546E-01
% -0.131906422890257E+01 -0.568417387253492E+00 -0.654311708045863E-01
%  0.186144819493510E+01  0.130948507231505E+01  0.186189886242827E+01
%  0.425012239631326E+00  0.131319414456171E+01 -0.514882049497522E+00
% -0.126212872310190E+01 -0.175687233464804E+01  0.378673020255015E+00
% -0.116094640051151E+00  0.122627422782426E+00  0.155204974745347E+01
% -0.132075577934150E+01  0.109387847735519E+00 -0.518798686723475E+00
% -0.848079148246134E-01  0.384777188055419E+00  0.574679369767756E+00
%  0.176080123245988E+01  0.137932889325459E-01 -0.113100169766056E+01
% -0.453069419271965E+00 -0.861413618844806E+00  0.291348401077260E+01
% -0.393250432207455E+00  0.843413222187933E+00  0.960638125068121E+00
%  0.474667610974318E+00 -0.418728463203347E+00  0.629136934101690E+00
% -0.208718410930798E+01  0.125378528847499E+00 -0.574430309186389E+00
% -0.927755919663181E+00 -0.464252440765559E+00  0.142146937863047E+01
% -0.859255509807683E+00  0.874636962415284E+00 -0.123437200395848E+01
% -0.528887180075963E+00 -0.872692893210325E+00  0.287661126210663E+00
% -0.101345620649354E+01  0.774481406270727E+00  0.952335385044259E+00
%  0.188812506585267E+01 -0.218119526529568E+01  0.262673026474760E+00
%  0.364240711562622E+00  0.328666180874965E+00 -0.219564535704344E+01
%  0.664779898673207E+00  0.128307257807407E+01  0.589915266601876E+00
%  0.441185294190488E+00  0.467208346570053E+00 -0.142493498017258E+01
%  0.245708015910276E+00 -0.421213522585883E+00  0.996297129758830E+00
% -0.306123603232480E+00 -0.194379932999875E+01 -0.762156910396111E+00
%  0.171938000936304E+01  0.774075120832450E+00 -0.117915275786934E+01
%  0.729041415896504E-01  0.972809092713505E+00 -0.163848834016958E+00
% -0.230437666064188E+01  0.231388032872208E+00 -0.174926537790413E+01
% -0.131983049859029E+01  0.123638224708982E+00 -0.208861457496938E+01
% -0.195413387788170E+01 -0.117766412120121E+01  0.621195809040661E+00
%  0.210065049756178E+01 -0.166258332775376E+00  0.106754402466537E+01
% -0.283096431211896E-01 -0.536209058505599E+00 -0.593682063061375E+00
% -0.541015437237911E+00 -0.739301710786164E+00 -0.169191281985370E+01
% -0.381081635464917E+00 -0.784878230152870E+00  0.197141956728547E+01
% -0.823464978267537E+00  0.180833864506432E+01 -0.246162970317941E+00
%  0.110300775257369E+01  0.949373993543804E+00 -0.131251609135476E+01
% -0.114776770423289E+01 -0.152696348472630E+01  0.105296515530401E+01
% -0.168354146423142E+01 -0.971751217616874E+00  0.135694919633678E+01
% -0.254946240506377E+01  0.163320438423292E+01 -0.151405024777166E+01
% -0.639187384522890E+00 -0.898419591959239E+00  0.143785964318603E+01
% -0.141049021493384E+01 -0.178719986067889E+01  0.125424798633327E+01
%  0.846204016570445E+00 -0.984985618988852E+00  0.899573710230044E+00
% -0.442441544258913E+00 -0.162312917314184E+01 -0.113353188099121E+01
% -0.740284829153669E+00  0.207669606120253E+01 -0.128966176289563E-01
%  0.298481191037929E+00  0.139371294827908E+00 -0.691150310551753E-01
% -0.476460765031832E+00 -0.282655833768138E+00  0.584043802808419E+00
% -0.505486107498885E+00 -0.103827640237029E+00 -0.115864354651883E+01
% -0.457749368550939E+00  0.975753089908406E+00 -0.710004939116538E+00
%  0.205829564419967E+00 -0.127281838592192E+01 -0.326419728468721E+00
%  0.831140053139071E+00 -0.135070139055268E+01  0.783670098114009E+00
% -0.598082560748055E+00  0.633179082032621E+00  0.103045643026332E+01
%  0.314445396776288E+00  0.642311821292647E+00 -0.723844141190021E+00
%  0.836683371638794E+00  0.848060603821180E+00 -0.982523334009649E+00
%  0.158241129878136E+01 -0.168519638918573E+01  0.440993172560072E+00
% -0.182564741236487E+01 -0.413667612417916E-01  0.194677306756871E+01
% -0.366159183428366E-01 -0.176650106518840E+00  0.838927772134487E+00
%  0.136211137784434E+01 -0.729284091442786E+00  0.182107721695801E+00
%  0.100429104916444E+01 -0.806138967023886E+00 -0.127358821359709E+01
% -0.594274969036689E+00  0.184695569264010E+00  0.311757807161400E+00
%  0.114520545835582E+01  0.125365984620656E+01 -0.318784613943406E+01
%  0.121052207240339E+01  0.202352201731208E+00  0.480795117747586E+00
%  0.132840373897365E+01  0.127648234497330E+01  0.536714444952006E+00
% -0.169851618135479E+01 -0.189897095139706E+01 -0.555133854466474E+00
%  0.183456148926403E+01  0.116691654146680E+01 -0.156458813925808E+01
% -0.108614239369465E+01  0.228501363988195E+00 -0.521263348575254E+00
% -0.129375206542152E+01 -0.340106944226575E+00  0.177834378334951E+01
%  0.160017438599398E+01 -0.156591207288097E+00 -0.945537956807032E+00
%  0.102100766488371E+00  0.125506357015311E+01 -0.201011754422193E+01
% -0.598209724488802E+00 -0.555581764272332E+00  0.180053609190617E+01
%  0.341902490922722E+00 -0.117320272763975E+01  0.110702308186872E+00
%  0.852768733395743E+00  0.172964958657119E+01 -0.910046403936545E+00
%  0.256784208251757E+00  0.482655310096604E+00 -0.178233753395085E+01
%  0.100321372283398E+01  0.625270754771014E-01 -0.360309018196003E+00
% -0.184067152407288E+00 -0.212365166906361E+01 -0.801171585987205E+00
%  0.594960436857766E+00 -0.782926161064290E+00  0.675485144817163E+00
% -0.129290743397699E+01 -0.889337115790501E+00  0.109523726797857E+01
% -0.106930105730761E+01  0.425062369890280E+00 -0.588295047650967E-01
% -0.114789369537435E+00  0.109944955151972E+01 -0.100669819439689E+01
%  0.305420612276691E-01 -0.437359850947608E+00 -0.166874525775297E+01
%  0.976241398586351E+00 -0.101136002398609E+01 -0.145509084704670E+01
% -0.104318342250723E+01 -0.108046087529126E+01 -0.539411655582036E+00
%  0.140354658795536E+01  0.130416803065047E+01 -0.439565630789105E+00
% -0.303901490519938E+01  0.166759726018925E+01  0.157115796752893E+01
% -0.841522639539827E+00 -0.130165085443813E+01  0.192433877530354E+01
%  0.259024151258293E+00  0.824522714950643E+00  0.862545883273619E+00
%  0.221469635172005E+00  0.195271237255307E+00 -0.198751168022139E+01
%  0.120206868504815E+01 -0.217326363733889E+01  0.116803554145907E-01
% -0.566935711825781E+00 -0.337223951005163E+00  0.271651227102395E+00
% -0.517968765085836E+00 -0.141073472821632E+00 -0.205608648790810E+00
%  0.415216738450323E+00 -0.132990426774854E+01  0.529539301452276E+00
%  0.841918469293433E+00 -0.585619024109552E+00  0.878135240247258E+00
%  0.162106378170584E+00  0.172517829960087E+01  0.197234776831707E+01
%  0.224845601408015E-01  0.852856207663441E+00  0.115506649687962E+01
%  0.113391726491680E+01  0.712674250885952E+00  0.161644033907134E+00
%  0.405389189654090E+00  0.445551441225920E+00 -0.176476059346684E+01
%  0.771338669759136E+00 -0.105359042241276E+01 -0.148337686456182E+00
%  0.265140189237134E+00 -0.128866753480838E+01 -0.875292987970573E+00
%  0.992565785733456E+00 -0.133819342555623E+00  0.391492883298527E+00
%  0.130202482760140E+01 -0.179500471050128E+00  0.135178623345437E+01
% -0.209928642736674E+00  0.118037533848092E+01  0.296947763481016E+01
%  0.241009340540055E+01 -0.712066944854693E+00  0.174667722541548E+00
% -0.108020453662954E+01 -0.867917988916441E+00 -0.164812465593153E+01
%  0.540151617149251E+00 -0.214068731718743E+00  0.157498758375116E+01
%  0.164901107986307E-01  0.170339293944099E+01 -0.102006484435611E+01
% -0.821678927882796E+00  0.153048103704722E+01  0.736320220229069E+00
% -0.719980240474267E+00  0.661845889840638E+00 -0.103054791529487E+01
%  0.482665492327477E+00 -0.759236468389590E-01  0.656018501413953E+00
% -0.573151585006456E+00  0.460062010101621E+00  0.703705658952452E+00
% -0.910802151037041E+00 -0.113911973940658E+01 -0.164031195424551E+00
% -0.202864877253058E-01  0.221931651598903E+01 -0.184058623679803E+01
% -0.113712144416437E+01 -0.440295598214522E+00 -0.947516487586633E+00
%  0.114675421295284E+01 -0.292372816676418E+00 -0.800236140755253E+00
% -0.217268400007217E-01 -0.132044383669939E+01 -0.106873985445113E+01
%  0.152980390342960E+01  0.128347365579143E+01  0.908335874091413E+00
%  0.145476603075146E+01 -0.718471825785855E+00  0.459810447113748E+00
%  0.123948881502614E+01  0.589208086302355E+00 -0.178123610538232E+01
% -0.165576413515135E+00 -0.113996592287299E+01  0.134434502604574E+01
% -0.479604598415714E+00  0.145755132591925E+01  0.739418159022851E-01
%  0.110168764651202E+01  0.112985203134217E+00  0.970867213235972E+00
% -0.118719789641755E+01  0.912154614835534E+00  0.760140221702096E-01
% -0.148178045723150E+00  0.682599106783527E+00 -0.208494737350556E+00
% -0.416082369060106E+00  0.595007040857019E+00  0.724442081687095E+00
% -0.182979468929140E+01 -0.150819601569203E+01  0.220614799589699E+00
% -0.229906222814080E+00  0.825920777820633E+00 -0.979905416104033E+00
% -0.232413649765884E+00  0.607384494307990E+00 -0.166098164124568E+01
% -0.772940927342735E+00 -0.516577747047810E+00 -0.147951047824875E+01
%  0.192494482400446E+01 -0.953357686450990E+00  0.248421280575034E+00
%  0.465287305633870E+00  0.489595882464545E+00  0.968854948851547E+00
%  0.218536517210531E+00 -0.148034840905091E+01  0.140128412694361E+01
% -0.297681045472023E+00 -0.937260770006950E+00  0.817037350078402E+00
%  0.923626455896010E+00 -0.579649627516672E+00 -0.269368775894764E+00
% -0.101014076280106E+01 -0.464956624195122E+00 -0.424888978151956E+00
% -0.134764964517970E+01 -0.582466450123631E+00  0.875237798404734E+00
%  0.182600954847224E+01 -0.506834912186540E+00 -0.106878663196997E+01
%  0.112526026861149E+01  0.744482778487899E+00  0.435778865521492E+00
%  0.132913684150917E+01 -0.127669967896752E+00 -0.246118858118273E+00
%  0.326168800168918E+00 -0.454829459485413E+00  0.706631921272532E+00
%  0.217547405639732E+00  0.530708840179896E+00  0.108718321018306E+01
%  0.122822763755694E+01 -0.174412077228279E+01 -0.148919591390052E+01
%  0.149416529501371E+01 -0.425505933159476E+00 -0.816978670422429E+00
%  0.390571617488608E+00 -0.670229149010977E+00 -0.604938535886665E-01
% -0.401202545550566E+00 -0.694186547426366E+00  0.300391960063265E+00
% -0.112383183869494E+01 -0.460922425007443E+00 -0.155327852017236E+01
%  0.130744629677739E+01  0.116748728084968E+01 -0.130230604745739E+01
%  0.214514525223473E-01 -0.733814924128434E+00 -0.597922069010578E+00
% -0.151066386146544E+01  0.287842710303924E+00 -0.109234701190474E+00
% -0.578174102734032E+00  0.285623440902633E+01 -0.963427870943887E+00
%  0.106305678143290E+01  0.138979003583593E+01 -0.696914913782939E+00
% -0.914691638375218E+00  0.120817000292446E+00  0.887679331703157E+00
% -0.142977712736209E+01 -0.157784625990168E+01 -0.136324151548033E+01
% -0.662421568846522E-01  0.468161916190133E+00 -0.817350670728908E+00
%  0.616767930878374E+00  0.360394233696628E+00 -0.457628212166241E+00
%  0.680781611286161E+00 -0.691570766140793E+00  0.668688367685835E+00
% -0.529001063741541E+00 -0.201281439770323E+01 -0.134404297461952E+01
% -0.474599765687358E+00  0.137875108701633E+01  0.682933144336640E+00
% -0.214391698387287E+01  0.143433433655376E+01 -0.237423199183918E+00
% -0.201147401973070E+01  0.200969186582988E+01 -0.105695132976290E-01
% -0.281090211217016E+00  0.177129936647050E+00  0.538728899462646E+00
%  0.203883213228643E+01  0.563131002465656E+00 -0.928834826494179E+00
%  0.761099650063198E+00 -0.137061704278200E+01 -0.783778638617782E+00
% -0.277275053815472E+00  0.486572659337526E+00 -0.100676798565094E+01
%  0.205383192820387E+01  0.294537213859439E+01 -0.635191138601052E+00
% -0.302813176523167E+01  0.835418793853884E+00  0.415470329457237E+00
% -0.700440451746689E+00 -0.173493139519108E+01  0.905781983683545E+00
% -0.396881469930133E+00  0.972229678272421E+00 -0.422411736856128E-01
%  0.175825393845431E-01 -0.314072583959083E+01  0.132139208919936E+01
% -0.660736037286804E-02  0.123936043310731E+00  0.155972508122014E+01
%  0.288425086061964E+01 -0.150906511283210E+01 -0.143978006094481E+01
%  0.290699177005193E+00  0.451307432474691E+00  0.133290521085586E+01
% -0.418628126366277E+00  0.155983025397230E+00  0.417158183232641E+00
%  0.477103030965858E+00  0.219938126480534E+00 -0.846435003203308E+00
%  0.210695967617661E+01 -0.100654888535985E+00 -0.134534664087288E+00
% -0.480668756890545E+00  0.181860730692704E+01  0.829911584895595E+00
% -0.375031446515865E+00 -0.147095217173372E+01 -0.220779990095520E+00
%  0.119974231125496E+01  0.608192005456424E+00  0.318947390089525E+00
% -0.474254874857416E+00  0.970673883070603E+00 -0.721151445796978E+00
%  0.701900550141050E+00  0.182512926158926E+00  0.826997891673787E+00
% -0.192719251883431E+00  0.881899337934948E+00 -0.191235092875118E+01
%  0.239778477681295E+01 -0.352964338793053E+01  0.862214544900619E+00
% -0.329534815368851E+00  0.101856542599772E+01  0.272062851706152E+00
% -0.203282518989225E+01  0.113992231059450E+01  0.516452858670489E+00
%  0.674244040359685E+00 -0.133294519843178E+01  0.537442413949287E+00
% -0.238480559285608E+01 -0.358333151371339E+00  0.107853793156827E+01
% -0.401373523753782E+00 -0.137603738950125E+01  0.536473537199353E+00
%  0.424577040878581E+00  0.484685898268197E+00 -0.103546469884618E+01
% -0.109610403268828E+01 -0.682345586659888E+00  0.381297526209381E+00
%  0.273708688167558E+00 -0.442711400369162E+00 -0.102830188569909E+01
%  0.211851408518088E+01  0.190586785504847E+01  0.941196647791610E+00
% -0.675608004663289E+00 -0.168649987451968E+01 -0.175759340758219E+01
%  0.167824240073101E+01  0.427661962699422E+00 -0.417912238058174E-01
% -0.108123344507601E+00 -0.707856891640089E+00 -0.275183035425436E+00
% -0.622541143020440E+00  0.122698639975343E+01 -0.897060504961618E+00
% -0.339309465926366E+00 -0.195844790493192E+01 -0.263084347025284E+00
%  0.229944200118645E+00  0.822916127594494E+00  0.151734238275288E+01
%  0.432685248655070E-01  0.237756421734989E+00  0.115818344302111E+00
%  0.292764328283535E-01 -0.111496720744254E+01  0.528587255917808E+00
%  0.112918988777701E+01  0.104233897130805E+01 -0.749172646473741E+00
% -0.147940796370056E+01  0.204689872056312E+01  0.707963347266330E-01
% -0.576806577132929E+00 -0.114494686291163E+01  0.211347855202041E+01
% -0.894487134858784E+00  0.867567371021278E+00  0.968642761079597E+00
%  0.905920494846635E-01  0.662969723625148E+00  0.329831233281527E+00
%  0.145858609564019E+00  0.203279769097484E+00  0.497421754593821E+00
% -0.137557780638594E+01 -0.975934868939773E+00 -0.110316368427513E+01
%  0.133225183586649E+01 -0.307003909516153E-01  0.285079001388304E+01
% -0.145790420101020E+01 -0.125295245171946E+01  0.327981369234964E-01
%  0.386445943170950E+00 -0.152970919525864E+00  0.187668993444390E+01
% -0.959932915010179E-01 -0.177887037703316E+01  0.235061313326053E+01
%  0.172948309177006E+01  0.194728143155264E+01 -0.139813200193802E+01
%  0.821808170003130E+00 -0.744964868893051E+00 -0.194372794494149E+01
% -0.539264093845874E+00 -0.911210205459637E+00  0.183707860184941E+01
% -0.689698840036936E+00 -0.191527322271515E+01 -0.148386709215602E+01
%  0.222272952965064E+01  0.117788777131215E+01 -0.135333083751785E+01
% -0.652987944131282E+00  0.471540985922355E+00 -0.721809286137157E+00
%  0.163488257477550E+01  0.985992469629368E-01  0.177179872859441E+01
%  0.142418057237723E+00  0.395307220767289E+00 -0.354798981492697E+00
% -0.792163912526580E+00  0.184130618914426E+00  0.117253016025428E+01
% -0.601735884066560E+01  0.640911380778513E+01 -0.946857241430251E+01
% -0.675141784332676E+01  0.138270942232934E+02 -0.275211215989659E+01
% -0.917617440323026E+01  0.784732284139188E+01 -0.646168640637804E+01
%  0.599002701649475E+01 -0.264773881966570E+01  0.388932316546772E+01
%  0.155683467604027E+02  0.762381913483553E+01 -0.517474582636227E+01
%  0.459456442231286E+01  0.210137252727732E+01  0.174352963047615E+02
% -0.184537398348064E+02 -0.130211107928195E+01  0.253405533837186E+02
%  0.257308065899418E+01 -0.176392472209271E+01  0.147283583865875E+02
% -0.110800060171956E+01 -0.654128119975557E+01 -0.509004524905038E+01
%  0.128510928846871E+01 -0.222628048904306E+00 -0.186844209115705E+02
%  0.140065227971272E+01 -0.435335921102737E+01 -0.577057583173443E+01
% -0.114873088392444E+01 -0.365145293237926E+01  0.762117885850900E+01
% -0.166403531846656E+02  0.131877649556282E+02 -0.806239064246409E+01
%  0.700058198451803E+01 -0.646150471541470E+01 -0.757279937526918E+01
% -0.273346378934593E+02  0.345834601722263E+02 -0.144531057236538E+02
% -0.241807111564746E+02  0.228059539143907E+01  0.246875631707945E+02
%  0.270756219575549E+02  0.231178950458181E+02  0.130683968269604E+02
%  0.480593724517992E+02 -0.905578912189250E+01 -0.976304691962679E+00
% -0.114307283794934E+02 -0.111957786437750E+02  0.386316993455220E+02
% -0.432106037840099E+01  0.252301549972772E+01  0.600812145327748E+01
% -0.268355979277271E+02 -0.283176192334893E+02  0.718889622822056E+01
% -0.296498413491952E+01 -0.164504475237979E+01 -0.499026053523375E+01
% -0.271835538906237E+01 -0.162188853443714E+01  0.783295430474522E+01
%  0.349478359766807E+00 -0.794073175619499E+00 -0.207169229212280E+00
% -0.252126317254843E+01  0.117490769481608E+02 -0.292768440826006E+01
% -0.179823550924305E+02  0.379136340915214E+02 -0.140878207313098E+02
%  0.202059837828865E+02  0.212590622038784E+02 -0.215485873724016E+02
% -0.844449506407045E+01 -0.191374075987597E+02  0.260797373173757E+02
%  0.817609073413164E+01 -0.204970565534451E+02 -0.392772389633956E+01
%  0.158782191669353E+02 -0.637061569673714E+01 -0.181083633578039E+01
% -0.994080838103961E-01  0.631811881487812E+01 -0.149589757530707E+01
%  0.375062980395047E+01 -0.103906093368141E+02 -0.160213346977147E+02
% -0.727235033370449E-01 -0.477735660758312E+01  0.561834041853644E+00
%  0.217773215245709E+02 -0.193551756106997E+01 -0.193085416763833E+02
%  0.383867080992745E+01  0.711624685730950E+01 -0.249708763014350E+02
%  0.214214278531429E-01  0.379454898859253E+01  0.109731148093272E+01
% -0.381902060963728E+01  0.578348950418745E+01 -0.534280007256785E+01
% -0.406048781591533E+02  0.244270293143343E+02  0.289829264241839E+02
%  0.157601223691250E+02  0.770042210389313E+01 -0.108403329831846E+02
% -0.164654774270038E+02 -0.339525641489072E+01  0.442538184779570E+01
%  0.638186764044306E+02  0.280312658742421E+02  0.797085271974437E+01
%  0.281066209037577E+01  0.117078536161615E+01  0.305897976862497E+01
%  0.199682284779917E+01  0.275572812837461E+01  0.160101781253375E+02
% -0.333874417835047E+02  0.123811861791985E+02 -0.147153470505080E+02
% -0.907402958288755E-01 -0.991645385521446E+01 -0.137120961730558E+00
%  0.591210368020228E+01  0.773943706549623E+01 -0.306847451111822E+01
% -0.133775070947611E+02 -0.466495321788750E+01  0.193991336215608E+01
%  0.355188923893283E+02 -0.266008551485282E+02  0.261324955088129E+01
% -0.206808109373156E+01  0.757198543656999E+00  0.588208092129806E+00
%  0.240998408354097E+01 -0.180834951376628E+01 -0.753086854777888E+01
%  0.135831042930791E+02  0.469312027804997E+02  0.248018313131165E+01
% -0.156161589346866E+01 -0.917982037395375E+01 -0.146143752745864E+02
%  0.690171717209481E+01  0.495494342530772E+01  0.824354029157250E+01
%  0.416841463348301E+02 -0.500706983286247E+02  0.127788825944085E+02
% -0.484335764542544E+01 -0.816598487864196E+00 -0.287007985935551E+02
%  0.727304454768552E+02  0.108476878142788E+02  0.124189835772419E+02
% -0.154728724094532E+02  0.137513167543918E+02 -0.136097756805558E+02
% -0.194792289593111E+01  0.151705729763867E+02  0.134589767217569E+02
%  0.821960758711304E+01 -0.101501666776190E+02 -0.257331732597934E+02
% -0.867284474774927E+01 -0.714362230181184E+01 -0.342011953660422E+01
%  0.352942803797331E+01 -0.123241068134839E+02 -0.459735259217077E+01
% -0.297958599075449E+01  0.960154104762027E+01 -0.351871507294731E+01
%  0.207681856362770E+02 -0.143044662543727E+02  0.828317142426116E+01
%  0.190284198570398E+01 -0.352250798488309E+01  0.209534968002536E+02
% -0.489549769681632E+01  0.153442346704777E+01  0.522273887914364E+01
%  0.271560981042553E+02  0.227053669308372E+02 -0.142794712253260E+02
%  0.753509413748203E+00  0.686263816317585E+01  0.101191972099841E+02
%  0.152332239877914E+02 -0.104807515112892E+01  0.928741271895875E+01
% -0.159447672617022E+02 -0.109450134522262E+02  0.265939401706637E+01
% -0.173646884488105E+02  0.111484380834094E+02 -0.876169304886061E+01
%  0.195878353031720E+02  0.264374447313704E+01  0.129176126672170E+02
%  0.248665155780440E+02  0.883857149164070E+01  0.144892957355437E+02
% -0.138658835869230E+01  0.841435950180973E+01  0.434338148696846E+01
% -0.139978261557124E+02 -0.717927191873965E+01 -0.298726760788385E+01
%  0.157238224382300E+02 -0.176117591482151E+02  0.104579929429137E+02
% -0.782127805144565E+01 -0.246791664487284E+02  0.742616989883647E+01
%  0.465308198476998E+01 -0.142799647186120E+02 -0.148291249838066E+02
% -0.132495620305449E+01  0.869023568731254E+00 -0.846684095515194E+01
% -0.202253582145961E+02 -0.953453795572790E+01  0.529632451283562E+01
% -0.116182882335318E+02 -0.807371292839658E+01 -0.120386900914159E+01
% -0.273880287006609E+02  0.239756414716137E+01 -0.278175884452865E+02
% -0.101757480393298E+02 -0.725243514333895E+01 -0.570669896280630E+01
% -0.959589415890096E+01  0.405496549247446E+01  0.206469031771976E+02
%  0.300533510263247E+01  0.494321341107409E+01  0.329723963211067E+01
%  0.341143617169244E+02  0.181910501288025E+02 -0.131105054295483E+02
%  0.211902872168325E+02 -0.865200818182955E+00 -0.418064415355330E+02
%  0.156469162851345E+00  0.766385944195673E+00  0.590103655736977E+01
%  0.279975521089748E+02  0.312810680873990E+02  0.114491936492398E+02
% -0.114816391124063E+02  0.840536146674624E+01 -0.182011960095291E+02
%  0.402582710486741E+00  0.687713784642940E+00 -0.107120042806781E+01
%  0.123562875109341E+02  0.521831636943799E+01  0.197942017371544E+01
% -0.948933425982745E+01 -0.875170259670906E+01 -0.143215603305419E+02
% -0.640833455942157E+01  0.421938342751962E+01  0.196327600334642E+02
%  0.100201363632209E+02 -0.368997935826524E+01  0.109156387204637E+02
% -0.236102284686568E+01 -0.104607712164972E+02 -0.347007585132368E+01
% -0.475487755672181E+01  0.134403477405501E+02  0.155729972336330E+02
%  0.190550999771659E+00  0.742844105930224E+01 -0.297388886255209E+01
% -0.569767696776480E+01  0.186286338671263E+02 -0.311640784745787E+02
%  0.607565348478113E+00  0.661575429092213E-01  0.205911204957729E+01
%  0.176859381110366E+01  0.241744059123391E+01  0.324497080850505E+01
% -0.298342640555925E+01  0.160803722222135E+02  0.701366346841373E+01
% -0.337488349269563E+02 -0.239456254035042E+00  0.446835591773569E+01
%  0.200541586691739E+02 -0.125424379258755E+02  0.710521159789692E+01
% -0.102857175732732E+02 -0.420288508039517E+01 -0.322623978727883E+00
% -0.160999826154168E+02  0.229178092137176E+01 -0.156790771354609E+01
%  0.314278928304105E+01 -0.419057849547098E+01  0.638072085645876E+01
%  0.239298552463790E+02 -0.340303031349264E+01  0.241252442019402E+01
%  0.120722579607075E+02 -0.225739420500818E+02 -0.170807996693792E+02
%  0.650891064551966E+01 -0.935544290245220E+00  0.400720879725250E+01
% -0.188518979267011E+02 -0.198768914862675E+02 -0.567706932765193E+01
% -0.157938168603551E+02  0.829287077341397E+01  0.395149514290584E+01
%  0.124130346236982E+01  0.109947483108152E+02  0.160890454906626E+02
% -0.174173585415205E+00 -0.435653429550374E+01 -0.876178841225521E+00
%  0.318325035485515E+00 -0.460659280757806E+01  0.218402611330927E+01
% -0.341232501351837E+02  0.252994488683935E+02 -0.119058367739201E+00
%  0.600140121152722E+02  0.193580176480901E+02 -0.385063588010538E+02
%  0.373476546301648E+01 -0.118184879474319E+02  0.451824319225295E+01
%  0.351077421626375E+01 -0.240449085988332E+01  0.555713041071814E+01
%  0.113097619974298E+02 -0.137423533434243E+02  0.216557831801397E+02
%  0.396176630018186E+01 -0.235964517530511E+01 -0.927667770231870E+00
%  0.163616678975990E+00 -0.151636006646934E+02 -0.984268539647335E+01
% -0.768899729926210E+01 -0.142139522480529E+01 -0.821148372350575E+01
%  0.107329502489740E+02 -0.586318133820891E+01  0.107139993692441E+02
% -0.389753851202206E+01 -0.124689778458595E+01 -0.753898868227844E+01
%  0.486244178881196E+01  0.928229410804567E+01  0.649529845876395E+01
%  0.288626604055414E+02  0.160307787413746E+02  0.836611674306836E+01
% -0.660623636867994E+02  0.670454069286492E+02 -0.417003435704936E+02
%  0.171823298051665E+02 -0.205938175886982E+01 -0.526069765971718E+01
% -0.295190716726115E+02 -0.129293682322355E+02  0.166781881447848E+01
%  0.789734556855455E+01  0.320859770459762E+02 -0.103543479197304E+00
%  0.909981675057041E+00  0.387182673321384E+01  0.194614423543456E+01
%  0.512806735473367E+01  0.153256978765766E+01 -0.317383664319783E+02
% -0.321709114431884E+01  0.149599612784809E+01  0.345015925824854E+01
%  0.223090529419114E+02 -0.104095440511003E+02 -0.147933771802488E+02
%  0.312162314822155E+02  0.680780788252783E+02 -0.173898725652305E+02
% -0.180094003344759E+01  0.549869146946811E+01 -0.298931907342926E+01
%  0.653376486644454E+01 -0.826902294941072E+01  0.134449185505751E+01
% -0.138604542225239E+00 -0.459115490186964E-01 -0.899795312609238E+00
%  0.160910372459556E+01 -0.390549061170436E+00  0.512433987158100E+01
% -0.236693624359638E+02 -0.564199498783318E+02 -0.288424552793397E+02
% -0.101225970208338E+02  0.194119874270127E+01 -0.254748879348741E+01
% -0.474739608144403E+01  0.752549582171086E+01 -0.151844831124651E+01
% -0.217857653172743E+02 -0.594373268165973E+01  0.174470638976877E+02
%  0.217117569725465E+01 -0.223713489286510E+02  0.121335109442624E+02
%  0.683453077676154E+02 -0.397321241687808E+02  0.196100453943576E+02
%  0.124044930897581E+02  0.175022836278287E+02 -0.714717793411568E+01
% -0.357158919808919E+02  0.535182306517147E+02  0.277493772285827E+02
% -0.185464424011261E+01  0.185256688994823E+02  0.261566620235481E+01
%  0.204641836940964E+02 -0.216835115466313E+02 -0.178882811752502E+02
% -0.168766175493154E+01 -0.208312052874480E+01 -0.160720492621562E+02
% -0.316028338722694E+01 -0.277735918037686E+01  0.456055291540693E-01
% -0.142116841041081E+02  0.154094751369081E+01 -0.316347361819223E+01
% -0.614270407213227E+01 -0.203819423938973E+02  0.414638081013209E+00
%  0.315359745814033E+02  0.724503899008686E+01 -0.146049386645324E+02
% -0.560995605608008E+01  0.128095101890094E+01 -0.242870271882744E+02
% -0.541817076864944E+02 -0.331576663847261E+02 -0.103221846527569E+02
% -0.112508255809608E+02  0.153471179937690E+02  0.371275836798491E+01
% -0.145848324698648E+01 -0.873477747223625E+01 -0.222020764537542E+00
% -0.928548082963395E+01  0.265453296473634E+02 -0.693614603222676E+01
% -0.956495602808736E+01 -0.342211054229862E+01 -0.811386981390671E+01
%  0.139909307069161E+02  0.731643446239458E+01  0.172739709341301E+00
%  0.288542936477720E+02  0.290119968327564E+02 -0.631251807861750E+01
%  0.427979803023634E+01 -0.308207928439586E+01 -0.784222117517903E+01
%  0.261373151840518E+02  0.407480196510763E+02  0.371462320843652E+02
%  0.132399155998941E+02 -0.134793577200187E+02 -0.462260905484736E+01
% -0.974155847802437E+01 -0.211975670651811E+00  0.205637837512672E+01
% -0.192031280287922E+01 -0.207007960531738E+01 -0.127883347728501E+01
% -0.432174287218279E+01  0.976574056675478E+01 -0.287670809854623E+01
%  0.127714301441317E+02  0.112957118483384E+01 -0.877448583013858E+01
%  0.574173507448863E+01 -0.490941824580567E+01 -0.127354989881597E+01
% -0.698891312440093E+01 -0.225679943410734E+02  0.254692010962574E+02
% -0.923066706753745E+01  0.394290433702084E+01  0.884914713160837E+01
% -0.462837218911961E+01 -0.225527794653779E+01 -0.107242435190490E+01
%  0.477941894199310E+01  0.630160361619596E+00  0.881161453986415E+01
%  0.168494797649167E+02  0.300288381783362E+01 -0.266156388823336E+02
%  0.133000532558356E+01  0.886288421344939E+01 -0.931161089926908E+01
% -0.156459002100086E+02  0.624453422789212E+01 -0.720029411808145E+01
%  0.177232274501176E+02  0.229437936477926E+02 -0.218508239736987E+02
%  0.114203197618159E+02 -0.328243413121151E+02  0.287825233061390E+01
%  0.427570134420248E+01 -0.155442139760365E+01 -0.188241014744296E+01
%  0.134772669210447E+02 -0.564796249547075E+01  0.279829364751701E+01
% -0.101606002359613E+02  0.174693969481148E+02 -0.262118066998379E+02
% -0.278983515972231E+02 -0.274896255671843E+00  0.185880339354692E+01
% -0.210228313695697E+01  0.554330576269005E+00 -0.451337430274823E+01
% -0.935547293577586E+01  0.200227163754914E+02  0.133115597042562E+02
% -0.288536859788130E+02  0.172257331404048E+02  0.916501928097168E+01
%  0.185565047055719E+02 -0.226086472384773E+02  0.368912787756621E+02
%  0.529181797842914E+01 -0.532316967075134E-01  0.140642852820883E+02
% -0.136371378569426E+01 -0.329326306638521E+02 -0.900154648055517E+01
% -0.656739943827995E+01  0.794319445763684E+01  0.194716833844604E+02
% -0.185374276555294E+02 -0.106956473418094E+03 -0.282596320556488E+02
% -0.180836854263655E+02 -0.428785469131442E+02  0.969725430364390E+01
%  0.133167508018049E+02 -0.939306382192553E+01  0.190446134151454E+02
%  0.585458411697047E+01 -0.433498663361639E+02 -0.431253356470329E+01
% -0.144924914476215E+01  0.958304221686741E+01  0.464345434046295E+01
%  0.160464054912624E+02 -0.328013723471898E+01  0.405500987960255E+01
%  0.329724110185631E+00 -0.578723557876615E+00 -0.351043568166648E+01
%  0.959239422434358E+01 -0.488109012307861E+01 -0.108495009757289E+02
% -0.105060383647957E+02  0.542912005748065E+01 -0.398940690398398E+02
% -0.139540780258845E+01 -0.161095730220322E+01 -0.980557686673403E+01
%  0.393848117190065E+02 -0.441497844710431E+02 -0.286966910297808E+02
% -0.298229765205611E+02  0.361211006474603E+02 -0.109620115107376E+02
%  0.357244620220507E+00  0.193296729746662E+00 -0.176599281830021E+01
%  0.805452938322176E+01 -0.597445067123161E+01 -0.115815020159075E+02
% -0.840775921062027E+01  0.922772463162878E+01  0.222579417791818E+02
% -0.383121535378984E+02 -0.402479359538567E+02  0.626081741395098E+02
% -0.235262570735510E+02 -0.983988162980516E+01 -0.275209053194275E+02
% -0.384874301056694E+00 -0.187361450204932E+00 -0.227320128091003E+01
% -0.292797111917886E+01 -0.828733363967010E+00  0.251711029468927E+00
% -0.474769363148332E+01  0.364861839590539E+01 -0.107925579786119E+01
% -0.150132121359580E+02  0.212429743846582E+02 -0.179898087321721E+02
% -0.103215574529764E+02  0.808460298236654E+01 -0.902100789378516E+01
%  0.431131329420288E+02 -0.947303433327874E+01 -0.117395147148412E+02
%  0.529907120401095E+01 -0.425771823185136E+02 -0.454980463136076E+01
% -0.101837125802135E+01 -0.494509824474720E+00 -0.153330088385491E+01
% -0.169415730789972E+01  0.838435933919262E+01  0.325562506808854E+01
% -0.253842038313965E+01  0.119049011579850E+02  0.211287829112210E+02
% -0.312653118724367E+01 -0.119108899065035E+02  0.242502976412376E+02
%  0.172912332762977E+02 -0.178625081122413E+02  0.120143678171695E+02
%  0.218245983197303E+01 -0.100305506543902E+01  0.300364221811142E+01
% -0.205110235140356E+01  0.275035827582104E+01  0.407595255158786E+01
%  0.798730376892009E+01  0.737908083639146E+01  0.711486564527648E+01
% -0.181993936944146E+02 -0.150489949103635E+02 -0.216115919243945E+02
% -0.298759697661131E+02 -0.155599262604715E+02 -0.303609551240612E+02
% -0.158857517362342E+02 -0.378308176525875E+01  0.368316236247986E+02
%  0.193470712951976E+02  0.321717128252585E+02  0.212679806503150E+02
%  0.837026889466353E+01  0.152791507176135E+02  0.137195023576582E+02
% -0.126577613896333E+00  0.487619371498966E+01  0.314575659381592E+01
%  0.516078505018456E+01 -0.889748400643018E+00 -0.995615028684887E+00
%  0.176552832737521E+01  0.788706468964083E+00 -0.101560047760370E+02
% -0.101053176250611E+02 -0.887615894374164E+01 -0.452776820981906E+01
%  0.625424596572633E+01  0.436252917914603E+01 -0.307478921534486E+01
% -0.522197348558215E+01 -0.262131852893308E+01 -0.220352330559309E+02
% -0.101310021470056E+02 -0.344242971297977E+01  0.620880127714051E+01
% -0.154989520070720E+01 -0.224493053386546E+01  0.333146806529112E+01
%  0.270399836849170E+02 -0.413298014446534E+01 -0.135078725186801E+02
% -0.229639219781491E+01 -0.755186905969456E+01  0.764508509054911E+01
% -0.248349215266466E+02 -0.259285471047905E+02  0.851200363187530E+01
%  0.530612812417538E+01  0.765783606508107E+01  0.954616904813561E+01
%  0.741396629616360E+00 -0.998247974728749E+01 -0.170818303569555E+02
% -0.115759132139172E+02 -0.421834082300819E+01 -0.135645818839564E+02
%  0.321996870606247E+02  0.824637775574145E+00  0.201301255994524E+02
%  0.694676069703489E+01 -0.952795359881869E+01  0.339188498008204E+02
% -0.200739939947009E+02  0.640166382628082E+02  0.442067068407426E+02
% -0.250957230687110E+01 -0.646953128303849E+01  0.223336400701548E+01
% -0.359519899956809E+01 -0.398839357522355E+01 -0.588856049991927E+01
% -0.206074484713011E+02  0.172423856233799E+02  0.593500104116914E+01
% -0.274773162862901E+02 -0.194681527418582E+02  0.118463384171195E+02
%  0.127603410568468E+02 -0.740457621321958E+01  0.282289134735874E+02
% -0.669060037972463E+01  0.104209829249255E+01 -0.133657242742544E+02
% -0.843116116826561E+01  0.816251153826869E+01  0.332870015898005E+02
% -0.117869215730703E+02 -0.657563346564112E+01  0.528533191345345E+01
%  0.655914464538523E+00  0.106290276314236E+01  0.276482588751715E+01
% -0.498462189268415E+02  0.348456659081427E+02  0.758349934232129E+01
% -0.311926712295390E+02 -0.201901006920052E+02  0.926900397668438E+01
% -0.216161612459141E+01 -0.755890452398973E+01 -0.758884387459410E+01
