% T    256  0.715122828077254E+01  0.715122828077254E+01  0.715122828077254E+01
  -0.917584069210660E+00 -0.323475125841020E+01 -0.396513357006803E+00
  -0.459836720637844E-01  0.809396874946064E+00  0.261300122910466E+01
   0.286962715825754E+01 -0.367384479790674E+00  0.768243624460402E+00
  -0.473239507657975E+00  0.245146128692430E+01 -0.207279577760675E+01
   0.270750281686935E+01  0.241099993781300E+01  0.977373418060660E+00
   0.111997923669578E+01  0.317066192076211E+00 -0.907127792271821E+00
  -0.795992927396214E-01  0.264811787026596E+01  0.236307833271357E+01
   0.554706095571284E+00  0.703203707030035E+00 -0.287330245578215E+01
  -0.427353115987812E+00  0.134472991366233E+01 -0.171794498695466E+01
  -0.210243379183583E+01 -0.279335716793505E-01  0.107015482253072E+01
  -0.312406186547589E+01  0.206811501048375E+01  0.138308749366135E+01
  -0.249788279514417E+01 -0.204015146935566E+01 -0.688625008632271E+00
   0.147791604835716E+01 -0.138578898052360E+01 -0.122723877484898E+01
   0.306628755505690E+01 -0.304165748088843E+01  0.219694663824564E+00
  -0.199991822352336E+01 -0.119838744134138E+01 -0.117741207946684E+01
   0.280847909547349E+01  0.122782987306023E+01 -0.216112681976439E+01
  -0.237357980771475E+01  0.326726527659026E+01  0.195702157404467E+01
  -0.156031390441429E+01 -0.129405472277377E+01 -0.323587720044129E+01
  -0.463514417636182E+00 -0.668805405140511E+00 -0.219800374217699E+01
  -0.113928725526714E+01  0.604120830953646E+00 -0.841517874308559E-01
  -0.103220217659048E+01  0.252628241102395E+01  0.137237135421517E+00
   0.157576939117512E+01 -0.381905023595417E+00 -0.194931783949699E+01
   0.181353154067144E+01 -0.549350211166755E+00 -0.326291467509458E+01
   0.257538689190984E+00  0.232690044163126E+01  0.341639020924449E+01
  -0.149245360290601E+01 -0.236255795172026E+01 -0.279459490536392E+01
   0.245651694566629E+01  0.353491258695596E+01  0.220932952547001E+01
  -0.329716683634161E+01 -0.144092451158636E+01 -0.721871229545436E+00
   0.170539406408542E+01  0.223732759419036E+01 -0.183233300516771E+01
   0.194219596791652E+01 -0.278012346755952E+00  0.194267298503610E+00
   0.794573373615531E+00  0.312058437919728E+01  0.519032584952958E+00
   0.355548548957701E+00  0.203441971440044E+01  0.187164049728174E+00
  -0.477464226204640E+00 -0.144578689440071E+01  0.102460280189799E+01
  -0.274576073073501E+01 -0.169849448885679E+01  0.939626071516200E+00
  -0.283717568675054E+01  0.100457538354038E+01  0.216018944151639E+01
  -0.196046270327827E+01 -0.337471346979381E+01 -0.206397808504202E+01
  -0.259254713693460E+01 -0.727133806956811E+00  0.320614653152305E+01
   0.239964701882014E+01 -0.176898901768473E+01  0.189210390922210E+01
   0.138499558488829E+00  0.340359886565324E+01 -0.124529294666634E+01
  -0.292096648725632E+01 -0.343477216871200E+01 -0.559364227798482E-01
  -0.873595596480688E+00  0.244467852419023E+01 -0.299829752158234E+01
   0.341436144064329E+01 -0.195274491738017E+01  0.333964386441890E+01
   0.335591208433402E+01 -0.315225241200761E+01 -0.266463030430785E+01
   0.253306127480463E+01  0.315810787505153E+01 -0.215895297763822E+01
  -0.174375537836308E+01 -0.202296881532289E+01 -0.175085267892472E+01
   0.354056170760646E-01  0.199395562921178E+00 -0.198256182079675E+01
   0.903798293281600E+00  0.120328787101419E+01 -0.669725805522760E-01
  -0.153804348032894E+01 -0.108940627822228E+01  0.594630274728382E+00
   0.303554209915996E+01  0.268184293384994E+01  0.271127037273300E-01
   0.270696506951379E+01 -0.134317387865426E+01 -0.113322106365034E+01
   0.339028705958481E+01  0.507851193277699E+00  0.294381786376096E+00
   0.103508386196206E+01 -0.278201841066821E+01 -0.309561699019694E+01
   0.135366841168891E+01  0.200706237883025E+01 -0.356400408819708E+01
   0.181769285126714E+01 -0.188088381572048E+00  0.249265996381622E+01
  -0.152582522817428E+01 -0.341126388115816E+01  0.297199811861930E+01
  -0.903496917238399E-01 -0.775639037812140E+00  0.192358337384600E+01
  -0.823624694526854E+00 -0.219144991975024E+01  0.438694741250433E+00
   0.132287093840158E+01  0.214857310461293E+01  0.389893751877919E+00
  -0.263534004676386E+01  0.334948120549372E+01 -0.286696844158169E+01
   0.202887421340843E+01  0.284452262101252E+01  0.116238918806978E+00
  -0.141392883005894E+00 -0.226096439631710E+01  0.221250484087914E+01
  -0.114906505815596E+01 -0.965496526091566E+00  0.163203240801022E+01
   0.351474469156811E+01 -0.100223861199583E+01  0.243315208598061E+00
   0.294580190466394E+01  0.344100928864618E+01  0.114273382039398E+01
   0.258801402080411E+01  0.125632881223680E+01 -0.644728057377820E+00
  -0.534980924567830E+00  0.195848306354406E+00  0.185761116972764E+01
  -0.289376423288095E+01 -0.261426236161638E+01 -0.263330315871476E+01
   0.345788728665306E+01  0.326047516608817E+01  0.221860132427836E+01
  -0.191711527202037E+01 -0.300118463720500E+00 -0.152292127712300E+01
  -0.210246698771364E+01  0.270459164740546E+01  0.103240931864233E+01
   0.123275492543634E+01 -0.237758115355694E+01  0.158518947879222E+00
  -0.794169070031034E+00 -0.354754258757795E+01 -0.203601344408636E+01
  -0.284886415810735E+01  0.300689430882082E+01  0.311013513187756E+01
   0.171013378055857E+01 -0.142249024075235E+01 -0.109212061948010E+00
  -0.293737469958875E+01 -0.566649378497594E-01 -0.150251987625563E+01
   0.122840656920602E+01 -0.116494121082575E+01 -0.257748515408002E+01
  -0.998405317471222E+00 -0.405611653596318E-01  0.698389687313530E+00
   0.217018662915143E+01  0.146647562600928E+01  0.318594220566105E+01
   0.764814150180735E+00  0.122757123212662E+00  0.333540459163119E+01
  -0.346379329805183E+00  0.155319968265692E+01 -0.688852469706665E+00
  -0.337840169113309E+01 -0.618321063545932E+00 -0.302678708906375E+01
   0.170536783684542E+00 -0.272181862992709E+01  0.321027833244226E+01
   0.277748936815418E+01 -0.760625018664393E+00 -0.238110928285151E+01
  -0.415450783921610E+00 -0.121704223705459E+01 -0.104962600670702E+01
   0.342349769867431E+01  0.250661633222309E+01  0.297360002566399E+01
   0.232833446777257E+01  0.270978164204227E+01 -0.116745244737737E+01
   0.274368285786938E+01  0.271142049602120E+01 -0.320048610313384E+01
   0.195951127927492E+01 -0.344991254369927E+01 -0.165208451457681E+01
   0.953498934451267E+00  0.165152599044718E+01 -0.111015613721414E+01
   0.329131284849284E+01  0.344131191514140E+01 -0.147661713043217E+01
   0.215899953085287E+01  0.509850222914523E+00 -0.126880495639125E+01
  -0.123009637615066E+01  0.110007594798804E+01  0.141777245299824E+01
  -0.253518498932357E+01 -0.959326122549501E+00  0.158151590203219E+00
  -0.766492316383503E+00 -0.265693167347178E+01 -0.340939764827646E+01
   0.147510699017480E+01  0.241779475239135E+01  0.227861550412431E+01
  -0.961193281405551E+00 -0.678099874167889E-01 -0.275408637818149E+01
  -0.816722350996013E+00  0.302627275796568E+01  0.325293418865052E+01
   0.526498945900033E+00  0.180389080037844E+01  0.254186063811597E+01
   0.351071650854551E+01  0.255617085444703E+01 -0.245188532409347E+01
   0.184044817581393E+01  0.847310644551645E+00  0.480506431579118E+00
   0.220206824465778E+00  0.335559979121384E+01  0.309678646441980E+01
  -0.256708881695041E+01 -0.146812709493054E+01  0.202759188100081E+01
  -0.278332954497381E+01 -0.180013637077941E+01  0.320258847245053E+01
  -0.184436974946346E+01 -0.240180200286590E+01  0.219452349000864E+00
  -0.339863156899192E+00  0.141486400992687E+01  0.528980222808051E+00
   0.306171081642673E+01 -0.941802033965092E+00  0.310711353610366E+01
   0.321939435912931E+01 -0.278496930586324E+01  0.205424834640036E+01
  -0.213950696658264E+01 -0.268159216983731E+01  0.216232877460126E+01
   0.167041866777299E+01  0.262316252436225E+01  0.119400871656196E+01
  -0.125150140408280E+01  0.307284338762101E+01 -0.119189815282190E+01
  -0.175582523414482E+01  0.269752566543295E+01  0.290260815299630E+01
  -0.154885278887237E+01 -0.143729460935756E+01  0.257351841211256E+01
   0.202383031236617E+01  0.507317592963741E+00  0.348183326906139E+01
   0.309079523511612E+01  0.341252690180836E+00 -0.267649448022623E+01
  -0.190640114046973E+01  0.158552296469370E+01  0.285239448256713E+01
  -0.970322838165128E+00  0.390226287215739E+00 -0.155244841888472E+01
  -0.261935864886055E+01  0.164692793925120E+01  0.305425393933096E+00
   0.842857066041098E+00 -0.291552934657582E+01  0.105503204351623E+01
   0.244095509105996E+01 -0.425738553194257E+00 -0.123189129858695E+01
   0.324556005053281E+01  0.419779828201816E+00 -0.105221049666278E+01
  -0.309778500895304E+01 -0.233500931037636E+01  0.248552583562563E+01
  -0.228580136094633E+01  0.517397693526865E-01 -0.320219502121554E+01
  -0.332936760181971E+01 -0.199905206716249E+01  0.235478658701547E+00
  -0.193934544747702E+00  0.242812957178994E+01 -0.962982114941645E+00
  -0.213713858325939E+01  0.763751072366292E+00  0.360483249769068E+00
   0.239093774234468E+01 -0.205805279360676E+01  0.339539289601239E+01
   0.318766842390792E+01  0.128807380096226E+01  0.151767577582670E+01
  -0.585407105956912E+00 -0.332397362902998E+01  0.254378586384356E+01
  -0.851397400946572E-01  0.144698806834277E+00  0.914059095408829E+00
  -0.398149899375111E+00 -0.604531445693615E+00 -0.339860823836236E+01
   0.868087353231571E+00 -0.255820780630931E+01  0.233481186327593E+01
   0.269481860944397E+01 -0.259889821662418E+01  0.103717482949436E+01
   0.279391805613431E+01  0.206278766271312E+01  0.201556602023689E+01
   0.338286348581887E+01  0.234750093104530E+01 -0.123068146036944E+01
  -0.162644462492343E+01 -0.345352903569184E+01 -0.310639924469419E+01
   0.104952288959316E+01 -0.299092506589498E+00  0.715587324672284E+00
   0.383799043930398E+00 -0.289807780593463E+01 -0.619197094165864E+00
  -0.176582521334109E+01 -0.230693977387459E+01  0.329598842520755E+01
   0.556296801548603E+00 -0.168162022749505E+01  0.156805191234408E+01
   0.172608103509284E+01 -0.349228739219847E+01 -0.557623243314948E+00
  -0.121055380772497E+01  0.319761768766125E+01  0.184993029577039E+01
   0.768089762159580E+00 -0.350705086901991E+01 -0.215303260064379E+01
   0.167141721082178E+01 -0.276837719523076E+01  0.314176936431091E+01
  -0.401525353258014E+00  0.309770988381813E+01  0.110883619993494E+01
  -0.431711454714086E+00 -0.166019923793587E+01 -0.316060813104249E+01
  -0.174499361016457E+01 -0.320698001852203E+00  0.247293112055091E+01
   0.859071997489609E+00  0.111518104780752E+01  0.326728350393992E+01
   0.152339286354741E+01 -0.221776571705403E+01  0.143517395301439E+01
  -0.847595593268868E-01  0.322838763284916E+01 -0.279719174387968E+01
  -0.147172768683098E+01  0.297420037978534E+01 -0.225565315065062E+01
  -0.118854060877881E+01 -0.128614979065040E+00  0.344156422903344E+01
  -0.306396194399367E+01  0.277846723161076E+01  0.501792991349034E+00
   0.456426537973744E+00 -0.156926083399637E+01  0.280817747263261E+01
  -0.187668492246991E+01  0.732474302174051E+00 -0.875778058652796E+00
   0.749575582381148E+00  0.293015044786222E+01 -0.607309148048117E+00
   0.128229503873996E+00 -0.737047410307468E+00  0.171914845093690E+00
   0.325341385498112E+01 -0.106010718270532E+01  0.137840532613549E+01
  -0.191249358945388E+01 -0.284019399499559E+01 -0.100617447142077E+01
   0.155384744488883E+01  0.496543381556092E+00 -0.277812910091559E+01
   0.151172044868622E+01  0.143953386009159E+01 -0.236156107055479E+01
  -0.784363119289462E+00 -0.844933789954455E+00 -0.224716237051145E-02
  -0.131835021507715E+01  0.356635970355073E+01  0.727109711944971E+00
  -0.878497074766755E+00 -0.276249393553904E+01 -0.141338367358559E+01
  -0.250724993729052E+01 -0.311499068415491E+01 -0.354406673000119E+01
  -0.189432263593337E+01 -0.264573695901152E+00 -0.716215489374479E-01
   0.328256284379971E+01  0.150020438299200E+01  0.309801097358692E+00
   0.220497272086530E+00 -0.313671473447603E+01  0.172989942394964E+01
  -0.332947002055290E+01  0.148160680650873E+00  0.236112985451363E+01
  -0.830256404713765E+00 -0.171962446110511E+01 -0.215662804800444E+01
  -0.103031297608098E+00  0.553826584762879E+00 -0.581879996947883E-01
  -0.988276569123673E+00  0.926670786685254E+00  0.309177257690707E+01
  -0.175050365918248E+01  0.194739991062254E+01  0.182418199470983E+01
   0.214410561066498E+01  0.957145383041461E+00  0.218733826019213E+01
  -0.320332496480166E+01  0.653487001029700E+00  0.349327045055241E+01
   0.908858635321172E+00  0.948142128044149E+00  0.201460956102731E+01
   0.277672612286402E+01 -0.160700633540708E+01  0.439282526723641E+00
   0.395488263685842E+00 -0.267213449083982E+01 -0.156395940928945E+01
  -0.267065884323938E+01 -0.303331773906283E+01  0.982844402947535E+00
   0.183237082031686E+01 -0.124457707202195E+01  0.295847767253457E+01
   0.324130773112732E+01  0.125678236193367E+01  0.253819200781908E+01
  -0.277193875088429E+01  0.175264811104117E+01  0.340246041399548E+01
   0.153533903296987E+01  0.352516324405184E+01  0.260062369907538E+01
   0.120083761929442E+01 -0.181977939984337E+01  0.355321028981477E+01
  -0.294332560718993E+01 -0.186252841208293E+01 -0.168983486744693E+01
  -0.268208574357233E+01  0.220251004424211E+01 -0.548655339500247E+00
   0.301063823977677E+01 -0.251827482588873E+01 -0.906066614863704E+00
  -0.118310558968445E+01 -0.392260302351672E+00 -0.886166580077558E+00
   0.525645431830414E+00 -0.160018174378320E+01 -0.109971567147819E+01
   0.635032380643879E+00  0.284292963098395E+01  0.160946566537358E+01
   0.203696183633188E+01 -0.287416736673980E+01  0.335262945652057E+00
  -0.186858701252074E+01  0.705964375609602E+00  0.212397234015112E+01
   0.300576619444786E+01  0.145427124441053E+00  0.310734848043699E+01
   0.135828049348331E+01 -0.139467353657400E+01  0.851434744267783E+00
   0.288285226513149E+01 -0.298056664813817E+00 -0.305051051124442E+00
  -0.143856641880827E+01  0.164973183192210E+01  0.297192603213635E+00
  -0.124910478894416E+01  0.159226312485327E+01 -0.349913581287166E+01
  -0.464014699596079E+00  0.179676534414823E+01  0.273934535330909E+01
  -0.344349517329076E+01  0.324850600112265E+01 -0.325507213324917E+01
  -0.145064586480822E+00  0.109183260720957E+01  0.162976616359604E+01
  -0.150677970414285E+01 -0.206708758416046E+01  0.148423537058443E+01
   0.825382721345830E+00  0.827562052974667E+00  0.939398496521992E+00
  -0.205622398422256E-01 -0.206464621248291E+00 -0.900323296394916E+00
  -0.254473041005831E+01  0.208780330606276E+01 -0.237008280760881E+01
   0.183163251308981E+01 -0.332126524892180E+01  0.149521664836393E+01
   0.158127983816753E+01 -0.106954770211296E+01  0.185488232587871E+01
   0.152740089566582E+01 -0.238331236968136E+01 -0.214639516139608E+01
  -0.312194666509854E+01  0.121488103423255E+01 -0.605657070141901E+00
   0.296344539641196E+00  0.849688901748115E+00 -0.120276819405726E+01
  -0.202124912277607E+00  0.325637352849874E+01 -0.143700232079927E+00
  -0.224149073163672E+01  0.337610224286109E+01 -0.863032960667085E+00
  -0.240026641545709E+01  0.123412235984670E+01 -0.274890425607477E+01
   0.121594291666555E+01  0.746227711992982E+00 -0.180394861865128E+01
  -0.183135360792314E+01  0.239844813329317E+01 -0.332354962286865E+01
  -0.253009644071315E+01 -0.150315373126052E+01 -0.309941023867291E+01
   0.162643046486714E+01  0.154815337823385E+01  0.141375349421299E+01
  -0.641615345408294E+00  0.221475229455382E+01  0.172956396714959E+01
  -0.150255168995380E+01  0.180947201781262E+01 -0.191871027681742E+01
  -0.297794382361567E+00  0.143280064324375E+01 -0.347831864781518E+01
  -0.309938359565741E+01  0.265077497535032E+00 -0.248461535898262E+01
   0.347826258096645E+01 -0.304335576763207E+01  0.312468375143852E+01
   0.120737022822901E+01 -0.246349653207211E+01 -0.887912391698814E+00
   0.222598977598474E+01 -0.264499718614039E+01  0.227073530423840E+01
  -0.799300204439934E+00 -0.219049934123265E+01 -0.601680645916859E+00
   0.251264822465078E+01 -0.317027229612530E+01 -0.330580014009392E+01
   0.144070038622065E+01  0.336427023686480E+01 -0.321381683007804E+01
   0.329852369258954E+01 -0.155623711502846E+01  0.232529157517326E+01
   0.483990694356879E+00 -0.511541806750201E+00 -0.266156636427159E+01
  -0.191940709379351E+01  0.613259856472438E+00 -0.209342120368693E+01
  -0.248093433150314E+01  0.156720922767151E+01 -0.150564519128459E+01
   0.219293534261498E+00 -0.181855284233691E+01 -0.235239461746907E+01
  -0.235850580858483E+01  0.107049820817225E+01  0.121755446131047E+01
  -0.121884379300583E+01 -0.236498971176478E+01  0.254688774161924E+01
  -0.273315173844814E+01  0.219529598671633E+01  0.249459408724045E+01
  -0.190691037548000E+00  0.295953773045068E+00  0.353784541452997E+01
   0.228409009002791E+01 -0.163516889626021E+01 -0.282103705225054E+01
   0.225403410561803E+01  0.267998710466047E+01  0.300782896221146E+01
   0.326494223859226E+01  0.178728029694096E+01 -0.348689775453805E+01
  -0.199226338201439E+01 -0.102679210307488E+01 -0.230549910722923E+01
   0.659572643001124E+00 -0.714109117859705E-02  0.197260369909441E+01
   0.427202172494275E+00  0.184115473175842E+01  0.115625312925055E+01
   0.277032516572117E+01 -0.237480887580706E+01 -0.207534871327277E+01
   0.828396530947609E+00  0.248850466773640E+01 -0.246877590529759E+01
   0.344168291820425E+01 -0.175235146594477E+01 -0.255374674345602E+01
   0.268552347658858E+01 -0.343358056680233E+01 -0.758635927860553E+00
   0.277738635890201E+01  0.224899470701156E+00  0.191234702844111E+01
   0.520980402734049E+00 -0.650387524498488E+00 -0.157239259006673E+01
  -0.304403797257233E+01 -0.833302041109522E+00 -0.212551624869526E+01
   0.181959627003629E+01  0.794970167429699E-01  0.130150706759249E+01
   0.947481921306219E+00 -0.700370486717989E+00 -0.500706573066354E+00
   0.462544455473516E+00 -0.171343183988577E+01 -0.861475471172686E-01
  -0.612479555309621E+00 -0.127760373098871E+01  0.293011153507724E+01
  -0.328524025580613E+01  0.135263248986975E+01 -0.244227342189205E+01
  -0.115474373319056E+01  0.108333706415767E+01 -0.258975251941981E+01
  -0.272469765665046E+01 -0.123588834263452E-02 -0.460075534506065E+00
   0.350911383885611E+01  0.127549525669521E+01 -0.144451485386108E+01
  -0.134647277232209E+00 -0.289707231944032E+01  0.475076305724347E+00
  -0.167234025691191E+01  0.184038189965593E+01 -0.732277769017853E+00
%  0.198660300724679E+01 -0.266834313597014E+01 -0.771053028416045E+00
%  0.364948159809753E+00 -0.167081015497702E+01  0.704551089258930E+00
%  0.211578247257876E+01 -0.300596820781003E+00 -0.973232628861549E+00
%  0.358924802221463E+01  0.118608037172642E+01 -0.163920591000914E+01
% -0.210915822526335E+01  0.276459427817803E+01  0.713357265142405E+00
%  0.154920768432674E+01 -0.160697921003127E+01 -0.809442178132714E+00
%  0.178522092988599E+00 -0.168921288489220E+01  0.151972665364365E+01
% -0.457389891285588E+00  0.111398048717227E+01  0.174779824749941E+00
% -0.100692626981258E+01  0.125265869834330E+01 -0.318214208955091E+01
%  0.122786510245627E+01 -0.699717077062898E+00  0.230854402846525E+01
%  0.167385766184657E+01  0.422549778056724E+00 -0.188369500724159E+01
% -0.802948950790427E+00  0.669597151248784E+00 -0.125609384410025E+01
% -0.138316003943040E+01  0.784063925232447E+00 -0.290669952539907E+00
% -0.314910681338980E-01 -0.132990650591255E+01  0.549310366173928E+00
% -0.299285325539909E+00 -0.417865583130393E-01  0.331750718747005E+00
%  0.994238348280044E+00  0.372771840202527E-01  0.254654017169837E+01
% -0.114539791318748E+00  0.256856016950701E+01  0.136895026027040E+01
%  0.271347062285153E+01 -0.510543591611262E+00 -0.222407937285818E+01
%  0.140140253323944E+01  0.664556116654540E-01 -0.582358741347905E-02
% -0.237076931824680E+01 -0.325234470786306E+00  0.350837989034537E+00
%  0.269064818228393E+01 -0.125430940475789E+00 -0.206416031742062E+00
%  0.806961272634405E-01  0.180824936714141E+01  0.401473523828147E+00
%  0.336270701631069E+00  0.742363477237043E+00 -0.510421149159047E+00
% -0.686682707701528E+00  0.521911437934765E+00 -0.119922248393004E+01
% -0.282680858191378E+00 -0.110958112046046E+01 -0.430118893546284E+00
%  0.186007595542772E+01 -0.251253150945474E+01  0.296411604646619E+00
%  0.649219722776888E+00  0.120906417508300E+01 -0.191997420651365E+00
%  0.362368542726303E+01  0.498156923088254E+00 -0.143457672278442E+01
% -0.623403381305932E+00 -0.300789038115091E+01  0.150356835560663E+01
% -0.568188097784102E+00 -0.272713789299815E+00 -0.262300097450727E+00
%  0.176318431546498E+01 -0.196398140207711E+01  0.805759299027803E+00
% -0.194394305405641E+01  0.307544458212723E+01  0.202767824842091E+01
% -0.118238019911536E+01  0.178255946079011E+01 -0.141535783866504E+00
% -0.204687807329915E+01 -0.140662353342979E+01 -0.752733121201262E+00
%  0.703709669074317E+00 -0.476632072011411E+00  0.106064252531319E+01
% -0.542005060990970E+00 -0.730879581940186E+00 -0.137575497116026E+01
%  0.268712560413943E+01 -0.659062107185675E+00 -0.105277688265269E+01
%  0.282891276657747E+00 -0.106732250636149E+01 -0.975630714271906E+00
%  0.317666018825533E+00  0.181615045503969E+01  0.156302840932822E-01
%  0.157146478705507E+01 -0.700040806792609E+00  0.344550783807151E+00
% -0.270904681164586E+01 -0.230747436817008E+00 -0.323226817182444E+00
% -0.177760534161462E+01  0.162460569728272E+00 -0.103146402139078E+01
%  0.559894745409548E+00 -0.162081653038103E+01 -0.782474587323942E+00
%  0.320108801813481E+00  0.496421491738566E+00 -0.462836686311518E+00
%  0.140723244893537E+01  0.157318163964664E-01 -0.793519986887982E+00
%  0.245414947486195E+01 -0.171971309888362E+01  0.265786349176520E+00
% -0.977489608352311E+00 -0.640332667108237E+00  0.511653683128692E+00
%  0.128824968020698E+01  0.212040320438614E+01 -0.164830610687453E+00
%  0.111149182154222E+01  0.199331241735884E+01 -0.997934441496143E+00
%  0.487705610741817E+00  0.197981663506847E+01 -0.230501528609156E+01
% -0.272899251145740E+01  0.116396860272408E+01 -0.123944946085747E+01
% -0.669762352862334E+00  0.116336333229600E+00 -0.211936450388258E+01
% -0.241797302847913E-01 -0.786460332019647E+00 -0.585720057957943E+00
%  0.643953640584530E+00 -0.123401589436321E+00  0.846978107558659E+00
%  0.166176240559565E+01 -0.365252302411774E+01  0.209574849751378E+01
% -0.657252540923734E+00  0.762881161318773E+00 -0.125659817212863E+01
% -0.100073225506230E+01  0.239885879809904E+00  0.202213267787914E+01
%  0.808216137757342E+00 -0.197059168689441E+01 -0.135095758404736E+01
%  0.921796790616306E+00  0.565244934609412E+00 -0.444835456515147E-01
%  0.114979386539961E+01  0.262723787692973E+00  0.115083638170314E+01
% -0.121432539145287E+01  0.287111866815035E+00  0.509731827158184E+00
% -0.187609982601209E+01  0.205027808028620E+01 -0.422614038179392E-01
%  0.861969324893260E+00  0.300731333002122E+01 -0.788860189027751E+00
%  0.120377187168616E+01  0.130761130378142E+01  0.209320519002284E+01
%  0.994384845267676E+00  0.957149527904280E+00  0.105350071448361E+01
% -0.674472538139061E+00  0.113204038631447E+01  0.638587283272657E+00
% -0.333408743063003E+00  0.104449502341570E+00  0.369509196776494E+01
%  0.155575076785095E+00 -0.314040397664095E+00  0.164976357064760E+01
% -0.962487853131074E+00  0.231364913263981E+01 -0.916288432991714E+00
%  0.540359612823567E+00 -0.500303966480243E+00  0.540496203500784E+00
% -0.255906971477393E+01  0.997639158038567E+00  0.348534521458597E+01
%  0.404688104065223E-01 -0.221357653045576E+01 -0.799878695178436E+00
% -0.841011303018127E+00  0.224987182719878E+01 -0.184567829968240E+01
%  0.145106377653618E+01 -0.138210991532745E+00 -0.793662415722501E+00
% -0.332470539635488E+01 -0.718533668317869E+00 -0.247036925124512E+00
% -0.361455114607751E+00 -0.137763692419693E+01  0.145917780341144E+01
% -0.110950609043746E+01  0.109479000130422E+00 -0.143210174305578E+01
% -0.812250446703650E+00  0.654765034957692E+00 -0.881691098039312E+00
%  0.168819606413179E+00 -0.912566101856721E+00 -0.177361097250719E+01
% -0.283678044941887E+01 -0.185656088061958E+01  0.124158535152020E+01
% -0.372853944880709E+00 -0.153122732986243E+01 -0.689486728001849E+00
%  0.466009072725929E+00 -0.300461654955622E+00 -0.861224476378123E+00
%  0.101893806499688E+01 -0.146016589659020E+01  0.539537990636588E-01
% -0.388558222109385E+00 -0.770864849700815E+00 -0.167839712513441E+01
% -0.692549126819684E+00 -0.201325101539873E+01  0.275942430957174E+01
%  0.584866432964451E+00 -0.132039788161740E+01 -0.218362644892001E+00
%  0.117320427226162E+01  0.105058285241761E+00 -0.323442934316541E+01
% -0.152367799147598E+01 -0.145513069024520E+01  0.941437518511333E-01
% -0.199937705200993E+01 -0.157034010352295E+01  0.129509784789206E+01
% -0.124178694770998E+01  0.763260392390950E+00  0.189781221038476E+01
% -0.112605052676283E+01 -0.141248759492445E+01  0.507182652141726E+00
%  0.887635207410389E+00 -0.876653344520558E+00  0.554828188910684E-01
% -0.270587971898127E+00  0.159008286515572E+01  0.104611754529171E+01
%  0.125330377994887E+01  0.107966718437079E+01 -0.851045883004694E+00
%  0.779782953594096E+00 -0.165189799494968E+00 -0.641362567429810E+00
% -0.153469300816743E+01  0.300949417010750E+01 -0.551272577981642E+00
%  0.402230294483261E+00  0.231896118971058E+00 -0.555947965861919E+00
% -0.445217492967595E+00  0.117569848590483E+01  0.272404685317529E+01
% -0.548449608410268E+00 -0.544339718917865E+00  0.132291320930168E+01
% -0.150652920338953E+01 -0.962652881127733E+00  0.239739700223148E+01
%  0.168315824393054E+01  0.732872718095348E+00  0.989873579611959E+00
% -0.628671635197577E+00 -0.143010018634669E+01  0.629477301272420E-01
% -0.250287070164353E+00  0.287920749937449E+01  0.122512307048914E+01
%  0.943834826843756E+00  0.616218465992095E+00 -0.526143388444979E+00
% -0.188516895026943E+00 -0.762371364425890E+00 -0.793796557984792E+00
%  0.391802414313276E+00 -0.932915188508336E-01  0.103521000177881E+00
% -0.141072268169874E+01 -0.382592991878567E+00  0.921598740745266E+00
%  0.140501197343147E+01  0.530345997406997E+00 -0.234077263036509E+00
% -0.107788487165257E+01 -0.207301539863340E+01  0.109485546812125E+01
% -0.145937779367495E+01 -0.855919456612341E+00  0.217140682603492E+00
%  0.891425928490137E-01 -0.608797964613496E-01 -0.893053756135620E+00
%  0.114838166854577E+01 -0.837242648469762E-01 -0.543919861055836E+00
% -0.112549094138477E+01  0.292027942959490E+00  0.127726486311286E+01
% -0.204366523801830E+01 -0.248811409889971E+01  0.118970602068368E+01
%  0.221828676546247E+01  0.982481938243629E+00  0.152915923433998E+00
%  0.114326021982287E+01 -0.155822048879040E+01  0.301225175439665E+00
% -0.123898541076963E+01  0.196986659625533E+01 -0.111526331945371E+01
% -0.552150590762216E+00  0.175856918801428E+01 -0.114164539325058E+01
% -0.451570178313854E+00  0.807851849692338E+00 -0.845814384337704E+00
%  0.678765588466932E+00  0.692907538189966E+00 -0.101459882103259E+01
%  0.208492268113176E+01  0.126523855420598E+01  0.682360994978008E+00
% -0.140843714353753E+00 -0.205574568311131E+01  0.110593235901522E+01
%  0.174167959269603E+00 -0.201858951084064E+01 -0.209094867807194E+01
% -0.472036690123087E+00 -0.278469641952530E-01 -0.101326591220447E+01
% -0.910338586618902E+00 -0.215511557955874E+01 -0.236062937605971E+00
% -0.132045346181910E+01 -0.150716409564922E+00 -0.564319086058560E+00
% -0.165242411355863E+00 -0.143026016483356E+01  0.273597643145413E+01
%  0.607006488825594E+00 -0.165796107239018E+01 -0.597621590076667E+00
%  0.442328567835155E+00  0.320976073162453E+01  0.209155824649472E+01
%  0.152732999867374E+00  0.548628088531025E+00  0.103739647515973E+01
%  0.644663018491797E+00 -0.291611967844356E+00  0.433731825462278E+00
% -0.649522719480365E+00  0.965500183110834E+00  0.255317816028432E+00
%  0.994375717134032E+00  0.245546618266751E+01  0.192664343104733E+01
%  0.223071229299833E+01 -0.686246524540373E+00 -0.512752247975786E+00
%  0.638626836946295E+00 -0.622979124259063E-01 -0.711996280286955E+00
%  0.761600737954905E+00  0.206669306271917E+01  0.786003552896067E+00
% -0.198435900754091E+01  0.130467231958956E+01  0.358938669072389E+00
% -0.918401723702456E+00  0.201550037393093E+00  0.217251461285952E+00
%  0.137107665423567E+01  0.115340696269698E+01 -0.236537124995759E+01
% -0.311768163670783E-01 -0.102175254382114E+01 -0.234272907315438E+00
% -0.647705670946680E+00 -0.234490018406970E+00 -0.139336729759476E+01
%  0.560501173909683E-01  0.136785617210952E+01  0.809670837916870E-01
% -0.158914316594042E+01 -0.180483183810800E+01  0.233129977167358E+01
%  0.188067581395987E+01 -0.335839844270779E+00 -0.569027354198597E+00
%  0.218874164315668E+01 -0.172323897642997E+01  0.671985460365520E+00
%  0.219771373877421E+01  0.836283642382895E-01 -0.148511536351932E+01
% -0.382588988245881E+00  0.207989677246377E+01 -0.138359304249976E+01
%  0.110833478949077E+01 -0.176846212872231E+01 -0.996592955054031E-02
% -0.292083897157470E+00  0.672291919443311E-01  0.200894515161715E+01
% -0.105001262833893E+01 -0.240118239254505E+01 -0.217870721538875E+01
%  0.495877301690239E+00  0.356082548696397E+00  0.110585098778042E+01
%  0.712705521709173E+00  0.708249718755044E+00 -0.886917814841787E-01
%  0.308663614817983E-01  0.122312763591836E+01 -0.111165979384758E+01
%  0.368369922757028E+00 -0.407186600400363E+00  0.808150470978389E+00
% -0.256434871882664E+01 -0.567697471503634E+00 -0.124555856595595E+01
% -0.174477048792220E+01 -0.912488600495930E+00  0.138577253719609E+01
%  0.285357283607657E+01 -0.286107447216692E-01  0.411111975155595E+00
%  0.360616828159690E+00 -0.429140033756553E+00 -0.624258927366645E+00
% -0.708961416144518E+00  0.377343937387028E+00 -0.711389534112493E-01
% -0.718102661668239E+00 -0.733562451016342E-01  0.138640875067580E+01
%  0.164583710678867E+01  0.671848712537436E+00  0.804786745513795E+00
%  0.424147435294996E+00  0.735644884948080E+00  0.324151448451853E+00
% -0.239277754375343E+01  0.122198414411745E+01 -0.390932865828692E+00
% -0.148800439562730E+01  0.142449027520632E+01 -0.432041085117770E+00
%  0.128128505484705E+01  0.177028122374835E+01  0.234046791299466E+00
%  0.867389293638799E+00 -0.186817278974944E+00 -0.889050384404760E+00
% -0.264948498968140E+00  0.851993790579279E+00  0.799250049039383E+00
% -0.996700895972407E-01  0.754007551871555E+00  0.168872403073376E+01
% -0.564032176962828E+00  0.137839107000475E+01  0.106212969793622E+01
% -0.339007000843655E+00  0.603415707441642E+00 -0.110326285458387E+01
%  0.972542538058480E+00  0.327678040887064E+00 -0.522039642028039E+00
%  0.173956553483129E+01  0.186023015628309E+01  0.827450518203731E-01
%  0.290865577184562E+00  0.150900479950512E+01  0.230299435486183E+01
%  0.163833638544549E+00 -0.165822295980539E+01  0.900992562963024E+00
%  0.796678213066603E-01 -0.257430610677714E+01 -0.119273131268654E+01
% -0.136451393851823E+01 -0.177236406757356E+01  0.107985096530774E+01
%  0.941713811274407E+00 -0.752117396640396E+00  0.392359738292487E+01
% -0.186488795627354E+01  0.847086162328749E+00 -0.475417937400518E+00
% -0.180299960311755E+01  0.784077631628944E+00  0.159240736540109E+01
% -0.106485510164913E+01 -0.544535363959325E+00 -0.705722902076375E+00
%  0.869288074951025E+00  0.217504381744769E+01 -0.450297554537369E+00
%  0.460303820632477E+00 -0.612370358762777E+00 -0.139611174259434E+01
% -0.178463449655663E+01 -0.473725450430726E+00 -0.147170838264128E+01
%  0.267291355955960E-01 -0.535918889266129E+00  0.248272788284575E+01
% -0.916974989514314E-01 -0.168278168715378E+01 -0.215150922568737E+01
% -0.204421935524576E+01 -0.199588272847195E+01  0.206554695460985E+01
% -0.529373370703718E+00  0.732565569759583E-01 -0.413801015628184E+00
%  0.105641974833121E+01 -0.189864978467227E+01 -0.187503381064865E+00
%  0.365160686436618E+01  0.123939566726994E+01 -0.266435039660589E+01
% -0.850818517294355E+00  0.120965988157536E+01  0.922248781005080E+00
% -0.323472682250926E+01 -0.970528340994184E+00  0.311796367295707E+00
% -0.528368625199017E-01  0.178189422647706E+01  0.603266324217296E+00
%  0.156874474508591E+01  0.326439709158427E+00  0.454758616546204E+00
% -0.184563002365741E+00 -0.447465637580169E-01 -0.911804085426588E-01
%  0.356533578911387E-01 -0.137349584287501E+01 -0.103950161939038E+01
%  0.474476495306901E+00  0.709301368807378E+00  0.173007563910890E+01
%  0.818891172281949E+00  0.184552086167645E+01 -0.105139746039975E+01
% -0.263045702950182E+00  0.373622750935455E+00 -0.233465382795035E+00
% -0.142145079763143E+01 -0.830212188522528E+00 -0.169795128533852E+00
%  0.961578947565961E+00  0.819774778315112E-01 -0.401346013930891E+00
%  0.243862904163489E+01  0.103591010540302E+01 -0.310179899932297E+01
% -0.424737378083517E+00 -0.154896837639823E+01 -0.226928556179138E+01
% -0.146554686511840E+01  0.128674038987662E+01 -0.710309096933097E+00
%  0.125764601048205E+01 -0.763840279446731E+00 -0.241203368693702E+00
%  0.927761218928126E-03 -0.110577174274191E+01 -0.127929854864820E+01
%  0.197215748856770E+01 -0.111881096060498E+01  0.392872831053059E+00
% -0.191607946931006E+01  0.110494428673210E+01 -0.178276539709837E+01
%  0.352396631248374E+00 -0.223117990094989E+01 -0.474579904889071E+00
% -0.453981060685163E+00  0.357355881442571E+00 -0.631427233138739E+00
%  0.214749377423530E+01 -0.107150718066069E+00 -0.159012470397758E+00
%  0.452645788320869E+00 -0.278539454435146E+01  0.192551975132712E+01
% -0.222901832803539E+01  0.767136158133234E+00 -0.220884341149682E+01
% -0.972777830120342E+00 -0.337970405617344E+00  0.119794936167306E+01
% -0.164915397240572E+01 -0.107123410506077E+01  0.601494084612747E+00
%  0.704705059970603E+00 -0.320905638337021E+01 -0.223886461360329E+00
% -0.221100021955482E+01 -0.351273545486126E+00 -0.119465330563217E+01
% -0.288333652200253E+01  0.126195666293502E+01 -0.778676124805995E+00
% -0.140468851333701E+01  0.166674361553665E+01 -0.818269865216086E+00
%  0.119220425823349E+01  0.145421263173023E+01 -0.835588049812239E+00
%  0.365323382491917E+00  0.120221187797772E+01 -0.377073461726239E+00
%  0.116160719125684E+01 -0.670359949972690E+00  0.519735732209259E+00
% -0.859333040455652E+00  0.140315909466417E+01 -0.602907109311509E-02
%  0.714556480412734E+00 -0.109247846212049E+01  0.411698837928431E+00
%  0.136879581713194E+01  0.868624158488260E+00 -0.239019098001126E+00
% -0.850918778284755E+00  0.173604229852117E+01 -0.125007625302448E+01
% -0.186179048819131E+01  0.302018026548665E-01  0.204657412075086E+00
% -0.353704804373746E+00  0.990544382067842E+00 -0.127897759177927E+00
%  0.190577062614566E+00 -0.142898488438015E+01  0.828278179878788E+00
%  0.216077659848784E+01  0.787734400232874E+00 -0.856427540237034E+00
% -0.656342128473756E+00 -0.381421348167157E+00 -0.776487906781716E+00
%  0.744231881143984E+00 -0.148828485292511E+01 -0.269792493034562E+00
% -0.769624027269542E+00  0.299536206332223E+01 -0.490725272996185E-01
% -0.198660636040961E+01  0.688375181477976E+00  0.593566752385212E+00
% -0.132744811707241E+01 -0.178562502239705E+01 -0.162105522536818E+01
%  0.195553733640866E+01 -0.801099307096697E+00 -0.160524166720876E+01
%  0.483747843907809E+00 -0.100050714926262E+01  0.373680857525478E+00
% -0.225064363018834E+01  0.874786680128759E+00 -0.309097683042348E+00
%  0.153826557656123E+00 -0.146006663203533E+01  0.501234493824038E+00
% -0.436041869520053E+00  0.164988600460440E+00  0.174394089722824E+01
% -0.233201325229495E+01 -0.190523917874120E+01  0.294670303470555E-02
% -0.602244513299142E+00  0.131822477056359E+01 -0.989550575212803E+00
%  0.832758978589306E-02 -0.133001925986681E+01  0.150835254377458E+00
% -0.490828569473627E+00  0.237972059681027E-02  0.562949888889158E+00
%  0.210751348992487E+01  0.138891724053551E+01  0.162582544780676E+01
%  0.900565090422162E+00  0.169509599936622E+01 -0.116410760095261E+00
% -0.935470959543815E+00  0.118057962678450E+01  0.263004047083621E+00
%  0.171953545366249E+01 -0.154725242075399E+01 -0.118438878320288E+01
% -0.209688501604370E+00 -0.259339852097299E-01  0.146845704966548E+01
%  0.188584940486494E+00 -0.282589009376718E+01  0.136210504298786E+01
%  0.918720024861005E-01 -0.999437654456415E+00  0.682329240456526E+00
%  0.892186547140101E+00  0.111040699415572E+01 -0.379609275127924E-01
% -0.786663152426950E+00  0.143918238909105E+01 -0.122017225286401E+01
%  0.108144947785163E-01  0.205347893339495E+01 -0.176222772770215E+00
%  0.254386379255694E+00  0.348138111669310E+00  0.182483512435557E+01
%  0.196018338530551E+01 -0.189401296022776E+01  0.707106133119157E+00
% -0.120524397284326E+01  0.145005592839887E+01 -0.326005424199984E+00
% -0.163646430398562E+02  0.918597962669983E+01 -0.306491523139173E+01
%  0.135997723172070E+02 -0.356290288556094E+01  0.943305500456276E+01
% -0.163260163698712E+02  0.216823496070827E+02 -0.235520240627778E+01
%  0.637354523958304E+01  0.122991730452652E+01  0.215233330454283E+02
% -0.202763578713624E+00 -0.105054030754616E+02  0.566536846173326E+01
%  0.624451835842257E+01 -0.187189802989670E+02  0.262099932853474E+02
%  0.282876243347714E+02  0.477375954396129E+02  0.302214704987673E+02
% -0.146111235989838E+02  0.274431223951545E+01  0.126341665961344E+01
% -0.137875886016739E+02  0.849278570927157E+01 -0.180022187872305E+02
%  0.455842165094137E+01 -0.574194127298590E+01  0.280661594684224E+01
%  0.179415338289922E+01 -0.238296830486536E+01  0.912311389678000E+00
%  0.137391625686720E+02 -0.790692664408410E+01  0.887355240825186E+01
%  0.314757961001284E+02  0.902222224673433E+01 -0.677394961118873E+01
%  0.195857662897782E+02 -0.113638386945187E+02 -0.214097122674400E+02
% -0.745869735939594E+01 -0.288590177616398E+02  0.223032052869933E+02
% -0.215065205478324E+02  0.372881097951973E+01 -0.109385911709138E+02
%  0.249908656259267E+00 -0.814777010347262E+00  0.508927967589335E+01
%  0.296022281405511E+02  0.307407397781994E+01 -0.125739185817760E+02
%  0.150679604893977E+02 -0.464288409272030E+02  0.309699234346012E+02
% -0.856038919176808E+01  0.949410552846982E+01 -0.113538308964958E+02
%  0.167988213374665E+02  0.322840400214127E+02 -0.620487792169524E+01
%  0.791651004632159E-01  0.744622249588679E+01  0.384599490405788E+01
%  0.170973703282797E+01  0.150037773513207E+01 -0.765241971828855E+00
% -0.178637167890587E+01  0.361996165912328E+01  0.871564074918538E+01
% -0.211705039147262E+02  0.769752064958619E+01  0.178228760225949E+02
%  0.342247941697395E+02 -0.300041205238027E+02  0.895312509345058E+01
% -0.199640223186355E+02  0.173729145854644E+02 -0.182585944821190E+01
%  0.805836445964009E-01  0.241000933752353E+02  0.119251771724291E+02
%  0.874342499229877E+00 -0.112543152609439E+01 -0.566198038815560E+01
% -0.142747811193242E+01  0.767855631419010E+00  0.669626336902915E+00
% -0.176953318265646E+02  0.349431302685650E+02 -0.432253511398255E+02
%  0.170432188050048E+02  0.104538299015669E+02  0.159012185799212E+01
%  0.294621184503612E+02  0.124662137244416E+02  0.351574746946634E+02
% -0.115989082762558E+02  0.287934875389697E+02  0.465386091961940E+01
% -0.236719486948236E+02  0.459932389564944E+02  0.147606079316135E+02
%  0.107966135255971E+01  0.132465003421016E+01 -0.245740376565611E+00
%  0.653799816862836E+00  0.316373035317846E+02 -0.222465390986148E+02
% -0.182675365342429E+02  0.144044608828072E+02 -0.192911686110551E+02
% -0.217806072206355E+01  0.394992060274562E+01  0.527396213683905E+00
%  0.141999852423562E+02  0.635540643197667E+00 -0.849749988195423E+01
% -0.223966355876324E+02 -0.697289150349622E+01  0.104634145143877E+02
% -0.773253976374100E+01  0.603439605701283E+01  0.139458759750815E+02
%  0.412055851017680E+02 -0.433299653385712E+02 -0.469619721694636E+02
% -0.756200146934134E+01 -0.123336969301599E+02 -0.221941013827566E+01
%  0.167767306864981E+01  0.167546236627377E+02 -0.414328942309886E+01
%  0.347753815925652E+01 -0.124170596612862E+02 -0.892439397378182E+01
% -0.178663899512573E+02 -0.938070551864745E+01  0.191387908445533E+02
%  0.194843218781585E+02  0.153348780039139E+01 -0.126654346439724E+02
%  0.140461197211213E+02 -0.484800192596977E+02  0.586994762705827E+01
%  0.421125905883945E+01 -0.236328232197981E+02 -0.400226364496148E+01
% -0.356145379824917E+01  0.580205681338657E+00  0.247432957602239E+01
% -0.392061536660508E+01  0.102927776131859E+02  0.381537574707130E+01
%  0.861653399339245E+00  0.525422937755231E+01  0.875865287209492E+00
% -0.180403042916638E+02  0.145060389996499E+02 -0.266543691898537E+01
% -0.293172170893383E+00 -0.111177848201467E+02  0.644879189205764E-01
% -0.239928688829409E+02  0.987547140203051E+01 -0.934219023382675E+00
%  0.624819827506004E+01 -0.219590057566704E+02 -0.902577810543573E+01
%  0.111882856462239E+03 -0.159675135506789E+02  0.847044797365077E+02
% -0.529229339801845E+01  0.126571990546456E+02 -0.269301108375549E+00
% -0.132903711871475E+02  0.558198094950026E+01  0.220441842947569E+01
% -0.108551403804400E+02  0.951447171383001E+01  0.975764701506015E+01
%  0.329997485486124E+02  0.269907443111475E+02 -0.932975467440514E+01
% -0.133093831387306E+01  0.622783392396483E+01  0.268282710266524E+01
%  0.662776002921866E+01  0.445741361958624E+01  0.415644761579017E+01
% -0.187734164345647E+02 -0.164613892181441E+02  0.100467912924038E+02
%  0.942938314096932E+01  0.677538477721552E+01  0.447572005835596E+00
%  0.124696512656190E+02  0.497140389192502E+00 -0.270744536810165E+01
% -0.155053371551426E+02  0.455641457695467E+02 -0.330365026094866E+02
%  0.387535040709101E+01 -0.248007089857643E+01  0.344209326356648E+00
% -0.351199686999055E+02  0.184570841998637E+02  0.305375449044772E+01
%  0.435789062063866E+02  0.221842735679053E+02 -0.826416208794049E+00
%  0.255556710232761E+02  0.168485680385169E+02 -0.199006396513371E+01
%  0.632086990758203E+01  0.137247735952895E+01 -0.152551796848602E+02
% -0.486055172887449E+01  0.195360780040187E+02  0.180446520411571E+02
%  0.160824640082184E+02 -0.276894745486025E+02  0.192606755709219E+01
% -0.504276268298686E+02 -0.180401539583532E+02  0.266091164691990E+01
%  0.108073093589599E+02  0.164168464942148E+02 -0.961374589011523E+01
%  0.267206921616037E+02 -0.294053172454749E+02 -0.426518681411215E+01
% -0.155461769544503E+02 -0.769803034946520E+02  0.403764974898883E+02
% -0.116805235014491E+02  0.186427928386000E+01 -0.338821424577678E+02
%  0.456463479148555E+01  0.611660610468060E+01 -0.253369664381396E+01
%  0.205225150024183E+01  0.265428176633033E+01  0.189203522133930E+01
% -0.155287555178212E+02  0.570321025071213E+01 -0.903528534128582E+00
% -0.126973671585115E+02  0.921944508636176E+00 -0.106784664511702E+02
%  0.861548017978405E+01  0.103447613397821E+02  0.139134572506185E+02
% -0.197405630722474E+01  0.422902619325165E+01  0.263330013302075E+01
% -0.440462177887630E+02  0.432904578891945E+02  0.383788744575401E+02
%  0.526404312497923E+01  0.805886635921988E+01  0.222442566489058E+00
%  0.236987493600545E+02 -0.733124244330475E+01 -0.234657645676724E+02
% -0.123285528214689E+02  0.297035771291307E+02 -0.735897361041383E+01
%  0.112119614215678E+02  0.255981268920862E+00 -0.149737969688187E+02
% -0.273897393565291E+02 -0.284153145883055E+02  0.351503256698981E+01
%  0.107571064824167E+02 -0.137350090271837E+02 -0.188305264202924E+02
% -0.200117608628550E+01 -0.280051738192960E+01 -0.127097221806913E+01
% -0.305521329375437E+02  0.475028633951595E+02  0.170589331193122E+02
%  0.124730990285311E+02 -0.699039990723518E+01  0.395926180011249E+01
%  0.214720690055151E+02 -0.142367484095940E+01 -0.149158657554163E+02
%  0.290661521174056E+01 -0.453353310216731E+01  0.702559641089300E+01
%  0.433007127414518E+00  0.247447469336264E+00 -0.338235909155632E+00
%  0.769867898834368E+01  0.403163165622234E+01  0.476195458456983E+01
%  0.213857438233653E+01 -0.131111951222169E+01  0.373261886402917E+01
%  0.373803146387859E+02  0.118333822855921E+02 -0.310933176156051E+02
% -0.660900607445101E+01 -0.112597650684662E+01 -0.208925580298543E+01
% -0.250395361914556E+02 -0.174880777254105E+02  0.105948924964865E+02
% -0.579733295786986E+01  0.739433952237407E+01  0.135496244388965E+02
%  0.285247798537357E+01 -0.464655686269799E+01 -0.864289187792878E+01
% -0.364239217895026E+01 -0.533984861185801E+01 -0.125659547635499E+01
%  0.475142766720807E+01  0.185268661323580E+02  0.204599342830227E+02
%  0.653726518655989E+01 -0.108342102092421E+01  0.405722749767454E+01
% -0.617382531567712E+01  0.350118191860190E+01 -0.420333761970076E+02
% -0.305050484589996E+02  0.252824763574366E+02 -0.397928824738651E+01
%  0.317336056147700E+01 -0.176469252569093E+02 -0.154387698938699E+02
% -0.289339888543394E+02 -0.388730011132725E+01 -0.113003790766811E+02
%  0.455924082421159E+01 -0.476092564637881E+01 -0.120949393648597E+02
%  0.150730064701145E+01  0.465803372581848E+01 -0.510263013937100E+01
% -0.958148963653008E+01  0.128232645041060E+02  0.132810614772352E+02
%  0.381383791376851E+02  0.807091494249632E+01 -0.486325566330326E+02
% -0.897799415031607E+01  0.111863800156176E+02 -0.151680342825421E+02
% -0.559800223301254E+01 -0.306586579203626E+02  0.139533518064703E+02
% -0.142136412465758E+02 -0.303803716912842E+02 -0.387891961283225E+02
%  0.237162165510652E+01  0.473863754601435E+00  0.234398245729840E+01
% -0.248836128453359E+02 -0.270852740012328E+02 -0.349530831163634E+02
%  0.101111715711078E+02  0.736668778475282E+02 -0.220988529126773E+02
%  0.267740815248759E+02 -0.393145383116428E+02 -0.741987443798453E+02
% -0.248461616013946E+01 -0.400339720622814E+01 -0.934163669828150E+01
%  0.800405717455053E+01 -0.186853422901711E+02 -0.281016515191391E+02
%  0.107629582023901E+02  0.622118338424178E+01 -0.772330067663105E+01
%  0.568306146937606E+02  0.708544903128407E+01  0.118668909771430E+02
%  0.310799389244710E+02 -0.820272233909259E+02  0.181595068994610E+02
%  0.151001141216173E+02  0.225805500565325E+01  0.344349049591631E+01
%  0.345158399471961E+01  0.184763614123501E+02  0.415080427435888E+02
% -0.140728675043432E+02  0.248579070832041E+02  0.136507908442730E+02
%  0.168532266114607E+01 -0.161761098078227E+00  0.544080901805023E+00
%  0.150745270098967E+02 -0.407071957568101E+01  0.400773436495083E+01
% -0.220719124416891E+02 -0.323809676382264E+01 -0.302324407174966E+00
% -0.382547650025947E+02 -0.250057604013390E+02  0.578837160635212E+02
% -0.510515052167619E+02  0.557788510163000E+01  0.660045993550205E+02
% -0.877215067489018E+00 -0.621211755600817E-01  0.201524494207659E+01
% -0.364718151690627E+02 -0.260196784889018E+00  0.595376992403288E+01
% -0.378280988919016E+01 -0.224588552821286E+01  0.401065385318224E+01
%  0.393179888483678E+01 -0.234490438150832E+01 -0.371651945534266E+01
% -0.106161403636585E+02  0.380523200612747E+01  0.138854930892333E+02
%  0.826316928039824E+01  0.387301458280935E+00 -0.312472868971690E+01
% -0.541772851452006E+01  0.243214192326140E+01 -0.930348000502440E+01
%  0.128430383743950E+01 -0.448463274283766E+01  0.215477807969010E+00
%  0.623826631222539E+00  0.143943150797796E+02  0.889963453599694E+00
%  0.905162028477979E+01 -0.977228007616742E+01  0.105464012435148E+02
%  0.171572944887969E+01 -0.166976053606350E+01 -0.433757077936983E+01
% -0.195413393070677E+02 -0.839683647142380E+02 -0.268122409796399E+02
% -0.440932434972548E+02  0.136629444858415E+02 -0.437511739409549E+02
% -0.320993528829078E+01 -0.422500402604110E+01 -0.124838900149010E+01
%  0.137368929410975E+00  0.486529014371477E+00 -0.364375748497531E+01
% -0.418429255276275E+01 -0.330777769242098E+01 -0.316164036578342E+01
%  0.177108521081945E+02 -0.120225029183929E+02  0.167852813586020E+02
%  0.655808350248756E+02  0.168119194299166E+02  0.199384286084267E+02
%  0.817134567605708E+01 -0.170825288509424E+02  0.843398076677623E+01
%  0.165273662324519E+02  0.128519664103268E+02 -0.458238566467485E+01
%  0.653378761755492E+01 -0.202698062009888E+02  0.794266228710167E+01
%  0.138499733379725E+02  0.360098855115030E+02 -0.596457558617098E+02
% -0.498231938602254E+02 -0.641469259313659E+01 -0.293597455675448E+02
% -0.849368136991147E+00  0.581813095189555E+00 -0.258258372196258E+01
% -0.221055760132051E+01  0.256482075906329E+01 -0.104127435329518E+02
% -0.524590254788847E+01  0.307322391507240E+02 -0.362899796232241E+02
%  0.763894796022609E+02  0.159661297906157E+02  0.147067561555911E+02
% -0.828400264352319E+00  0.284751985211639E+02  0.414993745283283E+00
% -0.461268100890592E+02 -0.279402713727764E+02  0.394572431728528E+02
% -0.957869747091475E+01 -0.158012904721100E+02  0.582261917761560E+01
%  0.794977731531279E+00  0.315332813946901E+01  0.273233074597247E+01
%  0.147977688595657E+02 -0.196929155564787E+01 -0.111942225746314E+02
%  0.163990190840734E+02 -0.970163249157254E+02 -0.791796449122215E+02
% -0.503671203801452E+01  0.457043632339905E+01  0.155146235007934E+01
% -0.122731559197029E+02  0.135660397965167E+02  0.672565399256495E+01
%  0.171395305201410E+00  0.139321145463407E+01  0.227532895535300E+01
%  0.101936009890516E+02  0.259977220205483E+02  0.422562544429587E+01
% -0.319124805298872E+02 -0.232208272811972E+02  0.888013779410521E+01
% -0.548029732650436E+01  0.132914786590726E+02 -0.411153689000657E+02
%  0.154851344614368E+01  0.121671914002930E+01  0.574934058125286E+00
%  0.644228131449909E+01  0.846563558168321E+01 -0.870763946281809E+01
%  0.385879660699509E+01 -0.816125359449316E+01  0.229766217842961E+02
% -0.102805156191753E+02 -0.479575389377758E+01  0.257032738050183E+02
% -0.247152762752623E+02 -0.119150452468215E+02 -0.169401402537011E-01
% -0.124578555094479E+01 -0.488513911157117E+01  0.971894633148568E+01
%  0.325054889311186E+01  0.259558015488288E-01 -0.453324859584556E+01
% -0.385898757751913E+01  0.144604930120000E+02 -0.131757877781433E+02
%  0.113161579724229E+02  0.324489649700378E+02 -0.473467659714009E+01
%  0.268882092419219E+02 -0.613363188187622E+01  0.243816665371681E+02
% -0.153507831335291E+02 -0.185109619700201E+02 -0.100565906620935E+02
%  0.424341440537555E+01  0.285420181151337E+01 -0.452531379629590E+01
%  0.150081280822363E+02 -0.309790083031318E+02 -0.446418204028291E+01
%  0.124521143867890E+02 -0.718656576769290E+01  0.950798358882907E+01
% -0.177927914535263E+01  0.497313622971091E+01 -0.734336151683986E+00
% -0.828293103574543E+01  0.115856122782172E+02 -0.229637831382296E+01
%  0.798937177836326E+01  0.380079117771325E+00  0.210593934271991E+01
% -0.146996917044035E+02 -0.351553425550472E+02  0.129433312567685E+02
% -0.642608573509969E+02  0.802587465998981E+02  0.663317615532447E+02
% -0.328170215983614E+02 -0.494252960638674E+01 -0.393533201757723E+01
% -0.122791048074695E+03 -0.187761199903926E+02 -0.598768724684239E+02
%  0.666471031599690E+01  0.201158228551887E+02 -0.153424377679446E+02
%  0.127588517425812E+01  0.500828409769764E+01 -0.258452802695733E+01
% -0.306438174129253E+01 -0.361487470559169E+01  0.237089635130142E+01
% -0.231862387667792E+02  0.212233259638692E+02  0.295627497527034E+02
% -0.267889418931312E+01  0.776358705778464E+02  0.685942418288772E+01
% -0.171384484861436E+02  0.698036808429351E+01 -0.230187976440925E+02
% -0.524641242031099E+01  0.277335805360801E+01  0.145526867772272E+01
% -0.754572885007505E+00  0.979016599114676E+00  0.194450282602453E+01
%  0.134838198754399E+02 -0.896139317689819E+01  0.256752321399263E+02
% -0.470829445550687E+01 -0.756698694221179E+01  0.124866626440118E+02
%  0.160027425014823E+02 -0.136671222776257E+02  0.730443734703449E+01
% -0.857508131287385E+01 -0.228169448471163E+02  0.231398622379761E+01
%  0.661022751673598E+02 -0.582793724738166E+02 -0.582944550459715E+02
% -0.254846506152626E+02 -0.442268688664422E+02  0.249189108093849E+02
% -0.355526688559603E+02  0.491138803466842E+01  0.346295339002881E+02
% -0.744077128866577E+01  0.159226633473003E+02  0.717037086881763E+02
% -0.242701108317042E+01  0.739149765263572E+00 -0.348254506839184E+01
% -0.324966791789747E+02 -0.312246857317965E+02 -0.404550607811670E+02
%  0.615587001021384E+00  0.761874383421837E+01  0.339190122232738E+01
%  0.564010596930153E+02 -0.130695643778414E+02  0.248076783092017E+02
%  0.341640771929066E+02  0.524670409200494E+01  0.822153427086579E+00
% -0.326592413404412E+00 -0.496797956033569E+01  0.283516842269685E+01
%  0.412263685499733E+02  0.193445420314030E+02 -0.174240424124948E+02
% -0.224422957822695E+02 -0.918766733510420E+01  0.133527559852522E+02
%  0.337608221708609E+01  0.202502127362450E+02  0.969815037716538E+01
% -0.593638185763586E+01 -0.901853009832224E+00 -0.598044518467065E+01
%  0.211432429681324E+01 -0.323739156750144E+01 -0.152244896247286E+01
%  0.175603571413100E+02 -0.942079011614029E+01 -0.194461549864738E+01
% -0.128371950928003E+02  0.192711984358860E+02 -0.112143959258111E+02
% -0.730498765616236E+01 -0.114908262235126E+02  0.154394807701301E+02
% -0.331903268978711E+01 -0.151479575472228E+02  0.171560492070559E+02
%  0.136409302357715E+02  0.152888083384585E+01  0.869650889623284E+01
% -0.140536658690682E+02  0.290025679251993E+02  0.612729321716266E+02
%  0.707457951940132E+02 -0.330600565552223E+02 -0.626693530171058E+02
%  0.861207940314237E+00 -0.145727691521462E+01 -0.308694687783897E+02
% -0.112837297231730E+02  0.615864795315520E+02 -0.226895894227987E+00
% -0.460262862524458E+01  0.348417845738945E+01  0.101336658200945E+02
% -0.466385631468279E+00 -0.429895494433212E+00 -0.568791449787432E+01
% -0.944745248840891E+00 -0.178824382844481E+02  0.132463480639887E+02
%  0.406414491865463E+01 -0.899521103272515E+00  0.603424586167290E+01
% -0.454576168787325E+01 -0.228620861095459E+02 -0.351999925911747E+01
%  0.117944128511679E+02  0.294041127617439E+01  0.294398046162658E+02
% -0.102294327069587E+02 -0.850612835699863E+01  0.701083489006254E+01
% -0.232745729779654E+01  0.161428945152104E+01 -0.318467852177227E+01
%  0.104769985765038E+02  0.102008970427811E+02 -0.896992839302843E+01
% -0.205788433894066E+01 -0.220729656709572E+02  0.251169673949102E+02
%  0.135526557986101E+02 -0.148475476834373E+02 -0.477480728957172E+01
%  0.277215780374354E+02 -0.194635977309337E+02 -0.264938897192421E+02
%  0.529018601110791E+01 -0.252278584807474E+02  0.136259655191937E+02
%  0.686390039994150E+01  0.418180305552572E+01  0.949280863279474E+01
%  0.341045170666100E+01 -0.137375553841645E+01 -0.295817958228444E+01
% -0.526076967453401E+01 -0.194243692140971E+01  0.107117633088602E+02
%  0.131871973003446E+02 -0.655476403539276E+00  0.215731265366786E+01
% -0.649162202747681E+02  0.443346516230381E+01  0.125317927776902E+02
%  0.160206678658382E+02 -0.509571346467418E+01 -0.560410164135603E+01
% -0.467206419790837E+02  0.183401006397367E+02 -0.167440148842315E+02
%  0.957905416620685E+01  0.317952572696815E+02 -0.177200249629772E+02
%  0.219394011320805E+02 -0.247990137494588E+02 -0.137106265986911E+01
%  0.396619980136231E+01 -0.356149023055873E+00 -0.586128666513207E+01
