% T    256  0.715122828077254E+01  0.715122828077254E+01  0.715122828077254E+01
  -0.193314197032088E+01  0.191991926525457E+01  0.153540377224694E+01
   0.116940672435387E+01  0.437858966804519E+00  0.277299553349033E+01
  -0.223238699162471E+01 -0.264236712866243E+01  0.140917224561626E+01
  -0.704180414397947E-01  0.248331259589862E+01 -0.736464934230307E+00
   0.137350211790661E+01 -0.865286881468609E+00 -0.374664784401902E+00
   0.237929852110637E+01 -0.339928282574975E+01 -0.617251673703682E+00
  -0.104357300571437E+01 -0.683265202201535E+00 -0.263364212815429E+01
  -0.330079851897319E+00  0.258884354793366E+01  0.802264333033336E+00
  -0.274909600203232E+01 -0.258808997608951E+01 -0.246846356544213E+00
   0.244670858828919E+01 -0.159735060408640E+00 -0.681110681889389E+00
  -0.122256780723255E+01 -0.208710403596412E+00 -0.293819367882676E+00
  -0.494609750665712E+00 -0.295870374551052E+01  0.138965465298491E+01
  -0.753068528570997E+00 -0.915844962691547E+00 -0.165313633821670E+01
  -0.282779363889205E+01 -0.133960642851391E-01 -0.574073985966788E+00
  -0.266499461334538E+01  0.105450780062937E+00 -0.161821572550202E+01
  -0.489522132845200E+00  0.237066585216062E+01  0.197744603741427E+01
   0.123853473822761E+01 -0.338782474239673E+01 -0.296138435971236E+01
   0.198402827364835E+01  0.552811027385129E+00  0.107627016281323E+01
  -0.523962280708691E+00  0.338525242335430E+01 -0.242653326638232E+01
   0.225930348019422E+01  0.192352808206487E+01 -0.143360246930645E+01
  -0.122602437844595E+00 -0.327020522075666E+01  0.304853041961131E+01
  -0.222237499704236E+01  0.869936962012346E+00  0.157794461855356E+00
  -0.194230812379288E+01  0.412890884596476E+00  0.195691167760112E+01
   0.185218788022528E+01 -0.216205883344371E+01 -0.121925012552082E+01
  -0.163945695402154E+01 -0.138525379950499E+01 -0.197390794341554E+01
   0.201167282837337E+01  0.138996184815200E+01  0.313816379898319E+01
   0.238365005470234E+01 -0.340652995915227E+01 -0.339023757947222E+01
   0.308671340967303E+01 -0.472367204974408E+00  0.100402557530481E+01
   0.167248027764598E+01  0.771837755287107E-01  0.440520113258894E-01
   0.274912287045184E+01 -0.160653045884453E+01 -0.171777695473179E+01
   0.238528783321589E+01  0.284492601328188E+01  0.321526301299510E+01
   0.292823076259337E+01 -0.265017578773850E+01  0.266052210996365E+01
  -0.226360069517924E+01  0.127803224305165E+01 -0.156969555898751E+01
   0.581641006430654E+00  0.237527377379682E+01  0.219286020579516E+01
   0.297940485392308E+01 -0.252657511258767E+01  0.132070822157331E+00
  -0.187892489994881E+00  0.278859225992189E+01  0.295913957996891E+01
  -0.206107145688698E+01 -0.356787769919427E+01  0.213136125245590E+01
   0.240801685281880E+01 -0.188556232008974E+01  0.128847103173665E+01
   0.254358218444270E+01 -0.286454611455339E+01 -0.243512630457238E+01
   0.265787698961990E+01  0.306218946729577E+00  0.367271020360991E+00
   0.183767456405422E+01 -0.187180988334128E+01  0.140799782855079E+00
  -0.959523750141929E+00  0.453036373473210E+00  0.183506837867028E+01
   0.155258612334975E+01  0.101410540364168E+01 -0.314224371070602E+01
   0.976871441349876E+00  0.554276351445642E+00  0.600566076500683E+00
  -0.116528079026290E+01  0.254640369465695E+01 -0.639497423335815E+00
  -0.325233960854764E+01  0.742078045701213E+00 -0.257153100293640E+01
  -0.170083557048096E+01  0.117978489093273E+01 -0.266181586976076E+01
  -0.123399579293662E+01  0.124778126037276E+00  0.340566554341836E+01
  -0.195116214517200E+00 -0.307727451607404E+01 -0.172364449631888E+01
  -0.250032280589726E+00 -0.680721363342616E+00  0.621848996000969E+00
   0.212009229782218E+01 -0.151618454000026E+01  0.303467956696698E+01
  -0.321681787852998E+01  0.144440186828845E+01 -0.152850429840844E+01
   0.291077810020360E+01 -0.130801789395557E+01 -0.271851705950520E+01
  -0.467773465781360E-01  0.214069418102064E+00  0.782474275648585E+00
   0.209456028361332E+01 -0.106370675296881E-01 -0.245308949219286E+01
   0.274933171807663E+01  0.123253213777467E+01  0.175039909141294E+00
  -0.113004168944356E+01 -0.167919083227992E+00  0.997174153779962E+00
   0.136090060541700E+01 -0.280500291106402E+01  0.842824070368474E+00
   0.207791318688186E+01  0.145498665128923E+01 -0.240706245362294E+01
  -0.288555126942890E+00 -0.830971097887478E+00  0.350905157824026E+01
   0.564460420855005E+00 -0.250982180055101E+01 -0.881303474073953E+00
  -0.192936132171361E+01 -0.208313169143711E+01 -0.298040612106000E+01
   0.314995953383985E+01 -0.128980220594693E+01  0.178018771253478E+01
  -0.193099506614755E+01  0.175232679870747E+01 -0.574122827799682E+00
  -0.296888245989523E+01 -0.603216947893443E+00 -0.270458862957800E+01
  -0.165755270950540E+01 -0.439838063188569E+00 -0.141554699715730E+01
   0.156003941399293E+01 -0.221094044832288E+01 -0.293026488934941E+01
  -0.219223796244113E+01 -0.344144823535844E+01 -0.308181222687552E+01
  -0.267727297357025E+01  0.187193635812873E+01  0.222566946824404E+01
  -0.242550984530567E+01 -0.308584188112137E-02  0.330340751149440E+01
  -0.142306418795159E+01 -0.140257928166602E+01  0.315380142320160E+01
   0.326158537597101E+01  0.177437397672547E+01 -0.590766699036261E+00
   0.133501287105516E+01 -0.292685979211752E+01 -0.171791376462975E+01
   0.185114974652187E+01  0.886837430492211E+00  0.212072294711625E+01
   0.547062058682682E+00  0.240030870831974E+01  0.238521561332718E+00
   0.740689561088127E+00 -0.163734166817359E+01  0.186713214837138E+01
  -0.258038162294393E+01  0.288647646572124E+01  0.346516263270637E+01
   0.229394434722798E+01  0.323408743248982E+01  0.161974613340307E+00
   0.460202606970698E+00 -0.218731643624788E+01 -0.324179361393942E+01
   0.134722786276228E+01  0.324482249709502E+01  0.202058620069286E+00
  -0.959561832757677E+00 -0.163123847604816E+01  0.217334599321816E+00
   0.285056320702814E+01  0.278408095201208E+01 -0.630459735830415E+00
   0.978883794347570E+00 -0.159441586731850E+01 -0.100771719263099E+01
   0.119524009872381E+01  0.170369134420545E+01 -0.282231213245907E+00
  -0.105846763361445E+01  0.173853998099310E+01 -0.153960463742316E+01
  -0.273199703091029E+01  0.187974743652598E+01  0.208243561796178E+00
   0.377306283926489E+00  0.339673163092807E+01 -0.119514393421651E+01
  -0.530821581935987E+00  0.418866477494683E+00 -0.310521536795496E+01
   0.610148748692305E+00 -0.125251902364774E+00 -0.110633553344165E+01
   0.694818805461272E-01  0.133895272699514E+01  0.514787399378618E+00
   0.152879332595286E+01  0.334328807605682E+01 -0.115400666796870E+01
   0.586596678148308E-01 -0.171976554661448E+01  0.903461330387729E+00
   0.311908418245278E+01  0.284373095153838E+01 -0.240206676142838E+01
  -0.243193041197120E+01 -0.341691614208031E+01  0.226763045682615E+00
  -0.275586459745786E+01  0.234115218588790E+01 -0.997883782421435E+00
   0.325062706252540E+01 -0.964737389040396E+00  0.315727614937516E+01
   0.723345938691023E-01  0.144631726199622E-01  0.289721692933403E+01
   0.336218718751499E+01  0.229387644530158E+01  0.190622083242768E+01
  -0.252264977470008E+01  0.282096064599968E+01  0.101945306003655E+01
   0.324114536784349E+01  0.224796891672514E+01 -0.157627519860962E+01
  -0.202099928868658E+01  0.162437906217783E-01 -0.283389388691996E+01
   0.249925883551734E+01 -0.108935141117284E+01 -0.421547473524095E+00
   0.110789478183993E+01 -0.290077742686620E+01 -0.183323262156427E+00
  -0.323320672277326E+01 -0.139288869801402E+01  0.954819702239631E+00
   0.177458698076564E+01 -0.168643327185008E+01  0.211712740424548E+01
   0.566897745426601E+00 -0.670528284093293E+00  0.210430128784505E+01
  -0.204938554963884E+01 -0.188682853882487E+01 -0.109279743576628E+01
   0.197049272605122E+01 -0.256283909851380E+01  0.333415757823718E+01
  -0.300525829122681E+01  0.212421636189166E+01 -0.307967244188395E+01
   0.328313011285775E+01 -0.239541513619413E+01 -0.205403283436634E+01
   0.878915982524275E+00 -0.257704381831471E+01  0.295962879302032E+01
  -0.271443516830125E+00  0.101311647406646E+01  0.294213759386437E+01
   0.160094594446147E+01 -0.698927326378981E+00  0.234367582121434E+01
   0.308768750005319E+01 -0.227237596212274E+01 -0.865846738374938E+00
   0.105197803900948E+01 -0.577290090811578E+00 -0.243593117010193E+01
   0.250809600414184E+01  0.106208797426980E+01 -0.806586793351630E+00
   0.753642573740537E+00  0.366481185651776E+00  0.166045695181451E+01
  -0.328139955867592E+01  0.109388441852063E+01  0.663914125744384E+00
  -0.145861814230592E+01 -0.255187360051567E+01 -0.120629939975860E+00
  -0.297353887905573E+01  0.281315460103570E+01  0.217119227790262E+01
  -0.287977279684927E+01  0.112653030675149E+01 -0.619156940210246E+00
  -0.619275210106917E+00 -0.270345357903943E+01  0.250016282297580E+01
   0.242532833198267E+00  0.346877159603752E+01  0.699063342930456E+00
   0.155867034253313E+01  0.333782753478695E+01  0.155810242791294E+01
  -0.107020052260577E+01  0.111473687100049E+01 -0.797299900003505E+00
  -0.133269416716354E+01  0.293862023943772E+01 -0.195962474578423E+01
   0.782112030304337E+00  0.226328925856302E+00 -0.327070707965461E+01
   0.938382692112746E+00 -0.458452778634854E+00  0.120025791202293E+01
   0.388911325504928E+00  0.323859343716195E+01  0.162565003647804E+01
   0.112907164808581E+01  0.145395439903569E+01  0.235105072190167E+01
  -0.161275072262088E+01 -0.340987487694243E+01  0.115637554862280E+01
   0.194578550495645E+01  0.242721253356920E+00 -0.156099457897210E+01
  -0.272380529846857E+01 -0.273751629934875E+01 -0.342024659797147E+01
  -0.251879048582251E+01 -0.157097367848698E+01 -0.233128649362635E+01
  -0.625508320065191E+00 -0.291748768059662E+01  0.393150319554468E+00
  -0.251525742492383E+01 -0.286991928193544E+01 -0.227335309284261E+01
  -0.138027025077188E+01  0.328938072984574E+01  0.245952453803005E+00
   0.313738728399396E+00  0.337120925746772E+01 -0.333831451519603E+01
  -0.135619206445078E+01  0.223597630981602E+01  0.250878674761248E+01
  -0.167299083418232E+01  0.227535749282305E+01 -0.309212214282192E+01
  -0.545089707754032E+00 -0.224201858656805E+01 -0.113905797577590E+01
  -0.121113555890816E+01  0.259643997425959E+01  0.136422667346307E+01
   0.965085805376078E+00  0.251785883175594E+01 -0.813493157318634E+00
  -0.267477619816309E+00 -0.398729950024683E+00  0.161723627103833E+01
   0.432420526448015E+00 -0.157410431814488E+01  0.286848904575312E+01
   0.191262191675558E+01 -0.296513625428844E+00  0.341151770011801E+01
  -0.966177918813807E+00 -0.170976076817846E+01 -0.298051272648084E+01
   0.851345574304528E+00  0.351018735740777E+01  0.289953297771455E+01
   0.220298739118407E+01  0.241691009949520E+01  0.805103968293402E+00
  -0.218265303099411E+01 -0.322814202990333E+01 -0.123805081034388E+01
  -0.250749196772617E+01 -0.110616175741880E+01 -0.131559292730823E+01
   0.112522103602115E+01  0.303140678563528E+01 -0.208253611778154E+01
  -0.148423057723938E+01 -0.243257498566430E+01  0.301097256828189E+01
   0.226231653977039E+01 -0.262407700536004E+01  0.183097678967042E+01
  -0.192349065425512E+01  0.245193785608667E+01 -0.147734864215187E+01
  -0.645657754427992E+00  0.129008885709620E+01 -0.234130842301155E+01
   0.247586817645317E+01 -0.319257572209125E+01  0.790770311462694E+00
   0.336875122642402E+01 -0.153472444669963E+00  0.200341826432093E+01
   0.191916832759343E+01  0.350128976827232E+01  0.254126657747336E+01
  -0.332649496738821E+01 -0.337441513925153E+01  0.276143101097650E+01
  -0.937078207875279E+00  0.164278007178131E+01  0.148750299764871E+01
  -0.126240177864021E+01 -0.226924537704455E+01  0.834429121474509E+00
  -0.340594988925356E+01  0.328769805823538E+00 -0.348915021726603E+01
   0.321332850052271E+01  0.257941032516232E+01  0.314151212953291E+00
   0.763629369202797E-01 -0.314346375170530E+01 -0.305248787550819E+00
   0.261155172462118E+01  0.410666090733052E+00  0.252232508087164E+01
   0.346821066516287E+01  0.343528198375839E+01  0.975075543674902E+00
   0.764594586354747E+00  0.211964951752792E+01  0.334221558158713E+01
  -0.344207695997296E+01 -0.324297084427887E+01 -0.530533656810971E+00
  -0.248571499179175E+01 -0.479355681598802E-01  0.714565566791924E+00
  -0.338924034509622E+01 -0.178538966291895E+01 -0.141563450277840E+00
   0.826345048850444E+00  0.717253786511416E+00 -0.216434384514659E+01
   0.829878671326562E+00 -0.663983259665399E+00  0.344691819729161E+01
  -0.111094054932329E+01 -0.126452221074432E+01 -0.681203769086560E+00
  -0.315344300952264E+01 -0.227778105977154E+01  0.240078729679383E+01
   0.292474992011402E+01 -0.138525634623986E+01  0.421213048016005E+00
   0.168270572909992E+01 -0.119335616388004E+01 -0.326794522792057E+01
   0.330960912949148E+01  0.157181753450888E+01 -0.259987289904846E+01
  -0.125834220498645E+01 -0.330435045008553E+01 -0.191500780340607E+01
  -0.699016878992045E+00  0.332831349164382E+01  0.197605320223063E+01
  -0.296500655450674E+01  0.523064781201772E+00  0.161687680125174E+01
   0.925442110254197E-01  0.131698469883725E+01 -0.686937130541444E+00
   0.142249191377995E+01  0.144305972511627E+01  0.670064326060330E+00
   0.198262363215996E+01  0.338691856949886E+01 -0.249815942964775E+01
  -0.436113187008759E+00 -0.187426687567510E+01  0.191650830875029E+01
   0.326816988474982E+01 -0.227370141945999E+01 -0.350294180316028E+01
  -0.287631111096937E+01 -0.351315406818681E+01  0.156678795557731E+01
   0.228557730131884E+01 -0.757156147214999E+00  0.153641017416485E+01
  -0.326788511099038E+01 -0.182966838466641E+01 -0.291820481211684E+01
   0.629270092040569E-01  0.123806307664035E+01 -0.315961225879449E+01
   0.769416900886813E+00  0.222510640259569E+01 -0.256877691583373E+01
   0.157233854786798E+00  0.158209900228465E+01  0.215702713756421E+01
  -0.352957295381151E+01  0.247621902912536E+01  0.319393485450449E+01
   0.729625021844398E+00 -0.119173842805253E+01  0.340086128119377E+00
  -0.345976453164008E+01  0.331926518504553E+01 -0.316133014624908E+01
   0.266978492067317E+01  0.226877585749256E+01 -0.319606385723566E+01
  -0.200074370122955E+01 -0.105762425373366E+01 -0.301180644109574E+01
  -0.305601663450732E+01 -0.120834372813108E+01  0.223554547303377E+01
  -0.174042626984379E+01  0.222705111253289E+01  0.451670468427095E+00
  -0.596198024693615E+00 -0.210969937608520E+01 -0.218159199079864E+01
   0.273321708264924E+01  0.646420595128727E+00  0.344884647154046E+01
  -0.169987947951442E+01  0.130166343729334E+01  0.257718782030856E+01
   0.170520436234318E+01 -0.107808928739523E+01 -0.177670481169143E+01
   0.463761411979468E+00 -0.263438247482988E+01  0.110103839970462E+01
  -0.570877585235909E+00  0.727221300983707E+00 -0.230599606682920E-01
  -0.782549274942853E+00  0.219987970047052E+00 -0.173299307636650E+01
   0.341487762397988E+01  0.371630332667114E+00 -0.163734717012521E+01
   0.832528216638779E+00 -0.270987861797062E+01  0.207838842154534E+01
   0.223335311930872E+01  0.168822844864103E+01  0.147798429565299E+01
  -0.287282859989639E+01 -0.249960549115738E+01 -0.137008708564008E+01
  -0.222145951109025E+01 -0.157455567405584E+01  0.942814472543582E+00
   0.319624960109556E+01 -0.247205753441732E+01  0.157723841990715E+01
   0.198341310886405E+01  0.239277334797895E+01 -0.152604521092782E+00
   0.623342622236108E+00  0.170407840496377E+01  0.119802732428938E+01
  -0.134972230767229E+01  0.896596611208913E+00  0.682259228606820E+00
   0.205925852916385E+01  0.206570369824436E+01  0.245523291446204E+01
  -0.215817633365635E+00  0.226219000887163E+01 -0.295295430731309E+01
  -0.973970353998849E+00 -0.125484844615390E+01  0.112730745663183E+01
  -0.172969044436710E+01 -0.510354818051962E+00  0.223303123238989E+01
  -0.638337440107537E+00  0.184415827496062E+01 -0.297206315009013E-02
   0.475643105477479E+00 -0.221321611436757E+01  0.171582614657087E+00
  -0.310091798785079E+01 -0.294894704109454E+01  0.757548007603243E+00
   0.298536629041986E+01  0.802487763655513E+00  0.140335609522673E+01
   0.346947633158357E+01 -0.336710902376757E+01 -0.220541964081400E+01
  -0.110820475672579E+01 -0.331173297996366E+01  0.324219498017146E+01
   0.333166975608289E+01  0.169076864190173E+01  0.113397428933136E+01
   0.263896750501931E+01  0.340333927200826E+01 -0.157571917610440E+01
   0.351222623618777E+01 -0.590575471697010E+00 -0.774967663398857E+00
  -0.272770543032243E+01  0.291659640402012E+01 -0.264564230208475E+01
   0.325842129591547E+01 -0.424301875669494E+00 -0.307604754695633E+01
  -0.257445028783307E+01  0.116031850370051E+01 -0.326843643353156E+01
   0.206419851911117E+00  0.173046112523558E+01 -0.184225133837203E+01
   0.149549469884195E+01  0.257928095712255E+01 -0.315243570892038E+01
   0.797351514095409E-01 -0.835412691069141E+00 -0.261234762097636E+01
   0.323567920499629E+01 -0.354849778100239E+01  0.185617671158721E+01
  -0.186779277154170E+01 -0.101066313050540E+01 -0.140130183046654E+00
  -0.353728146545254E+01  0.146096171313136E+01  0.330831504822032E+01
  -0.620545210068528E+00 -0.825306808106609E+00  0.245701466247351E+01
  -0.130708177171757E+01  0.323050071521560E+01 -0.317919547413748E+01
  -0.155120055955710E+01 -0.151750316838106E+01  0.218215570961904E+01
   0.351341663609301E+01  0.604349123340095E+00 -0.577419854272197E+00
  -0.208137606556929E+00 -0.180805475769162E+01 -0.388936531735832E+00
  -0.586766992330459E+00 -0.263025352523463E+01 -0.329889325538416E+01
   0.138475196776290E+01  0.845423387064547E+00 -0.717616830678101E+00
  -0.813446187444689E+00  0.160532133546209E+01  0.357584072776620E+01
  -0.282818482716920E+01  0.292364944170829E+01 -0.128074019648492E+00
  -0.263114914779063E+01 -0.188223010910062E+01  0.307136537012490E+01
  -0.890085941498462E+00 -0.326604302159692E+01 -0.564536807237073E+00
  -0.174250128788863E+00 -0.753249012667898E+00 -0.516204560539073E+00
  -0.280147910183636E+01  0.824877899499324E+00  0.281208526014721E+01
   0.206950095493816E+01  0.245786978928070E+01 -0.224892519965999E+01
  -0.155122096609530E+01 -0.237956454927366E+01 -0.192432547535736E+01
   0.124764946731718E+00 -0.115518097422374E+01 -0.139984835116871E+01
   0.116169205931767E+01  0.161741347915242E+01 -0.153778503489896E+01
  -0.263219606891002E+01 -0.705326974868882E+00  0.135104817727666E+01
  -0.338948220308543E+01 -0.103991432268797E+01 -0.164374930781788E+01
% -0.523202468004952E-01 -0.150802119067852E+01 -0.109684894281938E+01
%  0.135117755437388E+00 -0.161813480754301E+01  0.173003412767078E+01
% -0.101868313103672E+01  0.426041424539873E+00 -0.234233365010627E+01
%  0.157855661687744E+01 -0.982904009995180E+00 -0.370623571356844E-02
% -0.172599702116618E+00 -0.318247635595667E+00 -0.824558603698129E-01
%  0.259277370444541E+00 -0.137594065905629E+00 -0.146564594513925E+01
%  0.285195890362655E+01  0.143250286069703E+01  0.188674651586973E+01
% -0.119307123949999E+01  0.257825718199389E+01  0.157441983119853E+01
% -0.103212945468616E+01  0.791318701169642E+00 -0.716587185601808E+00
%  0.728535840125677E-01 -0.220044297560396E+01  0.116330425409593E+01
%  0.195422858055301E+01  0.653907311644375E+00  0.536909738728713E+00
% -0.103250868728960E+01 -0.708514362102375E+00  0.403695482427794E+00
%  0.160362425428692E+01  0.142520714749565E+01  0.109149281240828E+01
% -0.840177775118744E+00 -0.186338188713652E+01  0.634247805656843E-01
%  0.144132045731394E+01  0.146403425012192E+01 -0.130333919637755E+01
% -0.826994284286560E+00 -0.216068454670292E+00 -0.183097109093378E+01
% -0.143618835882216E+01  0.590463669491430E+00 -0.629080774914316E+00
% -0.275345268302986E-01  0.165263686613519E+01 -0.314432504157104E+00
%  0.159314080351689E+01  0.102273327989955E+01  0.158562978224671E+01
%  0.591213015392270E+00  0.114707054688695E+00 -0.253067756224044E+01
% -0.127251148658279E+01  0.122415162745327E+01 -0.214829690053954E+01
% -0.163765496488768E+01 -0.160203962287895E+01  0.969779168729335E-01
% -0.488562698912902E-01 -0.397958564168617E-01 -0.501965737107235E+00
%  0.119539326211557E+01 -0.399903598919806E+01 -0.775814711864436E+00
%  0.105940545931399E+01  0.234592982251142E+01  0.688800379690064E+00
% -0.252248977860496E+01  0.356926346037942E+00  0.759174559154327E-01
% -0.145636820940467E+01 -0.629479529599346E-01 -0.297061122007003E+01
%  0.851838205451327E+00  0.181277152354251E+01  0.858287330452086E+00
%  0.620262774973809E+00  0.693613815150249E+00  0.107527255562210E+01
%  0.156782647997023E+01  0.304083118473859E+00  0.154304522785942E+01
% -0.328801366762025E-01  0.191395854957308E+01 -0.206335624905788E+01
% -0.150863063764764E+01  0.940180977475577E+00  0.380912734019611E-01
% -0.105119489664723E+01 -0.295910704042326E+01  0.104942415927885E+01
% -0.785092516222401E+00  0.874898155518907E+00 -0.127527311740692E+01
%  0.915178746031109E+00 -0.880334472970262E+00 -0.130204019232998E+01
%  0.186409037681487E+01  0.519129832885431E+00 -0.295027462649671E+00
% -0.471564618647809E+00  0.119056627377489E+00 -0.668146186640575E+00
%  0.129032491322897E+01 -0.326310026213969E-01  0.942350268368448E+00
%  0.284689893520410E-02 -0.231263283395823E+00 -0.104459834717208E+01
%  0.185304216392270E+00  0.154800248157980E+00  0.211671350177660E+00
% -0.811777726722953E+00  0.165512214646908E+01  0.143812123232412E+00
% -0.203596583483083E+01  0.159322813137291E+01 -0.619295588259856E+00
% -0.468543563156903E+00  0.196139992553240E+01 -0.325924617655657E+00
% -0.377145048923312E+00  0.658145569299605E+00  0.234489661959854E+01
% -0.674025240806223E+00 -0.147747989200669E+01  0.279019196179059E+00
% -0.134142657563466E+01  0.138250347242260E+01 -0.777750895141539E+00
%  0.963820432097375E+00 -0.253647276096522E+00 -0.593319590665149E+00
%  0.594850397762948E+00  0.787181478363085E+00  0.570144448228327E+00
% -0.780957775665373E+00 -0.716059338494609E+00  0.206082939064800E+01
%  0.149904885084702E+01  0.109717565230005E+01 -0.180515511259437E+01
% -0.197032711595266E+01 -0.110280082884006E+00 -0.977512142983994E+00
%  0.135111153763483E+01 -0.581253935293739E+00  0.546579623308588E+00
%  0.322059832995501E+00  0.154135817966864E+01 -0.619378233132900E+00
%  0.329460499757748E+00  0.491988009841900E-01  0.172447940577872E+01
% -0.119704042224571E+01  0.618386121676298E+00 -0.143385325103742E+01
%  0.217125126177074E+01  0.168193761686844E+01  0.217188598845999E+01
%  0.116637982919335E+01 -0.237350439909174E+00 -0.100044546675364E+01
%  0.731482103666040E+00  0.723438310009945E+00 -0.145990310757250E+01
%  0.235488025318574E+01  0.216761246347492E-01  0.783927112741331E+00
% -0.135807648852834E+01 -0.157112985758292E+00  0.272689043254274E+00
% -0.697364662783609E+00  0.927221719441952E+00  0.752392289487709E+00
%  0.402578883397221E+00  0.101596248104504E+01 -0.601350556962685E+00
%  0.789662603962432E+00 -0.350452776711004E+00  0.160218028811672E+00
%  0.780249578295302E+00 -0.666753063749348E+00  0.917123312148256E+00
% -0.205405868825618E+01 -0.103043473771270E+01 -0.112687737934720E+00
% -0.163978139118698E+01  0.188324991713007E+01  0.243080383158459E+00
%  0.118026969954960E+01  0.611767514516035E+00 -0.178606000073367E+01
% -0.415294756976287E+00 -0.797790251056368E+00  0.226346929293714E+01
% -0.125066628466482E+00  0.108066779677063E+01 -0.511842005949947E+00
%  0.301896175720485E+00  0.228046309782293E+01  0.163670371389667E+01
% -0.434238779868650E+00 -0.195011896036786E+01 -0.474330714516214E+00
%  0.878379561873067E+00  0.428174059516403E+01  0.148300765790530E+00
%  0.486732753968084E+00  0.117466768809225E+01 -0.728307732330590E+00
%  0.119076485107036E+01 -0.231968341322067E+00 -0.201192223578785E+01
% -0.324121552975399E+01 -0.116733407539293E+01 -0.269315122692527E+01
% -0.154364144106838E+01  0.369961163967389E+01  0.148147205785097E+01
% -0.242571339677591E+00  0.443217575757049E-01  0.259677625329363E+01
%  0.138413588865763E+01 -0.186739783744625E+01  0.130632139219472E+01
% -0.442861803335864E+01 -0.144912651996750E+01 -0.257342242336305E+00
%  0.143082878765968E+01  0.158385143609474E+00 -0.348859964803047E+01
% -0.556940370124190E+00  0.178815706136488E+00 -0.132572944590388E+00
% -0.361590174674724E+00  0.101749534781232E+01 -0.556930719654629E+00
%  0.203983016036955E+01 -0.203471857724666E+00 -0.243664624284642E+00
%  0.681748253646626E+00  0.131364753510720E+01  0.199047718386790E+01
%  0.213812415622396E+00  0.270947658922576E+01 -0.164478295106934E+01
% -0.275510347203526E+01 -0.955222869756720E-01  0.157919789417381E+01
%  0.513535710868944E+00  0.133922687352726E+01  0.146896385239959E+01
% -0.634979062990473E+00 -0.657923532098644E+00 -0.188254013823683E+01
%  0.686490715235630E+00 -0.105987093332157E+01  0.332461369862446E+01
% -0.138059371807139E+01  0.175007672725330E+01 -0.693048693215602E+00
%  0.989073751442033E+00 -0.168412485160373E+01 -0.158517363679368E+01
% -0.193019223146239E+00  0.843363479361686E+00  0.247093654549890E-01
%  0.215423110636031E+01 -0.109236300020775E+01 -0.245271791531885E+01
% -0.362645750451826E+00 -0.124005425657411E+01  0.278343621370363E+00
% -0.200230094042675E+01 -0.360447837304387E-01  0.878971858616935E+00
%  0.292670353045277E+01  0.151815432732835E+01 -0.586402990516599E+00
% -0.201898236538188E+00  0.125523463633829E+00 -0.206721701825791E+01
%  0.806082225092012E+00  0.282524523551961E+00  0.123160310520345E+01
% -0.281265177277476E+01  0.103292078249690E+01 -0.300806810487536E+01
% -0.522107413329368E+00 -0.117552033768078E+01 -0.699858245104241E+00
%  0.921038528305668E+00 -0.153479148179998E+01  0.154608303992562E+01
%  0.258405686126185E+00 -0.245027886942116E+01  0.275673013024448E+00
% -0.982267766036760E+00 -0.785576922755441E-01  0.804209119857982E+00
%  0.196109149155194E+01  0.215994105872977E+00  0.431458900365302E+00
% -0.171630063115006E+01  0.304897303496878E+00  0.191284791255856E+01
% -0.756662697714401E+00  0.397979022896052E+00 -0.366025096262610E+00
% -0.156970726841330E+01  0.395417443368637E+00 -0.174994895174316E+01
%  0.419524002666006E-01  0.803271373597347E+00 -0.450805865611346E+00
% -0.161212236894015E+00  0.308386120066309E+01 -0.582876168943753E+00
%  0.107921374668229E+01  0.774323619423067E+00  0.342257598482409E+00
% -0.802018115277232E-01  0.152651124110874E+01  0.682650392511344E+00
%  0.564528031958096E+00 -0.291825361341034E+01 -0.135190492733153E+01
% -0.108116808682006E+01 -0.129270606923268E+01 -0.605668946788868E+00
%  0.383791170712368E+00 -0.434398722397050E-01  0.338925167665238E+01
% -0.110269221584112E+01  0.544773049448219E+00 -0.106715331651546E-02
% -0.212952048780787E+01  0.140555528350241E+01  0.315038566228741E+01
%  0.185629975518130E+01 -0.119672153449909E+01 -0.125299044764654E+00
% -0.115620734535730E+01  0.263303753914140E+00 -0.590461962703059E+00
% -0.141326062460119E+01 -0.169261271539962E+01  0.182516007697057E-01
% -0.513351267076713E-01 -0.613504340406026E+00  0.165580444397059E+01
%  0.489435068656649E+00 -0.202749687899856E+01 -0.216175813992760E+01
%  0.185619765740357E+00 -0.256537298498651E+01  0.157556406739199E+01
%  0.116846257545448E+01  0.279334562603672E+00  0.972573225221593E+00
% -0.170388551264497E+01 -0.362175650883133E+01  0.103462584132711E+01
% -0.106044246955964E+01 -0.939998321323814E-01  0.376531539205629E+00
%  0.121981614947787E+01  0.474607438701008E+00 -0.128260275201714E+00
% -0.191009801798072E+00 -0.225816395319587E+00  0.109720149278855E+01
%  0.118012362761337E+00 -0.239893571593352E+01  0.117514212733028E+01
% -0.104400544666913E+01 -0.817345408814524E+00 -0.350874193895433E+00
% -0.227836279163479E+01  0.354177379078009E+01 -0.164091618773535E-01
%  0.119895426386334E+01 -0.708925788633971E+00  0.117479958081470E+01
%  0.220110629663180E+01  0.182140862198502E+01 -0.150686510027208E+01
% -0.855733113359320E+00  0.257693628234260E-01 -0.864809995914809E-01
% -0.202574185618113E+01 -0.367379842578169E+00  0.821200743016723E+00
%  0.186857214586534E+00 -0.157023945590679E+01  0.154860653653324E+01
%  0.856856135134597E+00  0.146483258666359E+00 -0.184165296879581E+00
% -0.669551462976618E+00 -0.161424128868075E+00  0.866276782422738E-01
% -0.337502088250007E+00 -0.269912638467490E+01 -0.225976746121181E+01
%  0.127134177587119E+01  0.127607113688964E+01 -0.223106901659987E+01
% -0.209930780612913E+01 -0.988644754523211E+00  0.696097906000275E+00
%  0.841250053495873E+00  0.210288773467924E+01  0.190881814716679E+01
%  0.775489058163247E+00 -0.239833658467905E+00  0.118865932353708E+01
% -0.228116051989599E+01  0.122568539038344E+01  0.136425837514279E+01
% -0.610727130177860E+00 -0.105344098557113E+01 -0.100648442030663E+01
% -0.583784916277844E+00  0.113161375350951E+01  0.654897724022431E+00
% -0.142058117127195E+00 -0.170595130968198E+01 -0.107850909250121E+01
%  0.190548201768877E+01 -0.691514190935875E+00 -0.107868287170143E+00
%  0.971429602919393E+00  0.135785121539908E+01 -0.475190573549839E+00
%  0.112270255207248E+01  0.182041622504019E+01 -0.535054252601321E+00
% -0.118542087255031E+01  0.111565532815265E+01 -0.551354201035483E+00
%  0.138261283223199E+01 -0.539512794404939E+00 -0.850372588184146E-01
%  0.498556682290385E-02 -0.772417135140888E+00 -0.111020182718216E+01
% -0.286539433203290E+01 -0.207720588545670E+01 -0.303826703142264E+00
% -0.103682716822579E+01 -0.219279985893435E+01 -0.371695509076711E+00
% -0.796497596951787E+00 -0.142031114943864E+01  0.120854385135451E+01
%  0.157373526129680E+01  0.642732330772487E+00  0.698423835891147E+00
%  0.167317779512634E+00  0.688976892847635E+00  0.136890112982408E+00
%  0.850457217034551E+00  0.825270409117848E+00 -0.291564937761533E+00
% -0.116299162690671E+00 -0.282184112665042E+01  0.363629513218589E+00
% -0.108308571935132E+00  0.112949399454341E+01 -0.246467824776994E+01
% -0.133700837478686E+01  0.784622757825330E+00 -0.597802593167218E+00
% -0.134657794006581E+01  0.243929201874121E+00  0.115615651740219E+01
%  0.385785637355881E+00 -0.142120961622849E+01  0.672011887819918E+00
%  0.185911308333354E+01  0.233614419416650E+01  0.766864199118813E+00
%  0.267255342619896E+01 -0.488788876063803E+00  0.191089727343220E+01
% -0.304864742004635E+01 -0.157455430704555E+01 -0.214737710286875E+00
%  0.145172106389842E+01  0.188402139528421E+01  0.764496378798540E-01
%  0.175354087999873E+01  0.107535124641881E+00 -0.133084219740155E+01
%  0.910636114609217E-01 -0.189248383522484E+00 -0.517174570633590E-01
% -0.213984904119955E+01 -0.109717124030944E+01  0.242979619516211E+00
%  0.175754212803295E-01 -0.149449176836539E+00 -0.961066372480777E+00
%  0.127209722830648E+00 -0.172057736409715E+00 -0.803473586814724E+00
%  0.613122906161382E+00  0.832105600660359E+00 -0.113596707164412E+00
%  0.660053173407690E+00  0.485945013965128E+00 -0.890850182419090E+00
%  0.381108838935661E+01 -0.888167022696070E+00 -0.587404318165972E+00
%  0.249939730513469E+01 -0.647634295863094E+00 -0.328588284186278E+00
%  0.433739652820616E-02 -0.345536181898174E+00 -0.172020795987567E+01
% -0.495239573425246E+00 -0.130374448113206E+01 -0.971291203901234E+00
% -0.460493734381607E+00  0.254734829377095E+01 -0.955078169640382E+00
% -0.884173656253269E-02  0.264870498129644E+01 -0.266080444672886E+00
%  0.338141928919688E+01  0.315917833146845E+01  0.121318197559486E+01
%  0.127396693966647E+01 -0.202780874450535E+01 -0.208792011646987E+01
% -0.773015864255469E+00 -0.118347482687232E+01  0.733376135769464E+00
% -0.751419368855334E+00  0.219127460878361E+01 -0.118800592395938E+01
%  0.162176307662622E+01  0.700579413753011E+00  0.136855330635880E+01
%  0.449306947109847E+00  0.106563497454902E+01  0.269857617626777E+00
%  0.250233270773405E+01 -0.159961403974176E+01  0.147096119090726E+01
%  0.150101157582531E+01 -0.164639270117519E+01  0.143820645254806E+01
%  0.426436478018380E+00 -0.196635185703008E+00 -0.177563739520843E+00
% -0.759797417700026E+00  0.457465551805795E+00 -0.253695118766364E+01
%  0.105038918893890E+01 -0.123940031023812E+01  0.127671681893969E+01
% -0.169410416709983E+00 -0.793547989284943E+00  0.995691702493798E+00
% -0.841332160980006E+00 -0.201474848637962E+01 -0.202467162278143E+00
% -0.398245959594993E+01  0.841346964192867E+00  0.104964478063709E+01
% -0.271661098874231E+00  0.335038662321460E+00 -0.125232979931419E+01
% -0.204065257607569E+01  0.982673980144370E+00 -0.177996842989876E+00
% -0.210939124092050E+01  0.174227425609204E+01  0.137736256380493E+01
% -0.303843970879628E+00 -0.667929199185475E+00  0.562060723183715E+00
% -0.507746813862677E+00  0.456237730406868E-01  0.605684356501703E+00
%  0.492933497622278E+00  0.765986071229041E-01  0.170548212842182E+01
% -0.216404645385535E+01  0.201053035866970E+01 -0.179957586233393E+01
% -0.210359586523840E+01  0.193831745417584E+01 -0.207556817965199E+01
%  0.317292070867375E+00  0.250146679441437E+01  0.422425547525652E+00
%  0.166872818918307E+01  0.112458641428657E+01 -0.338620009907242E+00
%  0.535000680351062E+00  0.307758342950637E-01  0.142198897954995E+01
%  0.222540506244648E+01  0.893269484078305E+00  0.578542135151139E+00
%  0.180360074832101E+01 -0.100811602320356E+01  0.127174897978759E+01
% -0.458550332352801E+00  0.625549470517170E+00  0.201001195657935E+01
% -0.179162957891551E+01  0.183310433829109E+01  0.162709868996700E+01
% -0.102445288404589E+00  0.234014418540857E+01 -0.188265681169787E+01
%  0.324283785080608E+00  0.330735296164585E+00 -0.844617576870271E+00
%  0.151083076595598E+01  0.230522688963495E+00  0.279045914449146E+01
%  0.180241389426581E+01 -0.191008150418730E+01 -0.261488621083025E+01
%  0.353368673869485E-01 -0.247631985390692E+01  0.123843555055059E+01
%  0.102134305896360E+01  0.345948275703342E+00  0.192323127257524E+01
% -0.295233928260154E+01 -0.221362125538033E+01 -0.696426437794869E+00
%  0.259559722605592E+00  0.793225590823776E+00  0.258932974868380E+01
%  0.105145556573080E+01 -0.150834934334865E+01  0.971086878759053E+00
% -0.225748568991096E+01 -0.324548620440170E+01 -0.443357762525651E-02
% -0.746637069227367E+00  0.135647955779195E+01 -0.479610238642247E+00
% -0.130699377601681E+01 -0.473589916810713E+00 -0.178393648763885E+01
%  0.115142146279465E+01 -0.107846214090994E+01 -0.118423449390484E+01
% -0.815210144787865E+00 -0.184563449527418E+01  0.100026246025032E+01
% -0.545576618692723E+00  0.123681330538047E+01  0.401087458422616E+00
%  0.775631024809111E+00  0.802201544193308E+00  0.778889551642073E-01
%  0.156321796958166E+01  0.301311784244716E+00 -0.351255799857927E+01
%  0.476763643273447E+00 -0.156963753490920E+01  0.112297679038266E+01
%  0.192248280882499E+01 -0.379689913064670E+00 -0.659414195977200E+00
%  0.459341790097511E-01 -0.182759058433971E+01  0.761380956110323E+00
% -0.361026272390292E+01 -0.128588424711239E+01 -0.729132595655163E+00
%  0.244736525306232E+01  0.131370125907852E+00 -0.250163519750936E+01
%  0.166198858778272E+01 -0.174155840123897E+01 -0.251300999352739E+00
%  0.791723151940516E+00 -0.397575704507208E+00 -0.622046127906774E-01
% -0.124380053945998E+00 -0.114882134062347E+00  0.258426521758232E+01
%  0.170654477238491E+01 -0.573403983020527E+00  0.528038530183402E+00
%  0.151696310363185E+00 -0.369997236706927E+01 -0.105493661375089E+01
%  0.358022263840243E+00 -0.679148019509591E+00  0.799924748913221E+00
% -0.898755461998982E+00 -0.110275864071108E+00 -0.108761290323371E+01
%  0.125464660718939E+00 -0.522080084170173E+00  0.159191672967179E+01
%  0.397249821652683E+00 -0.127128552268062E+00 -0.765239660890427E+00
%  0.850317868808572E+00 -0.466658171765182E+00  0.316400489595293E+01
% -0.592433860368896E+00  0.672536156708245E-01 -0.204631823665073E+01
%  0.103360487754643E+00 -0.871640027160678E+00 -0.197152232293453E+01
%  0.260720881211845E+00 -0.354828623857742E+01  0.183049349637800E+00
% -0.539114105049428E+00 -0.201763401636225E+01  0.975120129876658E+00
%  0.346001529375996E+00 -0.249440465296963E+01 -0.871862376549595E+00
% -0.889293208462724E+00 -0.647969223089824E+00  0.334565352894451E+00
% -0.154492621866878E+01 -0.149786194580737E+01 -0.192762150283177E+01
% -0.684686904085503E+00 -0.170265177420849E+01  0.352856994382509E+00
%  0.125055667896951E+01  0.839236861681528E-01  0.199593327894911E+01
% -0.116843703288419E+01  0.227906742763803E+01  0.177988180591171E+01
%  0.125695223943656E+01 -0.401972687980213E+00 -0.309513928893611E+00
%  0.164511563973987E+01  0.284514877046176E+01  0.237725007694680E+00
% -0.163641296155800E+01  0.152497729064829E+01  0.739700265614782E+00
% -0.120615859469812E+01  0.269655349904486E+01  0.315072780245751E-02
%  0.716472656000202E+00 -0.224782895827121E+01 -0.126378544392536E+01
% -0.143870228409568E+02 -0.107683143798527E+02 -0.722763613872127E+01
% -0.639383089843460E+01 -0.987452460304949E+01  0.888163147676298E+01
% -0.822885471035532E+01  0.153861625506183E+02  0.329566708531985E+01
% -0.861690861596637E+01 -0.380245327235736E+01  0.145670485037637E+01
%  0.149295621478303E+02  0.839481286743445E+01 -0.101299755978040E+02
%  0.553416120834900E+01  0.499082832482782E+02 -0.469672958927759E+02
% -0.115123758998762E+01  0.888656435677910E+01 -0.768099903566058E+01
% -0.265908448316321E+01 -0.736319829106076E+01  0.278943575616078E+01
%  0.223247573905456E+02  0.261120322389114E+02 -0.611336828530339E+01
%  0.241644263067905E+01  0.443447032808630E+02 -0.107788265518186E+02
%  0.929601795211455E+01  0.893452130412713E+01 -0.436754913801540E+00
% -0.293558048624318E+01  0.204342749715079E+01  0.193270896890353E+02
% -0.413190677929176E+02  0.117828716369502E+02 -0.106624277385394E+02
%  0.292547480391742E+02 -0.417528226599857E+00  0.102598071592206E+02
%  0.161027184526527E+01 -0.341659693479196E+00 -0.787481273298101E+01
%  0.551031928453880E+02 -0.793944341177626E+01  0.265124426851074E+02
% -0.356342630156567E+02  0.246235923515651E+02 -0.268412604469798E+02
% -0.163372934501554E+02  0.366076817072116E+01  0.123791358328528E+02
%  0.250112995071142E+02 -0.124769307471901E+02 -0.255880395171973E+02
% -0.393027376419159E+01 -0.124659882763702E+02  0.285179453596085E+02
%  0.511825112256102E+02 -0.332676659825607E+02  0.293056512623738E+02
% -0.955447133047595E+01  0.620226707409632E-02 -0.497671628177626E+01
% -0.328361303567164E+02  0.265233655692377E+02 -0.593542724046579E+01
%  0.116568255747851E+02  0.391433672433247E+01  0.518235171271506E+01
%  0.345362996623724E+02  0.260451376569717E+02  0.631109257418514E+01
% -0.287228684662804E+01 -0.289335116516373E+02  0.252548001075320E+02
%  0.875952301401163E+01 -0.144410014892884E+01 -0.233429709164036E+00
%  0.205476340493839E+02  0.621610640256353E+01 -0.120348987433987E+02
%  0.742805009021751E+01 -0.508781513434257E+01 -0.702330465497691E+01
% -0.124065058920154E+02  0.138378282463276E+02  0.151882557116665E+02
% -0.594283599758556E+01  0.680731180611188E+01 -0.226308329911870E+02
%  0.273262394979775E+01 -0.175817974266091E+01  0.341079785832119E+01
%  0.441890806967965E+02 -0.582110824794880E+01 -0.944335473208315E+00
%  0.675466571950659E+02  0.118824824615494E+03  0.113029774214627E+02
%  0.156992064525567E+01 -0.641413485166868E+00  0.948687267529295E+01
%  0.132281948058982E+01 -0.214984767762096E+01  0.271442260953216E+00
%  0.208138726963698E+02 -0.327723500583424E+01  0.179414576829055E+02
%  0.165383151058519E+01  0.729254769472644E+02 -0.652248944206477E+02
% -0.443881517721826E+02 -0.184790479314879E+02 -0.208639395341363E+02
%  0.148608249612232E+02 -0.576410197670440E+02 -0.385783686341393E+01
% -0.832535757574065E+00 -0.881384384643998E+00 -0.456862317139914E+00
%  0.296097019412113E+02  0.757974656061111E+01  0.258160282233823E+01
% -0.149756738229805E+02 -0.128038366552488E+02 -0.921719443783619E+01
% -0.249631505383809E+02 -0.102379840830704E+02  0.596043968760388E+01
% -0.371697429977671E+01  0.309520324846786E+01 -0.151254640562422E+01
%  0.106839769291244E+02 -0.107278945904331E+02  0.213044809948554E+02
%  0.457269179553908E+01 -0.269875245732296E+00  0.371810102927785E+01
% -0.188438780525709E+02 -0.968116961563456E+01 -0.174196793805072E+02
% -0.430091243278994E+00  0.145340672928739E+02  0.252230097239153E+01
% -0.963011350976950E+01 -0.802659227536310E+02 -0.328509961652555E+02
%  0.195286063671841E+02  0.179620473566885E+01  0.595813590595524E+01
% -0.462675129217917E+02  0.427446408694050E+01 -0.126377385218477E+02
% -0.506073170310872E+01 -0.154950031189189E+02 -0.169319939945634E+01
%  0.184096985812002E+02  0.802621085644410E+02  0.137100292326687E+02
%  0.906852854965779E+01 -0.204243774854084E+02 -0.712274995323279E+02
%  0.720524509825256E+01  0.584378942718480E+02  0.107515559398060E+02
% -0.811107885317172E+01 -0.404404934482542E+00 -0.810373092553125E+01
%  0.596403334544656E+02 -0.114024346202671E+02 -0.946590048862251E+01
%  0.113976622283338E+02 -0.791869167662105E+01  0.109838464883133E+02
% -0.391219927056047E+01 -0.181564651712378E+01  0.141631735658847E+01
% -0.183561158273130E+02  0.188039082464451E+02 -0.525680349833487E+02
%  0.253313404204158E+00 -0.284575929044913E+02 -0.108046230630285E+02
%  0.419574662840715E+01 -0.483024258026529E+01  0.164859168368640E+01
% -0.274727988812637E+00 -0.170686441568036E+01  0.149296198564689E+01
%  0.158835432026406E+02 -0.225209600494810E+01  0.906460317958041E+01
% -0.475276533902586E+01  0.599446402804113E+01  0.478159835851756E+01
% -0.339344461603603E+01 -0.369416208479489E+01  0.110617526121624E+02
%  0.288657045219887E+02 -0.355767860952056E+02  0.152110984576787E+02
% -0.481861179757206E+01 -0.309648593276631E+02  0.154425279378957E+02
%  0.784007064734223E+01 -0.107337333585662E+02  0.375416249945719E+01
%  0.509169649854924E+01  0.158577056470304E+02  0.346103212646419E+02
%  0.124952342962221E+02  0.285952695027258E+01  0.188435497783555E+00
% -0.581550185019356E+01 -0.504912349217753E+01 -0.892672983564612E+01
%  0.275145784133346E+02 -0.179084339129020E+02 -0.331205739350223E+02
%  0.318017138173706E+01 -0.982414824827470E+00 -0.125902960759417E+01
% -0.248694037223256E+01 -0.170479119912068E+02 -0.176716059702120E+02
%  0.970167038109330E+01  0.454495505015754E+01 -0.142775838695039E+02
%  0.659776467843673E+02 -0.407980485005562E+01  0.500713749542492E+02
% -0.113539149211675E+01  0.106129191155963E+01 -0.784302372802818E+00
% -0.628255623677681E+02 -0.380161816311158E+00  0.349486442522486E+01
%  0.784628775376762E+01  0.339132224266674E+02 -0.247493365133517E+02
%  0.390691798335710E+01  0.439740335266481E+00 -0.210295489538565E+02
%  0.659248431628744E+01  0.862793822113849E+01  0.497525793889848E+00
% -0.110263306478042E+02  0.643808649921101E+01  0.691217556723900E+01
% -0.882392532336027E+01  0.382781180213637E+02 -0.132620725793852E+02
% -0.270758036223157E+01  0.410497848879967E+01 -0.342962310831088E+01
%  0.103401901436109E+02 -0.525358141155624E+01  0.535962768919741E+01
%  0.864142962409082E+01 -0.817578253008370E+01  0.171909425310555E+02
%  0.213025790480407E+01 -0.173348787711896E+01  0.327884735355745E-01
% -0.100237174244465E+02 -0.231869246304219E+02 -0.256689910731049E+02
%  0.730513799553162E+01  0.804869330717729E+00  0.698479704066050E+01
% -0.366794323650008E+02  0.246072771354165E+02  0.328959692999030E+02
% -0.876761542577411E+01 -0.826418257492030E+01 -0.104244086127376E+02
%  0.520666773686013E+02 -0.153925680515590E+01  0.777720100379258E+01
% -0.417278676107518E+02 -0.141800409480459E+02  0.154228937886917E+02
% -0.660458753347453E+00 -0.499285426591595E+01 -0.616754490776040E+01
%  0.423098639705827E+01 -0.680864683763309E+01 -0.144757628730774E+01
% -0.180486304663619E+02  0.107507418400761E+02  0.219166340382422E+02
%  0.408001268222149E+01 -0.580208180505467E+01 -0.545200447314165E+01
%  0.567939329436577E+01  0.138552777264827E+01  0.690525551224946E+01
%  0.197166636610234E+01  0.510556608218176E+01  0.409275014402780E+01
% -0.984857251147721E+01 -0.359945742063879E+02 -0.145956808550761E+02
%  0.455151383444585E+02 -0.324579271708419E+02  0.156023727937193E+02
% -0.321870636188020E+02 -0.163304394097248E+02 -0.896138059905570E+01
% -0.614600568785648E+01 -0.153747887015927E+02 -0.203157316851115E+02
% -0.228751516929186E+01  0.762315750205196E+01  0.398769530921796E+02
%  0.441175704046357E+02 -0.640360467970542E+02  0.274113044678702E+02
% -0.830766537563743E+00  0.348732675802734E+01 -0.160591614740558E+02
% -0.221556510126812E+02 -0.537642154741431E+02 -0.218490206155619E+02
%  0.515589738354050E+02  0.366430977317909E+02  0.186317770542613E+02
%  0.967653897954199E+01  0.265108164682480E+02  0.155540094598070E+03
%  0.209578834251306E+01 -0.707154489706326E+01 -0.401018646303462E+01
% -0.298216213505489E+01  0.152470257512160E+02  0.126147823060784E+02
%  0.557990401554646E+00  0.603475096283487E+00 -0.142381189004231E+02
%  0.118722170553494E+02  0.107905676004001E+02 -0.517220822065178E+01
% -0.939478535664048E+01 -0.125163342837105E+02 -0.144455332871825E+02
% -0.947222775736221E+01  0.428431168034064E+02  0.268562756090743E+02
%  0.424203097253252E+02 -0.599515448099264E+02 -0.422542200991943E+02
% -0.244244338602533E+02  0.983413240576156E+01 -0.165192053455604E+02
%  0.860461348966501E+01  0.325056798869238E+02  0.131506133753605E+02
%  0.776282574397309E+02  0.538196698385861E+02  0.315259457099603E+01
% -0.328834186287807E+02  0.370963626185160E+02 -0.487786539572377E+02
% -0.188304705491272E+01  0.203281748215772E+02 -0.457166291804309E+02
% -0.362886667207889E+01  0.163482021847323E+01 -0.101556518632447E+02
% -0.102823894985435E+02 -0.183411892482546E+02  0.135902538447211E+02
%  0.646565321096674E+02 -0.498715604591048E+02 -0.699665479696174E+02
% -0.432683103936767E+01  0.242915453468554E+02  0.117961042360138E+02
%  0.156485224123135E+02 -0.356138371629933E+02 -0.453568734893442E+02
%  0.279734363130491E+01 -0.206325000453235E+01  0.392830473695536E+02
% -0.229704017590286E+02  0.325046934877668E+02  0.191778280021371E+02
%  0.109039155712826E+02 -0.886801849800316E+01 -0.208171547224109E+00
% -0.147529239082659E+02  0.223120770018724E+02  0.672184631658475E+02
% -0.405667794263249E+02  0.446825610617564E+02 -0.208652197764593E+02
% -0.396688457111024E+02 -0.800456212516587E+01  0.346245084374335E+02
%  0.992942714932912E+01 -0.696599785883985E+01 -0.438990222834235E+01
% -0.236662903176332E+00  0.455752124015265E+01 -0.361922845198030E+01
%  0.339151377655421E+01 -0.500223390029862E+01 -0.682897169087485E+01
% -0.109066172166614E+01 -0.142430091012241E+02  0.178906057324111E+02
% -0.216250860005384E+01  0.223279602687921E+02  0.233098751049235E+01
% -0.749414746696258E+01 -0.137449415447333E+02  0.235924800840480E+01
% -0.337102343306491E+02 -0.356620405101206E+02 -0.541696447105202E+02
% -0.316545174610459E+02  0.483276865288196E+02 -0.283223916747604E+02
%  0.420132431555576E+01  0.132903980211959E+02 -0.113400030542797E+02
% -0.752672207289588E+01  0.114852051884028E+02 -0.102390146739469E+02
% -0.507491792055771E+01  0.440568333474123E+01  0.744188320027156E+01
%  0.201532607932579E+01  0.122967963965302E+02 -0.636884174749422E+01
% -0.107640724648573E+02  0.311779166203405E+02 -0.336616585766697E+02
%  0.868449046801406E+01 -0.986310770081481E+01 -0.776559005030339E+01
%  0.488792593301824E+01  0.128468532123811E+02  0.186775513597361E+02
%  0.149318404771795E+02 -0.111949221451340E+02  0.391791033023138E+01
%  0.191514746025520E+02  0.633824115297977E+02  0.652377853340312E+01
% -0.107125676712277E+02  0.985595236242603E+01  0.124471406641264E+02
% -0.234523096963438E+02  0.237950611049898E+02 -0.835295600082333E+00
% -0.516945001037769E+02 -0.803946567302458E+02  0.534219764261921E+02
% -0.470062557954641E+02 -0.654782373575559E+02  0.463125857373274E+02
%  0.512432070974708E+01 -0.109191707138306E+02 -0.181717852902898E+02
%  0.297294706010603E+01  0.251341046904762E+02  0.312239250192667E+02
%  0.350565327207058E+01 -0.449931697258193E+01 -0.162134793169340E+00
%  0.137410950760004E+00  0.107222725482023E+02  0.210354128248516E+01
%  0.365541808015890E+01 -0.702561033486447E+00  0.289806123552256E+01
%  0.531668085480065E+01 -0.510637540082798E+02 -0.134605140624250E+02
% -0.332550778187091E+02 -0.356238627679701E+02  0.760546479599530E+02
%  0.161221404295654E+02  0.178017672358625E+02 -0.265309198314857E+02
%  0.538767628164733E+01 -0.693605906518625E+01  0.994168447587209E+01
%  0.101815705711879E+02 -0.215507086078446E+02  0.110425012495814E+02
%  0.141514116952519E+02 -0.248012843736005E+02 -0.298182340001892E+02
% -0.712639721894019E+01 -0.428157964327598E+02 -0.875144075547443E+02
% -0.549498845512369E+01 -0.191975684160297E+01 -0.291924488199368E+01
% -0.194697055211250E+02 -0.164939352137191E+02 -0.525190740723357E+01
%  0.147331397026570E+02  0.625104752743827E+02 -0.599457157721250E+02
% -0.322295702688299E+01  0.110026489695005E+02  0.275605943701865E+00
%  0.151918706412605E+01  0.458200600747817E+00 -0.228670348771938E+01
% -0.414670816633707E+00 -0.235991128748329E+02 -0.154226584417969E+02
%  0.235227952616782E+02 -0.379249636312645E+01 -0.599927088111569E+02
% -0.438130813118262E+02 -0.371269302617127E+02 -0.533918944391125E+02
%  0.793976746084453E+01 -0.113521367379841E+02  0.265309314165152E+02
% -0.914722063354125E+01  0.767837508274352E+00  0.243173982685379E+02
% -0.111688247214110E+02  0.151302133646154E+02  0.187628906227347E+01
%  0.318951311870024E+01  0.840253905544028E+02  0.159741415002820E+02
% -0.689698642070982E+01  0.324016850029937E+02  0.782211294192821E+01
% -0.445367004981467E+01  0.467418565893513E+00 -0.206957135502056E+01
%  0.350621529710457E+01  0.458402292790625E+01 -0.889716327898096E+00
%  0.399883951784512E+02  0.130903218615579E+02  0.377840006337759E+01
%  0.480261965762108E+02  0.171674812439210E+02  0.180375325155042E+02
%  0.409866173939768E+01  0.121025584172229E+02 -0.826934770838323E+01
% -0.329719442412213E+02 -0.239476616727271E+02 -0.297196908736569E+02
% -0.462386502541256E+01  0.123624784496560E+02  0.525766660659649E+01
% -0.222011308082429E+02 -0.198514726906353E+01  0.463110142842119E+01
%  0.133277724249468E+02  0.157155368128660E+02  0.137641054878683E+02
%  0.291655707951958E+02  0.767757924663631E+01  0.179922613926096E+01
% -0.120786105471307E+02 -0.238299343227053E+02 -0.622612311565735E+00
% -0.825453375961547E+02 -0.124713502309382E+03 -0.931997873691138E+01
% -0.842642675460771E+01  0.172608906168348E+02 -0.744607504370304E+01
% -0.161636276623008E+01  0.707092697922097E+01  0.289762557082794E+01
% -0.215228485387929E+02  0.158030581990046E+02 -0.273650941191008E+02
%  0.758305287434740E+01 -0.227792767237449E+02  0.227585360389558E+02
%  0.128661263134681E+02  0.208439096516615E+02 -0.206879418807519E+02
%  0.617030465889506E+01  0.409398281735174E+01  0.356849446875006E+01
%  0.650188359424841E+01 -0.215392141892260E+00 -0.172928227575794E+01
%  0.279791601055681E+02 -0.111297107101717E+02  0.243049516135571E+02
%  0.411315797263757E+01  0.939685994317746E+01  0.473019000615292E+02
% -0.854961143440655E+01 -0.229997069716035E+02  0.640044275151481E+00
%  0.615408149335213E+01 -0.363259889260182E+01  0.709430203842637E+01
% -0.483779036505488E+02 -0.793181596566991E+01  0.229278113841649E+02
%  0.626298724620374E+01 -0.195543717190904E+02  0.824427728225918E+01
% -0.352740600473803E+00  0.788407025489219E+00 -0.160727688203665E+01
% -0.221568606566627E+01 -0.438917633859706E+00  0.107008698362761E+01
% -0.462840400234066E+01 -0.287445971879702E+02 -0.147001253738762E+03
%  0.316095829303737E+01 -0.247224771656995E+02  0.966123242816270E+01
% -0.251734931293854E+02  0.164577110239127E+02  0.443124041860638E+01
%  0.226229487215561E+02 -0.117251995008929E+02 -0.482360760299980E+01
%  0.480500840690160E+02 -0.253806690485932E+01 -0.837750287981977E+01
% -0.254081202971152E+02 -0.522692877333442E+02 -0.506176248391129E+02
%  0.124714522885910E+02  0.303804653240426E+02  0.524553056740740E+02
%  0.119637885857657E+02  0.371586861780474E+01  0.144126226797449E+02
%  0.137699049741094E+01  0.360124391549359E+02 -0.285126822775711E+02
% -0.581036879969784E+01  0.802047958022847E+01  0.251963612911960E+00
% -0.535937621782529E+01  0.935073267824652E+01  0.371884014724054E+02
%  0.592369193841530E+01 -0.138411108765541E+02  0.886632636304236E+01
% -0.147523820771953E+02  0.800463224594495E+01 -0.607982609166082E+01
%  0.271710895479954E+02 -0.175249447904735E+02 -0.947233232377178E+01
% -0.166699675443204E+02  0.542219775198376E+02 -0.131204444305193E+01
% -0.691948960297976E+01 -0.275096822654356E+02  0.804954168552793E+01
%  0.164346288182260E+02 -0.842455661185480E+01  0.174908197835883E+01
% -0.688093962618146E+01 -0.139256773537170E+02 -0.208914539289780E+02
% -0.402310977915494E+02  0.584388819565661E+02  0.237833052171202E+01
% -0.206705336643507E+01 -0.450818939836239E+01 -0.702919959423860E+01
% -0.203017518162690E+02 -0.101867492240277E+00  0.134582732504876E+02
%  0.385827205161703E+02  0.350245605434039E+02  0.603997373733828E+02
% -0.278356195835045E+02  0.118020069107645E+01  0.506273587377046E+01
%  0.119142484025981E-01 -0.453263926352177E+01 -0.108406514426268E+02
% -0.231686187184703E+02 -0.104080590230436E+01  0.368122280049398E+01
%  0.217797667313799E+02  0.142500488619307E+02 -0.159005154647827E+02
% -0.163190654271993E+02 -0.438989196505288E+01  0.520501223177207E+00
% -0.283208985754460E+02  0.152386483282955E+02  0.840130557727492E+02
% -0.435252770385564E+02  0.206343297141456E+01  0.269499994194053E+02
% -0.297779352008693E+01 -0.161096932497452E+02  0.689816946991181E+01
% -0.820258820075213E+01 -0.108176022571988E+02  0.151606688979185E+02
%  0.127724380579088E+02 -0.216799509381665E+02  0.285276293301493E+02
%  0.103612968648444E+01 -0.203304833753129E+02 -0.335209795185765E+02
% -0.952481315554547E+02 -0.424381734426137E+02  0.906936871637279E+01
%  0.330027906348659E+02  0.408874857836764E+02  0.267117335800885E+02
%  0.515445591964232E+01 -0.384208122405286E+01  0.187325937543110E+01
%  0.650045779986622E+01 -0.304850289844875E+02 -0.161520222238979E+02
% -0.224473163968189E+02  0.102172915578885E+02  0.428231251343944E+01
% -0.194890606687367E+02 -0.280512959406405E+02 -0.575361566295051E+01
%  0.443169119548771E+02  0.345777493900438E+02  0.538439858814606E+02
% -0.104157147789513E+02 -0.167322445313290E+02 -0.252725718442988E+02
% -0.256605743387223E+01  0.142025607585414E+02  0.166603783583071E+02
% -0.606877371742785E+00  0.941616531682616E+01 -0.100847473694019E+02
%  0.170067751928247E+01 -0.104474386132735E+02 -0.284439439832571E+01
% -0.240155221999424E+02  0.112622567319827E+02  0.190863576677200E+01
%  0.544447079896713E+02 -0.209744531440995E+02 -0.178631798813673E+01
%  0.210838039661843E+02 -0.401316238570832E-01  0.660840218824231E+01
% -0.111059093637625E+01 -0.326229813418699E+02  0.765708377106044E+02
% -0.558680822639106E+02 -0.513220975854922E+01 -0.448922722143483E+02
