% T    256  0.715122828077254E+01  0.715122828077254E+01  0.715122828077254E+01
   0.555535837012464E+00 -0.251317799400792E+01 -0.302302700135219E+01
   0.306354901979280E+01  0.441513906239482E+00 -0.176695500628091E+01
  -0.221427695452835E+01 -0.196418106537657E+01  0.481106401894543E+00
   0.825623339545770E+00  0.282063319946599E+01  0.259318543546710E+01
  -0.281063409903905E+01  0.170784866427569E+01  0.347241653756965E+01
   0.265992052535364E+01  0.190204994785238E+01 -0.182020862519083E+01
  -0.123388027806728E+01 -0.279096374601673E+01 -0.199124226639725E+01
   0.261266761343181E+01 -0.268759373635810E+01 -0.249248867777704E+00
   0.293375736925982E+01 -0.611852855840871E+00  0.338078343929285E+01
  -0.210191970707011E+00 -0.122716711892644E+01  0.164316594183446E+01
   0.324458134152652E+00 -0.197953150924879E+01  0.251606763371624E+01
   0.499539469985637E+00 -0.230986142087236E+01 -0.484982569164979E+00
  -0.850282395774580E+00  0.521230236159932E+00 -0.192304978485401E+00
   0.200111464692223E+01  0.261294097945786E+01 -0.231005988578683E+01
  -0.188510659493309E+01 -0.190426698751871E+00  0.114494575769921E+01
   0.300880891646764E+01  0.139836252572178E+01 -0.839675495129160E+00
  -0.946789668791372E+00 -0.170920045816332E+01 -0.210047708364488E+01
  -0.278425908245337E+01 -0.163900931841675E+01  0.128796318932224E+01
  -0.245932960821507E+01 -0.635479398694339E+00  0.218657130587074E+01
  -0.220303884110042E+01 -0.212017915197264E+00 -0.311507040860475E+01
  -0.723431146485952E+00 -0.183308133510804E+01  0.251645084620478E+01
   0.116557700532171E+01 -0.746289153156570E-01  0.178234788255013E+01
   0.717114618472859E+00  0.266282513854307E+01  0.164197259603661E+01
  -0.992397400588545E+00 -0.620616125215254E+00 -0.237985213034086E+01
  -0.290654833731032E+01 -0.270618423629211E+01  0.124111917354535E+01
   0.231706835505277E+01 -0.237601277813945E+01  0.798561724340490E+00
  -0.573590027118613E+00  0.435693233051918E+00  0.263802763650568E+01
  -0.196182563460747E+01  0.244362022336328E+01 -0.331416469981945E+01
   0.296685335812520E+01  0.306170033950532E+01 -0.998784319576594E+00
  -0.236914548505298E+00  0.214621848405895E+01  0.257992601936204E+01
   0.321120088865748E+01 -0.157900880256903E+01 -0.589002585816888E+00
  -0.324464916593367E+01 -0.410154216075629E+00  0.284645501796552E+01
   0.414472909014150E+00 -0.546991407516486E+00  0.115830637257046E+01
   0.123214257383430E-01 -0.373976553536544E+00 -0.236401161219983E+01
  -0.111301078211395E+01 -0.137636832935379E+01  0.846641991765416E+00
   0.225525830819370E+01 -0.100425782590519E+01 -0.233198863707742E+01
  -0.300564590878706E+01  0.919148843226611E+00 -0.292731668128400E+01
   0.126013837351668E+01  0.197785113869124E+01  0.257519697986629E+01
   0.537431215608814E+00  0.225891245051406E+00 -0.160165128445606E+01
  -0.117424741566357E+01 -0.246263070836731E+01  0.118645195193499E+01
   0.221993334603123E+01 -0.254046513591564E+01  0.229069593435814E+01
  -0.297187394207582E+01  0.115753864637465E+01 -0.267478765587625E-01
  -0.217948936488939E+01 -0.229392798105879E+01 -0.202709606416428E+01
  -0.346231026954877E+01 -0.309614507762316E+01 -0.194697945385033E+01
  -0.652291556893580E+00  0.130812921066136E+01  0.192738661445556E+01
   0.119276377044174E+01 -0.275497866763072E+01 -0.140217402444287E+01
   0.120262210393293E+01  0.944943631838914E+00  0.118442819288287E+01
   0.198706014611592E+00 -0.537068289892003E+00  0.330727925143648E+01
  -0.275371400837007E+01  0.261257875030940E+00  0.684770155491163E+00
   0.137610819680627E+01 -0.297340594238206E+01 -0.270615364224332E+01
  -0.253023403568441E+01 -0.354997348221575E+01 -0.179527191533050E+01
   0.863829912138706E+00 -0.113877206013337E+01  0.198496301786215E+01
  -0.179562365531067E+01  0.318793502902287E+01  0.165909224554987E+01
   0.124187871266530E+00  0.314070224466155E+01 -0.476078923248421E+00
   0.328229297934367E+01 -0.237173680552280E+01  0.157129551126252E+01
  -0.203436966303252E+00 -0.167371206717278E+01 -0.125666210572550E+01
   0.331027076064105E+01  0.180614464565931E+01  0.338646544307486E+01
  -0.133210461973481E+01 -0.292129471606799E+01  0.212645021506246E+01
   0.576748260263741E+00 -0.303805044948741E+01  0.350586664374949E+00
   0.128537215260404E+01  0.203867285624840E+01  0.113353385531316E+01
  -0.990693692771589E+00  0.219434827619691E+01  0.141771083011886E+01
  -0.892152153489919E+00  0.163237581248953E+01 -0.851571486078286E+00
   0.234190007200830E+01 -0.306080604069943E+01 -0.232545240658566E+01
  -0.287465336075749E+01 -0.287345718635943E+01  0.218557999116723E+00
  -0.325221347940317E+01  0.152516103323593E+01  0.226023946759732E+01
   0.324371135202883E+01  0.127396401329393E+01  0.157144299652728E+01
  -0.294035234273051E+00 -0.207665155449404E+01  0.196421446179730E+00
  -0.235955416168322E+00 -0.307361299080818E+01 -0.415639939958224E+00
  -0.147009236003139E+01 -0.964291124817097E+00  0.212368981366079E+01
   0.232896315406709E+01 -0.856399824263119E+00  0.171287536431317E+01
   0.867418700617116E+00 -0.153094550254163E+01 -0.205016841414535E+01
  -0.619182371555881E+00  0.107955254439964E+01  0.352545805776810E+01
   0.101998869187891E+01  0.348567900240660E+01  0.111384860145283E+01
   0.219937801951925E+01  0.107865268437831E+01 -0.260012697832787E+01
  -0.885807829329377E+00 -0.247658060129855E+01 -0.937749691449001E+00
   0.197812622130069E+01  0.153343969707090E+01  0.184627871291340E+01
   0.990664761245895E+00  0.289844531436836E+01  0.175791185739823E+00
   0.204070916233661E+01  0.538969728178806E+00  0.304044485943363E+01
   0.522263200129087E+00  0.169541751951369E+01  0.183770113671885E+01
  -0.324120043914658E+01  0.325001801638974E+01 -0.104196185930434E+01
  -0.342081586230837E+00 -0.360509095903750E+00 -0.123621674370136E+01
  -0.352402998775429E+01 -0.727126570846440E+00  0.171773061146007E+01
  -0.233146198515645E+01  0.126383444303316E+01  0.253279264314267E+01
  -0.272768116995463E+01  0.221115671569358E+01 -0.261985134966937E+01
   0.196260707385094E+01 -0.340172897071568E+01  0.141793157281697E+01
   0.328928875084896E+01 -0.448017701529833E+00 -0.112861967868643E+01
  -0.140264034070676E+01  0.309285697774811E+00  0.337130123492324E+01
   0.596800646157078E+00  0.141321883395741E+01 -0.267785908781148E+01
  -0.306017112960121E+01  0.242327280407591E+01 -0.169160560001476E+01
   0.126868916159166E+01  0.688814023930895E+00 -0.215064724679791E+01
   0.343266396573579E+01  0.213679363380692E+01 -0.275577298829160E+01
   0.215131749488302E+01 -0.423333599031944E-01 -0.166161550876367E+01
   0.150031670772169E+01 -0.151184944176751E+01 -0.112815344953131E+01
  -0.367592619059660E+00 -0.340187305085962E+01  0.300606536023903E+01
  -0.301556447513463E+01 -0.245927343673851E+01 -0.251229647873356E+01
  -0.350285536954308E+01  0.254579347629081E+01  0.269854839701298E+01
  -0.154731367940554E+01 -0.466287027486900E+00  0.115202938287832E+00
   0.204530846139868E+01 -0.341811677245748E+01 -0.106660619611219E+01
   0.301229023452625E+01 -0.322537854932183E+01  0.803785559965731E+00
  -0.516407764643521E+00  0.252438558460116E+01 -0.130295784303481E+01
  -0.261127475521182E+01 -0.313391580963399E+01 -0.772100753198703E+00
  -0.193671668223210E+01 -0.996858256784085E+00 -0.238551560573502E+01
  -0.560072396199368E+00 -0.301345476074033E+01  0.602979351338145E+00
  -0.327451509938525E+01  0.698745397032353E+00  0.289828419170285E+01
  -0.169463925242344E+01  0.309501467969217E+01 -0.179559529288454E+01
   0.273933458633999E+01 -0.159475672620858E+01 -0.327860411190941E+01
  -0.209469333192870E+01  0.139275144553500E+01 -0.266936274223635E+01
  -0.131637862643100E+01 -0.119989922768361E+01 -0.137133530830600E+01
   0.326557651418884E+01 -0.212315965674166E+01  0.344250291668550E+00
   0.211435746822820E+01  0.289331717280296E+01 -0.534665210811195E+00
  -0.228254896283810E-01  0.982694785334581E+00 -0.980943816827697E+00
  -0.192162893269787E+01 -0.194071357061991E+01  0.237336171901335E+01
  -0.823631970831908E+00  0.331767609098740E+01  0.125409072863418E+01
  -0.281033884270772E+01 -0.105210462162416E+01 -0.177716088668423E+01
  -0.332371705497397E+01 -0.540317204207126E+00 -0.117494353745476E+00
  -0.328929398448939E+00  0.159434922320536E+01 -0.175945464664130E+01
  -0.130694188366822E+01 -0.232734893362904E+01 -0.297544185977585E+01
   0.553394703697987E+00 -0.935563507646310E+00 -0.620927544644934E+00
  -0.208302570460436E+00 -0.250278881944729E+01  0.329921109894289E+01
   0.114998565282188E+00  0.308283521623644E+01 -0.351147632125222E+01
  -0.593293324622825E+00  0.522179564510963E-02  0.170427933539425E+01
  -0.147484906464079E+01  0.218001723733684E+01  0.448587995805931E+00
   0.722255866508391E-02 -0.172390844144778E+01 -0.258573826340187E+01
   0.203494243388226E+01  0.351151332571753E+01  0.299441180233723E+00
   0.305974667539500E+01 -0.226417146265322E+01 -0.258189622667869E+01
  -0.282762564616206E+01  0.197371789571907E-01 -0.221299054101133E+01
  -0.263291182416956E+01  0.118427151032453E+01  0.133477495339321E+01
  -0.259487604640905E+01  0.200215190124198E+01  0.676222137458202E+00
  -0.286425120821994E+00 -0.146312126989318E+01  0.345857318027507E+01
  -0.659000939419730E+00  0.330732463246555E+01 -0.191428429743079E+01
  -0.347716190284218E+01  0.469969548413524E+00 -0.824751262388133E+00
   0.279175881487727E+01 -0.357248797566811E+01  0.263169651956479E+01
  -0.711126705903265E+00  0.146193557720820E+01  0.321022469551811E+00
   0.167060218447724E+01 -0.150281126817075E+01  0.104589906036860E+01
  -0.166570870595483E+01  0.302831225373480E+00 -0.217212243060770E+01
  -0.160265348447962E+01  0.148529090653169E+01  0.342190032699012E+01
  -0.205698608605574E+01  0.329647977189691E+01  0.318503780922004E+01
   0.359522219742100E-01  0.201988078370222E+01 -0.346169709832235E+01
   0.204750179362853E+01  0.293321605293424E+01 -0.351245373053495E+01
   0.168472041216283E+01  0.218015828028271E+01 -0.107811904291157E+01
  -0.143617616950803E+01 -0.293594920886579E+01  0.341816483295533E+01
  -0.229478846819554E+01 -0.409382453964641E+00 -0.103653258737057E+01
   0.999315614156448E+00  0.231194365625098E+01 -0.193690027231434E+01
  -0.249623816852463E+01  0.723742682216178E+00 -0.140992805636811E+01
   0.106778293329407E+01  0.298227060511604E+00 -0.311806270066505E+01
  -0.987484230021576E+00  0.355395326783894E+01 -0.985388854168857E+00
   0.586208959465007E+00 -0.173382460503920E+01  0.112355339403238E+01
   0.936194309438963E+00  0.269399600124630E+01 -0.287736014261099E+01
   0.173225235630565E+01 -0.417901883337383E+00  0.317400487528040E+01
   0.326856410597386E+01  0.536230464974789E+00  0.460406164119807E+00
   0.103607860279082E+01  0.350033271210778E+01  0.354158322524699E+01
   0.190906605913670E+01  0.898684514830424E-01  0.789568806424471E+00
  -0.104601060792235E+00 -0.264476521974336E+01 -0.205050464232846E+01
  -0.130752189673347E+01 -0.512692578401148E-01 -0.132267176828796E+01
   0.118128549786363E+01  0.221108701945200E+01  0.351515899756334E+01
  -0.488613519241499E+00 -0.475173089679876E+00  0.731527423725512E+00
  -0.849202597651086E+00 -0.127554457674091E+01 -0.319085939653579E+00
  -0.117758879284868E+01 -0.747472551946897E+00 -0.348135518886531E+01
  -0.218593021610320E+01  0.223674262273476E+01  0.170336590356059E+01
   0.345834178510785E+01  0.206119862758806E+01 -0.172618888192927E+00
   0.133343847816973E+01 -0.187805599285408E+01  0.135594810270898E+00
   0.197819259673092E+00 -0.330697509264029E+01 -0.124913504953731E+01
   0.562976248361317E-01  0.455620141648428E+00  0.990331870565891E+00
   0.200812042663301E+01  0.252535358254885E+01  0.808001703394180E+00
  -0.308161408008404E+01 -0.185159083719656E+01 -0.343667655331914E+01
  -0.259893906241579E+01  0.304161275175430E+01  0.911726040467928E+00
   0.138140084665707E+01 -0.884410662579124E+00  0.683118649579809E-02
   0.287157099826103E+01  0.227573041042205E+01  0.157374753233674E+01
  -0.314320474909902E+01  0.323796012411224E+01 -0.346004495551243E+01
   0.197669900827165E+01  0.277596923313576E+01  0.184226669295524E+01
  -0.604274165796460E+00  0.242403277064320E+01 -0.751290161031861E-01
   0.216074092123219E+01  0.190326000391905E+01 -0.349089561006890E+01
  -0.107941088183525E+01  0.307273463939921E+01  0.251410517151658E+01
   0.293089915079439E+01 -0.132390281172393E+01 -0.166352007879479E+01
   0.282306177790685E+01 -0.403992759984680E+00  0.387980383515032E+00
  -0.209052551113022E+01 -0.196854776099767E+01 -0.345753553481522E+01
  -0.150208962523786E+01  0.125669636608789E+01 -0.172014173026837E+01
  -0.313399288788612E+01  0.270224551703585E+00  0.183511911057669E+01
  -0.199590458306260E+01 -0.325978767477038E+01  0.838459613142304E+00
  -0.108893526651935E+01  0.300931520213406E+01 -0.315140921772075E+01
   0.287991051406271E+01  0.121285226723596E+01  0.267896978900178E+01
  -0.241342398928280E+01 -0.314950871851532E+01  0.224422842449123E+01
   0.303864649410398E+01 -0.201079499403407E+01  0.282039038328755E+01
  -0.497470160662838E+00 -0.307112160779765E+01 -0.286590790758489E+01
  -0.514940363868433E+00  0.172021960304881E+00 -0.307776499713871E+01
   0.240027635304800E+01  0.256855943143609E+01  0.275834048193579E+01
   0.263929485234065E+01  0.155977698918372E+01  0.752762550729865E+00
   0.199017628049329E+01 -0.191867905247420E+01  0.317481897410794E+01
  -0.211250220087570E+01  0.443733425412723E+00 -0.389116523254510E+00
   0.127302252682670E+01 -0.257100679148482E+01  0.129471818668267E+01
   0.252742261583401E+01  0.463258613808309E+00 -0.598251966595977E+00
  -0.299916441856195E+01 -0.161106612220856E+01 -0.133005799512480E+00
   0.167215314391423E+01 -0.119383430531893E+01  0.256498471712252E+01
   0.100220781279813E+01 -0.175651161967398E+01  0.334618350046231E+01
  -0.282564613754261E+01  0.227261423134165E+01 -0.527817906719051E+00
  -0.416396128434011E+00  0.514185025242803E+00 -0.172068335373242E+01
   0.321005840897283E-01  0.227398702663691E+01 -0.247311766784619E+01
  -0.908110472546264E+00  0.179473493429760E+01 -0.302884657805536E+01
  -0.643629387636610E+00 -0.648344215331676E+00  0.274349067245424E+01
  -0.105008014304662E+01  0.508844500722932E+00  0.844839036344789E+00
   0.347260922236623E+01 -0.300905798911809E+01 -0.313616367795519E+01
   0.188002772799782E+01 -0.217699607085203E+01 -0.191384094320022E+01
   0.199048164849252E+01 -0.438715842188027E-01 -0.269489672740508E+01
   0.218745328162212E+01 -0.792847926017203E+00 -0.870092941514921E+00
   0.145006581235684E+01 -0.286814658934065E+01 -0.149295877749522E+00
  -0.246613383645544E+01 -0.105020876644498E+01  0.544680894227325E+00
   0.148503351132616E+01  0.200297365556284E+01 -0.812654638420052E-02
  -0.332817601144010E+01 -0.143331813173170E+00 -0.323414459333863E+01
   0.273414902178742E+01  0.473421482309426E+00 -0.332457758146091E+01
   0.306567059694496E+01  0.304108261523700E+01  0.323584665325443E+00
  -0.246447724033915E+01  0.231524265390033E+01  0.273742732485618E+01
   0.229370154221983E+01 -0.137158160734321E+01  0.191893286288571E+00
   0.577373796628474E-01  0.299511264163221E+01  0.675699926899864E+00
   0.761043387233758E+00 -0.338577657192312E-01  0.327100474050172E+00
  -0.208937487264895E+01 -0.225397087672730E+01 -0.102132235769937E+01
   0.848864804610052E+00  0.146904187985790E+01 -0.147626138504550E+01
  -0.151966745937416E+01 -0.258324042983005E+01 -0.179689554483360E+00
   0.168218040579315E+01 -0.344734573073578E+01  0.266417043907226E+01
   0.278014945731135E+01 -0.247323317630596E+01 -0.146311023458109E+01
  -0.161297585421498E+01  0.125238422539280E+00  0.228217330702747E+01
   0.134499699647340E+01  0.122562291976940E+01 -0.333189194373991E+01
   0.111690338696602E+01 -0.298217716418331E+00 -0.227156780199842E+01
   0.265555493211432E+01 -0.264737997948810E+01 -0.355598429124276E+01
  -0.307790870876551E+01  0.292132982199350E+01  0.109927714807938E+00
  -0.349428686707735E+01  0.152273100515062E+01 -0.199024104613484E+01
  -0.312061509041999E+01 -0.200960079214014E+01 -0.139534130355226E+01
   0.325903098670279E+01 -0.819805855671125E+00 -0.257955723461324E+01
   0.171758375251268E-01  0.185599017609354E+01  0.101170758343209E+01
   0.711209666006208E+00  0.955458045130802E+00  0.974160904466012E-01
   0.130035131815159E+01 -0.620132099394776E-01 -0.540098622925596E+00
  -0.138799642127079E+01  0.206586160426187E+01  0.246870274349644E+01
   0.290052403369591E+01  0.804457835869881E-01  0.262709909612744E+01
  -0.189589809332108E+01  0.163115101475674E+01 -0.392043702952524E+00
   0.293695198579734E+01 -0.130898158165890E+01  0.105388689891602E+01
  -0.211318492005146E+01 -0.112119097399987E+01  0.308159144220206E+01
  -0.344573653594435E+01  0.337381935834207E+01  0.151027029887158E+01
  -0.356061336646531E+01 -0.250229501439297E+01 -0.617902706140890E+00
  -0.168849270219673E+00  0.305639977092766E+01  0.199245747687384E+01
  -0.291598338183361E+01 -0.108332229418273E+01 -0.281951706393108E+01
  -0.240379852318663E+01 -0.302573654286042E+01 -0.314205222952564E+01
   0.314985000640592E+00  0.197769983377902E+01 -0.563354134756539E+00
  -0.294210458343991E+01 -0.241265893352549E+01  0.278608980257997E+01
   0.112270360760723E+01  0.310555631113272E+01 -0.102658264317190E+01
   0.190223499911690E+01  0.929447173040436E+00  0.976072469161295E-01
  -0.203356468725209E+01  0.238906696530328E+01 -0.122266386730844E+01
   0.316162539936473E+01  0.322657906552364E+01 -0.242275635072818E+01
  -0.110695692726514E+01  0.227812038152599E+01 -0.212805651487903E+01
   0.434686506650178E+00  0.350769678575900E+01 -0.231259738881418E+01
  -0.544741612620276E-01 -0.309112259354939E+01  0.180180033937504E+01
  -0.185118180607839E+01 -0.133997052130070E+01 -0.321544591543460E+00
   0.201275106269695E+01  0.108192941410063E+01 -0.137784384913841E+01
  -0.210492184439973E+01  0.310742678293605E+01  0.279247163869996E-01
   0.143232032715303E+01  0.346686220248340E+01 -0.194587336699629E+01
  -0.238364763418592E+01  0.591344725331183E-01  0.298083389387703E+01
   0.608089487815429E+00 -0.297497931017345E+01  0.277876493748930E+01
  -0.173999223793971E+01  0.999703706588588E+00  0.161606130996629E+01
% -0.428840768454600E+00  0.584364025900050E+00 -0.745093899818474E+00
%  0.176986798742670E+01  0.150076459337783E+01 -0.228542508134972E+01
% -0.206458975309562E+00  0.201196200847207E+01  0.106028283369547E+01
%  0.159369406450417E+01 -0.100936154294982E+01  0.375021304400878E-01
%  0.121667814467537E+01 -0.794401394227075E+00 -0.468936705355168E+00
% -0.477438791786784E+00  0.197365679429316E+00 -0.241335575606936E+00
%  0.116215525276257E+00  0.564885544787185E+00 -0.558328527745900E+00
%  0.361571697432383E+00 -0.109948236541838E+01  0.576854847648035E+00
% -0.365437040034629E+00 -0.484094180966790E+00  0.882867228151690E+00
%  0.233204328615238E+00 -0.322200170450735E+00  0.112556040779702E+00
%  0.110510735400560E+01  0.851791672126890E+00  0.166288910719080E+01
%  0.609755503536495E+00 -0.647415950083599E+00 -0.180572003114970E+01
%  0.343271936945175E+00 -0.264334524215722E+00 -0.283776291164817E+01
%  0.120518334430598E+01  0.130951626756757E+01  0.277371547568577E-01
%  0.217292142796770E+00  0.159375479130105E+01 -0.180782066852293E+00
% -0.249276540618476E+01 -0.172181814994465E+01 -0.143211963960704E+01
%  0.291914143662851E+00  0.272824164075719E+01  0.759685916374375E+00
% -0.974523106527870E+00  0.218125408442586E+01  0.690265481700804E+00
%  0.297868341592264E+01 -0.199902264285790E+01  0.126519453857848E+01
% -0.159940627687319E+01  0.113879688442948E+00  0.422747843117646E+00
% -0.125156105953546E+01 -0.799838596658314E+00 -0.149514071426475E+01
%  0.249312806123598E+01 -0.366064649982720E+00 -0.154743707526071E+00
% -0.297007962152969E+00  0.220741084878762E+01  0.874458731633165E+00
%  0.212269989391526E+00 -0.646744778396572E+00 -0.788360535232115E+00
% -0.446084922886226E+00  0.232735121589988E+00  0.159570723494083E+01
%  0.447022401574244E+00  0.753493747583622E+00  0.428279039306488E+00
% -0.166264122304487E+01  0.920473385198063E-01  0.471550440524022E-02
%  0.621372075000587E+00 -0.277180112809429E+00  0.334948958023020E+00
% -0.334974103454356E+00 -0.485888025329622E+00 -0.825013067161772E+00
% -0.109517096449133E+01  0.147877772487570E+01  0.314529741454744E-01
%  0.212077044740758E+00  0.928685180130950E+00 -0.114593310729240E-01
% -0.865552344876330E-01 -0.896037122171868E+00  0.686080179382996E+00
% -0.581733362374050E+00 -0.264232344984007E+01  0.237024315163188E+00
% -0.115622845506883E+01 -0.899726779954072E-01  0.814560352393880E+00
% -0.141288293925845E+01  0.291569129014495E-01  0.154779281340806E+01
%  0.235217358760821E+00 -0.539367093463372E+00 -0.732111891663637E-04
%  0.628758279179142E+00 -0.278548789564371E+00  0.727130101305843E+00
%  0.189106089467761E+01 -0.850054935976908E+00 -0.326501596583661E-01
%  0.226757942131674E+01  0.195878381584784E+01  0.926189610222182E+00
% -0.119022401096109E+00 -0.165631228567890E+00 -0.398792666685348E+00
% -0.449410154225439E+00  0.125303229198736E+00  0.391292344005038E+00
% -0.413861802994574E-01 -0.200336094053896E+01  0.226442627029737E+01
%  0.125951694477830E+01 -0.140693758347669E+00  0.927586450931833E-01
% -0.431819001942041E+00  0.230112154296159E+01 -0.196677424522647E-01
%  0.109371043698926E+01 -0.163131367742974E+00 -0.631294742756371E+00
%  0.733494574301357E+00 -0.149118949289998E+01  0.102296391875607E+01
%  0.833801983679085E-01 -0.131766165505331E+01 -0.187804319287994E+01
% -0.408701873292055E+00  0.161569206142266E+01  0.110734986356069E+01
%  0.203781819554202E+00  0.120973255226232E+01 -0.108288295461419E+01
% -0.187380706771474E+00 -0.668671989706327E+00  0.497347328076300E+00
% -0.284208464792141E+01 -0.661322125354240E+00 -0.893969000582608E+00
%  0.251086510117884E+00 -0.200254088508489E+00  0.157908760093869E+01
%  0.247526787907545E+00  0.201058961390868E+01  0.801174276511884E+00
% -0.225838318687956E+01  0.234303901666740E+00 -0.503458863645798E+00
% -0.549476812357272E+00 -0.538691098008513E+00 -0.615884512541371E+00
%  0.245618461892852E+00 -0.107672831541291E+01  0.154061611423093E+01
%  0.125048792027920E+01 -0.750922534941271E-01  0.935991954505043E+00
%  0.641352791795583E-01 -0.139398925547800E+01 -0.187305656058825E+00
%  0.117949818019003E+01  0.185182135704119E+01  0.912007170318580E+00
% -0.227156144064552E+01  0.799406074410669E+00 -0.124675803705156E+01
%  0.132113866740300E+01  0.328898288117735E+00  0.625756567654182E-01
% -0.539064997446970E-02 -0.853306927839693E+00 -0.685589708258970E+00
% -0.141688134606731E+00  0.660845933593622E+00  0.970938504362029E+00
%  0.227449093119377E+01  0.169401338742750E+01  0.113240042427990E+01
%  0.616211195173680E+00  0.250179592618384E+01 -0.626391714320139E+00
%  0.126171404616179E+01  0.141439068930818E+00  0.272733692217721E+00
%  0.292029830092613E+00  0.150071284468423E+01  0.332296516545253E+00
%  0.169086391355323E+01 -0.119531830175864E+01  0.103906985254093E+01
%  0.326252453092081E+00 -0.144411612254754E+01  0.382031621276071E+00
% -0.116460129486567E+01 -0.839936313664428E+00  0.157067628706387E+00
% -0.797794377102435E+00 -0.261097836731447E+01 -0.155999536982586E+01
%  0.947268136777635E+00 -0.183114068010118E+01 -0.496270784430793E+00
% -0.389944680127905E+00  0.576425492643396E+00  0.969194317855543E+00
% -0.172498537889666E+01  0.106124139705359E+01 -0.106333042765776E+01
% -0.488263560912521E+00  0.373181235698531E-01 -0.596075134158097E+00
% -0.696017292646210E+00 -0.240622973671953E+00  0.501579897264200E-01
% -0.117102567815477E+00 -0.511848362912062E-01 -0.892967887655351E+00
% -0.117508797454075E+01  0.350498057909059E+00  0.848256638235738E+00
% -0.178758722864422E-01  0.551651400171692E+00  0.184212966366023E+01
%  0.579873720816630E+00 -0.833899567846558E+00 -0.108825034137037E+01
%  0.453408225362474E+00 -0.733828100422910E+00  0.623452755739628E+00
%  0.812222088322731E+00 -0.517226000166705E+00  0.563225518637215E+00
% -0.558892079033418E+00  0.173681408246641E+01  0.491682167694811E+00
%  0.544972681736774E-01 -0.288479903023866E+01 -0.185042952649725E+01
% -0.312142335375785E-01  0.395945362001853E+00 -0.122335996456986E+01
% -0.144880618061631E+01 -0.941956051174762E-01 -0.274778686031915E+01
% -0.472493563706912E+00 -0.192457935685220E+01 -0.764957311803610E+00
% -0.307333858248801E+00 -0.493878889601302E+00  0.344455260719413E+00
% -0.413500428455160E+00  0.122776605945704E+00 -0.163043275783311E+00
%  0.584262279696107E+00 -0.891385023661339E+00  0.325672847211870E+00
% -0.184964451690638E+01  0.294244745968695E+01 -0.898427173177146E+00
%  0.254947984618552E+00  0.507725178902669E-01  0.151229814503468E+01
% -0.908495301491373E+00 -0.132439413114983E+01  0.122024484521570E+01
%  0.133010571237945E+01 -0.859093780194763E+00  0.125667464577018E+01
% -0.190346356033873E+00 -0.125328850454255E+01  0.827990822578567E+00
% -0.104604348564818E+01 -0.232435286576508E+00  0.479011962996587E+00
% -0.612469411412428E+00 -0.970580603352221E-01 -0.699091495118897E+00
% -0.202027650092279E+01 -0.163821991770920E+01 -0.732311186834560E+00
% -0.675947393420449E-01  0.750710837531689E-01 -0.107666014443516E+01
%  0.967194889650199E+00 -0.178496480678036E+01  0.219549584846614E+01
% -0.428717185411429E-01 -0.192949128437525E+01  0.144617368757528E+01
% -0.659634843650234E-01 -0.775456784120118E+00  0.485325243840414E+00
%  0.474124715754295E+00 -0.345022730190254E+00  0.175181961518128E+01
% -0.336312322235572E+00 -0.184758731431525E+01 -0.106065247189887E+01
% -0.143142680283184E+01 -0.178801919952456E+00  0.554228424240117E-01
%  0.783418724945724E+00 -0.198560673034128E-01 -0.502476527244201E+00
%  0.153972469157265E+01 -0.111092258857742E+00 -0.103512304095458E+01
%  0.593339273762021E+00  0.180556749887612E+00  0.613956709707305E-01
%  0.107122600037515E+01 -0.540013406500185E+00  0.998800686459688E+00
%  0.899045453516137E+00  0.103165795892788E-01 -0.194821413290575E+00
% -0.227457253281100E+00 -0.856987670515713E+00 -0.108461859388039E+01
% -0.144994399471288E+01  0.552738501024952E+00 -0.119103496850601E+01
% -0.278000149477062E+00  0.115943894827281E+00 -0.185626643526656E+01
% -0.277138791547216E+01  0.251684379008056E+01  0.249829970744668E+01
% -0.343370496677460E+01 -0.133164887117060E+01 -0.280524165648255E+00
%  0.837093612325698E+00  0.986727599013593E+00 -0.158982955756355E+01
% -0.495189724366685E-01  0.848855045504804E+00 -0.127110169550593E+01
% -0.950195880261535E+00 -0.484165238931984E+00 -0.510764517200508E+00
% -0.414311226385495E+00 -0.652358849225808E+00 -0.537241735479393E+00
% -0.427380311922095E+00 -0.281182245884710E+00  0.160076549402046E+00
% -0.506131353069670E+00 -0.599011354359183E-01 -0.120846209811537E+01
% -0.228975666071295E+00  0.336595741702167E+00  0.409276634761311E+00
% -0.239352115109567E+00 -0.489697126516368E+00 -0.159722712506009E+01
%  0.407884937899521E+00 -0.245842739670603E+00 -0.154505480893601E+01
% -0.100214783290711E+01 -0.346333390932755E+00  0.215037051154445E+01
% -0.233218677080470E+00 -0.286837094990668E+00 -0.307892792782845E+00
%  0.147950239535610E+01  0.930934626778314E-01  0.904153851903080E+00
% -0.542924978304256E+00 -0.349721020292354E+00 -0.129641224385265E+01
% -0.283219482850371E+00 -0.129353666074902E+01  0.709026039722995E+00
% -0.649340826838946E+00 -0.106023327369568E+01 -0.591292781023899E+00
%  0.161208524126764E+01  0.149218335975769E+01 -0.932049361760440E+00
% -0.149679156563255E+01 -0.573215020721930E+00 -0.256128469784226E+00
% -0.426017321484412E+00 -0.374984540264410E+00  0.102141863101321E+01
% -0.793843053014464E+00  0.102911899753005E+01  0.807231970761920E+00
%  0.482212018023173E-01  0.634004044257626E+00 -0.263652347350839E+00
%  0.331145232754592E+00 -0.645816783644257E+00  0.349068597159887E+00
%  0.135080349300640E+01 -0.473880111370111E+00  0.152001349860290E+00
% -0.186887263824872E+01  0.693475448265644E+00 -0.177744577695176E+00
%  0.193316065481588E+01  0.767046865032856E-02 -0.264124904082425E+00
% -0.168305338597640E-01  0.407963051600379E+00  0.100961910723451E+00
% -0.855635695070715E-01  0.313135906257768E+00 -0.117308985793892E+01
% -0.595274031301865E+00  0.764506349770235E-01  0.226813059181059E+00
% -0.414621002868626E-01 -0.186391674437160E+00  0.251104515162869E+00
%  0.363673784586657E-02  0.221238187580178E+01 -0.491162749361539E+00
% -0.656747177158167E+00  0.156640681471647E+01  0.428367284207053E+00
% -0.353864693742534E+00  0.103828917754432E+01 -0.156918169829390E+01
%  0.165746770910091E+01 -0.235418869091457E+00 -0.637294919885214E+00
% -0.124569279534183E+01 -0.214336162516827E+00  0.129678163188360E+01
% -0.432354887444360E+00  0.103107906211816E+01 -0.127532342178285E+01
% -0.138388811189677E+01  0.144010362350742E+01 -0.116115336085524E+01
% -0.132989919606512E+01  0.125970183414633E+01 -0.544324553777210E+00
% -0.134906938935913E+01  0.167511048110215E+01  0.626613649026422E+00
% -0.338733195325912E+00 -0.140468225045733E+01 -0.100464192939416E+00
%  0.190810351356819E+00 -0.114286157799442E+01 -0.823794199852809E+00
% -0.164020091477061E+01  0.407483235168272E+00 -0.611784713151877E-01
%  0.400149841009781E+00 -0.237935641446820E+01 -0.684188119221064E+00
% -0.187949036971823E+01 -0.302665210379142E+00  0.113132261163947E+01
%  0.112791538188267E+01  0.473196822607664E+00  0.917424168632293E+00
% -0.724098890997913E+00 -0.130416667802621E+01 -0.142940516596220E+01
%  0.910665108980193E+00 -0.144187161879499E+01  0.224097174593357E+00
% -0.418503258858831E+00  0.249688060594321E+01 -0.859577886038627E+00
%  0.142074773932527E+01  0.126165504207633E+01  0.531847740438837E+00
%  0.115654179450499E+01 -0.422138989215418E+00 -0.117794205871931E+01
% -0.153914192666150E+01 -0.542117624941019E+00 -0.601400759149554E+00
% -0.761053565211671E+00 -0.130701528628714E+00  0.134058695624062E-01
% -0.218272641178230E+00 -0.260187001907327E+00 -0.105637088014115E+01
% -0.398497354796641E+00  0.409558172166425E+00  0.287067262837822E+01
% -0.193540787470838E-01  0.991262029665036E+00 -0.101368678013740E+01
% -0.672684920179773E+00  0.481047166227061E+00  0.253751098003522E+00
%  0.121388221345941E+01  0.106470323416586E+01  0.903878503510933E+00
%  0.196900337479273E+01 -0.504827172069569E+00 -0.755180256255340E+00
% -0.235764136732089E+01  0.768316021397055E-01 -0.248326998960519E+00
%  0.815120372076298E-01  0.235192303990743E+00 -0.218337588331561E+01
% -0.105259461192673E+00 -0.115916486016303E+01  0.170843901103082E+01
%  0.563287028623052E+00 -0.135120944631591E+01  0.126763341096366E+00
%  0.164546460669293E+01  0.751290157705506E+00  0.275552606819616E+01
% -0.176646631225036E+01 -0.738441887239305E+00  0.871327090619499E+00
%  0.407496974413350E+00  0.364129891378325E+00 -0.198921289795279E+01
% -0.704064167948988E+00  0.985995313477059E+00 -0.666248864368086E+00
% -0.828654335895718E+00 -0.265365117098267E+00  0.268282176851544E+01
%  0.226241203952388E+00 -0.176168905534170E+01 -0.159529846223044E+01
% -0.664394052730048E+00  0.343882933048702E+00  0.589613837137745E+00
% -0.126063524033099E+01  0.252876457131150E+01  0.225044211803577E+00
%  0.150299916690558E+01  0.112090867166251E+01  0.211859733113944E+00
% -0.983543568833414E+00  0.120616045390564E+01 -0.126415915669118E+01
%  0.129602840119612E+01  0.224412613812123E+00  0.216325559534166E+01
%  0.274650882996816E+00  0.130428535896909E+01 -0.232655831643785E+01
%  0.647116982393221E+00  0.794695216065514E+00  0.171021825197638E+01
% -0.341495654792577E+00 -0.993021619073053E+00  0.146152170887299E+01
%  0.994682546335604E+00 -0.186566088389597E+00  0.139017552966508E+00
%  0.679957713755689E+00 -0.699412422062913E+00  0.109203867025409E+01
%  0.136931206445517E+01 -0.242898278089040E+00 -0.313612580498127E+00
% -0.636014073537677E+00 -0.671017532957213E+00 -0.139846251251695E+01
% -0.168326576558743E+00  0.233146630630669E+01  0.139570721908441E+01
% -0.422646767126873E+00 -0.192294476711541E-01  0.126748708358719E+01
% -0.460230653924727E+00  0.108404501007973E+01  0.557935499513134E+00
%  0.322089191910441E-01 -0.912380136401611E+00  0.619790593516169E+00
%  0.137194312782110E+00  0.187707082948732E+00 -0.585495091464163E+00
% -0.604595975387329E-03 -0.102171711711107E+01 -0.169152935237531E+00
%  0.363630769329094E-01  0.342143333424041E+00 -0.119859135424303E+01
% -0.145580781711716E+01  0.235535441522694E+00 -0.213026665668654E+01
% -0.169356494679065E+01  0.983841942263761E-01  0.100345915005397E+01
% -0.135620203143981E+01 -0.120729446695808E+01  0.326606370080062E+01
%  0.326740749524987E+00 -0.125337158668472E+01 -0.164361000007601E+00
%  0.195356933734793E+01  0.702400849101292E+00 -0.197725008349034E+01
%  0.100312834385531E+00 -0.238760225829028E-01  0.655140558681106E+00
%  0.102392450268638E+01  0.586159925226715E+00 -0.130397327874198E+01
%  0.209131195315012E+00  0.108506985981734E+01 -0.724021629870705E+00
% -0.212278782576740E+00 -0.177532062970161E+00 -0.676655771277215E+00
% -0.264783973331042E+00 -0.165356802499814E-01  0.151142478486098E+01
% -0.359606165966929E-01  0.175949693288889E+00  0.598308223403602E+00
% -0.671283052941027E+00 -0.514332967267868E+00  0.519423542304372E+00
%  0.512407823084488E+00 -0.404827094650001E+00 -0.565593018313280E+00
% -0.327176297002155E+00  0.232947311532855E+01 -0.154793953777641E+01
%  0.230241547377934E+01 -0.745994219307658E+00 -0.180544696945769E+01
%  0.141595959231625E+01 -0.272316563893485E+00 -0.263436952052229E+00
% -0.221604363889508E-02 -0.134777231575449E+00 -0.174749358450310E+00
%  0.238555980802453E+01 -0.682873026872627E+00 -0.506081988823687E+00
%  0.250440613768486E+01  0.125261909467452E+00  0.177483169893586E+00
% -0.139491745930554E+01 -0.423809456227821E+00  0.437026112948046E-01
% -0.721973688726065E-01 -0.242694665301738E+00 -0.261389276865483E+00
%  0.733289868802856E+00 -0.589369149510709E-01  0.371961651520308E+00
% -0.655484298570394E+00  0.315874429966282E+00  0.103778126112820E+01
%  0.637556448984693E+00  0.745999292625493E+00 -0.142017357496940E+01
%  0.495611646248775E+00  0.100192616225483E+01  0.197658792124004E+00
%  0.539733914744444E+00 -0.140090236069721E+01  0.241315688136326E+00
%  0.132078751789256E+00 -0.187552932651047E+01 -0.269593710273915E+00
%  0.149109442401704E+01  0.797819404920089E+00 -0.156847926627697E+01
%  0.999835357784063E-01 -0.403222452349579E+00 -0.349480833501099E+00
% -0.127955427069206E+01  0.291124594659393E+00  0.187981744282593E+01
%  0.155688022195265E+01  0.702041784606958E+00  0.115049609061929E+01
%  0.311697139401513E+01  0.892994106481021E+00  0.152825170494692E+01
%  0.937141177571623E+00  0.192184743266496E+00  0.130937360038806E+00
% -0.523652545231703E+00  0.210946142815989E+01  0.111203328699121E+01
%  0.937903636107874E-01 -0.163513672662280E+00  0.382234907064029E+00
%  0.777799388238212E+00 -0.325372918343455E+01 -0.498433298622564E+00
%  0.406281429058405E+00 -0.113581265095645E+01  0.986636032679911E+00
% -0.112208363827187E+01  0.436361965494630E+00 -0.805413966180076E+00
% -0.194131409750596E+00  0.329700324257545E+00 -0.170970935872799E-02
% -0.148295072669084E+01  0.100230313963283E+01  0.125243746053024E+00
%  0.170200357797301E+00  0.548213025838475E+00  0.197616755622182E+01
%  0.123826367313968E+01 -0.186169822186780E+01  0.231364368410882E+01
%  0.132790505162927E+01 -0.722000827895667E+00  0.166039321866253E+01
% -0.146546083957574E+01 -0.117099244010994E+01 -0.960969196064725E+00
%  0.111136281800876E+01  0.993050867799447E+00  0.136000524486723E+01
% -0.499902663380463E+00 -0.141969241792451E+00 -0.333212143053339E+01
% -0.231134841072006E+01 -0.395003811018590E+00  0.204495610567724E+01
% -0.526409321609884E+00 -0.100307249430759E+01 -0.579123107088226E+00
%  0.758021557569836E+00  0.154089958892926E+01  0.425524272294281E+00
% -0.379671183851333E+00  0.721166273438422E+00 -0.192780955587577E+01
%  0.204807879280685E+01  0.487371567833951E-01  0.302175458245375E+00
%  0.514842475015331E+00  0.623695104710030E+00 -0.410261859679268E+00
%  0.144042413978685E+00 -0.268409791953519E+01 -0.170178245927230E+01
%  0.751562313359897E+00  0.616725881631350E+00  0.950375825155385E+00
%  0.240416582444066E+00  0.196720239232678E+01 -0.371164724356442E+01
% -0.841289350384851E+00 -0.239032790373774E+00  0.101293510067865E+01
% -0.212181932892311E+02  0.453177654893865E+01 -0.119229354085961E+02
%  0.781440615728685E+01  0.940842358337217E+01 -0.175793643615625E+01
%  0.274897140011471E+02 -0.687330053267030E+02 -0.407398534999228E+01
% -0.246183742273769E+02  0.629600407025270E+02  0.441162673797004E+02
%  0.659050612760634E+01 -0.108714524629348E+02  0.131720139939489E+02
% -0.195036440114194E+01 -0.938982656331602E+00  0.209943681766817E+01
%  0.653687275627093E+01 -0.769227191974530E+01  0.525415428070519E+01
% -0.142400738749405E+02 -0.743027961681661E+01 -0.332355487077780E+01
% -0.161373380646935E+01 -0.820138883207621E+01  0.136745662499640E+02
% -0.137632111337753E+02 -0.285567865864727E+01  0.867958789390109E+01
%  0.433580981864245E+01  0.703417459939640E+01 -0.726142059946984E+01
%  0.791033125743124E+01  0.409468100041963E+01 -0.900973310936760E+01
% -0.183816398327449E+00 -0.421162763077179E+01 -0.125850007425214E+02
% -0.203716853101772E+00  0.600365361590982E+00 -0.530048766526546E+01
%  0.387978889300565E+01 -0.261900476235234E+01  0.714611753552061E+01
% -0.272220442699729E+01 -0.419955421533333E+01 -0.102312020681831E+02
%  0.119251105015214E+02 -0.265842156114221E+02 -0.329051587068002E+02
% -0.153995783417373E+02 -0.517971756545932E+01  0.274016283090381E+02
% -0.517724150764679E+01 -0.448373135535517E+00 -0.173950699996470E+02
%  0.238626357425122E+01 -0.193260346368935E+00 -0.448135480460641E+00
% -0.107553612211358E+02  0.151604715873619E+01 -0.290098726113520E+01
%  0.413621388931811E+01  0.156181776911340E+01 -0.129304862781548E+01
% -0.114218950140568E+02  0.154479131368105E+02 -0.264966991417875E+02
%  0.424723848197898E+01  0.627825249745948E+01  0.433969870509916E+01
%  0.423483437494420E+01 -0.648959890832371E+01  0.893881518314818E+01
% -0.635415082705008E+01  0.121656664573452E+00  0.163751113856860E+01
% -0.250859041433043E+00  0.618032473243999E+01  0.110713956593054E+02
% -0.256249732056132E+01 -0.858878960274672E+01 -0.343313161769260E+01
% -0.181742187282358E+02 -0.503996431633089E+01 -0.122676404743090E+02
%  0.264850988134076E+00 -0.191271190999096E+00  0.859155185387126E+00
% -0.205357195938300E+02  0.269435467290677E+02 -0.778900236335396E+01
% -0.305534294967787E+02 -0.133086964663592E+02 -0.191507980467139E+01
%  0.218046474614638E+02 -0.695846827724287E+01  0.124825575938532E+02
%  0.147260839359785E+02 -0.440568287857732E+01  0.757263556241820E+01
% -0.302767466055604E+01 -0.490663686303489E+00 -0.282435146494975E+01
% -0.234424128888917E+02 -0.138575443377551E+01 -0.945535225494510E+01
% -0.750057565581421E+01 -0.377824850872886E+01 -0.718328955690924E+00
%  0.357776534194723E+02 -0.589267236725090E+02 -0.383573494644085E+02
%  0.646533345445412E+01 -0.331427215092993E+01  0.215753899415262E+02
% -0.122426140184820E+02  0.131791297535605E+02  0.323492141208839E+01
%  0.354224379762221E+00 -0.261182212685520E+01 -0.463793410026111E+01
%  0.447751921347592E+00  0.984113551825213E+00 -0.651133981472253E+00
%  0.229698773949643E+02  0.890853565410518E+01 -0.516103410143099E+01
% -0.312996720864536E+02 -0.225939495395004E+02  0.300734561210626E+02
%  0.120445925211071E+01 -0.399386807606185E+01 -0.836576106751249E+00
% -0.107247265445723E+02 -0.538511371442849E+01  0.810057177517687E+01
% -0.177013409500795E+01 -0.304870207221244E+01 -0.308108358683095E+01
%  0.157359264714168E+02  0.916078663511209E+01  0.989770783422161E+01
% -0.397867870960878E+01  0.448346251861951E+00 -0.352137194744930E+01
%  0.110223838366873E+02 -0.605527987347812E+01 -0.526147510459411E+00
% -0.217474117365832E+02  0.167357350966307E+02 -0.307503179236110E+01
% -0.183347936955124E+02  0.165019783500145E+01 -0.117833582203992E+02
%  0.148173715070674E+01  0.107339607092816E+02  0.601159435183927E+01
%  0.652231203479816E+01 -0.253398335999302E+02  0.353650373188627E+01
% -0.743439043892152E+01  0.276965844400280E+01 -0.142177701269701E+01
%  0.207397192508333E+01  0.198367315011788E+01 -0.142560119931847E+00
% -0.666460389923125E+01  0.337006613605888E+01  0.771764812659487E+01
%  0.277272305701598E+01 -0.642622736385005E+01  0.806496675552103E+01
% -0.157867681701163E+02 -0.281452295050572E+01  0.762421064061984E+01
% -0.456971976389476E+02 -0.573799656129141E+02  0.952063018661001E+01
%  0.174736900487786E-01  0.625982176850415E+01  0.271176392634702E+01
% -0.407863674458422E+01 -0.307274668764334E+01  0.898743930801756E+01
%  0.122987088225825E+02 -0.796741517444918E+01  0.325318993362059E+01
% -0.244457425532429E+01  0.593829630477267E+00 -0.481885274792385E+01
% -0.468965127362821E+00  0.242239713332556E+02  0.119787684296422E+02
% -0.141832809742414E+02 -0.179893472165951E+02 -0.161038135796983E+02
% -0.219878096394607E+01  0.499648857362870E+01  0.111456425937593E+01
% -0.188517862739610E+02  0.205337098831357E+02  0.438543377612354E+02
%  0.974660569339780E+01 -0.324119075095721E+01 -0.455895969630633E+01
% -0.136844207706972E+02  0.116925428328262E+02  0.135996776130656E+02
%  0.104149444097552E+02  0.144071593093869E+01  0.726266119002444E+01
%  0.169685628295798E+02 -0.206854343806762E+02 -0.244153040822050E+02
% -0.669858924442326E+01  0.468242302876541E+01 -0.897367791875404E+01
% -0.400309961812448E+00  0.336620787894523E+01  0.434842250962272E+01
%  0.741165938369894E+01  0.133523984065706E+02 -0.294588131223853E+02
%  0.454796017682414E+01  0.294409253742348E+01 -0.176781748043583E+01
%  0.512020399345382E+01  0.893919533857207E+01 -0.208488974796742E+01
% -0.661170374240766E+01  0.228593057538297E+02 -0.274606455233736E+01
%  0.792678382850096E+01 -0.274419447573572E+02  0.315254430638545E+02
%  0.364005036202030E+02  0.225648667459122E+01  0.156031901113021E+01
%  0.167044221156084E+02 -0.292052624255894E+02  0.120349877795192E+02
% -0.282224140754753E+00 -0.386641303421407E+01  0.120678760735524E+01
%  0.261683984172322E+02 -0.123245202492171E+02  0.595855007378052E+01
%  0.160255767480147E+02  0.382208449038572E+01 -0.118635763262925E+02
%  0.185319243759174E+02  0.824090123248760E+01  0.207436710136863E+01
% -0.501019622893376E+01 -0.894322452371896E+01 -0.620947614174541E+00
%  0.453895410162995E+00  0.268390371697333E+00  0.215499787034683E+01
% -0.935187312314892E+01 -0.875466381604190E+00  0.136422068448971E+02
% -0.304128331593331E+01  0.106147614420580E+02  0.186665450036004E+02
%  0.168181368958623E+02  0.284136553406707E+02  0.885443065229054E-01
% -0.266581995375711E+02  0.134577278513777E+02 -0.132164729632096E+02
% -0.101585633495227E+02 -0.237061860892020E+01  0.908103393925098E+01
% -0.112170149882310E+02 -0.902203224954361E+01  0.281516975755813E+01
% -0.163884136516654E+02 -0.401857384413829E+02 -0.219672454363266E+02
% -0.557077091842507E+01  0.357315435579521E+02 -0.330121354316918E+02
% -0.597246702549310E+01  0.514135521681805E+01 -0.363693245444240E+01
%  0.629944312835456E+01  0.145182744981173E+02  0.635900572384657E+01
%  0.102749427705256E+01  0.262181047157107E+02 -0.111702088714019E+02
% -0.425008357189384E+00  0.200076322323909E+02  0.822389850743821E+01
%  0.113411415390627E+02 -0.200112911042385E+01  0.254906116697946E+02
%  0.644127236497344E+01  0.287053593459253E+01  0.600049807120834E+00
% -0.448455284411042E+01 -0.753841423782570E+01  0.985046659933986E+00
%  0.105956578405395E+02 -0.159982674781539E+02 -0.616075088969494E+01
% -0.279735861342116E+01 -0.397494468504812E+01  0.849065728862965E+01
%  0.380140076029663E+02  0.161157182591229E+02 -0.215030975347774E+02
%  0.237773236086650E+00  0.156156450898463E+02 -0.598424519704573E+01
%  0.154034020344486E+02 -0.518753469940668E+01 -0.123592477031668E+01
% -0.187306032353319E+02  0.256485380570178E+02  0.362290772659179E+02
%  0.944741341680153E+01  0.327262223735547E+01  0.131656978605434E+02
% -0.145192539198716E+02 -0.153925166658131E+02  0.394636517952209E+02
%  0.240526890674570E+02  0.142252400575158E+02  0.500855460178268E+02
% -0.461519146684727E+00 -0.560000143682207E+01 -0.501433882566127E-01
% -0.803423987011379E+01  0.375597005432035E+01 -0.828833276020721E+01
% -0.523422532558651E+01  0.305333279511338E+01  0.949773700590528E+01
%  0.994856388035648E+00  0.234934477304768E+01 -0.504473214870549E+00
%  0.169326102360170E+01 -0.410902276279517E+01 -0.116187068060280E+02
%  0.273551279465549E+02  0.132749242664893E+02  0.399692392630143E+02
% -0.911435858798578E+01 -0.211198453644714E+01 -0.786664217201156E+01
%  0.145576538679577E+01  0.395319935198044E+02  0.212513455490401E+02
% -0.118999366505954E+02 -0.859268662769298E+01  0.894919838914163E+01
% -0.556157812785015E+01 -0.112389568653988E+02 -0.267855968796295E+01
% -0.169185483787190E+02  0.629311400800685E+01  0.623968163786712E+01
% -0.124316073368514E+02  0.825234362552392E+01 -0.951667904724935E+01
%  0.600038743274059E+00  0.559748224502042E+01  0.108265340176319E+02
% -0.204861317069465E+01  0.549832941711929E+01  0.255018284124093E+02
% -0.240459701000854E-01 -0.335863301999900E+01 -0.160479756857895E+00
% -0.536119912059027E+02  0.469185914540951E+01 -0.764375095474356E+01
%  0.557693272217617E+00  0.245719598212856E+01 -0.125822515242230E+02
% -0.220011835746354E+01  0.136596105345267E+00  0.451561889719156E+01
%  0.123581845221040E+02  0.181390928507558E+02 -0.341380926146716E+02
%  0.568995777112544E+01  0.916278358519289E+01  0.637643311259849E+01
%  0.436226816836461E+00  0.317665357521758E+01 -0.919409790443058E+00
%  0.260981843773894E+01 -0.119212954948700E+02  0.875046722003121E+00
%  0.355942674689078E+00  0.575370206099259E+01  0.148515462177004E+02
% -0.140526968331612E+02  0.382195575757965E+01 -0.301298494797272E+02
% -0.170212658004919E+02 -0.394394905022857E+01 -0.108501057122825E+02
%  0.195825025540299E+00  0.375025846987347E+01 -0.369437390710958E+01
%  0.805026822670232E+01 -0.702491162476258E+01 -0.181227370879896E+02
% -0.108891003543242E+02  0.195551100676556E+02  0.157985865570838E+02
% -0.743180799777435E+01 -0.235738255364519E+02 -0.185749915662060E+02
% -0.771260130809698E+00 -0.215161229730950E+02 -0.288639154079877E+02
% -0.231099311311213E+01 -0.341551428620791E+01 -0.360093267481806E+00
%  0.526883801714923E+01  0.303189616931862E+02 -0.277722422850677E+01
%  0.161167814744688E+01 -0.301712209933947E+00 -0.471072188701645E+00
% -0.138910987791424E+02 -0.201788695582078E+02 -0.112007515347656E+02
% -0.670074246793723E+01  0.146208550255476E+01  0.129822979260437E+02
% -0.699923480098515E+00 -0.200247343354927E+01 -0.815563297323888E+01
% -0.146841230665617E+02  0.454759216028879E+02  0.498123698467264E+02
% -0.112806433377456E+01  0.669678427778092E+01  0.236141997647630E+02
%  0.524363643357421E+01  0.114483654218892E+02 -0.202529499566695E+01
%  0.156046606968388E+02  0.632197705188436E+01  0.368093126169148E+00
% -0.479633513775325E+01 -0.377815639009491E+01  0.143046478043845E+01
%  0.707762984030450E+01  0.888574634392990E+01  0.212006965473450E+02
% -0.390831382041381E+01 -0.413020398627033E+01  0.245792919020669E+02
%  0.220881831234405E+01 -0.158704888122494E+02 -0.300162381632438E+02
% -0.223595369322323E+02  0.259437837989942E+00 -0.145850740364359E+02
%  0.219591148793446E+02  0.215949322615616E+01 -0.203053292703206E+01
% -0.378671721352183E+01 -0.567154112092395E+00  0.454868338528028E+01
% -0.355042751702974E+01 -0.166722212996004E+02 -0.552594072911790E+01
% -0.414661770617277E+02 -0.533263357027043E+01  0.255530618644475E+02
% -0.886349633266242E+01 -0.184462197330007E+02 -0.168247355265972E+01
%  0.199895856842168E+02 -0.716541618355576E+01 -0.411660086939889E+02
%  0.312740491361592E+01  0.134586197594050E+02 -0.300430720525924E+01
%  0.658323446552637E+02  0.442585842168593E+02 -0.332551279469181E+02
% -0.325931913210673E+02 -0.152290233711611E+02 -0.125547255762980E+02
%  0.221246203066516E+02  0.418920325905204E+01  0.740485626744857E+02
%  0.840028534835160E+01  0.114102818943257E+01  0.183653754847844E+02
%  0.269199238224820E+01  0.336652377006827E+01  0.127082040607398E+01
%  0.335268909200312E+01 -0.491070940538093E+01 -0.557277922149824E-01
% -0.177768232856124E+02 -0.322746485663399E+00 -0.297492519680327E+00
%  0.834184876348434E+01  0.100000626489376E+02 -0.857173810639818E+01
%  0.178652757271535E+02 -0.139189623244322E+02  0.144141648753872E+01
% -0.709225310913942E+01  0.697521581541644E+01  0.315000763685135E+01
%  0.135861797094805E+02 -0.142706252630421E+02  0.164476531875171E+02
% -0.450676631001152E+01 -0.968433860381010E+01 -0.365855098003351E+01
% -0.120415553354233E+00 -0.539906443436709E+00 -0.931083959394597E+01
%  0.362350351252209E+01  0.578854907134379E+01  0.401914688166507E+01
%  0.381916579235509E+01  0.672442561901702E+01  0.370170239595576E+01
%  0.768391017209459E+01  0.126335114333314E+02 -0.205049120591539E+01
%  0.102691951566684E+02  0.481227457256291E+01  0.212537328076663E+01
% -0.747914984896974E+01 -0.771219871956263E+01 -0.124255739776143E+02
%  0.460836422908905E+01 -0.656730526440864E+01 -0.569479802427192E+01
%  0.621876905263666E+01  0.357527652387481E+01 -0.209203866831549E+01
% -0.673185965029358E+01 -0.136339281950383E+02 -0.210511758115660E+02
% -0.623309435415687E+01 -0.225095914794263E+01 -0.452777782772800E+01
%  0.101224004738350E+02 -0.153490439388206E+02 -0.464955155301306E+01
% -0.694937139807638E+01  0.132156811233245E+01 -0.805536063072335E+01
%  0.173870573384687E+02 -0.175588119527267E+02  0.854615342955478E+01
%  0.176042269165902E+01  0.277957630795551E+01  0.411937695253485E+01
%  0.440278391976281E+00  0.139628162387420E+01 -0.315274691828943E+01
%  0.617655050537464E+01 -0.139467952738772E+02 -0.679117148645928E+01
% -0.183272899773668E+01 -0.945876488748255E+01 -0.111010668217407E+02
%  0.108256126079237E+02 -0.867136405300310E+01 -0.186881637726261E+02
% -0.195257469714138E+02  0.274066503821426E+01  0.414630010290761E+01
%  0.573645472631476E+02 -0.342879888023556E+02 -0.569094210883535E+02
% -0.467343018877977E+02 -0.134851107141173E+01 -0.549147976177285E+02
% -0.104546332103534E+02  0.189752933446233E+02  0.133877923202207E+02
% -0.798956949903441E+01  0.281014613330597E+02  0.276736930668234E+02
% -0.107340918395580E+02 -0.314396750635285E+01 -0.137430439383059E+02
% -0.406230406849124E+01  0.962063673876527E+00  0.620976738282734E+01
%  0.292786900836084E+02 -0.248465176438292E+02  0.305682108731531E+01
%  0.566635021375590E+00  0.125077416395273E+02 -0.121270259691276E+02
%  0.207833811704977E+02  0.111816529395255E+02 -0.195786118292255E+02
%  0.120910288235901E+02  0.832317130855155E+01  0.824148313982517E+01
%  0.137123218578690E+02 -0.569487533873254E+01 -0.155176798798190E+02
% -0.629666646152783E+00  0.834449758691127E+02 -0.363594458730397E+01
%  0.296907393952017E+01 -0.111822387545698E+02 -0.148650324467097E+01
%  0.408902080245905E+00  0.562148409688170E+01 -0.264863838568600E+01
%  0.114237313243784E+02 -0.332507544264295E+01 -0.307961041660306E+00
% -0.122476203076887E+02 -0.186987345803206E+02 -0.882897169019720E+01
%  0.118587797502779E+02  0.132043789747073E+02 -0.569216382592236E+01
%  0.138561002467089E+02 -0.530559476660059E+01 -0.932597800581719E+01
% -0.313636488868643E+01  0.104664711183409E+01  0.426175062264606E+01
% -0.100558325529159E+01 -0.111165285876602E+02  0.812521284727150E+01
%  0.536976955571367E+01  0.114179576816253E+02  0.145123123406991E+02
% -0.728651835690870E+01 -0.342536612531087E+02  0.179267050495976E+02
% -0.133571594724456E+02 -0.460305885036657E+01  0.279349203222356E+02
% -0.123516798018410E+01 -0.496541562354573E+01 -0.248336650634197E+01
%  0.108801292960042E+02 -0.206499116861926E+01  0.613590934756760E+01
%  0.866104488787068E+01  0.213507697255811E+00 -0.772236471177524E+01
%  0.217387018475292E+02  0.985594860910275E+01 -0.141988771531878E+02
% -0.109126125004510E+02 -0.424973936548109E+02  0.974704673788818E+01
% -0.254489710125039E+02  0.335909970088808E+00 -0.902275862491321E+01
% -0.656790860690858E+02  0.341133412321112E+02 -0.145084501826747E+02
%  0.575924434949051E+01 -0.264917762875506E+02  0.127693655381182E+02
%  0.233207418098802E+01  0.169464411530355E+01 -0.119484682019992E+02
% -0.216598621656342E+01  0.438652962615279E+01 -0.716463519295685E+00
% -0.128908264116363E+02  0.919090659998136E+01 -0.254910901288801E+02
% -0.437355451196337E+00  0.192334757044539E+02 -0.354434365782597E+01
%  0.913410773867752E+01  0.252978795830036E+02 -0.308267780104742E+02
% -0.242144504993496E+01 -0.968534239148375E+01 -0.289965084863968E+00
%  0.791697751893206E+01  0.751281313394183E+01 -0.130039031492619E+02
% -0.402034409173471E+01 -0.378312425722472E+01 -0.369742059664937E+00
%  0.145670706428403E+02 -0.144513580958093E+02 -0.123824200852854E+02
%  0.325792879813964E+00  0.118581276328569E+02  0.146703225499284E+01
% -0.213479109000044E+01  0.198908494166497E+01  0.721948464721342E+00
%  0.109949694633883E+02 -0.321083350597153E+02  0.516381044164795E+01
%  0.615089105406357E+01 -0.112876077635264E+02  0.124022039184944E+02
%  0.114502463223475E+02  0.142395032775964E+02  0.161005442583364E+01
%  0.455097987645330E+01 -0.424005641054259E+01 -0.586228478420652E+01
%  0.164897311483594E+00  0.159486001985883E+01 -0.916930689335397E+00
% -0.228490971539790E+01  0.543108268169695E+01  0.315023661399045E+01
% -0.907810981741195E+01 -0.852591016966749E+00  0.114500072051444E+02
% -0.806628311702569E+01  0.704714223894048E+01  0.513426734116396E+01
% -0.667577977325084E+01 -0.297855082983301E+02  0.190143064036182E+02
% -0.133397410145817E+01 -0.230070029534912E+01 -0.118853630930964E+01
% -0.602201870779982E+01 -0.200228121485358E+01 -0.209607436345933E+01
% -0.797204715635085E+01  0.176500142805846E+01 -0.385489204295048E+01
% -0.240713740161427E+00  0.132667162650512E+02 -0.235262552840160E+01
% -0.255625420322481E+02 -0.148556944181579E+02 -0.135452494609139E+02
% -0.352672486122267E+00  0.113455736109143E-01 -0.212020065767783E+01
%  0.339737459144952E+02  0.401096127798337E+01 -0.201373937503218E+02
%  0.694091085080522E+01 -0.462786031364134E+01 -0.297310764728619E+01
%  0.158748223570873E+02  0.167598173797166E+02  0.134436968623461E+02
%  0.733600931018270E+01 -0.692238613225400E+01 -0.231019330994854E+01
%  0.533093808806616E+02 -0.838724668955389E+01  0.150944602459072E+02
