% T    256  0.715122828077254E+01  0.715122828077254E+01  0.715122828077254E+01
   0.146211854187982E+01 -0.201405815633073E+01 -0.214942663755644E+01
  -0.346316065278207E+01 -0.124744082707360E+01 -0.186660860131607E+01
  -0.222064708664724E+01  0.371255313806242E+00 -0.317787106769944E+01
   0.161322032798885E+01  0.238907509145017E+01  0.305914219482699E+01
   0.191814298474867E+01  0.165943312305481E+01 -0.207236266310583E+01
  -0.239619793290864E+00  0.351188413353201E+01 -0.141611896653412E+01
  -0.957918457623221E+00 -0.343050216896918E+01 -0.228387973552506E+01
  -0.173847332749447E+01  0.153411182271077E+01 -0.348363427187701E+00
  -0.346375676184626E+01  0.484047793530010E+00 -0.821747882383913E+00
  -0.206027537392541E+01  0.463420813493315E+00 -0.245285985433391E+00
  -0.146679250773663E+01 -0.758002396282230E+00 -0.372282545753733E+00
  -0.248883352536615E+01  0.189928383534229E+01  0.252042557003076E+01
   0.317071865499554E+01 -0.297052022209874E+01 -0.891685835496150E+00
  -0.221726161881105E+01  0.124321368922388E+01  0.178877910158243E+01
  -0.642060762152254E+00 -0.102811129830100E+01  0.186949297779494E+01
  -0.116845186398258E+01 -0.130755028455385E+01  0.642472140772790E+00
   0.182893714691958E+01 -0.123274354305061E+01  0.471171550309172E+00
  -0.182302358354435E+01 -0.785746026373416E+00 -0.204968565249535E+01
  -0.145004845568551E+01 -0.489334458434032E+00  0.159331951700192E+01
   0.798551506826374E+00 -0.962337248746112E+00  0.263814898746331E+01
  -0.527304628457980E+00  0.646000284350791E+00  0.680411444194927E+00
  -0.279388432750309E+01  0.121661454488640E+01 -0.278702526242111E+00
   0.193252663870791E+01 -0.273502903540781E+01 -0.156996997711584E+00
  -0.237198287635205E+01 -0.736236606482688E+00 -0.338680531709766E+01
   0.489518503888408E+00 -0.188927112289222E+00 -0.159030959559042E+01
   0.663697724766001E+00  0.238511561820331E+01  0.346889157032086E+01
  -0.225340454284819E+01  0.243065617853117E+00  0.180569938475842E+01
   0.236593631256179E+01 -0.292823395002514E+01  0.210693571898635E+01
  -0.561865334916849E+00 -0.255519535242476E+01 -0.194386726437671E+01
   0.349692152707104E+01  0.349361395860708E+00  0.299197451921729E+01
   0.259911468030633E+01  0.143309507646058E+01 -0.981014325324376E+00
  -0.126451505925486E+01 -0.235473145694662E+01 -0.783590007180679E-01
  -0.480268998329241E+00 -0.245727714183724E+01  0.169392645496421E+01
   0.259428569370368E+01 -0.241627972956820E+01 -0.296184932243786E+01
   0.166710480681187E+01 -0.216143924987940E+01  0.231454290600472E+01
  -0.345742850500261E+01  0.283493829509255E+00 -0.290070003690502E+01
  -0.959152285799432E-01 -0.132064520817074E+01 -0.101013467455733E+00
   0.239404504773910E+01 -0.205661077158783E+01  0.310148771315745E+01
  -0.351832286010783E+01 -0.195904881960129E+01 -0.866761863316451E+00
  -0.486467724756547E-01  0.173118839943689E+00  0.146728521408315E+01
   0.270716509358647E+01  0.240703025306409E+00 -0.344123765052076E+01
   0.118144404843942E+01 -0.336168634285556E+01 -0.664222930441415E+00
   0.134163681774856E+01 -0.324520976703633E+01 -0.226035069581299E+01
  -0.834917516471868E+00 -0.269162308571092E+01 -0.310324765661170E+01
   0.350986086327971E+01 -0.247155099574081E+01  0.336166895137679E+01
  -0.525800719447986E+00  0.259855404523777E+01  0.142775213092829E+01
  -0.956523319905373E+00  0.206752143784751E+01  0.506371651898252E+00
   0.343052528681403E+01 -0.328100688968972E+01  0.919105476953096E+00
  -0.113376255762632E+01  0.315375263143599E+01  0.290149607600030E+01
  -0.279111864116092E+01 -0.224115262579632E+00 -0.202738829460396E+01
  -0.357154026682639E+00  0.130867178102600E+01  0.157194946024748E+01
  -0.234302675447983E+01 -0.132474105843808E+01  0.266475915660270E+01
   0.679329015407835E+00 -0.215561145152363E+01 -0.220793990185319E-01
  -0.281696288159114E+01 -0.233708677016418E+00 -0.234387618451456E+00
  -0.251402302695059E+01  0.213230193584951E+01 -0.241942416656080E+01
   0.725405443359842E+00 -0.220656412327724E+01  0.161079740216448E+01
   0.438953378513462E+00  0.322913592372137E+01 -0.218548928813380E+01
  -0.287568540450078E+00  0.348437345864198E+01 -0.371861848219395E+00
  -0.171591711402205E+01 -0.345430728559048E+01  0.504529175348104E+00
  -0.318297624569334E+01  0.324300135984559E+01 -0.539815606843203E+00
   0.277748001612322E+01 -0.299036086964756E+01 -0.185479794278240E+01
  -0.144304748973296E+01  0.122126151900066E+01 -0.130856784287466E+01
   0.226543632653935E+01  0.796712006873308E+00  0.135637268346276E+01
   0.377548477477647E+00  0.312787170242578E+01  0.752583672816228E+00
  -0.123511567093600E+01  0.605075891713137E+00  0.139316760569665E+01
   0.263297524034752E+00 -0.232202017426727E+01  0.251519736259420E+01
  -0.166777508723972E+01  0.274794821715602E+00  0.304203231783100E+01
   0.184396461349101E+01  0.765441644452215E+00 -0.165904523380175E+01
   0.138291199530073E+01 -0.459617664847712E+00  0.348740449967968E+01
  -0.311656385504776E+00 -0.646546636372928E+00 -0.202402923810637E+01
   0.977892690916237E+00  0.189754746901369E+00  0.270982362685251E+01
   0.186095099235551E+01  0.258362439637323E+01  0.208698997243718E+01
  -0.186689386961056E+01 -0.243368881078238E+01  0.231816820772126E+01
  -0.273438829542277E+01  0.113291320223359E+01 -0.290583915874962E+01
   0.313457898812211E+01 -0.677922613653535E+00  0.353564333063589E+01
   0.176096838780268E+01  0.341343251076147E+01  0.263551426354285E+01
  -0.130384959981857E+01  0.222326866723857E+01  0.225353104772345E+01
   0.286072573789949E+00 -0.179814259380445E+01 -0.239784494311856E+01
   0.332260820883147E+01 -0.329760028080962E+01 -0.272828135378724E+01
  -0.265814276617559E+01  0.349046312319404E+01  0.313621756062097E+00
   0.235137855565169E+01 -0.919671363211159E+00 -0.238143906286177E+01
  -0.236204617600643E+01  0.801794148664718E+00 -0.196364440504791E+01
  -0.220209002042609E+01 -0.181111824205981E+01 -0.337664280653461E+01
  -0.440331908906428E+00 -0.273471434319741E+01 -0.925230449890204E+00
  -0.316084890412907E+01  0.223458622082402E+01  0.172659565335331E+01
   0.581151285698890E-01  0.238847977780253E+01  0.243458747804202E-01
   0.882135321415332E+00 -0.316672712011456E+01  0.243043049783849E+01
   0.903115039871540E-01  0.948476964421479E+00 -0.254899175379751E+01
  -0.197508951119973E+01  0.255397615211229E+01  0.277160570747397E+00
  -0.122464244744700E+01  0.250249400512983E+01 -0.553992533113660E+00
   0.117961714995852E+01  0.639268396757329E+00 -0.347385263100796E+01
  -0.150010804344231E+01 -0.147518724014825E+01  0.169753656333643E+01
   0.155532797678628E+01 -0.840743783735638E+00  0.140404279747392E+01
  -0.338170294417420E+01 -0.168372759297374E+00  0.208968253036108E+01
   0.291717637935865E+01 -0.212773988159881E+01  0.191129936763842E+01
  -0.221332372846713E+01  0.706015974659596E+00  0.655870870203857E+00
   0.200017833676495E+00 -0.308834836135577E+01  0.122868057113482E+01
  -0.262525537122726E+00  0.193461020755335E+01 -0.878176474094012E+00
  -0.336733768154071E+01  0.121794272161657E+01  0.223028528039809E+01
   0.127158798636272E+01  0.272087393072058E+01 -0.280257879296333E+01
  -0.163871587577119E+01  0.191255942761268E+01  0.122399473998182E+01
  -0.249333798318149E+01 -0.169928901616268E+01 -0.238399432876677E+01
  -0.153220666448678E+01  0.162132532078542E+00 -0.180610142112313E+01
  -0.326381843803443E+01  0.261176580177038E+01 -0.144566228923291E+01
  -0.119022741476705E+01 -0.152642440794854E+01  0.356393985683780E+01
   0.906064238847886E+00  0.908975710545981E+00  0.588403579819906E+00
   0.333299315768546E+01  0.157888154197219E+01  0.139220311673603E+01
   0.291780954022388E+01  0.302015851862452E+01  0.170396298644038E+01
  -0.157595528741659E+01  0.292991368382145E+01 -0.143011358593344E+01
  -0.275790797336414E+00 -0.251838147081754E+01  0.259245825499799E+00
   0.837529545798348E+00  0.245781330657828E+01  0.177227734855119E+01
  -0.197760430050845E+01 -0.252026315397089E+01  0.136705832725179E+01
  -0.343694260739346E+01  0.996808984066948E+00  0.520297410407022E+00
  -0.268787675372274E+01 -0.259920131941459E+00  0.295793721512618E+01
  -0.281972034949107E+01 -0.289422544517030E+01 -0.553476806631160E+00
   0.206838190570541E+01 -0.269619849826620E+00 -0.412394248277830E+00
   0.302291636469702E+01  0.148289629649554E+01 -0.280761033619989E+01
  -0.228875407774659E+01  0.442880930833892E-01 -0.118512327315339E+01
   0.208535088287085E+01  0.324729719009275E+01 -0.179825183398709E+01
   0.259906367677908E+01  0.216091800659961E+01 -0.181316898485584E+00
  -0.218442704922763E+01 -0.339815668357366E+01  0.339319232685182E+01
   0.239229114861262E+01 -0.222061336130427E+01  0.956372702668663E+00
   0.141498298041162E+01  0.374174858970659E+00 -0.742693612959655E+00
   0.735669042645199E+00 -0.110021907036059E+01  0.381413201461641E+00
   0.268445330332802E+01 -0.124740602037032E+01  0.139834446249284E+01
   0.219602443751591E+01  0.300822186385245E+01 -0.291473583991443E+01
  -0.343783027387792E+01  0.609230464545590E+00 -0.180731610552649E+01
   0.275034620255234E+01  0.317959977279715E+01 -0.799389813145095E+00
   0.928865534604760E+00 -0.473450333128664E-01  0.139501521695004E+01
  -0.347130249085269E+01 -0.113789308347527E+01  0.178932279925300E+01
   0.854836494505594E+00 -0.166500871439420E+00 -0.274767329919872E+01
   0.223669809261601E+01 -0.232086003214041E+01 -0.121463437164657E+01
  -0.331510127616285E+01  0.304060156491371E+01 -0.245513959449170E+01
   0.492297215794966E+00 -0.138973951325075E+01 -0.136568356682334E+01
  -0.621285692838169E+00  0.153799645536737E+01 -0.269436400775166E+01
   0.305883390671822E+00  0.242500846092379E+00  0.885617355922605E-02
   0.144406138300274E+01 -0.265508265006495E+01 -0.309480654242448E+01
   0.331666717639186E+01  0.216306564822291E+01  0.258414842320202E+01
   0.244693591233811E+01  0.241086577891175E+01  0.913917867437241E+00
   0.198421938722076E+01  0.115736880143176E+01 -0.325901225815421E+01
  -0.531203810740900E+00 -0.346764809598423E+01  0.188657932528429E+01
  -0.776852576375093E+00  0.622532908489455E+00 -0.212015947559092E+01
  -0.250428222504360E+01  0.347610976624434E+01 -0.166979191857599E+01
  -0.131550121622784E+01  0.272294977582742E+01 -0.317957054669959E+01
  -0.727366548221675E+00  0.188896560990118E+01 -0.171935337734321E+01
   0.547542912425181E+00 -0.319700885042647E+01  0.195728718300008E+00
   0.153351486155049E+01 -0.306260311585605E+01  0.117218453568537E+01
  -0.214233819689145E+01 -0.406308928211478E+00  0.716028679790944E+00
  -0.320514828449293E+01  0.637898290243060E+00  0.138914082859850E+01
   0.101608744346846E+00  0.219476857613728E+01 -0.213269252549258E+01
  -0.111955461494887E+01 -0.279516063927639E+01  0.944400580351174E+00
  -0.194587852168097E+00 -0.210507093448728E+01  0.348401734221806E+01
   0.313125728923737E+01 -0.128796308706380E+01  0.259802532198914E+01
   0.258752546508590E+01 -0.338053087803816E+01  0.180707558456192E+00
  -0.126828599049860E+01 -0.159376349124987E+01 -0.262642615708379E+01
   0.178164315251936E+01  0.315312947531259E+01  0.918119747501518E+00
   0.476441015602656E+00 -0.104888628757040E+01  0.144389574739569E+01
   0.168235766060675E+01  0.156892325798387E+01 -0.236052224047461E+00
   0.274623513940478E+01 -0.893317565477078E+00  0.341613350185148E+00
   0.274400875937149E+01 -0.312011572608944E+01  0.298493320227648E+01
   0.191063473497476E+01  0.102538630374595E+00  0.190623885618473E+01
   0.925040639640763E+00 -0.624060072773570E+00 -0.525023513049151E+00
  -0.665905300287109E+00  0.289329485661524E+00 -0.297397009283598E+01
   0.378871660776332E+00 -0.282937978490551E+01 -0.279453936182063E+01
   0.171820956318090E+01  0.169892239793555E+01  0.961088691218037E+00
  -0.118242503400771E+01  0.959602205817133E+00  0.252878889513691E+01
   0.277876491789443E+01 -0.110987034275535E+00  0.116121731869893E+01
   0.266586630988853E+01  0.485838218354711E+00 -0.853496178323716E+00
  -0.328590703329632E+00 -0.416461852324985E+00 -0.591421829280250E+00
  -0.259861640606995E+01  0.231139521448703E+01 -0.524568768683282E+00
   0.352935992294470E+01  0.193004788493518E+01 -0.849451182569180E+00
  -0.349839506795154E+01  0.237011799549051E+01  0.133616203969357E+00
  -0.218051617373207E+01 -0.147755179842351E+01  0.537287679828883E+00
  -0.193944319198757E+01  0.261392709328735E+01  0.292758692237371E+01
  -0.345056480740961E+01 -0.351817918960778E+01  0.321166448616704E+01
  -0.223536914646121E+01  0.206110331708607E+01 -0.148175262812372E+01
  -0.690437469730135E+00  0.279913679002572E+01 -0.213592466789306E+01
   0.162576896155189E+01 -0.519338724174253E+00 -0.153597685971708E+01
  -0.197438420557740E+01 -0.217927457935541E+01 -0.725610683498144E+00
  -0.255182989034005E+01 -0.113903804487486E+01 -0.941588342410215E+00
   0.115861466479391E+01  0.172552557918297E+01 -0.292307868861416E+01
  -0.107175350435674E+01  0.103239776325708E+01  0.357215098082629E+01
  -0.305976073038402E+01 -0.137706470916779E+01  0.125564963052142E+00
  -0.261507716975299E+01  0.306327443357563E+01  0.149835820775214E+01
   0.112523249537171E+01  0.173200733960309E+01  0.239292348896075E+01
   0.191793989348592E+01 -0.158042700829211E+01 -0.296163571502618E+01
   0.495066543674032E+00  0.286640221808568E+01 -0.795387839663878E+00
  -0.249369067070021E+01 -0.249565061688635E+01  0.293798670462431E+00
   0.111778529535779E+01  0.175906077634788E+01 -0.126151784583129E+01
   0.725652862223702E+00  0.353733871741144E+01 -0.340351797413470E+01
   0.300072135841598E+01 -0.160935840754723E+01 -0.315879832905564E+01
  -0.235602945651552E+01 -0.856080643538850E+00  0.162746506056969E+01
   0.680151403341514E+00  0.122654436052478E+01 -0.437050019442839E+00
   0.337461796012383E+01 -0.220179476733481E+01 -0.185518347510047E+01
  -0.794662504951634E+00 -0.218438514494846E+01  0.266988963187846E+01
   0.329450944077315E+01 -0.190260156905879E+01  0.541572102680815E+00
  -0.614935208881576E+00  0.346547335049674E+01  0.836415717135079E+00
  -0.285766509161676E+01 -0.311978969162096E+01 -0.285871805479599E+01
   0.237535759166141E+01  0.553613291333843E+00  0.282629133990299E+01
   0.735025125050120E+00  0.819804529345186E+00 -0.165994029097499E+01
  -0.191927524711691E+01 -0.238474164105854E+01 -0.182439589501070E+01
  -0.150479398901896E+01  0.216209009916620E+01 -0.222737192683477E+01
  -0.304678239557212E+01  0.274162042082398E+01  0.265039766404858E+01
  -0.340613406090250E+00  0.264469347128284E+01 -0.349800771185876E+01
   0.275444349955457E+00  0.309958678031020E+01  0.269154023341146E+01
  -0.144646306357837E+01  0.308918869593125E+01  0.125871888475386E+01
  -0.159093622757768E+01 -0.266184635939160E+01  0.324847177762484E+01
   0.346610246145087E+01 -0.526075054037433E+00 -0.113061261143040E+01
  -0.308357605551226E+01  0.165585886687724E+01  0.339848971260009E+01
   0.216293247761600E+01 -0.891915911822197E+00  0.276421418166155E+01
   0.155458711102863E+01 -0.282713310879599E+01  0.309184482349987E+01
   0.115777148587491E+01  0.315719342231215E+01 -0.151370974209738E+01
  -0.107606668335202E+01  0.187624577243718E+00 -0.639426846362499E+00
  -0.333704979796966E+01 -0.212594642352599E+01 -0.268042690818238E+01
   0.598508248048256E-01 -0.123311668247970E+01  0.340857829167445E+01
   0.253674445620680E+01  0.172706118282111E+01  0.318649922993188E+01
  -0.320856657219248E+01 -0.109401502855020E+01  0.325801221978258E+01
  -0.177983312922099E+01  0.130067335294835E+01 -0.274381250555834E+01
  -0.899148026416329E-01  0.624327417088755E+00 -0.824935561685112E+00
  -0.125323213748239E+01 -0.384968952278098E-01  0.461755819833033E+00
  -0.311501703296998E+01 -0.221871190077642E+01  0.167640082998407E+01
   0.265610044274554E+01  0.115143582637465E+01  0.347029692031338E-01
   0.293071195097357E+01  0.196793002420415E+01 -0.178072329231307E+01
  -0.123129090870271E+01 -0.507038310108825E+00 -0.276337304751385E+01
   0.134664259998084E+01 -0.221702229371700E+00  0.328272390750451E+00
   0.274434463687348E+00  0.217463843479845E+00 -0.356012596435203E+01
   0.111759778766690E+01  0.993907184630793E+00  0.158687600938100E+01
  -0.260033154775809E+00 -0.359458602400553E+00  0.254572303894727E+01
  -0.793602495341411E+00  0.187662891492569E+01  0.311390274736456E+01
   0.160163013256675E+01 -0.176516135959509E+01 -0.414763859291896E+00
   0.114361012069841E+01  0.238029661916334E+01  0.517313512793935E+00
   0.252274271066586E+01  0.149383848356705E+01  0.222377883981744E+01
   0.590802463077066E+00  0.112237837587948E+01  0.306975029925138E+01
  -0.198824571438904E+01  0.335963620730863E+01 -0.605636543044685E+00
   0.315361934024007E+01 -0.457050851218133E+00 -0.251114186033820E+01
  -0.138868007589029E+01 -0.315896470663647E+01 -0.133537974045943E+01
  -0.300884240114891E+01 -0.284383915320815E+01 -0.161191963001184E+01
  -0.198004721758845E+01  0.342834886593241E+01 -0.278727422602814E+01
  -0.138501183674766E+01 -0.470056977886555E+00  0.263721126761140E+01
   0.985774337073955E+00 -0.170011233884567E+01  0.337186373623633E+01
   0.173574940263440E+01  0.295141676886287E+01 -0.458970377614968E-01
  -0.267016300296084E+01  0.273429517646350E+01 -0.339334435164755E+01
   0.320584764767687E-01  0.154685143873107E+01  0.535773434292248E+00
   0.198115890658196E+01  0.235524368712126E+01 -0.109682269566136E+01
  -0.316378893852939E+01  0.166718151705362E+01 -0.171588263474723E+01
   0.889346732567296E+00 -0.120561061242182E+01 -0.299496592140699E+01
  -0.262120258758493E+01  0.853803982341848E+00  0.298715600507385E+01
  -0.213357855712692E+01 -0.341110078627761E+01  0.232955066770499E+01
   0.275419699170643E+01 -0.140969340802901E+01 -0.920056694842730E+00
  -0.717631026314338E+00  0.127647869716819E+01 -0.354833555237189E+00
   0.306686202797840E+01  0.600090062489758E+00  0.201533051239877E+01
   0.209996868572007E+01  0.692406496736946E-01 -0.265631539976311E+01
  -0.272258552301503E+01  0.175835184874980E+01  0.105275458736363E+01
   0.947324009201546E-01  0.150065083027199E+01 -0.333942537473018E+01
  -0.309000524587790E+01 -0.178422203047618E+00  0.777496504871730E+00
   0.326313762455736E+01 -0.985556838736107E-01 -0.104343846733471E-01
% -0.104667430332831E+01  0.276723757226902E+01 -0.220341167066919E+01
%  0.683344684586929E+00 -0.320780628864156E+01 -0.512523617067560E+00
%  0.672023719871288E+00  0.516597262811506E+00 -0.187515612589408E+01
%  0.499928711110981E+00 -0.691541318750808E+00  0.206388963252809E+00
% -0.443176258613727E+00 -0.200617554334041E+01  0.360953647582640E+00
%  0.176952110554815E+01 -0.275087626679343E+01  0.184317026809245E+01
% -0.250261321433469E+01  0.671939600944450E+00 -0.567536253046171E+00
% -0.187221404622356E+00  0.403406352174058E+00 -0.250266708222325E+00
%  0.393052130138260E+00 -0.911784781434029E+00  0.288926677276090E+01
% -0.216134710327725E+00 -0.629882159602568E+00  0.362594672475272E+00
% -0.306323997732214E+01  0.158636421107631E+01  0.232954793888294E+01
% -0.158985727565476E+01 -0.865595072059661E+00 -0.162230720935939E+01
%  0.189635686582937E+01  0.830827259850114E+00 -0.108037472447459E+01
%  0.148766869961229E+00 -0.194879199005280E+01 -0.578060993817290E+00
%  0.299484129967994E+00 -0.115818253767996E+01  0.213826600324144E+01
%  0.362759332140713E+00 -0.875370075863229E+00  0.828015864960048E+00
% -0.399988636317475E+00 -0.150449861733603E+01  0.102500139839938E+01
% -0.223099776168187E+01 -0.862215981222266E+00 -0.163250261098586E+01
%  0.597404155507043E+00 -0.412726201317509E-01 -0.101733519118046E+01
% -0.140912886747842E+00  0.324593066638992E+00 -0.112107497368555E+01
% -0.107398767975445E+01 -0.848930300201373E+00 -0.170368296003993E+01
%  0.547385445328470E+00 -0.142919614948498E+01  0.669087601705743E+00
%  0.176634647231506E+01  0.315982874223181E+01  0.267829725244189E+01
% -0.182372641047716E+01  0.557985271033726E+00 -0.224703237926775E+00
%  0.983521769185402E+00 -0.184150541482543E+01  0.175843694151998E+00
%  0.114659773774873E+00 -0.161460821307728E+01  0.269346832807955E+01
% -0.399169111853464E+00  0.238513828817236E+01 -0.299201562838390E+00
% -0.268697555195393E+01  0.260127397629526E+01  0.100350586744478E+01
%  0.198780913327108E+00  0.108860120502810E+01  0.101102210152750E+01
%  0.201729002611557E+01 -0.151669803202670E+01 -0.471142794853630E+00
%  0.154969208361717E+01 -0.331676924686566E-01  0.431035592398706E+00
% -0.777081602420227E+00  0.619487443231868E+00 -0.138348237534573E+01
% -0.468691953014773E+00  0.183237497790849E+01  0.291286575968389E+00
%  0.102711842225907E+01  0.608906867813205E-01  0.746521060375267E+00
% -0.258772437891433E+01 -0.496678819665710E-01  0.719391782680444E-02
% -0.157885154063787E+01  0.246322854569316E+01 -0.219071799711527E+01
% -0.485446047224570E+00 -0.214459101609455E+01 -0.518125996515889E+00
% -0.736448194268888E+00 -0.214458437953554E+00 -0.682310556327764E+00
% -0.118441465893037E+01 -0.108061305531123E+01 -0.280936709518787E+00
%  0.807274723134441E+00 -0.268655034209037E-01  0.392006897833212E+00
% -0.210527267236094E+01 -0.929656717901153E+00 -0.824651841497223E-01
%  0.297364039089523E+01 -0.146738684094407E+01  0.560678062342115E+00
% -0.561079322724143E-01  0.643390344320350E+00 -0.601093533546351E+00
% -0.687543397472515E+00  0.146168519578441E+01  0.305642446717841E+01
%  0.260496591475100E+01  0.760810568755903E+00 -0.166670314864025E+01
% -0.539555701323088E+00  0.633540364876311E+00 -0.141273007922536E+00
%  0.840389926736573E+00 -0.308412301442669E-01 -0.104395682521162E+01
%  0.798694924477236E+00  0.163903589816694E+00 -0.207621999814764E+00
%  0.233786506963344E+01 -0.652349859109620E+00  0.133837800837693E+01
%  0.110202357453242E+01 -0.211178507766908E+01 -0.685704179655245E+00
%  0.648247828562239E+00  0.819153633556998E+00 -0.626207023131476E+00
% -0.168854371564674E+01  0.898339054394235E+00 -0.283703039981340E+00
% -0.293810295462157E+00 -0.823139836780081E-01  0.585285557144534E-01
% -0.160982930279738E+01  0.315485912363761E-01 -0.184760620146128E+00
% -0.111339213041182E+01 -0.178735109247956E+01 -0.165500467504159E+00
%  0.342280643906271E+00  0.383155867610728E+00 -0.910685751128021E+00
%  0.101655788276531E+01 -0.716252137450579E+00  0.133908866973542E+01
%  0.322180626619534E+00  0.760523738610385E+00  0.134799639542523E+01
%  0.874108137207096E+00 -0.114594111472581E+00 -0.127889236136825E+01
%  0.174624878566409E+00 -0.130899727626866E+00  0.185423184614425E+01
%  0.144531903007637E+00  0.547364544656821E+00 -0.118818947269871E+00
% -0.952395532321366E+00  0.176217418298251E+01 -0.901276532230394E+00
% -0.241160282394345E+01 -0.232181692465195E+01 -0.107159660255324E+01
%  0.859916823718936E+00  0.107945242853718E+01 -0.447610593652393E+00
% -0.121380809995242E+01 -0.144090941048404E-01 -0.684689734878940E+00
%  0.314344258228306E+00 -0.190305161734702E+01  0.171815052326962E+01
%  0.942935355210859E-01  0.121006652224415E+00 -0.385473505180233E+00
%  0.126579754270195E+01 -0.151677549316751E+01  0.239707003533670E+01
% -0.176217457061761E+01  0.211356591701168E+00 -0.164223582251263E+01
% -0.164884734803704E+01 -0.513038770132103E+00  0.106454436599755E+01
% -0.973996615076965E+00  0.582535659951216E+00  0.132750174863589E+01
%  0.229282970753363E+00 -0.661041242918282E+00 -0.111793761521195E+01
%  0.687229226747288E+00 -0.429346402477661E+00 -0.335097175821677E+01
%  0.175953522586349E-01 -0.996594830556764E+00 -0.166854018593524E+01
% -0.185285286720678E+01  0.321788058973006E+00 -0.145347423196339E+01
%  0.198954602038630E+01  0.264944141779516E+01 -0.585644928059407E-02
%  0.491201232584385E-01 -0.728682990940822E+00  0.506061599321765E+00
%  0.434094867784946E+00  0.621968057002570E+00 -0.690880890333219E+00
% -0.926287107722658E-01 -0.133445256891024E+01  0.143476228524069E+01
% -0.538191129602169E+00 -0.207317022831822E+01 -0.688903216162390E+00
% -0.391945972274184E+00 -0.714541341832869E+00 -0.399741624977869E+00
% -0.970848415331970E+00 -0.213199000720827E+01 -0.126601962115933E+01
% -0.170068012990996E+00 -0.131963901630506E+01  0.175025392266338E+01
% -0.465604491198943E+00  0.179462205258267E+01 -0.637343447653740E+00
%  0.360826387459475E+01 -0.168876920030290E+01 -0.304454077877667E+01
% -0.171078940294489E+01  0.620680965543901E+00  0.125614954761219E+01
% -0.127558262198396E+01 -0.132791604103013E+01 -0.218827792337304E+01
% -0.293633261343794E+01  0.169395346404167E+00  0.730471251062528E+00
% -0.145042178380758E+01 -0.199470610002213E+01 -0.123094176984712E+01
% -0.130210144708378E+00 -0.223659217743544E+01 -0.196382502825783E+01
%  0.947260478152275E+00  0.274088485902041E+00  0.925880015468946E+00
%  0.183517754095529E+00  0.270221307714510E-01 -0.106253572155251E+01
%  0.209402974716847E+01  0.106858185168843E+01 -0.745856927049511E+00
%  0.718736666077533E+00  0.323839973405365E+01  0.981984931378622E+00
%  0.857331597707535E-01 -0.365430972427317E+00  0.842058177645217E+00
%  0.141848750192193E+01 -0.257758639554168E+01 -0.255931594921068E+00
%  0.278951956635850E+00  0.348708245969789E+01 -0.686017639240341E+00
%  0.171559672483646E+01  0.450217569805789E+00  0.691326144694260E+00
% -0.507747821506471E-01  0.285173329557354E+00  0.157567376684457E+00
%  0.752433814684323E+00 -0.601571399712001E-01  0.216122213456808E+01
%  0.102265684742652E+01  0.242993963031826E+01 -0.139383582115163E+01
% -0.983992456204653E+00  0.610732860404377E+00 -0.324849147883140E-01
% -0.697828809559186E+00 -0.382128416943933E+00  0.643659627566422E+00
% -0.532011001535462E+00 -0.495955990876057E+00 -0.186431692245069E+01
% -0.193243529453134E+01  0.421157552237458E+00  0.799248347446380E-01
% -0.257159070696423E+01 -0.359959445361459E+00 -0.217172434419109E-01
% -0.192814476219598E+01  0.939645908649836E-01 -0.219510830070877E+01
%  0.841485114066422E+00  0.146595139671318E+00 -0.171610812943588E+01
% -0.416877951964321E+00  0.328541512103205E+00  0.674644817447890E+00
%  0.286488894760612E-01 -0.807602810137594E+00  0.121297288758800E+01
%  0.772534470276614E+00  0.155479820542843E+01  0.847346973398945E+00
%  0.224931074863085E+01 -0.200455635098734E+01 -0.261422852483486E+01
% -0.113263219179010E+01 -0.122497675801937E+01 -0.164517703335744E+00
% -0.723986502784432E-01 -0.582648686760436E+00 -0.150134573771987E+01
% -0.992947589201533E+00  0.180281353074681E+01  0.398751792793931E+01
%  0.982514071681481E+00  0.933461053777476E+00 -0.973635333987167E+00
%  0.478603870850449E+00  0.544303887897029E+00 -0.231943254150065E+01
% -0.242037120636158E+01  0.570571328654102E+00 -0.116352112054297E+00
% -0.154867963243938E+01  0.148637319861954E+01  0.334538450191643E-01
%  0.810524750269578E+00  0.191492162733065E+01 -0.227172167926197E+01
%  0.796356602431699E+00  0.364023668600588E+00  0.838369162149404E+00
%  0.122779642328772E+01 -0.189586923780764E+00 -0.120561462968146E+01
%  0.788910542212465E+00 -0.735982352456527E+00 -0.237980953921268E+01
%  0.228014714103179E+01  0.164617082612203E+00  0.768807535032520E+00
%  0.107467125886658E+01  0.193715526663829E+01  0.122627214894109E+01
%  0.269258799491624E+00 -0.295164743649505E+00  0.171197981316597E+01
% -0.822460692419911E+00  0.109446378456626E+00 -0.756917769993198E+00
%  0.146476228515945E+01  0.167290297350821E+01  0.376714631221319E+00
% -0.261611209222505E+01  0.807489996048823E-01  0.188467321247217E+01
%  0.175754275408310E+01 -0.339724471972046E+00  0.160193097352163E+01
% -0.218183498165709E+00 -0.195500419881593E+01 -0.462846296765288E+00
%  0.241036319926621E+01 -0.966824328875227E+00  0.114896938451614E+01
%  0.153002957012591E+01 -0.895094709030731E+00 -0.973049056237080E-01
%  0.240396005261109E+01 -0.232341741789873E+01 -0.932572274025064E+00
%  0.109636307494950E+01 -0.200613187222924E+00  0.583636128872587E+00
%  0.563294693543263E+00  0.208184842169998E+00 -0.888033500634966E+00
%  0.938580659494799E+00 -0.204999904597701E+00 -0.546975794871065E+00
% -0.248797597143559E+00 -0.955329077423713E+00 -0.511696134382328E+00
% -0.154951992800098E+01 -0.280769182664314E+01  0.210644414693108E+01
% -0.179778736248724E+01 -0.801949608009851E+00 -0.432949968842180E+00
%  0.114030298716309E+01  0.512283157726616E+00  0.727512077566678E+00
% -0.151243501197794E+00 -0.242378607024397E+00  0.255392264760030E+01
% -0.521280091344630E+00  0.104199862265722E+01  0.123070531905310E+01
%  0.319251646856113E+00 -0.269837960048697E+01  0.262798664471425E+00
% -0.327409940604753E+01 -0.192149815308566E+01  0.157670630753029E+01
%  0.635801927510339E+00 -0.135438707735063E+01 -0.199437397436623E+01
%  0.188909087230677E+01  0.128546383252642E+01 -0.674929263842132E+00
% -0.132974871187658E+01 -0.274163762188712E+01  0.274589261458851E+00
% -0.125385999229824E+01  0.180198459902892E+01 -0.213233641882858E+01
% -0.186942769876381E+01  0.717958489255686E+00 -0.163546158760536E+00
%  0.802856734901466E+00  0.122725621025084E+01 -0.105812938035851E+01
%  0.596093782095522E+00  0.219258036922500E+01  0.651016496061588E+00
%  0.213440285725742E+00 -0.213308052595369E+01  0.341410332367602E-01
%  0.122877208566560E+01 -0.277659887821474E+00  0.912658725897965E-01
% -0.280689790478645E+01 -0.144032721897934E+01  0.217397742036788E+01
%  0.132815609617926E+01  0.169999202767817E+01  0.130612227804422E+01
% -0.123768323833534E+00  0.115588966999334E+01  0.208563305059608E+01
%  0.339545737687918E+00  0.978102305983319E+00 -0.150288325544940E+01
% -0.670250233022199E+00 -0.716821147991027E+00  0.130153245087948E+01
% -0.982935489687758E+00 -0.876983820697495E+00  0.115588798170177E+01
%  0.790244138616122E+00  0.781219804892552E+00  0.288612057998332E+00
% -0.188648702646051E-02 -0.491533409238958E+00  0.123188916028187E+00
%  0.320350613170129E+01  0.212511505714948E+01 -0.110591589871133E+01
%  0.290348396989903E+00  0.134728852817600E+00  0.141425611735630E+01
% -0.134088150601502E+01 -0.151877298609530E+01 -0.278184614036499E+01
% -0.205139180774805E+00  0.274393668253085E+00  0.224278736246488E+00
% -0.233460924141453E+01  0.129845931686919E+01 -0.115991567585372E+01
%  0.812350809741245E+00 -0.535419355541055E+00 -0.208497136926145E+00
%  0.367821325664078E+00 -0.910960965991357E+00  0.144953555185422E+01
%  0.937647808931066E+00  0.335502298743899E+00 -0.117907954504635E+01
%  0.427787533304185E+00 -0.207480354381604E+01  0.712610669299913E+00
% -0.137942888005862E+01  0.209165956253728E+00  0.962266218011347E+00
%  0.965372835260426E+00 -0.217168857342850E+00  0.285819338166825E+01
% -0.115714345260374E+01  0.448360936429089E+00 -0.303550707890135E+01
%  0.689295388279398E+00 -0.461518262697147E+00  0.123276306604156E+01
%  0.209762462167509E+01 -0.816609788222115E+00  0.772355084362294E+00
%  0.115824371155195E+01  0.185902519682003E+01 -0.283774881054542E+01
%  0.201154624549575E+01  0.124883885257064E+01 -0.957243312334010E-01
% -0.144604218119168E+00  0.165636039879142E+01 -0.188859427534848E+01
% -0.103647032466774E+01  0.230434646605576E+01  0.230948334087565E+00
%  0.149677284751549E+01  0.869892297155866E+00  0.250163833459203E+01
%  0.117892564826822E+01  0.947143748072548E+00  0.939665636206366E+00
%  0.225109983407105E+01  0.431121236205748E+00 -0.200057963616298E+01
%  0.541849945238296E+00 -0.199719677435460E+00 -0.375335514253403E+00
%  0.237385481772704E+01  0.662240619080889E+00  0.814104146247843E+00
% -0.140723828294666E+01 -0.583675529653833E+00  0.549657249186311E+00
%  0.245893174946856E+01 -0.385682615225927E+00  0.603044543456668E+00
% -0.550434923575051E+00  0.796380667527545E+00 -0.743207025566079E+00
%  0.744343285393745E+00  0.684790457865338E+00 -0.116439350120632E+01
%  0.941492619568596E+00  0.354117180461173E+00 -0.908981930290576E+00
%  0.242659747442696E+00 -0.229589049405589E+00  0.199275041726147E+01
% -0.715306013461764E+00  0.373111977859491E+00  0.135297591202802E+01
% -0.766788598331973E-01 -0.175252711706233E+01 -0.420110419969844E+00
%  0.529316483859810E+00 -0.983617446866254E-02 -0.745572243300630E-01
%  0.157155760225964E+01 -0.115043660167250E+00 -0.201639689790878E+01
% -0.221783861653589E+00 -0.471910823028601E+00 -0.611547929256822E+00
%  0.846776962464262E+00  0.968179356297643E+00  0.174502318239019E+01
% -0.174028687459559E+01 -0.574651792725470E+00 -0.740956582142800E-01
%  0.513105852649215E-01 -0.212069510312314E+01  0.207570488630323E+00
%  0.237211385531362E+01 -0.328516370043056E+01  0.547904166397934E+00
%  0.730545082102121E+00 -0.821634853643176E+00 -0.178400563023314E+01
% -0.182018574843725E+00 -0.114062820071809E+01  0.131674219741750E+01
%  0.199925145298892E+01 -0.489240207972207E+00  0.536492028739811E+00
% -0.328905618216595E+00  0.133252150049478E+01 -0.866890770817764E-01
%  0.435547758310217E+00 -0.428297679304605E+00  0.130590291371934E+01
% -0.124248720863962E+01  0.605203555060286E+00 -0.149969740453612E+01
% -0.189381720498979E+01 -0.228164634153733E+01 -0.846535465143168E-01
%  0.133710014188981E+01  0.126542096933845E+01 -0.564174944664188E+00
% -0.203660252051355E+01  0.207169222496421E+01 -0.289328684750264E+01
% -0.179728123808244E+01 -0.185370653953449E+01  0.867583178081027E+00
% -0.113502471946724E+01  0.593463107725759E+00 -0.272674094276345E+01
%  0.715767006384682E+00  0.209696372442731E+01 -0.429347299122754E-01
%  0.507664560405439E+00  0.123277451919689E+00  0.241356776130588E+01
%  0.104651091188465E+01 -0.589366945928944E+00  0.226040434442864E+00
% -0.595889189278622E+00 -0.479803689331498E+00  0.402646376332964E-03
%  0.144602721749649E+01  0.675795917346946E+00  0.137571699920377E+01
% -0.467781385285927E+00 -0.168798028834599E+01  0.227689754100450E+01
% -0.172639532149142E+01 -0.271844421150544E+01 -0.282154220710760E+01
% -0.135658401706006E+01  0.967421605623086E+00  0.122901752632420E+01
% -0.642276713327711E-01 -0.601697203741976E+00 -0.158079236316946E+01
% -0.221791954224835E+01  0.134691877632558E+01  0.122901287634526E+01
%  0.192928102968572E+00 -0.270216045989648E+00 -0.458710749660671E+00
%  0.241946217464975E+01 -0.597853923730727E+00  0.378980881463479E+01
% -0.617671242326367E+00 -0.781955505045860E+00 -0.387894870350681E+00
%  0.955939081010771E+00  0.253611558239600E+00 -0.102012769131765E+01
% -0.165605771355485E+01  0.160828544601868E+01 -0.280530429355236E+01
% -0.193534495848313E+00 -0.239329871972701E+00 -0.142528749236113E+00
% -0.121306434803434E+01 -0.751583118680749E+00  0.853473561725396E+00
% -0.122777663252597E+01 -0.147961012581083E+01  0.118565301819168E+01
% -0.754487125741377E+00 -0.147338408785627E+01  0.895020070645093E+00
% -0.142831333584202E+01  0.229448335622140E+01  0.527218401210321E+00
% -0.287377577668008E+00  0.141564877117696E+01 -0.460679870420642E+00
% -0.993942004481737E+00  0.247979793568731E+01 -0.998096513711900E+00
% -0.113721815614069E+01 -0.961533679560652E+00 -0.106117804195318E+01
% -0.302298866225695E+00 -0.799858302587127E+00  0.308472097496326E+01
% -0.311082815446084E+00  0.516526506214256E-01  0.231663851761153E+01
%  0.513357609723700E+00  0.117431156555198E+01  0.473622524812956E-01
% -0.801173354039867E-01  0.393824243037043E+00  0.345037372979132E+00
%  0.110998551448091E+01 -0.390286437205377E+00  0.171668669705742E+01
%  0.303989454714270E+01 -0.967784465908649E+00 -0.127855968684712E+01
% -0.169658887372400E+00 -0.176513573823343E-01  0.293065491219984E+00
% -0.113947724881738E-01  0.127269860489563E+01 -0.111472688786701E+01
% -0.149377176989423E+00  0.169549545289059E+01 -0.184853390077149E+00
% -0.311157366450310E+00 -0.123703932388417E+01 -0.176614779302942E+01
% -0.122217165529759E+01  0.467539842589624E+00  0.359850565018210E+00
% -0.566710513018236E+00  0.497558389396189E+00  0.194567475363026E+01
%  0.103230759786108E+01  0.317285177725811E+01 -0.114345908994822E+01
%  0.132214505113711E+01  0.340543043517313E+00  0.134162717934309E+01
% -0.107329575538664E+00  0.116245427155026E+01  0.102248230652364E+01
% -0.115748719141438E+01  0.544327501805739E+00 -0.824751645276355E+00
%  0.101466696483838E+01  0.342957116035362E+01  0.312724726612481E+00
%  0.487368283780830E+00  0.158034401870619E+01 -0.270022965135963E+00
%  0.673504227131116E+00  0.992332083430019E+00 -0.892818572799934E-01
% -0.573915551606694E+00  0.325737482772995E+00 -0.727200149650143E+00
% -0.137921813846200E+01  0.154263294846738E+01  0.370721158168357E+00
% -0.148251541034740E+01  0.167179914491792E+01  0.784102802560876E+00
% -0.732319360387995E+01 -0.635077813855663E+01  0.967196479159793E+01
%  0.101197100565216E+02  0.146382069651030E+02 -0.573196726925915E+01
%  0.247533618088473E+02 -0.424048283352570E+02 -0.109158079259931E+02
%  0.992763056826971E+01  0.250790392248007E+00  0.179863095635748E+02
%  0.744759674044842E+00  0.278516634612065E+02 -0.129297079779606E+02
% -0.323159282531956E+01 -0.541773367226230E+01 -0.935107914017585E+01
% -0.179200571047868E+02  0.198718455948402E+02 -0.140808419528769E+02
% -0.957195642314959E+01  0.728035796670528E+01  0.919354993879240E+01
%  0.194588020728077E+02  0.456499573315251E+01  0.264814843477580E+02
%  0.272849985034606E+02 -0.122350316077018E+02 -0.514870371206523E+02
% -0.640997840772633E+01 -0.583838958268902E+01  0.396997587944908E+01
% -0.827055663585368E+01 -0.254636724399193E+02 -0.474848593734793E+01
%  0.705599944541929E+01  0.274090085361049E+01  0.937251545654519E+01
%  0.494381059444977E+01 -0.143484501303190E+01  0.259502655739505E+01
%  0.401932158408173E+02 -0.600336296702466E+01  0.128353787690681E+01
%  0.121882147588972E+02  0.473914103543830E+01  0.513371384942822E+00
% -0.214833295302404E+02 -0.109098654384494E+02  0.255926778860565E+01
% -0.333231478425501E+02 -0.276495527838153E+02  0.286185291448482E+02
%  0.202207053836197E+02  0.516987775542818E+02 -0.221747786612744E+02
%  0.423118472545427E-01  0.710940498264669E+01 -0.867245836609760E+01
%  0.186902544972723E+02  0.140079859669953E+02 -0.252000596739720E+02
% -0.269551095479121E+01  0.830037776093233E+01 -0.680697946027499E+01
% -0.201243111817204E+02  0.174852679402350E+02 -0.815652546126867E+01
%  0.205905097712506E+02 -0.780652235967564E+01  0.306503324799700E+02
%  0.120564320018169E+02 -0.289110480536900E+01  0.115063471383807E+02
% -0.299359771986128E+01 -0.213871539120812E+01  0.142983075139343E+01
% -0.206124307269444E+01 -0.234968792227727E+02  0.181244604682563E+01
% -0.289730358697579E+02 -0.203741575276736E+02 -0.305810955443584E+02
%  0.490377008332398E+01  0.147670972918569E+02 -0.759446546912836E+01
%  0.460380612434701E+01  0.242660059565930E+01  0.400638289725034E+01
% -0.175498524126073E+02  0.365949329120500E+02 -0.574190563150462E+01
%  0.183656469248143E+02 -0.643671441299646E+01  0.236309550693378E+02
%  0.809044802646182E+00  0.234645619764920E+02  0.187672071427875E+01
% -0.350458143353531E+02 -0.849651690378417E+02  0.198336988289867E+02
% -0.801209231508946E+01  0.135026271601657E+02 -0.123736598520567E+02
%  0.164767641396865E+02  0.181541819787910E+02 -0.123085711088187E+02
% -0.246277130563803E+02 -0.144898733886733E+02 -0.114180129579024E+02
%  0.444243125331613E+01  0.237463171303075E+01  0.444889253497471E+01
%  0.163571837808930E+02 -0.236567144914985E+01  0.836919417968922E+01
% -0.175872520185535E+02 -0.100092910472814E+01  0.113326409377227E+02
%  0.108781912581931E+02  0.760657335117008E+01  0.143172189098115E+02
%  0.117977409241119E+01  0.569558177058046E+00  0.242708306854935E+01
% -0.239985492394777E+01 -0.347094324209831E+01  0.449931699540934E+01
% -0.569004824263698E+01 -0.274711585477223E+01  0.873517007674192E+01
% -0.148727879235503E+00  0.111743645369118E+02  0.750250152093114E+01
%  0.770668549619958E+01 -0.115076207311239E+02  0.494531995313177E+01
%  0.153253357148295E+02  0.426026974943377E+01 -0.195799067980467E+02
%  0.127317023820253E+01  0.226664275063084E+00  0.481620448506917E+00
%  0.342030634632051E+02  0.232813078710840E+02 -0.730758876879142E+00
% -0.932800003551278E+01 -0.981850816632798E+01 -0.164978816259863E+02
% -0.204661834041184E+01  0.127340916358796E+01  0.133120941069967E+00
%  0.695857241906358E+01 -0.326487886896392E-01 -0.226301584373686E+01
%  0.422129922913470E+01  0.499180861379939E+01 -0.135035088677650E+01
% -0.514213928394611E+01 -0.119168868090594E+02 -0.771403239162227E+01
% -0.202076524866780E+02  0.688664891937864E+01 -0.392345580433791E+02
%  0.878248698409459E+01  0.280528056549450E+01 -0.123592070333715E+02
% -0.195567154057663E+02  0.403225563652444E+01 -0.283484889771995E+02
% -0.431492758926788E+01 -0.247137090959047E+01  0.163568163458158E+02
%  0.849056558768150E+01  0.259984466669696E+01 -0.243160444384077E+02
% -0.956825180925437E+01 -0.445551887891718E+01 -0.123081388040435E+02
% -0.213313565032926E+02 -0.254463158271678E+02 -0.105913023210612E+02
% -0.210643698936738E+01 -0.850305653944192E+01 -0.649078094459881E+01
%  0.117063110521266E+02  0.493062071653574E+02 -0.353785253067702E+02
%  0.462655053222225E+01 -0.215481081413097E+02  0.108944110592115E+02
% -0.190016789574807E+02  0.289811671176173E+00  0.166552213993730E+02
% -0.373614128903325E+01  0.613157398847718E+01  0.138337971171155E+02
% -0.657332173572904E+02  0.102615486612148E+03  0.828364051929567E+02
%  0.155437310962104E+01 -0.266047046304690E+02  0.117608842830524E+02
%  0.263360832873432E+01 -0.270666421203259E+01  0.562119210836109E+00
% -0.142073827764487E+02 -0.608437419870991E+01 -0.883718594631048E+01
%  0.172275914465380E+01 -0.543276547518351E+01 -0.110689931222978E+02
%  0.130977849578887E+02 -0.191107077931307E+02 -0.312234961027916E+02
%  0.459917325270046E+01  0.320333245040311E+02  0.236396909780935E+02
% -0.603894446882788E+02  0.336971598373514E+02  0.110244711993035E+02
% -0.437112640544569E+02  0.247129220899961E+02  0.101817944282238E+02
%  0.478386874086868E+01  0.947735228262314E+01  0.932938434054402E+01
%  0.897099322514404E+01 -0.718607750212804E+01 -0.225970748648773E+02
% -0.773989801615235E+01 -0.623659970839945E+01  0.499098026179981E+01
% -0.353471287970128E+02  0.186337959075833E+02 -0.868697849647344E+01
% -0.251825609803610E+02 -0.459983414290844E+01  0.457167245945507E+01
% -0.479163445768379E+02 -0.234281660702907E+02  0.322469381030646E+02
% -0.235167501292057E+01  0.836797972551139E+01  0.376891540741371E+01
% -0.172583083131118E+01 -0.592304602273254E+01 -0.102707597426832E+02
% -0.879459927634544E+00  0.867933514810340E+01  0.176215032177095E+02
% -0.259135709435323E+02  0.413918683748485E+02  0.607200988131022E+02
% -0.379700011032968E+01  0.236555744228300E+02 -0.497061640173436E+01
% -0.133653513824066E+02 -0.786535901731994E+01 -0.203466308090857E+02
%  0.749644573286698E+02 -0.673499088067046E+02  0.410193326587175E+02
%  0.579717524372346E+01  0.312690316275619E+01  0.102819845108276E+02
%  0.668973581659882E+01 -0.641260370294567E+01  0.876065994708635E+01
%  0.172784609494850E+02 -0.243351136222094E+02  0.237602225098877E+02
% -0.270933663182815E+02 -0.504468993506571E+02 -0.356435623455042E-01
%  0.133807855247205E+02 -0.118894072515905E+02  0.638905126102364E+01
%  0.104626186482754E+02  0.391750476025076E+01  0.171887886257369E+01
%  0.182343438309279E+02  0.151468170288802E+02  0.252220642606323E+01
% -0.132663311009163E+02  0.178790396545098E+02  0.647607216584140E+02
%  0.126599843755250E+02  0.261062892186878E+01 -0.506821201682158E+01
%  0.482053104538665E+02  0.355185127539788E+02  0.660212533794134E+01
%  0.380370227133670E+02  0.262437185951343E+02  0.335668188854388E+02
% -0.353345390072052E+02  0.109464675684896E+02  0.101843829364215E+02
% -0.889504934233041E+01  0.312595734407776E+01  0.113365292228440E+02
%  0.170226888773511E+02  0.209616982277272E+02  0.157985819863589E+02
% -0.233216957149352E+02 -0.198067289109626E+02  0.838465645728722E+01
%  0.134927029434965E+02  0.542686520959369E+02 -0.141860200396484E+02
%  0.928158161261797E+01  0.313491821429093E+01 -0.472290085004617E+02
%  0.534076972615802E+01 -0.177898800772261E+01 -0.955038015616881E+01
% -0.314642291412358E+02 -0.139447883757422E+02 -0.222783901200412E+02
%  0.178724631908018E+00 -0.502730594913959E+00  0.241533450918702E+01
%  0.726548687905277E+01 -0.475506510550385E+01 -0.253569865421348E+02
% -0.345357650891045E+01 -0.254504679451723E+01  0.516434320102905E+01
% -0.114712638146247E+02  0.197825125825594E+02 -0.199515493004739E+02
% -0.286741661015547E+02  0.368311292724069E+01 -0.392344580401275E+02
% -0.141462862451931E+02  0.108784159882914E+02 -0.336416692833855E+02
%  0.246844228301009E+00  0.260894268195526E+02 -0.293504328998787E+02
% -0.778773811882704E+01 -0.952105728737381E+01 -0.214351093376338E+02
%  0.309672446972544E+02 -0.343594591158356E+02  0.790159005487959E+01
% -0.207782996481539E-02 -0.296387009644558E+01 -0.103008937678416E+01
% -0.173729689205055E+02 -0.525255407586434E+01  0.302527540682594E+02
%  0.391968721411720E+02  0.116555034007724E+01 -0.930230617726656E+01
%  0.724484385901238E+00  0.183398697858914E+02 -0.510692001391668E+00
% -0.359837717700186E+02 -0.418922573717851E+02  0.428811500505961E+01
% -0.133243051168674E+02 -0.606691001421865E+01  0.303485915895054E+00
% -0.296741927301548E+02  0.260246018785106E+02 -0.951048879688925E+01
%  0.224182026528207E+02 -0.437123943492656E+00  0.227352878276755E+02
% -0.764873088925791E+01  0.100428717588521E+02 -0.525102721212869E+01
%  0.353097380256054E+02  0.127000096193968E+02 -0.366248235118829E+01
% -0.463289652362384E+01  0.333551207653680E+01 -0.259165827786230E+02
% -0.161240080462103E+01 -0.614426922714540E+01  0.546136418082793E+00
%  0.923748654513741E+01  0.897181726578958E+01 -0.461865825711875E+01
%  0.203343250284070E+02 -0.111055755385430E+02 -0.282248172440614E+02
%  0.165141731474686E+01  0.581590716738258E+01  0.105806597453510E+02
% -0.247815866766620E+01 -0.474454174142606E+00  0.210691029101198E+01
%  0.176031213050133E+02 -0.189545245029121E+02  0.525856328736399E+01
%  0.106965528411611E+01  0.471691637737814E+01  0.183161333773714E+01
% -0.941123099858790E+02  0.509107443389922E+02  0.717606401092775E+01
%  0.102741121636577E+02 -0.123634597823301E+02  0.191021151587062E+02
% -0.894343893827987E+00  0.168009812098195E+02  0.172312575039443E+02
% -0.237015738382967E+02 -0.185457870735761E+02 -0.401880703920644E+01
%  0.273445366802918E+02 -0.989079809030973E+01 -0.288362636766715E+01
%  0.324598818297704E+02  0.814096847035441E+01  0.102512913216300E+02
% -0.750422396956680E+01 -0.170538598250629E+02  0.116439124836339E+02
%  0.308026477214760E+02  0.633533866784852E+02  0.726065099793549E+02
%  0.192731960389296E+02 -0.336882053322319E+02 -0.232551275648415E+01
% -0.790254405744560E+01 -0.654914732943358E+01 -0.414001169393806E+00
% -0.202613938194677E+02 -0.411159924251045E+02  0.149974304415971E+02
%  0.660901635088650E+01  0.665323350445481E+01 -0.818808110385809E+01
% -0.713003282948196E+01  0.248060421486459E+02  0.726376547314947E+01
%  0.154056230172080E+02 -0.100449931340202E+02 -0.726651218303136E+01
%  0.171010628649108E+02 -0.626274897474376E+01  0.316423067014920E+02
%  0.541363365920791E+02 -0.888158353269694E+01 -0.163574692076323E+02
%  0.274260918155840E+02  0.180678016004878E+02 -0.219130331963571E+01
% -0.122368914081232E+02 -0.100274667951094E+03  0.227192993125827E+02
% -0.151157555475537E+02 -0.820539670283431E+01  0.197950840500972E+02
%  0.209586217243908E+02 -0.253770554279867E+02  0.112985492033113E+02
% -0.591496617821349E+01 -0.920714227429840E+01  0.443523247721609E+02
% -0.717506944831786E+01  0.499476458438972E+01  0.277467398906073E+02
% -0.496289903857363E+01 -0.182863566641398E+01  0.546744715929514E+01
% -0.143734150382298E+01  0.224172208733707E+01 -0.538840706185433E+00
%  0.191089017901190E+02 -0.550228817113681E+01  0.187465691842911E+00
%  0.834688141047765E+00 -0.680695380338233E+01  0.319061930274341E+02
% -0.194961528928679E+02 -0.391174275069673E+02  0.334263590997705E+02
% -0.479142508737049E+01 -0.267086864322241E+00 -0.218746017731695E+02
%  0.255659519538666E+02 -0.211269744249697E+02 -0.849227095145916E+02
% -0.539555384826202E+01  0.497947890136490E+01  0.569294256231972E+01
%  0.323112727208882E+01 -0.282040659023125E+02  0.107684888299203E+02
%  0.128168931389827E+02  0.234203642321682E+02 -0.298526983710182E+02
%  0.645399330217338E+01 -0.645181943984319E+01 -0.817798352152421E+00
% -0.900645307812595E+01 -0.477319679818638E+02  0.173698334805066E+01
%  0.351975883757593E+02 -0.272637463236434E+02 -0.284901338549434E+01
% -0.454548679844826E+01 -0.631573264068322E+00 -0.302324667695974E+01
% -0.162899140535484E+02 -0.222673165734811E+02  0.407837015332889E+02
%  0.183736300931018E+01 -0.158581247178180E-01  0.510745162961089E+01
%  0.237626784690309E+02 -0.607965644222474E+01  0.164420656769880E+02
% -0.314529081682794E+02  0.900429404651041E+01  0.289237097842072E+02
%  0.109549287290094E+02 -0.764555303741196E+01  0.555316532886498E+01
%  0.164758333314525E+02 -0.411402086603958E+01  0.367231566623552E+02
% -0.616814599561181E-01  0.347330861963005E+01 -0.557816493294434E+01
% -0.148220800584189E+01  0.351600481867387E+01  0.186926544254291E+01
% -0.290929255323513E+02  0.674226778320952E+01 -0.231062395451318E+02
% -0.222968220717105E+01  0.194125459821471E+01  0.249172067600956E-01
% -0.111769478895148E+02 -0.191799462804975E+02 -0.102331766099373E+01
% -0.806988778807427E+01 -0.113427934691887E+02  0.157846331739183E+02
% -0.248842737562608E+02  0.120214720087057E+02 -0.227910239740127E+02
%  0.120468629879624E+02  0.124363622133428E+02 -0.474480498298052E+01
%  0.100178164856093E+02 -0.164885677193297E+02  0.932767662549386E+01
% -0.131577561155284E+02 -0.154847765644084E+02 -0.361890707489060E+02
% -0.358362929447941E+01 -0.366408700537089E+01  0.210321796213807E+01
%  0.115724573721759E+02  0.820283985219311E+01  0.238864127569710E+02
% -0.206085902583165E+01  0.168767336998617E+01 -0.287849168769311E+01
%  0.524462410506360E+01 -0.736326407192687E+01 -0.549363613693709E+01
%  0.384061701117854E+02  0.751187702626627E+02 -0.182416148294005E+02
% -0.443096363269852E+02 -0.139804694000027E+02  0.980047900619026E+01
% -0.367327653397770E+01  0.268633828266349E+01  0.371508983623277E+01
% -0.379432399972049E+02  0.185643931374109E+01  0.529044724693392E+02
% -0.169625372684043E+02  0.421819350399556E+01 -0.952941305909449E+01
%  0.278292724407087E+00 -0.110276469033074E+01  0.240819143415345E+01
%  0.135808097489223E+02  0.416912625007974E+01 -0.245322363620168E+02
%  0.207165102010106E+02  0.667666408758945E+01 -0.332983521842927E+01
% -0.138550791724485E+02  0.931578673381146E+01 -0.173470640808567E+02
%  0.898594203896676E+00  0.770760086345541E+01  0.270723546203306E+01
%  0.183268932820359E+00 -0.181971618262619E+01 -0.150407919003629E+01
% -0.196957265191355E+02  0.126796319141781E+02 -0.222398707529547E+02
%  0.230233061741498E+02  0.374303615848037E+02  0.106043420087642E+02
%  0.110552247899557E+02  0.740842554657101E+01  0.394402003334574E+01
% -0.124507825544648E+01 -0.178723698312263E+01  0.364797903954512E+00
% -0.198195119341805E+02 -0.195214585894469E+02  0.250596915934945E+02
%  0.366652562967349E+02  0.349864868286572E+02  0.162884713995607E+02
%  0.335507438213914E+00  0.359652600757326E+01  0.598276043842840E+01
% -0.143602018747956E+02  0.201387133165296E+02  0.945146920939125E+00
% -0.704264090782737E+01  0.234211613780264E+01  0.166160225788047E+01
%  0.164280900949092E+02  0.446008289398821E+01 -0.237839127358805E+00
% -0.401882937469445E+01 -0.123864041447699E+02  0.183299927817035E+02
% -0.367004812032662E+02  0.394421711091594E+02 -0.671270383758552E+01
%  0.107191393532006E+02 -0.991589260959389E+01 -0.707723245670363E+02
%  0.181718547146445E+02  0.114885266260319E+03 -0.935147449724504E+01
%  0.730533494069476E+00  0.554837751464830E+01  0.261210437420178E+02
%  0.342758933502367E+02 -0.399448058719042E+02 -0.108087584599847E+02
%  0.345879175386816E+02 -0.113257360755265E+01  0.154237837678591E+01
% -0.133738024074652E+01 -0.117465139919508E+01 -0.352485799557142E+02
%  0.101480177267103E+02 -0.101472519845596E+01 -0.912951045414763E+01
%  0.151185084048351E+01  0.136111009647152E+01 -0.163904601999249E+01
%  0.559891822376465E+01 -0.151060021616655E+02  0.133344415369531E+02
%  0.490455205504746E+01  0.121971305698522E+02 -0.118192343240710E+02
%  0.106779950110009E+02 -0.295708425745402E+01 -0.270937224138614E+02
% -0.184150687363849E+01  0.123418288791599E+02  0.204016487851185E+02
% -0.239050669111594E+02 -0.997393738585973E+01 -0.474019602400345E+01
%  0.483166574340554E+01  0.148870422324602E+01  0.154089254866584E+02
%  0.945330282828017E+01  0.987687960713735E+01  0.103397112603058E+02
%  0.514606141570171E+01  0.120645054646728E+02 -0.771587087610988E+01
%  0.270137266894304E+00  0.849150928588955E+01 -0.100310310883815E+02
% -0.323272401782770E+02 -0.416981988893001E+01 -0.198561697370458E+00
% -0.507192173136969E+01 -0.203520318360282E+01 -0.302899107605835E+02
% -0.605543520299997E+01  0.750793764338127E+01 -0.491955532124489E+02
% -0.113756413246280E+02  0.634557491506717E+01  0.158814608889001E+02
%  0.522849093936262E+02  0.189697978273668E+02 -0.254595608649169E+00
%  0.192221808581905E+01 -0.149115090546774E+01  0.779984451909740E+01
% -0.127264844490169E+02  0.268441517995331E+02 -0.921330447883043E+00
%  0.505747504197921E+00 -0.189286644395208E+01  0.171092784512010E+02
%  0.456896869900322E+02 -0.130928409176803E+03 -0.627096232934106E+02
%  0.225840155756759E+02 -0.571130181844470E+02 -0.627519305371291E+02
%  0.162448331417153E+02  0.759972634118294E+01 -0.483506679055706E+02
% -0.266260373452935E+00  0.175732870354220E+01  0.428637917680826E+00
%  0.664969739884032E+00 -0.215739415954591E+02  0.120969225298030E+02
%  0.461922064860903E+01  0.463680170379456E+01  0.101826092769184E+01
%  0.111906831468909E+01 -0.419239656880352E+02 -0.226134509181620E+02
% -0.223595794502057E+01  0.431665863448386E+02  0.609655705065658E+02
%  0.916086826534310E+01 -0.143465903794265E+02 -0.852338577479585E+01
% -0.248096839189334E+01 -0.215447248301230E+02 -0.567571810357185E+01
% -0.802612495272557E+01  0.100074229111940E+02  0.687304585535205E+00
% -0.270038401338916E+02 -0.277994516772442E+02  0.390370321894867E+02
% -0.297132393421900E+02 -0.240115778239314E+02 -0.118581958150868E+02
% -0.175939851118359E+02  0.456322248668363E+01  0.137527343191620E+02
%  0.269614908267070E+02 -0.359575730529112E+02 -0.672628634336918E+02
%  0.102300077135446E+02  0.395230625382642E+02 -0.357755443967234E+02
% -0.357367494112606E+02 -0.141246926086826E+01  0.552507994607322E+01
%  0.463787796419290E+01  0.160098323167381E+02 -0.484096975982385E+01
