% T    256  0.715122828077254E+01  0.715122828077254E+01  0.715122828077254E+01
   0.179698989186867E+01  0.350168242458615E+01 -0.258860222592820E+01
   0.593855448293353E+00  0.280082645593435E+01  0.139084564562976E+01
  -0.250344769300141E+01 -0.428895535749096E+00  0.149802694213507E+01
  -0.134365375383961E+01  0.254718172027524E+01  0.257155593563266E+01
   0.389016689668572E+00  0.297307864434587E+01  0.256032578182081E+01
   0.137048502174950E+01  0.167384439719030E+01  0.115343814549412E+01
  -0.266325244870659E+01 -0.116132571592511E+01 -0.189915743977087E+01
  -0.742320548295901E+00  0.206794030823631E+01 -0.311001807883443E+01
   0.143320147722670E+01 -0.139232093799079E+01  0.175295098788599E+01
  -0.239764059208504E+01 -0.148226356158183E+01  0.128358989850321E+01
  -0.993376173396932E+00 -0.181352264635267E+01  0.194761793585897E+01
  -0.184750678293438E+01 -0.350217317996386E+01  0.268114307004416E+01
  -0.348305106653205E+01 -0.937697926622586E+00 -0.108044777669946E+01
   0.141295346238523E+01  0.623535180414542E+00 -0.347628701222729E+01
  -0.301998164302640E+01 -0.188037196264902E+01 -0.106735440701667E+00
   0.215629702923233E+01  0.124024645354419E+01  0.283013564402064E+01
   0.144318596238720E+01  0.270175359010026E+01  0.344496566032702E+01
   0.942624890115833E+00 -0.217758773887601E+01 -0.218521008350346E+01
  -0.125720220024233E+00 -0.679050523012553E+00  0.126858298568910E+00
  -0.147155527251657E+00  0.172254081405574E+01 -0.215568573950549E+01
  -0.277085087132407E+01  0.198248050008550E+01 -0.127563428060914E+01
   0.269601764358005E+01 -0.301883711796044E+01 -0.287129099825387E+01
   0.314474140333934E+01 -0.331617918084812E+01 -0.116876109412235E+01
  -0.166979291353697E+01  0.339948972761847E+01 -0.346251935385953E+01
  -0.214614459993369E+01 -0.298219051187441E+01 -0.117948551061044E+01
   0.108750894422848E+01  0.177838023798845E+01 -0.343463504796477E+01
  -0.772492102025155E+00  0.231666426779443E+01  0.985454922786814E+00
  -0.498677590900850E-01 -0.938997793285161E+00  0.111625136812232E+01
  -0.107459882871384E+01 -0.264568047413494E+01 -0.387811332688137E-01
  -0.265947475164203E+01 -0.168005651660209E+00 -0.106784859117268E+01
   0.229449679269581E+01  0.819471946077725E-01 -0.183730520349882E+00
   0.309932156355151E+01 -0.203246915433094E+01 -0.541002115670252E+00
   0.158171437765976E+00 -0.180390389422838E+01 -0.324801750134308E+01
   0.624620608954779E+00 -0.136762113447713E+01 -0.127946171952505E+01
  -0.269219474385317E+01  0.487023587645882E+00  0.376712452482607E+00
  -0.161432902577710E+01  0.233302945919172E+01  0.349432476079100E+01
  -0.589760069874587E+00 -0.178188712780886E+01  0.873435969560136E+00
   0.186067349790287E+01  0.592592377128285E+00  0.780176962832770E+00
  -0.331397582189332E+01 -0.290289448505131E+01 -0.265293093173619E+01
   0.118034296570909E+01  0.175325940391556E+01 -0.978483703067982E+00
   0.190786347422193E+01 -0.315787980051238E+01 -0.136234325814924E+01
   0.224222056454209E+01  0.256832773194962E+01 -0.266937542151369E+01
   0.181902016993071E+00 -0.435589797080839E+00 -0.885638621355322E+00
  -0.292630650024206E+01  0.161265998785948E+01  0.314946829476506E+00
   0.401925608444551E+00  0.741635045320104E+00 -0.346553913871492E+00
   0.149294735683003E+01 -0.232363912642908E+01  0.274710502928871E+01
   0.723864173256594E+00  0.278556567391637E+01 -0.250171220022785E+01
   0.202508633217905E+01 -0.874262806519147E+00 -0.230607819008404E+01
   0.194979901178705E+01  0.996293961068673E+00 -0.171521202318073E+01
   0.309036260527080E+01  0.124930320973983E+01  0.234676518746913E+01
  -0.151701858323645E+01 -0.265819949170974E+01  0.103497387474846E+01
  -0.205020820637648E+01  0.326290842178970E+01  0.149087121392862E+01
   0.740653144581654E-01 -0.177157606721263E+01 -0.210095140540164E+01
  -0.282834202325778E+01  0.354253222101607E+01 -0.195606745665188E+01
   0.356434124782847E+01 -0.271848819209714E+01  0.198557582779305E+01
  -0.252332388808939E+01  0.120157900230392E+01 -0.666673213230618E+00
  -0.825163782339472E+00 -0.308756083658666E+01 -0.320000155153980E+01
  -0.331162637157204E+01  0.630877997480583E+00 -0.265606427068072E+01
   0.940260082758792E+00 -0.884204036630594E+00 -0.240861957086669E+01
   0.281357365719238E+01  0.320030541118491E+01  0.113464439440762E+01
   0.343940168105354E+01 -0.150263217797893E+01  0.291803525274139E+01
  -0.351937872117268E-01 -0.188477535323183E+01 -0.648552618531519E+00
   0.342278117783516E+01  0.155640645033306E+01 -0.155333575777136E+01
   0.172142033545636E+01  0.261372651532394E+01 -0.133453391853397E+00
  -0.180815659486198E+01 -0.622382709986558E+00 -0.500825960124597E-01
  -0.306708176176623E+01  0.356097644390305E+00  0.217558642788058E+01
  -0.225741954267388E+01 -0.265415186291387E+01  0.209812141362382E+01
  -0.174041043385124E+01 -0.106445582910049E+01 -0.919629235035808E+00
  -0.347407244285560E+01  0.338611991702790E+01 -0.190974072917785E-01
  -0.997763304821926E+00 -0.309238225274736E+01 -0.973283860163132E+00
  -0.246532393513959E+01 -0.189723322587098E+01 -0.293733217984165E+01
   0.264071813732701E+00  0.190928930896118E+01  0.163667047805796E+01
   0.223871463619440E+01  0.852021101014395E+00  0.172347605392551E+01
   0.923990348409652E+00 -0.282795373358383E+01 -0.977611741350478E+00
   0.279053321410157E+01 -0.487430608165015E-01 -0.213190646447614E+01
  -0.103378232759359E+01 -0.156418953522545E+00  0.252594583735058E+00
   0.297790927364681E+01 -0.357480621659970E+01  0.216571313201290E+01
  -0.307344061665209E-01 -0.274100044503671E+01 -0.268657604703275E+01
   0.975471348577910E+00  0.733996403490681E-01  0.286005183909688E+01
  -0.149641796991266E+01 -0.252047464684126E+01 -0.250303187146454E+01
  -0.151121107652246E+01 -0.262574469020992E+00 -0.287435006482503E+01
   0.267369937230382E+00 -0.188457755014693E+00 -0.182647837742339E+01
  -0.799545701124761E+00  0.115886320650242E+01 -0.222461198474688E+00
   0.543252149228496E+00 -0.920385924445321E-01 -0.291289474002325E+01
   0.329229060686354E-01  0.622445992306082E+00  0.295848333463839E+01
  -0.366725805439920E+00 -0.343986437132068E+01  0.721631997823981E+00
  -0.310863284890711E+01  0.220421090089463E+01  0.156938030157895E+01
  -0.207603454013308E+01  0.140308589998607E+00  0.342010439209066E+01
   0.309459271260418E+01 -0.157633322132970E+00  0.691588716866207E+00
   0.282831189880334E+01  0.212402291951217E+01  0.186268521159995E+01
  -0.253965328941610E+01 -0.876266301357402E+00  0.419387573223737E+00
   0.184319122894404E+01  0.294096257908123E+01  0.132526377101036E+01
   0.184097356786258E+01  0.141677132390121E+00  0.237445617928358E+01
   0.347186535320729E+01  0.144570452753461E+00 -0.813707105337984E+00
   0.201896183378510E+01 -0.333847163216930E+01  0.222771071968716E+01
   0.103405602276845E+01  0.208239762303468E-02 -0.107200153137032E+01
  -0.327451925063143E+01  0.338456818713708E+01  0.116095549727930E+01
   0.177793103801252E+01  0.147172356103443E+01 -0.274363294636720E+01
  -0.322742885437701E+01 -0.222380862684093E+01 -0.140204161869973E+01
   0.331559638316041E+00 -0.593012128186842E+00  0.233918717401521E+01
  -0.309125026702273E+01  0.188238279343421E+01  0.248893863441113E+01
   0.256259587040653E+01  0.349952761223120E+01 -0.678900169597118E-01
   0.250868389731146E+01 -0.113519755528537E+01  0.218245555702612E+01
   0.286197484998050E+01  0.181154645852052E+01 -0.715436752783738E-01
  -0.112759377365433E+01  0.107282424695422E+01 -0.162530884452669E+01
  -0.309211780191851E+01  0.176372705676348E+01 -0.232889874628085E+01
  -0.100589492892870E+01  0.207697896099893E+01 -0.119466549250218E+01
  -0.202134857743496E+00 -0.296454976023001E+01  0.209603233358585E+01
  -0.106914064123026E+01 -0.105624092614695E+01 -0.326616725206510E+01
  -0.167951136383490E+01 -0.227066458166382E+01 -0.345607896916516E+01
   0.236093659083973E+01 -0.284825314842523E+01  0.595445329380955E+00
  -0.478736866019174E+00  0.306576361237894E+01 -0.300607954027196E+01
   0.121591746706779E+01 -0.110950160680403E+01  0.267975845661581E+01
  -0.208552719005455E+01 -0.205253480948000E+01 -0.173075192686542E+01
  -0.208236029932816E+01 -0.188764205248985E+01  0.273731429959602E+01
  -0.229110427109484E+01 -0.301141772661981E+01 -0.308488526087230E+01
   0.164395319399493E+01 -0.738100675354225E+00  0.348063433039069E+01
   0.164109630078585E+01 -0.244186895972564E-01 -0.202953424682750E+01
   0.174246102746486E+01 -0.134879232124126E+01 -0.148034717359407E+01
  -0.860335367551834E+00  0.246817322344010E+01 -0.208807215857952E+01
   0.222792335346728E+01  0.347370180969302E+00 -0.284454021105909E+01
  -0.169757565202188E+01 -0.101385637364385E+01 -0.231918290671777E+01
  -0.985709304269484E+00  0.346780971439928E+01  0.156026622823612E+01
   0.232060595199078E+01 -0.593349322672280E-01  0.316235542358300E+01
   0.758831909178151E+00 -0.121107287199168E+01 -0.116533771345482E+00
   0.102775592733549E+01  0.136870604769401E+01  0.242838510819521E+01
  -0.859423698281636E+00 -0.161928644961955E+01 -0.246919321489891E+01
  -0.286440225918215E+01 -0.175214882501163E+01  0.215603732160278E+01
  -0.179423072456261E+01 -0.190962260888640E+00 -0.162358435518212E+01
  -0.349169949022184E+01 -0.163454034290784E+00 -0.354638047035199E+01
  -0.259371223919967E+01 -0.287190281817888E+00 -0.291910343146803E+01
   0.246697322894428E+01 -0.164772370437919E+01 -0.284742819366073E+01
  -0.655043175629144E+00 -0.231005216185473E+01  0.315021449506773E+01
   0.210277520895990E+01 -0.556140538236017E+00  0.128555995132057E+01
  -0.698350306532093E+00 -0.238951182233042E+01 -0.177592345044824E+01
  -0.272243791511639E+01 -0.124963865837880E+01  0.318419769362710E+01
  -0.296003116887081E+01 -0.329637807845045E+01  0.245981369753919E+01
  -0.115060842192852E+01  0.933748625645583E+00 -0.325231249759641E+01
  -0.341000701804480E+01 -0.491980543630215E+00 -0.217277392733498E+01
   0.102312465545507E+01  0.317856984531406E+01 -0.126231858098514E+01
   0.680128732497602E+00  0.997237171678890E+00 -0.138817449983218E+01
  -0.765180308284774E-01 -0.281988989198794E+01 -0.125075318039791E+01
   0.410108284190114E+00  0.271252820457247E+01 -0.340301280574386E+01
  -0.635563135920664E+00 -0.577320266290366E-01  0.234964530895887E+01
   0.311409418066810E+01  0.201942146657909E+01 -0.279480286205890E+01
   0.158776199252375E+00  0.152565544239853E+01  0.321202306480413E+00
  -0.612096721597155E+00 -0.741579724537719E+00 -0.155077752921461E+01
   0.283621580350562E+01 -0.106366663804538E+01 -0.367753249529850E+00
  -0.342059637048550E+01 -0.481034516317704E+00  0.408208628914011E-01
  -0.625625728587933E+00  0.517012262992889E-01 -0.351096228133256E+01
  -0.178677434499799E+01  0.298583212417297E+00  0.229308723436721E+01
   0.243018574359914E+01  0.197553091778008E+01 -0.175556540365428E+01
   0.211047309787620E+01 -0.309622016971707E+01  0.313649019124754E+01
  -0.350457520248763E+01 -0.176794300508847E+01 -0.306772285855940E+01
  -0.277982772419107E+01  0.207938246054894E+01 -0.337348370566985E+01
   0.279030099315604E+01  0.106024742263457E+01 -0.252733102789503E+01
   0.325316371463794E+01 -0.329085002128752E+01  0.301988697108381E+01
  -0.259739579000894E+01  0.513862236594239E+00 -0.177357893543144E+01
  -0.185555057389174E-01  0.279450305733736E+01 -0.164141623602336E+01
  -0.103127532116038E+01 -0.414479175019740E+00  0.122948897450569E+01
   0.192279481874389E+01 -0.264474111373787E+01 -0.431488293291544E+00
   0.288822925332360E+01  0.678088340212429E+00  0.355802307913596E+01
  -0.236794302082957E+01  0.261013162300053E+01  0.251348485588516E+01
   0.355581430177735E+01  0.254827746285962E+01 -0.198653539176594E+01
   0.130611464800604E+01  0.248276604034192E+01  0.231109707983012E+01
   0.461169551484696E-01 -0.186660783006317E+01  0.170214850429762E+01
  -0.347566617631447E+01  0.535008799409751E+00  0.121847677575619E+01
   0.267878494785966E+01 -0.233928117700272E+01 -0.164114101160694E+01
  -0.171736922833380E+01 -0.163187531861446E+01  0.633622099794257E+00
   0.512143293461517E+00 -0.334560134873054E+01  0.123491663636532E+01
  -0.175681002104365E+01  0.251671849997178E+01 -0.161034613615478E+01
   0.104693874373493E+01 -0.172394258291327E+01  0.703207961548945E+00
   0.206661474096300E+01  0.199640422212595E+01  0.344718583024433E+01
  -0.740755126035484E-01  0.889709723199883E+00  0.185100531970842E+01
  -0.122972130100804E+01  0.107572068734580E+01  0.186528104034417E+01
   0.121342026411841E+01 -0.346400367497316E+01  0.269616771399882E+01
   0.886641801813750E+00 -0.293376310423305E+01  0.241568859476462E+00
  -0.803967703411215E+00  0.273424580944325E+00 -0.221127565444645E+01
   0.315291826725510E+01  0.287354419111791E+01  0.342659087022235E+01
  -0.191713481293488E+01 -0.217771661932717E+01 -0.643530006525829E+00
   0.288150578279097E+01  0.260091904807010E+00  0.231122061442875E+01
   0.252669301330037E+00  0.248892016248247E+00  0.848575189968480E+00
  -0.342244947994950E+01  0.124918893608127E+01 -0.612510301529217E+00
  -0.235677400052721E+01  0.234973439508330E+01  0.862818719488320E+00
  -0.341616062338667E+01  0.250523360401687E+01  0.579913549482722E+00
  -0.185926663726539E+00 -0.941042033955793E+00 -0.267362999925415E+01
   0.496344549138750E+00 -0.906655923465342E+00  0.346925358524806E+01
  -0.102741771870056E+01  0.135596370272943E+01  0.298923498695184E+01
   0.333333927362814E+01 -0.150784509048032E+01 -0.188419641884770E+01
   0.234510630859802E+01  0.214138644554413E+01  0.836558710541302E+00
  -0.282016825025243E+01  0.328303368200292E+01 -0.828680666048202E+00
  -0.328035167531678E+01 -0.550464346423778E+00  0.241994273115263E+01
  -0.195243133210153E+01  0.458991040760215E+00  0.105686556591005E+01
   0.221901144879015E+01  0.133390480171308E+01 -0.631934800379319E+00
  -0.124807054665234E+01 -0.289818234735567E+01  0.213243602497962E+01
  -0.369668656918833E+00  0.731806441637874E+00 -0.111981827757777E+01
   0.115989282007857E+01  0.306838958975372E+00  0.191020583621957E+00
   0.260595159197761E+01 -0.645306943791807E+00 -0.314582809383028E+01
  -0.719644450216634E+00  0.697078182781002E+00  0.789254983098375E+00
   0.141352718097905E+01  0.357444660542477E+01 -0.314726724866652E+00
   0.154495994468945E+01 -0.261562372812997E+01  0.104129251862118E+01
   0.203352152142020E+01 -0.157890262198749E-01 -0.116771733822865E+01
   0.912231139344571E-01  0.736318052900497E+00 -0.319203389916570E+01
  -0.351012913484261E+01  0.260243661878084E+01 -0.810725278069462E+00
  -0.350827947623189E+01  0.335863440487590E+01 -0.279314104434863E+01
   0.232448099691835E+01  0.281086642839687E+01  0.256183271645751E+01
   0.301104240670752E+01 -0.243136683128318E+01  0.345235425750550E+01
  -0.276533674502274E+01 -0.286250103391495E+01 -0.306728907031127E+00
  -0.343700184213987E+01  0.298463251718490E+01  0.205210991375197E+01
  -0.143308742108793E+01  0.311322120447664E+01  0.469250715074186E+00
   0.260629056525265E+01 -0.218692799228340E+01  0.199061416996475E+01
   0.129923832620190E+01  0.146324543011428E+01  0.870731512778730E-01
  -0.162153808613789E+01  0.135827058532975E+01  0.372557334165572E+00
  -0.169995279480142E+01  0.144779767647762E+01 -0.246375603917173E+01
   0.356011644683100E+01 -0.125774020186641E+01  0.173565226925005E+01
   0.128855642516232E+01  0.207542562987869E+01 -0.203842785453836E+01
  -0.147791571368759E+01 -0.784905248766782E+00  0.220223617037618E+01
   0.319321833015718E+01 -0.134850691078882E+01  0.643763335515856E+00
   0.181636374441997E+01  0.270633045592767E+01 -0.137589871980146E+01
   0.187575271900336E+00  0.200440302105196E+01 -0.103841911822908E+01
   0.594754693964100E+00  0.267213680597292E+01 -0.343778267287278E+00
   0.999548544483656E+00  0.328355136968013E+00  0.185046406815708E+01
  -0.984499418146167E+00 -0.151724442322462E+01 -0.474881440513589E+00
   0.109826145353351E+01 -0.487070069794579E+00  0.866880625391790E+00
   0.100631620855688E+01  0.795752839603493E+00 -0.239107741280667E+01
   0.297599045117132E+01  0.184155870496327E+01  0.320779897781707E+01
  -0.245566044149665E+01 -0.312510256567844E+01  0.780993790058997E+00
  -0.178543468302961E+01  0.336166490114039E+01 -0.233899678774243E+01
  -0.351777049545030E+01  0.520268983110714E+00 -0.174209448054809E+01
  -0.786862147470503E+00  0.313079146220565E+01 -0.120301482629379E+01
  -0.170408134901454E+01  0.181302721536562E+01  0.137187388694204E+01
  -0.163529646289519E+01  0.333618771216537E+01 -0.587782839970221E+00
  -0.219102587069916E+01  0.112977462253414E+01  0.332547576006800E+01
   0.160630734997861E+00 -0.294104297735680E+01  0.349591382932553E+01
   0.338040036373795E-01 -0.141701514675781E+01  0.281274556886876E+01
  -0.267139754985287E+01  0.118935981278484E+01  0.126473279433026E+01
   0.332469591835454E+01 -0.283017338795764E+01  0.154061377020963E+00
  -0.678896446768341E+00 -0.258913979165495E+01  0.140154228700642E+01
   0.706833541873001E-01  0.169445375685608E+01  0.353371296267847E+01
  -0.248939061916915E+01  0.278775036459418E+01 -0.275126970553898E+01
  -0.511467685070522E+00  0.322359653034568E+01 -0.303386907429334E+00
   0.334615726731549E+01  0.171111524987725E+01  0.847959008565151E+00
   0.102867943368812E+01 -0.333029624772654E+01 -0.213275964514112E+01
  -0.307822626056001E+01  0.898892977120486E+00  0.308041865679417E+01
  -0.485490134997384E+00  0.343224475012597E+01  0.290397047522703E+01
  -0.110260924041024E+01  0.203051305650034E+00 -0.698557880532236E+00
   0.159766680498071E+01 -0.727175636346230E+00 -0.486645265918289E+00
  -0.323951585452008E+01 -0.227567891556731E+01  0.105979916544083E+01
  -0.113871774135190E+01  0.235010896081563E+01 -0.571931792732290E-01
  -0.222489369353909E+01  0.227683197853477E+01 -0.324810476664629E+00
  -0.327912349367356E+01 -0.675981394221987E+00  0.103734601488659E+01
  -0.349934386405897E+01  0.139259220795330E+01 -0.328237169469163E+01
   0.198236021001381E+01 -0.190845567996132E+01  0.300260389113072E+00
   0.319381795320683E+01  0.706853140267480E+00  0.172425464929669E+00
   0.118677865640116E+01 -0.203879699582507E+01 -0.333467743708239E+01
  -0.321456789637871E+00  0.204940370216796E+01  0.254207995481279E+01
% -0.439070997699233E+00 -0.115531536827393E+00 -0.513323540777839E+00
%  0.600843992338332E+00  0.162192014160244E+01 -0.185397479967731E+01
%  0.115669022148657E+01  0.559588881337854E+00 -0.835990147195424E+00
%  0.126519552424578E+00 -0.853521013693766E+00  0.151490916355625E+01
%  0.164938662187124E+01 -0.140672853471784E+01 -0.345536872949452E+00
%  0.112875270752519E+01  0.430035958908767E+00 -0.950983846481689E+00
% -0.732191766881403E+00 -0.140590849038160E+01  0.742222379167275E+00
%  0.689438324906902E+00 -0.138430735396858E+01 -0.369599201705706E+01
% -0.167754119457037E+00 -0.313726623508706E+00  0.206083528677134E+01
%  0.212505160623134E+01 -0.440401229311931E+00 -0.305825769827794E+00
%  0.175711132505139E+00 -0.245232853316397E+01 -0.469455872023946E-01
%  0.143083893350135E+01  0.385842451117171E+00 -0.539128808196344E+00
% -0.661832763294555E+00 -0.127620270369086E+01  0.108670833318411E+01
%  0.107752420474844E+00 -0.928710282900636E+00  0.203162815029277E+00
% -0.628755714446764E-01  0.405976538825636E+00 -0.858338688455436E+00
%  0.482606017634551E-01 -0.276679939502509E+00 -0.171682250409976E+01
% -0.203002509007129E+01  0.775923648485564E+00  0.199106003262470E+01
%  0.343127770199209E-01 -0.169547147808796E+00  0.135795098736963E+01
% -0.472003762295443E+00  0.299493345425921E+01  0.642090155151579E+00
%  0.137017700406699E+01 -0.225617797791810E+01  0.793950848070767E+00
% -0.338815282560811E+01  0.571406850999473E+00  0.273272400773743E+00
%  0.325883432782420E+00  0.151102001438810E+01 -0.156153746235765E+01
% -0.276909377421537E+01 -0.247748972565062E+01  0.352508540818502E+00
%  0.125929985862495E+01  0.162473113384204E+01  0.116355190027867E+01
% -0.850637667470878E+00  0.165953452827758E+01 -0.343055261992531E+00
% -0.363533624282162E+00  0.110507409751362E+01 -0.415521238265597E+00
%  0.115229973498702E+01 -0.230501591472306E+01 -0.270437801293375E+00
% -0.166656716405074E+01 -0.181075910574349E+01 -0.332953445607905E+00
%  0.232031454156663E+01  0.141224800839543E+01  0.196437999774994E+01
%  0.120451666770630E+01  0.547457127328798E+00  0.693794331200927E+00
%  0.121763063303698E+00  0.105107585009388E+00 -0.850718214385130E+00
% -0.180187525840462E+00  0.270187002562919E+00 -0.145307085630028E+00
% -0.284310324816531E+01 -0.162563266955181E+01 -0.203291227749754E+00
% -0.608489704085194E+00 -0.343615173451197E+01  0.116698279163425E+01
%  0.155946912947164E+01 -0.186570226312202E+01 -0.175108483719107E+00
% -0.183647048744228E+01 -0.946390055522051E+00  0.153761545956759E+00
% -0.434519195160381E-01 -0.199013587045064E+01 -0.165721946583032E+01
%  0.270533606619112E+01  0.127794940618680E+01  0.369351394420906E+00
% -0.258906373759774E+00  0.117372790164985E+01 -0.437102470083478E+00
%  0.176500654000734E+00 -0.196690588013528E+00 -0.281502823615082E+01
%  0.210555335053036E+01  0.130868471657242E+01 -0.132880229355009E+01
%  0.188501501974439E+01 -0.126489343369456E+00  0.294221521627491E+00
% -0.100722392867039E+00 -0.820986087372393E+00 -0.112769482578541E+01
%  0.167084074617358E+01 -0.145927247767430E+01 -0.112643730682087E+01
% -0.148860411412714E+01  0.632863780067231E+00 -0.226594138186165E+01
% -0.774774141629238E+00  0.115451465043095E+01  0.854993156478047E+00
%  0.754694756583691E+00 -0.728754745805781E+00 -0.120305589319161E+00
% -0.853616247870163E+00 -0.653511566851483E+00 -0.725444246181765E+00
% -0.208652018423084E+00  0.163297693092337E+01  0.102652197579080E+01
%  0.171889373929578E+01  0.124243837883852E+01  0.103365739294694E+01
%  0.616766434109557E+00 -0.129678321483462E+01 -0.128233770958238E+01
% -0.160696986668210E+01 -0.140421712528318E+01  0.567087060505503E+00
% -0.922851431723351E+00  0.697208254624632E-01  0.274034661524407E+01
% -0.117438592455787E+01  0.347499172655857E+00 -0.156944033100051E+01
% -0.220890784988764E+01 -0.172053389904260E+01  0.788115171318521E+00
%  0.607849846133161E-01 -0.723857892698543E+00 -0.841038729086148E+00
%  0.939320822075429E-01 -0.642648944655107E+00 -0.142843912498425E+01
%  0.156751972121797E-01 -0.409637431733367E+00  0.513985050220422E+00
% -0.162721768491961E-02 -0.343898120344189E+01  0.136238257683157E+00
%  0.603705250757157E+00  0.875425701275912E+00 -0.170941346437873E+01
% -0.152267006750226E+01 -0.659563229365578E-01 -0.171021106344571E+00
%  0.720028414369828E+00  0.126270577169171E+01 -0.123107444383307E+00
%  0.250322603929468E+01 -0.212077891019409E+01  0.119947620732167E+01
%  0.163718372558245E+01 -0.769761186866823E-01  0.917816287675962E+00
%  0.587670537665903E+00 -0.144290528073262E+01  0.171027640539930E+01
% -0.858941551073407E+00 -0.293399237942447E-01  0.652795645824897E+00
% -0.172914184813069E+01  0.149519316298556E+01  0.136673563095465E+01
% -0.960285985826479E+00  0.414272506695041E+00 -0.167567862935621E+00
% -0.227040703931182E+01  0.304110896642119E+01 -0.130407025978332E+01
%  0.160879508970582E+01  0.301336996169716E+00  0.113221040495472E+01
%  0.230768106870652E+00 -0.354503675563344E+00 -0.222709895917966E+00
%  0.398116736158040E+00 -0.898551202346839E+00  0.911351143100168E+00
%  0.998084408615493E+00  0.197236726609226E+01 -0.248476373134496E+00
%  0.542011164542187E+00  0.133575839684769E+01  0.264103005774691E+00
%  0.102446298385772E+01  0.579988655249970E+00  0.275945166112082E+00
% -0.328016220615597E+01 -0.647212424733990E+00 -0.236572532490891E+01
%  0.385024043933754E+01  0.194271951188595E+00  0.119274615879029E+01
% -0.154183664451994E+01 -0.203698810557257E+00  0.813789353229335E+00
% -0.445032659289945E+00 -0.611623251601440E+00  0.154467981020885E+01
%  0.191050930794020E+01 -0.299754152379258E+00  0.963560322229352E+00
% -0.140016998278365E+01 -0.292171864166138E+01 -0.211751732826713E+00
% -0.845913528810257E-01  0.238795906833098E+01 -0.482738627025194E+00
% -0.185226229099276E+01  0.579379946995231E+00 -0.822572620943210E+00
%  0.465225746172838E+00  0.108664080856072E+01 -0.129561977929077E+01
% -0.736508222738177E+00  0.200282646700491E+00  0.441415886858455E+00
% -0.811363490354057E+00  0.279139295350337E+01 -0.550062812618473E+00
% -0.103524386831866E+01  0.284311738281505E+01 -0.253772255295349E+01
%  0.241442816346807E+00  0.126532698412161E+01 -0.794373827134311E+00
% -0.162975552881039E+01 -0.225275037693958E+00 -0.149192615462529E+01
% -0.135063314142904E+01  0.485647421098772E+00  0.115888921916895E+01
%  0.610469683241118E+00  0.118470259003647E+01  0.927087717624935E+00
%  0.180513548885241E+01 -0.151396583649910E+01 -0.927093915270632E+00
%  0.310455034668176E+00 -0.161135312034947E+01 -0.247839899156735E+01
%  0.171150702635004E+01 -0.175337552631546E+00  0.143439239846341E+01
% -0.546566306017784E+00 -0.813718191281855E+00 -0.472487704775303E+00
% -0.150445182099353E+01 -0.581418672168745E-01  0.117214643010071E+01
% -0.281915878310534E+01  0.416261686143004E+00 -0.153421646807490E+00
%  0.170661872800101E+01 -0.876963784522087E+00 -0.155761871275306E+01
%  0.867051914130471E-01  0.597418411174620E+00  0.254870276164253E+01
% -0.148763324185942E+01  0.114261054176225E+01 -0.608853638294563E+00
% -0.197262844451444E+01 -0.556534818530093E+00 -0.748834305219360E+00
% -0.707414524709498E+00  0.130114592771920E+01 -0.364047137794583E+00
%  0.255826356746709E-01 -0.173681233118008E+01  0.164409403033487E+01
% -0.179123569625682E+00 -0.198183616527665E+01  0.258758552781269E+00
%  0.538565431201057E+00 -0.259923038913106E+01 -0.668975348251045E+00
%  0.118720292263634E+01  0.147488555285695E+01 -0.586754113631968E+00
%  0.106318279335946E+00 -0.116750988775730E+00  0.163455884914951E+01
%  0.758788968710819E+00 -0.153482144767655E+00  0.155169358775850E+01
% -0.160874023202012E+01 -0.221375091264605E+01  0.453122894188501E+00
%  0.147465616599703E+01 -0.802368854018841E+00  0.130916654647199E+01
% -0.176964539752903E+01  0.594093151897403E+00  0.247207451300005E+01
% -0.386851242837239E+00 -0.104759209947503E+01  0.893004169251527E+00
% -0.104277361952316E+01  0.957998264767115E-02 -0.857959530117752E+00
% -0.273027883011580E+00  0.905868952234773E+00 -0.109700150251786E+01
% -0.159062553049906E+01  0.143835457459304E+00 -0.109128683293805E+01
%  0.163884512967978E+01 -0.371652402297589E+00  0.720767274615928E+00
%  0.500159033918763E+00 -0.141236252952776E+01  0.157815004412786E+01
% -0.320413860554635E+01  0.709350419308028E+00 -0.150938660750203E+01
%  0.176592207378361E+00 -0.140218137574180E+01  0.736550875595923E+00
% -0.188180731991688E+01 -0.907245827966187E+00 -0.180825476395918E+00
% -0.293295305830031E+01  0.428796573037367E+00  0.199485015418528E+01
% -0.225332622166815E+01 -0.353324686151936E+00 -0.252551690345419E+00
%  0.460415924743716E+00  0.420797816867996E+00 -0.137641529237687E+01
%  0.831472598393770E-01  0.493079873062725E+00  0.248965453867642E+01
% -0.328957764117060E+01 -0.384635809561450E+01  0.225692322743210E+00
% -0.181876122489796E+01 -0.700335452390253E+00  0.137231325000450E+01
%  0.678853067229247E+00  0.208463686203145E+01  0.337894792595959E+01
% -0.351880728730218E+00  0.395226332027252E+00 -0.284090382055754E+01
%  0.163361252707057E+01 -0.398390334813039E+00 -0.568156223317086E+00
%  0.504713274765472E+00  0.179032094031454E+01 -0.207625534200120E+01
% -0.785978652097635E+00 -0.301000880873907E+01 -0.402251698712893E+00
% -0.450907106142064E+00 -0.950592106129303E+00 -0.118003836508407E+01
% -0.941917060238995E-01 -0.101209557213537E+01  0.250761393177242E+00
%  0.907824784187519E+00  0.580722876918398E+00  0.102891578352215E+01
%  0.964473312695488E+00 -0.207994450459116E+01  0.117654406740234E+01
% -0.600797986544875E+00 -0.123651668020400E-02  0.142841841676243E+01
%  0.193019374507546E+01  0.250558573791550E+01 -0.231536745409453E+00
%  0.165801934805389E+01  0.111457541493078E+01 -0.734355829622462E+00
% -0.748639928025717E+00 -0.250110433519751E+01  0.175152348612470E+01
%  0.115358574173878E+01 -0.137191970097071E+01  0.322085432770576E+00
%  0.544419413922842E+00  0.192599139647465E+01  0.127628390406305E+01
% -0.190354593413490E+00  0.466088204748259E+00  0.328583155405484E+00
%  0.450933717417026E+00  0.876012916209345E+00 -0.353653707019870E+00
% -0.124445377791509E+01 -0.606996864980615E+00 -0.320976985788318E+00
% -0.116445567837785E+01 -0.469238270782066E+00  0.216880300467888E+00
%  0.253188346678196E+01  0.650086452416789E+00 -0.278804472892504E+01
%  0.973902145781559E+00 -0.219429263538500E-01 -0.176149579336787E+01
%  0.120958130857470E+00  0.213543143473042E+01 -0.179012868637381E+01
%  0.975133153611587E-01  0.137983497719839E+01  0.197077554005599E+00
%  0.116387697602172E+01 -0.197756084881482E+00  0.576510661971093E+00
%  0.106428208163813E+01  0.127900338103386E+01  0.542744020708550E+00
%  0.118979418656222E+01 -0.982922935874325E+00 -0.956127541412596E-01
%  0.102640074345060E+01 -0.211349184041931E+01 -0.419373548430235E+00
% -0.583416858821479E+00 -0.486023102194789E+00  0.412224288815231E+00
% -0.648145085502806E+00  0.485460789588051E+00  0.862228160381801E+00
% -0.109315832348841E+01 -0.149706933090683E+01 -0.322943689984098E+00
% -0.843926432574902E+00 -0.300035139989238E+01 -0.467491104230846E+00
%  0.774279573540098E+00 -0.246964109558202E+00  0.164963462469294E+01
%  0.515928771844381E-01 -0.106184052516037E+01 -0.698377762019410E+00
% -0.112331889125518E+01  0.116733490308141E+01  0.269638780836146E-01
%  0.101597515483319E+01 -0.946528750347888E-01  0.180660928461671E+01
%  0.173033496122518E+01  0.555694681921499E+00 -0.252457587694131E+01
%  0.459404317486641E+00 -0.906098198530440E-01  0.143626257268807E+01
% -0.236457318437978E+01  0.107179216858245E+01  0.781536047207911E+00
%  0.120642922524505E+01 -0.216935476677434E+01  0.937874518901060E+00
% -0.978309910157965E+00  0.275688276676796E+00 -0.133226883176376E+01
%  0.240393933616959E+00  0.270113143794771E+00 -0.337744931397658E+00
% -0.176478872176582E+01 -0.311110845245257E+00  0.139972362076871E+01
% -0.277336858118403E+00  0.545906111516129E+00 -0.113287750843679E-01
%  0.138605139143582E+01  0.519348900836705E+00  0.180897870067622E+01
% -0.145365125578248E+00 -0.204514434780170E+01  0.105205112850570E+01
%  0.109639638777125E+01  0.100224565548860E+01 -0.939620237672226E+00
% -0.881218008897412E-01 -0.261089742380017E+01 -0.483560920778845E+00
%  0.132766244847935E+01 -0.206459811585674E+00  0.121369969316635E+01
%  0.855844732093054E+00 -0.147600308594150E+01  0.374219508353218E+00
%  0.123820412792817E+01  0.190995908777338E+01 -0.301611058500659E+01
%  0.990507497844380E+00  0.269151134630348E+01  0.102333348257987E+01
%  0.179309984473005E+01  0.179053905303209E+01  0.771506910978954E+00
% -0.110925269767844E+01 -0.267066181868621E+01  0.998835918174764E+00
%  0.174661405602782E+01 -0.614453960165267E-01 -0.504091072723825E+00
% -0.131059874086333E+01  0.230305625002431E+01 -0.399686261656990E+00
%  0.150837346321981E+01  0.101031147850450E+01  0.334116734274804E+01
%  0.214207926607465E+01 -0.106110818429155E+01  0.639306876062251E-01
%  0.551028789456388E+00  0.173206432062133E+01 -0.120039040310346E+01
% -0.141934454476257E-01  0.141192986649665E-01 -0.305895732093593E+01
% -0.135165390768190E+00  0.178282269546199E+00 -0.268919727377146E+00
%  0.428477774251464E+00 -0.172525619368743E+00  0.149239063614952E+01
%  0.372157099129703E+00 -0.109570862506498E+01 -0.517115772236690E+00
% -0.134236538168277E+01  0.595190280790039E+00  0.109790124166491E+01
%  0.819039908395745E+00 -0.168883604461896E+00 -0.139414501886347E+01
% -0.240922340676304E+01 -0.896337853061763E+00  0.292136812107111E+00
%  0.100520320341510E+00 -0.572156502635271E+00 -0.178007123878061E+01
% -0.119316412879961E+01  0.212014299469450E+01  0.160267557646361E+01
% -0.973941730212306E+00 -0.995456155378168E+00 -0.226671219693383E+01
% -0.197086213683719E+01  0.158957094538870E+00  0.107341852227031E+01
%  0.224001963525688E+01 -0.130130665975841E+01 -0.291591006950471E+00
%  0.534759454399575E+00  0.320001668083354E+00 -0.899589934585942E+00
% -0.280861400409655E+00  0.154036915479200E+01 -0.135107385491342E+00
% -0.899402677581800E+00  0.159509090602661E+01 -0.340639827427158E+00
%  0.137567405487557E+01  0.349792482925332E+01 -0.103439711692248E+01
%  0.461913535451896E+00 -0.174914358512482E+00  0.185995412451213E+01
% -0.172679240139319E+00 -0.887653922428234E+00  0.797550525329242E+00
% -0.458229477629096E+00  0.259187269853519E+00  0.166467026579669E+01
%  0.249644163065372E+01  0.106596083792070E+01 -0.906951459042920E+00
%  0.545747211589463E+00  0.840890968093358E+00 -0.599698722789642E+00
% -0.629527886184895E+00  0.902542502628427E+00  0.129791586135660E+01
% -0.105398504182423E+01 -0.110978939554214E+01 -0.242117601511554E+01
%  0.510310177781361E+00 -0.239771606504394E+00 -0.785566304387999E+00
%  0.106367523623369E+01  0.919203906297798E+00  0.156160575911501E+01
%  0.197738256970592E+01  0.167334615377327E+01  0.975346620267529E+00
%  0.192029122198458E+01  0.205894634384229E+01  0.467775868844622E-01
% -0.898454090655369E+00  0.248101170272885E+01 -0.272456235123438E+01
%  0.145824195641284E+00 -0.171348597662339E+01  0.184291985915160E+00
% -0.615545519407264E+00  0.741128229631591E+00  0.569735951079144E+00
% -0.963103555965416E-01 -0.276255075419211E+01  0.539623850766364E+00
%  0.216446798916053E+01 -0.290470696670464E+01  0.665292210757282E+00
% -0.183225661927154E+01 -0.569784406714737E+00  0.379461982038199E+01
% -0.810812484813618E+00  0.117200384057011E+01 -0.114580689778222E+00
% -0.765283449496327E+00 -0.302497323316580E+01 -0.252407509410168E+01
% -0.141583086619242E+01 -0.156531105833158E+01  0.255854932482266E+01
% -0.467272169328282E+00  0.148704745586826E+01 -0.267758450128519E+01
% -0.189496310956903E+00  0.214365183052023E+00  0.152215997523858E+01
% -0.607493171025564E+00  0.389870253108487E+01 -0.311493679098211E+00
% -0.105967503231098E+01  0.409578043451435E+00  0.405570161474953E+01
%  0.787882490107784E-01  0.125352165150532E+01  0.205701226881704E+01
% -0.142155746601140E+00  0.522103586377732E+00 -0.651386067948096E+00
% -0.276591558522160E+00 -0.275387736875522E-01 -0.170574845498720E+01
% -0.205323429501671E+01 -0.806009199354961E+00 -0.159891969375660E+01
%  0.103931965392645E+01 -0.160368529194129E+01 -0.567311588076006E+00
%  0.455830691114038E+00 -0.237682207849875E+01 -0.133782610299795E+01
%  0.151902716422416E+01  0.351177305170421E+01 -0.229725046878146E+01
%  0.760545568289055E+00  0.159267320552390E+01 -0.104516916593118E+01
%  0.128854966670607E+01 -0.508864624631033E-01 -0.259700587688978E+00
% -0.229297633337093E+01  0.848036363499172E-01  0.104834567111115E+01
% -0.214953148768487E+01 -0.111490005596674E+01 -0.110547643784533E-02
% -0.424804787586795E+00 -0.619976838995114E-01  0.258295193768828E+01
% -0.671612338681345E+00  0.143227004090890E+01 -0.849224891837067E+00
%  0.620872415642187E+00 -0.844722364330808E+00  0.132238246717709E+00
% -0.152269707600124E+01 -0.360830954012859E+00  0.787530575330824E+00
%  0.497077328325666E+00 -0.123975435364394E+01 -0.814377131545268E+00
%  0.501081511027626E-01  0.150803726379145E+01 -0.132338898612835E+01
%  0.135143412546343E+01  0.247380201915472E+00 -0.173537101626938E+00
% -0.411793990103932E+00 -0.763473505518099E-01 -0.610270946889894E+00
% -0.163500502751878E+00  0.965987771334848E+00  0.475904603412999E+00
% -0.161269900572731E+01 -0.981747691228841E+00 -0.114829400739720E+01
% -0.526083363369261E+00  0.520489552293423E+00  0.165776388242209E+01
%  0.226437255791249E+00 -0.886632075332464E+00 -0.797331824883058E+00
%  0.650599981978502E+00  0.841797335059108E+00  0.105001375183517E+01
% -0.107984594110927E+01 -0.559024113173716E+00 -0.122963341846500E+01
%  0.273832466824710E+01  0.102269435934356E+01 -0.350092547678173E+00
%  0.155068850775910E+01  0.490191951187542E+01 -0.462198789695152E+00
% -0.112600919681230E+00  0.113779683460362E+01 -0.979605296315443E+00
%  0.524189176117019E+00  0.121608115662780E+01 -0.239013412392964E+01
%  0.788893300791758E+00 -0.336124873390508E+00 -0.823530555734291E+00
%  0.142828865858837E+01  0.111053214640468E+01  0.196205153149990E+00
%  0.858701847970956E+00  0.251431949744360E+01  0.186217258081266E+01
%  0.423069823759329E+02 -0.124952494301991E+02 -0.266291618846459E+02
%  0.147376907136796E+02  0.138459697213800E+02 -0.317739067646669E+01
%  0.616746320409665E+02  0.252180196393858E+02  0.400548945931280E+02
%  0.239110736236710E+02  0.855986223994656E+01 -0.293549946571887E+02
%  0.162751702755728E+01 -0.498141383418924E+01 -0.209726185473477E+01
% -0.997892838140662E+00 -0.319854112671530E-01  0.634810159822809E+01
% -0.132788156267675E+01 -0.288310872605561E+01  0.616060210233389E+01
% -0.846913632257844E+01 -0.115330053835496E+02  0.690900918491687E+01
%  0.639434751330375E+01 -0.726505768603089E+01 -0.273148894750132E+02
% -0.357119506170036E+02  0.471219977267939E+01  0.314686930643712E+02
% -0.142693131365428E+02  0.184317823240938E+02  0.147713741683778E+02
% -0.108165395035147E+02 -0.134895806580090E+02  0.122306480472423E+01
%  0.615000320225655E+01  0.451603681813296E+01  0.724256729810113E+01
% -0.179840715912921E+01  0.473400456939283E+01 -0.268805626628477E-01
% -0.345469378113715E+01  0.137438766642149E+02  0.453906401716196E+01
% -0.868766958310787E+01 -0.341941298490593E+02 -0.195296384998260E+02
% -0.348496374635434E+02  0.664757606628550E+02 -0.650873825965661E+01
%  0.406980221029258E+02 -0.181587996227095E+02 -0.368543247271060E+01
% -0.154340311216852E+01  0.301800662977321E+01 -0.954383260662259E+01
%  0.890943446658916E+01 -0.868787566616694E+01  0.152615868625112E+01
%  0.221559607032399E+01  0.125066406210506E+02 -0.111733585163204E+02
%  0.628261267319980E+00 -0.370505400636675E+01  0.360539520441997E+01
%  0.132344013260226E+01  0.109407368124717E+01  0.381963474451664E+01
%  0.864097763965845E+01 -0.889480122217422E+01  0.411825248090134E+01
% -0.424890316915038E+01 -0.280712433374405E+02 -0.183064158605752E+02
% -0.145511198570767E+02 -0.120426925938267E+02 -0.880325516998291E+00
%  0.123251026809807E+01  0.735232485770249E+00  0.178267860532031E+01
%  0.117813729531433E+02  0.111958900622002E+02  0.167025651667051E+02
% -0.332339733910141E+00  0.521546619762345E+01  0.124234664129232E+02
% -0.123077152322478E+02 -0.247643207941337E+02  0.306825002447712E+02
%  0.630113871743734E+01  0.329879469636636E+01  0.173526745560458E+02
%  0.313252126753663E+01 -0.142132496019788E+02 -0.759777034829700E+01
% -0.116087382295519E+02 -0.742687488425675E+01  0.305906728269001E+01
%  0.961117313195896E+01  0.795756047377070E+01 -0.391696974333608E+01
% -0.198545845632008E+02 -0.108079968628381E+01 -0.168260732461201E+02
% -0.162131959307044E+02 -0.111193720118099E+02  0.262000178614734E+02
% -0.120899202765549E+02  0.248782709669358E+02 -0.358741256547872E+02
%  0.331035199087835E+02  0.119866728205975E+02  0.227187439392456E+02
%  0.179111654282713E+02  0.985937161646060E+02  0.134423865414885E+02
%  0.300160777762969E+02  0.191832205107798E+02  0.118976264344332E+02
% -0.642108836135050E-01 -0.781742583531141E+01 -0.617325840765092E+01
% -0.766273339965148E+01 -0.735203458161893E+01 -0.247967383641472E+01
% -0.326447705380034E+02 -0.211444719306773E+02  0.452281119537423E+02
%  0.121952835034285E+02 -0.965180048167063E+01 -0.143188548163780E+02
% -0.777145365552882E+01 -0.535685384526136E+00 -0.938815081460727E+01
% -0.275085293599868E+01  0.545787594877233E+01 -0.455537864966312E+01
%  0.901179909189159E+01  0.151497153285296E+02  0.419418126203772E+02
%  0.171407440969198E+02 -0.131461077664869E+02 -0.214036043896300E+02
% -0.336935443409026E+01 -0.145147067221388E+01 -0.123061208196893E+01
%  0.196699597882589E+02  0.230981565710649E+01 -0.234560226759589E+01
% -0.885565600177277E+02 -0.776271927903547E+01 -0.368031856473516E+02
% -0.470989622813160E+01 -0.745186186623916E+00  0.325195856749782E+01
% -0.185062158497224E+02  0.151079431416531E+02  0.965484641353013E+01
%  0.262835392347772E+01 -0.138209057877801E+01  0.510212199407458E+01
% -0.165605195461869E+02  0.260329400161734E+02 -0.153730328834790E+02
%  0.137296461382332E+03 -0.213931248662981E+02  0.261306775220899E+01
% -0.214116869872765E+02 -0.160642733461490E+01 -0.116003467044397E+02
%  0.164133430068388E+02 -0.111318095595744E+02 -0.517397902683832E+02
%  0.211641403470743E+01 -0.165778650094086E+02  0.918687377515858E+01
%  0.128621130660617E+02  0.532940261216449E+00 -0.537967073192383E+01
% -0.770328920705004E+01 -0.185866713626259E+01 -0.473964480322792E+01
%  0.624091243626172E+01 -0.741906517123240E+01  0.277128727178005E+01
% -0.163664662250398E+02 -0.690202729861749E+00  0.426352576438055E+00
%  0.581414107107034E+01 -0.173028108926718E+02  0.116146849757516E+01
%  0.549257150175292E+02  0.240199122101257E+02 -0.509743610830887E+02
%  0.139256421963107E+02  0.405484142953730E+02 -0.134817357199402E+02
% -0.124986771285986E+01 -0.263053635405567E+01 -0.244667863384127E+02
% -0.225642219158360E+02 -0.250290160525862E+01 -0.495793179537007E+02
%  0.168372612217363E+01 -0.918987724190573E+01  0.351068513383771E+01
% -0.247779015282702E+02  0.300779372898257E+02  0.235954910399551E+01
% -0.509465645867984E+01  0.731488934064968E+01  0.141934360488127E+02
% -0.651769684927089E+01 -0.292099151710016E+02  0.538713843962015E+01
%  0.330816149512179E+00  0.155228819355123E+02 -0.228790928222695E+01
%  0.944979230764265E+01  0.826251770924809E+00  0.191553243450790E+01
%  0.470259727613100E+01 -0.743546261551275E+01  0.197767171424845E+02
%  0.380767849137561E+02  0.252601331031211E+02  0.119052991553147E+02
% -0.371640529158686E+02  0.458907376397189E+01 -0.560959945759414E+02
%  0.123374454693574E+02  0.123165718490875E+02  0.351076865210543E+02
% -0.180762551508242E+02 -0.696427169397188E+01  0.258545618737672E+02
%  0.339617587402848E+01 -0.879758399272348E+01  0.181397460214118E+02
%  0.284189401974863E+01  0.685211270926497E+02 -0.183133716984074E+02
%  0.502898445643797E+01  0.132420554756744E+02 -0.396496541949677E+02
%  0.106646673818703E+02  0.248914147054626E+01 -0.567932868522136E+01
%  0.958823370884088E+01 -0.134976971515864E+02 -0.119449049531145E+01
% -0.172533565533294E+01  0.253857115423390E+01 -0.214618991377826E+02
% -0.139958880619433E+02  0.693557161661772E-01 -0.125280241109944E+02
%  0.613872208268388E+01 -0.191664369755045E+02 -0.447494913694070E+02
%  0.576090982139438E+01 -0.183864879245721E+02 -0.664756882749755E+01
% -0.594554912499810E+02  0.425735123639411E+01  0.253127718728079E+02
%  0.117716594404907E+01  0.117950662721356E+02 -0.799323969907748E+01
% -0.702255444641253E+02 -0.427109558958848E+02  0.448739728487843E+02
% -0.190341017037532E+02  0.855147073368921E-01  0.104056445167810E+02
% -0.591579111024524E+01  0.348761022915668E+01 -0.488981158556226E+02
% -0.775715393916968E+01 -0.334220699865841E+01  0.160674756986081E+02
%  0.258643834178740E+02  0.236247288586937E+01 -0.979711495764092E+02
%  0.110269055314394E+02  0.188894706611662E+02 -0.255877207845919E+01
%  0.977895777167647E+01  0.166280231351639E+02 -0.204393426888558E+02
%  0.196642080779012E+02 -0.780807706055110E+01  0.331743996693168E+01
%  0.672587720138800E+01 -0.682853145059059E+01  0.703427828856091E+01
%  0.327641748625957E+01  0.202539051804649E+02 -0.182958904487364E+02
% -0.132884317740846E+02 -0.239448592740712E+02  0.379692896043665E+02
% -0.138678141663353E+01 -0.484688381333777E+01 -0.499261425115170E+01
% -0.689500552448863E+00  0.725946055648497E+01  0.251088034064964E+01
%  0.244023694574364E+02  0.186350832305883E+02  0.100290059057286E+02
% -0.314062772245914E+02  0.186142005108811E+02 -0.116630682321143E+02
%  0.275209820875222E+02 -0.215402619931603E+02 -0.188451059486098E+02
%  0.346333320646029E+02 -0.360159395347161E+02  0.512730850938102E+02
%  0.572626641273384E+02 -0.390211917617855E+02  0.711074763797202E+02
%  0.493399404835539E+01 -0.110176698220779E+02 -0.351733629567486E+02
%  0.226587347922534E+02  0.759979154750592E+01 -0.350552473111990E+02
%  0.391319489205582E+02 -0.162088071235156E+02 -0.143477068801047E+02
% -0.652989923366162E+01  0.112145684638370E+02  0.641245046866792E+01
% -0.157154459507061E+02 -0.672821172410347E+01 -0.269094344749730E+01
%  0.788433850578666E+00  0.380589264899019E+01 -0.137765537023539E+01
%  0.444208099746073E+02 -0.333673587407081E+01  0.188783348226547E+02
% -0.151889627661470E+02 -0.533880940609273E+01  0.991407446179581E+01
% -0.320898623117931E+01  0.217423426123855E+01  0.351989793104819E+02
% -0.460453151834373E+02  0.286537703583578E+02 -0.425237499454373E+02
% -0.897529304794932E+01 -0.107581055209279E+02  0.222204867080074E+02
% -0.774102619524102E+01  0.135555785860086E+02 -0.461365423266339E+02
% -0.456673415481271E+02 -0.242869461056627E+02 -0.306502409241611E+02
% -0.134178398322461E+02 -0.430341803222645E+02  0.306890249243545E+02
%  0.548641096244919E+01 -0.164431403355982E+02 -0.776378124213929E+01
%  0.292525023861808E+02 -0.100647570977600E+02  0.421923920343386E+02
% -0.107278565547007E+02  0.377305689767586E+01 -0.156012203016621E+02
% -0.682950231373613E+00 -0.245179466552379E+01  0.604668967779360E+00
% -0.282160785052696E+02 -0.353091848559632E+02  0.131565766419942E+02
% -0.864364545189565E+01 -0.160833714728009E+02  0.916003673364338E+01
%  0.181279222330350E+02  0.299451882260393E-01 -0.676198432182384E+01
% -0.279833228842377E+01  0.192183865501197E+01 -0.187832141296564E+01
% -0.579927865539180E+01 -0.419762139278039E+01  0.106660270106847E+02
%  0.596076793145730E+01 -0.172699552007129E+02 -0.279543446578788E+01
% -0.251316292413556E+01  0.212788541352076E+01 -0.302790624747167E+01
%  0.352980939838556E+01  0.311218555738511E+01  0.184713587694274E+01
% -0.700061847376396E+02  0.351339480431385E+02 -0.456884296650042E+02
% -0.736909215358995E+01  0.157516429119470E+02  0.132353098504545E+02
%  0.171461976988823E+02 -0.312832347418454E+02  0.226591818301359E+02
% -0.334422655287248E+01 -0.464416482409562E+01  0.181516913629840E+02
%  0.839496143068248E+00  0.489597125361682E+01 -0.271212677020486E+01
% -0.724759332702093E+02  0.381297977801434E+02  0.977769917184728E+01
% -0.134890381518457E+02 -0.168326861658132E+02 -0.104116473096247E+02
%  0.778548491411322E+02 -0.406183036710657E+02  0.431534898569691E+02
% -0.118650109317164E+02 -0.629351201298496E+01 -0.550183933994090E+02
% -0.207979241474719E+01  0.399010601608476E+01 -0.125096941129280E+01
% -0.229005510196455E+02  0.327029771910279E+02  0.141686076365778E+02
% -0.230307301906331E+01  0.462934513033493E+01  0.523165261016513E+01
% -0.960787317919098E+01 -0.503279517664242E+01 -0.408736974521430E+01
% -0.811696259931312E+01  0.197544244536140E+02  0.370310826144560E+01
%  0.188558236461125E+02 -0.855587434111327E+01 -0.479251659036541E+02
% -0.358138092758915E+01 -0.164986627995624E+02 -0.276736683477014E+01
% -0.690706082788846E+01 -0.670384775125270E+01  0.252281748529033E+01
%  0.821465139885690E+01 -0.103703147767569E+02 -0.793427396773664E+01
%  0.196444685333116E+02  0.120447958371769E+02  0.678199700907222E+02
% -0.832597802981096E+01  0.252580984798602E+01  0.419620219044005E+00
%  0.826979807077697E+01 -0.706530275753201E+01 -0.248694812516706E+02
%  0.288364456405003E+02  0.280059617849018E+02  0.217067223107020E+02
%  0.232001205893730E+02  0.933685547338172E+00  0.481202264816350E+02
%  0.944769112442093E+02  0.260529387752902E+02 -0.280077354554950E+02
%  0.661954863707829E+02 -0.293008288164173E+01 -0.300167804000493E+02
% -0.131551537320460E+01 -0.221904109343327E+01  0.191793797855758E+02
%  0.349886344894423E+01 -0.129087086473416E+01 -0.155072800141774E+01
%  0.150793228120547E+02  0.179822180248453E+02 -0.164814111318294E+01
% -0.508187468753293E+01  0.137176648821138E+02 -0.235612208840723E+01
% -0.917120736428329E+01  0.282391928062171E+02  0.146796529389685E+02
%  0.271120879141390E+01 -0.259919263629354E+01 -0.278135097394106E+01
%  0.161354690546389E+02  0.129415375003784E+01  0.106860081303434E+02
% -0.643618407238694E+01 -0.213310533669517E+00 -0.377180912677293E+01
% -0.843365743624665E+00 -0.280237994109463E+01  0.249084483848607E+01
%  0.425523682100332E+02 -0.775737800024385E+01 -0.420349410658727E+02
%  0.118433194382587E+02  0.199305152247403E+02  0.740355496519016E+01
% -0.531120668581204E+02  0.221726362005699E+02 -0.888486737372272E+01
% -0.906137939293501E+01 -0.280145706276162E+01  0.213343593965832E+02
%  0.183678039243591E+01 -0.118248296812377E+02  0.339726360425216E+02
% -0.701250665059205E+00 -0.448425766816225E+01  0.506735451869471E+00
%  0.172710331478257E+02 -0.108231387263946E+02  0.526669988648296E+01
% -0.635954365783426E+02 -0.133324513791245E+02  0.332735008365762E+02
% -0.129138505157184E+02  0.168004429214608E+02  0.851725046421384E+01
%  0.639364433300352E+01 -0.958393544560311E+01 -0.501706229724966E+01
% -0.168826859001039E+01 -0.160726542048125E+01  0.314173793247265E+01
%  0.662755483480570E+01  0.231207389080275E+02  0.177411329083838E+02
%  0.161926292702307E+02 -0.211673693247190E+02  0.218602242642190E+00
%  0.238369431939266E+01 -0.267431491287550E+01  0.519731409847189E+00
% -0.129849666137157E+03  0.537670638236482E+01  0.152912400707673E+02
% -0.820395349472903E+01  0.205737530150538E+02 -0.227894503291590E+02
%  0.291766169160143E+02  0.778214530583578E+02 -0.299544255491920E+02
%  0.271791615737358E+02  0.405686162408040E+02 -0.750168747849377E+01
%  0.294062874996389E+02  0.406846951060233E+02  0.401114672439994E+02
%  0.873580030058366E+00  0.689905514221943E+01 -0.151527162331225E+02
% -0.661876030587936E+01  0.411509679944232E+01 -0.162329465786785E+02
%  0.173455266887052E-02 -0.160730538256982E+01 -0.243471341767824E+01
%  0.389748757383766E+02  0.275601376686168E+02 -0.962872277623844E+01
% -0.662913050149077E+01 -0.370183272319576E+02  0.199291900495514E+02
%  0.274287990256932E+02 -0.699568986472527E+01  0.142881746843548E+02
% -0.253433789055977E+02 -0.191804039143191E+02 -0.224322370901691E+02
% -0.140495050096312E+02  0.144076884118480E+02  0.314945510894680E+02
%  0.508546445200042E+02 -0.385104289731146E+01  0.221578450677101E+01
% -0.237085721358570E+02 -0.149039630466411E+02 -0.342400417239324E+02
%  0.132598549851163E+02  0.808788368411544E+01 -0.309001692287966E+01
% -0.445480143070518E+01  0.886925656666302E+01  0.710931987209677E+01
%  0.877833970749656E+01 -0.724097261049775E+01 -0.148529009056224E+02
% -0.400823622971754E+02  0.814919185761374E+01  0.299323297477681E+02
%  0.477337114288705E+02  0.161770803954633E+01  0.340233535065168E+02
% -0.558647863556454E+01  0.296512204781766E+02  0.199940997466217E+02
% -0.342170477299610E+02 -0.311221103880065E+02  0.256997325042239E+01
% -0.227083855244367E+02 -0.957270371203722E+02 -0.181076388311980E+02
% -0.327547556876147E+00 -0.320971853046432E+01  0.714129368036206E+01
% -0.599980283093858E+01  0.278843213336005E+02  0.626322692274105E+01
% -0.148566757265827E+01 -0.120800283907612E+02  0.152663064889332E+01
%  0.232122367020868E+02 -0.230739835812497E+02  0.370627132223699E+02
% -0.115881114493644E+02  0.321525470690952E+02  0.267332324812001E+02
% -0.211407005369519E+01 -0.538066944584342E+01  0.618289838269416E+00
%  0.241740327915046E+00 -0.230646476108608E+01 -0.289989922653493E+01
% -0.136888270115155E+02  0.288393613357623E+01  0.657798312459965E+01
% -0.296515485638432E+01  0.602274218053883E+01 -0.117848611892980E+01
% -0.473204509604158E+02 -0.212230282681826E+02  0.948991816933308E+01
%  0.228535283086904E+01 -0.130096369709769E+02  0.798402021463734E+01
% -0.291436540831602E+01 -0.253351530785821E+01 -0.161434137469512E+01
% -0.512164672826392E+01 -0.873507740044096E+01 -0.481670706552908E+01
%  0.642868371813238E+02 -0.266082739200376E+02  0.882513650842068E+00
% -0.169186133937221E+02 -0.192292127813644E+02  0.180645943715701E+01
%  0.450901244335892E+01  0.556105178261260E+01  0.460249029561007E+01
% -0.182887156837297E+02  0.654018268430302E+01 -0.232677589552817E+02
%  0.110229271701875E+02 -0.883607119622715E+01  0.186631696067946E+02
% -0.466144986127217E+01 -0.101427091707777E+02  0.515861148389998E+01
% -0.128899689323619E+01 -0.105696164962209E+01 -0.506595931502819E+01
%  0.500146629651146E+02 -0.467262834881914E+01 -0.133081829907690E+02
% -0.417654824687689E+01  0.450454630833493E+00 -0.248599872642672E+01
%  0.208082323390733E+02  0.176319478297531E+02  0.970430453428484E+01
% -0.105916516092230E+03 -0.157953179434307E+00  0.523672186928888E+02
% -0.581094048974145E+02 -0.145654924716775E+02 -0.426264115256232E+02
%  0.775899677413760E+01 -0.123042500682395E+00  0.712027980345708E+01
% -0.131660871971880E+02 -0.952128487131753E+01  0.533708104555311E+01
%  0.557902742221135E+02  0.415086654461151E+02  0.140951306561925E+02
%  0.888338959525660E+01 -0.582817307917523E+01 -0.214830086721840E+02
% -0.358189842904698E+02 -0.545259170799454E+02 -0.278890351226869E+02
%  0.330176308823174E+01  0.146570217852126E+02  0.739750301275108E+01
%  0.315408973022119E+01  0.157103580153609E+02  0.304914917896322E+01
%  0.665943727545127E+02 -0.166102713901086E+01 -0.509140736250227E+02
% -0.308446478809474E+01 -0.226318153953510E+01 -0.139979970144822E+02
% -0.921146209371214E+01  0.761739961277559E+01  0.100962683353854E+02
%  0.180233255989140E+02  0.815573890010514E+01  0.598194662952517E+02
% -0.412742964907157E+02 -0.841889107459129E+02  0.440386418044300E+02
% -0.509037417831663E+02  0.241305816884911E+02  0.292990144814864E+02
% -0.540201150129984E+02 -0.196401806630642E+02 -0.197202145660526E+02
% -0.121533065227540E+02  0.500113900632492E+01  0.573533270429775E+01
% -0.207648338395890E+02 -0.119513835691143E+02 -0.822673714042627E+01
%  0.754508169615290E+01 -0.622063188763421E+00 -0.186862075686327E-01
%  0.250332823068906E+01  0.438252021028862E+01 -0.401049740619679E+01
%  0.103773466125065E+02 -0.343670299709090E+02 -0.253317437272581E+02
% -0.135268458911075E+01  0.129423082538186E+01  0.848708679629342E+00
% -0.392983160911812E+02  0.941303848809890E+01 -0.225708703120196E+02
%  0.568060616843619E+01 -0.289011781945620E+02 -0.198746434808856E+02
%  0.110207250815061E+02  0.152078741576481E+02 -0.138539706255697E+01
%  0.320157282050281E+01  0.162179535852090E+02 -0.731057442326656E+01
%  0.549006402849126E+01  0.108626876188333E+01 -0.152771859844393E+00
%  0.147882986253416E+01  0.268165959924754E+01  0.146929051924539E+01
