% T    256  0.715122828077254E+01  0.715122828077254E+01  0.715122828077254E+01
  -0.126638961714561E+01  0.271861525580947E+01  0.311108760104286E+01
  -0.152262961747892E+01 -0.103669076301571E+01 -0.104972438827343E+01
  -0.267746737488869E+01  0.183362805778910E+01 -0.128587036227801E+01
   0.201132940639330E+01  0.649156306652104E+00  0.114826119927425E+01
  -0.147846716081643E+01 -0.230605124605675E+01  0.141782021411771E+01
  -0.436936150773597E+00  0.281562949427309E+01 -0.436526352062684E+00
  -0.177652185780279E+00  0.348800626465377E+01  0.144245183933332E+01
  -0.878523827253384E+00 -0.233295029730407E+01  0.220349486227397E+01
   0.105049576989554E+01 -0.180547076619323E+01  0.108576080515167E+01
  -0.111736277835659E+01 -0.272735330050524E+01 -0.325614889896497E+01
  -0.213611510556879E+01 -0.204504820614816E+01  0.319923313049606E+01
   0.152941376828171E+01 -0.110037091012274E+01 -0.152053119771645E+01
  -0.950476146173459E+00  0.180019625661436E+01  0.105421501591683E+00
  -0.827764923176838E+00 -0.217989128174240E+01 -0.699662123076088E+00
  -0.215153716757598E+01 -0.643455399056683E-01 -0.136659327281514E+00
   0.329004403847209E+01 -0.236390492256401E+01  0.318297741620619E+00
  -0.211429963768413E+01 -0.175385094585457E+01 -0.152706579431114E+01
   0.119203156981382E+01 -0.340369380963224E+01  0.717039056379708E+00
   0.258237409483335E+01  0.130660500212074E+01  0.275113428285220E+01
   0.304053761492695E+01 -0.299566421558656E+01 -0.529225610177656E+00
  -0.153878207116885E+01 -0.243547872698306E+01 -0.133530693217577E+01
  -0.159600856234464E+00  0.302093947530856E+01 -0.204897712497438E+01
  -0.342405052483312E+01  0.333403730250398E+01 -0.131339052306581E+01
  -0.121295706496566E+01 -0.196746884985613E+01 -0.251979806025416E+01
   0.294510945846571E+01  0.113999033436257E+00 -0.290719612488309E+00
   0.115591587215274E+01  0.241360235967027E+01  0.217320723918225E+01
   0.184601204648188E+01  0.168979603881791E+01  0.334633968442402E+01
   0.715251731629320E+00  0.312483504896249E+01  0.327160429852233E+01
   0.190150398186831E+00 -0.270528484504978E+01 -0.313052471101285E+00
  -0.331947943583706E+01  0.679908468482187E+00 -0.174911668107595E+01
  -0.190517284194094E+01  0.481500964485340E+00  0.290444664401707E+01
  -0.879442661353041E+00  0.330249635056904E+01 -0.293373242377626E+01
  -0.235062401904472E+01  0.356194110876841E+01 -0.198628714445796E+01
  -0.194383746119836E+01  0.155726308748433E+01  0.364210085618322E+00
  -0.226843919931654E+00 -0.151003986212794E+01 -0.265133060877625E+01
   0.340125529155052E+01  0.310733877851196E+01  0.985662694278969E+00
   0.161405660334584E+01 -0.145041730626401E+01 -0.246377912418120E+01
   0.308101905520973E+01  0.250341337229042E+01 -0.103702516370613E+01
   0.201617286268692E+01 -0.278811458867906E+01  0.123241553900681E+01
  -0.236929744994387E+01 -0.132373637679159E+01  0.116663951075654E+01
  -0.357953346567916E+00  0.180021845838474E+01  0.281701015797269E+01
   0.308322570162873E+01  0.277179236844609E+01  0.251901119450172E+01
   0.221590413442791E+01 -0.135400367102122E+01  0.100988362162507E+01
  -0.118407079111870E+01  0.304040217193783E+01 -0.170763428286376E+01
   0.340998499647042E+01 -0.188604017853932E+01 -0.242925338579889E+01
  -0.189748084095263E+01  0.275521917653573E+01 -0.187405894384374E+00
  -0.115405797524994E+01  0.101522485223595E+01 -0.315522968496246E+01
  -0.673321041851967E+00  0.196361740323848E+01 -0.319046511681717E+01
  -0.232910822455695E+01 -0.883745441933952E+00  0.218528373147824E+01
   0.313277038190476E+01 -0.264697952473548E+01 -0.304208675122818E+01
  -0.392100513213127E+00 -0.808513621235277E+00  0.235238904446505E+01
   0.371139677248297E+00  0.109272490993137E+01  0.231750283072023E+01
  -0.153354025139559E+00 -0.197573154792385E+01  0.334908870700137E+01
  -0.174332541313007E+01  0.993795830823929E+00  0.208563060986448E+01
  -0.348137604012299E+01 -0.318467590834041E+00  0.262284502627072E+01
  -0.231886719500377E+01 -0.313583668515105E+01  0.227518944004406E+01
  -0.385197726355473E-01 -0.672973348972908E+00 -0.188249445823854E+01
  -0.148580232012563E+01  0.933523795088633E+00 -0.204816210579388E+00
   0.210724458477838E+01 -0.346502715203092E+01 -0.343597102088463E+01
   0.995813797612858E+00  0.136742773922452E+01 -0.118284333051557E+01
  -0.855309047283041E+00  0.420594900248568E+00  0.238861678910480E+01
   0.285442127182742E+01  0.128640854180756E+01 -0.570960090420394E+00
   0.167322515462064E+00  0.223240855600552E+01  0.816528227694406E+00
  -0.834870323760666E-02  0.145642718252473E+01 -0.166962658545382E+01
   0.319969506515549E+01  0.182521084837351E+01  0.172720598826723E+01
  -0.546138758867149E+00 -0.347381288110526E+00 -0.800159454724710E+00
   0.567791286299217E+00  0.202214606159957E+01 -0.223797049440204E+01
   0.186412027537713E+01 -0.196713872859849E+01  0.347140119393699E+01
   0.133096004285187E+01 -0.113166685240339E+01 -0.355582475032247E+01
  -0.315494934575195E+01 -0.324900842665584E+01 -0.334868083963087E+01
  -0.130656020278716E+01 -0.326526917112103E+01 -0.522155442375542E+00
   0.283496827357416E+01 -0.997557006367298E+00  0.257638874734840E-01
  -0.779385655973974E+00  0.148992346342954E+01  0.187929893293488E+01
   0.247183546455572E+01  0.167568739335901E+01 -0.160571739620322E+01
  -0.141474644187739E+01 -0.639393689270919E+00 -0.201632340659741E+01
   0.304767927510481E+01 -0.249915465956434E+00  0.356271355876610E+01
   0.110009897508189E+01 -0.176550474131866E+01 -0.894294361239472E+00
  -0.235743191750998E+01  0.282747922209848E+00  0.156028978428014E+01
   0.326327436108478E+01  0.115206547155962E+01  0.853967802565141E+00
   0.197826549080458E+01 -0.178294228221117E+01 -0.355721508360459E+00
  -0.916685307726713E+00  0.755674858965395E+00 -0.162315127938500E+01
   0.468857415518997E+00 -0.288618083181406E+01  0.703816571430347E+00
   0.183718065388981E+01  0.192940162126299E+01 -0.255756683074210E+01
   0.148080476404728E+01  0.333439803374931E+01 -0.781550209306799E+00
  -0.288166799645233E+01 -0.263338188592552E+01  0.295941241232472E+01
   0.441844497236490E+00 -0.253077861929380E+01 -0.222475330769925E+01
   0.137752849927057E+01 -0.114257830046561E+01  0.263547606283233E+01
   0.269306027377312E+01  0.694676489470907E+00 -0.180614125967950E+01
   0.346710515042454E+01 -0.618351834179272E-01  0.890238927091723E+00
  -0.270022126394472E+01 -0.207332585883919E+01  0.463963450705762E+00
  -0.291250795503660E+01  0.858500432012920E+00  0.777073802035058E+00
   0.333743410359059E+01  0.326253598492237E+01 -0.170493782835164E+00
  -0.234905951571719E-01  0.240258788293319E+01  0.198802093505382E+01
  -0.281324261379766E+01 -0.289572735309086E-01 -0.209391818911621E+01
   0.659489241087912E+00  0.407997886128339E+00  0.303732536085265E+01
   0.193458348290315E+01 -0.316927305859754E+01  0.760833820764875E-01
  -0.128858715122667E+01 -0.130204007054270E+01  0.199660034650861E+01
   0.122884941590936E+01  0.287598778732352E+01 -0.307076729145361E+01
   0.244463716137070E+01 -0.132148764473545E+01  0.310358142737872E+01
  -0.144030682449256E+01  0.102142469671733E-01  0.645704374164196E+00
   0.346074409470971E+01 -0.193404239711337E+01 -0.610729550368904E+00
  -0.192328949941135E+01  0.154915609353727E+00 -0.142881270997353E+01
   0.123135580308053E+00 -0.605567902228486E+00 -0.302921072614983E+01
  -0.229910901521947E+01 -0.311687144691607E+01  0.106349158299546E+01
  -0.209028001732145E+01 -0.116758337722538E+01 -0.326610924225146E+01
   0.160145041193306E+01  0.115749508355290E+01  0.258735583207660E+01
  -0.110088234297410E+01  0.188766421205812E+01 -0.185784428409317E+01
   0.237991502136734E+01 -0.348283903010020E+01 -0.134701969657240E+01
  -0.277466783110715E+01  0.438496120421912E+00 -0.101676802463780E+01
   0.501568585884650E+00  0.961811722629409E+00 -0.313275283579388E+01
   0.297521109374559E+01  0.354466110627059E+01  0.187949439401865E+01
   0.335740230371599E+01 -0.337403409671309E-01 -0.128055878255985E+01
   0.280257802940529E+01 -0.558649945657777E+00  0.247221326261155E+01
  -0.356989800976358E+01 -0.133045585029092E+01  0.248209083742145E+01
  -0.291331793480051E+01 -0.115833379711881E+01  0.137333636866773E-01
  -0.150097451548413E+01 -0.296279045567505E+01  0.303881097600750E+01
   0.341734103609472E+01  0.986318230508177E+00 -0.264851460541860E+01
  -0.697720647829048E+00 -0.289009527758200E+01  0.557837583035215E+00
   0.958369512170270E+00  0.888651111471285E+00  0.837589035373372E+00
  -0.290797689990359E+01  0.221811489860574E+01  0.761106275507310E+00
   0.170386925507165E+00 -0.797224903900072E+00  0.153546987355732E+01
  -0.180341672787533E+01  0.847184326707052E-01 -0.249546873617316E+01
  -0.206899683421261E+01  0.245447943733980E+01 -0.185046859325908E+01
  -0.318834828632182E+01 -0.836366688686109E+00  0.165725178119727E+01
  -0.126101192614461E+01  0.331931674618839E+01  0.474222794318966E+00
   0.282010901044057E+01  0.183561233257507E+01  0.349873604249127E+01
   0.672935140853189E+00 -0.144333634038289E+01 -0.198911000847533E+01
  -0.124216747425949E+01  0.252373841148347E+01 -0.258474699976196E+01
  -0.581494852679733E+00 -0.184721286667722E+01  0.883221396426095E+00
   0.201512121991375E+01  0.234438743662733E+01  0.149975532958752E+01
   0.523525407964358E+00 -0.178098990968818E+01  0.193706043624950E+01
  -0.148570365824239E+01 -0.115723119321994E+01  0.796976929154319E+00
   0.904215837147182E+00 -0.311876142299481E+01 -0.338633306811628E+01
  -0.185957795753742E+01  0.239845403610683E+01  0.120973266158744E+01
  -0.238725551795769E+01  0.163812506195702E+01  0.263431369604037E+01
  -0.236762435515798E+01  0.291032041409224E+01  0.284086055259068E+01
  -0.191822788543346E+00 -0.268745183548578E+01  0.144708749754619E+01
   0.334375409151913E+01 -0.756777442010568E+00 -0.258432852320918E+01
   0.339264715885134E+00  0.245400840825382E+01 -0.118843519603107E+01
   0.143383401858464E+01 -0.633587719264887E-01 -0.116998716797384E+01
  -0.112775926718608E+01 -0.334050194989175E+01  0.139755811113074E+01
   0.111709627356660E+01 -0.790417302954769E-01 -0.288747076518483E+01
   0.354867060682817E+01  0.288369873925239E+01 -0.225515729534105E+01
   0.281589979201425E+01  0.799676582552161E+00 -0.347017952429388E+01
  -0.122383702612226E+01 -0.277403020225397E+00  0.166103399031245E+01
  -0.199646522556518E+01  0.215039272233019E+01 -0.353732808104250E+01
  -0.326100068079637E+01  0.353343822985430E+01  0.254055470744478E+01
  -0.381846967581638E+00 -0.314479459386970E+01  0.286364068689323E+01
   0.385733291755080E+00  0.329529306656972E+01 -0.758988400835064E+00
  -0.305064458171372E+00  0.749157723550457E+00 -0.254269250772697E+01
  -0.198506875097201E+01 -0.183070283517559E+01 -0.484944531897324E+00
   0.226059868340762E+01  0.594076280741620E+00 -0.821993777137223E+00
  -0.350995789704986E+01  0.163690650024989E+01  0.302182675731545E+01
  -0.272905163238286E+01  0.181391396040047E+01 -0.294302561695617E+01
   0.354927549111932E+01 -0.261191795152027E+01  0.218085617801266E+01
  -0.107853316958305E+01  0.341365083154184E+01  0.234572561122134E+01
  -0.231797283763435E+01 -0.108254600616788E+01 -0.225018059892374E+01
  -0.486625527022533E-01 -0.589877625714927E+00  0.785900563338918E-01
   0.237631875141521E+01  0.354036168710305E+01 -0.245041536532940E+01
  -0.335790957099812E+01 -0.323269752505817E+01 -0.218737124683498E+01
  -0.313496685506813E+00  0.299588759764326E+01  0.316270125444395E+01
   0.121526999088594E+01  0.151465551585238E+01  0.161349246778152E+01
  -0.188993651578884E+01  0.340280669788480E+01 -0.348102745100160E+01
  -0.174889489715868E+00 -0.314294610685642E+01 -0.297870326661108E+01
  -0.560317810228385E+00  0.512343983500018E+00  0.346596540874193E+01
   0.128538249486011E+01  0.878948667631116E+00 -0.219041830707489E+01
  -0.309964030206492E+01 -0.111041774631653E+00 -0.218140572669568E+00
  -0.266344920149036E+01 -0.446370782994875E+00  0.304821634228746E+01
  -0.275868146038448E+01  0.339528434675990E+01  0.716407757352295E-01
   0.476235011633557E+00 -0.869030569003472E+00 -0.102466226398957E+01
   0.278594577890132E+01  0.233600143237943E+01  0.723985240394272E+00
  -0.254280096582860E+01  0.290694931687247E+01 -0.108554827013123E+01
   0.961651152484989E+00  0.349984463008154E+01 -0.197101629421429E+01
  -0.200937872798839E+01 -0.236207594307462E+01 -0.282590904833445E+01
  -0.142400065208014E+01  0.916315061777160E+00  0.960206111581722E+00
  -0.388917970031830E+00  0.572664807166622E+00  0.767996176342298E+00
   0.244014819627796E+01 -0.282915968974049E+01  0.232999853591865E+01
   0.129264988160829E+01  0.101148453926379E+00 -0.211539867482338E+00
   0.201466382383955E+01  0.182542141362821E+01  0.502437916810179E+00
  -0.295734997691363E+01 -0.184440047394131E+01 -0.307103909077875E+01
   0.369980056374066E+00  0.472411338829063E+00 -0.827949829632660E+00
   0.303284797010872E+01 -0.240675775835431E+01  0.316385066681298E+01
  -0.662145359734472E+00 -0.135250795821037E+01 -0.166313941750900E+01
   0.249331408297437E+01 -0.221658476835905E+01 -0.256336477403191E+01
   0.131356948001017E+00  0.126219687645650E+01 -0.422321327825561E+00
   0.109389321107082E+01 -0.291754104366849E+01 -0.722846533109527E+00
  -0.118411614200359E+01 -0.156832003015315E+01 -0.517292147000347E-01
  -0.303248130448077E+01 -0.284914189827450E+01 -0.260398211606083E+00
  -0.162410605685404E+01 -0.254396226873207E+01  0.261737089023771E+00
   0.650979078477755E-01  0.312443313269406E+01  0.335658219404373E+00
  -0.263752629805414E+01 -0.218484772298477E+01  0.192509553379765E+01
  -0.244478007369458E+01  0.276809112706043E+01 -0.270650792838081E+01
   0.310101857397939E+01  0.199144828723305E+01 -0.253749202703507E+01
   0.460734772765574E+00  0.205878153281196E+01  0.351826571472374E+01
  -0.123373994503893E+01  0.145867412564667E+01  0.308761635331473E+01
  -0.327680670034985E+01 -0.275094430001613E+01  0.111799653812595E+01
   0.173893847342439E+01 -0.188268831629040E+01  0.223421071488285E+01
  -0.268605960456934E+01 -0.313744263433676E+00  0.904769186942478E+00
   0.246760936298245E+01 -0.129422042304013E+01 -0.202476881690405E+01
   0.225156028091173E+01  0.288789899626288E+00 -0.265107322599626E+01
  -0.205636897295330E+00 -0.389009914074309E+00  0.324594173937738E+01
   0.117449231272462E+01  0.326260368894391E+01  0.158288526137908E+01
  -0.333049442852076E+01 -0.267350171235144E+01 -0.117047938246306E+01
  -0.971896258450000E+00  0.242268420657465E+01  0.170645558304101E+01
  -0.459095329300061E+00 -0.342726178114849E+01 -0.108651848038115E+01
   0.195107067406069E+01  0.191085179852122E+01 -0.612946322673629E+00
   0.266659778035490E+01  0.273302585869966E+01 -0.313703676571091E+01
  -0.125442686504585E+01 -0.522019466197949E+00 -0.216285318377257E+00
   0.949538877240556E+00 -0.367540730023292E+00  0.203344741714872E+01
  -0.151112102056990E+01 -0.301047898781402E+01 -0.220945004600120E+01
   0.664845367131489E-01  0.270384851938618E+01 -0.298795853774458E+01
   0.285640153760022E+01 -0.324339205773680E+01  0.619937339805143E+00
  -0.265109123587848E+01  0.291453619349251E+01  0.146905422005792E+01
   0.207437850152308E+01  0.261260915187122E+01  0.252960384759735E+01
   0.302608171096862E+01 -0.350310421831825E+01  0.300735515211997E+01
   0.133259840096987E+01 -0.336398887018876E+01  0.260982609874123E+01
  -0.272803381144209E+01  0.132190000902199E+01 -0.364629554831099E+00
  -0.280229627095528E+01 -0.232911523145389E+01 -0.205276426605674E+01
   0.242487594159518E+01  0.283424276761090E+01 -0.336093258042806E+00
  -0.533479079703020E+00  0.403193119576926E+00 -0.281914486818739E+00
   0.829343839052244E+00 -0.561218140552279E+00  0.871225559427184E+00
   0.974488796706061E+00 -0.248445837227140E+01  0.286724988042215E+01
   0.349767643374719E+01  0.159259618473775E+01 -0.155044660548471E+01
  -0.155284695216119E+01  0.207565553502582E+01  0.240863235120011E+01
  -0.238562646547733E+01  0.930391154492395E+00 -0.225621051471802E+01
  -0.350082893679600E+01 -0.917056143849866E+00 -0.160076011282524E+01
   0.356333833841676E+01  0.269690983961946E+01  0.330183725441276E+01
  -0.295980849278466E+01  0.572622739093627E+00  0.307099322748342E+01
   0.320446929307968E+01 -0.147218277783511E+01 -0.344455299899879E+01
   0.168278173413209E+01 -0.238605278606091E+01 -0.157210156752443E+01
   0.210704384275313E+01  0.331426535656888E+01  0.104631750352426E+01
   0.276129586886622E+00  0.340679815210166E+01  0.241438446846723E+01
  -0.135811013795915E+01  0.190538982502611E+01 -0.835546003755314E+00
  -0.194298309675266E+01  0.128326438444182E+01 -0.136033624917245E+01
   0.629517254696652E+00 -0.161655562667591E+01 -0.317880372027258E+01
  -0.351178835542823E+01  0.187809123210993E+01  0.100938351034834E+00
  -0.218125581907921E+01  0.108144839848321E+01 -0.331896372953972E+01
   0.176356591010614E+01 -0.890695414381222E+00  0.178886301225909E+01
   0.240007511197700E+01 -0.125533341635719E+01 -0.105162903341407E+01
   0.268682982082551E+01 -0.202715245376001E+01  0.168671648344558E+01
   0.679842556269104E+00 -0.191820281444142E+01 -0.802022566355109E-01
   0.283146949832242E+01  0.867519230761829E+00  0.171667693102484E+01
   0.209141870384455E+01 -0.531558569865849E+00 -0.334364196086232E+01
   0.106741184506454E+01 -0.850885235156765E+00 -0.198939651855335E+00
   0.118472648372188E+01  0.249655059323658E+01  0.849840379072841E+00
   0.225121820505042E+01  0.256920471737830E+01 -0.177689129453990E+01
  -0.246335100472026E+01 -0.313370306269265E+01 -0.108343266001073E+01
   0.102467285533150E+01  0.113332544380671E+01 -0.142091622017694E+00
  -0.937889950743902E+00 -0.340521679829658E+00 -0.307433961436289E+01
  -0.129196087021842E+01 -0.522764113168286E+00  0.314392214816190E+01
  -0.296860439682102E+01  0.393488699157579E+00 -0.307174483773152E+01
  -0.121017834806428E+01 -0.178806241360825E+01  0.355714687369763E+01
   0.196676949205924E+01 -0.191296474276198E+00  0.625640477365452E+00
  -0.344231281202168E+01  0.518953478296302E+00  0.208083400188354E+01
   0.204679287073870E+01  0.228374869779986E+00  0.235116444499218E+01
   0.108911703107874E+01  0.239326090637782E+01 -0.371214403153134E+00
%  0.417656442904587E+00  0.763057053892506E+00 -0.122258878696569E+01
%  0.188727997217331E+00  0.151537815133524E+01  0.119362874953905E+00
% -0.539156072345865E+00 -0.378671849687540E+01  0.852819527531539E+00
%  0.122962322869902E+01 -0.152086385859502E+01 -0.103696471557058E+01
% -0.455904438718789E+00  0.226563560383162E+00  0.721031733173102E+00
%  0.121467506971446E+01  0.666943939947925E+00 -0.144015280300035E+01
% -0.129281967478733E+01  0.283351003599289E+01  0.132327179230500E+01
%  0.201126333945843E+01  0.891007553142784E-01 -0.325147527385275E+00
% -0.707230082330994E+00  0.310084159197910E+01  0.235106451776592E+01
%  0.718140710602857E+00  0.320093190622058E+00  0.203429293380176E+00
%  0.896848282162141E+00  0.771939904600464E+00 -0.818241678469736E+00
% -0.143481504646906E+00 -0.160903341519342E+01  0.195436792709281E+01
% -0.686890479420525E+00  0.218629002335177E+01 -0.836808690158516E+00
%  0.203050159642927E+01 -0.231136827480014E+01 -0.206507355976922E+01
%  0.381052554793025E-01 -0.459833582472907E+00  0.132959720356946E+01
% -0.117071101302499E+01  0.191588470246870E+01 -0.176276452565572E+01
%  0.162109701658383E+01 -0.797908171289535E+00  0.122945619168716E+01
% -0.161903584683234E+01 -0.203343893749514E+01 -0.905998642777822E+00
% -0.612370270918148E+00  0.179830683227215E+01  0.952798992473656E+00
% -0.578046774250026E+00  0.255348204853791E+01 -0.382794889449627E+01
%  0.544055104238001E+00 -0.294303378069609E+00 -0.209063495405981E+01
% -0.162873637315286E+01 -0.411913991641232E-01  0.284098563745506E+01
% -0.175432653906814E+01  0.626330661449478E+00 -0.165403719374061E+01
%  0.309154300530976E+01  0.712388160059225E+00 -0.108641491464175E+01
% -0.110248046899773E+01  0.171049546380028E+01  0.673051335147079E+00
%  0.382584716310213E+01  0.526868329510154E+00  0.629770331788691E-01
% -0.417338721115825E+00 -0.689284950824102E+00  0.222183124136190E+01
%  0.759101395227447E+00  0.979351839099697E+00  0.884460452225113E+00
%  0.268952849404800E+01  0.111701352811486E+01 -0.255064931936643E+01
%  0.168251410537439E+00 -0.177205219637911E+01 -0.126084056961754E+01
%  0.276213361175117E+01  0.628511820673049E+00  0.167421853841396E+01
% -0.465103341550209E+01  0.688608126655899E+00 -0.146220789960921E+00
% -0.114941426722329E+01  0.992687259178268E+00 -0.380693611474256E+01
%  0.992515032909468E+00  0.605441132073475E-01  0.223742807898361E+00
% -0.336317330260218E+00 -0.324568776160768E+01 -0.175927610260698E+01
% -0.203243108626936E+01 -0.260610461994493E+00  0.104415587501780E+01
%  0.264225090746798E+01  0.452606581645830E+00  0.123234700957692E+01
%  0.908104220258751E+00  0.482097935246558E+00  0.125667196759641E+01
%  0.178748137292420E+00  0.167820389328159E+00 -0.235470614773223E+01
% -0.231006115848922E+01  0.272986424316134E+00  0.130350063385816E+01
%  0.254689110007907E+01 -0.207275748101660E+01  0.622041852430259E+00
%  0.281074509562209E+00 -0.463140313575634E+00 -0.181677658016900E+01
%  0.176901972993929E+01  0.169522514673350E+01  0.513973251129435E+00
% -0.333118716493340E+01  0.175995039401825E-01  0.219498835679261E+00
%  0.201969002931222E+01 -0.135525172239313E+01  0.511264647566186E+00
%  0.315678252271482E+01 -0.354945917007904E+00  0.918642623442958E+00
%  0.296219585593609E+01  0.179775998632064E+00 -0.206571741230183E+01
% -0.514400928656294E+00 -0.403892903097036E-01  0.340455626356802E+00
%  0.388017232835106E+00  0.182777841970758E+01  0.204039878925399E+01
% -0.150957135702046E+01  0.160039728584616E+01  0.808804898067301E+00
% -0.627595341823012E+00  0.491664350551793E+00 -0.197002700837270E+00
%  0.143925143732352E+01  0.782494208108100E+00 -0.330837844767832E+00
%  0.539229704956122E+00  0.137038931516717E-02 -0.171844371114159E+01
% -0.211007226446882E+01 -0.114817791279373E+01  0.172785913642697E+01
% -0.114663130922408E+01 -0.174970096872750E+01  0.195950840550517E+00
%  0.467577526970923E-01  0.694338815651507E+00  0.150075079862991E+01
% -0.352501104659782E+00  0.122961564282040E+01  0.235834869240099E+01
%  0.255355388461145E+01  0.140783952376942E+01  0.690138514353968E-01
% -0.111623558079653E+00 -0.232985373406646E+01  0.870957399212203E+00
%  0.165041227358829E+01  0.289170295368625E+00  0.132513763177737E+01
%  0.509533165035778E+00 -0.879074735038152E+00 -0.516037375065696E+00
% -0.232270891505797E+00 -0.402801665513023E+00  0.894747063340335E+00
%  0.713149538361694E+00 -0.133653533188278E+01 -0.953091285068179E+00
% -0.588827086806282E+00  0.577284137372922E+00 -0.290667657627655E+00
% -0.527118947096893E+00  0.132030473375779E+01  0.756163622898330E+00
% -0.261179704213643E+00 -0.491270256894752E-01 -0.162150316577086E+01
%  0.758098698996233E+00  0.252232703691902E+00 -0.111575047890590E+00
%  0.256747331980136E+01  0.527228724885370E+00  0.339899506962486E+00
%  0.235415756727550E+01  0.424175088439900E+01 -0.360541922141943E+01
%  0.192341785794506E+00 -0.115113134104892E+01  0.169343743428005E+01
%  0.166868470166962E+01 -0.139624002374661E+00 -0.394828069723591E+00
% -0.401806637967259E+01 -0.116692786221705E+01 -0.338653615170700E+01
%  0.748858108028080E+00 -0.250247904842790E+00 -0.164500322309324E+01
%  0.227180166462455E+00  0.928903455765752E+00  0.194809225584664E+01
% -0.131668423596459E+01  0.988325437354387E+00  0.125936931073711E+01
% -0.177027092665077E+01 -0.156501216224271E+01  0.271477292035950E+01
% -0.156519518981430E+01 -0.130280265121974E+01  0.265164561326201E+01
%  0.112793494740712E+01 -0.675240046941426E+00  0.961719591383948E+00
% -0.895302398437394E+00 -0.721887165647622E+00  0.165341449601323E+00
%  0.261998864954076E+01 -0.901335500969543E+00 -0.139965790943154E+00
% -0.327488055730220E+01  0.888448767693871E+00 -0.823237851621257E+00
%  0.106431177111297E+01  0.164178744299241E+01  0.736645398107070E+00
%  0.183638083781035E+01  0.682205083113684E+00  0.267044300329003E+01
%  0.192510414547099E+00 -0.236510183847496E+01  0.189444441767426E+01
% -0.125299833853764E+01 -0.878769875969994E+00 -0.114537638998014E+01
% -0.676121141124964E+00  0.130822333701427E+00 -0.185179875241869E+01
% -0.183664908672211E+01 -0.834620970937960E+00  0.155618288216087E+01
%  0.171218204262976E+00 -0.215856962889962E+00 -0.114406697469943E+01
%  0.876324240656010E+00  0.110615227163030E+01 -0.255477204850092E+01
%  0.200332601914142E+01 -0.668656691262834E+00  0.883078810867940E+00
%  0.586696960738573E+00 -0.152281483122531E+01  0.816917626985178E+00
%  0.179019110071846E+01 -0.185991116173366E+01  0.151812638294545E+01
% -0.215080709972795E+01 -0.143794880146243E+01 -0.592171410125029E+00
%  0.694757158918767E+00 -0.152904551027679E+01  0.979522251399941E+00
%  0.136740615146649E+01 -0.415246669873741E-01  0.228363089820054E+00
%  0.790878311693346E+00  0.170358263379430E+01 -0.432643867119389E+00
% -0.100948492592824E+01 -0.109549338034505E+01 -0.163579815485434E+01
% -0.826549743194174E+00  0.294929735921997E+00 -0.152440015702536E+01
%  0.395998313380837E+00  0.632467336712719E+00  0.293899323521973E+01
% -0.241899466229681E+01  0.196652361253151E+00  0.574826230616859E+00
%  0.188976127901691E+00  0.194158402328875E+01 -0.653250510343052E+00
% -0.224831774295879E+01 -0.191386958575498E+00  0.743824915540096E+00
%  0.463920759426596E-01 -0.104726591284674E+01  0.241237818133961E+01
%  0.132025228414820E+01  0.270782501698199E+00  0.125987533817600E+01
%  0.293580090402840E+01 -0.249689703331675E+01  0.687108880389687E+00
%  0.784423822781407E+00  0.691370221818360E+00 -0.150488315524336E+01
% -0.694550367864435E+00  0.529453222645077E-01 -0.188270170381452E+01
%  0.352943003739921E+00 -0.121738316912643E+01 -0.510308389572870E+00
% -0.251565916495516E-01 -0.255493320413450E+01 -0.363294996545443E+00
%  0.495135686683281E+00 -0.271648097712055E+00 -0.420384509899598E+00
%  0.288188200148695E+00 -0.140328869876355E+01 -0.300287944664067E+00
% -0.883057674270486E-01  0.923939082567154E+00 -0.157511289648090E+01
% -0.279560438489039E+00 -0.409735479096127E+00  0.228568269593328E+01
% -0.914363228858532E+00  0.273536200546558E+01  0.226295608569318E+01
% -0.256543892636713E+00 -0.783687017178520E-01  0.139069933898190E+01
% -0.122699267353006E+00  0.105901431866082E+01  0.534854334814191E+00
%  0.127823872035556E+01  0.585028492085100E+00 -0.647862588216718E+00
% -0.864139281129907E+00  0.323933947093290E+00 -0.149700500103307E+01
%  0.160837776113838E+01  0.186940802657042E+01  0.413516365916106E+00
%  0.774388801852220E+00  0.172181191181265E+01  0.158394211494249E+01
% -0.187130355665181E+01 -0.161523374264325E+01  0.171102567499936E+01
% -0.777402060425023E+00  0.789895490803203E+00  0.152456980412512E+01
% -0.209700921132771E+01 -0.157003693561256E+01  0.351586526243312E+00
% -0.139191006910426E+01  0.127611798150269E+01  0.783799619396940E+00
%  0.177119228255091E+00  0.382127412213875E+01 -0.160935719427216E+01
%  0.214346358699855E+01 -0.361620976411836E+00  0.400505440390875E+00
%  0.860132207127281E+00 -0.154106873216306E+01 -0.134809724544078E+01
%  0.196177927475013E+01  0.171738620644254E+01 -0.364865188727207E+01
%  0.322635618515555E+01 -0.146453530828281E+01 -0.253731523575134E+00
%  0.142975281963568E+00  0.123019796690752E+01  0.311364944937977E+00
%  0.540641344073483E-02  0.204544641091445E+01 -0.230114320154630E+01
% -0.182762549752440E+01 -0.198255278227072E+01  0.147017146036304E+01
% -0.313352888786185E+01  0.268748848659203E+00 -0.185815517839938E+01
% -0.101725730509301E+01 -0.719853840739353E+00  0.181453733604518E+00
%  0.962016892486474E+00 -0.373355899633773E+01  0.732767285514313E+00
%  0.142830715714439E+01 -0.141529858449460E+01 -0.109545923864953E+01
% -0.695454564479936E+00 -0.125068765426983E+01  0.321948819715665E+01
%  0.172713869248426E+01  0.116528987049261E+01 -0.325896793997133E+01
% -0.415191286855345E+00  0.404511730804282E+00  0.434453770960464E+01
% -0.239271398821646E+01  0.906987322505995E+00  0.126195125865470E+00
% -0.565079235888807E-01 -0.201641474695805E+01 -0.568511457574873E+00
%  0.248994445227925E+00  0.704769060254402E+00  0.912912378987948E+00
%  0.546234833944563E+00  0.431210420588255E+00  0.129040275704386E+01
% -0.529325038388910E+00  0.211312269600373E+01 -0.133619975855135E+01
% -0.103677813757376E+01  0.137976502851648E+01 -0.167027557423190E+01
% -0.557269441986029E+00  0.189629557545251E+01  0.124095787325518E+01
%  0.219839630410614E+00  0.375779475235798E+01  0.302070136029419E+01
% -0.166541101814850E+01 -0.235932001342147E+00  0.136505975486342E+01
% -0.656258010049786E+00 -0.157996550719797E+01  0.211530755179484E+01
%  0.518313590665855E+00 -0.649073703953471E+00  0.777649965389799E+00
% -0.162287061118511E+01 -0.360483110513024E+01 -0.692123166332375E+00
% -0.246906008994862E+01  0.350417901844684E+01  0.890396270181317E+00
%  0.702526217578961E+00 -0.824766773677282E+00 -0.101530764364419E+01
%  0.189152892115806E+01 -0.453863914575378E+00 -0.196068414855928E+01
% -0.278977168486337E+01  0.108892331294657E+01 -0.106732169525555E-01
% -0.654601995757859E+00  0.779823053549950E+00 -0.236971774077245E+01
% -0.303008195079520E+00 -0.334735202874988E+01  0.101848011438569E+01
%  0.199854985333746E+01 -0.322568952291083E+00  0.146370739098872E+01
%  0.501332819511549E+00 -0.432607907167669E+00 -0.663779777217259E+00
% -0.157670189934729E+01  0.974551743204549E+00 -0.112811022578118E+00
% -0.270461745308349E+01 -0.833581450907735E-02 -0.138020406037412E+01
% -0.280557723980277E+01  0.101117846217974E+01 -0.103835521450400E+01
% -0.177095327570193E+01 -0.118079981304765E+01 -0.117435450947553E+00
%  0.599934288262357E+00 -0.139768847184778E+01 -0.690715382627402E+00
% -0.428089571867698E+01 -0.292603749998067E+00 -0.241297331675122E+01
%  0.751525039732797E+00 -0.123029566097088E-01  0.822001280821614E+00
% -0.356184902789480E+01  0.792588583265606E+00 -0.138588007287789E+01
% -0.263300886095243E+01  0.610100215616571E+00  0.149571026888624E+01
% -0.285003512009427E+01  0.275230013665382E+01 -0.842477450243058E+00
% -0.228690508421150E+01 -0.213769185967576E+01 -0.160888619172381E+01
%  0.245327474529712E+01 -0.318864715999646E+00  0.408118759429919E+01
%  0.220075568475935E+01 -0.143151842210888E+01 -0.273391011257535E+01
%  0.152348186965245E+01 -0.934204338540358E-01  0.138578309190497E+01
% -0.178478387819238E+01 -0.422273303006761E+00  0.445883208822460E+00
% -0.754432554399263E+00 -0.151895499598211E+00  0.727213164464922E+00
% -0.313933343657095E+00  0.725229342231323E-01  0.120960865694232E+01
% -0.341158275202940E+00 -0.226204969432147E-01  0.150518805516912E+01
% -0.660228615325107E-01  0.153175670129614E+01  0.581578326364704E-01
% -0.279202767773859E+00  0.347003706507794E+01 -0.278350000458928E+01
%  0.838112374975453E+00 -0.665325322954074E+00  0.397677721373761E+00
%  0.210258005632891E+01  0.280730480563341E+01 -0.543974618020726E-02
% -0.144084325449889E+01 -0.515953091315753E+00  0.146876839851147E+01
% -0.180770629444984E+00  0.184981831228488E+01 -0.802019970792908E+00
%  0.361004455119874E+00 -0.188007497497951E+01 -0.862826034953165E+00
%  0.357870353307817E+00  0.144739740930520E+01  0.325776337163518E+00
% -0.663007755891415E+00  0.132321186379087E+01 -0.143966542943471E+01
%  0.987526628105273E+00  0.178756710075068E+01  0.157814171003479E+01
% -0.178342358101909E+01 -0.103989890946938E+01  0.109014187584929E+01
%  0.789062083511649E+00 -0.282528568446166E+01 -0.538659612474747E+00
% -0.578974295878578E+00  0.154338308554633E+01  0.662349672836544E+00
% -0.171472265152191E+01 -0.292313272899819E+01 -0.185962283401457E-01
% -0.361056486223236E+01 -0.134760594495155E+01 -0.105843800090286E+01
%  0.712900607645836E+00  0.246535932920285E+01  0.321363203239751E+00
%  0.238404932892781E+01  0.313150892126761E+01  0.104345158767625E+01
%  0.835722430119985E+00 -0.193545207087864E+01 -0.648937050245210E+00
% -0.187021046837970E+01  0.340680000394437E+00 -0.378922283360000E+01
% -0.172685908617162E+00 -0.394399011437312E+00 -0.173788269557234E+01
% -0.307804089810494E+01 -0.144178264015026E+01 -0.770217417150626E+00
% -0.904782114352291E+00  0.182359653000202E+01  0.159524752369643E+01
%  0.760425298448018E+00 -0.240037444149930E+01 -0.461086819140533E+00
% -0.520347029564227E-01  0.593606070332558E-01  0.321980614861543E+00
%  0.276732459411196E+01  0.270030611351609E+01  0.125706155064443E+01
%  0.210715488447975E+01  0.456186743068957E+00 -0.145124436405956E+00
%  0.958409927060139E+00 -0.117366800773991E+01 -0.145669654440288E+01
% -0.178914184266628E+01  0.726228129871988E+00  0.191604912896820E+01
%  0.105680839777383E+01 -0.939596780050751E+00  0.166119920238363E+00
% -0.301638877537625E+00 -0.235462988365061E+01  0.399531046777854E+00
%  0.460744138481041E-01 -0.201452475653806E+01  0.819407839617355E+00
%  0.177838403229432E+01  0.562124887101839E-01 -0.317543708379154E+01
% -0.313167635937779E+01  0.115044234230549E+01  0.367741442002502E+00
%  0.158765331435026E+01 -0.171885929095575E+01 -0.123096933062062E+00
% -0.199155323260560E+01 -0.299203145378588E+01 -0.131412894128637E+01
%  0.948058092453168E-01  0.172146023355201E+01 -0.227532652321902E+01
%  0.159944656564191E+01 -0.833081119764288E+00 -0.488595709469036E-02
% -0.269930249261317E+01 -0.252109965514410E+00 -0.948525966557689E+00
%  0.213068926085815E+01  0.869246815363123E+00  0.110937996510919E+01
%  0.896681634709606E+00 -0.977826144330407E+00  0.214901369978471E+00
% -0.318787552004909E+01  0.114510348819794E+00 -0.128495910498653E+00
% -0.171829266454270E+01  0.206476157612376E+01 -0.351999274381612E-01
%  0.173262501127861E+00 -0.965987936500861E+00  0.133299275716419E+01
%  0.343457010248542E+01  0.129950410577730E+01  0.568017258137551E+00
%  0.162473921051088E+01 -0.133376840682081E+00 -0.994032095542993E+00
%  0.625015140319755E+00 -0.106821935536310E+01  0.104364830013347E+01
%  0.175851707839061E+01  0.520977431226227E+00 -0.157161244885603E+00
%  0.133545363095476E+01  0.710406894858613E+00  0.204112763685139E+00
%  0.153908771985736E+01  0.145026608799068E+01 -0.100836381593740E+01
% -0.137727708665335E+01 -0.572450076326641E+00  0.596496052305448E+00
%  0.977590220454665E+00  0.180556739052830E+01  0.338322606559975E+01
% -0.246221556931656E+01 -0.198110419764628E+01  0.159346970712259E+01
% -0.753288981619811E+00 -0.485203427275586E+00 -0.130635667924773E+01
%  0.769256936506924E+00 -0.125883796488861E+01  0.199724865437351E+00
%  0.561616972641964E+00  0.442185827987104E+00 -0.931802254315537E+00
% -0.139039032943566E+01  0.289165297032723E+01  0.137382592384248E+01
%  0.129076116472388E+01  0.109848197857121E+01  0.267411565189891E+00
%  0.950612054721161E-01  0.212066433012268E+01  0.271100864732822E+01
%  0.756641588692140E+00 -0.226140689255978E+01 -0.565466183793432E+00
% -0.393135935623520E+00 -0.291872467926890E+00 -0.349265595892398E+01
%  0.983571407797554E+00  0.135708842008854E+01 -0.471214255681798E+00
% -0.132165355097249E+01 -0.394463161688807E+00  0.155568927246359E+01
% -0.194167020425981E+01 -0.131222836842936E+01 -0.162982814083747E+01
%  0.220802170916597E+01 -0.187281235228917E+01  0.939496671468047E+00
% -0.231393312741411E+00 -0.299795310630262E+01 -0.182866920031593E+01
%  0.497174544004785E+00  0.141842981610939E+01 -0.113288043935483E+01
%  0.146022126862322E+01 -0.387136606753287E+00  0.773596609910528E+00
%  0.891895604296301E+00  0.573517190638241E+00 -0.255536186081410E+00
% -0.169681623635057E+00  0.266242334145814E+01  0.206166728490219E+01
%  0.230076875129338E+01 -0.112917794048971E+00  0.133282652256059E+00
% -0.832037512007040E+00 -0.563979014620791E+00 -0.204091093792351E+01
%  0.130049375210948E+00 -0.102236674268520E+01  0.223210245973726E-01
%  0.808518793591574E+00 -0.548433048362806E+00 -0.185632264428613E+01
%  0.194461445001282E+01  0.141370500882032E+00 -0.197374946766984E+01
%  0.220995485365147E+01 -0.145073452045573E+01 -0.649577290430223E+00
% -0.159191130350887E+01 -0.240254896688130E+01  0.106255330370524E+01
% -0.195984203948621E+01 -0.391941295133153E+00 -0.146215158381939E+01
% -0.838860390641749E+00 -0.218804700773756E+01  0.136894259307104E+01
%  0.117749380992349E+01 -0.121269898812047E+01 -0.239741904499239E+01
% -0.930860074825577E+01  0.306673558576713E+01  0.201651181325790E+02
%  0.157186033385424E+01 -0.162808530237937E+01 -0.263912052356803E+01
% -0.740496851057572E+02  0.533286259041288E+02  0.873575731750628E+01
% -0.113873401276582E+02  0.238211971900488E+02  0.815936314260601E+01
% -0.210484991843360E+02  0.401888871733727E+01 -0.270429569549841E+02
% -0.429174967386088E+02 -0.253335116852322E+02 -0.243131565697474E+02
%  0.196144355640145E+02 -0.466418857724822E+02 -0.505455748927017E+01
%  0.152965397696545E+02 -0.309734846473794E+01  0.280324754984840E+02
%  0.140331757978080E+02  0.871915099086477E+00 -0.205296703565437E+02
%  0.216725965671000E+02 -0.184782967449980E+02  0.358338076188425E+02
%  0.127565806928128E+02  0.155424132239049E+02  0.386553590825848E+01
% -0.867097976162596E+01  0.251124293841452E+02  0.429616548157361E+01
%  0.173221425607388E+02  0.593068189743091E+01  0.126329146315517E+02
%  0.382464102843352E+02 -0.253720375969999E+02 -0.125355071904520E+02
%  0.335199122855880E+02  0.129143628718938E+02  0.666886859167754E+00
%  0.201922123466242E+01  0.128066464009160E+02  0.416760008071426E+01
% -0.637625266392540E+02  0.688898556158032E+02 -0.178815770391095E+02
%  0.113520613747657E+03 -0.876779741054332E+02 -0.119793426098116E+02
%  0.175138756944888E+02 -0.362290523358362E+02 -0.625784898276788E+02
% -0.140344750237034E+02  0.118267108579130E+02 -0.493705566570807E+01
%  0.474089090832584E+02 -0.869546894612237E+02  0.114607957025097E+02
% -0.297340985946990E+00  0.497626390148010E+01  0.148907978075768E+02
% -0.158481148511367E+02  0.138970952232725E+02  0.106501688661060E+02
%  0.544335849258895E+02  0.358324951390218E+02  0.341054108914222E+02
%  0.183747845784440E+02 -0.127492330914449E+02  0.208042382528053E+02
% -0.260710378256664E+02 -0.753937688372104E+01  0.519572219140623E+01
% -0.233535909342019E+02  0.332291601055021E+02  0.471202293065894E+02
%  0.172158847181676E+01 -0.561412380692514E+01 -0.779990378527691E+01
% -0.487909682548153E+02 -0.429864545837915E+02 -0.109769855537392E+02
% -0.468485325664683E+02  0.715120560336132E+02 -0.357129622139262E+02
%  0.151841909156116E+01 -0.184325522337507E+02  0.293551485411537E+02
%  0.143059143401700E+02  0.555230731615248E+02 -0.334024531302749E+02
% -0.336641063136834E+01 -0.107579245527015E+02 -0.915318838393855E+01
% -0.407253860948037E+02  0.439385844167346E+02  0.229489479260314E+02
% -0.184446479770326E+02 -0.759576589163264E+01  0.871947748116248E+01
%  0.196413958037993E+02  0.943614745448202E+00  0.405721892940424E+01
% -0.268225475651833E+02 -0.145804857486516E+02 -0.442658370088376E+02
%  0.981344001264185E+01 -0.949769278189633E+01 -0.105660059015429E+02
% -0.195470078349860E+01  0.416445243869544E+01  0.129522436378683E+01
% -0.288599284049434E+02 -0.111847856839094E+02  0.152849677076583E+02
%  0.273503872660997E+02  0.146025828957195E+02 -0.110840073534021E+01
% -0.324298605441948E+02 -0.293974087816333E+02 -0.803266404294737E+02
%  0.313371195429158E+01 -0.465378948659632E+01 -0.202068960588613E+02
% -0.302698362052199E+00  0.132214874345061E+02  0.161967649933487E+02
%  0.198178704534585E+02  0.253243188890799E+02  0.293094381785894E+02
%  0.140612557790436E+01 -0.648995946100215E+01 -0.253264083356787E+01
% -0.398351620948947E+02  0.219496255543561E+02  0.555624065765671E+02
%  0.121508717315995E+02 -0.982033640782900E+01 -0.190378230398956E+02
%  0.215953758362304E+02 -0.545233173636949E+01 -0.226871308420934E+01
%  0.842657607680405E+02 -0.792935667831646E+02 -0.422176509648747E+02
% -0.189349069390514E+02 -0.640427177668679E+01  0.511307580685988E+01
% -0.373327896396088E+01  0.106502873312231E+02 -0.896159136582101E+01
% -0.303312539795991E+01 -0.536161150794261E+01 -0.334721570062107E+01
%  0.108538870376333E+02  0.186553369753363E+02 -0.305459402979154E+02
%  0.358297230943234E+02  0.340771796544840E+02 -0.417628135737387E+01
%  0.150384356161061E+02 -0.145876205053904E+02 -0.117869596992635E+02
%  0.243824749470104E+02  0.539463318061703E+02 -0.281076079185904E+02
%  0.153985997243374E+02 -0.388557553136221E+02 -0.320559388953467E+02
% -0.469743416560199E+01  0.274471280539218E+01 -0.148392824605728E+02
%  0.126708380799574E+01  0.383463065313193E+01 -0.445631236525139E+01
%  0.308318515376044E+01  0.281418487956173E+01  0.660532836230479E+01
%  0.443553604432643E+02  0.469099900052619E+02  0.147518596012111E+02
% -0.739477100590331E+01 -0.166761338786102E+02  0.930768497988237E+01
% -0.198726707560046E+02 -0.180082489433820E+02  0.191424208784548E+02
%  0.263703783303996E+01  0.173883622473287E+02  0.279238880601895E+01
%  0.519113617384287E+02 -0.774405043839181E+02 -0.126663554428563E+03
%  0.189247534240191E+02  0.176229897002183E+02 -0.187366660037250E+02
% -0.274320060858126E+02 -0.665696503403860E+02  0.221322936687951E+02
%  0.237447726168309E+02  0.466509026165827E+02  0.148172210203082E+02
%  0.531902995779891E+00 -0.489988933453175E+01  0.118193265706521E+01
% -0.113366873391946E+02  0.210537866538949E+01  0.639564836165237E+01
% -0.568567795186215E+00 -0.944680909988139E+00 -0.907087115968175E+00
%  0.947329951473064E+01 -0.448116122843849E+02  0.396606159338232E+01
%  0.192441795692272E+01 -0.572338685969298E+02  0.168000292624957E+02
%  0.363035036385275E+02 -0.360172781833014E+02  0.214141474861304E+02
%  0.154124097950977E+02 -0.224180072575312E+01 -0.370087307322358E+01
%  0.177208482963056E+02  0.115871025255730E+01 -0.686175172970058E+02
%  0.217696677430240E+02  0.343419664641712E+02  0.441371510676159E+02
% -0.795706671126352E+01  0.890402025859643E+01 -0.188582447989319E+02
% -0.854521537969077E+01 -0.226074330672247E+02  0.372825201992681E+02
% -0.445426059143607E+01 -0.296121887459548E-01  0.360304017941169E+01
% -0.123256990971194E+03  0.918156923720075E+02 -0.112118623774423E+02
%  0.509714502905696E+00 -0.157922237963042E+01 -0.384584647564323E+01
%  0.166672648760638E+02 -0.311699164989481E+02 -0.236358389394969E+01
% -0.324743005764250E+02 -0.990136098890055E+01  0.584481654298024E+01
%  0.108457094336933E+01  0.995707373608084E+00 -0.204962536032875E+01
% -0.545421815230790E+02  0.661789651947126E+02  0.427723271053741E+02
%  0.116355217782271E+02 -0.567801239369432E+01  0.352495819523889E+01
% -0.119751188128230E+02  0.659528722517689E+01 -0.779177621680894E+00
%  0.454353121475906E+01 -0.126999483306375E+02  0.978402258118419E+00
%  0.164437137764375E+02 -0.495218920238890E+01 -0.489158684581619E+01
%  0.187964815217102E+02 -0.129882687117721E+02  0.839239403608459E+01
%  0.305135362718197E+02  0.287463595677939E+01  0.530461435417886E+01
%  0.328208719716640E+02 -0.663338341686846E+02 -0.192275856664755E+02
%  0.226144552358258E+01 -0.991166647158776E+01  0.902266219294490E+01
%  0.125622868421120E+02  0.364633790089575E+01 -0.167472175833635E+02
% -0.512125500712639E+01 -0.632748155654461E+01 -0.289275670469605E+01
%  0.149585527295078E+02 -0.748371403524224E+01  0.251611968727201E+02
%  0.115075320610259E+02  0.436143121920639E+02 -0.448366291941484E+02
% -0.429034275665133E+00 -0.382013969635189E+02 -0.525829130340613E+01
% -0.738382003181622E+01  0.264376107731422E+02  0.636929286263116E+01
%  0.261702692032545E+02 -0.745152281728987E+01 -0.591854742572009E+01
%  0.236213241440397E+02 -0.249835111255398E+01  0.421775092921184E+02
%  0.117979049519918E+02 -0.214488445375286E+01 -0.569382187655907E+00
%  0.515547130084801E+01  0.143818014992181E+01 -0.863063685869645E+01
% -0.392253953929839E+02 -0.245815771094947E+02 -0.421974156256795E+02
%  0.968246537844859E+01 -0.256333576690948E+02  0.190163777145962E+02
%  0.268283687759281E+01 -0.182137575117298E+01  0.339211873922847E+01
%  0.178644663229370E+02  0.753448092057917E+00  0.476877400446730E+02
%  0.117963589400644E+02  0.413486889051153E+01 -0.880734032733437E+01
% -0.642719174630527E+00  0.119734286360418E+02 -0.173413589544921E+02
% -0.242334219691206E+02  0.257412244736486E+01  0.256867548313956E+02
% -0.105174730369073E+03 -0.239742212352732E+02 -0.232051275600153E+02
% -0.439989783104704E+01 -0.258346062665578E+02  0.105282522877300E+02
%  0.191752946516636E+00  0.631222365590064E+01 -0.229145031863991E+01
% -0.150493283620790E+02 -0.639023916923511E+01 -0.409457301112477E+02
%  0.134939767995223E+00  0.423608107443271E+01  0.344069843625085E+01
%  0.132182111218239E+02 -0.314935132068209E+01 -0.149039539092975E+02
% -0.510364261825135E+01 -0.140102263157864E+02  0.636981087402911E+01
%  0.288440025186735E+02  0.799678895544891E+01  0.242853780757989E+02
% -0.288828659520712E+02 -0.189292235263107E+02 -0.137963160592517E+01
% -0.175733865954320E+02  0.396391584075266E+02 -0.383923157851486E+02
%  0.229983535023342E+02 -0.173471408480749E+02  0.563640183049276E+01
% -0.214488922112627E+02  0.713708665809325E+01 -0.106403453909346E+02
%  0.162366693435432E+01 -0.282109738035270E+01 -0.395667158741433E+01
%  0.799393003316878E+01  0.498086730668491E+02  0.690844731097641E+02
% -0.113985687276280E+02 -0.994914270072877E+01 -0.238419122669574E+01
% -0.542563621428625E+02 -0.430694422492494E+02  0.329110259817637E+00
% -0.190622844752466E+01  0.426598990146111E+01 -0.545639198465054E+00
%  0.487490167759611E+01 -0.645581879720861E+01  0.159083908811446E+01
% -0.106380335323419E+02  0.504859493757437E-01  0.226297163111855E+02
%  0.269909459029729E+02  0.204400004114718E+02  0.106967000413534E+02
%  0.206899187646095E+01  0.459915821281977E+01  0.532806721455770E+01
%  0.149447878893065E+02 -0.200019346061922E+02 -0.193016466351353E+02
% -0.391691242699935E+02 -0.172376114941093E+02  0.190218713815953E+02
% -0.516075249035003E+00 -0.337013705542823E+01 -0.471157673289361E+01
% -0.463407197211227E+01  0.396626437537383E+02  0.232815341552225E+02
% -0.302054176671018E+01  0.297064822866262E+01 -0.973556925153207E+01
% -0.375892268396077E+01 -0.586597200415774E+02 -0.310783076922900E+02
%  0.334250094550543E+00 -0.477022398031423E+01 -0.310496274097456E+02
% -0.255770727223583E+02  0.109608027086275E+02  0.198573333891843E+01
%  0.109337916292644E+01 -0.772159482241135E-01 -0.109616478025594E+01
%  0.185822185674065E+01 -0.857303490433964E-01 -0.356672505071993E+01
% -0.559340599485416E+01 -0.651183608403437E+01 -0.634685508498754E+01
% -0.332090584292238E+01 -0.307316169392726E+00 -0.446306688281467E+00
%  0.162844505306351E+02  0.539201313358600E+01 -0.121560899042531E+02
%  0.246768779483202E+02 -0.411226742264370E+01 -0.120278565464384E+02
% -0.120918444145641E+02  0.291896636664168E+02  0.164027234984136E+02
%  0.400958362420955E+02  0.590483766619362E+02  0.303048869311723E+02
% -0.947858187554683E+01 -0.464742414284017E+01  0.816363413134104E+01
% -0.548732242660382E+02 -0.201708994164197E+02 -0.174038448106633E+02
% -0.624102568660274E+02 -0.302974000814429E+02 -0.286524257702714E+02
%  0.362572447490866E+02 -0.127159707449977E+02 -0.212202112380979E+02
% -0.409030075148315E+02 -0.243813306573108E+01  0.233104058876597E+02
% -0.937696174978637E+01 -0.223923257060866E+01 -0.285559818442120E+01
% -0.947269329790323E+00 -0.684017921873918E+01  0.130736594467050E+01
% -0.187272268517555E+02  0.874668240325589E+01 -0.832661365816138E+01
%  0.604101450103248E+01 -0.164764720306416E+01  0.824150565759374E+01
%  0.484630049448947E+01 -0.101759629158109E+01  0.130606152742696E+02
% -0.456923778534340E+01  0.908084671698857E+01 -0.877878788281473E+01
%  0.760773465213677E+01 -0.854585662078495E+01  0.104878625375989E+02
%  0.494554800444749E+01  0.511293069581620E+01  0.346013015301399E+01
% -0.382970374815147E+00  0.171092516774848E+01  0.996487063927807E+01
%  0.234518497724143E+02  0.130388544673924E+02 -0.195387835176208E+01
%  0.348210016706799E+02 -0.882493648200931E+01 -0.325520129486111E+02
%  0.478833177023185E+00  0.104039619937748E+01 -0.667172492965620E+00
% -0.630434566942913E+02 -0.660792801462378E+01  0.906119500803867E+01
%  0.706524906495610E+02 -0.106836111685382E+02  0.515702958856984E+02
%  0.754438527588177E+01 -0.186862220357303E+02  0.906799777483089E+01
% -0.268763053890428E+01  0.463878349757513E+00  0.847354803174340E+00
%  0.401621025200513E+02  0.199536803194809E+02  0.641823276662927E+01
%  0.843109071770949E+01  0.193707278724616E+01  0.217792858239753E+02
% -0.165050269674523E+01 -0.117013653041268E+01  0.134141726659833E+01
% -0.714900996851887E+02 -0.153963976000688E+02 -0.318444685610096E+02
%  0.707717676831502E+01  0.374560807171561E+02  0.286540935094483E+02
%  0.656088667422987E+00 -0.679338324257634E+00  0.285735305519697E+01
% -0.106006382299826E+02  0.151419616716439E+01  0.722632549558485E+01
%  0.281571510571490E+01  0.367427846410769E+02  0.313332320338497E+02
% -0.479357738440297E+02 -0.333132187249573E+02 -0.138592117295478E+02
%  0.131402152959340E+02 -0.123790820245473E+01 -0.127995077516903E+02
%  0.334745596568935E+02 -0.888294326955729E+02 -0.483063825128677E+02
% -0.295347150792706E+01  0.104550957388156E+02 -0.333028985593022E+02
% -0.390294932864608E+02 -0.470673918310153E+02  0.184744735582120E+02
% -0.118743080040014E+03  0.431833323545179E+02  0.553628712646664E+02
% -0.866391562554324E+02  0.991580281710388E+02  0.234389323746690E+02
%  0.329415506557103E+01  0.291521746821307E+02 -0.389329410915186E+01
%  0.433057514068267E+02  0.317315731571913E+02  0.371512810313621E+02
% -0.375512188417233E+00  0.150401368037224E+02  0.379138068832003E+02
% -0.118056118246649E+02  0.265860795129215E+01  0.196184179043389E+01
%  0.209443710577704E+02  0.328345397276933E+02  0.260571677567107E+02
%  0.277549743048247E+01  0.886064598009378E+01 -0.475499192274424E+01
% -0.772231724972980E+01  0.223337904248435E+02 -0.260651330517091E+02
% -0.594580296670487E+01 -0.107714412489882E+02  0.372157824305296E+01
%  0.105326639897722E+02 -0.171912528818122E+02 -0.155634519324002E+02
% -0.234690199074220E+02 -0.323423012024478E+02  0.195697682995165E+02
% -0.793375860948235E+01 -0.284183171395267E+01  0.570722900548599E+01
%  0.400326175247375E+02 -0.893055334280612E+02 -0.429451026699690E+02
% -0.225576192057908E+01 -0.354982537650641E+02 -0.563646727183999E+02
%  0.440389172337369E+02  0.898046518993157E+01 -0.195727981615816E+02
% -0.474982816291241E+01 -0.213320081287018E+01 -0.720604492782468E+01
%  0.794732870070206E+00 -0.287193227491860E+01 -0.329362331124619E+02
% -0.539645356562261E+01  0.908053083500148E+00  0.261707973739377E+02
% -0.261205288632335E+02  0.949448288289040E+00 -0.572910634064183E+02
%  0.249075882868475E+01  0.599890866512373E+02 -0.331331501707644E+02
% -0.854997405378862E+01  0.882716952866559E+01 -0.159130970979604E+02
%  0.105764634043773E+02 -0.124527287793229E+02 -0.862783899452855E+01
% -0.529904839957365E+01  0.127036092854095E+02 -0.160375768749163E+01
% -0.329196765790836E+02 -0.142794745037893E+02  0.508225214378183E+02
% -0.961929141697559E+01  0.246503238404165E+02  0.118904922192122E+02
%  0.161539321126012E+02 -0.124472144104779E+02 -0.166307208466414E+01
% -0.178267163010605E+01  0.183338903659331E+02  0.244436711130183E+01
%  0.413812846611909E+00  0.154929388509785E+01 -0.628236179598257E+00
% -0.260519446530679E+02  0.330776046573057E+02  0.206575710942530E+02
%  0.539235449890367E+01  0.282692208621451E+01  0.154594061651827E+02
% -0.261271427026137E+02  0.227334663879662E+02  0.271903663733481E+02
%  0.145384215475671E+02 -0.302891599853967E+02 -0.828212697167782E+01
%  0.456366327538365E+01 -0.760252513997937E+01  0.416041198388719E+01
%  0.716759555375065E+00 -0.272481397088238E+01 -0.550135745859800E+01
% -0.255065145684661E+02  0.509014995446597E+01  0.131520973877284E+02
% -0.697671141894153E+01  0.872155831790488E+02  0.639970406481106E+02
%  0.345446226154934E+02  0.109593326812928E+02 -0.316459368451923E+02
% -0.121441623484185E+02  0.341506690117074E+02  0.695527574170199E+01
% -0.788508102591470E+01  0.194097931031758E+02  0.270965853646415E+01
% -0.762557436687980E+01  0.170790145089519E+02 -0.275813471570389E+02
% -0.374312951022989E+01  0.113324802764179E+02 -0.121022478646625E+01
%  0.129937223038995E+02 -0.321836285827249E+02 -0.255848140520932E+01
%  0.518665454709846E+02 -0.450389724358542E+01  0.837650039388677E+02
% -0.567523798427762E+01  0.137430890871947E+02 -0.114860673988752E+02
%  0.236504795416124E+02 -0.271471002262603E+01  0.201640732849062E+02
%  0.218514799695537E+01  0.198047481201637E+01 -0.286015314142868E+01
%  0.618354052841153E+01 -0.116528826566316E+02 -0.715551856628736E+00
%  0.162690273156969E+02 -0.539902115875849E+01 -0.368130293228699E+02
%  0.382653730357715E+01  0.172930351101822E+02  0.805806794873515E+01
%  0.661619588089425E+02 -0.715289420765703E+02 -0.123073690508633E+02
% -0.363430877099116E+02 -0.425699356136629E+02  0.287381670842912E+02
% -0.390175206984622E+02 -0.140768655071767E+02 -0.358618349307976E+02
%  0.107511821985531E+02 -0.201888255348474E+02 -0.197244083241801E+02
%  0.310485508597367E+02  0.115022357630507E+02 -0.342394582821170E+02
%  0.370212977201427E+02  0.204330651715713E+02  0.193461991909212E+02
%  0.860958970827471E+01  0.204719939448482E+01  0.897895280123206E+00
% -0.947807948384647E+01  0.294714744568857E+02  0.893564404562036E+02
% -0.198713838029044E+02 -0.109331265503287E+02  0.221858924312429E+02
%  0.781427854647846E+01  0.852109437307971E+01  0.820070941685118E+01
%  0.374945232887192E+01 -0.352619380454372E+02  0.130974373414898E+02
%  0.401550072362415E+01  0.267983507736401E+00 -0.775911326796441E+01
% -0.147809894939144E+02  0.757395415836130E+02 -0.122952764275964E+02
%  0.330978703504613E+02 -0.771625446056435E+01  0.863815266912462E+01
%  0.638680871362322E+02  0.273305972699705E+01  0.512483873226950E+01
%  0.250058599458389E+01  0.292955039568905E+01  0.209414235869876E+02
% -0.951720524751353E+01 -0.269049259134706E+01 -0.199384015869448E+02
%  0.107956583272350E+01 -0.880936879730722E+01  0.932555201035427E+01
%  0.853690155561006E+01  0.259316415986104E+02 -0.471735012764522E+01
% -0.145745607441899E+01 -0.283488302063807E+02 -0.147957228133061E+02
%  0.180818768296018E+02  0.134056380930271E+02 -0.109247609805318E+02
%  0.177478804948617E+01 -0.481081396068351E+01 -0.415007776333671E+01
% -0.160140053927019E+02  0.500494167658191E+01  0.844750608874258E+01
