% T    256  0.715122828077254E+01  0.715122828077254E+01  0.715122828077254E+01
  -0.194130313385792E+01  0.282575588029544E+01 -0.114296135798109E+01
  -0.246705148252298E+01 -0.348333570154044E+01 -0.678682763259797E+00
   0.516843969619543E-01 -0.411286872327533E+00  0.262119940882309E+01
   0.207538227430754E+01 -0.343609831863174E+00 -0.428219543006668E+00
   0.459047318398403E+00  0.288748015207008E+01 -0.235854688674912E+01
  -0.173715919889954E+01  0.263813298234854E+01 -0.283374454216935E+01
  -0.918987053935418E+00  0.173125356272178E+01  0.340882229185282E+01
   0.140695097528991E+01 -0.183543651683132E+01 -0.264986846242243E+01
   0.310715079918102E+01  0.306661749652211E+01 -0.152879000611326E+01
  -0.364616337685874E-01  0.615166452912104E-01  0.432517354943569E+00
   0.152005461871160E+01 -0.129256001197963E+01 -0.523312188160437E+00
  -0.161807301549677E+01 -0.574883956783805E+00  0.997800682587260E+00
  -0.731022248310519E+00  0.118687024689123E+01 -0.715224652645066E+00
  -0.756846770804480E+00 -0.305138315564170E+01  0.222663949372745E+01
  -0.305803019243710E+01 -0.100135449420748E+01 -0.142818248509285E+01
  -0.145505340001312E+01 -0.163357065103096E+01  0.335206614551758E+01
  -0.297924596341258E+01  0.244648460398232E+01  0.319339642358862E+01
  -0.182096325187395E+01 -0.341919168945905E+01  0.401174232845373E+00
  -0.151820803796569E+01  0.140192843865197E+01 -0.273653826314719E+01
  -0.227327582181944E+01 -0.323327497182792E+01  0.281122395296605E+01
   0.221783425704116E+01  0.281038477897715E+01 -0.579040879713459E+00
   0.256076862354948E+01  0.583208477047831E+00 -0.419622955448009E+00
   0.260798872650890E+01  0.183373016262852E+01 -0.216935342244390E+01
   0.174706254931077E+01 -0.286702675817503E+01  0.227407165561300E+01
   0.256101047609050E+01  0.348184026559743E+01 -0.241587434578848E+01
  -0.117888263979569E+01  0.189069048035760E+01  0.218090324568049E+01
  -0.425618084875558E-01  0.321120323736251E+01  0.252475424659674E+01
   0.125112536395719E+01  0.353516417055420E+01  0.330764256643596E+01
   0.128161920444256E+01 -0.646435104421771E+00  0.190170403188047E+01
   0.199481865596299E+01  0.410405851311992E+00  0.322152719257864E+01
   0.195700859369494E+00 -0.207066835822260E+01  0.243916633409890E+01
  -0.283191408666092E+01 -0.343786900750779E+01 -0.194416654986560E+01
   0.283097598279703E+01 -0.327615908047111E+01  0.353834105607302E+00
  -0.173468296155914E+01 -0.289559341171819E+01  0.355214549689096E+01
  -0.459503371672859E+00 -0.202681040815970E+01 -0.183933236663838E+01
  -0.189610151241328E+01 -0.173741024693134E+01 -0.965207601870798E+00
  -0.157059092170091E+01 -0.249710339368551E+00 -0.105255753614977E+01
   0.337321369298897E+01  0.161963353294854E+01 -0.295940557595466E+01
   0.337719656669939E+01  0.267229872251234E+01 -0.261070902463097E+01
   0.325811000589516E+01 -0.199428445124455E+01  0.166817362508142E+01
  -0.294843875824492E+01 -0.242042783807463E+01  0.246237036536534E+01
  -0.222997155881158E+01 -0.260832271920186E+01  0.106749891095050E+01
   0.649269439953126E+00 -0.340449121607355E+01 -0.120942043276339E+01
   0.778554010033529E+00  0.238685516255227E+01  0.318667163212823E+01
   0.168910624661241E+01 -0.181578533976784E+00 -0.144815942853298E+01
  -0.238824265789269E+01  0.142913670657409E+00 -0.206381022278920E+01
  -0.285122079091390E+01  0.862573136380819E+00 -0.563413668791240E+00
   0.191063320501252E+01  0.280024526707595E+01  0.282665889242933E+01
  -0.129195290814012E+01 -0.349783833493092E+01  0.126724313984196E+01
  -0.319591801276838E+01 -0.200171067321267E+01  0.723797588643953E-02
   0.119831480824524E+00  0.204222708148183E+01 -0.132574251160980E+00
  -0.117459583905724E+01  0.319827919294529E+00 -0.193652374553215E+01
   0.598519759784224E+00 -0.743591398139624E+00  0.112533402542678E+01
   0.252197485562459E+01 -0.244066157622951E+01  0.340417747239476E+01
  -0.113039924558166E+01 -0.257639886662661E+01  0.240963773021851E+00
  -0.499446091630498E+00 -0.858800082366643E+00 -0.687230984462048E+00
   0.709655962609169E-01  0.753836826461485E+00 -0.293966311553618E+01
  -0.130878139233750E+01 -0.375104821904795E+00  0.321651419477558E+01
   0.123679274866712E+01  0.260338305219119E+01 -0.299437225981757E+01
   0.240403499133344E+01 -0.476398713592593E+00 -0.241930186499155E+01
  -0.233403355199448E+01  0.357350397856022E+01 -0.334077178442032E+01
   0.113813199707828E+00  0.928740151314064E+00 -0.238985802821163E+00
   0.208794846452888E+01  0.347963113529575E+01  0.154256026211019E+01
   0.190775390716439E+01 -0.241202906657559E+01  0.223350431256073E-01
   0.294791311094096E+01 -0.366220606082025E+00 -0.120154477091382E+01
  -0.308118636640085E+01 -0.116451813228281E+01  0.174530147416903E+01
  -0.219355843388132E+01 -0.240372534210417E+01 -0.273131229812956E+01
  -0.114449715250214E+00 -0.351018915943594E+01  0.152921941925108E+01
  -0.142392038255250E+00 -0.197196194739786E+01 -0.303258423356397E+00
  -0.246064782459457E+01 -0.146696231933885E+01 -0.292225367536956E+01
   0.320383425287917E+01  0.255601715468009E+01  0.296249582812385E+01
  -0.302087024084058E+01  0.127557539984776E+01  0.246508411007271E+01
   0.161608810156023E+01 -0.145341172767788E+01  0.146575019720100E+01
  -0.238787015865611E+01  0.110554878361909E+01  0.321953125078272E+00
   0.334374270743612E+01 -0.179417249432883E+01  0.296476856789034E+01
   0.821989254610060E+00 -0.213697391878796E+01 -0.339783870169345E+00
   0.305506979276321E+01 -0.343767396282169E+01  0.282508326721784E+01
   0.168135356920808E+00  0.306665256637460E+01 -0.348321528565160E+01
  -0.242483290786090E+01 -0.940069319176552E+00  0.328070117632298E+01
  -0.419731422629895E+00  0.167292844291067E+01  0.135069765447639E+01
  -0.305979824672976E+01 -0.344109718722739E+01  0.318919968316714E+00
  -0.332327525463373E-01 -0.336380862302429E+01 -0.223232578828051E+01
  -0.640584204659356E+00  0.201859484010016E+01 -0.218692984323651E+01
  -0.132166741668032E+01 -0.168368933938980E+01  0.962038103054322E+00
   0.228584622960826E+01  0.739492269322917E+00 -0.300512625436027E+01
  -0.235338535565529E+01  0.288327363502219E+01  0.250670997983211E+00
   0.204371931605690E+01  0.209857860700627E+01 -0.294897112124283E+01
   0.194303724030895E+01  0.115749749913812E+01  0.102298948367660E+01
   0.279587869742485E+01 -0.108466260362377E+01  0.156874025512777E+01
   0.193259653041729E+01 -0.303045302123715E+01 -0.306825390995218E+01
  -0.602628661911116E+00 -0.164639414271840E+01 -0.319423238576151E+01
   0.523237174369280E+00 -0.269066977001923E+01  0.158774894573028E+01
  -0.225693553329361E+01  0.910357539488720E+00  0.309079428185042E+01
  -0.625977938515763E+00 -0.158563609897925E+01  0.205901253236830E+01
  -0.141032915863658E+01 -0.975773375885702E+00 -0.169909564179596E+01
  -0.229978348427797E+01 -0.205174551419773E+01  0.316469941052212E+01
   0.323027206886285E+00 -0.151534422713619E+01 -0.125252202566541E+01
  -0.958026603322132E+00 -0.354653526036802E+01 -0.246014046944136E+01
  -0.269094332718475E+01  0.165585221452982E+01 -0.309533731979484E+01
   0.125285838085093E+01  0.310102810210339E+01  0.128602722371370E+01
   0.150042879458860E+01  0.192272881218532E+01  0.263711193297057E+01
  -0.208814183294903E+01  0.213718411309246E+01 -0.421972404377448E+00
  -0.113929982568029E-01  0.189356241992348E+01 -0.131869578492217E+01
  -0.278231702962590E+01  0.306744746419757E+01 -0.268742794603573E+01
   0.101106030634736E+01 -0.618402348271309E+00  0.259143905601767E+00
   0.220527791406508E+01 -0.293362763274099E+00  0.201661646558385E+01
   0.223983367622849E+01 -0.112131838084585E+01 -0.132135897109801E+01
  -0.137403596252336E+01  0.767581194538321E+00  0.223225611408181E+01
   0.311816536021425E+01  0.937401194115188E+00  0.241093126663351E+01
  -0.131548671226395E+01  0.300930057912368E+01  0.247757316091772E+01
  -0.290197931296220E+01 -0.206483201119011E+01 -0.182684682236138E+01
   0.288759695349866E+01 -0.305892644001724E+01  0.170284369103572E+01
  -0.150532582513041E+01  0.169971315483881E+01 -0.138665655751515E+01
   0.229700171831071E+01 -0.170228931508055E+01  0.263433117425146E+01
  -0.146880363761105E+01  0.280460942660008E+01  0.648981596985020E+00
  -0.103572688418355E+01 -0.640674640013818E+00  0.215069870146075E+01
   0.233431046462633E+01 -0.711178569480391E+00 -0.356105322302955E+01
   0.156456663885303E+01  0.112284081078360E+00 -0.236762739957303E+01
   0.812885385802002E+00  0.120859573902940E+01 -0.105792368166483E+01
   0.839388689346954E+00 -0.632913443552454E+00 -0.188853400654607E+01
   0.148612591524201E+01  0.684561834597450E+00 -0.655761006813623E+00
  -0.315849942443274E+01 -0.300155532400382E+01 -0.292051167942527E+01
   0.339736955288576E+01 -0.105721751198413E+01 -0.226304891832827E+01
   0.205176123363221E+01 -0.328154984698747E+01 -0.538807481100708E+00
  -0.474356314144384E+00 -0.355086487488360E+01  0.365264125548074E+00
   0.219676646864315E+00  0.303322300540447E+01 -0.605547249999267E+00
   0.903472872115013E+00 -0.318984689714394E+01 -0.337500921389935E+00
  -0.115262977222415E+01 -0.245350711968150E+01 -0.113668210115820E+01
   0.196396054523238E+01  0.161641305915027E+01 -0.206313535714437E+00
   0.144601383457893E+01 -0.211708486955410E+01  0.348099439162234E+01
   0.190933455626095E+00 -0.244155127144304E+01 -0.256669424207685E+01
  -0.194022804425935E+01  0.269383420992993E+00 -0.313455879342057E+01
  -0.627897479758124E+00  0.107981254652008E+01 -0.213369340235866E+01
   0.188006978203600E+01  0.846774711949444E+00  0.214056865991852E+01
   0.311816820903566E+00 -0.298989879535526E+01  0.317068509804863E+01
   0.778533509686078E+00  0.888605423730685E+00 -0.229822013084368E+01
  -0.150588063795927E+01 -0.887348481917062E+00 -0.309229612502158E+01
  -0.368556385497583E+00 -0.263573363454467E+00 -0.336313181046688E+01
  -0.351706582940230E+01 -0.234868128808370E+01 -0.103434495094560E+01
  -0.135171667627140E+01 -0.192590859425305E+01 -0.245647279223503E+01
  -0.248439518045736E+01  0.131675849049491E+01 -0.162508522469272E+01
  -0.670002539800563E+00  0.168067287798789E+01  0.392260730230804E+00
   0.108521364548804E+01  0.129404200462456E+00  0.248559161992011E+01
   0.220551025986728E+00  0.206043808152472E+01 -0.319358350313812E+01
   0.321567962062597E+01 -0.118751872919021E+01 -0.256216578483480E+00
   0.309854408500240E+01  0.163183917636118E+01 -0.107165571491685E+01
   0.209394824220256E+01 -0.237659039091859E+01 -0.213667669943182E+01
  -0.258703812488781E+01  0.223253402840312E+01  0.221989307254108E+01
  -0.237200133966884E+01 -0.164946083272874E+01  0.846021890374233E+00
  -0.321516825074541E+01  0.199374923840928E+01  0.371547257330073E+00
   0.333992880174857E+01  0.619311226093396E+00 -0.118561450587210E+01
   0.771927974994787E+00  0.250419452811106E+01  0.590792381378094E+00
  -0.892202850360549E+00  0.261631644961246E+01  0.139717653600493E+01
  -0.664640091555303E+00  0.261082956059307E+00 -0.554443449404552E+00
  -0.543423207342153E+00  0.318036961308679E+01 -0.153825106904291E+01
   0.945162427486645E+00  0.350150625732228E+01  0.222723378303160E+01
   0.122198209013314E+01 -0.239879377865116E+01 -0.123114384587388E+01
  -0.997715084418246E+00  0.694849929648413E+00  0.347772951325866E+01
  -0.761284034842165E+00 -0.346704574561947E+01  0.332183840930713E+01
   0.245872093121930E+00  0.672668423916286E+00  0.129431208371631E+01
  -0.160649222793804E+01  0.406772474520536E+00  0.119302508896432E+01
  -0.181521843907473E+01  0.198447720220152E+01  0.869538615862972E+00
  -0.341328121586590E+00  0.911033663206512E+00  0.209087393002696E+01
   0.143364697691656E+01  0.189287366372375E+01 -0.204597893598458E+01
   0.909739761264683E+00 -0.140167960081667E+01  0.278693491674921E+01
   0.209004463894241E+00  0.165161105299257E+01  0.296904274525079E+01
  -0.352497211161239E+01 -0.191627131886490E+01 -0.315885797468700E+01
   0.225374425418046E+01 -0.157735971296259E+01  0.575659934559578E+00
   0.291781331962137E+01 -0.296044367125468E+01 -0.180133031094585E+01
   0.141611203765623E+01  0.139613973767809E+01 -0.350718629569356E+01
   0.413910705167376E+00  0.179281328853930E+01 -0.221231251863754E+01
  -0.318805257125049E+01  0.343801967597076E+01  0.321348039638911E+01
  -0.208048602847833E+01 -0.232520498952555E+01  0.446043944791862E-01
  -0.265619529734378E+01 -0.500390972452987E+00  0.131525248081685E+01
   0.196410052653536E+01  0.240027724732368E+01  0.159746643423821E+01
   0.245406792334696E+01 -0.168374183930565E+01 -0.288779046074905E+01
   0.288460771160395E+01  0.174027938898409E+01  0.627089340783151E+00
   0.905271902051898E+00  0.169156194431831E+01  0.166953069065257E+01
   0.104662272620202E+01 -0.593934933239349E+00 -0.351432868446385E+01
   0.338703533346284E+01 -0.463600121884108E+00  0.325542996667078E+01
  -0.345578531176326E+00  0.259215627323519E+01  0.590098439926126E+00
   0.109527177815604E+01 -0.286345421529739E+01 -0.212533249461875E+01
  -0.258572697833579E+01  0.135672604714002E+01  0.136030338529662E+01
  -0.994302962979661E+00  0.254819441480390E+01 -0.581942120916136E+00
  -0.343988917398293E+01 -0.675860522735197E-01 -0.192531663385695E+01
   0.380177210152476E+00  0.301681150990147E+00  0.334095968874726E+01
   0.288470602061039E+01 -0.237158190088598E+01 -0.104211754645378E+00
   0.639105178229075E+00  0.104515048744471E+01  0.235293069965495E+01
  -0.897926749736145E+00  0.286176680186770E+01 -0.331244500694520E+01
  -0.923826727221584E+00 -0.767570910019014E+00  0.155041870425988E+00
   0.295707884653022E-01 -0.688115249488663E-01 -0.226925037201810E+01
  -0.317230772370241E+01  0.284689248740768E+01 -0.384629926856329E+00
  -0.194243447279360E+01 -0.220635350747536E+01  0.190005596953463E+01
  -0.900784611326999E+00 -0.223073933249533E+01  0.285274796438217E+01
  -0.355424154340714E+01 -0.322367307019966E+01 -0.589087271836455E+00
  -0.344061092831342E+01 -0.104835374952888E+01  0.674358964489122E+00
   0.250388157001176E+01  0.293532012972224E+01 -0.344581319721933E+01
  -0.133551043719021E+01  0.852645098130188E+00  0.121232814889353E+00
   0.295479357836329E+01 -0.214388138325981E+00  0.142649912879223E+00
   0.569711002030179E+00 -0.336556059576182E+01  0.684522288066881E+00
   0.297732278749809E+01 -0.189235850127632E+01 -0.203049003618512E+01
   0.326819934561503E+01 -0.349580324468883E+01 -0.327415759054921E+01
  -0.188531556310225E+01 -0.108894324849217E+01  0.173839905401062E+01
   0.254680155646080E+01  0.173297579457739E+01  0.213639519150045E+01
   0.328234212767735E+01  0.151226443378698E+00 -0.301773520993139E+01
   0.344011213922732E+01  0.332020087752569E+01  0.187729808599820E+01
  -0.206972603885305E+01 -0.172028168492847E+00  0.259388082771544E+01
   0.407464390363289E+00 -0.192706109122220E+01 -0.343153273138913E+01
   0.177244952961671E+01 -0.340619118298063E+01  0.432182709143095E+00
  -0.284746265595608E+00 -0.122693525383637E+01  0.292527087248360E+01
   0.200216363620283E+01 -0.207405247213907E+00  0.616991566940840E+00
  -0.295922658820170E+01 -0.458645887166674E+00 -0.303296213402495E+01
  -0.198883731522748E+01 -0.119375997685044E+01 -0.540808044898829E-01
  -0.180787660851566E+01  0.716147145600010E+00 -0.100570623417075E+01
   0.348570410298308E+01  0.748013371949394E+00  0.336758404529568E+01
  -0.264445434763050E+01  0.304293961977216E+01  0.123102414926922E+01
  -0.184383087373813E+01  0.218872784512850E+01  0.320234923274510E+01
  -0.209647806731963E+01 -0.132070112668234E-01 -0.180996615924224E+00
  -0.343974996218989E+01  0.746788265393859E+00  0.108140953254667E+01
   0.107209879745402E+01 -0.222014786548703E+01  0.673904195445585E+00
   0.239513726330233E+01 -0.214331874396066E+01 -0.107524904100718E+01
   0.206886389028911E+01  0.273434845275486E+01 -0.189044958786968E+01
   0.340614294152300E+01  0.300307915222404E+01  0.903824716951888E+00
  -0.290593953919249E+01  0.590410578470490E+00 -0.293655386511752E+01
  -0.224661046024077E+01 -0.273623455677011E+01 -0.136712877221771E+01
   0.180290480375018E+01 -0.348786639718467E+01 -0.149020898914818E+01
  -0.316390985775876E+01 -0.298909540248373E+01  0.137030288659498E+01
  -0.304710554037600E+01 -0.610732783093261E-01 -0.891358810453792E+00
   0.661601380962627E+00  0.140504332855214E+01  0.615609943103697E+00
   0.202954930114345E+01  0.106399004043835E+01 -0.153837349256218E+01
   0.226016112096180E+01 -0.243515244084528E+01  0.131892657541759E+01
   0.298604895021904E+01  0.677580994289617E+00 -0.217968376270558E+01
  -0.245856474883270E+01  0.528001861965771E+00  0.190871269355951E+01
  -0.349604061181198E+01  0.217207857608744E+01  0.160332012754319E+01
  -0.297330454104092E+01 -0.106259737235970E+01 -0.228096749068873E+00
   0.336109245397005E+01  0.106002735467696E+01 -0.548942760992896E-01
  -0.362082835858226E+00 -0.773512272482782E+00  0.111438501934677E+01
   0.268401983646611E+01  0.357781829627040E+00  0.117482742520278E+01
  -0.672486367793496E+00 -0.739387231669129E+00 -0.235769233104711E+01
  -0.151235478152746E+00 -0.308144201700215E+01 -0.513900845780473E+00
   0.615832190447705E+00 -0.122734422277385E+01 -0.263807076324041E+01
  -0.234928907537694E+01  0.236597355876785E+01 -0.195163569694705E+01
   0.195632577178642E+00  0.240485276071668E+01  0.142508623157381E+01
   0.221217920263023E+00  0.307194532925029E+00 -0.135618003668905E+01
  -0.304923878749718E+01  0.189144281061110E+01 -0.734304010904011E+00
  -0.219487550186396E+01 -0.339827761841459E+01  0.182067066670223E+01
   0.784171096510099E+00 -0.548244485149989E+00 -0.933197897044388E+00
  -0.236147289422586E+01 -0.774578814298185E+00 -0.212475133851623E+01
   0.118281347911289E+01  0.247747991578038E+01 -0.510156504218109E+00
  -0.417600002247594E+00 -0.251134037080469E+01  0.943407716325926E+00
   0.221054498841651E+01  0.282898941385539E+01  0.451687267751638E+00
   0.224643517058887E+01  0.157901516747985E+01  0.316292202761535E+01
   0.123269511142367E+01  0.377967057768801E+00  0.131775050307008E+01
   0.346435475616285E+01 -0.184919280853709E+00  0.157517187460527E+01
  -0.314341254252568E+01 -0.130077623007281E+00  0.163556008795892E+00
   0.185259525530952E+00 -0.161775233934936E+01  0.574482830983469E+00
%  0.808883326190959E+00  0.484426220624719E+00  0.197877860266891E+01
%  0.128453888986432E+01 -0.174629711579301E+01  0.204118203696175E+01
%  0.480235371749578E-01  0.764608884876796E+00  0.171114223334667E+00
%  0.127273581570199E+01 -0.188744928881614E+01  0.156253462022463E+01
%  0.238106886573101E+00  0.230400819553317E+01  0.263925062382865E+01
%  0.146044373973146E+01  0.989382457695210E+00  0.368811874287443E+00
%  0.276734944452183E+01  0.285144975860311E+00 -0.599321349280135E+00
%  0.756435201446968E+00  0.109725062425105E+01 -0.388810191380944E+00
% -0.143861801705860E+00 -0.362663962792995E-01  0.536936647355002E-01
% -0.117418729404601E+01  0.283465754177115E+01 -0.761339675972807E+00
%  0.178729877666717E+00  0.131727529143701E+01 -0.145144076148172E+01
%  0.150722484226399E+01 -0.338070957573622E+00  0.674700720748596E+00
%  0.281780171435135E+01  0.275543393634198E+01  0.242175537823880E+00
% -0.164950696631111E+00  0.157998221046813E+01 -0.272519124421283E+00
% -0.337428270481903E+01 -0.700040913798045E+00 -0.109937328364795E+01
%  0.119012561722975E+01 -0.170149621685367E+01  0.142810414725409E+01
%  0.754189493304725E+00 -0.290912262442500E+01 -0.583188929138394E+00
% -0.940188592622921E+00 -0.582714211590765E+00  0.774546791156320E+00
% -0.584471797615197E+00 -0.287103597497746E+01 -0.609896690661406E-02
%  0.714926359087802E-01 -0.116522782206865E+01 -0.233423580340491E+01
% -0.316914873148983E+01 -0.984830762379376E+00  0.140735325682906E+01
%  0.674843071339526E+00  0.689551920267784E+00 -0.165913927960586E+01
%  0.240400782557900E+01 -0.798637141822118E+00 -0.476017636350536E+00
% -0.405594322099338E+00 -0.103683775297928E+00  0.230229081854584E+00
% -0.222922280497835E+01 -0.216643530665904E+01 -0.216998276232772E+01
%  0.128366654356720E+01  0.149176142710155E+01  0.141765440659666E+01
% -0.990786222515635E-01 -0.177969617528719E+01  0.133547353006478E+01
%  0.193053803431763E+01  0.112139826091040E+01 -0.104558752877298E+01
%  0.878231644049597E+00 -0.410214473274499E-01 -0.328221740202321E+00
%  0.202119235236244E+01 -0.361813730453820E+00 -0.151839184528479E+01
%  0.871206467889559E+00 -0.991054474699053E+00 -0.265003978600168E+01
% -0.120500046509923E+01 -0.163222717200169E+01  0.148472396281642E+01
%  0.225464190448976E+01 -0.470810515971977E+00 -0.528113921197081E+00
%  0.215246774952926E+00 -0.192123985183226E+01  0.695098799485701E+00
%  0.254969263405292E+00 -0.128169429387348E+01 -0.133823252451284E+01
%  0.476557550126471E+00 -0.354183613994045E-01  0.509108201908958E+00
% -0.374628400349441E+00 -0.193009881871776E+01 -0.808332137926618E+00
%  0.481646730205810E+00  0.157487192078881E+01 -0.299801015483352E+00
% -0.560067272255813E+00  0.194130973033341E+01  0.118051609183473E+01
% -0.259140456909637E+00  0.105053078936001E+01  0.426139283216443E+00
%  0.160623684012333E+00 -0.266819807115016E+01 -0.107013591597260E+01
% -0.166898913459994E+00 -0.274593374693984E+00 -0.901226710629580E+00
% -0.188164770352884E+01 -0.823528951716146E-02  0.474728118891779E+00
% -0.181813726845443E+01  0.136917565168250E+01 -0.495434668675473E+00
% -0.175542913578508E+01 -0.451051166551310E+00 -0.482569704620656E+00
% -0.286501803988077E+01  0.297885890492640E+01  0.132896475538810E+00
% -0.582204225786486E+00  0.151874670478664E+01  0.207211597858369E+01
%  0.566949895002933E+00  0.145701757467008E+00 -0.883082915413363E-01
%  0.112549842336108E+01  0.323864607224349E+01  0.162517150409597E+01
%  0.293961413803811E+00  0.287959408709524E+00  0.979279181634478E+00
%  0.917491971246504E+00 -0.791529511711698E+00 -0.908978279425688E-02
%  0.568691430851465E+00 -0.250887762454441E+01 -0.238021032745479E+01
%  0.177232317179059E+01  0.143291091526042E+01 -0.278704954731762E+00
%  0.153056466799663E+01  0.277512770660372E+00 -0.126720773589725E+01
%  0.134082490543461E+01 -0.856302803052280E+00  0.507636934022675E+00
% -0.768766631031412E+00 -0.523085731676061E+00 -0.242173269034051E+01
%  0.449715294543555E+00 -0.199734704394112E+00  0.106355960391395E+01
%  0.132898445667819E+01 -0.683773901701504E+00 -0.104036697238012E+01
% -0.641610546279305E+00 -0.350941235838439E+01  0.332755541387710E+01
% -0.704852946751508E+00  0.160370772669983E+00 -0.720826250783528E-01
% -0.163961330119261E+01  0.268562859151242E+01 -0.198874654695563E+00
%  0.422079335526497E+00  0.780292364955473E+00  0.124126555078414E+01
%  0.298350488132381E+00  0.276299266611324E+01 -0.455852917293314E+00
%  0.187635174542528E+01 -0.739669150328533E+00 -0.189748760871569E+01
% -0.630359666324352E-01 -0.400631596274275E+00  0.800744878328331E+00
% -0.101859773876406E+00 -0.101276381392908E+01 -0.154741950577003E+01
%  0.379004242239636E+00  0.286311748360455E+00 -0.144300011167077E+01
%  0.298782239965903E+00 -0.599933270504078E+00 -0.560310931163018E+00
%  0.226257851591390E+01  0.739570091442124E+00 -0.333614366289487E+00
% -0.133118465236368E+01  0.867973875620011E+00  0.429051725352182E+00
%  0.176477619796900E+01 -0.150762214926808E+01 -0.263307058756526E+01
%  0.373993065552922E-01 -0.609221716864709E+00  0.590015195152538E+00
% -0.138227817118503E+01  0.727445805763493E+00 -0.150569364733975E+01
% -0.169849291402333E+01  0.177581712514500E+01  0.198130152387910E+00
% -0.725918789642973E+00  0.212516525176133E+01 -0.343872170781013E-01
% -0.141217557115253E+01 -0.209621134115621E+01 -0.423500574732477E+00
%  0.559730129386814E+00 -0.416145243248513E+00 -0.780468409875228E+00
% -0.202583712946405E+00 -0.266570163414748E+01 -0.747719120422989E+00
% -0.370239248354070E+00 -0.726535398487936E+00  0.162146334891678E+00
% -0.178025851325911E+01  0.774949610783740E+00 -0.281194334117014E+01
%  0.100356620158352E+00 -0.128778341104383E+01  0.514026040234498E+00
%  0.191142093074194E+00  0.151874105616365E+00  0.153402958195713E+01
% -0.804645208222293E+00 -0.698621172866035E+00  0.622261140020722E+00
% -0.126019489165656E+01 -0.203541226847769E+01 -0.152638107507719E+01
% -0.820414676740556E+00  0.160127137429663E+01 -0.603943534467068E+00
%  0.178697598155650E+01 -0.852645761636614E+00  0.284544257373700E+01
% -0.106456399303408E+01 -0.138329034623163E+01 -0.342387059068891E+00
% -0.502141662914344E+00 -0.647549673618178E+00 -0.235495991992109E+01
% -0.241200947292821E+01 -0.988915263901994E+00  0.530652941774529E+00
% -0.159902007363857E+01 -0.355453407766670E+01  0.631942238084510E+00
%  0.912136437049867E-01  0.107091813119339E+01 -0.543161053303649E+00
%  0.259899865824636E+01  0.319543063256543E+01 -0.973817185872734E+00
% -0.108707932425962E+01  0.101503489023924E-01 -0.645680075019755E+00
% -0.263868280904530E+00  0.611524786345839E+00 -0.772243664042688E+00
%  0.892407750394454E+00  0.368290177095821E-01  0.241966973364130E+01
% -0.111588644855454E+01 -0.127206793845730E+01 -0.887258607703703E+00
% -0.146142856552357E-01  0.117537493798282E+00  0.165581835891003E+00
%  0.219018629251901E+00  0.138605727546150E+01  0.695823037429854E+00
%  0.963673459460013E+00  0.223259682798937E+00 -0.282332980181688E+00
%  0.537375364689698E+00 -0.174311481235885E+01  0.173231223629177E+01
%  0.184549761224637E+01 -0.525798111564226E+00  0.265647439268222E+00
%  0.114885392386032E+01  0.276158985494423E+00  0.500878298191759E+00
% -0.392542516250841E+00  0.967161816054257E-02  0.235496313523523E+01
%  0.138822948889471E+00  0.538484357423575E+00 -0.110945665396164E+01
% -0.528180369143259E+00  0.384352132727690E-02  0.272973249599013E+01
% -0.207693209556922E+01  0.590316441051781E+00 -0.166444458218839E+00
% -0.446396092682243E+00 -0.731561259989144E+00  0.107101597315598E+01
% -0.117636502850920E+01 -0.742670367130103E+00 -0.110218948169220E+01
%  0.284842689230106E+00  0.579893919764120E+00  0.430610978249300E+00
%  0.158680034180148E+01  0.214297719442513E+01 -0.134972640368964E+01
% -0.637701654190770E+00  0.291571575958503E+00  0.433783368769573E+00
%  0.122288095107621E+01  0.685669941539022E+00 -0.125110330636788E+01
%  0.969999216811928E+00 -0.771108962313820E+00  0.149270625826996E+01
% -0.120585638541383E+01  0.102449643909882E+01  0.419412373610129E+00
% -0.517756620479618E+00 -0.180465674281357E+01  0.180229777635935E+00
%  0.117326751902696E+01  0.260407924350371E+00  0.225052055927116E+01
% -0.400881239729869E+00 -0.204086611890141E+00 -0.327314870055858E+00
% -0.614886090350966E+00 -0.629700752469655E-01  0.423589657419082E+00
% -0.923154251465629E+00 -0.181009877970430E+01 -0.128875318494665E+01
%  0.687890158535325E+00 -0.670448562151868E+00  0.224860018486125E+01
% -0.136581970938066E+01  0.181157727634634E+01 -0.982649260433918E+00
%  0.119917979580853E+01  0.950374388578116E+00  0.825335057981481E+00
%  0.562053404192468E+00 -0.220694347245469E+01  0.925072898602713E+00
% -0.110217378876999E+01 -0.153030204595898E+01  0.185597724292635E+00
% -0.677970405099658E+00  0.338358208747640E+00 -0.588642417548005E+00
%  0.938324338342942E+00 -0.174886023556319E+01 -0.120246794565345E+01
%  0.120551318881923E+00  0.183391540659718E+00  0.728211851118208E+00
% -0.740761059300422E+00 -0.781207828027470E+00 -0.162323310946525E+01
%  0.675039422443075E+00  0.620224182136890E+00 -0.327998388355584E+00
% -0.112935994347912E+00  0.897867795462660E+00 -0.157437238729214E+01
%  0.272217199133414E+01  0.247239051411633E-02  0.130832358171463E+01
% -0.179433469187678E+01  0.120534011525992E+01  0.222132476360261E+00
%  0.100967361168091E+00 -0.381819856599476E+00 -0.431895019967994E+00
% -0.106328588547715E+01  0.369357485137016E+01  0.997871687084928E+00
% -0.642349785149889E-01  0.129327075219620E+01  0.847448071313840E+00
% -0.175492865088025E+01  0.236583317962962E+01  0.206086907769750E+01
%  0.725366924044245E-02  0.834884939746507E+00  0.202560068249290E+01
%  0.112922446121382E+01 -0.218234814195061E+01 -0.170486914285408E+01
%  0.167637782144300E+01  0.314223189512974E+00  0.161334613257941E+01
% -0.295869558467170E-01 -0.443600442280504E+00 -0.410159202378363E+01
% -0.119746271546246E+00 -0.372197365114791E+00  0.501249883072184E+00
%  0.921441669985505E+00  0.968348594371674E-02 -0.439678118263432E+00
%  0.156656303438170E+01  0.139818710945429E+01 -0.145676252102472E+01
% -0.109566552344088E+01  0.140297198739223E+01  0.885852153773241E+00
% -0.877542169803099E+00  0.118629800148464E+01 -0.211531353976180E+00
% -0.168888177743945E+01  0.714652381603284E+00  0.881026079701563E+00
%  0.616978835624042E+00  0.153473743959477E+01 -0.959016362668053E+00
% -0.122675350502366E+01  0.165207865654851E+01 -0.485495570554148E+00
%  0.222174466359938E+01  0.227028949059740E+01 -0.660843601760404E+00
%  0.124593492100904E+01  0.135643076719355E+01  0.126529105742271E+01
%  0.173014203167463E+00 -0.112098721937454E+01 -0.117380571235197E+00
% -0.138953810086222E+01  0.952580547563723E+00  0.112312038336670E+01
%  0.608339334472084E+00  0.171065781056393E+01  0.132978303382004E+01
%  0.660257036614160E-01  0.312295807375743E+00 -0.106871623795488E+01
% -0.147858226596710E+00 -0.159395972187245E+01 -0.126055762311630E+01
% -0.118192061210750E+01 -0.155002816766045E+01 -0.680947025026981E+00
% -0.333924255117182E+01 -0.475421538802210E+00  0.494546083187216E+00
% -0.468080427193028E+00 -0.104313152047975E+00 -0.151503018539645E+01
% -0.531964322081485E+00  0.788225675257547E+00  0.135768288270751E+01
%  0.937361470400463E+00 -0.564509642549249E+00  0.195823540252360E+00
%  0.851885464374000E+00  0.333654648980442E+00 -0.175000992659118E+01
% -0.610116022064503E+00  0.151411421224153E+01  0.112629517302008E+01
%  0.212619968396554E+01  0.119028263383940E+01 -0.540206754625774E+00
% -0.166752301735615E+00  0.120721663555411E+01  0.278823441519324E+01
% -0.163130416478098E+01  0.835152515207982E+00 -0.307488869389278E+00
% -0.169435869095706E+00 -0.112529658860614E+01 -0.727811634536514E+00
% -0.379288040497140E+00  0.427517932805553E+00 -0.164562074749838E-01
%  0.122819995443528E+01 -0.355299496429662E+01  0.906757258348135E+00
%  0.118633079434872E+01  0.817913150397282E+00 -0.291068271082346E+00
%  0.145204041861375E+01 -0.219650841155874E+00 -0.441163806604448E+00
%  0.529732712688157E+00  0.408599822948535E-01  0.777657403425293E+00
% -0.299335458580060E+01  0.446303687774099E+00 -0.167479263361263E+01
% -0.154518487279493E+00  0.352270752484066E+00 -0.339163245569752E+00
% -0.279124924492349E+01 -0.197783241936595E+01 -0.283570291188728E+00
% -0.310574915797535E+00 -0.419645725606151E+00  0.466974112277610E-01
% -0.711094578400572E+00 -0.104019316647139E+01 -0.120322027729357E+01
% -0.301506420197980E+00 -0.187467805590193E+01  0.293181771475006E+01
%  0.449842844425030E+00  0.192254214802670E+00  0.291265417649278E+00
%  0.424143847262339E+00 -0.153906986288461E+01  0.153756189496391E+01
% -0.107344037682462E+01  0.437581362846215E+00 -0.302354763816240E+01
% -0.779099520325112E+00 -0.118327477825174E+01  0.741071065559102E+00
%  0.645122990353839E-01 -0.126467585672442E+01  0.194330247591947E+00
% -0.181008605288753E+01  0.159852347461082E+01  0.116932680283401E+01
% -0.311083073151334E+00  0.488416583997625E+00  0.199980326091421E+00
%  0.501373295635051E+00  0.137105731289227E+01 -0.874419481031084E+00
% -0.779859679454122E+00 -0.599603194398713E+00  0.104190634682527E+01
%  0.819716776865694E+00  0.538910469449161E+00 -0.408064327040876E+00
%  0.139759746523086E+00  0.109242442399830E+00 -0.453725829739165E+01
%  0.192354490157900E+01 -0.153355691934267E+01  0.796207128602052E+00
%  0.116642539290991E+01  0.102762674779146E+01 -0.194748861548723E+01
%  0.541101371128793E+00 -0.460170592311355E+00 -0.121543403969690E+00
% -0.124873243765409E+00 -0.320661789430240E+00  0.206892526830493E+01
% -0.148902103830533E+01  0.993158337094032E+00  0.700507795684096E+00
% -0.995872552058409E-01  0.145073651126813E+00  0.109321977524694E+01
%  0.174351186943621E+01 -0.120570223105699E+01 -0.207798949944782E+01
% -0.159969367505745E+01  0.139143380855416E+01  0.179448143522205E+01
% -0.316967352332570E+00  0.191437024359246E+00  0.358613926203780E+00
% -0.927075608659173E+00 -0.105792175183089E+01  0.328738433746185E+00
%  0.100477796640492E+01 -0.255628206354126E-01 -0.716578278657297E+00
% -0.323635016060691E+00 -0.214028235342067E+01 -0.502241604754407E-01
%  0.927513658881658E-01  0.895912784818308E+00  0.173018403553945E+01
%  0.275032070095799E+01  0.868642678880947E+00 -0.577182800258292E-01
% -0.103314095843783E+01  0.201952537059958E+01 -0.350615428409240E+00
%  0.130808660805425E+01 -0.573158407868750E+00  0.189833726104028E+01
% -0.640934526649603E+00 -0.121321288256190E+01  0.943346099152684E+00
%  0.357600607571948E+00  0.795044197514546E+00  0.186782446712383E+01
%  0.262651133757047E+01  0.203114563539111E+01 -0.184829687631001E+01
%  0.251645077949686E+00 -0.873119598507701E+00  0.178505041528676E+01
%  0.157986495336369E+01  0.133003986665726E+00 -0.100279862666034E+01
% -0.103972551961925E+01 -0.155544093792987E+01 -0.223782462357865E+01
% -0.255978876422759E+00 -0.123419638770635E+01 -0.183091238216459E+01
%  0.967571699143885E+00  0.325889831351276E+00  0.201881591456245E+01
%  0.375152251943518E+00  0.734308985167274E+00 -0.100226933229410E+01
%  0.365142774051445E+00 -0.211196612826408E+01 -0.734575892524273E+00
% -0.867151855267558E+00  0.117525184401810E+01  0.588259199062431E+00
% -0.109589269445941E+01  0.535645743933890E+00 -0.125803855360803E+01
% -0.418274172710412E+00 -0.156276498931453E+01 -0.775159549640335E+00
%  0.156827090542937E-01 -0.179392728510968E+01 -0.694221347498566E+00
% -0.617070111254368E+00 -0.512916014113504E+00  0.193906965745823E+01
% -0.109919520825687E+01 -0.459704145016456E+00 -0.347751160751682E+00
%  0.463139682263269E+00  0.118048371906404E+01 -0.104091957443039E+00
% -0.535766257749680E+00 -0.478475297051913E+00  0.113695840832858E+01
% -0.241663611863094E+01  0.106364612816014E+01  0.130691564924821E+01
%  0.101139186154095E+01  0.195348881535564E+01  0.572315383147385E+00
%  0.103510074762743E+01 -0.913108149647328E+00 -0.145114261833796E+00
%  0.128573633870110E+01  0.394293306671455E+00  0.442313928508677E+00
% -0.406723036210948E-01 -0.116185940692056E+01 -0.114840475753872E+01
%  0.145205558563790E+01 -0.124080428559975E+01 -0.809445576076715E+00
%  0.317136658046783E+00  0.120604459387242E+01 -0.249207223714717E+01
% -0.355775853750462E+00 -0.406796980039255E+00  0.180567495894265E+01
%  0.423969394679310E+00  0.127513930512937E+01  0.164219458327646E+01
%  0.221876223383363E+00 -0.907730047907604E+00  0.104670358552206E+01
% -0.411021662186231E+00  0.221147401797905E+01 -0.477239574535047E+00
% -0.117190965448009E+01 -0.171325026799271E+01 -0.670085523147250E+00
%  0.333850260139392E+01 -0.358004772027185E+00 -0.447680549460553E+00
% -0.706065232275140E+00  0.107165033074534E+01 -0.274052058384888E+01
%  0.372913296623136E+00  0.194182784274720E+01 -0.197392946755698E+00
% -0.872422469813552E+00  0.383460720330640E+00 -0.252600154803771E+00
%  0.117138537042855E+01  0.110478100071010E+01  0.320364103354014E+00
% -0.102829618833881E+01  0.108877981399945E+01  0.124240466885258E+01
%  0.138853972811881E+01  0.833844997288782E+00 -0.880527730160863E+00
% -0.363669655812078E+00 -0.227042843555182E+00  0.783458288137949E+00
% -0.921679130206518E+00  0.208407035972022E+00  0.166131293929444E+01
%  0.206709678125416E+00 -0.310933954830472E+00  0.268937944672443E+01
% -0.302152641008239E+00 -0.133561489319376E+01 -0.263084960816267E+01
% -0.374670610673547E+00 -0.314348287600308E+01  0.584247753867138E+00
% -0.126746248388462E+01  0.206697456627738E+01  0.119288336412535E+01
% -0.230676668801740E+01  0.562913436522531E+00 -0.124541015342502E+01
%  0.116989520390785E+01 -0.510996945306837E-02  0.205482530867033E+01
% -0.255322646078725E+01  0.670704546293825E+00 -0.177357537442184E+01
% -0.211446425062039E+01 -0.419835034949223E+00 -0.217272022610421E+00
%  0.779800431134780E+00  0.405982965788396E+00 -0.164538969053110E+01
%  0.948014509591359E+00  0.817486019940109E-01  0.110685366269921E+01
%  0.123330760453367E+01 -0.181255693566180E+01  0.221838987237798E+01
% -0.172401189181210E+01 -0.138545088365670E+00 -0.219121154406661E+01
% -0.846983766490756E+00 -0.162691878160530E+00  0.695785038776476E+00
%  0.105719992994795E+02  0.187994353495109E+02 -0.797592117194416E+00
% -0.249670398730354E+01 -0.601946185027282E+01  0.119526335353773E+02
%  0.269986462676009E+02  0.643805139956498E+02 -0.296688281603834E+02
% -0.968459146848508E+01 -0.100805753652984E+02 -0.117306891819784E+02
% -0.369661897831662E+01 -0.834048138436903E+01  0.408170455258136E+01
% -0.231471263751366E+02 -0.737201367735219E+01  0.106272716583271E+02
%  0.100567562165501E+02  0.863528481995695E+01  0.191871187146722E+01
%  0.140262694564552E+01 -0.666347289200616E+01 -0.208192789515711E+01
% -0.723898626349060E+00  0.871765492364914E+00  0.735133309220677E+00
% -0.725444008019530E+00 -0.508096976916536E+01 -0.289540754719667E+01
% -0.105679477577075E+01 -0.474684185817765E+01  0.245623604249600E+01
%  0.220140752410042E+02  0.120013420632981E+02 -0.609193337382078E+02
% -0.216672641834813E+02  0.766128289622323E+02 -0.265346655591352E+02
% -0.309833536233928E+01 -0.603937617747168E+01 -0.105193156726334E+01
% -0.123346210755042E+02 -0.822534020506061E+01  0.169228381173460E+02
%  0.363596261847763E+01  0.470785569806509E+02  0.237121966380818E+02
%  0.263222371799183E+02 -0.208435795498783E+02  0.129135241540245E+02
% -0.863022079326203E+01  0.298869433360516E+02 -0.156479690713774E+02
% -0.118836613482773E+01  0.750128885664619E+00 -0.144519204532761E+01
% -0.186282252251012E+02 -0.577168432637375E+01 -0.149679808635662E+02
%  0.401142944591080E+01 -0.338962294975594E+01 -0.161160155261829E+02
% -0.184927654209135E+02  0.382835478927177E+01 -0.128438725127969E+02
%  0.157097805587494E+02 -0.106457326781466E+02  0.198971496262406E+02
%  0.232944375702270E+01  0.110332338303386E+01  0.449650099746910E+00
% -0.316808016788467E+01 -0.880487725880345E+01 -0.193940761683969E+02
% -0.551804534310625E+00 -0.134827331446263E+01  0.308886199807284E+01
% -0.601261983337972E+01 -0.238217580192763E+01  0.664353174322190E+01
% -0.190074990733205E+01 -0.120346953224231E+01  0.313993874237550E+01
% -0.251323258497011E+02  0.112309014259883E+01  0.544497120745416E+01
% -0.518181869697761E+01 -0.369972138607829E+01 -0.161068884945489E+02
%  0.264803650068414E+01 -0.179986735884074E+02  0.446769104403017E+01
% -0.460258084833976E+01  0.181162833013489E+02  0.236543633741913E+02
%  0.427527396507558E+01 -0.166725282946480E+02  0.869176466293479E+01
%  0.674354785607802E+02  0.593102949639899E+02  0.892288017259001E+01
%  0.486351205391912E-01  0.547919254593827E+01  0.122983565432601E+01
% -0.867669003264207E+01  0.525394165608999E+01 -0.400973358965333E+01
%  0.550926183817955E+01 -0.588981116177725E+01  0.125193998924151E+02
% -0.420130859982634E+01 -0.568384302553942E+01 -0.225484533293375E+01
% -0.906170358142699E+01  0.170244675821377E+01 -0.339919357891188E+00
%  0.865545675899892E+01 -0.135124914204137E+02  0.280882002003060E+01
% -0.112467900381094E+02 -0.564924001368296E+01 -0.143721483575088E+02
% -0.215588913713023E+00 -0.411876981010159E+02 -0.319833773579205E+02
% -0.138454995799284E+02 -0.839284926472904E+01 -0.858757746557233E+02
%  0.423006932724287E+02  0.495554364013461E+02 -0.436026471602463E+01
%  0.133318432838219E+02 -0.336528308968863E+01  0.385271868480745E+02
%  0.342536493465758E+01  0.994016512393105E+02  0.965875662188834E+01
%  0.320026554351786E+01  0.107651119337566E+02 -0.503460671540176E+01
%  0.110407578344465E+02  0.228784813900653E+02 -0.107515470076997E+01
%  0.180531685093986E+02  0.603604493168362E+01  0.143663420065707E+02
% -0.325421899200026E+01 -0.264960111734824E+02  0.825374624093421E+01
%  0.176288947994734E+02 -0.526365382656801E+01 -0.266395831158042E+02
% -0.309009007927472E+02 -0.437107924204163E+02  0.105316866468108E+02
%  0.249510471942117E+02 -0.187567185167924E+01  0.321750696581849E+02
%  0.546095422692227E+01 -0.163215092735285E+01 -0.867505160511504E-01
%  0.853455114018840E+01 -0.613293378182598E+01 -0.117312632882258E+02
%  0.287930842204403E+02 -0.661663483622151E+01 -0.571745063146344E+02
% -0.389625731560358E+02  0.696392929546598E+01 -0.245571253255461E+02
%  0.193250139381097E+02  0.426793765352464E+01 -0.440750629320651E+01
% -0.395301438880155E+02  0.262060638314684E+02 -0.791976164645942E+01
%  0.152678375732498E+02 -0.746674732687365E+01  0.158063373676563E+01
%  0.116172591686957E+01 -0.136167828227343E+02 -0.189777630136488E+02
%  0.209964975469921E+02 -0.183245646393344E+01  0.107620882641822E+02
%  0.382718062227765E+02  0.171668350542844E+02  0.102428295361653E+02
% -0.326192851698725E+02  0.378541591331640E+01 -0.964104898353237E+00
%  0.331276377020570E+01  0.947658886765573E+00  0.439529910766775E+01
% -0.671311635187760E+02 -0.107857850068149E+03  0.671239785833958E+02
% -0.143454111276454E+02 -0.364271312188831E+02  0.496156369895639E+00
% -0.506442525189781E+01 -0.148659596087743E+02 -0.106884374737432E+02
% -0.452310146730613E+02 -0.214935344212485E+01 -0.190650837516471E+02
% -0.737254527457197E+01  0.176008790268196E+02 -0.755268903076636E+01
% -0.226147219418318E+02  0.314597253715948E+01 -0.889171879590324E+01
% -0.481370095785548E+01  0.473259190677672E+01 -0.265218660934616E+01
%  0.127878462536194E+02 -0.308241136968057E+02 -0.157704473815971E+02
%  0.323278036041389E+01  0.354237458254947E+01  0.814055409557690E+01
%  0.188086094895231E+01  0.716476674807585E+00 -0.600060171424873E+01
%  0.230853895501126E+02  0.620300874090726E+01  0.745458801087089E+01
% -0.174794969535847E+02  0.486409711765568E+01 -0.798312993702283E+01
% -0.369520243376103E+01  0.196525887997234E+02  0.296369496920603E+01
%  0.392412319894792E+01 -0.413387892684431E+00 -0.645430422759726E+00
% -0.190513209870666E+02 -0.414854796120150E+02  0.174241296529689E+02
%  0.381179569429167E+01  0.240841570242128E+01  0.960521823200914E+01
%  0.362719633994622E+02  0.458498511124764E+01  0.144151562083015E+02
% -0.900883063716996E+01  0.731278926032276E+02 -0.911153084927355E+01
%  0.788950592802736E+01 -0.122632933447247E+01 -0.166361795877367E+00
%  0.299867063481623E+01  0.810086164751212E+01  0.112040160506815E+02
% -0.350632541801641E+02 -0.101714213907660E+02 -0.171756840169890E+02
%  0.357259576652854E+02 -0.253927240458025E+02 -0.153056400205975E+02
% -0.608363732327638E+00  0.555117903628364E+01 -0.814547807687142E-01
% -0.630228661311146E+01  0.873696424386635E+01 -0.581303512975630E+01
% -0.429576058133507E+01 -0.394588088694678E+00  0.309341731733153E+01
%  0.639289147872617E+01  0.451634171902109E+01  0.509871753192884E+01
%  0.795129860259458E+01  0.625267091274687E+01 -0.499266852765935E+00
%  0.806813671785791E+01 -0.377846777820145E+01  0.574188569009068E+01
% -0.156767945842762E+02 -0.896993154521645E+01 -0.370445752437543E+02
% -0.109360354629547E+01 -0.299802611468063E+02 -0.814726541187343E+01
% -0.347563054170729E+02 -0.154769755026191E+02  0.160487338511253E+01
%  0.359511487930803E+01 -0.856891584198013E-01  0.172280318446059E+01
% -0.417833166927627E+02 -0.804606847780630E+01 -0.148681116088035E+02
%  0.660448141259477E+01  0.420689806287785E+01 -0.229410334188164E+01
% -0.507594062873747E+02 -0.113767669385510E+02 -0.167476867122012E+02
% -0.309161180314481E+02 -0.248548915029252E+02 -0.387962245671562E+02
%  0.998090433730839E+01 -0.220250423647992E+02  0.131849016208098E+02
% -0.126576746041262E+02  0.340733297132043E+01  0.299017807353914E+02
% -0.296497883578211E+02 -0.546704067731166E+02  0.196762689255450E+02
%  0.180300604473949E+02  0.501728024934449E+01 -0.409852471557767E+02
%  0.207652571933609E+02  0.155815020408964E+02  0.299943619820652E+01
% -0.334985003617581E+01 -0.257002981993455E+01 -0.657283417276292E+01
% -0.109248160996444E+02 -0.296254741142658E+01  0.522115252057737E+01
% -0.269205075067257E+01 -0.143246979193230E+02 -0.686548022983585E+01
%  0.129612036440813E+01  0.238713798909002E+01 -0.743198607712275E+00
% -0.317522914871157E+00  0.109009437148377E+02 -0.163254000244043E+02
%  0.166998500996983E+02  0.152114843078467E+02  0.128506651327363E+02
%  0.624665001672038E+01  0.646669600060521E+01 -0.445428969732824E+00
% -0.478677875852505E+01  0.224369359302331E+01 -0.495523136693467E+01
%  0.527712422736264E+02  0.794236598837923E+02 -0.472573272134321E+02
%  0.350692432153790E+01  0.162639001929800E+02  0.445329505447189E+01
% -0.127717435777274E+01  0.512960838597112E+00  0.178230911753036E+01
% -0.159298727408124E+02  0.201440413693621E+02 -0.365811531659791E+02
% -0.443255137347882E+02  0.389017540410698E+02 -0.321101978513485E+02
%  0.951764825103403E+01  0.940446393438454E+01 -0.227709841780045E+02
%  0.447469895918342E+02 -0.416837730450770E+02  0.287593748095945E+02
%  0.471885863313874E+02  0.353331713467431E+02  0.234451793000497E+02
%  0.185328237678289E+02  0.389735633192460E+02 -0.169538578022204E+02
%  0.115161292285632E+02  0.682012063266718E+01 -0.115645868747304E+00
% -0.843405617463824E+01  0.552517893456608E+01  0.869015247773210E+01
% -0.865394218928820E+01 -0.944150270561348E+01  0.971769233980278E+01
%  0.314642408924633E+02  0.114000214081638E+02  0.722929315530598E+02
%  0.465960158784445E+01 -0.805895582940313E+01  0.375722428480351E+01
%  0.199015574754013E+01  0.641636516297120E+00  0.398062936576628E+00
%  0.549959475153346E+01 -0.356683929875914E+01 -0.728103910184489E+01
%  0.465552230061371E+01  0.148059180297834E+02 -0.278875949581301E+01
%  0.119826972296817E+02 -0.640478484618438E+01 -0.249618351835537E+01
%  0.350058695767571E+02 -0.274184713203320E+02 -0.264413280910016E+01
% -0.120214263854569E+01  0.722999502684700E+00  0.776276878747965E+00
% -0.204022926132368E+01 -0.534867189095801E+00 -0.202833529967667E+01
%  0.452656912368103E+02 -0.255025180184005E+02  0.314014183270670E+02
% -0.659823270950189E+01 -0.101329816984263E+01  0.292894460253126E+02
% -0.695819453141362E+01 -0.777687014452919E+01  0.573063699897461E+01
% -0.786271011975475E+01  0.283643139802457E+02 -0.809419589240416E+01
%  0.112859968891483E+02  0.148349872910305E+02  0.536664276232799E+01
% -0.672400911374710E+01 -0.413765049239179E+01  0.117991615440925E-01
% -0.299663441555904E+02 -0.314252507941815E+02 -0.253993915955854E+02
%  0.181030443247953E+01  0.880358627970499E+01  0.178711798121663E+02
% -0.146838182621081E+02 -0.112413751313381E+02  0.152469610973228E+02
% -0.457436173961180E+02 -0.923182470491948E+01 -0.107701180371137E+02
% -0.777287220646047E+01  0.569318180192312E+01  0.590827056593180E+00
% -0.102629851617745E+02 -0.199600079725330E+02  0.937237892664187E+01
%  0.760346349063915E+01  0.314091999969405E+01 -0.610365927865982E+01
% -0.166638758607207E+02  0.310736724910675E+02  0.682127466820956E+00
%  0.522172273772890E+01  0.138823362372207E+00  0.275556334508611E+01
%  0.388026367303414E+01  0.471920909862335E+01  0.854150869547027E+01
%  0.749077305284428E+01 -0.234455549735861E-01 -0.199146846699000E+02
%  0.261174840725752E+01  0.846075171316428E+00  0.672297922750913E+02
%  0.697756494889186E-01 -0.720419516428507E+02  0.904248261444991E+01
%  0.349044431857178E+00 -0.899688663943958E+01  0.100524388221154E+02
%  0.145248875945258E+01  0.319214907595567E+01  0.191762057372632E+01
%  0.132529572567131E+02  0.200188412776808E+01  0.591079770263165E+00
% -0.922988316240043E+00 -0.118278415344083E+02  0.128198684959168E+01
%  0.555070728569488E+01  0.296947962840064E+02 -0.206754207524723E+02
% -0.272841033083861E+01  0.142731974235736E+01 -0.748909063279450E+01
% -0.150241407393572E+01  0.238804445565167E+02  0.190253219419894E+01
% -0.369872509837421E+02 -0.908401024202842E+02  0.218824560163386E+02
% -0.153712905317915E+02  0.655575844054193E+00  0.151264942921976E+02
%  0.538274975103715E+01 -0.531106591166493E+01  0.320675555264144E+00
%  0.590435115684674E+01  0.105249047257875E+02  0.410501389548227E+01
% -0.526343952875475E+02 -0.171025630935600E+02  0.109131969694554E+02
%  0.100843311058613E+01 -0.414860609766082E-01  0.870210627538481E+01
%  0.471254194925700E+01  0.692109155306156E+01  0.131722036748828E+00
%  0.128417372518347E+02  0.977960007174101E+01  0.196197474910763E+02
% -0.356705255783422E+02 -0.751465422113537E+01  0.170955069267624E+02
% -0.762567716680644E+01  0.211040902047347E+02 -0.119080970496746E+02
%  0.230864371241482E+02  0.548292188894112E+01 -0.183488207336909E+02
% -0.214667551918853E+02  0.470354047108419E+01 -0.131004071646945E+02
%  0.617521630295557E+02  0.111403769844829E+03 -0.736404700770403E+02
% -0.245346810010121E+01 -0.409046748148602E+01 -0.239154482342282E+01
% -0.130483991704757E+01  0.731642954154876E+01 -0.170477038677728E+02
% -0.475692112076488E+01  0.325919168541836E+01  0.496421189476953E+01
%  0.199151870876334E+02  0.144201275568798E+02 -0.228445542383504E+02
% -0.761080588781239E+00 -0.426582330019667E+00 -0.109273919823382E+01
%  0.238405726962318E+01 -0.210331812967591E+01 -0.191456840833775E+01
%  0.141606010340274E+02  0.298993836410919E+02 -0.277273841749595E+02
% -0.879134255028655E+00 -0.101317354630675E+02 -0.161343061909237E+02
% -0.330835034057269E+01  0.239400014060228E+02 -0.631759227719622E+01
%  0.338470147521934E+01 -0.319264502165347E+01  0.259549264512364E+01
%  0.493343494673201E+01 -0.451925397325556E+01 -0.878901458573313E+01
%  0.140117485705824E+02  0.656931953777652E+01 -0.134057557482975E+02
%  0.330678790545745E+02  0.177102921225683E+02 -0.124787070749152E+02
%  0.221783034860682E+02 -0.386359015124408E+02 -0.191528587155720E+01
%  0.173327458707570E+02 -0.266571748306819E+02  0.330865588986512E+01
% -0.282643027832947E+02  0.667086349200903E+01  0.528761691576471E+02
%  0.174223677261413E+02  0.189759942730572E+02 -0.159521649325056E+02
% -0.102286619855846E+02  0.127639451330053E+02 -0.181120152217613E+01
%  0.129258107877683E+02  0.167106219457242E+02  0.376982261638123E+02
%  0.285674875830166E+02 -0.299546509316196E+02 -0.139631287388214E+02
% -0.814102550781394E+01 -0.275279284668294E+02  0.922204447780158E+01
% -0.648192614506464E+01 -0.116903235454965E+01  0.248071295580768E+02
% -0.175990702682774E+01  0.222598260145003E+01  0.567961563979575E+01
% -0.359569343271401E+01 -0.430966206054188E+01  0.981699442417184E+00
%  0.952183730932212E+01 -0.209899219473227E+01  0.776556646188452E+01
%  0.284200418340573E+01 -0.209831816766443E+00 -0.238331039548807E+00
%  0.590914517267236E+01 -0.315514409956773E+02  0.271537173694099E+02
% -0.657333889355504E+02 -0.237565873619438E+02  0.422642748615200E+01
% -0.238560422796859E+02 -0.462402347455153E+02  0.552846354121134E+02
% -0.155885640479492E+01  0.955356296008643E+01 -0.259212614870405E+01
% -0.132048407800084E+02 -0.239916525878996E+02  0.179324274193707E+02
%  0.290192976512429E+02 -0.355872267162643E+02  0.212425043753965E+02
% -0.104016406195173E+02  0.224404605098994E+01 -0.128754101135158E+02
%  0.322964300515308E+01  0.459894695131622E+01 -0.189788901305466E+02
% -0.220023737033199E+02  0.108240504471574E+02  0.202114280197078E+02
% -0.235895935624682E+02 -0.575459081678239E+02  0.529387546658763E+02
% -0.128627279710917E+02 -0.430167404773697E+01  0.782213923447976E+01
%  0.795140517094618E+00 -0.703412491009449E+01  0.412773572588279E+01
%  0.224583374434630E+02  0.482813621348104E+01  0.827896731512396E+01
% -0.305732622376209E+01  0.215371116101323E+02  0.491684750801011E+01
%  0.100570726623057E+02  0.160690000700913E+02 -0.105854322916400E+02
% -0.107370763391325E+02 -0.783298721899520E+01  0.167686115117641E+01
% -0.831312514633419E+01  0.401474042540247E+01 -0.148335053209892E+01
% -0.434695540494316E+01  0.303164843268000E+01  0.912125279393897E+01
%  0.158600874001649E+01  0.295751577402255E+01 -0.575051056742772E+01
%  0.422403942400289E+01 -0.455512650770743E+01  0.127708181482312E+02
% -0.574702985790449E+00 -0.920946127234753E+01  0.248939828503877E+01
% -0.560806352219319E+00 -0.995696523813677E+01  0.224155507788133E+01
% -0.962312679046195E+00 -0.323320909493978E+01 -0.177800472130871E+02
% -0.735303979319735E+01  0.130294133993414E+02  0.331007251220924E+01
%  0.973606292265843E+01  0.548303081970534E+01 -0.500173012764123E+00
% -0.630750319479900E+01  0.750752226485761E+01 -0.175186869255984E+02
% -0.716098917394894E+01 -0.350051494313565E+01  0.277616392559593E+01
%  0.179691237470306E+01 -0.243667987223683E+02 -0.922226130198555E+01
% -0.407697112787686E-02  0.149568829571525E+01 -0.267719897616075E+00
%  0.256919924853650E+01 -0.236268828781125E+01 -0.135089074785994E+01
% -0.323755429573938E+02  0.286476956977715E+02 -0.208602949097257E+02
% -0.937711976781572E+01  0.114781687583233E+02  0.526274793704856E+01
%  0.939324759942212E-01 -0.173316757838671E+02  0.585936766820765E+01
% -0.878184030663404E+00 -0.234135124459297E+01 -0.162562107086872E+01
%  0.392369189240959E+02  0.221836581394668E+02 -0.323218682628873E+02
%  0.211874297599976E+02  0.745322631111887E+01  0.628020780911682E+01
% -0.527348756795047E+02 -0.361191743729589E+01  0.338733335398024E+01
% -0.541839741548666E+01  0.962979979763564E+01  0.632888273355785E+00
% -0.141779578038210E+02 -0.240894618899565E+02 -0.156051545713556E+02
% -0.365422428042788E+01  0.827640139232984E+01 -0.661410600790632E+01
% -0.307541231420177E+02 -0.203876022053411E+01 -0.222462443033571E+02
% -0.659748856573546E+01 -0.968544993670408E+01 -0.121038894881459E+02
%  0.272502981366616E+02  0.441969592522979E+02  0.304988837108453E+02
%  0.213240457037577E+01  0.105418224547311E+02  0.188596737155959E+02
% -0.493897709851299E+01 -0.117164303982358E+02 -0.901929290016011E+01
%  0.339176468178303E+01  0.666016483501267E+01 -0.737446851917027E+01
% -0.298956592136761E+01  0.443463316948718E+01  0.531292368233211E+02
%  0.107126515473319E+02 -0.885353644791418E+02 -0.184170250068736E+02
% -0.352785731691353E+01 -0.231513853266659E+01  0.240257002409709E+01
%  0.168183614034539E+02 -0.161499934426152E+01  0.167849944054553E+02
%  0.742173519661582E+01 -0.152973997009988E+02  0.175432847735438E+02
%  0.608931636088564E+02 -0.773991088639885E+01  0.694547450259723E+01
%  0.116446193330992E+02 -0.781299843988661E+01  0.353396417543296E+01
%  0.824585820409405E+01 -0.104669757971835E+02  0.538096837231694E+01
%  0.343134449583898E+01  0.187826171368118E+02  0.129945881814646E+02
%  0.405157192195426E+01  0.104831116623949E+02  0.182887807570568E+02
