% T    256  0.715122828077254E+01  0.715122828077254E+01  0.715122828077254E+01
  -0.617964775091045E+00 -0.200403587927580E+01  0.382222513400565E+00
   0.164458328914241E+01 -0.136874607099646E+01 -0.145436731426814E+01
   0.321029803839871E+00 -0.116705734705871E+01  0.296021835088525E+01
  -0.268932864067756E+01  0.238676141267152E+01  0.113173661067355E+00
   0.244504908848889E+00  0.374464615024808E+00 -0.180733952073458E+01
   0.318532326203190E+00  0.353358586213658E+01 -0.194450956679805E+01
   0.211447760449304E+01  0.125190747733010E+01  0.259461718008460E+01
   0.255595015452062E+01  0.265780828790071E+00  0.233441214971531E+01
  -0.133002168987631E+01 -0.124866385026409E+01  0.348764735934131E+01
  -0.140146683692259E+01 -0.213816818893495E+01 -0.178602234730172E+01
  -0.133045052956391E+01  0.332403037413110E+01  0.152228370099799E+01
  -0.247813045549206E+01  0.336008456143226E+01  0.155201773644391E+01
   0.276807132803356E+01 -0.246600746654717E+01  0.211578364907983E+01
   0.219971808781013E+01  0.222675831838333E+01  0.235377986383283E+01
   0.634450881375416E+00 -0.283117531702245E+01 -0.122773404684175E+01
  -0.193959729452308E+01  0.295451811778419E-01 -0.864413128719248E+00
   0.165004814119790E+01  0.206103273890908E+01  0.318277567108334E+01
   0.169172683090275E+01  0.122687100918143E+01 -0.181043702948129E+01
  -0.985306656789871E+00  0.161514142554441E+01  0.299285227039644E+01
   0.309070409644350E+01  0.138490300265447E+00 -0.338265020167129E+01
   0.407851201478958E+00  0.337049878875810E+01  0.176030004434929E+01
  -0.303755955221409E+01 -0.918622986385045E+00  0.215767816951199E+01
   0.273077895219742E+01  0.248468769382881E+01  0.138160034339450E+01
  -0.350295195010593E+00  0.231982950098409E+01  0.327637837775698E+01
   0.270038402924652E+01  0.939867533994523E+00 -0.145881817829613E+01
  -0.930529492975707E+00 -0.123600171380318E+01  0.234275976162728E+01
  -0.137493466617442E+00 -0.255630562339896E+00  0.804875547180785E+00
   0.214529146803237E+01 -0.244022582548852E+01  0.302427928161835E+01
   0.290775039445903E+01 -0.141421055656687E+01 -0.276134977785286E+01
  -0.311971026423531E+01 -0.175043544689259E+01 -0.344930150998348E+01
   0.103182100334911E+01 -0.346396025079973E+01 -0.274328654323183E+01
  -0.153514566962143E+01 -0.356561177406844E+01  0.145666508333448E+00
   0.393071912118685E+00  0.232139044699904E+01  0.351515746250580E+00
  -0.544611901351395E+00 -0.323441643649706E+01 -0.115577379935725E+00
   0.106629909863611E+01 -0.212614169778465E+01  0.268996501567105E+01
   0.142398633803490E+00 -0.558429678781605E+00  0.182559929361791E+01
   0.133817360554178E+01  0.468579488563535E+00 -0.254773909843698E+01
  -0.145078192719482E+00  0.137342448603159E+01 -0.237039920985274E+01
   0.160086242497870E+01 -0.300011501956891E+01  0.214968066484612E+01
  -0.896285744184990E+00 -0.220788945459833E+01  0.299062268196539E+01
   0.139758482960465E+01  0.159230470748309E+01  0.200603499719533E+01
   0.199499741237989E+01  0.167807735814433E+01  0.114045969307048E+01
  -0.322861159718082E+01 -0.278340046488898E+01 -0.232439318180625E+01
  -0.388383455066944E+00 -0.250279838875766E+01  0.217369298024705E+01
   0.341160566257839E+01 -0.474523950544505E+00 -0.589258283543345E+00
  -0.306275712915534E+00 -0.292577212972607E+01 -0.253347139505426E+01
   0.943053685366541E+00 -0.568634891949632E+00 -0.183715193368037E+01
  -0.833447767347645E+00  0.229143392395438E+01  0.802389793454429E+00
  -0.204720794194180E+01 -0.293031938732681E+01  0.107953343879144E+01
  -0.199474932628456E+01  0.463507816318043E+00  0.245816494864018E+00
   0.160796985228112E+01 -0.352307587175159E+01 -0.162662894402086E+01
   0.120329252633252E+01  0.937024196306353E+00 -0.973908280810696E+00
   0.927148448821003E+00  0.640698262591927E+00  0.351528733995637E+01
   0.392853051803631E+00  0.265642480320205E+01 -0.139506819218904E+01
  -0.213414189319302E+01 -0.304643739693244E+01 -0.233123298567190E+01
   0.281536785837157E+00  0.137910704385885E+01 -0.149326222947401E+01
  -0.121761463501002E+01  0.974673957602335E+00  0.915206069267978E+00
   0.240973201204619E+01  0.162392424409523E+01 -0.244909687519019E+01
  -0.356337508786668E+01  0.279932953137802E+01 -0.381879581156272E+00
   0.248108383573282E+01 -0.241967858806047E+01  0.174994277482696E+00
  -0.106657230655277E+01  0.207657007328866E+01 -0.301373493985033E+01
  -0.784041005739439E+00 -0.105333096995393E+01  0.142447345714706E+01
  -0.283500231307327E+01  0.124066367683864E+01 -0.166857431922276E+01
   0.278950213505349E+01  0.227137551897885E+01  0.189922291410255E-01
  -0.326460077016195E+01 -0.314844905895777E+01  0.235228061033452E+01
  -0.304328326550450E+01  0.224358706266809E+01  0.262412250474580E+01
  -0.212032608116135E+01  0.836433531253677E+00  0.132464606860067E+01
  -0.158683828638412E+01  0.160600192169891E+00  0.353917415336203E+01
   0.297687363129410E+01 -0.152004952022765E+01 -0.382204452474787E+00
   0.339122176577579E+00 -0.352464351357066E+01 -0.655603219892468E+00
   0.244959740250070E+01  0.297403065858714E+01 -0.729490085927547E+00
   0.310723681291575E+01  0.224404568620579E+01 -0.313290434987593E+01
   0.192738903390048E+01 -0.359623422424616E-01 -0.175583324343574E+01
  -0.257801643281131E+01  0.100209447365305E+01 -0.600622679711327E+00
   0.107549721089389E+01 -0.203806764333815E+01  0.132007089872964E+01
   0.307026655399499E+01 -0.332536506145071E+01 -0.151800369757225E+00
   0.493242668555538E+00  0.511547751860201E+00  0.513449333211262E+00
  -0.185710727206220E+01 -0.152417814071872E+01  0.635466875135147E+00
  -0.998665354603688E+00 -0.244446443388479E+01 -0.316287239484987E+01
   0.316505346914036E+01 -0.395923072415047E+00  0.124987134546136E+01
   0.249066912627096E+01 -0.421983956573965E+00 -0.281739023177209E+01
   0.246411312833688E+01  0.278076908710341E+01  0.334205126455878E+01
   0.239934364156601E+01 -0.144153664685766E+01  0.346809264716022E+01
   0.199124394361191E+01 -0.311429735095214E+01 -0.824264151906098E+00
   0.329882373421281E+01 -0.184480058605082E+01 -0.193912890922366E+01
  -0.356994525870844E+01 -0.188213081594400E+00 -0.207293609061357E+01
  -0.284638643553824E+01 -0.344008257663219E+01  0.377778257138522E+00
   0.226423652789894E+01 -0.726118353913764E+00  0.230080239308881E+01
  -0.117540944680744E+01 -0.269205283900787E+01 -0.882328537138908E+00
  -0.221380697995802E+01 -0.638917558861289E+00  0.183633728551891E+00
   0.283242511893972E+01  0.109542286055277E+01  0.175333910454617E+01
  -0.180305358703657E+01  0.262521087497900E+01  0.103747541665378E+01
  -0.253397973712768E+01  0.338470817836446E+01 -0.775981736049460E+00
   0.150641098627548E+01 -0.921717403928354E+00 -0.257819862477603E+01
   0.594530553845524E+00 -0.311308713011965E+01  0.346375578103016E+01
  -0.313595091474272E+01  0.308528159962786E+00  0.164762268219960E+01
   0.180433607244826E+01 -0.101115627998483E+00 -0.781465335330850E+00
  -0.880370995041358E+00 -0.273827390102007E+01  0.122140675018990E+01
   0.301551163329826E+01 -0.138322656026399E+01  0.233976105930121E+01
   0.356091128571674E+01  0.140261289413313E+01 -0.233338129590695E+01
  -0.366672391390479E+00 -0.218546316250090E+00 -0.273431442615578E+01
  -0.211662413362062E+01 -0.279228940661551E+01 -0.204201916432070E-01
  -0.118263485731584E+01 -0.116240210682047E+01 -0.127220631556264E+01
  -0.135991042947558E+01  0.291073167940226E+01  0.311670807803915E+01
   0.312434147474451E+01 -0.336053947539587E+01  0.150518493927760E+01
   0.149276352215823E+01  0.326054387196634E+01  0.356880396861834E+01
  -0.243264079273012E+01  0.302578017785237E+01 -0.232671903280655E+01
  -0.116212213157839E+01 -0.309416723261169E+01 -0.217207376635182E+01
   0.353350151646675E+01  0.302768514856982E+01  0.283956559607715E+01
  -0.493953011227185E+00  0.782173389425905E+00  0.159299310135223E+01
   0.134453353812194E+01  0.142499647146633E+01 -0.289216742705850E+01
  -0.343273720129885E+01  0.285482982660556E+01  0.175482136080854E+01
  -0.218356122516104E+01 -0.248673793717165E+01 -0.352157411069485E+01
   0.320019131017700E+01 -0.185028002219652E+01  0.143063313434312E+01
  -0.243859707181271E+01 -0.179954956751573E+01 -0.348218129255986E+00
   0.875010004375330E+00 -0.625288740110588E+00  0.550188689703709E+00
  -0.842769839488122E+00  0.255673359903149E-01 -0.153685982904715E+01
   0.651350703067212E+00  0.184343795468009E+01 -0.563679070679902E+00
  -0.440343015903837E+00 -0.313418296443666E+01 -0.150630209694966E+01
   0.803181948279978E+00  0.160290615620447E+01  0.300353212939762E+01
   0.224067749354400E+01 -0.217832511965665E+01 -0.266140494483685E+01
  -0.892990712943686E+00 -0.131988575459206E+01 -0.233970608786255E+01
  -0.176179216136055E+01  0.270316576236936E+01 -0.365485283287826E+00
   0.195283616849281E+01 -0.113666191131580E+01 -0.454651392165630E+00
   0.250535145289015E+01  0.316005906877059E+01 -0.273562638587763E+01
  -0.357475933433727E+01 -0.306822689754813E+01 -0.129409784404986E+01
  -0.917347230572889E+00  0.324750158392093E+01 -0.746553388361363E+00
  -0.752388070001462E-01  0.735384438268888E+00 -0.497797735836044E+00
   0.244481460999155E+01 -0.288389900443302E+01 -0.190340151225619E+01
   0.208887412685460E+01  0.326761725497650E+00  0.134113709781154E+01
   0.756611984658560E+00 -0.305992787514552E-01  0.257128654007526E+01
   0.355698162394099E+00  0.348148731700006E+01  0.623496848444351E+00
  -0.175538189720586E+01  0.563224110424032E+00 -0.166374349151790E+01
   0.184447696657980E+01 -0.174139523678114E+01  0.184410573045234E+01
  -0.114853923507570E+01 -0.147742301610492E+00  0.483157513207693E+00
  -0.234056384237294E+01  0.346857088585542E+01  0.262737622471388E+01
   0.304111685115572E+01  0.993308567307694E+00  0.295097666690956E+01
  -0.763406324963865E+00  0.769135403563845E+00 -0.331838050461833E+01
  -0.287319309763870E+01  0.814610540928358E+00  0.352865929560245E+01
  -0.323388937817025E+01 -0.209989177717167E+01  0.286443318806559E+00
  -0.219850012989364E+01 -0.803704606247550E+00  0.138037955353556E+01
  -0.201289660462207E+01  0.130704723412450E+01  0.264101420408173E+01
  -0.440559014573061E+00  0.279681443124470E+01 -0.277789149106800E-01
  -0.219172774860086E+00 -0.395494617478469E+00  0.343525657292021E+01
  -0.577776034670088E+00  0.291009988632202E+01  0.246787271424070E+01
   0.110388995689438E+01  0.266907509084010E-01  0.144243063751362E+01
   0.454855490621543E+00  0.303645765647027E+01  0.298007407804044E+01
   0.150125354639036E+01  0.277380777193019E+01 -0.799503741794501E+00
  -0.325212534781120E+01 -0.209497417380523E+01  0.221859628312938E+01
   0.352248522943515E+01  0.310711703709015E+01  0.669498354778324E+00
  -0.199031286954110E+01 -0.664741783361678E+00 -0.293423773544924E+01
   0.214109676764272E+01 -0.293063986802449E+01  0.128061323359046E+01
  -0.136765884035687E+01 -0.298037195375699E+01  0.216502347952892E+01
   0.133207045893033E+01  0.238188901506884E+01 -0.267972429726289E+01
   0.296130803283874E+01  0.638008634513680E+00 -0.241605458898328E+01
   0.503682480016049E+00  0.180903345638856E+01  0.114193365197894E+01
   0.991604786613712E+00  0.281083315833305E+01  0.102694374933253E+01
   0.960937332216306E+00 -0.126611786291996E+01 -0.331300915943549E+01
   0.202117985231262E+01 -0.602833118842773E+00  0.885051970228730E+00
   0.126878841729141E+01  0.342447735979570E+01 -0.369274101515781E-01
   0.616987628073155E+00 -0.225327644164638E+00 -0.283696411181564E+01
  -0.539922887590942E+00  0.281334260945101E+01 -0.185336715298755E+01
   0.113899873686003E+01 -0.307990158694823E+01  0.981910280603074E+00
   0.123377165461442E+01 -0.187039205916720E+01 -0.220699591222477E+01
  -0.210995069385791E+01 -0.148028592873803E+01 -0.178885976971415E+01
  -0.349321608205919E+01  0.200883933404165E+01  0.617307947824459E+00
  -0.806789629041529E+00 -0.957563121570699E-01  0.241517699907036E+01
  -0.147377924837455E+01  0.307794179629875E+01 -0.164374312600679E+01
  -0.327759584020336E+01  0.239133417078166E+01 -0.131020262843230E+01
   0.121545709016714E+01 -0.985047204820913E+00  0.263577444687687E+01
  -0.927479861210661E+00  0.328253908246644E+01 -0.281204772388254E+01
  -0.232938337067732E+01  0.209273356630377E+00  0.235635787784225E+01
   0.288576194753637E+01 -0.589922298515086E+00  0.273293881842074E+00
  -0.128797528350072E+01  0.844923549396418E+00  0.216283437491621E+01
   0.357105956439136E+01 -0.832718826284947E+00  0.324547274622669E+01
   0.309706842270079E+01 -0.340290731697627E+01 -0.344616637658763E+01
   0.252191668691091E+01  0.765385141766121E+00  0.549104078030293E+00
   0.756306689083451E+00  0.235483199237863E+01 -0.356458978831532E+01
   0.592123077547922E+00 -0.270358428222719E+01  0.185192376465142E+01
   0.210565039058932E+01  0.319308190936515E+01  0.160284929642768E+01
  -0.131623648967435E+01  0.130715761071934E+01 -0.218346927686799E+01
   0.311083160238081E+00  0.233618859067537E+01 -0.249109706663054E+01
  -0.150203901154619E+01 -0.152337361621914E+00  0.162978839087317E+01
   0.329264787248843E+01 -0.244450021458583E+01  0.301937285738165E+01
  -0.788051054892002E+00 -0.107111646976958E+01  0.251451961387568E+00
  -0.358451660556203E+01  0.174221049824017E+01  0.177114319689183E+01
  -0.328403815076572E+01 -0.548191851973897E+00  0.587815336769027E+00
   0.262453017827328E+01 -0.804630369664573E+00 -0.130651758434168E+01
   0.820798671799870E+00 -0.128886651325105E+01 -0.654982747155969E+00
  -0.284859308482638E+01 -0.275515122131684E+00 -0.330783970216777E+01
  -0.256495457915025E+01  0.237096748661372E+01  0.160847639013564E+01
  -0.123091059224859E+01  0.262852704887471E+00 -0.240782685465556E+01
   0.143208479255483E+01 -0.255182276979263E+01 -0.325265239868412E+01
  -0.301594029628759E+01 -0.245033673772457E+01 -0.746847652547005E+00
  -0.160213665428989E+01 -0.167122163044963E+01  0.174178872694545E+01
  -0.313339610225479E+01  0.272756842010528E+00  0.579079526313716E-01
   0.200436231864367E-01 -0.163671348412631E+01  0.139819060679143E+01
   0.160488748126626E+01  0.221362508564610E+01  0.406734507566826E+00
   0.254821873029298E+00  0.316501233123133E+01 -0.306753292164329E+01
  -0.274243296762549E+01 -0.163861746847170E+01  0.143145087669130E+01
   0.155262427851177E+01 -0.220066845972855E+00 -0.346030625682930E+01
  -0.214258511979502E+01  0.168579665369115E+01  0.685834226289839E+00
  -0.194100860634320E+01 -0.746033532222211E+00  0.278299102970395E+01
   0.190617650433994E+01  0.181738045420153E+01 -0.101982716842399E+01
  -0.124866558563472E+01 -0.177956330537821E+01 -0.358912077659556E+00
  -0.237432091264363E+01  0.195226605562947E+01 -0.121321057935653E+01
  -0.267193279575350E+01 -0.338762344270996E+01 -0.350784086805893E+01
  -0.353816755915627E+01  0.323966905241195E+01 -0.258261728656460E+01
   0.319599473473071E+01 -0.242298404083293E+01 -0.302467136865661E+01
   0.215474415175124E+01  0.807796831809945E+00 -0.350484530688941E+01
  -0.187589558668841E+01 -0.482606614917254E+00 -0.188215462850832E+01
   0.126357504972630E+01  0.268654008689538E+01  0.195493451392122E+01
   0.648812692217381E+00  0.879144955687232E+00  0.189572520036576E+01
   0.266621226532294E+01 -0.349238739354482E+01  0.260047574043890E+01
  -0.263519106791230E+01  0.484180451002608E+00 -0.236913642701614E+01
  -0.282810749141064E+01 -0.181823847156884E+00 -0.122580472221904E+01
   0.407141992340299E+00 -0.256196143270666E+01  0.478695358365062E+00
  -0.313598703727665E+00  0.141940802453365E+01  0.491489547171154E+00
   0.300946429381877E+01  0.241367968407894E+01 -0.204881407561922E+01
  -0.311218487092603E+01 -0.293196621465540E+01  0.127523630157951E+01
   0.181404200782294E+01  0.260198842683202E+01 -0.173547388025880E+01
  -0.170011301295586E+01 -0.179262765055847E+01 -0.276214950694918E+01
   0.315094207779800E+01  0.198204858373928E+01  0.307834259645669E+01
   0.260276760880503E+00 -0.121282813815361E+01 -0.248559749780885E+01
  -0.308831198001938E+01  0.112918591119007E+01  0.246106834186700E+01
   0.224811596947409E+00 -0.140084090009324E+01  0.108512558572255E+00
  -0.202044326286525E+01  0.267950863744166E+01 -0.322264223930689E+01
  -0.302436352412247E+01 -0.127382282139334E+01 -0.128282752696619E+01
   0.294219246435263E+01  0.207168810347086E+01 -0.960060160132142E+00
  -0.156182662437860E+01  0.107795741915759E+01 -0.683248036049330E+00
  -0.351180017250316E+01  0.519538226770080E+00 -0.137765373512375E+01
   0.160901373835385E+01  0.116961805705346E+00  0.216013257037340E+00
  -0.727558578755979E+00 -0.332619513894045E+01  0.336801520723638E+01
   0.205988114634978E+01 -0.162585987740389E+01  0.794773767693136E+00
   0.173149948220725E+00 -0.206645392007123E+01 -0.308617019453253E+01
  -0.150928267884328E+00  0.813209683297955E+00  0.278934809270997E+01
   0.356926185056806E+01  0.119054899610843E+01 -0.462007569855653E+00
  -0.265470573265285E+00 -0.172758380643766E+01 -0.135523330122844E+01
  -0.328568122018070E+01 -0.938507494575464E+00 -0.262423854716812E+01
   0.100163651810019E+01 -0.960085437413999E+00  0.152314458105021E+01
  -0.159380188444511E+01  0.237180140967607E+01  0.215573491915159E+01
  -0.870365003332251E+00  0.181831493414509E+01 -0.428098131810674E+00
  -0.177848043718792E+00 -0.837676396883171E+00 -0.740832568593979E+00
  -0.101023001917095E+01  0.344562703077558E-01 -0.515666719939073E+00
   0.101735123525947E+01 -0.261400985988658E+01 -0.320857778118932E+00
  -0.314000700673945E+01  0.279350982395857E+01 -0.350372334916431E+01
   0.164953174759328E-01 -0.250783731628972E+01 -0.556699615099889E+00
  -0.201104000181179E+01  0.112556527177500E+01 -0.299447206371552E+01
   0.259695662506119E+01 -0.210429473420589E+01 -0.125409985343183E+01
  -0.654936772185636E+00  0.174481390071734E+01  0.168133186669891E+01
  -0.210639558508087E+01 -0.206031909953540E+01  0.262731607960023E+01
   0.820643989457491E+00 -0.266113326321849E+00 -0.523893201742079E+00
  -0.288199131964621E+01 -0.182711196426444E+01 -0.230790188733878E+01
   0.135953352464626E+01  0.103808506048499E+01  0.834116985977933E+00
  -0.229865619226001E+01  0.207054928391060E+01 -0.222632638962379E+01
   0.189525388963563E+01  0.127499649650439E+01 -0.982530216405384E-01
% -0.254791900268499E+01  0.952378075623641E+00 -0.666558580518961E+00
% -0.133474196614422E+01  0.201744380481882E+01  0.477731931040353E+00
%  0.259820196148688E+01  0.169270198702871E+01 -0.244648588803337E+01
% -0.128022035530326E+01  0.662548160479242E+00 -0.576691954208670E+00
% -0.695900522037616E+00 -0.195364910694260E+00  0.163168531341586E+01
% -0.656940306034660E+00 -0.687002108812194E+00 -0.121649562263145E+01
% -0.144613298073904E+01  0.187016465404446E+01  0.150228147361696E+01
% -0.317439381438853E+00  0.206495415488989E+01  0.542580911765906E+00
% -0.188770528327744E+01  0.572172783312753E+00 -0.124195677149010E+01
% -0.934779308277863E+00 -0.130228499597914E+00  0.556274383762944E+00
%  0.182095469686958E+01 -0.239868190375764E+00  0.247639988161859E+00
% -0.186976017637867E+00  0.253547528203619E+01  0.494560897474069E+00
% -0.635409702441917E+00  0.359138059342092E+00  0.106295105832597E+00
%  0.633190142407667E+00  0.343147263855165E+00  0.168833628874944E+01
%  0.897794419226009E+00 -0.151105159321605E+01  0.466661315278334E+00
%  0.621865128887834E+00  0.393501288670372E-01  0.676125121065355E+00
% -0.452639914154135E+00 -0.164169580454013E+01  0.171322657598297E+01
%  0.197300637128867E+00 -0.200508362321200E+01 -0.789306260262906E+00
% -0.115163753439417E+01  0.108364096127508E+01  0.145479442683728E+01
%  0.145068167797441E+01  0.260233262253641E+00 -0.127604616100982E+01
%  0.433447245465742E+00  0.740748636775083E+00 -0.221011163700250E+01
% -0.488357520898780E+00 -0.819798734332685E+00  0.143853970062315E+01
%  0.379340029264017E-01  0.157725244702185E+01 -0.150319693586453E+01
%  0.370566098171509E+00 -0.367072159455184E+00  0.274736092044679E+01
% -0.663487767399883E+00 -0.224123151633199E+01 -0.717623956157128E+00
%  0.702202768724239E+00 -0.116404176143861E+01  0.646389202696878E+00
% -0.251507520530629E+01 -0.144934200279102E+01 -0.208730168122334E+01
% -0.656933493424829E+00  0.117638700550435E-01  0.315321856943903E+00
%  0.133075030804534E+01 -0.210981206008395E+00 -0.138879990178680E+01
% -0.126123614360382E+01  0.638808095662819E+00  0.529320378167911E+00
%  0.168080393074187E+01  0.149748889309163E+00  0.189064716627232E+00
%  0.467365349876060E+00 -0.410723907042686E+00 -0.235543185066256E+01
% -0.790897310924701E+00 -0.251314571279082E+01 -0.781523539304725E+00
% -0.144237496358087E+01 -0.344728814891208E+01  0.127823647015590E+00
%  0.328399476902672E+00  0.145570678335688E+01 -0.610837893212070E+00
%  0.259685101611234E-01  0.552126712981495E-01  0.123111596567541E+01
% -0.955116254686005E+00  0.216265388467099E+01 -0.957139522159347E-01
% -0.276104483616314E+00  0.842240220158424E+00  0.316800355982491E+00
% -0.173900567861609E+01 -0.156352572046717E+01  0.503459718126575E-01
% -0.389958557142174E+00 -0.169903373977254E+01  0.547877010577543E-01
%  0.169590514882351E+01  0.101736920705930E+01 -0.784040639732767E+00
% -0.290143922805432E+00  0.157617442201427E+01  0.234714670135468E+01
% -0.358709255025271E+00 -0.224159633753095E+01 -0.238611963602651E-01
%  0.904547549622759E+00  0.632293868917335E+00  0.939543817581325E+00
%  0.194311618316179E+00 -0.101854012063395E+01  0.503796204016299E-01
%  0.899341181951217E+00 -0.168393635974928E+00  0.126632174109364E+01
% -0.104845484919904E+00  0.207161243291588E+01 -0.324559640283794E+00
%  0.285289967212017E-01 -0.115186077686010E+00 -0.676212023745900E+00
%  0.152722141230311E+00 -0.728287057621690E+00  0.143710893882690E+01
%  0.177056312924981E+01 -0.127474360973973E+01 -0.214728806687782E+01
% -0.962607528577549E+00 -0.317133538963979E+01 -0.170233300554970E+01
%  0.518773015635481E+00  0.172484544050441E+01  0.132607101824733E+01
%  0.113314357047638E+01 -0.328951228701864E+00 -0.171194673990115E+01
%  0.324114178685231E-01  0.424396609158728E+00  0.199035888800649E+01
% -0.418237003166837E-01 -0.212493239983305E+01 -0.146038711486380E+01
% -0.178108398668237E+01  0.926183739570160E+00 -0.127355098751178E+00
%  0.127403715889250E+01  0.294650036081907E+00 -0.343250055349976E+01
%  0.660340254017681E+00  0.992353698914446E+00  0.265095184684925E+01
%  0.187094367042220E+01  0.728743294869620E+00 -0.160678367312014E+01
% -0.289278804908769E+00  0.140714973364916E+01  0.816684086558339E+00
%  0.168864011260166E+00  0.129849084100785E+01  0.709559635610517E+00
%  0.211460271783271E+01  0.299997706900822E+00 -0.105565097789633E+01
% -0.304067393519486E+01  0.352715576736108E+00 -0.217930782440066E+01
%  0.476391819277024E+00 -0.304121437496826E+00  0.551890056165889E+00
%  0.387370044565959E+00  0.788805095757035E+00 -0.305682449392623E+01
% -0.169764755635826E+01 -0.378586515964996E+00 -0.832513336190890E+00
% -0.264741142859248E+00 -0.288857274255253E+00  0.142208685198086E+01
%  0.170249054621987E+01 -0.150483718126137E+01  0.162193749517309E+01
% -0.137337625417366E+01 -0.382901626970782E+00  0.190121994991348E+00
%  0.156476800422709E+01  0.262742247273422E+01 -0.650784173250400E+00
%  0.190146859738541E+01 -0.240221789357432E+01 -0.478602421111865E-01
%  0.128426256136607E+01  0.240829003932932E+00  0.926786946091968E+00
% -0.196870781438855E+01 -0.878408802598007E+00  0.190443845492464E+01
% -0.548977533735333E+00 -0.220157949028545E+01 -0.855896417706365E+00
%  0.660286987344905E+00  0.209706357698088E+01  0.186604445029235E+01
% -0.317346634615467E+00 -0.159990464674754E+00 -0.279918030547471E+00
% -0.631112794098764E+00 -0.177475497294212E+01 -0.207216600854315E+00
% -0.892156227384935E+00 -0.681735461822669E+00 -0.208187043724554E+01
% -0.487146412452070E+00  0.862266229084050E+00  0.170038496622288E+01
%  0.224581930136922E+01 -0.973812026530000E+00 -0.113706747482480E+01
% -0.298288752684285E+01 -0.159346735433196E+00 -0.362378267403637E+00
%  0.182250548845434E+01  0.324155379754647E+00 -0.378489059115304E+00
%  0.196164953396220E+01 -0.700048062573372E+00 -0.102794587281051E+01
%  0.260084010963105E+01  0.201113892705097E+01 -0.587435216228114E-01
% -0.175030443847854E+00 -0.116561726534824E+01 -0.525089689474134E+00
%  0.728988830334510E-03  0.707758633122390E-01 -0.162654622623690E-01
% -0.103159096853784E+00  0.903344564938850E+00 -0.467597197893999E+00
%  0.563927420263386E+00 -0.149417728040650E+01  0.383008815038786E+00
% -0.410312868994872E+00  0.481155820140661E+00 -0.169872425748912E+01
% -0.674074836379906E+00  0.464924819740155E+00 -0.917523333126703E+00
%  0.138452440339399E+01 -0.226268778256878E+01 -0.255924706659434E+01
%  0.127862696212891E+01  0.132445089810163E+00 -0.178044285015987E+01
% -0.627520390181867E+00 -0.160677973029320E+00 -0.707308845192827E+00
% -0.399703370461101E+00  0.541625144848434E+00 -0.223442483525435E+00
%  0.124287166476576E+01 -0.157351362540963E+00  0.377775508560452E-01
%  0.268404387474748E+01 -0.375895269041225E+00  0.166576129758621E+01
% -0.586761706994326E+00  0.110544176535323E+01  0.159828655262461E+01
% -0.474106254580982E+00  0.312051971496112E+00  0.349243820514342E+00
% -0.119554974864851E+01 -0.102627634892280E+01 -0.116929582969112E+01
% -0.646148202131910E+00 -0.757976021075969E-01  0.138802930247422E+00
% -0.158224674524026E+01  0.188914703005731E+01 -0.212569975199665E+01
%  0.123264405921229E+01 -0.671657756098224E+00 -0.144725818819217E+01
%  0.576083008372684E+00 -0.153169603263799E+01  0.202910751556510E+01
%  0.135551517129094E+01 -0.906866343997589E+00 -0.445821862886126E+00
%  0.176434219227595E+01 -0.178605505581529E+01 -0.197017891188173E+01
%  0.168674705987448E+01  0.845275100379946E+00  0.150544228875914E+01
% -0.278241130448782E+01  0.186778257803881E+01 -0.278770912510302E+00
% -0.271731189784360E+00  0.147560786210229E+00  0.108818382770281E+01
%  0.530472473532664E+00 -0.153077649970611E+01 -0.482146554732772E+00
%  0.103762705848889E+01 -0.790746668036680E+00 -0.857500486113296E+00
%  0.763700202080162E+00 -0.243188327156216E+01 -0.894306230790722E-01
%  0.105311207053340E+01 -0.399902548328486E+00  0.356047929873575E+00
%  0.430277596976444E+00  0.194619179779293E+01 -0.719258691586832E+00
%  0.201564767370450E+01  0.117055854268950E+01  0.747794843399168E+00
% -0.382992507342775E+00  0.476845328441810E+00  0.617305817294627E+00
%  0.446294876690821E+00  0.604680670162558E+00 -0.212931917838162E+00
% -0.860368229670466E-02 -0.142702103155603E+01  0.172691673519793E+01
%  0.126533515231869E+01 -0.766974988290494E-01  0.108032972349220E+01
%  0.117991181679777E+01 -0.349621003729295E-01  0.198023878996219E+01
% -0.350332207719580E+01 -0.129288440770294E+01  0.790868836214945E+00
% -0.765644973905222E+00 -0.173052510932146E+01 -0.130050058064793E+00
%  0.116051388799054E-01  0.206765991894227E+00  0.382168928030133E+00
%  0.581695407017628E-01  0.563413946155580E+00 -0.952484915054522E+00
% -0.207818070435529E+01 -0.159005211487060E+01  0.764149757448438E+00
%  0.604080566277449E+00 -0.154857495229324E+01  0.138857870891890E+01
% -0.103767029226756E+01 -0.866616963849922E+00 -0.506401375999890E+00
%  0.742717922542733E-01 -0.157848680518107E+01 -0.380919473119837E+00
% -0.195082825169268E+00 -0.403958643359466E-01  0.705433532215480E+00
%  0.100967041118728E+01  0.908412749526124E-02  0.173576744183404E+01
%  0.125074623200800E+01  0.916915295762437E+00 -0.537673183919668E+00
% -0.754011584748596E-01  0.354539753632553E+00 -0.745562495469965E+00
%  0.921297700798947E+00 -0.112589586940236E+00  0.209488720421535E+00
%  0.138226569769138E+01 -0.112158003708612E+00  0.493440080114087E+00
% -0.224421819802700E+00 -0.355803749063952E+00 -0.207613350078452E+01
% -0.932794156221252E+00  0.164189858335265E+01 -0.169429827948543E+01
%  0.215542743434606E+01 -0.128685762244422E+01  0.903365490383266E+00
%  0.296214022289048E-01  0.989261137464112E+00  0.425532660583943E+00
% -0.150056453652456E+01  0.256129795714967E+01  0.250854374128892E+00
% -0.347274684257949E+00  0.391882911653528E+00 -0.234311305508519E+00
% -0.221683488742846E+00 -0.108389320742523E+01 -0.800958723478852E+00
%  0.954709762872546E+00 -0.173552590175514E+00  0.191568682569766E+00
% -0.236740636135247E+00 -0.116878973532136E+01  0.112473058381233E+01
%  0.126118407709517E+01  0.428847141328045E+00 -0.218284513407173E+01
% -0.367985346045961E+00  0.160978960554451E+01  0.111888652253480E+01
%  0.177049220444265E+00 -0.115252923320468E+01  0.695609835941025E+00
% -0.117353931952546E+01 -0.398229586862477E+00  0.823710707821272E+00
% -0.557423137801656E+00  0.212857435511433E+00  0.530762674277082E+00
%  0.109730754070134E+01  0.140341397399851E+01 -0.568543645387059E+00
% -0.296523359937899E-01  0.124877290945761E+01 -0.484373651316874E+00
% -0.182762510008838E+01  0.110058786515023E+01  0.115924382035296E+01
%  0.470340663952746E+00  0.868935100658052E-01  0.874851916834221E+00
%  0.372689316729369E+00  0.795541796331548E+00  0.695842205535943E+00
%  0.377715241316800E+00  0.213190365711914E+00  0.144556852665142E+00
% -0.410872052679363E+00  0.296927578406858E+01  0.258408986388475E+00
% -0.102530365313109E+01  0.300946131372946E+01 -0.229868469322874E+01
%  0.934980962901081E+00  0.540945927099227E+00 -0.211123889630246E+00
% -0.684769172738979E+00 -0.553567345686767E+00  0.416863524162793E+00
% -0.407512846080766E+00 -0.164216111277735E+01  0.257936595169844E+01
% -0.187234611074352E+01 -0.774495514937532E+00 -0.240145005268338E+01
%  0.188860469976433E+01  0.155182179931754E+01 -0.198886944276325E+01
%  0.473061240285442E+00 -0.636948734553543E+00  0.414712283166650E+00
% -0.713990970320104E+00  0.980179275742207E+00 -0.454564177810345E+00
% -0.568348277342603E+00  0.446955262634554E+00  0.461726424533929E-01
% -0.900516532777181E+00  0.268237948974956E+00 -0.200635135747980E+01
% -0.153260328835525E+01 -0.470404142623269E+00  0.606651933086055E+00
% -0.107936007706887E+00 -0.952759685819538E+00  0.177387411629692E+01
% -0.231332730087717E+00  0.735807539758090E+00  0.228810086116916E+01
%  0.403407815672230E+00 -0.638195772084735E+00 -0.282556092069278E+00
% -0.387333368250000E+00  0.339237319842035E+00  0.647911288929107E+00
%  0.470857538185676E+00  0.408046851159207E+00  0.211012016913885E+00
%  0.250830692831831E+01 -0.125440789464219E+01  0.261909720264870E+01
% -0.807704236357031E-01  0.630820076510474E+00 -0.258924724809664E+01
%  0.124334736796792E+01 -0.406907247544641E+00  0.938886671326588E+00
% -0.631310195998810E+00 -0.677052535744013E+00 -0.224881965715003E+01
% -0.717215636412593E+00 -0.181680664654909E+01 -0.537724523967146E+00
% -0.118328445230629E+01 -0.106900169751576E+01  0.732647603084477E+00
%  0.340910979290944E+00  0.329731199143590E-01 -0.299003148810177E-01
% -0.391895458867258E-01  0.169730020124949E+01  0.100652657401896E+01
%  0.144673113473271E+00 -0.881138764355026E+00  0.348891759770955E+00
% -0.165497537927442E+01 -0.214261809425411E+01 -0.224254296360179E+01
% -0.193910663958504E+01  0.198650214943356E+01  0.810533058407165E+00
% -0.681745657508903E+00  0.722388370991371E-01 -0.229112300892342E+01
% -0.480587850488441E+00  0.486679854591172E+00 -0.162306393928865E+01
%  0.679604974855559E+00 -0.307487791352545E+01 -0.215240102474970E+01
%  0.244488911730134E+00  0.145181492983555E+01  0.141343563884541E+00
% -0.255358621704814E+01  0.487995942137749E+00 -0.487512062448086E+00
%  0.420602556514308E+00 -0.138571347080818E+00  0.627293567198424E+00
% -0.383473226791803E+00 -0.270519362950092E+00  0.305341544348176E+01
%  0.606692506448854E+00 -0.493011002761742E+00  0.569453720453109E-01
% -0.237083274569060E+01  0.159643682977530E+01  0.419878801868227E+00
%  0.489304920108401E+00  0.180029520214383E+01 -0.217996259816783E+01
% -0.198748386709263E+00  0.161181252049960E+01 -0.268125438296136E-01
% -0.862263055467094E+00  0.894293346855531E+00  0.100110769379847E+01
% -0.141841202294360E+01  0.851856301495095E+00 -0.127276066265758E+01
%  0.909575581810581E+00 -0.117264063514615E+01 -0.216142746583166E+00
% -0.123372246159656E+01 -0.216751518263632E+01  0.121649537435615E+01
% -0.664677737567552E+00  0.976983661766387E+00 -0.131661110293313E+01
%  0.616835945278719E+00 -0.141147736018943E+01  0.267767289092526E+00
% -0.264328439585898E+00 -0.123567455061887E+01  0.328041580192437E+00
%  0.619878730787651E+00  0.790193932813904E+00  0.651483941175922E-01
%  0.215273396599586E+00 -0.227771568899099E+01 -0.223457525385098E+01
% -0.690477039561359E+00 -0.190363027272438E+01  0.821586583985228E+00
%  0.317780596012548E-01 -0.635880119315412E+00 -0.528238578370780E+00
%  0.535977140044870E+00  0.374880539496671E+00 -0.113874057114334E+00
% -0.813280540327149E+00  0.214949034781084E+01 -0.926128778674962E+00
%  0.809495067243808E+00  0.115279436227192E+01 -0.728573355865392E+00
%  0.874652181123733E+00 -0.169796491506116E+00  0.224560155159812E+01
%  0.602950929329492E+00 -0.531294466727928E+00 -0.530126394559396E+00
% -0.125641509955871E+01  0.167969993505563E+00  0.409406931082010E+01
%  0.109467609544499E+01  0.158075478541988E+01 -0.138528510503861E+01
%  0.807385367718335E+00  0.150756459007492E+01  0.196203106136585E+01
%  0.104090695270909E+00 -0.458057693495054E+00  0.763199920803604E+00
% -0.154090247521979E+01  0.705521812752827E-01  0.115519286653751E+01
% -0.160280535806623E+01  0.124730350977109E+01  0.391507402738590E+00
%  0.110818884053454E+01  0.153866372410427E+01  0.172411473366686E+01
%  0.117944820163607E+01  0.810016194642176E+00  0.135318223668967E+01
% -0.148005633326552E+01  0.736156827942707E+00 -0.284839262591073E+00
%  0.149698385431940E+01 -0.105592783778156E+01  0.121513490987047E+01
%  0.691579349102366E+00 -0.154050725394541E+01 -0.147033699234144E+00
% -0.269633464398042E+01  0.510594465536820E+00 -0.575029090844555E+00
%  0.497719311832869E-01 -0.586962429367709E+00 -0.167628040201917E+01
%  0.937476344460765E+00  0.238470820438399E+01 -0.134212972086602E+01
% -0.165037692501983E+01  0.762612151893319E+00  0.681303106403514E+00
% -0.388488196121255E-01  0.124802797757243E+01 -0.389163692485028E-01
% -0.100657894829963E+01  0.966992133025478E-01  0.112253792619718E+01
% -0.781280873352795E+00  0.680459030993632E+00  0.141321176107563E+01
%  0.605520561658467E+00 -0.548629137005962E+00 -0.290238322118413E+00
% -0.151301631109819E+01 -0.412368299858894E+00  0.120936345781303E+01
%  0.171768917501517E+01  0.147280836970339E+01  0.170975981827590E+00
% -0.624558823535209E+00  0.223443546038446E-01 -0.145708812030384E+01
% -0.142236759679161E+01  0.750439679832910E+00 -0.777423743039553E+00
% -0.139379306308634E+01 -0.167743993328501E+01 -0.133391507416248E+01
%  0.845077755201001E+00 -0.119604498629248E+00  0.802000824640387E+00
%  0.210865018608175E+01  0.802025110744926E+00  0.139665759815819E+00
%  0.749762564278530E+00  0.813528434020049E+00  0.331850952715590E+01
% -0.224689475332050E+00 -0.943921790929755E+00 -0.908831664735860E-01
%  0.143980765001559E+01 -0.216684277572729E+00 -0.170395794243307E+01
% -0.807684956572510E+00 -0.103862301183553E+01 -0.221440795121598E+01
%  0.156012298149802E+01 -0.148625368052494E+01  0.143804348244972E+01
% -0.437002055074552E+00 -0.125151829633223E+01  0.176269894980047E+01
%  0.936314040977670E+00  0.757977949079526E+00  0.649020903069494E-01
% -0.649319362115443E+00 -0.282908871529203E+00  0.282376442581793E+00
%  0.219426526257528E+00 -0.136944601935863E+01  0.104216891291936E+01
%  0.114835049487469E+01 -0.373333242377007E+00  0.840491077207008E+00
%  0.680001817463199E+00  0.201284131196675E+01 -0.104000512766684E+01
% -0.103343761882239E+01  0.304404302350225E+00 -0.567337136897001E-01
%  0.191269925008603E+01 -0.220625659630898E-01 -0.125349078183910E+01
% -0.141286782599524E-01  0.255127682603843E-01  0.168780618412081E+01
%  0.781536834542265E-01 -0.146436427471485E+01 -0.162165250525899E+00
% -0.322296905739999E+00 -0.311542576595515E-01 -0.140834271916654E+01
%  0.205933248045057E+00  0.729804933091371E+00 -0.370761320675749E+00
%  0.142458731121724E+01 -0.136948976880895E+01 -0.387245225766857E+00
%  0.520299166775817E+00 -0.415455296908432E+00  0.260147416216243E+00
%  0.558814818262537E+00  0.156826281121986E+01 -0.170151587914652E+00
% -0.517621793640293E+00 -0.146527114657846E+01  0.641749846400843E+00
% -0.171698996417139E+01  0.120911493074694E+01  0.113116263455460E+01
%  0.225202775224979E+02 -0.611573586643273E+02  0.273703747857277E+02
%  0.116934968695358E+02  0.148589446917033E+02  0.149201273997764E+02
% -0.374476172310790E+02 -0.130897129118322E+02  0.569654418186489E+01
%  0.885595945739335E+01  0.122848496628199E+02 -0.882794308465321E+01
%  0.581209262101887E+00 -0.959960366059740E+01 -0.480214320586475E+01
%  0.161039476126972E+02 -0.619375387963948E+01 -0.140026596861659E+02
%  0.624178485535724E+01 -0.260032644246461E+02  0.179993915737341E+02
%  0.430151046128548E+00  0.347752683243175E-01  0.361960520409067E+01
%  0.598450419887877E+01 -0.424443425394977E+01  0.332092723892274E+01
%  0.326398195544807E+02 -0.259544006414322E+02  0.358837541357663E+01
%  0.185016642174974E+02  0.233800556152103E+02  0.157753282490625E+02
%  0.112415199610184E+01  0.229311312813092E+02 -0.270087178625876E+01
% -0.114992750665295E+02 -0.117685044913941E+02  0.117275841874073E+01
%  0.201417445371522E+02  0.262557433834529E+02 -0.213813862215932E+02
%  0.405489884096376E+02  0.273429006440916E+02 -0.873555509615509E+02
% -0.250591509236848E+01 -0.123580791051073E+02  0.338128337178958E+02
%  0.299132429753204E+02  0.868657455173863E+01  0.197653291450011E+02
% -0.387077673069302E+01 -0.925095637551799E+01 -0.261693827079286E+02
% -0.187829832594921E+02 -0.202857936889025E+02 -0.932649460792224E+01
%  0.185304625449166E+02  0.129172772574828E+02 -0.174791530533733E+02
% -0.216128628488043E+01  0.695427275954103E+00  0.223730017699048E+01
% -0.211303396111017E+01  0.426341403097553E+01  0.491736214100414E+01
%  0.298748721801434E+02 -0.309352649426717E+02 -0.112453082040433E+02
%  0.223777262624131E+02  0.135781307498861E+02  0.224199286005009E+02
% -0.140960524137653E+02  0.116985829415853E+02  0.976595741675131E+01
%  0.681417101898485E+01 -0.110446303279076E+01  0.760017150013623E+02
% -0.453301642301583E+01 -0.110988003143709E+02  0.483075135923511E+01
% -0.554158816326026E+00 -0.149023707344445E+01 -0.756763326052423E+00
%  0.544996400430913E+01  0.201793028279251E+02 -0.114340744331764E+02
% -0.883425585575422E+00 -0.172803395289461E+01  0.217361491001587E+01
%  0.219302140903412E+02  0.157239927169643E+02  0.183687119782232E+02
%  0.166418331834453E+02 -0.205113136164401E+02  0.142391918975051E+02
% -0.627332717957700E+01  0.243202680886267E+02 -0.499075860834627E+02
%  0.413544008607925E+01  0.121964199254783E+02  0.279378662430321E+02
%  0.175582901716441E+01  0.153155782962914E+01  0.512956050891892E+00
% -0.233364799092366E+02  0.940277136816873E+01  0.102442960840871E+02
%  0.667472261386722E+01 -0.125615938589143E+02  0.621257256345981E+01
% -0.215251675930543E+02 -0.677118539868566E+01 -0.352627495407708E+02
% -0.261251033845524E+01 -0.498812561154687E+00  0.113729355814447E+02
% -0.129991220291938E+02  0.955736425405841E+01  0.366306133934696E+01
% -0.216671056417800E+02  0.130839116574575E+02 -0.130203654397347E+02
%  0.547229601042697E+02  0.200649746169810E+02  0.350132363424851E+02
% -0.415711573340565E+01 -0.182257932905122E+02  0.894356132085056E+00
%  0.694989332971137E+01 -0.146017499422883E+00 -0.139807839312015E+02
%  0.124745010258291E+02  0.290125088301974E+01 -0.153578188838453E+02
%  0.655099603750949E+02  0.718549460561386E+01 -0.300670039823928E+02
% -0.150728603344396E+02  0.973273429013422E+01  0.225656341471849E+02
% -0.582062916897380E+00  0.203599556650080E+01 -0.122581094248546E+01
%  0.883267268600474E+01  0.289614527461233E+01 -0.126407932643341E+01
% -0.362042098014557E+01  0.476171390082271E+01 -0.417214439415826E+01
% -0.222625299389218E+02 -0.104246258511762E+02 -0.272712660490064E+02
% -0.993040001961129E+01 -0.994581717554219E+01  0.173845744235349E+02
% -0.164709646799376E+01  0.380235773064138E+00  0.145347772766391E+01
%  0.112206036154567E+02 -0.109975497399815E+02  0.123494986338439E+02
% -0.286254289147563E+02  0.499985063795962E+01 -0.758358135454906E+01
%  0.178328372478698E+02  0.890402757071872E+01  0.359383591540067E+02
%  0.472682307682528E+01  0.605851871402180E+01 -0.205110191545685E+02
%  0.302161437531176E+01  0.665612575705170E+00 -0.826459137218421E+01
%  0.446883819461421E+01  0.112500780461753E+02 -0.330174678206152E-03
%  0.615359381318989E+00 -0.158836047764100E+01 -0.225602640214388E+01
%  0.443523830666793E+00 -0.271649335930023E+00 -0.513050517636781E+00
% -0.109370934133260E+02  0.336759530795209E+02 -0.647199314449333E+02
% -0.275979392024709E+01 -0.236002423439905E+02 -0.845344059424699E+01
% -0.157495427204538E+02 -0.475702869196439E+01  0.264059124818510E+02
% -0.486383292915528E+01 -0.892546292347137E+01  0.491768280426683E+00
%  0.193412464935093E+02 -0.185635634243709E+02 -0.605730086172422E+01
% -0.205361204333167E+02 -0.115227842964827E+02  0.183687015464894E+02
% -0.631606457144135E+01 -0.415976697447940E+01 -0.200930494212737E+01
%  0.395371887226159E+01  0.643542381441398E-01  0.504245663549867E+00
% -0.164215948746132E+02 -0.548053266868282E+02  0.347182659531236E+02
%  0.339325387885925E+02  0.179591273048782E+02  0.479635227976763E+00
%  0.640675536717633E+00  0.860441443474432E+01  0.386137588321430E+02
%  0.601956100982033E+01  0.301794417290375E+01 -0.338828420904687E+02
% -0.166487361179900E+01 -0.663436647425947E+01 -0.276497236557563E+01
% -0.104314598067609E+02  0.116060861431614E+02 -0.389908938785003E+02
%  0.204565396107155E+01 -0.268899342355684E+01 -0.190772449823585E+01
%  0.394729552429991E+01  0.494947288414557E+01 -0.473089044140917E+01
%  0.634358733017125E+01 -0.991473735141330E+01  0.258132417496583E+00
% -0.717997390937062E+00 -0.460873040073733E+01  0.719000890474284E+01
% -0.267564946615550E+02  0.868194258702453E+01  0.395683970303342E+02
% -0.169933228884432E+02 -0.849826159002344E+01  0.165838450946279E+02
%  0.989300647193794E+00  0.727722959064436E+01 -0.346989227363560E+01
% -0.284353501105535E+01  0.565752614842938E+00 -0.680202227959702E+01
%  0.139406256831651E+02  0.147272898924023E+02  0.311790541399811E+02
%  0.108549023216664E+02 -0.574722683779350E+01  0.704477880096975E+01
% -0.122673694005724E+02  0.812959239976770E+01  0.279997453534049E+01
%  0.772829378944561E+01 -0.200937362735656E+01 -0.688306098871315E+01
% -0.234752311874878E+02  0.311120426571493E+01 -0.411836121110405E+01
% -0.160194912697800E+01 -0.781918313863661E+01  0.427678989109582E+01
% -0.135416144833350E+01  0.732505939086478E+01 -0.382186305483077E+01
% -0.255573337365387E+02 -0.151730792667945E+02 -0.613081852914664E+01
% -0.749782766432628E+00 -0.106740099201629E+02 -0.366667807401053E+02
% -0.251298492012217E+01  0.479981082249904E+00  0.288784972006196E+01
%  0.371334020853250E+02  0.114367388383181E+02  0.742292352142694E+01
% -0.348264297026824E+01  0.139807531944303E+01 -0.237866245377897E+01
% -0.328591593412638E+01 -0.814940619020700E+00 -0.369715807888891E+01
%  0.105486525940836E+02 -0.287352215398813E+00  0.158631541437924E+02
% -0.839964523246084E+00  0.458222138439668E+00 -0.636080300287945E+01
%  0.173244013446098E+02 -0.127507438218845E+02  0.132760013811141E+02
%  0.947623327122649E+01  0.332119360499467E+02 -0.528687953657167E+01
% -0.247103945133679E+02 -0.130761762523858E+01  0.231530105457916E+02
% -0.139094406595041E+02  0.311999734886845E+02 -0.115529563013463E+02
% -0.153509938162286E+01  0.777251639401718E+01  0.173623138720779E+01
% -0.953475125666389E+01  0.285970568912887E+00  0.910489626930423E+01
% -0.897526375023474E+01 -0.770273228924854E+01  0.582614747191711E+01
% -0.506988237380244E+00 -0.559724798573945E+01 -0.608427099498451E+01
% -0.105197500945332E+02  0.448961740199751E+02  0.384937459913519E+01
% -0.534282512990732E+02 -0.862749611138616E+01  0.135979366149882E+02
% -0.366325934121678E+02  0.319657235484238E+02 -0.279253823585404E+02
%  0.511136124558241E+02 -0.440028216000575E+02 -0.102283070373543E+02
%  0.978866814434507E+00 -0.158378223548698E+02 -0.168615730371684E+02
% -0.203952706909605E+02  0.127867258037369E+02  0.341189751670978E+01
%  0.853372819138107E+01  0.132617699426174E+02  0.487562418194540E+01
%  0.729155944170423E+01  0.587936963409506E+01 -0.259945431684590E+02
%  0.387854964862502E+02  0.432856301512823E+02  0.168844617209738E+02
%  0.287036871674721E+00  0.311096758390218E+01 -0.101444228341082E+02
%  0.189398560701924E+02 -0.137096700676176E+02  0.182807019518713E+02
%  0.457912259093257E+01 -0.943614820089916E+00 -0.333650412106582E+01
%  0.104018191236958E+02  0.393570307675877E+01  0.408193659439100E+02
% -0.280610831649598E+02 -0.599864280368034E+02 -0.441262879513430E+02
% -0.153269675989348E+02 -0.594480377356596E+00  0.209538368619587E+01
%  0.116777018696065E+02  0.914705879747889E+01  0.416761050939470E+01
% -0.446948395315594E+00 -0.129795701645360E+02 -0.364366634608662E+01
% -0.657675990026306E+00  0.112852064826108E+01  0.862070356257757E+01
% -0.516298793701557E+01 -0.285188476363362E+01  0.186148919435644E+01
% -0.174913857993162E+02 -0.158290573749611E+02 -0.131530119009062E+02
% -0.202351905597787E+02  0.558648021381704E+01 -0.470589021143977E+02
%  0.137087628184288E+01  0.105149749468989E+01 -0.332581664812972E+00
%  0.461757614477552E+01 -0.144552780608976E+02 -0.467870367098488E+01
%  0.141237884916852E+01  0.456701080294888E+01  0.188462852477767E+02
% -0.368817394098945E+01  0.652900556304838E+01  0.215973487711866E+01
% -0.234450887174063E+02  0.634247023753530E+01 -0.159008163514739E+02
% -0.388705258947497E+02  0.283594413189714E+02  0.222687034828067E+02
%  0.294686171897520E+02  0.967556963186333E+01  0.281137711800442E+02
% -0.120152542498286E+02  0.103194936894263E+02  0.214213956379351E+02
%  0.332352219847428E+01 -0.412810405706328E+01  0.130067961780063E+01
%  0.142351802457861E+02 -0.221902597975984E+02  0.436674162611739E+01
%  0.489444895676539E+01  0.468202912127716E+01  0.252577619977421E+01
% -0.115839787360176E+01 -0.147420280068658E+01 -0.103407768982123E+01
% -0.517839343924345E+01 -0.303289714859960E+01  0.811901156545915E+01
% -0.983941307669087E+01  0.551736959805139E+01 -0.806352408170436E+01
% -0.239537499674324E+02  0.155239211934395E+02  0.151249405787297E+02
%  0.129628403733878E+02 -0.619295013517416E+01  0.169026167760755E+02
% -0.614323113292861E+00  0.457310878511356E+01 -0.179778164258721E+02
%  0.931872444871206E+01  0.896430681532869E+01 -0.241899688509723E+02
% -0.723805977599454E+01  0.183694262297486E+02 -0.621932003850383E+01
% -0.132221632337580E+02  0.344988832314996E+02 -0.330139313736607E+02
% -0.492815807815428E+02 -0.676410534730894E+01  0.103547754905272E+02
%  0.131217635584240E+01  0.328627455963012E+01  0.470428878082027E+01
% -0.105041282118139E+02 -0.669708527114954E+01  0.694630348951445E+01
%  0.159297177228902E+02 -0.909706685531270E+01  0.459800055754650E+01
%  0.127671377064598E+02  0.117684358539163E+02 -0.120119365684078E+02
% -0.734633632671332E+01  0.428527680691601E+01  0.832326703413498E+01
%  0.146815815515917E+02  0.368893937157291E+02  0.648992901554871E+01
% -0.243583778214900E+02 -0.319172556849976E+02 -0.120973787289098E+02
%  0.100573092442234E+02 -0.360478488718995E+02  0.535195021316098E+02
%  0.112412109511643E+02  0.371337717377581E+01 -0.171639095706965E+02
% -0.145960784861262E+02 -0.120825273770374E+02 -0.279946049682479E+02
% -0.775507267532604E+01  0.342441984804909E+00  0.640730275011571E+01
% -0.328280037048086E+01  0.921125957468972E+01  0.115197065132854E+02
%  0.224126738758460E+02 -0.583042331675918E+01 -0.932795613481849E+01
%  0.188146406505774E+02 -0.280201470175015E+01 -0.987763829974790E+01
%  0.120353781458350E+02 -0.925912420719065E+01  0.629580545817706E+01
% -0.154869225013758E+02 -0.198636475142420E+02 -0.217365999910647E+02
% -0.987781405370642E+01  0.265468335511779E+02  0.127830281313252E+02
% -0.976644347391502E+01 -0.644807837908393E+01  0.116333615016523E+02
%  0.894561213949784E+01 -0.319377947671660E+01  0.744209182389713E+01
% -0.304931376781939E+02  0.844773618362190E+01 -0.311858559837516E+00
% -0.546415313488940E+01  0.690268100338487E+01 -0.137023400618879E+02
%  0.429555989885757E+02  0.649463547148913E+00 -0.133144530671671E+02
%  0.338784268425692E+01 -0.115441476737607E+02 -0.807311495709274E+01
%  0.554934936885044E+01  0.266730047954074E+01  0.144056183485875E+01
% -0.224691686487950E+02 -0.454525823058520E+01 -0.609540952892040E+01
% -0.623620515102396E+01 -0.954620778241832E+01  0.218336911068567E+01
% -0.438812555963333E+01 -0.221138621897429E+01 -0.761413763439396E+00
%  0.255810899718971E+01 -0.574339509499818E+01 -0.850205306015626E+01
%  0.144789131359666E+02  0.370913608062870E+01 -0.759109742865314E+01
% -0.198216738641940E+01  0.108378045671275E+02  0.654152685406852E+02
% -0.134217647900052E+02 -0.203241805992372E+02  0.151061906023426E+02
% -0.192563605671139E+02  0.320132158754428E+02  0.967358469118222E+01
%  0.106191290346473E+02  0.212923142571802E+02 -0.768456811726095E+01
% -0.787892388480929E+01 -0.100814799692895E+02  0.128768652016220E+02
%  0.180567514778616E+02  0.218115982514374E+02  0.131190549103719E+00
% -0.345457131343534E-01 -0.169235990946412E+01  0.126321633632208E+02
% -0.350016307142061E+01  0.457601932692701E+02 -0.351467698250056E+01
%  0.216147003383273E+02  0.311786163960805E+02 -0.545278716210973E+01
%  0.365393820983284E+02 -0.314361718879035E+02 -0.463688192876663E+01
%  0.313987543720535E+00 -0.246628677646423E+01 -0.815642560858598E+00
%  0.258989406860686E+02 -0.104680308596474E+02 -0.322082321090735E+02
% -0.103798075004061E+02  0.158153975152302E+02 -0.988295538816712E+01
% -0.998804492310234E+01 -0.476382958381302E+02  0.141983258970591E+02
%  0.368323328648464E+01 -0.783606959179519E+01 -0.707457972126515E+02
% -0.392144042747797E+01  0.250467532377515E+01 -0.262776836326221E+01
% -0.166107085264532E+02 -0.201950040850945E+02 -0.867458012156774E+01
% -0.180464758612208E+02 -0.146913735921145E+02 -0.153304431665821E+02
%  0.627091068553302E+01  0.225463985039299E+02 -0.181575706368226E+02
%  0.220065862510292E+02 -0.169560511571951E+02 -0.255235871120541E+01
% -0.100236942157361E+02  0.134668773552013E+02 -0.278535025481196E+02
% -0.286941258590452E+02  0.480654059645131E+01 -0.166109525098695E+02
% -0.671349167290189E+01 -0.233988975825317E+02 -0.127741555948801E+02
%  0.269481318634415E+01 -0.438998058156517E+01 -0.109075792711189E+00
%  0.260501827766431E+01 -0.661609162610889E+01 -0.224841455593932E+01
% -0.220684246513977E+01  0.225392363769077E+01 -0.712863326805678E+01
%  0.333180741820415E+01  0.398011780665109E+01  0.140530631629841E+02
% -0.216402858326318E+02  0.397577528353104E+01 -0.193918341581801E+02
%  0.419244179995650E+02  0.247449683661062E+02  0.432381912984543E+02
% -0.828418367527372E+01 -0.107431749726338E+02  0.434690255871841E+01
%  0.884972381053539E+00  0.921334175486136E+00  0.140032778581094E+01
%  0.620431686753143E+01  0.301072759978250E+01 -0.215019939911592E+01
% -0.280374262075089E+01 -0.241151875252162E+00  0.313238588212601E+01
%  0.243608752954835E+01  0.995839256514526E+01  0.375694004902095E+01
%  0.264124018139922E+01 -0.964055499573321E+01  0.408973412930897E+02
% -0.120702954773587E+02 -0.189478483597242E+01 -0.406259004311044E+00
% -0.130826607739044E+01  0.344047265786787E+01 -0.220628964658579E+01
% -0.163801521486812E+01 -0.116370032475718E+02 -0.338677622478699E+01
% -0.763734214310472E+01 -0.232100314495107E+02 -0.869244434705746E+01
% -0.249850052795399E+02  0.108907839764036E+02  0.125667092219085E+02
%  0.642229860606692E+01 -0.620632885590669E+01 -0.272427789294805E+01
%  0.161541929956917E+01  0.307839996245947E+01  0.526889122386605E+01
%  0.288464819445928E+01  0.122365760459086E+02  0.190015405979852E+01
%  0.136807251251204E+02 -0.899406409848477E+01 -0.241891853680232E+02
% -0.228738127800654E+02  0.818008451825698E+00 -0.526862312946496E+01
%  0.231272405264266E+01  0.965510253396305E+01 -0.360316825577351E+02
% -0.105126575196263E+01  0.774466734369771E+01  0.958360317535777E+01
%  0.189691503837598E+01 -0.663258229479299E+01  0.437348373654377E+01
% -0.154687622571276E+02 -0.783342118351209E+01  0.310999180076126E+02
%  0.448987307989940E+00 -0.302131652793507E+01 -0.337445692979918E+01
% -0.784027013354136E+01 -0.121258708521144E+01  0.215188491825857E+01
%  0.267740492063053E+01 -0.157115763250518E+02 -0.189548078074468E+02
%  0.849824219995254E+01 -0.771402993561787E+01 -0.283042973862079E+01
% -0.134655201319163E+02  0.258152605763134E+02  0.182135371845860E+02
% -0.302042841431403E+01  0.102881322638175E+02  0.899320584143389E+01
%  0.321548287831112E+01 -0.120214331043650E+01 -0.158218387225360E+01
%  0.125967625028032E+00 -0.111509381376392E+02 -0.319458777306703E+01
% -0.585686245391491E-01 -0.885793142788195E+01 -0.692480236699360E+01
%  0.783698091637330E-02 -0.138851438236786E+01 -0.184729892032673E+01
% -0.142346276565053E+02  0.578995530260157E+01 -0.245964460309624E+00
%  0.136881002076430E+01 -0.760089792884948E+01 -0.260993239470609E+01
%  0.609397955595964E+01 -0.228372538560766E+02 -0.202842877894883E+02
%  0.231917205746683E+02 -0.397625932529228E+02  0.547414365312676E+01
%  0.231839847005113E+01 -0.940832189317711E+00 -0.485968535883942E+00
%  0.743431020414599E+01  0.886538250784476E+01  0.514162454595209E+01
% -0.604759145917949E+01  0.703618557444769E+01  0.110424085271929E+01
%  0.255612580505971E+02  0.220362283810217E+01  0.773227169425407E+01
%  0.330109095300053E+02 -0.261329901387407E+00  0.571415649901126E+01
%  0.198876626677021E+02 -0.148871058239674E+02  0.335622493689180E+02
% -0.370215861718686E+02  0.354152921699836E+02  0.192504987124678E+02
%  0.408104301477711E+01  0.361019917948293E+00 -0.224227453569284E+01
% -0.127049158099259E+02  0.729355994177500E+01  0.215015946649505E+02
% -0.597555317395441E+01  0.282704098022070E+02  0.106287529267957E+02
%  0.297857796323044E-01  0.156298729220752E+01 -0.132540957146189E+01
% -0.139522591817339E+02  0.122870567763785E+02  0.492558958291957E+01
%  0.197935737745405E+01 -0.588098556545041E+01 -0.156785369928457E+02
% -0.341296114856423E+02 -0.345929847775059E+02 -0.112823039401442E+02
%  0.852218266840090E+01 -0.415632353706210E+02 -0.128098133572568E+02
% -0.700980729627519E+01  0.199978920096944E+01 -0.510768457327700E+01
