% T    256  0.715122828077254E+01  0.715122828077254E+01  0.715122828077254E+01
   0.934212727909429E+00  0.889494529520675E+00  0.296048046592683E+01
  -0.186846692332796E+01  0.142240973488043E+01 -0.244105904745540E+00
  -0.982927988766391E+00  0.124105677099638E+01 -0.469350908313827E+00
  -0.148881451408755E+01 -0.240851493712072E+01 -0.282373167079767E+01
   0.166062750374738E+01  0.151509980809719E+01  0.160749559702118E+01
   0.114842978399953E+01  0.836261429303409E-01 -0.224833739715956E+01
  -0.399729591324455E+00  0.312846389425034E+01 -0.189769055243879E+01
  -0.661106067581765E+00 -0.220901023912549E+01 -0.226686469715167E+01
   0.247240539931799E+01  0.313543209966859E+01  0.156959487307474E+01
  -0.286079412501836E+01  0.176700423844708E+01  0.244379601583578E+01
  -0.114917317349129E+01  0.236354048980605E+01 -0.259676651607009E+01
   0.113914030121965E+01 -0.138599674607356E+01 -0.312260527294162E+01
  -0.319590273071123E+00 -0.228368264133797E+01  0.167405040571306E+00
  -0.201568326253680E+01 -0.334032967734485E+01  0.272273183839523E+01
  -0.130573664259606E+01  0.140186775984471E+01 -0.227715406560313E+01
   0.279690724578228E+01  0.244320966139563E+00  0.920622969037807E+00
  -0.198417295696326E+01  0.202017737578381E+01  0.798244287486508E+00
   0.717612624173561E+00  0.136730860610720E+01 -0.299662173267142E+01
  -0.122225897450521E+00  0.187818787516034E+00  0.159209137510328E+01
  -0.251941866046394E+00  0.161874326447385E+01  0.241106716788367E+00
  -0.124478873426852E+01 -0.441241258669539E+00 -0.128272288187892E+01
   0.139085024282848E+01  0.239670453212213E+01  0.234310085405945E+01
   0.138426205955479E+01 -0.228117480305208E+01  0.735228758486331E+00
  -0.172504804364349E+01  0.104117945805960E+00  0.145794629895539E+01
  -0.591322020742496E+00 -0.337000481835956E+01  0.210582817096165E+01
  -0.317814473415585E+01 -0.355856030035041E+01  0.535541812771624E+00
   0.304249306145807E+00  0.311827229857172E+01  0.236438185052608E+01
   0.817435196553380E+00  0.197217214261446E+01  0.118907059507102E+01
   0.405892701778063E+00 -0.188507066413082E+01  0.153594865458678E+01
   0.229243570511276E+01 -0.720319979915183E-01  0.293666417622437E+01
  -0.138844079565614E+01 -0.657907332387410E+00  0.196725958226922E+01
  -0.164231747350076E+01  0.190241476155132E+01 -0.119804731292772E+01
  -0.136451347937562E+01 -0.266741692597618E+01 -0.173180179645819E+01
   0.305843349687006E+01 -0.204842933838555E+01  0.327874394357988E+01
  -0.401321353974274E+00 -0.480445788648389E+00  0.263578802286367E+01
   0.266180834251648E+01  0.208183874670083E+01  0.153847008902761E+01
   0.269997627979324E+01  0.273095422458628E+01 -0.334682415956382E+01
  -0.208513861253619E+01 -0.226400913979292E+00 -0.334180315169706E+01
  -0.388069655232644E+00  0.124857583922853E+01  0.244220401612079E+01
  -0.305596244802752E+01 -0.155169137350602E+01  0.146386089212431E+01
  -0.994737006450499E+00  0.235855808772768E+01  0.108377278857494E+01
   0.246244356913051E+01  0.335962679634704E+01 -0.110373905901922E+01
   0.209812725398737E+01 -0.168879942937495E+01 -0.132318928068953E+01
  -0.919453601364281E-01 -0.336911611790263E+01 -0.126142043583093E+01
   0.345907853191341E+01 -0.117321072449660E+01  0.616516278295173E+00
   0.673730663720746E+00  0.167428488571001E+01  0.231650013394973E+01
  -0.476058976727314E-01 -0.200463714291216E+01  0.334835874332143E+01
   0.236548558253229E+00 -0.245474808063378E+01 -0.184513228610635E+01
   0.306193484193121E+01  0.228461456242007E+01 -0.218763013673878E+01
   0.215383222494488E+01 -0.314397892350638E+01  0.149889466327127E+00
   0.250138173076639E+01 -0.298753138086198E+01 -0.318102089665999E+01
  -0.310981547415964E+01  0.212000795219728E+01 -0.208105703817161E+01
   0.266569216131483E+01  0.318809362935780E+01  0.275027776900467E+01
  -0.283578442523262E+01  0.357618627975120E+00  0.587845386421042E+00
  -0.194969940549418E+01  0.275364173839173E+01  0.262271716367031E+01
   0.332462849263526E+01  0.194936808315292E+01  0.233782265961844E+01
  -0.225119756974667E+01 -0.801130725112405E+00 -0.444636002183750E+00
   0.256947065971031E+01  0.795674794773310E+00  0.333308311788338E+01
  -0.123043683515291E+01 -0.136052898062356E+01  0.255736253280531E+00
   0.325212498929771E+00 -0.298057347595663E+01  0.168416610282701E+01
  -0.262566630308840E+01  0.165412670465252E+01  0.154299676089726E+01
   0.473053449709486E+00 -0.832343658942425E+00  0.328063151791922E+01
  -0.163357666984459E+01  0.289689857692604E+01 -0.183777815000031E-01
   0.348714749892810E+01 -0.245241361105977E+01 -0.311122719319114E+01
   0.292497998041155E+01  0.494235163363601E+00 -0.675535053841070E+00
   0.209065510292201E+01  0.197858683471647E+01 -0.309378014099671E+01
  -0.263559357165981E+01  0.243436719641546E+01 -0.112306153108140E+00
  -0.457501459808912E+00  0.166670751417047E+01 -0.354096054644670E+01
   0.150980455303763E+00 -0.199763475747928E+01 -0.724519589168119E+00
   0.305916541218524E+01 -0.206130833913210E+01 -0.214356142748106E+01
  -0.205621387589818E+01  0.806082414011176E+00  0.216437674118423E+01
   0.104585156626860E+01  0.300999246143172E+01  0.100267572614698E+01
  -0.238692994894449E+01  0.969449861937694E+00 -0.302671034823815E+01
   0.233395923026741E+01  0.120338896341885E+01  0.849603328947618E+00
   0.301067182966857E+00  0.521459320546471E+00 -0.193004154570556E+01
   0.338194690095750E+01  0.840482855558447E+00  0.286797718833213E+00
   0.572898800485670E+00 -0.174693311554134E+01  0.588273845451591E+00
   0.123816327884582E+00 -0.128442828422975E+01  0.243720547581845E+01
  -0.353510634976640E+01  0.637958144874628E+00  0.268020721478118E+01
  -0.730287141684171E+00  0.287603774052305E+01  0.185676180966406E+01
   0.343675916583798E+01  0.221073108487046E+01  0.964625089159612E+00
   0.281147999285122E+01  0.610497523887933E+00 -0.239286887948582E+01
   0.215174355933865E+01 -0.959374765022831E+00 -0.329201131070658E+01
  -0.303344245703805E+01 -0.353862191932493E+01 -0.239569782266479E+01
   0.115784482853909E+01  0.349826236289827E+01  0.150217817533775E+00
   0.327659077404262E+01 -0.230382775555871E+00 -0.137416536491131E+01
   0.241758328598397E+01  0.242222926421967E+01 -0.146552421045648E+01
   0.240795217591562E+01  0.196741500588796E+01  0.251138801942849E+01
   0.167857435407794E+01  0.135717170428378E+01 -0.119078153498634E+01
  -0.830026847375796E+00  0.379485705562827E+00  0.306033702491817E+01
   0.752046958279324E+00  0.995972556226621E+00  0.279790048990987E+00
  -0.264251809195203E+01  0.303991095232013E+01 -0.140568296900359E+01
   0.340375996890005E+01 -0.111466076858489E+01 -0.247446268190369E+01
   0.148428202679752E+01 -0.345319405039641E+01 -0.274485507717133E+01
  -0.864390754182031E+00  0.519243284665741E+00 -0.111342497985559E+01
   0.644102172484602E+00  0.259314619462494E+01 -0.406922819641086E-01
  -0.224136965313348E+00  0.208209279333050E+01  0.165896428565432E+01
   0.144691619886634E+01 -0.165861249997795E+01 -0.190006409556145E+00
  -0.240761823010536E+01  0.123887868900942E+01 -0.113519321154779E+01
  -0.339749164607887E+01  0.148941384371829E+01 -0.280766989673886E+01
  -0.254366109515861E+01 -0.247592237389642E+01 -0.105101416409939E+01
   0.191055575957018E+01  0.431050159704764E+00 -0.161826844242908E+01
  -0.355343871380868E+01  0.497287421394889E+00 -0.320361178932946E+01
  -0.184670077166608E+01 -0.220089725397821E+00  0.248320736225220E+00
   0.298891855842018E+01  0.175106832486351E+01  0.351510443840120E+01
   0.845868348202781E+00  0.597667051938295E+00  0.200207756341251E+01
  -0.282846476775369E+01  0.282476490282976E+00  0.157244275991168E+01
  -0.284560069173357E+01  0.149195747500158E+01  0.454140555567262E+00
   0.570183385176366E+00  0.177862396374935E+01 -0.936275791048249E+00
  -0.131599611921904E+01 -0.672723072795190E+00  0.325156607880312E+01
  -0.267121907751282E+01 -0.875946431889980E+00 -0.137938039428126E+01
  -0.341414679108093E+01  0.239991589446485E+01 -0.333355878361191E+01
  -0.120387561248844E+01 -0.284090880681089E+01  0.273654272683723E+01
   0.124149045933840E+01  0.356867594394610E+01  0.209579670698051E+01
   0.316190774154187E+00  0.157414492975917E+01 -0.188677142532189E+01
   0.172149244386847E+01  0.126955069585427E+01 -0.354749633470386E+01
   0.228156737365300E+01 -0.282008270724264E+01 -0.203517167109038E+01
  -0.159086965854566E+01 -0.169730339442398E+01  0.349506289403305E+01
   0.178151695476930E+00 -0.909935227663697E+00  0.126089634690191E+01
  -0.123238306648466E+01 -0.163003785997999E+01 -0.121792759798334E+01
   0.377205887406555E-01  0.936713024995418E+00 -0.731073502047909E+00
   0.308117208314107E+01 -0.314549301806275E+01  0.992678931162221E+00
  -0.550734423808301E+00  0.209851079471695E+01 -0.899619180990079E+00
  -0.156011755764506E+01 -0.324399646254932E+01  0.183907642614644E+01
   0.168335493955021E+01  0.254433833883355E+01 -0.887089113053491E+00
   0.225852274079197E+01 -0.248489592596191E+01  0.308683437809538E+01
   0.128467588410990E+00 -0.159939025487386E+00 -0.668216580387613E+00
  -0.164538219978368E+00  0.103437728186208E+01  0.108823110586923E+01
  -0.463925968547986E+00 -0.332955253900240E+01  0.105899577088689E+01
  -0.336148556048551E+01  0.130551951517143E+01 -0.468339117990335E+00
   0.340350006464832E+01 -0.455950650938473E+00  0.247323647087370E+01
  -0.163481663645874E+01  0.287565514402936E+01 -0.166009796363860E+01
   0.310147135694690E+01 -0.206682625794963E+01  0.210685219165741E+00
  -0.247564517772746E+01  0.288741440251357E+01 -0.323726788676257E+01
  -0.293040021764973E+01  0.407801509927976E+00 -0.458771631766701E+00
   0.259384918760581E+01  0.480841792778588E+00  0.198501008858891E+01
   0.154680324991038E+01 -0.214644589557410E+01 -0.232314120439630E+01
  -0.111244780202877E+01  0.326774917424496E+01 -0.848225866364278E+00
  -0.219353049954807E+01 -0.216881454628358E+01  0.132420723289709E+01
  -0.232391472501767E+01 -0.311817168075234E+01 -0.172884251865390E+01
   0.193464280541501E+01 -0.564797522179549E+00 -0.207803659509913E+01
  -0.107842557828862E+01 -0.339665450169038E+01  0.346489230413687E+01
   0.110071263358206E+01 -0.743825899933077E+00  0.200675082714944E+01
   0.409364629653270E+00  0.259002370321213E+01 -0.147084731108102E+01
  -0.329234688479179E+01  0.317689723854056E+01  0.301378400721301E+01
   0.312212013326998E+01 -0.156941915768395E+01  0.151573318775005E+01
   0.183707001624241E+01  0.105059654404216E+01  0.248798701657992E+01
   0.235328611699101E+01  0.320271581003993E+01 -0.252285791975899E+01
  -0.452587357418775E+00 -0.115189742827648E+01 -0.351450913574043E+01
  -0.190915255278916E+01  0.426401435963844E+00 -0.734938488580544E+00
   0.460403771852441E+00 -0.261650600768281E+00  0.527018732234332E+00
  -0.392570449918167E-01  0.402918090831503E+00  0.892301690592270E-01
  -0.148355998888685E+01 -0.232272777168276E+01 -0.724520280895799E+00
   0.148549242476137E+01 -0.261680316300867E+01  0.251011183326817E+01
  -0.181699860696117E+01  0.350958402413493E+01 -0.253908701806429E+01
   0.159487391231376E+01 -0.666017236991473E+00 -0.733064081999859E-01
  -0.207633101617941E+01  0.350333323101560E+01 -0.743557442388188E+00
   0.497046006314412E+00 -0.110920552310300E+01 -0.510118374176695E+00
  -0.607712348601571E+00  0.878096015667394E+00 -0.290026135636757E+01
  -0.233831991366004E+01 -0.135873075020751E+01 -0.224891409461125E+01
  -0.653315152797021E+00 -0.363495334329074E+00 -0.127000859990071E+00
   0.141134341403057E+01  0.353640437786795E+01 -0.134252681547865E+01
   0.258578732220624E+00 -0.329801197670202E+01 -0.287103378192735E+01
  -0.324196965722965E+01 -0.264227717720729E+01  0.195421622062512E+00
   0.821028890233090E+00 -0.254576051591428E+01 -0.347389630431033E+01
   0.341235030967442E+01 -0.244420076566578E+01  0.170106773904745E+01
  -0.189849364593495E+01 -0.446212585929709E-01 -0.218290284187309E+01
  -0.152372442608138E+01  0.262414041245329E+01  0.355229843235478E+01
  -0.269879886132538E+01 -0.574806106739673E+00  0.968552701131565E+00
  -0.316849622048267E+01  0.261940627106706E+01  0.180555901224823E+01
  -0.147420244309501E+01  0.119207770691017E+01 -0.319732213141504E+01
  -0.952447799365466E+00  0.844847524399118E+00  0.171849798533202E+01
  -0.714897485995372E+00 -0.176736960332415E+00  0.899807928552611E+00
  -0.872730470317025E+00 -0.333666825424936E+01 -0.256233287852692E+01
   0.264548788017215E+01  0.144067637989207E+01 -0.163882167549990E+01
   0.151214034046331E+01  0.241833468640269E+01 -0.205206952798228E+01
  -0.227938671741205E+01 -0.103455681028046E+01  0.246091358110595E+01
   0.218401925300290E+01 -0.182399095599101E+01 -0.303884923769693E+01
  -0.172063909975528E+01  0.181554149236400E+01  0.281961241845323E+01
  -0.140280640978895E+01  0.108414154989286E+01  0.486553374099017E+00
   0.201060657619211E+01 -0.405143771638749E+00  0.205889519652135E+01
   0.140239814985337E+01 -0.133497496772059E+00  0.879604284371451E+00
   0.281368783327924E+01  0.197166972212150E+01  0.234954922186907E+00
   0.336701796422699E+01  0.313761525840701E+01 -0.166713077722184E+01
  -0.221325411314818E+01  0.917028162188314E+00  0.106523339896214E+01
   0.157466007965837E+01 -0.165474521674781E+01  0.165969840637920E+01
  -0.528501316525484E+00 -0.152888109014562E+01  0.112839818583930E+01
  -0.354769092707725E+01 -0.884489869646949E-01 -0.231504022589157E+01
  -0.110503284520804E+01  0.176935519291335E+01  0.204877323684167E+01
   0.430711654290419E+00 -0.666662530027202E+00 -0.166667788049492E+01
  -0.350411956478754E+01  0.798372495281097E+00 -0.136464268123191E+01
   0.431467415407611E-01  0.300527004730625E+01  0.821244282702268E+00
   0.154631176408046E+01 -0.119954760408416E+01  0.666088569178140E+00
  -0.256951676870261E+00  0.298936697061074E+01 -0.302549837495628E+01
  -0.166466454830387E+01 -0.113017803508560E+01  0.112101636842179E+01
  -0.351978693943427E+01 -0.143668786732486E+01  0.248768751597343E+01
  -0.613511206709463E+00 -0.236538980241462E+01  0.202386009819400E+01
   0.235605692256172E+01 -0.212489545308011E+01  0.225061711966138E+01
   0.181891069830293E+00 -0.338137185875259E+01  0.320016077334069E+01
   0.991364366727296E+00 -0.139371122255934E+01 -0.186753551965395E+01
   0.276373336819764E+01 -0.105681093577397E+01  0.318490766905334E+01
  -0.253857918351555E+01 -0.274658743520741E+01 -0.312649433922173E+01
   0.283196873213018E+01  0.304953020031014E+01  0.100553450485554E+00
  -0.350415060591544E+00  0.273709453506761E+01 -0.798732858320478E-01
   0.118599079160710E+01 -0.223401570139081E+01 -0.115190404743859E+01
  -0.556681227551803E+00  0.192167642200770E+01 -0.194896744873802E+01
  -0.265254245518038E+01 -0.139850194137026E+01  0.351699930534868E+01
  -0.247217560578499E+01  0.142758012724823E+00  0.276884036866053E+01
   0.217528266985146E+01  0.408496060695672E+00  0.884047432489765E-01
   0.345670099312190E+01 -0.489355220108719E+00 -0.469879371073054E+00
   0.258721160080322E+01 -0.103339666456235E+01  0.340521734406103E+00
   0.355725539788299E+01  0.207132702714685E+01 -0.109519709745537E+01
  -0.348764410401042E+01  0.958385367118884E+00  0.137453847896560E+01
  -0.231107305861129E+01 -0.226452238094106E+01  0.303605946754695E+01
  -0.170189856776324E+01 -0.213900343748636E+01  0.220048119900191E+01
  -0.446553960350317E+00  0.284536693071114E+01  0.309378636576859E+01
   0.274526332092227E+01 -0.171453845720428E+01 -0.642681106570394E+00
   0.298002335005882E+01 -0.127172895658011E+01 -0.145161038486389E+01
  -0.106302912902856E+01 -0.148654807537158E+01  0.250628357050581E+01
   0.865232897861208E+00 -0.182620928113369E+01  0.304798454654708E+01
   0.158407824650961E+01 -0.928262353264188E+00  0.304855725046538E+01
   0.237007066426722E+01 -0.258351510504128E+01 -0.971653574327622E+00
  -0.296877495717456E+01 -0.342719193452483E+01  0.196621958102131E+01
  -0.116656678069295E+01 -0.296026490507487E+01  0.226461095862163E+00
  -0.322372319679596E+01 -0.510892074466410E+00  0.335855415539168E+01
  -0.138187244850538E+01  0.328837537224121E+01  0.948346381445496E+00
  -0.239564524108682E+00 -0.313181855680005E+00 -0.259985348318988E+01
   0.694659910463148E-01 -0.165706617844424E+01 -0.254753506135106E+01
  -0.335502119345104E+01 -0.313721588234791E+01 -0.907581503173660E+00
  -0.879405411562784E+00  0.144283014074809E+00 -0.210331783887102E+01
  -0.578636507612526E+00 -0.119540220053498E+01 -0.729623904019866E+00
  -0.324778391609509E+01 -0.175015891712733E+01 -0.107788155563563E+01
   0.327898533555908E+01 -0.310546362061873E+01 -0.223016191913182E+01
   0.159269517932260E+01  0.127279170569415E+01 -0.225189303466633E+01
   0.336896443563542E+01 -0.313242950529860E+01  0.286736679905254E+01
   0.628560652335289E+00 -0.281672165134616E+01  0.744178821665949E+00
   0.102554247689188E+01 -0.162624745790580E+00 -0.352392517240623E+01
   0.859346707770060E+00  0.291723581239362E+01 -0.289262811400778E+01
  -0.237633375603387E+01  0.188008368194898E+01 -0.343830671769829E+01
  -0.112729685417080E+01 -0.936350340299238E+00 -0.230687961415127E+01
   0.868154232000854E-01  0.287298482152584E+00 -0.342571199338579E+01
   0.244140411711340E+01 -0.258098277759883E+00 -0.986180227802776E+00
   0.679946489955233E+00 -0.676637812382485E+00 -0.274212110522517E+01
   0.339428476985537E+01 -0.355155585882694E+01 -0.335593812169403E+01
   0.138037847965428E+01  0.585516032587434E+00 -0.687685726996717E+00
   0.220456671802938E+01  0.725006621201204E-01 -0.310900914302003E+01
   0.100229755830254E+01 -0.259465235783225E+01 -0.166922560862952E+00
   0.173284871147898E+01  0.302732881904454E+01  0.352862755904171E+01
   0.174414165270499E+01  0.212271293763783E+01  0.599170605756603E+00
   0.340526137475890E+01 -0.307262493462167E+00  0.152740171798622E+01
  -0.198603892161015E+01  0.275303994880154E+01  0.155826739570061E+01
   0.209577792725001E+01 -0.280204210688037E+01  0.140189292963365E+01
  -0.301151589680137E+01 -0.218872680880865E+01 -0.215213163473958E+01
   0.264121594385370E+01 -0.311614754111346E+01  0.207652833798303E+01
   0.218125657292006E+01  0.137463596992870E+01 -0.415371711026169E+00
   0.496409438400857E+00  0.253048900320514E+01  0.320861688706350E+01
%  0.112861713906369E+01  0.132419817681801E+01 -0.109244476042990E+01
%  0.918470766791204E+00 -0.384154468283425E+00 -0.368720275496395E+00
%  0.130042902158436E+00  0.183540419457694E+01  0.280125364229527E+00
% -0.276625557780480E-01  0.124672730049895E+01  0.295091864576466E+01
%  0.677550260937392E+00  0.234147260606689E+01 -0.144264311820103E+01
%  0.194420804417291E+01  0.231918124192892E+01  0.461063848395246E+00
% -0.585639123893607E+00  0.605327140652918E+00 -0.168665046705945E+01
% -0.260599756124860E+01  0.134968455319508E+01  0.715188682026369E-01
%  0.172810161085423E+01  0.107680343606404E+00 -0.153849346699193E+01
%  0.850323133127605E+00 -0.266332192618737E+00 -0.161106976622862E+01
%  0.144641277920711E+01  0.829854383931828E+00  0.235849941183371E+00
% -0.618431689939824E+00  0.121726284263666E+01  0.181703363204656E+01
% -0.470239406131459E+00  0.521889239631662E+00 -0.197531668075573E+00
% -0.878799610658479E+00 -0.156530429061237E+00  0.334948043474945E+00
% -0.150466923404539E+01 -0.205986200074082E+00  0.222246461848818E+01
% -0.834826383214419E-01  0.720862776766452E+00 -0.123451026128279E+01
%  0.321250284823014E+01  0.103122894303190E+00 -0.327319409235435E-01
%  0.192240014055301E+00 -0.737478318288353E-01 -0.144603407142092E+01
% -0.269562605328141E-01 -0.834828667455719E+00 -0.226762390945731E+00
% -0.265781564521190E+00 -0.381648661356289E+00 -0.130093798633505E+01
%  0.146304602371435E+01  0.146175661457748E+01  0.300880569195695E+01
%  0.657161870252216E+00  0.415451819426165E+00 -0.386921422511074E+01
% -0.267078221392539E+01 -0.140497725558097E+01  0.194335684410781E+00
% -0.512253794075021E+00 -0.415042071893404E+00 -0.570034696721702E+00
% -0.124280052897930E+01  0.585973935462421E+00 -0.163895885369934E+01
% -0.155530132228313E+01  0.187310879542398E+01  0.193781990586070E+01
%  0.135405374887665E+01 -0.116123474435947E+01  0.675568800411288E+00
% -0.316745770521433E+00  0.292100599171400E+01 -0.342493092239620E+00
% -0.686111947460329E+00 -0.990602765648993E+00  0.287038634493813E+00
% -0.377020741568762E+00 -0.122118070151720E+01 -0.151817510460625E+01
%  0.252755768114080E+00 -0.515116080307799E-01  0.283405100272731E+00
%  0.770770623299840E+00 -0.585110835656911E+00 -0.102908621812533E+01
% -0.159970360378033E+00  0.215676346076528E+00  0.994469176923190E+00
%  0.515464611978136E-01  0.277993325561787E+00  0.737233002554029E+00
%  0.134899450777234E+01 -0.144567431905037E+01 -0.197297463142888E+01
%  0.112595534195998E+01 -0.360164578333355E+00 -0.253734373937933E+00
% -0.102197575267718E+01 -0.128104745964495E+01  0.115609035568307E+01
% -0.399450145484416E+01 -0.193653843624955E+01 -0.219596484998467E+01
%  0.696400091869873E+00 -0.224643393662640E+01 -0.216633096531486E+01
%  0.227923245114279E+00  0.593333294468404E+00 -0.440121314594533E+00
% -0.569545630022396E-01 -0.242318963382689E+01 -0.173947936581252E+00
% -0.133146926709282E+01 -0.180439714323138E+01 -0.947205855141129E+00
%  0.202875774925298E+01 -0.251704741583375E+01  0.186991185206886E+01
%  0.282169401892856E+01  0.296993062361060E+01 -0.308174573449189E+00
% -0.861371548203781E+00  0.628734043720237E+00  0.132374950044097E+00
%  0.172838357960631E+01  0.279056025032059E+00  0.147258076553935E+00
%  0.161844677167503E+01  0.839686273551132E+00 -0.222429222902858E+00
%  0.152232438133667E+01 -0.663630439090486E+00  0.137885014945412E+01
% -0.246042351887746E+01 -0.627153395053945E+00 -0.166162096564776E+01
%  0.159348248794533E+01 -0.147218155516069E-01  0.107693303904469E+01
% -0.191511839435270E+00  0.106551963763042E+01  0.143892916863388E+01
% -0.208512301001720E+01  0.560638201320752E+00  0.239921089115882E+01
%  0.112987061743835E+01 -0.222305111737524E+01  0.162406770913492E+01
% -0.203101936397389E+01  0.294919986017305E+01  0.306822753814920E+00
% -0.175396406676074E+01 -0.155562573023194E+01 -0.377054267606341E+00
% -0.225675368951852E+00  0.137533860358739E+01  0.102396550542621E+01
%  0.299215317790912E+01  0.103604328040707E+01  0.128124867815589E+01
%  0.477653255427185E+00 -0.891620511593262E+00  0.171065523065276E+01
% -0.141127163497254E+01  0.373097689912451E+00  0.108954866420176E+01
%  0.170332640653069E+01  0.462551302252518E+00 -0.116842954033928E+01
% -0.360744344882007E+00 -0.160057053201328E+01 -0.120601361994686E+01
% -0.220797641744065E+01 -0.528710527214426E+00 -0.183338069100435E+00
% -0.752180846948820E+00 -0.390187662858604E+00  0.704904614571491E+00
%  0.356367945451368E+00 -0.100571833349962E+01  0.100082746858294E+01
%  0.566188959008865E+00 -0.170586877424482E+01  0.188358113722640E+01
% -0.166433064942190E+01  0.969378194841991E+00 -0.656674326474752E-01
% -0.191624485035480E+01 -0.412511839045976E+00  0.361967203995762E+00
%  0.322994344983477E+00 -0.114907026905178E+01 -0.349247928110436E+00
%  0.357362348569030E+00 -0.587112907395334E+00  0.148319150639647E-02
% -0.580337599863509E+00  0.125620954749157E+01  0.281539730615565E+01
% -0.649999793301352E+00  0.525380798536455E+00 -0.101851739332201E+01
%  0.504335596026944E+00  0.341890762640148E-02  0.473989892981016E+00
%  0.335126186765579E+00  0.138188115513305E+01 -0.370817287460625E+01
% -0.169881816579976E+01 -0.111612497825964E+01  0.215398165763310E+01
% -0.109856055246441E+01 -0.142570869861436E+01  0.147252182921293E+00
%  0.191388883712259E+01 -0.856103543028715E+00  0.181352131582931E+01
%  0.417112407556899E+00  0.137557193015982E+01 -0.184357856547175E+01
%  0.647353824135662E+00 -0.150487321566423E+01 -0.192722796701745E+00
% -0.445204075385193E+00  0.104472802822783E+01  0.104670719153630E+01
% -0.162271922282436E+01 -0.243772469246043E+01 -0.250238130212147E+01
% -0.348992796654770E+00 -0.520550620205494E+00  0.112712698760198E+01
%  0.150797699625760E+01  0.983248587258369E+00 -0.786874644896849E+00
% -0.456590968466390E+00  0.168974388305718E+01 -0.820131777134231E+00
% -0.517979633617952E+00 -0.256324961283139E+01  0.626810827246619E+00
%  0.407993369551021E+01  0.841142863516364E+00  0.925848481863998E+00
%  0.174401626706987E+01  0.740614644046731E+00  0.222616328450185E+01
%  0.210717037855241E+01  0.114602836510345E+01 -0.105185423211853E+01
%  0.693258516562701E+00 -0.637325772671558E+00 -0.206268806446683E+01
%  0.200436313721118E+01 -0.308011875076263E+01  0.106503138745096E+01
%  0.238979374960839E+01  0.251669482259850E+01  0.518233111384034E+00
% -0.103721785821577E+01 -0.246918963400327E+01 -0.289678810630156E+01
% -0.684989258234571E+00  0.152449738073150E+00  0.106095753270393E-01
% -0.566755681035987E+00 -0.412315853745814E+00 -0.183186527262275E+00
%  0.488464871885983E+00  0.249841958245171E-01 -0.326634007545904E+01
% -0.351271715669951E+01  0.305502736960204E+01  0.122186913566876E+01
% -0.802108490546466E+00  0.240228674456371E+00 -0.639822019108482E+00
% -0.871502786254608E+00  0.142915440147528E+01 -0.227059459019552E+01
% -0.387654139245803E+00  0.236124663490955E+01  0.593985531725191E+00
%  0.151062322853346E+01 -0.947950870566125E-01  0.443386022911822E+01
% -0.599781173721858E+00 -0.871210629417058E-01  0.133483559297938E+01
% -0.171726592940811E+01  0.234044647181689E+00  0.573626722160196E+00
% -0.114608932072894E+01 -0.178563980667670E+01  0.204250278419106E+01
% -0.113075160066734E+01  0.189869167826767E+01 -0.408307919707097E+00
%  0.237678511947929E+01 -0.106108899803439E+01  0.212573900171625E+01
% -0.122154831391697E+01  0.750261464294151E+00 -0.408408801142789E+00
% -0.304128933945688E+01 -0.500706556612026E+00 -0.544639066752992E+00
% -0.236909022752509E+01 -0.315329753012787E-01  0.219057846070505E+01
% -0.171855261800021E+01 -0.157306974986350E+01  0.738919883905205E+00
% -0.176247383067878E+01 -0.282308493103396E+00  0.334237774727493E+00
% -0.289273432316403E+01 -0.219018879260312E+01  0.249127257682999E+00
% -0.982457658421812E-01 -0.177552262764505E+01  0.929304239751753E+00
% -0.939317255976509E+00  0.572326507007721E+00 -0.576555145776421E+00
%  0.755781954500238E+00 -0.165317490345408E+01 -0.128409701567659E+01
%  0.648311367880355E+00 -0.301696913883067E+00  0.409041094695095E+01
% -0.161333327788703E+01 -0.729329241977881E+00 -0.236923339286829E+00
% -0.145456676369891E+00 -0.929618168990804E+00 -0.367651257251514E+00
%  0.124398075561972E+01 -0.378068129974953E+01  0.464201938219456E-01
%  0.825941000820635E+00  0.366471817236267E+01  0.133419149670799E+01
% -0.494114801174852E-02 -0.205455743410526E+01 -0.916374967176900E+00
%  0.437054370469069E+00  0.160418736497711E+01  0.235458576061513E+00
% -0.165132035527442E+01 -0.134243048850407E+01  0.822401391938025E+00
% -0.223412707659037E+01 -0.109202228993665E+00 -0.437379144388052E+01
% -0.562845486193583E+00 -0.576319873288377E+00  0.315771800662673E+01
%  0.697656551365343E-01  0.208488950867782E+01  0.135320512750428E+01
%  0.451074951066208E+00  0.176283369528124E+01  0.445917888944733E+00
%  0.697204669039004E+00 -0.473182555671064E+01  0.143144401676085E+01
%  0.198651878699071E+01  0.190862156781190E+01  0.368823845742097E+00
%  0.503547806854305E+00  0.519889061706645E+00  0.178568630734346E+01
% -0.171701985723568E+01  0.170658805101770E+01  0.282915282789287E+00
%  0.109840266133795E+01  0.953203304599775E+00 -0.340908470653732E+00
%  0.108452529549394E+01 -0.764510004736446E+00 -0.934732762127604E-01
% -0.112828787431850E+01 -0.386395624211416E+00 -0.190214198709009E+00
%  0.285386260213565E+01 -0.401774099813562E+01  0.157873322336387E+01
% -0.193394456515399E+01 -0.818770677481708E+00 -0.309222320168174E+00
% -0.316737565448123E+00  0.421813032690414E-01  0.266589523040286E+00
%  0.191265644222157E+01 -0.119898431949205E+01 -0.355365610396967E+01
% -0.110210400963414E+01 -0.210103820130655E+01 -0.901891767973702E+00
%  0.247468174803984E+01 -0.313018882120737E+00  0.105328086049830E+01
%  0.239454339951979E+01 -0.115018323268566E+01 -0.167170540542531E+00
%  0.932163436274189E+00 -0.166380476701287E+01  0.417295542673831E+00
% -0.975383651136783E+00  0.133354999348498E+01 -0.931395935993785E-01
%  0.291987835649702E+00 -0.576547808584781E+00 -0.555944745839522E+00
% -0.191806856354954E+01  0.792127815081109E+00 -0.709605264584570E+00
%  0.189316226680986E+01  0.230096340903192E+01  0.100430095327286E+01
%  0.848141990554105E-01  0.148287010825718E+01 -0.236100123552310E+00
%  0.183935170460212E+00 -0.183380619119896E+01 -0.236993574644453E+00
%  0.196908816953654E+01  0.217866844061576E+01 -0.112143490350844E+00
% -0.239586698193403E+00  0.293557654243786E+00 -0.327099790815033E+00
%  0.217893611530961E+01 -0.377865880528709E+00  0.143663466996670E+01
%  0.736968523284796E+00 -0.538141577669230E+00  0.257331543499645E+01
%  0.283070638718949E+01 -0.546551224547640E+00 -0.201797041456882E+01
% -0.179161735589940E+00 -0.197834287392941E+01  0.552161514310580E+00
% -0.159220197489029E+01 -0.921846148663318E+00  0.336551077233250E-01
%  0.142629318442861E+01  0.124243177267701E+01  0.757006639879596E+00
% -0.153536686182179E+01  0.869786418855522E+00  0.477885140033602E+00
%  0.153972952329657E+01  0.578797152576067E+00 -0.640612352304138E-01
% -0.134394348232378E+01  0.171459900843353E-01  0.214608523604750E+00
% -0.161457485316203E+01  0.714084398606952E+00 -0.307248986866682E+01
% -0.205534710910899E+01  0.105292528425204E+01 -0.106193944506865E+00
% -0.129836662312734E+01 -0.347261448694656E-01  0.209420990616498E+00
% -0.414360340131962E+00 -0.585661472088276E+00 -0.199277134563241E+01
%  0.214089657015792E+01 -0.105316616578483E+01 -0.900658376814167E+00
%  0.792765528458252E+00  0.108427045612448E+00 -0.313220348546891E+01
% -0.362167245290523E+01  0.184970069142315E+00 -0.178945286738704E+01
% -0.127925075953127E+01 -0.300842193067625E+01 -0.142822707758070E+01
%  0.226968945572953E+01 -0.382628285778260E-01 -0.501282734431041E+00
%  0.459829685543975E+00 -0.645428796697431E+00 -0.128018754941786E+01
%  0.319002521758010E-01  0.123243298138662E+01  0.977221181826572E+00
%  0.148650225825644E+01  0.764458040019468E+00 -0.685376395502238E+00
% -0.197477192800172E+01  0.114437001471032E+01 -0.399735777208337E+00
% -0.231106625173317E+01 -0.223347518985730E-01  0.655012264589862E+00
% -0.104317535303558E+01  0.184220567822233E+01  0.144250247482931E+00
% -0.145139736587401E+01 -0.158659147322814E+01  0.532369478874571E+00
%  0.224332101324105E+01  0.252887354805748E+01  0.190212269317480E+00
% -0.193885367184237E+00  0.180793925698824E+00 -0.620945278438829E+00
% -0.158290511505239E+01 -0.450360384937117E+00  0.763046164573050E-02
%  0.127971917323694E+01 -0.162653510572516E+01 -0.919353833576400E+00
%  0.200509041739753E+01 -0.284284442510964E+01 -0.107147199460118E+01
% -0.306277605717383E+01 -0.115384854615775E+01 -0.251341834647211E+01
% -0.741741605170444E+00  0.193832141451965E+00  0.123199060739476E+01
%  0.134555743970746E+01 -0.415597595899590E+00 -0.105234972241745E+01
%  0.845401615257408E+00 -0.860160286950652E+00  0.818565202709042E-01
% -0.110142431796636E+01  0.117316397402335E+01 -0.319285045224833E+00
%  0.108472954375887E+00  0.490245794525564E+00 -0.168574664401254E+01
% -0.153971419357544E+01  0.287930710978054E+01 -0.281759262531573E+00
%  0.903002173186195E+00  0.210244108876953E+01 -0.126156708467208E+01
% -0.854672972794294E+00 -0.739585444939668E+00 -0.135303544431450E+01
%  0.140777775018842E+01 -0.140172153251268E+01  0.947824233231585E+00
%  0.144346218615923E+01  0.189274570472520E+01 -0.627601499155881E+00
% -0.856788538925222E+00 -0.172885360327547E+01  0.413076635189713E+00
% -0.419863189003527E+01  0.130965768895499E+00 -0.285009428622829E+00
%  0.758265505669828E+00  0.459188054527567E+00 -0.595908774182032E+00
% -0.145589542880731E+01  0.256626760357635E+01 -0.360736880804037E+00
%  0.210308817989417E+01 -0.310405524236444E+00  0.273714467597482E+01
% -0.239884797748448E+01 -0.278635214834993E+01  0.758961716843065E+00
% -0.182549004200485E+01  0.114248668571059E+01  0.937306982085853E-01
% -0.291579756435012E+01  0.143050462833735E+01  0.151101258211851E+01
% -0.163042105645126E+01  0.141167600990295E+01  0.253888141791609E+01
% -0.927809110369540E+00  0.144451615808060E+01 -0.683742423900240E+00
%  0.300156369425218E+01  0.289884523669297E+00 -0.247562201704779E+01
%  0.102317066517369E+01 -0.373258829519047E+00  0.633875274927765E+00
% -0.342572324857977E-01  0.998585030901878E+00  0.545278233261938E+00
%  0.351165717085775E+00 -0.240861454666531E+01 -0.108201461225941E+00
%  0.168916027315636E+01 -0.506698719839523E+00  0.153050861254052E+01
%  0.930710775209951E+00  0.653478488815613E+00 -0.405648535543057E+01
%  0.389035613228667E+00  0.262691258803179E+01  0.236494807062876E+01
%  0.619492069984812E+00  0.514927393063599E+00  0.248758365349989E+01
% -0.101236119506680E+01 -0.209264266001908E-01  0.800983961723238E+00
%  0.130340804688922E+01 -0.152110861813978E+01 -0.723140054193185E+00
% -0.145547971519627E+00 -0.327770558293811E-01  0.176766934336095E+01
% -0.574438057428298E+00  0.263213447792645E+00 -0.892868367414599E+00
%  0.164708848934630E+01  0.289893888979559E+00 -0.195494398248842E+01
%  0.587717491763592E+00  0.165291527788071E+01 -0.251037115029937E+01
% -0.653092714651952E+00 -0.557192727436068E+00  0.899677124674754E+00
%  0.638626264415869E-01  0.145566571815998E+01 -0.878991545913057E-01
%  0.801559191053893E+00  0.116684228116314E+01  0.177596344870056E+01
% -0.581490737587538E-01  0.247107805479911E+01  0.139787193815131E+01
% -0.118633540179673E+00 -0.168595324636870E+01  0.804324925081854E+00
%  0.249366712448731E+01 -0.264202436549885E+01  0.102343906733251E+01
%  0.318174861080913E+01 -0.294504918277860E+00  0.104420838689150E+01
% -0.144711650697316E+01 -0.308152459385835E+00 -0.153531813653475E+01
% -0.251521302367271E+01  0.151764218606731E+01 -0.128564708622145E+01
%  0.128217283317065E+01  0.178527164825336E+01 -0.160926436860034E+00
% -0.556610979163811E+00  0.157654752828064E+01 -0.167810200599123E+01
% -0.374777906498824E+00 -0.947197968321411E+00 -0.216909651543869E+01
%  0.802045950342709E+00 -0.264478214200695E+00 -0.207064579284165E+01
% -0.193656845616816E+00 -0.119324437107824E+01 -0.609931532091881E+00
% -0.753900144371677E+00 -0.953109642104950E+00 -0.518500766811564E+00
%  0.226920363947648E+01 -0.548817993161401E+00  0.228615930381462E+01
%  0.143528913377762E+01  0.341888949789488E+00 -0.175509227878028E+01
%  0.117943505289048E+01  0.507195457199948E+00 -0.212366940776907E+01
%  0.833044597414482E+00  0.252097349961026E+01  0.309331828500199E+01
% -0.809406740761633E+00 -0.267001555619919E+00  0.176859513858136E+01
% -0.144989259949779E+01  0.283221527051942E+01 -0.345141837973313E+00
% -0.367719193527273E+01 -0.135693060115334E+01  0.501391189098910E+00
%  0.404743473897388E-01  0.434986455306418E+00 -0.247176382553520E+01
%  0.122530930573507E+01  0.111337177681165E+01 -0.303590310769825E+00
%  0.273743902946757E+01 -0.231469972295373E+01  0.183811242411761E+01
%  0.174871495144274E+00 -0.753361037465430E+00  0.318127141869678E+01
% -0.144445354663648E+00  0.131160855407947E+01  0.670542343729379E+00
%  0.997857358375275E+00  0.421894248662203E+00  0.664376795724998E+00
%  0.193160583468914E+01  0.323241685466319E+00  0.214779475216123E+01
% -0.180013303911962E+01  0.180672069884532E+00  0.771189763697965E+00
%  0.267851650905118E+00  0.424868074517968E+00 -0.694503144585845E-01
% -0.776252227378746E+00 -0.534642833743212E+00 -0.393446454847627E+01
%  0.130052937049211E-02 -0.166642702291666E+00 -0.634184364819447E+00
% -0.107044283765251E+01 -0.128023965349164E+01  0.182450195583565E+01
% -0.397237721207244E+00 -0.289377388536304E+00 -0.367556361645909E+01
%  0.380036470207649E+00  0.957188004111809E+00 -0.178939920034034E+01
%  0.142048101970887E+01  0.634295561994094E+00  0.138770239578419E+01
% -0.530286158363814E+00  0.235573563378156E+01  0.271123701134641E+01
% -0.191993652338297E+00  0.150850112286969E+01  0.927169211524868E-01
%  0.336570179278569E+00 -0.224405968493552E+01 -0.910459430569666E+00
% -0.302416629437492E+00 -0.105878814165247E+01 -0.113497578475686E+01
%  0.168418492769409E+01 -0.178126826078625E+01  0.159352497665651E+01
%  0.637551702389227E+00 -0.123809820890021E+01 -0.114520175798313E+01
% -0.112380194657186E+02 -0.533783814118035E+01  0.337399084691786E+02
% -0.119853819492460E+03  0.489663816052837E+02 -0.326764001199790E+02
%  0.670057729555425E+02  0.530610883346987E+01 -0.231942610469885E+00
% -0.152968635513604E+02 -0.733738650084519E+01 -0.847915562886680E+01
% -0.420295532794778E+00  0.813781007987022E+01 -0.545832797821367E+01
%  0.927290699516457E+01  0.778275094555052E+01 -0.926395690536141E+01
% -0.219965990802277E+02 -0.362214482818365E+02 -0.312529917621694E+02
% -0.218405872521371E+02 -0.103279318553418E+02  0.450720900192198E+01
% -0.271254967148602E+01 -0.175043627599819E+01 -0.390551755663228E+01
%  0.146612436006041E+02  0.831867580098604E+00  0.756833922289712E+02
% -0.165285084101849E+02  0.311245496157898E+02 -0.251418652674653E+02
%  0.407783417852551E+02 -0.677270211172144E+02 -0.338664411681007E+02
% -0.245767140834955E+00  0.151936121225395E+01  0.100175332231960E+02
% -0.594953664464219E+02 -0.249477467564808E+02  0.223531056343674E+02
% -0.299556015146368E+02 -0.245128711913635E+02  0.442107272134198E+02
% -0.559697084773291E+01 -0.373409793179929E+01  0.153937617032008E+01
%  0.768952414336787E+01 -0.758587903248528E+00 -0.139095459745900E+02
% -0.174520186332168E+01 -0.200552322994551E+01  0.705849753144388E-01
%  0.264253219219987E+02 -0.207000116121446E+02  0.393592136532379E+02
%  0.182811798321378E+01  0.857076775313000E+01 -0.103423262787549E+02
% -0.620990961747062E+01 -0.122522359245806E+02  0.519264360822085E+01
%  0.993464837839250E+01  0.133269839857542E+02 -0.786093996859682E+00
%  0.103590331731693E+03  0.345998006061263E+02  0.165625302260968E+02
% -0.497311744300260E+01  0.797604528898171E+01 -0.250856813846557E+02
%  0.320908389926853E+02  0.229950257667516E+02  0.254877657921269E+02
%  0.403859393642362E+01 -0.366919697671699E+02  0.108309554192124E+02
% -0.388696863501627E+01 -0.622323450280248E+00 -0.180052230319275E+02
% -0.132015961134474E+02 -0.679335018752771E+00 -0.214419666364451E+01
%  0.211027605563306E+01 -0.184038296233038E+02  0.423026431683438E+02
%  0.291798268916600E+01 -0.104855914397507E+02  0.196745467353739E+02
%  0.210956311521474E+02 -0.843200609058587E+01  0.314690912675283E+02
%  0.181792339226682E+02  0.907301735822990E+01 -0.216782785406125E+01
% -0.124497455580844E+02 -0.135265836844954E+02  0.927176747864532E+01
%  0.497477008492006E+02  0.455586696862849E+02 -0.202846549643462E+02
% -0.151648517144156E+02  0.196853758196378E+02  0.217769002662189E+01
% -0.333968718134421E+02 -0.917455177550111E+01 -0.517649753214940E+01
%  0.257148262324556E+02  0.131874607633029E+02 -0.175838790726681E+02
% -0.850875357355034E+01  0.387280530932113E+01  0.428852984314800E+01
%  0.461147232157495E+02 -0.135802193182977E+02  0.335983084510213E+02
%  0.348765843435948E+02  0.604605977660913E+01  0.481067494156430E-01
% -0.190044040270840E+02 -0.321924395211629E+02 -0.487293137311221E+02
%  0.140546402420459E+01  0.227354145838562E+02  0.933684018270249E+01
% -0.833392156215884E+02  0.127695773742273E+02 -0.602471101450980E+02
%  0.137142827172560E+02  0.309996381911408E+02  0.310355510079056E+02
%  0.936698328670605E+02  0.255208788547508E+01  0.211742677770987E+02
% -0.141361973140918E+02 -0.378043767746040E+01 -0.801959860014737E+01
% -0.258927868274067E+02 -0.287310417721280E+02  0.144882409405691E+00
%  0.174782480391541E+02 -0.571891895037241E+01  0.101561435827525E+02
% -0.295598137956241E+01 -0.625972549224239E+01 -0.406519743135874E+02
%  0.713910273130758E+00  0.341779696249284E+01  0.111119185180603E+01
% -0.239964487180129E+01 -0.212276798593069E+01  0.119063875055366E+02
%  0.316201657846797E+02  0.133929082193015E+02  0.168286336174990E+02
% -0.911423498170282E+00 -0.746269666257130E+01  0.367699237369441E+01
% -0.292530494100164E+02 -0.907453187483296E+01 -0.507020307421208E+02
% -0.129157051296055E+02  0.252169732715090E+02 -0.134089565678547E+02
%  0.521271486188279E+02 -0.870003165975048E+00 -0.803295384133245E+01
% -0.440095561169725E+01 -0.132015651701854E+02 -0.752277008506942E+01
%  0.263772767325211E+02  0.114644427729742E+02 -0.170263525226667E+00
%  0.137811519744634E+02 -0.333470975975261E+01 -0.269970401306628E+02
%  0.117719265057458E+01 -0.397043548876938E+01  0.259672651966696E+02
% -0.368568229854357E+01  0.194188960528781E+02 -0.423054726637331E+02
% -0.319732819478793E+02 -0.421783256279829E+02 -0.155160531885723E+02
%  0.257945148924489E+01 -0.136043943056736E+02  0.116904557155792E+02
%  0.226082904155196E+02 -0.197151585856179E+02  0.377221046867179E+02
%  0.261978623291651E+02  0.548993749985950E+02  0.266874854401432E+02
%  0.211125514850382E+02  0.625409643026807E+02  0.616541540764635E+02
%  0.442092991990938E-01 -0.255259396449020E+01 -0.171084077132247E+01
%  0.111991484170854E+01  0.132927975075511E+02 -0.977501117527139E+01
% -0.404007308868966E+01 -0.343590440717767E+02 -0.164212164948002E+02
% -0.739890762551096E+01 -0.482031984550169E+01 -0.178044937409910E+01
%  0.120307015064871E+02  0.317470049641791E+02 -0.115708787447055E+02
%  0.141732627252105E+02 -0.101890576909328E+02  0.297016362978094E+02
% -0.533428751315714E+02 -0.372955081588887E+02  0.201554455682235E+02
%  0.469699059678374E+01  0.166762481061856E+01 -0.324380951339965E+01
% -0.222185517545103E+02 -0.956205382345966E+00  0.655552129130689E+01
% -0.151204771535639E+02 -0.100072152539496E+02  0.226381192671963E+02
% -0.210330705215118E+02  0.292362445487638E+02 -0.479068199841531E+02
%  0.936517384013013E+01 -0.354591619246027E+02 -0.225386072416691E+02
% -0.118505869004809E+01  0.431751089635432E+00 -0.149713081246968E+01
% -0.240378926633090E+02  0.809056422417726E+01  0.287724591620128E+02
%  0.505922662491021E+02  0.753720470008060E+01 -0.396616060321349E+01
% -0.444747901620037E+01  0.774815122972167E+01  0.466352171065486E+01
% -0.600536592827726E+02  0.133704955422207E+03  0.630157996919232E+02
%  0.417896263067079E+02 -0.262187439418635E+02 -0.149487960307397E+02
%  0.553322348487909E+01  0.200410199620172E+02 -0.235849496743739E+02
%  0.731502442093838E+02  0.105207646580507E+02 -0.744054918559398E+02
%  0.289817299710593E+02 -0.907676281251116E+01 -0.181701699850305E+02
% -0.804261524529950E+02  0.234977021346624E+01  0.357881255586592E+02
% -0.447105128158498E+02  0.457040294832488E+02 -0.886420327624388E+02
% -0.458502853587511E+01  0.869567693552972E+01  0.449135403901720E+01
%  0.149186613010823E+02  0.122159531742687E+02  0.304700585914849E+01
% -0.298476871059796E+02 -0.160217875089576E+02 -0.198636261951461E+02
%  0.133661218164891E+01 -0.261269636117243E+01 -0.372625292304327E+01
%  0.176995385388165E+00  0.259793861890304E+02  0.811270722939300E+00
%  0.649619599922860E+01 -0.202140773644159E+02 -0.182674926666726E+02
%  0.193819544468283E+02 -0.132583791442963E+02 -0.516976753661889E+00
%  0.628434710044844E+02 -0.413677924320557E+02 -0.402784075342525E+01
% -0.841513267101260E+00 -0.270510146343726E+02 -0.378052226289673E+02
% -0.274237816748533E+02 -0.379242888108580E+01 -0.796561564172583E+01
% -0.740121248951116E+01 -0.169237842396777E+02 -0.105121421395537E+02
%  0.830593683447949E+01  0.232770439624728E+02  0.324789444090037E+02
%  0.133003570425079E+02 -0.324102713397393E+00 -0.239870227527328E+01
% -0.154084131595000E+01 -0.122638124394552E+00 -0.110526869717871E+02
%  0.138774705466646E+02  0.193496790867857E+02  0.242864630333572E+02
% -0.419916988180620E+00 -0.923912250280416E+01 -0.864765984379422E+01
%  0.199246957648966E+00 -0.543634125891258E+01 -0.221497211434907E+02
%  0.208355982888927E+02 -0.368473740731347E+02  0.548674202529635E+02
% -0.858165355733483E+01 -0.428132976410855E+00 -0.212901401583563E+01
%  0.212836270412493E+02 -0.725889093412635E+01  0.370939289223650E+02
% -0.298129266366447E-01  0.259498607377143E+01 -0.108752130672365E+02
% -0.904567015663723E+01  0.749558960243628E+01 -0.687574846968952E+01
%  0.516544380509571E+01  0.120401497845868E+02  0.137561708499097E+01
%  0.323936719295041E+02  0.806155438974105E+02 -0.355578940077793E+02
%  0.469063327501542E+01 -0.281558944223825E+01 -0.535676119458266E+01
%  0.592440910249182E+02 -0.244714625032733E+02 -0.168511159973523E+02
% -0.536428077727431E+02 -0.675330420776214E+02 -0.412413833273977E+02
% -0.266387683788108E+01 -0.103512929111113E+02  0.787847711802762E+00
%  0.131696186882568E+02  0.618602646017281E+01  0.315001237679363E+01
%  0.387946561803151E+02  0.415863779440185E+02  0.196886184705591E+02
% -0.156099764159871E+02  0.937516510921572E+02 -0.147987807557535E+03
%  0.195486997017292E+01  0.984604418534466E+01 -0.234024751855658E+02
% -0.704333438989986E+01 -0.453032984838943E+01 -0.569483263324131E+01
%  0.443798430690901E+01  0.328604118448059E+01 -0.345985359082401E+01
% -0.882674939380357E+01  0.154954385622154E+01 -0.335214008392946E+02
% -0.547285108895306E+02  0.447094690135998E+01  0.412892227429648E+02
% -0.508758280498416E+02 -0.704806422237378E+02  0.959942736112766E+02
%  0.352640652387423E+02 -0.112346569627395E+02 -0.654210005260788E+02
%  0.114672945233420E+02  0.230574976593781E+02 -0.149748938252147E+02
% -0.136226263704240E+02  0.257190835792100E+02 -0.190282992674838E+01
%  0.724815409101980E+01  0.322186924609253E+02 -0.121208632997666E+02
% -0.136694178841999E+02  0.154438962653381E+02  0.385030037789644E+02
%  0.571137166498430E+01 -0.649620540227566E+00 -0.110971020161045E+02
% -0.177830984543028E+02 -0.342884347492580E+01  0.238562310391125E+02
% -0.472644737824567E+01  0.204977244328655E+02  0.553919787290078E+01
%  0.159432018206198E+01 -0.229082694042595E+02 -0.513618477799135E+01
%  0.110503100655720E+02  0.418917641917223E+01 -0.930484450206991E+00
% -0.156580389352762E+02 -0.636325331465781E+01  0.703489525077965E+01
%  0.379008794755717E+02 -0.852328078367360E-01 -0.356778050276157E+01
% -0.499397769339266E+01 -0.322076475731485E+01 -0.183156854636312E+02
%  0.831406098787810E+01 -0.298002650578266E+02 -0.302926406622309E+02
%  0.103912154648818E+02 -0.126312888504322E+02 -0.218073924329212E+00
%  0.131254550977913E+02 -0.581480804298178E+02  0.725601112320507E+02
% -0.433197233204658E+02 -0.116586112097270E+02 -0.129091430593546E+01
% -0.531871814567098E-01  0.248569121827457E+02 -0.133597802812259E+02
%  0.274284447437490E+02 -0.388518433784536E+02 -0.156163110971975E+02
% -0.671174687468108E+02  0.614190474517555E+02 -0.372732269198110E+01
%  0.806130792869947E+01 -0.846181466153569E+01  0.139159511358011E+02
%  0.836939682230302E+01  0.123313024242477E+01  0.220496838740821E+02
% -0.154305180521776E+02  0.215290890587339E+02  0.150953175483144E+02
%  0.146172097504201E+02 -0.128216193761385E+02  0.485594467305650E+01
%  0.223626321130368E+02 -0.423964431482665E+02  0.118302058831744E+02
% -0.562904758403574E+02  0.687168491476862E+02  0.388246889623038E+02
% -0.473340800771838E+02 -0.134578761830013E+03  0.103034085878358E+03
% -0.405768561687919E+02 -0.653096759369105E+01 -0.210054083361525E+02
% -0.258263147692247E+02 -0.715797508507810E+01 -0.460058960483932E+01
%  0.800884661128759E+01  0.865599087232038E+02 -0.908591788232763E+02
% -0.117977753615393E+02  0.282020070161958E+02  0.142375717774593E+02
%  0.218178118521704E+02  0.214855549818483E+02  0.128937412828964E+02
%  0.370104902431742E+02 -0.235026579500495E+02  0.243852887535676E+02
%  0.791679754274559E+01 -0.102418219943557E+00 -0.891354652422388E+01
% -0.478251366835758E+02 -0.158730163947451E+02  0.152798066027044E+02
% -0.183809930122766E+01  0.954918742139458E+00 -0.306872559272349E+01
%  0.668584857548699E+01  0.159667503569966E+02  0.906287987007081E+01
%  0.188587426240986E+02  0.166953003205287E+02 -0.137651591163798E+02
%  0.457431067275828E+01 -0.399710005448100E+02  0.369936714352956E+02
%  0.252596921899297E+02 -0.577187555038982E+02  0.213537689723372E+02
% -0.975045087320808E+01 -0.380391726993178E+01 -0.545233391729384E+00
%  0.161975967976608E+02 -0.467577342074262E+00  0.878566599310602E+01
%  0.414973179361274E+01 -0.218747315448674E+02  0.344216057115524E+01
%  0.536753014118990E+01  0.518677323294986E+01  0.112671431245590E+01
%  0.605093295415366E+01  0.182311347652636E+02 -0.745497080485559E+02
% -0.260454265520961E+02 -0.330713028642209E+02 -0.176335059816297E+02
% -0.218539138578794E+02 -0.111667259702211E+02 -0.138708478150149E+02
%  0.242717057921496E+02  0.138237476475226E+02 -0.294920177636715E+01
%  0.731787983232839E+01 -0.195557208056517E+02 -0.873405517395733E+00
% -0.292290314583133E+01  0.244648031184105E+00 -0.181933908452722E+01
% -0.228656027745408E+01 -0.324517847148187E+01  0.367206027538983E+01
%  0.214730614413655E+02 -0.126731547924804E+03  0.219290743668002E+02
% -0.115764243246646E+02 -0.323202793779077E+02  0.274373450545717E+02
%  0.569884593293400E+02 -0.298756549317936E+02  0.635997557859085E+02
%  0.245568589329971E+02 -0.427029946680698E+01 -0.285324589870363E+02
%  0.178793729297623E+02  0.603250856107600E+01  0.985032026944911E+01
% -0.138783007115475E+02 -0.105400028899314E+02 -0.205145569579960E+02
%  0.663679696745967E+01  0.913661057956960E+00  0.554943929559133E+01
%  0.399363505049376E+02  0.999673355413010E+01  0.372248214011230E+01
% -0.259152943537053E+01 -0.473728792634393E+01  0.306869443928327E+00
% -0.488566111672175E+02 -0.384860386025776E+02 -0.917733829945700E+01
%  0.134936628618985E+02  0.275711100681998E+01 -0.116214438474807E+02
% -0.354870375488291E+02  0.431248831347403E+02 -0.261453803265054E+02
% -0.444336628339440E+02  0.567090773346070E+02  0.161176909934294E+02
%  0.455607562460307E+01  0.192822401898355E+01 -0.176515492416088E+02
%  0.266101958784445E+01 -0.218163427326132E+02  0.961365136774435E+01
% -0.529936477921471E+01 -0.460016590344950E+02  0.121616683401503E+03
% -0.985338065057437E+01 -0.146196287671720E+02  0.158985042949170E+01
% -0.175675671831002E+02 -0.700545959936826E+00  0.700769930431257E+01
%  0.605009450336445E+01 -0.204446688913362E+02  0.388810013479731E+01
%  0.955089645871658E+01  0.245383157586779E+02 -0.126945774726210E+02
%  0.270659647504902E+02  0.576770477654918E+02 -0.958723501678005E+02
% -0.317824058250169E+01  0.264992861591301E+01  0.139541080236313E+01
%  0.366948942794706E+02 -0.460288564168791E+02 -0.133057073994354E+02
%  0.672316755306698E+02 -0.209527997151076E+01 -0.796834823725254E+02
% -0.118971181535277E+01 -0.174683167171055E+01  0.373381339114630E+01
% -0.482851341936513E-01  0.489858746082302E+01  0.899868625021815E+00
% -0.304327381433115E+02  0.239759432281553E+01 -0.957569771896879E+01
% -0.145273638055728E+01 -0.980465025629930E+00 -0.606824211650795E+01
% -0.102579875156779E+02  0.341553741505577E+02  0.272099429785339E+02
% -0.155615987568948E+01  0.402909220355075E+01  0.436580224909838E+01
% -0.140282996528084E+02 -0.227983245507233E+02  0.164737451969977E+02
% -0.807555695488298E+01 -0.549689064726496E+01 -0.323970565983093E+01
%  0.874643531326602E+01 -0.154621066300436E+02  0.496530560442957E+02
% -0.835498986322798E+02  0.142201817071546E+02 -0.297715917573479E+02
% -0.793629198532619E+01  0.132066323786956E+02 -0.121970074022423E+02
% -0.324258704759676E+02  0.317724465542655E+02 -0.102640198116149E+02
% -0.112152641946357E+02 -0.173852581149803E+02 -0.458734231362921E+01
% -0.241045556339953E+02 -0.164269088965802E+02 -0.126643248993011E+02
% -0.308974988762157E+02  0.500096153165709E+01 -0.903430001472878E+01
%  0.334937901912533E+02  0.491304358314253E+01  0.840952327605873E+02
%  0.397212262793666E+02  0.470059288842195E+02 -0.469290991447270E+02
%  0.362640240328281E+02  0.261097695754739E+02  0.231530593940714E+02
%  0.400990488740197E+02  0.442112132112247E+02 -0.476717467753412E+02
% -0.161167888292165E+02 -0.197013047018636E+01 -0.248469631717487E+02
% -0.339178245903966E+01 -0.430722770324210E+02  0.399462526138540E+01
% -0.523537536233688E+00  0.565421724955033E+00  0.267541038632572E+01
% -0.302635975698565E+01 -0.506549736167478E+01 -0.750401122292032E+00
%  0.317242347100778E+01  0.525899517986303E+01  0.935523659310435E+01
%  0.447797880669810E+01  0.231029543806595E+02 -0.108206598608209E+02
%  0.359758547373605E+02 -0.349544971019274E+02 -0.373939699772922E+02
%  0.420381957148959E+02  0.382812746425666E+02 -0.218431519449877E+02
% -0.456565482148211E+01 -0.582785221976430E+01 -0.230678052654376E+01
% -0.426791119535747E+02  0.454985696118678E+02  0.354658525918179E+02
%  0.617868158846192E+02  0.359532332208801E+02  0.413757433506745E+02
% -0.170549244464194E+02  0.100415025101040E+02 -0.594683133597788E+00
% -0.378740827531257E+02  0.191513857750657E+02  0.280561610565026E+01
%  0.244640583864479E-01  0.121689372173314E+01 -0.824023238220250E+01
% -0.135735534875980E+02  0.404596319462727E+02 -0.161653404615604E+02
% -0.753705063060561E+02 -0.563594629244556E+02 -0.142375653933093E+01
%  0.661966763375259E+02  0.649807289925580E+02  0.101878711959053E+02
% -0.107575470725050E+02 -0.178395085202641E+02 -0.300017610829900E+01
% -0.578387537474753E+00  0.104851387806361E+02 -0.119112432910585E+02
% -0.853815766121866E+00 -0.298920309067458E+01  0.401637645432791E+00
%  0.729168939313674E+00  0.703905829873963E+00 -0.742388423861035E+01
% -0.118796286037151E+03 -0.577932968132288E+02  0.242586109074158E+02
% -0.375251627193256E+02  0.322042603445444E+02  0.420763978106561E+02
% -0.497224497402237E+01 -0.100589467432349E+01  0.361494276226753E+02
% -0.171044834115653E+02 -0.340334892689006E+02  0.269397583834249E+02
% -0.668538603351476E+01  0.345172738434735E+01  0.400772216287964E+01
% -0.477360742736749E+01 -0.911370652426934E+01 -0.239683172469813E+02
% -0.650857791740904E+01  0.106714545022684E+01 -0.228219948078980E+01
%  0.928087231854249E+00  0.127183905919693E+01 -0.263913709657332E+00
%  0.864353226297665E+01 -0.321701669431649E+01 -0.434357183554206E+02
% -0.105715081198546E+02 -0.628350232575828E+01  0.134335854884890E+02
% -0.569127248732866E+02  0.310463133233864E+02 -0.673887070469707E+02
% -0.904126797661164E+00 -0.852211312166779E+01  0.129229253131464E+01
%  0.532511608246166E+02 -0.301995603528664E+02  0.691285640932720E+02
%  0.497199352557827E+02  0.224880521300898E+01  0.733941865434250E+02
%  0.250869298712138E+02 -0.125158901013327E+02  0.111889351574703E+02
