% T    256  0.715122828077254E+01  0.715122828077254E+01  0.715122828077254E+01
  -0.285202555661861E+01 -0.307104509346918E+01 -0.864379543445544E+00
   0.149499006519497E+01 -0.684201419363632E+00  0.145347355416060E+01
   0.154532200309113E+01  0.275969306510477E+01  0.977013597819707E+00
   0.119371986590364E+00  0.241222182174936E+01 -0.134482114897161E+01
  -0.277880483088996E+01  0.248647916519517E+01  0.304959971227201E+01
  -0.113779107788942E+01  0.305173660920932E+01  0.101170719577075E+01
   0.483656044433755E+00  0.278083102753661E+01  0.720543134598488E+00
   0.870426173749249E+00 -0.296614938158882E+01  0.197137287720433E+01
  -0.582238069544250E-01 -0.243999872005460E+01 -0.336297126313327E+00
   0.195737374356661E+01  0.200749264841792E+01  0.142715606736038E+01
  -0.103820175754128E+01 -0.129044454081329E+01 -0.206761021516623E+00
   0.139968135818949E+01  0.688921874450493E-01 -0.236460053663067E+00
   0.237619496325535E+01 -0.191692104533038E+01 -0.916119382053315E+00
   0.198270674057306E+01  0.140769621325280E+01  0.280910302833372E+01
   0.191038585929144E+01 -0.297083883984659E+01  0.196264990323851E+01
   0.170789009577488E+01 -0.151898030362248E+01 -0.318493494513437E+01
   0.223687058845092E+00  0.202090363771251E+01 -0.292627767429583E+01
   0.261272127515461E+01 -0.278855836805686E+01 -0.247425566187017E+00
  -0.206350139653896E+01 -0.323534393390368E+01 -0.239492253117028E+01
   0.228756164529714E+01 -0.109494014525859E+01 -0.130641647481153E+01
   0.260295057221409E+01 -0.172461936640577E+01  0.225030279895519E+01
   0.222956181412575E+00 -0.173509507744136E+00  0.132562875113078E+01
   0.740664870319294E+00 -0.799732068949104E+00  0.186677834092484E+00
  -0.268643749201893E+01  0.195414841385125E+01 -0.131536282780286E+00
   0.174926748056737E+01  0.131550355182751E+01 -0.361257021355022E+00
   0.193528092186583E+01  0.308117425426462E+01 -0.162882794551472E+01
  -0.269270015054525E+01  0.108476281060124E+01 -0.100733642218503E+01
   0.337738665972547E+01  0.295943265818109E+01 -0.393814173010924E+00
   0.168309973387562E+01 -0.982914494299730E+00 -0.427485643706479E+00
   0.326344527135144E+01 -0.670663535095314E+00 -0.861224559290078E+00
  -0.100115847119629E+00  0.135947370102602E+01  0.228135953966084E+00
  -0.301002701107179E+00  0.135352595356051E+01 -0.119111743066923E+01
  -0.283932985793549E+00 -0.121774647362894E+01 -0.253767284818688E+01
  -0.224093101754908E+01 -0.688040161430124E+00 -0.276716450539620E+00
   0.165613177902842E+00  0.280779209916978E+01  0.262876797366141E+01
   0.323574983835617E+01  0.198456655305664E+01 -0.216246287987836E+01
  -0.337317526592665E+01 -0.195483637793582E+01  0.278032119723078E+01
  -0.322644358605973E+01 -0.140032499117021E+01 -0.449450809849910E+00
   0.288318392520872E+01 -0.266757115588405E+01 -0.200756103071857E+01
   0.270226576738237E+01 -0.277589835855193E+01  0.288303130150823E+01
  -0.214916670783653E+01 -0.353099734687169E+01  0.327827120384345E+01
   0.185710550508115E+01 -0.281737377095192E+01 -0.325758363140620E+01
   0.659838783314946E+00 -0.101125369636385E+01 -0.196435274003317E+01
  -0.161255895577815E+01 -0.782251834463863E+00  0.727089457517359E+00
   0.326090809768726E+01 -0.299685874146662E+01  0.998891749645425E+00
   0.110436622879700E+01  0.120524364871230E+01 -0.171418604835340E+01
  -0.375267047729497E+00 -0.314586393642314E+01  0.162744990270956E+01
  -0.259170240068042E+01 -0.122323281869447E+01 -0.291744382127854E+01
  -0.234465287552970E+01  0.346999014232428E+01  0.210750376298956E+01
  -0.291302573823292E+01 -0.352392774364202E+01 -0.186927092760002E+01
   0.109073005592313E+01  0.217758916825578E+01 -0.213692491184154E+01
  -0.134063681643724E+01 -0.210832687557926E+00  0.346169984651512E+01
  -0.948850946326998E+00 -0.510015521630564E+00 -0.985295225494031E+00
   0.593888529342868E+00 -0.530212868310313E+00  0.310068084442097E+01
  -0.468963807883489E+00 -0.817132320349461E+00  0.199495960185296E+01
   0.709035785461295E+00  0.237053376348052E+00 -0.181503460407956E+01
  -0.118476961499586E+01 -0.181703716151652E+01 -0.136515043711939E+01
   0.282161584581419E+01 -0.938330009369780E+00  0.290770523949125E+01
   0.670445482984786E+00  0.325946894279518E+01 -0.243202582318307E+01
   0.861032387018808E+00 -0.208260873563956E+01 -0.461878269928369E+00
  -0.202560777462870E+01 -0.258992583857114E+01  0.264615272708963E+01
  -0.254553027632137E+01 -0.108349478514892E+01  0.117367442274319E+01
   0.189952751655200E+01  0.105985588064890E+01 -0.286766683669493E+01
   0.488386836554328E+00 -0.208745750681388E+01 -0.202491979703651E+01
  -0.114729570439176E+01 -0.351203738145511E+01  0.253178328743674E+01
  -0.477578169610537E+00  0.285120079505441E+01  0.183493619586289E+01
  -0.194054053501515E+01  0.378693345615942E+00 -0.111477791709420E+01
  -0.119275373673584E+01 -0.283204556753055E+01 -0.193295444858833E+01
  -0.291174666487765E+00  0.394100412773211E+00 -0.532514227286020E+00
  -0.920679148480652E+00  0.276601219401591E+01 -0.836371865997632E+00
   0.288461523160566E+01  0.101893008916224E+00 -0.210624764622981E+01
   0.172695021602908E+01  0.227067056637419E+01 -0.281497763265565E+01
  -0.213918232527224E+01 -0.145167409591242E+01 -0.188381130647388E+01
  -0.304447684260365E+01 -0.100163862624988E+00 -0.377902802555476E+00
   0.187200173635102E+01 -0.286981000528893E+01 -0.184571061088195E+01
   0.232782652673411E+00 -0.235217512564931E+01  0.255792277801806E+01
   0.194690432755723E+01  0.490771472187066E+00  0.169350164131829E+01
   0.148438311845390E+01 -0.215500414332576E+01  0.154467013958745E+01
   0.256078910316410E+00  0.105147965215513E+01  0.126676619174858E+01
   0.253260603289272E+01  0.566868207309344E+00 -0.314181969638944E+00
  -0.580294002280592E+00 -0.237289171998599E+01  0.586177539209494E+00
   0.150830970322179E+01 -0.286640278148051E+01 -0.901473534930392E+00
   0.183521657289922E+01 -0.330555837972305E+01  0.302483954283075E+01
   0.763207892820345E+00 -0.115158830015168E+01 -0.994071527226707E+00
   0.321522619271795E+01 -0.155158856739959E+01 -0.172558196042005E+01
   0.331696218169873E+01 -0.416239753307243E-01 -0.353377952104245E+01
   0.327861650071110E+01 -0.357513629973592E+01 -0.266559673638724E+01
  -0.185658237343662E+01  0.226046000590838E+01 -0.139831574886859E+01
   0.271316645679412E+01  0.126266050434782E+01  0.194600349129880E+01
  -0.984279164912623E+00 -0.232319233378465E+01  0.224830415972166E+01
  -0.150818097327369E+01  0.257816619382388E+01  0.332567225264323E+01
   0.498250180354044E+00 -0.135791138444538E+00 -0.757003923389380E+00
   0.175343074178363E+01  0.226083384439825E+01  0.330051942987291E+01
   0.843127926441242E+00 -0.291617145191897E+01  0.318834950553627E+01
   0.220544580703842E+01 -0.354417113103761E+01  0.834047370964552E+00
   0.294210562652078E+01  0.225747057560346E+01 -0.322987297599380E+01
  -0.286246760127206E+01  0.242633500469722E+01 -0.116580364082578E+01
   0.640808007780454E+00  0.181920302022841E+01  0.302763077766961E+01
   0.953669438648680E+00  0.171270864544063E+01 -0.829066180776029E+00
   0.172118692988957E+01  0.337009333967993E+01 -0.279979410929858E-01
  -0.168057935853407E+01 -0.143845365999300E+01  0.288233902999378E+01
   0.290626519713453E+01  0.286361640009766E+01 -0.152635227730185E+01
  -0.195340842513302E+01 -0.338639533547335E+01 -0.591405353087040E+00
  -0.166001502692931E+01 -0.286614251922049E+01  0.369059131863632E+00
   0.341557291346748E+01  0.344422010018526E+00  0.257173101433294E+01
  -0.318641722455557E+01  0.771659452271562E+00 -0.355493861779758E+01
  -0.873588763380625E+00 -0.109763544732697E+01 -0.342954953090585E+01
  -0.128661928450563E+01  0.343247678357389E-01 -0.261997848346819E-01
  -0.191017478781198E+01 -0.774930310288038E+00  0.203547629087670E+01
   0.528144509892680E+00 -0.101112585610375E+01 -0.314730132133319E+01
  -0.122824262939060E+01 -0.253928180567616E+01 -0.680488493138079E+00
   0.236065852043044E+01 -0.157178055656685E+01  0.708470185600570E+00
   0.914421196418346E+00  0.935418884373910E+00  0.119059248620311E+00
  -0.197670651417428E+01 -0.194631415913739E+01  0.193113055613382E+01
   0.247570188687031E+01  0.267308192429575E+01  0.187800724935304E+00
   0.975769001847561E+00  0.266521519298831E+01 -0.628880367477223E+00
  -0.242487155516427E+01 -0.608178519432499E+00  0.324682945973203E+01
   0.145413171335845E+01 -0.176474700570452E+01 -0.126027003482612E+01
  -0.345801148122511E+01 -0.322768219228403E+01  0.481016110204443E-01
   0.166689434033163E+01 -0.274012794194574E+01  0.523027837766332E+00
   0.300283696233830E+00 -0.140819438550342E+01  0.183643889951644E+01
   0.137554585599032E+01  0.328695420297739E+01 -0.330172735078907E+01
   0.291967525649927E+01 -0.244213666778279E-01  0.116880006328224E+01
  -0.229114340808384E+01 -0.234809789205769E+00 -0.205774407059978E+01
  -0.338919082387990E+01 -0.711844819061939E+00 -0.221027979961847E+01
  -0.299866393173331E+01 -0.322451050202312E+01 -0.324330937813055E+01
  -0.265320018367625E+00  0.156259173842918E+01  0.315194629036115E+01
   0.238192599970078E+01  0.326821606948048E+01 -0.708648423426759E+00
  -0.207276468835572E+01 -0.250011669502455E+01 -0.140617572188058E+01
  -0.187792757787255E+01  0.159540338653805E+01  0.235822046126635E+01
  -0.686834147317801E+00  0.262124264758282E+01 -0.317686908344825E+01
  -0.119327844521445E+01  0.345239938037099E+01 -0.488688946515929E-01
   0.256623233688164E+00  0.174507289316593E+01  0.196500193502264E+01
   0.208830840207134E+01 -0.101797352728869E+00 -0.112058886991710E+01
   0.663668601619057E-01 -0.137453835133699E+01 -0.298047499158830E+00
  -0.283950687512371E+01 -0.877019933274108E+00 -0.133051634817624E+01
  -0.426237944701882E-01 -0.337761385045267E+01  0.273389687937857E+01
  -0.219653581122166E+01  0.278069403112462E+01 -0.238443157170012E+01
  -0.242194826796437E+00  0.203938107124252E+01  0.976387576069724E+00
  -0.352109471580197E+01  0.886080544065388E+00 -0.308481163899515E+00
  -0.332685558356784E+01  0.293082527746265E+01  0.217412677301497E+01
  -0.121695233179002E+01  0.134865723608934E+00  0.131974907386249E+01
   0.280296446573092E+01 -0.979038483394838E+00 -0.242045205211639E+01
   0.146631711407476E+01  0.312106085688745E+01  0.231736141367813E+01
   0.117464553568517E+01  0.214610578623105E+01  0.135745756062261E+00
  -0.854134183699385E-01 -0.341206217136541E+01  0.529132768562840E+00
   0.279416087101094E+01  0.222386664697209E+01  0.250869161950508E+01
   0.121537013526739E+01  0.107660050236411E+01  0.345612349211044E+01
   0.146338423588921E+00 -0.301516905307660E+01 -0.322043758783594E+01
   0.317215146404267E+01  0.189034307256487E+01 -0.988437627597309E+00
   0.192572960192774E+01 -0.269296620049431E+00 -0.221488226871725E+01
   0.264423450237442E+01  0.955777285653094E+00 -0.145776401872363E+01
  -0.355210534022527E+00  0.148244499446054E+00 -0.355706106709678E+01
  -0.233661250826985E+01 -0.522111100703967E-02  0.136632651303032E+01
  -0.363814279484874E+00  0.396284589453456E+00  0.766689289533792E+00
  -0.182132374902322E+01  0.907720998233817E+00 -0.178507437474685E+00
   0.281901244016342E+01 -0.357715395745460E+01  0.199360335919852E+01
  -0.522154216465132E+00 -0.142167894320236E+01  0.282624854928331E+01
  -0.352960901279942E+00 -0.188626919836119E+00 -0.194266293614470E+01
  -0.471407173207525E+00  0.308900784763319E+01 -0.227638590175045E+01
  -0.114252102961531E+01 -0.150301895688270E+01  0.160293844129118E+01
  -0.396948208311760E+00 -0.123052068678473E+01 -0.137999971950011E+01
  -0.278942448537928E+01  0.315032187999287E+01 -0.853133066817626E-01
   0.949955022627776E+00  0.183548448740678E+01  0.106351024574167E+01
  -0.987188097539399E+00  0.209846978560232E+01  0.262678965266401E+01
   0.100287707801828E+01 -0.346122062215686E+01  0.737808760342751E+00
  -0.116236716161928E+01 -0.181321861963251E+01 -0.247283847452619E+01
  -0.117477251378963E+01 -0.330515406110325E-01  0.247408542900489E+01
   0.659232967054691E+00  0.297885773295231E+01  0.171279278851345E+01
   0.334842692322836E+01 -0.347694857985005E+01 -0.115904790513404E+01
   0.221068835501260E+01 -0.490594910161168E-01  0.261671187449116E+01
   0.350551535345218E+01 -0.226292958007258E+01 -0.106906701602630E+01
   0.824525360501167E+00 -0.309732902403762E+01 -0.248522219729055E+00
   0.272880565961425E+01  0.689530474018531E+00  0.320932282274714E+01
  -0.307539536233252E+01 -0.290206769726646E+00  0.203335482813964E+01
   0.192265076507129E+01  0.229167741943693E+01 -0.666716794545883E+00
   0.354689831623818E+01 -0.796060429861040E+00  0.809302578962745E+00
   0.217277508779449E+01  0.166147313914161E+01 -0.186261921991779E+01
   0.299090464665796E+01  0.104666596889014E+01  0.110965169416143E+01
  -0.346496090508436E+01  0.182078776093145E+01  0.712676312614774E+00
   0.312854254407592E+01  0.934272289273925E+00 -0.282366587682713E+01
   0.794263408960230E+00 -0.190414141979020E+01  0.474134605618034E+00
   0.324378802260423E+01 -0.275776971978337E+01 -0.321612663744068E+01
   0.129800412204411E+01  0.269576742656286E+00 -0.273426715906652E+01
   0.954775417041112E+00 -0.290374821654449E+01 -0.257733029248863E+01
   0.288349051798273E+01 -0.988090688044868E+00  0.158797153644259E+01
  -0.116083637909494E+01  0.945841946837652E+00  0.276729626189246E+01
   0.187438918462327E+01  0.989395701785428E+00  0.747252422471380E+00
   0.307027981206272E+01  0.332388643356257E+01  0.327840174712154E+01
  -0.552718525308954E-03  0.278013305099611E+00  0.217107622643955E+01
  -0.116870150170348E+00  0.931132555620368E+00 -0.217843417054765E+01
   0.278554964630376E+01  0.157776622609202E+01  0.102027393825966E+00
  -0.265466250058638E+01 -0.206719080525996E+01  0.347238369940509E+01
  -0.694748647913551E+00  0.144045147004271E+01 -0.300065772721073E+01
  -0.128906992357888E+01 -0.228940231684721E+01  0.349300998964186E+01
  -0.551209693730012E+00 -0.891025340214383E+00  0.770195786246825E+00
   0.727338739206068E+00 -0.355828914876541E+01 -0.118301471867252E+01
   0.191227294713904E+01 -0.412608470273291E+00  0.396000040295327E+00
  -0.250504956594201E+01 -0.334302489012341E+01  0.985207453075832E+00
  -0.320010876591029E+01  0.172675599777718E+01 -0.316238809928284E+01
  -0.269642358351324E+00 -0.202586022100369E+01 -0.348174748333113E+01
  -0.273516023779122E+01  0.202460373838279E+01  0.150452729441286E+01
  -0.858465520428242E+00  0.220270082439076E+01 -0.191827348428146E+01
   0.317513352703967E+01 -0.113163512568159E+00  0.106132638203088E+00
  -0.264300027648218E+00 -0.341272904815710E+01 -0.924482532424058E+00
  -0.157009418582319E+01  0.348636235983702E+01 -0.163914549215459E+01
  -0.310489715398221E+00  0.250426811467389E+01 -0.215905809154763E-01
   0.731228697872357E+00 -0.204134719838461E+01 -0.352675587474697E+01
  -0.192047597713459E+01  0.405103184905463E+00 -0.294758081186713E+01
  -0.618823736883078E+00 -0.274160138140433E+01 -0.277259088117981E+01
   0.221894445674758E+01 -0.624350503984743E+00 -0.344177107582600E+01
   0.267132412545476E+01 -0.124453776994324E+01 -0.287829784946544E+00
   0.109017291569121E+01  0.103263078609215E+01  0.214591880082866E+01
  -0.244621206850604E+01  0.148276098424289E+01 -0.195133766001800E+01
  -0.232503780923509E+01 -0.170622581024639E+01  0.898751095127471E-01
  -0.261500929344283E+01  0.815593677224917E+00  0.452376811272035E+00
  -0.218107586754258E+01  0.260289174847123E+01  0.592802877485273E+00
  -0.316206273421811E+01  0.877034402982875E+00  0.149686744838625E+01
  -0.342020274871913E+01 -0.168684813495823E+01  0.161009059844400E+01
  -0.100797959884495E+01  0.155938477341551E+01 -0.370233059687720E+00
  -0.118700819628435E+01  0.203924465590189E+01  0.493160169293450E+00
  -0.321604942429262E+01  0.274572962559737E+01 -0.271939208142953E+01
   0.298757481020028E+00 -0.238011697511127E+01  0.137153525963734E+01
   0.127953602376494E+01  0.208459808401368E+01  0.220528737473710E+01
  -0.260914645086180E+01 -0.231931218934489E+01  0.108410167319083E+01
  -0.334685724863175E+01  0.159038299181797E-01 -0.146714412205429E+01
  -0.298036016711521E+01 -0.289992096791572E+01  0.176549265806507E+01
   0.268561030168128E+01 -0.186746331040118E+01  0.334630009568496E+01
   0.202034070351123E+01 -0.183842325482367E+01 -0.214637856305371E+01
   0.173924257360445E+01 -0.208709757243713E+01  0.276270053697126E+01
  -0.192182727999844E+01  0.888770917679964E+00  0.137276291696479E+01
  -0.346789613713535E+01 -0.203712216897302E+01  0.357233303169294E+00
  -0.344851760956213E+01 -0.171112145251683E+01 -0.268341768845295E+01
  -0.338660202660935E+01 -0.323683908188915E+01  0.269795933973217E+01
  -0.137192626895303E+01 -0.795447586024333E+00 -0.227401550567520E+01
  -0.120598179076186E+01  0.978344994018400E+00 -0.193065938422355E+01
  -0.877830685576519E+00 -0.345175662842457E+01  0.352459866969064E+01
  -0.309902623079089E+01  0.290611359689984E+01  0.108962891640879E+01
   0.302790663318639E+01  0.252692554576348E+01  0.129469338322426E+01
  -0.281241612202576E+01 -0.105014999133125E+00 -0.293941385550625E+01
  -0.740621661417644E+00  0.115734051694613E+01  0.177615414436942E+01
   0.188304217279418E+01 -0.192086735639067E+01 -0.937385963926957E-01
  -0.265436561022148E+01 -0.126281674298552E+01  0.242089806406729E+01
  -0.341585765927692E+01  0.973669620465585E+00 -0.206397386845933E+01
  -0.168475889550695E+01 -0.291389714324963E+01  0.171668444325226E+01
  -0.300334152474540E+01  0.150737488390778E+01  0.290361845342121E+01
  -0.159224174671556E+01  0.228568043852511E+01  0.165716582940149E+01
  -0.267616659517707E+01 -0.244259473551624E+01 -0.242316078198667E+01
   0.470079586486282E+00  0.288828709367901E+01 -0.349931261523931E+01
   0.151058833690826E+01 -0.956009063217100E+00  0.251842326455704E+01
  -0.157228919326999E+01 -0.188048423498463E+01  0.835238234567492E+00
   0.219940363572346E+01 -0.346347970114782E+01 -0.256151171796970E+01
  -0.220244658296185E+01  0.486683430992595E+00  0.234545275874853E+01
   0.414727551239362E+00  0.910122227409530E+00 -0.310015220511038E+01
  -0.177499044196123E+01  0.183785934413575E+01 -0.277679843203209E+01
  -0.331802886352042E+01 -0.118624314293594E+01  0.338132108146412E+01
%  0.384598413632883E+00  0.120984728021747E+01  0.446203198241378E+00
%  0.362383504940340E-02  0.580690700972354E+00  0.739873668059782E+00
% -0.397268211124552E+00 -0.162824499864516E+00  0.416489333151425E+00
%  0.150450992147303E+01  0.102287105093628E+01 -0.261132667670770E+00
% -0.369980225861492E+00  0.296964528578401E+00  0.610295880264769E+00
%  0.150146340139749E+01 -0.178820166391752E+00 -0.540519131123084E+00
% -0.504298414401223E+00  0.464580120754779E+00  0.604065258007744E+00
% -0.177493484030157E+01 -0.697597678622984E+00 -0.325620222999157E+00
%  0.931384007299528E+00 -0.130939981480722E+01  0.255755857929846E+00
% -0.468880185564828E+00  0.746724022409435E+00 -0.513855538251418E+00
%  0.508404599708677E+00 -0.150944601115231E+01  0.284641774902088E+00
%  0.115962217225871E+00 -0.308048273693082E+00 -0.433196247341093E+00
%  0.539460880093153E-01 -0.892771437100500E+00 -0.893750395858056E+00
% -0.147859494981230E+01  0.279988016823724E+00  0.869556602136905E-01
%  0.115299228969900E+00 -0.799104909313847E+00 -0.193805725375472E+00
%  0.801835627214783E+00 -0.818195579818192E+00 -0.100644621034052E+01
% -0.508283410120670E+00  0.137058252910193E+00  0.141526580437720E+01
%  0.106980250182097E+01  0.123408594146024E+01 -0.224585117099096E+00
%  0.119793867218787E-01  0.518217509235450E+00  0.133900436277973E+01
% -0.111055689837971E+01  0.724783935251399E+00  0.208788489842117E-01
% -0.133759743647165E+01  0.328820638313655E+00 -0.670071959243413E+00
%  0.884835875254940E+00 -0.815872196638209E+00  0.997357668694737E+00
%  0.113768056488084E+01 -0.101630432994881E+01  0.134140898728003E+01
% -0.134350863304877E+01 -0.937096080932951E+00  0.495108497349194E+00
%  0.334806818657410E+00  0.638841503235168E+00  0.595033084280413E+00
%  0.118106760078017E+01  0.200205926352401E+01 -0.959983169457989E+00
% -0.100526347977608E+01  0.109534990044807E+01  0.117997871648211E+01
%  0.413622243710242E+00  0.121086179992389E+01 -0.331920459268040E+00
%  0.105815803663653E+01 -0.521373902420125E+00  0.798254374928541E-01
%  0.249169550389878E+00 -0.141395575933581E+00 -0.828925394262450E+00
%  0.148328640344766E+01 -0.832925020411904E+00  0.101914628097836E+01
% -0.165371823662592E+01 -0.486172913492801E-01  0.186924249947355E+00
%  0.241991212959494E+01 -0.257221633694746E+01 -0.703741226101068E+00
%  0.441692131883610E+00  0.170630896407272E+01  0.681000870496892E+00
%  0.101188300383484E+01 -0.504997511045348E+00  0.236389521806630E+01
% -0.867533384315181E+00 -0.386192641930107E+00 -0.125010166688166E+01
%  0.468746551657931E+00 -0.266750226105243E+00  0.140988444889194E+01
%  0.197326269563343E+00  0.881020041811734E+00 -0.264978833359892E+01
%  0.386267749416179E+00  0.117274720851715E+01 -0.121053081092331E+01
%  0.752562748853233E+00  0.199746989218418E+01  0.159523829476974E+01
% -0.117581854230932E+01  0.103536430043248E+01  0.126705610203694E+01
%  0.144830028138042E+01 -0.713740664287763E+00 -0.572841520232134E+00
%  0.168866646534769E+01 -0.211454591170476E+01 -0.682755047817885E+00
%  0.182432417002901E+01 -0.339246740062532E+00 -0.660632859386338E+00
% -0.112119992796976E+01 -0.574908241657023E+00  0.197649275343238E+01
%  0.562173467231058E+00  0.889136587684794E+00 -0.610872763202002E+00
% -0.132954054225988E+01 -0.824905256807653E+00  0.219778606436420E-01
%  0.674153595613712E+00  0.250781714936551E+01  0.244900856784028E+01
%  0.113840059479083E+01 -0.771032319807026E-01 -0.908170643058637E+00
% -0.736181628957643E+00  0.123698365597729E+00 -0.615436913711514E+00
%  0.697782832505605E+00 -0.654038390090902E+00 -0.386972451324568E+00
%  0.276978587267051E+00  0.197966234911375E+00 -0.863154078911882E+00
% -0.120248327171918E+01  0.287990138568507E+00  0.180894073682634E+01
% -0.557344259020510E+00  0.170240405681953E+00 -0.869328516791589E+00
% -0.812167493169696E+00 -0.286700399915968E-01 -0.884684309859725E+00
% -0.352341852175193E+00  0.109205794590377E+01 -0.508100648007651E+00
%  0.454187293349714E+00 -0.475643735140526E+00 -0.537216445929678E+00
% -0.155014446611573E+01  0.143528458170520E+01  0.139037947052828E+00
%  0.177242993191628E+01 -0.917361904119967E+00 -0.354048452801143E+00
%  0.485479674103963E+00 -0.219432992055615E+01  0.129272810951990E+01
% -0.758179178054861E-01  0.115533590342125E+01  0.162746656233179E+01
%  0.261811930817934E+00  0.131858475933401E+01  0.752535461428039E+00
% -0.630052481659575E+00 -0.878887928162461E+00 -0.219276559303551E+00
% -0.320361622035993E+00  0.384842152669368E+00  0.315085614339291E+00
% -0.360758731757743E+00 -0.934188737045683E+00  0.649834104339055E+00
%  0.208682227543140E+00 -0.539170869013556E+00  0.970133093427812E+00
% -0.421978686585369E+00 -0.112274543264786E+01 -0.140282155651619E+01
%  0.256418621279059E-02 -0.105919468920583E+01  0.119729060831557E+01
% -0.404180297776755E+00 -0.501121083302570E+00 -0.206692253504161E+01
%  0.168505300661003E+01 -0.143737564156339E+01  0.547917108025955E-01
%  0.137359728307525E+01  0.113994134472959E+01 -0.732918466817084E+00
%  0.151485938572567E+01  0.541097806071458E+00 -0.216417960012595E+00
% -0.112593459876831E+01  0.759753869849449E-01 -0.144887259435631E+01
%  0.331395656418485E+00 -0.501396774289775E+00 -0.126978906185455E+01
% -0.184631173060890E+01 -0.172310981079679E+00  0.870948173790373E-01
% -0.102575952199259E+00  0.159519658345451E+01  0.124607789094897E+01
% -0.565964261249041E+00 -0.643763356941775E+00 -0.141348665274077E+01
%  0.712539674134191E+00  0.444770906596599E+00  0.934561277193051E+00
% -0.374686924607355E+00  0.672071019293760E+00 -0.109543871481548E+01
% -0.630282536568606E+00  0.125177404739550E+01  0.248069037407561E+01
%  0.415795571328044E+00  0.618244775475680E+00  0.225977500316189E+00
% -0.108276215943001E+00 -0.239963005702187E+01 -0.688647306329420E-01
%  0.226828967384478E+00 -0.933006812132607E+00  0.140580872107660E+01
%  0.188323232101218E+01  0.397052653108178E+00  0.422349261558790E+00
%  0.132796429408141E+01  0.137320282695561E+00 -0.374838283100568E+00
%  0.545874112169034E+00 -0.116213237626395E+01 -0.687585001648494E+00
% -0.459986280279510E+00 -0.248537916162029E+00 -0.705240593304663E+00
% -0.152548411020104E+01 -0.360001179332893E+00  0.701147279515678E+00
%  0.236913440506415E+01  0.140958415372763E+01 -0.540670116404891E+00
%  0.397966514436631E+00  0.616048593822201E+00 -0.920361300881235E+00
% -0.163667834659834E+01  0.498030245630517E+00 -0.103007570291243E+01
%  0.255669842348991E+01 -0.163457079928299E+00  0.536006729895967E+00
% -0.799555751616756E+00 -0.159506709750590E+01 -0.858094770779996E+00
% -0.133998050318863E+01  0.721282300341802E-01  0.143424715177040E+00
%  0.157810172168696E+01 -0.349316504364222E-01 -0.376737807202024E+00
%  0.144395859672911E+00 -0.751865127306949E-01 -0.991891033487333E+00
%  0.584773901905724E+00  0.170846740801726E+00  0.964905859010168E+00
%  0.431314765860046E+00  0.149164727703532E+01 -0.166109892729813E+00
% -0.103515733521934E+01  0.108715216602067E+01  0.694754702272520E-01
%  0.277046100731977E+00  0.312831548278002E+00  0.728207741718255E+00
% -0.244412539610085E+00 -0.153917470119548E-02  0.157490403871911E+01
%  0.191760213470778E+01 -0.728642705405778E+00 -0.702981381290973E-01
%  0.301271429659940E+00 -0.174148140821876E+00 -0.881931560485949E+00
% -0.100158539179704E+00 -0.129554772078513E+00  0.291538383009438E+00
% -0.137846835401408E+01 -0.900370935864047E-01  0.666641113893537E+00
%  0.892098217277535E+00 -0.100448511212582E+00  0.599965693614025E+00
%  0.306072021581537E+00  0.131981169127029E+01  0.181367971883105E+00
%  0.142885600941109E+01  0.215660007069696E+00  0.148941445015245E+00
%  0.715574564836857E+00 -0.813556782199364E-01  0.486145402566495E+00
%  0.133968914987805E+01 -0.176635079449027E+00  0.208399746622734E+01
% -0.355478449127129E+01 -0.227748452616363E+01 -0.199953107522535E+01
%  0.536764284573167E+00  0.134442249902774E+01 -0.320533463040018E+00
%  0.709647788419887E+00 -0.389203302801606E+00  0.636538683026891E+00
% -0.463964058470196E+00  0.738446387532557E+00 -0.201868920307594E+01
% -0.135497447118030E+01  0.188310289054169E+00 -0.396638791688731E-01
%  0.163044253960929E+01 -0.146598140084367E+01 -0.375460248844902E+00
%  0.646839191697331E-01  0.147750480280188E+00  0.145848401780421E+01
%  0.185902382445516E+01  0.166203906584461E+01  0.448270937054925E+00
% -0.785623876377734E-01 -0.172260356042379E+01 -0.116178650144017E+01
%  0.100229472388819E+00 -0.108861924270957E+01  0.126806214387735E+01
% -0.141905421785513E+00 -0.586541640934400E+00  0.151420580538691E+01
% -0.203066040114966E+00 -0.194788101450619E+00  0.928437349646006E+00
% -0.201039918441484E+01 -0.901941505209935E+00  0.211671356378606E+01
%  0.740935233027010E+00  0.832012127648749E+00 -0.187183257616172E+01
% -0.106133102470090E+01  0.628160125703838E+00  0.194121786845863E+01
% -0.812041396140475E+00 -0.107194451709041E+01 -0.868744473727778E+00
%  0.387737887640858E+00  0.998474595592952E+00 -0.179551315299782E+01
%  0.344387383268936E-01 -0.456137898493305E+00 -0.162832751373912E+01
% -0.198726407559158E+01  0.395842921961759E-01  0.589016403271477E+00
% -0.123498751922342E+01  0.103553211332119E+01 -0.436866889007691E+00
%  0.996066422752296E+00 -0.485385218980363E-01  0.630864133698597E+00
% -0.117206852728168E+01  0.166990368552215E+00 -0.274936230767193E+01
%  0.107351521399517E+01 -0.134083908836757E+01  0.164129369549615E+01
% -0.381407316280067E+00  0.125236512016831E+01  0.818399068671306E-02
% -0.229604259785734E+01 -0.548842691770741E+00  0.135400450768143E+00
%  0.117972082079064E+01  0.638317230784715E+00  0.108624336546496E+01
%  0.854593594746558E+00 -0.182360793984416E+00  0.151347895400890E+01
% -0.748491593208410E+00  0.146857558263040E+01  0.165058989071985E+01
%  0.216894518608025E+01  0.201885151308879E+00  0.161224556310806E+01
%  0.133847837258208E+01 -0.397543206968309E+00  0.612625151243114E+00
% -0.295718600491422E+01  0.110979303175867E+00 -0.104818593106026E+01
% -0.182582773322185E+01 -0.414729623320244E-02  0.239637447462639E+00
% -0.346504998491298E+00 -0.609411120983481E+00 -0.635373335740387E-01
% -0.262599050141675E+00 -0.172972311072653E+01  0.591037372920781E+00
%  0.208714630667335E+01 -0.521974670269762E-01 -0.123802182165495E+01
%  0.571945765391918E+00 -0.167963366283816E+00  0.114376220914766E+01
%  0.106688269499306E+01  0.827042428338005E-01  0.355078820522810E+00
% -0.422729174618866E+00 -0.763626584207723E+00 -0.200583526166167E+00
%  0.586215300836428E+00  0.920121581377880E+00  0.964066797072030E+00
%  0.102629658710550E+01 -0.280055501635542E+00 -0.123767585326879E+01
%  0.281667478607193E+01 -0.430315934902765E+00 -0.121669789228824E+01
%  0.649001293742041E+00 -0.526795841880157E+00  0.157182134872298E+01
%  0.181500928074898E+01  0.926119505970898E+00 -0.145742496523919E+01
% -0.444255882266245E-02  0.642257113426494E+00  0.364476629959286E+00
% -0.103636185549944E+01 -0.135376502090472E+01 -0.890141864417022E+00
% -0.184276388018234E+01 -0.942710212698254E+00 -0.172170900922878E+01
% -0.757741684591303E+00 -0.606357147918878E+00 -0.228591833380142E+01
% -0.157277394604502E+01 -0.230780828943040E+00  0.236243911038784E+01
%  0.214953116875066E+01 -0.139555805542504E+01 -0.133652626587508E+01
%  0.117171930395529E+00 -0.187955824665634E+01 -0.944224204781117E+00
% -0.139116972421346E+01 -0.596274460318810E+00  0.151353979372877E+01
%  0.635778240224435E+00  0.893989556930813E+00  0.183125158631232E+00
% -0.501392893781358E-01 -0.257616271175698E+01 -0.142588469826823E+01
% -0.101186005199115E+01  0.253608019915432E+00 -0.350045531478768E+00
%  0.209689572931554E+01  0.681455372641446E+00 -0.793597470039176E+00
%  0.547372686063706E+00 -0.145338510908898E+01  0.686054197595658E+00
% -0.101193653507415E+01  0.479597324916724E+00  0.963591965560530E+00
%  0.187108053061197E+00  0.908983551748599E+00 -0.818142313774176E+00
%  0.681708840571016E+00  0.277116720457524E+01 -0.911251681021288E+00
% -0.146423570516986E+01  0.237673797603819E+01 -0.159054917828725E+01
%  0.635552650456440E+00 -0.755248434513511E+00 -0.972104890793482E+00
% -0.346228152737933E+00 -0.172793064927374E+00 -0.879331633004231E-01
% -0.364406627294259E+00  0.665498893922665E+00  0.994602150760911E+00
% -0.131816105950574E+01  0.179099010125489E+01 -0.440491950656708E+00
%  0.169029218389693E+00 -0.160776911105688E+01 -0.188988393195920E+01
% -0.135233036284581E+01 -0.288680211697573E+00 -0.156711524435442E+01
%  0.208332082053773E+01 -0.193799901764238E+01  0.232033771605937E+01
% -0.887110758669068E+00  0.128565205846965E+01  0.139219939881209E+01
%  0.755196577406351E+00  0.679612034363620E+00 -0.224639715220836E+01
%  0.394862862264537E+00  0.237069549685738E+00  0.980723287817890E+00
%  0.377321488893428E+00  0.203974801829153E+00 -0.786339100433963E+00
%  0.143825987990970E+01  0.289973662228385E+00 -0.405360152276091E+00
%  0.721483799358937E+00 -0.957673725622412E+00 -0.993122377024701E+00
%  0.632479727406525E-01  0.107473378801445E+01  0.542038919240258E+00
% -0.215419391432748E+01 -0.239650729767867E+01  0.924249190447110E-01
% -0.408461451146302E+00  0.956038767316798E-01  0.291780948834206E+00
% -0.114352585052688E+01 -0.109259501847861E+01 -0.241539065082559E+00
% -0.551693980922494E-01  0.165987910029963E+00 -0.144855811858924E+01
% -0.761499992997270E+00  0.266288151664880E+00  0.247824360993621E+00
%  0.184388086344933E+00 -0.349984924300083E+00 -0.335967873992398E+00
% -0.466253891100543E+00  0.896572828410726E+00  0.137434756311142E+01
% -0.154884707527257E+00 -0.881093532657342E+00 -0.133073291434782E+00
% -0.435167528238297E-01 -0.522152471556892E+00  0.517915133639233E+00
%  0.434677490390708E-01  0.286616106607321E+00 -0.615195712144281E+00
%  0.403123594747579E+00  0.718586582766977E-01  0.119073028728217E+01
% -0.214571900163677E+01 -0.699660278910498E+00  0.158127719082895E+01
% -0.710203659952752E+00  0.114747825053451E+01  0.251698808982576E+00
%  0.267379807294750E+01  0.128960878080137E+01 -0.104564132941644E+01
% -0.103612838119606E+01  0.884836392288721E+00 -0.178958883962990E+01
%  0.118020562435262E+01 -0.235530977787069E+00 -0.101894886388243E+01
%  0.158685272449207E+01 -0.418746717996206E+00  0.124057629099332E+01
% -0.501863432521235E+00 -0.143959200138205E+00 -0.344396113989590E+00
% -0.230348165036549E+00  0.720145927069660E+00  0.283214494741240E+01
%  0.521982258878885E+00 -0.147417744290936E+01  0.201076912737534E+01
% -0.285969494349507E+00  0.108967737866546E+01 -0.133036525420198E+01
% -0.197812581830034E+01 -0.483093968892494E+00 -0.377174078210476E+00
%  0.805963880065513E+00  0.686062896789152E-01 -0.791142217003511E+00
% -0.117681143579115E+01 -0.201638506197557E+01 -0.125828997184427E+01
%  0.201421280103186E+00 -0.364908285220295E+00  0.301180923540930E+01
% -0.253248404202260E+01 -0.612106371499617E+00 -0.747800997428109E+00
%  0.286591604908930E-01  0.193852491008286E+01 -0.868536963992095E+00
% -0.277734192029047E+00 -0.180662174840590E+01 -0.292895662141743E-01
% -0.259303714707205E+01 -0.323746620747243E-01 -0.163446407047187E+01
% -0.458601265377077E-01 -0.365376497119038E+00  0.967898957824076E+00
% -0.137124360706706E+01 -0.187176633969678E+01  0.227423000703104E+00
%  0.276315938516038E+01  0.383697970558590E+00 -0.314321102865918E+00
% -0.881464721863288E+00  0.216520090689611E+01  0.116663848810418E+00
% -0.741355454177681E+00 -0.910877371616436E+00  0.108802470980234E+00
%  0.627025629821193E+00  0.700857559399021E+00  0.175050531850687E+01
% -0.293598173812930E+01  0.861389164600881E+00  0.114018224770072E+01
% -0.783107790446715E-01 -0.882536053530400E+00 -0.993818406575577E+00
% -0.189114651171016E+01  0.109756611308352E+01 -0.765938280285985E+00
% -0.666487283373877E+00 -0.446765611050109E-01 -0.303925732734657E+01
%  0.600185396039394E-01  0.521737524895893E+00  0.445930517800347E+00
% -0.193790289636704E+01  0.165838883704178E+00  0.102521802295625E+01
% -0.903134505707193E+00  0.119180083240856E+01 -0.477349623189280E+00
%  0.932027548019456E+00 -0.687105466600024E+00 -0.143185308798348E+01
%  0.269561997601319E+00  0.178808849526990E+01 -0.870645664510917E+00
%  0.437158598852254E+00 -0.146618730991144E+01  0.208629081864910E+00
% -0.481060603301804E-01  0.146013449162706E+01  0.157400741625985E+01
% -0.114256751047605E+01  0.833923775989543E+00  0.396947409405695E+00
%  0.132352489296493E+01  0.126598054784192E+01 -0.473696988710473E+00
% -0.904031269864580E+00 -0.115978047442161E+01  0.563188912270321E+00
% -0.599068659697008E-01  0.175345126916165E+01  0.753627578362553E+00
% -0.317137884897105E+00  0.602778982357123E+00  0.173354248004744E+01
% -0.101857078796219E+01 -0.130017469642214E+01  0.970677597383069E-01
% -0.820919869100954E+00  0.263927984635149E+00  0.401866813060332E+00
%  0.147856397087897E+00  0.668910795771020E-01 -0.489783304114387E+00
% -0.620754112644732E+00  0.120985510781466E+01  0.118705293983301E+00
%  0.219666980015538E+00 -0.355643147528552E+00 -0.782142244656582E+00
%  0.813417550988025E+00 -0.203053443308176E+00  0.722722596570097E+00
%  0.162049841845005E+00 -0.866697723223575E+00 -0.960297906139427E+00
%  0.762759737100755E+00 -0.195146231581331E+00  0.505252164468007E+00
% -0.131955837287191E+01 -0.213375819717659E+00  0.594744171184175E-01
%  0.237649601678585E+01  0.254985203796874E+00 -0.155510395764324E+00
% -0.110085000297731E+01 -0.951990436173887E+00 -0.134236360205062E+01
% -0.121392592778121E+01 -0.678583312396157E-01  0.107579086824208E+01
% -0.168168836508874E+01 -0.425562537783323E+00 -0.806523512012647E+00
%  0.134976617057369E+01  0.375937056798812E+00  0.707480196626150E+00
%  0.172620807394177E+01 -0.221533069973903E+00  0.255704231511427E+01
%  0.890884241852809E+00  0.652589313580008E+00 -0.215591129851220E+01
% -0.101827047359595E+01 -0.857242926495475E+00 -0.126711489813709E+01
% -0.658255614873611E+00  0.635614776482670E+00 -0.104291665307165E+01
%  0.773046122830526E+00  0.165186309785995E+01  0.105975843781939E+01
%  0.235897412383075E+00  0.606214083112827E+00 -0.235045364357321E+01
% -0.120257702283023E+00 -0.517300480452723E+00 -0.168139167070025E+01
% -0.223933387224198E+02  0.969096601555720E+01 -0.469519926792607E+01
%  0.134615780617217E+01  0.872031542436045E+00 -0.380637985191802E+01
% -0.150378495326362E+02  0.321782110601744E+02 -0.175250486959502E+02
%  0.430864955537810E+00  0.133189299081898E+01  0.189298621131675E-01
%  0.590636144986182E+01  0.193103264022457E+02  0.429832416529026E+01
% -0.840863110195172E+00  0.353761518767719E+01 -0.609476963226043E+01
% -0.693441296925382E+01 -0.524258804847781E+01 -0.156329050018070E+02
%  0.872584250225263E+00 -0.207015413405870E+02  0.100822797941126E+02
% -0.244562900505651E+02 -0.146793324847250E+02 -0.155013013206753E+01
%  0.319668371194121E+02 -0.362803416896160E+02  0.119268019006940E+02
% -0.393067370510094E+01 -0.257098276182718E+01  0.258554152535964E+01
% -0.235915820706463E+02  0.303686160044812E+02 -0.417677579657237E+02
%  0.472212578432121E+02 -0.133133616768060E+03 -0.207412310698568E+02
%  0.785406842039954E+01 -0.132073952452326E+02 -0.174195963478057E+02
%  0.172788098611636E+02 -0.145109345640006E+02  0.816777621484468E+01
% -0.330616502564268E+01 -0.805660109338893E+01 -0.765288057152413E+00
%  0.324021075088251E+01 -0.378164097514174E+01  0.320553196809215E+01
% -0.868979009633104E+00 -0.328928980797518E+01  0.437852953177759E+00
%  0.516369493563186E+01 -0.617272547163248E+01 -0.265445884262226E+02
% -0.177756894706481E+01  0.894729715659607E+02 -0.575430713788863E+02
% -0.503294058580201E+00 -0.167781793613308E+02 -0.778962929727769E+00
%  0.233649679349200E+02 -0.330384358195090E+02 -0.122523154009406E+02
%  0.154162403903985E+02  0.119578461495763E+02  0.734993330232527E+01
% -0.264799261334677E+01 -0.395103692498055E+01 -0.232251682875260E+01
%  0.244305344074612E+02 -0.139871629256525E+02  0.805226829636321E+01
% -0.314507976605195E+02  0.298465008856710E+01 -0.112784616642736E+02
% -0.102820189641135E+02  0.565777430208141E+01  0.868705501950307E+01
% -0.483215510326280E+01 -0.127544890764376E+02  0.931552711655906E+00
% -0.195454957057944E+02  0.878911563909175E+01 -0.159617973989701E+02
%  0.414102974585408E+01  0.109094487288675E+02 -0.160703069588356E+02
%  0.227472589646352E+01 -0.817309956586169E+01 -0.119443180257977E+02
%  0.120401216236335E+01  0.204379322722044E+01  0.110397226336432E+01
% -0.285487310787032E+01 -0.908555624257653E+00  0.117453818227202E+02
%  0.212502049431077E+02 -0.105454855593041E+02  0.843631035957517E+00
%  0.113616886676985E+02 -0.330385462173614E+02  0.106474723943052E+02
%  0.866642308195239E+00 -0.209102524903383E+01 -0.533877887013295E+00
% -0.268225214882361E+02 -0.331471431215821E+02 -0.375926189191294E+02
%  0.399269938270386E+00  0.394026261813051E+01 -0.275193323856632E+01
%  0.110563058529483E+02  0.283598199111646E+01 -0.154497490610785E+01
%  0.126139584342813E+02 -0.696471868280102E+01 -0.103778333139169E+02
%  0.372853911463577E+01 -0.156853841872148E+01 -0.411768658879136E+01
% -0.627582294757953E+01  0.293405035471258E+02  0.596523644235135E+01
% -0.311352782139223E+01  0.969151901074950E+01 -0.294145568832817E+02
% -0.278820037277840E+01  0.328090630330892E+01 -0.997183413700808E+00
% -0.715778500541493E+00  0.804169328255737E+00  0.574082892852369E+01
%  0.582699752786506E+01 -0.509241214778690E+01 -0.962226212508274E+01
% -0.618869311582619E+01 -0.703417130710501E+01  0.466892146421588E+01
%  0.172193261198430E+02  0.105653678246071E+02 -0.167532261664357E+01
%  0.249106194269355E+01 -0.554517075188985E+01  0.451728771087718E+01
% -0.859180480532765E+01 -0.471332155969325E+01  0.109457182147938E+01
% -0.537251530461653E+02  0.212010575936031E+00  0.553828980145394E+02
% -0.171694842165747E+02  0.302988483753453E+01  0.108034851787941E+02
% -0.161895939833420E+02  0.235640418158834E+02  0.997332520062587E+01
% -0.138872085679680E+01  0.677230766151345E+01 -0.143936949755921E+02
% -0.204201537237426E+02  0.388887540657191E+02 -0.336534995520171E+01
% -0.466321913497617E+01 -0.106883696020229E+02  0.152037584897475E+01
% -0.251625304247181E+02  0.149541277909266E+01 -0.159797209857295E+02
%  0.103398155549840E+02  0.151559899790919E+02 -0.668566507651673E+01
% -0.391141336577229E+01 -0.129181771779639E+02  0.252316953614078E+01
%  0.267636042520309E+02  0.321051184845958E+01 -0.494075690417610E+02
% -0.670878454175369E+01 -0.280040465514362E+02  0.438455209016945E+02
% -0.374403115458496E+01 -0.746648839978031E+01  0.262978864242085E+01
%  0.192565970870394E+02  0.211282687933836E+02  0.254345860670003E+01
% -0.172237832888259E+01  0.224816578362931E+01  0.166469360823382E+01
% -0.554394244344652E+01  0.441143719569525E+00 -0.150490726345938E+02
% -0.677392850694944E+01 -0.141571108292336E+01 -0.814509781689826E+01
%  0.810647896105357E+01 -0.126403577708426E+02 -0.459559528517544E+01
%  0.188941113755864E+02  0.442091364171226E+02  0.107377842885442E+01
% -0.318583585795533E+02  0.218193885767013E+02  0.104620677405825E+02
% -0.430317498646702E+01 -0.180922069145515E+01 -0.134333595207575E+02
%  0.133424898171577E+02  0.160128284704954E+01  0.121526026578636E+01
%  0.531744889426501E+02  0.741191227190185E+01 -0.435954716015664E+02
%  0.113997866053110E+01 -0.676922275614956E+01 -0.452052691833474E+01
% -0.881038232168141E+01  0.119277567000820E+02 -0.794051454295655E+01
% -0.154252479808841E+02  0.134956577390753E+02  0.831629026325392E+01
% -0.119904233656200E+02  0.161366857382274E+02 -0.283375308052655E+01
%  0.294315278034351E+01 -0.289248658793016E+01  0.760479234075231E+00
% -0.881879848030687E+01  0.185589566676143E+02 -0.101459992660402E+02
%  0.588675124086994E+01 -0.206588946056444E+02 -0.149435845924559E+02
% -0.895854907608479E+01  0.566754049526367E+01 -0.540276710578591E+01
% -0.347788774257417E+01  0.534471837580611E+00  0.666248905354281E+01
%  0.296548679362525E+02  0.122646557609846E+02 -0.388057182010347E+01
% -0.582262996884649E+01 -0.164569822712513E+02 -0.200253514423077E+02
% -0.198230654517334E+02  0.300651238235306E+02  0.273851244770797E+02
%  0.327146881288245E+01 -0.300828720715538E+01  0.141674187100623E+02
%  0.124024382701172E+01 -0.236133381127877E+02  0.894245721971326E+01
% -0.157326058269105E+01 -0.216583924944084E+02  0.205414468171588E+02
%  0.110012194429532E+02  0.398979016926048E+00 -0.221209900693733E+01
% -0.371427152301665E+02  0.278592548131790E+02  0.112890138146892E+03
%  0.914912633961115E+01 -0.321346665897218E+01  0.120962135129228E+02
% -0.226212887680225E+02  0.144658441620839E+02  0.124548013954960E+02
%  0.230455515124200E+02 -0.201021220121789E+02 -0.107121965660566E+02
% -0.699780588514857E+01  0.170463746140229E+02 -0.463384498219434E+01
%  0.216385490894877E+02 -0.321087901166799E+02 -0.173398682688930E+02
%  0.207214985529109E+02 -0.690750421853106E+01  0.210058560130289E+02
% -0.912406777759174E+00  0.913003486642125E+00 -0.488485083038811E-01
% -0.126580432965189E+02  0.191353832435959E+01  0.220283485711591E+01
%  0.485054765643496E+02  0.264104077779638E+02 -0.780743004845432E+01
% -0.236261201261869E+02 -0.248027555295150E+02 -0.108253075511956E+02
% -0.543315393136738E+02  0.624727523540644E+01  0.193790604719994E+02
%  0.420717885163121E+01 -0.170915483821223E+01  0.283392406623122E+01
%  0.163711348535469E+02 -0.312032276901934E+02 -0.134424089744057E+02
%  0.524958043123834E+00  0.199719223385653E+00 -0.119250142109325E+02
% -0.516588586985660E+01  0.806260188791340E+01  0.531345702605684E+01
%  0.122524931496145E+02 -0.297045607319362E+01 -0.142724096573748E+02
%  0.300303974742680E+01 -0.155148888982293E+02  0.332555403688469E+01
% -0.574075933724621E+01 -0.473277220880674E+01  0.164650173872004E+02
%  0.701426576435071E+01 -0.125639796288021E+02  0.304960787461598E+01
%  0.334202506024262E+02  0.227522949196996E+02 -0.174889174200851E+02
%  0.746380615968410E+01 -0.577727515752011E+01  0.787422491942450E+01
%  0.272233967179329E+01 -0.203057498881348E+02  0.205590691331519E+02
%  0.108061900124690E+02  0.974458374931586E+01  0.234065640227468E+02
% -0.128667406602614E+02  0.494782776164572E+01  0.920870815488773E+01
% -0.222263575685570E+02  0.326241757001684E+02 -0.291014295363093E+02
%  0.510118575805319E+01 -0.816594674790335E+01  0.118623421523820E+02
% -0.270973525818600E+02  0.814315533788355E+02 -0.405226746826154E+02
%  0.691316652600285E+01  0.521019823869150E+01  0.150502564982997E+01
%  0.751438787505184E+01 -0.279630803454303E+02 -0.219779809962311E+02
% -0.760996108116657E+01  0.116980015023932E+02 -0.194402616174034E+01
%  0.198556948474355E+01  0.245052393181185E+02 -0.769522127211112E+01
%  0.252838486627835E+02 -0.163657209106265E+02 -0.261257136842408E+01
%  0.178936325092083E+02  0.866577912620001E+01  0.560282895243606E+01
% -0.719735867945776E+01  0.106651718885651E+02  0.282278208565331E+01
%  0.193560687554168E+01 -0.170149693084197E+01  0.116428720005302E+02
%  0.126717560649680E+02  0.106986729821103E+01 -0.103367530658125E+02
%  0.143730743495149E+02 -0.568096870672612E+01  0.865573077366352E+00
% -0.462042660930898E+02 -0.200842383532799E+02  0.113456425972630E+02
%  0.363885726553354E+02  0.917907635892952E+01 -0.268498063464042E+02
% -0.438244402778401E+01 -0.208456074126131E+01 -0.218272827044450E+01
% -0.184594529798392E+02 -0.940588352964749E+01  0.325310763496109E+01
%  0.590963154124669E+01 -0.632126179563988E+01 -0.540117648011033E+01
%  0.317963646863771E+02 -0.158746256659047E+02  0.163753371509120E+02
% -0.555981587994249E+01  0.272927405906414E+02  0.236267936302865E+02
%  0.185010594620423E+00  0.123227371842775E+02  0.398556285387317E+01
% -0.293329478355938E+02 -0.724036132817629E+01  0.506558794088515E+01
%  0.438592771824474E+01 -0.650064804983331E+01  0.135987048173214E+02
% -0.768293009214945E+01  0.214982036783557E+02  0.189955002265008E+01
%  0.404916253920657E+01  0.257860552578058E+01  0.589537212690274E+01
%  0.994817296365692E+00  0.677228004703918E+01  0.218108225521466E+02
% -0.333767272066702E+01  0.358531499615182E+01  0.243364914578698E+01
% -0.408630495925616E+01 -0.106387273860866E+01 -0.113600823286853E+01
%  0.328109801847098E+01 -0.144197013846937E+02  0.636731347857449E+01
% -0.304726133730646E+02  0.106810986027657E+02 -0.241514328725279E+02
%  0.124617556398521E+02  0.785969419865882E+01  0.737156458343354E+01
%  0.195342310673551E+02 -0.289811156968896E+02  0.352917807127509E+02
% -0.272223520598947E+01  0.955752193430011E+00 -0.171352549668453E+01
% -0.163004923920023E+01  0.255921974458139E+01 -0.177494745439437E+00
%  0.147788137905452E+02 -0.659937242536079E+01 -0.590759198965446E+01
%  0.537221248040821E+02 -0.327943974328350E+02 -0.396378811360221E+02
% -0.836541647004467E+00  0.691257267997795E-01  0.101658156550023E+01
%  0.122847445498878E+02 -0.271609286025659E+02  0.181898780103521E+02
%  0.367008926993105E+02 -0.516766168664359E+02  0.329038528768677E+02
%  0.750265371103324E+01  0.262608696076921E+01 -0.666590917538739E+00
% -0.567991095070773E+01 -0.239153205111782E+02 -0.123518323598697E+02
% -0.196859601261713E+02  0.981772381576394E+01 -0.284296874384324E+02
%  0.146087235818141E+00  0.106913655591936E+02 -0.816703211573401E+01
%  0.453441859847317E+01 -0.242968915805407E+01  0.125930376077604E+01
%  0.363690092583405E+01 -0.132320581994251E+02 -0.118561897683747E+02
%  0.491205217707049E+00 -0.301467723112677E+01  0.140196708247778E+01
%  0.830732111794506E+01  0.179058049163602E+02  0.648493619809135E+01
%  0.348182328665250E+02  0.315340481149004E+02  0.247416770071825E+02
%  0.470158714100382E+02 -0.538615879435541E+00 -0.130353025592960E+02
%  0.138962071285117E+02 -0.488739581950251E+01 -0.310505310207201E+01
% -0.630044723766210E+01 -0.715147733952208E+01  0.204987389644081E+02
%  0.163661479814233E+02 -0.381150859944884E+01 -0.252448374681483E+02
% -0.964194669113494E+01 -0.763998762625370E+01  0.157252295866540E+02
% -0.481604427392182E+01 -0.100308227917150E+02 -0.430768779512061E+01
%  0.407455824905730E+01 -0.125307819813169E+02 -0.242405759747010E+02
% -0.696682375837108E+01  0.633991447362392E+00 -0.511335159414572E+01
%  0.663196976599314E+01  0.301634652112788E+02  0.301606083259292E+01
%  0.250713349401227E+00 -0.324722399687778E+01 -0.333917095653974E+00
%  0.246823889425571E+01 -0.159160156599750E+02  0.142477813858211E+02
% -0.268672271327451E+02 -0.159774043077248E+02  0.350102210285398E+02
% -0.222128997004323E+02  0.230348647614150E+02  0.147209497822867E+02
% -0.232111002694578E+01 -0.858958789341422E+01  0.254094653507673E+01
%  0.181667853245543E+02  0.129951928867366E+01 -0.936738883532205E+01
%  0.161378082717504E+02 -0.129069015590188E+02 -0.532249411332200E+01
% -0.369944262961621E+02  0.554514816973015E+02 -0.307348460625615E+02
%  0.306614242275139E+02 -0.242230711813955E+02 -0.116119088678600E+03
%  0.234809161950808E+01 -0.373823415346234E+00 -0.249130989771591E+01
% -0.265563417664409E+02  0.545067659156240E+00 -0.322270469609860E+02
% -0.210508872481981E+01  0.754607290192254E+01  0.505038240525827E+02
% -0.173921160774501E+02  0.350841923099488E+02 -0.187761402616315E+02
% -0.373827616676309E+02  0.363910560728623E+01 -0.199072316321301E+02
%  0.160486924184063E+02  0.928219182883758E+01  0.950063862243927E+00
% -0.634843726154094E+01  0.225699794644071E+01  0.388302264534134E+01
%  0.599805338624119E+01  0.844277419527857E+01  0.100359138014013E+02
%  0.121934268679487E+01  0.518333466925553E+01 -0.668261615104203E+01
% -0.285757013183319E+01 -0.376017682860274E+00  0.325306258668048E+01
% -0.111224922052884E+02  0.170819591609827E+02  0.267874610678290E+02
%  0.262539689801966E+00 -0.772689600560253E-01  0.271715521330498E+01
% -0.288659707674470E+01  0.382612137840296E+00 -0.132797549040553E+01
%  0.184073625456793E+02 -0.426843302573844E+01  0.158746520276782E+02
% -0.401348828596576E+01 -0.754368694199361E+00  0.342274645533589E+01
% -0.339429698525755E+01 -0.200412663152687E+01 -0.143537933306363E+01
%  0.571812093994216E+01  0.374076475980076E+00  0.205589940106915E+01
%  0.961311329903591E+01 -0.892552115437414E+01 -0.153438602490832E+02
%  0.413997119711162E+02 -0.257467496363434E+02  0.537189521360297E+02
%  0.121260460177781E+02 -0.191691676013005E+02 -0.166311358684798E+02
% -0.148584335674331E+01  0.103929531992782E+02  0.825334138728365E+01
% -0.134541955570478E+02  0.368126566533839E+01  0.264736718352056E+01
%  0.742308993376663E+01 -0.955234678244106E+01  0.725894679315452E+01
% -0.453219588115976E+01 -0.144278316921224E+02  0.325240066495189E+01
% -0.338650787893669E+01 -0.460552662928357E+01  0.108466310123917E+01
% -0.142385717805858E+02  0.808289846457382E+00  0.595660183371669E+01
% -0.813800949634916E+01 -0.557757835752112E+02  0.356141800507704E+02
%  0.556299749142289E+01 -0.120508415303121E+01  0.365140775626653E+01
%  0.209334622229212E+02  0.247756841650873E+02  0.129826073742099E+02
%  0.119763944115347E+02  0.743619432858788E+01  0.170011470493656E+01
% -0.641066270835886E+02  0.227515608250074E+02  0.312346867298332E+02
%  0.661086684098727E+00  0.953527330797736E+01  0.547208740197663E+01
%  0.225965250525110E+02  0.220246492194280E+02  0.423086022523981E+02
% -0.236139990991779E+01 -0.236918797323837E+01  0.773759143269875E+00
%  0.315470912634290E+01  0.460462671691132E+01 -0.701982764143260E+01
% -0.982583082398065E+00 -0.378120386937982E+01  0.329346965189761E+01
% -0.162824467659570E+02 -0.119943736371502E+01  0.108768859531532E+02
%  0.945939007901102E+01 -0.158812633128835E+01  0.786357600009874E+01
%  0.626286413004715E+01 -0.171600457550660E+01  0.202952417497074E+01
%  0.406699251175382E+01 -0.192305323501939E+01  0.809431515406343E+00
%  0.867349913158991E+01 -0.381256443243367E+01 -0.210910327535054E+02
% -0.105584558572641E+02  0.105123027660917E+02  0.180026285275524E+02
% -0.181392467567415E+01 -0.320110094411457E+01 -0.981557512905787E+00
% -0.457227079032617E+01  0.109137987030137E+02 -0.150570796739080E+02
% -0.488701460332679E+01  0.236216481124589E+01  0.441838035311951E+01
%  0.170365209710314E+02  0.398726882702400E+02 -0.301976711370313E+02
%  0.988814941955097E-01  0.233163323054382E+02  0.325901181746345E+01
% -0.253268754124501E+02 -0.934037535242504E+01  0.382041304759175E+02
% -0.239316137347138E+00  0.403774102526730E+01  0.165112629859442E+02
%  0.845806973214719E+01  0.306443938824769E+01 -0.500581557988447E+01
% -0.680674962258352E+01 -0.670426912048457E+01  0.412571396004223E+01
%  0.537543741817902E+01  0.420806745257296E+02  0.759406128232779E-02
% -0.204162119199187E+01 -0.517132089458598E+01  0.758519158922425E+01
% -0.177003394300301E+02 -0.999765835793541E+01 -0.279670330746358E+01
%  0.181399820909335E+01  0.342637596364906E+01  0.455565236258426E+01
%  0.690615225578515E+01  0.740236275326814E+01 -0.336252879389771E+00
% -0.181541041267003E+01  0.286507211992906E+01 -0.208437333723083E+00
%  0.397179122591778E+01  0.897293328456371E+00  0.130321754410399E+02
% -0.721334991382227E+01  0.897108346057208E+01 -0.643234566541267E+01
% -0.396548870230394E+01 -0.144442676223596E+00  0.190461273880904E+01
% -0.209580574507222E+02 -0.608090613116803E+01 -0.125100970167550E+02
% -0.621456294437082E+00  0.510535163135018E+00 -0.262275231779952E+01
% -0.404148520148394E+02 -0.239865191451945E+02  0.221583611040901E+02
% -0.344838218885402E+02 -0.186019411280806E+02  0.106833452797305E+02
%  0.215299708540193E+02 -0.422604204280236E+00  0.316168930642735E+02
%  0.280808821267702E+01 -0.152033644913803E+02 -0.213153459229461E+02
% -0.651730002647670E+00 -0.889406325846017E+01 -0.158187030387794E+02
%  0.461504185455025E+01  0.838755096985768E+01 -0.114559498587826E+02
% -0.123005262742655E+02  0.175073884520295E+02  0.324631542151575E-01
% -0.171896969560948E+02 -0.220806629009992E+01 -0.270155553339261E+01
%  0.290787815917616E+01 -0.316623825008251E+01  0.392471318018142E+01
% -0.210693789097096E+02 -0.197552905762539E+02 -0.349677929330306E+02
%  0.135900840900771E+02 -0.313063045251780E+02 -0.910614085057675E+01
% -0.242230969594703E+00 -0.232433095470049E+01  0.388545906014046E+01
% -0.140986927171097E+02 -0.128644571875486E+01  0.543923961663933E+01
%  0.445883449836850E+01 -0.882440356079039E+00  0.574320223806356E-02
% -0.539918639321640E+01  0.286236400923091E+02  0.240178140739694E+02
