% T    256  0.715122828077254E+01  0.715122828077254E+01  0.715122828077254E+01
   0.178956185437009E+01 -0.255684023681574E+00 -0.911255207835019E+00
  -0.302988983808547E+01  0.135869694123032E+01 -0.926367912810968E+00
  -0.114224696738860E+01 -0.316380070645473E+01  0.312872016918340E+01
   0.338441455228893E+01  0.237069213532908E+01 -0.260994018408729E+01
  -0.161194636893684E+00 -0.293720672188750E+01  0.232667556479728E+01
  -0.141505645089078E+01 -0.975989701170895E+00  0.837795691757574E+00
   0.142391871581079E+01  0.207909061874228E+01  0.159677233231658E+01
  -0.689324795353811E+00 -0.618945153121431E+00 -0.996718423681166E+00
   0.748700494940062E+00 -0.118269352431063E+01 -0.201222177079350E+00
   0.421959057988939E+00  0.203672342768043E+01  0.172607512995218E+01
   0.172889016463498E+00 -0.148014278304765E+01  0.912035505459973E+00
  -0.101821051468872E+01  0.189061985250469E+01 -0.198342829153018E+01
  -0.197264691690280E+01  0.122965633985854E+01 -0.228317969662343E+01
   0.251546415250683E+01  0.760423011876243E+00 -0.121270579585715E+01
  -0.325677613334247E+01 -0.216673841120408E+01  0.214513468576537E+01
   0.132747327058426E+01  0.167027427896886E+01  0.254438962098640E+01
  -0.138091643911436E+01  0.282004420114030E+01 -0.151268088993377E+01
   0.169113897742991E+01 -0.161258626603341E+01 -0.232508515388528E+01
  -0.147928213997975E+01 -0.289179561152121E+00  0.179948747856332E+01
   0.170598891339045E+01  0.211824402652955E+01  0.335824191938311E+01
   0.246836148820675E+01  0.527226052533244E+00  0.161758068574880E+01
  -0.278791988820502E+01  0.664894741198129E+00  0.123215745480232E+01
   0.122402160761153E+01 -0.169611533306119E+01  0.220030795298630E+01
   0.129147919303923E+01 -0.146151324711526E+01  0.716208286542452E+00
  -0.252279985977294E+01 -0.132092793991290E+01 -0.232193243096362E+01
   0.167373815833856E+01  0.121757773800707E+01 -0.907203409314133E+00
   0.355953965772295E+01 -0.169697174243428E+01  0.341846489566182E+01
   0.129802116767626E+01 -0.468114275541131E+00 -0.193743150675258E+01
   0.559000469853410E+00 -0.139859962005240E+01 -0.285146040444434E+01
  -0.329412272792804E+01 -0.148989506975085E+01 -0.689130423253951E+00
  -0.333826151373882E+01  0.287443163058636E+01  0.356740170445239E+01
   0.198147736527817E+01  0.298604619540731E+01  0.303964575920459E+01
   0.330945528840274E+01  0.264134351772582E+00  0.109744936968571E+01
  -0.330485547671673E+01 -0.189017492543071E+01 -0.242235963921340E+01
   0.248403981366233E+01 -0.338447973286500E+01  0.152041364636146E+01
   0.305452413600178E+01  0.155270608423032E+01 -0.381101980972038E+00
   0.268123152741874E+01  0.202914840900107E+01  0.143008654342247E+01
   0.560087031282954E+00  0.226791810436079E+01 -0.344887295837649E+01
   0.359963173905676E+00 -0.404400699959521E+00 -0.251740972656626E+01
   0.626733956000238E+00  0.253088626714584E+01 -0.224338290159193E+01
  -0.211557512805766E+01 -0.140640609373189E+01 -0.135503827080165E+01
   0.211022933601030E+01 -0.177346668207050E+01 -0.337588727154045E+01
  -0.268678420395793E+01 -0.149670064720998E+01  0.277587856142152E+01
   0.154344940600664E+01 -0.329067662661265E+01  0.838365348287395E+00
   0.712846284647995E-01 -0.133693775490265E+00 -0.520564067639267E+00
  -0.545104670869163E+00 -0.243736267674909E+01  0.122647517473695E+01
  -0.837869822700321E+00 -0.178325104877284E+01 -0.303565057199086E+01
   0.587508280845590E+00  0.636048882997394E+00 -0.110301742099111E+01
   0.130735259724690E+01  0.334385538927370E+01  0.168814914757600E+01
   0.336867187848081E+01 -0.184315848122154E+01  0.296578141601986E+00
   0.133438384770161E+01  0.257400185467420E+01  0.277533532070400E+00
  -0.263677325735375E+01 -0.258647719841316E+01  0.301933698317326E+01
   0.353510113155879E+01  0.707038437398814E+00 -0.879796325150130E-01
  -0.167062556143076E+01 -0.226838153240597E+01  0.115077330771030E+01
  -0.190605393301846E+01 -0.345964044525369E+01  0.614441033594246E+00
   0.149290532519620E+01 -0.231244168168554E+01  0.315794413546217E+01
   0.256146336902024E+01  0.384825253116515E+00 -0.202062151814070E+00
   0.282910297027389E+01 -0.107129498058827E-01 -0.207939374690981E+01
  -0.353606940670233E+01 -0.255657271785465E+01 -0.490417157799449E+00
   0.490401517003643E+00 -0.220485739980349E+01  0.166380232300766E+01
  -0.322143554339199E+01 -0.105027983704956E+01  0.729933085748364E+00
  -0.288483908573947E+01 -0.125109328890586E+01  0.176616962733989E+01
   0.226326592342072E+01 -0.299387169966112E+01  0.283645629239257E+01
  -0.234734429549859E+01 -0.532639765584755E+00  0.258956277769328E+01
   0.327694242587394E+01  0.297847044091490E+01  0.636759288578282E+00
  -0.131935031231577E+01 -0.277877945692220E+01 -0.148095250179644E+01
  -0.266505568401979E+01 -0.486083829897390E+00 -0.328416629847127E+01
  -0.266109078489714E+01  0.110417695062243E+01  0.246862707259521E+00
   0.150537105738691E+01  0.135266934539057E+01  0.171683390432063E+00
  -0.346527949834000E+01  0.145145052953248E+01  0.306671652250893E+01
   0.216103533093561E+01  0.285874095870275E+01  0.933809103560220E+00
   0.305928639713738E+01 -0.193861131515593E+01 -0.161999977264278E+01
   0.278899152488640E+01 -0.141015740753484E+01 -0.249872813723926E+01
   0.290101625363409E+00  0.136049799724014E+01 -0.179922111296752E+01
  -0.184593050577783E+01 -0.206717680042328E+01 -0.223546234447282E+01
  -0.331589162578976E+01  0.347780560969529E-01 -0.227525740107436E+01
   0.193988949691744E+01  0.318357602371254E+01 -0.199271972849039E+01
   0.686826448062478E+00  0.794686583916350E+00  0.252519490208958E+01
   0.728348787237397E+00  0.306580986539711E+01  0.891414258574661E+00
  -0.299335516223718E+01 -0.336131593614085E+01 -0.103086709424950E+01
   0.152399175233973E+01  0.180548337395145E+01 -0.231970754743378E+01
   0.134281674714311E+01 -0.261971078395006E+01 -0.495421983963576E+00
   0.109813963692205E+01  0.221378300538064E+01 -0.114776199555384E+01
   0.821342719471438E+00  0.104201077379925E+01  0.150931560304449E+01
  -0.209605214895850E+01  0.239833726753811E+01 -0.315939048171286E+01
  -0.114656585208034E+01  0.446859810514799E+00 -0.619408103321445E+00
  -0.269885745307013E+01 -0.237389406759060E+01  0.119052885752758E+01
   0.342583801762397E+01 -0.333189029742918E+00  0.199451714863962E+00
   0.248344009633399E+01  0.200202634050005E+01 -0.310623768588368E+01
   0.831435739284345E+00  0.634704211120345E+00  0.430430866219725E+00
   0.242594116769606E+01  0.763985809552925E+00 -0.308299567002727E+01
  -0.874709204228152E+00 -0.103178720130470E+01  0.287936504356542E+01
  -0.811772962592267E+00  0.337535200414846E+01  0.209152665088952E+01
  -0.190132771006578E+00  0.100120113092806E+01 -0.473513296349110E+00
  -0.205704182896986E+01 -0.312377942340992E+01 -0.337278226643072E+01
   0.150672293028830E+00 -0.981667869687478E+00  0.179217991092061E+01
  -0.119553437787572E+01  0.142407474116224E+01 -0.431528397931210E+00
  -0.308968344479629E+01  0.282033683033307E+01 -0.954001102658259E+00
  -0.319928784027280E+01  0.110936489275864E+01 -0.249471268764891E+01
   0.128995071702374E+01 -0.222699853842074E+00 -0.167471002804961E+00
   0.582004089690720E-01 -0.191571475165781E+01 -0.729661513349493E+00
   0.149483641016788E+01 -0.275165181820941E+01  0.172917606108609E+01
  -0.195396666454126E+00  0.141863071442612E+01 -0.296030591279586E+01
   0.695987006573124E+00 -0.337716492396737E+00  0.779742838396579E+00
   0.691465642477380E+00  0.267690177072217E+01  0.289031370060656E+01
  -0.163289138632615E+01  0.131417025385242E+01  0.280460956490266E+01
   0.289613773776642E+00 -0.306725486700827E+01 -0.783675861286010E+00
  -0.902597494793663E+00 -0.180758674814163E+01 -0.122866558216270E+01
   0.550859169904070E+00  0.159057721556284E+01 -0.255472873802349E+00
   0.278496978297743E+01 -0.214720414363719E+00  0.304071974018173E+01
  -0.679203760384687E+00 -0.109111834479013E+00 -0.239155518593230E+01
  -0.137888549294747E+01  0.242468359591302E+01  0.294691422498274E+01
  -0.337204751710568E+00  0.448869741931861E+00 -0.147000142625949E+01
   0.327150401388560E+01 -0.141584382484459E+01  0.223260339417706E+01
  -0.152532525835939E+01  0.281001120430266E+01  0.158507316341023E+01
  -0.331842972078463E+01 -0.331267723478701E+01  0.266873264951911E+01
  -0.113631855998333E+01  0.171759078746532E+01 -0.313364110375686E+01
   0.161223354953934E+01  0.505461333015868E+00 -0.194157375368268E+01
   0.211252495035246E+01  0.268207023309315E+01  0.202654100906489E+01
  -0.125619083594437E+01 -0.918670903413260E+00 -0.189609944211105E+01
  -0.292091146428576E+01 -0.675924927482688E+00 -0.159007160970881E+01
  -0.317339537737018E+01  0.167127517669907E+01  0.144316193510329E+01
  -0.306169799092705E+00  0.238047525928517E+01 -0.131157643176559E+01
   0.313694244258649E+01 -0.218803132190942E+01  0.133670724346571E+01
   0.274461223608438E+01  0.124186462775799E+01 -0.219878606406442E+01
  -0.114181624127838E+00 -0.124820972328236E+00  0.263400802450760E+01
  -0.322697155216777E+01  0.256724735880752E+01  0.242209666121248E+01
   0.415799833258238E+00 -0.670511713694328E+00  0.334434668218303E+01
   0.131699702069103E+01 -0.334520483693238E+01  0.327404690518012E+01
  -0.164626452226612E-01  0.345679612316425E+01 -0.335020691126374E+01
  -0.266566980461625E+01  0.639575256519831E+00 -0.184724009778127E+01
   0.289326782055373E+01  0.319528477298428E+01  0.268415392619802E+01
  -0.297202616082946E+01 -0.391150823524082E+00 -0.635558026534275E+00
  -0.350275733855061E+01  0.306546870550736E+01 -0.184932907131412E+01
  -0.132606722408825E+01  0.279476427155718E+01  0.577396551815838E-01
  -0.293633461725959E+01  0.257131201100395E+01  0.974952981106463E+00
  -0.149147551478092E+01 -0.240771814315059E+01  0.225301808270113E+01
  -0.390270822039957E+00  0.281905467887653E+01  0.122829209404109E+01
  -0.769076181566555E+00 -0.566786774840414E+00 -0.332284551835253E+01
  -0.114703650867087E+01  0.167431659732574E+01  0.105882297973856E+01
  -0.217880868018593E+00  0.117271185705710E+01  0.204912682130766E+01
  -0.279852519945545E+01  0.298567529232674E+01 -0.257754622316737E+01
   0.984437976132968E+00 -0.188044881080863E+01 -0.144122140690804E+01
  -0.310207341157066E+01 -0.308577832272416E+01 -0.320558099636344E+01
  -0.386028610461096E+00  0.173642139828030E+01  0.307904107904632E+01
   0.378403220212999E+00 -0.301508659851086E+01  0.844626367392079E+00
  -0.161495098307168E+01 -0.220917171887901E+01  0.322375567349212E+01
  -0.230558836440960E+01  0.201327091347537E+01 -0.154194725046487E+01
  -0.352995035879923E+00  0.279665823782843E+01  0.305719264994296E+01
  -0.560062347403138E+00  0.350394893050453E+01 -0.424026702182923E-02
   0.230225955885335E+01 -0.618417397647359E+00 -0.285291360938892E+01
  -0.354318295421973E+01  0.194124763464128E+01 -0.166875811608890E+01
   0.125314544895535E+00  0.205980050707947E+00  0.160242072036547E+01
  -0.236853014328286E+01 -0.625960435760395E+00  0.110662489882564E+01
   0.304921509066839E+01  0.289348376663726E+01 -0.707698122484729E+00
   0.213296914982389E+01 -0.236959786469861E+01 -0.175677073346174E+01
  -0.173408699658851E+01  0.311790356719147E+01 -0.241434031715494E+01
   0.805838092676528E+00 -0.278530147045865E+01  0.250750731399789E+01
   0.228555639104095E+01  0.212082206382981E+01 -0.103634606247865E+01
   0.117802950646720E+01 -0.231247815106874E+01 -0.280380423110558E+01
   0.232675306561326E+01  0.347537807802367E+01 -0.869770657062788E-01
   0.119032556044072E+01  0.133943374201910E+01 -0.307631341235801E+01
   0.310815753725703E+01 -0.316935319116275E+01  0.339949164308022E+01
  -0.205397192267971E+01  0.327666336045646E+01 -0.322688783835985E+00
  -0.202918942986097E+01  0.230468883406761E+00  0.335195954527685E+01
  -0.151455917096054E+01 -0.202832359993261E+01  0.185910543133441E+00
  -0.186253858663829E+01  0.107041814986062E+01  0.154801278363869E+01
  -0.218468757151585E+01 -0.830965421956037E+00  0.120003889804791E+00
   0.270393999679429E+01  0.216128439952809E+01  0.301034658167162E+01
   0.290002664236042E+01 -0.177731509421230E+01 -0.603773617530776E+00
  -0.300898731462688E+00  0.749826595103122E+00  0.333724848055381E+01
   0.271364821293023E+01 -0.480239833936225E+00  0.180006333058850E+01
   0.764651537689671E+00 -0.301009772919391E+01 -0.197863405014513E+01
  -0.231391763108516E+01  0.679821150087829E+00 -0.687218731471471E+00
  -0.601893377327436E+00  0.345135942478818E+01 -0.111217295986693E+01
  -0.360371428187962E+00  0.250974066051680E+01 -0.303844197903333E+00
  -0.248920077528057E+01 -0.271695718442070E+01  0.173508459292054E+00
   0.338908957469625E+01  0.179416003379750E+00 -0.331055700471133E+01
  -0.841794947448662E+00  0.994348856977665E+00 -0.227717822383432E+01
  -0.260392077715304E+01  0.321837779004818E+01  0.174042400136076E+01
   0.281252532365456E+01 -0.250054001852744E+01 -0.283449588428344E+01
   0.192718153093634E+01 -0.905422386930600E+00  0.126695409991809E+01
   0.138156170135158E+01  0.315207745125929E+01 -0.289032426578939E+01
  -0.211115208084279E+01  0.215971243808028E+01 -0.460310686096571E+00
  -0.269127834927010E+01  0.410055124317285E+00 -0.304311421794607E+01
   0.304198318881644E+01 -0.285762914799049E+01  0.207539213418887E+01
  -0.310940073485913E+01 -0.242388852497605E+00  0.188665637482819E+01
  -0.319386704431648E+01 -0.332949732418894E+01  0.936683241070336E+00
   0.222554173495677E+01 -0.533081221128316E-01  0.760138895306654E+00
   0.948204286946974E+00 -0.657464121825550E+00  0.223203006298433E+01
   0.183118636438553E+01 -0.154050128553744E+01 -0.899765369459931E+00
   0.195967706942053E+01  0.123029540998850E+01  0.107665277967655E+01
  -0.206967892659747E+01  0.217480876200882E+01  0.592645172137908E+00
   0.851390555802225E+00  0.168600218947652E+01  0.815360679240840E+00
   0.223317966221100E+01 -0.199791026528275E+01  0.370890440549685E+00
   0.199037827170375E+01 -0.855694516562035E+00  0.110209562664439E+00
  -0.340595920119565E+01 -0.704159976663501E+00  0.291561640056021E+01
  -0.184255317513551E+01 -0.125354128277675E+01 -0.352082684634896E+01
   0.286836800699615E+01 -0.129886631701491E+01  0.866643067986474E+00
   0.432400397064476E+00  0.502351617100080E+00 -0.298683440545844E+01
   0.752696755165313E+00  0.354856023657342E+01 -0.113269439690902E+00
  -0.308452932158127E+00 -0.111729053993057E+01  0.506479094379954E-01
   0.113131747262841E+01 -0.791957812930863E-01  0.310775814236089E+01
   0.349424532164878E+01 -0.808959314160221E+00 -0.310087601146788E+01
  -0.951146299749716E+00  0.526287472662544E+00  0.146157525858496E+01
  -0.236947314662335E+01  0.133119432703488E+01 -0.321004949411949E+01
   0.270213531004480E+01  0.308852073129389E+01 -0.268347650834269E+01
   0.151025339213856E+01  0.208758560757749E+00  0.187395293558582E+01
   0.311977301964155E+01 -0.204478014963248E+00 -0.913608857526252E+00
  -0.292374090009314E+01  0.557099077603592E+00  0.280323306119748E+01
   0.221948087312227E+01 -0.949341675354708E+00  0.250919288454418E+01
  -0.166694920499291E+01  0.245692090098479E+00 -0.226876174192576E+01
  -0.209836166355034E+01 -0.231423541499897E+01 -0.934777633984253E+00
   0.218642044926770E+01 -0.194034494136004E+01  0.175501617062105E+01
  -0.167760096292430E+01 -0.213555110300009E+00 -0.136539394373754E+01
   0.293536901844574E+01 -0.316482367417837E+01 -0.987724409714492E+00
  -0.941883526899142E+00 -0.139350228005945E+01  0.172996984011010E+01
  -0.144373637591831E+00  0.963257938654073E+00  0.100324952059040E+01
   0.246077817556420E+01  0.204457474979706E+01  0.371702912310928E+00
   0.821429037916028E+00 -0.679983127688873E+00 -0.106384902981012E+01
  -0.434215349343818E+00 -0.358766130413988E+00  0.994623150533594E+00
   0.362649414443171E+00 -0.265657142680837E+01 -0.353174200942084E+01
   0.253008719107366E+01 -0.182186353451145E+01  0.281812859677668E+01
  -0.258261316784841E+01 -0.206388258030527E+01 -0.326735545522715E+01
  -0.165519512908178E+01  0.658393619183003E+00  0.377421639204649E+00
  -0.182274215721154E+01  0.338713254637780E+01  0.252313404197351E+01
  -0.607202522970097E+00  0.210363185785799E+01  0.201848630737169E+01
  -0.138532453160476E+01 -0.294902050737864E+01 -0.252053131966079E+01
  -0.855488679414004E-01 -0.952243688050023E+00 -0.163566719986596E+01
   0.271779968367021E+01  0.105986305654457E+01  0.471857141990423E+00
  -0.187620682965036E+00  0.185937031185322E+01  0.600625368938350E+00
   0.252351332775602E+01  0.241009178412131E+01 -0.211363014398997E+01
   0.140875647324093E+01 -0.346281670037599E+01 -0.120292689250083E+01
  -0.247240274356987E+00 -0.353544698351642E+01 -0.215846127604136E+01
  -0.967579997447181E+00 -0.345294763693012E+01  0.993543992513359E+00
  -0.317148801979299E+01  0.217942523145876E+01 -0.147227624660572E+00
   0.225261322420432E+00  0.327318647217704E+01  0.207079583092176E+01
   0.326814794438640E+01 -0.279821181088405E+01 -0.194771203206611E+01
  -0.746223930957873E+00 -0.259918856388974E+01 -0.364094279979280E+00
   0.872020986243830E-01 -0.227974071135168E+01  0.274137091379736E+00
  -0.487712722837546E+00 -0.218005130711896E+01  0.299152598399056E+01
   0.220950385322159E+01 -0.303316864720844E+01 -0.335892771771312E+01
  -0.934603689071716E+00  0.289946962309324E+01 -0.303049704512671E+01
   0.575023426866103E+00 -0.165989210080373E+01  0.297831948438645E+01
  -0.101685704972085E+01  0.455919721831821E+00  0.255915794084741E+01
  -0.215866652444279E+01 -0.305445897668426E+01  0.185476017561492E+01
   0.233403040119770E+01 -0.843554033352229E+00 -0.165843727011486E+01
   0.462577658498132E+00  0.301818058040683E+01 -0.886907669581870E+00
  -0.121176382357596E+00 -0.224616712045957E+01 -0.189068412465603E+01
  -0.155006400229234E+01 -0.105577335865386E+01 -0.556632865209357E+00
   0.145904501685849E+01  0.226577971784040E+00 -0.289086164304358E+01
   0.171346489222709E+01  0.810995566557059E+00  0.318146739418467E+01
  -0.253728371511917E+01 -0.282596419782636E+01 -0.228818595939034E+01
   0.330474563132378E+01  0.649571115584599E+00  0.229950524149466E+01
  -0.359956211880277E+00  0.241703054314626E+01 -0.247427652955470E+01
   0.291970528002956E+01 -0.280308014458436E+01  0.299813675586629E+00
% -0.973300065838874E+00  0.747068348285153E+00 -0.875992017268616E+00
%  0.639540359498027E-01  0.130626287060800E+01  0.491359364696913E+00
%  0.112271095191645E+01  0.871618846976392E-01  0.292028009133603E+00
%  0.699192003721087E+00  0.116557313311685E-01  0.289905462160355E+00
%  0.225866614504660E+00 -0.736563403324235E+00  0.405013736269355E+00
%  0.285046431869980E+00  0.927397763878039E+00  0.183232762667478E+00
% -0.148622447242845E+00  0.407811456503597E-01  0.274564088787762E+01
% -0.287142560772880E+01 -0.100805200315613E+01  0.109163173697917E+01
%  0.107203751284286E+01 -0.467739736234330E+00 -0.901804033564404E+00
%  0.198957865687318E+01 -0.625665602336819E+00 -0.482147153840580E+00
%  0.175157458228247E+01  0.670627746890330E+00 -0.130200063449252E+01
%  0.124410348090576E+01 -0.245278472582532E+01 -0.888456102930282E+00
% -0.667454740556015E+00 -0.150418521746903E+01 -0.152109940656038E-01
% -0.858904974502406E+00  0.822526161772174E+00  0.186583787944609E+01
%  0.181469749534843E+00 -0.254855782168802E+01 -0.173209260942091E+01
% -0.250523303737578E+01 -0.663913905682062E-01 -0.125128916421084E+01
% -0.106754414479972E+00 -0.919869707205669E+00 -0.157348805865179E+01
%  0.819640712956615E-01  0.644706960054841E+00  0.905325243090608E+00
%  0.215156453758943E+01  0.563024926016022E+00 -0.156312836716250E+01
%  0.132593929231418E+00  0.182881597946594E+00 -0.974792657767409E+00
%  0.333496732983508E+01  0.622379562650257E+00  0.859744050054504E+00
% -0.498779982800813E+00 -0.505226920172198E+00 -0.150705448637987E+01
%  0.171400969194301E+01 -0.163091398135146E+01 -0.331042584690913E+00
%  0.109386710765558E+01 -0.472179846005665E+00 -0.204468367382670E+00
%  0.268890084739036E+00 -0.788818848782983E-01  0.464136266866776E+00
% -0.164896074404281E+01 -0.396697557261903E+00 -0.215479671102654E+01
%  0.107924009072552E+01 -0.178118577225573E+01  0.725380770308461E+00
% -0.107703951318710E+01  0.149808562884544E+01  0.182524174105274E+01
%  0.262524328465836E+00 -0.120710535294437E+01  0.949974738391772E+00
% -0.189382009311035E+00 -0.121209379169440E+01 -0.659103699216081E+00
% -0.103053886813606E+01 -0.106691663745857E+00  0.157617792392247E+01
% -0.166325953898039E+01  0.739682584878020E-01 -0.151654542767339E+01
% -0.555288328442353E+00 -0.902472691698876E+00  0.200439612386575E+01
% -0.191873468971086E+01  0.477318704910968E+00 -0.174658978463783E+01
% -0.252095426357808E+00  0.278906495548524E+00  0.658467475020638E-04
%  0.213496910249545E+01 -0.959322069398399E-02 -0.726376971966674E-01
% -0.371179886635853E+00 -0.527207930800537E+00  0.119252934586345E+00
%  0.227815333162768E+00 -0.103492654332858E+01  0.115345326224584E+01
%  0.426574131207107E+00 -0.827404481485807E+00 -0.202351546678683E+01
% -0.134564318482097E+01  0.129339797402667E+01  0.261590790616491E+00
%  0.244192347552803E+01 -0.469283321126962E+00  0.219389772774014E+01
% -0.307831431858745E+00  0.170383598300378E+01 -0.842118642311662E+00
%  0.225206645012643E+01 -0.753350230488020E+00 -0.210105621472929E+00
% -0.156837515154734E+00  0.610213343638039E+00 -0.192905061377583E+01
%  0.152029971051407E+01 -0.111293886540754E+01  0.375004002361239E+00
%  0.157744012980259E+01 -0.118151249071731E+01 -0.449231871809166E+00
% -0.146422571171341E+01  0.190026944477140E+01 -0.720285315280734E+00
% -0.308005645271954E+01  0.120719941353633E+00 -0.358730314727031E-01
% -0.619356392363774E+00 -0.106946813207369E+01  0.121289481052956E+01
%  0.428294309487873E+00  0.258891464604495E+01 -0.117235316007646E+00
% -0.183097670433764E+00 -0.167522756816377E+01 -0.914973551852852E+00
%  0.192626711188798E+00  0.218255779698513E+01  0.560804527865105E-02
%  0.614086659877567E+00 -0.359327016761543E+00  0.256580973909089E+00
% -0.206009953931277E+01  0.468171269830136E+00  0.229326177929970E+01
% -0.209299748288955E+01 -0.109526540057394E+01  0.170768154362140E+01
% -0.256037063649842E+00 -0.432242014150561E+00 -0.108362555245141E+01
%  0.157779777816555E+00 -0.111907348760133E+01 -0.100058231055057E+01
% -0.838646558199251E+00  0.133784195599515E+01  0.591091882543921E+00
% -0.513454003510210E+00 -0.140700083534923E+00  0.304002241597984E+00
%  0.284463414020630E+01 -0.155393314831854E+00  0.614031389418520E+00
% -0.195944475730036E-01  0.993940569354813E+00 -0.101606900032329E+01
%  0.203630496550956E+00 -0.757968428150869E+00  0.580704019541368E+00
% -0.167502938568978E+01  0.160507363281871E+01  0.109745536645068E+01
%  0.125771209960447E+01 -0.654669132741810E-02  0.285382871384159E+00
%  0.504753642638285E+00 -0.129688159629292E+01  0.733466664784427E+00
%  0.899870093325108E+00 -0.300721645319375E+01  0.142559623874206E+01
% -0.700962307856215E+00  0.135318387552669E+00 -0.299269526233324E+00
% -0.566665115361281E+00  0.132055699272144E+00  0.555557131047949E+00
% -0.202222765345565E+01 -0.211103215342766E+01 -0.212977949205533E+01
%  0.366182955895916E+00  0.141192227279980E+01  0.503110259872154E+00
%  0.673216774026250E-01  0.664520875156757E+00  0.154855907062711E+01
% -0.733838421118796E+00 -0.336456476976225E-01  0.122425678557532E+01
%  0.971839005592479E+00  0.332911087741677E+00 -0.118912711866163E+01
%  0.540403634328870E+00 -0.200563406646110E+01  0.578410808031726E+00
%  0.127503435777011E+01  0.115450927620083E+01  0.234220307615249E+01
%  0.113789976825760E+01  0.772916754419597E+00 -0.748845926316012E+00
%  0.108321065921686E+01  0.943504018479179E+00 -0.280908446616611E+01
%  0.338584672296418E+00  0.170538299619512E+01  0.227478233698644E+01
% -0.138253831172964E+00  0.172551435986396E+01 -0.569461133572947E+00
% -0.785856555973650E+00 -0.804632849058770E+00 -0.169939663936387E+00
% -0.319626927716924E+00 -0.459557357575521E+00 -0.611130130007739E+00
%  0.224345491437810E+01  0.102809788124955E+01 -0.134233044622837E+01
%  0.115753921361174E+01 -0.140486192687223E+01 -0.383129931680894E+00
%  0.953299557167105E+00  0.174520917078522E+01  0.139398629228361E+00
% -0.177408716841069E+00 -0.634520568032858E+00  0.132562352523705E+01
% -0.633493430703402E+00  0.149623165862518E+00  0.171037929922109E+01
%  0.760503088403577E+00 -0.614514244731483E+00 -0.301445320422775E+00
% -0.104666508522905E+01  0.102739851265820E+01  0.136303658822931E+01
% -0.829576595600609E+00  0.218426506312731E+01  0.222912307998604E+00
% -0.100360368775587E+01  0.165155782926783E+01 -0.899729953278600E+00
% -0.344002175329215E+00 -0.203585952596323E+00 -0.563457261343900E+00
%  0.722657157869409E+00  0.188591228361911E+00  0.113751828712486E+01
%  0.743795180268646E+00  0.177821717952178E-01  0.602979500622036E+00
% -0.178919169043522E+01 -0.483416455516813E+00  0.251499920238148E-01
%  0.193095973805354E+01 -0.141814065084451E+01 -0.766358835767252E+00
%  0.866011642358472E+00 -0.195807638627293E+00 -0.151769301898497E+01
% -0.983401602802473E+00  0.183218380393339E+01 -0.147902464014165E+01
% -0.192361840588263E+01  0.226145591157935E+01 -0.165124866953488E+01
%  0.122931442208912E+00 -0.688170255190444E+00  0.179000748453213E+01
% -0.568243683437342E+00 -0.666073862056796E+00 -0.155425647260766E+01
%  0.143768736781198E+01  0.134338190211264E+01 -0.758146083551651E+00
%  0.150318857838773E+01  0.457971977780501E+00  0.294619709318413E+00
% -0.100550882549444E+01 -0.369949119625909E+00 -0.204626951711975E+01
%  0.651552860255738E-01  0.611831982754198E+00 -0.270698710894555E+00
% -0.182925111458603E+01  0.190218713388435E+01  0.133035218355975E+01
%  0.442345119900622E+00 -0.259620551107832E+00  0.109150664628699E+01
%  0.388458403055557E-01 -0.875236890131665E-02 -0.153413615834377E+01
% -0.559132628374495E+00  0.679963959460287E+00  0.115542374322480E+01
%  0.290534446948455E+00 -0.504177881051020E+00  0.547622558855591E-01
%  0.813961764474057E+00  0.937961402543320E+00  0.266129260804667E+00
%  0.239405518480060E+00  0.605685303569228E+00  0.501557247980822E+00
% -0.129822871817993E+01 -0.174116489082986E+01  0.199492381966189E+00
%  0.415136702334051E+00  0.359665801910220E-02  0.877217101036768E+00
% -0.689927331488037E+00 -0.726142546604767E+00 -0.426754619833851E-01
%  0.998609288518105E+00 -0.132716264020095E+01  0.687351648463028E-01
%  0.135787680841414E+01 -0.684544455079724E+00 -0.959643289722833E+00
%  0.275547575852732E+01 -0.208246674250564E+01  0.682124691770260E+00
%  0.102436813897785E+00 -0.143006228594834E+01  0.195551759070579E+01
% -0.122236117477563E+01  0.188756637833474E+00 -0.253653468154138E+01
%  0.106306060918479E+01  0.181050534077551E+01 -0.405679623902899E+00
%  0.621391974080159E+00  0.100209860649542E+01  0.436184263944615E+00
%  0.797126028481747E+00  0.162901978995750E+00  0.252287856856456E+00
%  0.125671197863379E+01  0.204078316405680E+00 -0.368187610786106E-01
%  0.544477421858995E+00 -0.152902068511485E+01 -0.957425447897890E+00
% -0.959173282648926E+00 -0.147991888138333E+01 -0.286420701743367E+01
%  0.747997845197808E-01  0.166151451918058E+00 -0.128353774903839E+00
%  0.118293955517105E+01 -0.449682708020542E+00 -0.362636888519708E+00
% -0.572435158012350E+00 -0.235317202103189E+01  0.956618680552085E+00
%  0.271587291480853E+01  0.141987011225468E+01 -0.288419091151777E+00
%  0.552735309848712E+00 -0.194657344440413E+01 -0.133388315342146E+01
%  0.160394638878644E-01  0.161767320059712E+01  0.598995734890308E+00
% -0.259464059037851E+00  0.164033335656717E+01  0.543979472818956E-01
% -0.849743953303167E+00  0.125292157339849E+00 -0.586544118794017E+00
%  0.105224914544225E+01 -0.436988242372318E+00 -0.184576190879550E-01
% -0.193185469289076E+00  0.181274072999276E+01 -0.240856905988020E+01
% -0.148426707459499E+01 -0.959411803164488E+00 -0.855394147508011E+00
%  0.258043700372653E+00 -0.101873592196055E+00 -0.771767520703132E-01
%  0.106616424939834E+01  0.163915348585074E+00 -0.173564583297581E+01
% -0.290111447835188E+00 -0.134312831610903E+01 -0.166703256726992E+01
%  0.211243242359693E+01  0.108876077232911E+01 -0.140854707295091E+01
% -0.431777870539287E+00 -0.120398879873914E+01  0.179344618937691E+01
% -0.109742695841046E+00  0.638476661578955E+00  0.175967264835792E+01
% -0.579826518928558E+00 -0.869826591418292E+00 -0.339748023670325E+01
% -0.224029342065098E+01 -0.100689208230051E+01  0.651018746897594E+00
%  0.137266495828852E+00 -0.511862133985344E+00  0.805521448947419E+00
% -0.431796522603977E+00  0.160911770499457E+01  0.129521639839371E+01
% -0.300133889224159E+01 -0.957848390009325E+00 -0.106070483840307E+01
%  0.768024977245890E+00 -0.505610720209383E+00 -0.233679708689119E-03
% -0.134576466264207E+01  0.121753990815333E+01 -0.329901725573812E+00
%  0.512192748076577E+00  0.660380078214627E+00 -0.156290588605224E+01
% -0.232456423602389E+01  0.742354915242141E+00 -0.101302157201432E+01
% -0.122394373349758E+01 -0.154517212542046E+01  0.145495635438114E+01
% -0.152166687460984E+01 -0.185113592029847E-01  0.163012266614492E+01
% -0.151932849917930E+01 -0.991586592620820E+00  0.121710418668614E+01
%  0.451318068170633E+00  0.253742722720078E+01 -0.758870903127378E+00
% -0.123325375747285E+01  0.672372754574907E+00  0.159118717415304E+01
%  0.421022990906903E+00 -0.476659879817135E+00  0.133100698862750E+01
% -0.107867939005243E+01 -0.935252490691103E+00 -0.571504737382097E+00
%  0.112275125379709E+01  0.416403860220055E+00 -0.118957190470640E+01
% -0.509696733407805E+00  0.421046637998982E+00  0.470038238795741E+00
%  0.101284726258331E+00 -0.486872151203361E-01 -0.223265050675355E-01
% -0.193656080050977E+01  0.474389481866918E+00 -0.130536928376304E+01
% -0.691697902245209E+00  0.229617643957884E+01 -0.373237275219125E+01
%  0.174457245159470E+01 -0.142768107106313E+00  0.690216969592799E+00
%  0.157542355562741E+01  0.107080015736278E+01  0.245428476718462E+00
% -0.642689972704903E+00 -0.712533959837856E+00  0.237143720848551E+01
%  0.246308647433607E+00  0.943944715397679E+00  0.623581791617815E+00
%  0.248702212383102E+00  0.648852853308960E+00 -0.153329239381312E+01
%  0.569710031533352E+00 -0.137044332849470E+01 -0.177325369657029E+01
% -0.165289944630101E+01 -0.312116838518899E+00 -0.901289499718344E+00
%  0.834198109753917E-01 -0.163441983868812E+01 -0.458737362705946E+00
% -0.547398041681789E-01  0.212344800901211E+01  0.114865164744034E+01
%  0.182400232352563E+01 -0.368196664340135E+00  0.143376414077681E+01
% -0.103004432614713E+00  0.195185481099428E+01  0.252896292889146E+00
% -0.105642055021787E+01  0.209770631390901E+00  0.894540283521350E+00
%  0.110795613674765E+01  0.205153182470232E+01  0.192482091562556E+01
%  0.999004782052212E+00  0.453580789206840E+00  0.152578973782789E+01
%  0.117554087819334E+01  0.477384930914577E+00 -0.149909307844018E+01
% -0.303587497352232E+00  0.171459817945752E+01 -0.165426977560163E+01
%  0.500622776851857E+00  0.882606011860429E+00 -0.111247785983792E+01
%  0.394366757975315E+00 -0.697424797301312E+00  0.190140836941685E+01
% -0.178620928086438E+01 -0.646588201232459E+00 -0.223429529312918E+00
% -0.245573195781239E+00  0.215594729539163E+01  0.186110380911352E+01
% -0.138171870609971E+01 -0.496371415485671E+00 -0.237681331894013E+00
% -0.800695245302789E+00 -0.530327662082950E+00  0.245504943079093E-02
% -0.130262697096396E+01 -0.228648993625669E+01  0.473636505755959E+00
%  0.137048863915394E+01 -0.245046655917001E+00  0.710972423043564E+00
%  0.194348877982842E+01  0.382876192636900E+00 -0.375454996334361E+00
%  0.276731151422849E+00 -0.282628098480853E+00  0.746343304169899E+00
%  0.214705371303518E+00  0.277270716212442E+00 -0.815157690289529E+00
%  0.150207964455611E-01  0.161953326145214E-01 -0.968579109094922E+00
%  0.161715592806916E+01  0.860779273274097E+00  0.268299256679792E+00
% -0.697565198956574E+00 -0.405196038376782E+00  0.178499756070313E+01
% -0.105365379939488E+01 -0.357079647764248E+00 -0.150243488536366E+00
%  0.240889735451967E+00 -0.327735589274863E+00  0.148006770181666E+01
% -0.437656524300514E+00 -0.549085061434696E+00  0.184384737640570E+01
% -0.885839155000103E+00 -0.168789377283554E+01 -0.825214998101545E+00
% -0.105399311470929E+01  0.143865477023276E+01  0.712005280566823E+00
% -0.426289194915928E+00 -0.385738473228753E+00  0.345660555397222E+00
% -0.189697871424737E+01  0.337274639157739E+00 -0.177800394265584E+01
% -0.467772533606105E+00  0.878727521430607E+00 -0.191381463324589E+01
%  0.128152246778562E+00  0.118933475484550E+01  0.882388130347400E+00
% -0.123530042422190E+01 -0.134955842682541E+01 -0.248620466832321E+00
%  0.195628700148575E+00  0.221387042412668E+01  0.118723874265328E+01
%  0.736753117182130E+00 -0.610440038927014E+00  0.163971954507912E+01
% -0.169336300042287E+01 -0.100451435710263E-01 -0.607578785115349E+00
%  0.318382099595912E+00 -0.209403265495615E+01  0.420073222366473E+00
% -0.194495862953757E-01 -0.399856303770589E+00  0.110377725916494E+01
% -0.170985602532491E+01 -0.119599565518948E+01 -0.135144301866736E+01
% -0.723030011085926E+00  0.967755280076056E-02 -0.739021764312194E-01
% -0.530714237082654E+00  0.844019602631499E+00 -0.548702432050197E+00
%  0.150537619005306E+01 -0.156887164053836E+01 -0.177000355653892E+01
%  0.114777721818196E+01  0.721365803304206E+00  0.802164428927249E+00
%  0.109373542584656E+01 -0.479305850209453E+00  0.817670899757833E+00
% -0.141884677236365E+01  0.225352595029317E+01 -0.719409119554470E+00
%  0.252903006216203E+00  0.166752212044181E+00  0.145311999351789E+00
% -0.950863475962081E+00 -0.150515638636318E+01  0.267639312672149E+01
%  0.107644795243288E+00  0.241255509393779E+00 -0.111129255653771E+01
%  0.146332062565876E+01 -0.115545020790515E+01 -0.961804055714899E+00
% -0.220489271124849E+01  0.150421430341955E+01 -0.157630850187229E+01
%  0.153068817110037E+01  0.312383431334563E+01 -0.103779212203646E+01
% -0.175205783408799E+01 -0.620146405960021E+00  0.170408498897667E+00
%  0.406913477807216E+00  0.883949944077846E+00 -0.155986272428571E+01
%  0.965687349318636E+00 -0.190543423856040E+01 -0.276243435536549E+00
%  0.109127615359869E+01  0.450146349704456E+00 -0.155386209389847E+01
%  0.105550609712181E+01 -0.288529711895362E+00  0.102640014171546E+01
%  0.103656781566117E+01  0.137333073641308E+01 -0.129274020016868E+01
% -0.206136707067044E+01  0.135155162975029E+01  0.649062992339796E+00
%  0.233749135122748E+01 -0.188905314624892E+00  0.237786905088461E+01
%  0.183692415348882E+00  0.696529514110004E+00 -0.699008923051348E+00
%  0.143615077039056E+00 -0.808291050977977E+00 -0.293972767724351E+00
% -0.196502271623895E+00  0.851973850471111E+00  0.708693625106771E+00
% -0.631859692012580E+00 -0.813246746200671E-01 -0.433914397333670E+00
% -0.741349599471813E-01 -0.214185416923061E+01  0.118430575564634E+01
%  0.372036746919714E+00 -0.211551006868044E+01 -0.782687838694493E+00
%  0.711661790016670E+00  0.177185603068848E+01  0.902322799900441E+00
% -0.162699138868802E+01 -0.118772541666205E+01  0.272658363150347E+01
% -0.613646766770374E+00 -0.174895193685503E+00  0.687670225517513E+00
% -0.994112012385347E+00 -0.123990830180355E+01  0.150901997392298E+01
% -0.104545474846796E+01  0.163850604677398E+00 -0.120237676245559E+01
% -0.349846899516243E+00  0.757156034557925E+00  0.386364581064097E-01
% -0.155939453372146E+01 -0.196635940600382E+01  0.116837658346192E+00
%  0.406376830813760E+00 -0.127728553790640E+01  0.635407383327835E+00
% -0.237762346530543E+00  0.116819810660640E+01 -0.891990629063675E+00
%  0.178224840058506E+01 -0.124618455876433E+01 -0.160241656088123E+01
%  0.131695766215835E+01 -0.225301097272599E+01 -0.349860807826601E+00
%  0.412173965525451E+00  0.573604054800475E+00  0.225662458233678E+01
%  0.156477082976430E+01  0.245622492949360E+01 -0.512993349446805E+00
%  0.643124950728155E+00 -0.550205042392127E+00  0.669329586689874E+00
% -0.413800973897493E+00  0.152265949574228E+01 -0.111774727820712E+01
% -0.790683663878856E+00 -0.107937001788455E+01 -0.304871084367257E+01
% -0.261594462424876E+01  0.617406333895122E+00  0.105638399981658E+01
%  0.138244248926513E+01  0.549382288830114E+00  0.216459462738160E+01
%  0.585303516881965E+00 -0.203703163737276E+00  0.245886726749409E+01
%  0.200745439516710E+00 -0.226473646342639E+01  0.111169064903908E+01
% -0.627880838047539E+00  0.796743832735576E+00 -0.219502092642306E+00
%  0.886443737744437E+02 -0.192703113695692E+00 -0.119629720560901E+03
% -0.106641232969524E+02  0.100481520032026E+02  0.139931639252492E+01
%  0.802214351255706E+01 -0.345318408976916E+01 -0.231398405424707E+01
%  0.423089082352967E+02 -0.229407374535015E+02 -0.218219751723380E+02
% -0.262596675061660E+02  0.293155712509368E+01 -0.729719816094873E+01
%  0.136034387276919E+02 -0.448442996402538E+01 -0.102695890525648E+01
%  0.133622457610646E+02  0.118805882310904E+00 -0.179966625792049E+02
% -0.499620511829336E+02  0.205757196530436E+02  0.388234155192299E+02
%  0.642820104959173E-01 -0.126644017866991E+02  0.191495970563186E+02
% -0.185854572417859E+02  0.609090451755160E+01  0.616259039365155E+01
%  0.364391764192588E+01  0.277490100859032E+01 -0.320264829210637E+01
% -0.372526893380418E+02  0.231185868928623E+02  0.292695041688331E+02
%  0.180551461713068E+02  0.236367248027074E+02  0.594634956352819E+01
%  0.183376425433760E+02 -0.105724528644850E+02 -0.946991893092973E+01
%  0.204327921348351E+02 -0.361777284533116E+02  0.134079383355432E+01
% -0.101134072926113E+02 -0.948197315285652E+01 -0.983779233301988E+01
%  0.372886561415777E+01 -0.800487030982278E+01  0.171830301031508E+02
%  0.109020147413752E+02  0.313814868620418E+02  0.102451560999652E+02
% -0.652694829092436E+01 -0.130788578588063E+02  0.390745839619178E+01
% -0.230768399081429E+02 -0.305716236339363E+02  0.311368619627052E+02
%  0.163238896439168E+01  0.778459064269682E+01  0.130578840367851E+02
% -0.613298861177195E+01 -0.933911300289276E+01  0.373331639147923E+00
%  0.196766915955174E+02 -0.686162418283553E+00 -0.800617580190117E+01
% -0.144131541571647E+02 -0.118005965355346E+02 -0.711265168857825E+01
%  0.194517113212258E+02  0.344767981727682E+02 -0.148047858447526E+02
% -0.217751548750974E+02  0.585076276290463E+01  0.450126414858430E+01
% -0.625490454994199E+00 -0.521583820301509E+01 -0.220680270317488E+01
%  0.646504498484372E+01 -0.131730474409469E+02 -0.150946658767237E+02
%  0.615689058606785E+00 -0.433048653046829E+01 -0.233963875908973E+01
%  0.234999033696714E+02  0.967073376240414E+01 -0.340039277712316E+01
% -0.304127786843791E+01  0.293843593571958E+01 -0.800232840947917E+00
% -0.990085718517860E+01  0.396080178115261E+02 -0.110335841415331E+00
%  0.108204933241121E+02 -0.272151933280878E+01 -0.521485411647273E+01
% -0.339261346548494E+02 -0.249661122613519E+02 -0.649070305956125E+01
% -0.398651085043671E+02 -0.345580438709167E+02 -0.353010506935087E+02
% -0.297776826235207E+01  0.168697809530635E+02 -0.204384329847348E+02
%  0.604730317709190E+01 -0.776817291158994E+01 -0.134094394634449E+01
% -0.163380746965387E+02 -0.454206728850675E+02  0.920602765683229E+02
%  0.734349737241526E-01 -0.793882800367293E+01  0.631548722749476E+01
%  0.158694665305551E+02  0.594779966843796E+00  0.490159175238026E+01
% -0.133719847990831E+01  0.180460706800449E+02 -0.936731021292957E+01
%  0.589383675058831E+01  0.667831399093162E+01  0.198823582066357E+02
%  0.345035477449689E+01 -0.127913298221781E+02  0.136366919713048E+02
%  0.435656128595519E+01  0.323203505171078E+00 -0.248539389161808E+02
%  0.906250714721905E+01  0.738884044637596E+01  0.125996251777166E+02
%  0.125617121681378E+01  0.237395925093241E+01  0.140764267065422E+01
% -0.284828179974174E+01  0.555640058166036E+00 -0.216960854384088E+01
%  0.305702523290721E+02 -0.418148334809251E+01  0.980721947132342E+01
%  0.380028523765167E+01 -0.904943184329866E+01  0.246921331890671E+02
%  0.498449196873973E+02 -0.428903515279058E+02 -0.336225774774984E+02
%  0.155742560574511E+02 -0.164328795188964E+02 -0.186533542930260E+02
%  0.146221533188440E+01 -0.463515311065238E+01 -0.177084367308486E+02
%  0.259970580606670E+02 -0.128309663121087E+02 -0.128602683070439E+01
%  0.953524076267619E+01 -0.515128643325952E+01  0.194836799334338E+02
% -0.108157754135337E+02 -0.327503752864941E+01  0.123702486321749E+02
% -0.559540607158767E+01  0.618709366780311E+01 -0.354029322454389E+01
% -0.233982895950234E+02 -0.344273323853546E+02 -0.266124257287609E+02
% -0.121437660900615E+02  0.877567588085999E+01  0.149295977966225E+00
%  0.150671650592176E+02  0.990828061892945E+00  0.147888188800119E+01
% -0.935335759667432E+01 -0.368326267560020E+01 -0.756999119088198E+01
%  0.326988970042384E+00 -0.111329233105894E+02  0.335233961287659E+01
% -0.277968824522646E+00 -0.914924478945650E+01 -0.243064620427604E+01
% -0.558774020111952E+01  0.203332177853218E+01 -0.623298020501360E+02
%  0.685460026134614E+01  0.900242557422451E+01  0.568661729955525E+00
% -0.857739607394751E+01 -0.331865776556729E+00 -0.378406203175164E+01
%  0.703648046387583E+01 -0.544145641418381E+01  0.358163276055133E+01
%  0.403680680628317E+01 -0.842777192915934E+02 -0.233496060158740E+02
%  0.175834383891080E+00  0.100114293286865E+02 -0.406736575774802E+00
%  0.369540802784507E+02  0.208247096862520E+01 -0.385521872316704E+02
% -0.311222681299276E+01  0.470230730925866E+01  0.174284780227849E+01
% -0.641497298208755E+01  0.138451977452569E+02  0.634177074352802E+01
% -0.382826894919794E+00  0.618092754856423E+02  0.219058248034435E+02
%  0.113681700303853E+02 -0.215151610996168E+02  0.346221002654589E+01
% -0.498641173839576E+01  0.100065244063124E+02 -0.847785132590546E+01
%  0.182551171545161E+02  0.772440450790149E+01  0.545780779391690E+01
% -0.131316992670634E+02 -0.210685230923706E+02 -0.176982347497260E+02
% -0.262260351214063E+02  0.274246416843992E+02  0.166940169468096E+02
% -0.241171960475657E+01 -0.893162815244955E+01  0.868957957375032E+01
% -0.271801005460600E+02  0.494146307247085E+01  0.934227445313786E+01
%  0.264426046033544E+01  0.358307223530433E+02 -0.434659164563024E+01
%  0.240870780480938E+02  0.306840763492570E+02  0.491110099765787E+02
% -0.215147497589528E+01  0.321882416396132E+01  0.751553237413686E+00
%  0.397301674932968E+01 -0.784578685569152E+01 -0.321786127036405E+01
%  0.609841730925713E+01 -0.384866333381265E+02  0.380255042840800E+02
%  0.559165236447809E+01 -0.203811075226319E+01 -0.366936125050705E+01
%  0.184623975545116E+01 -0.288689493728423E+02 -0.707418249853967E+01
% -0.153643897828888E+02  0.479316826977620E+01  0.199587225254578E+01
% -0.117561450325460E+02  0.426724190333789E+01 -0.928778785164524E+01
%  0.169045667919480E+01 -0.590296990362000E+01  0.903162001373392E+01
% -0.122910625904304E+02 -0.103793998444233E+01  0.834331181342992E+00
% -0.286136611693185E+01 -0.352420400111335E+01 -0.481566287936750E+01
%  0.127282951524822E+00 -0.434965715202139E+01 -0.716136723741604E+01
% -0.427418626787842E+01  0.375055982678043E+01  0.741728292810307E+01
% -0.306013687806092E+02 -0.232187316452883E+02 -0.425632797573293E+01
%  0.572786678256050E+01 -0.764549830170070E+00  0.970762323533976E+00
% -0.368487921983564E+02 -0.412506545173961E+01 -0.278132698222235E+01
% -0.565272964649105E+01  0.290013476253442E+02  0.708251174385196E+01
%  0.172484691967974E+02 -0.380127896553163E+02  0.594599838455528E+01
% -0.367101531236142E+02  0.377103978130075E+02 -0.228781819348022E+02
% -0.103586597925542E+03  0.299843950503812E+02  0.114033115031931E+03
%  0.454355890478553E+01  0.366536344050667E+01 -0.672160643136069E+01
%  0.474976336632159E+01  0.679431409751469E+01  0.300882690353996E+01
%  0.319740213711151E+02  0.380689566860463E+01 -0.137428900601979E+01
% -0.153690742648013E+01 -0.148125360286033E+02  0.483308728480436E+01
%  0.247722154321420E+02  0.428427540434099E+02 -0.908681710449968E+02
% -0.161060562614531E+00  0.200541531062152E+01  0.248681218167636E+01
% -0.195400546298360E+02  0.275421384010729E+02 -0.262811624974805E+02
% -0.569451165214202E+01  0.818730381676154E+01  0.134692462331667E+01
%  0.272007981312152E+02  0.263936433907907E+02  0.526876217514629E+01
% -0.162371693734054E+01  0.374474098846103E+01 -0.128736431490665E+01
%  0.705842028960301E+01  0.277776870770211E+01  0.108816356650607E+02
%  0.146226843203299E+01 -0.129979727142381E+01  0.104048823294253E+01
% -0.176168702768306E+02 -0.811413444577113E+01 -0.310144762666440E+01
% -0.163030913532378E+02  0.309012558106954E+02 -0.700106137441897E+01
% -0.536279999344870E+01 -0.567837499714057E+01 -0.843327775300078E+01
%  0.717097470639366E+01 -0.906224230326247E+01 -0.894955091119887E+01
% -0.227110037553254E+02  0.934088795532898E+01 -0.394928398290156E+01
%  0.111697571746316E+02  0.232852110406149E+02  0.250500761388562E+02
%  0.111671862385300E+02  0.141162045460200E+02  0.115478428614167E+02
%  0.141084922170937E+02 -0.290642819384091E+02 -0.202680471239656E+02
% -0.744949209205679E-01 -0.512650833716371E+01 -0.141894358043979E+02
% -0.383446781668970E+01 -0.708448284191282E+01  0.449199832216821E+01
%  0.181272503787718E+01 -0.421268364464563E+01 -0.200495145927287E+02
%  0.967485249893869E+01  0.494354460607959E+01 -0.166092617842607E+02
%  0.310109107994904E+01  0.673989546910016E+01  0.576332302813397E+01
%  0.101342719488255E+01  0.202723321022355E+01 -0.781646090176923E+01
% -0.338437362382051E+01  0.118345691714211E+01  0.146742193095121E+01
% -0.360323841532869E+02 -0.316012091169195E+02  0.237855851513373E+02
% -0.963353806106240E+01 -0.979078710010421E+01  0.446512014915703E+01
%  0.444402182357772E+01  0.249599032080348E+01  0.679334228057225E+01
%  0.351235379505185E+02 -0.168776048793677E+02  0.569642884739362E+02
%  0.224879736357098E+02  0.666294647811247E+01 -0.125377500464605E+02
%  0.251698951675578E+01  0.838663224174954E+01  0.255705902773093E+02
% -0.219709799545137E+02  0.115022686247861E+02  0.295459582316357E+01
%  0.336742203962603E+02 -0.324778783375435E+02  0.269937505029072E+02
% -0.807676202469544E+01  0.990345872089504E+01 -0.539598300436740E+01
%  0.190998497826174E+02  0.614939382818771E+01 -0.145974687715274E+02
%  0.442718463797430E+01 -0.421382302652313E+01 -0.418950486600396E+01
%  0.149930954964037E+01 -0.282426091238460E+01 -0.390243371899655E+01
%  0.430537626563042E+01  0.319861529015661E+01 -0.805053561758953E+00
%  0.386705660530359E+01 -0.178505411329800E+02  0.677910032795658E+01
%  0.551385750689390E+01  0.214022111834968E+01 -0.116114643976236E+02
% -0.687731814033298E+01 -0.278534637341925E+01 -0.391035109345091E+01
% -0.658644454870575E+01 -0.272519831565239E+00  0.728959960403591E+00
% -0.226975763544523E+01  0.881672037096784E+01 -0.334251484908646E+01
%  0.117132182670545E+02 -0.301948971186860E+02  0.234674377856899E+02
% -0.382378832719448E+01  0.566200077100701E+01  0.247027562379741E+02
% -0.213658150580913E+01  0.111458415042245E+01 -0.167032779057165E+01
% -0.707475438112335E+01  0.335096716109535E+01 -0.733045796225068E+01
%  0.109323977429321E+02  0.137801652568648E+02  0.101870720566782E+01
% -0.136591483449898E+02  0.209879425631172E+02 -0.896398812002157E+01
% -0.177387227381825E+01  0.205596986060372E+00  0.354213155077744E+01
%  0.216079225127314E+02 -0.745439997238527E+01  0.296130394439809E+02
%  0.684292206205880E+01  0.203171787155245E+02  0.184652877923614E+02
% -0.626587793690984E+01 -0.244513846887814E+01  0.181335619307036E+01
% -0.734545026539039E+01 -0.116991565021688E+02  0.379323007722329E+01
% -0.115165125887001E+02  0.111602674584825E+02 -0.746038480211731E+01
%  0.129094889365447E+02  0.104742722106566E+01  0.102893061894191E+02
%  0.128760775640948E+01  0.174123043389160E+00 -0.676350061148599E+00
% -0.105837214101746E+02 -0.227766468603670E+02 -0.158473239561696E+02
% -0.236073467241241E+01 -0.109182318844868E+01  0.315934989432130E+01
% -0.201658671516501E+02 -0.291889197833215E+02 -0.495540032185404E+02
%  0.278623908793357E+02 -0.204368952966387E+01  0.451554183684473E+01
% -0.477237568824587E+02  0.244053884356695E+02 -0.348819842355534E+02
%  0.158537065488715E+02  0.102276766581644E+01 -0.124710764110959E+02
%  0.111948872965790E+01  0.851266285355609E+01 -0.212093305851479E+02
% -0.314391362768317E+01  0.802382356435822E+00  0.573796891585738E+01
% -0.413001281574466E+02  0.991242674338890E+01  0.188171597713342E+02
%  0.103906523140983E+02 -0.166348864777803E+01 -0.854905653816370E+01
% -0.384401501914485E+02 -0.727317450933363E-01 -0.174712485753217E+01
%  0.358004521679057E+01 -0.161105253324920E+02  0.115272387121004E+01
%  0.295471386891989E+02  0.124025145956402E+02 -0.180696082308973E+02
% -0.152228307065204E+01  0.223480082923534E+01  0.784921014339954E+00
%  0.161300062022137E+02 -0.153060606992618E+02  0.202284940077825E+00
%  0.337323767282552E+01  0.318869665257754E+01  0.338763026108483E+01
%  0.607887330643084E+01 -0.691694104299686E+01  0.125483390622388E+02
% -0.551650162826551E+01  0.679280558272066E+01 -0.830143731666939E+01
%  0.263780893347164E+01  0.184529652919609E+02  0.119590591566829E+00
%  0.182079994594506E+01 -0.484646946410165E+02 -0.882805902544532E+01
% -0.104050221512947E+02 -0.186246639939499E+02  0.286187651746059E+00
%  0.278057664793492E+02  0.329795313900761E+02  0.184703228706087E+02
% -0.182046895866074E+01 -0.231171454559409E+01  0.155494067491932E+02
% -0.286080493438301E+01 -0.206496752407181E+01 -0.974360449822266E+01
% -0.280829220897524E+00 -0.244852096816687E+01 -0.814371263017323E+01
% -0.915091451479846E+01  0.511892310674868E+02  0.281979219449043E+02
%  0.305053023015297E+02  0.208260926639246E+02  0.532880568000839E+02
% -0.949862028431504E+01  0.128414308183343E+02 -0.971198090737181E+00
%  0.141871066489278E+01 -0.169950455978976E+00  0.487376567556639E-01
%  0.469546392068773E+01  0.132055724168539E+02 -0.463241204452626E+01
%  0.311897923807186E+02  0.145840591665792E+02  0.168817684568106E+02
%  0.377865412201083E+01  0.445841239895196E+01  0.420105375791224E+01
% -0.296001561814979E+02  0.134760195421641E+02  0.250411527025934E+02
%  0.108173219605770E+02 -0.729513630763998E+01  0.349918001697352E+01
% -0.210531734510605E+02  0.495231439658223E+02 -0.303245369929869E+02
% -0.709749840429772E+01  0.360060605415593E+01 -0.232218987894014E+01
%  0.237478207602379E+02 -0.272780861135228E+02  0.233984532773477E+01
%  0.191698132083843E+01  0.573914960048111E+01  0.247470454216894E+01
% -0.807424962907654E+00  0.687133680990721E+01  0.152363103191538E+01
% -0.436392633234047E+02  0.610643622895779E+02  0.469561260963068E+02
% -0.441715668824015E+01  0.130355981918692E+02 -0.778302371775222E+01
%  0.291364343585751E+02 -0.104548821279050E+01  0.537915392897487E+02
% -0.808524636965735E+01  0.332140183479413E+01 -0.808813443366611E+01
%  0.352306219008385E+02  0.318269239177057E+02 -0.802022437333044E+01
% -0.424143414949841E+01 -0.155349547522164E+02  0.701687636815900E+01
%  0.819607142099877E+00  0.425375703624029E+01 -0.137052813113219E+01
%  0.419272617310390E+01  0.254310121195493E+02 -0.245414794373117E+02
%  0.165553668184909E+02  0.117559044979719E+03 -0.953209049520458E+02
% -0.930405491867264E+01 -0.175921853137295E+01  0.952923305917998E+00
% -0.105357941270203E+01 -0.183049687872080E+01 -0.474634298035947E+01
%  0.783479083725206E+01 -0.929319782764983E+01  0.333512191256476E+01
% -0.339396826362254E+02  0.112086469239825E+02  0.514724563373703E+01
% -0.584526086967291E+01 -0.353446834259746E+01 -0.164144441643513E+02
% -0.403006768246836E+01 -0.176614486326355E+02  0.153036649693351E+02
%  0.452518690650916E+01  0.754977862554278E+01  0.353724994347605E-01
% -0.188617187914188E+02  0.165090427301036E+02  0.371460926597022E+02
% -0.831727368132915E+01 -0.651362064221498E+01 -0.100613557392716E+01
%  0.267030455048634E+01 -0.217216452517426E+01  0.194591522082261E+01
%  0.688805056197894E+01 -0.597541643174615E+01 -0.144860633723802E+02
% -0.657592804706495E+01  0.802975235777497E+01 -0.989781894183057E+01
% -0.750770145569953E+01  0.204044786230280E+01 -0.948801836125706E+01
% -0.127717368863302E+02 -0.169683136627725E+02 -0.138582002768338E+02
%  0.365901654623756E+01  0.250755064735634E+01 -0.474468236953240E+01
%  0.616515778578469E+01 -0.436692358161127E+02  0.114765370160188E+02
%  0.257185426802561E+01  0.943361232338885E+01  0.177009543811608E+02
%  0.171007616284951E+01  0.205590409562607E+01  0.231971907726483E+01
%  0.109911966396706E+01 -0.840835047926729E+01  0.906422362648807E+01
% -0.153859085447949E+02  0.203182798737592E+02  0.413262639444223E+01
%  0.669251702433699E+01 -0.118720413002835E+02 -0.102313436192051E+02
%  0.421377575296263E+02 -0.268176674624126E+02 -0.474223467707072E+02
%  0.238504866426955E+02  0.554604117086939E+01  0.290646344350059E+02
% -0.367814577848608E+00  0.315491804821951E+02 -0.145580378627301E+02
% -0.249511030667585E+02 -0.127049544342664E+03  0.967923968730085E+02
% -0.417121865900034E+01 -0.407738001056779E+00  0.621598224354397E+01
% -0.123826326030931E+01 -0.236620922883591E+01 -0.199252632520673E+01
%  0.136256979755298E+02  0.318456509978889E+01  0.999559660051460E+01
% -0.260947677049562E+01 -0.814868495224870E+01  0.128379407051826E+02
%  0.144931696531268E+02 -0.102533669699704E+02 -0.429477427009249E+01
%  0.222603101802501E+02 -0.626252340120417E+02 -0.176736108335277E+02
% -0.752555303011288E+00 -0.260287764443021E+01 -0.567933843506056E+01
% -0.100372040032336E+02  0.172837889300626E+02 -0.258607433609133E+02
% -0.354700423136798E+01  0.595590228805609E+01  0.438166278083408E+01
% -0.595502512933685E+02 -0.238824616496134E+02  0.377078465312276E+02
% -0.395973456930180E+02  0.349370394809222E+02 -0.556621552473406E+02
% -0.120999631511792E+02 -0.736732778784782E+01  0.109342895351887E+02
% -0.303004826345572E+01 -0.941332506282375E+00 -0.231852445997451E+01
% -0.370805902432280E+01  0.201838834983866E+02 -0.124862695550962E+02
% -0.287296048529816E+01 -0.867016150169824E+01  0.159870014765838E+01
% -0.119426091813816E+02 -0.127589180754480E+02 -0.247457018524445E+02
%  0.225116839030885E+01 -0.468533374970948E+00  0.204045425486676E+01
%  0.392595194888534E+02 -0.139403002428432E+02 -0.289399452661641E+02
%  0.105818357072770E+01 -0.983033918831788E+01 -0.233851801855684E+02
%  0.851716382541871E+00  0.597902909576026E+01  0.161001950381764E+01
% -0.844649404081424E+01 -0.922432605359686E+01 -0.166010456783479E+01
% -0.315798977240513E+01 -0.337723483029789E+01 -0.330702284562612E+01
%  0.570543493104108E+02 -0.210089982700326E+02  0.234496549043168E+02
%  0.324320351128844E+00 -0.120908114687754E+02  0.430492504272127E+01
