% T    256  0.715122828077254E+01  0.715122828077254E+01  0.715122828077254E+01
  -0.519796503299860E+00 -0.351751693673781E+01  0.337306409742873E+01
   0.185195885556867E+01 -0.170682557229009E+00  0.228080463693450E+01
   0.173399891090578E+01  0.322157281230497E+01 -0.144637892767034E+01
   0.115844418639030E+01  0.315979137447709E+01 -0.329659751185669E+01
   0.130233828321303E+01 -0.108913673379026E+01  0.150861104408910E+01
   0.284992319851120E+01 -0.337474665079230E+00  0.295741972839184E+00
  -0.137879453710516E+01 -0.163634074484736E+01  0.459589764757597E+00
  -0.238757002682426E+01 -0.324863566490500E+01  0.316045376522171E+01
  -0.257875994873763E+01 -0.501628268247468E+00 -0.332289882239326E+01
  -0.170250753288590E+01  0.671285663399582E+00 -0.235180243104927E+01
  -0.356228346840497E+01  0.920590794150753E+00  0.200625343667413E+01
  -0.290484436846410E+01 -0.346812184082182E+01 -0.709200705959718E+00
   0.163015784000327E-01  0.290320938022372E+01  0.103524277985847E+01
   0.617450886330159E+00 -0.612784087752522E+00 -0.102726897723587E+01
  -0.703690093341045E+00  0.286817425981362E+00  0.182091993090014E+01
   0.117040056592610E+01  0.128737972156656E+01  0.137216165340015E+01
   0.397237892356877E-01  0.275162893965150E+01  0.432848791660845E-01
   0.121985828861136E+01  0.214313040020160E+01 -0.333699013099397E+01
   0.323142366959219E+01 -0.138544815218766E+01  0.140339496502177E+01
  -0.174017102865680E+01  0.311739835317733E+01 -0.889336990425854E+00
   0.191832061762989E+01  0.258621555769523E+01 -0.264748505852133E+01
   0.334006612237757E+01 -0.853332227688532E-01 -0.110611355879528E+01
   0.355596312538072E+01  0.196816055462378E+01 -0.246590416211855E+00
   0.561369982406919E+00 -0.279702162634424E+01  0.131194688003498E+01
  -0.147005220426246E+00  0.188529557394714E+01 -0.136281476484682E+01
   0.175812979876505E+01  0.311580630742520E+01  0.123104746345000E+01
  -0.241940713828752E+01 -0.286813166858752E+01 -0.237661456318269E+01
   0.352831436364940E+01  0.798248313060996E+00 -0.161397627858219E+01
  -0.439008089985600E+00 -0.303155285444301E+01  0.603036631336554E+00
   0.143661452437169E+01  0.113233105263518E+01 -0.298630134793975E+01
   0.833946984498796E+00 -0.701504511357716E+00 -0.301840173038264E+01
  -0.221770292777548E-01  0.291196149280516E+01  0.249832473811088E+01
   0.233621050783111E+01  0.149516715522242E+01  0.169401373688221E+01
  -0.207667232104324E+01  0.928839974034986E+00  0.338053765488430E+01
   0.223398513628549E+01 -0.148037647734783E+01  0.189499925984430E+01
   0.106616927684809E+01  0.602664773330156E+00  0.222486747904319E+01
   0.206908000544051E+01 -0.244141070954724E+01  0.201121286861098E+01
   0.205745719037681E+01  0.261076753289430E+01  0.214064589320688E+01
   0.112880031007024E+01  0.146854918266163E+00 -0.261779000292988E+01
  -0.736016880986685E+00  0.276235990413155E+01 -0.307528756657058E+01
   0.157880548578348E+01 -0.233733188633777E+01  0.663043886221640E+00
   0.828761770632183E+00  0.297345662956573E+01  0.169797574964609E+01
  -0.334634538008445E+01 -0.101102079721589E+01  0.341352338775000E+01
  -0.182794392214266E+00 -0.722501729353923E+00 -0.196065059441721E+01
  -0.392416154080781E+00 -0.271259374880820E+01 -0.436912517977925E+00
   0.323612738995943E+01 -0.228879692592001E+01  0.190159808279863E+01
   0.213691210329234E+01  0.724370600136674E+00  0.536237477325192E+00
   0.272414517711028E+01  0.804396986700263E+00 -0.116069966815963E+01
   0.306742335445644E+01 -0.169561865431037E+01 -0.611683896135427E+00
  -0.213072619014001E+01 -0.178672207077399E+01 -0.521417007775124E+00
  -0.660588438608260E+00  0.997227102058820E+00 -0.242900864118526E+01
   0.267512109032357E+01 -0.258884677529427E+01 -0.193959140581048E+01
   0.250890471344472E+01  0.326677934798613E+01 -0.336918814489875E+01
  -0.252945817942418E+01  0.122307333316133E+00 -0.958225355901532E+00
  -0.296374717565661E+01 -0.257929719525420E+01  0.310055120814610E+00
   0.757830387955388E+00  0.244719867231776E+01  0.290286403651076E+01
  -0.358336119919751E+00 -0.316147272520349E+00 -0.615009502872122E+00
  -0.164089935870044E+01  0.340686421543660E+01  0.945461980386242E+00
  -0.641813005587964E+00 -0.244765111007602E+01 -0.257126717805670E+01
  -0.114716241665875E+01  0.235338112029543E+01  0.316368277919177E+01
  -0.233848475301926E+01  0.175548131763711E+01 -0.265231346160382E+01
  -0.149366738953947E+01 -0.279212196491052E+01  0.176438718116169E+01
   0.243451864178885E+01 -0.221396860612571E+01  0.205526620045610E+00
   0.258655827973486E+01  0.585481340748906E+00 -0.351688525654861E+01
   0.244948596963996E+01  0.430868375892483E+00  0.150212030354383E+01
  -0.554700642122832E+00  0.155632258679412E+01  0.349742932225614E+01
   0.182097519761667E+01 -0.123606251426261E+01  0.255190734883570E+00
   0.152428448682266E+01  0.138453847889273E+01 -0.389066040454945E+00
   0.197009213217074E+01 -0.213441542725536E+01 -0.648623221043430E+00
   0.273805875055988E+01 -0.187991862394712E+00 -0.188219737032387E+01
  -0.731939959081940E+00  0.335560157766597E+00 -0.154533238133249E+01
  -0.955373089341188E+00  0.225879727088010E+01 -0.213366463595877E+01
  -0.202890501437321E+01 -0.154202858607620E+01 -0.347205752412011E+01
   0.296994985722614E-01  0.180860568277100E+01 -0.271099301341789E+01
   0.158957003553112E+01  0.761477647696594E+00 -0.169575461558110E+01
  -0.104742416608559E+01 -0.297825881176348E+01 -0.196040079659639E+01
   0.805354716318277E+00  0.860312593515591E-01  0.313227836625130E+00
  -0.150242913548947E+01  0.170037497364713E+01 -0.307072069108624E+01
  -0.296890504686986E+01  0.121622121424201E+01  0.340484724584119E+01
  -0.244188709395593E+01 -0.206800662648269E+01  0.110205828929499E+01
   0.239406732481294E+01  0.250915491724029E+01  0.759148168187310E+00
   0.796746454155799E+00  0.158758930583207E+01 -0.132906400469257E+01
  -0.289040544693187E+01 -0.346454975232124E+01 -0.308980545773039E+01
   0.337114410014458E+01 -0.293363392722476E+01 -0.574218645093792E+00
  -0.256597082596041E+01 -0.191716543290234E+01 -0.236542452735058E+01
  -0.301202044536333E+01 -0.255047424455003E+01 -0.105080933722791E+01
  -0.274529428485339E+01  0.123895097138543E+01  0.410915302806111E-01
   0.332134491535524E+01 -0.202356307051494E+01  0.312731574942049E+01
   0.257592241082020E+01  0.198566591074346E+01  0.301182668329854E+01
  -0.353611160631884E+01  0.263840418395175E+00  0.769355708591097E+00
   0.737706390753821E+00  0.197647106126536E+01  0.297607546536083E+00
  -0.652423250769935E+00  0.105485835081948E+01  0.100648707287574E+01
   0.726125528990285E+00 -0.337434431907922E+01 -0.143013613648506E+01
  -0.330101135478549E+01  0.320807122524459E+01  0.112420694625735E+01
   0.187178432339201E+00 -0.187334560276696E+01  0.321692341833885E+01
  -0.265074317235936E+00 -0.879256654147248E+00  0.128253064135168E+01
   0.243724571240672E+01  0.259771744144864E+01 -0.123597413364068E+01
   0.341485632841391E+01 -0.330063413741787E+01 -0.236142700247555E+01
   0.324159882522610E+00  0.319549970277071E+00  0.122778956371002E+01
  -0.738386608389630E+00  0.672563356081368E+00 -0.249918544452645E+00
  -0.214627120537425E+01  0.291331456037890E+01  0.226825659020107E+01
   0.780772066843937E+00 -0.233219220344298E+01 -0.297900173295326E+01
   0.152915232089961E+00  0.265068498565130E+01 -0.351944970657300E+01
   0.466218176505762E+00 -0.241164665698577E+01  0.247066636133916E+01
   0.123727535900761E+00 -0.338835493150729E+01 -0.261689932203319E+01
  -0.347497710572344E+01  0.121557764683078E+01 -0.704823401843977E+00
  -0.153493473478430E+01 -0.232525809872156E+01 -0.298671329593996E+01
   0.274553555738842E+01  0.358046975365160E+00  0.253171656330378E+01
  -0.352868489750057E+01 -0.139139111744887E+01  0.231476247515386E+01
  -0.764444922288491E+00  0.328918785783328E+01 -0.215492385205647E+01
   0.110691403700511E+01  0.448276645833643E+00 -0.695922669437067E+00
  -0.299856018669232E+01  0.271334449971927E+01 -0.870595209390889E+00
  -0.229219220649807E+01 -0.780237710785810E+00 -0.102616284000607E+01
  -0.261543139105148E+01 -0.206340178262011E+00 -0.906228686224942E-01
   0.200431355356505E+00  0.982874707818616E+00  0.179205837263322E+00
  -0.317610466979996E+01 -0.123108586029288E+01 -0.278064984197162E+01
  -0.272409871195579E+01 -0.228197918097133E+01  0.323076765051721E+01
  -0.188915449594260E+01 -0.665957488413792E+00  0.294031107637952E+01
  -0.352578562455936E+01 -0.305817980278156E+01  0.278989963763198E+01
  -0.203305038371474E+01  0.233954835388680E+01 -0.371981128747494E+00
   0.348388571511638E+01 -0.223119616044446E+01  0.890094905068007E+00
  -0.455829335265541E+00 -0.227198134595905E+01 -0.156609355885027E+01
   0.250199620129661E+01 -0.327193928709073E+01 -0.114353033873037E+01
   0.108228836596426E+01 -0.985938114460555E+00  0.302511862266589E+01
  -0.319109711795473E+01 -0.276599711414579E+00 -0.216911104658392E+01
   0.163280502077313E+01 -0.300388132179402E+01 -0.194583709129254E+01
  -0.272114659684777E+01  0.253959041099022E+01 -0.187458393362800E+01
  -0.216812857818694E+01 -0.885421759289707E+00  0.740836062508079E+00
   0.273768584554692E+01 -0.110909212932084E+01  0.253166026218435E+01
  -0.124047052414739E+01 -0.492359573271288E+00 -0.110514455691937E+01
  -0.354308835992220E+01  0.691672566554328E+00 -0.290325075545347E+01
  -0.168028965046961E+01 -0.162000488424073E+01  0.156477563513146E+01
  -0.171755698078304E+01  0.342852424442890E+00 -0.102804563645429E+00
  -0.277773325631548E+01 -0.444288224598693E+00  0.261389380555474E+01
  -0.347811032111518E+01  0.313582560736439E+01  0.219959011136367E+01
   0.224658246140605E+01  0.461261302329382E+00 -0.420253416361582E+00
   0.229352965992506E+01 -0.776190716955988E+00  0.988992691465249E+00
  -0.124794337642008E+01  0.443457565979345E+00 -0.336250968873343E+01
   0.136707952396213E+01 -0.183114007143825E+01  0.243257227460788E+01
  -0.277471758593355E+01 -0.302788850431113E+01  0.165673083557279E+01
  -0.138028773114648E+01 -0.134356209172778E+01 -0.239296141272303E+01
  -0.255486897894350E+01 -0.142084884990753E+01  0.246017529590032E+01
   0.153236190111130E+01 -0.114936130158791E+01 -0.149921127005616E+01
  -0.951365441373837E+00 -0.341443384291983E+01  0.240209039188299E+01
   0.761337587791402E+00 -0.257136013823017E+01 -0.101611745615827E+00
  -0.218172803832384E+01 -0.412474123857552E+00  0.171126208105165E+01
   0.714716236123822E+00  0.357827691791142E+01  0.281349585678692E+01
   0.513096925656927E+00 -0.159001714696445E+01  0.184597028560270E+01
   0.330342297324217E+01  0.275237170291233E+01  0.465403723565043E+00
  -0.179919780533222E+01 -0.209487132253421E+01 -0.163975826792870E+01
   0.173141084025087E+01 -0.116926521341943E+01 -0.334266943103997E+01
   0.135941503133404E+00  0.181153250820890E+01 -0.330935743677527E+00
  -0.806265544475073E-01  0.866705773383091E-01 -0.282331802704055E+01
   0.174149994110209E+01 -0.333269337942068E+01  0.277200572954573E+01
   0.248623647280018E+01  0.317541187960315E+01 -0.319328959117633E+00
   0.261434296858302E+01  0.171216085803230E+01 -0.506512072953437E+00
  -0.547962599822655E+00  0.266005085796010E+01 -0.814100897855292E+00
   0.297395451029631E+01 -0.143336416406839E+01  0.437840456516192E+00
   0.192229527406499E-01  0.854314958961749E+00 -0.949336296704865E+00
   0.760960841301680E+00 -0.227835585455244E+01 -0.113631151451509E+01
  -0.138525318529873E+01  0.180657517233305E+01  0.246524371135003E+00
   0.173170993319800E+01 -0.167970850523185E+00 -0.114429155681000E+01
  -0.115405624843312E+01 -0.131653299455423E+01  0.325497439348496E+01
   0.139286389121309E+01 -0.153840870910059E+00  0.130425812382841E+01
  -0.267584407000363E-01  0.103082625801455E+01  0.205111955460153E+01
  -0.264205842813469E+01  0.645572392584620E+00 -0.234174858788346E+01
   0.378411822222845E+00 -0.179206607939691E+00  0.342315882858435E+01
   0.152834309025326E+01 -0.234449987570698E+01  0.341626401487401E+01
  -0.121456762929181E+01 -0.455524331526747E+00 -0.292664216848280E+01
  -0.312990093338690E+01 -0.160464090527256E+01 -0.384091230261592E+00
  -0.219088157602150E+01  0.158046067829227E+01 -0.171562504173810E+01
   0.293014628216209E+01 -0.433347037281785E+00  0.327472235670470E+01
  -0.190324644824277E+01 -0.238666355552614E+01  0.113254522331643E+00
  -0.127949319766508E+01 -0.480693251036876E+00  0.673797885922286E+00
  -0.204257658746407E+01  0.337828542492940E+01  0.684401036892615E-02
  -0.350423590461003E+01  0.232649981975071E+00  0.308118715699566E+01
  -0.130986928374960E+01 -0.328805103121096E+01 -0.307570553649547E+01
   0.247153640976585E+00  0.353228273004447E+01 -0.590094028393467E+00
   0.196552421069569E+00 -0.174935590817098E+01  0.697970722348898E+00
   0.640503016589206E+00  0.287528008989267E+00 -0.171079265115486E+01
  -0.201952577328586E+01  0.238350201432764E+01  0.912192401747343E+00
   0.342882979951733E+01  0.318397625854591E+01 -0.160088503692429E+01
  -0.260716995009449E+01  0.120654505257514E+01  0.109788887850059E+01
  -0.228184370262302E+01 -0.224602207775523E+01  0.217366329207790E+01
   0.241338891110586E+01 -0.289061935249054E+01  0.351672830450393E+01
   0.184660765864930E+00  0.795527796046449E+00  0.324603064555297E+01
   0.409202192024801E+00 -0.247894741189135E+01 -0.208513501420054E+01
  -0.346645456999263E+01  0.294051288255829E+01 -0.258109101307302E+01
   0.138697863045432E+01  0.924065656924827E+00  0.324243980463665E+01
  -0.173399608439330E+01  0.388874141233723E+00  0.263658769371386E+01
   0.292584010988517E+01  0.232642396116916E+01 -0.322866487157389E+01
  -0.305264622848245E+00 -0.175351058974984E+00  0.474722625704125E+00
   0.289159445480490E+01  0.236202186096332E+01 -0.215949871829148E+01
   0.327265673740376E+01  0.124815330941819E+01  0.313606668311543E+00
  -0.107926566631115E+01 -0.185537521206757E+01 -0.521968863822445E+00
  -0.299927274120467E+01 -0.144770225996181E+01 -0.149893922814417E+01
  -0.469620895980650E+00 -0.158106106682568E+01 -0.299376943456505E+01
  -0.300017584734163E+01  0.198770430702654E+01  0.181820110819324E+01
  -0.194672141115039E+01  0.400570329604015E+00  0.107172048936476E+01
  -0.100984934622529E+01  0.134519517234418E+01 -0.162258916477697E+01
  -0.179740182579913E+01  0.269537972673531E+01 -0.253438388603271E+01
  -0.163842919045505E+01 -0.292672095971295E+01 -0.105232207691826E+01
   0.113010623826740E+00 -0.326129552552996E+01  0.200304329368066E+01
   0.396157485769179E+00  0.208986721250243E+01  0.146769300942188E+01
   0.261483192113291E+01 -0.661438979124329E+00 -0.676553327214373E+00
   0.298082041884754E+01 -0.320218403823988E+01  0.176835851740609E+01
  -0.315371809192182E+01  0.214644087309681E+01  0.308576200607944E+01
  -0.764710121127301E+00 -0.197192077812147E+01  0.247900594523699E+01
  -0.322288291447407E+01  0.161404791632620E+01 -0.232125226068305E+01
  -0.732575694318622E+00  0.704617877799430E+00  0.281276919476475E+01
   0.318088884282741E+01 -0.113698248937460E+01 -0.184819116675970E+01
  -0.256040739224557E+01  0.110242523573222E+01  0.248550253478249E+01
   0.317819350775380E+01 -0.398598403894143E+00  0.149654859677208E+01
   0.233929708218559E+01  0.799460331385199E+00 -0.261445085921524E+01
  -0.150751057875673E+01 -0.293932855480842E+00 -0.206749853159876E+01
  -0.298676348462638E+01 -0.100470562892782E+01  0.134604824575177E+01
   0.327654683943450E+01 -0.326978146986159E+01  0.684161918565451E+00
  -0.180411937346940E+01  0.942255141327313E+00 -0.951388113722175E+00
   0.310096086034863E+01  0.223815951252281E+01  0.139966832081842E+01
  -0.298016694238224E+01  0.227660201103709E+01 -0.314123403055894E+01
  -0.159375766761476E+01 -0.785360640269963E+00 -0.114031781103713E+00
   0.250920908331667E+01  0.357001525661459E+01 -0.212139511487105E+01
   0.195554083192958E+01 -0.325995229617534E+01  0.190665142988515E+00
  -0.662432264685478E+00 -0.339605174639642E+01 -0.119387172809049E+01
   0.106397983252313E+01  0.317700305410624E+01 -0.224213984584613E+01
   0.773884921638009E+00  0.164373679150253E+01  0.236219389871597E+01
  -0.202480024602926E+01  0.274783729647813E+01 -0.347243527801659E+01
   0.193285212449550E+01  0.281016721882559E+01  0.305915443867357E+01
   0.150364050876144E+01 -0.951564577578599E-01  0.332010394978449E+01
   0.198806136723029E+01 -0.651533620863016E+00 -0.238569512534478E+01
   0.606043804213399E+00 -0.944790887212434E+00  0.101271247762282E-01
   0.962258657175394E+00  0.337913233670594E+01  0.315324300835611E+00
   0.152868084142456E+01 -0.399309206064375E+00 -0.166212626783218E+00
   0.164127687794564E+00  0.280512886172705E+01 -0.209482588213494E+01
   0.326414074959580E+01 -0.552789370750361E+00 -0.285566489826716E+01
  -0.102264067058629E+01  0.314239409036502E+01 -0.332406783532804E-01
   0.153336546052363E+01 -0.308459670395781E+01 -0.776639341296416E+00
   0.597912778857544E+00 -0.262827441376591E+00  0.197239209685905E+01
  -0.129804884040627E+01 -0.255291190361412E+01  0.306651474311875E+01
   0.138745540395283E+01  0.239044423641173E+01 -0.319762608363097E+00
  -0.350518394841034E+01 -0.718494145662332E+00 -0.535807406892948E+00
  -0.353711850979181E+01 -0.210276379335738E+01 -0.232746918311187E+01
   0.187151119140874E+01 -0.181776418438564E+01 -0.221893986368588E+01
   0.239213594464077E+01  0.142686171285031E+01 -0.188657706593428E+01
  -0.121775676093866E+01  0.276905963128705E+01  0.195758693231284E+01
   0.275038131577508E+01  0.353251353325731E+01  0.273568502323833E+01
   0.187496869177627E+01 -0.337355346156384E+01 -0.290442217428787E+01
  -0.126874809200695E+01  0.207193589167868E+01 -0.103312252153703E+01
  -0.790283594868851E+00 -0.209432553924358E+00  0.318777743746788E+01
   0.265943605881058E+01 -0.157648472075984E+01 -0.324810374152935E+01
  -0.443530562614954E+00  0.199773440529620E+01  0.243893428097987E+01
  -0.351937270420447E+01  0.199657955166938E+01 -0.134366281868474E+01
  -0.159609537048272E+01  0.147233714961436E+01  0.202583708217442E+01
  -0.125473776647079E+01 -0.716011964024450E+00  0.193373646451864E+01
  -0.265431575821361E+01 -0.356257982755992E+01 -0.175610160588190E+01
   0.780975310756939E+00  0.278258476828070E+01 -0.123930580330930E+01
%  0.124919405395332E+01 -0.192684033062515E+01  0.349868662266229E+01
%  0.120393105923170E+01  0.411842521159864E+00 -0.111222207611538E+01
%  0.565395876125770E+00  0.140205251239460E+01 -0.142822372605971E+01
%  0.847560010757574E+00 -0.730238943555589E+00 -0.107227960389686E+01
%  0.631522852029174E+00 -0.135137704823973E+01  0.174415865395752E+01
%  0.397914774139244E+01 -0.608321007625370E+00 -0.178392028440469E+01
% -0.314026548612092E+01  0.590633053455761E+00  0.116982031419534E+01
%  0.117267232737229E+01 -0.947386542341015E+00 -0.149523007873101E+01
%  0.143169682977739E+01  0.354457939622809E+00 -0.266527734875230E+00
%  0.130084189709114E+01 -0.616070888151575E+00 -0.160067617937714E+00
% -0.814870556091466E+00 -0.236029791455453E+01  0.302230209371617E+01
%  0.131888085137766E+01 -0.167179182451278E+00 -0.198590118764475E+01
%  0.217247584195605E+01 -0.138633724288073E+01  0.184459412807804E+01
% -0.166116346704958E+01  0.803047400313418E+00  0.242206811132293E+01
% -0.424999407010343E+00 -0.773611847632976E+00 -0.825806383274319E+00
% -0.136641964653911E+01  0.583899355507372E+00 -0.291112931479439E+00
%  0.397411115872227E+00 -0.161646578584794E+01  0.120051603254001E+01
% -0.192499228659619E+01 -0.739963116348932E+00  0.946036597851364E-01
% -0.182092340249601E+00 -0.240184590545166E+01  0.311043920204582E+01
% -0.102264256089176E+01  0.188620891987080E+01  0.138792079587485E+01
% -0.272309848620693E+01  0.168972510813632E+01  0.512038027983424E+00
% -0.234619133191503E+01 -0.228702405272623E+01  0.162591078297773E+01
%  0.370157321074032E+01 -0.195451543803080E+01 -0.160902418060824E+01
% -0.191755821275832E+01  0.131084273722418E+01 -0.111414114320121E+00
%  0.120886252344956E+01  0.313345427097115E+01  0.252347518428423E+01
%  0.608540320437797E+00  0.312899433185338E+00  0.120691832164159E+01
% -0.190553016333235E+01 -0.295682022377493E+01  0.888781842443326E+00
%  0.193500002759750E+00 -0.697480838124679E-02 -0.148610760198924E+00
%  0.520642297648397E+00 -0.382499405798056E+01 -0.583342399476540E+00
%  0.232167879509248E+01  0.259624838054088E+01 -0.602752122326704E+00
%  0.243363043928952E+00 -0.231746098244095E+01  0.374528330402460E+00
% -0.164367129234263E+01 -0.288603904740697E+00 -0.146245868096256E+00
%  0.167568777004757E+00 -0.161838281003628E+01  0.308551548453915E+00
%  0.419434339891759E+00 -0.243995007466572E+01  0.303804301626777E+00
%  0.207966009962145E+00  0.445728195129837E+01  0.145435757291889E+01
% -0.206906682717233E+01  0.270271808077159E+01 -0.819223674757704E+00
%  0.282851400869536E+00  0.765868992941644E+00 -0.103522779473390E+01
%  0.528133994105062E+00  0.109291993988654E+01  0.703145357869058E+00
%  0.121522962567543E+01  0.260277695063371E+01 -0.189331297449810E+00
% -0.173130237122934E+01 -0.440808619604128E+00  0.207477978619781E+00
%  0.933413261830095E-02  0.182220471962176E+01  0.131638037677325E+01
% -0.204143081148607E+01 -0.743043092494427E+00 -0.839237687078081E+00
% -0.797263389525526E+00  0.371823358367063E+00 -0.144997807929084E+01
%  0.104887096476367E+01 -0.476044701676277E+00 -0.363200234440203E+00
%  0.235774254577746E+00  0.163059465809895E+01 -0.191817241969426E+00
%  0.250236107363947E+00  0.283019944706533E+01  0.208464987248707E+01
% -0.441279536014309E+01 -0.903320139544724E+00  0.194082281061407E+00
% -0.147499355373947E+01  0.131440488755767E+01 -0.181956537376895E+01
% -0.624496669770397E+00 -0.190732452817767E-01  0.267509342213618E+01
%  0.148303871526376E+01 -0.144718668458003E+01  0.288529054938106E+00
% -0.192919010007059E+01  0.241773461353982E+01  0.571705302660848E-01
%  0.144207515698058E+00  0.426150644550760E+00  0.108606978755869E+01
%  0.176395447644464E+01 -0.131371696266861E+01  0.436891786613722E+00
% -0.159129757363780E+00  0.127730582655235E+01 -0.150472469751055E+01
% -0.321605899197763E+00 -0.119825224296690E+01  0.248525130716229E+01
%  0.104035028073663E+01  0.323484952396037E+00 -0.114880415644535E+01
% -0.984808078320704E+00  0.241168568340562E+01 -0.371914362566678E+00
%  0.373820650476803E+01  0.574694570049055E+00  0.139250180402096E+01
%  0.755149807221995E+00 -0.111743088241932E+01 -0.535146272629174E+00
%  0.100325083672540E+01 -0.228399497989293E+00  0.245640680353174E+01
% -0.819617549019775E-01 -0.233731688137019E+01 -0.295927346017264E+01
% -0.372253856403419E+01 -0.475581300326227E+00 -0.183720909479974E+01
%  0.632123827641480E+00  0.113571805150284E+01  0.184022915836474E+01
% -0.715859107338370E+00 -0.246653633648318E+01 -0.160442352442174E+00
% -0.108947788265967E+01  0.111620974448066E+00  0.116680534974317E+00
% -0.170148170232448E+01  0.247030104830058E-01  0.120962588938950E+01
% -0.739035230483567E+00 -0.621496102012554E+00  0.733650172282024E+00
% -0.118846213263257E+01  0.103984047470484E+01  0.322533893183217E+01
%  0.754240648005415E+00  0.737747944850031E+00 -0.493838318875948E+00
%  0.424290529480523E+01 -0.181387233926683E+00  0.534268032896648E+00
% -0.129827721380809E+01  0.145013587648760E+00 -0.290668792291201E+01
% -0.136353500041854E+01  0.230364823281455E+01  0.134465592871149E+01
%  0.363124097836335E+01  0.533309394563652E+00 -0.171796279592975E+01
% -0.907255097664640E+00 -0.354160604201519E+00  0.123371586796766E+01
% -0.147097028571744E+01  0.652133531346751E+00  0.134443433989922E+01
%  0.395812504285470E+01 -0.406265791601964E-01  0.113671491486253E+01
% -0.182282642211337E+01 -0.954298480429887E+00 -0.358136936259980E+01
% -0.203157501852656E+01 -0.246167610913138E+00 -0.232059426238074E+01
% -0.151154189200467E+00  0.762676838035147E+00  0.225965333546196E+00
%  0.876677055536122E+00  0.162150363054670E+01  0.227221562689555E+00
% -0.130236881460615E+01  0.149944499980128E+01  0.355555674822209E+01
% -0.138603660358479E+01 -0.686882529209571E+00 -0.647525114025698E+00
%  0.534382765918913E+00  0.474413594051155E+01 -0.149317008710592E+01
% -0.753733868873744E-01  0.808632350054707E+00  0.305413991717429E+00
%  0.633634065709690E+00 -0.148444149257318E+01  0.751184728508652E-01
%  0.322155788523983E-01 -0.221318461046786E+01  0.413993343348140E+00
% -0.107207626837242E+01  0.205550583941439E+01 -0.233519524663388E+01
% -0.344368698908759E+01  0.224898845472945E+01  0.222997993882717E+01
%  0.800686645667869E+00  0.428981983395305E+00 -0.976472450908060E+00
%  0.844829424483328E+00  0.265882670115447E+01 -0.361409679528472E+01
% -0.322051672291893E+00 -0.105640675710264E+01  0.976627853154812E+00
%  0.552733687898204E+00 -0.265384431496846E+01  0.246110529313027E+00
%  0.754208259543515E+00 -0.101348318009731E+01 -0.137847712206599E+01
% -0.261786903706699E-01 -0.753264829226360E+00 -0.368451874053784E+00
% -0.644636265208964E+00  0.178277334334797E+01  0.108123202867846E+01
%  0.207160274296486E+00  0.534023368785832E+01  0.299278972356562E+00
% -0.133419644396268E+00  0.114857757380844E+00 -0.241859014663435E+01
% -0.445522074327177E+00 -0.149536607080517E+01 -0.135093556075464E+01
% -0.148508344438524E+00  0.144316739297073E-01  0.202811475716928E+01
%  0.107732670327923E-01 -0.120010086023837E+01  0.707107257588930E-01
% -0.109032588414446E+01 -0.274760377764015E+01 -0.106726511967147E+01
%  0.654230480076491E+00  0.113266271748966E+01 -0.191383096067401E+01
% -0.104753235845892E+01  0.109494021600353E+01 -0.279765000799698E+00
% -0.248334219004142E+01 -0.608565064907393E+00  0.429939092001338E+00
%  0.354560234433082E+00  0.695691184403406E+00 -0.190208368004200E+01
% -0.263222888689809E+00 -0.240264035554248E+01 -0.528413099047267E+00
% -0.172897706309842E-01 -0.916072819092579E+00  0.116864884314238E+01
% -0.374721525738292E+00 -0.391513118132141E-01 -0.827960044653313E-01
% -0.248623014588326E+01  0.518187818427913E+00 -0.894327465205610E+00
% -0.196966587923840E+01  0.286198751506131E+00  0.264351762623600E+01
% -0.634980906906841E+00 -0.118627764807880E+01  0.145332260076576E+01
%  0.390200961072319E+00  0.618705886140957E-01 -0.319425467242412E+01
%  0.125733165006112E+00  0.138420078630882E+01 -0.163626280527133E+01
%  0.261855287440169E+01 -0.301210215424566E+01  0.342227493723890E+00
% -0.933604150722696E+00  0.440446945213327E+00 -0.100665266758971E+01
% -0.971752884162148E+00  0.678771632980308E+00 -0.178609276355981E+01
%  0.161616886413890E+01 -0.926678588325272E+00  0.128567156328351E+01
%  0.167924536579251E+01  0.845822143832679E+00  0.184775460916904E+01
%  0.126823856833417E+01  0.436261780134219E+00  0.112664516989506E+00
%  0.230215950239130E+00 -0.174513045841218E+01  0.211071183496623E+00
%  0.147001493209385E+01  0.881151721879651E-01  0.235948949199350E+01
%  0.191462355385311E+01  0.149869329112719E+01  0.568802700370955E+00
%  0.490862405607440E+00  0.453897782960351E+00 -0.163801319924479E+01
% -0.684670955894217E-02  0.128719522988995E+01 -0.773148249760069E+00
%  0.448037593918061E+00  0.175526738196206E+01 -0.158488608065276E+01
%  0.581635978282999E+00  0.404972466161607E+00  0.166354183067550E+01
%  0.230147799816979E+00  0.100258952409562E+01 -0.882204760581720E-02
% -0.116486316531115E+01 -0.296277187011751E+01  0.425203667584311E+00
% -0.768919463830975E+00 -0.838722141924291E-01  0.377876066751324E-01
%  0.219262921006728E+00 -0.277362972658005E+00 -0.147481379874563E+00
% -0.219853632668703E+01  0.142100505261592E+01  0.375284425621071E+01
%  0.138849302756253E+01 -0.167382294316968E+01  0.211325834094982E+01
%  0.900995416871736E+00 -0.700509007107715E+00  0.167996847990611E+00
%  0.103923684438445E+00  0.273865492439531E+00 -0.156522287443446E+01
%  0.117992699035099E+01  0.188487445279182E+01 -0.218932172289984E+00
% -0.168185109341587E+01 -0.147120929942772E+01  0.181668228896018E+01
%  0.598655498226588E+00 -0.263120849824773E+01  0.311739744948879E+00
%  0.170853927088709E+01 -0.675597431146353E+00  0.695420519240684E+00
%  0.113448185996788E+01 -0.135456755572916E+00 -0.252237584116340E+00
%  0.191394923626904E+01  0.198606028019896E+01  0.345211707409347E+01
% -0.183410119857164E+01 -0.686920688007959E+00  0.683475028307295E+00
% -0.212558378271730E+01  0.609798619618751E+00  0.319093578609528E+01
%  0.703289628836252E+00  0.934819395323689E-01 -0.429078360708855E+00
% -0.341711558709970E+00 -0.970606627826646E-02 -0.143177608428888E+01
% -0.167878923550682E+01  0.634623875481701E-01 -0.128803228904030E+01
%  0.312819378400526E+00 -0.119946458305207E+01  0.140056077486810E+01
% -0.144807560721798E+01  0.199180441189387E+01 -0.423126427956342E+00
%  0.361500140727424E+00  0.237975941372212E+01 -0.407319825157796E+01
% -0.168072828963742E+01 -0.101041002243438E+01  0.160588868060918E+01
%  0.112700211085977E+01  0.187047115214002E+01 -0.118052903748507E+01
% -0.656302714480020E+00  0.241283482367880E+01 -0.509373257471037E+00
% -0.181786907197553E+01 -0.812773443450896E+00 -0.365078201236244E+01
%  0.623127147965565E+00  0.500487198747147E-01  0.178451896141767E+01
%  0.395982463001529E+01 -0.643201768417274E+00  0.652378113337683E+00
% -0.180170641319148E+01  0.133884506108716E+01  0.733960880040651E+00
% -0.119044615516554E+01 -0.379364873396333E+00  0.149932958955473E+01
% -0.772503288734957E+00 -0.971489072569084E+00 -0.176648104738582E+01
% -0.362223312391696E+00  0.162306779537631E+01  0.907808539791151E+00
%  0.170213537299583E+01  0.408435452276927E+00 -0.390850602054120E+00
%  0.108050560824911E+01 -0.133889396005244E+01  0.266436491789991E+01
%  0.104606504713351E+01 -0.530198329995952E+00  0.205198132091343E+00
% -0.220674650709817E+00 -0.175839737203601E+00  0.177026474227380E+00
% -0.117406118614270E+01  0.153352490254949E+00  0.705335320361030E+00
%  0.105539950405874E+01  0.102547696888181E+01  0.198499980618119E+01
%  0.490876746777132E+00 -0.150774352811056E+01  0.316580772344441E+00
%  0.370965672110769E+01  0.191551547973143E+00  0.297333802182428E+00
% -0.161476093898653E+01 -0.136991523247499E+01  0.390944376168396E+01
% -0.352774997607083E+01  0.216464456659388E+01 -0.205594858357005E+01
%  0.172770404494632E+01 -0.522980103670792E+00 -0.470699101304501E+00
%  0.103518634063943E+01  0.353104253078275E+01 -0.265207634485924E+01
%  0.252172468170550E+00 -0.246024293054948E+00 -0.101927235547084E+01
% -0.294396954082566E+01 -0.109615738743894E+01  0.166779712515228E-01
% -0.708357135776403E-01 -0.351240570308803E+00  0.179255209783748E+01
%  0.181843599277946E+01 -0.228332043437429E+01 -0.191854556487597E+01
% -0.103724342607354E+01  0.132508043653641E+01  0.539376145640338E+00
% -0.228713621188589E+01  0.161085752743235E+00 -0.164409067560725E+01
%  0.225642473212497E+01 -0.168395202792481E+01 -0.852081792818042E-01
%  0.159774546943249E+01 -0.325899574303838E+00 -0.180316214271834E-01
%  0.167102975075456E+01  0.947110413780273E+00 -0.433034756440550E+00
%  0.233947174218619E+01  0.234933911491419E+00 -0.550688151734663E-01
% -0.123082306456616E+01  0.189802853030720E+01  0.547696673569088E+00
%  0.673762328975573E+00 -0.219471200193668E+01  0.186869867953654E+01
%  0.192161323732896E+00 -0.159346485960780E-01 -0.329723045150407E+00
%  0.193556998542573E+01 -0.223572653766626E+01 -0.113182492421569E+01
%  0.142049233371202E+00 -0.864129955162298E+00 -0.777684067653829E+00
%  0.113606370907578E+01 -0.195739356603991E+00 -0.136464828698316E+01
%  0.168200262087505E+01 -0.725481673263408E+00  0.772287732789724E+00
%  0.147051741784949E+01  0.181996708051569E+01 -0.443632066432828E+00
% -0.125951745514486E+01  0.144133408978567E+01 -0.138256350852931E+01
%  0.295606474687714E+01  0.200653893725431E+01  0.291737306457955E+00
% -0.416887254602224E+00 -0.152146665411098E+01 -0.608867919579489E+00
% -0.356384623177619E-01 -0.449120192465838E+00 -0.871284979244511E+00
% -0.213366664261607E+01 -0.168606141337053E+01  0.720522672128880E+00
% -0.264580894952916E+01  0.183615395599558E+01 -0.233917026982428E+01
%  0.101313043689139E+01  0.237269837011929E+01  0.550509531362956E+00
%  0.135739266489953E+00 -0.133976718916274E+01  0.419970612703647E+00
% -0.426571497692002E+01 -0.138944065296681E+01  0.145168135512102E+01
%  0.145874661599335E+01  0.146345454995966E+01 -0.126021148095995E+01
% -0.233291388792569E+01 -0.152790797903639E+01 -0.267198560227732E+01
% -0.437654654907928E+00 -0.982667504538532E-01 -0.888044707902505E-01
%  0.241546947019077E+01  0.343017230616059E+00  0.397282214993180E+00
%  0.523250868445551E+00 -0.842641485598028E+00  0.346100902878107E+01
%  0.111239691108937E+01 -0.163843699713843E+01  0.411243926647199E+00
% -0.252172561999895E+01 -0.122552235295142E+01  0.111593245867564E+01
%  0.198603465866501E+01 -0.204366893499662E+01 -0.221220629740565E+00
% -0.286062226127978E+01  0.780979813326560E+00 -0.546262797023794E+00
% -0.602163252009490E+00 -0.829651544846111E+00  0.362457709768597E-01
% -0.143058615253362E+01  0.199142400293285E+01 -0.139616298188332E+01
%  0.206034162421745E+01 -0.215722727006054E+01  0.179123360447778E+01
%  0.382929665755542E+00 -0.168372571400347E+00 -0.133925164805824E+01
% -0.370069944138982E+00  0.807521837714900E+00  0.239253924091500E+00
% -0.186292835759256E+01 -0.584380024995987E+00  0.154885055479415E+01
% -0.223914107344255E+01 -0.318033383220830E+01  0.862891186063377E+00
%  0.715206619100639E+00 -0.533897522520099E-02 -0.706058707146604E+00
%  0.206947135232135E+01 -0.290029969609211E+01 -0.174481639482708E+01
% -0.112672243073992E+01  0.344227799621936E+00  0.161710558604576E+01
% -0.587498779587849E+00 -0.111652054198608E+01 -0.273166628733023E+01
%  0.126167218168488E+00 -0.211221671907960E+01  0.568083914273205E-01
% -0.158529373540648E+00  0.135918661014301E+00  0.401913580723361E-01
%  0.888905117306178E+00 -0.142498518615990E+01  0.659605115010197E+00
% -0.648116749742275E+00 -0.115761610649015E+01  0.525012472430621E+00
%  0.623375373368692E+00  0.918410038513422E-01  0.298757972933940E+00
%  0.148846163493776E+00 -0.476875633983067E+01 -0.223628260764062E+01
%  0.196016734241265E+01 -0.131347626708141E+01 -0.325159236075265E+01
% -0.753857145963396E+00  0.122620537812493E+01 -0.194984763305225E+01
% -0.160884392574114E+01 -0.180427021554152E+01 -0.874913800484338E+00
%  0.400739639759881E+00  0.176754420718019E+01  0.135182753398627E+01
%  0.962646626903789E+00 -0.182276891232677E+01 -0.113189587137821E+01
%  0.348044009000029E+01  0.626596587799096E+00 -0.225615844392537E+01
%  0.146856035373840E+01  0.279408917879855E+01 -0.133923713341191E+01
%  0.271007275627678E+01  0.195224425351800E+01  0.327702369472595E+01
% -0.182453084124209E+00  0.132089403525096E+01 -0.236624646310189E+01
% -0.166035134021977E+01  0.570395501311071E+00  0.176173809124251E+01
%  0.492696064046321E+00  0.265275962148917E+01 -0.164010622116694E+01
%  0.106725386829797E-01  0.139355334516287E+01 -0.956645828047025E+00
%  0.186344115569459E+01  0.173721264087717E+01 -0.508345377920476E+00
%  0.226883113250463E+01  0.187417384894875E+00  0.324864517282863E+00
% -0.205441405358398E+01  0.634772036166704E-02  0.105876856351023E+01
% -0.145688575416925E+01 -0.290218735445530E+01 -0.655529106850168E+00
%  0.631350744914592E-01  0.850127960444651E+00 -0.243115129025401E+01
% -0.114684100798854E+01 -0.122950987439698E+01  0.233005302766569E+00
%  0.168111985244941E+01  0.260613683585424E+00  0.642479098238795E+00
%  0.429391919474553E+00  0.167300637658255E+01  0.255373647153244E+01
% -0.398564852280597E+00 -0.615699849480939E+00 -0.411965172403948E+00
% -0.149044867322588E+01 -0.101567710600603E+00 -0.128559760353522E+01
%  0.757850428321286E-01  0.282259366045761E+00 -0.128964634692768E+01
% -0.480763896286449E+00 -0.130283789809197E+01  0.341782873302237E+00
% -0.181635367071481E+01  0.255282249489464E+00 -0.206912854002645E+01
%  0.239917808382365E+01  0.144872139877535E+01  0.166286688280272E+00
%  0.324634679473936E+01 -0.487893898852213E+00  0.580435225225521E+00
%  0.538366970988865E+00 -0.108597432654880E+01  0.225682159619552E-01
%  0.169376217240963E+01  0.109841051005050E+01  0.556355236433939E-01
% -0.164108982353283E+01  0.817132566912909E-01  0.168324392594052E+01
% -0.218443453929626E+01  0.184012483884359E+01 -0.201712091024219E+01
% -0.194120584572123E+01 -0.182186160253990E+01  0.340382456210478E+00
% -0.194576977851488E+01  0.124339055414580E+01 -0.348343180041716E+01
%  0.773693902416291E+01 -0.375006134185645E+01  0.231847871462253E+01
% -0.151270262062434E+01 -0.879086720843754E+01 -0.675799525082077E+00
% -0.292525401802462E+02  0.187928739450185E+02 -0.115383650037146E+01
% -0.105701564142556E+02  0.774942832246778E+01 -0.158111504727819E+02
%  0.149003144143337E+02 -0.310336777135870E+02  0.292696594156011E+00
%  0.126912954971954E+02  0.152045272710037E+02 -0.147871146686651E+02
%  0.163010807076265E+02  0.231510595101553E+02  0.266578419498280E+02
%  0.107470756114213E+02 -0.120161664574397E+02 -0.938094844526866E+01
%  0.163864355249140E+02  0.131065672295407E+02  0.594837797479993E+01
%  0.668334606191481E+02  0.200172309093369E+02 -0.325788835952936E+01
% -0.915815472287033E+00 -0.421197421400158E+00 -0.131818862301239E+01
%  0.182874949621961E+02 -0.644128762683280E+01  0.181319202909392E+02
% -0.160349736777074E+02  0.266364797942860E+02  0.519703321442296E+01
%  0.548912370549924E+01  0.425414584969704E+01 -0.306737976982832E+01
% -0.876924368619745E+01 -0.142307667144846E+02 -0.743388591342393E+01
%  0.446026946108396E+00 -0.206901467351765E+01 -0.355211518440201E+01
%  0.193806737156864E-02  0.670035788476674E+01 -0.122279889006103E+01
% -0.855356237286866E+00 -0.162753866400923E+02 -0.120033037822397E+01
% -0.279265698312304E+02 -0.791235463594071E+01 -0.191403397520177E+01
%  0.205733447408956E+02  0.186715740962367E+02 -0.538143764313030E+02
%  0.528960239802973E+01  0.626650604587307E+01  0.209987675632167E+01
% -0.110197496424533E+02  0.875027343101593E+02 -0.572968154725237E+02
%  0.133955932765724E+02  0.184901139803474E+03  0.583686787893834E+02
%  0.307501201724242E+02  0.333887265161981E+02 -0.481760651446889E+02
% -0.182308933112733E+02  0.685197349420775E+01 -0.139275421817507E+02
% -0.100382803618118E+02  0.199819902816086E+02  0.238113246949903E+01
%  0.263664777557223E+02 -0.364330433939139E+01 -0.244979639786132E+02
%  0.817479014217336E+02  0.126621343968455E+01 -0.738304477563455E+02
%  0.206419609429974E+01 -0.355495012955261E+01  0.278973121252543E+01
% -0.596832829869532E+01  0.161907041366328E+02  0.575167104699403E+02
% -0.183306047163134E+01 -0.391199938796584E+02  0.809838324988827E+01
% -0.227841870782715E+02  0.232311396960308E+02 -0.121168526645368E+02
% -0.284666829378821E+01  0.265427037892155E+01  0.976064040912001E+00
%  0.574715315370655E+02  0.568518544058811E-01  0.343687469991992E+02
% -0.742178583724042E+02 -0.307452091345562E+02 -0.117524179788922E+03
%  0.509809763750868E+01  0.989349605068004E+01  0.387496715530854E+01
%  0.792153932416140E+01 -0.444524133277161E+02 -0.152820523593001E+01
%  0.101088431573402E+02 -0.147001459603164E+02 -0.560984214570489E+02
%  0.161334875968244E+02  0.242892948399588E+02  0.279774956155757E+01
% -0.209035582120940E+02  0.670502572535444E+00  0.744890776243051E+01
% -0.334447037075454E+02 -0.966619980956647E+00  0.175813773493469E+02
%  0.638451049911080E+01  0.180558086992024E+02  0.188928001306448E+02
% -0.135241625236186E+02 -0.103921191439947E+02 -0.360348298619904E+02
% -0.238058113721796E+01  0.436564538227517E+01  0.987176598486946E-01
%  0.403677522989199E+01  0.457886102811760E+01  0.746805345554111E-01
%  0.869519594519867E+01  0.324976460200501E+02  0.241572217241671E+02
% -0.524995142913700E+01  0.731486773795082E+01  0.163176233381723E+02
% -0.479875602568591E+02  0.124363217217874E+02  0.776767468923477E+01
% -0.306200483036744E+02 -0.582314394451112E+01 -0.116956551708246E+02
% -0.274811725357597E+02  0.863960405757625E+02 -0.966564015562269E+02
%  0.227903473041014E+02 -0.218823721063259E+02 -0.586874594493162E+02
%  0.224784360905134E+01  0.200568531520955E+02 -0.632371140060810E+00
%  0.518513604366621E+02 -0.371239369665201E+02 -0.209754013205460E+02
% -0.153874698586265E+02  0.100041454954480E+03 -0.709143495599639E+02
%  0.205002385873101E+02 -0.165709729477639E+02 -0.293978368717071E+02
%  0.461822680706054E+02  0.176557676373531E+02 -0.341680511369181E+01
%  0.119936600291721E+02  0.521532525795881E+01  0.512907033867963E+01
%  0.898219269485012E+01  0.408733563875996E+01  0.166944800964056E+02
%  0.739823453593501E+02  0.351079475136156E+02 -0.704488035193492E+02
% -0.661010309972553E+01  0.773994478473132E+01 -0.486506706260790E+01
%  0.868749679065138E+01 -0.105734652263352E+02 -0.658353874135937E+01
%  0.387404281904587E+00  0.254655560099086E+01 -0.101195518933686E+02
%  0.325562880369765E+02 -0.287809918095831E+02  0.768624694960282E+01
%  0.122924361189211E+02 -0.124583776071077E+02 -0.474603390715414E+02
% -0.574091114762679E+00 -0.709745474499364E+01  0.435433927196368E+00
%  0.380941140314146E+01 -0.272960058153778E+01  0.589930329403514E+01
% -0.280884352190980E+01 -0.447013810368105E+02 -0.876458499581619E+01
%  0.306802125414443E+01 -0.147700126273656E+02 -0.265772624212569E+00
% -0.154046856250828E+02  0.100244762866799E+02 -0.315410762335155E+02
% -0.865345088193895E+01  0.177691351658905E+02 -0.130681480556397E+02
%  0.360582904093160E+01 -0.678271474466453E+01 -0.119612004845138E+01
%  0.116669555811158E+02 -0.114178683051313E+02  0.382434996512287E+01
% -0.278864972597312E+02  0.472291816052251E+01  0.791173856256254E+01
% -0.131888753164564E+01  0.600587015458722E+01  0.422821439748404E+00
%  0.207706540071874E+01  0.477047914885703E+00  0.303132028519096E+00
% -0.111405227801861E+03 -0.870180339072454E+01  0.389020867658655E+02
% -0.141031482258525E+02  0.113364845911292E+02  0.932810090109784E+01
%  0.677828022928777E+02 -0.413181723588862E+01 -0.307652408065151E+02
% -0.732143961663586E+02  0.278614835848804E+01  0.305479956817979E+02
% -0.184756480872162E+02 -0.599990666526752E+01 -0.114818423710698E+02
% -0.331942100574243E+02 -0.154242457576122E+02 -0.228165292691261E+02
%  0.289624667112906E+02 -0.998320196269552E+01  0.508358466552893E+01
% -0.397228943900926E+01 -0.587044444529252E+01 -0.195683672765620E+01
% -0.364492234100742E+02 -0.426508181338945E+01  0.224228268221680E+02
%  0.361193774182997E+02  0.381257239370034E+02 -0.145484177800337E+01
%  0.263149133711940E+02  0.462376230310130E+02 -0.291157658667666E+02
%  0.767893803603972E+01 -0.776363286795007E+00 -0.308220358198114E+00
% -0.172054252501838E+01 -0.156434231545427E+01  0.357367951065734E+00
%  0.877840556303428E+00 -0.104918500842495E+02 -0.127418637652067E+02
%  0.558948176711979E+01  0.553874172017632E+01 -0.131631548547127E+01
%  0.103297005449536E+03  0.168675735625015E+02  0.147937025914718E+03
%  0.233711185972298E+01 -0.207580142353748E+01 -0.206262673262119E+01
%  0.206912394046531E+01  0.258883400066892E+02 -0.242662478020228E+02
%  0.410535618976363E+02 -0.650274661892494E+00  0.417070172054824E+02
% -0.130018664980267E+02  0.283608583743183E+02  0.380758849241661E+02
%  0.292599958533078E+00  0.292608578152006E-01  0.509761179180165E+01
%  0.334012129935053E+02 -0.295460869749341E+02  0.122200783586348E+02
%  0.250142235238886E+02  0.593674368647310E+02 -0.137047687713974E+02
% -0.112827730380723E+02  0.240323971502628E+02 -0.161676403095170E+02
% -0.221924136064285E+01  0.112710570346437E+01  0.274747778732739E+01
% -0.293411989921641E+02  0.467524054875447E+01  0.982165191575964E+01
%  0.798809328795353E+01  0.463806922001559E+01 -0.279523536654774E+02
% -0.614391870821943E+01  0.674239372294085E+01  0.208002088034837E+02
%  0.142562316832835E+02 -0.316077442248544E+02 -0.241820319181137E+02
% -0.446770752617100E+00  0.709635363485399E+00 -0.341295364173765E+01
%  0.187984717370207E+02 -0.149749651837466E+03 -0.659944904724959E+02
% -0.279785671818436E+02  0.246329639105979E+02 -0.155362187133757E+01
% -0.141199452645282E+00  0.317118719258850E+01  0.928166972282771E-01
%  0.366840906888228E+02 -0.407788211912948E+01  0.741526404239670E+01
%  0.832608210731788E+01 -0.430832449393004E+02 -0.121403810202722E+02
% -0.253134415271921E+02  0.190812072512483E+02  0.977878937153764E+01
%  0.903423981068067E+01 -0.120062945536345E+02  0.121400522286235E+02
%  0.176090083108168E+02 -0.722872517034553E+02 -0.203037003670138E+01
% -0.128461295468478E+02 -0.337394471708027E+02  0.778331976359715E+02
%  0.503235768661295E+01 -0.318340752183312E+02  0.222855263695106E+02
%  0.152186555055877E+02 -0.826756499641393E+01  0.174587289633145E+02
% -0.610760373783658E+01  0.146127814548128E+02 -0.452078081857955E+00
%  0.295751846236935E+02 -0.768244662813251E+00  0.929217930884759E+01
%  0.105679216180094E+02  0.851829746944418E+01 -0.156969801329282E+01
% -0.247174722525613E+02 -0.223393688254706E+02  0.187716202045416E+02
% -0.146428864665051E+02 -0.180459456167034E+01  0.918676247807213E+01
%  0.247914546625134E+01  0.183483628946209E+02  0.306877516396061E+02
%  0.933229140299805E+01  0.388544706539761E+01  0.128358337436108E+02
% -0.158968813286487E+02 -0.589015083244591E+01 -0.127344685909509E+02
%  0.731573515706691E+01  0.251892512424542E+01  0.157168533863525E+02
% -0.866031360915769E+01  0.139174033472471E+02  0.613632933481240E+01
%  0.228555283815686E+01 -0.707655771739089E+01 -0.103652255659352E+02
% -0.271215286415272E+02 -0.172142303433823E+02  0.639941616677143E+00
%  0.355549105190327E+02  0.713651318908261E+02  0.111650590874075E+03
% -0.898565297040326E+01 -0.770413321793804E+01  0.974214047923818E+01
% -0.781735628969881E+01 -0.326925182736641E+01 -0.284246809542684E+01
%  0.185406016549234E+02  0.128322190323187E+02  0.640243946285731E+01
% -0.217603212960641E+01 -0.736494866300916E+01  0.106961211791914E+02
% -0.421409419006805E+02  0.249866533714068E+02 -0.793548083443692E+01
%  0.809262486150991E+00 -0.192974326744199E+01  0.109530659186204E+01
% -0.272836007714493E+02 -0.293334698139013E+02  0.268746133970702E+02
% -0.546877125046309E+01  0.311784015162416E+01  0.451194298569822E+02
% -0.244874911635712E+01  0.364687168130523E+02  0.891283258281030E+01
% -0.400391333067020E+01  0.714506038170763E+01  0.858328015988061E+01
% -0.682100714881705E+01 -0.522733370313794E+01 -0.366095234165700E+01
% -0.304288484717193E+01 -0.123224506220157E+02  0.289570227877981E+01
%  0.379172067547476E+01  0.781249093854712E+02  0.343042275652298E+02
% -0.473813698045635E+01  0.126334460998252E+01  0.923813642672884E+01
%  0.496245612550923E+01 -0.468608785256273E+01  0.284773360534730E+01
% -0.499802414260396E+00 -0.500159373641445E+01  0.533564409627750E+01
% -0.149545441065624E+02  0.495687673406187E+01  0.442143325901137E+01
%  0.372175905980741E+01  0.121557309614241E+01  0.107086520528506E+02
% -0.272455985431384E+02 -0.129709656362229E+01 -0.264309988635427E+01
%  0.389081818572694E+01 -0.757275826298773E+01 -0.409533731380153E+02
%  0.198215801646132E+01  0.832673509479901E+01 -0.368567831899214E+01
% -0.269185828409211E+01  0.970493274267509E+00  0.435442000773536E+01
% -0.118753961889290E+03 -0.166846730544274E+02 -0.150864319601153E+03
% -0.509862271632319E+01  0.180528532688154E+01  0.793990849705198E+01
% -0.339169640629320E+01  0.947827538179626E+01 -0.161944755823595E+01
%  0.742977311889503E+01 -0.115574141897625E+02 -0.889590620742962E+00
% -0.180734985538553E+02 -0.551678904515146E+01 -0.652681581574203E+01
%  0.366237374368423E+02  0.380151064796494E+02 -0.970804590633722E+00
%  0.115623844237373E+02  0.353659435031922E+02 -0.180362411454780E+02
%  0.915698330808159E+01  0.116108373977480E+01 -0.348263588797965E+01
%  0.598957137775563E+01  0.140166092399775E+01  0.741065481970943E+01
%  0.101925544046088E+02 -0.867248909536204E+01  0.105081204833391E+01
%  0.228743223305781E+02 -0.133939109501340E+02 -0.303299470143364E+02
%  0.303539218523950E+02 -0.126220108152136E+01 -0.197565054244945E+01
%  0.109172092951878E+02  0.518843905427278E+02 -0.222151166040942E+02
%  0.787515640373418E+01  0.501782805793220E+01 -0.238802316626228E+01
% -0.627720552232621E+02  0.336470552112662E+01  0.493237258752485E+01
% -0.519733169515996E+01 -0.601399030070175E+01 -0.256352494886794E+02
% -0.377793877202739E+01  0.520352189022184E+01 -0.614303790454174E+01
%  0.339658624084928E+02 -0.317983186571072E+02 -0.852727973479429E+02
%  0.320383581404530E+02 -0.311483147959967E+02  0.172563158706277E+02
%  0.733643104889086E+01 -0.671508788198659E+01  0.390955370326154E+02
% -0.235481611821184E+02 -0.583337993101683E+01  0.132696828970720E+02
%  0.164539319357207E+02 -0.116243663009452E+03  0.789074934268801E+02
%  0.688481890174915E+02  0.582220015686083E+02  0.121266876489254E+03
% -0.273610566960507E+02  0.133506361564537E+02  0.159223572090658E+02
%  0.233681195377983E+02  0.181050561088909E+02  0.203524949876234E+01
%  0.373527091858951E+01 -0.282127095880182E+02  0.272765454690889E+01
% -0.748053191656752E+01  0.461439805439080E+01  0.140627935771387E+02
%  0.220900971069674E+01 -0.245022902771701E+01  0.153243323966839E+01
% -0.131409779008010E+02 -0.234116846201764E+01  0.968691131591314E+01
% -0.433831353196541E+01 -0.915000971837293E+00  0.189062665241818E+01
% -0.189041818150062E+01 -0.113591643317169E+02  0.278113300373546E+02
% -0.669065932242214E+01  0.806460542420907E+01  0.795681403745044E+01
%  0.234807983386884E+02 -0.904570973940369E+02 -0.170393973194088E+02
%  0.178151329028948E+02  0.164193390270386E+02 -0.110208783823125E+02
%  0.153263503937671E+02  0.191562922482404E+02  0.754909799715471E+00
% -0.583814119984922E+01 -0.111335540363837E+02  0.155957230503245E+02
% -0.207383829691405E+00 -0.224297751759723E+02 -0.322404968120212E+01
% -0.599892479131361E+01  0.520940601878731E+00 -0.613691163511776E+02
%  0.995161086924121E+01 -0.235291478918135E+02 -0.283873337603551E+02
%  0.107490492597963E+02 -0.496939010537796E+01  0.884158250781848E+01
%  0.988752305837598E+01  0.919077544137544E+01 -0.678150652466865E+01
%  0.367078483845313E+01 -0.102386541355236E+01  0.133222131726372E+01
% -0.187651461169723E+02 -0.411880584737310E+02  0.341822395088743E+02
%  0.635802322548135E+01 -0.124790041767403E+01 -0.111188585730196E+02
% -0.116979125528454E+01 -0.228578933844773E+01  0.374359839853491E+01
%  0.541253221748344E+01  0.315522521006695E+02 -0.164911960185593E+02
%  0.164100529276220E+00  0.118267954083972E+01  0.240900490647151E+01
%  0.105647639175890E+02 -0.566946189368803E+01 -0.655916474290260E+01
% -0.234937945395695E+02 -0.116255561394074E+02  0.305074415085830E+02
%  0.187844531101621E+01  0.624177711090283E+01  0.381890824641209E+02
% -0.398942548663347E+01 -0.690156071974062E+01  0.136763442265682E+02
% -0.394220235327747E+02 -0.411066601459281E+02  0.338691498333929E+02
% -0.289631869706824E+01 -0.373776289015463E+02  0.383612781890929E+01
% -0.261084870339872E+02 -0.105531082048584E+02 -0.201759387313188E+01
% -0.108271154440337E+02 -0.475758353548749E+02 -0.102414395036392E+02
% -0.151185097904619E+02  0.142412851773194E+02 -0.679637645275553E+02
%  0.195621961103174E+02  0.164423039454822E+02 -0.235005090244627E+02
% -0.516537981576901E+02 -0.890994616065698E+01  0.202907482187293E+02
% -0.111903475884796E+02  0.290965133264455E+02 -0.120890880624643E+02
%  0.105942901676209E+01 -0.497933097664448E+01 -0.987288847963951E+00
% -0.126906651132138E+01  0.197361627094029E+01 -0.297173438382276E+02
% -0.765918226682617E+00  0.221855974866987E+02  0.935889970206253E+01
% -0.319183496216793E+01 -0.278248172328749E+02  0.188588784359129E+02
% -0.326389332339680E+02  0.850409991544285E+01  0.782438998317488E+02
%  0.193229412947467E+01 -0.571274801284267E+00  0.869379758418234E+01
% -0.188769900865924E+02  0.181563128936290E+02 -0.174893492220314E+02
%  0.505933537055023E+01  0.474014560210041E+01 -0.393512867051864E+01
%  0.223085546371876E+02 -0.606419335520155E+01  0.222868983014473E+02
% -0.919638017096980E+01  0.191666929584329E+02  0.183127397681820E+02
% -0.444734695402379E+02 -0.393734764894692E+02 -0.133704009532875E+03
% -0.207400114389726E+02 -0.415725155117507E+02 -0.275089759111125E+01
% -0.345478202755171E+01  0.844106631841997E+01  0.102878330648597E+02
%  0.233084263236408E+02 -0.297429251108698E+02  0.426718896602885E+02
%  0.249764919159559E+02  0.121595459925867E+02 -0.126947981166729E+02
%  0.572508906520464E+01 -0.301538969630866E+02 -0.136615099387999E+02
% -0.117549625775638E+02  0.374403695921455E+01 -0.404146734664671E+02
% -0.242556785994171E+02  0.896939099121035E+01  0.563101436816757E+02
%  0.738985194379579E+01 -0.142135772112675E+01  0.101576057980246E+02
% -0.127869780950295E+02 -0.647356566944876E+01 -0.960000128614390E+01
% -0.352858628091225E+01 -0.291074085174710E+01  0.393057768560184E+01
% -0.154471775359905E+01 -0.129083752989736E+01 -0.482547339754186E+00
%  0.141416154099716E+02  0.121908608409016E+02 -0.126845374095224E+02
% -0.292178295833271E+02 -0.203650117207821E+02  0.729927544537400E+00
% -0.356490235915537E+02  0.175409591163986E+02 -0.101731280402026E+02
%  0.418539471490369E+01  0.417237917962265E+01  0.897804082796153E+01
% -0.120440982748259E+02 -0.341095064648999E+01  0.555322310557532E+00
% -0.627826501077480E+01 -0.377996715238353E+02  0.273251413685847E+02
% -0.207142021761746E+02 -0.196219526174166E+02  0.213796673000399E+02
%  0.173412976989711E+02  0.334013277701041E+02 -0.202036701549315E+02
%  0.385856855652251E+02 -0.546927090639369E+02  0.737066302217472E+02
% -0.310795523192023E+02 -0.139786736949277E+02  0.666519682466079E+01
%  0.413515768175956E+01 -0.792495799667829E+01 -0.105497755514072E+02
%  0.311152825315046E+01  0.466041152171122E+02  0.238133440845438E+02
%  0.292519408995237E+02 -0.803286049374572E+01 -0.934172899613721E+01
% -0.243721468851616E+01 -0.113886006390270E+02  0.291641306382930E+00
% -0.548720630150889E+02  0.408913218858013E+02  0.356637974462539E+02
% -0.447130072574835E+02 -0.610189474684514E+01  0.601052198471213E+01
%  0.847668477284066E+01 -0.432863616440046E+02 -0.451162631826897E+01
%  0.174608738488798E+02 -0.363129652183661E+01  0.355699498530753E+01
% -0.276768327681343E+01 -0.211614958989199E+02 -0.447757881103416E+01
% -0.183761326330234E+02 -0.391466885056623E+00 -0.236922912322709E+02
%  0.196513781743715E+01 -0.118640674141282E+01  0.108449226242336E+01
%  0.239937434502214E+02 -0.762720636795819E+00  0.814944169505062E+01
% -0.128783957159392E+02 -0.297653833131401E+02  0.292345180843079E+02
% -0.181991610812314E+01 -0.242404934049464E+02  0.145942979181832E+02
