% T    256  0.715122828077254E+01  0.715122828077254E+01  0.715122828077254E+01
  -0.946403731288039E+00 -0.234329173217034E+01  0.509892256085672E+00
  -0.224731408702131E+01 -0.629931137743312E+00  0.170369004980813E+01
  -0.397230593474431E+00 -0.907532559768807E+00  0.214535115108654E+01
  -0.143737034309348E+01  0.225906812914458E+01  0.325859366856011E+01
  -0.848575768086508E+00  0.251200408092730E+01  0.632250579040192E+00
   0.263355124696751E+01 -0.271075868709639E+01  0.183021693387847E+01
   0.157643785862158E+01  0.107070005562005E+01  0.258655117204519E+01
   0.296792991283940E+01 -0.633756136599864E+00 -0.808195062904229E-01
  -0.141415805965949E+01 -0.258928894786427E+01 -0.282074284643438E+01
  -0.576516974397434E+00  0.104766006891702E+01 -0.326954609924445E+01
  -0.269712404779402E+01  0.303160908855506E+01  0.159080293121238E+01
  -0.209421042821250E+01  0.350595033150155E+01 -0.143428643406675E+01
   0.135822186424968E+01 -0.138778752538410E+01  0.101565596250617E+01
  -0.320110311304689E+01  0.217081195272246E+01 -0.298571491270302E+01
   0.230217493752893E+01 -0.321500813603014E+01  0.775538643465846E+00
   0.245403875701134E+01 -0.871116886465477E+00 -0.219871862769245E+01
   0.325789459032540E+00 -0.218912387697236E+01  0.258915237555091E+01
   0.293743102157075E+01  0.850783181296070E+00  0.328927280285237E+01
   0.101537537475228E+01  0.177812629911354E+01  0.191128177612239E+01
  -0.215653533743994E-01 -0.170395857848954E+00  0.323103421952872E+01
  -0.422577056836166E+00 -0.288174595868932E+01 -0.173781239444635E+01
  -0.461119714607625E+00 -0.147408442092618E+01  0.387565530899707E-01
   0.411355570425397E+00  0.188978983612604E+01 -0.326418715449350E+01
   0.334616177894374E+01  0.300043162973491E+01  0.239496495147107E+01
   0.741688941893357E+00 -0.204079809063606E+01 -0.249046123164527E+01
  -0.967385813814925E+00 -0.123192938580036E+01 -0.225438774385050E+01
   0.203316265703353E+00  0.221024734927071E+01 -0.731680536759363E+00
  -0.607411020442603E+00  0.912076327715782E+00 -0.556745994406366E-02
   0.107813504826425E+01 -0.329926973377886E+01  0.401868405916990E+00
  -0.335593696484784E+01  0.309751043834115E+01  0.678453999331160E+00
   0.107220341310327E+01 -0.155205700379299E+01  0.350105063448574E+01
  -0.624735468742759E+00 -0.333236788708064E+01 -0.339946409802614E+01
   0.202412336902586E+01 -0.398317544196419E+00 -0.735722505206846E+00
   0.244333167987763E+01  0.241670647358168E+01 -0.106338593661930E+01
  -0.244692544438360E+01  0.178649757495554E+00 -0.140566862906331E+00
  -0.141565845250947E+00  0.249580821658867E+01  0.130790316191899E+01
  -0.172021902163553E+01  0.116589912752355E+01 -0.346975660466102E+01
  -0.533049883312772E+00  0.506378146971100E+00  0.121527653467090E+01
   0.443191285210149E+00  0.254009083886819E+01 -0.215587296581865E+01
   0.701872270470835E+00 -0.190198088474552E+01  0.164462806983204E+01
  -0.313016524689228E+01 -0.534017429314901E+00 -0.994059648780240E-01
   0.314973264437225E+01  0.301569129412275E+01  0.354320614334066E+01
  -0.583495843676597E+00 -0.332280472825606E+01  0.717214717734124E+00
   0.150758918785448E+01  0.229177286261343E+01 -0.148494427439427E+01
   0.444548584874617E+00  0.347217626736245E+01 -0.288617873138185E+01
   0.342235311038101E+01  0.260363991272670E+01 -0.347656599619069E+00
  -0.160367075246916E+01  0.341705836666992E+01 -0.354336922914900E+01
   0.630461710068809E-01 -0.268664374406879E+01  0.354418210442061E+01
   0.181447893887458E+01  0.231517297482938E+01 -0.351615863182185E+01
  -0.166513864069713E+01  0.308738639766094E+01  0.179067658573024E+01
  -0.341388780396391E+01 -0.200045931066595E+01 -0.312213191698829E-01
   0.222753181300644E+01 -0.280795516855651E+01  0.352315751623085E+01
   0.248743426662931E+01 -0.425016778202949E+00  0.201152861286159E+01
   0.964173107336596E+00 -0.212142917901517E+01 -0.458462607282110E+00
   0.368938574065005E+00 -0.193254289344753E+01  0.559839742844813E+00
  -0.206937035902423E+01 -0.537462077449241E+00  0.540405420485443E+00
   0.232908719635908E+01  0.515614203412938E+00 -0.272183920436581E+01
   0.622129988432418E+00  0.979741147913254E+00  0.318825090116987E+01
  -0.617790467589112E-01 -0.254158837852817E+01  0.129069432800766E+01
   0.107521998002136E+01  0.486663658718652E+00 -0.140936298778472E+01
   0.875304164870740E+00 -0.698583439460110E+00  0.492090247868029E-01
   0.284291117277322E+01 -0.232161980983117E+01 -0.722460001618497E+00
  -0.283557786626200E+01 -0.107875331056020E+01 -0.133921295950813E+01
   0.265625180422543E+01 -0.204098570556894E+01  0.261327437266758E+01
  -0.198731661934212E+00  0.113689550714493E+01 -0.928952949161913E+00
   0.270271097371990E+01 -0.136409393726459E+01  0.138876701243213E+01
   0.201071124506223E+01  0.188426893471516E+01  0.128961605879999E+01
  -0.324278353542494E+01 -0.346715816403903E+01 -0.127611869161756E+01
   0.126736768941833E+01 -0.930055072558039E+00 -0.132999690226743E+01
   0.160441630321557E+01  0.342937493791009E+01  0.124411342513628E+01
   0.269005198252996E+01  0.178673740310753E+01  0.206422130636688E+01
   0.247766338786021E+00 -0.215825035354022E+01 -0.134803210383947E+01
   0.234821298714406E+01  0.306478964426159E+01  0.217338929995941E+00
  -0.180198961824434E+01 -0.132652556463884E+01 -0.149122737876817E+01
   0.170890640608737E+01  0.117888551491729E+01  0.179333588064372E+00
  -0.335976630250036E+01  0.220531726570825E+01  0.166174664795022E+01
  -0.125986286984022E+01  0.143655245625437E+01 -0.242533534514267E+01
  -0.255801731117013E+01 -0.112294413558390E+01  0.259520823590101E+01
  -0.119330448789099E+01 -0.792049970262706E+00 -0.552552672404208E+00
  -0.220513257990178E+01 -0.285733682792475E+01 -0.891765733769724E+00
   0.207335185905274E+00 -0.657194478493622E+00 -0.291118457867165E+01
   0.156811376688777E+01 -0.134275188661781E+01 -0.360307277674154E+00
  -0.259407725952966E+00  0.185428941199163E+01 -0.181352286315097E+01
   0.118816899727201E+00 -0.325968534537147E+01  0.285115617204597E+01
  -0.490791755891822E+00 -0.561575225323132E+00  0.680955207806130E+00
  -0.263799817846049E+01 -0.332575205437204E+01  0.270790260939714E+01
  -0.353840042579180E+00 -0.102368235425253E+01 -0.148244020685806E+01
  -0.299244630326704E+00  0.178734928470735E+01  0.178070703156709E+00
  -0.276434092804922E+01 -0.233121047694975E+01  0.254429069409284E+01
   0.786560474896962E+00 -0.337186470409311E+01  0.200313863810002E+01
   0.255422634640823E+00 -0.224942276454157E+00 -0.173726536246160E+01
  -0.229848215838906E+01  0.345110612427777E+01 -0.295269850163689E+01
  -0.195430134708683E+01 -0.197634403277085E+01 -0.219950641371126E+01
   0.227921291986248E+01 -0.175583746566390E+01  0.198656936595453E+00
   0.314274787497620E+01  0.323760602904316E+01 -0.175407766809325E+01
  -0.292123045576820E+01  0.143172077316133E+01 -0.113896197927962E+01
  -0.747208832341576E+00  0.757044057953135E+00  0.279813725028495E+01
   0.290052309967702E+01 -0.223310961867049E+01  0.917984354670120E+00
   0.101009580552772E+01  0.335176833626740E+01 -0.161787564660629E+01
   0.295641937639944E+01  0.223170823133426E+01  0.831489388640483E+00
   0.148423614185252E+01 -0.240769149512572E+01  0.918779582782089E+00
   0.334988876371306E+01  0.155904193752115E+01 -0.660531240202807E+00
   0.141072584317642E+01 -0.871512549382941E+00  0.181359914427314E+01
  -0.154354921546971E+01 -0.147149141126296E+01  0.242281161961050E+01
  -0.219260289513726E+01  0.188175529067142E+01  0.121751832670859E+01
   0.170194331038986E+01  0.164631362283397E+01 -0.735657424027946E+00
   0.150363485129878E+00 -0.120074729351917E+01  0.319958344664315E+01
  -0.697631045048758E+00  0.353928654353760E-01 -0.221957044753781E+01
  -0.159832596497025E+01 -0.145595854051247E+01 -0.324357926275394E+01
  -0.246225363648463E+01 -0.195901199302012E+01 -0.925853710365337E+00
   0.275551717450258E+01  0.314549856083598E+01  0.133829691870880E+01
  -0.109156185129304E+01  0.106038460346325E+01 -0.146310391788355E+01
   0.788346883305961E+00  0.568353463520327E+00 -0.288625811594313E+01
  -0.313012972381044E+01 -0.287642432658187E+01  0.964632656578230E+00
   0.177253827911091E+01 -0.215688978474391E+01 -0.255957528894283E+01
  -0.718876744549277E+00 -0.264787382436427E+01  0.206125819422506E+01
  -0.100659213424137E+01  0.220699207494932E+01  0.205453350740421E+01
  -0.113997304213875E+01 -0.208509708857200E+01 -0.145013104287942E+01
   0.641332015639824E+00  0.315597358196984E+01  0.105408806760401E+01
  -0.106960884191601E+01  0.668063671750161E-01 -0.949172379879247E+00
  -0.107202956732416E+01  0.146850572820604E+01  0.125772630338113E+01
  -0.139319370095767E+01  0.147291618691519E+01  0.318953946364380E+00
   0.280962789723378E+01  0.252928979456128E+01 -0.239805808310037E+01
  -0.261928271207669E+01 -0.233716328654935E+01 -0.304436120278908E+01
  -0.285590022403633E+01  0.302021629525061E+01  0.330643597153373E+01
   0.342630948066829E+01  0.475517592711799E+00 -0.290469007052783E+01
  -0.214360211578117E+01 -0.174172295090815E+01  0.588198266553824E+00
  -0.198117805815914E+01  0.297097606615732E+01  0.265985791549355E+01
  -0.215898920886016E+01  0.947760270834860E+00 -0.253006985247777E+01
   0.310233446626291E+01 -0.368834617676323E+00  0.316326577211843E+01
  -0.101878273580358E+01 -0.737780596594966E+00  0.307920222429749E+01
  -0.280184950958561E+01  0.166275892267572E+01 -0.218668722806498E+01
  -0.342467042962789E+01  0.925142838696333E+00  0.471333451613595E+00
   0.134018355838169E+01  0.158652530914744E+01 -0.207912337991805E+01
   0.266910009520356E+01 -0.172575083966397E+01 -0.337729565500268E+01
  -0.238600258724549E+01  0.898888698043902E+00  0.306005488440735E+01
   0.318176005520345E+01  0.114216995805703E+01  0.146122270121152E+01
   0.212714006401083E+01 -0.935257302393822E+00 -0.330924918828304E+01
   0.102809741453480E+01  0.214276381041416E+01  0.870971403401337E+00
  -0.278306919758840E+01  0.304332524070685E+01 -0.451921950425728E+00
   0.246096199353104E+01 -0.282034088240515E+01 -0.157262983096067E+01
  -0.191516479251579E+01  0.606855874617829E+00 -0.152304441805131E+01
   0.230755081004242E+01  0.642126258519034E+00 -0.102767657654310E+01
  -0.211406778694252E+01 -0.606774462308258E+00  0.330138774844482E+01
   0.983465594049564E+00  0.605922441955678E+00  0.677595731097083E+00
  -0.342768474387389E+01 -0.595932647773787E+00  0.195078046441966E+01
   0.131043760694255E+01 -0.264890101842863E+01 -0.344565934776251E+01
   0.133066838278920E+01 -0.241189954994229E+01 -0.160788142120668E+01
  -0.244862975377353E+01 -0.189039055233867E+01  0.146495893492533E+01
  -0.188317978133077E+01  0.246117825865504E+01 -0.134275523193011E+01
  -0.126040246150539E+01 -0.282817055996070E+00  0.132703725617014E+01
  -0.333180344857150E+00 -0.263128134894773E+01 -0.370473019666610E+00
  -0.206877722067612E+01  0.234363658202056E+01 -0.278264513700002E+01
   0.672647757941279E+00  0.170484790885029E+01 -0.886299900497103E-01
   0.349532087212395E+01 -0.259282691041264E+01  0.290054053146816E+01
   0.264119519878635E+01  0.246374666002561E+01  0.286774992850512E+01
   0.905068837020513E+00  0.302406113889053E+01 -0.339442679638907E+00
   0.213411773363207E+01 -0.168761770860660E+01 -0.147713237329278E+01
  -0.336356513540531E+01  0.122750832502114E+01 -0.350431472843321E+01
  -0.522987648288437E+00 -0.135734933906427E+01 -0.312005234897235E+01
  -0.123237719776836E+01 -0.352020618209776E+01  0.263642896923800E+01
  -0.320371940094595E+01  0.124039030245356E+01  0.220887148409954E+01
  -0.249965760535231E+01  0.784165286082504E+00  0.131235965425709E+01
  -0.163234059088336E+01 -0.167206337506270E+01 -0.425257186677178E+00
  -0.216612493695127E+01 -0.355664037530827E+00 -0.125069164446440E+01
   0.313464638153054E+01 -0.136044894701505E+01 -0.891942699491105E+00
   0.918596520564116E+00  0.306735210688238E+01  0.291127950531186E+01
   0.606915376418211E+00  0.786177717109121E+00  0.215772455670420E+01
  -0.336009398092277E+01  0.659137736741700E+00 -0.192484667741015E+01
   0.265644986430087E+01  0.127515048283154E+01  0.386256024840153E+00
  -0.114037485754607E+01 -0.814330690946732E-01  0.114152337171940E+00
   0.348055942010406E+01 -0.460184669826448E+00 -0.276178989793171E+01
  -0.303219150346199E+01  0.238446191731071E+01  0.258778413056499E+01
   0.846526614481982E+00 -0.208946611230637E+00  0.262901263399855E+01
  -0.230086535806702E+01  0.291960393445075E+00  0.231065829985107E+01
  -0.339037168375242E+01  0.326313959463614E+01 -0.278659688234651E+01
   0.110198657308285E+01 -0.312268512532376E+01 -0.746771409553381E+00
   0.344403941889837E+01 -0.187567698625212E+01  0.191958447597233E+01
   0.227348326839095E+01 -0.275256225834619E+01 -0.673281645071074E-01
  -0.276833097429572E+01 -0.730101502692010E+00 -0.228393555014982E+01
   0.199060512887269E+01 -0.102287541352540E+01  0.268557558939869E+01
   0.355591780260635E+01 -0.226597369543602E+01 -0.149069133103725E+01
  -0.294062778064763E+01 -0.169992559377514E+01 -0.206863205006131E+01
  -0.250354743666404E+01  0.138572642906900E+01  0.360955993670291E+00
   0.286467144204670E+01  0.455243789022271E-01 -0.157777698480868E+01
  -0.346275029407490E+01  0.136646450669894E+00  0.133839664945532E+01
   0.326770418700664E+01  0.495569568799996E+00  0.240120258893299E+01
   0.269923470226164E+00  0.110162938487036E+01 -0.197899323898218E+01
  -0.162131875334522E+01  0.538529926024776E+00  0.778463751659172E+00
   0.376948435139669E-01  0.180566818180901E+01  0.220141956075979E+01
  -0.310849455203190E+01  0.208967080919832E+01  0.710450352173140E+00
   0.182375185629728E+00  0.284515454045513E+01  0.226334163138686E+01
   0.329549553600156E+01 -0.296397424378993E+01 -0.249248914036731E+01
  -0.181520616453416E+01  0.167525401668367E+01  0.239598414301393E+01
  -0.310378604622722E+01 -0.280989801568306E+01 -0.479520692486165E+00
   0.181144232464060E+01  0.333606087866252E+01  0.349854829692864E+01
  -0.324313086993244E+01 -0.321938354378907E+01  0.352558564152489E+01
  -0.339986204314496E+01 -0.318882962872206E+01  0.197626745433869E+01
   0.190575921091026E+00  0.346254203749490E+01 -0.984511939729844E+00
  -0.110684103102589E+01 -0.320207155450589E+01 -0.765963753528349E+00
  -0.195085164380880E+00  0.289445117932349E+01  0.356001428939920E+01
   0.114558179034188E+01  0.646798925647334E+00 -0.301221778743268E+00
   0.285803669292222E+01 -0.167152472782252E-01  0.644165584800922E+00
   0.119404238083100E+01 -0.993454559370133E+00 -0.267551229285101E+01
  -0.123267601865061E+01 -0.118834429331571E+01  0.696554148039215E+00
   0.235763835967580E-01  0.160850432827047E+00 -0.640809678773034E+00
   0.352811739916152E+01 -0.129185025509261E+01 -0.331160623651803E+01
   0.220902002174391E+01  0.341478851172648E+01 -0.271639389498895E+01
  -0.173042540304615E+01  0.295223972487221E+01 -0.470905211085517E+00
   0.288482388606154E+01  0.352699919257778E+01 -0.645942601861661E+00
  -0.610566815112218E+00  0.293027252922112E+01 -0.178083884543892E+01
   0.112371163898300E+01 -0.392022430619476E+00  0.992219154228428E+00
   0.150818053682919E+01 -0.205035454384077E+01  0.213675582188026E+01
   0.126842462049206E+01  0.295788275724821E+01 -0.285018325083996E+01
  -0.687780944628182E+00  0.330979914819727E+01  0.170646814322396E+01
  -0.295155698597698E+01  0.260150906805720E+01 -0.186048877663311E+01
  -0.144092671902132E+01 -0.261494861900264E+01  0.295728571041026E+01
   0.240930042494193E+01  0.350534765444199E+01  0.238713459605737E+01
  -0.221132176379182E+00 -0.209413024623556E+01 -0.245562137245030E+01
   0.299939417461492E+01  0.370196011253758E+00 -0.306648615652010E+00
   0.338770100862903E+01  0.188598287670827E+01  0.279167949810568E+01
   0.292121205471600E+01 -0.203372798415079E+01 -0.210156866302481E+01
  -0.114493006289258E+01 -0.149929856267342E+00 -0.325115771439146E+01
  -0.131269710599702E+01 -0.323126182509861E+01 -0.201351302225200E+01
   0.196452148967287E+01  0.342959487448211E+01 -0.165934782300548E+01
  -0.772767696959816E+00 -0.160877566294804E+01  0.303968406875583E+01
   0.149252833897943E+01  0.129830527169422E+01 -0.324291905169915E+01
   0.164634752588141E+01 -0.172340734575162E+00 -0.181478845735821E+01
   0.198865051939274E+01  0.207071840070499E+01  0.267887839276947E+00
   0.282003977540506E+01  0.135986274484434E+01 -0.190027915409374E+01
  -0.243446083861946E+01  0.204972522736703E+01  0.345511339534579E+01
   0.166372790189437E+01 -0.794639304621748E-01 -0.324182707498797E+01
   0.287076313898899E+01  0.172974083149679E+01 -0.355901631175539E+01
   0.317428268266203E+01 -0.296725875684138E+01  0.164411259440059E+00
   0.141108858762280E+01 -0.304730465423858E+01  0.276832820307014E+01
  -0.146419885498894E+01  0.787605165864681E+00  0.190768467688293E+01
   0.183185946481627E+01  0.258569609547106E+01  0.196260374066727E+01
  -0.313160213699950E+01 -0.143483470691705E+01  0.888713177694621E+00
  -0.165653277521651E+01 -0.245395439442925E+01  0.185975905396693E+01
  -0.112261905672584E+01  0.173088330111178E+01 -0.634795551501519E+00
   0.213093020208763E+00  0.153376868936889E+01  0.122060440782110E+01
  -0.737031776528819E-01  0.309619722371675E+01  0.244265240250126E+00
  -0.240052087125489E+01 -0.319985213267723E+01  0.965630745597932E-01
   0.818282445869514E+00  0.196538213022080E+01  0.283556572050597E+01
  -0.713256950835710E+00  0.271676579773704E+01 -0.600426616006704E+00
  -0.185251374479767E+01  0.988885295850964E+00 -0.466520338097870E+00
  -0.210490926666579E+01  0.275971277798901E+01  0.723750871994736E+00
   0.203682947751300E+01  0.307593837151214E+00  0.292611856325941E+01
  -0.963160929117277E+00 -0.168933358889697E+01  0.161850744732010E+01
  -0.308711739173490E+01 -0.147503143239044E+00  0.290495612399916E+01
  -0.268645330973332E+01  0.231077262245689E+00 -0.296551075353864E+01
  -0.206112149354861E+01  0.212576846529490E+01 -0.183817476728787E+00
   0.227665572968850E+00 -0.252682526647000E+00  0.147797989223490E+01
  -0.384892261570492E+00  0.204328678402205E+01  0.326521118017733E+01
   0.204167169250442E+01  0.353810256237252E+00  0.112129931293309E+01
  -0.309648162769881E+01  0.420021749532786E-01 -0.100881638213072E+01
%  0.190529537543241E+01  0.754282760524605E-01  0.209401651034118E+01
% -0.175147186971710E-01 -0.168627808558481E+01 -0.666803257242532E+00
%  0.560050514116412E+00 -0.519445043046085E+00  0.324825441425067E+01
% -0.985654587347698E+00  0.236121935633900E+01 -0.341522116699347E+01
% -0.212459890986728E+01 -0.163642567706681E+01  0.645166028388412E+00
%  0.274248931769354E+01  0.755940152367822E+00  0.536711139318654E+00
%  0.174898153505518E+00  0.811083918252848E+00  0.235156784738427E+01
%  0.134207415437716E+01 -0.174792606562374E+01  0.170488128268360E+01
%  0.326097284882488E+01 -0.112465913260350E+01 -0.453425293587087E+00
% -0.314971924575588E+00 -0.246154868950459E+00 -0.130197163181420E+01
% -0.236680583399692E+01 -0.162114211950174E+01 -0.864976895885499E+00
% -0.930275452153776E+00 -0.745791210811119E+00 -0.159065506647153E+01
%  0.122021449614738E+01  0.153100991996410E+01  0.190015558126699E+01
% -0.865195385652932E+00 -0.322671732261364E+00  0.230835656986683E+00
%  0.163495621191940E+01 -0.175221288538649E+01 -0.137626004628299E+01
%  0.782417000030135E+00 -0.129554851603965E+01  0.139369263477778E+01
%  0.599063476572032E+00  0.115272963461008E+01 -0.246519227709858E+01
% -0.215397457474140E+01  0.662906146963508E+00 -0.242629284024504E+00
%  0.165586833230014E+01 -0.776369113921071E-01  0.436553988994691E-01
%  0.974693052179542E+00 -0.195354490199857E+01 -0.144849458553031E+01
%  0.395621925629571E+00  0.658833569163417E+00 -0.188919776290934E+01
% -0.100310565061236E+01 -0.123252070651529E+01 -0.862319375209415E+00
% -0.180984758900791E+01 -0.886923517204783E+00 -0.437756019274795E+00
% -0.407931023623906E+00 -0.142474318147401E+00  0.801659895306388E+00
%  0.936432413402494E-01 -0.517250721874401E+00 -0.641028955318202E+00
% -0.137343126915429E+01  0.115751578179633E+01 -0.374237641981462E+01
% -0.253011918645027E+01 -0.104869341894715E+01 -0.742079350395929E+00
% -0.242926604593298E+01 -0.458228592097715E+00 -0.417875397488562E+00
%  0.137069580730116E+01 -0.241511022205732E+01 -0.666404853034738E+00
% -0.667980434893238E+00 -0.662256917496105E+00 -0.181971914910315E+01
% -0.519429741796695E+00  0.562891570203421E+00  0.109840866752055E+01
%  0.121964073668240E+01  0.129714964542292E+00  0.117121040871818E+01
% -0.190786783566052E+01 -0.165972577956808E+01  0.982702887634570E+00
% -0.276390535608376E+01  0.228431101356117E+00 -0.422995710851160E+00
% -0.144496980372663E+01  0.472972651861008E+00 -0.133485015859412E+01
% -0.209851239772243E+01  0.747028935244834E+00 -0.150868391484158E+00
%  0.195549318031969E+01 -0.112397382929724E+01  0.308753084013193E+01
% -0.313222343312413E-01  0.265027931085738E+01  0.226935781117233E+01
%  0.972897309194132E+00  0.365323571480908E+00  0.456283996118618E-01
%  0.659687621715568E+00 -0.260056757423606E+01  0.178142431400288E+00
%  0.107475662224974E+01  0.133234218011873E+01 -0.135268497717041E+01
% -0.177193340940796E+00  0.439972934455658E+00  0.166915336929524E+01
% -0.104029102324968E+01 -0.722759178461681E-01 -0.506717007770212E-01
% -0.100175693061843E+00 -0.234671463320131E+01  0.188272907880927E+01
% -0.430873724694968E+00 -0.113995277283722E+01 -0.260378033670639E+01
%  0.134188645276961E+01 -0.132721327149712E+01 -0.155381333524366E+01
% -0.161399697155221E+01 -0.116796275314801E+01 -0.564468880119500E+00
% -0.149782770472077E+01 -0.175475160829186E+01  0.997363162179366E+00
%  0.802397740961540E+00 -0.469283456078750E+00  0.201874198724308E+01
% -0.656637466437622E+00  0.142139054279891E+01  0.578542715749376E+00
% -0.383642053487337E-02  0.269952369041468E+01  0.985256786990418E+00
% -0.999266187937973E+00 -0.189823788606517E+01 -0.106596711316583E+01
% -0.139422474481229E+01 -0.111558379161209E+01  0.154714232309117E+01
%  0.127966372948371E+01  0.263971831422401E+00  0.500093900448302E+00
% -0.508696483086783E+00 -0.485198842452969E+00 -0.222322036762753E+00
% -0.887237193676591E+00 -0.274942620015817E+00  0.762027547332119E+00
%  0.581783688740641E+00 -0.381765172814474E+00  0.224908020269154E+01
%  0.284341905623360E+01 -0.106393390350383E+01 -0.805353988250445E+00
% -0.224227440704798E+01  0.253637557284906E+01 -0.139477897301021E+01
%  0.234975966670633E+01  0.293358853862586E+00  0.987886269051751E-01
% -0.139539989987329E+01 -0.908528648567274E+00 -0.124469081149378E+01
% -0.741696863413962E+00  0.394638901212134E+00 -0.249825148253042E-01
% -0.288582916053195E+00 -0.141520253663193E+01  0.531434192904482E+00
%  0.117307679161273E+01  0.320176638097229E+00 -0.185701277680924E+01
%  0.461965252094580E+00  0.196501217233490E+01 -0.115590198856323E+00
% -0.982119995295519E+00 -0.218835817761923E+01 -0.821684495355902E+00
%  0.321586887108577E+01  0.449315377878508E+00 -0.287218365027172E+01
% -0.777842392337696E+00  0.166712068829395E+01 -0.267184647162797E+00
%  0.286010574561573E-01  0.432195506039121E+00  0.137887467774648E+01
%  0.974545336899093E+00  0.150932768374284E+01 -0.286136000652114E+00
% -0.613464646409382E-01 -0.189001281419229E+01 -0.521896320066946E+00
% -0.272979285456135E+00  0.663778691606306E+00  0.442955441880676E+00
% -0.116882066873921E+01 -0.207296584652075E+01  0.126903342819413E+00
% -0.242538035575765E+01 -0.962164430941802E-01  0.506475722990798E+00
% -0.179799609186078E+00 -0.123947999615548E+01  0.111766442007108E+01
%  0.277170116644263E+01  0.867557123241067E+00  0.784780183653887E+00
%  0.848719685967376E-01  0.483496887460296E+00 -0.154227069740952E+01
% -0.710114737191107E+00 -0.313985521517930E+01  0.168370068410518E+01
%  0.906161830646039E+00  0.639508377659479E+00 -0.117306625503146E+01
%  0.724226884326430E+00 -0.112076677401231E+01  0.502213935385110E+00
% -0.146950806222039E+01  0.514341717211229E+00  0.172883697601170E+01
%  0.112032775955465E+01 -0.938032407001764E+00 -0.574562029239201E+00
%  0.154547423167690E+01  0.382402343232885E+00  0.112394368791789E+01
% -0.125715064485986E+01 -0.671780349779523E+00  0.623276931918014E+00
%  0.172696413817227E+01  0.590410745170280E+00  0.125236604351987E+01
% -0.273823832336688E+01  0.124069796645542E+00  0.246811807305582E+01
% -0.913161472286691E+00 -0.124914647113881E+01 -0.905369804245306E-01
%  0.181354108711183E+00  0.279236490050755E+01  0.177514473691477E+01
% -0.183754113131927E+00  0.279686675912141E+01  0.154119014838848E+01
% -0.151938052859974E+01 -0.120085259530576E+01  0.435440799751364E+00
%  0.377500315771955E+00 -0.108526770929053E+01 -0.915415834499378E+00
% -0.937189964668037E+00  0.116913552770609E+01  0.898111829683244E+00
%  0.124448996014887E+01  0.470072036759547E+00 -0.596154382387263E+00
% -0.100981518129179E+01 -0.204903300686358E+01  0.198010716412150E+01
% -0.192214809471924E+01  0.100614339096810E+01 -0.597886866487395E-01
%  0.134990853310210E+01 -0.391233523578587E+00 -0.611308569553000E+00
%  0.391936038034722E+00  0.819578236821066E+00 -0.647929345629164E+00
% -0.536296234874846E+00  0.680190258437771E-01 -0.655580425118132E-01
% -0.209745136254867E+01  0.815687317207074E+00 -0.308261656807082E+00
%  0.166593203069309E+01 -0.914791888669268E+00 -0.491070500987336E+01
%  0.131252810325124E+01  0.114342869714840E+01  0.690102928965634E+00
%  0.104666105644353E+01  0.430415828477102E+00  0.840411608975213E+00
%  0.313480216928439E+00  0.102921309263794E+01 -0.183702200311835E+01
%  0.115469551155694E+01 -0.146091767492920E+01  0.912438441137724E+00
% -0.698032843829753E+00  0.739861265151161E+00  0.745815484930915E+00
%  0.570486375164317E-01  0.120236816075860E+01  0.255566971612534E+01
%  0.303340391627576E+00  0.145808812880506E+01 -0.135496260347015E+01
%  0.102298826359072E+01  0.880388916753788E-01  0.384096108401900E+01
%  0.354427444292548E+01  0.797656212744509E+00  0.691897272631460E+00
% -0.357146422120703E+00 -0.102472799613246E+01 -0.676719238803592E-02
% -0.128018928619344E+01  0.175014583512957E+00  0.106201754131853E+01
% -0.279946020140819E+01  0.811189757250699E+00  0.137751620828653E+00
% -0.108817776710899E+01  0.571926929252720E+00 -0.199323063744714E+01
% -0.570548649104004E+00  0.212444112353882E+01 -0.924514623043185E+00
%  0.108632790330495E+01 -0.434354607878733E+00 -0.334166207902512E+01
%  0.135779703452347E+01  0.270387887733103E+01 -0.490801925606976E+00
% -0.459932080217892E+00  0.141031606646687E+01  0.472510596139217E+00
% -0.520004660271831E+00 -0.130246692280651E+01  0.623866969620985E+00
% -0.147676751101613E+01 -0.821995054068055E+00  0.554835106473383E+00
%  0.126465917910819E+01  0.228798149871304E+01 -0.598922842770634E+00
%  0.763003311228246E+00  0.443984130744697E+01 -0.612261156196262E-01
% -0.200422132501713E+01  0.348228407126766E+01  0.301860572670836E+00
% -0.137559972944742E+01  0.209884658002530E+01  0.131679039018869E+00
% -0.115017085672209E+01 -0.252228494359440E+01  0.514904767310108E+00
%  0.149283804159488E+01 -0.452643966354765E+00 -0.194467019881863E+01
% -0.548374269697593E+00  0.200749235376103E+01  0.142879112038396E+01
%  0.222592793604726E+01  0.138928165191433E+01  0.512281039117540E+00
% -0.744246587134473E+00 -0.824043632459952E+00 -0.980915304900966E+00
% -0.665527291313754E+00  0.337653262467847E+00 -0.132727897719288E+01
%  0.147774346109176E+00  0.461012155006081E+00  0.139373120840371E+01
% -0.203207156647730E+01  0.695080456954938E+00  0.337150560636416E+00
% -0.175804562668094E+00  0.108032418291172E+01  0.203620381781069E+00
%  0.173061035413059E+01 -0.227629822480194E+01 -0.120754439436095E+01
%  0.106482002867958E+01 -0.259701297931892E+01  0.742753570986258E+00
%  0.228231166105763E+01  0.104362938058973E+01 -0.234411738083972E+01
% -0.134831617428448E+01  0.503530949120539E+00  0.300198992951837E+00
%  0.977359084918889E+00  0.260524415071862E+01  0.261857821953369E+01
%  0.439120891825035E+00 -0.145783884064388E+01  0.859816284757594E+00
%  0.127724615292606E+01 -0.167142097448587E+00  0.249356388104071E+01
% -0.374603230248465E+00 -0.157012277538985E+01 -0.925578592222553E+00
% -0.202668508179174E+01 -0.694833819981684E+00 -0.194924821980132E+01
%  0.150408407387568E+01  0.855425653856113E-01  0.341016677591702E+00
%  0.171995895606481E+01 -0.207758566051724E-01  0.421891168617239E+00
% -0.173125747188305E+00  0.552156643786024E-01  0.285086536413736E+01
% -0.869020103601160E+00  0.805992584165158E+00 -0.227323002925735E+01
%  0.128756163834938E+01  0.944350146342287E+00 -0.220901408809447E+00
%  0.302809845392935E+01 -0.159319658860226E+01 -0.379477430542367E+00
%  0.885967840442970E+00 -0.471061086241811E+00  0.194711738587094E+01
% -0.219491613871357E+01 -0.131523921641800E+01  0.297400991193767E+01
% -0.143639600624064E+01 -0.233212630163909E+00  0.124732402266795E+01
%  0.161972550517829E+01 -0.636218708346538E+00 -0.797536927573334E+00
%  0.158941784826646E+01  0.284202281823594E+01  0.806694339207250E+00
%  0.791776189621698E+00  0.627609302824783E+00  0.422447053077363E+01
% -0.156246334849491E+01  0.669175430291653E+00  0.249337854808044E+00
%  0.188863036927522E+01 -0.138939820479748E+00 -0.658623472865457E+00
% -0.816446575931959E+00  0.294469730920447E+01 -0.445411476904397E+00
% -0.947202927388106E+00 -0.289427294388677E-02  0.115903075511334E+01
% -0.199267137495666E+00  0.152089747386439E+01 -0.193811576535747E+01
%  0.354531465715632E+00  0.607775835507385E+00  0.143532641100310E+01
% -0.122928940425041E+01 -0.157447509399047E+00 -0.604411865224101E-01
% -0.292030227010954E+00 -0.237184644128032E+00 -0.132527949327600E+01
% -0.130087192266272E+01  0.115229086336916E+01  0.137906198451858E+01
% -0.966947208061295E+00 -0.210707931108157E+01 -0.111422298598502E+00
%  0.293414697029099E+00 -0.470971324238409E+00  0.273207186840516E+01
% -0.184751089697162E+01  0.163222194637298E+01 -0.914150392486440E+00
%  0.299409991334957E+01  0.912130444174017E+00 -0.216521352274938E+01
%  0.642603522216276E-01  0.317901776018772E+00 -0.262958358287733E+01
% -0.110375825727768E+01  0.521252761562340E+00 -0.274241535591838E+01
%  0.146763177130171E+00 -0.908872615765022E+00 -0.105481452629432E+01
%  0.138660785397702E+01  0.103221034481393E+01  0.614995106401646E+00
%  0.126729235741854E+01 -0.309656294071850E+00  0.106840893101741E+01
% -0.366987092070093E+01  0.148140573030732E+01 -0.296474743708773E+00
%  0.188424343076291E+01  0.134217120699040E+01 -0.166762001243344E-01
%  0.264980205814786E+00  0.959904550613472E+00  0.176716467337336E+01
%  0.195831623601941E+01 -0.346444716954101E+00  0.247675342042991E+01
%  0.421956767676661E+00  0.453087758331009E+00  0.722022713897858E+00
% -0.284834925580222E+01 -0.707393092867232E+00  0.103117688708939E+01
% -0.199564814337303E+01  0.119662605613965E+01  0.388380974091922E+00
%  0.148385983082429E+01 -0.917194032567463E+00 -0.275135110414359E+01
%  0.138770653571986E+00 -0.108122482100841E+01  0.226660435657138E+00
% -0.158321096302920E+01  0.696566307643651E+00 -0.111813493457075E+01
% -0.129758728744050E+01  0.136402442590147E+01 -0.155807153477169E+01
%  0.622157214126815E+00 -0.430648012788113E+00  0.168254360815866E+01
%  0.349344593005649E+01 -0.639807638584122E+00  0.109207423360580E+01
% -0.308126941297349E+00 -0.555590493821259E+00  0.498027297067125E+00
%  0.125765072119539E+00  0.146850369132573E+01 -0.484575109494675E+00
% -0.214015860293708E+01  0.391563051913820E+00  0.185719132170599E+01
% -0.464108065779652E+00 -0.167474892618614E+01  0.261984265173576E+01
%  0.324416359223287E+00  0.403598731709229E+00  0.166357218424676E+01
% -0.341779900659365E+00 -0.144283065492670E+01  0.638926050678751E-02
% -0.224155404698093E+00 -0.585247445104614E+00  0.109241046931728E+01
%  0.476390216553625E+00  0.232612030594497E+01 -0.202453019329483E+01
% -0.224255562511582E+00 -0.131090204835327E+01 -0.907085413172032E+00
%  0.265233942821153E+00  0.284097485722707E+01  0.520468981392654E+00
%  0.165012507291739E+00 -0.204014954607449E+00 -0.740168957153121E+00
% -0.898477737381382E+00 -0.196678367838954E+01  0.969959764325908E+00
%  0.716169340405550E+00 -0.578085396566759E+00  0.414521387485641E+00
% -0.280833414807438E+01 -0.125282710996668E+01 -0.847488490823652E+00
% -0.701682908428487E-01 -0.144463300531079E+00  0.828582598473932E+00
% -0.210947426251768E+00  0.290905307965442E+00 -0.453297336872164E+00
%  0.102196586561594E+01 -0.347232889544947E+01  0.793419234669772E+00
%  0.284642608480033E+01  0.676185849063505E+00 -0.790286593195483E+00
% -0.166579361077525E+01 -0.811312021992045E+00 -0.379688107567612E+00
% -0.272278845416170E+00  0.124484378644266E+01 -0.300252907397313E+01
%  0.962441109814500E+00 -0.235887871169416E+01  0.266438461772084E+01
%  0.768871148725324E+00  0.835279765629859E+00  0.546686590533567E+00
%  0.108439366130738E+01  0.376170268953966E+00  0.870648450713920E+00
% -0.126976074226036E+01  0.106983961343913E+01  0.318111410056707E+01
%  0.765469262617417E+00 -0.248482228193551E+01 -0.709495680523991E+00
% -0.690180489064647E+00  0.108198241789612E+01 -0.339706095767331E+00
% -0.111487255960040E+01  0.515639974877717E-01 -0.119936268618571E+01
%  0.198871641992854E+01 -0.790798638848316E+00 -0.400192213247086E+00
%  0.572582927118799E+00 -0.187121205165448E+01  0.285249721373404E+00
%  0.104930360088251E+01  0.122920591871234E+01 -0.340611673364302E+00
% -0.110145182577879E+01  0.180122749057077E+01 -0.572382722413310E+00
% -0.831066936067768E+00 -0.963946603882487E+00 -0.405870121074869E+00
% -0.193622658086768E+01 -0.765828113139093E+00 -0.763799178642922E-01
% -0.116335710551194E+01  0.456520406891737E+00  0.136005466687473E+01
%  0.137092497067741E+01  0.282697706996775E+00 -0.109471266768848E+01
%  0.148734731072292E+01 -0.528675319660403E+00 -0.812254022951081E+00
% -0.128397350423632E+01  0.189947542646785E+01  0.530911006084556E+00
% -0.316642430037434E+00  0.941015143743710E+00  0.465953928412630E+00
%  0.226634553027870E+01 -0.829929015551656E-01  0.233291460991228E+00
%  0.152115926563560E+01 -0.669900861717952E+00 -0.500239517395677E+00
%  0.307863021808405E+01 -0.105129363992939E+01 -0.115360831311862E+01
%  0.125327146773149E+01 -0.190844172325222E+01  0.757033125391048E+00
%  0.148202252067745E+00 -0.142575901054929E+01 -0.359020094021978E+01
% -0.161352747535340E+01 -0.194116424782663E+01 -0.247435718173465E+01
% -0.352053997712189E+01  0.160144506699410E+01  0.786040709064938E-01
%  0.253459423298038E+00 -0.704603999782517E+00  0.960191181062187E+00
%  0.173985859449259E+01 -0.431213607447778E+00 -0.737109679807861E+00
%  0.216918832870742E+01 -0.275449625955235E+01 -0.375101105903881E+01
% -0.311433816494963E+00 -0.227354578205620E+01 -0.374558404228519E+01
%  0.166193322084982E+01 -0.444292549752640E+00 -0.231538893862796E+01
% -0.768420895070572E+00 -0.943066931074110E+00 -0.370945097169433E+01
%  0.266808855291936E+00 -0.584568171416705E+00 -0.153096056613154E+01
% -0.660595021636103E-01 -0.882137942462613E+00 -0.814907453568738E+00
%  0.687148892048276E-02  0.109791029543337E+01 -0.277313340383313E+00
%  0.181256256982459E+01  0.235986431006277E+01  0.107616201306301E+01
%  0.142254766976139E+01  0.205153767694399E+00 -0.445262428497495E+00
% -0.755061089540199E-01  0.217781072031903E+01 -0.396199265005812E+00
% -0.604619119775514E+00  0.216281769890377E+01  0.172776414305431E+01
%  0.266503221252986E+01  0.810823791114550E+00  0.166350457871687E+01
%  0.177944842856453E+00 -0.112215638997610E+01 -0.226304315039055E+01
%  0.166936702557480E+01 -0.172978453755590E+00 -0.370394974018582E+00
% -0.473965618499243E+00 -0.920187074241198E-01  0.288300295046630E+01
% -0.709487146169822E+00  0.316993001794137E+00 -0.129500656939613E+01
% -0.165467473089027E+01 -0.201245439070670E+01 -0.108749665222000E+01
% -0.498787407688797E+00 -0.860914885351306E+00  0.187562962842477E+01
% -0.156554032307782E+01 -0.654732467269932E+00  0.247602273267796E+00
%  0.748631403460205E+00  0.176395005441464E+01  0.161577470714376E+01
% -0.210149726111339E+01 -0.109890830484406E+01 -0.873930557800882E+00
% -0.130058398729055E+01  0.867667489950791E+00 -0.163587940846983E+01
% -0.133732601562354E+01  0.861296732648471E+00 -0.475831047570513E+00
% -0.637111738757253E+00 -0.181114932910272E+01 -0.209945949337020E+00
% -0.548447773376017E-01  0.213675281571492E+01 -0.142033067561560E-01
% -0.410690889575256E+01  0.897209398129253E+01  0.318479107730923E+01
% -0.415472027134049E+00 -0.856817071212678E+00 -0.739493945090899E+01
% -0.239939422464014E+00 -0.142108611774112E+00  0.408657555329285E+01
%  0.825690117820425E+01  0.227401225469471E+01  0.174667694033448E+01
% -0.466675271887000E+02  0.594332382531076E+01 -0.134845169606598E+02
% -0.876426046009228E+00 -0.111894756982121E+02 -0.687860282885681E+01
% -0.247870401132961E+02  0.475867693899433E+02 -0.172360597309899E+02
% -0.368652568067065E+01 -0.475167775559806E+02 -0.352464089823718E+02
%  0.797934357673813E+01 -0.266222864590699E+00 -0.206452004524802E+02
%  0.129740512813433E+01  0.319970750176901E+00 -0.211525138668056E+00
% -0.810635572827910E+01  0.424243332340395E+01  0.546022129273005E+01
% -0.275087262236386E+01 -0.376228059956549E+02 -0.197159551569810E+02
%  0.596337916003096E+01 -0.301390755258257E+02 -0.555358336778313E+02
% -0.127142534576845E+02  0.135623503504369E+02 -0.601045167586388E+01
%  0.202315597250898E+02  0.102706102319587E+02  0.323759552906893E+02
% -0.466660037610804E-02 -0.549765886091511E+00 -0.183934417609673E+01
% -0.235921149468429E+01 -0.697455518070050E+00  0.513622634647456E+01
% -0.213262988630004E+02 -0.790690707761508E+02 -0.189316637451156E+02
%  0.287087764598986E+02 -0.489240390136260E+01 -0.471722489482489E+02
% -0.106259243733200E+02  0.114294544555039E+02  0.498505830595523E+01
%  0.192857395210154E+02 -0.145237360238987E+01  0.987168021146571E+01
%  0.152399123784081E+01 -0.453760799070178E+00 -0.102431662902145E+02
%  0.144121718765832E+02 -0.275335778827647E+01  0.112215198334391E+02
%  0.696064973554433E+01  0.194672383815797E+02 -0.147280960261309E+02
%  0.342896999004513E+02  0.486545316937586E+01 -0.351220719746498E+01
% -0.296641516177619E+02 -0.148089264156590E+01  0.132011835624261E+02
% -0.281800976677233E+02  0.337163924206578E+02 -0.494149950152082E+02
% -0.155778658449235E+02 -0.721087531408723E+02 -0.614608020668706E+01
%  0.264053420679254E+01  0.774229101876629E+01 -0.105542083784936E+02
% -0.447098978322481E+01  0.114219748903618E+02 -0.170664586203792E+01
%  0.130928008629313E+02 -0.516099359958556E+01  0.461768859254871E+01
% -0.325422515482124E+02 -0.157383786352262E+02  0.109254391661094E+02
%  0.390573428749609E+01  0.252887512851274E+01  0.360048922700583E-03
%  0.155094679966120E+02  0.503138889475394E+01  0.545905114389449E+01
%  0.189417065747813E+02  0.238409914355910E+02 -0.563406434664513E+00
%  0.178856651753917E+02 -0.205221169721872E+01  0.181874891619348E+02
%  0.463539688612306E+02  0.211479708847739E+02  0.326424583873743E+02
%  0.601212982123958E+00  0.416800214586288E+01 -0.412683410198242E+01
%  0.933041399042881E+01  0.589681997008593E+01 -0.391357388320064E+01
% -0.420898277994254E+02  0.107401380000380E+02 -0.261732122365645E+02
% -0.135190992909796E+02 -0.248469197536586E+02  0.547792065627472E+01
%  0.608093039678123E+01  0.684176558291385E+01  0.658214163196874E+01
% -0.741442309802210E+01  0.617443656249688E+01  0.863542061774023E+01
% -0.470846847057587E+01  0.718736794002818E+02  0.252909266523882E+02
% -0.343262136243160E+02  0.232932968038910E+02 -0.265774813566906E+01
% -0.939177540390497E+01 -0.172538427223912E+01  0.564817364339476E+01
%  0.762974913456750E+02 -0.805713990180124E+01 -0.683230063826760E+02
%  0.251371285622114E+02  0.118227106207010E+03  0.988064382071075E+02
%  0.318176918675257E+01 -0.141213142126617E+02 -0.326546337495966E+01
%  0.124539354361972E+02  0.232657195497233E+01 -0.749683477734017E+02
% -0.140317514346719E+02  0.306685730270790E+02  0.151466761550211E+02
%  0.623472032367402E+02 -0.624790705559679E+01 -0.116372812721853E+02
%  0.885353265646419E+01  0.107935932890408E+02 -0.869229287530895E+01
% -0.184870801288963E+02 -0.152484918976740E+02  0.512810331024224E+00
%  0.965986394531931E+01  0.369930794615621E+01 -0.640196697592117E+01
% -0.168921517627379E+01 -0.294869268511241E+01  0.506074443884158E+01
%  0.741246164018138E+01  0.735105098812981E+01  0.741571534799077E+01
% -0.302611691396350E+01 -0.438974509457494E+01  0.121142247010426E+02
%  0.143200077080301E+01 -0.716354196212172E+01 -0.631898538204253E+01
% -0.284306840716833E+02  0.346877078181400E+02  0.205679431332279E+02
% -0.128391061995318E+02  0.356059260253315E+01 -0.906557800426357E+01
%  0.177235359932423E+02  0.531643696811420E+01 -0.122555221398733E+02
% -0.271332993076358E+02  0.115231987777564E+02  0.509047138119203E+02
% -0.161987064386541E+02  0.139941595655327E+02  0.127916117723523E+02
%  0.121607245516491E+02  0.151158052104423E+02 -0.659511187149921E+01
% -0.128147900852421E+02  0.224060200429705E+02  0.525110513409037E+01
% -0.894782679538416E+00 -0.249740096948554E+02 -0.190149900937167E+02
%  0.150679479219161E+02  0.380832528538095E+01  0.277111674875562E+01
% -0.174583840067312E+02 -0.298179477087518E+02  0.133947171989548E+02
% -0.389976352478175E+01 -0.149751595914885E+02  0.231718771681009E+02
% -0.114449839000837E+02  0.626048797409788E+01  0.579832798235442E+00
%  0.287608179646695E+01  0.484750816594090E+01  0.129680167928316E+01
%  0.461600484339683E+01 -0.295819479648227E+01 -0.365617742500618E+01
%  0.180391672103992E+01  0.392953229882668E+02  0.236301456912616E+02
%  0.173026542213175E+02 -0.642640322078802E+01  0.556623848417006E+02
% -0.235807331230695E+02 -0.669776829139131E+01  0.461418216136239E+01
%  0.100941412946080E+02  0.103339863079837E+02 -0.744390887329855E+01
% -0.223443359857959E+02 -0.207286077689171E+02 -0.218103219222011E+02
%  0.202570397028501E+01 -0.533029055877209E+02 -0.640345155949174E+01
%  0.441072697553537E+02 -0.349430992470038E+02  0.101403212007165E+02
%  0.247072493252337E+01  0.107732703645889E+02  0.222222311736952E+01
%  0.940306503995035E+01  0.224130953507487E+02 -0.153267211189472E+02
% -0.532918663692791E+02  0.531533762280785E+02  0.203611566205114E+02
%  0.469761213474758E+01 -0.902783261523005E+02 -0.102481376709780E+03
%  0.579786051508946E+02  0.103833632395973E+02  0.106687496555081E+02
%  0.175483763124565E+02 -0.719878663392278E+01 -0.139029400327600E+02
%  0.273478454096499E+01 -0.597945061016449E+01  0.197207389446314E+02
%  0.982740960276588E+01  0.497365732698451E+02  0.111007777923596E+02
%  0.227728346124300E+02  0.256362135130945E+02 -0.156456353992020E+02
% -0.488094186873991E+01 -0.304945902873145E+01 -0.121166032766688E+02
%  0.111117810694169E+02  0.959830197097809E+01 -0.282729826986900E+01
% -0.864285250738959E+02  0.528260612156929E+01  0.715643046827210E+02
% -0.748954435834553E+00 -0.192533437349827E+02 -0.212112354138258E+02
%  0.164914262453021E+02  0.338989123050123E+01  0.149111214830725E+02
% -0.120874156148839E+02  0.560463030903576E+01  0.116686318067656E+01
%  0.203723820930220E+02 -0.509643462733354E+01 -0.555648612091682E+01
%  0.906804684225038E+00  0.122224295678117E+01  0.694269176188031E+00
%  0.106645503938984E+02 -0.176394958552502E+02 -0.103278321931024E+02
% -0.424481385350388E+02 -0.732193505120031E+01 -0.622759708680751E+01
%  0.347740880213475E+01 -0.226453661864378E+01 -0.130533076684847E+01
%  0.391786939889436E+01 -0.113317552102414E+02 -0.503423468912933E+00
% -0.214619996426258E+02 -0.275928766702794E+01  0.109414850632474E+02
%  0.667555534028000E+01  0.175775113779653E+02  0.659325538056457E+02
% -0.282289931105223E+02  0.542614714419561E+01 -0.318953726815259E+01
%  0.920442850621876E+01 -0.129794402240998E+02  0.240524522117496E+02
%  0.149011191302391E+01 -0.111505257751099E+02  0.361408180782674E+01
%  0.496296136793522E+01  0.255879530716646E+01 -0.593301689102885E+01
% -0.175691744203908E+01  0.592612957089108E-01  0.136824244181082E+01
% -0.103321724737468E+01 -0.112130091840609E+01 -0.832443075625908E+00
% -0.392967437400752E+02  0.557440617038668E+02 -0.804690211592807E+01
%  0.108180446540855E+01  0.562999005498186E+00  0.779307250012153E+01
%  0.536148105584301E+02  0.253751635830302E+02  0.389269824463178E+01
% -0.422119065319947E+01 -0.330647300499281E+01  0.260068489895881E+01
% -0.152523800683455E+01  0.269114614703562E+01 -0.534530796449942E+01
%  0.175916065457538E+02  0.341936334124042E+01 -0.371724503061786E+01
%  0.264433893697262E+02 -0.138833531652315E+02  0.250102185367911E+02
%  0.130177932597067E+02  0.125484174021703E+02 -0.174898305269912E+01
%  0.145550267747331E+02 -0.157722962422769E+02  0.253693304996353E+01
% -0.141571196669133E+02 -0.407620630574820E+01  0.538439819722617E+01
%  0.646225963783091E+01  0.523621787681841E+02 -0.277987821887469E+02
%  0.152681650845570E+02  0.129644833632526E+02  0.110419081802694E+02
% -0.135756528805203E+02  0.152688571021049E+02  0.598640916391918E+01
% -0.354976095418599E+01 -0.140489595342225E+02 -0.134294649313906E+02
%  0.633310630506918E+00 -0.136454019436576E+01  0.633463522053540E-02
%  0.403962493070088E+01  0.181512292655944E+00  0.356521178772045E+02
% -0.157025538424890E+02  0.505611435930748E+02 -0.768342304873498E+01
%  0.235383352343800E+02  0.797394231092317E+01 -0.681531211730025E+02
% -0.461924994871720E+02 -0.319365082576592E+02  0.695251953257114E+02
%  0.825855476579530E+01  0.371346883448857E+01  0.917235311785196E+01
% -0.187428669320212E+02 -0.219469660874609E+01  0.523466466503772E+01
% -0.286329304875206E+02  0.109044069901087E+03 -0.560831258332584E+01
% -0.374938481379394E+00 -0.168950766280544E+02  0.377413363380635E+01
% -0.107039256225101E+02 -0.624266542089919E+01  0.208100322379262E+01
% -0.156241128461147E+02 -0.572497078134710E+02 -0.476856913629058E+02
% -0.157863603513822E+02 -0.634358810410049E+02 -0.629742583095143E+01
% -0.497783726256247E+02  0.118393286890083E+02 -0.597104778654787E+01
%  0.608085760099608E+01 -0.983358971337345E+01 -0.185255065431570E+02
% -0.851420686863677E+01  0.701597524978781E+01 -0.144900665990286E+00
%  0.176446581526390E+01  0.319962846361779E+01 -0.372577778383681E+01
%  0.231734628514428E+01  0.510179889505628E+01 -0.762158129341222E+00
%  0.167851577837033E+01  0.184652680558121E+01 -0.115737865602631E+01
% -0.571536737398292E+02 -0.205303502091079E+02 -0.466851416439780E+01
% -0.297666773564447E+02  0.261763368606619E+02  0.931328654852009E+01
%  0.165958529468613E+02  0.199451225253260E+02  0.244881720138690E+02
% -0.130801724083815E+02  0.329859165213242E+01  0.306109704347229E+02
%  0.128310050700395E+01 -0.431425888051248E+02  0.345713599508988E+02
% -0.641335581178369E+02  0.143132560084849E+02  0.255696498605690E+02
% -0.242401219523814E+01 -0.426057954240353E+01  0.610477399645324E+01
% -0.148758796990284E+02 -0.151433344103790E+02  0.795741583979994E+02
% -0.203922619199908E+01 -0.168578944976842E+02 -0.139134288320941E+02
% -0.657234973193450E+01 -0.464338132761786E+01  0.115262016497327E+02
%  0.117558234593981E+02  0.686206214342905E+01  0.223688195262418E+01
%  0.330644215149051E+01  0.205869606633822E+01  0.119594743995444E+02
%  0.546530045203964E+02 -0.401027090892775E+02  0.399501906510492E+02
% -0.327937627478628E+02  0.107854492632725E+02 -0.133557833844054E+02
% -0.786576050376840E+02  0.277018614918599E+02  0.153386358440168E+01
%  0.462846046353317E+01 -0.809323780140872E+01  0.524708429199069E+01
% -0.171767985544909E+01  0.325161637879427E+01  0.669224939967690E+01
%  0.396907580211404E+02  0.131386699461819E+02 -0.213784957303434E+01
%  0.530639156006369E+01 -0.138288038303179E+01 -0.312095966802720E+02
%  0.309230436665523E+02 -0.107287913458231E+02 -0.143982758176184E+02
%  0.230236413376138E+02  0.223735926288793E+01 -0.477102117220870E+01
% -0.750446146023214E+01  0.262698418388856E+01  0.466679206521336E+01
%  0.662822590911166E+01 -0.203560482773276E+02  0.148178274630400E+02
%  0.263984335647211E+02  0.108612351046046E+02  0.788705124310782E+01
%  0.588231782406042E+01  0.130149126782593E+02 -0.557358492042748E+01
%  0.145413941349644E+02  0.588234404758308E+01  0.145746791054810E+02
% -0.553527135234667E+01 -0.199115115239207E+01 -0.115282036033784E+02
%  0.400811192746921E+01  0.206383387886366E+01  0.485384131117065E+01
%  0.436318964527516E+02 -0.784897274948174E+01  0.943882300590072E+01
% -0.127044606077967E+02  0.342584697280340E+02  0.549885622643397E+01
% -0.634897159077031E+01 -0.357724626029325E+02  0.197258889475037E+02
%  0.115980168046458E+03  0.336584505785710E+02 -0.299237853509160E+02
%  0.788778505879084E+01 -0.115090575517422E+01 -0.451102563938312E+01
% -0.173239071184743E+01 -0.282407797380535E+02 -0.318593775039596E+02
%  0.491319342349751E+01 -0.732656178297151E+01  0.993654209963253E+01
%  0.467191519584655E+01 -0.367863159853256E+01 -0.113940529467876E+01
%  0.154361086710137E+02 -0.640685427662329E+01 -0.714679863209035E+00
% -0.799515553702375E+02  0.266553436118609E+01 -0.294226871424733E+02
%  0.131044246314749E+02  0.263969039716410E+02 -0.185966642403499E+02
% -0.253253975569138E+01 -0.104758599676921E+02  0.175167531823776E+02
%  0.804058828661153E+02 -0.373693190935550E+02  0.802392312829813E+02
% -0.138624992398887E+02 -0.419187309872457E+02 -0.343111659153675E+02
%  0.181831797438632E+02 -0.339754418454659E+02 -0.120180340417810E+02
%  0.177068036965754E+02 -0.197933817275880E+02 -0.186841735977501E+02
%  0.139487945291300E+01  0.441919176225015E+02 -0.312087229922862E+02
% -0.352805893146606E+01 -0.192472474317186E+02 -0.153557560808119E+02
%  0.440548535316808E+02 -0.634953460692113E+02 -0.135962830734923E+02
% -0.455543241457938E+01  0.993173238597408E+01  0.114799307410192E+01
% -0.327430332493400E+02 -0.880110105580701E+01  0.705806472275323E+01
% -0.918785437273008E+01  0.638570116239018E+01 -0.216162655502343E+02
% -0.129560884663105E+02  0.391974282866748E+01 -0.696433523230382E+01
% -0.169470072398625E+01 -0.130750135369640E+01  0.214256249514610E+01
% -0.172701980229271E+02 -0.353646353233943E+01  0.644274249140389E+01
% -0.353327720048932E+02 -0.114614145737792E+02 -0.174480452067198E+02
%  0.142276297598915E+01  0.143582614374055E+02 -0.268973950817595E+02
%  0.811815682340473E+00 -0.436963255107767E+01  0.387067108562168E+02
% -0.667882530877189E+01  0.754236629018539E+00 -0.182660223618447E+01
% -0.205966956753206E+02  0.160470479208775E+01  0.234931895797463E+01
% -0.940608737664630E+01 -0.820250484667239E+01 -0.845071022148327E+01
%  0.270666829403160E+02  0.801442524157919E+02  0.244537211804739E+02
% -0.656979127895724E+02 -0.644776064427049E+02 -0.886502265053687E+02
%  0.654299108767698E+01  0.246715021239134E+02  0.402107700630746E+02
%  0.783641912367328E+01 -0.155854193763199E+01  0.470423938624808E+01
% -0.303726131640031E+02 -0.242218400334765E+02 -0.372180145936525E+00
%  0.292861521902534E+01 -0.966976744899036E+01  0.269063201428184E+01
%  0.417921562404603E+02  0.116718256641973E+01 -0.103459971166197E+02
%  0.170098874450990E+02  0.697147628840133E+01  0.116896091474140E+02
%  0.296524293089352E+02  0.800386384716545E+02 -0.459540318034037E+01
% -0.971740982713635E+00  0.276457662280814E+01 -0.731030190011320E+01
%  0.919169169592090E+00  0.278619300513112E+01  0.420044244044364E+01
%  0.670489903623902E+01  0.247267675286494E+02 -0.124723104133628E+02
%  0.467025445482832E+02 -0.750115277590958E+01  0.268624516264891E+02
%  0.178827926714709E+02 -0.270880408812575E+02  0.136649619025231E+02
%  0.190892086669880E+02  0.985381108086735E+01  0.126282558495714E+01
% -0.329711767022726E+01  0.237782204881985E+02  0.600808012795636E+01
% -0.648164268213448E+01  0.317488982821299E+02  0.127188900063266E+02
% -0.779990308915115E+01  0.885577783215809E+00  0.225474708665298E+01
% -0.444138830999510E+02 -0.785345005929991E+01  0.760026862740431E+01
%  0.119118619032716E+02  0.162185647546568E+02 -0.651358064775938E+01
% -0.157418235976877E+02 -0.870349784988166E+02  0.543963083438929E+01
% -0.748925843838488E+02  0.403695167938878E+02 -0.839065389822715E+02
% -0.620570140980297E+00  0.869707047120204E+01  0.126182889669760E+02
% -0.169100043587559E+02 -0.122916969468757E+02  0.389550215380350E+00
%  0.459596715736633E+02 -0.975455321604801E+01  0.182894909544055E+01
%  0.378968615556225E+02 -0.135357874752642E+03 -0.151262929601737E+01
%  0.178195867142974E+01  0.461638918855890E-01 -0.291728223186170E+01
%  0.455387709220033E+02 -0.340796828551403E+01 -0.405956474907185E+02
%  0.115382536080748E+02  0.716338223465901E+02 -0.575322701978572E+01
%  0.439401385509347E+00 -0.214033755576087E+01  0.121380136693992E+01
% -0.769021476880407E+01 -0.156542130971437E+02 -0.170188907384788E+02
% -0.277556103039941E+02  0.255286942161683E+02 -0.239914403320598E+01
% -0.365434114942789E+02  0.710200021008844E+02  0.695882408446155E+02
%  0.547625973073637E+02 -0.136142041992026E+02  0.146258044013999E+02
%  0.705524746960743E+01 -0.232026667136009E+01 -0.760519186298825E+01
%  0.961125604807862E+00 -0.122949568658318E+02  0.113184143836038E+01
% -0.390894942817602E+01  0.217758692689687E+02  0.221441002952804E+02
% -0.218669076642210E+02  0.130968533038277E+02 -0.915970649067422E+01
% -0.331557240721801E+02 -0.328430660510860E+01 -0.118620872743206E+01
%  0.932921516217548E+01  0.939141498323131E+01 -0.110237483653234E+02
% -0.167981720396496E+01 -0.217717817400153E+02 -0.161622192709037E+02
%  0.171470979975071E+02 -0.123283987978529E+02 -0.169323568681583E+02
%  0.187928425922414E+02 -0.154156673618251E+02  0.231407411339652E+02
%  0.458376818664457E+01  0.162586659667971E+02  0.537112842819630E+02
%  0.377921168665181E+01  0.686529747374846E+01  0.147708342704418E+00
% -0.351239768252022E+01 -0.704082806431524E+01 -0.110849766030200E+02
%  0.246099594078123E+01  0.158209518138621E+02 -0.137819693861872E+02
%  0.279137025435636E+02 -0.485044574591607E+02  0.182971777606296E+02
%  0.146298306956349E+02  0.521726739239429E+00 -0.172220358869193E+02
%  0.140583421732228E+02  0.521294082010826E+01  0.618711419152005E+00
% -0.120983090841954E+02 -0.217893707079548E+02 -0.150211631158141E+02
% -0.256747456452722E+02 -0.520345794529897E+02  0.100437082885446E+02
% -0.782482436577547E+01  0.234878722033423E+01  0.901718574750207E+01
% -0.260351647229796E+02 -0.918698318121459E+02 -0.455720992332559E+02
% -0.150931628551441E+02  0.821765045034636E+01  0.741606643775169E+01
% -0.128119120291625E+02  0.657078837376525E+01 -0.435724711432990E+01
