% T    256  0.715122828077254E+01  0.715122828077254E+01  0.715122828077254E+01
  -0.257088629246218E+01  0.489676841044047E+00 -0.240231670686934E+01
  -0.332190144143415E+01 -0.255260280428319E+01  0.120368695848816E+01
   0.204323281862935E+01 -0.760402052112991E+00 -0.852279842253713E+00
  -0.644568614516380E+00 -0.310483325311859E+01 -0.253038131417453E+00
  -0.347334153049370E+01 -0.278840062699852E+01 -0.355245092411328E+01
   0.480920599843316E+00  0.346768674363233E+01 -0.309937456434626E+01
   0.628282513906036E+00  0.350202529486561E+01  0.151031218479137E+01
  -0.114640819683345E+01 -0.332385745266554E+01  0.304807050256250E+01
  -0.382446113027625E+00  0.842081494817518E+00 -0.993830608510013E+00
  -0.292962439331519E+01 -0.311998047175705E+01  0.274868316184851E+00
  -0.161171262287322E+01 -0.337758026761211E+01  0.210806017685727E+01
  -0.109424729372783E+01 -0.221549825287443E+00  0.891208126331007E+00
   0.209691631758536E+01 -0.826761944432919E+00 -0.215577127246015E+01
   0.817540478340680E+00 -0.207966980629254E+01  0.316786609062394E+01
   0.284884700308894E+01  0.341231083725181E+01  0.260222816373050E+01
  -0.333310109684296E+01 -0.245062802439328E+01  0.220283032341007E+01
   0.265367768009926E+01  0.702171746244170E+00 -0.309416524525432E+01
   0.249106163893119E+01 -0.318661860054515E+01 -0.183470642605812E+01
  -0.167706116060365E+01  0.185043748028260E+01  0.139446082195896E+01
  -0.996287023172672E+00 -0.139970558930437E+01  0.289190732699178E+01
  -0.131285296492014E+01  0.317105740271184E+00 -0.814292629731917E+00
  -0.916225872835466E+00 -0.301800408504500E+01 -0.304520404397485E+01
  -0.231400819625141E+01  0.698031886153435E-01  0.223946215208400E+01
  -0.246692481001133E+01 -0.166541191194366E+01 -0.102111433768435E+01
   0.336887060905408E+01 -0.136428975760636E+01 -0.166695812053643E+01
   0.950985152870869E+00  0.922177661906201E+00 -0.111682528021836E+01
  -0.334557006476256E+01  0.181853470030397E+01 -0.158716393381621E+01
   0.326451756008729E+01  0.165819261387391E+01  0.356231757461549E+01
  -0.948986268687929E+00  0.258479515257384E+01 -0.271434262585860E+01
  -0.235332227005697E+01 -0.307250789789701E+01 -0.115962759050552E+01
   0.215784106592766E+01  0.247480508342337E+01  0.295287408443349E+01
  -0.227561965985562E+01  0.286764752403770E+01  0.318408862013446E+01
   0.324182496860589E+01 -0.276610691358906E+01 -0.253891996122837E+01
   0.157584494742111E+01 -0.209581078099754E+01  0.117862153520063E+01
   0.354645545055117E+01 -0.311683944753403E+01 -0.161671549777238E+01
   0.280164931024982E+00  0.113038547478683E+01  0.111109317745687E+01
  -0.205309233394129E+01 -0.448412908236679E+00 -0.978589676580143E+00
  -0.287353129662055E+00  0.271021656559142E+01 -0.357595018204923E+01
   0.167018977297422E+01 -0.195125832707485E+01 -0.786373715077829E+00
   0.211363099688229E+01 -0.171704906186157E+01 -0.180215395737933E+01
  -0.215528052462239E+01 -0.277807462249947E+01 -0.317870790928063E+01
  -0.197949040009474E+01 -0.159588317478067E+01  0.206510557709815E+00
  -0.104294290424639E+01 -0.332665578996022E+01 -0.115594632604112E+01
   0.671954023496271E+00  0.188807144787170E+01 -0.281383511515664E+01
   0.578528854465244E+00 -0.281152640386929E+01 -0.264923237425040E+00
   0.108979123763441E+01 -0.330398434668416E+01  0.708844086820923E+00
   0.156854224057449E+01 -0.166324390430736E+01 -0.261038523097930E+01
   0.174805015921411E+01 -0.255506732726230E+01  0.287787152280938E+01
  -0.264884885737252E+01  0.194859930446107E+01  0.243248695240480E+00
   0.126061654384502E+01 -0.111550259119086E+01  0.954156920735537E+00
   0.190485738151232E+01  0.191497698119886E+01 -0.302235484453219E+01
  -0.282464484269084E+01 -0.984066742136311E+00  0.830118002791468E+00
  -0.138869467302167E+01 -0.240694795938235E+01  0.280513787310105E+01
   0.100387459480028E+01  0.281776836685716E+01 -0.255521554563937E+01
   0.265694122072264E+01  0.134668507564744E+01  0.263203636706797E+01
  -0.266810494005267E+01 -0.310354700230630E+01  0.172946072460004E+01
   0.273416957775092E+01 -0.722936376753719E-01  0.318026512714351E+01
  -0.275551217250813E+01  0.938488231848051E+00  0.718854490457087E+00
   0.116610247975237E+01  0.942876726280372E+00 -0.152452937472918E+00
  -0.177911687239399E+01  0.356714711210592E+01 -0.259643322514456E+00
  -0.271195896953565E+01 -0.220745661413555E+01 -0.371463503586879E-01
   0.174847055366094E+01  0.882644210618501E-01 -0.159415950554888E+01
  -0.134296053144445E+01 -0.187004297970120E+01  0.194826690091560E+01
   0.202491200218013E+01 -0.280010099362859E+01  0.194491156891209E+01
   0.296436536828461E+01  0.263023116433094E+01  0.177908766948861E+01
   0.846622083083763E+00 -0.191033839691269E+00  0.873684819854633E+00
  -0.267755100071071E+01  0.200415264889894E+01 -0.262985955319762E+01
  -0.440382144043938E+00  0.169785551909891E+01 -0.314664421022755E+01
   0.147591137437791E+01  0.156239646700663E+01  0.312647877406098E+01
   0.303406862563906E+01 -0.551522119649392E+00 -0.345326420805259E+00
  -0.273363478658186E+01 -0.255454759557325E+01 -0.207467732454061E+01
  -0.338363202196280E+01  0.263064105933794E+01 -0.270974438844807E+01
  -0.312481736316865E+01  0.279851959112255E+01  0.658676903256576E+00
  -0.205702124832677E+01  0.137125275767323E+01 -0.793320525249890E+00
  -0.237122876324466E+00 -0.386659968817081E-01 -0.429323028338394E+00
   0.215302862402894E+01 -0.143357501349707E+01  0.538248856291571E+00
  -0.231992724419934E+01 -0.506074864991182E-01  0.116209857243992E+01
   0.306221040856098E+01  0.312641455333508E+01 -0.131723390553770E+01
  -0.141704694805146E+01  0.942611379976651E+00 -0.156810892693028E+01
   0.962042543007743E+00 -0.820376017498032E+00  0.286927845681144E+01
  -0.187872752598393E-01  0.328824502242908E+01  0.464717093320437E+00
  -0.857740162975208E+00 -0.227573599385360E+00  0.346820912206194E+01
  -0.482115529949140E+00 -0.215060307516627E+01  0.347116588400484E+01
  -0.200643375407022E+00  0.224207012677313E+01  0.261685188522815E+01
   0.118620939866840E+01 -0.107339898824303E+01 -0.172463511378577E+01
   0.160952630848297E+01  0.213367489785511E+01 -0.505862166205606E+00
   0.157269504671608E+01  0.198757620723817E+01 -0.200173094068877E+01
   0.436914216045799E+00  0.150255392923000E+01  0.331465870463485E+01
  -0.183530965977695E+01 -0.273478527857241E+01  0.462720370815580E+00
  -0.321950967342891E+01 -0.146746777185573E+01 -0.244315103681223E+01
   0.114031035796122E-02  0.706816391135593E+00 -0.325247681616769E+01
  -0.325034421949947E+01  0.216312321548853E+01  0.280386797369590E+01
  -0.266725544753085E+01  0.279043001764130E+00 -0.374966935935602E+00
  -0.206329996005585E+01 -0.164938083049638E+01  0.329296988872207E+01
  -0.175588482879115E+01  0.117905547108059E+01  0.933529301352391E-01
  -0.318280343253131E+01  0.317372241747104E+01  0.227763032202831E+01
   0.332633540478132E+01 -0.353786347234799E+01  0.689068526963619E+00
   0.319323422007620E-01 -0.189141520989098E+01 -0.205373799461098E+00
   0.201589878856790E+01  0.109763980360096E+01 -0.181887819073970E+01
  -0.112089456269586E+01  0.132276595228554E+01 -0.241904606822157E+01
  -0.262810485400717E+01 -0.494585479525427E+00 -0.315544252939996E+01
  -0.534286789185495E+00 -0.191433574798367E+01 -0.103527659982218E+01
  -0.314642297599950E+01  0.253425896385453E+01 -0.779817821563424E+00
  -0.223508983164370E+01  0.264390696699172E+01  0.115934760078430E+01
  -0.227328061347849E+00  0.201731564737336E+01 -0.213832193891675E+01
  -0.194095955684459E+01 -0.398427814759705E+00 -0.227584531278297E+01
   0.250737657395432E+01  0.191674871419244E+00  0.665682616522092E+00
   0.236825451315572E+01  0.246513342466784E+01 -0.144229814024473E+01
  -0.323272146682550E+01  0.126377537401457E+01 -0.421881079258697E+00
   0.155413351244896E+01  0.308836526589795E+01 -0.164667834014868E+01
  -0.243540471100717E+01  0.187030979367082E+01  0.202904823832525E+01
  -0.118493282347270E+01  0.194389342700285E+01  0.317786565852579E+01
  -0.174675849536011E+01  0.982037545673304E+00  0.250938199045009E+01
  -0.184551269879609E+01 -0.109953742167486E+01 -0.297563412357020E+01
   0.119135270897691E+01 -0.309275036871514E+01 -0.938580930915283E+00
  -0.229853415767154E+00 -0.263333230198240E+01  0.555271672198249E+00
  -0.100656275464576E+01  0.301464440350571E+01  0.244231701561981E+01
   0.232282903205648E+01 -0.339326859620020E+01 -0.830364570427860E+00
  -0.281201554913220E+00 -0.185353290084658E+01  0.108487651337265E+01
   0.267862726249646E+00  0.132627447645626E+01  0.224195704392121E+01
   0.324883751249777E+01 -0.231480217002280E+01  0.702945075021430E-01
  -0.125533663490210E+01  0.228478313286844E+01 -0.156786073992530E+01
   0.311529195907098E+01 -0.312464001202597E+01  0.171049548861932E+01
   0.153066588678387E+01  0.324457395585413E+01  0.329272765067806E+01
   0.949746576372487E+00  0.244269453773093E+01 -0.354421542405185E+01
  -0.530443471136915E+00  0.560901423039108E+00  0.523385923454145E+00
   0.225006702822813E+01  0.107334567788014E+01  0.152881785004223E+00
  -0.579082720215958E+00  0.187587165897508E+01  0.102978210207736E+01
  -0.312174075223276E+01 -0.378677845866854E-01  0.314089612937502E+01
  -0.148193432334535E+01  0.288222486901270E+00 -0.285123188541406E+01
   0.537588357546599E+00  0.123992319432911E+00 -0.157424870320600E+01
  -0.331796892755305E+01  0.325423856777480E+01  0.325653545619778E+01
  -0.301174566068421E+01  0.802285936549854E+00 -0.149935334103481E+01
  -0.184515575760328E+01 -0.222640680105605E+01 -0.598081517605900E+00
   0.600321183434998E+00 -0.101289435107366E+00  0.218546396754898E+01
   0.852800533381019E+00 -0.137694612474309E+01 -0.323618493500044E+01
  -0.292747376213541E+01  0.307934276187103E+01 -0.181807558701416E+01
   0.275875759952269E+01 -0.138316630542612E+01 -0.287142281246626E+01
   0.272968956912832E+01 -0.213931789939081E+01  0.134881938455833E+01
   0.326673655566833E+01  0.713034280172980E+00 -0.193934043660166E+01
  -0.185888454028838E+01 -0.244467818261448E+00  0.328964740055888E+01
   0.192969550573750E+01 -0.281985606203566E+01  0.208959241017303E+00
   0.275900230045320E+01  0.310990378757488E+01 -0.241095000700332E+01
  -0.136050408414936E+01 -0.209813469669413E+01 -0.317441090494546E+01
  -0.240499992191984E+01 -0.117590609183561E+01 -0.187941655527642E+01
  -0.162354784825727E+00  0.288290060945155E+01  0.146175136000129E+01
   0.117307418976807E+01  0.178424225553506E+01  0.203954256061683E+01
   0.272287440018257E+01 -0.239137074038295E+01 -0.138312892456888E+01
  -0.291415010145584E+01 -0.348244812951682E+01 -0.281935871239396E+01
   0.167580351634034E+01  0.337411619967283E+01  0.228561340801443E+01
  -0.327637375660713E+01 -0.348902590322377E+00 -0.215874434649318E+01
   0.630038416306470E+00  0.294141660691015E+01  0.257288511872134E+01
  -0.244367103409120E+01 -0.326878241222301E+01  0.279455663099968E+01
  -0.127585491921635E+01 -0.270249800498786E+00  0.233592539234345E+01
   0.674260398804522E+00 -0.104356987122891E+01 -0.254464777715300E+00
   0.708855456870248E+00  0.501002636890114E+00  0.319178065938895E+01
  -0.336322797797230E+01  0.122694386932152E+01 -0.266782455986049E+01
  -0.120398754245197E+01  0.802170092825824E+00  0.344433306166233E+01
   0.225991997307346E+01  0.256190048675043E+00  0.195339897461152E+01
   0.275811918794391E+01 -0.155203172710300E+00 -0.180207290651363E+01
  -0.313423050345708E+00 -0.397305681457688E+00 -0.141230949946847E+01
  -0.296515330415820E+01 -0.266282431164837E+00 -0.120788802400057E+01
   0.845407042596246E+00  0.512290385055972E+00 -0.248393632611408E+01
  -0.333339697790294E+01  0.342317944169561E-01  0.489013871590894E+00
  -0.345933511119005E+01 -0.167540872838242E+01  0.152987260759265E+01
  -0.343943545016183E+01  0.176392309943865E+01  0.151760386724470E+01
   0.384023386417354E+00  0.282257321545240E+01 -0.118717122591829E+01
   0.314732517668935E+01 -0.119165321926603E+01  0.464174514934510E+00
  -0.454156594624842E-01  0.305808900337719E+00  0.150971111016542E+01
   0.217184522783854E+00 -0.325235169937699E+01 -0.139082272484767E+01
  -0.354848065364793E+01 -0.175302179916308E+01  0.346823790695151E+01
   0.296159711282564E+00 -0.114135860511729E+01  0.166603920689763E+01
   0.160654753406893E+00 -0.140103337104847E+01 -0.132047410288899E+01
   0.102475393198636E+01 -0.267964630807026E+01  0.182429981222477E+01
  -0.113630327416609E+01 -0.155774537547403E+01 -0.213302558827437E+01
  -0.303989617219819E+01 -0.793604876977112E+00 -0.246245572736781E+00
   0.120420707739834E-01  0.310670718765833E+01 -0.224933549393749E+01
  -0.915083364699540E+00 -0.567825219728825E+00 -0.248046066533548E+01
  -0.956808532840493E+00  0.345689812795985E+01  0.905197522323335E+00
   0.201332726985637E+01 -0.406631074588525E+00 -0.320698439638943E+01
  -0.456116726395826E+00 -0.119440551953059E+01 -0.325443609808607E+01
   0.912130106407846E+00 -0.304720865311186E+01 -0.226671310869518E+01
   0.280365949093385E+01 -0.190095103940948E+01  0.271868579661870E+01
   0.281912744510341E+01 -0.279131692737323E+01  0.297140230384178E+01
  -0.214734418979326E+01 -0.469143768387959E+00  0.137025840218090E+00
   0.412224950422051E+00  0.202513411386757E+01  0.141394917935205E+01
  -0.209323944157853E+00  0.105473918571384E+01 -0.200461452439028E+01
  -0.813862206750110E+00  0.271507790902968E+01 -0.352514685100832E+00
   0.833334863879063E+00 -0.104107133766706E+00 -0.452486089778067E+00
   0.228679526740107E+00 -0.272815323223571E+01 -0.292910622355806E+01
  -0.316936914813829E-01 -0.920411393093585E+00 -0.236175824836828E+01
  -0.186920960850563E+01 -0.102166726947133E+01  0.156622709677417E+01
   0.175172201462773E+01 -0.169746652598685E-01  0.778850442601664E-01
  -0.239224309750755E+01 -0.187903020076683E+01  0.232334817748454E+01
   0.284300208685011E+01 -0.343777231174267E+01 -0.334468727005555E+01
  -0.976524143764750E+00 -0.162171237504694E+01  0.315991951151170E+00
   0.266827294353547E+01  0.142983020221339E+01  0.151028978252092E+01
  -0.216727645889271E+00  0.170903299578441E+01 -0.829993847891746E-01
  -0.137751869849786E+01  0.221745910309301E+01  0.400993355043074E+00
   0.339359566891242E+01  0.147854769585535E+01  0.561683979073488E+00
  -0.106856478774052E+01  0.146086754121580E+01 -0.545060615884529E+00
  -0.237422765119153E+01 -0.219263570913155E+01  0.125954067896327E+01
   0.213269344612718E+01 -0.140225360562173E+01  0.160846141080193E+01
  -0.962206142442603E+00  0.349158050560583E+01 -0.224105594022620E+01
  -0.171690248070517E+01  0.848740772585378E+00  0.111388743200121E+01
  -0.238879762930870E+01  0.492881436114148E+00 -0.334473448623883E+01
   0.764865626260138E-01 -0.564845348820633E+00  0.337625631592898E+01
   0.322749720102579E+01 -0.804699301025947E+00  0.273215937199473E+01
  -0.277401609462343E+01  0.955551121608136E+00  0.179479855867506E+01
  -0.189391661321792E+01  0.311447611718732E+01 -0.152595096846915E+01
   0.115316782794581E+01  0.781479990276587E+00  0.176984494807049E+01
   0.214979956262000E+01  0.333324062480689E+01  0.103036496163870E+00
   0.302747114644528E+01  0.281253714644018E+01 -0.233088950225648E+00
   0.400517475298957E+00 -0.183028112915418E+01 -0.233214573652801E+01
  -0.203537460714188E+01  0.242406199532703E+01 -0.509684286951880E+00
  -0.226004251485477E+01  0.175778334538903E+01 -0.170318946904778E+01
   0.285954582155032E+01 -0.159888556055181E+01 -0.757858705940167E+00
  -0.106343021186827E+01 -0.274568974542299E+01  0.140320869081487E+01
  -0.209117928717963E+01  0.145906562512280E+01 -0.348965674912214E+01
   0.179722093274811E+01  0.376743618370910E+00 -0.267499343981969E+01
  -0.395797999304759E+00  0.482096272187164E+00  0.289019186062484E+01
   0.454753052078728E+00  0.271147988895516E+01 -0.891923342556713E-01
   0.159965863395148E+01 -0.648326578193763E+00  0.200695148782464E+01
   0.293347155752531E+01  0.144267798610687E+01 -0.867191013112988E+00
   0.235312049012377E+01 -0.233013236232900E+01 -0.265050340063731E+01
   0.133418750413710E+01 -0.169257277019237E+01  0.225450228495466E+01
   0.287806756957304E+01  0.273130691378190E+01  0.769817649736663E+00
   0.190568154607286E+01  0.255131116225397E+01  0.128204459571111E+01
   0.271097185596025E+01  0.191199173326434E+01 -0.233130672094772E+01
   0.356152057574777E+01 -0.338889477340074E+01 -0.415283773052036E+00
  -0.288242559257668E+01  0.969757332909310E+00  0.282320516925793E+01
   0.351909055749985E+01 -0.586116575520636E+00  0.141162844602833E+01
  -0.166339988078768E+01 -0.268560926683287E+01 -0.193330432569563E+01
   0.156257560720232E+01 -0.284302547385143E+01 -0.311408841528772E+01
  -0.384242802013343E+00 -0.248231246640227E+01 -0.209826137276192E+01
   0.186874421539675E+01  0.579918028561542E+00  0.292073373955596E+01
  -0.329002925625026E+01 -0.221181527637528E+01 -0.108250194501655E+01
   0.196441629119712E+01  0.859088261065782E+00 -0.782987724103276E+00
  -0.639019050734166E+00 -0.707492785268863E+00  0.177345139986713E+01
   0.212762204552563E+01  0.351793976473661E+01  0.113043892423432E+01
   0.688894705723624E+00 -0.311534198748956E+00 -0.303104541860769E+01
   0.339776220120676E+01 -0.297325659216307E+00 -0.313730768688520E+01
   0.301640201061054E+01  0.262820710977914E+01 -0.345725485097095E+01
  -0.445583834778688E+00 -0.321433821814485E+01  0.222415029965086E+01
   0.162654925195351E+01  0.195214982130879E+01  0.427086585254425E+00
  -0.285007930910519E+01 -0.981659218834753E+00  0.224433748335675E+01
  -0.892914282469680E+00  0.153717791205300E+01  0.218253717356446E+01
   0.332134587977673E+01  0.348519889534025E+00 -0.105001586324032E+01
  -0.169340904156423E+01  0.334381260123827E+01 -0.294014329854873E+01
  -0.276679209097899E+00 -0.186038172112526E+01  0.227037905389797E+01
   0.194765777974743E+01 -0.134243967705229E+01  0.304168150731402E+01
   0.167726513883596E+01  0.103062941781795E+01  0.975645482983222E+00
  -0.245447635143844E+00  0.174177872472807E+01 -0.118129271796596E+01
  -0.895967903132250E+00 -0.908643798092218E+00 -0.551707950380824E+00
   0.102229662094612E+01 -0.207374353610348E+01  0.137799525978824E+00
  -0.140209201229689E+00 -0.332842287186869E+01  0.332413276583812E+01
%  0.754907025631091E+00  0.684041332150873E+00 -0.143720056367279E+01
% -0.229492393575869E+01 -0.116874326973699E+01  0.980825521370480E+00
%  0.131236766507868E+01  0.288596263776950E+00 -0.436696007224123E+00
% -0.246885315395119E+00  0.119501904578554E+01  0.138548444542450E+01
%  0.560092678417042E+00  0.365443501454629E+00  0.964982247826754E+00
% -0.185672522503331E+01 -0.971865725539344E+00 -0.432703373016611E+00
% -0.102801164763133E+01 -0.771080467766189E+00  0.244916563995120E+01
%  0.185990202030688E+00  0.129740931582398E+01 -0.221253854008830E+01
% -0.585042385929030E+00  0.585087068924325E+00 -0.689880980625020E+00
%  0.162809371744929E+00 -0.386909112763816E+00  0.122972062025885E+01
% -0.614031280022809E+00  0.105314585260571E+01 -0.346535864308815E+00
% -0.681399393211635E+00  0.774174202736412E+00 -0.571170584003582E+00
% -0.234274366881610E+01 -0.120075087926902E+01  0.944941738986862E+00
% -0.121471721214948E+01 -0.946422146761541E-01 -0.359542858378527E+00
%  0.285556859401210E+00 -0.125530914766548E+01  0.928248996832680E-01
% -0.584907740917558E+00 -0.670771035627274E+00 -0.995072571251243E-01
% -0.436917568532028E+00  0.498493283240989E+00  0.705309703629851E+00
% -0.114329402083604E+01  0.790027187938194E+00  0.727380339149345E-01
%  0.166690092713387E+01  0.465977973775757E+00 -0.421842174417115E+00
%  0.122282494064100E+01 -0.121015730144810E+01 -0.225431500041723E+01
% -0.659895823853636E+00  0.930961261828812E+00 -0.523932251526003E-01
% -0.392673753196577E+00  0.908402944189258E+00  0.774798211752107E+00
% -0.132039132057916E+01  0.873636519799636E+00 -0.317221015015384E+00
%  0.266793009814755E+00  0.151388383432824E+01 -0.868162410949888E+00
%  0.319223993499270E+01 -0.753849435867330E+00  0.773726135058343E+00
%  0.308787326644504E+01  0.133251699665330E+01 -0.849854178718377E+00
%  0.236602617329863E-01 -0.613373067388443E+00 -0.146463787434172E+01
% -0.640380657835400E+00 -0.193060678251094E+00  0.161193901754783E-02
%  0.409158557295774E+00  0.126044897432807E+01 -0.405757484363689E+00
% -0.272395973509889E+01 -0.117640843455787E+01 -0.951387423336650E+00
% -0.153777665318204E+00 -0.824867138947972E+00  0.165457579385090E+01
%  0.190194395329773E+00 -0.162600186998179E+01  0.472790549433884E+00
% -0.898692737033210E+00 -0.588291828911674E+00 -0.819229009744432E+00
%  0.147657567542931E+01 -0.212608670638153E+01 -0.492944419932994E+00
% -0.148657029031276E+01 -0.660425505262607E+00 -0.214218641370499E+01
%  0.110835493930316E+01  0.289218250924740E+00  0.192868025370510E+00
% -0.941913272467650E+00 -0.162735747512983E+01 -0.117479595443539E+01
%  0.156269734543341E+01  0.199200463624734E+01 -0.196703093970045E+00
%  0.141528039428068E+01 -0.343933346170380E+01 -0.138208898103803E+00
% -0.185400947223832E+00  0.914875632248349E+00 -0.531504503836270E-01
% -0.229221506388953E+00  0.422426388595431E-01  0.175747841209185E+01
% -0.285213732440025E+01 -0.193233144327803E+00  0.243991238960915E+01
% -0.206392228422464E+01  0.290547757155355E+00  0.185633383878859E+01
%  0.935506145025040E+00  0.605515192187110E+00  0.250894311915202E+00
%  0.179826471125035E+01  0.309079053671909E+00  0.135106592866871E+01
%  0.215884331155244E+01  0.109139805600678E+01  0.898654913372821E+00
%  0.155069972894788E+01 -0.616400081159482E+00  0.105180109119951E+01
%  0.159753418077525E+01  0.513511557386970E+00  0.330990691196491E+00
% -0.125315527858908E+01 -0.280981434573751E+00  0.464835113293411E+00
%  0.188632746389835E+01 -0.162796517161470E+01  0.185815203897383E+01
% -0.155260997826427E+01  0.113525389870851E+01  0.338179504193271E+01
% -0.524785264781349E+00  0.171331736630002E+01 -0.593161377733346E-01
%  0.534555247268110E+00  0.138657920552128E+01 -0.134442878132701E+01
%  0.108165298703365E+01  0.162997437413898E+01  0.866058274765845E+00
%  0.392802776231393E+00 -0.443309034735579E+00  0.119043064305091E+01
% -0.395850234272173E+00  0.900193424453466E+00 -0.296877225869068E+00
% -0.231503965904179E+01 -0.346041315896747E+01 -0.207850895238325E+01
% -0.105019621036619E+01 -0.240150258569182E+00 -0.128972601883442E+01
% -0.997155972956094E+00 -0.136394338541305E+00 -0.197373181829882E-01
%  0.169454208155454E+01 -0.753094583073107E+00  0.511099803183048E+00
%  0.139458020111489E+01 -0.727121159729360E+00 -0.270250705326878E+01
% -0.375355186852928E-01 -0.174250614690792E+00 -0.527128194358587E+00
% -0.273847112405047E+00  0.216594632935214E+00 -0.254145005796748E+00
%  0.318816255690949E+00  0.735001011033025E+00  0.533319325439921E+00
%  0.382231364964526E+00 -0.715729964284973E+00  0.456215595668940E+00
%  0.854828594227919E+00  0.247405785421625E+01  0.647179893803529E+00
%  0.755998493951854E+00  0.117166685301393E+01 -0.125453506535857E+01
% -0.120172063699782E-01  0.642787142068809E+00  0.170869131986570E+01
%  0.707601739914153E-01 -0.347822762593556E+01 -0.490805801306268E+00
%  0.139914265948103E+01  0.750744112164545E+00 -0.117158442420429E+01
% -0.722050385175371E+00  0.700031444708691E+00  0.234236466404499E+00
%  0.824627720919941E+00 -0.117323312325701E+01  0.233252037537477E+01
% -0.100750406247415E+01 -0.189815063889474E+01  0.183023915274298E+01
%  0.430372496254134E-01 -0.110144292737127E+01 -0.152836049583240E+01
%  0.167654212767667E+01 -0.799178900537664E-01  0.149499950023358E+00
%  0.370582241809717E+00  0.695175826579625E+00  0.282485695340640E+01
%  0.370528589024040E+00  0.399197649428455E+01 -0.205403607661504E+00
% -0.739707094723390E+00  0.156355478016198E+01  0.875540198440375E+00
% -0.889729128576790E+00 -0.141261830240166E+01 -0.190818473765762E+00
% -0.966899795046515E+00  0.191604779013116E+01  0.119468483137653E+01
%  0.108052582974984E+01  0.708783673128383E-01  0.713076641190798E+00
% -0.287604527558896E+00  0.132338211455813E+01  0.302316859972564E+00
%  0.216075130763211E+00 -0.294568797613773E+01 -0.114249625833908E+01
%  0.169630467415679E+01  0.754042337420638E+00 -0.108176156331036E+01
%  0.637153189033145E+00 -0.845626657150869E+00 -0.825729000850472E+00
% -0.513948359851524E-01 -0.102131077431506E+01  0.645417415082290E+00
%  0.221180240687672E+00 -0.163117627642112E+01  0.114754276371381E+01
% -0.163879346276719E+00 -0.192120913950524E+01  0.130571617373264E+01
%  0.922066672180269E+00  0.181622688211882E+00 -0.163602425388551E+01
% -0.110118167954596E+01 -0.194506692474377E+00 -0.102570365624034E+01
% -0.651615438869674E+00 -0.756846264795742E+00  0.836772593518733E+00
%  0.162347116371505E+00 -0.588591125276521E+00 -0.141222197420493E+00
%  0.841235646511375E+00 -0.181952514011115E+01  0.120103562633783E+01
% -0.115512340484115E+01  0.153976943846610E+01  0.126799174191721E+01
% -0.630066694785174E+00 -0.337453859386960E+00 -0.376945641368637E+00
%  0.125344909104519E+01 -0.563055662478081E+00  0.372470055264749E+00
% -0.243578464472151E+01 -0.174782809513446E+01 -0.135537379421128E+00
% -0.144938502447921E+01 -0.177885434430924E+01  0.528048269247770E+00
% -0.241672868039901E-01  0.214979039163737E+00 -0.527260596150706E+00
% -0.166109461937214E+01  0.470712674209009E+00 -0.115449479097213E+01
%  0.161495368376806E+00 -0.787765934222312E+00  0.120334456310561E+01
% -0.242279594913084E+00  0.112925116589795E+01 -0.168668243110487E+01
%  0.282325140460967E+00 -0.158130123344885E-01  0.138248195511514E+01
% -0.606054456169073E+00 -0.113842727360313E+01 -0.582550932038334E+00
% -0.143652841144533E+01  0.660198645502919E+00 -0.277278289642076E+01
% -0.139910184133534E+01  0.757749580440175E-01 -0.766374360219926E+00
% -0.163924272653688E+01 -0.197297391735713E+01 -0.175307101395266E+01
% -0.500347229586417E-01 -0.189415613137213E+00 -0.107766383811395E+00
%  0.531960904558287E+00  0.134624281267557E+01 -0.382952531648159E+00
%  0.867942301874697E+00 -0.189856801116648E+01 -0.474395621621310E+00
% -0.864830629377864E-01 -0.564055479325990E+00  0.128027363685649E+01
%  0.162941254598422E+00  0.621872306380874E-01 -0.660004664431672E+00
%  0.980273894764722E+00  0.424611235658291E+00 -0.204844367420912E+01
%  0.526177315395669E+00  0.454658299867830E-01 -0.381021255383371E+00
%  0.121608938849189E+01 -0.195783421034576E+01  0.227100577747529E-01
%  0.108529251803758E+01 -0.146297025303747E+01  0.115942557474001E+01
% -0.165128609304379E+01 -0.646847507083787E+00 -0.200977556283497E+00
%  0.199766159729666E+01 -0.392773285139932E+00  0.151148886255683E+01
%  0.534256783994561E+00  0.894315286377071E+00  0.102416043359408E+01
% -0.464422073980530E+00 -0.806099435585603E+00  0.428478830372547E+00
%  0.270212625203796E+01 -0.135203334410371E+01 -0.474034794060807E+00
%  0.197415288645038E+01 -0.155660318363233E+01  0.392581121274533E+00
%  0.397704049236831E+00  0.283823038053286E+00 -0.226838764354039E+00
% -0.969053049516642E-02  0.133303299752314E+01  0.110105634624389E+01
%  0.220269238871086E+00 -0.614913228669191E+00 -0.330019165665012E+00
%  0.591563605247235E+00  0.391826999653646E+00  0.141629833669838E+01
%  0.159782285913426E+01 -0.200378330872890E+01 -0.240175335052033E+01
%  0.219180227056929E+00 -0.417525473695099E+00 -0.125553506261215E+01
%  0.101842238695133E+01  0.217812680307772E+00 -0.532106967288192E+00
% -0.563592036932437E-01  0.115881833276702E+00  0.965550594469361E+00
% -0.533497878336279E+00 -0.970394280391684E+00 -0.169786887691557E+01
% -0.152288129406448E+01  0.126928802843645E+01 -0.186029145512523E-01
% -0.198573006440703E+00  0.120173574756882E+00 -0.120791876991977E+00
% -0.112808489780203E+01 -0.153633980640105E+01 -0.545421733966649E+00
%  0.389522813287205E+00  0.118101770172839E+01 -0.432459744612491E+00
%  0.135323902743945E+00 -0.142844246174148E+01 -0.102372200315531E+01
% -0.104395632740967E+01 -0.467208692721615E+00 -0.838030425935063E+00
%  0.122830089099467E+01 -0.392640576169436E+00 -0.122404108443233E+01
%  0.169784068715127E-01 -0.583659942294715E+00 -0.469828475187756E+00
%  0.395264563820084E+00 -0.306988297211233E+00 -0.170220058081767E-01
%  0.511284026045077E+00 -0.136680554956309E+01 -0.405767873561197E+00
%  0.102171186494356E+00  0.460605482339689E+00 -0.729948763871636E+00
% -0.905046873661234E+00  0.791718581625082E+00  0.841124404708845E+00
%  0.289433074103711E-01  0.146447840152254E+01  0.224745791782227E+01
%  0.483320498850801E+00  0.682184483759117E+00 -0.162640143132412E+01
%  0.341575674898616E+00  0.135603947444069E+01  0.973061178896917E+00
%  0.169292687292173E+01 -0.120087665053520E+01 -0.557554245058645E+00
%  0.213933458314885E+00 -0.111320910804390E+01  0.913047134161539E+00
%  0.190498718944661E+00 -0.128900795996375E+01  0.758858073035774E+00
% -0.950487629374104E-01  0.189847714062307E+00  0.725048557921587E+00
% -0.177363416237947E-01  0.930616088694157E+00  0.516440096476019E+00
% -0.303254609040548E+00  0.113069005459229E+00 -0.134598046041966E+01
% -0.191127981242803E+00  0.855896082763464E+00 -0.122873667851446E+01
%  0.121096006716875E+01  0.127421291150035E+01  0.243361472049618E-01
% -0.607791998676804E-01  0.679721932473889E+00  0.129703407893434E+01
%  0.661868938285463E+00  0.401574062913552E-01  0.408505771801563E+00
%  0.102482408913384E+01 -0.607976303546554E-01 -0.134219966678113E+01
%  0.427159595037356E+00 -0.482371187493229E+00 -0.770756599019558E+00
%  0.188196500030426E+01 -0.584406148255119E+00 -0.718561634226936E+00
%  0.129830016393259E+00 -0.236653194118043E+00 -0.285585703581861E-01
%  0.325333355680966E+00  0.137869943298872E+01 -0.604491196005052E+00
% -0.233462500943065E+00  0.124877688182371E+01  0.385448129487058E+00
%  0.688770600936506E+00  0.983443707668703E+00 -0.126758727946271E+01
%  0.125876984235669E+01  0.203447879880918E+00  0.125715178849560E+01
% -0.185002651304711E+01 -0.140149596041443E+01 -0.237762206140354E+01
% -0.139130092562206E+01  0.290595341481126E+01 -0.215184940986554E+00
% -0.821703019378129E+00  0.262777084507475E+01  0.690012640410781E+00
% -0.307115628588445E+00 -0.158267355031952E+01 -0.710132908148221E+00
%  0.426929725546739E+00 -0.988386626647820E+00  0.237021021342924E+01
%  0.187005483031022E+01 -0.747831771461157E+00  0.457051798194300E+00
%  0.134118044111147E+01 -0.895971324612094E+00  0.137068879577709E+01
% -0.854982896057215E+00  0.761322045378159E+00 -0.791953940269389E+00
% -0.168376130710026E+01  0.708897029626966E+00  0.288825440322622E+00
% -0.135136737810874E+01 -0.346181278331706E+00  0.755835944897315E+00
% -0.211084936061590E+01  0.505225427046505E+00  0.921070438660293E+00
%  0.811836690391920E+00 -0.987004843969250E+00  0.531670157779561E+00
% -0.540716654561918E+00  0.117983769723734E+01  0.272949027861477E+01
% -0.217257140882326E+00  0.410298404680865E+00  0.686361110178375E+00
% -0.466720920461029E+00  0.112621538124298E+01 -0.126792628503435E+01
% -0.156605164623143E+00  0.110978380542192E+01  0.580836838905989E+00
%  0.851894276738964E+00  0.895189385820149E+00  0.192511396723789E+01
%  0.220410405957141E+01  0.119149024193048E+01 -0.232912339488775E+00
% -0.130038681420713E+01  0.928391230050182E-01 -0.102647822057545E+01
% -0.186881894851855E+01 -0.404181019223653E+00  0.535670796437731E+00
%  0.134741409403929E+00 -0.530784541372100E+00  0.282004556670058E+00
%  0.265107864402458E+00  0.162686042832964E+01 -0.845875975257753E+00
% -0.570635039658361E+00  0.182497746194878E+01  0.249381979712362E-01
%  0.100674931438388E+01 -0.145426033731360E+01 -0.517942526906585E+00
%  0.130041724803775E+00 -0.105077282933606E+01 -0.131525672528932E+01
% -0.101220744697876E+00  0.534821060986471E+00 -0.264699047309301E+00
% -0.133889126013847E+01 -0.514222606331745E+00 -0.106124708862486E+00
%  0.163503244125552E+01 -0.131310224183566E+01  0.391743214458371E+00
% -0.308577611650374E-01  0.179623683201322E+01  0.276656031210637E+00
% -0.208221659153075E+01 -0.152311835069102E+00  0.123864302285098E+01
% -0.378695718704087E+00 -0.248366088906263E+00  0.289314274142568E+00
% -0.803646171277528E+00  0.177234300993519E+01 -0.209593087059225E+01
% -0.169621047003279E+01 -0.640298325810965E+00  0.927490186137167E+00
%  0.449938293730283E+00  0.155665116863992E+01 -0.789483705168632E+00
%  0.668268688209965E+00 -0.361166495241828E+00  0.935432675278483E+00
% -0.821515679026760E+00  0.139263990382983E+01 -0.144346142095100E+01
% -0.202449964153139E+01  0.240956767764969E+00 -0.400570848199971E+00
% -0.271106279981693E+01 -0.948264262951715E-01 -0.105060000036470E+01
%  0.159424895615903E+00 -0.794111400876040E+00  0.933175287005621E+00
%  0.286224439924392E+00 -0.282164808045396E-01 -0.236971300329832E+00
% -0.144655302881308E+01 -0.834353198783012E+00 -0.143887683939207E+01
%  0.146395696516370E+01 -0.106581957117708E+01 -0.138462723263952E+00
% -0.230124960462923E+01  0.828444504968632E+00  0.764772912386333E+00
%  0.714300348820413E-03  0.191431647299443E+01  0.341975397158970E+01
%  0.566834419460291E+00  0.693365517613024E+00  0.112082631891694E+01
% -0.750695169461552E+00 -0.133999513624240E+01 -0.350455177077177E-02
%  0.169022051729146E+01 -0.117463188492433E+01  0.102256740155725E+01
%  0.174328499923686E+01 -0.147268078145726E+01  0.100421691494277E+00
%  0.722771767108147E+00  0.948017036589936E+00 -0.173653659157486E-01
% -0.227728340746145E+01 -0.325875079427974E+00  0.259061658160446E+00
%  0.125287596218013E+01 -0.470618135410378E+00 -0.572377081959569E+00
%  0.187081153900987E+01  0.426319118890014E+00  0.721200487662564E+00
%  0.145377881215897E+01  0.138373865725145E+01 -0.147266771383912E+00
%  0.205053016890038E+01 -0.576532039596518E+00 -0.341415797398586E+00
%  0.190551517936616E+00 -0.956654051766613E+00 -0.170341931612898E+01
%  0.727334681635705E+00  0.941040673067959E+00 -0.379592044675621E+00
%  0.127973583800864E+00  0.272192333461799E+00  0.924420142003654E+00
% -0.157433214474979E+01  0.260827121927027E+00 -0.133942233127631E+01
%  0.241046914656417E+01 -0.205049065303461E+01  0.301811488668104E+00
%  0.357404662657412E+00 -0.118957264317312E+01 -0.343088963067708E+00
%  0.989888409289096E+00  0.248184029248125E+01 -0.708417531631362E+00
% -0.657300736288032E+00 -0.139434832966620E+01  0.288673890323939E+00
%  0.537643758660857E+00 -0.174641876473079E+00 -0.128705577806663E+00
%  0.161728799131280E+01  0.476052162751421E+00  0.152826717075771E+01
% -0.135603822626181E+01 -0.272179762486363E+01  0.441190068950530E+00
%  0.599598534989169E+00 -0.808784785157335E+00 -0.166895649817730E+01
% -0.272834202835070E+01 -0.158120695769923E+01 -0.390442749857693E+00
% -0.337684126108878E+00 -0.519851065572860E+00 -0.275021424821079E+00
% -0.179225647219428E+00  0.641244334941709E-01  0.106569285294957E+01
%  0.321199872411184E+00  0.779622941087725E+00 -0.176686333149846E+00
% -0.667488233726974E+00  0.627948504329196E-01 -0.143502662633031E+01
% -0.510322829893579E+00 -0.889592142337673E+00 -0.156499153914525E+01
%  0.536030735326989E+00  0.852989727137516E+00  0.786450253908190E+00
%  0.184888433980822E+01  0.251323250018421E+01  0.338626354238807E+00
%  0.115969215109657E+01 -0.864853694541181E+00  0.168505899151497E+01
% -0.817688391990883E+00  0.132340273925665E+01  0.110189628113035E+01
% -0.756555804198639E+00 -0.151159380337327E+01  0.621325839395142E+00
% -0.133067546317202E+01 -0.156517097248399E+01 -0.634061076436252E+00
%  0.702336975388931E+00 -0.146164794932023E+01  0.143601317767112E+01
%  0.294952716644783E+00 -0.373082261012377E+00 -0.105793715689267E+01
%  0.512518780443041E+00 -0.149408474530291E+00 -0.599353099590516E+00
% -0.152006024256551E+01  0.672714905141650E+00 -0.561664655244029E+00
% -0.388906254614173E-01  0.473155937907873E-01 -0.664368777729843E+00
%  0.304277282836173E+00  0.192562821025905E+01 -0.133500481817183E+00
%  0.973898041861822E+00  0.203903598762249E+01 -0.420669152070987E+00
% -0.131807400559037E+00  0.157692889323425E+01  0.642992179144573E-01
% -0.911328206825171E+00  0.141003545269858E+01 -0.741715457866296E+00
% -0.236943433008208E+01  0.257331405664687E+01 -0.374662474710862E+00
% -0.111212416030844E+01  0.114769563589278E+01 -0.165007648303670E+01
% -0.102098200969415E+01  0.311728801674046E+01 -0.610219725225519E-01
% -0.112011076346800E+00  0.140331552264374E+01 -0.467891612324034E+00
% -0.149146792377327E+01  0.187439786591002E+00 -0.852809621979915E+00
% -0.558948097530567E+01 -0.178665177441564E+01  0.415316004155052E+02
% -0.175883498936670E+02 -0.504537165228781E+02 -0.658531656717022E+02
% -0.165088127581850E+01 -0.104262023039676E+01 -0.373862802982592E+01
%  0.197624927641806E+01 -0.340699004770986E+01  0.701431720696885E+01
%  0.120853016302545E+02 -0.910187985726717E+01  0.100026432908037E+01
%  0.833091664026780E+01 -0.901771505267552E+01 -0.183926986700276E+02
%  0.175697133101327E+01 -0.121799940902118E+01  0.265714821137348E+02
% -0.376985969345052E+01 -0.201764337386597E+02  0.281323989104934E+02
% -0.978178074095310E+00 -0.855267336445276E+02  0.145032834888287E+02
%  0.176884073989300E+02 -0.169106505543402E+02  0.283513829394604E+02
% -0.100087365356084E+02  0.111579332296291E+02 -0.131508456234143E+02
% -0.120673882207204E+02 -0.876384468361776E+01  0.474697276488647E+01
% -0.303462886242688E+01  0.399442082886886E+02 -0.288226637054249E+02
% -0.505653452992344E+01 -0.750869481793157E+01 -0.804358431743543E+01
% -0.375536897885259E+00 -0.179918602320180E+02 -0.267089545343452E+01
% -0.648815036213369E+01 -0.236380848607669E+00  0.386155814019174E+02
%  0.199190359580494E+02  0.679004083340422E+01 -0.790499036590972E+01
% -0.225811081958613E+02 -0.495760377914628E+02 -0.404689457910266E+02
%  0.368584054261044E+02 -0.134598863266076E+02 -0.880456624747031E+01
% -0.699732051119939E+01  0.142798926147081E+02  0.575929055065834E+01
%  0.366811871907686E+01 -0.173474442002030E+02  0.286433718071611E+02
%  0.888400852628800E+01 -0.105623984924160E+01 -0.770547769787229E+01
% -0.276064796716472E+01 -0.347526789523976E+01  0.685221889071097E+01
% -0.265987413089194E+02  0.470196412303220E+02 -0.401804301660504E+01
% -0.260979893745460E+02  0.762655657520049E+01  0.313195403834091E+02
% -0.344525243474481E+01  0.141282747076545E+02 -0.240118861240619E+02
% -0.674161762725495E+01  0.208560911899773E+01 -0.477797165363952E+01
%  0.306927960937807E+01 -0.204088411681346E+02  0.662340628758834E+00
% -0.984704087084375E+00 -0.150812741079888E+02 -0.391818846402170E+01
% -0.345929310493166E+01 -0.105167988137211E+00  0.363203980015685E+01
%  0.540603227504142E+01 -0.693346177607208E+01 -0.348180097151490E+01
%  0.130604127871344E+01 -0.248678014822007E+01  0.338555232798378E+00
%  0.220280290239937E+02 -0.619838986231295E+01 -0.531210371969979E+01
% -0.883997008549423E+01 -0.253129462833811E+02 -0.192567394606059E+02
%  0.113419335280886E+02 -0.443302907948432E+01  0.107154359235718E+02
%  0.766258789702003E+01 -0.181197897461235E+02 -0.339632574068204E+02
%  0.450536471522839E+02 -0.164396543028349E+02  0.909248840634156E+01
%  0.424660450177464E+01  0.419483365675887E+01  0.235671828063277E+01
%  0.207894018976378E+01 -0.119100390484634E-01  0.116366685738887E+00
%  0.102001776661778E+02 -0.295572225416263E+02  0.449059592819734E+02
% -0.386758188687763E+01 -0.481355573822710E+01 -0.174368232213715E+01
% -0.133938552542384E+01  0.292304974776893E+02  0.174272102579518E+02
% -0.950086224781663E+01 -0.394548159873023E+01 -0.184170248683083E+02
% -0.203501035043236E+02 -0.458061734974825E+02  0.356772326664305E+02
% -0.630833086294103E+02 -0.355774228578951E+02  0.159323157721990E+02
%  0.120561852246429E+02  0.118754300454929E+02 -0.245187968280553E+02
% -0.129301220452006E+02 -0.391063371378314E+00 -0.160480760743847E+02
% -0.408202267495542E+01  0.483071040270217E+01  0.193820118270774E+02
%  0.364863442941995E+01 -0.773869741522737E+01  0.404350524105947E+00
% -0.747579202941833E+01 -0.587445297146290E+01  0.551574676231786E+01
% -0.563938432202018E+01  0.119266778522698E+01 -0.106248568724917E+02
%  0.230030177140126E+01 -0.721847914376622E+01  0.135224851432933E+00
% -0.107824923174652E+02  0.175597115116192E+02  0.712090424559550E+01
%  0.225883227824182E+02 -0.112150445518801E+01  0.217421039220843E+02
% -0.186409560211284E+01  0.143872511532554E+01  0.201756826324705E+01
%  0.181035775434071E+02 -0.227889265519021E+02  0.777825369627167E+01
% -0.141646320610932E+02  0.232057565682813E+02  0.987001533635565E+01
%  0.154369486081130E+01  0.195113525768157E+01 -0.699301491708068E+01
% -0.463312754908161E+01  0.355614901403970E+01  0.425433298536219E+02
%  0.189696048828491E+01 -0.921544467029595E+00 -0.342765885528879E+01
% -0.310202564377074E+02  0.846181878740214E+01 -0.101056675897875E+02
% -0.128406436318074E+02 -0.426759747380151E+01  0.457791275003977E+01
%  0.152102802551808E+01  0.992436768771799E+01 -0.144679842328534E+02
%  0.285549052614864E+02 -0.402956386643930E+01 -0.190596169286089E+02
%  0.176200328100037E+01 -0.108297738391900E+01  0.172187828596751E+02
% -0.723150477748509E+01  0.189485282768910E+02  0.140919531591398E-01
%  0.494954740247060E+02 -0.306531810776055E+02 -0.144151030996286E+01
%  0.343840780599705E+01  0.539552412843535E-02 -0.821280764249446E+01
%  0.517419720208818E+01  0.391652777720992E+01 -0.126826031744856E+01
% -0.157838175317520E+01  0.101116406514023E+02 -0.900691639737444E+01
% -0.620556789363550E+01  0.218014559707452E+01 -0.223822780484756E+01
% -0.452622418062396E+02  0.390150642612061E+02 -0.254669296148686E+01
% -0.143724376794550E+02  0.407459926758105E+01 -0.504759242640007E+01
% -0.329337541196915E+02 -0.214589878542433E+01 -0.328313803076860E+02
% -0.191143859560136E+01 -0.520704661525592E+00  0.122170425830125E+02
% -0.153002621740858E+01 -0.779631769096988E+01 -0.129563249438466E+02
% -0.326571162283173E+01 -0.107116527756722E+01 -0.315890962781990E+01
%  0.353717416811148E+02  0.240388576334234E+02  0.587163574220516E+01
% -0.105080211055580E+02  0.779202111267373E+01  0.602766394305337E+01
%  0.635419678559877E+01 -0.841965226977199E+01  0.626461330532636E+01
% -0.346416996639086E+02  0.560991257240050E+02  0.431559035819839E+02
% -0.134390916089126E+02 -0.562972197114669E+01  0.155189869110438E+02
%  0.191460954395794E+02 -0.161048146423474E+02 -0.116006687078429E+02
%  0.124966332702830E+01 -0.102927495069293E+01 -0.216669318692546E+01
% -0.119569219648132E+02 -0.646409010699618E+00  0.574014416537629E+01
%  0.394148053691714E+00  0.905340090267514E+01 -0.598921648315713E+02
% -0.134609938179097E+02  0.167332527687134E+02 -0.191761864483628E+01
% -0.109628567095941E+02  0.127595617429455E+02 -0.758544631519142E+00
%  0.244886235867567E+01  0.156426726295357E+01 -0.847981068683209E+00
%  0.161267243546021E+02 -0.844943792770614E+01 -0.461035735073610E+02
% -0.130775741940688E+02 -0.453830033128569E+01  0.162677173622283E+02
%  0.956332717982736E+00  0.150388670001416E+01 -0.126823485482763E+01
% -0.903428998802256E+00  0.172639699974899E+02  0.297668299184348E+01
% -0.558186724038646E+00  0.145600653694465E+01 -0.130412425803719E+00
% -0.104525357039877E+02 -0.192550157960499E+02  0.682689742861392E+02
%  0.169139782267807E+01 -0.129337735147014E+01 -0.289919283989540E+02
%  0.187975616302961E+01  0.276349368628436E+02 -0.112075504857873E+01
% -0.153005670071909E+01  0.340042201471623E+01  0.150034012621056E+02
%  0.129881678500567E+02 -0.106477415071326E+02 -0.415512330271419E+01
% -0.396851409323886E+01  0.172135337796534E+02 -0.329228721428769E+02
% -0.227548622380645E+02 -0.898007827803300E+00  0.784591135413752E+01
% -0.104413625154534E+03 -0.679562590139744E+02  0.173180631415184E+02
%  0.673375311588360E-01  0.141236660281178E+01  0.232580757031686E+01
% -0.293978650098750E+01  0.157456135927538E+02 -0.894333934845245E+00
%  0.122180083531879E+01  0.470895124882297E+02 -0.242415105026429E+02
% -0.549741099055963E+01  0.274340258144744E+02  0.225233743321394E+02
%  0.300862476949776E+02  0.613903263434095E+00  0.261810980244702E+02
% -0.207575902966487E+02 -0.339653264144239E+02  0.106056117739571E+01
%  0.496524940450055E+01 -0.158927417279506E+01 -0.285199791906775E+01
% -0.578483066110618E+01  0.958165431033460E+01  0.130181072200839E+01
% -0.147126513326927E+02  0.200278507474047E+02  0.259806601996149E+02
%  0.211089472831307E+01  0.842597352712888E+00  0.740630693558892E+00
% -0.772329231540545E+01 -0.616611550629984E+00  0.207819945425674E+00
%  0.240900059168781E+02 -0.257240361043410E+02 -0.803748104507011E+01
%  0.427371137586388E+02 -0.161057758612557E+02 -0.387148170168757E+02
%  0.879838278174854E+01 -0.514431483772358E+02 -0.227772511114157E+02
%  0.115073900724637E+02 -0.266927751238853E+02 -0.301441579501320E+01
% -0.782567025905996E+00  0.455900428639337E+01  0.233591930977825E+01
% -0.294122136095122E+01  0.500613844559031E+02  0.417643324313685E+02
% -0.120401902717261E+02 -0.137404555182185E+02  0.234349195160031E+01
%  0.268511695418628E+01 -0.166505974128488E+01  0.111585346668743E+01
%  0.888893378585176E+01 -0.113602317375782E+02  0.315547635648491E+00
% -0.888838803403102E+01 -0.879756227407132E+01  0.493208840131861E+01
% -0.211717875414711E+01  0.152508950816124E+02  0.158398398454560E+02
%  0.709530500144131E+01  0.210558022309710E+02 -0.432685207000218E+02
%  0.579897450151236E+01  0.136795695894222E+02 -0.696072527867816E+01
%  0.199344662946451E+02  0.128492389436592E+02 -0.225042222382517E+01
% -0.136347463455425E+01 -0.319533056309944E+01  0.186175582352920E+01
% -0.388971310621833E+00 -0.406615231924245E+01 -0.489927578418445E+01
%  0.104029363375580E+02  0.921415991421817E+01 -0.102397988015154E+01
%  0.437407896911478E+01 -0.116125000110679E+02 -0.603257295943481E+00
% -0.670290633324554E+01  0.527262514932036E+01  0.302571243684708E+02
%  0.395183359743354E+02  0.866834371977326E+01  0.191276296738479E+02
%  0.628203979089144E+02 -0.542891957132030E+02  0.159815211822436E+02
%  0.631396201662579E+01 -0.222520526566644E+01  0.703713245551144E+01
% -0.213273241934960E+02  0.188369040498325E+02 -0.967886703312936E+01
% -0.640166489422725E+01  0.782938437235937E+00  0.225788285661690E+01
%  0.394510565186801E+01  0.820964399931713E+01 -0.455726351524462E+00
%  0.170823314072312E+02 -0.255347810190133E+02 -0.112073793805450E+02
% -0.310858263610362E+02  0.254946658353406E+02 -0.535035997765943E+02
% -0.946122642462903E+01 -0.497878835079745E+01 -0.903779086623521E+01
% -0.137326638001034E+01  0.174575400572536E+02 -0.540014631543772E-01
%  0.261474352214199E+01 -0.741132821046057E+01 -0.115724642708650E+01
% -0.851750992690226E+01  0.188345411362309E+02  0.973933749347662E+01
% -0.333945247295754E+01 -0.290548050607283E+01 -0.679514673513618E+01
% -0.261387101477858E+02 -0.534695421382471E+01  0.704819891171122E+01
%  0.256137110868519E+02  0.129054445251732E+02  0.124381081074292E+02
%  0.297137703541278E+02  0.270832083798292E+02  0.305639159321497E+02
% -0.396210984636169E+01 -0.126446189495259E+01  0.120971727221429E+01
%  0.264229405924548E+01 -0.568983035106006E+00 -0.162675878928992E+02
% -0.516074993579605E+01 -0.216395835528952E+01 -0.169340326974187E+02
%  0.252939609009479E+01  0.150505624130552E+01  0.598629622043792E+00
% -0.284955053860890E+01  0.513124860581006E+01  0.581277084357275E+01
% -0.326284650874925E+02  0.241233151389238E+02  0.330964473357436E+02
% -0.217990394322240E+01 -0.334893168573233E+02  0.694397239453712E+01
%  0.145157468326837E+02 -0.148821427866450E+02 -0.138067763496609E+02
% -0.275406736412161E+01 -0.109175237145804E+01 -0.727785314704873E+01
% -0.659162704071969E+01  0.130102028649325E+02  0.764682230301996E+00
%  0.764215427576476E-01  0.287772457634537E+01 -0.386146069619372E+01
%  0.940692804352523E+01 -0.696048762740465E+01  0.369654448549052E+01
% -0.197577917707916E+02 -0.105973178487233E+02 -0.462064890660999E+01
% -0.414112950190453E+02  0.583274164631101E+00 -0.443563060931027E+01
% -0.273112207655613E+02  0.309144715302259E+02  0.105697954782654E+02
% -0.759188796405966E+00 -0.551587307195531E+01 -0.747774578042539E+00
% -0.463911310917240E+01  0.690137786276149E+02  0.142280887010014E+02
%  0.425200338406926E+01  0.895331622165924E+01  0.689763885985467E+01
% -0.343226155933242E+00 -0.262874750662285E+01 -0.425730834046077E+01
%  0.199656227824728E+02 -0.470836743094265E+01  0.950841711762075E+01
% -0.234524888579465E+02 -0.284861487481215E+02  0.774296284386842E+01
% -0.684771284109422E+01  0.193325512077455E+01 -0.237563758688469E+01
% -0.808512255212434E+00  0.111320739765497E+02  0.388545808509985E+00
%  0.193004862496781E+02  0.157352579511826E+01  0.753482334540478E+00
%  0.900841975192783E+02  0.666212520906606E+02 -0.345622047535192E+02
% -0.227184889036033E+02 -0.459499011291829E+01  0.732385792476922E+01
%  0.193703256042737E+00 -0.548902724793009E+01 -0.440215794818574E+00
% -0.109581424408021E+02 -0.839801736320927E+01 -0.563286268482111E+01
% -0.815151837491920E+00 -0.464068459511530E+01  0.100031134684383E+02
% -0.390114656140151E+02  0.218383184563821E+02 -0.862379661729249E+01
% -0.834967516083978E+01 -0.117660249361570E+01 -0.472618657854571E+00
%  0.795977042583798E+01 -0.353221378251716E+02 -0.210833047889963E+02
% -0.266294978827545E+02 -0.238864770500183E+02  0.111803231227723E+02
%  0.122068083593140E+02 -0.952199524328432E+01  0.191802906831825E+02
%  0.670559096171342E+00  0.819120249998707E+02 -0.316217052870111E+02
% -0.121146294524115E+01 -0.659781615576563E+02  0.179872643722434E+02
%  0.203254842748136E+02 -0.455207777151708E+00  0.998615144619169E+01
%  0.579696183066736E+01  0.492767247227004E+02  0.690271319883262E+01
%  0.143037061016730E+02 -0.464169587993964E+02 -0.481690228226072E+01
%  0.384663340964114E+01  0.249630865524333E+01 -0.530731613799728E+01
%  0.723881226100603E+01  0.396236964603719E+02 -0.145078183593629E+02
% -0.191544932926372E+02  0.261522028591308E+02 -0.199276638742024E+02
%  0.465288448857536E+02  0.306382312323014E+01  0.176996525562949E+02
% -0.428779179109663E+01  0.537474188900110E+01 -0.139965232496207E+01
% -0.219515259025274E+02 -0.546052002073909E+01 -0.191338109245975E+02
%  0.763638263455079E+01 -0.203850623072258E+02 -0.699903567601463E+01
% -0.302744787169949E+01 -0.574901434910184E+01  0.434309742533180E+01
%  0.162923534728014E+02 -0.277326682991474E+01 -0.309326468759141E+01
% -0.491729829088009E+01  0.600638160163768E+00 -0.374501037006443E+01
%  0.185731448905913E+02  0.620109319068048E+01  0.151765209244090E+02
% -0.824652140502796E+01 -0.208642921564221E+01 -0.215308861397203E+01
% -0.336479003402790E+01 -0.114797068401677E+01 -0.900683795483710E+01
%  0.412003516342510E+01  0.151388317466329E+02 -0.228538872780193E+02
%  0.176411390189975E+02  0.159943664335309E+02 -0.250165069773200E+01
%  0.145212063052804E+02  0.297262365669714E+02  0.175475128855595E+02
%  0.135031547620555E+01  0.129720301672069E+02  0.310902905598713E+02
%  0.311396181974641E+01 -0.945070586579954E+01  0.412933584215953E+01
% -0.334416312407513E+01  0.641245924388774E+01 -0.491389042338052E+02
%  0.220596836566183E+02  0.139196246521225E+02 -0.385331163564862E+02
%  0.163498871169503E+02 -0.241383370634824E+02 -0.126435496358571E+02
% -0.629139602630943E+00 -0.225455487842732E+02 -0.149411217364320E+02
%  0.112033169349033E+01  0.796044908852685E+01  0.239561862134145E+01
% -0.182235186780125E+02 -0.208598119540776E+02  0.244897396374803E+02
% -0.185141848767512E+01 -0.188221543677167E+02  0.194699094368768E+01
%  0.644827857423292E+01 -0.138938297038955E+01 -0.180941955515283E+02
%  0.180434973729614E+02 -0.108559347509270E+02  0.180368258416584E+00
%  0.592015432830317E+01  0.414912919497822E+01 -0.469318167793493E+01
%  0.275565088119303E+01  0.423688565820827E+01 -0.860100671000176E+01
% -0.173627117094697E+01  0.117152877376399E+02  0.159893302817645E+02
%  0.246171851367367E+01  0.389911056252967E+01 -0.442712442733701E+01
%  0.348630663877932E+01  0.135947721459308E+02 -0.284271174584554E+01
%  0.708203538182423E+01  0.197977383614026E+02  0.249186890353055E+02
%  0.185001305726619E+02  0.635287828416776E+01 -0.197529807265539E+02
%  0.419090644430313E+02 -0.543228847384386E+02 -0.485993983674324E+02
% -0.121468631493011E+02  0.173018612698172E+02  0.476154911461333E+01
% -0.221147635451374E+01  0.310731000498830E+00 -0.399682803514963E+01
% -0.680702982223194E+01 -0.494117938631467E+01  0.303707670905741E+00
% -0.812789481574148E+01 -0.576329103218752E+01 -0.524893164798323E+01
% -0.152379333212505E+02 -0.254692207044026E+02  0.196968616556845E+01
% -0.466424397691881E+01 -0.203904896925487E+02  0.950543532048807E+01
%  0.905580922851916E+01 -0.176809063889954E+01  0.241967594065550E+01
% -0.198151087996079E+02 -0.499703323690048E+01 -0.238108314053352E+02
%  0.359682806252754E+01  0.586836307081116E+01  0.123451996428469E+02
% -0.296070470214255E+01  0.216611838054603E+01  0.242123986021989E+01
%  0.840461257687260E+01 -0.839620520857010E+00 -0.317711572430641E+01
% -0.651956262782789E+01 -0.301107619155651E+01 -0.893013333664400E+01
% -0.141429356265577E+02 -0.605289983097190E+01  0.793587125077838E+01
% -0.306039434792224E+01 -0.343696423608919E+01  0.240626850274207E+01
% -0.245023899253377E+02 -0.158444709996500E+02  0.890503119005389E+00
%  0.109793942150803E+02 -0.972034485774171E+01 -0.233205571819646E+02
%  0.256556417240263E+02 -0.233277923505371E+02 -0.275768441959791E+02
%  0.689158522073374E+01  0.270862797915375E+02  0.873423492901125E+01
%  0.124794628128998E+02 -0.958024846837315E+01  0.575420326228516E+01
% -0.240368720005062E+01 -0.144020599709197E+01  0.244487064088918E+01
% -0.112512705615711E+02  0.172895367044931E+02 -0.201017176492675E+01
%  0.248385217705190E+01  0.202341656478061E+01 -0.363659909695907E+01
% -0.112401084725268E+01 -0.923394358603750E+01  0.522788552684975E+02
% -0.926025818051719E+01  0.192676044239158E+02 -0.367803874396169E+01
%  0.412003604518150E+01 -0.101120307990627E+01 -0.596706111503839E+01
% -0.615120109572917E+01 -0.163565669280739E+02  0.562329234089606E+02
% -0.166892205330342E+02  0.987967743895816E+00 -0.127782726378271E+02
%  0.341035586452785E+01 -0.602401774705446E+01 -0.214699486749801E+01
% -0.674631308503797E+00  0.492461400165648E+01  0.750182736193323E+01
%  0.474154719771594E+01  0.119868902002157E+01 -0.564522373676460E+01
%  0.133413411669565E+02  0.814959656936730E+02  0.667250736674557E+01
% -0.176986528016668E+01 -0.188181338644820E+01 -0.232663720755887E+01
%  0.356316860076222E+02  0.444354143263028E+02  0.305470528172762E+02
% -0.136084594411954E+01  0.603855525363363E+01 -0.908435395506104E+01
