% T    256  0.715122828077254E+01  0.715122828077254E+01  0.715122828077254E+01
  -0.250274254614174E+01 -0.240503234520711E+01 -0.103275986334766E+01
   0.111446296277969E+01 -0.234819718806970E+01  0.198768141830943E+01
  -0.168917342824224E+01 -0.186773478121972E+01 -0.294112491229923E+01
  -0.366119058306154E+00 -0.338608706238121E+01  0.260739699880757E+01
   0.301788043488743E+01  0.142841158226804E+01 -0.564632458289443E+00
   0.280839926081152E+01  0.153019130959458E+01  0.354982276080925E+01
  -0.342667791087266E+01  0.876698796738365E+00 -0.112483493688474E+01
  -0.819119035251130E+00  0.332892787297852E+01  0.154176589677983E+00
  -0.740273111745927E+00 -0.167820417371040E+01 -0.867101843433928E+00
   0.220153637194624E+01  0.471118046222556E+00 -0.283877698722949E+01
   0.755365375356979E+00  0.291572027653794E+01  0.322967959336476E+01
   0.644478435998791E+00 -0.213253977979104E+01 -0.208697994622107E+01
  -0.234851328554097E+01 -0.186402753395076E+01  0.246128920512948E+01
  -0.178056265861572E+01  0.672827253155465E+00  0.199932203701950E+01
   0.156879956652248E+01  0.139376638424280E+00  0.100371654944240E+01
  -0.207572547022313E+01 -0.131294413686423E+01  0.716289123939641E+00
  -0.421532125918317E+00 -0.260641499382354E+01 -0.194945882459105E+00
   0.893155426006605E+00 -0.111174914823647E+01 -0.247498743242355E+01
   0.342887124636284E+01  0.117415499619637E+01  0.400213792733941E+00
  -0.121284100409746E+01  0.221139463548624E+01 -0.306850701442825E+01
   0.329439120750815E+01  0.631613199760628E+00 -0.309451294482780E+01
   0.277455207968474E+01  0.176558962552696E+01  0.210562188014513E+01
  -0.176697272397436E+01  0.236699315988012E+00 -0.273034597266373E+01
   0.226401562848940E+01 -0.238549715663840E+01 -0.285101092861620E+01
  -0.235875383486787E+01 -0.214074087545830E+01  0.149799709536999E+01
  -0.987763468755822E+00 -0.927420979231881E+00 -0.319095913699617E+01
  -0.238737637499672E+01 -0.146262792680013E+00  0.163031400523417E+01
   0.131844427245377E+01  0.212768330570550E+01  0.101270650622937E+01
   0.848654584455494E+00 -0.545672289271792E+00  0.340352702934474E+01
   0.186015342105975E+01 -0.491353411749710E+00 -0.317961937711357E+01
   0.283106868793542E+01 -0.639454582439657E+00  0.277772062749895E+01
   0.132022691851713E+01 -0.268832843464224E+01 -0.259979243232781E+01
  -0.351798355107365E+00  0.455907939661652E+00  0.200581429756152E+01
  -0.345534350853977E+01  0.929688070463560E+00  0.292227073467131E+01
  -0.176432302741226E+00 -0.518563691204264E+00  0.309620242712983E+01
  -0.110887784715242E+01 -0.717802106596041E-01  0.139571117376905E+01
  -0.210156360643830E+01  0.239575033186689E+01 -0.222384167990866E+01
   0.125204483202630E+00  0.284661536338686E+01  0.233367894967508E+01
   0.119593716497188E+01 -0.311212931891139E+01  0.114880601348904E+00
  -0.279738837304227E+01 -0.107649058094296E+01  0.171789428705462E+01
  -0.340634399724607E+01  0.316614475304721E+01 -0.914171998685125E+00
   0.286404234949281E+01  0.348530903130519E+00  0.189349612809540E+01
   0.338079556664802E+01 -0.133700463521856E+01  0.224600054960777E+01
   0.736577110683473E+00  0.184372740172027E+01  0.279369696676488E+01
   0.592061614591350E+00  0.353339112801150E+01 -0.133465832041414E+01
   0.305117318287746E+01  0.179584198569690E+01 -0.153731327585040E+01
  -0.619629976718235E+00  0.243683819898459E+01 -0.217675600799135E+01
  -0.301300285680145E+01 -0.341905751183724E+01 -0.294696438283563E+01
  -0.140355950332637E+01 -0.276418877225601E+01  0.221095372287157E+01
   0.613952287843091E+00 -0.241901860995845E+01 -0.697790415948990E+00
  -0.254373760418101E+01  0.234721243126005E+00  0.262297850135350E+01
   0.156659160511161E+01 -0.142620375026302E+01 -0.332474807717203E+01
   0.268725069574573E+01 -0.352087347746493E+01 -0.176667838774838E+01
   0.153961146575452E+00 -0.344283396296219E+01  0.388995242616036E+00
  -0.274832055251448E+01  0.294007750914146E+01  0.993899170051775E+00
   0.258954575542787E+01  0.258591753312139E+01 -0.966292024798868E+00
  -0.348480971491913E+01  0.127960865274627E+01  0.193808031976246E+01
   0.162553301011778E+01 -0.178416134846882E+01 -0.211757361803121E+01
   0.281176123641702E+01 -0.252407869963812E+01  0.212195636743825E+01
  -0.274469612536776E+01  0.260010735672639E+00 -0.220145520715487E+01
   0.278660173527264E+01 -0.161902623245151E+01 -0.143223515831397E+01
   0.332145216956351E+01  0.236657016855897E+01  0.291391700760357E+01
   0.815570748987396E+00  0.983037001255132E+00 -0.950654333904636E+00
   0.201262777602415E+01  0.352176566693321E+01  0.387466582952477E+00
  -0.216713620104271E+01 -0.190155395372104E+01 -0.152120778904327E+00
  -0.277900079276034E+01  0.261024875927916E+01 -0.289035260790269E+01
   0.107199118219214E+01  0.153230851740065E+00 -0.158708098125223E+00
  -0.337535477847376E+01 -0.298048842548979E+01  0.329577175365107E+01
  -0.308192290721167E+01  0.165251338250849E+01  0.354218803317348E+01
  -0.130302196769784E+01 -0.126157953959832E+01 -0.164697284822165E+01
  -0.333924881169939E+01 -0.191400848375918E+01  0.298130353303856E+01
   0.240116174342563E+01 -0.128535623208557E+01 -0.280398043209249E+01
  -0.366668118879819E+00  0.199925627493399E+01 -0.125734621933692E+01
  -0.842873059860528E+00 -0.253683643156863E+01 -0.274039207477868E+01
  -0.179636300562095E+01  0.339517871204967E+01 -0.260555671717824E+01
   0.233424662234490E+01 -0.184878946814243E+01 -0.621126834416527E+00
   0.457349697640732E+00  0.101227815491961E+01  0.228624553874781E+01
  -0.266766079960396E+01 -0.264193106707282E+01  0.384753818288240E+00
   0.308530986919955E+01 -0.404767859801801E+00 -0.204908677480413E+01
  -0.311399347322844E+01  0.228395481874032E+01  0.164933118173719E+01
   0.330850731795476E+01 -0.145928924257698E+01 -0.228088838414566E+01
   0.186109486620316E+01 -0.922959626562893E+00  0.148505973145166E+01
   0.331823124723287E+01 -0.347026738481317E+01  0.204247518021670E+01
  -0.144575895335684E+01  0.177628121894403E+01  0.217670739151423E+01
   0.571930991075393E+00  0.192598809941850E+01  0.299696717742879E+00
   0.215612994491461E+01  0.184492040786139E+01 -0.165149983328967E+00
   0.314240314805686E+01 -0.784262603346831E+00 -0.389037635352239E+00
   0.195584214384209E+00  0.200462080919733E+01  0.147190037830739E+01
  -0.116213728811675E+01  0.163724839125049E+01  0.110084547483509E+00
   0.723920821394661E-01  0.146544750616576E+01 -0.414669648286582E+00
  -0.129846318953495E+01  0.115850869103075E+01  0.106895941681057E+01
   0.267642190612706E+01 -0.159813669904644E+01  0.320211321478641E+01
   0.638517565162356E+00  0.184775064952866E+01 -0.152186916379918E+01
   0.610937887113754E+00 -0.533106360363450E+00  0.949508859843864E+00
  -0.348286534448518E+01  0.121968281984035E+00  0.127373635727104E+01
   0.202823458707633E+01 -0.184037024696482E+01  0.224752309063524E+01
  -0.253146516702404E+01 -0.322753732092229E+01  0.272396178888740E+01
  -0.185265347240125E+00 -0.277984126362021E+01 -0.125386439460372E+01
  -0.325821264375243E+01 -0.189891564118216E+01  0.743857877127538E+00
  -0.244500468407788E+00  0.126471174513213E+01  0.705992704870766E+00
   0.319437153567767E+01 -0.101054918114623E+01  0.110523077354053E+01
   0.286902033129473E+00  0.301510973472344E+01 -0.407696173610291E+00
   0.172222931843009E+01  0.161797654748846E+01 -0.128447508184782E+01
  -0.200328059356631E+01 -0.103568304207095E+01 -0.988801328590092E+00
  -0.325685189516338E+01 -0.333706446077624E+01  0.109964645058000E+01
   0.455669401427923E+00  0.132800071002252E+01 -0.348469141237018E+01
  -0.185109803794506E+01  0.143267945217777E+01 -0.266922409416902E+01
  -0.186191803908707E-01 -0.101451990554142E+01  0.199141840385559E+01
  -0.855095489199340E+00  0.301747743196513E+00 -0.200648845857780E+01
  -0.173067584019933E+01 -0.120216600324763E+01  0.189938821475289E+01
  -0.269220350945133E+01  0.111731263597948E+01  0.107592104961717E+01
   0.373775017662866E+00  0.146941950308120E+00 -0.165264137655801E+01
   0.136616524001196E+01 -0.267979421279321E+00 -0.222527573991154E+01
   0.179843887945235E+01  0.315505383497389E+01 -0.266572051279585E+01
  -0.892775473117611E-01  0.309051041559882E+01  0.118305023317800E+01
  -0.600717364280604E+00  0.329395267913621E+01 -0.291112257657192E+01
  -0.506352265715977E+00  0.135681548123135E+01 -0.303791746797274E+01
   0.719054245789833E+00 -0.747459160707881E+00 -0.746883691265317E+00
   0.542844535954840E+00  0.183016032171808E+01 -0.270351956632459E+01
  -0.253641355620809E+01 -0.131984558199283E+01 -0.227245439855527E+01
  -0.549619040294831E+00  0.241814988698571E+01 -0.180480012079602E+00
  -0.578393658457407E+00 -0.409571683165602E+00 -0.125993604645293E+01
  -0.178709225850717E+01 -0.347499299363005E+00 -0.180678369408205E+01
  -0.172777628905321E+01  0.277565494704900E+01 -0.369307284238375E+00
   0.226631575797585E+01  0.280338382514022E+01 -0.349580780951015E+01
   0.125601691428447E+01  0.237360589535036E+01 -0.560396159395974E+00
  -0.305578580307363E+01  0.308370304354526E+01  0.266063847700277E+01
   0.492210737901280E+00 -0.349904153361487E+01 -0.328933179999706E+01
  -0.187308812707679E+01  0.299886027575011E+01  0.143574598250021E+01
   0.920677620622788E-01 -0.193806732046528E+01  0.256708404877756E+01
   0.630364124029511E+00 -0.239106577409426E+01 -0.330180521716410E+01
   0.177418779624102E+01 -0.309463604698423E+01  0.194152381716652E+01
  -0.105399390077020E+01  0.428948371878553E+00  0.220907184635329E+00
   0.130571522447888E+01 -0.150005824064882E+01 -0.112065818523085E+01
   0.165220881049052E+01  0.942206794942323E+00 -0.206661264855627E+01
  -0.323233934802530E+00 -0.992819353988344E+00  0.774857610632783E+00
   0.309182353688840E+01  0.186162621595677E+01  0.118778607242627E+01
   0.221432087958118E+01 -0.320125720491683E+01 -0.953413353078702E+00
  -0.142553591453050E+01 -0.238800624535719E+01  0.119058771631375E+01
  -0.222247755155665E+01 -0.315768121670657E+01  0.171658841536210E+01
   0.267533736191738E+01  0.172371554251652E+01 -0.263202092829710E+01
   0.203108219262722E+01 -0.253213181873719E+01  0.232552390256498E+00
   0.247971108051650E+01 -0.318857164346706E+01  0.111209954235559E+01
   0.134360620356986E+01  0.211845930456392E+01 -0.339916071154243E+01
  -0.127287198247679E+01 -0.316467365844121E+01  0.330974085063431E+01
   0.139023001215157E+00 -0.302658843411089E+01 -0.222788443636892E+01
  -0.354261027151966E+00 -0.239148897591045E+01  0.353171585735640E+01
  -0.175404875937924E+01 -0.422126310483303E+00  0.301331725603379E+01
   0.302672866913705E+01 -0.213770840696954E+01  0.113688259072326E+01
   0.679338843916765E+00  0.982189687021337E+00  0.119720021002132E+01
   0.783567723177654E+00 -0.298279602574720E+01  0.291133619060251E+01
   0.304697710824258E+01 -0.287915315253078E+01  0.404582786767043E+00
   0.201914597660635E+01 -0.903259384557523E+00 -0.165171363328581E+01
  -0.983277038829024E+00  0.251914584780666E+01  0.303455561848230E+01
  -0.860012798481713E-01 -0.613911445376107E+00 -0.290830752227713E+00
   0.847010463321656E+00  0.499695279686499E+00 -0.310643281975372E+01
   0.331522031344367E+01  0.693328589785957E+00 -0.212693348022871E+01
   0.165296469363713E+01  0.364220267898878E+00 -0.129225464241337E+01
   0.257763731606955E+01  0.787070089971703E+00 -0.128401882595912E+01
  -0.878971048555689E+00 -0.144161328376719E+01  0.137743617103932E+01
   0.140995635059043E+01  0.157513596732365E+01  0.185542106801769E+01
   0.731550681005858E+00  0.318707222380616E+01 -0.228610374948502E+01
  -0.162614407571980E+00  0.191296068518482E+00  0.960829437950884E+00
  -0.253957856349617E+01  0.258622775487857E+01 -0.124924030566203E+01
   0.144482169203730E+01  0.290157554802166E+01  0.207495621053915E+01
  -0.200681914749375E+01  0.238322351048947E+01  0.353513150643306E+01
  -0.198833742631879E+01  0.272851377770296E+01  0.242216222911735E+01
   0.323182623916421E+01  0.421759613410090E+00 -0.413638475348039E+00
   0.803882026112520E+00 -0.161439469650839E+00  0.213544276607645E+01
   0.277212270839591E+01 -0.328723612769862E+01 -0.283895174744559E+01
  -0.332401492634661E+01  0.254596657408969E+01 -0.189590227127585E+01
   0.267435809859379E-01 -0.477496547605131E+00 -0.275132640549081E+01
  -0.324853691825835E+01 -0.334130101446437E+01 -0.123721150398046E+00
  -0.257904996241948E+01  0.367272592147437E-01 -0.129323032514192E+01
   0.141341963489118E+00 -0.167537592882745E+01 -0.216036754360582E+00
  -0.166297672064202E+01 -0.368246990285128E+00 -0.834444410641080E-01
  -0.166147693357094E+01 -0.301778253176361E+01  0.384998121541408E+00
   0.157687441722052E+01  0.107405725667221E+01  0.288415947601554E+01
   0.876072103290409E+00 -0.124658042826849E+01  0.164464109719037E+01
  -0.905627892810820E+00 -0.324310868546375E+01 -0.197416194532633E+01
  -0.785970476950519E+00 -0.328505579842783E+01  0.107599882221557E+01
  -0.154840356937364E+01 -0.212332733652585E+01  0.308224600110771E+01
  -0.317763401938029E+01 -0.264765742041814E+01 -0.194066971904868E+01
  -0.282951997066290E+01  0.350642123763367E+01 -0.174545262430579E+01
  -0.285736220650333E+00 -0.250360648504791E+01  0.182479808336432E+01
  -0.270537293682393E-01  0.121516805926406E+01 -0.197540946307606E+01
   0.176279949862578E+01  0.506221369646243E+00  0.191624195172473E+01
  -0.177195837959708E+01  0.352286887033216E+01 -0.155887101560863E+01
   0.272758517693531E+01 -0.324370703870583E+01  0.294803952594963E+01
   0.319928307886064E+01 -0.261125184732320E+01 -0.974161767050566E+00
  -0.252869292052355E+01  0.158256918652020E+01 -0.139205693873209E+01
  -0.837262301251023E+00  0.332032189224224E+00 -0.307433433049069E+01
  -0.112595146654216E+01 -0.148003844488151E+01  0.194332088960916E+00
  -0.539436149013219E-01 -0.122069621379183E+01 -0.166663321097257E+01
  -0.279193377822205E+01  0.274419455449609E+01 -0.249947853104476E+00
  -0.102497277317251E+01  0.140142965855016E+01 -0.209505384301813E+01
   0.207460195748474E+01  0.458957440840763E+00 -0.194640729365100E-01
  -0.921108532596123E+00 -0.131384108661301E+01  0.269151531304894E+01
   0.190156288342481E+01 -0.208127826924431E+01  0.121133127191515E+01
  -0.373967543276211E+00  0.721221487988268E+00 -0.101916634990068E+01
   0.227535142437332E+01  0.116689468449523E+01  0.968459847132838E+00
  -0.178810718209717E+01  0.718576018830975E+00 -0.152887317658165E+01
   0.117270682130628E+01 -0.176812253857106E+01  0.301299808787775E+01
  -0.277841061463243E+01  0.150041133347922E+01 -0.412007850042996E+00
  -0.320787642900392E+01 -0.259427042186937E+01  0.205097018310257E+01
  -0.213735591635911E+01 -0.270730690956638E+01 -0.250524020563186E+01
   0.153455346557479E+01  0.209945428930137E+01 -0.242449580622411E+01
  -0.949042944786171E+00  0.280846644549149E+01  0.203426202383908E+01
  -0.301617851381728E+01 -0.475240989725513E+00 -0.352302445244471E+00
  -0.113350443193296E+01  0.424928798640530E+00  0.300735169380364E+01
  -0.263087764140272E+01 -0.167842015161081E+01 -0.351027776203129E+01
  -0.352068218423935E+01 -0.226256689433051E+01 -0.296563573615339E+01
  -0.212742870007035E+01 -0.706939717260512E+00 -0.318812224683228E+01
  -0.741777021318762E+00 -0.159980210102055E+01 -0.245981107071903E+01
  -0.268434307454798E+01 -0.905811075393398E+00  0.281727295284880E+01
  -0.202885444589843E+01  0.739791563266316E+00 -0.356682459304702E+01
  -0.563700202344652E+00  0.344610123151280E+01 -0.875281972422492E+00
   0.300128615996481E+01  0.290410556316385E+01 -0.247428922402004E+01
  -0.309250080028122E+01 -0.174083850453120E+01 -0.148412625635132E+01
   0.240971469695260E+00  0.271492462069244E+01 -0.307109039637944E+01
  -0.324486572252063E+01 -0.775011098158088E+00 -0.136444076201660E+01
  -0.248177907300493E+01  0.167023939920312E+01  0.218903081745955E+01
   0.212810000024943E+01  0.210947512222859E+01  0.278599145194917E+01
   0.267011742432564E+01  0.897955364782569E-01  0.977943715027518E+00
  -0.330526856771341E+01 -0.111259478387423E+01 -0.298814183797429E+01
  -0.305355654588380E+01 -0.668700844860336E+00  0.869648977783038E+00
  -0.312871054805985E+01 -0.133979747544898E+00  0.357493976476250E+01
   0.110472225581913E+01  0.335490468418641E+01  0.101602592816701E+01
  -0.405423945164023E+00  0.147290601987984E+01  0.308809544817949E+01
   0.174673892139907E+01  0.350700317284772E+01  0.294628432515683E+01
   0.300457738731736E+00  0.416983656154603E+00  0.308284006616692E+01
   0.295428930305926E+01 -0.255513334277054E+01 -0.210156420710496E+01
   0.557765433024930E+00 -0.329254342097630E+01  0.194506677306106E+01
   0.188835390051911E+01 -0.617300570077371E+00 -0.195608284174099E+00
   0.270693585270309E+00 -0.141919967886997E+01  0.354840418613713E+01
   0.108030893451532E+01 -0.168594140829365E+01  0.516945777775403E+00
   0.299093604980216E+01 -0.462877076998319E+00 -0.332874788316268E+01
  -0.219516475484221E+01  0.740907952108319E+00  0.131250883174278E+00
   0.155353357314979E+01 -0.704782406256468E+00  0.266395416878887E+01
   0.161191631178287E+01 -0.271943868446201E+01  0.331230100664464E+01
  -0.219901708908860E+00 -0.205366854447853E+01  0.785168472024483E+00
  -0.315984335314556E+01 -0.192860644939478E+01 -0.484724859985576E+00
  -0.126806389616830E+01 -0.278430372507139E+01 -0.785007903453489E+00
   0.344492731740069E+01  0.317791654893808E+01 -0.347993843458640E+01
  -0.227452362568248E+01  0.356963810461444E+01 -0.670491288211965E+00
   0.322290167518310E+01  0.292617331805925E+01  0.271981211379135E+00
  -0.140311303465890E+01  0.144467851302564E+01  0.334804188142215E+01
   0.250054164228431E+01  0.287016718553870E+01  0.220798049956456E+01
  -0.139343376553007E+01  0.234145087291676E+01 -0.140852656131627E+01
  -0.221101856375062E+01  0.216041428836090E+01  0.538166850355455E+00
   0.319446376079223E+01  0.281506991022827E+01  0.128075580520045E+01
   0.173368546472110E+01  0.275757277601480E+01 -0.155302630382786E+01
  -0.309720488106382E+01  0.292637103629399E+00  0.226708553436889E+00
  -0.823296062970920E+00  0.233494503638217E+01  0.782936273038893E+00
  -0.155513249475344E+01 -0.223601732485154E+01 -0.162839422358207E+01
   0.161053491055887E+00  0.461224402968276E+00  0.874560528871095E-01
% -0.210285932426006E+00  0.168914201428425E+00 -0.781902244972589E-01
% -0.736586993828758E+00 -0.608965752306584E+00 -0.703269328018978E+00
%  0.118070669429475E+01  0.124951977077001E+01  0.110815155108121E+01
%  0.104093384229213E+01 -0.104016963677947E+01 -0.362846852836490E+00
%  0.435876526623474E-01 -0.969340599787268E-01  0.416397687355652E+00
% -0.127746854196761E+01  0.526132654010789E+00 -0.110826830769774E+01
% -0.137294158556355E+01 -0.867000612608393E+00 -0.142937761139486E+01
% -0.239772809435154E+00  0.468889390450034E+00  0.984255599885289E+00
%  0.104779084805299E+01  0.966111063742735E+00 -0.155114648149809E+00
%  0.128750960479743E+00 -0.191112055933475E+01  0.395600234556735E+00
%  0.579185824636689E+00  0.251393069909156E+00 -0.299657019297191E+00
%  0.430341056017316E+00 -0.239420145230898E-01  0.261255067427459E+00
% -0.175581602486244E+00 -0.176931714257708E+01  0.612961114188768E+00
% -0.865974868762758E+00  0.417735411520918E+00  0.508380919431165E+00
% -0.675110370316657E+00  0.191966309708480E+00  0.919624078100552E+00
%  0.639175182242038E+00  0.807956106713249E+00 -0.213483098514133E+01
% -0.192016782910838E+01  0.293644092440162E+00  0.199698681391501E+00
%  0.303861162159673E+00  0.464192246668564E+00  0.163826957419324E+00
%  0.835478950908061E+00 -0.679767341897933E+00 -0.465655746416316E+00
%  0.944615181683288E-01 -0.219970178854182E+00  0.164198370791058E+01
% -0.168135411429852E+01 -0.155625787158229E+01  0.903049715662297E+00
% -0.575805924001656E+00  0.177181302642544E-01 -0.577945963815917E+00
% -0.162801327666760E+01  0.124685725191703E+01 -0.774222497359453E+00
%  0.675712147035807E+00 -0.133778085055741E+00 -0.135339373944149E+01
% -0.118623194914243E+01 -0.497636853203446E+00  0.103823234521625E+01
% -0.101501758260543E+01 -0.107170856826843E+00 -0.159910308567705E+00
% -0.722836105234599E+00  0.127145087373124E+01  0.120919216802701E+01
%  0.573981227268097E+00 -0.489420356577166E+00  0.168246056178265E+00
% -0.102796890654871E+01  0.114298693098069E+01 -0.919920402955029E+00
%  0.862669397778607E+00  0.536903529538516E+00  0.435414154727668E-01
%  0.127979059491551E+01 -0.739731774186337E+00  0.148503337303608E+01
% -0.775227227761988E+00 -0.815403835602341E+00  0.158316662398817E+01
%  0.233718307543145E+00 -0.232851754546539E+00 -0.169006508365636E+00
%  0.284955194426727E+00  0.198664364966786E+01 -0.299417526505412E+00
% -0.322835158154039E+00  0.140287504709163E+01 -0.403321620130673E+00
% -0.644465197416748E+00 -0.826051601162026E+00 -0.667418976810811E+00
%  0.167930057993511E+01 -0.207758123020848E+01  0.181190349206864E+01
% -0.103818562107647E+01  0.376627283110298E+00  0.402609263790059E+00
% -0.150807899443981E+01  0.284058818605491E+00 -0.255152860728630E-01
%  0.143182346437567E+01 -0.290031182717463E+01 -0.134854466037241E+00
%  0.460264492066682E+00  0.774715254752902E+00 -0.256644527658253E+00
%  0.321862339189504E+00  0.681611793462057E+00 -0.100379799973878E+01
%  0.105480399778240E+00  0.496148732304223E+00 -0.827151062550536E+00
% -0.735798841525659E+00  0.840244717256297E+00 -0.463310435791487E+00
%  0.390564356674213E+00  0.100672229880376E+01 -0.362001355936068E+00
%  0.289205865424118E+00  0.109311494347647E+01 -0.134800977406540E+01
%  0.135379404121239E+00 -0.832546994627990E+00  0.258438847783312E+00
% -0.223710274123600E+00  0.404473792610481E+00  0.145135831803859E+01
% -0.163323945538548E+00  0.147710840668537E+01 -0.223195183831510E+01
%  0.443784033046613E+00 -0.118229899670899E+01  0.626509479544991E+00
%  0.126095952940583E+01 -0.214980991423268E+01  0.405109595027592E+00
% -0.367399065594849E+00  0.208373174705985E+01  0.671665340628918E+00
%  0.789638333148927E+00 -0.192511795163211E+00 -0.174269665100004E+01
%  0.178157305570038E+00  0.393446661377026E+00 -0.135080871814305E+01
%  0.571081351948724E+00 -0.689820439590884E+00 -0.925429829670140E+00
%  0.216860115750234E+00 -0.337595290798150E+00  0.468217690269870E+00
% -0.776775552733717E+00  0.994642401627281E-01  0.258935092833959E+00
%  0.669724802399738E+00 -0.166463259094648E+00  0.391516863898699E+00
% -0.129936450543177E+01 -0.515250986092723E+00 -0.250820910215070E+00
% -0.603104561874100E+00  0.609055364296463E+00  0.631108778126201E+00
%  0.150264882666714E+01  0.762803947108975E-01 -0.100523664106111E+00
% -0.944434204463240E+00  0.144861294684417E+00 -0.706627678005880E+00
%  0.110692166029382E+01 -0.680464880500478E+00  0.123393123933712E+01
% -0.665123035438701E+00  0.186061065182235E+00 -0.117552899128719E+00
% -0.798971745560620E+00 -0.679958081470255E+00 -0.114474882000738E+01
%  0.672764811187125E+00 -0.333791472221447E+00 -0.304152452351785E+00
%  0.297390105358076E-01 -0.403142166296894E+00  0.120497892551379E+01
%  0.191057146536430E+01 -0.117458982929482E+01 -0.369602117225060E+00
% -0.970608902484340E+00 -0.645026628485889E+00 -0.354899123698254E+00
% -0.667320223837831E-01  0.389826417835867E+00  0.120709215101412E+01
%  0.186076661959733E+00  0.605948982205825E+00  0.793312735129653E-01
%  0.443915762266772E+00  0.853640927465923E+00  0.923933878877992E+00
%  0.119558140451409E+01  0.756900907372816E+00 -0.216262456954871E+01
% -0.323119014125919E+00 -0.101555598625591E+01  0.460767011363592E+00
%  0.471462153695022E+00 -0.926873275789119E-01  0.602748688597292E+00
% -0.264231236722780E+01 -0.549395246529406E+00  0.615309418389655E+00
% -0.829019585919945E+00  0.854491188145710E+00 -0.131299112651438E+01
% -0.107213773602993E+00 -0.923529608144221E+00 -0.523174722111011E+00
%  0.491355967530264E+00  0.105772662827386E+01  0.709450167960519E-01
%  0.316660306044208E+00 -0.577547628094913E+00  0.287670418143611E-01
%  0.163256886510297E+00  0.920863448405790E+00 -0.392161547164747E+00
%  0.158653652133246E+01  0.807393902418686E+00 -0.571202509705115E+00
%  0.181139084324521E+01  0.483778577629294E+00 -0.600214781965491E-01
% -0.254748494903201E+01 -0.149243510924556E+00 -0.840856208754772E+00
%  0.712777002484626E-01 -0.221396101334438E+00  0.650301238903824E+00
%  0.123991303331972E+01  0.116849807694360E+01 -0.112546900285913E+01
% -0.154356594048194E+01 -0.228430185450161E+01  0.549463956203999E+00
% -0.366587041766271E+00 -0.195880654649404E+00  0.132639394910003E+01
% -0.494185451675111E+00 -0.197891687289041E+00 -0.127092722281057E+00
% -0.223259340802427E+01 -0.843622656683433E+00 -0.135319091433609E+01
% -0.206790780976296E+01 -0.963696013068896E+00  0.773421845618437E-01
%  0.532378933587339E+00  0.221780381117724E+01 -0.195278627312001E+00
% -0.570568628070434E+00 -0.109157971914685E+01  0.111901513330562E+01
%  0.156064984067720E+01  0.839920260375281E+00  0.909891317745548E+00
% -0.469701564820846E+00 -0.123739680954523E-01 -0.394161244219711E+00
%  0.840242561335848E+00  0.515426014832803E+00 -0.590865820329140E+00
%  0.131383363140571E+01 -0.645332681015974E+00 -0.389031485307412E-02
% -0.190238678629989E+00  0.432320085917699E+00 -0.462265483397511E+00
%  0.461311406409359E+00  0.107359393733062E+01  0.202003302021367E+00
% -0.248465024422459E+00  0.985970018540056E+00 -0.211775635588612E+01
% -0.115242817694244E+01 -0.208211211736632E+01 -0.167517519310169E+01
% -0.155055405527312E+01 -0.155760045521842E+01 -0.180977079543018E+01
% -0.227399932692451E+01 -0.189465012423992E+01 -0.456427988756942E-01
% -0.145043658610175E+00 -0.147990640059193E+01 -0.362896397883439E+00
% -0.663364403832052E+00  0.278229825323986E+00 -0.474349230776189E+00
% -0.490557392293148E+00  0.313324570598733E+01 -0.934976924454010E+00
%  0.173878487931288E+01 -0.132086544206780E+00  0.434048883536875E+00
%  0.506730483192202E+00 -0.426755122455028E+00 -0.419134207983723E+00
% -0.116383951591801E+01 -0.230875732766099E+01  0.113380351824382E+01
%  0.860767485908655E-01 -0.170421478046140E+01  0.939583001630218E+00
% -0.675044145443954E+00 -0.143655328230215E+00 -0.522546676765626E+00
%  0.940328085295232E-01 -0.126095373145856E+01 -0.610884109579247E+00
%  0.360234011060333E-01  0.131075933760897E+01  0.153907025637491E+01
% -0.117090366156977E+01  0.195598653013314E+01 -0.127716172977819E+01
% -0.131375371324158E+01 -0.486386838756898E+00 -0.110696956092124E+01
% -0.100221904202180E+01  0.359398219681288E+00  0.127432019934250E+01
%  0.299671025522563E+00 -0.185914110717547E+01 -0.311612148540330E+00
% -0.686373582546157E-01  0.136346083731721E+01  0.929345975383986E+00
% -0.588088760113082E+00 -0.175813452152914E+01  0.469409403331641E+00
%  0.574151162308449E+00  0.671135127237314E+00 -0.250800071143360E+00
% -0.557237582406975E+00 -0.596986028106354E+00 -0.253473020957780E+00
%  0.149366613712233E+01  0.179515847603350E+00  0.117184889306747E+00
% -0.906382773481224E+00  0.396061417029916E+00  0.167622039124922E+01
%  0.800786385572241E-01 -0.277202787843229E-01  0.301904507653181E-02
% -0.610542988964869E+00 -0.765896251953506E+00  0.719258648807730E+00
% -0.886581334773848E+00  0.403216913101593E+00 -0.642837218965329E+00
%  0.585878223610492E+00  0.204717998687231E+00 -0.178845267123481E+01
% -0.296532807295558E+00 -0.778215671144427E+00 -0.144652091583749E+01
%  0.207396131912506E+01  0.306772331970967E+00 -0.938031551632695E-01
%  0.503291593619491E+00 -0.201137675211135E+01 -0.524500475841935E+00
% -0.996428777236003E+00  0.292952535183549E+00 -0.146899092518972E+01
% -0.128776944399587E+01 -0.809609321955854E+00 -0.394995974044773E+00
% -0.136427786151747E+01 -0.446587026399071E+00  0.192067691828778E+01
%  0.105685649235598E+01 -0.497335410059180E+00 -0.144543073366968E+01
% -0.739387438226941E-01 -0.126582852826155E+01 -0.359456521184695E+00
%  0.199135107742262E+01  0.200364790606491E+01 -0.200240179393792E+01
% -0.673679706808510E+00  0.140058040207395E+01  0.984383577679655E+00
% -0.183146870646082E+01  0.828667378801687E+00  0.950416489513120E+00
% -0.690388426545434E+00 -0.820598759173718E+00 -0.158345967318218E+01
% -0.998286109280937E+00  0.198780062888551E+00 -0.194388689879350E+00
% -0.266745898753375E+00  0.152619127241754E+01  0.643263311296049E+00
% -0.823032437041789E+00 -0.736816149100639E+00 -0.154138092372507E+01
% -0.222715658123995E+00  0.322904694192469E+00  0.232696448813686E+01
% -0.223043640565752E+01  0.242699679462072E+00  0.644502665112795E+00
% -0.217970099011677E+01 -0.769286158534117E+00  0.107663114068713E+01
% -0.295335030839141E+00  0.116325700868896E+00 -0.166368646265279E+01
% -0.146870754035046E+01  0.614576026542714E-01  0.452072460628851E+00
%  0.103357266643053E+01 -0.131269978351679E-01 -0.419501058620828E+00
% -0.219859160145131E+00  0.112918971777048E+01  0.321400462242844E+00
% -0.171820811250223E+01  0.331659923291518E+00  0.223082484292844E+01
% -0.114291036570209E+01 -0.718182282812807E+00 -0.229124315982728E-01
% -0.136131206607391E+01 -0.660447549391765E+00  0.856497029065513E+00
%  0.577996297257446E+00  0.134036047083032E+01  0.436361212636755E+00
% -0.284838564069031E+01  0.519309686990986E+00 -0.104726843771882E+01
%  0.250485874096680E+00  0.393828493458254E+00  0.271826817132329E+01
% -0.206570509341894E+01 -0.248290434048664E-01  0.467562251780792E+00
%  0.567465510675879E+00  0.232253034129608E+01 -0.991346000882788E+00
% -0.681219522366424E+00  0.446291400335521E+00  0.678255892199833E+00
%  0.124101299419029E+01 -0.871026213087668E-01 -0.914103821155774E+00
%  0.477512131293060E-01 -0.918414723905887E-01  0.156149863742610E+00
%  0.154109768436516E+01 -0.110925927392656E+01 -0.252736979843071E+00
% -0.378750173547876E+00  0.110691070370526E-01 -0.308284215563700E+00
%  0.146201262022418E+01  0.371499849658226E+00 -0.185316465333189E+01
% -0.420960656284273E+00  0.125601036362627E+01 -0.164027282227324E+01
% -0.873256801173892E+00 -0.105780736270834E+01  0.188046896634197E+01
% -0.758408171145931E+00 -0.132934315446818E+00  0.196310410184944E+01
% -0.746963785763737E+00 -0.123304405767850E+00  0.156718835489179E+01
% -0.341483801002560E-01 -0.762964464787682E+00  0.373655680252471E+00
% -0.556424349515104E+00  0.542927457470806E-01 -0.111350452939627E+01
%  0.808813856419885E+00  0.479287663078719E+00 -0.801973968641162E+00
% -0.929058419104971E+00 -0.136575446340823E+01 -0.240047465823433E+00
% -0.111046335860935E+01 -0.159529228767591E+00  0.868425178528347E+00
% -0.646233053780194E+00 -0.735860461312254E+00 -0.213361096045434E+00
% -0.131819860130439E+01  0.939441551447476E+00  0.554941780681232E+00
%  0.720914612748301E+00  0.329660606593318E+00 -0.162901518853158E+01
%  0.205276649870038E+01  0.180129150807909E+01 -0.234219731128456E+01
% -0.390408005555551E-01  0.485113424606633E+00 -0.467298842425672E+00
% -0.255646705681319E+00  0.586216691777370E+00  0.129142128196165E+01
%  0.682270996294223E+00  0.555190799066308E+00 -0.198385304351375E+01
%  0.767695267321669E+00  0.166772103575766E+00 -0.615407015473591E+00
%  0.166802596366457E+00 -0.488517861905148E+00 -0.759250850851503E+00
% -0.525162753147486E+00  0.690433852341564E+00  0.129012767488085E+01
%  0.580288410875962E-01 -0.498477391126258E+00  0.301817488158845E+00
%  0.116560389918466E+01  0.132817124056616E+01  0.728910215135020E+00
%  0.254583669182846E+01 -0.888185015791013E+00 -0.269317299417303E+00
%  0.101777924107457E+01 -0.527955411332349E+00  0.498110690249352E+00
% -0.877921482789433E+00  0.521034359282700E+00 -0.111348236269923E+00
% -0.612052632957378E+00  0.728691426084904E+00 -0.309575319507155E+00
%  0.182693464952471E+00 -0.110432815047962E+01  0.995414299605517E+00
% -0.673825427382508E+00  0.301505673917577E+00 -0.103710363451375E+01
%  0.508893002007777E-01 -0.703369552804208E+00 -0.659928925143005E+00
% -0.568727951181774E+00 -0.254130017878010E+00  0.125222687361190E+00
% -0.149369431268265E+00 -0.291746951021546E+01 -0.472365553123436E+00
%  0.475218366035687E+00 -0.117725549028690E+00  0.136015785830476E+01
% -0.933306505523106E+00 -0.516775144820900E+00  0.498281374711355E+00
%  0.362039153772004E+01  0.488635279967823E+00  0.207778640810140E+01
%  0.500294930794797E+00  0.234703433567368E+00  0.154127270735409E+01
% -0.101011305236390E+01 -0.762029096315271E-01  0.384398001080043E+00
%  0.167592609370092E-01  0.340810271634316E+00  0.197899432108366E+01
%  0.746054601106851E+00  0.931342644201108E-01 -0.679083718617072E+00
%  0.902120488518905E+00  0.129651556822863E+01 -0.102912528309303E+00
%  0.107382962647563E+01  0.609443846286180E+00 -0.105256978586519E+01
%  0.146827090141271E+01  0.349430266503637E+00  0.987602842638743E+00
%  0.119346062217926E+01 -0.904125029485257E+00  0.762189886025098E+00
% -0.148222151819612E+01  0.805490869485848E-01  0.829496171477593E+00
% -0.157557924213534E+00 -0.283023184370393E+00 -0.855782427416757E+00
%  0.228585001854370E+01 -0.408431589577977E-01  0.228624503530212E+00
% -0.873047612761133E+00 -0.706563632252870E-02  0.169751003760197E+01
% -0.134000493777939E+01 -0.254200716502352E+00 -0.718235786747575E+00
% -0.104830223192608E+01  0.206097520686430E-01 -0.485226512274342E+00
%  0.110169888365839E+01 -0.125596156659303E+01  0.296331873340138E+01
% -0.140972942653020E+00  0.934085397522372E+00 -0.153348608854071E+00
%  0.656435857561604E+00 -0.719787906408106E+00  0.979690238452265E+00
% -0.202408995426604E+00 -0.178404780464373E+01  0.594299670779588E+00
% -0.994248865289296E+00 -0.399776742666339E+00  0.116026692078725E+01
% -0.212747681310870E+00 -0.341261519934782E+00  0.216771307902161E+01
%  0.402534551071046E-01  0.837194398080873E+00 -0.644467871424995E+00
%  0.242303252534415E+01  0.111895959654511E+01 -0.110264187890653E+01
%  0.222602213439944E+01 -0.818125521407469E+00 -0.725438531278010E+00
% -0.325259188140032E+00 -0.586677230728799E+00 -0.236102274933249E+00
% -0.589086080625213E+00  0.203700653066890E+00 -0.744422250365419E-01
%  0.121501799220312E+01 -0.593215166551802E+00 -0.327972866280751E+00
%  0.104186900346798E+01  0.235739335396824E+00  0.416295588845811E+00
% -0.600660628117459E+00 -0.299685294832994E+01 -0.140387658311583E+00
% -0.128089413938214E+00  0.104321055173088E+01 -0.130331335363640E+01
%  0.319759392995143E+00  0.277470457340788E+00  0.225393679144205E+01
%  0.106741869944926E+01  0.478365652296133E+00  0.610461295133959E+00
%  0.521512674144020E+00 -0.552526916786329E+00 -0.210407730025677E+01
%  0.732838983563129E+00  0.105827912849929E+01  0.548340314615280E+00
%  0.357008966069606E+00  0.156913407944393E+00  0.138362458783971E+01
% -0.552417995792809E+00  0.423914552935303E+00 -0.540199232829249E+00
%  0.677039832313309E+00  0.122705395290778E+01 -0.495914774299667E-01
%  0.159569248975476E+01  0.331414807787548E-01 -0.591109738287685E+00
%  0.227375738245666E+01 -0.597089780357367E-01 -0.300726007160193E+00
% -0.116839674454960E+01 -0.137357034312738E+01 -0.396521262081231E+00
%  0.109542171117744E+01 -0.171413717685869E+01 -0.667119505606965E+00
%  0.932087571496559E+00 -0.157312707987793E+01 -0.246296196680272E+00
% -0.311239399721946E+00  0.324517501176356E+00  0.546032708169275E+00
%  0.489502620890306E+00  0.595066290033693E+00 -0.134129364700544E+01
%  0.842913272831363E+00  0.166381224387993E+00 -0.749800472170722E+00
%  0.127355913989459E+01 -0.109124682605147E+00  0.218466902067904E+01
%  0.432493632851455E+00  0.196546857437977E+01 -0.836561551760653E+00
% -0.957796728567271E+00 -0.659244273729761E+00 -0.390409200714201E+00
%  0.882418541523200E+00  0.525397021729947E-02 -0.419307088420538E+00
%  0.229585671529245E+01 -0.861586438594953E-01 -0.311209798277442E+00
%  0.872276858569778E+00  0.283613418087553E+01  0.601579253276253E+00
%  0.105437541787255E+01 -0.361591802961112E+00  0.637757703962545E+00
% -0.131393206460662E+00  0.202322040535417E+01  0.121189751457861E+01
% -0.377148621035839E+00 -0.140837304343506E+00  0.129497287660361E+01
%  0.210491737660858E+01 -0.107777628433703E+00 -0.236167461709583E+01
%  0.606538298456107E+00  0.112294703699299E+01  0.207591876414382E-02
% -0.643805731534527E+00  0.745500622106282E+00 -0.945083989339100E+00
% -0.364794340015649E+00  0.132840356487110E+01 -0.506235805480742E+00
%  0.137427627600988E+01  0.814983061421134E+00  0.625159905204238E+00
%  0.672568201271097E+00  0.351696365755795E+00  0.233206099345662E+01
%  0.213541462276471E+00 -0.505643033412713E-01 -0.325105257038004E+00
%  0.383976559729585E+02 -0.410538452357571E+02 -0.127777921470086E+02
% -0.220290821818051E+02  0.210586703297177E+02  0.366549218201823E+01
%  0.753882246353577E+00  0.117960972035542E+02 -0.408524398284305E+01
% -0.225363979955308E+01  0.592624764943267E+01  0.105506393530923E+01
%  0.327449604758648E+01  0.119938302048686E+02  0.860478001340699E+01
%  0.446142354175586E+01 -0.318225843680104E+01 -0.279509423895843E+02
%  0.258556027218671E+02  0.132563864650010E+02 -0.290243067402400E+02
% -0.119313159054338E+02  0.142408099957021E+02  0.644991216027115E+01
%  0.246697638427648E+01 -0.609773138309379E+01  0.478050797292663E+01
%  0.637697412976479E+01  0.152421577880286E+00 -0.182873792491627E+01
%  0.188375568224996E+02 -0.996754868934176E+01 -0.300141396621205E+02
% -0.191770016784994E+02  0.174498463222655E+02  0.125432453137264E+02
% -0.998578505723972E+01 -0.119270626525088E+01  0.176330532224744E+02
%  0.636526903531986E+01  0.623404659627694E+01 -0.290064185487184E-01
% -0.841902510162047E+01 -0.789702534268023E+01 -0.225116217316020E+02
% -0.310518498944288E+01  0.400519418750790E+01  0.128839536983249E+02
%  0.424565609513856E+01 -0.292265632138040E+01  0.808553692248828E+01
% -0.153684013389964E+02 -0.165030330206190E+02 -0.987424791062830E+01
%  0.165271087937165E+01 -0.178485747953494E+01  0.463043180634997E+01
%  0.294991494428657E+02  0.775559327906010E+00  0.234275137562544E+02
%  0.275793477716639E+00 -0.260330274722094E+01 -0.432662181046457E+02
% -0.846588880647998E+01 -0.615285618157899E+01  0.205518444018847E+02
% -0.159701037085498E+02 -0.771525381856039E+01  0.247864267624671E+02
% -0.406447448305144E+00  0.186531470918793E+02 -0.159057814230658E+02
% -0.181247836748005E+02  0.949346254834964E+01 -0.214278529829394E+02
% -0.376447323966049E+01  0.121307838837959E+02 -0.136650581781779E+02
%  0.602069170325138E+01  0.919233443507597E+01 -0.756194144220171E+01
%  0.269075442364196E+01  0.124271550492417E+02 -0.882419609748455E+01
%  0.141347764630216E+01  0.690244800545829E+01  0.120839544337187E+02
% -0.949438213923344E+00  0.313288719352285E+02 -0.456891429934833E+01
% -0.768054988734949E+01  0.137089664969754E+02 -0.225526434089808E+01
%  0.405662722786594E+01 -0.260450077446390E+02 -0.140393774245799E+01
% -0.108694758915869E+02 -0.768277061340048E+01  0.152401566510157E+01
% -0.568554304462372E+01 -0.149745240221800E+02  0.113768924650793E+01
% -0.119149793130089E+02 -0.635832384353779E+01 -0.235046040324102E+01
% -0.714105816919485E+01 -0.265630304742642E+01 -0.308383456749388E+00
%  0.255832142731097E+02 -0.667474716508823E+01  0.228880166093951E+02
%  0.365558425397587E+01 -0.527543094462043E+01 -0.446573227516961E+01
% -0.318939432061306E+02  0.413048757206525E+01 -0.928067199091473E+01
% -0.272298901360108E+00 -0.341639153819741E+02  0.312848149655034E+02
% -0.234998991286683E+02  0.197951632116998E+01 -0.221563201690042E+02
%  0.174785709281030E+01  0.156585314247265E+02  0.453061262950574E+02
%  0.957195676653996E+00 -0.396655353618661E+01 -0.174734875362997E+02
%  0.750730611670882E+01  0.217177803864301E+02  0.185169580852099E+01
% -0.384807463443146E+01  0.733904812338264E+01  0.140013236381615E+02
%  0.154868547058472E+01 -0.187672315536410E+01 -0.133967689285383E+02
%  0.363948912348819E+01  0.390780114134301E+01 -0.979207020699356E+01
%  0.997622122198529E+01  0.638120805864636E+01  0.156453481076220E+02
%  0.106876014463317E+02  0.247678579687082E+01  0.642980951962051E+01
%  0.190882144815572E+02 -0.130254543142259E+02 -0.468872403669131E+01
% -0.592696790030449E+01  0.190659751179152E+01  0.873486856808280E+01
% -0.146700566370583E+02 -0.185874378155388E+02  0.189239222343347E+02
%  0.982652177676309E+01 -0.135343426642529E+02 -0.127071741579488E+02
%  0.502611282511248E+01  0.142076972171133E+02 -0.335130433292868E+01
% -0.191723700981043E+02  0.763171236499322E+01 -0.317312719746125E+02
%  0.566978921301296E+01  0.107422587580404E+01  0.719552850390288E+01
%  0.101168885400144E+02 -0.817288384576032E+01 -0.127963248329721E+02
%  0.187141439630141E+02 -0.261693066180873E+00 -0.342006375213565E+01
%  0.276307449246759E+01 -0.154017888005979E+01  0.169654117601495E+00
% -0.113136152704768E+02  0.130544363103032E+02 -0.552865801516606E+02
%  0.209127105260360E+02  0.592427859937478E+01 -0.286173467531222E+02
% -0.570075152588288E+01 -0.469609895404951E+01 -0.105024040527307E+01
%  0.593627923342878E+01 -0.126032592745191E+02 -0.156288288278362E+01
%  0.126710909850967E+01 -0.317659579631949E+02 -0.269458824118998E+02
%  0.173880301635718E+02  0.561863140983328E+01 -0.491803905375643E+01
% -0.305107793434095E+02  0.111303054866043E+02 -0.242519810060497E+02
%  0.169002714813012E+02 -0.996992142040045E+01 -0.774525237585932E+01
% -0.957901068090142E+01  0.416547257286138E+01 -0.216937895300563E+01
%  0.573272094234957E+01  0.131319574118211E+02  0.923377679788693E+01
%  0.226138819950548E+02  0.130637328884838E+02 -0.198854406925869E+02
% -0.143332964626622E+02 -0.119556906925299E+02 -0.680835020325325E+01
%  0.252661480293959E+02 -0.344507852979327E+01  0.182545851400196E+02
% -0.547912950595101E+01 -0.260152565086652E+01  0.978426691535025E+01
% -0.102837733407527E+02 -0.313621788721206E+02  0.255480322785769E-01
%  0.913669774649066E+00 -0.310940639887436E+01 -0.844380931682334E+01
% -0.248127207637508E+02 -0.120766106356574E+02  0.430303380811308E+02
%  0.134187107207735E+02  0.683228239417521E+01 -0.201221815307252E+02
%  0.673645236203307E+01 -0.110762123090296E+02  0.511909943691949E+01
% -0.251986342701459E+01 -0.509664031405612E+00 -0.260658246528283E+01
% -0.107675716511737E+02 -0.104413414095830E+02  0.138990277688509E+02
% -0.139524654346974E+02 -0.198514621227840E+02  0.292315240191027E+02
%  0.787468951831570E+01  0.346749984145187E+01 -0.560622624807287E-01
% -0.502706351879214E+00 -0.974285749635467E+01 -0.107997135928092E+01
%  0.125615252541799E+02  0.246194140949500E+00  0.170650818764671E+01
%  0.737871444778754E+01  0.143320423867951E+02  0.172651484242732E+02
% -0.866231872813830E+01  0.206437806182855E+01  0.369944342088690E+01
% -0.104471223423704E+02 -0.326272173029510E+01 -0.218904450310116E+01
%  0.211775466793796E+01 -0.375129978859046E+00 -0.637433773111209E+00
% -0.117521263997251E+02 -0.183450789207799E+02 -0.999383512790682E+01
% -0.215205090802434E+02 -0.332522308309031E+01 -0.967781055850396E+01
% -0.213906264476787E+01 -0.228797458009605E+01  0.496585091115616E+01
% -0.199697784566336E+01 -0.651164321572820E+01  0.447284009282659E+01
%  0.186847109382479E+02  0.163772971680665E+02 -0.633575726322905E+00
%  0.973647377746079E+01  0.890560837633880E+01 -0.748185593041523E+01
%  0.723778110616178E+01  0.243113339336720E+02  0.952881077800319E+01
% -0.335457789928467E+01  0.109614501874549E+02  0.842228053907201E+01
%  0.217274246830700E+02  0.231627613694545E+02  0.268124677782475E+01
% -0.102658594226337E+02  0.542069919947403E+01 -0.256922320895609E+01
%  0.231407174361121E+02  0.235745571879014E+02 -0.623688056290952E+01
% -0.604495072651268E+01  0.602887145272771E+01 -0.254607387727338E+01
% -0.230918388311124E+02 -0.760939028167538E+01  0.887690268530000E+01
%  0.114349138546026E+02 -0.469403513331471E+01 -0.340225352203618E+00
%  0.441807082600159E+01  0.789457338676188E+01  0.947842515356812E+01
% -0.264307735406636E+02  0.360095894314318E+01  0.234602740685408E+02
% -0.991674391241381E+01  0.175033132038181E+02  0.407791634579505E-01
% -0.527544924502928E+01 -0.204252463388769E+02 -0.681327528053672E+02
% -0.171534344413026E+02 -0.649326089633194E+01 -0.137139121411554E+02
% -0.284828660618028E+02  0.117927288102275E+02  0.864239924351481E+01
%  0.122262371047433E+01  0.362092022676391E+01  0.980515054011334E+00
% -0.793349287488577E+01  0.689173477807530E+01  0.367279962242316E+01
% -0.207515034389988E+01  0.125921196664250E+00  0.155363815135104E+01
%  0.469727361853367E+00 -0.847623953266742E+00 -0.272327577988591E+00
%  0.724357092626230E+01  0.273175997004155E+02  0.492119195769408E+01
% -0.590864022852891E+01  0.810180974529026E+01  0.147710238623651E+02
%  0.446605187343946E+01 -0.141969788357732E+02  0.123572835709897E+02
% -0.107818807984546E+02  0.966161847963173E+01  0.208940118231844E+01
% -0.344836323781565E+01  0.301175057894613E+01  0.125515507782285E+02
%  0.562405446586373E+02  0.191972150105666E+00 -0.336383101169928E+02
%  0.532136612770922E+01  0.217248351098398E+02  0.754757961183710E+02
%  0.962392813890807E+01  0.206982812115214E+01 -0.237130466931059E+01
%  0.132670778449894E+02 -0.127366083312676E+02 -0.317513507153380E+02
% -0.492513238421300E+01  0.251107814008239E+01  0.567909634496002E+01
%  0.887091384002263E+01 -0.273131963758590E+00 -0.123214777201624E+02
%  0.190786348181948E+02 -0.167365763147090E+02  0.473582863107859E+01
%  0.127452576364271E+02 -0.616934123817765E+01 -0.135038678631264E+02
% -0.342603845655036E+01 -0.994192543954938E+00 -0.248425618010328E+01
% -0.139716459738042E+02 -0.206736243262747E+02 -0.331581478908793E+01
%  0.338696565686885E+00  0.428221870395373E+02  0.100246255221525E+02
%  0.323422469467914E+02  0.176805878836968E+01 -0.955524901201026E+00
%  0.112664884789065E+02  0.833058051320639E+01  0.179704517613833E+02
%  0.573530344625401E+01  0.361282383365681E+01 -0.287736903943375E+01
%  0.152431913007720E+02 -0.187074086298784E+02  0.291577034320110E+01
%  0.973143603546710E+01  0.969233805504876E+01  0.519064122515909E+01
%  0.289285469339962E+01 -0.143857522828282E+02  0.105958613429617E+00
% -0.584303376692839E+01  0.232618747554092E+02 -0.393077364394380E+02
%  0.413621796548425E+02  0.427784677533619E+02 -0.498773825315855E+02
%  0.852374085650254E+01 -0.387184973009969E+02 -0.389991233607669E+02
% -0.124750863161672E+02  0.928478034040416E+01  0.247579501477935E+02
%  0.179961323477354E+02  0.443131505191537E+01 -0.236791629156020E+01
% -0.952274580768319E+01 -0.959977154230650E+01 -0.132993655426096E+02
% -0.511549706307313E+01  0.424371989885026E+01  0.268871011926690E+02
%  0.106200510558473E+02  0.953660072489186E+01 -0.626780767241039E+00
% -0.558509867966956E+01  0.531121533611821E+01  0.712138319198147E+02
% -0.386357895682380E+01  0.108788463222455E+01 -0.302830400005818E+02
%  0.255479838226422E+01 -0.132710281228148E+01  0.130112428069591E+01
% -0.171273151862443E+01 -0.108466471096368E+02 -0.138762671677184E+02
% -0.430668694577559E+01  0.184970580225276E+01 -0.214723879970150E+02
%  0.537876901126868E+01 -0.485420638824060E+01 -0.411930754716005E+01
% -0.296503911691889E+02 -0.206093104459181E+01  0.196484500253304E+02
%  0.412785612419618E+01 -0.235054325450803E+01 -0.705324403681594E+00
% -0.436990531754119E+02 -0.101683828746864E+02 -0.147318692712895E+02
%  0.346029551514347E+02  0.750337409615813E+01 -0.440286712569738E+02
%  0.577661441083172E+01  0.864254239375791E+01 -0.130427119982681E+01
% -0.295828894671025E+00 -0.507023176196334E+01  0.846477867745958E+01
% -0.669130612718372E+02  0.148177941699156E+02  0.407595814329536E+02
%  0.132922535435001E+02 -0.266075206312755E+02  0.143636038907214E+02
% -0.980524808430363E+00  0.440242034707118E+01  0.397892090078104E+02
% -0.159364575001224E+02 -0.366035964681758E+02  0.368650791557655E+02
%  0.114806902319147E+02  0.457899150255444E+01 -0.450882243499497E+01
% -0.370989494702725E+02 -0.374951274556367E+02  0.459523373642787E+02
%  0.113001776165975E+01 -0.948781075421611E+01  0.188193920451614E+02
%  0.914283021597172E+01 -0.424367001445393E+01 -0.717517782052181E+01
% -0.141818012684651E+02 -0.862599557970170E+01  0.331093577442913E+02
%  0.213824811181401E+02  0.161632418984827E+02  0.941956401862038E+01
% -0.999918453631984E+01 -0.128421864855327E+01 -0.187900192608297E+01
% -0.266499600017513E+02  0.408282020473768E+01 -0.216352452689117E+02
% -0.443402722675292E+01 -0.328320031168439E+01  0.147339044728751E+02
% -0.236941122005630E+02 -0.295141815901932E+02  0.231604373809084E+02
% -0.700338176370567E+01  0.419207533280628E+01 -0.439105708115261E+01
%  0.417907676570499E+01 -0.912722707055298E+01 -0.136669959660095E+02
% -0.870858289008786E+01 -0.500497247532047E+01 -0.733127455667556E+01
% -0.182737454267803E+01  0.106571959238225E+01 -0.198993697927499E+01
% -0.226811694688660E+01  0.336168237999171E+00  0.504820104335704E+01
% -0.266779335571643E+01 -0.502605212029851E+01  0.695068950708482E+02
% -0.642567945704985E+01  0.190315335581217E+02  0.129095790627042E+02
% -0.759855758384913E+01 -0.972448987653606E+01 -0.259580194101462E+01
%  0.350320301736684E+01 -0.718862051009491E+01 -0.971062661099343E+01
% -0.367076200423210E+01  0.273498656856487E+01  0.142630827748459E+00
%  0.242275629071002E+02 -0.212407915024478E+02  0.155427532136962E+01
%  0.449245544262266E+01 -0.313187291197605E+01  0.437088183420925E+01
% -0.457431664534724E+01  0.972631037702751E+01  0.547821596142387E+01
%  0.481148258920799E+01  0.767134467242641E+00  0.106607280092438E+02
%  0.874969069979833E+01 -0.109908280656460E+02 -0.710214269456609E+01
%  0.289466802268594E+01  0.325798123311145E+01 -0.778263591506596E+01
% -0.107723731861424E+02 -0.127281252979784E+02 -0.159242782371925E+02
%  0.457134033861255E+01 -0.154846299373738E+02 -0.523976071923383E+01
%  0.146887484140615E+01  0.798077492546374E+01  0.189669592795316E+02
%  0.283547756630607E+01 -0.574458161953937E+01  0.161764192480715E+01
%  0.419201565877404E+01 -0.898678564632140E+00  0.465902351175049E+01
%  0.240860396227370E+01  0.547325005335215E+00 -0.185173658981285E+01
%  0.493138126250609E+01 -0.156500253337249E+02 -0.231647595849709E+02
%  0.235509423362651E+02 -0.212953635367960E+01 -0.151829911220652E+02
%  0.301803785236712E+01 -0.320536739666157E+01 -0.149786492751541E+01
%  0.756553594236814E+01 -0.647994277754961E+01 -0.283101636121994E+01
%  0.276931408538817E+01 -0.146376077083037E+02  0.319977582451128E+02
% -0.134173889798402E+01  0.415627635394759E+01  0.150537596949439E+02
%  0.107167473588843E+02  0.630541221700427E+01  0.162706116374093E+01
%  0.343166389703796E+01  0.211859178069659E+01 -0.787961192482759E+00
% -0.604315555431505E+00 -0.193132662737358E+01  0.787156293800072E+00
% -0.197109979984435E+01 -0.491124038913552E+01 -0.413471500857832E+01
% -0.327695611605509E+01 -0.417100118164642E+01  0.812530994916040E+00
%  0.366942416698848E+01  0.601342322859893E+01 -0.501972118635818E+01
% -0.199507309765176E+02 -0.139961416623165E+02 -0.411890632802583E+02
% -0.832934667181401E+01  0.151462465728057E+01  0.189714391705889E+02
%  0.257450688486016E+01  0.426854700888287E+01  0.587625957743569E+00
% -0.566838967757465E+01 -0.683348822897813E+01  0.703315351789146E+01
%  0.107762671368979E+02 -0.240226624352581E+01  0.304560485145502E+02
%  0.369636255833085E+01  0.437730323655714E+01 -0.131519892324996E+02
%  0.171722361397600E+02 -0.318021569376551E+02 -0.227396194218445E+02
%  0.877242407978314E+01  0.664627426821378E+01 -0.403276381287877E+01
%  0.288764217706349E+02 -0.343802136003804E+01  0.914881357950351E+01
%  0.105234026758924E+01 -0.143255138015394E+01 -0.258195366662352E+01
% -0.561828853352595E+01 -0.457191864035782E+01  0.606769772283185E+01
%  0.151889329562972E+02  0.175491105258443E+02  0.137787334778370E+02
% -0.757591434408282E+01  0.125904247691288E+01  0.164174364864050E+01
% -0.330465643073031E+02 -0.217159225592389E+02 -0.715614014643228E+01
% -0.737458324815557E+01 -0.118279313924104E+01 -0.727035197485782E+01
% -0.264887396639039E+01 -0.122365019985992E+02 -0.568563196792087E+01
% -0.143736457055867E+02  0.296199390017476E+00 -0.181698549543048E+02
% -0.181325679367527E+02 -0.249341069726619E+02  0.334381350017250E+01
% -0.105279431661866E+02  0.212923636008917E+02 -0.189388272528860E+01
% -0.757197686480653E+00 -0.930646970396944E+01  0.757297470402159E+01
% -0.244207062451133E+02 -0.273381301852973E+01  0.252880084293753E+02
% -0.170226368397059E+02 -0.114623131531878E+02 -0.437712212533024E+02
%  0.178538607821257E+02  0.297156032713583E+02 -0.379782563730126E+02
%  0.294083880891732E+02 -0.151108905322042E+01 -0.552723875926259E+02
%  0.457057539757724E+01  0.308939245193774E+00 -0.989284009820914E+00
% -0.291153685622483E+01 -0.770789819211553E+00  0.403536139918365E+01
%  0.738641995676859E+01  0.143540874528393E+01 -0.219396390404533E+02
% -0.490819586006579E+01 -0.241026605274381E+02 -0.795484932609622E+01
% -0.202005456831649E+01 -0.629421628849317E+01  0.121445335471746E+02
%  0.475428513995685E+00  0.145026881723255E+02  0.120334503747958E+02
% -0.240505817490089E+01 -0.829196354972302E+01 -0.114812612711354E+02
% -0.462531470737710E+00 -0.305571544802040E+01 -0.221670473850059E+01
% -0.584910410005101E+01 -0.224128470211062E+01  0.460285612763065E+01
% -0.197933983497071E+01  0.803707115779007E+00  0.905576402317413E+00
% -0.196072394692674E+01 -0.517298951707780E-01  0.867114237637791E+01
%  0.213534729378130E+02  0.670861370727202E+01 -0.229733223813958E+00
%  0.143101433330136E+02 -0.939382296717980E+01 -0.652514048451123E+01
%  0.444704586482136E+02  0.344699598697559E+02  0.327086388291112E+02
%  0.119909686325716E+01 -0.938636942944502E+01 -0.291858087702663E+01
% -0.346361573610495E+02  0.140472592688679E+02  0.354863921226338E+02
% -0.656169339065303E+01 -0.839342825827319E+01  0.173078954480380E+01
% -0.979143452630814E+01 -0.704456418647322E+01 -0.681032187669683E+01
% -0.169082625209586E+02  0.244066245925371E+02  0.359709006674721E+01
%  0.355329901078101E+01  0.513318501763249E+01 -0.188888045004481E+02
%  0.132858251680938E+02  0.281966967250695E+02 -0.803227749956643E+01
%  0.135226963542846E+02  0.140984930882124E+02 -0.532658534855051E+01
% -0.435472838309708E+01  0.191887878681095E+01  0.467718563446408E+01
%  0.651531269083169E+01 -0.839747792883926E+01 -0.388372794343166E+01
%  0.930045156930858E+00  0.513772647706593E+02  0.224978931839200E+02
% -0.788417956961415E+01  0.252758581790918E+01 -0.517732952613963E+01
% -0.127124795998598E+02  0.257279270712890E+02  0.347177690676061E+02
% -0.115320864457406E+01  0.693096908520604E+01  0.323481586090784E+02
% -0.560835060952160E+01 -0.161105482185440E+02 -0.102889407639479E+02
% -0.114449411030294E+02  0.178884282535902E+02 -0.335276334725613E+02
