% T    256  0.715122828077254E+01  0.715122828077254E+01  0.715122828077254E+01
  -0.984988100399657E+00 -0.266280407320429E+01 -0.650056584431858E+00
  -0.356017048578835E+01  0.595899305259789E+00 -0.768050291667170E+00
  -0.140600726139303E+00  0.129757534131243E+01 -0.295504526838857E+01
   0.810752833920639E-01 -0.178609425263788E+01  0.962191692916312E+00
   0.348566637625221E+01  0.152576108403616E+01 -0.337957954261566E+01
   0.175295216774895E+01 -0.298449986709219E+01 -0.869656378692876E+00
  -0.339208815826485E+01 -0.243391042257235E+01 -0.239740129790023E+01
  -0.137007776493483E+01  0.324074504583829E+01  0.305005996413774E+01
  -0.148596250380883E+01  0.199985154993775E+01 -0.321544162681150E+01
  -0.321132222358571E+00 -0.216304319954350E+01  0.271905611871057E+01
  -0.132101141291490E+01  0.170835123310547E+01 -0.112088774795280E+00
  -0.334221710512637E+00 -0.150324452568809E+01  0.198343370667532E+01
   0.253540439042607E+01  0.313236165598238E+01  0.125510862690735E+01
   0.179855655913180E+01 -0.294421191045182E+01  0.297031613928881E+01
  -0.188117869699636E+01  0.324327205605440E+01  0.206589568686407E+01
  -0.844085706064894E-01  0.237511792785504E+01 -0.376386730637959E-01
   0.232911283452775E+01  0.267647228660273E+00 -0.884954349101377E+00
  -0.350223076729971E+01 -0.338793122169228E+01 -0.897387646646286E+00
  -0.229130463366941E+01 -0.707587199587958E+00  0.304550386411009E+01
   0.171139087468101E+01  0.163997695095915E+01  0.285167691912650E+01
   0.365209706710365E+00 -0.305249922555849E+01 -0.324953604325157E+01
   0.113753657932306E+01 -0.396772065034362E+00 -0.250662187725406E+01
  -0.274945845910795E+01  0.225269901629257E+01  0.220626188368337E+01
   0.349858720265674E+01 -0.183236171082155E+01 -0.437796779850368E+00
  -0.235203273302298E+01  0.108601499428547E+01  0.189562393289841E+01
   0.826682055758304E+00 -0.373333465875094E+00  0.332026563355938E+01
  -0.275654557259567E+01  0.174214857470144E+01  0.124553365473314E+01
   0.267978757251449E+01  0.462327821860790E+00  0.326717293068133E+01
  -0.259979332306169E+01  0.264972263582089E+01 -0.222120236395585E+01
   0.276875127023133E+01  0.199184173890935E+01  0.148025018658391E+01
  -0.737755640967867E-03 -0.122313499702095E+01 -0.219598681441294E+01
  -0.142372671701822E+01  0.599684901586535E+00  0.317628065810806E-01
   0.138700041528654E+01 -0.911442204537520E-01  0.112016505368201E+01
   0.118558692504406E+01 -0.963325753224576E+00 -0.606923602495724E+00
  -0.356782494523594E+01  0.167227214728418E+01 -0.109484210311348E+01
   0.133938211962240E+01 -0.280741691207455E+01 -0.227492750511235E+01
  -0.169245699276651E+01 -0.293153404871448E+00 -0.310466418745305E+01
  -0.789362676767379E+00  0.163428387810575E+01  0.318010514480326E+01
  -0.312661387543191E+01  0.318070257301116E+01  0.426068817358977E+00
   0.237875373647966E+01 -0.177944629406124E+01  0.337965029237252E+01
  -0.120129356547235E+01 -0.250727406954175E+01 -0.187482693180947E+01
   0.207924189684279E+01 -0.277599266797812E+01 -0.307811642119707E+01
   0.261192670812494E+01  0.194593561431356E+01 -0.158180672020948E+01
  -0.313998518698941E+01  0.472637642356993E+00  0.220478496784110E+01
   0.228823750673294E+01 -0.119408954401636E+01  0.295532953938743E+00
   0.340010393285987E+01 -0.217401480468490E+01 -0.340475015919780E+01
   0.223925428494172E+01 -0.206088720259008E+01  0.235814226344830E+01
  -0.104693134199795E+00  0.299230231077994E+01 -0.143687008283167E+01
  -0.209660047310917E+01 -0.593068998271348E+00 -0.498332305601320E+00
  -0.209473344508492E+01 -0.177787539096488E+01 -0.253801702173639E+00
  -0.248368507244425E+01 -0.144241173241664E+01 -0.158947535664002E+01
   0.616651992611886E+00  0.117628731681896E+01 -0.123479106707344E+01
   0.203203475690674E+01 -0.171365904994014E+01 -0.942982848806404E+00
  -0.218602490506404E+01 -0.275282578236272E+01  0.259509559108679E-01
   0.180662202252313E+01  0.165617989011787E+01 -0.209277009512899E+01
   0.286422908519521E+01  0.915045345286179E+00 -0.153121014341119E+01
  -0.204613217166815E+01  0.106359114454757E+01  0.822190728646589E+00
  -0.322497491199976E+00  0.390029857618932E+00 -0.305459872188004E-01
  -0.244627084681216E+01 -0.342613841744538E+01 -0.643915757160187E+00
   0.315694573398043E+01  0.641155561018120E+00 -0.274677501600758E+01
  -0.147842625041068E+01  0.576285689424158E+00 -0.193218029383080E+01
  -0.153061411976180E+01 -0.301244969538296E+01  0.256331954245150E+01
  -0.565165567833578E+00 -0.996287059445509E+00  0.306503294861718E+01
  -0.215768692320451E+01 -0.164218001070155E+01 -0.286944030763540E+01
   0.628523640634165E+00  0.145354925233653E+01  0.302131007202611E+01
  -0.130400542337240E+01  0.296494124764871E+01  0.129906925404043E+01
  -0.871494469703907E+00 -0.191262056439063E+01  0.931611989762335E+00
   0.114873643059453E+01  0.132797711507372E+01 -0.307313755250265E+01
  -0.137659916886370E+01  0.760149744682574E+00  0.281179146408389E+01
   0.130058838152491E+01 -0.845374159500274E+00  0.204390895035905E+01
   0.248198166744996E+01  0.352973038352523E+01  0.355494425052059E+01
   0.107763572618347E+01  0.136173577469430E+01  0.206044813005798E+01
   0.116500187627301E+00 -0.482569212223176E+00 -0.739552198610753E+00
   0.256605736429151E+01  0.479303104631636E+00  0.457809627951071E+00
  -0.151838843007805E+01 -0.123413150379814E+01  0.194640863222344E+01
  -0.137824275146571E+01 -0.174342093096397E+01 -0.949192278569837E+00
   0.186863389156202E+01  0.531179642881207E+00 -0.228957001281811E+01
  -0.196861356980258E+01  0.106796277298341E-01  0.901461941016786E+00
   0.383928910969476E+00  0.850336258557274E+00 -0.225204921854762E+01
  -0.256441030149412E+01 -0.353683215810236E+01  0.316133859841618E+01
   0.230834287054538E+01 -0.306816532688347E+01 -0.193970952160799E+01
   0.319045865790109E+01 -0.344362010053368E-01  0.211860148820628E+01
   0.211435489398234E+01  0.318831901326840E+01 -0.263184608144736E+01
   0.186338095684277E+01 -0.160134787499338E+00  0.150587443617563E+00
  -0.354239709946020E+01  0.141936148571050E+01  0.192971908597316E+01
   0.145774798930511E+01  0.274761219597032E+01 -0.185509505342189E+01
  -0.114326270196806E+01 -0.352004827640608E+01 -0.181872595169278E+01
   0.109940700085150E+01 -0.214557387983741E+01  0.131759920608698E+01
  -0.316847114684486E+01  0.263915860768467E+00 -0.181379756354562E+01
   0.356150594758939E+01  0.152285125199240E+01 -0.237806342753194E+01
   0.247279032238222E+01  0.300851759305390E+01  0.269051711014432E+01
  -0.158703355001240E+00 -0.143963561840038E+01 -0.113148682468350E+01
  -0.215739693409444E+01 -0.813560393873590E-01 -0.140911424784718E+01
   0.349555312576580E+01 -0.205528257433680E+01  0.266864311385635E+01
  -0.267232729037030E+01  0.153710198210587E+01 -0.308721515554910E+01
   0.170233109108952E+01  0.238861668222058E+01 -0.347512696560362E+01
  -0.558237272344835E+00 -0.350332253269111E+01 -0.251024703870694E+00
  -0.177864037222780E+01 -0.303281309110669E+01  0.357107311873331E+01
  -0.210349338859718E+01  0.668083791639619E+00 -0.291953861381057E+01
  -0.201190099580719E+01 -0.875070666659487E-01  0.209587236697867E+01
  -0.323720473866217E+00  0.272122232831079E+01  0.354644533484458E+01
  -0.334072572983345E+01 -0.632997956479608E+00 -0.124506262625199E+01
   0.104795709571697E+01  0.226216630023491E+01  0.566190363056538E+00
   0.495180339896581E+00  0.226692688653251E+01 -0.191364153387511E+01
  -0.656105784296718E+00 -0.417868860554895E+00  0.214061004638031E+01
  -0.990953829801532E+00  0.811809499864391E-01 -0.106517748995590E+01
   0.151394326024147E+01 -0.294939719352644E+01  0.198773952251263E+00
   0.351452310203474E+01  0.262263666642381E+01 -0.167085887328008E+01
  -0.272767465913488E+01  0.126322036876383E+01 -0.116150972364538E+01
   0.115404150945383E+01 -0.232967799321489E+01 -0.333950700836719E+01
  -0.760628095980619E+00  0.287908596504456E+01 -0.269622821213304E+01
   0.280209784790733E+01  0.301152027068056E+01 -0.666050975977847E+00
  -0.122090000116175E+00 -0.330951062912385E+01 -0.213398643473629E+01
   0.258281776237936E+01  0.202603657521768E+01  0.311377406294547E+01
   0.295090777856077E+01 -0.595906811698814E+00  0.330473452433593E+01
  -0.139956962980799E+01  0.160700313537276E+01  0.135502293112386E+01
  -0.213203982648982E+01  0.141697789102371E+01  0.308691358477916E+01
  -0.100661330493010E+01 -0.313192501823089E+01 -0.278039451129518E+01
   0.490814787901275E+00 -0.525769944408566E+00  0.408274529567216E+00
  -0.263177735355005E+01  0.242201304707732E+01 -0.104688407568161E+01
  -0.742202016050718E+00 -0.311556388972485E+01  0.111542981662215E+01
  -0.333367200613036E+01 -0.306979404251283E+01  0.140741215004830E+00
  -0.281035663869534E+01 -0.154689976565075E+01  0.200678681272555E+01
  -0.761112839761953E+00 -0.671014658222896E+00 -0.293262024340576E+00
  -0.156329780254265E+01 -0.105186203921952E+01  0.353435230983530E+00
   0.876767016287526E+00  0.163550248130420E+00 -0.459413020859701E+00
   0.128822408465975E+01 -0.356328360358436E+01  0.345819311270487E+01
   0.209990216803999E+01 -0.218142937422842E+01  0.904883096191999E+00
  -0.398887283575649E-01 -0.269634370379947E+01  0.475128342106638E+00
   0.339737122382538E+01  0.311556694606478E+01  0.337137986140177E+01
   0.286318045567274E+01  0.246565052101268E+01  0.310054905541687E+00
   0.280460833717201E+01 -0.338262450336599E+01  0.157111908730957E+00
   0.345745992774880E+01 -0.338031459835081E+01 -0.199703571759810E+01
   0.224127445272709E+01 -0.968925714034698E+00  0.125149860528924E+01
   0.362584342199041E+00  0.139697546240475E+01  0.135561457352642E+01
  -0.333232397783358E+00  0.159051043402911E+01 -0.159280765223472E+01
  -0.132608454289735E+01  0.339059033760900E+01 -0.745054847378944E+00
  -0.306523444550765E+01  0.173450865718797E+00  0.118785642729628E+01
   0.815427265762197E+00 -0.188168230879182E+01 -0.920411676387788E+00
   0.276167939174272E+01 -0.105291526573740E+01  0.240240574790733E+01
   0.249633200228044E+01  0.228021731875151E+01 -0.267384616205371E+01
   0.881186223228853E+00  0.271909673446422E+01 -0.917102485861364E+00
  -0.165058660859338E+01 -0.147008473650259E+01  0.309890507576824E+01
  -0.225870212183684E+01 -0.255333519910324E+01 -0.230331371717733E+01
   0.281349136696388E+01 -0.274602349673175E+00 -0.202521554082618E+01
   0.189360351091158E+01  0.228978987504690E+01 -0.739315648924663E+00
  -0.200441414038868E+01  0.173157497792330E+01 -0.199086417811184E+01
   0.288027996531068E+00  0.335263750140161E+01  0.280682437115060E+01
   0.146198869129274E+01 -0.195714087994726E+01 -0.696645976272521E-02
   0.194201288761087E+01 -0.408902150317456E+00  0.292479463070360E+01
   0.429475036014622E+00  0.355424345009293E+00  0.150855039799999E+01
   0.317546294357157E+01 -0.310883238332145E+01 -0.300789659502985E+01
  -0.190477081580930E+00  0.310936537877651E+01  0.102395675772412E+01
   0.277209022740823E+01 -0.279379408520314E+01 -0.921628493727479E+00
   0.163449619946778E+01  0.243205813876589E+01  0.185592684402016E+01
  -0.321394533540142E+01  0.233362997202474E+01 -0.221585078205818E+00
  -0.306771533339371E+01 -0.634873456598205E+00  0.228752576947851E+01
   0.795862057016144E+00  0.482768195015296E+00  0.570186440678803E+00
  -0.328645597983129E+01 -0.155271360259674E+00  0.329357920060413E+01
  -0.912629326244044E+00 -0.265320216905488E+00  0.848373065863472E+00
   0.395718297463404E-02 -0.258002555104923E+01 -0.611528413809024E+00
   0.323306670886749E+01 -0.189623612093503E+01  0.148134827122558E+01
  -0.103416900743807E+01  0.647053866188145E+00 -0.318951215609154E+01
  -0.101897722822253E+00 -0.499744730838609E+00 -0.279448108899132E+01
   0.289339313374987E+01  0.766794854155320E+00  0.148929836913701E+01
   0.108056219649101E+01 -0.122362987518812E+01 -0.197868458742625E+01
  -0.287428973865473E+01 -0.354049076609363E+01 -0.299336033898902E+01
  -0.168121532633099E+01  0.110020449337416E+01 -0.106629450829123E+01
  -0.552268408502498E+00 -0.171435219585976E+01 -0.259782177949710E+00
   0.793078726712751E+00 -0.275197523417806E+01  0.283768224905732E+01
  -0.248249163425741E+00  0.148901411262432E+01  0.419067842299201E+00
   0.229328975204192E+01  0.125784847122243E+01 -0.305212128238371E+01
   0.475502733949171E+00  0.226651618710284E+01 -0.308168974350883E+01
   0.609630731405841E+00  0.147191705502170E+01 -0.145544101007352E+00
  -0.160814538811484E+01  0.220607015668770E+01  0.233069563399803E+01
   0.320147362915917E+01 -0.225398163504853E+01  0.517032993199215E+00
   0.194343745539707E+01 -0.203787206407042E+01 -0.199918497585217E+01
   0.208346493096012E+01  0.330848171410269E+01 -0.130095519964706E+01
   0.291996104775956E+01  0.124968292145332E+01 -0.366817396056457E+00
   0.280014054461249E+01 -0.105205068595592E+01 -0.107777122741046E+01
   0.410059473341500E+00 -0.385436454688861E+00 -0.184423542349633E+01
  -0.337877683118416E+01  0.260520756986460E+01  0.119148264982658E+01
   0.625777384750801E+00 -0.113316399059717E+01 -0.307617406951506E+01
  -0.190226737189019E+01  0.283718028755187E+01 -0.156239649112095E+01
  -0.256617266599761E+01  0.406039543471697E+00 -0.283440536403853E+00
  -0.151189337599227E+01 -0.230197362877920E+01  0.191896204038672E+01
  -0.117537770608403E+01 -0.217701880248219E+01 -0.337822183239675E+01
   0.260764948361764E+00  0.286202432764602E+01  0.177620515600869E+01
  -0.357354090326395E+01  0.811923743264763E+00  0.476706550452299E+00
   0.698870262835864E+00 -0.308958904578303E+01 -0.137421501157018E+01
   0.431029436712148E-01  0.496794569199859E+00  0.274274482700096E+01
   0.758708909456486E+00 -0.333592703737361E+01  0.108052765765245E+01
  -0.136939872171732E+00 -0.189162022778012E+01 -0.299188992820921E+01
   0.127504163981488E+01 -0.119307075032542E+01  0.833080543312877E+00
   0.195158232301397E+01 -0.783703337929347E+00 -0.163554781489512E+01
   0.302269945546292E+00 -0.830635187635474E+00  0.152351023023915E+01
  -0.285922003415481E+01 -0.610421487012562E+00 -0.247983584195140E+01
  -0.269355114264211E+01 -0.236467604903941E+01 -0.346199044976088E+01
  -0.109749243672125E+01  0.229786519746613E+01 -0.858066565345706E+00
  -0.286237105904734E+01 -0.121186273953430E+01  0.132950551729446E-01
   0.247207331366409E+01  0.872044773492777E+00  0.240389408428311E+01
   0.913259408066821E+00  0.330713881657294E+01 -0.258538928896040E+01
   0.187160816894856E+01  0.933003148726203E+00  0.131464859171482E+01
   0.306645046811752E+01 -0.143139283021973E+01 -0.260995111636879E+01
  -0.178536234807525E+01 -0.313813207525112E+01  0.138628834197812E+01
  -0.271204659526959E+01  0.147981749230218E+01  0.181144663809214E+00
   0.159048183906507E+00  0.201439292514034E+01  0.244529168252286E+01
  -0.264138089144557E+01 -0.230839871039321E+01 -0.964407670660673E+00
  -0.235613384853208E+01  0.278461346572504E+01  0.108698966289737E+01
  -0.257669237773820E+01  0.257844383859477E+01 -0.342599508210902E+01
  -0.266549146720000E+01 -0.324603705804011E+01 -0.169026199245965E+01
  -0.297333173672151E+01 -0.196779485381287E+01  0.938885141997232E+00
  -0.128995174851674E+01 -0.164668495650294E+00  0.302518896321135E+01
   0.255441991895700E+01  0.150746362103211E+01  0.550215417545639E+00
   0.575925746005142E+00 -0.166821432476269E+01  0.243214181001454E+01
   0.327032854242912E+01  0.242780788396841E+01  0.237597620879443E+01
   0.197976705760903E+01 -0.281421790371996E+00 -0.321494860315304E+01
   0.215997600188777E+01  0.825371539390236E-02  0.179978994454099E+01
  -0.275972547366634E+01 -0.257798576947312E+01  0.229098922425453E+01
  -0.108997660686637E+01  0.276112182342435E+01  0.154429341901988E+00
  -0.164236567140660E+01 -0.593836505493449E+00 -0.218996992564991E+01
   0.179007483327348E+01  0.133316017272934E+01 -0.106198903099031E+01
  -0.270262967918730E+00 -0.321663055207954E+01  0.210343554426806E+01
   0.273169434047562E+01 -0.289872544426583E+01  0.164185229436022E+01
   0.337331364911831E+01 -0.112643210598513E+01  0.728633403706718E+00
  -0.138608513183358E+01 -0.350114438009318E+01  0.517956356907412E+00
  -0.105529037035932E+01  0.150535155013243E+01 -0.232749404484623E+01
   0.320784990153377E+01 -0.907534392433548E-01 -0.109051077238959E+00
  -0.312122793739322E+01 -0.130321832923795E+01  0.351359851328157E+01
   0.141598809201042E+01  0.295478382643083E+00 -0.140994378232381E+01
  -0.177439487657089E+01  0.308481767379078E+01 -0.269785954371884E+01
   0.161015307301097E+01  0.603583603799308E+00  0.333272093242199E+01
  -0.292879178157627E+01 -0.296508191677218E+01  0.120058872460656E+01
  -0.543493010040406E+00  0.148713967940623E+00 -0.208820278561076E+01
  -0.767056859472608E+00  0.152051112692284E+01  0.217750333252276E+01
  -0.132494879178359E+00 -0.234384859257541E+01 -0.154773417369434E+01
  -0.245247397254763E+01  0.382143584656178E+00  0.325762597059728E+01
  -0.604375743383035E+00  0.284594761621124E+01  0.235733711696603E+01
  -0.453704537301556E+00 -0.311776470236963E+01  0.322377047997010E+01
   0.556332614099865E+00 -0.152152680887065E+01  0.625752059018051E-01
   0.238534801919631E+01 -0.243517870184989E+01 -0.730673255572915E-01
   0.133838203902967E+01 -0.125621507139755E+01  0.326775470446354E+01
   0.636751383068400E+00 -0.346391751548534E+01 -0.198452876532994E+00
   0.154186171591629E+01 -0.354008371943750E+01  0.191187223255303E+01
  -0.346876542083067E+01  0.285009143245066E+01 -0.282714485029388E+01
   0.171466266592092E+01  0.166336478212941E+01  0.108896034741949E+00
  -0.300794517267649E+01  0.327844925022743E+01  0.207525615499269E+01
   0.311396401098921E+00  0.476500578023716E+00 -0.339586527824109E+01
   0.110334175373616E+01  0.250655509624491E+00  0.241899361239717E+01
   0.159178467283764E+01  0.319008100303066E+01  0.325606111307635E-01
  -0.343773508007128E+01 -0.302989362357773E+01  0.328573772167735E+01
   0.958747432585181E+00  0.245782916719313E+01  0.290579114626792E+01
  -0.689999414347760E+00  0.700814340533415E+00  0.166591267032815E+01
   0.283806165664389E+01 -0.285668681736093E+01  0.276667943137213E+01
  -0.254861262750029E+01 -0.980046476615366E+00  0.972325399531169E+00
  -0.582436632904626E+00  0.224900085329362E+01  0.138626795221318E+01
%  0.320927858192080E+00 -0.313127983010184E+00  0.104972234476125E+01
% -0.248915883489349E+00  0.447820811118699E+00  0.561379438207161E+00
% -0.624407272657552E+00 -0.155287632465076E+01 -0.154162063205171E+01
% -0.977972729944780E-01  0.118218856279656E+01 -0.616101035658661E+00
%  0.123012361916821E+00 -0.270146563513407E+00  0.128916304583984E+01
% -0.251977336971685E+00  0.836053009624993E+00 -0.320510694315722E+00
% -0.419342555402178E+00  0.603773243815136E+00  0.128204753337402E+01
% -0.461097147136808E+00 -0.122767403704516E+01 -0.176499247569071E+00
% -0.177708252362139E+01 -0.131245845793474E+01  0.174319954264285E+01
%  0.456222931713740E+00 -0.102754656450870E+01  0.987772071688315E+00
%  0.630502325029724E+00 -0.785292140921222E+00 -0.815581995238049E-01
%  0.684899129061700E+00  0.103975990168943E+01  0.278496053858503E+01
%  0.582912220304586E+00  0.143382101522544E+01 -0.775847985972256E+00
% -0.148534392094955E+00 -0.104299990444473E+01  0.114704500780895E+01
% -0.101794238816475E+01  0.185850028901629E+01 -0.527402115458855E-01
% -0.476282673617129E+00  0.243056375985935E+00  0.749951073603467E+00
% -0.104080541802385E+01 -0.521567673519084E+00  0.152541345280435E+01
%  0.962736501786027E+00  0.837479849847482E+00 -0.133176721641730E+01
% -0.153025665167336E+01  0.822517308536749E+00  0.639895926255102E+00
%  0.788761379951994E+00  0.133772816451993E+01  0.469383155377670E-01
% -0.153788961476358E+01  0.195018320486057E+01 -0.363846579872830E+00
%  0.210295228129243E+00 -0.775536683755048E+00 -0.100908672930083E+00
%  0.124685373246196E+01 -0.181410726591416E+00 -0.148986252188012E+01
%  0.102825625064428E+01 -0.277823327031119E+01 -0.294869764657417E+01
%  0.315354042089692E-01 -0.139414649912267E+01 -0.731841198751891E+00
% -0.221848821081793E+00  0.307550277101113E+00 -0.363955367358588E+00
%  0.145812030655697E+00 -0.702452156046186E+00  0.185538679844412E+01
%  0.183933885360643E+01  0.137185083426249E+00 -0.245208262561032E+00
%  0.734751552820857E+00  0.216639552173335E-01 -0.213952619884785E+01
% -0.651002109584123E+00 -0.465925694004164E+00 -0.133578563258610E+00
% -0.826444071899372E+00 -0.141824808703195E+01 -0.820501861970541E+00
%  0.141609606781687E+01  0.153276464959917E+01  0.640811531422133E+00
%  0.102726149288575E+01 -0.186731807954482E+01  0.121821532783326E+01
% -0.117169512962666E+01  0.593457876381355E+00 -0.324868780267947E+00
% -0.121393353044721E+01 -0.692371622902836E+00  0.161331392975579E+01
%  0.233470985285417E+01 -0.364165296500241E+00  0.542379176813450E+00
% -0.157598281286628E+00 -0.272355597254226E+01  0.137753793409022E+01
%  0.106362286757544E+01 -0.452144986000685E+00  0.112476833352404E+00
%  0.177834327298239E+01 -0.359477296946478E+00 -0.494502284199097E+00
%  0.138250659728362E+01  0.648052876359494E+00  0.276162582025582E+01
%  0.562766516334280E-02  0.735737187010529E+00  0.132512579418598E+01
%  0.188375358204931E+01 -0.588193765765063E+00  0.168699678640666E+01
% -0.869334008683915E+00  0.332012927398197E-01  0.260861444368037E+00
% -0.305688977902753E+00  0.880440925451662E-01  0.200216189707483E+00
%  0.296859236782051E+00  0.381108807562158E+00 -0.985095167486926E+00
%  0.820621015746745E+00 -0.343983026663309E+00  0.208076358179126E+01
% -0.154980741033609E+01  0.656637424740503E+00 -0.220503560091428E+00
%  0.116370517733871E+01  0.164083277412232E+00  0.621277537851394E+00
%  0.351360535196425E+00 -0.772121845110935E+00 -0.156508947233798E+01
% -0.282789142349499E+01 -0.750759231294132E+00  0.993669025966641E+00
% -0.944540630220539E+00 -0.423504357117522E+00  0.458986296578370E+00
% -0.128499015190363E+01  0.954966854903673E+00  0.726681669063120E+00
%  0.540050098772539E-01  0.179701080642899E+01  0.112593727604410E+01
% -0.372602134623785E+00 -0.241186042578825E+00  0.168175481658392E+00
% -0.944678954722208E+00 -0.903171134665046E+00  0.880031243456000E+00
%  0.184372154324660E+01  0.312850653394113E+00 -0.892069385931962E+00
% -0.113255920171836E+01  0.158212417683774E+00  0.859400983820994E+00
% -0.204953114115698E+00 -0.806758442512477E+00 -0.183494217058747E+01
% -0.900334603558717E+00 -0.177000369114458E+01  0.256529259062413E+01
%  0.720009735970157E+00 -0.107984631301797E+01  0.450072735977107E+00
% -0.891239090304899E+00  0.157953144939185E+01  0.110896371370880E+01
%  0.348054780465635E+00  0.807349387499203E+00  0.242065071041814E-01
%  0.385788992668268E-01  0.972337886283394E+00  0.161967122285592E+01
%  0.135815382718073E+01  0.910942549524856E+00  0.238807195819136E+00
% -0.131111776598361E+01  0.197136365759972E+01  0.169340022805315E+01
% -0.517527262077756E+00 -0.219958623671519E+00  0.235061067756609E+01
%  0.487811677666364E+00 -0.420830559363628E+00  0.406541047887184E+00
% -0.336982768662395E+00 -0.584477769364705E-01  0.148897851593471E+01
%  0.410577215430892E+00 -0.179880945645660E+01  0.124553866165207E+01
%  0.947769217270295E+00  0.324178284901352E+00  0.590537857492434E+00
% -0.797638704303647E+00  0.598257444879535E+00 -0.306087087832218E+00
% -0.107689446429613E+01  0.839450339690110E+00 -0.239738037902659E+01
%  0.204896213839693E+01  0.464781577120786E+00 -0.901277121440096E+00
%  0.859455062786367E-01  0.104251721602228E+01  0.208014378109902E+00
%  0.106761943315183E+01  0.984832858874004E+00  0.153710745336739E+01
% -0.110071707536923E+01  0.201406828892907E+01  0.106398673726985E-01
% -0.152113348457923E+00 -0.142609673608535E+01 -0.865642532023556E+00
% -0.312644058140874E+01  0.848615012246075E+00 -0.166553326192658E+01
%  0.134003773189869E+01  0.160715199036550E+00 -0.960526363836955E+00
% -0.150969072152529E+00  0.891339578413333E+00 -0.414561409481290E-01
% -0.185330305373572E+01 -0.383275614237691E+00  0.470404139435120E-01
% -0.622581740054137E+00 -0.157580236489468E+01 -0.565625522748002E+00
%  0.964901481940188E+00 -0.278428971313999E+00  0.644468279924145E+00
%  0.126072742963259E+00  0.860156949706304E+00  0.337809384144875E+00
% -0.114781164662336E+00 -0.173995170269773E+01 -0.163555722756176E+01
%  0.626225593313206E-01  0.456937651242973E+00  0.282577977779118E+00
%  0.130256832448868E+00 -0.208245913951307E+00 -0.771280015740904E+00
%  0.152795169843277E+01  0.968527165547534E+00 -0.136129572257874E+01
%  0.590620328905111E+00  0.918800540138988E+00 -0.147041106554449E+00
%  0.793369490553968E+00  0.203899836830552E-01 -0.925437919238197E-01
%  0.574988524188099E-01  0.970567989970485E+00  0.764136511588676E+00
%  0.207573488807879E+01  0.404505214793710E+00 -0.180583543923007E+01
% -0.987451317465836E+00  0.811838619694606E+00  0.663397454635883E+00
%  0.182958868652422E+00  0.145344012009916E+01  0.894917939217915E+00
%  0.260487776535198E+01  0.865296489352842E-01  0.125521311292720E+00
%  0.347812869765021E+00 -0.806066500991140E+00 -0.172013416459306E+01
% -0.158737455813816E+01 -0.145040259233541E+01 -0.205788457896660E+01
%  0.667603475711056E-01 -0.287896483442122E+00  0.170407602621639E+01
%  0.196993205304839E+01  0.196810393713963E+01 -0.235443323103995E+01
% -0.150721030721133E+01 -0.683818371520562E+00 -0.310996086880364E-01
% -0.133031937145763E+01  0.852195919081784E-01 -0.140515158030715E+00
% -0.615801737819496E+00 -0.519723593634195E+00 -0.313312168323916E+00
%  0.728801349631751E+00  0.123180905532396E+01 -0.157234730612628E+01
% -0.136868493000784E+01  0.473289662616222E+00 -0.482584089860436E+00
%  0.653895310324530E+00 -0.409645124166499E+00 -0.229832778224085E+00
% -0.791610875737243E+00 -0.140073320729645E+01  0.767459879612376E+00
% -0.150989223352046E+01  0.173734648335990E+00 -0.226908542204157E-01
% -0.181544860510791E+00 -0.818222110666636E+00 -0.142205257338998E+00
%  0.118271537447941E+01 -0.382443068411907E+00 -0.524627341167076E+00
%  0.329020311399189E+00 -0.239173141289019E+01 -0.428674479279557E+00
% -0.142560840062644E+01 -0.477115184223834E+00  0.749964827783206E+00
%  0.282270311804034E+00 -0.203321572568119E+00  0.346017952613866E+00
%  0.166852967396135E+01  0.458091569401505E+00  0.383822131564850E+00
%  0.115139782218507E+01 -0.140757229387673E+01  0.155494459424765E+01
%  0.654493172564545E+00  0.248233433649191E+00 -0.245330647213462E+00
%  0.101639709334199E+01  0.137299380609001E+01 -0.865699837936265E+00
% -0.188503104550609E+01  0.961371515096282E+00 -0.815372024977896E-02
% -0.403455364162682E+00  0.272924374906868E+01 -0.251109354463642E+01
% -0.447170948229183E+00 -0.609615586499055E+00 -0.106660648921980E+01
%  0.648551228113109E+00 -0.739547220149278E+00 -0.489508281323038E+00
% -0.942002605230519E-01  0.912515541212186E+00 -0.288954231424541E+01
% -0.144070701863299E+01 -0.842325855194139E+00  0.256473049658068E+01
%  0.277106177654024E+01 -0.459119430442450E+00  0.827937461243168E+00
%  0.105294650375226E+00  0.530211131443136E+00  0.253171191107659E+00
%  0.855924819923177E+00  0.105106204921419E+01  0.132250976423830E+01
%  0.158563361915532E+01  0.193746224938846E-01  0.274905341787091E+00
%  0.231007398998476E+00 -0.313412637527992E+00 -0.125794819294864E+01
% -0.707966621075731E+00 -0.690134598664235E+00 -0.154484860708003E+01
%  0.206876576283342E+00 -0.849308045946129E-01  0.128117770601482E+01
%  0.249335855290100E+00 -0.136686776664952E-01 -0.170237633935324E+00
% -0.394432810288925E+00  0.221638796877955E+00 -0.370210843143824E+00
%  0.861532967627258E+00  0.110429390574925E+01  0.308612686744315E+00
%  0.207993349204364E+00 -0.130918651013071E+01  0.461313386468677E+00
% -0.388604495036109E+00  0.180227023461309E+01  0.162599277632478E+01
%  0.255838623604927E+00 -0.348807560201066E+00  0.227617071699469E+01
%  0.474853151970023E+00 -0.133834927099621E+01 -0.465113059587360E+00
% -0.392394985873276E+00 -0.637875128080812E+00 -0.369513414392893E+00
% -0.631393002977059E+00  0.220764729753009E+00  0.103941290053405E+00
% -0.447774865418496E+00  0.113234600744429E+01 -0.530639878060670E+00
% -0.112591845695280E+01  0.474598751404852E+00 -0.676772646136785E+00
% -0.339767477659478E+00  0.386376999871876E+00  0.686652301891390E+00
% -0.203038948215721E+01 -0.633542628620805E+00 -0.287651536604751E+01
%  0.167402246143240E+00  0.163730466838221E+01 -0.916273380212710E-01
% -0.746874297895446E+00  0.132784793853068E+01 -0.242017312763334E+00
% -0.178087292188012E+00  0.247680694807863E+00 -0.194867426334792E+00
%  0.673463360165813E+00  0.482075639895211E+00  0.469092425069465E-01
% -0.948198348221944E+00  0.248744736906226E+00 -0.924076344378866E-01
%  0.444986392092680E+00 -0.222794567561173E+00 -0.876025809267086E+00
%  0.219206888176886E+00  0.843848899897325E+00  0.846016482522597E+00
% -0.451852974169981E+00  0.175943223218250E+00 -0.420561110836272E+00
% -0.101200242261441E+01  0.165174725393230E+01 -0.212247140296437E+01
% -0.235393481893777E+00 -0.495265427692735E+00 -0.167426772880527E+01
%  0.133366793366776E+01 -0.144757259594068E+01  0.439022711442133E+00
% -0.615369223408720E+00  0.849134036931059E+00 -0.519835133925704E+00
% -0.362348425940859E+00  0.274195834061292E+00 -0.307607442643943E+01
%  0.141690427825484E+01 -0.175946547730821E+01  0.511231409935595E+00
%  0.113237686782918E+01  0.739945885790597E+00 -0.567027192865962E+00
%  0.140861871480035E+00  0.295376753867697E+00  0.127224045417089E+00
%  0.159833619150755E+01 -0.165179247311607E+01 -0.881635015613392E+00
% -0.208270324386993E+01 -0.944259864578989E+00  0.246940945000142E+00
% -0.144773882005837E+01  0.567191556885374E+00  0.188042308999245E+00
% -0.909981478912887E+00  0.223720683618341E+00  0.493554718757744E+00
%  0.264822837867135E+01 -0.186906003741060E+01 -0.684331568999205E+00
% -0.251376943624863E+00 -0.743299005292336E+00 -0.710871242799646E+00
% -0.791934242847431E+00  0.588449512779377E+00 -0.171704199433698E+00
%  0.141134099318045E+01  0.555356004405355E+00  0.602843332471153E+00
%  0.205812204155293E+00 -0.117262330451142E+00 -0.466119728203278E+00
% -0.304975267664657E+00 -0.146148074021001E+01 -0.435654877349894E+00
%  0.264155982006295E+01  0.895034162935132E+00 -0.123373501234391E+01
% -0.280514356446903E+00 -0.779840908685922E+00 -0.762329048726091E+00
% -0.138027213546555E+01  0.118291482005514E+01 -0.150195970941176E+01
% -0.136448840713413E+01 -0.582854766229358E-01  0.219641964083452E+00
%  0.586120555276423E+00  0.548635404430698E+00  0.466812705763402E+00
%  0.544224587974497E-01  0.907627529671751E+00 -0.166431892557692E+00
% -0.251056776225932E+00  0.498560713719621E+00  0.552241103747216E+00
% -0.855225237853510E+00  0.777580844792090E+00 -0.414525849830173E+00
% -0.618119771599914E+00  0.105682423558685E+01  0.182242099015148E+01
% -0.160194865980391E+01 -0.116524378062399E+01  0.120021004943318E+01
%  0.138778745096631E+01 -0.618397811789240E+00 -0.810423703749187E+00
% -0.896581892957735E+00  0.190761761192779E+01 -0.124176945108361E+01
% -0.251941536889309E+00 -0.128861658616012E+01  0.740491264626457E+00
% -0.601030917890932E-02  0.827893809001142E+00 -0.260476118450177E+00
% -0.832272933430288E+00 -0.599081940848229E+00 -0.251243042690778E+00
% -0.869456098735941E+00 -0.304065897114040E+00 -0.217626490931647E+00
%  0.486485465889355E+00 -0.234139590704251E+01 -0.715987220111774E+00
%  0.842238452837305E+00 -0.209728949738785E+00  0.116245544242127E+01
% -0.399248656820813E+00 -0.675838009246486E+00  0.210274233445733E+01
% -0.549770123411925E+00  0.192571138545568E+00  0.551964486533182E-01
% -0.340654830254222E+00 -0.574434438900928E+00  0.519890137081221E+00
%  0.200764622716480E+00  0.991340493570246E+00  0.160921800889388E+01
% -0.231705696282582E-01 -0.230259539513237E+00  0.101904471211530E+01
%  0.104698225048557E+01 -0.195561287912411E+01 -0.560846613448939E-01
%  0.739266984292784E+00 -0.762562033433949E+00  0.490421955924679E+00
%  0.117298124492433E+01 -0.127220375698587E+01 -0.319954842870579E+00
%  0.174767253593881E+01 -0.665699572773933E+00  0.100185811412504E+01
% -0.116121334333538E+00 -0.513230122795875E+00  0.180164960588576E+01
%  0.822567743866194E+00 -0.385539575264299E+00  0.609594849991652E+00
% -0.426301335254784E+00  0.569450435127255E+00  0.242796904059161E+01
% -0.155145115266561E+00  0.423688431847431E-01 -0.171429857230010E+01
%  0.293974142350464E+00  0.672938331608695E-01 -0.335390294782422E+00
% -0.101507116870701E+00  0.307557956348098E+01  0.270112202567939E+01
% -0.200415373981804E+01 -0.429468939459249E+00 -0.907631117459678E+00
%  0.678186740627144E+00 -0.122679409579208E+01 -0.199590242400188E+01
%  0.230524051828006E+01  0.467740810426427E+00  0.279586023651029E+00
% -0.202704905846191E+00  0.727420275665788E+00 -0.531772050850463E+00
%  0.711888017013375E-01  0.129749527500987E+01  0.121364411481436E+00
% -0.276085428655817E+00  0.956802813866026E+00  0.356256735496719E+00
%  0.114027138461909E+01 -0.166458618304804E+01 -0.815240123048909E+00
%  0.297422934281903E+00  0.150075454516921E+00 -0.480177494628722E+00
%  0.625054578698660E+00 -0.460327108512011E+00 -0.431280522623796E+00
%  0.289895167012786E+00  0.840081407202324E+00  0.178496493698973E+00
% -0.213076768441720E+01  0.139913618494460E+01 -0.112151714352912E+01
% -0.735973146389366E+00 -0.149429630417771E+00  0.962839921458009E+00
%  0.877248281211992E+00  0.587888701573472E+00 -0.174442389608400E+01
%  0.956809416950092E+00 -0.574562802962878E+00 -0.596038570211647E+00
%  0.233883861072764E+00  0.144327997546857E+01  0.389158226019660E+00
% -0.119863189831090E+01 -0.258392247769719E+00 -0.102654761845401E+01
%  0.100380863918871E+01  0.402466365172479E+00 -0.331519028855722E+00
% -0.150301536096269E+00  0.128758593993860E+00  0.673709182802098E+00
% -0.762862015254977E+00  0.113811396537016E+01 -0.821712454022167E+00
% -0.336965288826277E+00 -0.131126536121128E+01 -0.123278840464514E+01
% -0.103615437475296E+01  0.190858328117239E+01  0.377622415559166E+00
%  0.828688257303564E+00  0.228700282861424E+00 -0.840748930455668E+00
%  0.872564948849081E+00  0.151292691304043E+01  0.437569233759732E+00
% -0.116795494156024E+01 -0.156443276363959E+01  0.170796938074448E+01
% -0.390511234455931E+00 -0.173397365091649E+01  0.120850517974297E+01
%  0.105133276971552E+01  0.149173052954828E+01  0.297029005911763E+00
%  0.233479095943171E+00 -0.180410405281260E+01  0.912900316251990E+00
%  0.112227583529401E+01  0.472157480501419E+00  0.103155846553754E+01
% -0.874371648462062E+00  0.103118661260609E+01 -0.101883255155752E+01
% -0.284362056858448E-01  0.230335708380539E+00  0.849492558654933E-01
%  0.906445266315142E+00  0.160154126793268E+00  0.353095280785202E+00
%  0.129435276654811E+01 -0.117758542964591E+01  0.518061217309858E+00
%  0.771299393053154E-01  0.251142278764840E+00 -0.458735356493997E+00
%  0.327798230415692E-01 -0.474433637483261E+00  0.801121710202150E+00
%  0.314421636859227E+00  0.195298174523674E+00 -0.100581967434513E+00
% -0.766691241823587E+00 -0.440593005742706E+00 -0.118764989650401E+01
% -0.678146247573501E+00 -0.769562728462529E-02 -0.854835709444999E-05
% -0.395686385466769E+00  0.112749253685967E+01 -0.127737762993396E+01
%  0.104226360758661E+01 -0.211681649063041E+01 -0.394189227654779E+00
%  0.319476312052131E-01 -0.872338817887852E-01 -0.138021779204578E-01
% -0.579467169910241E+00  0.195317438474494E+00 -0.956494434501451E+00
% -0.113596018433025E+01 -0.159463149897906E+01  0.593956113623867E+00
% -0.702562798589048E+00  0.558744685511716E+00 -0.262590060039216E+00
%  0.303499458676120E+00 -0.745510812304335E+00  0.143268408631313E+00
%  0.114001635179533E+01  0.454837832049379E+00 -0.957381236545185E+00
% -0.892998839240465E+00 -0.126068984915845E+01 -0.141397174652449E+01
%  0.942921428367351E-01  0.963139576833464E+00  0.714898582986486E+00
% -0.166697863538922E+01  0.908261236314739E+00 -0.281692483129816E+00
% -0.214507206547851E+00 -0.141432718198513E+01 -0.444293863121113E+00
%  0.147554593381402E+01 -0.112486904481842E+01 -0.266237665133084E+01
%  0.191426205688033E+01  0.104485024350710E+01 -0.127205922868489E+01
% -0.152864553270954E+01 -0.153992755713761E+01  0.133793528495034E+01
% -0.139373472909186E+01  0.106907519837158E+01 -0.668977168325830E+00
% -0.187197580019872E+01 -0.109913526351136E+01  0.774514028684101E+00
% -0.223392855128967E+01 -0.977643506541661E+00 -0.465293046817580E+00
% -0.311765891079866E+02  0.737667251625300E-01 -0.635249925338677E+01
%  0.165079904058194E+02 -0.289889042555525E+01 -0.145349947692500E+02
% -0.212521455619919E+02  0.263643259256213E+02 -0.196095792666236E+02
%  0.473672285179589E+02  0.152937690084031E+02  0.126532786054553E+02
% -0.175232311014007E+02  0.171565853238429E+01 -0.261532628465006E+02
% -0.178307097142153E+02  0.150355463436613E+02  0.602092723514510E+01
%  0.696772514195603E+01  0.551237529406234E+01 -0.220241065237327E+00
%  0.322550186240808E+01 -0.131007356901327E+02  0.885395864411547E+01
% -0.554150147046359E+01  0.268183354693238E+01  0.146101421370008E+01
% -0.609026858647330E+01 -0.217092450734695E+02  0.240632423088966E+02
% -0.855438772901151E+01 -0.249485287697666E+02  0.300238175709172E+02
% -0.244877265178219E+02  0.145114763967634E+02 -0.237041970964744E+02
%  0.618220671124106E+00 -0.148990463394223E+01  0.360742050995950E+00
%  0.459325490643400E+02  0.456258881610080E+02 -0.340138648352922E+02
% -0.181680874384046E+02 -0.553157237025619E+01  0.242859681231704E+02
%  0.550907762198180E+01  0.193962423940057E+02 -0.947660486384184E+01
%  0.586639376385923E+01 -0.442000212515162E+01  0.103772994844881E+02
%  0.218211516419267E+01 -0.560929790328375E+01 -0.972334951572715E+00
% -0.130531243447558E+02  0.204293679843762E+02  0.160914257550888E+00
% -0.190057397475297E+02 -0.123139054889160E+02 -0.231395836569293E+01
%  0.988415397164693E+00 -0.374811568793267E+01  0.474305642440728E+01
%  0.269796099351848E+02  0.346294031540319E+02 -0.349118585415645E+02
%  0.259702666910826E+01 -0.513190202447084E+01  0.715357344804599E+00
% -0.210910157201916E+01 -0.165359121721022E+01 -0.326821390471141E+01
%  0.168182824032384E+02 -0.724187303882372E+01  0.135615821734617E+02
% -0.312835344444923E+01  0.152772928544117E+02 -0.199738845003970E+01
% -0.630107657763293E+01  0.109187971201146E+02 -0.134018428438784E+02
%  0.106726000064928E+02 -0.140172707667287E+02  0.334968110384996E+02
% -0.328251252378883E+02 -0.996501467618908E+01 -0.191967174534958E+02
% -0.808988756940451E+00  0.243373436897523E+01  0.240701795724569E+01
% -0.494083123963142E+01 -0.658992601568222E+02  0.417183517987127E+02
% -0.131699201347231E+01 -0.425895772274478E+01 -0.245794962647340E+01
%  0.613283181179658E+01 -0.210962704520376E+02  0.127752522711862E+02
%  0.774609606563541E+01  0.140071328688733E+02  0.138758365048909E+01
% -0.618426213818984E+02  0.349485653184272E+02  0.195528049358597E+01
% -0.206262916933039E+02 -0.142794820094505E+02 -0.646407188124311E+01
% -0.276706522230371E+01  0.859306160972814E+01 -0.460571321320752E+02
%  0.418110907264853E+01  0.286769595827885E+01  0.188201757114006E+02
%  0.135633533877953E+02 -0.164081561819467E+02 -0.903337618207023E+01
%  0.227251272159908E+01 -0.995666341054737E-01  0.414994017509640E+01
% -0.721973744660787E+00  0.182606950382889E+02  0.236377642812091E+01
%  0.710863140720079E+01 -0.261636856435282E+00  0.211115102496766E+01
%  0.180406389899541E+02  0.148474370716384E+02  0.132894258703278E+02
%  0.321395062246271E+02  0.129038465358282E+02  0.168533576471092E+02
%  0.155187689101285E+01 -0.123407974519016E+02 -0.342208540422095E+02
% -0.113847826199997E+02  0.209320129109253E+02  0.318353531322786E+01
% -0.135529220590912E+01  0.126178852696665E+01 -0.907186502255606E+01
% -0.684392208571018E+01  0.516347896333524E+01  0.624831784032785E+01
%  0.315794749023873E+01 -0.535083704398058E+01  0.623630332267820E+01
%  0.102995867447518E+02  0.361513327680748E+01  0.971112251750818E+01
%  0.235577259141520E+01  0.587832762959146E+01 -0.296732545039071E+01
%  0.659062635142637E+01 -0.909016760213077E+00  0.288323714760919E+01
% -0.140048739492747E+02 -0.121045073801396E+02  0.580325498457816E+01
%  0.626373584765456E+01  0.459334322246823E+01  0.276487939075273E+02
% -0.239727409956401E+02 -0.783530637425785E+01 -0.166024081685101E+02
%  0.255134070995174E+01 -0.194589926137639E+01 -0.824062291568650E+01
% -0.213145750357024E+01 -0.179862718627262E+02 -0.511648141460297E+01
%  0.403120275143850E+01 -0.317519170130180E+01  0.171016750114862E+00
% -0.465207632057136E+01 -0.239175843605032E+02 -0.170212759149073E+02
% -0.550181707076652E+01 -0.126195785693708E+02 -0.137136208612418E+01
% -0.779595232088881E+01 -0.881716632312400E+00 -0.150675861787006E+02
%  0.190595452959366E+01 -0.237421587650444E+02  0.182562168490692E+02
%  0.193138544681888E+01 -0.643850857364282E+01  0.105944420287592E+01
%  0.222374908974901E+01  0.932691531409370E+01 -0.153667131098564E+01
%  0.352342861144249E+02 -0.581856401787738E+02  0.617927356472906E+02
%  0.949555537957201E+01 -0.162234720342897E+01 -0.987865770851374E+01
% -0.481851201821709E+02 -0.736392450956666E+01 -0.119707653606140E+01
% -0.123592747807797E+01  0.347075216832920E+00 -0.220287480283095E+00
%  0.174920776032603E+01  0.458519151650585E+02 -0.174074151851853E+02
%  0.330526948204398E+01  0.215584596769294E+01 -0.771664364264224E+00
% -0.182966722446580E+02  0.840113335089940E+01  0.927698902346400E+01
%  0.131558817831787E+02 -0.424445776706089E+01  0.448142592496124E+01
%  0.137829881014235E+02  0.798909007199794E+00 -0.945959666334719E+01
%  0.101461234812030E+01  0.100577680301029E+02  0.136011422580761E+02
%  0.517306389949638E+00  0.860791329147725E+01  0.201246639474327E+01
%  0.106835369664153E+02  0.102833133582085E+02 -0.237368405519100E+02
%  0.954726257473404E+01  0.272229213335662E+01 -0.157922805646040E+02
% -0.263151380481952E+01 -0.704129787879639E+01 -0.329640042048947E+00
%  0.171403010897839E+02 -0.173158324282213E+02  0.193746759524048E+02
%  0.611415303138613E+01 -0.170208003643092E+02 -0.212623527996394E+02
%  0.118556953617872E+02  0.511368170663424E+01 -0.697630608973545E+01
% -0.341357397411293E+02 -0.249625870469683E+02  0.406157803009462E+01
% -0.143159599819943E+02  0.317061596874026E+02  0.241220164039827E+01
% -0.192794844473693E+02 -0.169289781548222E+02 -0.122114738847098E+02
%  0.207367690268708E+01  0.827201325915460E+01  0.267468985064618E+01
% -0.371633127371578E+01 -0.155593617299834E+02 -0.783273517082422E+01
% -0.231916903835844E+01 -0.236206495921652E+02  0.918134599419748E+01
% -0.515470631699105E+01 -0.311104423819271E+01  0.154720420743765E+01
% -0.214240672619039E+01  0.764702027280580E+01 -0.138522143962890E+01
%  0.400799764096250E+01  0.128666888713935E+02  0.316482804907426E+02
% -0.131265691682886E+02  0.262216350589326E+01 -0.161302848963458E+02
%  0.554714826793195E+01  0.269040373301473E+02 -0.957600961648655E+01
% -0.728435383477740E+01  0.672794976820754E+01 -0.413034843898424E+00
%  0.381728913449707E+01  0.120345255720569E+02 -0.359553077535423E+01
%  0.880116839062538E+01  0.661438271152678E+01  0.585700507243822E+01
%  0.118732197714493E+01  0.230459963310905E+01  0.760212106016492E+01
%  0.600139474389487E+02  0.450887988313684E+01  0.392038838347206E+02
%  0.423935551981929E+01  0.406684023981663E+01  0.191803916641095E+02
%  0.381767650933189E+01  0.187903934806565E+01  0.863031009424921E+01
% -0.171803344155032E+01  0.118936046118902E+01  0.179343737239611E+01
% -0.169299310562812E+00  0.419338130670428E+00 -0.235443528803771E+02
%  0.311321903755848E+01 -0.154487522554420E+01  0.275875390071477E+01
% -0.167227328000193E+02  0.134045348067366E+02  0.927393981890144E+01
%  0.297899733454015E+01 -0.811995360743669E+01 -0.564828089401710E+01
%  0.251437702746249E+00  0.303738919941849E+01 -0.557475097165154E+01
% -0.215816369243915E+01  0.134432828542771E+01  0.299319571968529E+01
% -0.564366053666574E+01 -0.554313837648968E+01  0.139739211189312E+02
%  0.156781220595669E+01  0.271926566220987E+01 -0.116364509443578E+01
%  0.603768769162842E+02 -0.325677356350381E+02 -0.549871552818692E+01
% -0.117719920695052E+01  0.678457999139679E+01 -0.266398505790194E+01
%  0.526444585891800E+01  0.128311087353271E+01  0.166931271847315E+02
%  0.170046870729308E+02 -0.715174214181620E+01  0.113089798548889E+02
%  0.499695182501544E+01  0.144255655438561E+01 -0.408395388900568E+01
%  0.268131005582446E+02  0.380909106230371E+01  0.143206481566288E+02
% -0.112156618947968E+02 -0.668387872108610E+01  0.127259316742831E+02
% -0.883770619521323E+00  0.847230393794135E+01  0.546561716379170E+01
% -0.487636405795216E+01  0.116140408834774E+02  0.117695450284280E+01
%  0.121130899291242E+01  0.119004570619835E+01 -0.120570428595582E+02
% -0.262417422019746E+01  0.332822795512617E+01 -0.359882032588879E+00
% -0.144636828927702E+02 -0.130073247445084E+02 -0.170218353565320E+01
%  0.267308357085362E+02  0.192389816327986E+02  0.360569616228846E+02
%  0.134688630737337E+01  0.440989458448971E+02 -0.142336120906787E+02
%  0.735077447639462E+01 -0.225882603804337E+02 -0.109907761156959E+02
% -0.196266562695531E+02  0.131463876349668E+01  0.113302141981721E+02
%  0.220016059657905E+00  0.151416995851085E+00  0.518913507447722E+01
%  0.816756442903078E+01  0.591765667666744E+01  0.239672322650583E+01
% -0.374995465163844E+02 -0.489229284879289E+02  0.399192666658497E+02
%  0.349930512511130E+01  0.477504167192081E+01  0.673322797639853E+01
%  0.620326224149053E+01 -0.593593774149168E+01 -0.120323919148258E+02
%  0.103102779723256E+02 -0.889534632334553E+01 -0.151018374981353E+02
%  0.528528605501768E+01  0.118697650273014E+02 -0.860671443618467E+00
% -0.495494257266416E+01 -0.721689066348097E+01  0.130057880256760E+01
% -0.537422143420814E+01 -0.933123010213304E+01  0.187622255108785E+01
%  0.242648600366296E+01  0.723335702328990E+01  0.349245544165364E+02
% -0.185732561340572E+02  0.100268966066402E+02 -0.152658751958596E+02
%  0.513093874492417E+01  0.107571882558789E+01  0.729599298345643E+01
% -0.505656984759909E+02 -0.141597357922554E+02 -0.300720525291137E+02
%  0.301657472871487E+01 -0.370708241064373E+01 -0.102797371798263E+01
%  0.890264790554496E+00 -0.134807965075906E+02 -0.102982815737900E+02
% -0.279485099644448E+01 -0.684870221172465E+01 -0.132225186486261E+02
%  0.171379649939435E+02 -0.265894740070867E+02 -0.229679009834954E+01
% -0.175956072576983E+01  0.221214881521939E+01  0.369184515333660E+01
%  0.152990736481175E+02 -0.164554238887101E+02 -0.170259215848822E+01
%  0.723850212262941E+01  0.855741694028543E+01 -0.120536737859826E+02
%  0.480403350403846E+01  0.564736906133823E+01  0.393472867050169E+00
%  0.529299292233141E+01  0.227345154926014E+02  0.434514990216125E+00
% -0.126594191728803E+02  0.153374287246615E+01  0.465096568454888E+01
%  0.680562898274962E+01 -0.395478441399572E+01  0.460843043307266E+01
%  0.867750870841440E+01  0.149383582635199E+02 -0.311037772423205E+01
% -0.180421904148535E+01  0.282163541767752E+01 -0.218397123993260E+02
% -0.722089731015930E+01 -0.111175626055603E+02  0.201913548718918E+02
% -0.801388842007440E+01 -0.114761661721559E+02  0.181125786974128E+02
% -0.499268605155374E+02  0.455314206240346E+02 -0.104141486402683E+03
%  0.142791415968405E+02 -0.424196596849597E+01 -0.202782600302143E+02
%  0.617474900655252E+00 -0.119201213871126E+01  0.306126583671233E+01
% -0.175790125670564E+02 -0.161945335533330E+01  0.980300672656567E+01
% -0.727564578498356E+01  0.259093559611995E+02  0.682217994775593E+01
% -0.951351007692449E+01  0.287432267522716E+02 -0.288318434608544E+02
% -0.720992355165555E+01 -0.727812780819816E+01 -0.193460782749144E+01
%  0.502572709445910E+01  0.993853114319365E+00 -0.119824278509561E+01
%  0.351885690685035E+02 -0.827251920603777E+01  0.345525474867420E+02
% -0.383966571286801E+01  0.345844443979360E+01  0.204758291140952E+02
%  0.166839380759338E+01  0.841710033885123E+00 -0.866712745464222E+00
% -0.185246479445737E+02  0.609752611741831E+02 -0.457628360324859E+02
%  0.147433144002991E+02  0.141771754662483E+01 -0.253439894634074E+02
% -0.897125481390660E+01 -0.384146056432031E+02  0.159889844990627E+02
%  0.181151705952623E+02  0.302193657589510E+02  0.590564610142759E+01
%  0.485863725570445E+01  0.438062393599900E+01  0.132303054375135E+02
% -0.494924001974021E+01 -0.103849827899675E+02  0.317466826830629E+02
% -0.172420636840178E+02  0.158534745079107E+01 -0.207116174426787E+01
% -0.184050129042053E+02 -0.176901756824075E+02  0.181055130107142E+02
% -0.142070503425055E+01  0.566293737003659E+00 -0.520772480321150E+01
%  0.825435007312207E+01 -0.328450236165827E+01  0.203960796408073E+01
%  0.136642849932674E+02 -0.215077183140626E+01 -0.668094449192033E+01
%  0.847171582398577E+00 -0.349649865866447E+00  0.165502133402649E+00
%  0.547454305036681E+01 -0.247126876151086E+01  0.855188320078346E-01
%  0.895367804752040E+01  0.167668498892598E+02  0.358661798126403E+01
% -0.347875965952215E+00 -0.775411969349078E+01 -0.107112029500131E+01
% -0.114157572478132E+02  0.337001469186741E+01 -0.618317622763566E+01
%  0.173251693280086E+02  0.897688090008138E+01  0.425625432370423E+01
% -0.119831145279479E+02  0.264085289632203E+02  0.365360339398976E+02
% -0.243291813076739E+02 -0.158340985916339E+02  0.261612083349626E+02
%  0.162290199971340E+02 -0.172667211533632E+02 -0.669324638769583E+01
%  0.500252014539635E+02  0.208082514702957E+02  0.760081996876611E+01
%  0.150994715954913E+01  0.330335618054746E+01  0.695210435787978E+00
%  0.633007295776214E+01  0.432142536662216E+02 -0.270277169175001E+02
%  0.485919073702519E+01  0.116213315710195E+01  0.213608363870700E+01
%  0.678547233473772E+02 -0.258511832797499E+02  0.879753698803615E+02
%  0.285309647449729E+01  0.610236898992994E+01 -0.310930587947819E+01
%  0.117043507367594E+01 -0.168457364103231E+01  0.272757609396272E+01
% -0.400264563926516E+01  0.132302668927495E+01 -0.120181626525709E+02
% -0.220117537040237E+01  0.592949990571235E+00 -0.218702173566117E+01
% -0.317200324189061E+01 -0.110964098832130E+02 -0.801734282678502E+01
% -0.216358392365552E+01  0.290758762837641E+01 -0.143705404713461E+01
% -0.412899516184065E+01  0.698362894369273E+01  0.230348634040694E+01
%  0.966068248472516E+01  0.992403667163515E+01 -0.699184875252682E+01
%  0.356865251128940E+01 -0.139843307240427E+01  0.959956644830717E+00
%  0.450054139782968E+01 -0.438347928958353E+01 -0.815807587802426E-01
%  0.973374653231215E+01  0.214795943129732E+02 -0.321031728855379E+02
% -0.259021637884951E+02  0.131403241134629E+02 -0.969886421694910E+00
% -0.170558469783466E+02  0.196206262382546E+02 -0.140529253772787E+02
% -0.293491434581892E+01  0.318727153478238E+01 -0.459311335766245E+01
% -0.970487201361305E+01  0.475013420420139E+01 -0.363700119724664E+01
%  0.350691808401536E+00 -0.383450772116913E+00 -0.100872470984462E+01
% -0.145782762043147E+02  0.243750612106051E+01 -0.270093067590065E-01
% -0.927178959919997E+01  0.114255198726216E+01 -0.151257056176935E+02
% -0.519523179682195E+02  0.410894006002537E+02 -0.556417417203812E+02
% -0.657489933697476E+01 -0.119856906014027E+02 -0.330572430116081E+01
%  0.104920275828162E+02  0.214088320827113E+01  0.444870687146875E+01
%  0.298530926758897E+01  0.365234558950659E+01 -0.121977722807390E+00
% -0.493732156847132E+01 -0.148036078289716E+02  0.808739111699344E+01
%  0.149246192851334E+01  0.939668267975582E+01 -0.670506769916608E+01
%  0.140651795880622E+01 -0.520890974502771E+02  0.118461977670912E+02
%  0.334903676343580E+02 -0.762314574875714E+01  0.386222459886405E+02
%  0.197051986068673E+02  0.224428813375088E+01  0.354194271612755E+01
%  0.148150520035819E+02 -0.344592487099587E+01 -0.679759013401361E+01
%  0.201399021397775E+01  0.355793852151253E+01  0.141852869002847E+02
%  0.148054614551123E+01 -0.661750121466310E+01  0.116590013801145E+02
%  0.374674923829100E+01 -0.101358311354521E+02  0.216699341547031E+01
%  0.554017758054320E+01 -0.178620726403162E+02 -0.728591824539639E+00
%  0.399462748516807E+01 -0.153364224815082E+02  0.404668121392973E+02
% -0.808661371197343E-01 -0.212432318827070E+02 -0.917057716863579E+00
% -0.288625588703995E+01  0.111786757934684E+01 -0.154108971814362E+01
% -0.160971797553709E+01  0.117501532230991E+01 -0.134510317801390E+01
%  0.102207398935520E+01  0.105930162159825E+01 -0.380559053806218E+01
% -0.355034802447693E+02  0.813634360998031E+00 -0.468868435019437E+02
%  0.445835655369562E+01 -0.448813809016459E+01 -0.139980384410878E+02
%  0.143996350330949E+01 -0.182835751393066E+02  0.267296027589405E+00
%  0.147750397051327E+00  0.173984515896120E+01 -0.125580472787995E+01
% -0.159100887827295E+02 -0.538355265969019E+01  0.723892468464085E+01
% -0.602734664037393E+01  0.824593546023529E+01 -0.567557953708087E+01
% -0.468442177296184E+01  0.243436710762364E+01  0.123912399652084E+01
%  0.890805111032228E+00 -0.146575280526309E+02  0.344836739209759E+01
%  0.604263807516462E+01  0.251812879334515E+01  0.576874007173265E-01
%  0.311813551110533E+01  0.280351333650566E+02  0.121438939617799E+02
% -0.495030093242321E+01 -0.126750162798286E+02 -0.457999607093500E+02
%  0.251860346779381E+02  0.111024293750529E+02 -0.837275939820874E+01
% -0.111358563478569E+02 -0.165903489171377E+01  0.331185894485828E+01
% -0.118308002905627E+02 -0.290735836228752E+01 -0.338195548519896E+00
% -0.229176820321648E+02  0.117285673176018E+01 -0.458410426971262E+01
% -0.461358860833914E+01  0.126034432192292E+02 -0.235454413556916E+01
%  0.101404434322744E+02 -0.174041169216438E+02 -0.445515469956764E+01
% -0.647659221850924E+01  0.894557310279107E+00 -0.277954154741665E+01
%  0.149113368353642E+01 -0.426062046003158E+00  0.264802711015720E+01
% -0.254374437603527E+02 -0.292792165517355E+02  0.193801788640074E+02
% -0.270856926008094E+02 -0.101717941922867E+02 -0.295821688209127E+02
% -0.123369288532342E+01  0.686135182736582E+01 -0.135341394256752E+01
%  0.792486459466908E+01 -0.545378130024896E+01  0.765426251949067E+01
%  0.299216926274469E+01 -0.189458425715415E+00 -0.389764285102727E+01
%  0.532663645857659E+01 -0.166177414245685E+02 -0.571425869520007E+01
%  0.977752532252046E+01 -0.952255674301385E+00 -0.166896357895453E+02
%  0.986199963542812E+01  0.142399031634680E+02  0.225409828952802E+01
%  0.437740959934846E+01 -0.364836549907507E+02 -0.216808226567842E+02
% -0.869600217042338E+01 -0.970436931561534E+01 -0.439311387070108E-01
%  0.473033863630631E+01  0.822166520292707E+01  0.133193144463533E+02
%  0.140846275801548E+02 -0.218321791548410E+02  0.611540073904489E+01
