% T    256  0.715122828077254E+01  0.715122828077254E+01  0.715122828077254E+01
  -0.160767349882006E+01 -0.184509886177914E+01  0.287077616197229E+01
  -0.280243598969164E+01  0.338899537192821E+01  0.849921858210964E+00
   0.247370765616775E+01  0.107878137483201E+01 -0.374534491992294E+00
  -0.242764122748812E+01  0.461192641534665E-01 -0.264272017884798E+01
   0.197139022063907E+00 -0.226159645481693E+01  0.749453999832027E+00
   0.289775232489260E+00  0.651727139519805E+00 -0.237598479756363E+01
  -0.330901549596098E+01  0.196910268685882E+01  0.110424422786241E+01
   0.304081960701219E+01 -0.251575438240949E+01  0.110291936824646E+01
   0.218825951520925E+01  0.229010326354554E+01 -0.283035730850554E+01
  -0.236404918657702E+01 -0.232998098425114E+01 -0.326174718350660E+01
   0.101625710030594E+01 -0.136857900331385E+01 -0.203043306384666E+01
   0.133350349876104E+01  0.169187249306812E+01  0.356071151754772E+01
  -0.174685025885202E+01  0.342713961476432E+01  0.107713949798249E+01
  -0.608383641721301E+00  0.240625759219341E+01  0.265202060026954E+01
  -0.172693844711064E+01  0.270859376396299E+01  0.334146130588919E+01
   0.152331071948758E+01 -0.394033593710412E-02 -0.296721522415453E+01
  -0.180949519224166E+01  0.205968420582822E+01  0.888094715530701E+00
   0.721543216046075E+00 -0.354848567800703E+01 -0.187210864561370E+01
  -0.279761112560625E+01 -0.259047859633096E+01  0.287554915392832E+01
   0.142593867390552E+01 -0.211679419176472E+01 -0.259140970846607E+01
   0.298615492975295E+01  0.300905779596588E+01 -0.237688971067054E+00
  -0.838511062148724E+00  0.212552839012691E+00 -0.166673248273872E+01
   0.498884915660957E-01 -0.236857893889521E+01 -0.324377441022860E+01
  -0.182508757210375E+01 -0.325941837613498E+01 -0.346568929712657E+01
  -0.257030077229830E+01  0.212544780815462E+01  0.313179290145489E+01
   0.303303141711170E+01 -0.142843932734809E+01  0.275503658631658E+01
   0.333030978692734E+01 -0.497552727921389E+00 -0.112426499053272E+01
  -0.255195534698682E+01  0.792547964844819E+00 -0.351330237706143E+01
   0.169149869828200E+01  0.666474631912167E+00  0.264432340480383E+01
  -0.534042412851130E+00  0.301504123660601E+00 -0.291098470454871E+01
   0.143979915934961E+01  0.270400322183493E+01 -0.326004814593876E+01
   0.104701580252040E+01 -0.169059433681669E+01  0.103346424032218E+01
   0.263649807143066E+01 -0.811019699482261E+00  0.123891547099475E+01
  -0.713590934872566E+00  0.178168041587109E+00  0.205975219465228E+01
  -0.813193325976119E+00 -0.884328473143245E+00  0.165672717012304E+00
   0.244645393143456E+01  0.496390597719920E-01 -0.213502102091094E+01
  -0.313123614857742E+01 -0.114570193276247E+01  0.189397394853037E+00
   0.321334512119538E+01 -0.228376619977912E+01 -0.103376081695140E+01
  -0.189613058038321E+01  0.145336870033937E+01 -0.514126358916189E+00
   0.484592731055400E+00 -0.160758075383720E+01  0.244066904602290E+01
   0.329861923590192E+01 -0.138201027422813E+01 -0.506342177972667E+00
   0.214527767948441E+01  0.166883499021781E+01  0.237900381505638E+01
   0.761856677254078E+00 -0.394301487851446E+00 -0.243130467411045E+01
  -0.166180659510298E+01  0.851890877107765E+00  0.374460473784901E+00
  -0.357145606200025E+01 -0.175129346774296E+01 -0.315181079278461E+01
   0.229711387008283E+01  0.293169123466285E+01 -0.158519061398323E+01
   0.285685688293719E+01  0.188387454148985E+01  0.149341927993779E-01
   0.152195086706237E+01 -0.815576836588357E+00 -0.962762722630141E-01
  -0.260733105158495E+01 -0.462602733659121E+00  0.225749915188259E+01
  -0.340806923574365E+01 -0.130596071230431E+01 -0.175932483392073E+01
  -0.335120437418134E+01  0.772272299211639E+00  0.894943049404877E+00
   0.741674125856590E-01  0.142736969182696E+01 -0.178597717766714E+01
  -0.285194789259251E+01  0.116860111937811E+01  0.253997961334031E+01
  -0.207477573551534E+00  0.338200110984981E+01  0.249296836528272E+01
  -0.526194529742252E+00  0.129354718827322E+01 -0.322751523404963E+01
   0.148248727016410E+01 -0.217212520020670E+01  0.246709153147585E+01
  -0.876332468628102E+00 -0.322284264585926E+01  0.165432099270014E+00
   0.140525645144503E+01 -0.184174324512659E+01  0.906772362544921E-01
   0.172147233561586E+00 -0.838341906315798E+00  0.352349121930426E+00
  -0.181253817857433E+00 -0.178094478053174E+01 -0.180025508165108E+01
  -0.200025795607170E+01  0.184545777850871E+01  0.225521400207199E+01
   0.209558871789797E+01  0.764287524440253E+00  0.680669760790166E+00
   0.181316710357057E+01 -0.312056725781739E+01  0.270565457254920E+01
   0.437470323700015E+00  0.175176138381864E+01  0.167941384312593E+01
  -0.104303055566025E+01  0.155013762928426E+01 -0.190588949791070E-01
   0.353465005086274E+01  0.875184607387535E-01 -0.203314920910874E+01
  -0.695524752410001E+00  0.221888566501043E+01  0.161690998527913E+01
  -0.792626170827934E+00  0.145361565165892E+01 -0.120766002370144E+01
   0.208674978905638E+01  0.105986018417473E+01 -0.200085747917461E+01
  -0.209120129775088E+01 -0.150326183121326E+00 -0.152324911339604E+01
  -0.124215230706624E+01 -0.638939482484405E+00  0.313884092665398E+01
  -0.992293263109108E+00 -0.248487371607537E+01 -0.123094579916660E+01
   0.204601252009676E+01  0.854487212538141E+00 -0.354801786439331E+01
   0.142150868118674E+00 -0.915738531770589E+00  0.330233358567230E+01
  -0.110317981038790E+00 -0.351157385762420E+01 -0.286042132674036E+01
   0.106706032964766E+01  0.341934696133979E+01  0.244605501552172E+01
  -0.108785736388734E+01 -0.162650906083554E+01  0.157799674631230E+01
  -0.283474808785546E+01  0.298890887577834E+00  0.160303047006317E+01
   0.205421323087088E+01 -0.199563382349178E+00  0.331672864041110E+01
  -0.336135427388682E+01  0.310956062913004E+01  0.186410706310491E+01
   0.145150316067988E+01 -0.274924154443706E+01  0.704995637023770E+00
   0.175855627937378E+01 -0.275488431952865E+01 -0.348656346264618E+01
   0.847775711933259E+00 -0.244583090618243E+01  0.324203032194861E+01
  -0.217043689424642E+01 -0.225540515246173E+01  0.210275203644003E+01
   0.246435740568307E+01 -0.237696528476768E+01  0.203944395792735E+01
   0.254830498793444E+01 -0.105097331987395E+01 -0.158647164931283E+01
  -0.226260968650376E+01  0.159567589053149E+01 -0.277083371050393E+01
   0.272568517656355E+01 -0.220676293979804E+01 -0.281940976791381E+01
  -0.112204677384784E+01  0.306664055454245E+01 -0.309772589224234E+01
  -0.143269402079670E+01 -0.273200276507304E+01  0.136122626974954E+01
   0.129953309679389E+01 -0.735983128883525E+00  0.865241794533883E+00
   0.103476825847710E+01 -0.267337135212527E+01 -0.129921997240527E+01
   0.348557558071775E+01  0.116605332095991E+01 -0.477096326872959E+00
  -0.234470386029486E+01 -0.294289766341548E+01  0.377638362615915E+00
   0.218666702159845E+01 -0.193619733611207E+01  0.829049170102354E+00
   0.177710895294096E+01  0.204298196993021E+01  0.143471659151208E+01
  -0.784892544680249E+00  0.335618408516534E+01  0.154064828735460E+01
   0.144941534617024E+01  0.101803282374454E+01  0.150246504369950E+01
  -0.847899771829753E+00  0.354083406273469E+01 -0.195862992352616E+01
   0.448416133294946E+00 -0.286202820370700E+01  0.239769846607610E+01
  -0.838448472421070E+00 -0.246549372761245E+01  0.245008605544762E+01
   0.982671100742838E+00 -0.328269684857856E+01 -0.287463008565209E+01
   0.328711947974588E+01  0.107025546045383E+01 -0.187283177481177E+01
   0.223904714301290E+01 -0.274726536917512E+01 -0.385703301685079E+00
   0.488335293448209E+00 -0.242861667872733E+01 -0.233978148769036E+01
  -0.265736198485141E+01 -0.149192444941465E+01  0.241086720634896E+01
   0.257069838669099E+00  0.239637282230650E+01 -0.104800169013030E+01
   0.941158207402758E-01  0.275827558921407E+01  0.192775910345964E+00
  -0.320652857896603E+01  0.312480622046723E+01 -0.603202664547503E-01
   0.348404571863137E+01  0.888549903783839E+00 -0.355076081474489E+01
  -0.411425496622632E+00 -0.292604696673225E+01  0.314897649046699E+01
  -0.275822882668292E+01 -0.330218887740165E+01 -0.287225894867351E+01
   0.169674428618368E+01 -0.300564129153577E+01  0.171034412218923E+01
  -0.374191851985276E+00  0.107947615817426E+01  0.139461490189563E+01
   0.283085055672348E+01  0.138331259855276E+00 -0.317698940816756E+01
  -0.320948991839493E+01 -0.222987176326027E+01  0.194799753683104E+01
  -0.535493370664964E+00 -0.974866198598601E+00  0.248648939371102E+01
   0.578865913577662E+00 -0.318368848581609E+01  0.140135966901460E+01
  -0.330701244947027E+01 -0.302710957825759E+01  0.142001671477126E+01
   0.159987566942668E+01 -0.304859705113812E+01 -0.195493979501898E+01
  -0.229080618976388E+01 -0.242687989098873E+00  0.340921987124277E+01
  -0.251443872045564E+01 -0.121191963748394E+01  0.140468437840599E+01
   0.979275724309816E+00 -0.161388520758226E+00  0.333629449217919E+01
  -0.112577162927208E+00 -0.355433292982569E+01  0.745485407532627E+00
   0.198056138618989E+01  0.205651192383320E+01 -0.469570938511008E+00
  -0.112187250908565E+01  0.210439478531445E+01 -0.263753909133227E+01
  -0.409236545850896E-01 -0.278091066361605E+01 -0.161701102700500E+01
  -0.276500703365580E+01  0.279361286945574E+01 -0.300464996100367E+01
  -0.127935365189605E+01 -0.341925913915217E+01  0.267972397202850E+01
  -0.203796717874481E+01 -0.229178626031763E+01 -0.498663515025102E+00
  -0.183116427742546E+01  0.307051207267314E+01  0.173927955942441E+00
   0.631156741357022E+00  0.348181959134351E+01  0.334850040107814E+01
  -0.243081905736781E+01  0.132935787574342E+01  0.123154010828149E+01
  -0.169709228586738E+01  0.897101130461615E+00 -0.179360318920734E+01
   0.297167204415626E+01 -0.296906502647140E+01  0.194456254649807E+00
   0.254423996076250E+01  0.587312167071639E+00  0.172647335954173E+01
  -0.853067758420379E+00  0.278785411899574E+01  0.551885357601447E+00
   0.176658830418245E+01  0.331345183365112E+01 -0.247736528781410E+01
  -0.337340773657130E+01  0.214700564513660E+01  0.214393013365686E+01
   0.196175855718986E+00  0.158229118165366E+01  0.304721076821818E+01
   0.196575035623300E+01 -0.125707592281811E+01  0.216370059786658E+01
   0.226973471459416E+01  0.210469682047370E+01  0.328083504068761E+01
   0.213807854658884E+01 -0.103781054307535E+01 -0.331709459602107E+01
  -0.700431646765146E+00 -0.113089759650944E+01 -0.323257576117611E+01
   0.106607771101687E+01  0.158361301003269E+01 -0.225452018574133E+01
  -0.175769774266838E+01  0.123379873843783E-01  0.148487060062763E+01
  -0.209680238100051E+00 -0.222915830942416E+01 -0.544889723796464E+00
   0.280121587461276E+01  0.153829760781858E+01  0.126069804732745E+01
  -0.334357722814852E+01 -0.304639910865685E+01 -0.556934720918706E+00
  -0.152642560726354E+01 -0.920031456793535E+00 -0.199160550088348E+01
   0.355480364929558E+00 -0.329241718030985E+00 -0.537752321855589E+00
  -0.329686048203370E+01 -0.527906821801589E-01 -0.318975425980757E+01
  -0.346561245064150E+01  0.119438337390121E-01 -0.201756069919183E+00
   0.284980485381445E+01  0.865054777551167E+00  0.266616036552982E+01
  -0.856966825017429E+00  0.145371092987007E+01  0.253627056548657E+01
  -0.665475160299108E-01  0.209519677174503E+01 -0.287872085264770E+01
   0.204354669742770E+01  0.292130215568277E+01  0.226374472009497E+01
   0.267563693626861E+01  0.321558625406926E+01 -0.344496770794606E+01
  -0.123079951325056E+01 -0.413235510021150E+00 -0.762259259038847E+00
   0.252237820337014E+01 -0.905892743754080E+00 -0.966514348202311E-02
   0.276121973027329E+01  0.136869227084620E+00  0.261118385325292E+00
  -0.173005975415037E+01  0.331829459168930E+00  0.254585433186704E+01
  -0.199838909099380E+01 -0.130907868658474E+01 -0.344120634907199E+01
   0.362627264105730E+00 -0.396701857274493E+00  0.241277396140764E+01
  -0.321133544950632E+01  0.190445349347364E+01 -0.250388975935959E+01
  -0.150749010641847E+01 -0.198952068100064E+01 -0.274088134567035E+01
   0.264693237990841E+01  0.265274944132762E+01  0.100137285954986E+01
   0.682312560171482E+00  0.277302698351128E+01 -0.249241695087237E+01
  -0.396678234854891E+00  0.191752778452784E+01  0.665151384016028E+00
   0.299203167289872E+01 -0.326683288266867E+01 -0.259010786964703E+01
  -0.325307352407837E+01  0.201204290256795E+01 -0.146402350110845E+01
  -0.237148498079800E+01  0.282762704172506E+01 -0.787236738566231E+00
  -0.189006055024603E+01  0.321406214445805E+01 -0.234357860885831E+01
   0.341627610535456E+01 -0.299524051164188E+01  0.247109132692304E+01
   0.189082227582264E+00  0.643664319171359E+00 -0.849341221631964E+00
  -0.297973258268433E+01  0.178526207471411E+00 -0.112001333088627E+01
  -0.270785104650405E+00 -0.806763032791998E+00 -0.214984110186650E+01
  -0.929049180331599E+00 -0.280251080333335E+01 -0.294799057278392E+01
   0.109176978052940E+01  0.272311917555798E+01 -0.153049573153937E+01
  -0.264335404544257E+01 -0.322110684492566E+01  0.213045527626544E+01
  -0.307549749101685E+01 -0.992018568046031E+00  0.335495726401349E+01
  -0.261204180421585E+01  0.561826025062320E+00  0.133724587195744E+00
   0.312666522314283E+01 -0.484199876341277E+00  0.316473989741836E+01
   0.268773553687536E+01 -0.318151752882864E+01 -0.116548331871638E+01
  -0.289306764526118E+01  0.307130574946827E+01  0.273715653296370E+01
   0.182159662981255E+01 -0.766568888393752E+00 -0.228888491649425E+01
  -0.313623427441794E+01 -0.240868385763465E+01 -0.240807190670932E+01
  -0.177451847453889E+01 -0.149286040142874E+01  0.567464480530782E+00
   0.112743643288466E+01  0.122841201618940E+01 -0.101195214345179E+01
   0.304327819524538E+01 -0.843792765873003E+00 -0.284055248592666E+01
   0.348951176316836E+01 -0.124006487637271E+01  0.171481677632681E+01
  -0.313982650399302E+01 -0.223301973926321E+01 -0.113667288807858E-01
  -0.277216628309079E+01 -0.144030158798000E+01 -0.716108162940492E+00
   0.347573021144685E+01 -0.254982545112715E+00  0.955680592565215E+00
   0.229864845217437E+01  0.357423633144780E+01  0.748765907992614E+00
  -0.251590884481411E+01 -0.216856824700259E+01  0.103419402011129E+01
   0.299293025075662E+01  0.148006986191631E+01 -0.275447733901830E+01
   0.302517351993223E+01  0.193646056535367E+01 -0.102690238098616E+01
  -0.210399927947298E+01  0.197206594067661E+01 -0.166736040527956E+01
  -0.172399772953624E+01 -0.308924479096799E+01 -0.120173657319894E+01
  -0.297186322033988E+01  0.297104608892076E+01 -0.193818815652101E+01
  -0.770007312458846E+00  0.257747823545171E+01 -0.156852669336437E+01
   0.100407512576215E+01  0.144196748312298E+00  0.160357406496901E+01
   0.143579735982001E+01  0.356287387894113E+01 -0.468204124860612E+00
   0.144201196668033E+01  0.302492746020187E+01  0.102791991030124E+01
  -0.309437134155014E+01  0.224250574548554E+00  0.286353676630261E+01
  -0.298034775811878E+01  0.963371783519009E+00 -0.249773465311647E+01
   0.287944101447918E+01  0.354328799419663E+01  0.164849355892343E+01
   0.204237680011240E+01 -0.216582271196000E+01 -0.126927507033411E+01
  -0.147372085665486E+01  0.103213848619191E+01  0.165276980569275E+01
   0.839573037124966E+00  0.107321124332541E+01  0.768846070282981E+00
  -0.208782148382025E+01 -0.263553527763132E+01 -0.203121147671239E+01
   0.147943162468721E+01  0.124403203627302E+01 -0.514845596409435E-01
  -0.705652961993842E+00  0.660957681311394E+00 -0.318812447979118E+00
  -0.159327930845760E+01  0.637244029187864E+00 -0.345463299752974E+01
  -0.254577560663914E+01 -0.161603889464026E+01 -0.220259540173778E+01
   0.185926660778297E+00  0.420101462136769E+00  0.498375610751691E+00
  -0.811506429774388E+00  0.247362046397483E+01 -0.469658575119151E+00
  -0.352401086187662E+01 -0.324914571423935E+01 -0.159594435122363E+01
   0.139881507091559E+01 -0.105639159410336E+01  0.297846217297210E+01
  -0.111556645017940E+01 -0.445151173648251E-01  0.575211910431957E+00
  -0.221069143730259E+01 -0.259699885986152E+00 -0.536401395174755E+00
  -0.332807236469797E+00 -0.184088188992207E+01  0.312144804661200E+01
   0.115891021222375E+01  0.201848366916638E+01  0.665308892736423E+00
  -0.156265488508280E+01  0.164017558809626E+01  0.324291569470499E+01
   0.388266113757021E+00  0.252721669396795E+01  0.244600467212375E+01
   0.308379201517230E+00 -0.331680104882899E+01 -0.696355133895884E+00
  -0.594819601979364E-01 -0.556101159036596E+00  0.129271672820866E+01
   0.139137590502051E+01  0.180853959386797E+00 -0.187890917109220E+01
   0.220502752462482E+01 -0.214201445216457E+00  0.234929074551634E+01
   0.349588604376418E+01  0.204420665100715E+01  0.320451977823543E+01
   0.408553714880193E+00  0.293232937035954E+01  0.155835263118915E+01
   0.307708322863385E+01  0.250790073536682E+01 -0.197873893128610E+01
   0.178782294135690E+01  0.195092898986911E+01 -0.143949906019499E+01
  -0.281943467216482E+01 -0.229247031198789E+01 -0.138712834899908E+01
   0.280184156475148E+01  0.236207073446691E+01  0.197499339325444E+01
   0.354369089887005E+01  0.103287198824493E+01  0.187182525610895E+01
  -0.259494680232095E+01 -0.257472789025447E+00  0.677423261412946E+00
   0.125796707417397E+01  0.244513878995939E+01  0.286186497467683E+01
  -0.317486583152027E+01  0.193761590479314E+01 -0.120741194934559E+00
   0.216895168642076E+00 -0.139653731598857E+01 -0.280926732656895E+01
   0.106250135789739E+00  0.872287588681068E+00  0.224395565900075E+01
   0.334753714854788E+01 -0.193243008216868E+00  0.206235940804996E+01
   0.604244748442615E+00 -0.124434082241463E+01 -0.108957628771282E+01
   0.333966717647229E+01 -0.164171396309896E+01  0.705404668562969E+00
  -0.294235004054092E+00  0.511047387980137E+00  0.310056733555819E+01
   0.281450492021247E+01  0.427650855944098E+00 -0.110869745075959E+01
  -0.272217760295533E+01  0.119530912437121E+01 -0.107224923962604E+01
   0.110331592879011E+01 -0.113001418214451E+01 -0.310235905638352E+01
   0.169660929630448E+01 -0.541142977813627E+00 -0.125030359982852E+01
  -0.242784849339368E+00 -0.277869467769047E+01  0.176818746035846E+01
  -0.168966680960069E+01 -0.126059131520953E+01 -0.101012498579934E+01
   0.338339142409686E+01 -0.284497865075011E+01 -0.355911979260267E+01
   0.167021636368519E+01  0.253611504505155E+00 -0.288468289609250E+00
  -0.174320966808658E+01 -0.111926341723753E+01  0.213077710769621E+01
   0.315473592985877E+01  0.327035430543107E+01  0.276737622255451E+01
% -0.409776691825755E+01 -0.123880364589046E+01  0.181880890561125E+01
% -0.224316950046039E+01  0.154299456953835E+00  0.578056814085591E-01
%  0.120384582163695E+01 -0.339708986473920E+00 -0.227113932470368E+00
% -0.398704024104186E+00  0.362059554453737E+00 -0.100834673623493E+01
%  0.251740056090483E+01 -0.213891368952065E+00  0.486862864128294E+00
%  0.173589147647446E+00 -0.102031584760428E+01  0.148610312925694E+01
% -0.258935939029815E+01 -0.855115883269279E+00 -0.206740818401605E+00
%  0.175762755580647E+00 -0.736390873471543E+00  0.580575934516124E+00
%  0.174819788576480E+00  0.180864187198021E+00 -0.885959196095658E+00
%  0.496727359541933E+00 -0.394341428239334E+00 -0.355872101079999E+00
% -0.207008687764553E+01 -0.649923992140692E+00 -0.338149162862290E+00
%  0.610107555842240E-01  0.667973137718868E+00 -0.369799143146654E+00
% -0.198191823550535E+01 -0.647376920052933E+00  0.182811113239762E+01
% -0.310646752936661E+00  0.529570967897866E+00 -0.195973289202262E+00
%  0.942538740010047E+00 -0.303365247139418E+00 -0.327046009836750E+00
%  0.379684231304880E+00 -0.188397067875463E+00  0.896511716460243E+00
% -0.194129113541426E+01  0.159594601241162E+01 -0.120196229954839E+01
%  0.440126605022646E+00 -0.413824517790791E+00 -0.938207630463914E-01
%  0.169169459372332E+01  0.920313676629091E+00 -0.130322871257764E+01
% -0.193448763395982E+00 -0.190140438296299E+01  0.118108293948880E-02
% -0.382547349275098E+00 -0.701520213687974E+00  0.519217470686175E+00
%  0.722092092191840E+00 -0.211219271082211E+00 -0.836360838151154E+00
% -0.731566804754486E+00  0.778956091019541E+00  0.784735408404345E-02
%  0.808170709758036E-01 -0.151022439375982E+01 -0.131267161264752E+01
%  0.768253674142864E+00 -0.127385984079225E+01  0.488320302591484E+00
% -0.148243689100853E+00  0.523933046351612E+00  0.893835422491200E+00
% -0.919530266084809E-01 -0.222201214881968E+01 -0.117110693207651E+01
% -0.285506563637253E+01 -0.622033496177786E+00  0.970533505255085E+00
% -0.171526818607524E+01 -0.531998095463811E-01  0.699490591156362E+00
%  0.484323149657428E+00  0.224642876158986E-01 -0.108380588228579E+00
% -0.441183501266330E+00 -0.283782783932703E+00  0.180914929624389E+01
% -0.173303063731033E+00 -0.798171753545153E+00 -0.804805013024803E+00
% -0.271855636355875E+01  0.647154060178794E+00  0.909833726717723E+00
%  0.100872218176308E+01 -0.544454795774557E+00 -0.562213536544007E+00
% -0.913878360299428E+00  0.801081400819559E+00  0.729810114594952E+00
%  0.107029286035995E+01  0.814515320454634E+00 -0.518238685164212E+00
% -0.845413165418886E-01  0.141047141152962E+01  0.772692296675273E-01
%  0.453297820861855E+00 -0.975356619638780E+00 -0.131067684076770E+01
% -0.730946842497937E+00  0.120256031634850E+01 -0.280501450699791E+00
% -0.207454122822303E+00  0.515416909631482E+00 -0.961689958347241E+00
% -0.845615341912788E+00  0.417746808444972E+00  0.740921311645280E-01
%  0.104450675045817E+01  0.687314188528344E+00  0.124837540768593E+01
% -0.371276491236521E+00 -0.156980906846188E+00  0.657651763113045E+00
%  0.119824901761267E+01 -0.214778294956721E+00  0.131532561111285E+01
% -0.356876030391207E-01  0.944576044864075E+00 -0.394677436888477E+00
%  0.143241586640989E+01  0.210717363510153E+01  0.191737410183061E+00
%  0.645621247943497E+00 -0.347346210921987E+01 -0.882051892885778E+00
%  0.173908479070047E+01  0.657884846663206E+00  0.176180767529463E+00
%  0.155277435038813E+01 -0.158579736478627E+01 -0.550236707345311E+00
% -0.224769863083740E+00  0.914143376909155E+00  0.167407732337171E+01
% -0.145517648506729E+01  0.870487532335562E+00  0.167617278447005E+00
% -0.913357138673104E+00  0.678126292234697E+00  0.100275728250220E+01
% -0.683541851074661E+00  0.664108519668261E+00  0.133239038362906E+01
%  0.221707266904414E+01  0.371385733931408E+00  0.203967621858658E+01
% -0.164789300695313E+01 -0.758391976822601E+00 -0.528829976755844E+00
% -0.142882601412226E+01  0.221819879003902E+00  0.439550254044467E+00
%  0.621355352804226E+00 -0.324716560777376E+00 -0.228005944599940E+01
% -0.141964319580476E+01  0.202570124503552E+01  0.101887074151174E+01
% -0.107002618654229E+01 -0.164531296848007E+01  0.311864263307162E+00
%  0.577409232620334E+00 -0.278012696107926E+00 -0.158141904469379E+01
%  0.101111301356087E+01  0.816146173777584E-01  0.295105172448713E+01
% -0.142780211420629E+01  0.144587443415954E+01  0.102752090801316E+01
% -0.295259754898956E+00  0.883947094579449E-01 -0.127154224707003E+01
% -0.285532284170982E+00 -0.570534752783511E+00 -0.110065554825126E+01
% -0.187909351993599E-01 -0.320291347189273E+00  0.207988204885898E+00
%  0.254005585897475E+00  0.158680064679615E+00 -0.143603163927113E+01
%  0.741013262794610E+00 -0.211499955811296E+01  0.467010994183488E+00
%  0.428884132037393E+00 -0.503815652050332E+00 -0.123072472084500E+01
%  0.345247341981842E+00  0.115032834804219E+00 -0.266193469552118E+01
%  0.299654207986717E+00 -0.245087603117682E+00  0.663419275787253E-01
% -0.287083032629133E+00  0.716736143903223E+00  0.118054734238546E+01
% -0.203929146625798E+00 -0.346490080030260E+00 -0.966652141846058E+00
%  0.548960886947229E+00  0.191753130908364E-01  0.110205548432098E+01
%  0.288281383647797E+00 -0.209115347902110E+01 -0.325196139287595E+00
%  0.177253255781431E+01  0.299209737479994E+01 -0.191846012032936E+01
%  0.143462367528791E+01  0.591497007954412E+00  0.166515934183773E+01
% -0.763877664164851E+00 -0.173400270144068E+00 -0.794917309235207E+00
%  0.344062540998313E+00 -0.106030999877853E+00  0.264059596831107E+01
% -0.102119499618373E+01  0.448117125344300E+00 -0.203952548554654E+01
%  0.200190024981759E+01 -0.156274236061074E+01 -0.180629390845224E+01
% -0.123789203679683E+01  0.630699987864945E+00 -0.857852181612436E+00
%  0.368928987043143E-01 -0.224964651005243E+00  0.938707669392912E+00
% -0.627222278739534E+00  0.882277060361386E+00 -0.117305621362711E-01
% -0.371857817195125E+00 -0.165268330473055E+00  0.171934526494130E+01
%  0.726323720953302E+00 -0.487780467226023E+00  0.127403316000215E+00
% -0.111458927014158E+01 -0.131882687751498E+00  0.245835957035595E+01
%  0.196842310670950E+01  0.208354434214354E+00 -0.173726951126749E+01
% -0.320053826679351E+00 -0.199708023289957E+00 -0.117412478923835E+01
% -0.141595037562765E+00  0.416284127936198E+00  0.929818305682335E+00
%  0.549558461827130E+00 -0.415543107352934E-01  0.305809970024520E+00
% -0.526423443222612E+00 -0.596877487868415E+00  0.775978626672468E+00
%  0.836087222492623E+00  0.105617027221258E+01  0.211532288426099E+00
% -0.105461162950677E+01  0.103464887679162E+01  0.122645646749983E+01
% -0.445428450901790E+00  0.693534112820544E+00 -0.180246762367477E+01
% -0.171560424734688E+01  0.928372987783060E+00 -0.948482920174318E-01
%  0.987808239207031E+00 -0.203464110910179E+01  0.319572741732272E+00
% -0.504312562433722E+00  0.481240960961695E+00  0.508827464937017E+00
%  0.457607286645114E+00 -0.126976707036019E+01  0.146151177042015E+01
%  0.913914025010940E+00  0.117328532518255E+01 -0.140638981660767E+01
%  0.665677825522570E+00 -0.115112588773421E+01 -0.117546395705438E+00
% -0.589384138033459E+00 -0.131704300486760E+01  0.127451000049539E+00
%  0.114299580283307E+01 -0.545233471988989E-01  0.465494118786597E+00
%  0.616255436563120E+00  0.175975567432107E+00  0.209585992902330E+01
%  0.628429536775874E+00 -0.103713232607087E+01  0.116637505917062E+01
% -0.104141812519083E+01 -0.103453800014592E+01 -0.508344624236627E+00
%  0.423444104767102E+00 -0.694802370595822E+00 -0.364098262294943E-01
%  0.217106854760038E+01 -0.667927698038241E+00  0.107022290356225E+01
%  0.487834201510450E+00  0.144623828684248E+01  0.164870530938476E+01
%  0.475328515100905E-01  0.298646170825168E-01 -0.301725554378891E+01
% -0.141222815642244E+01 -0.363762904480875E+00 -0.283987639901984E+00
%  0.339465729378687E-01 -0.778869308138902E+00  0.150463605639515E+01
% -0.177748108324735E+01  0.126661441391405E+01 -0.777728670433557E+00
%  0.337515726368921E+00 -0.114328733800138E+01  0.121879725039700E+00
%  0.805576856718327E+00  0.848784417877571E+00  0.388533621058680E-01
%  0.867522148561950E-01  0.269320497855865E+00  0.119545352264800E+01
%  0.152274174982151E+00 -0.629074830427801E-01 -0.357911840216279E+01
%  0.404494019424139E+00 -0.984982546229380E+00  0.203020241374208E+00
%  0.170673605968656E+01  0.162327399601601E+00  0.132257137788823E+01
%  0.133383622995390E+01 -0.743817252067846E+00 -0.584893281759849E+00
%  0.246504541320736E+00 -0.898333731186665E+00 -0.402791697742762E+00
%  0.132918265120719E+01 -0.141115220324785E+01 -0.553473063249129E+00
% -0.490918494043190E+00  0.206909281870854E+00 -0.336808808966108E+00
% -0.737560139807244E+00 -0.246627097073579E+00 -0.147765829807695E+01
% -0.175707764646584E-01 -0.968431542559392E+00 -0.276785220175721E+01
% -0.266967138643945E+00  0.153010771219502E+01  0.950703577762310E+00
%  0.878964433665331E+00 -0.639915243724379E+00 -0.303416357579558E-01
%  0.198872151967236E+01 -0.218396082052865E+00  0.592888658829109E+00
%  0.110036205058694E+01 -0.103113997204162E+01  0.127283988391627E+01
% -0.169625350224688E+01  0.127612215951372E+00 -0.258690558816985E+01
% -0.435880671828662E+00  0.194297504653128E+01 -0.214381050744179E+00
% -0.985431367993563E+00 -0.174179278087340E+01 -0.181448627105057E+00
% -0.124026836054660E+01  0.456906459560354E+00 -0.209603719117982E+01
%  0.365808203300026E+00  0.434249054075939E+00  0.169494619927708E+00
%  0.164644463750379E+01  0.329653629137152E+00  0.684142715410869E+00
%  0.126686815522838E+01 -0.196676966586502E+00  0.218510569212222E+00
% -0.119577504991824E+01  0.475065414976316E+00 -0.146579149240150E+01
%  0.115272929162580E+01 -0.834329648924776E+00 -0.269670253040250E-01
% -0.147618167105795E+01 -0.355536440823796E+00  0.157197412093222E+01
% -0.574027825821415E+00  0.158868146416374E+00 -0.751834120253348E+00
% -0.113837279940998E+01  0.131296278549029E+01 -0.159480405490475E+01
%  0.214061586963374E+01  0.629605513863160E+00  0.161585994059062E+00
% -0.452758366791414E+00  0.637399972095801E+00  0.711610018260919E+00
% -0.386715089184051E+00 -0.626705777312188E+00  0.457088542704138E+00
%  0.221712571464707E+01  0.781351302080999E+00 -0.204988504205454E+00
% -0.115966960596728E+01  0.630541398303217E+00 -0.850121554380875E+00
%  0.123497019523164E+01 -0.653904855295448E+00 -0.119317811714302E+01
%  0.311687168095887E+00  0.164471281390192E+01 -0.893615649277291E+00
% -0.898992408667884E+00 -0.322437235295256E+00  0.202641123858170E+01
%  0.444916808615122E+00  0.327947889767132E+00  0.276024207501185E+01
%  0.360017261277997E+00  0.105237274230892E+01  0.735383605170001E+00
% -0.731126096199213E+00 -0.328253564850045E+00  0.278225392429997E+00
%  0.735581115470556E+00 -0.179398614797059E+00  0.368230424187100E+00
% -0.100012593784300E+01 -0.177120332041685E+01  0.195821184144218E+00
%  0.163243995775951E+01  0.375341116551356E+00  0.123169929792271E+01
% -0.167259441326773E+00  0.244236997080055E+00 -0.189367258439012E+00
% -0.109412355196886E+00  0.411224820828441E+00  0.187675677415035E+00
% -0.919154202857660E+00 -0.155338331079665E+01  0.265827749066378E+00
%  0.177427902911880E+01 -0.164025023166311E+01  0.985459719040917E+00
%  0.102295844714706E+01  0.133716397762100E+01  0.879851787929392E+00
%  0.212711795737296E+00 -0.211853111896184E+01  0.407267607191704E+00
% -0.107359324609764E+01 -0.452457081250998E+00 -0.324854611713984E-01
% -0.112675712890943E+00  0.212123832364276E+00 -0.641670846728205E+00
% -0.351586613034028E+00  0.551619626840134E+00  0.683144895291885E+00
%  0.772519937375673E+00  0.158484087511229E+01 -0.189099871873602E+01
%  0.562114514672929E+00 -0.136031413236391E+01 -0.768660311523286E+00
% -0.569303044178104E-01  0.815456967797404E+00 -0.110166083546051E+01
%  0.365524730804078E+00 -0.403213413625515E+00  0.381880143360832E+00
% -0.959106598766572E+00  0.143781231223025E+00  0.437035892500588E+00
% -0.467293526000731E+00 -0.863010596136505E+00 -0.531294612645760E+00
%  0.494626393073222E-02  0.303069018205955E+00  0.695477035710210E+00
% -0.353203394975386E+00  0.131382295840224E+01  0.297302151974743E+00
%  0.883808145237638E+00  0.499115493619193E+00 -0.789540322824706E+00
%  0.147699024212104E+01  0.458753599424823E+00  0.974516693796694E+00
% -0.541138469216585E+00  0.581417973357003E+00  0.828593114213069E+00
% -0.453502397838262E+00 -0.576760222458507E+00 -0.115457103003517E+01
%  0.703856797423125E-01 -0.822085487887563E+00  0.429855123802033E+00
% -0.852193767361776E+00 -0.969654643685183E+00 -0.392318706932588E+00
% -0.155868115780642E+01  0.114926910950228E+01  0.265331562595720E-01
%  0.842611347009938E+00  0.877089626844904E+00 -0.901981435270685E+00
% -0.152849074986364E+00  0.152429083189349E+01  0.104992764143309E+01
%  0.318807829395571E+00 -0.753265039969084E+00  0.674944885905580E+00
%  0.891419821690024E+00  0.849035698587057E+00 -0.334543773146202E+01
% -0.214696841483150E+00 -0.338552982493481E+00  0.151533013363870E+01
%  0.500467323834247E+00 -0.144821531460042E+01 -0.151821023366929E+01
%  0.408445071962913E+00  0.264404546287199E+01 -0.958616053521284E+00
%  0.458440016544956E-01  0.134189276444596E+01 -0.940359068307725E-01
% -0.175223169030830E+01 -0.242877067505221E+01 -0.317311658581030E-01
%  0.956693214179926E+00  0.118145589861655E+00  0.399004969905226E+00
% -0.107868507675720E+01  0.179240994217563E+00 -0.580073912118343E+00
%  0.241492218704214E+00 -0.601644588393493E+00 -0.143408617059147E+01
% -0.977838810773451E+00 -0.411802493519066E+00 -0.106353046785611E+01
%  0.933002368639766E+00 -0.469826009040780E-01  0.444100370441054E+00
%  0.122600067549671E+00 -0.777743111976345E+00 -0.462503653751263E+00
%  0.489054420464042E+00 -0.168752755784768E+01 -0.113838502559502E+01
%  0.166292010227854E+01  0.187865403898547E+01 -0.815386523478675E+00
% -0.863054198441404E+00 -0.849939118123154E+00  0.117368418489099E+01
% -0.765109659063802E+00  0.146552857950686E+00 -0.876227262835386E+00
% -0.117417559834670E+01  0.457216424810418E+00  0.138582273973411E+01
%  0.188238449090334E+01 -0.560993486879636E+00  0.160534767199493E+00
% -0.688952164927713E+00  0.739010733126691E+00 -0.123415242567330E+01
%  0.861332749342434E+00 -0.150927444197819E+00 -0.229080152109582E+01
%  0.129381167792720E+01  0.164254100432613E+01 -0.826245951385975E+00
%  0.902890204105406E+00 -0.800040999053061E-01 -0.832538328565279E+00
% -0.303824092232653E+00  0.164507694611729E+01 -0.481709034356163E+00
%  0.478026257062542E-01 -0.160035377319411E+01  0.907055273219365E+00
%  0.141150777663551E+01 -0.472873818035610E+00 -0.113297587238414E-01
%  0.107993863848235E+01 -0.104109892384091E+01  0.445416365799539E-01
% -0.254828175225927E+01 -0.144304010569460E+00 -0.603011802058028E+00
% -0.330997807077025E+00 -0.814237282291609E+00 -0.695585919027382E+00
% -0.599035946780684E+00 -0.326724337474269E+00 -0.494748997519101E+00
% -0.393008416849004E+00  0.744572005633171E-01 -0.233166605728738E+00
% -0.867424275393466E+00 -0.121108066188705E+01  0.148156563933659E+01
% -0.190503148475567E+00 -0.427760108438830E+00 -0.108365111813860E+01
%  0.153310107178060E+01  0.228066796065897E+01  0.178262046637557E+01
% -0.806867005452900E+00  0.434080094102410E+00  0.188474622399528E+00
% -0.400520578422010E+00 -0.500247077636412E+00 -0.103797792814030E+00
% -0.182700391660932E+00  0.260148703790828E+00  0.951411488713581E+00
%  0.780201370783345E+00 -0.870215531063144E+00 -0.613900701752479E+00
%  0.905148972693320E+00 -0.192442028768179E+01 -0.135666082152948E+01
%  0.157271541555079E+01 -0.529241047347173E+00  0.211805573088257E+01
% -0.109885986693367E+01 -0.664942990132139E+00 -0.146021765773519E+01
% -0.605896719463331E-01  0.237679143381777E+01 -0.603099761156599E+00
% -0.431355150048874E+00 -0.138722660601402E+01  0.567158469568794E+00
% -0.181547952818129E+01  0.686198316674500E+00  0.252860168724250E+01
%  0.840017427859193E+00 -0.587937892711636E+00 -0.553131834393140E+00
% -0.126408282130740E+01  0.148670461045754E+01  0.629648267434048E+00
% -0.167245935628686E+01  0.196795634464363E+01  0.748312063684639E+00
%  0.309510952330613E+00  0.133813037800635E+00  0.128499084327763E+01
%  0.200092953808682E+01  0.208337942868596E+00  0.153228641835442E+01
%  0.143828681002877E+00 -0.202281965791731E+01  0.168539792019194E+01
%  0.234285494201358E+01 -0.144589424192068E+00  0.930017376945604E+00
%  0.261268849566876E+00  0.170989175452324E+01 -0.285683930291101E+00
% -0.109790753941406E+01 -0.732905971822446E+00 -0.164661047844197E+01
% -0.736749400186083E+00  0.749515259406371E+00  0.595790137024398E+00
%  0.602972792874169E+00 -0.152713999890620E+00 -0.136546639490270E+01
% -0.993620597173009E+00 -0.154633915235311E+00 -0.802683534832580E+00
%  0.922547117154050E+00  0.258338731723961E+01 -0.793352997450691E+00
% -0.664070406659547E-01  0.943322522937115E+00  0.150631220625697E+01
% -0.245823797541305E+00  0.150011051322778E+01  0.156111887445695E+01
% -0.174192786251520E+00 -0.154509393957804E+01 -0.558005293865189E+00
% -0.338086681570931E+01 -0.120392197858915E+01 -0.110921768284327E+01
% -0.927459039153471E-01  0.196043909640709E+01 -0.167120036563300E+01
% -0.348096916493294E+00  0.451787715658326E+00  0.114760697484617E+01
%  0.132141501061113E+00  0.572981001907361E+00 -0.226615457095623E+00
%  0.158892115862970E+01  0.231004790005202E+01 -0.683347461811044E+00
%  0.813852530300300E+00  0.162111948033148E+01  0.161910596072230E+01
% -0.319603546717927E+00  0.273432140950417E+00  0.171688892326238E+01
% -0.205548734394977E+00  0.329647295147309E+00 -0.106529545054147E+01
%  0.528357526597386E+00 -0.915420713115683E+00 -0.874509458498242E+00
% -0.115200167281981E+01  0.878021588102673E+00  0.169062227875080E+01
% -0.227706166545800E+01  0.221773513885337E+00  0.134692299140028E+01
%  0.108074010422121E+01 -0.222190863890178E+01  0.449734792305009E+00
% -0.451511713468271E+00  0.230788552458343E+01 -0.112687398713613E+01
% -0.223138967124734E+00 -0.125767596626244E+01 -0.389169779893272E+00
%  0.105679670679943E+01  0.203255695194900E+01 -0.135936426204909E+00
%  0.186608161583333E+00 -0.117513782686611E+01 -0.155091356107471E+00
%  0.673041057304669E+01 -0.774085230216584E+00  0.138972811233838E+02
%  0.793826234950457E+00 -0.851350389767254E+01  0.127863764794610E+02
% -0.278476671232081E+02 -0.308373447793690E+02 -0.857000200497831E+01
%  0.134129338076919E+02 -0.513307894605405E+00  0.694206037711998E+01
% -0.416911323499042E+01 -0.730351227673865E+01 -0.718062577033591E+00
%  0.153756690447551E+02 -0.160385419244143E+02 -0.867735883849437E+01
% -0.438485593083320E+01 -0.946221303589694E+00 -0.782765203342287E+01
% -0.172239006096502E+02 -0.523824820851588E+01  0.197046084730350E+02
%  0.399943127590816E+02 -0.209742369723290E+02  0.329012062643637E+02
% -0.897166998073443E+01  0.252875647641004E+00 -0.587716106069255E+00
% -0.110435050568998E+02 -0.115802438643903E+01  0.491746151907949E+01
% -0.696281726152217E+01 -0.158837589748695E+02  0.937548050862529E+01
%  0.245185653707761E+01  0.108665659014368E+02  0.310890211479872E+02
% -0.983899680821850E+01  0.207359207046533E+02  0.157538149853899E+02
% -0.820057040213743E+01  0.198871526581072E+01 -0.148180830948426E+02
%  0.206239679190521E+02  0.146007392703906E+02  0.826564940073939E+01
%  0.154931767809249E+02  0.122627681279492E+02 -0.717562406199281E+01
% -0.246282941209992E+02  0.138082684159218E+02  0.429355757966374E+01
% -0.623724088302725E+01  0.169764701834361E+02  0.349910831804652E+02
%  0.207993705000525E+02 -0.717141141999065E+01 -0.141177168104925E+02
% -0.350460045182005E+02 -0.348540843720587E+01 -0.575827499700817E+01
%  0.227135806357363E+01 -0.143189690341903E+01  0.661054064398095E+00
% -0.544441915918167E+01 -0.621775929762672E+01  0.537640650003790E+01
%  0.278152055602771E+01 -0.386835511180157E+01 -0.110331320209912E+01
% -0.751549370335315E+01 -0.103518688076754E+02  0.420624846684986E+01
% -0.524579412791529E+00 -0.107086796297750E+02 -0.624180984122853E+01
%  0.322256264952279E+01 -0.260235395998308E+01  0.295837638784907E+01
% -0.386179845895997E+02  0.107104949310099E+02 -0.380367387756255E+01
% -0.623572793139179E+01  0.270974384426915E+01 -0.104054226492910E+02
% -0.941638952851952E+01 -0.156614202890675E+02 -0.231204753234066E+01
% -0.400447414025203E+02  0.256908967130427E+02 -0.292985575934456E+02
% -0.451040010087661E+01 -0.176672446342590E+02  0.217071488259021E+02
% -0.133619088624861E+02 -0.319351347592000E+01 -0.408978802364078E+00
% -0.231698082461429E+01 -0.246615159758888E+01 -0.586881348584504E+00
% -0.122598480516308E+02 -0.298284200278281E+02 -0.172723739119939E+02
%  0.806669713727290E+01  0.158921539516520E+01  0.154955658773687E+01
%  0.250497159540411E+02  0.286868384504634E+02  0.113878788455123E+02
%  0.285423388050659E+01  0.320142224612622E+01 -0.462169746136625E+01
% -0.141069783101612E+02  0.181659248465368E+01 -0.106423440239661E+02
%  0.233713387718105E+01  0.222846893515858E+00  0.588271516783852E+00
% -0.674324038466371E+00 -0.491710401926262E+01 -0.722112382408662E+01
% -0.101738440057198E+02 -0.168819938094091E+02 -0.123724183310490E+02
% -0.309693566406258E+02 -0.108984760909276E+02  0.358180368979234E+01
%  0.221269464439068E-02 -0.487197719701902E+01  0.158659491813480E+02
%  0.143622348076849E+02  0.577833061255274E+01 -0.832487897782982E+01
% -0.333674893177506E+02  0.188118580555638E+02  0.188328662923686E+02
%  0.264045209833776E+02  0.330709897831200E+02  0.383314996729561E+02
% -0.157171879581149E+02  0.634348090780859E+01 -0.330927149736100E+02
%  0.632484407715950E+01 -0.444240004662297E+01  0.216846812027118E+01
% -0.157425018941206E+02  0.165016329518097E+01  0.891590194398094E+01
% -0.151771626928309E+02  0.145734523343947E+02 -0.276702342606398E+02
%  0.240047600946880E+01  0.210339047571130E+02  0.111241970493696E+02
%  0.156414117857214E+02  0.146539487345216E+02  0.771339104362155E+01
%  0.128080517065749E+01  0.135574805623322E+02 -0.414360417731539E+01
% -0.163374278458454E+02 -0.149376489990845E+02 -0.166617775062017E+02
% -0.439881273236000E+01  0.109947040674784E+02 -0.825384864222761E+01
% -0.156913293101905E+02  0.279686577761790E+01 -0.839711384356007E+01
%  0.251055033999295E+01 -0.842610753672690E+01 -0.184611279880526E+02
%  0.290087067769344E+02 -0.903617207854291E+01 -0.502094489321814E+01
% -0.176920702013101E+01  0.569568761628423E+01  0.385589870985046E+01
%  0.267694263712753E+01 -0.159525089567523E+01 -0.663050422970018E+01
% -0.883280810245133E+01  0.126033453887568E+02  0.899658916550873E+01
%  0.248547958037934E+02 -0.544520825490277E+01  0.156466035119559E+02
%  0.392968943313797E+01  0.304807353455957E+01 -0.524517804022352E+01
%  0.130784919738008E+02  0.263322546176747E+02  0.541888915447477E+01
%  0.598482471496350E+01 -0.131020791773197E+02 -0.813177300278971E+01
% -0.116982339141433E+01 -0.127077775113316E+00  0.164177774636094E+01
% -0.107002062568338E+02 -0.736887064334451E-01  0.921099555270738E+01
%  0.234849517271740E+01  0.249819517516960E+01 -0.756721097150660E+00
%  0.127626628690867E+02  0.294145190625280E+01 -0.262781826109754E+02
% -0.164401334658123E+02  0.812169581630374E+01  0.392114616419552E+01
%  0.359756815991795E+02  0.392263206602159E+02 -0.525244770057533E+01
%  0.826061818176856E+01  0.427046929410518E+01  0.101808936244768E+02
%  0.132058887974933E+02  0.286249480367298E+01  0.113216531539484E+02
%  0.423254017105481E+01 -0.671664906527107E+00  0.802231564790807E+00
% -0.981173600082686E+01 -0.140303452982303E+02 -0.321165871097486E+02
%  0.151565381503530E+02 -0.157824476850381E+02 -0.112941364309051E+02
%  0.991924581948238E+01 -0.207967215730734E+01  0.132663748768664E+02
% -0.674169447455308E+00  0.195233133101539E+02  0.545732686431326E+01
% -0.399767375310175E+01  0.159244757173658E+02 -0.304949187076672E+02
% -0.263664443731074E+01 -0.342814396382906E+01 -0.395414937380956E+01
%  0.719902025044536E+01  0.232473924547465E+01  0.176724729443144E+02
% -0.286021076140653E+01  0.365127639220052E+01  0.116631808667430E+02
%  0.389835681532235E+02 -0.373358324564772E+02 -0.328245992445553E+02
%  0.112788415263449E+02  0.553636155142037E+01  0.273420610208447E+01
%  0.114215048413835E+02 -0.992452558715685E+01 -0.495446600504898E+00
%  0.337359941819810E+02  0.145683884300591E+02 -0.117047026661027E+02
% -0.145055118987085E+02 -0.526541878249462E+01  0.420040922584456E+01
%  0.192241865593715E+02  0.168063061989093E+02  0.135941090962408E+02
%  0.183349233861222E+01  0.429663748653142E+01  0.312544314269031E+01
% -0.821405665020638E+00  0.250205975082009E+02  0.239013562853315E+02
% -0.397771258574985E+02  0.293544268545079E+02  0.460430183752024E+02
%  0.593530248837280E+01 -0.397600006409740E+02 -0.129401838974247E+02
%  0.648844825447965E+01 -0.641160383091990E+01 -0.113244134145403E+02
%  0.137426256737753E+01  0.580598860978968E+01  0.306497787725993E+01
%  0.212272696511615E+02  0.583558198230365E+01  0.226003020379500E+02
%  0.338613847108700E+01  0.310874231396550E+00  0.675198140706827E+01
%  0.464295716234023E+02  0.244065805721358E+02  0.443893306129784E+02
% -0.975507304294524E+00  0.136381168795370E+02 -0.659103994690209E+01
%  0.444948517990034E+02 -0.394375616370308E+01  0.450871357961244E+02
% -0.635730798353527E+02  0.481179319619472E+02 -0.278423786871720E+02
% -0.514904760426242E+01  0.992474275094022E+01 -0.464867075492136E+01
%  0.139414623984958E+00  0.110735673687756E+02  0.213975532207795E+02
% -0.486560907953010E+02  0.204591893455727E+02 -0.440747683038560E+01
%  0.252997931716929E+02  0.745344789811307E+01 -0.132960949066771E+02
% -0.352395815151070E+02  0.327058713527807E+02  0.376651248274836E+02
% -0.166760983821907E+02 -0.677127652161648E+01  0.771585838916533E+01
%  0.225509354909683E+02 -0.983921063527795E+01 -0.165324226288942E+02
%  0.291399429259268E+02 -0.128771973731936E+01 -0.454843181223620E+01
%  0.405668189715391E+01  0.907865065512555E+01 -0.514111552138989E+01
%  0.317981857622537E+02 -0.403275569005851E+02  0.508053532388880E+02
% -0.338346172849108E+00  0.216198052964571E+01  0.269786360129279E+01
% -0.865868260237478E+01 -0.892274868019357E+01 -0.187441903652196E+02
% -0.143327794983434E+02  0.246210143567721E+01 -0.214550391059189E+02
% -0.148513664238524E+02  0.916483628321103E+01  0.868617266051345E+01
% -0.995976844771077E+01  0.368550488020586E+02  0.104500809450727E+02
%  0.387008328990372E+00 -0.777432790362121E+01 -0.193650932034301E+02
%  0.415614846140206E+02 -0.342206804494273E+01 -0.845098464160399E+01
% -0.828258196255716E+01 -0.382601128518235E+02 -0.379596360596670E+02
%  0.480595131143974E+02  0.236389711047204E+02 -0.201177901986612E+02
%  0.627044565664672E+01 -0.166374230357540E+01 -0.100902733190597E+01
% -0.601638476022116E+01  0.154427518000762E+02 -0.702728477715693E+01
% -0.151584978362864E+02  0.429991900574968E+01 -0.977639445171817E+01
%  0.486824906124799E+01  0.360209776443348E+01  0.758023519626689E+01
% -0.524173191490563E+01  0.158461114508216E+02  0.121342789679155E+02
% -0.686875353844538E+01 -0.570984287329664E+01  0.434358159427485E+01
% -0.211789576089384E+02 -0.331164255927741E+02  0.347034872186016E+02
%  0.422719097327289E+01 -0.819318061217002E+01 -0.604336722551794E+01
% -0.317949228476468E+01 -0.568026987351846E+01 -0.672339391528185E+00
% -0.278162744006122E+01  0.326052506626684E+01 -0.344323838318334E+00
% -0.682791319611926E+01 -0.122778403504087E+02 -0.350844048797632E+02
% -0.124904954452078E+02  0.105727213285574E+01  0.128169605376187E+02
% -0.119005435646244E+02 -0.165703806873855E+02  0.660210536388513E+01
% -0.460665328163173E+01  0.303764239176593E+01  0.682944752150172E+00
%  0.428728098875497E+02 -0.149179421887340E+02  0.101287442923952E+02
% -0.639046746637738E+01 -0.279270526424820E+01 -0.153449268063869E+02
% -0.315933434531853E+02  0.263223503144406E+02  0.126429041971011E+02
%  0.175206383038218E+02 -0.410689185901163E+02 -0.159362655890287E+02
%  0.193259576804863E+02 -0.265843666286854E+02  0.172501444409991E+02
% -0.122337828340876E+01  0.470099874097185E+01  0.316260760133779E+01
%  0.150686882770405E+02 -0.441463665657521E+01 -0.187305293024365E+02
%  0.108424773409838E+02  0.116021896777088E+02  0.844439714226849E+01
%  0.129263458695769E+01 -0.242777219761811E+02  0.831105714412703E+01
% -0.121826720399624E+02 -0.303559839658167E+01  0.484529114477560E+01
%  0.185376150362053E+01  0.201340744891093E+01 -0.377361361827645E-01
% -0.357818679431366E+01 -0.721873130335984E+01 -0.733422977103437E+00
%  0.617532676516732E+01 -0.610409997136446E+00  0.842482150099845E+00
% -0.314192201657139E+01  0.142019647929703E+01 -0.571166850991425E+01
% -0.162860638466561E+01 -0.194932373880001E+02 -0.799238984343500E+01
%  0.578304530011242E+01 -0.263196002045982E+01 -0.119145737444258E+02
%  0.431730295672870E+01 -0.307246675649159E+01 -0.186161505285135E+01
%  0.892880993210550E+00 -0.623067381014305E+01 -0.518226551949338E+01
%  0.246174361523839E+01 -0.564812854178421E+01  0.444086561314780E+01
%  0.854926957817841E+00 -0.155739673572237E+01  0.195348485832034E+02
%  0.711311707291261E+01 -0.342469379104070E+02 -0.184294379977158E+02
%  0.165229855507241E+02  0.216556006852127E+02  0.946885265511097E+01
% -0.196860528859729E+02  0.186218200804652E+02  0.589973187547713E+01
% -0.736044158971994E+01 -0.246584838509951E+01  0.722472933931927E+01
%  0.291112158785999E+02  0.236826968861358E+02  0.121937622368013E+01
%  0.132708867122452E+02  0.148863438154255E+01  0.956072962916401E+01
%  0.140904159023792E+01 -0.658508912059832E+01 -0.877942235045358E+01
% -0.314452264224062E+01  0.531639377602117E+00  0.410047672556953E+01
% -0.301772177729902E+01  0.778246473753385E+01  0.112913090722366E+01
%  0.495457035395019E+01  0.833198384165524E+01 -0.830709758337553E+01
% -0.177002059908275E+02  0.457297554914862E+02 -0.239704097735265E+01
% -0.235570235417834E+01  0.166309113471503E+02  0.864517752797124E+01
%  0.371419957764108E+01 -0.141863549860368E+02 -0.963473591421207E+01
% -0.225827212534360E+01 -0.393294295676075E+01 -0.122951701092182E+02
%  0.282492996911121E+02 -0.239625494464191E+02  0.914544651983629E+01
%  0.924160890916837E+00 -0.135481023430147E+01  0.373647598724579E+01
%  0.295723981152056E+02  0.501011717707810E+01 -0.589941757019115E+01
% -0.216479238835049E+01 -0.274515353058942E+01 -0.276289682851268E+01
% -0.402671266469614E+01  0.165420494179606E+01  0.101620988918507E+01
%  0.666889614280862E+01  0.313504944627410E+02 -0.145581251223607E+02
%  0.519079883638308E+01  0.127856886834554E+02 -0.107783711174554E+02
% -0.136212738094807E+02  0.514855288275360E+01 -0.462601036314641E+01
% -0.110480103996537E+02  0.237501935853013E+02  0.801461315617319E+01
%  0.631180308360401E+01 -0.139243818442030E+02 -0.316351337113088E+01
%  0.215825978863805E+02 -0.273970399200447E+01  0.420107297881965E+01
%  0.223539268172291E+02 -0.240034428785333E+02 -0.661213897209396E+01
%  0.605290748067268E+00 -0.122523694754218E+01 -0.304528536764337E+01
% -0.950334856305317E+01  0.279339190211169E+02 -0.248648511952042E+02
%  0.898987979108006E+00  0.116982755734501E+02 -0.235839791782463E+00
% -0.544561757858836E+01 -0.186343949035928E+02 -0.148390782919909E+02
%  0.105394968746049E+02 -0.120754714500001E+01  0.266244081457960E+02
% -0.828588546047224E+00 -0.645491893962823E+01 -0.128352353487339E+02
% -0.163091774201020E+02 -0.158819878923515E+02 -0.378591905416911E+01
% -0.803609551416777E-01  0.169969585432823E+01 -0.871048135985953E-01
% -0.620535633622916E+01 -0.336571607716968E+01 -0.153595935131349E+02
%  0.921338961813696E+01  0.459290479157074E+00  0.925790282334146E+01
%  0.833256722659279E+01 -0.962292145578642E+00  0.440365224808457E+01
%  0.310162118706209E+01  0.179706609574420E+02  0.126218718857202E+02
%  0.713878799194693E+01 -0.296920034543144E+00 -0.162013194766804E+02
%  0.116150743403335E+02 -0.282347662916700E+01 -0.123262119045500E+00
% -0.699773079216013E+01  0.201382033616772E+02 -0.725222843650421E+01
% -0.666211219301678E+01 -0.604905608241822E+01  0.485787121401133E+01
% -0.117185693178213E+02  0.451681486780344E+01 -0.154936958853724E+02
% -0.370825154925982E+02  0.138769216060531E+01  0.580726064656449E+01
% -0.199133389591312E+01  0.275938096524146E+00 -0.519055865897190E+00
% -0.398840583997845E+02 -0.489141403608028E+02  0.148785166117072E+02
%  0.108368763801224E+01 -0.325059630052727E+00  0.296584432741080E+00
%  0.105902661892928E+01 -0.128808708772256E+02 -0.104058102700712E-01
% -0.160396979173521E+02 -0.268535588598035E+02  0.283597718698948E+01
%  0.520024885956019E+00  0.204827353659260E+01 -0.246924442224733E+01
% -0.601657200293435E+01  0.129525978754987E+01  0.632863406167709E+01
% -0.156999416128290E+02 -0.576520840702255E+01  0.663521157735662E+01
% -0.122132171765174E+02 -0.570514071207134E+02  0.705500870518827E+01
% -0.102912009542287E+02  0.743581719055155E+01  0.493364852196810E+01
%  0.905011213199819E+00  0.216555889274410E+01 -0.569539686658833E+01
%  0.509978819443439E+01  0.412904740385045E+01  0.193798058507087E+01
% -0.139995517689597E+02  0.122489992442661E+02 -0.159944808416677E+02
%  0.200783990556086E+01  0.189862643199360E+01 -0.263293228797836E+02
% -0.536135740500910E+01  0.692346039702812E+01  0.133330187661836E+02
% -0.302664966583513E+01 -0.247617600011546E+02 -0.129621469539087E+01
%  0.403145779937112E+02 -0.902445045466256E+01  0.277910132767685E+01
%  0.304770334168074E+02  0.121392399629461E+02 -0.797378110925444E+01
% -0.349010825382442E+02 -0.352442474018885E+02 -0.138186872485510E+02
%  0.265418371042715E+01  0.362263531760516E+01 -0.563129189845101E+01
%  0.110281257661441E+02  0.183069604382317E+01 -0.117594829427949E+02
% -0.101768963753688E+02 -0.409360336203405E+01  0.100636397926705E+02
% -0.521480839327942E+01  0.256718458971205E+02  0.132758841951067E+02
% -0.172269329859612E+02 -0.502890362689069E+01  0.343011564932420E+02
% -0.655589990051478E+01  0.652502868294829E+01 -0.390985621238247E+01
% -0.138747249582874E+02  0.196741526776267E+02 -0.234995476185664E+02
% -0.101594361494965E+02 -0.440896360326219E+00  0.155508312487166E+02
% -0.206730559644893E+02 -0.162225776634093E+02  0.138857520610945E+02
%  0.527557675704796E+00 -0.896411834420022E+00 -0.498996891823536E+00
% -0.496096477625687E+01  0.910660928031947E+01  0.213366014758604E+02
% -0.108065332765191E+00  0.287060872358555E+02 -0.180303034822678E+01
%  0.106952790880902E+02 -0.721104685486055E+01 -0.318474873975869E+02
% -0.542250310860387E+01 -0.141513082987193E+01  0.126741495908219E+01
% -0.346812226228870E+01  0.903166909252508E+01 -0.325856515199097E+02
%  0.314016763780825E+02 -0.180749791504619E+02 -0.220836628324742E+02
%  0.636759427607504E+01 -0.575335841307540E+01 -0.268901770931164E+02
% -0.106315475325526E+02 -0.850490461069218E+00  0.157543223711893E+02
%  0.178062559949747E+02 -0.562555642340260E+01 -0.706599329442294E+00
% -0.799838830947226E+01  0.225134882394039E+01 -0.322642776744789E+01
%  0.204036293095462E+01 -0.278319437354321E+02  0.164710930329589E+02
%  0.369493064628532E+02 -0.430175914271875E+00  0.748428812673911E+01
%  0.176302334477372E+02  0.271571894505808E+02  0.100422680611346E+02
% -0.170877508978371E+02 -0.227278584472401E+02  0.419495440473479E+01
%  0.219667474526812E+02 -0.284364670529065E+01  0.245283205859362E+01
% -0.175389852624583E+00  0.401463507363864E+01  0.225867556910458E+01
% -0.364948150435633E+01 -0.140116949897346E+01  0.866641490360054E+01
% -0.162903510680466E+02  0.415938681902534E+01  0.417703662353928E+01
% -0.952732400775717E+01 -0.716608920532399E+01  0.154822929690480E+02
%  0.108222871077198E+01 -0.214603103506125E+01 -0.648921951248630E+01
% -0.429071362373813E+01 -0.224539516989352E+01 -0.500402557306088E+01
%  0.327617274863001E+02  0.763536730698101E+01 -0.187811359275832E+02
% -0.226011842122284E+01 -0.100823378429385E+02  0.230684277931608E+02
% -0.489705289165026E+02 -0.825205642696752E+00 -0.738497982164228E+02
% -0.163260424023537E+02 -0.255644734923256E+02  0.185068661545628E+01
%  0.270034948881078E+01  0.242107720917660E+00  0.840025059713801E+00
%  0.482212818097089E+01 -0.861384649390273E+01 -0.389965909287213E+01
%  0.274127154915641E+01  0.255838414856716E+02  0.964669280603696E+01
% -0.107220153127108E+02 -0.404670849163647E+02  0.311382515229007E+01
