% T    256  0.715122828077254E+01  0.715122828077254E+01  0.715122828077254E+01
  -0.325629519521285E+01 -0.914815376215358E+00 -0.742051573837566E+00
   0.164431240410342E+01 -0.165211481060716E+01 -0.135790874937913E+01
  -0.835230307610728E+00 -0.413516062835853E+00  0.436104672048448E-01
  -0.667581051371006E+00  0.696400069028452E+00  0.310813338379064E+01
  -0.672426645132164E+00 -0.152036156137502E+01  0.320092601262126E+01
  -0.243482901688425E+01 -0.355147324726188E+01 -0.324638294854619E+00
   0.287464207550780E-01  0.224769120756462E+01 -0.294191262378735E+00
   0.177993875823846E+01  0.145615032926787E+01  0.228583368470123E+01
   0.978573038066578E+00 -0.234220706080064E+01  0.726609345025816E+00
  -0.347983941180566E+01  0.277181622760938E+01 -0.155434149314879E+01
   0.302819658918051E+01  0.334040996058138E+01  0.212889655914094E+01
  -0.160278941695177E+01  0.226815718816926E+01 -0.128236316562922E+01
   0.298500292818312E+01  0.880146840119146E+00  0.142675451730557E+01
  -0.342868608842098E+01  0.267670772135023E+01 -0.605118543161306E+00
   0.668940730371581E+00 -0.320987822765736E+01  0.238414845854114E+01
  -0.219059731804645E+01 -0.175517222796784E+01 -0.940735583713456E+00
   0.226315726044882E+00  0.353222103259020E+01  0.325308594943219E+01
   0.727738592780797E+00 -0.409037801495777E+00 -0.129919930678969E+01
  -0.242582212919030E+01  0.929183683275242E+00 -0.317685941892258E+01
  -0.695116011008440E-01  0.720878736445116E+00 -0.158735519607125E+01
   0.281005157944592E+01  0.335103924383605E+01 -0.109076018493230E+01
   0.222630898044219E+01  0.351767197380715E+01 -0.201536082736361E+01
  -0.817998304396942E+00 -0.210553567737780E+01  0.146183013601770E+00
  -0.644733238709216E+00 -0.122486766101241E+01  0.838110395953501E+00
  -0.113014354619761E+01 -0.427012535455976E+00  0.125238895776613E+01
   0.307432051732263E+01  0.171459047033365E+01  0.473959135481904E+00
   0.185893879708673E+00  0.146372040368360E+01  0.158700182364666E+01
   0.151634699226249E+01  0.584413056779223E+00 -0.332311358071381E+01
  -0.311098625332089E+01  0.110833682202118E+01  0.111757270022214E+01
  -0.242766451492926E+01  0.354236389589590E+01  0.344354772297392E+01
   0.736215746863208E+00  0.147348437293050E+01 -0.203249348901126E+01
  -0.317108014558898E+00 -0.170582621107607E+00 -0.250205851127402E+01
  -0.789256079345643E+00 -0.190997221623965E+01  0.154284222203197E+01
   0.364074535366854E+00  0.277493126033097E+01 -0.153579596468252E+01
   0.154837293211466E+01  0.228318354224999E+01 -0.220605681568437E+01
   0.276141267399538E+01  0.132771011279431E+01 -0.259638102233646E+01
   0.199434309170092E+01  0.308860584917491E+01 -0.297390190361070E+01
  -0.320526476862377E+01  0.338612967299566E+01  0.264652813026720E+01
  -0.121326211461748E+01 -0.343055674897271E+01 -0.190488962262738E+01
  -0.122352315641022E+01 -0.274384148474520E+00 -0.128173432258041E+01
   0.183630438849960E+01 -0.197669014940056E+01  0.329293269961889E+01
  -0.115833829538839E+00 -0.174173352557423E+01  0.240745431184088E+01
   0.119854748407423E+01  0.302006331417273E+01  0.668896708343190E-01
   0.343158896616490E+01 -0.121881931883054E+01  0.306204142748282E+01
   0.200565317568782E+01 -0.909391428268280E+00  0.107822008255898E+00
  -0.203670640699420E+01 -0.214096917971850E+01  0.144978559674970E+01
   0.282754805058761E+01 -0.205731970073384E+01  0.770133954404529E+00
  -0.307610666048360E+00  0.169337811664301E+01  0.323042840579353E+01
  -0.155323741012504E+01 -0.339685299876521E+01  0.156573574482789E+01
  -0.276350553127111E+00 -0.229552062377646E+01 -0.338492606012375E+01
  -0.258038744273181E+01 -0.278369824476482E+01  0.191594742770755E+01
   0.258965389568144E+01 -0.210804902200996E+01 -0.812808116261303E+00
  -0.258185942597944E+01  0.230419311063136E+01  0.208505008216554E+01
   0.298588909266820E+01  0.255153094472999E+01  0.269168326557349E+01
   0.245655982721377E+01 -0.874138721112763E+00  0.283366301304055E+01
   0.198743208010454E+01  0.110571774890619E+01  0.119313977411152E+01
   0.151342653188640E+01  0.829105008655188E+00 -0.117865923563183E+01
  -0.250359359899911E+01 -0.408446084257577E+00  0.349153004515741E+01
  -0.157244071157209E+01  0.265404456394282E+01  0.332431600511017E+01
   0.300476753173883E+01  0.315740368701889E+01 -0.350260242122684E+01
  -0.279516892860448E+01  0.339797617059938E+01 -0.274927704366202E+01
   0.669019398791014E+00 -0.862334546854772E+00  0.203654207354902E+01
  -0.125027605601420E+01 -0.302761349330885E+01 -0.893260695212412E+00
  -0.315787947949591E+01 -0.317023634330821E+01  0.121906610270556E+01
  -0.330082212124219E+01 -0.487303897600195E+00  0.253538917066055E+01
   0.104397703579929E+01  0.304899135718787E+01  0.273906335883207E+01
   0.821046834917082E+00 -0.128877642957425E+01 -0.202146296921127E+01
  -0.120766994262490E+01 -0.282805084665292E+01  0.697475140416592E+00
  -0.639916294142406E+00 -0.115564184371424E+01 -0.200856571112590E+01
  -0.800362229516972E-01 -0.244672499286272E+01  0.736291270981834E+00
  -0.252398057774046E+01  0.211287216294295E+01 -0.189372605729310E+01
   0.175157905835316E+01  0.124309473594192E+01 -0.209044588661751E+00
   0.178212597930870E+01 -0.216839774963884E+01  0.167751911821905E+01
  -0.167125521211084E+01  0.140533763289554E+01  0.306724748859409E+01
   0.139581655476470E+01 -0.676666947848882E+00  0.910486242210505E+00
   0.314637521811271E+00  0.233969397006373E+01  0.227318384922529E+01
   0.238804017811532E+01 -0.288675927239846E+01  0.137510050269458E+01
  -0.574379033100513E+00  0.138008240170596E+01  0.207404027830393E+01
   0.212642747255399E+01 -0.203456255504404E+01 -0.219637374519831E+01
  -0.297097882569248E+01  0.500037544707773E+00 -0.991255213413186E-01
  -0.100442801345250E+01  0.205296071113452E+01  0.580720270740155E+00
   0.348582000658388E+01 -0.314926821727255E+01 -0.308305278919045E+01
  -0.260856842116512E+01  0.172245824480982E+01  0.313836554742120E+01
  -0.158995363373309E+01 -0.156375809305330E+01  0.760366036821376E+00
  -0.167243224024440E+01  0.180524686884068E+01  0.212318611889584E+01
  -0.171233707196180E+01  0.147601319109470E+01 -0.395877627428859E+00
  -0.254745418777020E+01 -0.108986159271867E+01  0.201495183591924E+01
   0.257428050600408E+01 -0.256286616889028E+01 -0.327711851029854E+01
   0.117430771905044E+01  0.121357691703882E+01  0.723001971595224E+00
  -0.152841064614018E+01 -0.187962040611486E+01 -0.204875548014531E+01
   0.271919528213771E+01  0.778461672989590E+00 -0.431382998910267E+00
  -0.191391861194054E+01 -0.635825412543747E+00  0.304342385096574E+00
  -0.300945128205859E+01 -0.181719385457681E+01  0.174831745034886E+01
  -0.114792637460826E+01  0.281761838639165E+00  0.216576057976200E+01
   0.145451600333593E+01  0.195733447186687E+01  0.141230303109295E+01
  -0.186583892160662E+01 -0.116426166467288E+01  0.348543559874429E+01
  -0.323453174876859E+01  0.182014857120700E+01 -0.128797012770110E+01
   0.148676710041597E+01 -0.510013291274892E+00 -0.592384526752819E+00
   0.705276566805653E+00  0.139225402213335E+01 -0.753061152389673E+00
   0.158855309927439E+01 -0.267128066699441E+01 -0.299082661086292E+01
   0.355459491000215E+01  0.120130780119704E+01 -0.312259498673979E+01
   0.168810402806009E+01 -0.268338146359877E+01 -0.146043210962322E+01
   0.143871962376631E+01  0.334975960419778E+01 -0.874993473133197E+00
   0.210811890053624E+01  0.551596462604665E-01 -0.131377207579476E+01
   0.827888980027233E+00 -0.268350026962673E+01 -0.354579322174337E+01
  -0.231289649151218E+01  0.890233596710114E-01  0.259817224712611E+01
   0.252353783689637E+01  0.198058220973303E+01  0.161337281073403E+01
  -0.163909148225727E+01  0.300214655495299E+00  0.553872933497039E-01
   0.129688320722826E+01 -0.154608107427297E+01 -0.283284307883799E+01
  -0.294163171557378E+01 -0.456593621807665E+00 -0.175804346558644E+01
  -0.213100837097101E+01  0.326689847848966E+01  0.233983903251298E+01
   0.327290636176376E+01 -0.215462569463052E+01  0.189936405215068E+01
   0.227152239322333E+01  0.102896177625533E+01  0.313508605801748E+01
   0.138345164727341E+01  0.571966121530129E+00 -0.231719849908607E+01
   0.458091610675457E+00  0.325086762466080E+01 -0.665929715261333E+00
  -0.352580662367930E+01 -0.148554281054691E+01  0.878286896679457E+00
  -0.212222100818058E+01 -0.271357225659688E+01  0.109348913883694E+00
   0.463968089839122E+00 -0.226084369159062E+01 -0.185254005496191E+01
   0.108961585541337E+01  0.912370133870411E+00  0.187013766541923E+01
   0.679119670155186E+00 -0.677767100005564E+00 -0.291881590590235E+01
   0.749253953456628E+00  0.601944846301155E+00 -0.174451959208285E+00
  -0.250344002905259E+01  0.146745301573315E+01  0.332002970381236E+00
   0.329745998184118E+01 -0.544211991421708E+00  0.717251777878756E+00
   0.290902912490349E+01 -0.158258131684352E+01 -0.878705362046549E-01
  -0.183771962837628E+01 -0.185506076550877E+01 -0.293476512735252E+01
   0.682607407965302E+00 -0.330064925491265E+01  0.451237419992959E+00
  -0.184609760220885E+01 -0.108517676139553E+01 -0.179443090838273E+01
  -0.290980694613277E+01  0.313103938214679E+01  0.161766633354078E+01
  -0.479987670772438E+00  0.339811295552190E+01  0.111995627859189E+01
  -0.221360482949019E+01  0.307042450652872E+01  0.635153322808143E+00
  -0.123155923859610E+01 -0.279778720091821E+01 -0.354249954109553E+01
  -0.162652593930005E+00  0.156690187245628E+01  0.544242749765660E+00
  -0.130525004657187E+01  0.311281119481425E+01 -0.855308536618520E+00
  -0.332729632607632E+01 -0.331982052391837E+01 -0.945302661142176E+00
   0.240291229787173E+01 -0.993297285430176E+00 -0.968847946574009E+00
  -0.346944050386625E+01  0.125976321008520E+00 -0.105699896163995E+01
   0.315428223017572E+01  0.127711624525404E+01  0.245578401761642E+01
  -0.296487647149670E+01 -0.515105799467900E+00  0.275104476404823E+00
   0.800039638045377E-01  0.257796582650775E+01  0.335744353717683E+01
   0.209033846124051E+01  0.129328181076833E+01 -0.170849134157913E+01
  -0.934877739962492E+00  0.221744084578055E+01 -0.463095826314230E+00
  -0.810382177369979E+00  0.343647442585095E+01  0.325852176644329E+01
   0.252532140686740E+01 -0.165638256290851E+01  0.223001197197579E+01
   0.163089750021145E+01 -0.475540538432138E+00 -0.205465865580062E+01
  -0.304136485637582E+01 -0.202130345260036E+01 -0.348826333278741E+00
   0.294695924395652E+01  0.220716677187874E+01 -0.199516613242123E+01
  -0.178737783795277E+01  0.293330766742333E+01 -0.227267535614837E+01
  -0.237882175598874E+01 -0.654002501444373E+00 -0.269956002421397E+01
  -0.133135645928720E+01 -0.139938708970635E+01 -0.555830542101652E+00
   0.107784474555803E+01  0.341271935193742E+01 -0.195401130549765E+01
  -0.270372302044412E+01 -0.195700842834283E+01 -0.231628230886081E+01
   0.261075897633191E+01 -0.268572883234765E+01  0.241177811687445E+01
   0.281153697774593E+01  0.124363343007215E+00  0.261319505577261E+01
   0.824442360323557E+00  0.286295110301010E+00  0.956899351207170E+00
  -0.101206632995061E+01  0.956637621069403E+00 -0.147705325905969E+01
  -0.437719997754781E+00  0.186673771090462E+01 -0.137880247812410E+01
   0.943382722274624E+00  0.247225150906887E+01 -0.314276827426173E+01
   0.587702872493429E+00 -0.167992156286468E+01  0.331670532708637E+01
  -0.202122417498230E+01  0.196527566807816E+01  0.108304655678500E+01
   0.312015700166890E+01 -0.293698636162157E+01 -0.182182544252061E+01
   0.890390754690860E+00  0.317554115189740E+01  0.131635558165159E+01
  -0.247992155302029E+00  0.172853554281429E+00 -0.720296833327734E+00
  -0.460818756779448E+00  0.351185920917716E+01 -0.216827463463415E+00
  -0.300761639849108E+01  0.666075045122985E+00  0.310753546799635E+01
   0.227504021735240E+01 -0.169201261298696E+00 -0.337630679141178E+01
   0.110166929510269E+01  0.232185959529184E+01 -0.849921381206569E+00
  -0.136745252876085E+01  0.267480265160013E+01  0.149214980895758E+01
   0.163866687558850E+01  0.323641856370169E+00  0.413961497238827E+00
   0.329580907747194E+01  0.757917104754375E+00  0.544483473823407E+00
   0.266320570706053E+01 -0.576837358011887E+00 -0.194730778075893E+01
   0.239606212317029E+01 -0.918580136541648E+00  0.123385166921238E+01
   0.503205995263420E+00  0.150483732689519E+01 -0.316659372203324E+01
  -0.168580792517683E+01  0.354333372908239E+01 -0.308688155817566E+01
  -0.248274442795779E+01  0.278813653791836E+01 -0.110635567136916E+01
  -0.248078541506384E+01 -0.253261626072643E+01  0.342449792359991E+01
  -0.355067845833405E+01 -0.694789757606243E+00 -0.289218880217004E+01
   0.254813614501966E+01  0.273627581931288E+01  0.124280285263328E-02
   0.155592419026006E+01 -0.299682161806059E+01  0.252831893385709E+01
  -0.329183944684117E+01  0.207326492324734E+01  0.150534415393623E+01
   0.210071105908745E+01  0.245302604148449E+01  0.309923340429526E+01
  -0.449250503419655E+00 -0.270528179378535E+01 -0.215925523141915E+01
   0.847246270643726E+00 -0.271703846674789E+01 -0.404702803586026E+00
   0.109531413913200E+01 -0.187116660763392E+01  0.239535291571742E+01
  -0.463616539911162E-02 -0.245460487666583E+01 -0.941873826638249E+00
   0.287078094207152E+01 -0.334494860703625E+00 -0.208123345583253E+00
   0.107999503806103E+01  0.190988776517210E+01 -0.444891420403007E-02
   0.672304998599423E+00 -0.155188582800715E+01  0.129384707106461E+01
  -0.168180920883061E+01  0.164025752997085E+00 -0.225864275940413E+01
  -0.172378842320523E+01  0.431896318618080E+00  0.338683818995173E+01
  -0.297977766848661E+01 -0.336469173316206E+01 -0.178633927726348E+01
  -0.237571766753076E+01 -0.291269614637206E+01 -0.111016384810767E+01
   0.200299753068114E+01  0.310263215844691E+01  0.218880004273855E+01
   0.320575305668858E+01  0.319394672196484E+01 -0.236242159142085E+01
  -0.185619550859542E+01  0.854773317419353E+00  0.149917195975051E+01
  -0.718650465452884E+00 -0.258025852158544E+01  0.240994468385696E+01
   0.162381953295731E+00 -0.259559554979241E+01  0.168686789605088E+01
   0.176823653404647E+01  0.200940884273488E+01 -0.317891969234378E+01
  -0.873509322423546E+00 -0.208062263037098E+01 -0.127500493413938E+01
  -0.205829473738230E+01  0.200007731139045E+01 -0.312937633762619E+01
   0.252336462551340E+00  0.293700432363495E+01  0.505555377066358E+00
  -0.206444087606543E+01  0.779507520593401E+00 -0.953382547265472E+00
  -0.272989105579684E+00 -0.354064758800023E+01 -0.303405893217742E+01
  -0.320853981617502E+01  0.252635046883440E+01 -0.265143635013480E+01
   0.344377508692530E+01  0.156808879936581E+00  0.341167672625790E+01
   0.241152798547800E+00 -0.142877251235982E+01 -0.209077668878371E+00
  -0.176330331179613E+01  0.136836272030271E+01 -0.228556315335808E+01
  -0.567326841413076E+00 -0.681073622887893E+00  0.243663182336785E+01
   0.327951681933410E+01 -0.260654014462239E+01 -0.396803092522554E-01
   0.614863972731419E-01 -0.858908617058502E+00  0.326160961728180E+01
  -0.295079873212688E+01  0.951261253865151E+00 -0.196606807077205E+01
  -0.157121721777713E+01 -0.308456141535350E+01  0.272248326936503E+01
  -0.860594750275641E+00  0.105460732309746E+01  0.119842216738208E+01
  -0.163077705648409E+01 -0.163726580191033E+01  0.237076770647751E+01
  -0.158124174242143E+01 -0.701953940582843E+00  0.270599147742128E+01
  -0.259124714286714E+01 -0.123900680168985E+01  0.829742159943385E+00
  -0.301641298884184E+01 -0.220486423760538E+01 -0.146284271405966E+01
   0.764804099652943E+00  0.131393701771130E+01  0.273534284138812E+01
  -0.250526240577281E+01 -0.182590168426487E+01  0.275708824987446E+01
   0.212471597400421E+01 -0.334741235778088E+01  0.339518700327528E+01
   0.212282526075793E+01  0.236239042197539E+01 -0.129018213453543E+01
   0.348670843849717E+01 -0.171346674375352E+01 -0.302076258549917E+01
  -0.547869428646356E-01 -0.140853000662544E+01 -0.119805104847004E+01
  -0.884882620446825E+00  0.259600197347183E+01 -0.296629674992263E+01
   0.253016156186178E+00 -0.453836471755261E+00  0.318548887043407E+00
   0.152333614070043E+01 -0.253099391149704E+00  0.220585889872275E+01
   0.134308143642222E+01 -0.170381896354522E+01 -0.466648356501831E+00
  -0.343217519393714E+01  0.208882528192167E+00 -0.224559789902452E+01
  -0.335499152737401E+01  0.159501606178885E+01 -0.147359264218371E+00
  -0.300888542716988E+01  0.271333463624998E+01 -0.353926893887339E+01
  -0.350516923203935E+01  0.337696141074710E+01  0.124363472343393E+00
  -0.334517523651250E+01  0.471377565082289E+00  0.214194469033130E+01
   0.300050507316808E+01  0.664951722815194E+00 -0.156312777396898E+01
   0.222959913699433E+01 -0.123146872574217E+01 -0.314560135416329E+01
   0.635351639808499E-02  0.327929834098843E+01  0.196399485331573E+01
  -0.229752933394957E+00 -0.344179322772571E+01 -0.140044435295092E+01
   0.114655631089882E+01 -0.287293741556229E+01  0.155380585387891E+01
   0.254415892376171E+00  0.454595361703559E+00  0.227166721547477E+01
  -0.135977357220489E+00  0.541148153930649E+00  0.630877285342632E+00
  -0.128340297661662E+01  0.306296544011487E+01  0.383081667125163E+00
   0.107349980547779E+01  0.345490877567868E+00  0.282220304956913E+01
   0.145904401239528E+01 -0.625772727115478E+00 -0.354038621672025E+01
  -0.326553836103757E+01 -0.242779687959858E+01  0.281752248308067E+01
  -0.317769750439663E+01  0.248028152513186E+01  0.569737147020771E+00
  -0.653916356640531E-01 -0.138791316402582E+01 -0.286239552061036E+01
   0.347188380628268E+01 -0.184010882966003E+01 -0.207637748000498E+01
   0.211431495674420E+01  0.187260394107497E+01  0.561855979277911E+00
   0.560275665280573E-01  0.241206735943435E+01 -0.248339544913875E+01
  -0.214091571170813E+01 -0.294963019952084E+01 -0.218019483031034E+01
   0.190597892014016E+01 -0.320864182671157E+01  0.177207435937523E-01
  -0.260757698743491E+01  0.128159150062213E+01  0.232441721677072E+01
  -0.250139573886527E+01  0.217518788822672E+00  0.838259146342390E+00
  -0.198050084729769E+01 -0.240036966767804E+00  0.158823386958358E+01
   0.140723121111470E+00 -0.107747322741803E+00  0.145988899214459E+01
   0.297332403389539E+01  0.188165223460915E+01 -0.354085387911174E+01
  -0.916405934201152E+00  0.263971351339847E+01  0.243094359332426E+01
   0.521619280832189E+00  0.303351930203836E+00 -0.324754470174959E+01
%  0.903281633585057E+00 -0.957546294743190E+00 -0.256367353270448E+01
%  0.161795939972441E+01 -0.924377651750651E+00  0.917180057727859E+00
% -0.842350304444827E+00 -0.137144973529026E+00  0.108020030105882E+01
% -0.241675471355117E+01 -0.169089997169529E+01 -0.898408957039073E+00
%  0.338580371664073E+01  0.113739589798043E+01 -0.748017183007080E+00
%  0.615793083889334E+00  0.225368127705638E+01  0.449464897317473E+00
% -0.959703137078364E+00  0.129390156865994E+01  0.683622827695627E+00
%  0.382929270673692E+01 -0.157667602245479E+01 -0.291463584374981E+01
% -0.170613679417509E+01  0.193503827373664E+01  0.177621881964009E+00
%  0.304334593394775E+01 -0.139845116042826E+01  0.128430672788001E+01
% -0.931835765712071E+00 -0.115905811073577E+01  0.483449084648367E+01
%  0.517999436516811E+00 -0.387036317196211E+00 -0.512483284703925E+00
%  0.215271053186468E+01 -0.209763457016930E+00  0.329514283751401E+00
% -0.258639797005852E+00  0.168003231108315E+01 -0.172555611548969E+01
% -0.282815328607125E+01  0.301080896712349E+00 -0.111003359374890E+01
%  0.456336343035897E-01  0.130808611877700E+01 -0.246605273887720E+01
%  0.169338433129453E+00 -0.901346098990625E+00  0.121036104167958E+01
%  0.700142383011504E+00  0.782551572481822E+00  0.471235223403260E+00
% -0.478674204700707E+00  0.419415642542225E-01 -0.124724245155172E+01
%  0.154498412306580E+00 -0.122209656699758E+01  0.113376230443912E+00
% -0.834005250966066E-01  0.844347548538383E+00 -0.115844001031854E+00
% -0.447592946628721E+00 -0.554251631376479E+00  0.212374753392333E+01
%  0.158038769433632E+01  0.904292454814536E+00  0.602451670043909E+00
%  0.154353434072080E+01 -0.293107079288284E+01 -0.335559906085678E+00
% -0.446704491142590E-01  0.576475852212510E+00  0.244876964704570E+01
% -0.231064040764844E+00  0.236031334953019E+01 -0.101923157037609E-01
% -0.449082483099895E+00 -0.187378109118293E+01 -0.419135314117940E+00
%  0.139444907964158E+01  0.299360395781559E+01  0.186599684591177E+01
% -0.117261088517947E+00  0.567458376589181E+00 -0.242172038381359E+01
% -0.191404615438877E+01 -0.646996389887396E+00 -0.117023882986761E+01
%  0.295553215836919E+01  0.744047448918813E-02  0.835073224577078E+00
% -0.121797560705853E+01 -0.949788122729031E+00  0.968771393100423E+00
%  0.202953023164069E+01 -0.170318368534691E+01 -0.156289947025562E+01
% -0.582394315977049E-01  0.178814891483169E+00 -0.526196657539045E+00
%  0.169932683669214E+01  0.808069138961554E-01 -0.264983382363868E+01
%  0.369218850073020E+00  0.295482246004885E+01 -0.892834437612326E+00
%  0.415152395060861E+00 -0.190224111139554E+01  0.951060959022784E+00
% -0.627804953939614E+00 -0.984823585698529E+00 -0.750668041444540E+00
%  0.407375807911877E+00 -0.119139056853079E+01 -0.380792696650985E+00
%  0.201368287971141E+01  0.101585559177378E+01  0.699347315205608E+00
% -0.456240730001648E+00  0.444120730386637E-01 -0.153856134868777E+01
%  0.568938366890937E+00 -0.148053789664994E+01  0.312963659612980E+01
% -0.232413695188759E+00 -0.140824936159757E+01 -0.779608615662088E+00
% -0.469626031111701E+00  0.316660814735283E+01 -0.146498888370326E+01
%  0.236048846535772E+01  0.787912365972484E+00 -0.971508594293142E+00
% -0.186663437788575E+01  0.758431013733067E+00  0.101481847708004E+01
%  0.483759911575643E+00 -0.234447975325206E+01  0.564571711212048E+00
% -0.237509566368564E+01  0.142243574359488E+01 -0.222885939680124E+00
% -0.527392327463749E+00 -0.318031360082074E+00  0.228728268121956E+01
% -0.905229364633286E-01  0.178001282365403E+01  0.157375073822657E+01
% -0.177069813477456E+01 -0.140834793095143E+01  0.842759350206157E+00
% -0.521356237422046E+00 -0.316895271237704E+01  0.871032472440075E+00
% -0.338829680655114E+01 -0.127350959572476E+01 -0.347478649769506E+01
% -0.217788081066882E+01  0.135522117660758E+01 -0.878896465690370E+00
%  0.155274607668589E+00 -0.832169925498312E+00  0.174390189723516E+01
%  0.469078708302757E+00  0.572357999010928E+00 -0.129337625467772E+01
%  0.104693359148582E+01  0.699405428247758E+00 -0.643033193401679E+00
% -0.237965774581195E+00 -0.635434819346823E-01  0.780874817950059E+00
%  0.232694108594510E+01 -0.271507514387560E+00 -0.677293886738121E+00
%  0.278197894238373E+01 -0.109390545756355E+01  0.645222386230495E+00
% -0.693602949488513E-01  0.206303933918334E+01  0.123200168388559E+00
%  0.123108644429173E+01 -0.182400308907994E+01 -0.262393047710989E+00
% -0.109768867099142E+00 -0.579921056181198E+00  0.402021290537827E+01
%  0.302206006357022E+01  0.261751621558417E+00  0.231828623883859E+01
% -0.503495411420582E-01  0.173923826693971E+01 -0.111253704581139E+01
% -0.380615752398748E+00 -0.182660929658000E+01  0.154450942554028E+01
%  0.707447930230116E+00  0.246485472085948E+00  0.147499439544245E+01
% -0.160527326279376E+01 -0.131480157082318E+01  0.114455780362561E+01
%  0.781669131370568E+00  0.273894814239937E+01 -0.117024388840877E+01
%  0.169104859871217E+01  0.378107016989760E+00 -0.125410910426907E+01
%  0.118471293702158E+00  0.765066864086058E+00 -0.126169029631110E+00
% -0.789584471282004E+00  0.355365072666399E+00  0.149305505217980E+01
% -0.969941729078513E+00  0.233710391493610E+00 -0.114866952873315E+01
% -0.490573202605767E+00 -0.164297185044509E+01  0.372444373929019E+00
% -0.549999917755751E+00 -0.171523220101736E+01  0.219633642329926E+01
% -0.101453016988851E+01  0.251118275573850E+01 -0.118339548160213E+01
%  0.821576801256291E+00  0.258561359951915E+00  0.150807046072216E+01
%  0.194328829464824E+01 -0.117963761664879E+01  0.207129108590416E+01
% -0.383005272222809E-01  0.217504772106690E+00  0.945950331021093E+00
% -0.879160485305838E+00  0.586698056480949E+00 -0.536863145356878E+00
% -0.592728627386776E+01 -0.427262100257052E-01 -0.144727680075544E+00
% -0.559910573123212E+00 -0.946123256751762E+00 -0.257610407995246E+01
% -0.167130105678186E+01  0.343200333511538E+00  0.570858257098928E+00
% -0.218396766998370E+01  0.876950972379891E+00  0.157967911451118E+01
%  0.122854462722845E+01  0.230923576718856E+01 -0.134812918295676E+00
%  0.191671145729290E+01 -0.577274627668283E-01 -0.292378284046288E+01
% -0.791148667326031E+00  0.565316852460018E+00 -0.149479226869989E+00
%  0.638760054011556E+00 -0.456703987107891E+00  0.239428875025167E+01
% -0.175068315457872E+00  0.224812968382377E+01 -0.144082758065009E+01
%  0.174094607807519E+01 -0.257556877764161E+00  0.213318395767319E+00
%  0.470323356847781E-01  0.833486591908263E-01  0.890506256974090E+00
% -0.208024752574337E+01  0.856388423214305E+00  0.225835302451675E+00
%  0.150214194110733E+01  0.103445872024898E+00 -0.132648608758382E+01
%  0.987547613946265E+00 -0.396183808259701E+00  0.195265600544974E+01
% -0.154102196533698E+01  0.104941705765374E+01 -0.320442150696006E+00
% -0.286581861679918E+00 -0.673287398422667E+00 -0.996837814816527E+00
% -0.435770921371874E+01  0.638588549827373E+00  0.596543105681140E+00
% -0.220105395232133E+01 -0.181285160209150E+01 -0.609496897180259E-01
% -0.847286897692892E+00  0.895103618123260E+00 -0.115527688757024E+01
% -0.170982603430338E+01  0.605510775042443E+00 -0.192587763137955E+00
% -0.424310322457425E+00  0.608933464817809E+00 -0.101794049381091E+01
% -0.109827510518632E+01 -0.156907490011518E+01  0.222121110467449E+01
% -0.416333415024328E-01  0.206869499415614E+01 -0.347457776653729E+00
% -0.713606062901163E+00 -0.230484117421757E+00 -0.405983888591920E+01
%  0.335939360850213E+00 -0.242262135595844E+01  0.167095965286144E+01
% -0.139520462098199E+01 -0.687553776061601E+00  0.318262779937954E+00
%  0.696387072300110E+00  0.133475014514510E+00 -0.418071002644770E+00
%  0.536446384160829E+00  0.340335912227159E+01 -0.172184811215039E+00
% -0.209648168922848E+01 -0.706945876307465E+00  0.187741842420509E+01
%  0.631773007700355E+00  0.399787052496553E+00 -0.132681649481733E+00
%  0.127627858340859E+00 -0.129135128223382E+01  0.332204290862237E+01
% -0.143430706870672E+01 -0.242881097334068E+01  0.822783093168752E+00
%  0.611628710448839E+00  0.578050305010719E+00 -0.667332862011788E+00
% -0.363500281041952E+00  0.120482688487857E+01 -0.469379829641349E-01
% -0.442460567502728E+00 -0.763444044197931E+00  0.903468170027651E+00
%  0.139758881704713E+01  0.911718929644676E+00 -0.640640322204182E+00
%  0.557629937880743E+00 -0.160584118628782E+01  0.158495851577086E+01
% -0.167731940246759E+01 -0.117614996317588E+00  0.914647253070089E+00
%  0.626378320473227E+00 -0.317063095386334E+00 -0.683387440576545E+00
%  0.151824876911429E+01 -0.175785876431225E+01  0.138201643825573E+01
%  0.765077685105569E+00 -0.147483369793616E+00  0.217248885670370E+01
%  0.237298151530809E+00  0.136748108170226E+01 -0.423255991766443E+01
% -0.693823728146120E+00 -0.101095631176341E+01 -0.229720709329513E+01
%  0.668452207192041E+00 -0.213975295536795E+01 -0.160052365568016E+01
%  0.286661920106518E+00 -0.848593651245824E+00 -0.723878806719574E+00
% -0.134093643023357E+01 -0.210590401751273E+00  0.149181061508185E+00
%  0.769762739768751E+00  0.498504294172745E+01 -0.971393991820121E+00
% -0.737031491042509E+00  0.862952187208839E+00  0.615651967882291E+00
%  0.824956647808376E+00 -0.947982217863286E+00 -0.168840189220759E+01
% -0.111191955592236E+01 -0.237024944957954E+01 -0.455404624030069E+00
%  0.586567431314415E+00  0.112991928732155E+01  0.722979666779827E+00
%  0.877222564311407E+00  0.544611876028480E-01  0.243652135809296E+01
%  0.199312337179653E+01 -0.135383066001303E+01 -0.691670085570884E+00
%  0.313162895901020E+01  0.191171778942052E+01  0.130069364443764E+00
%  0.330185766770231E+00  0.653931758802792E+00  0.597802813855081E+00
% -0.197882258411739E+01  0.217152145146980E+01 -0.964900041540282E+00
%  0.706550605618246E+00 -0.146399545598825E+01  0.922587988262424E+00
%  0.150668024593873E+01  0.159523443890899E+01 -0.176913068924128E+01
%  0.141986233165241E+01  0.111308915767820E+01  0.338423758072019E+01
% -0.867658184616073E-01  0.829178905523991E+00 -0.223483075678351E+01
%  0.913666128320973E+00 -0.108212592952893E+01  0.138220693294582E+00
%  0.182567680273045E+01  0.145665696023760E+01  0.290716743570904E+01
%  0.372214920052735E+00 -0.194285542861493E+01 -0.168736926343131E+01
% -0.120037107114043E+01  0.402532423260942E-01 -0.203779697022433E+01
%  0.125386756000815E+01  0.204082553490766E+01  0.852909977029248E+00
%  0.174106260148605E-01 -0.616412203433627E+00  0.205414464438066E+01
% -0.717106671090615E+00  0.336608364159412E+00  0.178345713328243E-01
% -0.141245264701135E+00  0.955021224330091E+00  0.262104035561847E+00
% -0.246404468602817E+00  0.974232021794150E+00  0.129627564233869E+01
% -0.137829780690731E+01 -0.179065929255526E+00  0.477640311315818E+00
% -0.115332711109800E+00 -0.461949175870658E-01 -0.626757584295975E+00
%  0.119864338918884E+01 -0.415065881592148E+00 -0.256927067190171E+01
% -0.811290690100435E-01 -0.193820734534874E+01 -0.124266018452004E+01
% -0.384899684236589E+00 -0.168059261348555E+01 -0.868995622452184E+00
%  0.140118494683298E+01 -0.215898331292912E+00  0.219784338731572E+00
% -0.150283924089332E+01 -0.158110802245961E+01  0.107453012715512E+01
% -0.134299132037933E+00 -0.378330771369045E+00 -0.160568126498606E+01
%  0.197885275194167E+01 -0.437722485776760E+00  0.933825793099063E-01
% -0.240917646756081E+00 -0.221344200929227E+01 -0.223871873410777E+01
%  0.883356351682132E+00 -0.188043026154560E+01 -0.356090836284371E+00
% -0.696222204843922E+00 -0.173185708072975E+01  0.536739647031415E+00
%  0.661071285486743E-01 -0.976892888621985E+00 -0.734835878980090E+00
% -0.698329680890481E+00 -0.651360982595917E+00 -0.141635664527866E+01
%  0.591174064781204E+00  0.884549653164013E+00  0.204649459776642E+01
%  0.136640850254398E+01  0.136174166689705E+01 -0.147743435676630E+01
%  0.180280034966069E+01 -0.105069570223641E+01 -0.743123440797507E+00
%  0.536647479346601E+00  0.113683968787902E+01 -0.282509071703068E+01
% -0.320313174331519E+01  0.155605808369772E+01  0.522841339440099E+00
% -0.107344110669765E+00  0.288716826244409E+01  0.163765208812164E+01
% -0.137993290093805E+00  0.631483938871299E+00 -0.651064486292845E+00
% -0.149184228999595E+01  0.172566846160481E+01  0.638226109443910E+00
% -0.344083878648906E+00 -0.173196001592352E+00 -0.834443222790599E+00
% -0.150875289225487E+01 -0.101704256391640E+01 -0.188078108739748E+01
% -0.409022788212599E+00 -0.975613804963210E+00 -0.539419857184503E+00
%  0.225184788278815E+01  0.782875760582432E+00 -0.804673262998178E+00
% -0.119809174857833E+00  0.596618653702084E+00 -0.419072927259973E+00
% -0.177089228246682E+01  0.752574920369228E+00 -0.577125461733395E+00
%  0.983418963161856E+00 -0.211428069648415E+01 -0.278166513817980E+01
%  0.124125732917825E+01  0.171834984503620E+01 -0.787432577538103E+00
%  0.602140930511091E+00 -0.118857835278294E+01 -0.178793064417236E+00
%  0.186248268612756E+01  0.221533488295959E+01  0.932661899372876E+00
%  0.181027217109367E+00 -0.631164914594082E+00 -0.831832654957251E+00
% -0.918936187052692E+00  0.360011495451112E+00 -0.133094640915773E+01
% -0.926179960239184E+00 -0.336444281236350E+00  0.861225062792596E+00
% -0.203569311877988E+00 -0.187392376825158E+01 -0.149254585130613E+01
% -0.119909044540655E+01 -0.203956664923982E+01  0.179402794546170E+01
%  0.500306690714210E+00  0.158189249588694E+01  0.169506065866729E+01
%  0.490311903644442E+00 -0.119849733815609E+01  0.165999242171283E-01
% -0.240463091827775E+01 -0.279055056694587E+01 -0.151461079532578E+01
%  0.123706478097287E+01  0.192828595321072E+01 -0.199319851652290E+01
% -0.121776124369641E+01  0.469257785572754E+00 -0.573775604764875E+00
% -0.242767266626186E+01 -0.392953874343435E-01 -0.572334146034321E+00
%  0.182278465232176E+01 -0.189515963438534E-02  0.120104112597394E+01
% -0.308923076704277E+01 -0.167177112582440E+01  0.182944028641639E+01
% -0.106189219816872E+01 -0.201537329442747E+01 -0.869144688131481E+00
% -0.180486524945313E+01 -0.221435695304761E+01 -0.328556394697889E+01
%  0.279366661795340E+01 -0.481141400192288E+00  0.112327365662568E+01
% -0.268703945227984E+00  0.165671290778801E+01 -0.199524298886038E+00
% -0.227821030685316E+01  0.870695276735677E+00  0.686341447982335E+00
% -0.198561438421358E+00  0.120831965659722E+01  0.191769475010694E+01
% -0.659733268847520E+00 -0.676061813647576E+00  0.196112480014433E+01
% -0.280909154480178E+01 -0.292386591729049E+01 -0.305942502664949E+00
%  0.169610265054308E+01 -0.149793853794265E+01  0.208369249105972E+00
%  0.189765807744345E+00  0.273461874796865E+00  0.856725315156266E+00
% -0.278683072589271E+01 -0.153628222090599E+01 -0.699811800927241E+00
% -0.472031572011700E+00 -0.173771059436829E+01  0.126100769458161E+01
% -0.535944192998166E-01  0.992595566004288E+00 -0.116297780122469E+01
% -0.123674880137671E+01  0.231184707365766E+01 -0.171206263752699E+01
% -0.515947298784167E+00 -0.236720640770482E+01  0.881298229957139E-02
% -0.158655334986114E+01  0.259155821103720E+00  0.591721165287877E+00
%  0.153272536114628E+01  0.184617141518542E+01 -0.116244016682256E+01
% -0.292247745875067E+01  0.701794794421836E+00  0.102893738936004E+01
%  0.151801902096928E+01 -0.875564650443312E+00  0.219973954880665E+01
% -0.149248379010253E+00  0.314124241564124E+01 -0.100470547702353E+01
%  0.181154197587117E+01 -0.495942745337959E+00  0.296332999102731E+00
% -0.896551396572988E-01  0.768327513115873E-01 -0.840086999586827E+00
%  0.218879297784251E+01  0.193955638188259E+01  0.234386878173949E+01
%  0.299585951849704E+01 -0.121627199294730E+00 -0.269687093206278E+00
% -0.170983745822887E+01  0.298459833361697E+00  0.880691427819464E+00
%  0.935769208015267E+00 -0.173022800966007E-01  0.563122115463771E+00
%  0.129021328547993E+01 -0.770878868689201E+00  0.233124995264791E+00
% -0.129891651294387E+01 -0.239681551871692E+01 -0.132402652670795E+01
%  0.195093167213269E-02 -0.247885995615100E+00  0.991564225438152E+00
%  0.136900362588668E+01 -0.217964671753304E+01 -0.105939708049744E+01
%  0.549412498574863E+00  0.164347867569730E+01 -0.104755562426586E+01
% -0.416779572631042E+01 -0.326573259987092E+00  0.239686249691324E+01
%  0.537449653314392E+00  0.226757796525743E+00 -0.112949306037232E+01
% -0.872454736229955E+00 -0.312885495406924E+00  0.177278724629243E+01
%  0.161394169253909E+01 -0.125469579244157E+01  0.148938185037864E+01
% -0.296071445966180E+00  0.848116195585599E+00  0.684121734108460E+00
% -0.208353664203993E+01  0.113034144689605E+01  0.127257277630902E+01
%  0.116030190843703E+01 -0.593101278195227E+00  0.108457163252689E+00
% -0.325018922741980E+01 -0.171523788512491E+00  0.304815145766137E-01
%  0.155295595718353E+00  0.372436236739796E+00  0.175435148719261E+01
% -0.284711518818447E+01  0.102816640107166E+01  0.530539132415351E+00
% -0.283301940059045E+00 -0.838364711481405E+00  0.172959271008379E+01
%  0.253261235681252E+01  0.123364866660188E+01 -0.508488398767829E+00
%  0.184534906688081E+01 -0.193897883154575E+01 -0.309324212099686E+01
%  0.161308954029931E+01  0.299286481566707E+00 -0.927069719260389E+00
%  0.125360682190172E+01  0.684333659223912E+00  0.220953461273484E+01
%  0.503755829302938E-01  0.101021453296148E+01  0.673334492455953E+00
% -0.454354167293652E+00  0.257547880453329E+01 -0.262602985925939E-01
%  0.220098621682442E+01  0.694803556758448E+00 -0.310836599120161E+01
% -0.151336135000891E+00  0.332205181590419E+01  0.133694785841427E+01
%  0.502468857828528E+00 -0.867796207958231E+00  0.112887928038628E+00
%  0.449325497364606E+00 -0.111785713595449E+01 -0.341382682393491E+00
%  0.510077141476794E+00  0.116535880676643E+01  0.119613239635715E+01
%  0.263357262220851E+01 -0.786151982253558E+00 -0.558368666229068E+00
% -0.298031984379957E+00  0.152613953504600E+00  0.750627860683459E-01
% -0.140005727186433E+01  0.641166120423240E+00 -0.185139506080339E+01
%  0.592897077932178E+00 -0.700010255239706E+00 -0.552554396941494E+00
%  0.145687499169477E+01 -0.520833732606667E+00  0.209780510790792E+01
%  0.691076151096667E+00  0.968687085898586E+00 -0.934376369909644E+00
%  0.419948678846234E+00  0.357290964287139E+00  0.178277943386906E+01
% -0.755899385019845E+00  0.218128464066701E+01 -0.215751058124292E+01
% -0.130796473582514E+01 -0.208503257708944E+01 -0.107305694165202E+01
% -0.159186443228219E+01 -0.379552657184083E+01  0.171582700751992E+01
%  0.129870157061494E+02  0.191117915189708E+02 -0.555709714532259E+02
%  0.285550148024828E+01 -0.545950341774584E+01  0.176975589048901E+01
% -0.649808977298573E+00 -0.427156712743585E+01 -0.508147595749928E+01
% -0.436639131613249E+02 -0.605546234017912E+01  0.126848476258778E+02
% -0.867858123225248E+01 -0.361918103132732E+02  0.150531172833719E+01
%  0.371537984422934E+02  0.168414642714133E+01 -0.189314862445653E+01
%  0.303923242989159E+02  0.211330864752565E+02  0.187032245743449E+02
%  0.103968050882954E+02  0.109950931481813E+02 -0.277911442744251E+02
%  0.119307126037664E+02  0.273847187312703E+02 -0.412721809174769E+02
%  0.320639070153918E+01  0.382308684984419E+02 -0.287351066304232E+02
% -0.148232861296573E+01 -0.316797044646179E+02 -0.208140738276077E+02
% -0.138639560833008E+02  0.970887024678116E+01  0.638077977676716E+02
% -0.863601107696840E+00 -0.158845641863096E+02  0.446235796321110E+02
% -0.867411906532179E+02 -0.659804269865039E+01  0.299514115815362E+00
% -0.941435253075809E+01 -0.696303691650755E+01 -0.113579962330415E+02
%  0.226416401483598E+02  0.390603968390722E+02 -0.188144626053314E+02
% -0.772487249586877E+01  0.134906209426352E+01 -0.738232452685679E+01
% -0.599094890497478E+01  0.645163031719600E+01  0.990525677791940E+01
%  0.398974703387874E+02 -0.191997487371145E+01 -0.126370254537822E+02
%  0.164043110221215E+01 -0.293545319229589E+01  0.960235075934715E+00
% -0.412213494693481E+01  0.240337975006234E+01  0.543677128029754E+01
% -0.302847888252367E+01  0.287533357471037E+02 -0.319579426259348E+02
%  0.345091722511146E+02  0.139409212413739E+02 -0.261773746646579E+02
%  0.647179677806754E+02 -0.319134555152087E+01 -0.236331275724408E+02
% -0.752803709248458E+01  0.310583930851977E+02  0.304208386418675E+02
%  0.104707908277045E+03  0.750074380334168E+01 -0.665660040325602E+02
%  0.846205852533498E+01  0.680966254172665E+01 -0.184263321649885E+02
%  0.156573586422892E+02  0.797405010474625E+00  0.167295693253971E+02
% -0.174477133634226E+02  0.861945073774714E+01 -0.432016655024211E+02
%  0.835157318665983E+00  0.212714724131873E+01  0.285941234722657E+01
%  0.284241494477709E+01 -0.184526766345456E+01  0.556981516086439E+00
% -0.693317803602898E+01 -0.192459311117504E+02  0.142932427185198E+02
% -0.719278030370961E+01 -0.193730980356810E+02 -0.115861397015043E+02
% -0.453994232518084E+01  0.432897797081172E+01  0.107535648119386E+02
% -0.425437681497294E+02  0.226444350656709E+01  0.258294190118924E+02
% -0.196139302163126E+01 -0.718263090199606E+01  0.487830874963882E+00
%  0.561241060765392E+01  0.364026731834172E+00  0.701180410858202E+01
%  0.396099740674200E+01  0.225542243673298E+01  0.197520621374833E+01
%  0.205181771086882E+01  0.602142003665473E+00  0.908539747770289E+00
% -0.473859911967002E+01 -0.105758279382957E+01 -0.445928944325569E+01
%  0.275496283287596E+02  0.683581791313232E+01 -0.204053142413072E+02
%  0.135743771530281E+02 -0.121615639986839E+02  0.102529334018203E+02
% -0.379571963102611E+01 -0.237234169409577E+02  0.166447051205856E+02
%  0.333463730514753E+02 -0.261437295986772E+02  0.287734227855756E+02
%  0.236736418505386E+02  0.179311678365174E+02 -0.978970932525872E+01
% -0.297949844708220E+02 -0.282144369152844E+02  0.315088123713198E+02
% -0.138961281365736E+02 -0.279348425751631E+02 -0.955853999763302E+01
% -0.227920224081967E+00  0.336163435727873E+01 -0.335031845649294E+00
%  0.763775002784931E+01 -0.144999627761961E+02  0.316345638807683E+01
% -0.442022113190962E+01 -0.265627042862937E+02  0.523623347338890E+02
% -0.223747177340413E+02 -0.328161956484106E+02 -0.472236880116306E+02
%  0.465949175208834E+02  0.878630993788975E+01  0.472403947789729E+02
%  0.307571611978233E+02 -0.315321800191226E+02  0.775292250787094E+01
% -0.129219893432601E+02  0.223965385607062E+02  0.208487381787168E+02
%  0.495094329383479E+02 -0.369202738394175E+02  0.398567784782770E+02
% -0.918422689287858E+02 -0.395117504287710E+02  0.670062755443734E+02
% -0.280829527957471E+02  0.261003006171305E+02 -0.177324405698389E+02
% -0.556535372295152E+01  0.232860756785405E+01 -0.530564205708006E+01
% -0.102547884002085E+01 -0.951753738347016E+01 -0.259530827462243E+01
%  0.187533058182464E+02  0.358566677216358E+02  0.676407304723742E+01
% -0.653098313662271E+01  0.661537901719684E+01  0.169384024193098E+02
%  0.970829295603661E+00  0.179427558909320E+02  0.471359265218385E+01
% -0.295746141366450E+02  0.238607269135468E+02 -0.402424262171218E+02
%  0.111733878243932E+02  0.130109273896578E+02 -0.553578435105754E+01
%  0.710239744271427E+01 -0.124102229705519E+02  0.452398056302768E+01
% -0.180251984897033E+02  0.174817041781394E+02  0.322252453784264E+02
% -0.652663472606023E+01 -0.206396969851026E+02  0.177814067944679E+02
% -0.138068245242122E+02  0.358292462958731E+01 -0.151775629466286E+01
%  0.276625015278959E+01 -0.340031702419046E+01 -0.128677375879674E+02
%  0.248115780495040E+02  0.345123400286752E+01 -0.320931273143017E+02
%  0.248983558234233E+02 -0.304339147186384E+02 -0.131638700361705E+02
%  0.184115973395531E+02  0.537541622858560E+02  0.473509152852963E+01
%  0.267800364580631E+02 -0.559397745192786E+00  0.682769216815792E+01
% -0.153002239565870E+02  0.334647871721347E+01  0.960151234835213E+01
%  0.144166475755421E+01 -0.129550783393730E+02  0.481549526208383E+01
%  0.165303620186580E+02 -0.232116251850126E+02 -0.968896303333686E+01
% -0.936828785617441E+02  0.254738762020403E+00  0.104088616764596E+03
%  0.882369072550467E+01 -0.109410985246920E+00 -0.150229261690484E+02
% -0.930951665654557E-02  0.628933731861379E+01 -0.406998190394197E+01
% -0.336592013673960E+02  0.131996995116816E+02  0.103397899579256E+02
%  0.582364502876047E+01  0.606624159825373E+01  0.351347926369639E+01
% -0.287518387567630E+02  0.520488920351772E+02  0.769853925708985E+02
%  0.123268695144396E+00  0.126307019438520E+00 -0.156345313666747E+02
%  0.142767014522777E+02  0.496799050070217E+00 -0.113499704238658E+02
%  0.200141439711427E+02  0.342833341796739E+02  0.265842190345226E+02
%  0.714648676704496E+02  0.113007259829810E+03  0.318756161063247E+02
%  0.190132278238300E+02  0.158802410322164E+02  0.564457138495577E+01
% -0.581623688509541E+02  0.105921988355736E+02 -0.217634572883878E+02
%  0.695264448178919E+02 -0.142526121642917E+03  0.157948270868676E+02
%  0.247963941298318E+01 -0.190613410626204E+01 -0.212867949806448E+01
%  0.778967955526144E+01 -0.121558419131172E+02  0.214299461523880E+01
% -0.126863392671578E+02 -0.807989654138308E+02 -0.433192960922833E+02
% -0.413227709550084E+00  0.830093473697198E+00  0.492584493583929E+00
% -0.165429131406435E+02  0.206246872877326E+02  0.577623912183197E+01
%  0.580567696849182E+00 -0.384837203041763E+02  0.301880377772521E+02
% -0.221175583355545E+02 -0.265200195594867E+02  0.257744982870615E+02
% -0.224140534453531E+02  0.205239369067279E+02 -0.276192262638161E+02
% -0.261957542268980E+02 -0.223179560225816E+01 -0.427229389899975E+02
%  0.440497579026495E+02  0.322256295821623E+00  0.449021475552211E+02
%  0.636431439310570E+02 -0.301984792242822E+02 -0.153972515132179E+02
% -0.229662474433050E+01 -0.171224289938404E+02  0.369879601595360E+01
%  0.267254466309968E+02  0.113703506329623E+02 -0.194141777859497E+02
%  0.212873059904587E+02 -0.108083036106690E+02  0.114711157547305E+02
% -0.534686408277357E+02 -0.523448142570184E+01 -0.431266532554432E+02
%  0.675208449916398E+00  0.727507687785936E+00 -0.251712802060359E+02
%  0.782948879723986E+01 -0.374853820437150E+00  0.269201897772052E+01
% -0.589897732843983E+00  0.257143454368907E+02 -0.484902222181864E+01
%  0.948712140069263E+01 -0.198289208556836E+02 -0.300623284395666E+02
%  0.299237949177159E+02 -0.403311093751123E+02  0.195928715395806E+02
%  0.593844874517528E+00 -0.682353937774714E+01  0.481192658373868E+01
% -0.381734831183471E+00 -0.358704331187682E+02 -0.260893726190490E+02
%  0.417354579868567E+01 -0.164788146930501E+01  0.512992723022300E+01
% -0.241322527599090E+01  0.135751608525861E+01  0.197662666294000E+02
% -0.136847543677127E+02  0.100277728541778E+02  0.246030625116718E+02
% -0.148498508418911E+02 -0.105435518209923E+02  0.220641576103177E+01
%  0.653105440695295E+01  0.249708682920438E+02  0.787164772651386E+01
%  0.819623802239239E+01 -0.158305243962232E+01 -0.441784910734294E+01
% -0.919266422810068E+01 -0.264240228473536E+02 -0.441968100480195E+02
% -0.112790529224599E+02  0.489179012166651E+01  0.153802567187495E+02
%  0.508912888319964E+00 -0.276620838485538E+02  0.213489626592089E+02
%  0.193036953041543E+02 -0.106748103340201E+02  0.287567828882911E+01
% -0.247281424858474E+02  0.167463695988475E+02  0.158628858587455E+02
%  0.241418211901653E+02  0.564424651463175E+02  0.166486124971337E+02
% -0.192645808169209E+02 -0.141336461335622E+02 -0.560300774737328E+02
% -0.240494308667494E+01  0.104307838646544E+02  0.594643962045627E+01
% -0.559946732929763E+02  0.139066076991548E+03  0.441737222351901E+02
%  0.158278204862671E+01 -0.186683571420257E+02 -0.113225325772668E+01
% -0.232441588008067E+02  0.950824928174213E+01 -0.269162593980755E+02
% -0.448695829315571E+02 -0.429703438050455E+00  0.176302036295159E+02
%  0.914247684003070E+01  0.226102315816796E+02  0.214052583383819E+02
%  0.389957015513630E+02 -0.518970391995129E+01 -0.591278830084811E+01
%  0.195208241145252E+01  0.148850334416574E+02  0.861614900178941E+01
% -0.536455868557115E+02  0.110810594904208E+01  0.106787742812186E+03
%  0.269886530687880E+01 -0.484354677689899E+00  0.360998949030260E+01
%  0.825336152917715E+01 -0.455970406630263E+01  0.164562838281322E+02
% -0.167671620318946E+01  0.454727290576224E+01  0.330417483900550E+01
% -0.195961362386485E+01  0.117314748475016E+02 -0.355185989651040E+02
%  0.428584764441028E+01 -0.281389993291896E+01  0.868601549978969E+01
%  0.703213571221351E+02  0.609251561296714E+02 -0.672470011985562E+02
% -0.234772071160510E+02 -0.251760225846049E+01 -0.179235535331217E+00
% -0.141477643919339E+02 -0.881397803438235E+01 -0.131020669309582E+02
% -0.351586877369352E+02  0.166198302018135E+02  0.291899552987177E+01
% -0.187836690906510E+02 -0.113472615737546E+02 -0.115293486283355E+02
%  0.539592423482277E+00  0.228864882886367E+01  0.201106586863132E+01
% -0.971289913322751E+01 -0.977155627320886E+01 -0.583031853295626E+01
% -0.114938490545648E+02 -0.187179604442424E+02  0.922454855388046E+01
%  0.278914831770633E+01 -0.847282682556607E+01  0.221719464846853E+02
%  0.180305175421464E+02  0.127641744311721E+02  0.108158643733472E+02
%  0.854854293106167E+01  0.444745665399175E+01 -0.308456569491060E+01
%  0.393257326128299E+02  0.163202107084133E+02 -0.625057091172301E+02
% -0.175569460124644E+02 -0.243491411409157E+02  0.222743448357504E+02
% -0.807259640847345E+01  0.523857885417563E+01 -0.130462808089663E+02
%  0.287172615707431E+02  0.154857175094985E+02 -0.129626334817152E+02
% -0.412776071450099E+02  0.356105087843351E+01  0.552112243572785E+01
%  0.641949530354653E+01  0.439563534883971E+01 -0.414893722024909E+00
% -0.470402239985356E+02  0.385710292699605E+02  0.256622433086066E+01
%  0.165441145154002E+02 -0.234727709650268E+02  0.859220308445643E+01
% -0.258693274528955E+01  0.214403710777117E+01  0.852436350333811E+01
%  0.149650398124510E+01  0.504739227988613E-01  0.290426955877110E+00
%  0.588124952629067E+01  0.160132070705795E+01  0.739350363325373E+01
% -0.816568264301871E-01 -0.583962753079547E+01  0.100621332365178E+02
% -0.422086160279138E+01  0.256457397688256E+01  0.304512830934369E+01
%  0.705283209327459E+02  0.604345723330312E+02 -0.182755733611775E+02
%  0.579576763643700E+02  0.290465648519043E+02  0.676062754815300E+01
%  0.642576689763736E+01  0.423269652519817E+02 -0.624711862569429E+02
%  0.102515294590167E+00  0.676110349462862E+01 -0.837907621128117E+01
%  0.360344733579399E+02 -0.857760396766618E+01 -0.225407961739766E+02
%  0.127590107149899E+02 -0.492307173819592E+02 -0.742651469529400E+02
%  0.179398581890208E+02 -0.414279870046206E+01 -0.764023285257288E+01
%  0.327798041115797E+01 -0.570566346751913E+01  0.143599233618650E+01
%  0.341955333715399E+00 -0.558084895048724E+01 -0.763767735754717E+00
%  0.313980648319446E+02 -0.119816067231079E+01  0.213474395584688E+02
% -0.347230383715706E+01  0.168655039398906E+02  0.756441171309461E+01
%  0.249932328757167E+02 -0.285003773960482E+02  0.442720741118666E+02
%  0.240351024166089E+01  0.125299196548803E+02  0.150855295136917E+00
%  0.204937441982855E+01  0.907529926356316E+00 -0.363458371007829E+01
%  0.885097160538438E+02  0.232047934635295E+02  0.184922501622324E+02
% -0.521230794696608E+02 -0.178957314821209E+02 -0.234435613321561E+02
% -0.282117602762067E+02  0.291118333618363E+01  0.622476261930398E+01
% -0.571593462392789E+01  0.481530405951337E+01 -0.584375798907698E+01
%  0.114129197752524E+02 -0.896231582566516E+00 -0.164092800620123E+01
% -0.691159638018432E+01 -0.172340773472767E+01  0.149882520380872E+01
%  0.471616934500498E+01 -0.112702292527887E+02  0.142599469523172E+02
%  0.933207590823900E+00  0.477470542327699E+01 -0.117704794582467E+02
% -0.219532407890005E+02  0.285704508745868E+02  0.843625815289367E+02
% -0.653570482090592E+01 -0.308597476116466E+01 -0.259210403230089E+01
% -0.139004673729339E+01  0.670165733635271E+00  0.170048811493117E+01
%  0.894294613842027E+01 -0.173928739061193E+02  0.368627312014183E+01
%  0.148065959025528E+02 -0.208682881320712E+02 -0.104774177938538E+03
%  0.328092592407543E+02  0.132078061704355E+02  0.680703203564376E+01
% -0.682910476830391E+01 -0.505297564042807E-01  0.305069798107289E+00
% -0.102721339372725E+02  0.177549665204340E+02 -0.993512276371688E+01
% -0.917042419627110E+01  0.334228264878116E+01  0.323480378802420E+01
%  0.122214301010153E+01 -0.617762468066235E+01  0.119312290603532E+01
% -0.783851469958265E+01  0.457906335030681E+01  0.225671463759275E+02
%  0.556342308757240E+02 -0.436342344038937E+02 -0.395107991758586E+01
% -0.149994895062157E+02  0.297274614595000E+01 -0.306490542642494E+01
% -0.261326849113037E+01  0.373629861123468E+01  0.621268767623341E+01
% -0.172193903843956E+02 -0.214773840598528E+02 -0.428791012456332E+01
% -0.192443755371898E+02 -0.374865983851282E+02 -0.301060286006549E+02
% -0.750378914196380E+01  0.437609806757943E+01  0.328678692758338E+02
% -0.300758254470268E+02 -0.630642212107428E+02  0.820803371786116E+02
% -0.676261283645381E+02 -0.581706465944422E+02  0.476533156348522E+02
%  0.227551439755076E+01 -0.519426360568443E+01  0.127978464350520E+02
% -0.143627793647405E+01 -0.290602957401567E+01  0.407288587606395E+01
%  0.475759382236253E+01  0.192728593180119E+01 -0.128667393713530E+02
% -0.962954401582791E+00 -0.112090411608115E+02 -0.257121246215107E+01
%  0.951064991931174E+01  0.487820651736308E+02  0.624623596538166E+01
%  0.460046983854428E+02  0.700054616386803E+02  0.255467987013133E+02
% -0.190811882687445E+02 -0.668790678169095E+01 -0.187873842160158E+02
% -0.124281902635059E+02 -0.858523643351428E+01 -0.267158003000989E+02
%  0.375201847585575E+02 -0.189020400083477E+02 -0.231210742919501E+02
%  0.104298920109567E+02  0.530590661579415E+02 -0.392124507263250E+02
%  0.413624192456751E+02 -0.149648534051113E+02  0.245987309122319E+02
% -0.109696250442356E+02 -0.273409118136492E+02  0.773146166424220E+02
% -0.152588728397541E+02  0.280930428722486E+02  0.185519817163337E+02
% -0.259421102636608E+01  0.412449841209141E+02 -0.900905734351495E+01
% -0.605709266199276E+01 -0.832616668465791E+01 -0.125089252501304E+02
%  0.940200639534549E+00  0.421492619326106E+01  0.525930244947745E+01
% -0.142997234054753E+01 -0.692226392038078E+01 -0.589121546622061E+02
%  0.109645141692853E+02  0.566274827740174E+01 -0.441022392603561E+01
% -0.470643662371134E+01  0.474574844054826E+01 -0.409134960081668E+01
%  0.224447339819386E+01  0.169304902310929E+01  0.194760791204861E+01
%  0.250570006823455E+02 -0.211078860560631E+02 -0.263262710080510E+02
% -0.198913544366934E+02 -0.120068266832372E+01  0.638949218771772E+02
% -0.695122302877964E+02 -0.348331265938418E+02 -0.539148930048426E+02
%  0.951536146288576E+01 -0.326271453735212E+01 -0.468157021049636E+02
%  0.847062983740372E+01  0.104867146461753E+01 -0.847359944676941E+02
% -0.250690195727552E+01  0.217540816501856E+02  0.818718146477356E+01
% -0.111405435437643E+01  0.572868220154714E+01 -0.160589614119271E+02
% -0.146964290277356E+02  0.139665727488392E+02 -0.104854138793918E+02
%  0.196651705065046E+02 -0.415758684415105E+01  0.186539363062861E+01
%  0.216895044031503E+01 -0.100413061328775E+01  0.243272335091149E+02
% -0.139440696074452E+01 -0.177364003743600E+01  0.531269960113300E+01
% -0.123128168556980E+02 -0.492067953315074E+02 -0.841637011716431E+01
% -0.340964194798092E+02  0.123943466998268E+02  0.929788456950117E+01
% -0.283285177098926E+01 -0.126402894634876E+02 -0.923849496442278E+01
%  0.430600875646572E+02  0.547413097151870E+01 -0.135223166655068E+02
%  0.916433815332625E+01  0.559109148981864E+01  0.467773648259690E+02
% -0.397126870467425E+02 -0.225731062566184E+02 -0.302310470077938E+02
% -0.527619084651035E+02 -0.227200687480209E+02 -0.158979359317211E+02
%  0.550407375990704E+01 -0.449999398177307E+01 -0.101275231636882E+02
% -0.961762954568556E+00 -0.624441155423419E+01 -0.400911588223664E+01
% -0.485205083212455E+02  0.907271640582514E+01  0.364942023463425E+02
% -0.313000177818808E+02  0.252867477872288E+02 -0.101629745917531E+02
%  0.340563598539372E+01 -0.459747580481272E+01 -0.426952303546389E+01
%  0.124962622327333E+02  0.966220918800432E+01 -0.122518312358629E+02
% -0.393136555646382E+01 -0.281100304919035E+00 -0.119928306961073E+01
%  0.917515395670576E+00 -0.511064672361115E+02 -0.824772610711935E+02
% -0.457438752252372E+00  0.141287349629152E+02 -0.370936470740514E+01
% -0.631183749441506E+02  0.539509992824940E+01  0.388099703383187E+02
% -0.608802448046781E+02 -0.476085644175584E+02  0.184192055055108E+02
% -0.194684396765762E+02  0.237907904243296E+02 -0.149620747656646E+02
%  0.800409240339216E+01 -0.109385000073776E+01  0.886478125494391E+01
% -0.111858860056252E+02  0.557329266515732E+01 -0.335181222698153E+01
