% T    256  0.715122828077254E+01  0.715122828077254E+01  0.715122828077254E+01
  -0.252897925203888E+01  0.207362332340115E+01  0.272214716150381E+01
  -0.129655318890158E+01  0.910518369172713E+00 -0.345604886295841E+01
   0.186150741321884E+01 -0.284643101863713E+01  0.286102704460612E+01
  -0.885384153482664E+00  0.101787856954970E+01 -0.981307877692650E+00
   0.414652174587387E+00  0.291372168182301E+01 -0.842425299593390E+00
  -0.110864291680909E+01 -0.909554247404965E+00 -0.304049942372307E+01
   0.143727610809643E+01 -0.150102351815852E+01  0.175251847861310E+01
  -0.149823774582207E+01  0.308956031559872E+00  0.278845248203207E+01
  -0.201500435246600E+01  0.107593185422411E+01 -0.134838373671099E+01
   0.503809188977663E+00  0.570557295896236E+00 -0.327242342272593E+01
  -0.352074214831555E+01  0.227376017155931E+01  0.115560699296140E+01
  -0.710266221537345E+00  0.203240883167260E+01 -0.358826371632776E+00
   0.975870436067399E+00  0.211677091092829E+01  0.346039856012144E+01
   0.486863202663152E+00  0.335124779007862E+01 -0.303990287367024E+01
  -0.148301950903518E+01  0.332104090134610E+01  0.312968915917896E+01
   0.337431152024034E+01  0.212615671390392E+01 -0.355341466550822E-01
   0.210730939335009E+01 -0.135394114765582E+01 -0.782824912937254E+00
   0.483608981790865E+00  0.223764603948857E+01  0.135429230326301E+01
  -0.253834740285594E+01 -0.302031518130448E+00 -0.109038917486486E+01
   0.872741590404408E+00 -0.286733166325597E+01 -0.143548760322970E+01
   0.116019652651540E+01 -0.929389719328335E+00 -0.111609574653218E+01
  -0.127287174180551E+01 -0.114963299098626E+01  0.104934618370738E+01
   0.247604554536023E+01 -0.126057495114537E+01 -0.301634783092453E+01
  -0.202352406568543E+01 -0.151477159030069E+01 -0.289673927835071E+01
   0.144129996043793E+01  0.348563763844881E+01 -0.267368227386015E+01
  -0.311829173128560E+01 -0.193055045896989E+01  0.227231462825621E+01
   0.220547957818746E+01 -0.335115134520784E+01 -0.113239546788342E+01
   0.498696952701430E+00  0.491774994694984E+00 -0.179427790590434E+01
  -0.429620714473223E+00 -0.271564717290121E+01 -0.651820501363485E+00
   0.287462572040944E+01  0.694529496192502E+00  0.183359183888579E+01
   0.137525638955581E+01 -0.385174293185169E-01 -0.266183601705081E+01
   0.228495016934656E+01 -0.155783149834501E+01  0.237025316157052E+01
  -0.236771138506404E+01  0.993581231184433E+00  0.345799077881947E+01
  -0.986432190876725E+00  0.199308607253582E+01  0.131420246247850E+01
  -0.510549493933813E+00  0.237064862699699E+01 -0.205024676717508E+01
  -0.269184510700083E+00  0.182940468997723E+01  0.197008455437263E+01
  -0.250579591277370E+01  0.147311194851993E+00  0.168522204367845E+00
  -0.339701848905150E+01 -0.216180934811899E+01 -0.160910371657668E+01
  -0.784915761279573E+00  0.451778630692783E+00 -0.229836569242692E+01
  -0.138209227409978E+01  0.328072676451221E+01  0.653067209610762E-01
  -0.178878724500456E+00  0.174816321178194E+01  0.560838266675980E+00
  -0.177352975765562E+01 -0.288446191650293E+01  0.303154859094465E+01
  -0.154803442492559E+01  0.237086870133968E+01 -0.225973035306734E+01
  -0.271330501132787E+01  0.594022350913680E+00  0.118481374705085E+01
   0.341274968615426E+01  0.264159310720038E+01 -0.284874153872803E+01
   0.266406075183233E+01  0.800559037694795E+00 -0.306305188912717E+01
   0.246319053614396E+01  0.197113916214027E+01 -0.343197178067122E+01
  -0.247213020512859E+01 -0.277785621894969E+01  0.181725537574107E+01
  -0.253596856301932E+01  0.109576810489629E+01  0.231375638323770E+01
  -0.212256318107322E+01 -0.227190011637098E+01 -0.191690561846800E+01
  -0.278435899697493E+01 -0.233660279438072E+01 -0.625665867715322E+00
  -0.294824347040599E+01 -0.249979942839018E+01  0.979165773014765E+00
   0.680174754154772E+00 -0.253381112091992E+01  0.159163167904993E+01
   0.948478792343402E+00  0.327469564389768E+01  0.158247433916277E+01
   0.618905985578851E+00 -0.386998788546504E+00  0.266369712250002E+00
   0.449728068151069E+00  0.341716896698717E+01 -0.180685982512749E+01
   0.279148580616157E+01 -0.476244661112265E+00 -0.855274955899102E+00
   0.350205895229770E+01  0.142802362636276E+01 -0.263910823112681E+01
   0.348564100768573E+01  0.134383712438837E+00 -0.115645850566965E+01
   0.138581402708816E+01  0.171663716080042E+00  0.115252362004756E+01
  -0.403911748130864E+00  0.285009723843365E+01  0.206769206041397E+01
   0.292202757528519E+01 -0.338867661444527E+01 -0.258915742760508E+01
   0.601472428084767E+00 -0.153188017055968E+01  0.241058628787952E+01
  -0.213597218074860E+01  0.267623619890573E+00 -0.221676876375708E+01
  -0.172621747804751E+01 -0.337522682882534E+01  0.855340001242508E+00
  -0.161257933325859E+01  0.177628572098916E+01  0.334533956249603E+01
   0.220947121601472E+01 -0.252489136340330E+01 -0.620232893042614E+00
  -0.243862024293248E+01  0.206378775707371E+01 -0.308021401766943E+01
  -0.277380828253398E+01  0.260292505554326E+01 -0.633271447336740E+00
  -0.492741928309587E+00 -0.190034849180263E+01  0.417756140597403E+00
  -0.981015187893735E+00 -0.310716178931566E+01 -0.151584160918480E+01
   0.138138940651348E+01 -0.100798110818367E+01 -0.206192873868522E+01
  -0.251464511451013E+01 -0.119889608138512E+01 -0.195626805060457E+01
  -0.329301711430270E+01  0.152183397962601E+01  0.310699134917187E+01
   0.322041723332831E+01 -0.226669090185605E+01  0.269555997873800E+01
  -0.242317000049567E+00 -0.274007981288809E+01 -0.233011946795005E+01
  -0.347285046691181E+01 -0.107763792200370E+01 -0.767424961247739E+00
  -0.284989128699617E+00 -0.906091272680111E+00  0.781521366072779E+00
   0.141132272585791E+01  0.116214650306911E+01  0.335178152925212E+01
  -0.836280375665868E+00  0.150076234790953E+01 -0.272006361746904E+01
  -0.128697244376529E+01 -0.236342859721990E+01  0.213114891049687E+01
   0.125897035869879E+01 -0.261669565146783E+01 -0.274925107617283E+00
   0.224293229163449E+01 -0.244389079274897E+01  0.492043552454480E+00
   0.367138557164207E+00 -0.270693417064435E+01  0.187935466974571E-01
   0.224031181795137E+01  0.321474501357332E+01  0.248894694568460E+01
   0.186367496238116E+01 -0.191651857288738E+00 -0.149203493237918E+01
   0.227312423415591E+01 -0.504530860575736E+00  0.146238576183225E+01
   0.437357305926412E+00  0.129357022059496E+00  0.242486456782098E+01
  -0.242768781964596E+00 -0.232106959777271E+01  0.265490963475173E+01
  -0.206353145190804E+01  0.275443969214922E+01  0.107382829780471E+01
  -0.599553658560336E+00  0.334786769163161E+01 -0.506382129912942E+00
   0.129889616274121E+01 -0.330843827731342E+01  0.719637047803532E+00
  -0.481100601685581E+00 -0.171150809084518E+01 -0.356369659721635E+01
   0.412857109315124E+00 -0.183174694146054E+01 -0.232099702102322E+01
   0.318227572092225E+01 -0.100134145298579E+01  0.250694216060315E+01
  -0.372141154150284E+00 -0.253489384992340E-01  0.285886913254403E+01
   0.334945261653179E+01  0.335483858805856E+01 -0.844483278176468E-01
   0.246543672799977E+01 -0.292616730425588E+01  0.206110786374306E+01
   0.119322392126290E+01 -0.424914997948839E+00  0.203838377096470E+01
   0.355430635519951E+01 -0.162556692310758E+01  0.341969699947897E+01
   0.311757985718454E+01  0.110154919045489E+01 -0.140312733924667E+01
   0.309948449887664E+00 -0.346888058911704E+00 -0.101388308406839E+01
   0.296545052899881E+01 -0.138907148755221E+00  0.215423051731849E-01
  -0.225811392959756E+01 -0.842751610662685E+00  0.108251672901830E+01
  -0.206718710740493E+00 -0.435109386955336E+00 -0.331465764424762E+01
   0.317743195123330E+01 -0.133579135517006E+00 -0.335660556509931E+01
   0.139132079886287E+01  0.254745385984279E+01  0.740801814136022E+00
   0.189533768723694E+01 -0.648816207865405E+00  0.274292286344373E+01
   0.126230716360704E+01  0.631454751645877E+00 -0.933433184791342E+00
  -0.135797685114838E+01  0.282141405873970E+01  0.230939795976035E+01
  -0.277590874389778E+01 -0.257763809856152E+01 -0.285508056745444E+01
  -0.111470231261782E+01  0.114210080743214E+01  0.299664758906622E+00
  -0.175716357302368E+01 -0.127600715401392E-01  0.157187451364759E+01
  -0.113986715511047E+01 -0.529529980352228E+00 -0.201307574230621E+01
  -0.183028958746416E+01  0.153271590460007E+01 -0.596314515652721E+00
   0.247806842620687E+01 -0.253054576575249E+01 -0.175639093567759E+01
  -0.312610485273343E+01  0.296811420233594E+01 -0.184113855457573E+01
   0.333268582904704E+01  0.306651734610412E+01  0.182919176173893E+01
  -0.586052499332969E+00 -0.173472425249564E+01 -0.235182701311218E+01
  -0.101887992694590E+01  0.277726236674284E+01 -0.126510122704909E+01
   0.356683852643773E+01 -0.133027383202874E+01  0.131944057320920E+01
  -0.297908620947442E+01 -0.292015413068256E+01  0.328584718423567E+01
   0.204206191545823E+01  0.329182421972877E+00  0.243596930350727E+01
  -0.439660252552182E+00 -0.108434160369598E+01 -0.941303627762843E+00
  -0.142510328196217E+01 -0.733127372157663E+00 -0.994664034631940E+00
  -0.249083378110688E+01 -0.208761911640936E+01  0.346021907132951E+01
   0.331705016858320E+01 -0.132693513068631E+01 -0.202992029915928E+01
   0.593089331214853E+00 -0.849121501184226E+00 -0.274934651195174E+01
   0.136739173619080E+01  0.290049641413437E+01 -0.160500915685753E+01
  -0.251647603410320E+01  0.305827274787848E+01  0.240723893440394E+01
   0.765137107667784E+00 -0.110416044261110E+01  0.126653980152747E+01
   0.127824383000568E+01  0.237137365128462E+01 -0.440402633338426E+00
  -0.274528413315602E+01  0.151645792667495E+01  0.194560463355162E+00
   0.250605378899774E+01  0.181894021085744E+01  0.147027289041334E+01
  -0.305479463755125E+01  0.682226079897779E-01 -0.221853572365210E+01
   0.243254308772120E+00  0.155713739713976E+01 -0.338164120104704E+01
   0.690036547544398E-01  0.346415547332399E+01  0.681506143272115E+00
   0.239360952365912E+01 -0.121398741188535E+01 -0.170915607323312E+01
  -0.135494296949551E+01 -0.243878400113496E+01 -0.288868401799685E+01
   0.331669693580412E+01 -0.311811010660360E+01 -0.150038033080201E+01
  -0.185611676309995E+01 -0.317481505600568E+01 -0.189292270170718E+01
  -0.296129253233187E+01  0.101694688795402E+01 -0.183785875729150E+01
  -0.314112875253102E+01  0.349093388298957E+01  0.111442255945946E+01
   0.962572993949451E+00 -0.120928891096828E+01  0.331019977843944E+01
   0.191768536209193E+01  0.584577712644444E+00  0.328832538872355E+00
  -0.123363948137706E+00  0.363236135764271E+00  0.671391546560366E+00
   0.682049070051375E-01 -0.107673006266669E+01 -0.182320782535056E+01
  -0.254227105183076E+01  0.193950568025361E+01  0.170700498650338E+01
   0.850155797563491E+00  0.168382582042605E+01 -0.140142145515706E+01
   0.185498213157733E+01  0.253349100481443E+01 -0.278112509913368E+01
  -0.199176057090220E+01 -0.179859826081120E+01  0.255852627748541E+01
  -0.292797058264875E+01 -0.326258961399782E+01  0.106462075190260E+00
   0.303565168784595E+01 -0.194742361729867E+01 -0.103203093324518E+01
  -0.235602063180071E+00 -0.176060102238494E+01  0.162161315063310E+01
  -0.212241627749195E+01  0.342291484150729E+01 -0.505566845966457E+00
  -0.160874840025819E+01 -0.339177864592568E+01 -0.298198618302778E+01
   0.254806812989966E+01  0.189263752727983E+01 -0.768040654985751E+00
  -0.351562426718138E+01 -0.379118792608655E+00  0.109285815411196E+01
  -0.544133693196077E+00 -0.284863334863370E+01  0.743431172546239E+00
  -0.259912698400763E+00  0.118404167441250E+01 -0.220818061257346E+00
   0.230438276908989E+01  0.723900887763832E+00 -0.987364185014463E+00
  -0.224200419765760E+01  0.273415922308414E+01 -0.145124048703900E+01
  -0.150542308712357E+01 -0.177519995518670E+01  0.341608435273029E+01
   0.247007935003673E+01 -0.312083418249117E+00 -0.257593026245262E+01
   0.307604857953298E+01  0.370902858518266E+00 -0.211229643141223E+01
   0.262019731980275E+01  0.270371299711454E+01 -0.208501757622274E+01
  -0.309834138662428E+01 -0.350577225833823E+01 -0.102587551363373E+01
  -0.429462715167207E+00  0.348466817091375E+01  0.330145553291180E+01
   0.124406573889881E+01  0.349112720411743E+01 -0.553927266031400E+00
  -0.768359133430475E+00 -0.148189854117966E+01  0.269025614733109E+01
   0.546907765927494E+00  0.128993471942626E+01  0.118719709778373E+01
  -0.614337085908592E+00  0.340309722201990E+01 -0.273232430755656E+01
   0.206410978725713E+01  0.176531467732421E+01  0.275621792997101E+01
   0.287874258928646E+01  0.299133018579785E+01 -0.978885189013285E+00
   0.761785139583850E+00  0.152895284442174E+01  0.166686541659194E+00
  -0.186591590221233E+01  0.117352592633592E+01  0.129402089998231E+01
   0.826758000850375E+00  0.253532284774390E+01 -0.250253848749827E+01
   0.121716335481064E+01 -0.274289796570335E-01  0.311075988770619E+01
   0.150283461662814E+01 -0.146404362060948E+01  0.727899806816194E+00
  -0.495351173491467E+00 -0.144168266703264E+00 -0.142468903290662E+01
   0.304093567233279E+01  0.529162940927212E-01  0.265193661969154E+01
   0.120630852712861E+01  0.236547965278917E+01  0.218622551804578E+01
  -0.157263750143326E+01  0.438152187804304E+00 -0.390826883304040E+00
  -0.171873038213559E+01 -0.270301709163349E+01 -0.307606868236293E+00
  -0.516554824160406E+00  0.192353213907042E+01  0.309779107527471E+01
   0.319997957662571E+01 -0.223376965291472E+01 -0.306854489726802E+01
  -0.342048378535246E+01 -0.313967804947775E+01  0.218681952227187E+01
   0.308084906525144E+01 -0.272623280525811E+01  0.122728245406751E+01
   0.171521060327446E+00 -0.842884456664977E+00  0.295420478554139E+01
  -0.132671943718823E+01  0.176541957705119E+01  0.224562110294987E+01
  -0.240870130740496E+01 -0.101092894772537E+01  0.208491968479490E+01
  -0.136166243253196E+01 -0.126701969967932E+01  0.324953720321128E-01
   0.287629895346958E+01  0.427615377196654E+00  0.763004844765604E+00
  -0.127910752083894E+01  0.184617887956395E+01 -0.137073028558407E+01
   0.326910051455317E+01 -0.123124781064977E+01  0.217460786827975E+00
   0.290451461221907E+01  0.121768164347508E+01  0.318323759377830E+01
   0.265094830628373E+01  0.160004077784428E+01  0.325705070492545E+00
   0.208872032504857E+01  0.269447624028864E+01  0.157114164066712E+01
  -0.284715959106328E+01 -0.890517384248438E+00 -0.355710404804595E+01
  -0.226637029134206E+01  0.310763703540927E+01 -0.256010729435095E+01
   0.121367010587437E+01  0.344009635750314E+01  0.337876303209474E+01
   0.319201698909190E+01 -0.236841087012607E+01 -0.297539723931971E-01
  -0.714933344735145E+00 -0.348772062949048E+00  0.166131986863382E+01
   0.169870154042203E+01  0.722164898711430E+00 -0.200728112681318E+01
   0.198535533688503E+01  0.318602347702022E+01  0.149323652667240E+00
   0.163839233751047E+01  0.137553185287176E+01  0.107410804116754E+01
  -0.356737322976972E+01  0.202457464804250E+01  0.222704457232966E+01
   0.327876626234691E+01  0.932703039461707E+00 -0.163347856206155E+00
  -0.151690237069073E+01  0.264447314176830E+01 -0.325472409101956E+01
  -0.198740331242876E+01 -0.181877795284208E+01  0.495298253013386E+00
  -0.288140780461328E+01  0.730177104698185E+00 -0.574345692991435E+00
   0.257446773123720E+00 -0.270900534945116E+00  0.139826730955558E+01
  -0.347660298415565E+01  0.268911548668076E+01  0.325670391727657E+01
   0.804812443468942E+00 -0.224353434853188E+01  0.324004443878836E+01
   0.111916690464472E+01  0.164575392213052E+01 -0.276905150065890E+01
   0.290721156000684E+00  0.119854479900438E+01  0.249227874778432E+01
   0.350790914527394E+01  0.214569821482712E+01 -0.105660009399662E+01
  -0.228212674984229E+01 -0.893150336464981E+00 -0.280317406429569E+00
   0.167870815539137E+00  0.264490280791790E+01  0.300337545580517E+01
  -0.642559478357168E+00  0.100365843242298E+01  0.277463463650922E+01
  -0.482800316962938E+00  0.733328302683958E-01 -0.217066156774398E+00
   0.133899617450151E+01  0.133881209930327E+01  0.197989452523715E+01
  -0.194746969190459E+01  0.118405690529726E+01 -0.250120544614519E+01
   0.187139493986110E+00 -0.284675681132354E+01 -0.339758433241410E+01
  -0.970259970421729E+00 -0.214953011436309E+01 -0.144578602318061E+01
   0.492366641078299E+00 -0.132614472676398E+01  0.513843410310232E-01
   0.194418162114197E+00 -0.356808838297838E+01  0.244271979928284E+01
   0.212505497875693E+01 -0.281798668584849E+01 -0.312452369973298E+01
   0.102421844662408E+01 -0.313902100877283E+01  0.232999131522166E+01
  -0.247131736480832E+01 -0.609218263000212E+00 -0.275932747714003E+01
   0.283611917066730E+01 -0.347716089671248E+01  0.355977628672771E+01
  -0.344239124046358E+01  0.130321980255205E+01  0.115886763689941E+01
  -0.175579266070204E+01 -0.357143423047672E+01  0.179885996811496E+01
   0.197396290743562E+01  0.282237244916566E+01  0.346816251176554E+01
   0.261814821915395E+01  0.257736765357063E+01  0.621377914968788E+00
   0.260436752656992E+01 -0.147568873100318E+01  0.125198850927005E+01
  -0.956063894986544E+00 -0.329067611408443E+01  0.237712826145823E+01
  -0.293403374709850E+01  0.284764045813730E+01  0.417484367949267E+00
  -0.279307942499890E+01  0.162775486549130E+01 -0.102123375180311E+01
  -0.249904373308062E+01  0.193883044817327E+01 -0.204228316467948E+01
  -0.273931857418537E+01 -0.107898490000687E+00  0.192518594545553E+01
   0.237241801782342E+01 -0.200013756327487E+01  0.340622468752828E+01
  -0.320125032988678E+01  0.384377570626129E+00  0.293291381522338E+01
  -0.248737110849753E+01  0.280847743080091E+01  0.345961325755798E+01
  -0.583433370018540E+00  0.708755132487512E+00  0.155710605044539E+01
  -0.123827568138454E+01 -0.659953864242733E+00  0.260491474900548E+01
  -0.144068935443657E+01  0.215122641863194E+01  0.364979762189264E+00
   0.168437240095747E+01 -0.253129857182493E+01  0.138551031759859E+01
   0.180689903860239E+01  0.175586307674256E+01 -0.170027543720423E+01
   0.988966457086039E+00 -0.280089229967603E+01 -0.275354617736475E+01
   0.180534361699086E+01 -0.538606374718594E+00  0.462200017242116E+00
   0.164617772817306E+01 -0.196657236289932E+01 -0.151294234203886E+01
  -0.190017691505190E+01 -0.295049589684820E-01 -0.327765155407500E+01
  -0.320884069171205E+00 -0.285757165368358E+01  0.172234771386941E+01
   0.343514209362240E+00 -0.193970568811289E+01 -0.103497094481991E+01
  -0.853252128240630E+00  0.284209805421615E+01  0.768190537801699E+00
%  0.995540918537550E+00 -0.329445625975259E+00 -0.267423972872224E+00
% -0.363345388664653E+01  0.166660808708482E+00 -0.744331730825899E-01
% -0.714684631338054E+00 -0.145073191103258E+01 -0.103353143254412E+01
%  0.110287714733818E+01  0.556208487079869E+00  0.271531955983328E+01
%  0.866858756580839E+00  0.239591340356190E-01  0.162759111979271E+01
% -0.138237695269574E+00 -0.741510184900302E+00  0.700417245581457E+00
%  0.245419806545334E+01 -0.152588644751406E+01 -0.112217881862807E+01
% -0.214320618920029E+01  0.497796605826385E+00 -0.362229994847946E+00
% -0.649182580395018E+00  0.158685788065148E+01 -0.147083005060387E+01
% -0.399926560989348E+00 -0.183247057261129E+01 -0.215223368144561E+01
% -0.277941775394408E+00  0.118782634726175E+01 -0.244625010536354E+01
% -0.716390359753816E+00 -0.867880207582001E+00 -0.123989537784341E+01
%  0.741860767536707E+00 -0.902311224768476E+00 -0.157554897980510E+01
%  0.711440851114616E+00  0.943371996381788E+00  0.839581821484294E+00
%  0.134611536620504E+00 -0.165525802870021E+01  0.653200647639332E+00
% -0.140679395281912E+01  0.274460025648602E+00 -0.116831806429015E+01
%  0.103457347296655E+01  0.713623860552317E+00  0.145581445946368E+01
% -0.273148228909290E-01 -0.798522877213522E+00 -0.165479695394306E+01
%  0.392613505864607E+00  0.816999075481940E+00  0.126508240481994E+01
% -0.269770563017897E+01  0.203942479468120E+01  0.793526854272949E+00
%  0.553311320103145E+00 -0.807556413018881E+00  0.196346702220246E+01
% -0.220952288178311E+01 -0.115401378028645E+00  0.227529887407802E+01
% -0.538779410354198E-01 -0.497764859823360E+00  0.708656606666226E+00
%  0.430058155674672E+00 -0.129798146477819E+01 -0.626049348526471E+00
% -0.310468866331266E+00  0.804478564907047E+00 -0.896610639950988E-01
%  0.272152269681375E+01  0.146142152906023E+01  0.258959001724862E+00
% -0.556417380003069E+00 -0.183223496815508E+01 -0.265474717889485E+01
%  0.143301217386718E+01  0.668714036115713E+00 -0.909614648109060E-01
%  0.225274300933327E+01  0.970528416509003E+00 -0.632194202145117E+00
%  0.148784297307095E+00  0.886291124024421E+00 -0.627933434072336E+00
%  0.144173920647872E+01  0.594022571950380E+00 -0.568143061517607E+00
%  0.177427412056074E+01  0.833591857584371E+00 -0.273983489370520E+01
% -0.622705946439559E+00 -0.761736084761341E+00  0.330417798896105E+00
%  0.214220308465177E+01 -0.277345854374149E+00  0.237462400689255E+01
%  0.610261597386017E+00  0.193655895588835E+01 -0.286809552910688E+00
% -0.245182868118489E+00  0.239797175133073E+01 -0.780560652232811E+00
% -0.281635407765368E+00 -0.586598370867564E+00 -0.995274140883477E+00
% -0.330876766921350E-03  0.390742847073513E+00 -0.589048616051591E+00
%  0.154991336536392E+01 -0.180995121493774E+01 -0.191826296977598E+01
%  0.188206973760834E+01  0.872667237577435E+00  0.471924171914835E+00
% -0.214072168305709E+01 -0.669007058101430E+00 -0.499775973975458E+00
%  0.535181413476319E+00  0.206769815463446E+01 -0.104432617042015E+01
% -0.107761298191577E+01 -0.103626272540903E+01  0.717168563068235E+00
% -0.223992732033041E+01  0.342674916367501E+00 -0.637217554836231E+00
%  0.212337527316187E+01  0.154146766275269E+01  0.183398675877239E+01
% -0.135729134296305E+01  0.150160348739478E+01  0.959917360177272E+00
% -0.146791894669596E+01  0.774960875691630E+00 -0.147761735918353E+01
% -0.127083533891903E+01  0.246098113654200E+00 -0.694513938090287E-01
% -0.174507655654335E+01 -0.272906720136710E+01 -0.212640477853454E+01
%  0.378108283340971E+00  0.121357021287952E+01 -0.139766040045500E+00
%  0.166240772315767E+00 -0.133709214030253E+01 -0.116672867996108E+00
%  0.857431876528777E-01 -0.211304008287710E+00  0.242484464969005E+01
%  0.576261583449833E+00 -0.221816640970926E+00  0.566033451756433E+00
% -0.101299676237440E+01  0.143889429264301E+01  0.167711946613583E+00
% -0.378185229658834E+00 -0.778436500573882E+00 -0.251203807200993E+01
%  0.268832034145782E+00  0.102494074237422E+01  0.160725955364183E+01
%  0.331318723579328E+00 -0.342798412517281E+00  0.100238711312968E+01
% -0.314714472972382E+00  0.199230941901059E+01  0.308138085078391E+01
%  0.112064049457443E+01 -0.154676609245603E+01 -0.382525527177945E+00
% -0.777117622592272E+00 -0.782927373420255E+00 -0.735864088705929E+00
%  0.300071298190910E+00  0.263637771375825E+00 -0.795921694522480E+00
% -0.919783996126002E+00  0.155000001468662E+01 -0.262261758453903E+00
%  0.853739901971391E+00 -0.762546125073571E+00  0.519532652198829E+00
% -0.125609924856041E+01  0.219324448357340E+01  0.138316285735299E+01
%  0.714740111933961E-01 -0.247649021200104E+00 -0.765510382248359E+00
% -0.129055872064266E+01 -0.475074128657738E-01 -0.107184069804537E+01
% -0.130867858061400E+01 -0.478409807449277E+00 -0.213103917259927E+01
% -0.233095083203251E+01  0.122015415535874E+00 -0.225731277477074E+00
% -0.120607543487661E-03  0.138996220481592E+01  0.333452962314152E+00
% -0.218486883387030E+01 -0.354181829461031E+01  0.218310650159839E+01
%  0.168051554786385E+00  0.141472726381004E+01  0.425495806354563E+00
%  0.266960600249175E+00 -0.155180372801640E+00  0.402250753776766E+00
%  0.183933634846072E+01 -0.129169307412572E+01  0.491672548162123E+00
% -0.195571676370070E+01 -0.135892544328934E+01 -0.503293426616850E+00
%  0.746801919881954E+00 -0.883009901910586E+00  0.348438807116863E+01
% -0.155288952407338E+01  0.399632975603417E+00 -0.209182226924100E+01
% -0.674937819814387E+00 -0.122985740848794E+01  0.120278350392808E+01
% -0.301488358502477E+00  0.149441787289809E+01 -0.108044275258951E+01
% -0.173102140938794E+01  0.197953065823446E+01  0.140152841908221E+01
% -0.112054361746386E+01 -0.574462893837649E+00  0.169763597711308E+01
% -0.167527553719722E+01  0.167636483736344E+01 -0.196678828845398E+00
%  0.258888172547712E+01  0.184794289940503E+01  0.134777252978840E+01
% -0.106220739206956E+00  0.532713383127837E+00  0.145652718519277E+01
%  0.137953545127676E+01  0.232780905734101E+00  0.152213279662541E+01
% -0.603788798905135E+00 -0.539806363491255E+00  0.164181271145603E+01
% -0.946671790223859E+00  0.140455778029432E+01 -0.113058990057848E+01
% -0.112315097897601E+00 -0.102777701570584E+01  0.167674465304700E+01
% -0.528621392720410E+00 -0.749628481831815E-01  0.136411946829225E+01
%  0.993915558710227E+00  0.106755997722611E+01 -0.829504972132146E+00
% -0.379434322303779E+00  0.915079416500036E+00 -0.516829956250428E-01
%  0.931467395211657E+00  0.241671531721065E+01 -0.157867785658260E+01
%  0.211429336155554E+00 -0.526835149285479E+00  0.631565114067236E+00
%  0.187327330045145E+00 -0.427932964659184E+00 -0.494589267981374E+00
%  0.719458674277558E+00  0.323776174185900E+00 -0.111719278722446E+01
% -0.204960574907886E+01 -0.627217953362975E+00  0.136679375438594E+01
%  0.276420279884972E+01  0.328792269435677E+01  0.158726443009780E+00
% -0.613585078200129E+00  0.153952769230447E+01 -0.170451817731812E+01
% -0.971848559851099E-01  0.236134108654855E+01  0.200534204971267E+01
% -0.160952968915256E+00  0.930102656198396E+00  0.366371975213424E+01
%  0.737445078737252E-02 -0.255976726606837E+00  0.920027849601400E+00
% -0.278953412083760E+01 -0.124900316678221E+01  0.950381762402363E+00
% -0.531472945335463E+00  0.836986655761070E+00  0.278510058397823E+00
%  0.131520525686741E+01 -0.267304368359777E+01  0.648541175899808E-01
% -0.144655111328456E+01 -0.168196512583411E+01 -0.108723097880641E+01
%  0.162816887520216E+01 -0.119088575640080E+01 -0.531952970926241E+00
% -0.761331668817199E+00 -0.823287774198694E+00  0.246805996737148E+01
% -0.127377462310088E+00  0.674996830046829E+00  0.419615841422440E+00
% -0.330285316419579E+01  0.105364808218751E+01  0.686237402454577E+00
%  0.122910805009179E+01 -0.161337003538414E+01  0.703750304012567E+00
%  0.179175216726634E+01  0.130843032199762E+01 -0.100828199758918E+01
%  0.477447846734965E-01 -0.131686704499536E+01 -0.779637709818552E+00
%  0.155989538089309E+01 -0.946417978231169E+00  0.709572553563862E+00
%  0.423228261731198E+00  0.412284164755959E+00  0.160629825755160E+01
%  0.216995939826704E+01  0.141702596160821E+01 -0.748337952916592E+00
% -0.162903470984531E+00 -0.273839615332631E+01  0.940074155202970E+00
% -0.969929483392691E+00  0.554612575732087E+00  0.148741645994367E+00
% -0.845112365363607E-01 -0.342742635876241E+01  0.277443610452523E+01
% -0.233164897945468E+00  0.211649295090350E+01  0.160051226430932E+01
%  0.224470815905806E+01  0.145834022897410E+01 -0.270980165610556E+01
%  0.116168563401743E+01  0.461628937607466E+00  0.224173792856766E+01
%  0.733380094261794E+00  0.137342421494341E+01  0.894046814124124E+00
%  0.195776841201785E+01  0.384473082255613E+01 -0.838509682711143E+00
%  0.607236554894294E+00 -0.566290634969319E+00 -0.264677560183212E+00
%  0.178735472586926E+01 -0.528578039478918E+00 -0.605560823491012E+00
%  0.106425468749421E+01 -0.158485653203082E+01  0.128807668343160E+01
% -0.995510348282519E+00  0.383375064378030E+00  0.214471125219300E+01
%  0.574865365151494E+00 -0.367547989354857E+00  0.798935663933982E+00
%  0.952799567831571E-01 -0.188007609917361E+00  0.152957027167168E+01
%  0.570386838288949E+00  0.279719436446038E+01 -0.488534951424516E+00
% -0.590575833955377E-01 -0.121340340120062E+01  0.164315606013608E+01
%  0.126400420412814E+01  0.861666901214173E+00 -0.287712417248440E+01
% -0.403220083732553E+00 -0.222665607695589E+01 -0.869646565153324E+00
%  0.448064591759880E+00  0.391725399916834E+00  0.121962083564260E+01
%  0.134656968639445E+01 -0.134391322743185E+01  0.774574133804443E+00
% -0.192872948127796E+00  0.831865418745371E+00  0.466658217916375E+00
% -0.574491743000662E-01  0.202718321874487E+01  0.123049304369268E+01
% -0.384000188602316E+01  0.160504894284080E+01 -0.722587436571595E+00
% -0.677679451783409E+00  0.743077061094267E+00  0.230798520848912E+01
% -0.150658414614026E+01  0.223869373068009E+01 -0.190735702721191E+01
%  0.689098772553419E+00 -0.124473347807606E+01 -0.431335309028232E+00
%  0.174748897807783E+00  0.326015757922780E+01 -0.203419817048712E+01
% -0.252192072631286E-01 -0.118878034715589E+01 -0.280674231676492E-02
%  0.483395918828246E+00 -0.306946324314733E+00  0.145250555935097E+01
%  0.379900425189896E+00  0.104595841372344E+01  0.123362530382023E+01
%  0.232870067953609E+00 -0.114031840672681E+01 -0.565374776241822E+00
%  0.149729772822296E+01  0.242612075441090E+01  0.244585023102125E+01
% -0.122000743494168E+01 -0.137307414164789E+00 -0.108906737358873E+01
%  0.187002955698333E+01 -0.963769047580659E+00  0.301660703345807E+00
%  0.510004688311505E+00 -0.114409257164270E+01 -0.308217879775903E+01
%  0.431666035057252E+00 -0.876115172889407E+00 -0.286846441064499E+00
% -0.134753904187790E+01  0.561660120312792E+00 -0.610564569068147E+00
%  0.583085629251368E+00 -0.694678388989756E+00 -0.471135297788614E+00
%  0.149058641580523E+01  0.846279789685275E-01  0.145092547355760E+01
% -0.134345645851368E+01  0.976511639279782E+00 -0.106267819679090E+01
%  0.974829877272803E+00 -0.239938189704024E+01 -0.165977549043801E+01
%  0.102712247614185E+01  0.624949075376574E+00  0.957647145897022E+00
%  0.230014134381552E+00 -0.831230124674144E+00 -0.218504775536317E+01
% -0.995363316654052E+00 -0.186217688563327E+01  0.562821312046042E+00
% -0.104713520363954E+01 -0.676568881102602E+00 -0.502716057811205E+00
% -0.332528684854063E+00 -0.103905111872372E+01 -0.226334495978923E+01
%  0.807937333312401E+00 -0.354165038732048E+00  0.293071884731526E+01
%  0.776698298802724E+00  0.649729219874344E-01 -0.830185530759739E+00
%  0.428789232483486E+00 -0.588521929543647E+00 -0.229788041821823E+01
%  0.104176260364694E+01 -0.139647172212505E+01 -0.826945253479534E+00
% -0.192833505732698E+01 -0.371110821482106E+01 -0.101415408934192E+01
%  0.363067321045675E+00 -0.432395636172324E+00  0.888848449068440E+00
% -0.308657883505467E+00 -0.312721280594628E+00 -0.258185799140614E+00
%  0.815590627205751E+00  0.939742431812984E+00 -0.395878492643969E+00
%  0.226354411292074E+01  0.493334667330802E+00 -0.719092559321669E+00
%  0.862606260936296E-02 -0.541646369810847E+00 -0.610685309135104E-01
%  0.714644771561509E+00 -0.775748952201719E+00 -0.895873410282713E-01
% -0.343722389950852E+00 -0.104280680363841E+01  0.729166402086756E+00
%  0.279672588251702E+00  0.170609890276590E+00  0.398199358350694E+00
%  0.789216754989763E+00 -0.141484696306742E+01  0.227793757964574E+01
% -0.294135539666369E+01  0.132096803182150E+01  0.757916514744928E+00
%  0.999294915342561E+00  0.476909879995006E+00 -0.769225980540710E+00
% -0.356422665777992E+01  0.725171910429141E+00  0.182446376723651E-01
%  0.111421643865628E+01 -0.238604822296845E+00  0.170961474996402E+01
% -0.112290681903008E+01 -0.311972326973984E-01  0.118315038544044E+01
%  0.757282029776764E+00  0.220316310959141E+01  0.926761135175794E+00
% -0.461597650434003E+00 -0.286223419559037E+00 -0.112124519883260E+01
% -0.596764513718571E+00  0.328535900210576E+00  0.796959282334991E+00
%  0.614311562369649E+00 -0.211530804324725E-01  0.121530448039339E+01
% -0.100183045660937E+01  0.101407857165774E+00 -0.889644859883640E+00
%  0.114909166256368E+01 -0.122711054133236E+01 -0.105481475385259E+01
%  0.223464862588429E+01  0.466113203295137E+00 -0.752514487378078E+00
%  0.518729734093349E+00  0.370783595430717E+00 -0.341070165336953E+00
% -0.130610790164063E+01  0.271613200347845E+00  0.869496610406303E+00
% -0.120748039665126E+01 -0.757762121087724E+00  0.543244240162175E+00
%  0.165768796565483E+01 -0.165525780900618E+01 -0.121903335268808E+01
%  0.156715646524838E+01 -0.231749921059050E+01 -0.512499213895357E+00
% -0.271171778331493E+01 -0.568313288275992E+00 -0.485003649218638E+00
%  0.120889597535141E+01  0.179560096187025E+01 -0.134789721565307E+01
%  0.200135560291242E+01 -0.341017956292082E+00 -0.853365534287801E+00
%  0.219244088791681E+01 -0.184405802335346E+01  0.126934407551050E+00
% -0.187243822619759E+00  0.211439062067323E+01 -0.205904512088490E+00
% -0.973273951998623E+00 -0.587073452197587E+00 -0.146446668056617E+01
%  0.155634653389136E+01 -0.404430485436452E+00 -0.293582133788014E+01
%  0.161297880079264E+01  0.144454646361853E+01 -0.661406191924044E+00
% -0.424469162294002E+00  0.668527494708233E-01  0.244026409032633E+01
% -0.282790249527247E+01  0.140250377384036E+01  0.213569268969882E+01
%  0.695445439520020E+00 -0.233693692578687E+01 -0.284836016227814E-01
%  0.521836816977527E+00 -0.439033510642849E+00 -0.194294514873929E+01
%  0.705847944862873E+00  0.204187822473323E+01  0.836018126408391E+00
% -0.207183980892257E+01 -0.142970392236368E+01  0.275411357870439E+00
% -0.532216154349371E+00 -0.197210302273702E+01 -0.274171243818867E+01
% -0.352632334695752E+00 -0.103864972153245E+01  0.319531560381220E+00
% -0.337917692843160E+00  0.446705935958531E+00 -0.397141027571027E-01
% -0.174391854817946E-01 -0.464323335503115E-01  0.713459913826833E+00
% -0.289571219962601E+01 -0.151328204419260E+01 -0.693300658427497E+00
%  0.780274401544625E+00 -0.933262375709415E+00 -0.158609537436475E+01
%  0.828669680075978E+00 -0.710894328918348E+00 -0.468326973500266E+00
% -0.925272328834873E+00 -0.852170866312828E+00  0.843613978359618E+00
% -0.667893337686482E+00 -0.102530199059259E+01 -0.305229968094324E+00
% -0.698012654779474E-01 -0.153355639908642E+01 -0.122919209746796E+01
% -0.702888972957263E+00 -0.142364166400175E+01 -0.254609359793282E+01
%  0.117454253994828E+01 -0.425439333186673E+00  0.535489687485252E+00
%  0.166683679134366E+01 -0.163001908442329E+01 -0.136586227425177E+00
%  0.635920440087728E+00 -0.407924765022246E+01 -0.228484271280488E+01
% -0.172889985639358E+01 -0.125211635288505E+01  0.325527315130371E+01
% -0.664675394160125E+00 -0.536179330927587E+00  0.643816395017308E+00
%  0.310878696172107E+00  0.852891825907336E+00  0.212134873361766E+00
%  0.420174776622575E+00  0.990075596114962E+00  0.463071760971298E+00
% -0.212916341742695E+01  0.443058442030645E+00 -0.185585573095246E+01
%  0.197768244757801E+01 -0.897078695054072E+00 -0.215252722163796E+01
%  0.666535556633507E+00  0.154994519559282E+01 -0.214371375463108E+00
%  0.430806394219287E+00 -0.119484117896138E+01 -0.270383566409220E-01
%  0.339429400422352E+01  0.116216275050031E+01  0.610010005856423E+00
%  0.347845804122828E+00 -0.208214772821911E+01 -0.190055685273683E+01
% -0.238704905388435E+00  0.125967535711294E+01  0.865880642600920E+00
%  0.117196110721663E+01 -0.118047004157274E+01  0.266386513135137E+01
%  0.259675255692763E+01  0.116520392734114E+01 -0.220885954894027E+01
%  0.331991563279760E+00 -0.192727581773846E+00 -0.530703896630525E+00
% -0.663372660300647E+00  0.333757469668740E+00 -0.653688651182777E+00
% -0.158591314288528E+01  0.729413916583658E+00 -0.785262584377495E+00
%  0.111609744197039E+01 -0.131157935987007E+01  0.956182129478159E+00
% -0.568156304683399E+00  0.105933883993920E+01  0.631774884730219E+00
% -0.115022385379539E+00  0.624551509248771E-01  0.485891070346484E+00
% -0.373778825722237E+00  0.190819999084475E+01  0.127365393035304E+01
% -0.130630228908779E+01  0.217185905415381E+00  0.551177082456304E+00
% -0.151008706931252E+01  0.113599288346890E+01 -0.116705160129946E+01
% -0.108751488387777E+01  0.985684076602304E+00 -0.479817875446243E-01
% -0.390098031040002E+00 -0.200650771977155E-01 -0.146944115941762E+01
% -0.157090111115429E+01 -0.177149186446246E+01  0.422389783003994E+00
% -0.971083799772957E-01  0.246740192710716E+01  0.194867464410623E+01
% -0.157337147475537E+00  0.684829059837740E+00  0.177569135805372E+00
% -0.510454354187238E+00  0.126231090451338E+01 -0.198232960044230E+01
%  0.239980797322126E+01 -0.227392609105360E+01 -0.137091366217362E+01
%  0.173017710372536E+01  0.667270803797261E+00  0.538101888715821E+00
% -0.580597402534029E-01 -0.311713702789287E+00 -0.864039067322607E+00
%  0.640073615977838E+00  0.126502112826255E+01  0.154042253539729E+01
% -0.106415946594161E+01  0.588712485278370E+00 -0.222452729046696E+00
% -0.119989232239188E+01 -0.179762765322199E+00 -0.155963859044092E+01
% -0.100702485201183E+01  0.951695304203058E-01 -0.126115916266882E+01
% -0.227311911815698E+01  0.476418715261063E+00 -0.535369379691132E+00
% -0.160101065662083E+01  0.334262674020377E+00 -0.537304348919120E+00
%  0.144938894982161E+02 -0.183583595100638E+01  0.103476183325365E+02
%  0.898185580033729E+01 -0.311751966456773E+02  0.830746226275629E+01
% -0.308916158269767E+01  0.357056466447210E+01  0.261536768456051E+02
% -0.388929348986945E+01 -0.246355908018863E+02 -0.952773235136629E+01
% -0.901652178798959E+01 -0.527278687988347E+01 -0.199200155911959E+01
% -0.674108253953421E+01 -0.493155405439018E+01 -0.174746329367834E+01
%  0.715276680000030E+02 -0.411889491840238E+02  0.583740794289626E+02
% -0.743926307685810E+01  0.151775886289134E+02  0.898100579398841E+00
% -0.123845518181600E+02 -0.885267483731432E+02 -0.122305612234590E+03
%  0.583444994007725E+01 -0.160856244405301E+02 -0.283747114265258E+00
% -0.443793243977544E+01  0.362272027403498E+02 -0.637683465173201E+01
% -0.157822805900866E+02  0.363350911825624E+02 -0.179268601994996E+02
%  0.339833268147881E+02  0.359905753192295E+02 -0.182769220592449E+02
% -0.242369793805768E+02  0.705638027335713E+00 -0.778414171550108E+00
% -0.646652885870592E+01  0.117791284536654E+01  0.294275119928567E+02
%  0.395358718947797E+02  0.251682977278565E+02 -0.433061216044513E+01
% -0.451353308445041E+01 -0.359038014345327E+01  0.393619482556123E+02
%  0.107030656748722E+01  0.486373943695777E+02  0.293516703723444E+01
% -0.425920415658303E+01  0.103341836718070E+02 -0.115588562983887E+02
%  0.724220506084524E+01  0.106863848862763E+02  0.581981368708818E+01
% -0.554602398458130E+01 -0.794440801242646E+01  0.354806716700204E+02
%  0.819261566445539E+01 -0.380594561360254E+01  0.183110430653121E+02
%  0.417997950512452E+01 -0.239611284494224E+01  0.524365232928709E+01
% -0.123445850231705E+01 -0.115942162769179E+02  0.131968380795808E+02
%  0.256599408936819E+02 -0.220303899884840E+02  0.102664987870723E+02
%  0.318109539853798E+02  0.128121420447979E+02 -0.150781488317854E+02
% -0.725451315828462E+01 -0.345663045213232E+02 -0.186504468507057E+02
%  0.180370976826545E+01 -0.183482440935068E+01 -0.211540536945477E+00
% -0.653491605031131E+01  0.270550845466372E+01 -0.257956962224606E+01
%  0.146272365368633E+01  0.885586628749066E+01 -0.768820744000108E+01
% -0.365075296489139E+01 -0.464147382323018E+01 -0.416036956020953E+01
%  0.541945512533722E+01 -0.123285366273258E+02 -0.528394208908472E+00
% -0.173645021077227E+01 -0.720899079321135E+00  0.350633943064978E+00
% -0.178443126727500E+02 -0.641831298367618E+01 -0.212907143093582E+02
%  0.159085235416781E+02 -0.452282495440770E+01 -0.125045445346148E+02
%  0.601226712313364E+01 -0.485654448020310E+01  0.934501394664591E+01
%  0.560012182540746E+01 -0.109107396677082E+02  0.130391042815057E+02
%  0.580114506175963E+02 -0.177986448013535E+02 -0.339115657437373E+02
% -0.200624878131226E+01  0.509183644792968E+01 -0.393904472505821E+01
%  0.795654699842980E+01 -0.121500665744614E+02  0.177249845232086E+02
% -0.123124973018904E+02  0.303367833859695E+02  0.398764335658835E+02
% -0.974093558172916E+01  0.286719953004606E+02 -0.158416458936195E+01
% -0.892578115827374E+00 -0.392803657052987E+01  0.472506000465688E+01
%  0.220239543181098E+01 -0.811918411082850E+01 -0.114098984775951E+02
%  0.587567088059085E+00 -0.752887672639417E+00  0.323200042139859E+01
% -0.674338622866904E+01 -0.453745201072056E+01  0.135813821650343E+02
%  0.106111062654705E+02 -0.895419231660182E+01  0.152533267633126E+02
%  0.129077680895441E+02 -0.150868404714936E+01  0.201770456304118E+02
%  0.741932400112912E+00 -0.168876703087895E+02  0.231055904218978E+01
% -0.180994781935495E+02  0.662967250920011E+02 -0.453668050199698E+01
% -0.262543362082873E+01 -0.246608442453656E+01 -0.902952310689439E-01
% -0.122533911363895E+02  0.546294816310372E+01 -0.190929875514282E+02
% -0.154168574544782E+02  0.148713258226246E+02 -0.103517113328994E+02
% -0.265781918834463E+01 -0.730644375497555E+01 -0.452381920698426E+01
%  0.571159881087582E+01  0.385738889041852E+02  0.121466132767912E+02
% -0.984726518720306E+01 -0.632452765052934E+01 -0.138633994068714E+02
% -0.436179101910215E+02 -0.411089183841850E+02 -0.399771978062195E+02
%  0.770750332126558E+00  0.890880372482960E+00  0.434435524763944E+00
%  0.350369135244138E+02  0.189754156894539E+02 -0.433255551380643E+01
% -0.717338039976543E+01  0.293932523133372E+01  0.678295929495333E+01
%  0.175427629599964E+02  0.492948871936395E+00 -0.151143370510812E+02
%  0.195064117823110E+01  0.759651784482383E+00  0.235050451441691E+02
%  0.332536543032849E+01 -0.303225866050777E+02 -0.357692736616040E+02
%  0.644165461652969E+02 -0.157443911262468E+02  0.161943419492848E+02
% -0.792870966860938E+01  0.255324092569456E+02 -0.256988943100208E+02
% -0.997430101044100E+01  0.197194990929208E+02 -0.185721821949597E+02
%  0.147635904628239E+02  0.357420428746461E+02  0.124540101605285E+02
%  0.134898262930842E+01 -0.365784317268354E+02  0.194153142984645E+02
% -0.198748957583518E+02 -0.930564947740437E+00  0.290152582086004E+02
%  0.186693768195120E+01  0.179578257949286E+02 -0.860091722138591E+01
%  0.484893599762719E+02 -0.492732361819452E+02  0.155593787224008E+02
%  0.979713575851977E+01 -0.510063926554611E+01 -0.343178639074345E+02
% -0.377626485087915E+01 -0.127654451817022E+02  0.235383911688732E+02
%  0.120392440715414E+02 -0.495725727040046E+01  0.129672292903562E+02
% -0.387335070430871E+02 -0.223904025445661E+02  0.578640067229323E+01
%  0.199473071099041E+01 -0.817210584287801E+01  0.515833921148598E+00
%  0.746622232329229E+01  0.165289095145375E+00 -0.620079457678833E+01
%  0.474484433564305E+01 -0.557344742483919E-01 -0.834676783492674E+01
% -0.190678279549057E+01 -0.113705171974865E+02  0.193550271018053E+01
%  0.634153200677162E+00  0.833563891682802E+01  0.444464868766630E+01
%  0.129596253911948E+02  0.219113130561540E+01 -0.141897551932458E+02
%  0.473679080379474E+02  0.906716838550014E+01 -0.143561373438813E+02
% -0.196548568706887E+01  0.184449729366341E+01 -0.290851753556928E+01
% -0.556936948268707E+02 -0.640515645690648E+01  0.289874023746628E+02
% -0.627248135760187E-01  0.445311509763118E+01  0.409215473703876E+01
%  0.586460030879024E+01 -0.364661855069948E+01  0.556377089600193E+00
% -0.383390650429190E+01  0.963161519732737E+01  0.707396733154681E+01
%  0.500966541248958E+02  0.218561738768394E+02 -0.366989368118721E+02
%  0.175859917378904E+02 -0.247586301776888E+02  0.239300291306071E+01
%  0.314177228365198E+01 -0.143700332779406E+01  0.340476030099700E+01
%  0.371271916470236E+02  0.745952199349637E+01 -0.139784513625474E+02
% -0.323671316935264E+01  0.157392813828086E+01 -0.582539203062325E+01
%  0.257558617703282E+02 -0.865103599359176E+01  0.428688820673665E+02
%  0.399848932664911E+02 -0.402092083350064E+02 -0.186756233386680E+02
%  0.642164587902543E+01 -0.504856933897100E+01 -0.135049956012379E+01
% -0.869325127195231E+02  0.104785088050845E+02  0.289978492449662E+02
% -0.656260216438263E+01 -0.651684402983328E+01  0.146567190992860E+01
%  0.119737133896245E+02 -0.187550866982303E+01 -0.920137363038693E+01
%  0.304433133540387E+01 -0.975984109752143E+01 -0.142788812230028E+02
%  0.165861286359342E+02  0.315548510993819E+02 -0.220425435413645E+02
%  0.262583340677992E+02  0.314310789090951E+02 -0.519847844183503E+00
%  0.739650934311278E+02 -0.567103778311013E+01  0.428745256146331E+02
%  0.161224677432166E+02 -0.257904279109273E+02 -0.880079521724913E+01
% -0.143436900030306E+02  0.529775258476717E+01 -0.169111874306914E+02
% -0.601571632521215E+00  0.762341952805094E+01  0.741900845680145E+01
%  0.643760389916056E+01 -0.662856001102383E+00 -0.551436647901016E+01
% -0.593668078735725E+01 -0.682994154018616E+01  0.329201653125292E+01
%  0.275459298321653E+02 -0.286982263419117E+02  0.482361473945663E+01
% -0.971565085914169E+01 -0.882415408813377E+00 -0.178128094556034E+01
% -0.173425398077771E+02 -0.388679361437214E+02 -0.148888845008028E+02
% -0.255576540751745E+01 -0.645391770189642E+01  0.214238504749392E+02
% -0.155415263554409E+02 -0.424827423632298E+01  0.136741945226068E+02
%  0.826914655586368E+01  0.503920116446474E+01  0.440707271523356E+00
% -0.379594739227270E+02 -0.261651310818770E+02 -0.357719729963439E+02
%  0.230373694544039E+02  0.645743056019768E+02  0.142937789118116E+03
%  0.538451613359693E+01  0.217835937857513E+01 -0.113803254625223E+02
% -0.267328974743065E+02 -0.135235947347973E+01 -0.137597714110611E+02
% -0.798208427555351E+01 -0.297220995720108E+01  0.508329048513126E+01
% -0.281944049618113E+02  0.914013122223097E+01 -0.116064149818145E+02
% -0.560193190786478E+01  0.395245534744313E+02  0.920227352888614E+01
%  0.364303881748183E+02 -0.298829238539771E+02  0.140417361226309E+02
% -0.185822877143996E+02 -0.290303188092547E+02 -0.133174920202930E+02
% -0.989497479457793E+01  0.135644459245056E+02 -0.592570441450306E+01
% -0.518056363058522E+01 -0.170041454194117E+02  0.203619103797599E+02
% -0.952388854244905E+01  0.520526772255275E+01  0.413704289567600E+01
%  0.570188460944280E+01  0.340875294660922E+02 -0.919046161538661E+01
%  0.241345960860731E+02  0.685994832445040E+01 -0.147554924652800E+02
%  0.396814335874464E+00  0.196376882015370E+01 -0.751283443919812E+01
%  0.660284408032109E+01 -0.283716934096513E+01  0.313629601602436E+01
% -0.101444946920811E+01  0.121927209509519E+02 -0.802005384492936E+01
% -0.850068597915077E+02  0.280155486364027E+02 -0.406476794576908E+02
%  0.438181582755673E+01 -0.149445105506398E+01  0.294375556395809E+00
% -0.161457082301576E+01  0.252855484378383E+01  0.256870739472725E+00
%  0.264376633515955E+02 -0.321610176420523E+02 -0.511943060525563E+00
% -0.707015561166280E+02 -0.240813499154675E+02  0.184456697571244E+01
% -0.357665387874302E+02 -0.100613516725126E+02  0.826806408168774E+01
%  0.971854481022853E+01 -0.700313798424460E+01  0.250028462883307E+00
% -0.140525229486964E+02  0.124790221404265E+02 -0.221507351164817E+02
%  0.822921076635283E+01  0.262807899047315E+02  0.729915087616534E+01
% -0.396052912337081E+02  0.813986410728903E+01 -0.213757967867344E+02
% -0.303832556413706E+02 -0.716121863231987E+02 -0.207521389904626E+02
% -0.989748552720087E+01 -0.420762153090938E+01 -0.329926536455952E+01
% -0.422369174812553E+01  0.299779802883276E+02  0.298783547277793E+02
%  0.649211418691655E+02 -0.868146493042508E+01  0.401110010794935E+02
%  0.389607988300081E+00  0.400948482774108E+01 -0.101207222263970E+02
%  0.684824744091336E+01  0.144209740698181E+02  0.691824746370193E+01
% -0.416974281410042E+01  0.370972474783842E+02  0.141190258859815E+02
% -0.268753862004120E+01  0.924754937437203E+01 -0.213391385178608E+02
% -0.191023053608749E+02 -0.997379897943225E+00  0.611560715622951E+01
% -0.109549176436086E+02 -0.234886819484242E+02  0.488933459604109E+02
% -0.209814194142986E+02 -0.292877319131285E+01 -0.110454976664260E+02
%  0.992931414651670E+01  0.112388970494781E+02 -0.156848253731501E+01
% -0.455853997515980E+02  0.188416309132225E+02  0.355247488476843E+02
%  0.268036477809188E+00  0.342420447230831E+01 -0.787538633826471E-01
% -0.445493298979256E+02  0.129813091997947E+02 -0.386683379076141E+02
% -0.901136123110396E-01 -0.156095850192620E+02 -0.130087768074980E+02
% -0.122494963339404E+02 -0.478181523716636E+01  0.257352902419442E+01
%  0.253192273003004E+01  0.355983882823769E+02 -0.924947388684002E+01
% -0.135982334314566E+02 -0.135145186967420E+02 -0.151596850002759E+02
%  0.508865548052129E+02 -0.581934878299906E+02 -0.208360742649509E+02
% -0.119069114254481E+02 -0.108650528660591E+02  0.125806052721789E+02
%  0.473451555197000E+02  0.937139461568353E+01 -0.579083854644374E+01
%  0.220617339905442E+02  0.235768811534492E-01  0.104900663891297E+02
% -0.144914118614492E+02 -0.213899232135595E+01  0.605935691358181E+01
%  0.725788783961867E+00  0.215343412736173E+01 -0.847486362719861E+01
%  0.434233324042223E+01  0.276949029474448E+01  0.976984387046588E+01
%  0.397357008154914E+02 -0.179827346635249E+02  0.341713072186673E+02
% -0.281516078814324E+01  0.291694970501191E+01  0.655189556639775E+01
%  0.270783805682739E+01  0.529561598814285E+01 -0.444339277302121E+01
%  0.563506698579948E+01 -0.151514183888221E+02 -0.381681019867031E+02
%  0.394066780577236E+00 -0.521607942596437E+02  0.372065789258040E+01
%  0.246626905249950E+01 -0.189665545288785E+01  0.206107212555459E+01
% -0.356501904996331E+01  0.612498183060116E+01 -0.119987331906235E+02
% -0.185422345827088E+00 -0.574141995911882E+00 -0.287377737497662E+01
%  0.121475990816077E+02  0.149320352996998E+00 -0.678566199600060E+01
%  0.147670184849662E+02  0.718014688696897E+01  0.162181869015096E+01
% -0.146602524509415E+02  0.258260159309567E+02  0.169575188741521E+02
% -0.173304694793693E+02  0.163420088718906E+02  0.186403995450209E+02
%  0.215795636352741E+02 -0.325967830831465E+02 -0.265991514993574E+02
% -0.394566887304793E+02  0.480822984825812E+02 -0.413067290916038E+01
% -0.131159571382587E+02 -0.855344656914057E+01  0.377900528602196E+01
% -0.399285660301663E+00  0.666439735078226E+01  0.597195546882060E+01
% -0.555460815764559E+01 -0.475870323791604E+01 -0.314754891804097E+01
%  0.142992887974692E+01 -0.866874858278100E+00  0.170953117995072E+01
% -0.173744095546759E+02  0.147219796919193E+02  0.770989773921576E+01
% -0.148332294954604E+02 -0.307849100951282E+02  0.323882152214303E+02
% -0.197573103228769E+01  0.315142506662277E+01  0.736877791891798E+00
%  0.692761153205503E+01  0.277123608747859E+01 -0.577572915807977E+01
% -0.537411297839476E+02  0.216199206299278E+02 -0.118518789571448E+02
% -0.104163859172830E+02 -0.125953823201741E+02  0.166396814646604E+02
%  0.330854822274623E+01 -0.218089932570385E+02  0.105928452921411E+02
%  0.472407050389395E+02  0.278026582508325E+02 -0.386402948329027E+02
% -0.181531807202267E+01  0.445201494220695E+02  0.607146405523086E+02
% -0.498667206933675E+01 -0.688568366678041E+01 -0.291582966345424E+02
% -0.417634889473968E+01 -0.128722470552841E+00  0.500279351790866E+01
% -0.795210533980883E+01 -0.163028071483133E+02 -0.206662421125194E+02
% -0.416169827286596E+02 -0.361538138882976E+02  0.219649671637807E+02
% -0.174814505828014E+02  0.322696074325669E+02  0.254579905745818E+01
% -0.298494180170415E+02 -0.244185086587805E+02 -0.764524587699106E+02
% -0.150585680976952E+02 -0.105089573608355E+02  0.611720324329876E+01
% -0.183921977905626E+02  0.231396853888813E+02 -0.139833428082478E+02
%  0.560065425185730E+01 -0.159220498340388E+01  0.551942079230156E+00
% -0.157416471716907E+02 -0.743541090797317E+01  0.783531026639637E+01
%  0.133845113938547E+01  0.806169633451908E+01  0.179889057350342E+01
% -0.580920626182149E+01  0.177623371308068E+02 -0.161128563625561E+02
%  0.119174474154473E+02  0.125240440963655E+01 -0.567149873949748E+02
% -0.131596932133868E+01  0.247678213334226E+01 -0.573158146814433E+01
%  0.444703016803465E+01 -0.365193383351071E+01 -0.862313539865563E+01
%  0.948712525754400E+01  0.424069401949399E+01  0.741205978153816E+01
% -0.380046262897424E+02 -0.330766253919407E+02  0.256408709978180E+02
% -0.338091830592914E+01 -0.983893791394155E+01 -0.104245261951151E+02
%  0.145883241648766E+02  0.294286366797625E+02  0.130023376986236E+02
% -0.146536259122510E+02 -0.466390492447519E+01 -0.110721620992087E+02
%  0.122292692170813E+02  0.396322680177995E+00 -0.127298406904054E+02
%  0.200966666549057E+02 -0.415947991402160E+02  0.232218661848707E+01
%  0.413643649438410E+02 -0.669663522510327E+01  0.824123380419647E+01
% -0.692043251386883E+01  0.843172877994897E+01 -0.223746818606349E+02
% -0.788530981006538E+01 -0.347689452095291E+01  0.880344896925483E+01
%  0.180490786005940E+02  0.134778954367725E+02 -0.417638842325898E+01
% -0.291539222543034E+02 -0.277833684270889E+02 -0.613744166056989E+01
% -0.868979635990481E+01 -0.843439457212088E+01 -0.243962771458920E+02
% -0.157507496093104E+02 -0.106654076258721E+02  0.521494729603653E+02
%  0.138679065027649E+02  0.281889347894445E+02 -0.167137712373649E+02
% -0.278773057360704E+02 -0.710982370938338E+01 -0.217593255510894E+00
% -0.116863980096653E+01  0.488143193984209E+02  0.607613246615868E+01
% -0.568352096774841E+01 -0.409499715572253E+02 -0.910555708293249E+01
% -0.474579338945514E+02 -0.140842009562040E+02  0.842063519176329E+01
% -0.731406642865026E+01 -0.382870172405530E+01  0.556254841097244E+01
%  0.586637614370715E+02  0.242227013899289E+02  0.596280240363313E+01
%  0.915216741434854E+01  0.202208306422834E+02  0.773666363236493E+02
% -0.400260490998199E+00 -0.553361768962716E+01 -0.247303015544174E+02
% -0.115346399757522E+02 -0.259351883034636E+02 -0.605493111153499E+00
% -0.169378679844455E+02  0.334813499302843E+01  0.251707997816749E+02
%  0.207656964134689E+02  0.106268443643223E+02 -0.499765237649278E+02
%  0.170450852812783E+02 -0.755750974328388E-01  0.161810958181310E+02
% -0.380311745202367E+02 -0.166712000286449E+02 -0.537156723553074E+01
%  0.116102126640401E+02 -0.180663370715611E+02  0.213295477422310E+02
%  0.791219752210738E+01 -0.311517028973407E+02 -0.303740253961569E+02
%  0.204389382209899E+01  0.175415207354934E+02  0.433174735351726E+01
% -0.109475260696950E+02  0.157638469785309E+01  0.520431987143508E+01
% -0.232392840479680E+02  0.249567524612235E+02  0.882783499116909E+01
%  0.775255444316932E+00 -0.393957838688909E+00 -0.146790810193693E+02
%  0.189663926451045E+02  0.797427931386908E+01  0.583596694550097E+01
%  0.144941457471912E+02  0.450103744502387E+02 -0.150188067111730E+02
% -0.138219836223146E+01  0.118605682814459E+02  0.883738058375961E+01
% -0.279815765205571E+02  0.316668936151099E+02 -0.838203349826790E+01
% -0.299972193473067E+02 -0.123637078459669E+02 -0.100444346944913E+02
%  0.109722774932690E+02  0.316734945946109E+01  0.522460924953147E+01
%  0.225172316869817E+02  0.773589435385964E+01 -0.611255640329770E+01
% -0.777597038064122E+01  0.315751078371968E+02  0.600890989191605E+01
%  0.746208134420108E+01  0.153190608067492E+02 -0.964567553905091E+01
% -0.181871903801055E+02 -0.121185983549749E+01  0.188469198244577E+01
%  0.278595047396699E+02  0.273193706731592E+02 -0.257381883355865E+02
%  0.107786666682041E+02  0.824876661730801E+00  0.661713861220863E+01
%  0.401817335120041E+00  0.220620027929355E+01 -0.470788994170515E+00
%  0.346259953608311E+02  0.183561622904735E+02  0.270593672153157E+02
