% T    256  0.715122828077254E+01  0.715122828077254E+01  0.715122828077254E+01
  -0.500002233055437E-01  0.183997402331291E+01  0.529616608726686E+00
  -0.680602168715122E+00 -0.164068069803986E+01  0.247415241840946E+01
  -0.916846775639842E+00 -0.152186123881934E+01 -0.192555618409645E+01
  -0.278620524946693E+00  0.846155876500743E+00  0.281998397030598E+01
  -0.861872564935629E+00 -0.131070481289250E+01  0.123240058156720E+01
  -0.221457947767229E+01 -0.239976453354044E+01  0.267572777821665E+01
   0.128984674257922E+01  0.281549036665687E+01  0.153363181226686E+01
   0.313304808223624E+01  0.211762861170178E+01  0.192192400922000E+01
  -0.281129538006196E+01  0.589661343081092E+00 -0.153212797837044E+01
   0.289687886202265E+01 -0.237210713049255E+01  0.822822165033161E+00
   0.279683090964438E+01 -0.222346951798989E+00 -0.758189861842963E-01
   0.570315172525706E-01  0.203424856564802E+01 -0.205197451747822E+01
  -0.178689784522247E+01  0.111291008572545E+01  0.202370718114390E+01
  -0.292585197231568E+01  0.219038242723491E+01 -0.262009168361838E+01
  -0.130828775708638E+01 -0.240551690354147E+01 -0.290798199418865E+01
   0.284921355443735E+01 -0.248458461025381E+01 -0.288027503633296E+00
   0.175779371517719E+01  0.336919642093138E+01 -0.240075742658283E+01
   0.237024890621932E+01  0.299688845768534E+01 -0.298701213789217E+01
   0.258759677177531E+00 -0.165204740686818E+01  0.285809977251064E+01
  -0.689845971984396E+00 -0.654698539257088E-01  0.344489340140527E+01
   0.323986659690709E+01  0.435223842364629E+00 -0.122116157873345E+01
   0.232169129637845E+01  0.134275229333110E-01  0.272937742788911E+01
   0.162312404825025E+01  0.169128959663030E+01 -0.140953388550246E+01
  -0.270630624389283E+00 -0.179421617146790E+00  0.427199293817678E-02
  -0.326274475179784E+01  0.353753320981696E+01  0.103394370078322E+01
   0.138963751759262E+00  0.933117629557262E+00  0.289318852842759E+00
  -0.320881459787333E+01  0.208709736075578E+01  0.331731115526120E+01
   0.181501336753235E+01 -0.225906824860415E+01  0.154504735778259E+01
   0.541723687783183E+00 -0.155868940693311E+01 -0.234198430946661E+01
   0.586351158826327E+00 -0.332436841263909E+00 -0.281903911375881E+01
   0.128887746305856E+01 -0.619350390918615E+00 -0.983167044988497E-01
   0.655717251031667E+00 -0.104343766925322E-02  0.727975997291333E+00
  -0.315129700625936E+01  0.674867448709583E+00 -0.632972799700074E+00
  -0.341102342554179E+01  0.309977897355010E+01 -0.209769858692467E+01
  -0.225606748087224E+01  0.264157926439068E+01  0.348277001574898E+01
   0.329222731056203E+01 -0.207542743691358E+01 -0.132490324091619E+01
   0.175675391689711E+01  0.151113186440841E+01 -0.318772857043544E+01
   0.225036943353951E+01 -0.122286772417595E+01  0.966172241107979E+00
  -0.277669561721238E+01 -0.296520704588336E+01 -0.303765657075946E+01
   0.296244980456141E+01 -0.338971842055518E+00 -0.230180740902976E+01
   0.393364834787106E+00 -0.724146557118116E+00  0.335576800592899E+01
   0.325506566291330E+01 -0.163748795647615E+01  0.146397914709651E+01
   0.222037288771615E+01  0.939173201740757E+00 -0.105971199181841E+01
  -0.712399702791023E+00 -0.274814955973475E+01 -0.103181927164775E+01
   0.135482752751584E+01  0.339205031500333E+01  0.248667894958229E+01
  -0.612733605447544E+00  0.563714574550618E+00  0.163844274487195E+01
   0.644775009769281E+00  0.260363496449360E+01  0.753601985343745E+00
   0.715671337876310E+00 -0.305217560260816E+01  0.292445631085062E+01
  -0.509114959526799E+00  0.270828844873499E+01  0.319706309243757E+01
  -0.683454334278230E+00  0.144496156475026E+01 -0.256576463405643E+01
  -0.356402237326320E+01  0.222636353929929E+00 -0.309459294891743E+01
   0.207108336035875E+01 -0.126584807611546E+01 -0.804681159440553E+00
   0.348137552248059E+01 -0.304801703119376E+01  0.140921731097469E+00
   0.230997326556092E+01 -0.223724068949098E+01 -0.105044642371301E+01
  -0.220744721250904E+01  0.322902831020509E+01  0.137460546692591E+01
  -0.308137365757985E+01  0.846005220053482E+00  0.222886592585883E+01
  -0.455157763203211E+00 -0.320308018151215E+01 -0.188082357604317E+01
  -0.282447211599197E+01 -0.344561963681717E+01 -0.497126790494825E+00
   0.293505720253054E+01 -0.356982869183829E+01  0.316836173996660E+01
   0.212247187278092E+01 -0.190897284135992E+01  0.355722373365888E+01
   0.206831771451022E+01 -0.170607497012605E+00 -0.742380936114935E+00
   0.232819877363288E+01  0.269921445635051E+01  0.187632430025040E+01
  -0.774908442916284E+00  0.304858409821151E+01 -0.223009191708028E+01
   0.136237203391219E+01 -0.116584458453642E+01  0.341349820709660E+01
  -0.403049002474003E+00  0.121886877124602E+01 -0.144396092856949E+01
   0.303539483083844E+01 -0.130457958275874E+01 -0.217356413331205E+01
  -0.163939928889083E+01  0.791399383107872E+00 -0.184717960358539E+01
   0.296493842472750E+01 -0.120433937711579E+01 -0.319569089590732E+01
  -0.105230578875900E+01  0.110294557705321E+01 -0.786284693237193E+00
   0.938896523871753E+00  0.150970072075685E+01 -0.232293345826890E+01
  -0.295730184540654E+01  0.311630239292920E+01  0.269773777856639E+01
   0.194672768232366E+01  0.940047476009651E+00  0.189220290536889E+01
  -0.175821313394630E+01 -0.341405094322121E+01 -0.148084890352895E+01
  -0.150461556832229E+01 -0.242898420385625E+01 -0.172521204596287E+01
   0.214588976855381E+01 -0.107274688760353E+01  0.272387455350359E+01
  -0.187629552501696E+01  0.265776026434430E+01  0.581847746290117E+00
  -0.158984959071405E+01  0.340045236484508E+01 -0.299437419333508E+00
   0.113200059861879E+01 -0.141617709680639E+01  0.785474062919462E+00
  -0.264175940107330E+01 -0.195815715662519E+01  0.113635034990846E+01
  -0.126330649211276E+00  0.711374160380406E+00 -0.756816063328276E+00
  -0.246885001483663E+01  0.184305881597123E+01  0.794741341224362E+00
  -0.254619316814669E+01 -0.332791723548777E+00 -0.560053861569730E+00
  -0.356411534276799E+01  0.269385230961039E+00  0.156805792700046E+01
   0.474434252249308E+00  0.380050910227325E+00  0.334535761429047E+01
  -0.513777090964647E-01 -0.562337976820799E+00 -0.174504650369860E+01
  -0.290782778713859E+01  0.981304491004971E-01  0.327360931524179E+01
  -0.284299587329793E+01 -0.266280294577689E+01  0.321332977720584E+00
   0.345608671564648E+01  0.135589946798275E+01 -0.172174144753818E+01
   0.227429250342872E+01 -0.320478526339948E+01  0.212710745074108E+01
   0.107414606623102E+01  0.181470362499876E+01  0.119769922642190E+01
  -0.337373763569457E+01 -0.325138985242661E+01 -0.145034505482406E+01
   0.272608917284822E+01  0.269729792510340E+01 -0.175807822101498E+01
   0.341499832364587E+01 -0.254337763125709E+01 -0.238142162093646E+01
  -0.531391095982706E+00 -0.675349299444880E+00 -0.854917408434896E+00
   0.177631704547437E+01 -0.308926826138510E+01  0.186504320643612E+00
  -0.220405779142236E+01 -0.181145732315216E+00 -0.245294130476992E+01
   0.218064366186187E+01 -0.837684262232888E+00 -0.168767226423724E+01
   0.331840225150769E+01  0.370024482797365E+00  0.275850567660511E+01
   0.757320879467009E+00 -0.395312576858977E+00  0.188978113355331E+01
  -0.276854580865417E+00  0.254729228829951E+01 -0.305779314374791E+01
  -0.143429626045156E+01  0.768500627855957E+00 -0.340798703445947E+01
   0.105457650151753E+00  0.264445335797946E+01 -0.127178328399074E+01
   0.292091975437629E+01  0.249718255569920E+01  0.353021738975200E+00
  -0.213064718659768E+01 -0.339633090378022E+01  0.543358884701190E+00
  -0.286289046251263E+01 -0.740777272600593E+00  0.278682537673580E+01
  -0.149781282256475E+01 -0.143628297301499E+00 -0.483881660920009E+00
   0.147139671108450E+01 -0.140301521632613E+01  0.183006279319628E+01
   0.114374082250228E+01 -0.709816505490282E+00 -0.122069891746662E+01
  -0.219171254912893E+01  0.553412478575357E+00  0.275218873545259E+01
   0.304528432393445E+01 -0.646931539770060E+00  0.230831866887534E+01
  -0.773908085695845E+00  0.405970913880897E+00 -0.263850482155652E+01
   0.290417092302998E+01  0.337542850668563E+01 -0.120861509329183E+00
   0.290049604830026E+01  0.116336449970142E+01  0.190835079828914E+01
  -0.166002652346479E+00  0.165636702081835E+01 -0.490798876281036E+00
   0.787420292901383E+00 -0.198231503525595E+01 -0.349502037655173E+01
  -0.113513853410135E+01 -0.287684535838940E+01 -0.701371250361391E-01
  -0.100636607190573E+01  0.178450160320232E+01 -0.355770852319354E+01
   0.126119994265802E+01  0.498401547354049E+00 -0.617361235059309E+00
   0.174502551200355E+01 -0.169064220764772E+01 -0.219259859620212E+01
  -0.251181815625894E+00 -0.517049823298901E+00  0.116736253343015E+01
  -0.333297860439236E+01 -0.617572817968390E+00  0.128762911903423E+01
  -0.305108500797070E+01  0.328995326327950E+01 -0.347132161931998E+01
  -0.174532124875019E+01  0.178610284205133E+01 -0.847349836167024E+00
  -0.229154524316850E+01 -0.160951518442245E+01 -0.124266219406752E+01
  -0.114895315004115E+01  0.272902951815409E+01 -0.118192008786923E+01
  -0.852313271321886E+00  0.288530768563278E+00 -0.154491442629602E+01
  -0.140994235647991E+01  0.302997670628454E+01  0.304183031151996E+01
   0.132910555824331E+00 -0.163807985070338E+01  0.554463153802328E+00
   0.150780482041591E+01  0.257300029487057E+01 -0.119388239378180E+01
  -0.133838641406345E+01  0.299799337903597E+00  0.650100951514282E+00
  -0.654290178705004E+00 -0.270749746891507E+01  0.836360170987837E+00
  -0.239390697106536E+01  0.336944072666211E+01 -0.256883615705905E+01
  -0.347498107879014E+01 -0.170344026754433E+01  0.255571236132057E+01
  -0.306572950169049E+01 -0.195005288741921E+01 -0.510277155771298E+00
   0.391577146005582E+00  0.734352676054638E+00  0.143149504428453E+01
   0.784861592523767E+00  0.243161929760584E+01  0.240865639055598E+01
  -0.310299892776152E+01 -0.271106222544953E+01  0.319572341598439E+01
  -0.242302787080483E+01  0.288076914661849E+01 -0.974370756179471E+00
  -0.117818471814107E+01 -0.120096405576523E+01 -0.346805684512782E+01
   0.284344136303209E+00  0.518631236780502E+00 -0.231341952947467E+01
   0.249566185756951E+01  0.348282956020107E+00 -0.330789042701713E+01
   0.637348240555653E+00 -0.206084957978846E+01  0.158854415115356E+01
   0.319925563653384E+00  0.266047746130817E+01 -0.254990807271490E+00
  -0.346556604658607E+01  0.134563105480211E+01 -0.303260425974704E+01
  -0.115500809374703E+01  0.349637595190403E+00  0.246498759141287E+01
   0.128569502227875E+01 -0.661905919874471E+00 -0.218138731471363E+01
  -0.157797247276465E+00 -0.277667134744550E+00  0.244674384865521E+01
  -0.189208762372622E+01 -0.131870020393878E+01 -0.253835779602315E+01
   0.247139201211466E+01  0.269676097201074E+01 -0.780284519494796E+00
   0.310824809927520E+01 -0.401979989500727E+00  0.330475719145752E+01
   0.204791237735466E+01 -0.593260456658215E+00 -0.274574248371034E+01
  -0.116440139784694E+01  0.317586480829228E+01  0.107183189454671E+01
  -0.182985789568310E+01  0.286929404029138E+01 -0.198084620554105E+01
   0.189765492072232E+01  0.371546241453884E+00 -0.249142258705931E+01
   0.232266758194168E+01  0.168246755930432E+01  0.121913246243541E+01
   0.180243693737126E+01 -0.324499272444725E+01 -0.340198019895310E+01
   0.189393846763825E+01 -0.182957505247275E+01  0.184019233377358E+00
  -0.117024057200577E+01  0.177715816817637E+01  0.245012252431885E+01
   0.170941745337585E+01  0.607767817716400E-01  0.126010741534030E+01
   0.344702223875490E+01  0.307255608633354E+01 -0.870883533157297E+00
   0.325811895171713E+01  0.323289119650578E+01  0.183078693457888E+01
  -0.197130062659685E+01  0.148280380270875E+01 -0.282363794998251E+01
  -0.317100226933941E+01 -0.118463414691324E+01 -0.154480370054854E+01
  -0.654758137621255E+00 -0.334890214346819E+01  0.240473302614109E+01
   0.120248116973654E+01  0.594996747817178E+00  0.235601292596471E+01
   0.683272821089127E+00  0.833204266199591E+00 -0.143826546669950E+01
   0.275108624175565E+01  0.661444399146798E+00  0.110572613952112E+01
   0.937267664569478E-01 -0.334372635030370E+01 -0.717332019285236E+00
   0.147509711668947E+00  0.326887650295291E+01  0.217855397009849E+01
  -0.116662321575353E+01  0.133150899521879E+01  0.164599725053157E+00
  -0.168376154692282E+01 -0.280777038660338E+01  0.146670045480223E+01
  -0.203157958007576E+01  0.788056737427846E+00 -0.671534281719991E+00
  -0.156427028771621E+01 -0.195719835108058E+01  0.208936000445562E+01
   0.271320691244856E+01 -0.352022000557032E+01  0.829865974327992E+00
  -0.312564596357648E+01  0.307490509088652E+00  0.498351390213865E+00
   0.339634598757562E+01  0.248211329317343E+01 -0.282501383775763E+01
   0.297663845370002E+01  0.180737090527940E+01 -0.437776422210384E+00
  -0.217936538753347E+01 -0.105272275379464E+01  0.187819061638600E+01
  -0.140259894013228E+01  0.190447946757606E+01 -0.199809710015204E+01
  -0.130600313821743E+01 -0.740902143294412E+00  0.551940251105605E+00
   0.156364346486842E+01  0.193178010058294E+01 -0.854839577412522E-01
  -0.308124195066047E+01  0.207365683500012E+01 -0.106590390138650E+01
   0.280178339610623E+01 -0.354368555885642E+01 -0.236612771185329E+01
  -0.352425602661651E+00  0.340931568798982E+01  0.110006222998940E+00
  -0.718350822278791E+00  0.145222336665873E+01  0.119258586470126E+01
  -0.337057104501621E+01  0.111575686280884E+01  0.322325943001470E+01
   0.211986240876935E+01  0.257840605459428E+01  0.888976040580569E+00
  -0.302038194249768E+01  0.181494040537370E+01  0.188529429879998E+01
  -0.329696674073374E+01  0.281465181662841E+01  0.920695459522550E-01
   0.146250458642183E+01 -0.234757680510312E+01  0.240406674173761E+01
   0.202590165281825E+01 -0.349941237357040E+01 -0.917001841044199E+00
   0.102462995417177E+01 -0.313428093887698E+01 -0.334910824795511E+00
   0.277694710429520E+01 -0.118415133335060E+01  0.151754285771151E+00
  -0.308536678832614E+01 -0.265689088978884E+01  0.222578872784118E+01
  -0.318629682611657E+01  0.164159349102555E+01 -0.152676071311153E+00
   0.317271214650258E+01 -0.217984715741748E+01 -0.346736479919607E+01
  -0.257672200007807E+01  0.606031078718902E+00 -0.303089931695789E+01
  -0.210200065783603E+01 -0.349479206286698E+01  0.231267909353698E+01
  -0.167823454871022E+00 -0.297763482313508E+01  0.346207164325109E+01
   0.891216135031794E+00 -0.279090390315953E+01 -0.246304128326900E+01
   0.245879339005231E+01 -0.258200417663651E+01 -0.272102863348003E+01
  -0.342623523843306E+01 -0.235930944044317E+00 -0.174425021691198E+01
   0.132655927801848E+01 -0.198989889375669E+01 -0.740226415798390E+00
  -0.199928426438307E+01  0.142213800408532E+01  0.308444086824025E+01
   0.645779203114065E+00  0.254686874990054E+01 -0.263793342202451E+01
   0.189481751016950E+01  0.178448566412260E+01  0.263607417831808E+01
   0.306210842194439E+01  0.775360878307594E+00 -0.243585599192323E+01
  -0.127854573614117E+01 -0.141617645549030E+01 -0.772752245035882E+00
   0.788829350898279E+00  0.174752188888431E+01 -0.783952688972071E+00
  -0.325572768921657E+01 -0.625103065941675E+00  0.184613609928081E+00
   0.791875077438885E-01  0.141476263540406E+01  0.201850128937868E+01
   0.109806793063183E+01 -0.257222327998161E+01  0.653703869728066E+00
   0.283837603794654E+01 -0.295850169872384E+01 -0.142577747955367E+01
   0.275865232411437E+01  0.782534327837977E+00 -0.221596958251206E+00
  -0.185647422608839E+01 -0.382101022477461E+00  0.357207916523478E+01
   0.162766788629084E+01  0.264576029698266E+01  0.325696742139395E+01
  -0.191458391396209E+01 -0.225150855391534E+01 -0.544219554682516E+00
  -0.757997092640790E+00  0.295906977871330E+01  0.199426119012196E+01
  -0.216035326312053E+01 -0.174488979038925E+01 -0.344458805299110E+01
   0.824259346611369E+00  0.353751682369947E+01 -0.329299529720244E+01
   0.168293129678183E+01  0.106674831271235E+01  0.430102527951088E+00
  -0.334173832235177E+01 -0.179947800000026E+01  0.430380215822103E+00
  -0.285129538995250E+01 -0.207226419346611E+01 -0.274567646669979E+01
   0.251205866970547E+01 -0.269351959744205E+01  0.305546909904680E+01
  -0.178984971833327E+01 -0.300439227466465E+01  0.350900058549437E+01
  -0.919984271800465E+00 -0.695818759213947E+00 -0.244411034065202E+01
   0.180559715405652E+01 -0.339835337252811E+01  0.112627053445458E+01
  -0.293980337048538E+01 -0.100019717870791E+01 -0.272534141554604E+01
   0.535957956713803E+00  0.128184008331848E+01  0.299106955491337E+01
   0.171646692518475E+01  0.299519903942592E+01 -0.291286986822894E-01
   0.285007155129256E+01 -0.330028911881297E+00  0.120454071506974E+01
   0.132111926198527E+00 -0.124838286982073E+01  0.184616853641019E+01
  -0.171000088663502E+01 -0.176592047626924E+01  0.451597778727218E+00
  -0.294103173869740E+01  0.107187643639067E+01  0.111967797326137E+01
  -0.368174316519489E+00 -0.224681314007852E+01  0.182274069441088E+01
  -0.235315656037700E+01  0.155345693554280E+01 -0.169927684260213E+01
  -0.189567890939281E+01  0.247778827254708E+01  0.230706360315809E+01
   0.314162685021094E+00  0.341720124067728E+01 -0.238605252413033E+01
   0.168697048867578E+01  0.227335412679820E+01 -0.243175946565610E+01
  -0.105301653024707E+01 -0.212751953489573E+01  0.323413795535402E+01
   0.354325363819181E+00 -0.100929618926396E+01 -0.606363741903121E+00
  -0.132864671267869E+01  0.335016198156186E+01 -0.310088468889306E+01
   0.262986966075007E+01 -0.201011485163784E+01  0.230739920634614E+01
  -0.338957759090477E+01 -0.268262014523493E+01  0.125228242532226E+01
  -0.244096174540065E+01 -0.118263574586214E+01 -0.147324223951080E+00
  -0.788864844807980E+00 -0.190177985158893E+01 -0.390719217806829E-01
   0.158184826696802E+01  0.322362364655730E+00 -0.164765617514540E+01
  -0.172850905800500E+01 -0.635937798089691E+00 -0.154860834081358E+01
  -0.223497447042953E+01  0.322933863621298E+00  0.123411510911693E+01
  -0.259965271626153E+01 -0.262210908676213E+01 -0.141662968698349E+01
   0.651897369066896E+00 -0.341178774379534E+01  0.128405043985273E+01
  -0.285462289814032E+00 -0.183051200384284E+01 -0.126703692702602E+01
   0.264444782194267E+01  0.144129749403739E+01  0.355327509926637E+01
   0.283501234566590E+01  0.230107566052499E+01  0.302019710632062E+01
  -0.742904938275254E+00  0.247814535785819E+01 -0.355736571719982E-01
  -0.369408144711792E+00 -0.168445657317290E+01 -0.285934124120383E+01
% -0.122971577835123E+01  0.579948200972436E+00 -0.220821575232829E+01
% -0.305883405001371E+00 -0.124606628131088E+01  0.157025725872034E+01
% -0.109241903906697E+01  0.110066775403885E+01  0.244996272657631E+01
% -0.273144592628389E+01 -0.203740046086769E+01 -0.151678189530313E+00
% -0.162935103358929E+01 -0.162890845185315E+01 -0.395997928661446E-01
% -0.746992481480685E+00  0.123888878644274E+01  0.220607563515834E+01
%  0.223239594053257E+01 -0.452922093777277E+00  0.724377655346028E+00
%  0.150949551426075E+01  0.181273545650380E+01 -0.391346363582391E+01
%  0.176039455943509E+01  0.420501963400034E+01 -0.158982389232515E+01
%  0.219999921005438E+01 -0.234573810062125E+01 -0.121665828027945E+01
% -0.246198713349471E+01  0.166468145696750E+01  0.650437060017809E+00
% -0.164440945025048E+01  0.110358354413896E+01 -0.138289000557561E+01
%  0.566041654193607E+00 -0.130332126202932E+01  0.697764148303407E+00
%  0.129643756252813E+01  0.270559396902907E+01  0.158211449613703E+01
%  0.142972486674150E+01 -0.242963555073074E+01 -0.254178843574943E+01
%  0.321937732991069E+01 -0.637068265411935E-01  0.168235381349882E+01
% -0.173034425121544E+01 -0.151280297173499E+01 -0.468118021312085E+00
%  0.208201624484747E+01  0.134501593775461E+01  0.266557700879090E+00
%  0.220832804620372E+01 -0.140190203539368E+01 -0.270451852793847E+01
% -0.455540094357079E+01 -0.861656520738176E+00  0.107664404974829E+01
% -0.144508071731079E+01 -0.554819310828369E+00 -0.443062714045359E+00
% -0.231782914796361E+01  0.206560280828202E+00 -0.113009175076137E+01
% -0.940817513308559E+00  0.184266790839087E+01 -0.996683014227694E-01
% -0.850229910861705E+00  0.262212768837056E+01 -0.800138290604746E+00
%  0.449931029022443E+00 -0.681331934788473E+00 -0.200689356472056E+01
% -0.557309627499148E+00 -0.122433124648647E+01  0.162175574919609E+00
% -0.208484688861658E+00  0.955759016095571E+00 -0.840627962250392E-02
%  0.157074280065641E+01  0.698176794984943E+00 -0.249355784566853E+01
%  0.244476461725898E+01 -0.248860203012936E-01  0.141798368012728E+01
%  0.508672789567868E+00 -0.153393435112090E+01  0.102973802026775E+01
% -0.116056832189494E+01  0.619315691135188E+00  0.243333927472559E+01
%  0.974500081477121E+00 -0.266065320272817E+01 -0.119242388058554E+01
% -0.517751611969864E+00  0.692032638531311E+00  0.161525563441338E+01
% -0.114207572034084E+01  0.344433523598445E+00  0.869607242439580E+00
% -0.282387470858381E+01  0.252980555442711E+00  0.217989288981995E+01
% -0.157128437718609E+01  0.378234287987129E+01  0.351052397025922E+00
% -0.100287370320659E+01  0.400732443782890E+00 -0.825852197991227E+00
% -0.157678738723938E+01  0.890311474418955E+00  0.382661397626758E+00
%  0.249276726658567E+01  0.184554086676254E+01  0.146500249391213E+01
%  0.241980411225983E+01 -0.144425963631458E+01  0.366146090284428E+01
% -0.484870922659737E+00  0.164483138776639E+01  0.903628001745734E+00
% -0.109728684858644E+01 -0.253558954486699E+00 -0.236718143863945E+01
% -0.312121206096634E+01 -0.102545402470476E+01 -0.109200401152752E+00
%  0.489966339757699E-01  0.832309837615030E+00  0.638937730350416E+00
%  0.792031684877238E+00  0.939674622812852E+00  0.196699565902718E+01
% -0.388595300019007E+00 -0.459098944468567E-02  0.114101927583952E+01
% -0.639284823338979E+00  0.953961928607395E+00 -0.207248506163966E+01
%  0.367664318665995E+01  0.123794418663533E+01 -0.501211253734532E+00
% -0.288856197572213E+00  0.195898977441887E+01 -0.223784771851367E+01
% -0.590476394416110E-01 -0.745182537628851E+00  0.845236537800248E+00
% -0.214650627683250E+01  0.674137145892245E+00  0.326911038502564E+00
%  0.146258030894952E+01 -0.190543014443387E+01  0.118907505367768E+01
% -0.332799921738577E+01 -0.436706390737446E+00  0.127990966374972E+01
% -0.169636136589986E+01 -0.217741437897806E+01 -0.421925974247119E+01
% -0.900270942343498E+00  0.100434564849164E+01  0.104329706767514E+01
% -0.288859463878680E+00  0.494774602605612E+00  0.353570871491736E+00
% -0.231158312974761E+00  0.154901745696353E+01  0.677835116573656E+00
% -0.628477127049264E+00  0.214801343683922E+01  0.913067164246881E+00
%  0.262178336670057E+00 -0.365731361625293E+00 -0.697308223168486E+00
% -0.193463306298299E+01 -0.884973319406640E-01 -0.240475912266740E+01
% -0.307790480085676E+00  0.225684416071221E+01 -0.144501207602041E+01
% -0.416563506032255E+01 -0.100769415669315E+01  0.279115199784769E+01
%  0.579546690020011E-01  0.696818734875175E+00  0.223117040446611E+00
%  0.474097967341493E+00  0.196768856994706E+01  0.837318661921693E+00
% -0.233751437362428E+01 -0.379676998789525E+01 -0.145892133942960E+01
% -0.414964439832046E+00  0.156710495352475E+01  0.303670937835710E+01
%  0.106760898944505E+01 -0.237914261198234E+00  0.203698675326199E+00
% -0.899239133642692E+00  0.277106514043931E+01  0.218356428554599E+01
%  0.166423896215880E+00  0.212924747795777E+00  0.211518316738204E+01
%  0.100084265772782E+01  0.528845235205638E+00 -0.127989847000007E+01
%  0.198324139762468E+01 -0.188540622503358E+01 -0.270733756898952E+00
% -0.210625589105714E+01 -0.138023077044978E+01 -0.378074227579931E+01
% -0.225948551280873E+01 -0.562581913108293E+00 -0.262603106133707E+01
%  0.227870283297593E+01 -0.613005595472280E+00 -0.641359130081515E+00
%  0.154789606433635E+01  0.289506747264757E+00 -0.131887841745401E+01
%  0.419599167534397E+01 -0.124536233926509E+00 -0.131946323248392E+00
% -0.230323585515617E+01 -0.219274263634616E+01  0.303970693902852E-01
% -0.184107094533879E+00 -0.618035938139876E+00 -0.212433580078342E+01
% -0.334581761880488E+00  0.881611307828631E+00  0.145176685144371E+01
%  0.437669829935493E+00 -0.668753435898920E+00 -0.207496095270473E+01
%  0.436284949986194E+00 -0.202965450734552E+01  0.174808265639447E+01
%  0.648457335038002E+00 -0.632364229865000E+00  0.869791107548117E+00
% -0.126029808097940E+00 -0.172785495084370E+01 -0.226586464212268E+00
%  0.252970233159538E+00  0.205172460414793E+00  0.229769241216416E+00
%  0.157125112691036E+01 -0.212099263205582E+01 -0.659573428561579E+00
%  0.913945056012393E+00 -0.236314889862375E+00 -0.364300185751309E+01
% -0.183504825068779E+01 -0.260100038630404E+01  0.404183532117791E-01
% -0.273820795489861E+00 -0.285734398415453E+00  0.891395881714396E+00
% -0.474913057067283E+00 -0.212000365436172E+00 -0.593062583285527E-01
% -0.417160323725021E+01 -0.357283854750863E+01  0.211700010506946E+00
%  0.133596792145063E+01  0.214629920575740E+01 -0.365112846329935E+01
%  0.512976793489339E-01  0.190012230779825E+01 -0.233296365773916E+01
%  0.154369694890259E+01 -0.944600604476130E+00  0.138139643512116E+01
%  0.114746944168099E-01  0.140250002647441E+01  0.231729111941472E+01
% -0.154184711336052E+01  0.330197225846143E+00  0.226729565354063E+00
%  0.186605874297023E+00  0.342134515398208E-01 -0.143069160478183E+00
% -0.781115716872013E+00 -0.255508029002229E+00 -0.633886230317285E+00
%  0.650969966266565E+00  0.476569073834460E+00  0.203012226248024E+01
%  0.241366531650293E+01 -0.145830373764736E+01 -0.115712007984563E+01
% -0.229932756278287E+00 -0.841226056920328E+00  0.208226392032481E+01
%  0.102157156059163E+01 -0.127626612572654E+01  0.293081867850897E+01
% -0.577010329340829E+00  0.147233528354055E+01 -0.110244349625173E+01
%  0.152503376067490E+01 -0.497088458276623E+00  0.162873192356877E+01
%  0.321044550733538E+01 -0.126990054454120E+01  0.281851359586581E+01
%  0.174717795527340E+01 -0.813659630107783E+00  0.155603901914191E+01
%  0.769834154007044E+00  0.952841445641308E+00 -0.441551501790886E+00
%  0.111156005505920E+01  0.698341792698329E+00 -0.666908481903926E+00
%  0.202835268965380E+00 -0.215238291521332E+01  0.121803867783865E+01
% -0.153626953773136E+00  0.384376873441951E+00 -0.130481171539761E+01
%  0.124377485533177E+01 -0.222444051687683E+01 -0.183423152154128E+01
% -0.340397147158389E+00  0.111723093208594E+00 -0.247707772076027E+01
% -0.117923979378865E+00  0.332930521010234E+00  0.254878641305873E+01
% -0.433418229619927E+00  0.143205393622196E+01  0.877745489786080E+00
% -0.132762484563703E+01 -0.144479176612059E+01 -0.135418629877112E+01
% -0.718867155835343E+00 -0.129318609711951E+01  0.229124457029103E+01
% -0.125219166401494E+01  0.180359035288868E+01  0.107648992342843E+01
% -0.461407955752980E+00  0.732381732590936E+00  0.931267687391433E+00
%  0.356860356455564E+01  0.101944102325572E+01  0.232743540185695E+01
%  0.638208342775040E+00  0.207494413475116E+01  0.222230882007883E+01
%  0.381409356351274E+00 -0.153882399177693E+00 -0.160380573225479E+01
%  0.101542652714579E+01  0.772013998120062E+00 -0.623838137133042E+00
% -0.602885966254180E+00  0.329804539917445E+00  0.969464768087910E+00
% -0.229747579238845E+01  0.127186589305323E+01 -0.150022035338101E+01
%  0.809793430375055E+00 -0.591673855921476E+00 -0.150276731528827E+01
% -0.258019204947612E-01 -0.394705494739095E+00 -0.221040590071848E+01
% -0.154394482678384E+01 -0.123819621436325E+01  0.103720368362204E+00
%  0.422269151728343E+00  0.376219301278680E+00  0.122408184627357E+01
% -0.735490402309128E+00  0.139230148917639E+00  0.928440908160107E+00
%  0.204398611993445E+01  0.145146814406357E+01  0.783890491611504E+00
%  0.277917069606466E+00  0.321720017605449E+00 -0.131815712192349E+01
%  0.208672257779264E+01  0.694236736492890E+00 -0.120123868670100E+01
% -0.507199396878890E+00  0.176989999518738E+01  0.861854192483544E+00
%  0.253088836720078E+01 -0.631754484086765E+00 -0.304383027062350E+01
% -0.461860626180808E+00 -0.671708522095630E-02 -0.245264953689386E+00
% -0.280118432725950E+01  0.511010845581480E+00 -0.349482815620524E+00
%  0.225441815677071E+01  0.143442259670175E+01  0.846155785699728E-03
%  0.816717814625388E+00  0.854290342149682E+00  0.312821524996236E+01
%  0.107262505462387E+01 -0.388232852375494E+00 -0.178383662436006E+01
%  0.124721469501319E+01 -0.272525937802214E+01 -0.588220394000049E+00
%  0.214353488513523E+01 -0.218438491917326E+00  0.356552075318658E+01
% -0.166852943048068E+01  0.532930716325324E+00 -0.223992464793145E+00
% -0.175228985238099E+01  0.116763249528801E+01 -0.776816228641129E+00
% -0.202726227898920E+01  0.402694882805058E+00 -0.267258278545720E+00
% -0.455258298091002E-02  0.308991694320143E+00  0.311915166473110E+01
%  0.928061880185865E+00  0.101233652217945E+01 -0.372874840044553E+01
% -0.346130693203060E+00  0.874152555680370E+00 -0.459825695542160E+00
%  0.114200202596700E+00 -0.256220136376871E+01 -0.731134888351206E+00
% -0.930515618545612E+00  0.196505877964597E+01  0.883190472405846E+00
%  0.162160207657049E+01 -0.675285140666984E+00 -0.218304416140680E+01
% -0.639885033533882E+00  0.196242098845301E+01  0.769574414490448E+00
%  0.202194931724120E+01  0.645262291453693E+00 -0.368388782604627E+01
% -0.156227834101644E+01  0.647071439223672E+00 -0.812896829823559E-01
%  0.150560443328907E+01 -0.677025498164192E+00 -0.133119736443479E+00
%  0.122015271111372E+01 -0.770021013214507E+00 -0.290014373594646E+01
%  0.178889221532149E+01  0.395778327743158E+00  0.287843276796156E+00
% -0.126314593161369E+01 -0.969340156846875E+00  0.933352982941068E+00
% -0.242140694584683E+01 -0.844563492784114E+00 -0.111044968247005E+00
%  0.562085118586590E+00 -0.154121887718272E+01  0.146181136105945E+01
%  0.909850857099133E+00  0.480613508916672E+00 -0.253231153268298E+01
%  0.540512696460321E+00  0.262583215730698E+00 -0.221084170857790E+01
% -0.466965819979014E+00 -0.270204535073648E+01  0.496565244123813E+00
% -0.185778682768177E+01  0.173186393890542E+01  0.328448323810372E+01
% -0.611742887548982E+00  0.634666153863497E+00 -0.795139766233591E+00
%  0.135480888634747E+00  0.200903333528682E+01 -0.108066588479042E+01
%  0.256765815988468E+00  0.203222926216895E+01  0.114477887996841E+01
%  0.867591372873048E-01  0.269320389130314E+01  0.416703645785753E+01
% -0.479894737157851E+00  0.219643963392154E+01  0.216399459069957E+01
% -0.417586980603754E+00 -0.113338925902248E+01  0.141047673025382E+01
%  0.316598597843584E+01 -0.185786809310724E+01  0.229158634571607E+01
%  0.105847781204326E+00 -0.154099514958177E+01  0.295427316297507E+01
%  0.180714028526552E+01 -0.128473883505817E+01 -0.197689055116487E+01
%  0.276661714330586E-01 -0.204291307503153E+00 -0.409663554280095E+00
%  0.508589027469895E+00 -0.237821310099217E+00 -0.320380205465776E+01
%  0.137915214351383E+01  0.702463798243088E+00  0.157877702466024E+01
% -0.836851287317169E+00 -0.881113825360617E+00  0.195734169451030E+01
%  0.454980722970993E+00 -0.179911664882413E+01  0.182904357057908E+00
%  0.376376507777649E+00 -0.179852933660915E+01  0.433916560290728E+00
% -0.136039496653783E+01  0.315985696972333E+01  0.191814907637347E+00
% -0.101098369425151E+01  0.191921643578678E+00  0.201068979718918E+01
%  0.216407380975514E+00 -0.586855144102923E+00  0.962963028553784E+00
%  0.496098633219753E+00  0.410730511438427E-01  0.122455282954174E+01
% -0.146464192179612E+01 -0.149831455953977E+01  0.343096780119492E+00
%  0.620767068678413E+00 -0.210783616715091E+01 -0.773999274484092E-01
%  0.115469817679531E+01  0.599372060732816E+00  0.475399455629209E+00
% -0.657009312662961E+00  0.407022144174596E+00 -0.922021438468720E-01
%  0.118286497412209E+01  0.200003058068130E+01  0.396770719619723E+00
% -0.265624741522410E+01 -0.919866855338692E+00  0.113322710050551E+01
% -0.150535028296512E+01 -0.182345242218584E+01 -0.607277223060525E+00
%  0.371171248887479E+01 -0.392322636984620E+00 -0.504783061516961E+00
% -0.696778063404016E+00 -0.578900444315914E+00 -0.762177609609372E+00
%  0.182662904903546E+00  0.593842281515635E+00  0.132271834541590E+01
% -0.596961453085737E+00 -0.356719294686518E-01  0.265241178517493E+01
%  0.141176554002941E+01  0.236726116576173E+01  0.775327691771842E+00
% -0.555965752108469E+00 -0.371768311911712E+00 -0.701917037302163E+00
%  0.679326835158147E+00  0.107510997203454E+01 -0.279293281850869E+00
%  0.199526949554444E+01 -0.110601136570248E+01 -0.283793162225223E+01
%  0.145332157309546E+01 -0.338304587919225E+01 -0.283466661997816E+00
%  0.214038657281877E+01  0.241592409714977E+01  0.862585062623043E+00
%  0.459003358865165E+00 -0.105092925965943E+01  0.447502086202904E+00
%  0.581597001153584E+00  0.271949827807257E+00 -0.207935087520558E+00
% -0.135945664151776E+01 -0.264868346814437E+00 -0.125189256383492E+01
%  0.262257886263340E+01  0.458215329539962E+00  0.185021105732126E+00
%  0.697836457613149E+00 -0.397032675796289E+01  0.143766966377039E+01
%  0.209226074183799E+01 -0.179975689721356E+01 -0.252606886370537E+01
% -0.576555761641425E+00 -0.144630749828196E+00 -0.163345113850128E+00
%  0.320794630100179E+00 -0.163079639900542E+01 -0.678862083968636E+00
% -0.155739305859731E+01 -0.155169973768596E+01 -0.109885206594356E+01
% -0.246223096935322E+01 -0.386167943014331E+00 -0.497344680177776E+00
% -0.902787458232629E+00  0.178765904607734E+01  0.353819225182201E+00
% -0.115039519726251E+01  0.146851134863525E+01 -0.146854701530977E+01
%  0.907933072247002E+00 -0.345984606864995E+01  0.462078701975303E-01
% -0.153804009243825E+01 -0.282336189155148E+01 -0.543058522887874E+00
% -0.457288811348889E+00  0.100337483612291E+00 -0.970093604628770E+00
%  0.257310255759261E+01 -0.495403697375122E+00  0.313312608496513E+00
%  0.232367378320247E+00  0.402892043044990E+01 -0.568679135861005E+00
% -0.230225148420553E+01 -0.282791113842185E+01  0.707313239151024E+00
% -0.339356342691532E+00 -0.541722928773965E+00 -0.142948854777204E+01
%  0.324453870295714E+01 -0.488262697227124E+00  0.163767702264173E+01
%  0.129666698111456E+01  0.113892361124980E+01 -0.643017587186354E+00
%  0.154730801818965E+01  0.240285739240951E+01 -0.138688376187893E+01
%  0.172372633338740E+01  0.192066082171684E+01  0.285685386604051E+00
% -0.873696878395682E+00  0.243415209087067E+01  0.610198165056538E+00
% -0.141826977230987E+01  0.129400118300182E+00 -0.399961392537104E+00
%  0.244920008139342E+01 -0.635308902370413E-01 -0.123989485355659E+01
% -0.685452475267640E+00 -0.240058983445314E+01  0.144216964536005E+01
% -0.298877819015310E+01 -0.132505470116014E+01  0.106504942597458E+01
%  0.106218189040841E+01 -0.197980881154410E+01 -0.627284703397253E+00
% -0.228397470587536E+01 -0.755665241577262E+00 -0.109027023702690E+01
%  0.126376875668633E+01 -0.134116175565139E+00 -0.232543863417271E+01
% -0.959995059741874E+00  0.699702549162121E+00  0.195170995116053E+01
% -0.601461728462755E+00  0.312867305291131E+01  0.200037629012683E+01
%  0.716450484687784E+00 -0.199883413223070E+00  0.216851286959439E+01
%  0.115075570171333E+01  0.243241947759911E+01  0.526906758778595E-01
% -0.538685260209817E+00  0.129615500770400E+00  0.122619408899804E+01
% -0.858319948501350E+00 -0.409801334785419E+00 -0.569600224695494E+00
% -0.161380082534453E+01  0.337371751873390E+00  0.418873464455320E+00
%  0.241766758847700E+01  0.467585013764477E+00 -0.305204130763728E+01
% -0.704842071507637E+00 -0.103339327817861E+01  0.172189451991126E+01
%  0.106646402582425E+00 -0.357500003376788E+00 -0.203804019424143E+01
% -0.277802568544796E+01 -0.372085168528387E+00 -0.152135831353180E+01
% -0.603135730810832E+00 -0.113491217075381E+01 -0.206766405654698E+00
%  0.994571471160799E+00  0.117995923863690E+01  0.262655446887401E+00
% -0.170837680307310E+01 -0.124400330296477E+01  0.361835483816629E+00
%  0.272486521785224E+00  0.140332047675513E+00 -0.183204763895647E+01
%  0.138510088855229E+01 -0.209418379645723E+00  0.102739049940037E+01
% -0.272717958560414E+00  0.616555976087797E+00  0.122299843201320E+01
% -0.990526542688585E+00  0.709471682619421E+00  0.821788363911184E-01
%  0.180775989378284E+01  0.591390766825520E+00 -0.825836988825943E+00
% -0.178569844206289E+01 -0.770329564202772E+00 -0.237409399669128E+01
% -0.108352756320428E+01 -0.737497583562058E+00 -0.543873827994775E+00
% -0.129953658886590E+01 -0.155651861394866E+01 -0.500987956922300E+00
%  0.270445583577580E+00  0.732488516473080E+00 -0.462524549089876E+00
% -0.767769636090676E+00  0.259759429939734E-01 -0.935470069568540E+00
% -0.414434616059837E+00 -0.170432343340863E+00  0.104818848317490E+01
%  0.644857178368134E+00  0.121358589357514E+01 -0.233961705279509E+00
% -0.233164453322014E+01  0.130001993257606E+01 -0.111832407194299E+00
% -0.414708556437071E+00  0.510699178051119E+02  0.103894403924193E+02
% -0.101860400029951E+02  0.685885614034438E+02  0.178019580845448E+02
% -0.333132736323292E+02 -0.123704700652548E+02 -0.812609073263603E+01
% -0.737179097355491E+02 -0.312128237780561E+02 -0.125873765614193E+02
%  0.230704999229734E+00 -0.397399075137244E+02  0.219511405592320E+02
% -0.171335348035376E+01 -0.840183276226005E+01  0.268329847518019E+02
%  0.558930133761488E+01  0.101239058185347E+02  0.882577604980584E+01
%  0.181968274195807E+02  0.183457619162729E+02  0.248993236244135E+01
%  0.213598673154964E+02 -0.790962833821594E+00 -0.409598892234442E+02
% -0.236566391603996E+02 -0.974724171165036E+00 -0.146202459887922E+02
%  0.250763622798021E+02  0.100783239388043E+02  0.179901029788148E+02
% -0.279393182613699E+02 -0.298075606679994E+02  0.423146326988046E+01
% -0.916659102629366E+01 -0.637304363543312E+00 -0.306477395487015E+02
%  0.128069009781214E+03 -0.391837028175416E+02  0.307841101831676E+02
%  0.646914699837779E+00  0.665382857716725E+01  0.104494356742010E+02
% -0.152657921725947E+02  0.237278745414208E+02  0.697945138346717E+01
% -0.664492968197562E+02  0.373887373780507E+02  0.565189385105756E+02
%  0.422627543318534E+02 -0.621675335813729E+02 -0.847938792037851E+02
%  0.721715090051171E+01 -0.227284473060678E+01 -0.111285117224770E+02
%  0.739794825887195E+00 -0.113037614716694E+00  0.709796014301394E+00
% -0.434628409311357E+02  0.119589958008527E+02  0.360905668550089E+01
% -0.162841675262513E+02  0.921217132530947E+01 -0.301775605093690E+01
%  0.107060489367573E+02 -0.944024063125831E+02 -0.368541077078114E+02
%  0.250873584752793E+01  0.842608848968062E+01  0.142551203585872E+02
%  0.108685785102902E+02 -0.408873404087225E+02 -0.200119074896533E+02
%  0.983569252824472E+01 -0.514865991122792E+02 -0.896443283904956E+01
%  0.394565146270880E+01  0.316698005560793E+02  0.376890071530657E+01
%  0.467535277443321E+02 -0.335947749194668E+02 -0.920349899864639E+02
%  0.830633843654820E+01  0.373273115815233E+01  0.371479778944828E+01
% -0.124255352264475E+02 -0.178379715696198E+01 -0.148185008268282E+02
%  0.670238646177947E+00 -0.207558104695262E+01  0.191623828709681E+01
%  0.319963973128034E+01 -0.725399562524538E+01 -0.608397126217954E+01
%  0.413929887711850E+01  0.675939549661077E+01  0.585467642686478E+02
%  0.873618522292624E+01 -0.103072015379202E+00  0.658482299464648E+01
% -0.107106192775903E+01 -0.113789607027169E+02  0.503027648830887E+01
%  0.255106910795222E+02  0.227156133839022E+02 -0.119067205820670E+01
% -0.312218448464237E+02 -0.943855594905908E+00  0.111240361621753E+02
% -0.207177725293331E+02 -0.133625066174511E+01  0.430490398856032E+02
%  0.873702778274263E+01 -0.427791558567963E+02 -0.390812689206873E+01
% -0.423671421690918E+02  0.343847395854522E+02 -0.392526323189914E+02
% -0.822190653773497E+01  0.404983271835394E+01 -0.290588256684637E+01
%  0.575849958404283E+01  0.102204029418944E+02  0.450181921744375E+01
%  0.263016071222763E+01 -0.517967035233451E+01 -0.758010731298174E+01
% -0.179768928882894E+02  0.822418503817088E+01  0.185645788067901E+02
%  0.553353417080538E+01 -0.281888077519551E+01 -0.555880536771841E+01
%  0.311178780148564E+01 -0.207479396472354E+02 -0.164059720563598E+01
% -0.874446362515106E+01  0.231099061200441E+02 -0.129603014118268E+02
%  0.471077660757029E+01  0.775420228933481E+01 -0.529239398090175E+01
%  0.212291324834731E+02  0.996433495513857E+00 -0.646571799013147E+02
%  0.727833962087839E+01 -0.136644558254141E+01 -0.620314015117467E+01
% -0.217730007346530E+01 -0.113283830458291E+02 -0.245973327483987E+01
%  0.983141672983615E+00  0.598569714180317E+01  0.322104319350893E+02
% -0.547418246592122E+01 -0.357130112490579E+02  0.232957117924624E+02
% -0.514748259039722E+02  0.261984490846142E+02 -0.202606110031235E+02
% -0.110154432795751E+02 -0.134092742669399E+02  0.282662968805761E+02
%  0.173931606546308E+02  0.607765067357380E+01  0.697245046795434E+01
%  0.492021156281755E+01  0.755309576568370E+01 -0.107408836993124E+02
% -0.265298051539742E+01  0.108579811990496E+02  0.748198454624951E+01
%  0.153394612084003E+02 -0.330922160874621E+02  0.486261582123301E+01
% -0.756304544619790E+01  0.130970632243571E+02  0.931664031136379E+01
% -0.141568053079127E+02  0.100303416704585E+01 -0.240919126155092E+02
% -0.231404239678184E+02  0.157098485538007E+02  0.183760821058794E+02
% -0.139867219744361E+01 -0.187691597466564E+02  0.235494631726275E+01
%  0.245769892223375E+01  0.116793236080830E+02  0.342703104572005E+01
%  0.153961127094870E+02  0.998009400625442E+02 -0.173814395016081E+03
%  0.645056008373636E+01 -0.413467957563306E+02  0.166667872821579E+02
% -0.211313704719406E+02  0.124209815193614E+02 -0.112753822082945E+02
% -0.633352482101540E+01  0.699677353945688E+01 -0.217943406834153E+01
% -0.381471957816507E+02 -0.351116803097679E+02  0.239781953573699E+02
%  0.281550428845277E+01 -0.940621920865455E+01  0.973063750526857E+00
% -0.105083259044640E+01 -0.690781800057157E+01 -0.220855592656052E+02
%  0.184776799232575E+02  0.135164569733227E+02 -0.311311114520557E+02
%  0.299122466777105E+00  0.855013795505137E+01  0.161623812000357E+02
% -0.782840241752572E+00  0.109168536245527E+02 -0.150944180485163E+01
%  0.434835452817891E+01 -0.505379781077139E+01 -0.343341739523802E+01
% -0.138796148552024E+01 -0.647785591895819E+01 -0.262636020455188E+02
% -0.513204034665228E+01 -0.211290827033182E+02 -0.116140443310663E+02
%  0.299082404221313E+01  0.505642126936773E+01  0.514259521006169E+01
%  0.228580024481016E+02  0.480348104316527E+01  0.176945961043218E+02
%  0.609312015558074E+02 -0.124783652459934E+03  0.103974846171020E+03
%  0.148161409907234E+02  0.286004208412726E+02 -0.134784897231026E+02
% -0.873489635166497E+01  0.557090988187787E+02 -0.332947616735474E+02
% -0.200305232944419E+01  0.386136094013632E+02  0.145086578462315E+02
%  0.525221508066807E+01 -0.460003305078061E+02  0.210850081433397E+02
%  0.108937604848346E+02  0.156651082051401E+01 -0.158983037462895E+02
% -0.136705563210431E+02  0.161822407303684E+02  0.165153879322836E+02
%  0.818909065007287E+02  0.193431898507106E+02  0.678868403212729E+01
%  0.139266986247302E+02  0.185236739248542E+02  0.153325331606496E+02
%  0.478445161044292E+00 -0.878132057746782E+00 -0.361526066042406E+01
%  0.110386280592348E+02 -0.252794445290247E+02  0.845609938972622E+01
%  0.118716202182207E+02 -0.806235021126365E+01  0.153905825009282E+01
%  0.339866444841191E+01 -0.330088559377547E+00 -0.193199613760548E+02
%  0.125697702598978E+02 -0.301814947849350E+01  0.103875580408761E+02
% -0.420678129905735E+02  0.882301449661979E+01 -0.952535662546311E+01
%  0.120907868554895E+03 -0.247679461232306E+01  0.129100708767494E+02
%  0.476680597284064E+01 -0.631389563650346E+01  0.491674512659108E+01
%  0.110318524185965E+02  0.174891257345018E+02 -0.145811595939956E+02
% -0.830379683994466E+01  0.115084596087802E+02 -0.325561380718274E+02
%  0.826610468301614E+01  0.709577247793907E+01 -0.545396430182800E+01
%  0.196361945756247E+00 -0.135842784437800E+02  0.601568124836900E+02
% -0.334215311180204E+00 -0.815170782594557E+01 -0.582661510356187E+01
% -0.255552436858174E+01  0.163434983729217E+02  0.117526895386012E+02
%  0.185653599590138E+02 -0.230275487435311E+02 -0.262682548622544E+01
%  0.513712651441473E+01  0.138305141548910E+02 -0.192203580905132E+02
% -0.393929464573792E+00 -0.341399283959865E+02 -0.205718533677827E+02
%  0.112151032475296E+02 -0.287127243562071E+01  0.391235438779053E+00
% -0.132767766641556E+02  0.452527154107093E+02  0.158574404199420E+02
%  0.361536218873517E+01  0.296748902879320E+01  0.331055714650576E+02
% -0.132848025107431E+01 -0.566838753879324E+02 -0.111598844311956E+02
%  0.109815254426143E+02 -0.679749532762337E+01 -0.215296080914731E+02
% -0.642950389547846E+00 -0.110437675811238E+02  0.144648079003678E+01
% -0.448304744306457E+02  0.408063460454657E+01 -0.103407230492081E+02
%  0.447782850979544E+02 -0.577720574478742E+01  0.539637636002941E+02
% -0.211769758185860E+02  0.328109505088399E+02  0.788727138827395E+01
%  0.168517009870377E+01 -0.191191688115227E+02  0.198578614349031E+02
% -0.356382137504891E+01  0.990842714529719E+00  0.267028432548414E+01
% -0.336349041821099E+01  0.166259517267460E+01 -0.265569588664216E+01
% -0.368457975609700E+01  0.379088364490043E+01  0.105152894882685E+02
%  0.479330779857202E+00 -0.221016180784134E+01 -0.248888672836347E+01
%  0.121427702592689E+02  0.242346947214157E+02 -0.493026015497198E+01
%  0.300679144412435E+02 -0.537674267412653E+02 -0.113146796168907E+02
% -0.160702034306038E+02 -0.243780255207331E+01  0.199001015486117E+02
% -0.210937734229224E+02  0.377799151498985E+02 -0.146173889006651E+01
%  0.119518397380932E+02  0.991048444040404E+01 -0.683221050895608E+01
%  0.460718766128809E+01 -0.992075194772661E+00  0.655428696801013E+01
%  0.229576739558731E+02 -0.321984276800125E+02  0.123665137824295E+02
% -0.232193902361460E+02  0.246140948150577E+02 -0.139732114704498E+02
% -0.944411553582152E+01 -0.939251127644914E+00  0.279745656782760E+01
% -0.203871679520716E+02  0.103428239013019E+03  0.237631721863326E+02
%  0.817283009847992E+01  0.105457553952289E+02 -0.352573941266028E+01
%  0.324139503268980E+01  0.262611492608668E+01  0.847768493918557E+01
% -0.236776618419733E+02  0.120902975880788E+02 -0.246070320886592E+02
% -0.148945773641718E+01  0.381618652843081E+01  0.227003288881198E+01
%  0.254136529478828E+01 -0.124511203310724E+02 -0.313567243744958E+02
%  0.286084785640432E+02 -0.341566774128311E+02 -0.318250242367952E+02
%  0.200524024715530E+01 -0.877327292399643E+01  0.426187747169157E+01
% -0.111107421904080E+02  0.447405401060159E+00  0.246025336461299E+02
%  0.127365167329706E+02 -0.180079536779290E+01 -0.593005236297244E+01
%  0.296606104678887E+01  0.683727177963846E+01  0.744722402497623E+01
% -0.118422042379319E+02  0.529704961246279E+01 -0.710266889209184E+01
%  0.117130510522800E+02 -0.963543485152061E+00 -0.156249351705609E+02
%  0.231205052094862E+02 -0.246773574823039E+02 -0.107016750974782E+02
%  0.736091110119752E+01 -0.390182030741229E+01  0.182548819217447E+01
% -0.363322552451975E+01  0.248289593334661E+02  0.739617892436364E+02
% -0.981754141092972E+01 -0.833877372405118E+01  0.178843687279376E+02
% -0.353792475468924E+02 -0.556983225208932E+01  0.493104966866123E+01
% -0.396271533698397E+01  0.268391719206874E+01  0.115751690036601E+01
%  0.656167046146744E+01  0.427856744455380E+01  0.123634506256554E+02
% -0.898724838439200E+01 -0.133261958570632E+02  0.174601130086684E+02
% -0.284242856088981E+00 -0.287968741240556E+02  0.323719756599062E+02
%  0.433736044405727E+02 -0.196487726616855E+02 -0.473241109675870E+02
%  0.122319453395254E+02  0.173605484689434E+02 -0.587375146161271E+01
%  0.185828178317967E+02 -0.413316751868392E+02  0.165884173784043E+02
%  0.337856591591363E+02  0.262133170639133E+02 -0.102462297141410E+03
%  0.644657187826914E+00 -0.212990526521860E+02  0.167294921722818E+01
%  0.907411306342570E+01  0.307347932613671E+01 -0.230430390759790E+01
%  0.368847420732551E+01 -0.134574375420464E+02 -0.878033329682106E+01
%  0.317458573372760E+02  0.406683958532681E+01  0.124010401448525E+02
% -0.310370433679757E+00 -0.824789228927988E+00 -0.603918737362429E+00
%  0.266142750974653E+02 -0.138296724864175E+02 -0.330871930846633E+02
% -0.107438281923852E+01  0.349345248812364E+01  0.523323617562276E+01
% -0.188023497400939E+01  0.613333514550789E+01  0.149044878668401E+01
% -0.641331852012659E+01 -0.165817821887317E+02 -0.681882516891088E+00
% -0.184862890191544E+02  0.765512805029626E+02  0.380158547463856E+02
% -0.562633973310850E+02 -0.254342610830409E+02  0.317346397063104E+02
%  0.144478366801720E+01  0.148617420580069E+02  0.871902188356448E+01
% -0.217684968197855E+02 -0.267306643027390E+00 -0.531633167846881E+02
% -0.122750864440978E+01 -0.492047590448884E+01 -0.171589873170918E+02
%  0.604328992690394E+02  0.469642475228084E+00  0.212391324174389E+01
% -0.276832405509771E+00  0.906789279069989E+01  0.273054197049523E+02
% -0.169157023467267E+01 -0.771781745008343E+01 -0.568810391982100E+01
% -0.152616623586796E+02 -0.931767051708890E+01 -0.107455750165877E+01
%  0.109042508270882E+02  0.135008660213531E+02 -0.240851366782598E+02
%  0.412341556895612E+02 -0.196061269172417E+01  0.762467632975247E+01
% -0.293189902540453E+01  0.748656105328673E+01 -0.598260285672446E+01
% -0.129631821596372E+03  0.321998171246203E+02 -0.459478434311709E+02
% -0.591901476812619E+01 -0.122599378500416E+01 -0.120753129980909E+02
% -0.285982681456903E+01 -0.331057230708858E+00 -0.150799181154499E+01
%  0.421616661702686E+01  0.366035626905038E+01  0.120619939519003E+02
% -0.942571853210110E+01  0.799147384657084E+01 -0.238438409884186E+02
%  0.365121832462247E+01  0.151849084837452E+02 -0.582577241800827E+01
% -0.791961010730180E+01  0.186544999059655E+01 -0.149387785196749E+02
%  0.250135712616114E+02  0.256360430896111E+02  0.243933042362383E+02
% -0.759304907341939E+01  0.138333127028946E+02  0.187842726791383E+02
% -0.127795122380784E+02  0.130669156819322E+02  0.152345173010565E+01
%  0.154649179807984E+02 -0.292225904457128E+02 -0.646030697209513E+02
% -0.448304466410931E+02  0.362524012378675E+02 -0.653012152475054E+01
%  0.117346053161013E+02  0.130001032891003E+02  0.417798391037505E+00
%  0.186338619953174E+02  0.527766108887481E+01 -0.175157135569760E+01
% -0.276306222352571E+02 -0.961893736692390E+01  0.763367188451498E+02
% -0.248344265683022E+01  0.496254845054525E+01  0.356516544816271E+01
% -0.710408314062364E+02 -0.353831487834164E+01 -0.545301938439688E+02
%  0.265743244549283E+02 -0.284600676985199E+02 -0.270632289640354E+02
% -0.810046158565537E+01 -0.720044223499528E+01 -0.365953912436906E+02
%  0.847789208106078E+01 -0.494153249483578E+01  0.227686757311661E+02
%  0.145836155591160E+02 -0.789354406846991E+01  0.212969580020311E+01
%  0.535062154593084E+01  0.136658373016749E+02  0.230409007735286E+00
%  0.596534065423518E+01  0.786815369647364E+01  0.117347641959398E+02
% -0.110557582829554E+02  0.135611897598419E+01  0.551294642617945E+01
%  0.237601386247909E+01  0.186479598979543E+01 -0.380873107554127E+01
% -0.205788361695470E+02  0.294494970033783E+01 -0.665119644461614E+01
%  0.546705476625081E+02 -0.236971410742686E+01  0.658336821051381E+01
% -0.156921187803469E+02 -0.530337256756701E+01  0.253733453807907E+01
%  0.647722319923548E+01  0.583071948769795E+02  0.226595269851433E+02
%  0.543677512173579E+02 -0.184488705341124E+02 -0.270705558365963E+02
%  0.181218629420441E+01 -0.139764650821602E+01 -0.299201321331030E+01
% -0.284688114602586E+02 -0.108348468939051E+02  0.532127416900771E+01
% -0.140577998000674E+02  0.911191367687038E+01 -0.173328051186622E+02
%  0.614104394346574E+01  0.112811911277571E+01 -0.633658432938981E+01
% -0.195941315792132E+02 -0.243225017412334E+02 -0.286018469555178E+01
% -0.172092722296984E+02  0.476233316367937E+02  0.239022699661110E+02
% -0.257267937574715E+02  0.244393739646766E+02  0.213557580815536E+02
% -0.163095010537408E+02 -0.437137629145159E+02 -0.171534239580126E+02
%  0.947540281642152E+01  0.817232974676243E+01  0.162935962776602E+02
% -0.552473982494482E+01  0.822002843988879E+01  0.133677918054525E+01
%  0.156442158936094E+01  0.222099917420837E+01  0.480893365628768E+01
%  0.789441468861935E+00 -0.142099302813369E+02  0.106303118823460E+02
% -0.418894991937352E+02 -0.768575995194989E+02 -0.198870984097202E+02
%  0.577404392438510E+01 -0.458103881829162E+01 -0.197124265971498E+02
% -0.265272803550187E+01 -0.489258390913534E+01 -0.417221514374753E+01
%  0.358922657143093E+01 -0.171531326981696E+02  0.114007197899462E+02
% -0.371304499402265E+02  0.278414440603052E+02  0.147763002407820E+02
% -0.803545854100278E+01  0.588984845065357E+02  0.273221762468362E+02
% -0.158371174657771E+02  0.277709694994660E+01 -0.469489529309567E+01
% -0.771997201607314E+01 -0.570974992340842E+00 -0.844756369915789E+01
% -0.283410305285428E+01  0.321489097545211E+02 -0.209074354062959E+02
% -0.453718650203132E+02 -0.432709429921683E+01  0.421748728755709E+02
% -0.508262502133583E+01  0.638704539529418E+01  0.108919911605097E+01
%  0.672224498304639E+02  0.723072588108727E+02 -0.540601316364193E+00
% -0.642893745278879E+00  0.496946665942898E+01 -0.158557360638437E+01
% -0.276109541925134E+02 -0.281036305086130E+02 -0.672375907332049E+01
% -0.144468825139935E+02  0.168040532849396E+02  0.545664654396987E+01
% -0.654408168769907E+01 -0.360139702563435E+01  0.517677071426408E+01
% -0.285157605078175E+02 -0.162339859211511E+02  0.262982957066525E+02
%  0.107832003904219E+02 -0.444117962874412E+02 -0.429339972996969E+02
% -0.127343220417330E+02  0.521678715167073E+01 -0.420664774460628E+01
% -0.192146163269585E+02  0.748344191947160E+01 -0.917766829342418E+01
% -0.180399300326583E+02  0.318582162614359E+02  0.171087345364526E+02
%  0.641274526589820E+01  0.519384265564994E+01  0.635361382062378E+01
% -0.134171815433800E+02 -0.296698197078593E+02  0.191635911218119E+02
%  0.229258420275132E+02 -0.159026450037038E+02  0.149650859283885E+02
% -0.439131022739812E+00 -0.306309366015880E+01  0.629645814321858E+01
% -0.261699448958219E+01  0.961907782415503E+01 -0.113980321673139E+02
% -0.582068487421827E+01  0.324252092363360E+02  0.416461557773246E+01
%  0.212628942363863E+02 -0.553439006581994E+02  0.227354472921237E+02
%  0.202977487843949E+02  0.870926001886584E-01  0.103291563813347E+02
% -0.433250163255365E+02 -0.183717849588811E+02  0.117034597783458E+03
%  0.377748618260532E+01 -0.157085799706823E+01  0.204196702794515E+01
%  0.103388962976333E+01 -0.773355705575295E+01  0.697731450019695E+01
%  0.169758901903146E+02  0.116720503707683E+02  0.231836028284927E+01
%  0.250020771722025E+01 -0.337186052386371E+00 -0.121073928447152E+00
%  0.335699903068411E+02 -0.871721630435318E+00  0.313826160050960E+02
%  0.335475187747642E+02 -0.150848997655020E+02 -0.799541592152676E+01
%  0.248020515620901E+01  0.137553263209165E+02 -0.718892793395376E+01
% -0.146846355103040E+02 -0.130984014077084E+02 -0.378663568595977E+01
% -0.669787436848906E+01 -0.994917370465329E+00 -0.742464377724593E+01
