% T    256  0.715122828077254E+01  0.715122828077254E+01  0.715122828077254E+01
   0.506341346846199E+00  0.342905098072261E+01  0.351278057315109E+01
   0.120501902710576E+01 -0.284245474768340E+01  0.147542569133402E+01
  -0.162279058674701E+01  0.174525765904633E+01 -0.986923731471407E+00
  -0.259081498305354E+01  0.202404710486967E+01  0.163425330982706E+01
   0.270014114137797E+01  0.329184103624465E+01 -0.928234558688506E+00
  -0.506199619349417E+00 -0.706055196908594E+00  0.168247708187403E+01
  -0.234044237800442E+01  0.219693449996375E+01  0.287015854741864E+01
   0.626369120314436E+00  0.130118861545845E+01  0.315648414827623E+01
  -0.175477032200723E+01 -0.211197724791707E+01 -0.995073136491255E+00
  -0.313798202957690E+00  0.150221300091421E+01  0.743481581696528E+00
   0.169035387341000E+01 -0.488808969789556E+00 -0.238483262982693E+01
   0.139761218346086E+01 -0.326907568188118E+01 -0.661382832052806E+00
   0.168683011871877E+00  0.154486704356829E+00  0.138191866445449E+01
   0.190236906096940E+01 -0.313975100379962E+01  0.227667258307339E+01
  -0.279206036507408E+00  0.117851986823499E+01  0.240301581756399E+01
   0.283627676519794E+01  0.333687900048583E+01 -0.298220923219630E+01
   0.171758783339253E+00 -0.130425542543961E+01  0.390440591290391E+00
   0.272493947148843E+01 -0.326319707744633E+01  0.318494101373545E+01
   0.353813466164153E+01 -0.337874408777766E+01  0.727579154162719E+00
   0.824754915915516E+00 -0.263100244387594E+01 -0.136872380728561E+01
   0.174379293156744E+01  0.170914608883860E+01 -0.267562709621460E+01
   0.721882912114798E+00  0.183117807747159E+01  0.228945492762853E+01
   0.193172680191741E+01 -0.112991653621084E+01  0.302903833109342E+01
   0.187628979924040E+01  0.292014260439537E+01 -0.111245619285946E+00
  -0.318109892021229E+01 -0.233573942068520E+01 -0.245312695076184E+01
  -0.269667003456447E+01 -0.929015554249521E+00 -0.248385821163903E+00
   0.182268853526326E+01  0.299061399018169E+01 -0.258935073078220E+01
   0.890991384649920E+00 -0.173879537287781E+01  0.310187633673651E+01
  -0.656804660504047E+00  0.491416767787183E+00  0.856468061538251E+00
  -0.170778318050796E+01 -0.793014523790398E+00 -0.263817769020884E+00
   0.228930654272448E+01  0.334174191626594E+01  0.164115390817403E+01
  -0.572465851963687E+00  0.163301031293316E+01  0.339081219165594E+01
   0.200992735696640E+01 -0.104133613695185E+01 -0.611764085874482E+00
   0.228317387437477E+01 -0.150644983169039E+00  0.182904788393461E+00
   0.186308002527521E+00  0.656068847502006E+00  0.138058229632191E+00
  -0.127887090688627E+01 -0.229855912545899E+01  0.165504206223123E+00
  -0.103758124997416E+01  0.176463912360462E+01 -0.197364737966967E+01
   0.264773304946129E+01 -0.235754442406896E+01  0.805552375399713E-01
  -0.689818233171827E+00 -0.253681515885412E+01  0.324443085674515E+01
  -0.241648388864370E+01 -0.161470738683382E+01 -0.300899658547831E+01
  -0.742103206691360E+00 -0.155712732552753E+01 -0.767635563788769E+00
   0.168686236950968E+01 -0.174921901588147E-01  0.146803566489531E+01
  -0.129468390008764E+01  0.915346782607154E+00 -0.288489872057294E+01
   0.294191639949026E+01  0.293120013954675E+01 -0.765705396059529E-01
   0.776284628537692E+00  0.119116990272334E+01 -0.476682912819190E+00
   0.820057454056031E+00  0.864837938094028E-01 -0.331818917759665E+00
  -0.197744636658253E+01 -0.114890702698473E+01  0.183522334585040E+01
   0.190518497851545E+01  0.338542484503025E+01 -0.158033869002138E+01
   0.322651920153771E+01  0.196283239562454E+01  0.242576916723152E+00
   0.212831573136443E+01  0.107084077229245E+01  0.430983308300382E+00
  -0.358204041548714E+01  0.226598670032438E+01 -0.798103861504015E+00
  -0.103136309982024E+01 -0.143364081926488E+01  0.216464004345608E+01
  -0.294166187198417E+01  0.341991386294374E+01 -0.239888644593176E+01
  -0.346591146879139E+01 -0.133449850237615E+01 -0.258003081353034E+01
   0.328791543518736E+01 -0.256669229915660E+01 -0.821000568563989E+00
   0.159227331642435E+01 -0.221230727171888E+01 -0.325404561147434E+00
   0.369619628368784E+00  0.287855590664029E+01  0.226195190170714E+01
   0.176666576399332E+01  0.123908972552961E+01  0.353781010724930E+01
  -0.961781394828774E+00 -0.847075006672543E+00 -0.341560692465945E+01
  -0.178717211974051E+01  0.153008549126027E+01  0.101391831626492E+01
  -0.169801681522856E+01  0.244990635969617E+01  0.184048982859670E+01
   0.151943940788479E+01 -0.198733429986890E+01  0.988336316227014E+00
  -0.104684848143703E+01 -0.350546134782978E+01  0.293058055015407E-01
   0.172366731937373E+01 -0.348471792496870E+01  0.327805258856209E+01
  -0.930305340935446E+00 -0.300244606350879E+01 -0.202097399413608E+01
   0.354036758293070E+00  0.112655547050956E+01  0.162040125585007E+01
   0.323413626020090E+01  0.186244681857584E+00 -0.225506904748671E+01
  -0.140280100363945E+01  0.346512579476359E+01  0.117536278038093E+01
   0.318733994290131E+01 -0.126647958086638E+01  0.118417388084093E+01
   0.317142443519035E+01 -0.271606099155051E+00  0.154716446817311E+01
  -0.318724335176152E+01  0.404305844770472E+00 -0.147410079508600E+01
   0.821139171893905E+00 -0.286083979088888E+01  0.270148149567798E+01
   0.258428772978504E+01 -0.744116974486607E+00 -0.312929778927407E+01
   0.345068270621697E+01  0.342974385283037E+01  0.278384012624888E+01
   0.278323478952203E+01  0.384292887119176E+00  0.353690753418090E+01
   0.123915235848757E+01  0.151675792598021E+01  0.119324221398269E+01
  -0.254431874166162E+01  0.105435426174180E+01  0.628260355735191E+00
  -0.982448059970903E-01  0.243743369154251E+01  0.961913097878296E+00
  -0.661075242731337E-01  0.355478683315751E+01  0.750582264521641E+00
  -0.300953051347655E+01 -0.836588198588929E+00  0.776009892869028E+00
   0.126140882516446E+01 -0.457378368303484E+00 -0.112555667695385E+01
   0.226214634961437E+01 -0.144846032680117E+01  0.366344123829707E+00
   0.189248351675140E+01 -0.281828775002859E+01 -0.204051803072337E+01
  -0.199853213678931E+01  0.250059243455650E+01  0.813257282402422E+00
   0.221419461192869E+01 -0.278927186997997E+01 -0.997042036647621E+00
   0.288016895508535E+01  0.122865215176166E+01 -0.334905643390021E+00
   0.687033299362976E+00  0.245819549312354E+01 -0.449589644461479E+00
  -0.837744146349150E+00 -0.191439516622892E+01 -0.198972122564899E+01
   0.331201361675995E+01 -0.248654611848959E+01  0.272505164530534E+01
  -0.273359300676351E+01 -0.246171019518956E+01  0.716245993616415E+00
  -0.139191825560244E+01 -0.594244193624865E+00  0.259780390152565E+01
  -0.572340508868715E+00  0.214470600240365E+01  0.238951532400714E+01
   0.141121752731232E+01  0.240179976497639E+01 -0.115261640651450E+01
  -0.148437934995136E+01 -0.224243180779329E+01  0.134141291250349E+01
  -0.166884334696799E+00 -0.321940379852025E+01  0.253598435298240E+01
  -0.176140731253011E+00 -0.317883420564844E+01 -0.328080468277194E+01
  -0.285983493277275E+01 -0.211961285951773E+01  0.336632244018426E+01
   0.115912254151418E+00 -0.273464345009975E+01 -0.237329737528451E+01
  -0.267242172335165E+00  0.604316139308273E+00 -0.100489888429587E+01
   0.420284040791823E+00 -0.111355606624044E+01 -0.577721312361828E+00
   0.259499191600161E+01 -0.153109214101973E+01 -0.230190448689774E+01
   0.285701090199911E+01 -0.886484682763243E+00  0.236232546573874E+01
   0.143080111420087E+01  0.827601623148037E+00  0.200029665285215E+01
  -0.132360493555502E+01  0.133391282902836E+01  0.199634729993402E+01
  -0.755755519212183E+00  0.565638761394855E+00 -0.199257410222439E+01
   0.173854433805900E+01 -0.263927846827350E+00 -0.350947415217827E+01
   0.117122589591024E+01 -0.167612061862458E+01 -0.107469944260563E+01
  -0.257956980388903E+01  0.695645804153292E+00  0.159621811544095E+01
   0.105495354902744E+01 -0.182698191431003E+01  0.207432675903448E+01
  -0.104177063834473E+01  0.711503154148565E+00  0.294229044905383E+01
   0.296572635109168E+01  0.148195448301757E+01  0.326838067259294E+01
  -0.322167345527244E+01 -0.180983229882050E+01 -0.140341059186832E+01
   0.282774665364083E+01 -0.160698367411219E+01 -0.122110979626528E+01
   0.252612480938066E+01  0.216669419531290E+01 -0.694867470498501E+00
  -0.287532257339830E+01 -0.302131508138221E+01  0.256861674738964E+01
  -0.152201651951994E+01 -0.118596062119800E+01 -0.241353511764110E+01
   0.183857551447219E+01 -0.297042228626551E+01  0.790624896961320E+00
  -0.252794612839468E+01  0.332386916557927E+01  0.120989490543231E+01
   0.332674033705039E+01  0.143060139116099E+01 -0.135614914201537E+01
   0.304517914543129E+01 -0.236079477684251E+01  0.165328576579017E+01
   0.158671012729592E+01 -0.242085867699381E+01 -0.303746429660070E+01
  -0.837856194932478E+00 -0.250652283726021E+01 -0.115425930370946E+01
   0.226244657344206E+01  0.232179368063426E+00  0.251579488865386E+01
  -0.171242075389358E+01 -0.321341679086374E+01 -0.788825241250528E+00
  -0.205289416045288E+01  0.573063349645292E+00 -0.215826602177928E+01
   0.198794361958985E+01  0.245010010418880E+01  0.228835909907979E+01
   0.333401746966842E+01  0.913234791100095E+00  0.227413435308468E+01
  -0.176774464718757E+01 -0.218870278262016E+01  0.267046727071151E+01
   0.335567840313935E+01  0.251881128537192E+01 -0.168736414187347E+01
  -0.279597017483688E+01  0.301925416796690E+01  0.217864844638245E+01
   0.350722386969599E+01 -0.318347145911670E+01  0.163522728368088E+01
  -0.162201339600412E+01  0.166784116450055E+01  0.334733151244024E+01
   0.135500055712532E+01  0.275807053061583E+01  0.323854046027944E+01
   0.286357868692499E+01 -0.344397576661734E+01 -0.199464471705317E+01
  -0.117999371223720E+01  0.231814499980747E+01 -0.323216780854887E+01
   0.764459487514404E+00 -0.266713604886598E+01  0.412339032964044E+00
  -0.219076981115432E+01 -0.293167299121899E+01  0.342466537504595E+01
  -0.349583260068137E+01 -0.181137956898111E+01  0.363694525981095E+00
  -0.430712107630122E+00 -0.102490510796842E+01 -0.240784332827808E+01
  -0.174233691082583E+00  0.329769705242694E+00 -0.324653029051448E+01
  -0.163085447931974E+01  0.223962187550675E-01  0.358118413828332E+01
   0.355541591796354E+01 -0.426976293658074E-01  0.289319915427337E+01
   0.220263947650748E+01  0.236067846174303E+01 -0.185932849838168E+01
   0.696935697296472E+00  0.182670307277851E+01 -0.314303050573213E+01
  -0.213308853397046E+01  0.152963853914587E+01 -0.265630774829162E+01
   0.139448545705658E+01  0.336997521977840E+00  0.478912430694325E+00
   0.590832675915335E+00 -0.104013417979602E+01 -0.229054942063896E+01
  -0.291609506478199E+01 -0.200925940337950E+01 -0.460611635163948E+00
  -0.264738089034181E+01  0.226530354398804E+01 -0.301649469063410E+01
   0.163389405673060E+01 -0.133362977708349E+01 -0.312014249229769E+01
  -0.194187396717274E+01 -0.321819821285228E+01 -0.220304145836400E+01
  -0.123325767453124E+01 -0.942061106309475E+00 -0.135694963438684E+01
  -0.248569547419074E+01  0.204616531067870E+01 -0.145107062603714E+01
   0.175206089529984E+01  0.247833045834226E+01  0.790260699089073E+00
  -0.297442532346745E+01 -0.461522545040136E+00  0.192231749753279E+01
  -0.184179512735135E+00 -0.173852055828028E+01 -0.299595064060396E+01
   0.351242844028750E+01  0.247878748607714E+01 -0.351493477051230E+01
   0.163463383420155E+01 -0.102798236068421E+01  0.138711377430623E+01
  -0.261957156538817E+01 -0.138766829633363E+00 -0.241711022327993E+01
   0.231415707549816E-01 -0.224670693733085E+01 -0.418226939350986E+00
  -0.622848436065069E+00  0.292598608080774E+01  0.344949194819046E+01
   0.323258416499659E+01 -0.903853375228809E-01  0.529103470039343E+00
  -0.296731309968138E+01 -0.294751429499789E+01 -0.924095724953862E+00
  -0.136536991282814E+01  0.402819655484297E+00 -0.119169760122431E+01
  -0.215622172722548E+01 -0.349878035385233E+01  0.983414977622709E-01
   0.772229400171636E+00  0.315440442507797E+01  0.559150081636340E+00
   0.253738334296573E+01  0.768558652960386E+00 -0.173604110733893E+01
   0.235979868014263E+01 -0.324757505759164E+01 -0.758917423182262E-01
   0.526605475114897E+00  0.170525672244441E+01  0.360497580531815E+00
   0.114687573166500E+00  0.302828412996438E+01 -0.260624388581490E+01
  -0.325035757398484E+01  0.353037011378516E+01 -0.282302436240559E+00
   0.449979350458913E+00 -0.183547508670095E+01  0.132183474628778E+01
  -0.821493652357753E+00  0.356602012587477E+01 -0.999825142509722E+00
   0.283020104891133E+01  0.664849352045862E+00  0.123362459142912E+01
   0.279234496404824E+01  0.223304675708514E+01 -0.266770125657521E+01
   0.283832904292714E+00  0.350636144772580E+01 -0.270312880607813E+00
  -0.276354529466918E+01 -0.199899371694310E+01  0.208070589992296E+01
  -0.254076706066600E+01 -0.118628268596687E+00  0.291526764940225E+01
  -0.271724043718555E+01  0.208079367889844E+01 -0.294450866130255E+00
  -0.200351773240493E+01 -0.291055147464746E+01  0.170237261840714E+01
   0.308469037944876E+01  0.231677071805179E+01  0.255366606553230E+01
  -0.248967626731205E+00  0.207448108326770E+01 -0.260814679442982E+01
  -0.342289249293140E+01  0.196803541570854E+01 -0.254089439719228E+01
  -0.177618426057114E+01  0.291434966418354E+01 -0.234149776558572E+01
  -0.343043754819075E+01  0.808487200864616E+00  0.340855047171562E+01
   0.155383199408654E+01 -0.177431284215208E+01 -0.198874029959031E+01
  -0.236400623780396E+01 -0.286554036718478E-01 -0.765225728871127E+00
  -0.216231143373580E+01  0.994969049817218E+00 -0.392454330656591E+00
  -0.263745482707832E+01  0.631387896405886E+00 -0.315961324299033E+01
  -0.181319784179713E+01  0.304065340316046E+00  0.945899642678065E+00
   0.195775966346753E+01  0.633993069765716E+00 -0.553487825875326E+00
  -0.335437721937812E+01 -0.346835066387428E+00 -0.302659027961066E+01
   0.233907209106243E+01  0.121094716159718E+01  0.243409394400946E+01
   0.264281956146044E+01  0.119000715319213E+01 -0.281009770731770E+01
  -0.326012751253498E+01 -0.985592507405841E+00  0.311729876213506E+01
  -0.320152654026092E+01  0.541251496248119E+00 -0.358751269770141E+00
  -0.272702666870983E+01  0.335034872775392E+01  0.337913410114825E+01
   0.704761022519328E-02 -0.201475977633532E+01  0.232154300714836E+01
   0.232007775003868E+01 -0.227645608938882E+01  0.309978374409781E+01
   0.310983970152634E+01 -0.245694481949920E+01 -0.299233029894019E+01
  -0.481952526463330E+00  0.268806704983373E+01  0.428929410371040E-01
  -0.220431284826457E+01 -0.168980997815017E+01  0.240296037236920E+00
  -0.199220159289021E+00 -0.256760623393194E+00 -0.359380310296847E+00
  -0.143513411186101E+01 -0.165248814541366E+01 -0.355958072049774E+01
  -0.174737766484706E+01  0.325402817476151E+01 -0.328925639739741E+01
  -0.446958572904785E+00  0.157100022836225E+01 -0.559048277387596E+00
  -0.157417179944158E+01  0.268407066152061E+01 -0.575608599024802E+00
   0.381377693663838E+00  0.251764211816055E+00 -0.181049516639344E+01
  -0.337457811657118E+01 -0.315024007070845E+01 -0.337161743050997E+01
  -0.140534869965576E+01  0.181752430776437E+01  0.260644965781666E-01
   0.126842405725513E+01  0.328687882087660E+01  0.160113263960018E+01
   0.186035041644840E+00  0.104437650569385E+01 -0.267489037258670E+01
   0.335864929828296E+01 -0.119167055389912E+01 -0.567362953097867E+00
  -0.118885084744214E+01  0.758171266921223E+00 -0.849190574696255E-02
  -0.319645712671862E+01  0.281151956563373E+01  0.505758211199378E+00
  -0.237837058387787E+00 -0.276653553750189E+01  0.144314278633800E+01
   0.629115553934080E+00 -0.554805492341105E-02  0.228509165288963E+01
  -0.307811270087857E+00 -0.130357004783030E+01  0.289409651122129E+01
   0.269704414287516E+00  0.234131038217682E+01  0.330677085211575E+01
  -0.633970791957159E+00 -0.155862937500219E+01  0.116531732732895E+01
   0.182579756059200E+00 -0.179309888187005E+01 -0.129121597912629E+01
   0.137240136742637E+01  0.563925480763555E+00 -0.282892602407008E+01
  -0.131973521385788E+01 -0.276036291190197E+01 -0.303669732879159E+01
   0.956939843292351E+00  0.253167360048097E+01 -0.207489889111039E+01
   0.235519069686931E+01  0.247577101449222E+01  0.354302902565519E+01
   0.900141707925118E+00 -0.347115614633969E+01 -0.236786838829030E+01
  -0.201399105204518E+01  0.821780373463683E+00  0.274760358515605E+01
  -0.355143063951068E+01 -0.731122059520221E+00 -0.154823495516355E+01
   0.593782783191738E+00  0.619926043454359E-01  0.335948379601360E+01
   0.116660598657161E+01  0.121891834490801E+01 -0.148488704710206E+01
  -0.895752885097867E+00  0.265255126057964E+00  0.196467940781583E+01
   0.259427718234140E+01 -0.443100206575700E+00 -0.126850125823641E+01
   0.690387371074613E+00 -0.196768741565599E+01 -0.266829929331665E+01
   0.296511284867111E+01 -0.147848428620328E+01  0.332029014557311E+01
  -0.254090758132686E+01 -0.107375378997336E+01 -0.128675966695825E+01
   0.585649729019004E+00  0.345138919681621E+01 -0.124722201040706E+01
   0.161824162379671E+01  0.172353138762334E+01 -0.291282963250402E+00
   0.313925218004316E+01 -0.465609281724942E-01 -0.482353106835763E+00
   0.323349162148142E+01  0.256880598450703E+01  0.147189129625935E+01
  -0.319372557180571E+01  0.161097060070034E+01  0.250622324857328E+01
   0.237922649679104E+01  0.192048820736758E+01  0.135935109073090E+01
  -0.189573426053333E+01  0.354690225407628E+01  0.261022394939175E+01
   0.232447985646469E+01  0.280658474916272E+00 -0.272283348966983E+01
   0.220526156779464E+00 -0.679062033618327E+00 -0.317432275238541E+01
  -0.121184339464663E+01 -0.201625907298718E+00 -0.259716987501138E+01
  -0.849519938143452E-01  0.138070626168488E+01 -0.170888422064461E+01
   0.483266186265481E+00 -0.831862032731096E+00  0.139387504875910E+01
  -0.235337709048739E+01 -0.633962933668908E+00 -0.334421880017561E+01
   0.206634544196666E+01 -0.178433532426867E+01  0.204034209902130E+01
  -0.845009732722080E+00  0.338838634387227E+01  0.201195234208536E+01
   0.119721492717860E+01 -0.611162686270579E+00  0.504519285050471E+00
   0.335028199103435E-01  0.250829795199154E+01 -0.152727012628120E+01
  -0.354470536650298E+01  0.100625391782346E+01  0.621517110255795E+00
  -0.296828513715167E+00 -0.254994912520962E+00  0.301579772413487E+01
  -0.188040624010234E+01 -0.224554800487639E+01 -0.229181152460295E+01
  -0.243311378697937E+01  0.329100168770975E+01 -0.132547567714167E+01
%  0.805269028946419E+00  0.848188220188860E+00 -0.122380072035274E+01
%  0.434668599170656E+00  0.611073313173670E-01  0.391513464134710E+01
% -0.899333877711646E+00 -0.770934346716913E+00 -0.569504172998532E+00
%  0.334955142768935E+00  0.601677131518856E+00 -0.180752641993700E+01
% -0.408187377788594E+00  0.215948680378375E+01 -0.631946034770248E+00
% -0.143561677263313E+01 -0.302229477576580E+00 -0.513099329646186E-01
%  0.709244492188551E+00 -0.950546512639333E+00 -0.192742753820607E+01
% -0.528720818323560E+00 -0.822842986474008E+00 -0.812893685507695E+00
%  0.109083256242474E+01 -0.295634993848959E+00 -0.139947971382911E+01
% -0.549878520178881E+00  0.709315883034632E+00 -0.116124987444017E-01
% -0.115580558228301E+01 -0.806541963801031E+00  0.833411568509053E+00
% -0.412849346715391E+00 -0.122393959389862E+01  0.164294366533281E+01
% -0.463428219791678E+00 -0.630845624119123E+00 -0.135751356822841E+01
% -0.729913006836091E+00  0.779144196110289E+00 -0.332698062760629E+00
% -0.934932547495460E+00 -0.151153445952920E+00  0.189003317438555E+01
%  0.312939359918577E+00 -0.237104652722859E+01  0.183791316840588E+00
%  0.376773523311647E+00 -0.399137389315687E+00 -0.637723052232838E+00
% -0.654123274001160E+00  0.810764233355143E+00 -0.704611851419637E+00
%  0.217949590848601E+00 -0.153065961522632E+01  0.729481431319156E+00
%  0.257284255587002E+01  0.133254342489371E+01 -0.109183164652042E+01
%  0.169013696808335E+01 -0.785260475837363E+00  0.137547361254442E+01
%  0.327096399557558E+00  0.117325618330318E+01  0.406318203373881E+00
% -0.143022249239649E+00 -0.985035609685359E+00  0.151701429045773E+01
% -0.122820562330196E+01  0.196332746072780E+01  0.129669695175569E+00
% -0.344433717178589E+00  0.274869842352425E+00 -0.133415091775213E+01
%  0.140075322168004E+01 -0.229947116100389E+00 -0.240935891330909E+00
% -0.189830134378891E+01  0.264468627506293E+01  0.146390289203776E+01
%  0.562531017322442E+00  0.229920874208163E+01 -0.151387648181460E+00
% -0.313932253263421E+00 -0.121847018403918E+01 -0.293320960787674E+00
% -0.658908521124044E+00 -0.504712368335345E+00  0.106282981826646E+00
% -0.102801220184139E+01  0.298351166922851E+01 -0.758983717652976E+00
%  0.302490689619876E+00  0.795189702171163E+00  0.125801381038421E+01
% -0.147300131896738E+01  0.220913715158188E+01  0.810709080040575E+00
% -0.757709695239073E+00 -0.323452237364828E+00 -0.981435313502593E+00
% -0.492058499544350E+00 -0.247752982396901E+01 -0.323147729126592E+01
% -0.250157364070280E+00 -0.233191450273473E+01  0.134333697523913E+01
% -0.125428316684480E+00 -0.646910178954499E+00 -0.143913018512358E+01
% -0.646926741075911E+00  0.150253327439024E+01  0.107327277449161E+01
% -0.130113161526292E+00 -0.132535893326304E+01  0.102619614565090E+01
%  0.484066197345397E+00  0.973791064342856E+00 -0.193945082989041E+01
%  0.621029694655230E+00 -0.270287885959783E+01  0.708520772794992E+00
% -0.218248787082299E+00 -0.803982608043673E+00 -0.275132540679096E+00
% -0.109680188800258E+01  0.519547323233757E+00  0.116078274705276E+01
% -0.289252193279392E+00 -0.735705991533062E+00  0.162919652535268E+01
%  0.593658850656878E+00 -0.100427157260130E+01 -0.161855018962636E+01
% -0.301998325886321E+00  0.137917761586000E+01  0.392334975597732E+00
%  0.117368802507289E+01 -0.194565724594591E+00 -0.997209905846814E-01
% -0.178464969016234E+01  0.375901968597860E+00 -0.133273730065134E+01
%  0.221035327623827E+01  0.179845904244628E+01  0.921644930617682E+00
% -0.312179996272084E+01  0.212177809365167E+01 -0.165927586644033E+01
% -0.189058989198672E+01 -0.110856944031423E+01  0.169936702084384E+01
%  0.616181292305103E+00 -0.102341015663504E+01 -0.405005218677996E+00
%  0.356276205834489E+00  0.108685857368445E+01  0.138630672850937E+01
% -0.683606885857594E+00 -0.964168617339987E+00 -0.239001209299851E-01
% -0.291990726517527E+00  0.156420297039642E+01  0.115701095978794E+01
% -0.691896080028339E+00 -0.164643747941990E+01  0.439578436301746E+00
% -0.215516202376543E+00  0.123787292401921E+01  0.243075776467503E+01
%  0.211431881909059E+00 -0.184859633858099E+01  0.109894902828436E+01
% -0.126205982064401E+01 -0.235939873883177E+00 -0.838595748203104E+00
% -0.268436616899348E+01 -0.691675071164234E+00  0.566244120075082E+00
% -0.228136818181026E-02  0.452010477826240E+00  0.494943684147509E+00
% -0.302079222094259E+00  0.840463599585472E+00 -0.616266083216108E+00
% -0.719577387927991E+00 -0.511773394413571E+00  0.326287349441782E+00
%  0.894069873966732E+00  0.236337819521779E+00  0.935043078193682E+00
%  0.603231729508565E+00  0.111922587869097E+00  0.121090611719116E+01
% -0.142460470410288E+00 -0.747632346924356E+00  0.171685686505055E+01
%  0.241042939840659E+01 -0.289049337364002E+00 -0.137864848004493E+01
%  0.110656350921777E+00  0.156496454957734E+00  0.104441174394746E+00
%  0.901053218624084E+00  0.940899255387623E+00  0.571686663151383E+00
% -0.144592372514620E+01  0.101377238635957E+01 -0.458499280038272E+00
%  0.259531379089838E+00  0.654400576788204E+00 -0.311500803448607E+01
% -0.309697016051890E+00 -0.595770296053370E+00 -0.184799414920087E-01
%  0.165360603759425E+00 -0.340527025501328E+00  0.238262892050019E+00
%  0.511554145767775E+00  0.749451683626228E+00 -0.466466488333483E+00
% -0.319242067525903E-01 -0.287170469233742E+00  0.183220223437699E+01
%  0.575012964778068E+00 -0.529907978370053E+00 -0.153530443441923E+01
% -0.642321203932488E-01  0.175813441537561E+01 -0.453239927388790E+00
%  0.637701607727526E+00  0.203622482232628E+01  0.476142605375171E+00
% -0.255885874404987E+00 -0.443789116814202E+00 -0.291969127726153E-01
%  0.856203331785459E+00  0.924595555073462E+00  0.133469494833515E+01
%  0.136615157174471E+01 -0.123590740308845E+01  0.146054872575388E+00
% -0.234631945909304E+01  0.202611067309631E+01  0.879605032549643E+00
%  0.644571760538308E+00  0.289763724028943E+00  0.369163876062896E+00
% -0.134693954098481E+01  0.175981873793852E+01  0.160013909515629E+01
%  0.374330931557566E+00  0.129362896928284E+01  0.218160603743210E+00
% -0.164166122025263E+01 -0.612485099378839E+00  0.553969993527969E+00
%  0.543486183533005E+00  0.126422269683866E+01 -0.104034635236648E+01
%  0.204779903748611E+01  0.203731482886685E+00 -0.481460364459922E+00
%  0.117963216048965E+01 -0.771565903157710E+00 -0.871582583552536E+00
% -0.297274329634338E+01  0.313350104679506E+01  0.152310688392270E+01
%  0.399828714913710E+00  0.163264563141197E+01  0.150201724680139E+01
%  0.298973479152689E+00  0.146639857090995E+01 -0.228086605892866E+01
%  0.104535688496250E+01  0.116298724998249E+01  0.213650670435849E+01
%  0.311927899460576E+00  0.900251029204428E+00 -0.195988268720498E+01
% -0.525533121903697E+00 -0.109501730001229E+00 -0.197783802911933E+01
% -0.169434867749601E+01  0.186897176532845E+00  0.108214234384881E+01
%  0.444880594600653E+00 -0.269316051277463E+00  0.112849258722389E+01
%  0.916389059312594E-01 -0.821163187552969E+00 -0.589547185448391E+00
% -0.583725543511953E+00 -0.185574953318460E+01 -0.576142367609337E+00
%  0.584828741060815E+00  0.214076623169412E+01  0.183182262085665E+01
%  0.501968082442659E+00 -0.198333846472867E+01 -0.758846308104736E+00
%  0.104896632927057E+01 -0.125597942106957E+00  0.199878103338662E+01
% -0.574814700028374E+00 -0.229595476505228E+01  0.536532132734804E+00
% -0.655346056501641E-01  0.266400156610689E+01 -0.352086052730614E+00
% -0.116662727213197E+01 -0.224120210248606E+01 -0.120193061519290E+01
% -0.167969435097996E+01  0.158157984226483E+01 -0.138584601583429E+01
%  0.215690943961731E+01 -0.129738040024264E+01 -0.179517090900568E+00
%  0.609396551610253E+00  0.378037029031854E+00 -0.130544678044173E+00
%  0.184408860895878E+01 -0.359118204077547E+00  0.139539031410768E+01
%  0.696615006016832E-01  0.835198563938403E+00  0.108599266450581E+01
% -0.410520595852845E+00 -0.711088221431394E+00 -0.206394003127022E+01
%  0.120458391112871E+01 -0.233766614166516E+00 -0.825338336084981E+00
% -0.384160185385071E+00  0.144833540831704E+01 -0.561005102115011E+00
%  0.203631600846816E+01  0.104469644226920E+01  0.184611182857907E+00
% -0.716489642319301E+00 -0.537675209063401E+00 -0.559406385554067E+00
% -0.182188127524079E+01 -0.482176277378438E+00 -0.218071969594803E+00
% -0.780671674620586E+00  0.109672552980583E+01  0.251820635991509E+01
% -0.643066867269152E+00  0.271146158101099E+00 -0.147920481606231E+01
%  0.172975600117439E+01  0.152675625544202E+01  0.212641211452886E+00
%  0.233872958065818E+00 -0.130349717971172E-01 -0.183607259927693E+00
% -0.531780981241180E+00  0.755484217172316E+00 -0.155283984813767E+00
% -0.129698930156304E+01  0.108204558963904E+01 -0.128375698612044E+01
%  0.778727548585020E+00 -0.397251238306175E+00  0.600744797414150E+00
% -0.143089740521795E+00 -0.687439596415314E+00 -0.168104852672179E+01
%  0.173066630377928E+01 -0.163957980890599E+01  0.103811653311402E+00
%  0.432838004440829E-01 -0.207366545273668E+00 -0.362600951576758E+00
% -0.126090750967126E+01  0.594051085448358E+00 -0.574770413015071E+00
% -0.706422751932926E+00  0.154320884175459E+01  0.757845411628189E+00
%  0.916810089369492E-01  0.961481561550308E-01 -0.197345189215357E+01
%  0.169300980895538E-01 -0.170230814605327E+01  0.728977185205851E+00
% -0.314055276079301E+00  0.181075424723140E+01  0.120508094403102E+01
% -0.320653253709209E+00 -0.155317830358102E+00  0.459730520961596E-01
%  0.201544787973948E+01  0.193594185479644E+01 -0.621170710819642E+00
% -0.122982838475952E+01  0.494097789915212E+00  0.714652242138713E+00
%  0.233919755951692E+01  0.339944470075779E+00 -0.709471385326391E+00
%  0.126555392417179E+01  0.758440280616457E+00 -0.866815135791527E+00
%  0.398383959856094E-01  0.432258514842598E+00 -0.116834215399954E+01
% -0.225039566537630E+00 -0.241025284717257E+01  0.256066660183199E+01
% -0.183960540077193E+01 -0.108754153386297E+01 -0.992720067809564E+00
% -0.828949251464086E+00 -0.148316577965258E+01  0.187986714076966E+00
%  0.969337554696073E-01  0.223457739030126E-01  0.210823810839547E+01
%  0.757079878872777E+00  0.168327664106303E+01 -0.195791300098768E+01
% -0.162773979820999E+01 -0.484906480512703E-01 -0.335589134998253E+00
% -0.188777706522534E+00 -0.102537880229089E+01 -0.673130720694703E-01
% -0.121881264984863E+01 -0.673309114530544E+00  0.234644632099626E+00
% -0.297037791512007E+00 -0.141118339675185E+01  0.102245330596814E+01
%  0.258714274626783E+01 -0.480425290649721E+00 -0.152131633065119E+01
% -0.778547797868564E-01 -0.108170396093029E+01 -0.411539039097558E-01
% -0.172536744937537E+01  0.923703881352049E+00 -0.857422102910723E+00
% -0.817266437564297E+00  0.203719094891674E+01  0.238339192400697E+01
%  0.189463765017235E+00 -0.171805812077625E+01 -0.177933960031130E+00
% -0.105583948697735E+00  0.666961304163392E+00  0.517629351197374E+00
%  0.146678548159582E+01  0.538687681532647E+00  0.828488614726106E+00
% -0.460021884893765E+00 -0.183251805589809E+01 -0.196349582466410E+01
% -0.583489108988640E+00 -0.225040793995292E+00 -0.152761872269796E+01
% -0.302421278500908E+00 -0.243526115447479E+00 -0.126022267704436E+01
% -0.257883753152762E+00 -0.113223888471817E+01  0.430624277373702E+00
% -0.821600526136075E+00  0.226464884712708E+01  0.246115192061544E+01
%  0.203150597241259E+01 -0.778582186822870E-01  0.169439648425483E+01
% -0.695633032442811E+00  0.493073393144243E-03 -0.505978771476362E+00
%  0.166698610017513E+01  0.111788037263063E+01  0.170593720465445E+01
% -0.270844645578295E+00  0.752201407471535E+00 -0.686710142910018E+00
%  0.155334883070491E+01 -0.559632687383860E+00  0.921987550755833E+00
%  0.876304759979475E+00 -0.707953173470310E+00 -0.357592605123579E+00
% -0.201717786412859E+01 -0.865547725606633E-01  0.215500738523551E+01
%  0.318258995789564E+00 -0.266034139478561E+01 -0.115531255757524E+01
% -0.175026038724659E+01  0.201109613070695E+01  0.170573003430686E+01
% -0.862366381265181E+00  0.131263948016842E+01 -0.247169836663719E+01
%  0.319424352894231E+00  0.110739457682025E+01 -0.171189453002203E+01
%  0.133010344101669E+01  0.185960548680616E+01 -0.382001585438533E-01
%  0.441872562936000E+00  0.959332976010169E+00 -0.201560563384893E+00
%  0.101899869079600E+01 -0.235966638701269E+01 -0.109312577050277E+00
%  0.565384535152796E+00 -0.166882211493895E+01 -0.162657032595573E+01
%  0.763085786263901E+00 -0.299273617390565E+01 -0.109173583472513E+01
%  0.849441141464851E+00 -0.127851793528972E+00 -0.900248909141943E+00
% -0.897712051709649E+00  0.895553959465442E+00 -0.788324617700430E+00
% -0.164062543848083E+01 -0.231379492414164E+01 -0.404073755418632E+00
%  0.273847260618008E+00  0.213272261095695E+01  0.422018198706069E+00
% -0.148642428269911E+01 -0.142040794186763E+00 -0.440931756666727E+00
% -0.737287071127516E+00  0.229574410024571E+01  0.155360277641365E+01
%  0.494084867833762E+00 -0.320196461998808E+01  0.386481780712880E+00
% -0.947068872068638E+00  0.420207018013533E+00  0.107740534666214E+01
%  0.216152048008888E+00 -0.332250548210420E+00  0.303218185155332E+01
%  0.186618215480688E+01  0.147456125585617E+01 -0.111729029343138E+01
%  0.138760886994682E+01 -0.145857575944975E+00  0.131709631035029E+01
% -0.135428884528969E+01 -0.507337902970067E+00  0.893045892359482E+00
%  0.455119496338573E+00 -0.352823087584107E+00 -0.566158293340088E+00
%  0.160907900738062E+01  0.214508041699650E+01 -0.647451529895685E+00
%  0.175666061861191E+01 -0.558517925106056E+00  0.118981463375424E+01
%  0.104064119984095E+01 -0.458540544663097E+00  0.299421981538704E+00
% -0.127459816334505E+01  0.849351935525021E+00  0.269409566531704E+00
%  0.206313500675850E+01 -0.152130663587674E+01  0.214885354159163E+01
%  0.473559511484551E+00  0.113718040973772E+01  0.661672420358762E+00
% -0.125918819824787E+01  0.135799421529105E+01 -0.433537119836519E+00
% -0.772811726888650E+00  0.253758774843577E+01 -0.114500569094644E+01
%  0.112323623956888E+00 -0.246883272771453E-02 -0.161931780856344E+01
% -0.326452628208356E-01 -0.112752740752473E+00 -0.190097597026404E+01
% -0.243993512964086E+00 -0.204755169436960E+01  0.165045507263982E+00
% -0.858612736683161E+00 -0.822927657417562E+00 -0.409118061430118E+00
%  0.174894977694540E+00 -0.396044700769773E-01 -0.201943465260388E+01
% -0.496327949762570E-02 -0.982578922403225E+00  0.120500269536906E+01
%  0.186444326505994E+01 -0.750054652109264E+00 -0.959803545463249E+00
%  0.106663347441591E+01  0.595932187627127E-01 -0.118083939397908E+01
%  0.173455980479162E+01  0.680726247875224E+00 -0.347450292056601E+00
%  0.782103442774789E+00 -0.694943405489711E+00 -0.231247631403165E+00
% -0.170322802151794E+01  0.899820171206593E+00 -0.114916156755774E+01
% -0.412264971951529E+00 -0.121311150807263E+01  0.902034333005326E+00
% -0.100485834666119E+01 -0.696333969210591E+00  0.278507972035943E+00
%  0.179434917186940E+01 -0.150683921718868E+01 -0.143204778493955E+01
% -0.182700349494538E+01 -0.259234625562266E+01  0.293895598211928E-01
%  0.967687123176356E+00 -0.862819833893821E+00  0.993673168286178E+00
% -0.801598339767519E+00  0.145905492822274E+00 -0.978488291938622E+00
%  0.773319853145606E-01 -0.287873580981208E+01  0.956933558305403E+00
% -0.172560623496653E+00  0.204921022727450E+01 -0.122299683964213E+00
%  0.111953897262881E+01 -0.382161943510158E+00 -0.310848416446955E+00
%  0.155123567032677E+01 -0.164765314974557E+01 -0.381326050026674E+00
%  0.815152141080453E+00 -0.141911691877072E+01  0.847738423714890E+00
% -0.169940436117968E+01  0.191861281007927E+00  0.219656928655217E+00
%  0.157183522398909E+01 -0.147540293437273E+01  0.934428983927393E+00
% -0.907286713154319E+00  0.308250618071941E+00 -0.155903712691947E+01
% -0.130542631198994E+01 -0.729613218777642E-01 -0.304529373308565E+01
%  0.697686882556145E+00 -0.624287648069776E+00 -0.234137774877865E+01
% -0.240576987931455E+01 -0.256550749491776E+00  0.168208730053097E+01
% -0.662131619774342E+00 -0.162992547178343E+01 -0.225611762518960E+00
%  0.751412981999526E+00  0.208071056013754E+01 -0.895330397275232E+00
% -0.991733417846000E+00  0.235408681588238E-01 -0.915694130001231E-02
% -0.100505282295612E+00  0.178943169588149E+01  0.392474219814193E-01
% -0.491916481057392E+00 -0.109072849964435E+01 -0.178495936803245E+01
%  0.121823451742217E+00  0.923908167482007E+00  0.106108566326633E+01
% -0.949528341460598E+00 -0.103590296314690E+01 -0.185178355580032E+01
% -0.879093981702390E-01 -0.163760971894358E+01  0.234470422915655E+01
% -0.219171366420409E-01 -0.221006513137186E+00 -0.131825131858886E+01
%  0.142859600905636E+01 -0.131096074938280E+01 -0.362307164138991E+00
%  0.101908197577145E+01 -0.200412099115285E+01  0.339165877510819E+00
%  0.205985019718293E+01 -0.155078336386091E+00  0.962082932403019E+00
%  0.734399470769751E+00  0.173055907635312E+01 -0.913587262210306E+00
% -0.182781568784176E+00 -0.720439268158706E-01 -0.586741521712357E+00
%  0.100075763541050E+01 -0.194730000748823E+01  0.632919910955325E+00
% -0.139134463703541E+01  0.979761661198541E-01 -0.188412314718417E+01
%  0.100318328216546E+01  0.142272407069539E+01  0.488508298269237E+00
%  0.276939307055086E+00 -0.135513381044605E+01  0.107615578147071E+01
%  0.117166716014852E+01 -0.125876235080356E+01  0.106431358637785E+01
% -0.465928225227898E+00  0.187431695503499E+01  0.627247584596762E+00
% -0.881630931969644E+00 -0.199382794597638E+01  0.584115548799170E+00
% -0.681567808341506E+00 -0.599180237442632E+00  0.777387287639495E+00
%  0.805748186860729E+00 -0.749840981943776E+00  0.244932473672505E+00
% -0.311563987023373E+00 -0.142137677424419E+01 -0.122027392673942E+01
% -0.134062657662124E+00 -0.424809959820469E-01  0.101456599351915E+01
%  0.217065542614207E+01  0.127460253123498E+01 -0.118252057380134E+01
%  0.466612356954196E+00  0.140100651597504E+01  0.835615981443533E+00
%  0.776381164903228E+00  0.654228748153379E+00  0.464161152963725E+00
% -0.120792236320359E+01 -0.337091121911284E+00  0.892707304397262E+00
%  0.579629469828176E-01 -0.120427464425490E+01  0.561378185333379E+00
% -0.851144587165089E+00  0.174297062251977E+01  0.101334419437054E+01
%  0.137880911779118E+01  0.501754849586106E+00  0.129187129148054E+01
% -0.167683303896098E+01  0.725383009987594E+00 -0.644013927859011E+00
%  0.474954959947817E+02 -0.377694880065383E+02 -0.265346310804771E+02
% -0.549963712600933E+02  0.153177939027117E+02  0.545332996147817E+02
%  0.124833974259655E+02 -0.195618175066966E+02 -0.100659760614962E+02
% -0.185751637426157E+02 -0.860206716736464E+01 -0.287227107248159E+01
% -0.349142805003954E+01  0.162487717211418E+02 -0.414038689752775E+02
%  0.255527823168847E+01  0.289051265554924E+02  0.949260034477603E+01
% -0.119237999193168E+02  0.142285427291409E+02 -0.964827379521635E+01
% -0.499426658861052E+01 -0.246866794918295E+02 -0.493490260556644E+01
% -0.188161293930993E+02  0.115687502275158E+02  0.308422393848201E+01
% -0.642608119166980E+02 -0.411745982568080E+02  0.153314409034278E+02
% -0.489140987063673E+01 -0.758649824219551E+01  0.343204201186328E+01
% -0.155923038348906E+02 -0.132514352205580E+02  0.110502219061473E+02
% -0.340603387819403E+01 -0.488796922145378E+01 -0.118084513115208E+02
% -0.678597516333981E+01  0.195915145991937E+02  0.132418659113353E+02
%  0.276089421090487E+01 -0.156167733841755E+02  0.116225157349111E+02
%  0.160190559752608E+01 -0.398988446841908E+01 -0.949718871773921E+01
% -0.294859067404973E+01 -0.233408612068287E+01  0.145839230112965E+02
% -0.335547639664708E+02  0.250220675489745E+02  0.280025498872903E+02
%  0.502612526241099E+00 -0.125895682230938E+02 -0.812176379551638E+02
%  0.401092464823254E+01 -0.939552561118326E+01 -0.613344821366572E+01
% -0.858784121570189E+01  0.108737710214904E+02  0.981765111547635E+01
%  0.551017922242862E+01  0.137750325826162E+02 -0.602192358638234E+01
%  0.337534725665182E+01 -0.473212891408615E+01 -0.919972854153405E+01
% -0.768112400896492E+01  0.562184475625623E+01 -0.225942451548364E+02
%  0.189677614912766E+02 -0.751889824201066E+01  0.771683070124148E+01
% -0.361251420456612E+02  0.398911482529155E+01 -0.345334485552400E+01
% -0.176314166886339E+01  0.521984703260598E+01 -0.143224665364191E+02
% -0.166520512093859E+01  0.477749398970461E+00  0.117906968153458E+02
% -0.771643591979384E+01 -0.223777657439124E+01  0.400426413797045E+01
%  0.256741840753062E+02  0.107409812344981E+01 -0.435857154874372E+01
%  0.264492502192743E+02 -0.158633131625357E+02 -0.166306549642166E+02
%  0.147570515265091E+02 -0.638774005779218E+01  0.110165024926542E+01
% -0.244370160309690E+00 -0.584653552726618E+01  0.486546268416393E+01
% -0.163504832885040E+02 -0.642930272392966E+01 -0.568609904897008E+01
% -0.386180308476683E+02  0.140489651696913E+02  0.329137787487651E+02
%  0.153531735950167E+01 -0.254536994482124E+01 -0.344985426307610E+01
% -0.128995037022163E+02 -0.245366766936508E+01  0.249272624964533E+00
%  0.231633401907417E+02  0.448554976498791E+02  0.556101369507811E+01
% -0.627274287466614E+01  0.141036328515820E+02 -0.998256037443973E+01
%  0.278996230225132E+01 -0.209803865272345E+01  0.139564087067981E+02
%  0.122268677890886E+02 -0.554900144128263E+01  0.255922776451937E+02
%  0.522198819716561E+01  0.692174155811935E+01 -0.375684893149071E+01
%  0.729200210796919E+01 -0.133753837887750E+01 -0.841853403314206E+01
%  0.223768686546190E+02 -0.921787418269671E+01  0.500795033348182E+02
% -0.143279232499484E+01 -0.645858240521553E+01 -0.290754900012190E+02
%  0.198481024452074E+02 -0.232230157847783E+02 -0.262523614248612E+02
% -0.113373453005359E+02 -0.255033338559759E+00 -0.359849265874964E+01
% -0.168843008921871E+02 -0.454533281707475E+01  0.228263418935452E+01
%  0.906135750225318E+01  0.154894132589890E+02  0.162610637351286E+02
%  0.741850994558808E+01  0.801546569094404E+01  0.828034328883614E+01
%  0.915637723266653E+01 -0.175963764881608E+00  0.561546983387114E+02
% -0.113391546899128E+01 -0.359295742504577E+02 -0.819844816747081E+00
%  0.489224101561019E+00 -0.147647433674319E+01 -0.259241322729344E+01
% -0.295419314142860E+01  0.659279414617595E+01  0.226987997921406E+00
% -0.312717584186747E+02  0.138893614354342E+02  0.584906959026702E+01
%  0.631914473261368E+01 -0.759641042528958E+01  0.196716220820013E+02
% -0.214106580432079E+01  0.311316583433620E+01  0.263774958537695E+01
%  0.411927465278632E+01 -0.329552411717951E+01 -0.101328721858550E+02
%  0.365338039999561E+02  0.503958150657231E+02  0.646408388776957E+01
%  0.336459447089079E+02 -0.202516286585152E+01  0.199559405018202E+02
%  0.188548947034540E+02  0.101797015507453E+02  0.105293784222740E+02
% -0.133479103579240E+01  0.898243130184373E+01 -0.710928686547160E+01
%  0.168367635737507E+01  0.876921647873673E+00  0.107979280788602E+02
% -0.231982460523868E+01  0.281244391074993E+02  0.855746449098544E+01
%  0.506730653786799E+01 -0.120209905847040E+02 -0.169384713536280E+02
%  0.537407269403732E+01  0.383460189012159E+01 -0.179938973939707E+02
%  0.156811621609690E+02 -0.782828520361971E+01  0.726226314137106E+00
% -0.115629692157827E+02 -0.414731371664968E+00 -0.201823081945793E+02
% -0.424235502786007E+01 -0.524690305293574E+01  0.532414270115624E+00
%  0.967341996895823E+00  0.125681707141378E+01  0.131024947148822E+02
%  0.194756747184717E+01 -0.154991934561208E+01  0.146145352620650E+01
%  0.777937690539138E+01  0.331648706153179E+01 -0.716007379619500E+00
%  0.965727600847424E+01  0.282024584576440E+00  0.577032637789839E+01
%  0.469303446005400E+02 -0.312272183694463E+02 -0.254548634743956E+02
% -0.549427733961965E+01 -0.273774281309925E+01 -0.148449948652571E+02
%  0.870042248963053E+01  0.518251617975134E+01 -0.652214649005948E+01
% -0.897226626196496E+01 -0.938115208183518E+01 -0.279011280792907E+02
%  0.144550622867903E+02  0.283101806961810E+02  0.207582798836551E+02
% -0.564915936717951E+02  0.238384127064798E+02  0.132411726343936E+02
% -0.251610728066637E+01  0.320708161866310E+00  0.456704290615456E+01
% -0.173148877328781E+00 -0.317060515644436E+01 -0.846785190215969E+01
% -0.358732706408376E+01  0.140834006741078E+02  0.675917886906894E+01
% -0.252804105538716E+01  0.346541673334948E+01 -0.458297042041632E+01
% -0.192122759174109E+01  0.140928208989199E+02 -0.160663131695027E+02
%  0.186631364621684E+02  0.128437092522750E+02 -0.178192757187167E+02
% -0.177085421846205E+01 -0.258426803368616E+02 -0.147708847772930E+02
% -0.142275313519215E+02  0.191756678810146E+01  0.136026233661040E+02
%  0.235420108278604E+01  0.447758125458293E+01 -0.726068184846415E+01
%  0.825405222539039E+01  0.194820215726721E+01  0.203504209543854E+00
%  0.910076741834134E+00 -0.138993555294736E+02  0.656354544607003E+01
% -0.286181707445135E+01  0.195492640920768E+02  0.139403325075850E+02
% -0.455579391728313E+01  0.212055052672031E+02  0.844459295813597E+00
%  0.155429535487199E+02  0.231506974070302E+00  0.160961668769767E+01
%  0.543057409719770E+02  0.724713712650195E+02 -0.375180289925278E+02
%  0.874717958704381E+01  0.667691883480442E+01  0.935100886365008E+01
% -0.461523068330325E+02  0.260326259230662E+02  0.264238412194144E+02
% -0.139439792279502E+02 -0.259879584681548E+01 -0.136016444586838E+02
% -0.153134953645138E+02 -0.836545195839212E+01  0.164804606704336E+02
%  0.975962423730927E+00 -0.254485760777112E+01  0.776379137458348E+01
%  0.745844085980476E+01  0.163312115044206E+02 -0.103625650294831E+01
% -0.310654973847403E-01  0.769615981272899E+00 -0.400281141565469E+01
% -0.135130967250951E+01 -0.259555082590349E+01  0.498701325108002E+01
% -0.979945214147523E+01  0.757954707865663E+01  0.863712195301328E+01
%  0.196121084440776E+00  0.427627057927674E+00  0.319206939875507E+01
%  0.116804321939867E+02  0.514205369869516E+01 -0.138103190903585E+02
% -0.864414299552437E+01  0.997215115468984E+01 -0.238338747876168E+01
%  0.608801786610887E+01  0.187243782335409E+02  0.125308863444738E+02
% -0.390740951485070E+01 -0.305609335352876E+00  0.173271238420096E+02
%  0.146112790638180E+02 -0.193990209335870E+01  0.226328529555966E+02
%  0.185708247185701E+02 -0.604975861079223E+01  0.147720423889886E+02
% -0.103667698237944E+02  0.116746466601225E+02  0.326626467026731E+01
% -0.205944771408901E+02 -0.114447123840490E+02 -0.208261922344171E+02
% -0.415163808262864E+02 -0.305947981489558E+02 -0.474609796770419E+02
% -0.994857669501731E+01  0.304400718804792E+01 -0.873503404450813E+01
%  0.164503309304743E+01  0.442495679307906E+00 -0.265130461463510E+01
% -0.762296683375104E+01 -0.626792460968554E+01 -0.514920536602487E+01
%  0.435392046489999E+02 -0.156343572632201E+02 -0.447732297189555E+02
% -0.138271378509481E+01  0.110812353283844E+02 -0.349218039522748E+01
% -0.113589084117065E+01 -0.843674718067674E+01 -0.620429277615600E+01
% -0.339800206417208E+02  0.594705815782561E+02 -0.467786324541553E+00
%  0.503036197755776E+01 -0.470428191358079E+01 -0.341795918262053E+01
%  0.198213921257968E+02 -0.142169016268331E+02  0.249687751426821E+02
%  0.754907174338268E+00 -0.334784588525123E+02  0.250886005584678E+01
% -0.224423128229498E+02  0.170010755903971E+02 -0.708564651468718E+01
%  0.402085407223979E+02  0.422675384971146E+02  0.210475091867315E+02
% -0.121016446404606E+01 -0.270600163070919E-01  0.116656338898589E+01
% -0.236168745301003E+02 -0.386074381720440E+02 -0.102275919339408E+02
% -0.159327308230171E+01 -0.166715967168605E+01 -0.300805497535420E+01
% -0.185632512428492E+02  0.205025151852293E+02 -0.533626953119736E+02
% -0.308060335163066E+01 -0.238781878042098E+01  0.960763083599814E+01
%  0.323077145282339E+02 -0.423370344019398E+02  0.868421903406723E+02
% -0.117362802569294E+02 -0.385029261049823E+02 -0.123817146958924E+02
% -0.175886079967781E+02 -0.340392371141540E+02 -0.319046883092460E+01
%  0.150851985565526E+01  0.204354811385518E+01  0.751839149551479E+01
% -0.216765602481797E+02 -0.109598619749042E+02  0.607329139841762E+02
%  0.721781628630824E+00 -0.150571219629992E+01  0.519476861200350E+00
%  0.126486710205092E+02  0.961377828109536E+01  0.596059970396200E+01
% -0.116563860377037E+02  0.669360854660185E+01  0.439614252258278E+01
% -0.285833566429183E+02  0.431033830507132E+02  0.332851608045121E+02
% -0.459639696120715E+02 -0.692009754095589E+01  0.560804396693804E+01
%  0.134487425192285E+02  0.188317063845497E+02 -0.826748957851197E+01
% -0.153883041092712E+02 -0.551958986066213E+01 -0.171056357631988E+02
% -0.800246166488874E+00 -0.611002837787924E+01  0.222262148171295E+02
%  0.278006352243703E+02 -0.198728608033150E+01  0.460276484434178E+02
%  0.202270910207674E+02 -0.241746933709657E+02  0.154452793628147E+02
% -0.871659535083414E-01  0.456610754711480E+02  0.960545139656172E+01
%  0.202532524308321E+02  0.120905771911748E+02  0.243605051659334E+02
%  0.840464606191786E+01 -0.235468114514646E+00  0.432688652467463E+01
%  0.229007270481230E+02  0.539775721579741E+02 -0.444616904193315E+02
% -0.405657276634444E+01 -0.986824063722426E+00  0.755652000066879E+01
% -0.131669186160120E+02 -0.277320070999795E+02  0.363089657669417E+01
% -0.177844158796507E+02  0.194513297110692E+02 -0.203841233062314E+02
% -0.149026528817009E+02  0.658624186128269E+01 -0.654264832289230E+01
% -0.156586073576773E+02  0.240599678027034E+01  0.696764551226021E+01
%  0.191916571836723E+01 -0.774111276971006E+00  0.217503230693040E+01
% -0.339195070179934E+02 -0.278931462226888E+02 -0.496391142895453E+02
% -0.193902097039736E+01  0.277360052790001E+01 -0.372797056820912E+01
% -0.204152525841643E+00 -0.110067843701649E+02  0.442531119927104E+01
% -0.123854541425335E+02 -0.438406053430967E+02  0.143463720578497E+02
%  0.776421697188263E+00 -0.133937966389890E+02  0.235743033042794E+02
%  0.342691057222314E+02  0.415066266307358E+02 -0.290242735317330E+02
%  0.230766008568115E+02  0.926066330852906E+00  0.105531211350906E+02
%  0.467711322125970E+02  0.739295856271514E+01 -0.342902397588313E+02
% -0.122742178439401E+02 -0.118997188423480E+01  0.148846952058116E+02
% -0.890941374803232E+01 -0.547003240515179E+01  0.134960233706572E+02
%  0.634125790352583E+02 -0.327137639184390E+02 -0.159934827593300E+01
% -0.892373819382239E+01  0.369408580657580E+01  0.604351211629117E+01
% -0.109950831081974E+02 -0.602311938624514E+02 -0.714451656933800E+01
%  0.524348663801193E+02  0.237996671411026E+02 -0.117094296825661E+02
% -0.215490340345838E+01  0.107002507488910E+02 -0.539099036885620E+01
% -0.121839013483982E+02 -0.251474895356576E+02  0.186716876035027E+02
% -0.263502956279440E+02 -0.248024004710966E+02 -0.373094343378055E+02
%  0.304947791120302E+02 -0.163723121051176E+02 -0.127105013713110E+02
% -0.142699014374042E+02  0.761344892590477E+01  0.557734669636818E+01
% -0.194341941275176E+02  0.127512230547113E+02 -0.146396835143305E+02
% -0.109808963601550E+02  0.774135495405290E+01 -0.196155711888554E+01
%  0.973079022592562E+00 -0.216036515835604E+01  0.127109447980343E+01
%  0.436927144579796E+01  0.259489995285618E+01 -0.529319897192420E+01
%  0.179164851327578E+02 -0.425399280130526E+01  0.100534006692783E+02
% -0.604159018929601E+02 -0.713353294724422E+02  0.422257948635979E+02
% -0.114366209944721E+01  0.166167499397365E+01  0.159748619731325E+01
% -0.831138512607222E+00 -0.124243933274320E+02 -0.626410202607397E+01
% -0.865296302387694E+01 -0.293706949966234E+02  0.291027319900999E+02
% -0.159285000550490E+01 -0.200338985032457E+02  0.182034771250149E+02
%  0.677916096603582E+01  0.154280068485629E+02 -0.482566427078517E+01
%  0.703236836644517E+01  0.498659282427798E+00 -0.248543025492268E+02
%  0.226500245589594E+01 -0.741544277124794E+00 -0.577061730671493E+01
% -0.312103666408162E+01  0.329694116401339E+01 -0.269365171378110E+01
%  0.226031568197683E+02 -0.461700781817504E+01  0.828046033297193E+01
%  0.780570810630936E+01  0.502179797505203E+00 -0.249966741627716E+01
% -0.431295483340202E+01 -0.204200510047756E+01 -0.351599784474740E+01
% -0.308774685459536E+02 -0.359690222978183E+01 -0.304882469460847E+02
% -0.389310975922637E+01  0.379912096324849E+02 -0.277865105745062E+01
%  0.223442842776807E+02  0.296214281413386E+02 -0.731670710426799E+01
%  0.108326060839963E+02 -0.109345857335928E+02  0.386458730024343E+01
%  0.122376314583277E+02  0.150691708991454E+02  0.642319626795171E+01
%  0.353118241363631E+01 -0.324824650980411E+02 -0.119862633495487E+02
%  0.104016735039316E+02 -0.362613127887170E+02 -0.247588834034707E+02
% -0.145061962421226E+02 -0.740923952089780E+00 -0.948295461244961E+00
% -0.236090298020299E+02  0.811206742217739E+01 -0.691554664206846E+01
% -0.349030733092015E+01  0.453689669303271E+00 -0.146002434148829E+02
%  0.139351606886677E+02 -0.399413280641357E-01  0.822826423562942E+01
% -0.744515790601402E+01 -0.320355843079193E+01  0.335777232404832E+01
% -0.297082177449856E+02 -0.554063538392607E+02 -0.721000638907241E+01
%  0.131669566288193E+01  0.111063019402679E+02 -0.197109387042458E+02
%  0.752570016894436E+00  0.349276427514190E+01  0.428940464973647E+01
% -0.918430037583154E+00  0.230606000230242E+02  0.422963163073091E+01
%  0.156711879266767E+01  0.141535881238500E+01 -0.318898136327137E+01
% -0.697544460334047E+01  0.773951837361975E+01  0.155724165222754E+01
%  0.300003859234603E+01  0.736743879556572E+00  0.136994789276861E+02
% -0.140153790157116E+02 -0.146967750264719E+02  0.680700495259591E+00
%  0.891464623248096E+01  0.122067680682219E+02  0.168530440599947E+02
%  0.412252419579017E+02  0.303947342741204E+02  0.515317235129452E+02
%  0.300135084244016E+01 -0.100509057457407E+01 -0.716887530695699E+01
%  0.176096456970395E+01 -0.118057364218485E+02  0.119014402771968E+01
% -0.352929934251024E+00  0.411153152488677E+01  0.394611315554128E+01
%  0.527951231109245E+01 -0.119075759802563E+01  0.582758006812775E+01
% -0.768501082369271E+01  0.272437158960744E+02  0.373781594728642E+02
% -0.150375727200233E+02  0.222051203833067E+02 -0.331803041608574E+02
%  0.217696516292247E+01 -0.199556400682539E+02 -0.136709251972939E+02
% -0.209187882697073E+02  0.158103033693668E+01 -0.457410648680910E+02
% -0.258401702739753E+02  0.800106392844689E+01 -0.144373303928726E+01
%  0.329476546465149E+01 -0.217963332909926E+01 -0.370334736571479E+01
%  0.535881260466961E+00  0.322157827144906E+00 -0.125521479494630E+02
%  0.210061878097165E+01 -0.586240587579127E+00 -0.459515835083749E+01
%  0.133461094965482E+02  0.272218887904682E+01  0.443688752896752E+01
% -0.248050942307028E+02  0.380139213704133E+01 -0.563430016936757E+01
%  0.115611713447797E+01  0.182400372809782E+01 -0.399772516004044E+01
%  0.540308653353866E+02  0.900139268043327E+01 -0.136391825884820E+02
%  0.603154932683866E+00  0.193317148023405E+01 -0.370996401525680E+01
%  0.123615093413314E+01  0.268019435587741E+01 -0.128371579966402E+01
% -0.641695642473791E+01  0.840147471686720E-01 -0.132371587120165E+02
%  0.548681102579228E+02 -0.103062664777288E+02  0.336086001977483E+01
%  0.321319806430184E+01 -0.824956462566887E+00  0.266356591131186E+01
%  0.190238622535058E+02  0.127868680733470E+02 -0.163844325979772E+01
%  0.481033744146474E+01 -0.696593071690841E+01 -0.185576784476819E+02
%  0.112573878581285E+02  0.107348876938472E+02  0.574499175801563E+01
% -0.946232220047686E+01 -0.575986276739725E+01 -0.151262835160494E+02
%  0.528085466581411E+01  0.563739520687918E+01 -0.171757381236064E+01
%  0.277943134795913E+02  0.308893721957673E+02  0.128197423041186E+02
%  0.740487083594398E+01 -0.165557498455526E+02  0.100613059330748E+02
%  0.143633372546415E+01 -0.254516796917626E+01 -0.232451086988975E+01
% -0.777962580605911E+01 -0.423236819177823E+02  0.146270422268583E+02
% -0.712175824701063E+01 -0.674686902423573E+01 -0.123775746147389E+02
% -0.667143206997987E-01  0.935850062561021E+01  0.305181210337284E+01
%  0.941766728476459E+01  0.611129283730376E+01  0.676981902532367E+01
%  0.175367075988331E+02  0.722444715378140E+01 -0.698048959609550E+00
% -0.891889007331888E+01 -0.119887378753140E+02  0.608606620206856E+01
%  0.220520902565449E+02 -0.309123653522506E+01  0.252556775392249E+01
% -0.140959192780712E+01 -0.129858747320768E+02  0.805903676245007E+01
% -0.106730018842940E+02 -0.409323998883697E+02 -0.408001715345439E+01
% -0.373514316978167E+01 -0.184430024931434E+01  0.223228868109016E+01
% -0.173158648544706E+02 -0.112148463166598E+01 -0.649851337196159E+01
% -0.236365657941204E+02 -0.765401909592621E+00 -0.137513450308654E+02
%  0.881774141149426E+00  0.365402241976105E+02  0.420357235496920E+01
%  0.255567442215636E+00 -0.330521070616902E+01 -0.149333610125172E+01
