% T    256  0.715122828077254E+01  0.715122828077254E+01  0.715122828077254E+01
  -0.154632818526637E+01 -0.126797107869351E+01 -0.761120326741017E+00
   0.414080495412547E+00  0.319988981628703E+01 -0.173830058690938E+01
  -0.310131394915458E+01  0.178703528181361E+01 -0.241699493439808E+01
  -0.260306435854456E+01  0.340824300848765E+00  0.231964501479350E+01
   0.340811775851488E+01 -0.706166206676553E+00  0.313370367280650E+01
   0.114435911333165E+01 -0.243345126517588E+01  0.207499868558943E+01
   0.249785173967503E+01 -0.876483544154935E+00 -0.164849737353928E+01
   0.887026741002677E+00  0.208371853836037E+01  0.354655459603964E+01
   0.264252101099147E+01 -0.372967817077899E+00  0.294560609137672E+00
   0.269438165508147E+01  0.209519131181200E+01 -0.449775729535195E+00
  -0.880157603114784E+00  0.134331077915805E+01  0.755724121005549E+00
   0.134359866806965E+01 -0.168904933325007E+01 -0.304300046111297E+01
   0.313866643902917E+01 -0.649496588681000E+00 -0.719049695539223E+00
   0.304458303769237E+01 -0.260442147146798E+01 -0.246076129436029E+01
   0.175832075738362E+01 -0.869219932783375E+00 -0.786135579448141E+00
  -0.980711927806730E+00 -0.112424739964991E+01 -0.198715919077398E+01
  -0.562973430724353E+00 -0.106127631888515E+00  0.183452608890223E+01
  -0.397436286972007E-01 -0.299502813744607E+01 -0.635811376499296E+00
   0.135090068136895E+01  0.235519232717806E+01  0.194094260772809E+01
   0.455715528327790E+00  0.338705905147869E+01  0.203978445621702E+01
   0.346059529893731E+01 -0.133735420292927E+01  0.383611530338920E+00
  -0.245356442817251E+01 -0.673637775401407E+00 -0.220476599405494E+01
  -0.150137074823555E+01 -0.329916832729018E+01  0.207118141238744E+01
  -0.199980996131628E+01 -0.285572700220031E+01 -0.175443543475416E+01
   0.260325098271456E+01 -0.335567952222236E+01 -0.121718048976998E+00
   0.742619077731123E+00 -0.238245809198597E+01 -0.744300192458863E+00
  -0.853409530426403E+00  0.297928729124176E+01  0.221323870455698E+01
  -0.354569417180281E+01  0.414250500138430E+00  0.106023184252792E+01
  -0.345398127279995E+01 -0.287287182923345E+01  0.295413667484170E+01
  -0.302795030312559E+01  0.263369564340316E+00 -0.263238229261419E+01
  -0.158815921955095E+01 -0.667590526715438E+00  0.167194884489218E+01
  -0.527081269617456E+00  0.115260388776826E+01 -0.238078888656262E+01
   0.332580579057895E+01  0.183771153285593E+01 -0.135428251212096E+01
  -0.566528133774127E+00  0.332127425080465E+01  0.187572698867241E+00
   0.818718095452715E+00 -0.972207673740019E+00  0.254243962119347E+01
  -0.494286812870277E+00  0.196233377400151E+01 -0.744657488134494E+00
   0.115274211389054E+01 -0.330046626046172E+01 -0.263119238243205E+01
   0.205157056681132E+01 -0.124790700773632E+01  0.530301521270058E+00
   0.137451051553133E+01 -0.300720150787545E+01  0.101508402551791E+01
  -0.676735427020702E+00  0.104598676384002E+01  0.342286114584793E+01
  -0.167815685579908E+01  0.274083395573259E+01 -0.195351682621135E+01
   0.254614216860107E+01  0.608310551447019E+00  0.166400740005768E+01
  -0.516679407566972E+00  0.765871240422004E+00  0.248306838871405E+01
  -0.341825301394687E+01 -0.263194736691122E+00  0.222676454662703E+01
   0.206846548156047E+01  0.329338707009045E+01  0.672070773367026E+00
  -0.249049637968978E+01  0.246840935678095E+01 -0.284011094845941E+01
   0.249551340830945E+01 -0.141062261768971E+01 -0.264222519462179E+01
  -0.225356360832962E+01  0.202775107322341E+01  0.328243619068657E+01
  -0.186892138746766E+01 -0.242310234825749E+01 -0.776199285241358E+00
  -0.304411962504346E+01  0.350566494796222E+01 -0.328308483854963E+01
   0.209871750445088E+01 -0.279709328885989E+01 -0.103671777946236E+01
   0.958540776483070E+00  0.313817506884651E+01  0.112246927682177E+01
   0.930408026195455E+00 -0.481532876237966E-02  0.263966730810136E+01
  -0.141713822835542E+01 -0.209571827931192E+01 -0.228948974570528E+01
  -0.218727003041917E+01  0.113796100397170E+01 -0.142271087400148E+01
   0.340623862629634E+01  0.277689093565208E+01 -0.249553003176090E+01
   0.820601561880430E-01  0.239362225385608E+01  0.282711231759086E+01
  -0.555892034206627E+00 -0.281579928898447E+01 -0.267464194294117E+01
   0.151216727408081E+01 -0.336301524992046E+00 -0.161147135295855E+01
  -0.219080644882502E+01 -0.188538239841601E+01  0.240925895438460E+01
  -0.276207703733378E+01  0.207150978780174E+01 -0.113630217193183E+01
   0.339208466319713E+01  0.253102515695111E+01  0.135079168650352E+01
   0.810045522706977E+00 -0.189179992690509E+01  0.321212682742032E+01
   0.324777387801848E+00  0.117837345268876E+01  0.343580714491898E+01
   0.140174981793900E+00  0.191429670000168E+00 -0.132365485693781E+01
  -0.323526165463657E+01 -0.149944151469250E+00  0.451335714063550E-01
   0.111671887636299E+01  0.612704419087140E+00 -0.330211544154907E+01
  -0.296825388677710E+01 -0.621852661787043E+00 -0.122762496619449E+01
  -0.666265599712410E+00 -0.912483812027176E+00 -0.243452946212476E+00
  -0.153913242168706E+01  0.189453980342830E+01 -0.151060615312608E+01
   0.501762086933534E+00 -0.292064406299839E+01  0.286239272270643E+01
   0.313855792159701E+01 -0.529303537338124E+00 -0.289382642293073E+01
   0.698083759050441E+00 -0.216367385632783E+01  0.101592941381483E+01
   0.299525320676395E+00  0.147593424253267E+01  0.538136317676189E+00
  -0.253451133807768E+01  0.504871393671763E+00 -0.434296895455868E+00
  -0.326819313748698E+01 -0.346408050628347E+01  0.199849202005157E+01
  -0.335702553719073E+01 -0.144988588501763E+01 -0.776494634196726E+00
  -0.187711434760396E+01  0.291626855226070E+01  0.277648098087112E+01
   0.620752467410710E+00 -0.278593323325888E+01 -0.158510179166963E+01
  -0.374547612180823E+00 -0.312926236081135E+01  0.207060980676363E+01
   0.199648559856211E+01  0.469747077674226E+00  0.273168748827371E+01
  -0.689585948721654E+00 -0.105136368825469E+01 -0.305107606325713E+01
   0.337856992971973E+01 -0.573001747838991E+00  0.116355853340874E+01
   0.181206852172902E+01 -0.220834121016824E+01  0.689473211750501E+00
  -0.692409873664736E+00  0.328115824803394E+01 -0.224400980348289E+01
   0.195288195102865E+01  0.209487916691652E+01 -0.304225335992831E+01
   0.262971935503632E+01  0.313946479353833E+01  0.246723892791821E+01
   0.155430756378421E+01  0.299233395669701E+00 -0.200495185069604E+00
   0.178797920248367E+01 -0.670988175863093E+00  0.310874790845857E+01
  -0.162200414899192E+01 -0.171281461868603E+01  0.333615218246680E+01
  -0.276170548052254E+01 -0.145424010268518E+01  0.167841395739255E+01
   0.310789228189709E+01 -0.331576842565164E+01 -0.105666516337608E+01
  -0.342035093216363E+01 -0.246601960024417E+01 -0.323765789103220E+01
   0.273726020115567E+00 -0.986127018588575E+00 -0.174115887841366E+01
  -0.166695544430860E+00  0.165931324603976E+00  0.329417724020598E+01
  -0.254362243086929E+01  0.101437758517984E+01  0.518561830196566E+00
   0.355497608966982E+01  0.249361749499345E+01  0.239483281455870E+01
   0.323632255216874E+00 -0.320858706156255E+01  0.111720864025955E+01
   0.653876484814498E+00  0.305159139746058E+01  0.319911304061723E+01
  -0.128181938487506E+00  0.245628139363718E+01 -0.325316473129558E+01
   0.272945832195221E+01 -0.200029916271736E+01  0.342854299291687E+01
   0.138725637709615E+00  0.136973059957837E+01 -0.151511539756345E+01
  -0.463359664026271E+00  0.312390469696612E+01 -0.835960948649952E+00
  -0.285746878092329E+01 -0.330649997399510E+01 -0.122889512101796E+01
   0.280072415420490E+01  0.100338243166453E+01 -0.190170587400007E+01
  -0.277079575597751E+01  0.217388961637000E+00  0.337095748341220E+01
  -0.150306441736360E+01  0.204488972433398E+01 -0.293420996737389E+01
  -0.163854489020455E+00 -0.297925779721039E+00 -0.271277931881520E+01
   0.797803119575772E+00 -0.541215239923219E+00 -0.347235607215806E+01
   0.204982175044356E+01  0.328720144911889E+01 -0.311993239934778E+01
  -0.321402064649162E+01 -0.192935007770073E+01  0.243697487768709E+01
  -0.162589943509203E+01 -0.266358891502367E+01  0.532076894758216E+00
  -0.267520764726030E+01  0.264567065086897E+01  0.197812529077107E+01
   0.154428560866823E+01  0.278899975508416E+01 -0.217373709697178E+01
   0.332653682536967E+01 -0.144518733151869E+00 -0.198258722419294E+01
  -0.106410637983769E+01 -0.116079799844975E+00 -0.323649600726630E+01
   0.226350732329686E+01  0.945542363480589E+00  0.566040238248663E+00
  -0.269877866217402E+01 -0.171158544082795E+01 -0.549616911645103E-01
  -0.195813038843379E+00 -0.253327860067165E+01  0.342415028785203E+00
  -0.358092891671660E+01  0.101149451504749E+01  0.203954861842517E+01
   0.157805152718363E+01 -0.338167199126603E+01 -0.477194493170783E-01
   0.208681427838275E+01 -0.891867481178077E+00  0.192972315633620E+01
  -0.467228286715158E+00  0.101842037495238E+01 -0.275648482680428E+00
  -0.125643155151543E+01  0.776044420321680E+00  0.183492890902117E+01
   0.620642178764152E-01 -0.351517566550931E+01 -0.303172169618263E+01
   0.206779390264422E+01  0.116404522782104E+01 -0.342562729738699E+01
  -0.189731754938734E+01  0.302256610230299E+01 -0.102509504350886E+01
  -0.236912010684995E+01 -0.155079734138859E+01 -0.112580154561124E+01
   0.334030355117982E+01 -0.148226934336880E+01 -0.197124331620628E+01
   0.222746751207160E+01  0.129014454240254E+00 -0.115182623838185E+01
  -0.165284780895896E+01  0.161136208395652E+01  0.236435114273353E+01
   0.163934017274719E+01 -0.251283954167010E+01  0.321573702946703E+01
  -0.145213790875643E+01  0.310483977832163E+01  0.673580529344568E+00
   0.141402012217899E+01  0.146796090487932E+01  0.296739458690373E+01
   0.286602276071851E+01 -0.279864088204873E+01  0.229655777542126E+01
   0.278210317105221E+01  0.193633783770167E+01  0.308800317601710E+01
   0.276979803492365E+01  0.827645103380309E+00 -0.647847998353798E+00
   0.303691351514202E+01 -0.344174651372693E+01 -0.296649861716775E+01
  -0.107149839927054E+01 -0.214880107675874E+01 -0.145868092991007E+00
  -0.346334237214981E+01 -0.340100983443135E+01 -0.215873810427895E+01
   0.140642238474089E+01  0.177567420933552E+01 -0.226716658709179E+01
  -0.233330925581342E+01  0.243589321811825E+01 -0.125226346698569E+00
   0.181971154391395E+01  0.354259529608626E+01  0.193213871876997E+01
  -0.338627395142715E+00  0.230823297242217E+01 -0.171440921398489E+01
   0.118513435533900E+00 -0.151487903118675E+01  0.359002815628290E+00
  -0.924700444119847E-01  0.806965432578045E+00  0.146268186775243E+01
  -0.483754956922869E+00  0.315879651693759E+01  0.128365685506460E+01
   0.223373797271268E+00 -0.210889707742283E+01  0.224431269723777E+01
  -0.245688775468112E+01 -0.198215888605656E+01 -0.287005023011470E+01
  -0.349294378824752E+01  0.237051973637063E+01 -0.353473984916073E+01
   0.600899188009187E+00 -0.109902798322069E+01 -0.626005958408998E+00
  -0.310121991109361E+00 -0.182154426646709E+01 -0.257608461635504E+01
   0.106662461395716E+01  0.223422954127110E+01  0.452375751765862E+00
   0.297574003273121E+01 -0.344208825296912E+01  0.141551401063365E+01
   0.163324984373655E+01  0.149654303816242E+01 -0.341107374635680E+00
   0.137884545016293E+01  0.203562973096364E+01 -0.127303810636217E+01
  -0.342150984832604E+01  0.123104928518278E+01  0.316939700861553E+01
   0.262294288156445E+01  0.257232027687043E+01 -0.145697340896068E+01
   0.295193897333505E+01 -0.267259735217329E+01  0.695228759134470E+00
  -0.107504636115959E+01  0.862717087059323E+00 -0.112192608453665E+01
  -0.240699056385633E+01  0.347359019357592E+01 -0.262059771053781E-01
  -0.230924411063871E+01  0.965738064669199E+00  0.155317205250316E+01
   0.333771044701729E+01 -0.233745124538966E+01 -0.105988913565977E+01
   0.487930912856934E+00  0.244212492114043E+01 -0.662377557302791E+00
  -0.229982144961334E+01 -0.355484384137956E+01 -0.239509432832360E+01
  -0.976135902971108E+00  0.228733106546839E+01  0.313753789384809E+01
  -0.167719958103310E+01  0.156090097350833E+00  0.102758608159691E+01
  -0.179977770162358E+01 -0.115673860223517E+01 -0.278160840157107E+01
  -0.630132073133473E+00  0.330225555542482E+00  0.692108205454353E+00
   0.173612194506413E+01  0.257099642808765E+01  0.315083816643829E+01
  -0.204677052680483E+01  0.103127254569126E+01  0.320044620581484E+01
   0.194819770776094E+01 -0.290340378293590E+01 -0.216590635237960E+01
   0.110053134210007E+01  0.230141489596260E+00 -0.244265192910107E+01
   0.277185839813078E+01  0.291611071171320E+01  0.347845168171564E+01
  -0.792298466720683E+00 -0.899761963695567E+00  0.906473930025362E+00
  -0.403661253310604E+00  0.219029074660186E+01  0.843399939296650E+00
  -0.478060441754800E+00 -0.208824111748817E+01  0.135236998368691E+01
   0.150995264858173E+01  0.731736058380230E+00  0.183749209957793E+01
  -0.160781181272771E+01 -0.187099708872391E+01  0.139335516462033E+01
  -0.328511683387582E+01 -0.302549937927924E+01 -0.352499724754604E+00
  -0.280293156025824E+01 -0.134027143764034E+01  0.319331771788165E+01
  -0.995580561857794E+00 -0.255141586048885E+01 -0.151082956745271E+01
  -0.194596261881754E+01 -0.238307353663284E+00 -0.129458070203290E+01
   0.237671928672590E+01  0.267263383068763E+01  0.155625705511168E+01
  -0.792067776300688E+00  0.192650711575732E+01  0.179526732943980E+01
  -0.128978833113031E+01  0.164314337037335E+00  0.282833037805751E+01
   0.581837216751096E+00  0.246303777460484E+01 -0.243996920455708E+01
   0.519000166909636E+00  0.113288995132001E+01 -0.264870435069903E+01
  -0.347710742781760E+01 -0.201128457135137E+01  0.128046233372494E+01
   0.179346759776267E+01  0.264688201560948E+01 -0.326602862756075E+00
   0.297990745521100E+01  0.288940399148474E+01  0.120369313634470E+00
  -0.102118556105866E+01 -0.207047627214929E+01  0.232689908989841E+01
  -0.112164062875914E+00 -0.129669628595364E+01  0.331943254005059E+01
   0.586810586165594E+00 -0.242434165870562E+01 -0.304982615099941E+01
   0.468892656139392E+00 -0.125757430799657E+01 -0.277724478326835E+01
   0.246907412389970E+01 -0.327355492253305E+01  0.321512311019029E+01
  -0.125543835971085E+01 -0.331553030453783E+01 -0.620369567186866E+00
  -0.268881747417631E+01  0.336990302576224E+01  0.289236990186365E+01
  -0.124768792079595E+01  0.247528505138207E+01 -0.252452787229571E+00
   0.308508732021811E+00  0.229930269376474E+01  0.142510880563551E+01
  -0.151039628506455E+01  0.263405557062116E+01  0.155701542764039E+01
  -0.343272791199567E+01  0.289485832294698E+01 -0.152833524623559E+01
  -0.264537716160374E+01 -0.675948431586091E+00 -0.322556477142354E+01
  -0.297657634870029E+01 -0.239558712215176E+01 -0.197208891345043E+01
  -0.308544686689840E+01  0.173958856902832E+01  0.147827417402428E+01
   0.280906366730298E+01 -0.135466256193718E+01  0.256031402436629E+01
  -0.317699309211297E+01  0.990579498528518E+00 -0.138877740389961E+01
   0.539679243814433E+00  0.352166439729955E+01  0.189999366933153E+00
  -0.244707540054826E+01  0.308880057363234E+01  0.100977758225128E+01
  -0.269832672804815E+01 -0.473930838280550E+00  0.150657064275117E+01
  -0.342068484836291E+01  0.333136175809678E+01  0.759305517862909E+00
  -0.241074449331761E+01 -0.345519595616122E+00  0.526219706405362E+00
   0.753326236081908E+00  0.780093331722517E-01  0.956790557631781E+00
   0.926558177952257E+00 -0.171643395653194E+01 -0.159466094072583E+01
   0.122231143059683E+01 -0.513915445856066E+00  0.262213639039805E+00
   0.258999190760608E+01  0.345880590032288E+01 -0.193440015003236E+01
  -0.215645647794246E+01 -0.741557325342068E+00  0.256515829163767E+01
  -0.111461508221653E+00 -0.172422661345130E+01 -0.103227233776274E+01
   0.207604437861918E+01  0.846746210843373E-03 -0.337479383414399E+01
   0.269599574301243E+01  0.166450565765834E+01  0.153256932597671E+01
   0.140611914841233E+01  0.350741269184363E+01 -0.130061575992133E+01
  -0.188584048974864E+01  0.153309938230367E+00 -0.262765934119708E+01
   0.321138524740929E+00  0.259470243907636E+00 -0.206768536984507E+00
  -0.530465244815939E+00 -0.262228405806288E+01  0.328510038535166E+01
  -0.254594600957747E+01 -0.250315974937911E+01  0.146885527798630E+01
   0.190796032259365E+01 -0.565421342645128E-01  0.927233355422319E+00
  -0.186204520617003E+01  0.182782685108592E+01  0.103459998330888E+01
  -0.978521220626166E+00  0.338260654676323E+01 -0.337076895006147E+01
   0.240245060549242E+01 -0.215204475617314E+01 -0.360186230003283E+00
   0.129827089527858E+01 -0.861914256082340E+00  0.125564057786842E+01
   0.319309598168290E+01  0.398835175838012E+00 -0.344582428756766E+01
   0.284446741115411E+01  0.158392314088752E+01 -0.282844599253646E+01
  -0.169186962950698E+01 -0.138342733104066E+01  0.508680116481519E+00
   0.426835346904835E+00  0.126437579102092E+01 -0.604728989852620E+00
  -0.153712435981219E+01  0.356962358697750E+00  0.260729069786574E-01
  -0.134065708439645E+01  0.918208465333463E+00 -0.294645007998762E+01
  -0.337139868365126E+01  0.299756918512149E+01 -0.594247114014977E+00
   0.142042141653116E+01 -0.341273272260471E+01  0.272695216866817E+01
   0.274884606949399E+01 -0.253335125853751E+00  0.237142504966197E+01
  -0.105792716474266E+01 -0.897448215769475E+00  0.247570940696986E+01
  -0.147646623096377E+01 -0.275984084213176E+01 -0.303879751987959E+01
  -0.347213076601032E+01 -0.146426993522765E+01 -0.299643377799453E+01
  -0.264020769078600E+01  0.164099935402979E+01  0.243234000620187E+01
   0.109181712550212E+01  0.473202287491030E+00 -0.112607888775147E+01
  -0.224556452304170E+01 -0.273518194732288E+01  0.306659121163530E+01
   0.344901869561360E+01  0.794566646574027E+00  0.153899450835062E+00
   0.198439781535922E+01  0.120084100022403E+01 -0.127150196481733E+01
  -0.829490095561595E+00 -0.315813308229165E+01  0.104898729240865E+01
   0.216518320735990E+01  0.224222185611191E+01  0.598621912941750E+00
  -0.185886344142453E+01  0.144848770486850E+01 -0.200305569032072E+00
  -0.233305065698461E+00 -0.120725882382770E+01  0.181588784375936E+01
   0.143526055957961E+00  0.146230248991533E+01  0.232182381289137E+01
   0.314221695438702E+01  0.190071907353304E+01  0.587126963136175E+00
  -0.885411655272205E+00 -0.552397862796043E-01 -0.164139565636243E+01
   0.239021306294435E+01 -0.186229305373641E+01  0.161148151869035E+01
   0.191171493010084E+01 -0.155805325390181E+01  0.286984522290757E+01
% -0.388426482997873E+00 -0.113739902896063E+00 -0.110675486934169E+00
% -0.138268038097511E+01  0.760302595836323E+00  0.122529865681464E+01
%  0.212006970744427E+01 -0.210817647429987E+01  0.134197397855748E+01
% -0.619859690660431E+00  0.440787137432497E+00  0.134974354840786E+01
%  0.750714522682308E+00  0.259186063436438E+01 -0.211243080745596E+00
% -0.989148134179371E+00 -0.198548832392820E+01 -0.670660306788462E+00
%  0.410044943620802E+00 -0.759348479423144E+00  0.108024570926703E+01
%  0.469581052790447E+00  0.111761500070001E+01  0.843038247201886E+00
%  0.129232030522975E+01  0.884071970794066E+00  0.183823159896554E+01
% -0.223127963243531E+01  0.108129008202011E+01  0.390700405656880E+00
%  0.814599311381877E+00 -0.687320703685407E+00  0.388332263868467E-01
% -0.135028543380755E+01  0.132274192363022E+00 -0.269574541525365E+00
% -0.781265578648742E+00  0.256904610834109E+01  0.159050191837263E+01
%  0.969807149093362E-01 -0.522592378652732E+00 -0.587284896930382E+00
% -0.648090981980814E+00 -0.155835162269988E+01  0.873872305765040E+00
% -0.177135691900212E+00  0.276406949770218E+01  0.992558272261558E+00
%  0.522209977608421E+00 -0.100088854665107E+01  0.265705423183860E+01
%  0.192193195382012E+01 -0.118634497454981E+01  0.959390297700368E+00
%  0.681960757968112E+00  0.559134895820897E+00 -0.131465754818783E+01
% -0.110754126768296E+01  0.143620103961879E+01  0.357795364157637E+00
% -0.127246443886365E+01  0.151161692730808E+01  0.197325201954645E+01
% -0.105520262715610E+01  0.121690884478454E+01  0.107043756631525E+01
%  0.101383499097758E+01  0.172101466745866E+01 -0.101001206366012E+01
%  0.853207499356954E+00  0.140390690218727E+01  0.137475580119637E+01
%  0.700664100821590E+00 -0.715071817199868E+00  0.270841552917126E+00
%  0.432934691492783E+00 -0.752438910705171E+00  0.497648437458882E+00
% -0.196318291168563E+01  0.233385473065748E+00 -0.259162837119370E-01
% -0.343571793702110E+01 -0.403076569289335E+00 -0.120744910314582E+01
%  0.482918038532839E+00  0.308551906261786E+01 -0.534866049994256E+00
% -0.281447781755698E+01 -0.867078811464277E+00  0.110134661340656E+01
%  0.844496525883904E+00  0.116102248763515E+01  0.872276106701862E-01
% -0.631620817338110E+00 -0.703028383650963E+00 -0.802865078428737E+00
%  0.155483699720554E+00  0.683408338496013E-01 -0.128926025012806E+01
% -0.382492634298090E+00  0.471979393961226E+00  0.126836990610937E+01
% -0.429238477210101E+00 -0.714534745508308E+00  0.189351477907570E+01
%  0.915884420058233E+00  0.139522306876549E+01 -0.100583350147336E+00
%  0.231609177167230E+00  0.837661473237038E+00 -0.144770511616949E+01
% -0.147778731622106E+01 -0.197200638108815E+01  0.286076456595240E+01
% -0.240990696168036E+00  0.326332247576678E+00  0.133240102984674E+01
% -0.302739021303940E+00 -0.435164402487887E+00 -0.978216628678409E+00
%  0.142793837600991E+00 -0.854843350807475E+00  0.361955949465255E+00
%  0.100417084229594E+01 -0.193367680067896E+01 -0.634861086872163E+00
%  0.161320494575101E+01 -0.800392281764725E+00 -0.188504577975008E+01
% -0.117701512029499E+01 -0.526782131128486E+00  0.755545872847155E+00
% -0.162326881541172E+01 -0.906820650831164E+00 -0.845976760879766E+00
%  0.830027208302137E+00  0.345306484091727E+00 -0.207707879043225E+00
%  0.182593301119217E+01 -0.386591137338195E+00 -0.161380967505705E+01
% -0.108108306151968E+01  0.106690004613727E+01  0.115704667032837E+01
% -0.656479853417883E+00 -0.227389213243868E+01 -0.138688448922554E+01
%  0.846249125275002E+00 -0.453082046345691E+00  0.551671241080034E-01
% -0.690896824695647E+00 -0.989205786236675E-01  0.179904957540066E+00
%  0.185425795908679E+01  0.114118193552362E+00 -0.479657524103457E+00
% -0.104474630025207E+01 -0.166194208865323E+00  0.299265244148676E+00
% -0.488188594898154E+00 -0.215416055719792E+01  0.529893351084772E+00
% -0.130233912833737E+01  0.186574910883001E+01  0.549516215575703E+00
%  0.101214410775877E+01  0.663722330598382E+00 -0.478854240610489E+00
%  0.375709003640239E+01  0.109568222102990E+01  0.813143706815285E+00
%  0.355435632275549E+00  0.769379378525817E+00 -0.132262432396866E+01
% -0.158466531472095E+01 -0.159966775396447E+01  0.991538217710774E+00
% -0.226825420013457E+01  0.837018740430351E+00 -0.111872338302910E+01
%  0.174859970678545E-01  0.444532914237005E+00 -0.332830902170826E+01
%  0.884795391433249E+00  0.430771112617645E+00  0.105049386099326E+00
%  0.154900393007156E+00 -0.554826928457866E+00  0.169557030250909E+01
%  0.131746027189054E+01 -0.753783776231676E+00  0.215180780676406E-01
% -0.509286539002441E+00  0.147161681235523E-02  0.246568820992048E+00
%  0.270156324829974E+01  0.599431324745511E+00 -0.926665482770563E-01
% -0.180614363765133E+01 -0.262430923158118E+01  0.381100904427641E+00
%  0.133415584464509E+01 -0.235900654420464E+01  0.465978271402628E+00
%  0.442515957798422E+00 -0.169433560428146E+01 -0.101790929848712E+01
%  0.610638172840318E+00 -0.551099673826552E+00 -0.152153188324785E+01
% -0.151617077089536E+01  0.178904190507993E+01 -0.221425414762785E+01
% -0.155582318227093E+00 -0.521777239419386E+00  0.447219309685049E+00
%  0.113947921685594E+01  0.380006644313837E-01  0.125349033075223E+01
% -0.217039125715348E+00  0.192161440304675E+00 -0.898332992420331E+00
%  0.224034600258353E+01 -0.595419328066408E-01 -0.158771227656415E+01
%  0.212639801834104E+01  0.169526253010708E+01  0.695935198548574E+00
%  0.106425750887539E+00  0.970684315619577E+00  0.368760466367545E+01
%  0.787492711304221E+00  0.957512499444067E+00  0.208034023270271E+01
%  0.774753042526847E+00 -0.562424553369802E+00 -0.717670124238234E+00
%  0.690806677042835E+00 -0.686287532817950E+00 -0.131601330448240E+01
% -0.173374558636792E+01 -0.192261409292115E+01  0.653610928770159E+00
%  0.280111146921670E+00 -0.631004744633153E-01  0.795879093995158E-01
% -0.725738099995989E+00 -0.552369796919818E+00  0.615019706778578E+00
%  0.113006156206451E+01  0.164123956516605E+00  0.259437619506402E+01
% -0.298041642844580E+00  0.637546651170296E+00 -0.109922976116290E+01
%  0.287291721961160E-01 -0.278793769145410E+01 -0.203428310251674E+01
% -0.267671840242149E+01  0.964076117467245E-01  0.934226763054558E+00
% -0.675592317467062E+00  0.121941653073983E+00 -0.688163274852166E+00
% -0.721695229006629E+00 -0.105459112106611E+01 -0.134608479612756E+01
%  0.137949183324798E+01 -0.623880326525348E-01  0.224148863027362E+01
% -0.511541127841545E+00 -0.399160053703297E-01 -0.134579557601849E+01
%  0.564267415657463E-01  0.179739988464187E+01  0.866474933821926E-01
%  0.914668872191711E+00  0.516194576088579E+00 -0.442597848348280E+00
% -0.151419068650985E+01  0.334512896541456E+00 -0.375708513491515E-01
%  0.241770265038410E+00  0.188380205393296E+01  0.282308933970728E+00
%  0.203954925373707E+01 -0.127021444313196E+00  0.129014911756570E+00
%  0.200293244604646E+01  0.189468979270998E+01 -0.211661406676944E+00
% -0.145597069103271E+01  0.155682181365993E+01 -0.250927172745819E+01
%  0.671922775044783E+00  0.143817061522783E+01  0.200247484289882E+01
%  0.250035939145483E+01  0.124138153946654E+01  0.946013220260317E+00
%  0.684660132658957E+00  0.116975096943954E+01  0.221520216260664E+01
% -0.102451517143622E+01 -0.303137729721065E+00  0.748624498070406E+00
% -0.111232173058742E+01  0.192890087648155E+01 -0.153654665542389E+01
%  0.164621774885858E+01 -0.867775639212248E+00  0.169327307683646E+01
% -0.105479933388248E+01 -0.126729376923912E+01  0.249682381802847E+00
%  0.128684603425298E+00 -0.240749538068400E+01 -0.109906267796578E+00
% -0.335345637860064E+00 -0.940975089131192E+00 -0.195424168178749E+00
% -0.415512302682681E+00 -0.680084127190268E-01 -0.218466894160999E+01
% -0.326655379315864E+01  0.933449017452533E-01  0.742507431762555E+00
%  0.159735018498055E+01 -0.132600775939558E+01 -0.818573697058223E+00
%  0.394315573979551E+00  0.739880627799722E+00  0.916854547662509E+00
% -0.556168387949520E+00 -0.200984449075606E+01 -0.169039142255762E+01
%  0.150225861518476E+01 -0.114290433219172E+01 -0.533745410134644E+00
% -0.512513506451925E+00  0.188804013595223E+01  0.674534824767945E+00
%  0.129137358967980E+00 -0.174472156786930E+01 -0.182696225673617E+01
%  0.268291510897775E+01 -0.244394743261200E+00 -0.138033546432367E+01
%  0.747404633700197E+00 -0.105061873413942E+01  0.881753386894753E-01
% -0.330324022459800E-01 -0.536650595438542E+00  0.830215205266543E-01
%  0.219700747221376E+00 -0.319654635447887E+00 -0.103900175378817E+01
% -0.151812063359609E+01 -0.244484030421911E+01 -0.128396360416867E+01
%  0.696363527283682E-02 -0.292376653736077E+00 -0.735071986941924E+00
%  0.186675886589242E+00  0.323924177391503E+01 -0.192216509869216E+00
%  0.287656270287542E+00  0.249992389162910E+01  0.566633439977808E+00
%  0.133823474603747E+01 -0.108725890667673E+01 -0.137448939320775E+00
%  0.141077232066181E+01 -0.146598144344740E+00  0.136195345185468E+01
%  0.243854294614063E+00  0.376333367505484E+00  0.112984256945671E+00
%  0.649613593947774E+00  0.750245699559181E+00 -0.306874707091581E+01
% -0.102092602010504E+01  0.233960364726604E+00 -0.124577824180874E+01
% -0.172801409699631E+01  0.355919579707385E+00  0.199875540631027E+01
% -0.182578635736928E+01 -0.706468094590601E+00 -0.156146294426966E+01
%  0.139056109665975E+01  0.254796120213589E+01  0.108157803379871E+01
%  0.187655001884314E+01 -0.196798671783489E+01  0.178780898516455E+00
%  0.729091987693547E+00 -0.106511665001669E+01 -0.173822133089006E+00
%  0.782064354062262E+00  0.726231036297294E+00 -0.673316851100600E+00
%  0.115650921854944E+01  0.141663115499805E+01 -0.239676524389383E+01
% -0.841786071302057E+00  0.605585018444181E+00  0.186867003732836E+01
% -0.662305828636660E+00 -0.356769607505047E+00 -0.478290651439030E+00
% -0.359462537499149E+00  0.179952371779141E+01 -0.258635390957057E+01
%  0.435979333829082E+00  0.556914582172188E+00 -0.168683557720274E+01
% -0.634727092675390E-01 -0.273736741816651E+00  0.287658068718887E+00
%  0.445442246161687E+00 -0.178696955156055E+01  0.570032343054817E+00
% -0.361132550917152E+00  0.789578250777136E+00 -0.124322080472727E+01
% -0.138411024549469E+01 -0.548580753891384E+00  0.306894174724302E+00
%  0.684834764108232E+00 -0.964171237500349E+00  0.119980823064943E+01
% -0.153784001006394E+01 -0.872135049003211E+00 -0.442249144510611E+00
% -0.174966715805640E+01  0.919218513098707E-01  0.154650975243604E+00
%  0.730574699674658E+00  0.125146595800365E+01  0.163294976223801E+01
%  0.844767455276358E+00 -0.524917613808860E+00  0.238432388656245E+00
%  0.606916630516646E+00 -0.576723410155503E+00  0.212984249138124E+00
%  0.719506197806851E+00 -0.443270943984013E+00  0.117571915174411E+01
% -0.151151949114149E+01 -0.260469314865349E+00 -0.496734195224532E-01
%  0.101666042298390E+01 -0.393469006638950E+00 -0.489751929370931E+00
% -0.219151666336826E+01  0.221702222547162E+01 -0.186697920636788E+01
% -0.108738944080315E+01 -0.145925335443350E+01 -0.742773447636413E+00
% -0.128991276567500E+01 -0.108135927304555E+01 -0.731621978032971E+00
% -0.407155567512898E+00 -0.100508287847448E+01  0.146837562351270E+01
%  0.438367276056139E-01  0.983137259311273E+00  0.127838916827712E+01
%  0.694433097277626E-02 -0.127251152816060E+01  0.207799104018616E+01
%  0.389378723892330E+00 -0.976125917237676E+00  0.150498168145359E+01
%  0.216553117052443E-01  0.290297612366788E+00 -0.102072426315096E+01
%  0.244630486075476E+00  0.329407599058149E+00 -0.340325445481595E+00
%  0.172879547163679E+01  0.635707870821337E+00  0.107406884645390E+01
%  0.281248178857351E+00 -0.195591561331520E+00 -0.148541729713899E+00
% -0.130434454661540E+01 -0.438384242584465E+00  0.210335289087076E+01
%  0.174884950607892E+01 -0.135945224327641E+01  0.559701505646158E+00
% -0.189669184201714E+00  0.101242675889908E+00  0.828296182507530E+00
% -0.129468384482538E+01  0.107948694490234E+01  0.144175845768049E+01
%  0.545769412376866E+00 -0.281055306577849E+00  0.177302486863235E+01
%  0.175441707532485E+00 -0.678514062994296E+00  0.158757382511943E+01
%  0.246842265616142E+01 -0.252356811737237E+00  0.652141341213533E+00
% -0.398326610079517E-01 -0.307594284954037E+00  0.124463003691714E+00
%  0.355885244863740E+00  0.297933710123907E+00  0.461109532327266E+00
% -0.137134349596444E+01  0.331516264227375E+00 -0.322954126867520E+00
% -0.291323560811048E-01  0.101737558246635E+00 -0.474781602686573E+00
%  0.116967449944904E+01  0.184725879691669E+01 -0.323124161813545E+01
%  0.688106194643522E+00 -0.213113979208933E+00  0.859805834384667E+00
% -0.113188809327666E+01  0.140765944587800E+01  0.222074021132238E+01
%  0.143794335581319E+01 -0.144410456384997E+01 -0.383097471165105E+00
% -0.709907227400469E+00  0.238608419309129E+00  0.175631721793988E+01
% -0.466883767502051E+00 -0.174388859648297E+00 -0.193859182488305E+01
%  0.151691617523992E+01 -0.213830393416568E+01 -0.174674917825184E+00
%  0.122251197834685E-01  0.876221883082988E+00  0.164004182833214E+01
%  0.144803552734782E+00 -0.265661256149643E+01  0.944454048869316E+00
%  0.132324730318392E+01 -0.100752061424394E+01 -0.316555251642744E+00
%  0.935657491140993E+00  0.126930356735465E+01  0.746793000239919E+00
% -0.206913460775446E+01  0.525980276865628E+00  0.196209463947920E+01
% -0.633891884193982E+00 -0.688453190898864E+00  0.989403840035237E+00
% -0.222041781758568E+01  0.143010909484566E+01 -0.559438051051596E-01
% -0.996446927356098E+00 -0.113580100454770E+01  0.464935784069301E+00
%  0.526815301813567E+00 -0.136316428139509E+01  0.495777148363908E+00
% -0.163606319938812E+01 -0.697477598056545E+00 -0.119390070814381E+00
% -0.105693730594271E+01  0.354724231961330E+00  0.160600110098826E+01
% -0.216506571894072E+00 -0.777311671893288E+00  0.231242410109508E+00
%  0.239405071193988E+01  0.195319093912765E+01 -0.859521844531313E-01
%  0.173608821315648E+01  0.161382170672256E+01  0.104908161395179E+01
% -0.301310602138215E-01  0.657075846767543E+00  0.522470593693036E+00
% -0.369025606340937E+00 -0.103669449507838E+01  0.914603029069944E+00
%  0.192207483569044E+01 -0.254059320233506E+01  0.195117778147482E+00
%  0.413141507373855E+00 -0.189929845725147E+01 -0.106939654448857E+01
% -0.360514412192224E+00 -0.475286907915459E+00 -0.502050970875065E+00
% -0.546968361708129E+00  0.183027322638961E-01 -0.117243711204494E+01
% -0.260002064702754E+01  0.148469670244308E+00 -0.654034265957173E+00
% -0.137853536131654E+01  0.766524480134342E+00 -0.562616558668448E+00
% -0.988083582149121E+00 -0.757528300677818E+00 -0.795352972782534E+00
% -0.724851091252431E+00  0.288625939728533E+01 -0.172198930176052E+01
% -0.713799251803115E+00  0.164926685385107E-01  0.651993225616034E+00
% -0.681429538920290E-01 -0.688075418746278E+00 -0.144928604089803E+01
%  0.144544295783206E+01  0.118210026135010E+00 -0.217900026473872E+01
% -0.122526347839643E+00  0.159035229668212E+01 -0.641006190101293E+00
%  0.143114283156304E+01  0.948563817170024E+00 -0.117326120962165E+01
%  0.137068166468573E+01 -0.190407902154636E+00 -0.260370852576142E+01
%  0.112261051835457E+01  0.163020256705428E+01 -0.897910978709629E-01
%  0.134999491026505E+01  0.148762797905717E+01 -0.105520063241428E+01
%  0.118893207836722E+00 -0.521537732690468E+00  0.411615186275858E-01
% -0.674206057353774E+00  0.563671960631893E+00 -0.688891479693653E+00
%  0.205775787385544E+01  0.633852759319387E+00 -0.996966718006254E+00
%  0.158946895926429E+01  0.186356207727367E+00  0.371137069795175E+00
%  0.263268847417170E+01  0.102933372279256E+01 -0.927060361500508E+00
%  0.154605124417998E+00 -0.374479170540502E+00 -0.163467651392192E+01
% -0.125491579640203E+00  0.457629649457951E+00 -0.566935500282461E+00
%  0.648412013925661E-01 -0.214082346525724E+00  0.140539883227639E+00
% -0.168509609437215E+01 -0.376332541949977E-01 -0.430913939420107E+00
%  0.104661220723605E+01 -0.205892683427845E+00 -0.668857121947664E+00
%  0.620029488484166E+00  0.112024256483153E+01 -0.208685286333721E+01
% -0.228129494758225E+00  0.106867387167271E+01  0.486307866914317E+00
%  0.139558804386389E+01 -0.660952090474717E+00  0.303254718271942E+00
% -0.255337916017814E+00  0.268537562370143E+00 -0.917501139053273E+00
%  0.547407417806331E+00  0.221245018285240E+01 -0.129376432623213E+00
% -0.982744474359063E+00  0.158097667461084E+01  0.170805184042884E+01
% -0.103210140779115E+00  0.487461571785992E+00  0.860862458354237E+00
% -0.353802786669871E+00 -0.447082722027721E-01 -0.579651367008527E+00
% -0.514118638792673E+00 -0.189080219886702E+01  0.968885138465556E+00
% -0.103563710266906E+01 -0.602825630436557E+00  0.211283329568686E+01
%  0.244999775597345E+00  0.158241892503674E+01 -0.390338804803687E+00
% -0.149332307130585E+01 -0.889555703760529E+00  0.183594266994657E+01
%  0.464751086759512E+00 -0.263674072757754E+00 -0.117039321499672E+01
% -0.179460109582414E+00 -0.195072128222323E+01  0.106204082264173E+01
%  0.526058289798499E+00  0.128262087537001E+01 -0.223826540008262E+00
% -0.301433143072128E+00 -0.538772986588955E+00  0.164004514070622E+01
% -0.115488120291208E+01 -0.251795578547591E+01 -0.833998400562918E+00
% -0.836965492243790E+00 -0.185657018906711E+00 -0.264494439800123E+00
%  0.553366797178980E+00 -0.136247560104078E+01 -0.256772918904199E+01
% -0.824192766990240E+00 -0.186361158983595E+01  0.403311272615594E-01
% -0.954036148867063E+00 -0.821549356737042E-01  0.265402081737962E-01
%  0.457647819590778E+00  0.104145172389982E+01  0.359004593031330E-01
% -0.165259736267221E+00 -0.508206246046332E+00 -0.239280074198066E+00
% -0.133663639624169E+01 -0.402528937676180E+00 -0.375074904126038E+01
% -0.891628563620542E+00  0.319599851763389E+00 -0.118341115395360E-01
% -0.151522585419011E+01  0.379834044242890E+00  0.459608121988493E+00
%  0.580207293764479E+00  0.938270384851296E+00  0.903564787788887E+00
% -0.144829530304238E+00 -0.770585436585006E+00 -0.157792441375210E+01
% -0.102775270335467E+01 -0.277099015440195E+00 -0.112886152678464E+01
%  0.430712357328112E-01 -0.285979343494888E+00 -0.152713450669153E+01
% -0.214029625315103E+00  0.546606634455944E+00 -0.158226854796286E+01
% -0.186181541376711E+01 -0.310082147591937E+00  0.194497866176511E+01
% -0.175750835116185E+01  0.268642105815757E+00 -0.871872952350560E+00
%  0.543101142098328E+02  0.166456588955739E+02  0.240065982063580E+02
% -0.337283714590026E+01  0.946938675489898E+01  0.880395605713731E+01
% -0.165725984532164E+02 -0.128062961633737E+02  0.119441917876211E+02
%  0.123927910420691E+02  0.502325284762283E+01  0.629351882745805E+01
%  0.535188602513146E+01  0.195776941408894E+01  0.159361294358964E+02
%  0.285550283638293E+02 -0.118379001761356E+02 -0.448646385778557E+01
% -0.264309166022325E+00  0.361563636791564E+01  0.174414155301759E+01
% -0.137125280498128E+02  0.815555511800059E+01  0.259888428929588E+02
%  0.159353735912873E+02  0.199160882258305E+00 -0.125082015152695E+02
% -0.163197993488279E+01 -0.196997405982564E+02 -0.864028945990879E+01
% -0.207930371813657E+02 -0.249632230352010E+02 -0.123996975055426E+01
%  0.278820941945222E+02 -0.108049317258702E+01 -0.281291357931071E+01
% -0.852926339787380E+01  0.109942097734858E+02  0.705674334563492E+00
% -0.893381103052604E+01  0.359997980685720E+02  0.265097687663369E+02
%  0.369438685467505E+01 -0.724813630488741E+01  0.193366153668586E+02
%  0.146587832602417E+01  0.131420658976582E+01  0.290793355671838E+01
% -0.471963208202480E+01 -0.604780627526595E+01 -0.295435280754267E+01
% -0.216752979404138E+02 -0.165050784207662E+02  0.624430479512665E+00
% -0.989039925240664E+00  0.421271305583323E+01  0.126737097321059E+01
%  0.700393858751251E+01 -0.873230947849461E+01  0.849426114696632E+01
% -0.109808391176995E+01  0.819582120344523E+00 -0.479979368094259E+01
% -0.176169337640799E+02  0.854912849433658E+01  0.255066031159375E+02
% -0.151013495902373E+01  0.134575945922231E+01 -0.212280192890477E+01
%  0.579639376023972E+01  0.139305361491963E+02  0.127300203019648E+02
%  0.651346891672290E+01  0.205387097921428E+02 -0.501877533066285E+01
%  0.289996316270877E+02  0.433879031256632E+02  0.641570098760868E+02
%  0.165561492041765E+02  0.379234068071665E+01  0.365218417117095E+02
%  0.102874348516526E+02  0.612496446112620E+01  0.240490795359256E+02
%  0.484272791474992E+01 -0.841046963989477E+01 -0.219135787622998E+01
%  0.284678805046773E+00 -0.223819159343393E+01 -0.310908099637798E+01
% -0.115011160131798E+02 -0.108758207672099E+01 -0.247476835576940E+02
%  0.833700961359528E+01  0.404723258208058E+01  0.991344364902616E+01
%  0.616023429417706E+01 -0.640325821179390E+01  0.559132504277468E+00
%  0.996085357034921E+01  0.541642029999264E+01  0.107495879457832E+01
% -0.354660963358462E+01 -0.386129050522194E+02 -0.204725355866064E+01
%  0.371719858965155E+01 -0.517493960283180E+01 -0.325213885393186E+00
% -0.192886919693491E+02 -0.131212274475141E+02 -0.790784061844738E+01
%  0.572997830598574E+01  0.198808162481055E+02 -0.260328369207900E+01
% -0.118070816668724E+02 -0.383939027321368E+02  0.158475567367511E+02
% -0.262152509495279E+02  0.200111211600011E+02  0.174469432747776E+02
% -0.731443219661569E+00  0.319261753169252E+02 -0.481246726010347E+02
%  0.849162065411301E+01 -0.779971347648282E+01 -0.245275136146106E+01
%  0.750681524745365E+01 -0.217221859379313E+02 -0.189500704667454E+01
%  0.841733447293529E+01 -0.461556320765190E+01 -0.480412944958826E+01
%  0.101700363199874E+02 -0.793737765388085E+01  0.255761835988710E+02
%  0.613868605498746E+01  0.202118099533923E+02 -0.808802570792210E+01
% -0.170704728203692E+01 -0.294915139933284E+01 -0.583397015972663E+01
%  0.340839889132579E+01  0.219902504734298E+02  0.188438246692911E+02
% -0.565737307802285E+01 -0.250644736749523E+01  0.194247115184519E+01
% -0.614387611275442E+01  0.818381402905247E+00  0.109416338838062E+02
% -0.907515798776671E+01 -0.243425791586311E+02 -0.218663972537144E+02
%  0.160702678664520E+02 -0.147443602587713E+02 -0.622676388588622E+00
%  0.577284028009827E+01  0.374574988036418E+02  0.691274102819987E+01
% -0.862029092719972E+01  0.279429527629655E+02 -0.655576502565593E+01
%  0.928302488639060E+01 -0.167438035278510E+02  0.441733401365442E+01
% -0.671371362555263E+01 -0.901649390226132E+01 -0.168655489864631E+02
% -0.367901194463933E+02 -0.366935647249350E+02 -0.279457750278528E+02
%  0.748966560668491E+01  0.296993124840281E+01  0.175910980754347E+02
% -0.323645317279972E+02 -0.222674487742564E+02 -0.378379018998192E+02
%  0.254711742569662E+02 -0.156303891046864E+01  0.367448689963659E+01
%  0.373499124471812E+01  0.194807735235781E+01  0.653941438862920E-01
%  0.382830126386950E+01  0.136870306517326E+02  0.691249137392812E+01
% -0.903006476850281E+01  0.998128987167094E+01 -0.129795573328706E+02
%  0.108909282390574E+02  0.422005806866196E+01 -0.956974486330927E+01
% -0.159300613486790E+02 -0.311729066957046E+01 -0.383925707162997E+01
% -0.366113896137607E+02 -0.426610567936119E+01 -0.156509534467116E+02
%  0.135893314225848E+02  0.156955002607804E+02 -0.740592703635499E+02
% -0.394399756646946E+00  0.148160122783901E+02 -0.551626803522594E+01
%  0.461294717340829E+01 -0.159390322364506E+01  0.272179371029789E+01
%  0.246716705922791E+02 -0.202383033804001E+02  0.225899911827106E+02
% -0.598324793368109E+01 -0.387154093221132E+01  0.665120995681360E+01
% -0.371361562761631E+01 -0.834192950953507E+01 -0.176711188782962E+02
% -0.273970543678301E+01  0.174235728000133E+01  0.454327377802970E+01
% -0.768270862086932E+00 -0.113481967854376E+02 -0.332154597707355E+01
%  0.221384872704775E+01  0.180570122879124E+01 -0.852567628394486E+01
%  0.171887939097678E+01 -0.227603223329641E+01 -0.315779293445901E+00
% -0.156222295684132E+02 -0.696803809717766E+01 -0.186540881093383E+01
%  0.677130521614974E+02 -0.349336931063227E+02 -0.143956200747521E+02
% -0.915378050201265E+01 -0.340848736625294E+02 -0.639569707033077E+02
% -0.569513321678544E+01  0.938578749556682E+01  0.306657859567282E+00
%  0.158185430745635E+01 -0.174257264050822E+01  0.104408130083342E+02
% -0.398388497630245E+02 -0.974196615665899E+01 -0.926606149221746E+01
% -0.434872901362640E+01 -0.143988125715077E+02  0.433888597147457E+01
%  0.156754034743966E+02  0.119961338257840E+02 -0.120098090345091E+02
%  0.151380906162343E+01 -0.921843056323304E+00  0.251452336277459E+00
%  0.306755692295654E+01  0.317300523430126E+02 -0.134085254818373E+02
%  0.798765691803169E+01 -0.105485411113574E+01 -0.336130530751612E+01
%  0.156805304149447E+02  0.220269125895905E+02 -0.489615419185274E+01
% -0.197261799228147E+02  0.653511519872454E+02 -0.122254685291202E+01
% -0.240896433547843E-01  0.620355150439929E+00  0.268308481796304E+01
%  0.234401411931375E+02  0.149298716821654E+02 -0.110052792525389E+02
% -0.444587850827038E+00 -0.252193299930132E+02 -0.870921701248552E+01
%  0.694869713495642E+01 -0.100153887288779E+02  0.175223880585883E+00
% -0.215547728415627E+02  0.266734059482810E+02 -0.453479961056610E+01
%  0.111579257503602E+02 -0.188829357385765E+02  0.323632550232063E+01
% -0.442301836619128E+01 -0.264092934779015E+01  0.180106605632411E+01
% -0.120542650107606E+02 -0.407419293821376E+01  0.153337846660704E+02
% -0.204972689265188E+02  0.174262983373956E+02  0.850843248159914E+01
%  0.350822955818119E+02  0.518655543599212E+02  0.218972208159494E+02
% -0.406783189773014E+01  0.212034595521717E+01 -0.672447140560854E+00
%  0.468769014786722E+01 -0.614705615538144E+01  0.645133715976536E+01
% -0.103868932402766E+02 -0.318551681092802E-02 -0.435855059112017E+02
%  0.420839169264115E+01 -0.758389678005646E+01 -0.119722217713211E+02
%  0.641470077287978E+01 -0.689940076727045E+01 -0.137872641055886E+02
%  0.810744594244074E+01 -0.550491813842038E+01  0.671657366748542E-02
% -0.594812645077239E+01  0.284426441945308E+01  0.125567320257423E+01
%  0.561524923495298E+01 -0.945878628058085E+00 -0.167953197572623E+01
%  0.275337667205251E+02  0.253271000566402E+02  0.166905324460662E+02
%  0.136865403329914E+01  0.670849224831862E+01 -0.745550115358344E+01
% -0.306504741660062E+02  0.816452760051732E+01  0.230991162555292E+02
% -0.310687505046965E+02 -0.163417545146712E+02  0.861551501641234E+01
% -0.133468086527853E+02 -0.622984199053920E+01  0.872992632289817E+01
%  0.152030404738756E+02  0.434984763023911E+01 -0.381822694439538E+01
%  0.119805216605820E+02  0.195142840843033E+02  0.348126514256068E+01
%  0.287781265564348E+01  0.611583017389470E+01  0.236862661687363E+02
% -0.646359704893058E+01  0.119829436050655E+02 -0.114994467726578E+02
%  0.331656269868513E+01  0.228371350949064E+01 -0.209118873225813E+01
%  0.157262359031111E+02 -0.503794431911791E+01  0.139869772645164E+02
%  0.273629452254385E+01 -0.947036543045205E+01  0.539117742144364E+01
% -0.242688542253366E+01 -0.805753741727979E+01  0.562308238028578E+01
% -0.246694017276539E+02  0.140031623197969E+02 -0.213995625004770E+02
% -0.932854428778017E+01 -0.374918031271945E+00 -0.372554315922751E+00
% -0.275881805725377E+02 -0.123482856099235E+02  0.236001579040878E+02
% -0.184424386530204E+02 -0.154841203525828E+01 -0.249895587464991E+02
%  0.186943036116302E+02 -0.181483279721966E+02 -0.965118368502095E+01
%  0.550595202449273E+01 -0.221859690497535E+02 -0.567534606030109E+01
% -0.939454094418216E+01  0.602914081606050E+01  0.258725955855618E+02
% -0.527185524297147E+02 -0.171274228516112E+02 -0.338598429399879E+02
%  0.779082626613364E+01 -0.293109393468348E+01  0.743348915820334E+01
%  0.227554861174356E+02  0.608633341311228E+01  0.128718252970440E+02
%  0.246820351950046E+02  0.661533831861075E+01 -0.138565471531462E+00
%  0.708314240887522E+01 -0.568639301798121E+01  0.713674421789072E+01
% -0.143755661310640E+01  0.795224373379959E+01 -0.185076849931804E+02
%  0.655962659587915E+01 -0.144084869618793E+02 -0.212108575317604E+02
% -0.528035284828500E+01  0.279389099392282E+01 -0.372576127658881E+01
% -0.349339872789604E+01 -0.754392008994907E+01 -0.157278307734856E+01
%  0.599907023255862E+01  0.128454346313517E+02  0.518596910690186E+01
% -0.337147219087888E+01 -0.256974692372711E+02 -0.262449520290448E+02
%  0.139263070110375E+02  0.146559487064499E+02 -0.107332363643280E+02
%  0.119092714430036E+02  0.674139636847922E+01  0.750305324630805E+01
% -0.122280213322837E+02 -0.301199471060131E+02  0.361730487727520E+01
% -0.296364155849696E+01 -0.591373851989993E+01  0.548329682873746E+00
%  0.414833614375319E+02 -0.197066420200562E+02 -0.107987137202828E+03
% -0.106397426168445E+01  0.951141813073603E+01 -0.107133137690809E+02
% -0.259523074811489E+01  0.789493434901390E+01 -0.209374794789708E+01
%  0.305577214136476E+01  0.813651566024217E+01  0.519889874060881E-01
%  0.370472411260122E+02 -0.636489181309027E+02  0.980589939127089E+01
% -0.297088455951360E+02  0.126560567278635E+02  0.241699078108925E+01
% -0.149636502439908E+01 -0.429598422388726E+01 -0.353540388094012E+01
%  0.115496052307633E+02 -0.421570872742678E+01  0.200743446571266E+01
%  0.101460667507205E+02  0.874043325216995E+01  0.484618238988321E+01
% -0.962814543873777E+01 -0.326915507285270E+02  0.248296962716346E+02
%  0.354346106288553E+00  0.428948199962734E+01 -0.221545359629426E+01
% -0.114335089085339E+02 -0.109689195304074E+02  0.521339805324906E+01
% -0.278194374258093E+01  0.225536931102288E+01  0.139589541004071E+02
% -0.939018783968851E+01  0.175261141889689E+02  0.129226600603255E+02
%  0.252978593375748E+01  0.224222787825459E+01 -0.127080172253168E+01
% -0.119848168439191E+02 -0.562162160014170E+01  0.733318566884024E+01
% -0.258532342296688E+01  0.673014173402786E+01 -0.604472142074953E+01
% -0.590712648194109E+01  0.666422183121680E+01 -0.323376151078997E+01
%  0.684417134750791E+00  0.997729551092042E+01 -0.329066426544812E+01
%  0.394824717997069E+01  0.437115915556240E+01 -0.569421858145692E+00
% -0.393409840235104E+00  0.110645710593630E+02 -0.674956786555877E+01
%  0.265844679906748E+01  0.613182792053092E+00 -0.305582572076292E+00
% -0.110159382587530E+02 -0.185933792862896E+02 -0.165815352568584E+02
% -0.401145303761038E+01 -0.216446537816948E+01 -0.414498447823976E+00
%  0.658887222105513E+01  0.120887356469722E+02  0.161085746710606E+02
%  0.276026118134993E+02 -0.756972646360477E+01 -0.139705195304804E+02
%  0.952987064390469E+00 -0.136891003515177E+02 -0.570098991036054E+01
%  0.703376545670532E+01  0.737699962530857E+01 -0.777904787685657E+01
%  0.574390607649642E+01 -0.180795707305258E+02 -0.621341219483785E+00
%  0.124945477575339E+02  0.140822327581638E+02  0.843312561694403E+01
% -0.250394077312172E+01 -0.296775408884095E+02  0.613039596494011E+02
%  0.218253203576621E+02 -0.158191078871450E+02 -0.521122601140979E+01
%  0.149160706322903E+01  0.163838383806105E+01  0.967594999979644E+00
% -0.567560254554345E+02  0.276928483712318E+02 -0.599994201152166E+02
% -0.212078619672586E+01 -0.150232152603027E+02 -0.103203135220459E+02
% -0.118512131795445E+02  0.621042947182932E+00 -0.657806742151455E+01
%  0.163941366513390E+01 -0.633491130505587E+01  0.172333780926121E+02
% -0.615269216889652E+01  0.434180729320426E+01  0.207422032882828E+02
% -0.109844419552067E+01 -0.142948410642774E+02 -0.538457418732206E+01
%  0.176509457734421E+02 -0.104078035979699E+02  0.230428752205565E+02
%  0.274507089670634E+01  0.133283349896968E+01  0.104691098673784E+01
% -0.957621871394533E+01  0.685932502461860E+01 -0.157722909754486E+01
%  0.111635996198510E+02 -0.115634763105614E+02  0.583957644612544E+01
% -0.876249551346859E+01 -0.495521380738893E+01  0.237382638147621E+01
% -0.609851122689383E+01 -0.114214614699632E+02 -0.964768088327546E+01
% -0.503317664260843E+01  0.127135823951477E+02  0.119397982057226E+02
% -0.277119129943107E+02 -0.131181466494502E+02 -0.102809021637802E+02
% -0.648694176438480E+01  0.739320252045891E+01 -0.364361240727039E+01
%  0.350665655384087E+01 -0.458058658722068E+01  0.154726322413311E+02
%  0.139536783061403E+01  0.127803888747754E+00  0.270545977550741E+01
%  0.140532915925800E+02 -0.447935001156868E+01 -0.179624634861435E+02
% -0.116696135080096E+02 -0.868165262780126E+01  0.439234913915923E+01
%  0.457554265762810E+01  0.193738048808933E+02 -0.122611515491944E+01
% -0.252070093417933E+01  0.160168478594850E+02  0.910372393077374E-01
%  0.808157703868591E+00  0.246429522776519E+01  0.423195816674879E+01
% -0.626386356376144E+02  0.328167501428977E+02  0.440575912713134E+00
% -0.539407784304136E+01  0.673396160028550E+01  0.549489331668235E+01
%  0.656754669167332E+02  0.957201418400155E+01  0.583782520639714E+02
% -0.241798084789221E+02  0.517400926281582E+00  0.870196158860176E+01
% -0.133142215983247E+01 -0.862083259606234E+01 -0.496791139946490E+02
% -0.360524390714091E+01  0.120689170673750E+02  0.798673834490156E+01
% -0.565215743686030E+01  0.934691989468348E+00  0.110968188346823E+01
%  0.503255156712809E+01  0.117434090976055E+01 -0.131721596815506E+02
%  0.396269226596578E+02  0.165725898459111E+01 -0.174166112448055E+02
% -0.215144724988288E+02 -0.818252569783879E+01  0.335392199856490E+00
% -0.188654989163036E+01 -0.323321807271404E+01 -0.115755894136351E+02
%  0.474887170552473E+01 -0.506499501394422E+01  0.546150525977844E+01
%  0.729844697448582E+01  0.241307985397836E+02  0.182738437114812E+01
% -0.260172301351399E+01  0.101859690367877E+02 -0.106724101582404E+02
%  0.257652478130391E+02 -0.125840746517468E+02 -0.229000604089926E+01
% -0.770949709749552E+01  0.115125509811902E+02  0.874844362933265E+01
%  0.180767965413580E+02 -0.167232285339794E+02  0.230668783474005E+01
% -0.800535130509641E+01 -0.324866518067994E+02 -0.129027439783403E+02
%  0.485287964809465E+01  0.960061386655406E+01 -0.127139257414117E+02
% -0.529945768695590E+01  0.305972905627518E+01  0.236928892149343E+01
% -0.133934131608873E+02 -0.117957905227498E+02 -0.297583229264233E+01
%  0.910061934330466E+01  0.205748326633156E+02  0.193674354255357E+02
%  0.221953718752356E+01 -0.405787835579006E+01  0.257482095592925E+01
%  0.163831873003761E+01  0.210949350720296E+00 -0.345225642382976E+00
% -0.206208059319157E+02 -0.211516683461904E+02  0.121306023337912E+02
%  0.508073019453033E+01 -0.558265610137480E+01  0.346456068066619E+01
%  0.963159205091130E+00  0.583699180993220E+00  0.143112990288899E+01
%  0.609543414909139E+01 -0.572862982592925E+01  0.335427112043863E+01
% -0.350213650253216E+01  0.123957324514580E+02  0.144663041634199E+02
% -0.486638429752340E+01 -0.994857753681393E+01 -0.837255432035667E+01
%  0.937876173331184E+00 -0.493781513804097E+00  0.275191431938303E+00
%  0.120507347521497E+02  0.199578743597958E+02  0.265943882584288E+02
% -0.126823755505059E+02 -0.895109153675146E+01  0.394274008817142E+01
%  0.321338225022260E+00  0.169750446047354E+01 -0.226426826897995E+01
%  0.153085818109062E+02  0.248094923551103E+01  0.722938019769586E+00
% -0.383734433661316E+01  0.770423907451764E+01 -0.194252557484610E+02
%  0.473099369069711E+02  0.752356055311932E+01  0.342353032862809E+02
%  0.242870864069020E+01  0.524795729505720E+01 -0.125482034950190E+02
% -0.728821686524889E+01  0.174040716674515E+02 -0.112716845056137E+02
%  0.941751060418456E+01  0.862053297050102E+01  0.649654965063960E+02
% -0.439553345152180E+02  0.110562140348853E+02  0.945356625776978E+02
% -0.168397788293980E+02  0.105354701169580E+02  0.964532366029257E+01
%  0.150703069136572E+02 -0.932174730745826E+01  0.264853274720529E+02
% -0.294396316307946E+02 -0.124705597098501E+02 -0.282977109042982E+02
%  0.181369912912478E+01  0.100556459674965E+02 -0.307190175826361E+01
% -0.354952844904140E+02 -0.107714550909604E+02 -0.829893124172646E+01
%  0.968180416811627E+01  0.190245863047822E+02  0.273891269987730E+01
% -0.203028997945409E+01 -0.214613922779643E+01  0.399840950347947E+01
% -0.168981712172703E+01  0.171642304794505E+02 -0.154694050578627E+02
% -0.424926200640312E+00 -0.765948484825386E+01 -0.811471939815518E+01
% -0.254706638413487E+02  0.691113394181938E+02 -0.158310727473979E+02
% -0.704515811442897E+01 -0.910870544574543E+01 -0.166868325181302E+01
%  0.655775343264514E+01 -0.120860629271099E+01 -0.450295544453210E+01
%  0.393723845992909E+01  0.129277073106482E+02  0.710237902602149E+01
%  0.269518063376048E+02  0.251068541824140E+02 -0.773932807449647E+01
%  0.975482313824368E+01 -0.166480203948467E+02 -0.153421185734522E+02
% -0.332612280429747E-02 -0.481105657801911E+01 -0.634560088675370E+01
%  0.263933679993571E+01 -0.675165270492193E+01 -0.186621390789702E+01
% -0.307215686135015E+02 -0.835704620484385E+02 -0.158022749563397E+02
