% T    256  0.715122828077254E+01  0.715122828077254E+01  0.715122828077254E+01
  -0.225986569979521E+01  0.165426962103715E+01  0.296556623388098E+01
   0.346595496916791E+01 -0.128826816778471E+01  0.147131154185940E+01
  -0.357624344747532E+01 -0.215297420879962E+01  0.963092534720293E+00
   0.171186070178968E+00 -0.232203804180194E+00 -0.159584771262409E+01
   0.140585233644981E+01  0.389793682359434E+00  0.150568625623481E+01
   0.515829323252953E+00  0.258093353345289E+01  0.510004778175990E+00
   0.142403704711627E+01 -0.217023260718242E+01  0.817076495471978E+00
   0.115726524645089E+01  0.352824900574278E+01  0.262678647400373E+01
   0.332102883037382E+01  0.923930885267652E+00  0.546439901941578E+00
  -0.341601938363319E+01  0.273760798267140E+01  0.191731370402160E+01
  -0.171247978603285E+01  0.155448910289085E+01  0.135437531170571E+01
  -0.313622569737037E+01 -0.796629762007785E+00  0.217476683625509E+01
  -0.265844532468436E+01  0.203097206624034E+01  0.101867364652414E+01
  -0.174566971424272E+01 -0.118500443208598E+01 -0.262571863367418E+01
  -0.240525701166133E+01 -0.269746695509630E+01 -0.149680584838459E+01
  -0.317614288076362E+01  0.274321926044185E+00 -0.284226000477740E+00
   0.746468134765199E-01  0.223927278634003E+01 -0.353998178831281E+01
   0.144809557505638E+01 -0.105649128000766E+01 -0.908940667335173E+00
   0.190626889318275E+01 -0.611359628232140E+00 -0.256634151377746E+01
   0.333716837292002E+01 -0.146402893976053E+01 -0.233303971280875E+01
  -0.366822979621463E+00  0.390581943085724E+00 -0.102043567470992E+00
  -0.462055636267455E+00 -0.216971396802840E+01 -0.186158217685655E+00
  -0.227999097951797E+01 -0.666610684741015E-01 -0.319631895461204E+01
   0.340393325653495E+01  0.593797009530511E+00  0.180165485161302E+01
  -0.221158716205066E+01  0.272599747151392E+01 -0.122210782612040E+00
  -0.406283374439209E-01 -0.287542981854842E+01 -0.228361910316783E+01
   0.655615141651121E+00  0.260358654684250E+01  0.266971817671488E+01
  -0.143008878913665E+01 -0.213109693138740E+01 -0.228374227259723E+01
  -0.146400656176789E+01 -0.337822801340352E+01  0.304328908513908E+01
   0.239683741968116E+01  0.959784022695989E+00 -0.208329289273963E+01
   0.183458150530137E+01  0.143186166803718E+01  0.210180565373366E+01
  -0.216694010438945E+01  0.211232125096226E+01 -0.246200524385945E+01
  -0.942127651312872E+00 -0.822513804569583E+00 -0.726414749592305E+00
   0.223246032491030E+01 -0.174904019827420E+01 -0.270687934505390E+01
  -0.151043134134239E+01  0.215181327730073E+00  0.324781455380256E+01
  -0.300246682228590E+01  0.296711844274444E+01  0.948310502842144E+00
  -0.191317661190911E+00 -0.136369354148840E+01  0.596276810890345E+00
   0.123201160668448E+01 -0.712314787925929E+00 -0.174778287525028E+01
  -0.296471958947483E+01 -0.335484445859608E+01  0.284368701728498E+01
   0.216031903122217E+01 -0.770281635672213E-01 -0.152010872131287E+01
  -0.347536109596505E+01  0.291856046109971E+00  0.261494379560835E+01
   0.230566127076911E+01 -0.354670850543305E+01  0.163842373481581E+01
  -0.205208457819357E+01  0.341258587453961E+01  0.229302295871342E+01
  -0.334851363631902E+01  0.196590681350566E+01 -0.208102378038295E+01
   0.305462878913559E+01 -0.287376195025549E+01 -0.973967210192887E-01
   0.156852209662626E+01  0.350275011032072E+01 -0.342562032710098E+01
  -0.299716295288923E+01  0.300872390671262E+01 -0.242411847131781E+01
   0.291053250172639E+01  0.547207323644838E-02 -0.235917025469078E+01
   0.159335455113788E+01  0.354960175308959E+01 -0.228834303976422E+01
   0.150848667192966E+01 -0.271518830361607E+01  0.327614974921028E+01
  -0.192777999345424E+00  0.230099664975010E+01 -0.584208536431033E+00
   0.171138990669363E+01  0.464618356896480E-01  0.649407660421044E+00
  -0.527675860411315E+00  0.166294788192845E+01  0.889546026759180E-01
   0.188677600278882E+01 -0.107918216851469E+01  0.136045202014279E+00
   0.298350355952987E+01  0.101905247217644E+01 -0.318174528824351E+01
  -0.167157670369084E+01 -0.233825230049853E+01  0.236356747397690E+01
  -0.407393162096278E+00 -0.186819217891143E+01  0.139441043311862E+01
   0.312023114481502E+01 -0.239775692205940E+01 -0.280971901740654E+01
  -0.969595329318115E+00 -0.240856704482682E+01  0.314373291482563E+01
   0.345907058210950E+01  0.964024576380012E+00 -0.982112448738981E+00
  -0.327359412107507E+01 -0.561592890370241E+00 -0.260577434364169E+01
   0.525058731784510E+00 -0.356454874139038E+01 -0.176631761547368E+01
   0.191069104339355E+01  0.287863095780054E+01 -0.143043362694068E+01
  -0.177970216358891E+01  0.281861470877409E+01  0.112075230228870E+01
   0.209908507020869E+01  0.249953313006573E+01 -0.342857976058940E+01
  -0.715913287083866E+00  0.332899396707140E+01 -0.155150397339459E+01
  -0.309038708063416E+00 -0.769507132462122E-01 -0.341446875821825E+01
   0.111217187849196E+01  0.252099489032073E+01 -0.340343297086370E+01
   0.264381977860477E+01  0.122517885377776E+01 -0.401689758931815E+00
   0.273447356608753E+01  0.251382831864072E+01  0.288866529472399E+01
  -0.149265396908292E+01 -0.208688516868651E+01 -0.656160631672549E+00
  -0.998679912850625E+00  0.276022616203267E+01 -0.272689000804977E+01
   0.168121339784232E+01 -0.142113894786896E+01  0.349293805851143E+01
  -0.212836501591627E+01  0.122796342626714E+01 -0.333057212155099E+01
   0.305307838441867E+01  0.230348407320228E+01 -0.149040530034971E+01
   0.319809806488160E+01 -0.287647713099546E+01  0.239794326689332E+01
   0.689087721328345E+00 -0.327227720993715E+01  0.922242504674660E+00
  -0.594181873879442E+00 -0.760068862389383E+00  0.201562739266069E+01
   0.869689507404559E+00  0.246206556409377E+01 -0.139283060486455E+01
  -0.127667809086481E+01  0.122835862114645E+01 -0.207529492590998E+01
   0.349209437778405E+01  0.243826263379575E+01 -0.330354899518593E+01
  -0.161492265779175E+01 -0.129312459384926E+01 -0.147729763088600E+01
   0.456715376968833E+00  0.339262217684239E+01 -0.354186872243931E+01
  -0.254875792469306E+01 -0.421657300422457E+00  0.112006219858921E+01
  -0.211444906799474E+01  0.342114555313107E+01 -0.193154530508395E+01
   0.317114212154221E+01  0.188504602430396E+01  0.222911780787727E+00
   0.416931981668564E+00 -0.144309103068203E+01 -0.307242992571698E+00
  -0.420499548402362E-01 -0.511548802586586E+00 -0.274874122759162E+00
   0.250664832312770E+01 -0.351259516975284E+01 -0.179049539661641E+01
  -0.918617928102537E+00  0.100531162031989E+01  0.995443123611329E+00
   0.148830239200791E+01 -0.244004667666273E+00  0.310630517013302E+01
  -0.545641147736548E+00  0.282821056939708E+00  0.174488800940510E+01
   0.123742189318375E+01 -0.169222254498032E+01 -0.180197926392185E+01
   0.333718262688018E+01 -0.203941905236495E+01 -0.133103994220866E+01
   0.346312763635066E+01 -0.326880754509279E+01 -0.218297052285946E+01
  -0.138866385461855E+01  0.104711242328649E+00 -0.670530786637433E+00
   0.641813137059116E+00 -0.169156714819932E+01  0.191532243880229E+01
   0.329230596857584E+01 -0.159515925862215E+01  0.254983735659920E+01
  -0.194573172000299E+01 -0.100596081330066E+01 -0.172717226634294E+00
   0.585022372737482E+00  0.127068920680230E+01  0.196853110335452E+01
   0.342964745848461E+01 -0.167118490895127E+01 -0.387863209622021E+00
   0.298011852092564E+01 -0.288512559996807E+01 -0.105774708272057E+01
  -0.295631862206776E+01 -0.255637234938075E+01  0.346817856077689E+01
  -0.329359723852331E+00 -0.165383191213476E+01 -0.115211061757814E+01
   0.132602795017772E+01 -0.733918359475937E+00  0.146228613475728E+01
  -0.547899292548065E+00 -0.285657120728862E+01  0.718668858085927E+00
  -0.284461639913190E+01  0.266403169230415E+01 -0.143909970962672E+01
  -0.319047853291827E+01  0.179747151031658E+01  0.306910516538259E+01
   0.315773545127936E+01  0.152238168932213E+01  0.244805108525072E+01
  -0.248141385617766E+01  0.699824498021739E+00  0.302222204583546E+01
   0.234998929734624E+01  0.208226215552498E+01 -0.841148461903532E+00
   0.759974313294250E+00 -0.121558251519104E+00 -0.759634927740101E+00
   0.323625776049627E+01 -0.603024907005935E+00  0.310217458137162E+01
   0.233387495489121E+01 -0.535393971932402E+00 -0.351894202663017E+01
  -0.139659965869441E+01  0.958893034232600E+00  0.208757361349186E+01
  -0.205992659832134E+01 -0.299501352226962E+01 -0.289331003465044E+00
  -0.216400718844399E+01 -0.311177856529556E+01  0.775726783727796E+00
  -0.299210352427221E+01  0.678382620395571E+00  0.110022388985716E+01
   0.396886161655756E+00 -0.563272775779723E+00  0.118207863096890E+01
  -0.291710986228080E+01 -0.161373687575691E+01 -0.318463024020329E+01
   0.126691974402643E+01 -0.115689930778595E+01  0.246570403584979E+01
   0.640097903666595E+00 -0.154784371249110E+01  0.347143108419508E+01
   0.148690447382102E+00  0.351268939698613E+01  0.227745879810761E+01
  -0.167288282208051E+01 -0.869885492942288E+00  0.341427404616869E+01
  -0.331641431918030E+01  0.311127194654178E+01 -0.128754800704178E+00
   0.164861497889262E+00 -0.274657225392673E+01 -0.110062000620435E+01
   0.895663370135686E+00 -0.567622407846995E+00  0.249951676308163E+00
   0.208090925178192E+01 -0.244558832075727E+01  0.254954441147147E+01
   0.108526392510575E+01 -0.249033508074582E+01  0.190231618918792E+01
   0.169770204336038E+01  0.158434240718227E+01  0.314474827588197E+01
   0.123375208558300E+01  0.225263899255191E+01 -0.234518458226531E+01
  -0.616837606209402E+00  0.283613464201312E+01  0.520388934606702E+00
   0.109827493026865E+01  0.332319482662078E+01  0.158692316281030E+01
  -0.275801590235400E+00  0.241501206595459E+01  0.256268658897455E+01
   0.286130724291442E+00  0.135986098327344E+01  0.283540970407372E+01
   0.352446945338669E+01  0.160665011344840E+01  0.135451639430320E+01
  -0.375567231375757E+00  0.148499780295260E+01  0.193016299532958E+01
   0.264630696633967E+01 -0.175851363624399E+00  0.136624338137501E+01
   0.147485189934169E+00 -0.316086045276769E+01  0.406595981845048E-01
  -0.803714754025612E+00  0.160675512499273E+01  0.290849260221613E+01
  -0.191518230079388E+01 -0.606922288517320E-01 -0.227661460616982E+01
   0.237013802563627E+01 -0.196770373336676E+01  0.291741185970780E+00
  -0.250247337035428E+01 -0.159882517290179E+01  0.280483852786693E+01
  -0.262604861901062E+01 -0.193621992997965E+01 -0.228147389219275E+00
  -0.167701560215993E+01 -0.617180437940690E+00  0.187749065148352E+01
  -0.359824601787442E+00  0.179823484584758E+01 -0.248642548638338E+01
  -0.737545612126405E+00 -0.815399436782224E+00 -0.289538699296817E+01
  -0.852435970036002E+00  0.147095739494562E+00 -0.167645754744622E+01
  -0.177195468208320E+01 -0.163539670398565E+01  0.174521093024544E+01
   0.538472966512489E+00  0.534296275699412E+00  0.512691071404446E+00
  -0.325095759040205E+01 -0.131063981204325E+01  0.535352086396630E+00
   0.315692897611403E+01 -0.125809315858875E+01 -0.336275274115283E+01
  -0.307122109948334E+01 -0.309455200365998E+01 -0.839808007767605E+00
  -0.593959328392109E+00 -0.122593398920817E+01  0.335161726791709E+01
   0.914796529788490E+00 -0.295668239501840E+01 -0.304975491935692E+01
  -0.247071427439382E+01  0.227122289924213E+01  0.210691585950687E+01
  -0.319221404859954E+01 -0.243610617354180E+01 -0.214394087892797E+01
  -0.310847102701832E+01  0.282907897692272E+01  0.287873710214101E+01
  -0.354943968267829E+01  0.132532279657388E+00 -0.337252513174185E+01
   0.285978143880555E+01  0.222213566551629E+01  0.180647844880269E+01
   0.786949018378560E+00 -0.612586674975117E-01  0.222251902892595E+01
   0.290628393178511E+00 -0.225072852279508E+01  0.830466249812822E+00
   0.245069122774023E+01  0.109348815413437E+01  0.993105821007154E+00
  -0.708669168136240E+00  0.308103639740414E+01  0.355537143741558E+01
   0.274680713739108E+01  0.320395042042706E+01 -0.282954284669766E+01
   0.122463361923758E+00  0.228754707851477E+01  0.152311412123300E+01
  -0.111894293714112E+01 -0.361233274619432E+00  0.405894845639741E+00
   0.109111366047240E+01 -0.344967474786264E+01 -0.618763950363198E+00
  -0.321615643511424E+01  0.146329194874532E+01 -0.315117970536714E+01
  -0.784776299822631E+00 -0.888514541503107E+00 -0.194594620538650E+01
  -0.287655738298122E+01 -0.140924898042477E+01 -0.115377022293138E+01
   0.279343412947206E+01 -0.241608035133161E+01  0.328626876706546E+01
  -0.195391614028780E+01 -0.300226006304232E+01 -0.285645890945994E+01
   0.518388170681454E+00 -0.974184142917400E+00 -0.264175329777433E+01
  -0.286179825476484E+01  0.348327479977245E+01 -0.320568907807303E+01
   0.206307846344266E+01 -0.279907244400134E+01 -0.279302105313364E+01
  -0.161682978979161E+01  0.103369930680304E+01  0.703127875559159E-01
  -0.176285881596683E+01  0.347274014561829E+00  0.868694730486919E+00
   0.261781290624096E+01  0.293293316639654E+01 -0.122054506995685E+00
   0.232659605256370E+01 -0.797350489581891E+00  0.242361708653537E+01
   0.191602065198501E+01  0.279421798774366E+01  0.209653622287248E+01
  -0.289542231275115E+01 -0.203308007719149E+01  0.200085049584237E+01
   0.236539251461028E+01 -0.327035126012671E+01  0.662603203463469E+00
  -0.259263700353717E+01  0.143284332321932E+01 -0.620237858780758E+00
  -0.125834579965893E+01 -0.120696113965479E+01  0.947257817739809E+00
   0.256840422780480E+01 -0.724728868268664E+00 -0.705975096567238E+00
  -0.184478590194861E+00  0.122451769198086E+01 -0.335759712605481E+01
  -0.249356851206456E+01  0.249213046148476E+01 -0.339067081373510E+01
   0.288476396237795E+01  0.312529830515448E+01  0.832572201628696E+00
  -0.234385907737550E-02  0.136563804312475E+01 -0.130718481238371E+01
  -0.233106314862435E+01  0.105470253879033E+00  0.222431793663343E+01
   0.167520686019227E+01  0.134075332251556E+01 -0.298939061132582E+01
   0.224624031415063E+01  0.225621729396918E+00  0.232100831732240E+01
   0.355319674025274E+01  0.916356032955343E+00 -0.214436943728968E+01
   0.212368876377833E+00 -0.223477496809006E+01  0.294276685339378E+01
  -0.212746194002599E+01  0.821513127071013E-01 -0.712189188211573E-01
  -0.250073872535918E+01 -0.220362161511595E+01  0.107042156401628E+01
  -0.294058198320785E+01 -0.210228945970233E+00 -0.157301776840956E+01
  -0.630942789732357E+00  0.561339823673222E+00  0.282869509119533E+01
  -0.196712096554342E+01  0.319878129711591E+01 -0.928567900729811E+00
  -0.964584677081255E+00  0.242622492989244E+01  0.164710120250827E+01
   0.274248051847950E+01 -0.778631439087974E+00  0.471906692414748E+00
   0.146609625408913E+01 -0.288757972799573E+01 -0.150902930670566E+01
   0.214228072272432E+01  0.214561350744776E+01  0.978977445503514E+00
  -0.292793913370807E+01 -0.335493326736803E+01  0.179950292473872E+01
  -0.635695168915980E-02  0.266719222556061E+01 -0.209147463383740E+01
   0.175943303648172E+01  0.883862297015099E+00 -0.103819196602039E+01
  -0.322161900234088E+01 -0.285230717306857E+01  0.442345522251779E+00
   0.227656171970683E+01 -0.114299535885156E+01  0.143946050935720E+01
   0.339689816086625E+01  0.331937766394921E+01 -0.100107868205850E+01
  -0.706192952818501E+00 -0.276641408673417E+01  0.204036824170675E+01
  -0.774794783932908E+00 -0.307377277081715E+01 -0.297636598645598E+00
   0.146917335762719E+01  0.367054614878124E+00 -0.223278744002958E+01
  -0.115261249122208E+01 -0.281802813766715E+01 -0.139465975267131E+01
  -0.268811311450961E+01  0.115810738840621E+01  0.208858476398665E+01
   0.239585062650346E+01  0.198326084676917E+01 -0.238890710424089E+01
  -0.249423013845314E+01  0.727320278044300E+00 -0.172345927369145E+01
   0.279248432044169E+01  0.137170634389356E+00 -0.170525914219767E-01
   0.233412083848502E+01  0.349768223472256E+01  0.276843284806816E+01
   0.126116502297484E+01  0.258595934123522E+01 -0.261442564980360E+00
   0.272083144650932E+01 -0.229765880254222E+01  0.171712910335734E+01
  -0.289892817584266E+01 -0.692941127926387E+00 -0.196109881174261E+00
   0.351620689383276E+01 -0.207156746056600E+00  0.655653925985028E+00
   0.201690466502350E+01 -0.282582196741589E+01 -0.340178619695978E+00
   0.149266068193517E+01  0.347518582764738E+01  0.405571871374199E+00
  -0.970104337371021E+00  0.223453424892699E+01 -0.161613358786920E+01
  -0.179611715748163E+01 -0.196686109379565E+01 -0.328850176151059E+01
  -0.936052584399317E+00  0.283509126236688E+01 -0.615681546201980E+00
   0.188876762265950E+01  0.195473613275968E+01  0.102890136123685E+00
  -0.269470080305150E+01 -0.432141155907565E+00  0.308789500712964E+01
  -0.977662419155126E+00  0.142337468266475E+01 -0.901324909396095E+00
   0.138469788371261E+01  0.952485963292115E+00 -0.366950383725896E-01
   0.114686530272524E+01  0.187506426325310E+01  0.884258976848550E+00
   0.106999659609524E+01  0.734346416107413E+00  0.299227002441185E+01
   0.141376228471988E+00 -0.693799140495166E+00  0.302440557573584E+01
  -0.454245440037506E+00 -0.193262894216629E+01 -0.227071095456944E+01
  -0.154294913080901E+01  0.249590700096443E+01  0.296846971481485E+01
   0.235350477986690E+01 -0.110719347165852E+01 -0.176526019020875E+01
   0.307489408697791E+01 -0.345988365094445E+01  0.341432738462854E+01
   0.325329761952082E+01 -0.106809325967128E+01 -0.134696762123962E+01
  -0.141858552413201E+01 -0.279608603435395E+01  0.127622280092676E+01
  -0.205488902655237E+00  0.361059104783844E+00 -0.242863701756850E+01
   0.231580926347959E+01 -0.234315701299689E+01 -0.171158404542505E+01
  -0.182538244802456E+01  0.216044689219152E+01 -0.111884462997296E+01
   0.190445002702272E+01 -0.124025103712941E+00 -0.325264152311191E+00
  -0.932086747070070E+00 -0.311969431943647E+01 -0.263927442915475E+01
   0.235723531753581E+01 -0.169397790450285E+01 -0.748575830616274E+00
  -0.170678011892754E+01 -0.198943698257780E+01  0.442933382603694E+00
  -0.155718786845703E+01  0.204506425397272E+01  0.375152273377938E+00
   0.734275249055431E+00  0.180591368543267E+01 -0.580833267573796E+00
   0.959803356157033E+00  0.129445097552106E+01 -0.192421077190415E+01
  -0.277356608402209E+01 -0.138544516045504E+01 -0.219851029278000E+01
   0.328943994255764E+01 -0.318138413176740E+01  0.124835464765478E+01
  -0.326706038676466E+01  0.216056893978856E+01 -0.497000142317770E+00
   0.105874953810753E+01 -0.237321975137962E+01 -0.365296499340391E+00
   0.718612458134906E+00  0.413223978074525E+00 -0.321065541858692E+01
%  0.689208012832988E+00 -0.244859021148272E+00 -0.212450920708641E+01
% -0.140462114520366E+01  0.262643364081718E+00  0.867405041730031E+00
% -0.320419882037986E+01 -0.147527835980632E+01  0.931357176646578E+00
%  0.243907813209251E+00  0.114979851317471E+01  0.978982493694174E-01
%  0.123348870696704E+01  0.611040456841059E-01  0.164141746997441E+00
%  0.390525314572670E+01  0.944504502189337E+00 -0.155358583949797E+01
%  0.259262773388281E+00  0.752820852756345E+00  0.119192134507911E+01
% -0.292351234773709E+00  0.934625996096470E+00  0.318140756996709E+00
%  0.643458285907739E+00 -0.232475599423157E+00 -0.384086723140454E+00
%  0.626086908089253E+00  0.803715414791489E+00  0.473315612629008E+00
%  0.153396497709826E+01 -0.412175119762561E+00  0.512680980129967E+00
% -0.290491828495470E+00  0.780731510578699E-01 -0.114562590105872E+00
% -0.877919152603858E+00 -0.734938605020904E+00  0.169727234954784E+01
%  0.819695803163532E+00  0.572718857195466E+00  0.188712654067041E+01
% -0.123313260016858E+01 -0.299168443366350E+01  0.122530489239307E+01
% -0.458421429814530E+00  0.181359068707850E+01 -0.248112852913259E+01
%  0.632876407132198E+00  0.611196121963561E+00 -0.125499274109870E+01
% -0.278378516370604E+01 -0.505998417154848E+00  0.836908203429472E+00
%  0.247609092823645E+01  0.887379441579574E+00  0.129254216301139E+01
% -0.450753409947832E+00  0.220136639758892E+01  0.175002320868055E+01
% -0.887075886755948E+00 -0.131385449576904E+01  0.288187247577348E+00
%  0.149343261755121E+01  0.859169060971981E+00  0.322126246223146E+00
%  0.515942716802628E+00 -0.222170059512698E+01  0.405859759773234E+00
%  0.529061776753048E+00 -0.870260923348000E-01 -0.188949382688842E+01
% -0.558773425946451E+00 -0.102242760894661E+01 -0.962401392977028E-01
%  0.885131625398944E+00  0.985682125336064E+00  0.403884899825491E+00
%  0.516826641988542E+00 -0.236987090657927E+01  0.269558610947044E+01
%  0.749525493185474E+00  0.330112611137147E+00  0.382626718410683E+00
% -0.197746280052763E+00  0.184287662586155E+00  0.146786489641749E+01
%  0.427684713942930E+00  0.785764052082156E+00 -0.708871874712734E+00
%  0.141142592363364E+01 -0.116670259186050E+00  0.735791234204450E+00
% -0.973256229670173E+00  0.937395160917054E+00 -0.827581919723884E+00
%  0.382779320773664E-01  0.877170948522569E+00 -0.823455233467658E+00
% -0.607749095287885E+00  0.140761252162534E+01 -0.113340926028941E+01
%  0.162144775209711E+01  0.193370488020225E+01 -0.117476603802378E+01
% -0.205059168598590E+00  0.817207266431013E+00  0.821684453294366E+00
% -0.194369123311283E+01  0.615380069371011E+00 -0.120411169755386E+01
% -0.486597048163983E+00  0.376583037234030E+00 -0.192503437993425E+01
% -0.727242236698137E+00  0.951102982538484E+00 -0.207471805833208E+01
% -0.199266405872354E+00  0.861972071222417E+00 -0.140420138758137E+01
%  0.393337828258320E-01  0.111080284464162E+01 -0.161090055671124E+01
% -0.529227741443023E+00  0.134026539888153E+01  0.945314472771932E+00
% -0.165803151994557E+01  0.102330988762936E+01 -0.362332117014415E+00
%  0.112751297061558E+01  0.458745163734846E+00 -0.110581667700100E+01
%  0.108206954522282E+01 -0.214354660537036E+00  0.264174354748594E-01
% -0.475320033459043E-01  0.158389540407462E+01  0.668347713271223E+00
% -0.241765886600853E+00 -0.399683664757575E+00 -0.103390864612825E+00
% -0.362524767357176E+00 -0.690148503575937E+00  0.824553807805608E+00
%  0.618424401594380E+00  0.586684414233740E+00 -0.101878504708255E+01
% -0.110502942012340E+00 -0.523355888550726E+00  0.209710856958749E+00
%  0.158682059054916E+00 -0.222990188945778E+01 -0.750547566971220E+00
%  0.451708793108883E+00  0.198931747129625E+00  0.226299390362343E+00
% -0.149478509632304E+01 -0.341445726195275E+00  0.152674149372667E+01
%  0.232722861820608E+00  0.697126242713888E+00  0.219204551266029E+01
% -0.205212646823399E+01 -0.698165226555122E+00 -0.169410269414187E+01
% -0.614313164436220E-01  0.165021421821527E+01  0.565823648278920E+00
%  0.158103594923224E+01 -0.199083710502733E+01 -0.908625364140434E+00
%  0.142279801374985E+01  0.114200987289953E+01  0.192019369447201E+00
% -0.832487076145920E+00 -0.126847863391580E+01  0.296213514078789E+00
%  0.730449837040678E+00 -0.149016565541246E+00  0.792220388533777E-01
% -0.154092423945801E+00  0.635219585247209E+00  0.124297288837426E+01
%  0.821594539490461E+00  0.499192154365252E+00 -0.129168336218706E+01
%  0.201194683078647E+01  0.696988335787909E-01 -0.167603382328757E+01
% -0.961353345305949E+00 -0.154166253839913E+01  0.660889162322230E+00
%  0.468349991478329E+00 -0.262915391767694E+01  0.313153072252404E+00
% -0.259448530778114E+01 -0.780279605836947E+00 -0.249245222506563E+01
% -0.858449909620698E+00 -0.300146202418090E+00  0.129346878391869E-02
% -0.162988549243934E+01  0.126888841844273E+01 -0.390143178729906E+00
%  0.139778265248102E+01  0.765553778349346E+00  0.658597090118524E+00
%  0.431959720990267E+00  0.105106347035967E+00  0.157929767960463E+00
%  0.126528519094874E+01 -0.146055010481204E+01 -0.173445292706722E+01
%  0.130937119626288E+00  0.197853479100582E+01 -0.310818654980008E+00
% -0.477972910078749E+00 -0.568496553407403E+00 -0.237466366103254E+01
% -0.287951701750602E+00  0.282302000485567E+00  0.697868113765568E+00
%  0.604579062665710E+00  0.983604594010144E+00  0.507323970435214E+00
% -0.155322195627689E+01 -0.499142233350508E-02 -0.961769437045082E+00
%  0.133902836386646E+00 -0.142072624844235E+01  0.122686030904120E+01
%  0.124819007170645E+01 -0.379520562137800E+00 -0.171738066262103E+01
%  0.297484378135578E+00 -0.572683705722877E+00  0.107785588359616E+01
% -0.620604896282731E+00 -0.169869772708020E+01  0.541048796463247E+00
%  0.228426051315509E+00 -0.571504203705135E+00 -0.197649210728786E+00
%  0.242550876085246E+01 -0.281276239888461E+00  0.107025000676861E+01
% -0.235918629933329E+01 -0.147583583363791E+01  0.374404034406614E+00
%  0.302638646949580E+00 -0.271456748880928E+01  0.133505260768792E+01
% -0.394808714765573E+00  0.658368725323415E+00  0.464187431050868E+00
% -0.173026121809720E+00  0.297368872157294E+01  0.695989159055534E-01
% -0.223829275688182E+01 -0.387070494191466E+00  0.293181828447940E+01
% -0.322021326959994E+00  0.742326757511848E+00 -0.108204440990316E+01
% -0.162046213225213E+00  0.116313776789413E+01 -0.532927837109034E+00
% -0.161641691222600E+01  0.615847512970058E+00 -0.547363032063535E+00
% -0.769924160615737E+00  0.283389903226258E+00 -0.531009899729702E+00
%  0.129511438359865E+01  0.175291497804560E+01 -0.144051161577957E+01
%  0.125433177760934E+01 -0.873869522558510E+00  0.119036512316910E+01
% -0.470403734247631E+00 -0.417782734824132E+00  0.143202078738410E+01
%  0.100952899259412E+00  0.119514933690489E+01 -0.432007750563858E+00
% -0.153574432997954E+01  0.342067639427428E+00  0.169913606064162E+01
%  0.478377783238042E+00 -0.630666118420956E+00 -0.158309696066745E+01
% -0.709966772084712E+00  0.126138483257155E+01 -0.841158035610583E+00
%  0.522321379483061E+00  0.366041479868479E+00 -0.904207893928296E+00
% -0.120872658771336E+01 -0.686536169231873E+00  0.864816967820359E+00
%  0.100017736403859E+00  0.872654479089338E+00 -0.937030380031684E-01
%  0.109789275395531E+01 -0.137454981422169E+01 -0.244093767865878E+01
% -0.309019436498626E+01  0.146035330536405E+01  0.108428574737380E+01
% -0.878637784665237E+00 -0.311203969038956E+00  0.345526504122540E+00
% -0.737387007136755E+00  0.186354484521451E+01 -0.543927917795359E+00
% -0.136730117910020E+01  0.424402650324854E+00  0.190154182414821E+01
%  0.480136864669178E+00 -0.202603923079116E+01  0.452344692720416E+00
% -0.455768332728279E+00 -0.334080336667431E+00  0.213309029877114E+01
% -0.117929846697473E+01 -0.151894432552866E+01 -0.196439551877255E+01
%  0.276482744566134E+01 -0.195778137893578E+00 -0.800155775546481E+00
%  0.145330149933630E+01 -0.951308494085285E+00 -0.251151049826170E+01
%  0.696968138594841E+00 -0.534900213967393E+00  0.125755589532612E+01
% -0.122669253314227E+01 -0.117448878568922E+01  0.138894699224187E+01
% -0.438948741173488E+00 -0.162952450241281E+01  0.172743405383916E+00
% -0.932240882310993E+00 -0.118859200840509E+01  0.750287785442630E+00
% -0.509345763434673E+00 -0.214291908231891E+01  0.228416223951840E+01
% -0.164630384016754E+00 -0.146535875106821E+01 -0.134333879184149E+01
% -0.951651553332538E+00 -0.728659436513356E+00  0.779521917662198E+00
%  0.797294209885377E+00  0.315750813242273E+00  0.551415883208846E+00
%  0.178050048589053E+01 -0.739015349761028E+00  0.770993373376367E+00
% -0.129567559087704E+01 -0.838204189722553E+00 -0.612050114416011E+00
%  0.170597131883934E+01 -0.233016059795812E+00 -0.778378334467045E+00
%  0.426187571774165E+00 -0.158065065666540E+00 -0.656785640524286E+00
% -0.439723213882772E+00 -0.882267933991502E+00 -0.520267735999436E+00
%  0.110928964620738E+01  0.362078848378046E+01  0.577988284773983E+00
%  0.168347567321445E+01 -0.624259601616179E-01 -0.684473819897027E+00
% -0.161088263976013E+01  0.141995858816169E+01  0.432113960852859E-01
% -0.164963451344406E+01  0.281983880787295E+00  0.866787291442874E+00
%  0.130181189874904E+01  0.818750791155814E+00 -0.673183641612132E+00
%  0.176893553194839E+01  0.180816420272635E+00  0.168359427263001E+01
% -0.527468600714927E+00 -0.747611321357701E+00  0.105952115765042E+01
%  0.663156242343464E+00  0.119988049147643E+01 -0.646942439258765E+00
%  0.151088106297411E+01 -0.269031231198791E+00 -0.186675026058404E+01
% -0.122705809383349E+01  0.682558523151186E+00  0.124686742767660E+01
% -0.130790990799741E+01 -0.138648020633179E+00  0.125261307705434E+01
%  0.198639024177330E+01  0.210283248959930E+01 -0.383796667253294E+00
% -0.187240951095268E-01  0.729890222261535E+00  0.118851834947712E+01
% -0.169865923294454E+01  0.332489972711245E+00  0.104609053189401E+01
%  0.206705136582487E+00  0.293494598010158E+01  0.117231114644061E+01
%  0.309751772509321E+00  0.178089425521236E+01 -0.344281954691257E+01
% -0.797203435899334E+00  0.131692542253095E+01 -0.135183284844135E+01
%  0.104387816424181E+01 -0.626650138228454E-01 -0.562288177850025E-01
%  0.273127657784926E+01 -0.125961631558323E+01  0.737912613340767E+00
%  0.191921867698443E+01 -0.306795599249932E+01  0.248992475998459E+01
%  0.151419493923936E+01 -0.465822803650221E+00  0.956069687394854E-02
% -0.183696894320769E+01  0.205009660025068E+01  0.176853256785313E+01
% -0.139831032417137E+01 -0.491128166235375E+00 -0.509432357790883E+00
%  0.746378342543913E+00  0.996100167964993E+00 -0.155976650867647E+01
%  0.262150517586981E+00  0.762758269394995E+00 -0.145740833596088E+01
% -0.910431865437195E+00 -0.712008877430218E+00 -0.172449387558265E+01
% -0.298707164736065E+00 -0.141320691679845E+00 -0.148703358236584E+01
% -0.595335871253701E+00  0.128313373625542E+01 -0.108811321976922E+01
% -0.503579726463875E+00  0.275075092433302E+01  0.114155420054006E+00
%  0.136447622198504E+01  0.769171815831183E+00 -0.810213525384029E-01
% -0.858079751986768E+00 -0.508781264848885E+00  0.146958260941494E+01
%  0.128971425556781E+01 -0.187891142226226E+00  0.318535492294737E+00
%  0.314850367325511E+01 -0.194075890193052E+00 -0.250938484486378E+00
% -0.234579836309070E+00 -0.603855406335910E+00  0.198781020472482E+01
% -0.117886213606168E+00 -0.636244323866001E-01  0.291427701464814E+00
% -0.121157722343033E+01 -0.541194189852158E+00  0.863920912507154E+00
% -0.745858908689548E+00 -0.169878696364302E+01 -0.166879568859579E+00
% -0.700154180638531E+00 -0.115441751527297E+01  0.263270181375571E+00
%  0.112733836158685E+01  0.226723093210244E+01  0.706507031676317E-01
% -0.110227661305402E+00  0.116821453470781E+01 -0.276164173627252E+00
%  0.120201647579436E+01 -0.165138791344544E+01 -0.180010516034113E+01
%  0.108207425884018E+01 -0.349745743669387E-02 -0.719195538503214E+00
%  0.139499098683320E+01 -0.129194191559839E+01  0.612661568248738E+00
%  0.391303909538722E+00  0.218579160695077E+01 -0.176196599444904E+00
% -0.216318191157159E+01  0.684928597878487E-01  0.173752779675476E+00
% -0.173592300221237E+01  0.178589590792116E+01  0.251008635374767E+00
% -0.812980203360116E-01  0.463797491339578E+00  0.171131124091586E+01
%  0.132388229795109E+01  0.118392871249516E+00  0.177076837749303E+01
%  0.709778988824062E+00  0.159227767505502E+00  0.622327038012546E+00
% -0.729134866862856E+00 -0.176201810150222E+01 -0.252422952828226E+01
% -0.197806002911059E+01  0.676111932425495E+00  0.109730229198073E+00
%  0.416149367820613E+00  0.778954932490106E+00 -0.414189945579698E+00
%  0.136471502970785E+00  0.107813298189984E+01  0.791237992931363E+00
% -0.140241946465680E+01 -0.252382285339036E+01  0.202606510124742E+01
% -0.249015653315976E+00  0.103016511677306E+01  0.919856972095569E+00
% -0.144319119926481E+01  0.481801496154144E+00  0.769771563194891E+00
% -0.638298421773830E+00 -0.837050918495351E+00  0.625795564603027E+00
% -0.397628211435307E+00 -0.449657049614415E+00  0.211356795398871E+01
% -0.130433108270951E+01 -0.120087865996200E+01  0.943447013264989E+00
% -0.178584628725680E+00  0.344366028858854E-01 -0.128157918615217E+00
%  0.716494461003195E-01 -0.123016025496450E+01 -0.211117230383871E+01
% -0.223880806165802E+01 -0.152792810088035E+01 -0.332834698432976E+00
% -0.276253630849103E-01 -0.663029315558335E+00 -0.116695354427218E+01
%  0.363150991366645E+01  0.407802515722691E+00 -0.631310180551577E+00
% -0.114368170476251E+01 -0.624329913282548E+00  0.900735709002365E+00
% -0.106898320372208E+00  0.103047597721065E+01  0.104156706094531E+01
% -0.463270904497734E+00  0.986739980099823E+00 -0.138141572675978E+01
% -0.185399319886049E+00 -0.377422351493029E+00  0.382632093226720E+00
% -0.251698942879662E+00 -0.258821972129556E+01 -0.450416956492795E+00
% -0.100379108457552E+00 -0.126833448983223E+01 -0.638516770702450E+00
% -0.183828125619332E+01  0.532772187166131E+00 -0.256028670290374E+00
%  0.394183295844446E+00 -0.596036539185948E+00 -0.425209385708757E+00
%  0.523167379346985E+00 -0.135408505034616E+01  0.732070659985247E+00
%  0.130994656027853E+01 -0.196698658266028E+01  0.459683656988175E+00
% -0.122123688624317E+01  0.129216338802407E+01 -0.435193575887316E+00
%  0.363532103575355E+00 -0.170297710385967E+01  0.867509468813281E+00
%  0.932321956782532E+00 -0.194354209946143E+01  0.572478013549727E+00
%  0.124968771841836E+01 -0.958557704516514E+00 -0.765176395919650E+00
%  0.148169807230530E+01  0.212464880715765E+01 -0.185392854477488E+01
% -0.168730028052774E+01  0.206747891921693E+01  0.147660722626187E+01
%  0.561312233067687E-01  0.136849429934956E+01  0.190463876309873E+01
% -0.154867021861933E+00  0.392695925057267E+00 -0.382323420933303E+00
%  0.167558819265104E+01  0.802561664645324E+00 -0.126295756905036E+01
%  0.100211202303026E+01  0.142963753922581E+01 -0.170492529963659E+00
%  0.458635791779698E+00 -0.947870582343536E+00  0.431250596816990E+00
% -0.125910948887803E+01  0.946434312942407E+00  0.275427202716273E+00
%  0.115980783863349E-01 -0.142332261152220E+01  0.595452114570334E+00
% -0.126799720467698E+01 -0.861703647451733E+00 -0.162768127651681E+01
% -0.535981947555004E+00 -0.864321973388703E+00 -0.901027030538644E+00
% -0.291943746612473E+00  0.962015887695480E+00 -0.338130555256246E+00
%  0.906217843070770E+00 -0.747411576381570E-01  0.108436329162109E+01
%  0.241260732585268E+01  0.343955254438122E+00 -0.270237790762952E+01
% -0.157981683555798E+01  0.160169199891046E-01  0.297843143275649E+00
%  0.125932349529040E+01 -0.800909565655424E+00  0.702601922242982E+00
% -0.180279220960027E+01 -0.103765762139815E+01  0.155883115798056E+01
% -0.475950887038198E+00 -0.100315658489506E+01  0.125973952080969E+00
%  0.379236248507523E+00  0.587163849782412E+00 -0.105454049453008E+01
%  0.266433083943761E+00  0.214362685434260E+00 -0.419411714607096E+00
%  0.236069717845879E+01 -0.452898349245813E+00 -0.213288259045166E+01
%  0.174491175549710E+01 -0.140680785576752E+01 -0.258309336270337E+00
% -0.121174212184962E+01 -0.198435461943251E-01 -0.219510661214336E+01
% -0.115308945843464E+00 -0.284007440190957E+00 -0.123583754155291E+01
%  0.988871907344911E+00  0.867359323171640E+00 -0.186188548267711E+01
%  0.824200148734254E+00 -0.636024633650500E+00 -0.173309455034392E+01
% -0.727803225589481E+00 -0.179915909502872E+01 -0.232516464504863E+00
% -0.424712060944210E+00 -0.136619265628900E+01 -0.589369949313865E+00
%  0.513166031894114E+00 -0.462465564117775E+00 -0.109006993669577E+01
%  0.377812256425805E+00  0.572858904925276E+00 -0.104201839140673E+01
% -0.766131787688237E+00  0.571377547704487E-01 -0.724231165380919E+00
%  0.180527739578504E-01 -0.138342971646979E+01 -0.308945915991680E+01
% -0.122652225647951E+01  0.121923694407341E+00  0.403716180282644E+00
%  0.161590121652286E+00  0.158717448971481E+01  0.232805667165116E+01
% -0.964643919112134E+00 -0.692038328909821E+00 -0.129620856313757E+00
%  0.451921735934068E+00 -0.161359528689064E+01  0.482205047212623E+00
%  0.570958039448258E+00 -0.916817532560148E+00  0.201517094679339E+00
% -0.162698717351427E+01  0.217965034545279E+01  0.376110732722364E-01
%  0.399626537360616E+00  0.113530141159227E+01  0.247292816753854E+01
%  0.151032859003615E+00 -0.580366681529393E+00 -0.710689433846504E+00
% -0.335105983059986E+00  0.102300263249077E+01  0.125913047570878E+01
% -0.249882276529985E-01  0.267510561255547E+01  0.321686925495037E+00
% -0.820163649841837E+00  0.170889570737496E+01  0.761519876424918E+00
% -0.225251377841913E+00 -0.987910092973172E+00  0.349756270831201E+01
%  0.268201668596413E+01 -0.558323602731817E+00  0.181964234501137E-01
%  0.846938089752698E+00  0.593224346211397E+00  0.834623090749411E-01
%  0.156099666094835E+01 -0.161183287039921E+01 -0.843656860474783E+00
% -0.369572670431276E+00 -0.115749297253719E+01 -0.111457274805409E+01
%  0.866984944573304E+00 -0.439746933188123E+00  0.286274956982342E+01
%  0.440029345811863E+00  0.107012610027690E+01  0.570820741064534E+00
% -0.153610426581329E+01  0.100775824091135E+01 -0.312246912642330E+00
% -0.472194616236987E+00 -0.943958415993392E+00  0.172915663321695E+01
% -0.246347971950941E+01 -0.728330449366402E+00 -0.694063213510512E+00
% -0.566472363219013E+00 -0.791724638509927E-01 -0.514132540476260E+00
%  0.630252886865373E+02  0.424698124514942E+02 -0.440893596758324E+02
% -0.194154118568762E+02  0.104600179267550E+02  0.928010199468720E+01
% -0.363222686336287E+02  0.141419410567017E+02  0.371402263907015E+02
% -0.477159358633061E+01 -0.745344478710075E+01 -0.877636480959727E+01
% -0.611678261648502E+01  0.201425098539546E+02  0.300782139406481E+02
% -0.138576626830257E+02  0.140380094294885E+02 -0.542505492022678E+01
% -0.239744019074338E+01 -0.140871696624020E+01  0.274087787696073E-01
%  0.134661667847689E+02  0.988442836136617E+01  0.110708028579811E+02
%  0.162360553764479E+02 -0.195387818520540E+02 -0.178778938580518E+02
%  0.102712135446497E+01  0.702857919870447E+01 -0.136264606482235E+02
% -0.190395434173016E+02  0.226028605121657E+02 -0.116777275843516E+02
%  0.896964320218630E+01  0.815794979518296E+01  0.871107675059848E+01
%  0.961170656182524E+01 -0.220882701678598E+02  0.609991322120701E+00
% -0.298911230989246E+01  0.205335119139118E+02  0.769509514055379E+01
%  0.213763277645162E+02  0.589695408284115E+01 -0.470642544455012E+01
% -0.105679552165692E+02  0.203624676033195E+02  0.821352136007012E+00
% -0.304206805692155E+01  0.546844699112632E+01 -0.163581115577980E+01
%  0.202899162994119E+02 -0.258821794553024E+02  0.753723715534243E+02
% -0.277868113128186E+01  0.269121095122168E+01 -0.320384575519684E+01
% -0.911226275273932E+01 -0.365779658295507E+01  0.368720452244752E+01
% -0.185236573238886E+02  0.365189798035075E+02  0.524607936930559E+01
%  0.172677301728801E+02  0.431910099953906E+02  0.885230890692442E+01
% -0.111377687949769E+02  0.410937910938034E+01 -0.140239684871003E+02
% -0.457291295654101E+02  0.377286999748738E+02 -0.100042157938633E+03
% -0.171432271246861E+02 -0.192360320068858E+02  0.346549763183822E+02
%  0.243430613163199E+02  0.217714958992552E+01  0.610865293937984E+01
%  0.489241296204549E+02  0.414470466729069E+00  0.779399679485747E+01
% -0.228411742600740E+02 -0.134187957418978E+02  0.836878441799378E+01
%  0.735704223866018E+01  0.397367050029912E+01  0.122459439684083E+02
%  0.269902664627299E-01 -0.450160547074412E+01  0.247392338180213E+01
%  0.162375483122473E+01 -0.169064269953249E+01 -0.963540481228150E+01
%  0.540020154948832E+00 -0.201784467017919E+01  0.921226791687987E+01
% -0.758163906207015E+00 -0.132719203536660E+02 -0.252309409430665E+01
%  0.182951207712850E+01  0.988237033624459E+01  0.158167129945234E+01
% -0.802128037141477E+01 -0.175950063104100E+01  0.878552893631337E+00
% -0.649314228950529E+01  0.266339956685332E+02 -0.481061997788798E+01
%  0.249503173904119E+01  0.350705632173054E+02 -0.380009410198328E+02
% -0.220454794644581E+02  0.664094535084850E+02 -0.651541742044977E+02
%  0.211711140021893E+01  0.205422684369675E+02 -0.277200674475263E+01
% -0.682708904638634E+00  0.207698248660984E+01  0.406785069443430E+01
%  0.399929161591585E+02 -0.381714175709669E+02  0.105558937926066E+03
%  0.437288968987211E+01  0.137190074707633E+02  0.111448894314649E+02
% -0.718069560043954E+01 -0.113117715060399E+02 -0.112685730195013E+02
%  0.139948891020122E+02 -0.529379261536081E+01 -0.172068351058599E+02
%  0.977692516061521E+00  0.128433745074617E+01  0.395068792155301E+02
%  0.163005981875598E+02 -0.174615172284714E+02 -0.239504659113286E+01
% -0.177301301513885E+02 -0.490707793885664E+02  0.670601404673636E+02
% -0.186165345742527E+00 -0.363766485843540E+01 -0.282344999620252E+01
% -0.126850920643406E+02 -0.121867998650293E+02 -0.761246178572826E+01
% -0.211688141290425E+02 -0.251552259059291E+00  0.225684956598601E+02
%  0.890185913019523E+02 -0.382189449170844E+02 -0.200398367406610E+02
%  0.136414813161278E+02 -0.114599510159306E+02 -0.151424826424337E+02
% -0.113576829697039E+02 -0.203634169816064E+02  0.230856890590462E+02
% -0.458067384590351E+02 -0.575115740459212E+01 -0.132833783774334E+02
% -0.106007405449912E+02 -0.793386757886192E+00  0.441099861864705E+01
% -0.315273776549563E+01 -0.515163115709570E+02  0.385219780653052E+02
% -0.391472580224978E+02 -0.754087450533168E+01  0.572974199804895E+02
% -0.243746249545948E+01 -0.415923608509435E+01 -0.445271210385859E+01
%  0.770515206085388E+01  0.403245042389488E+01  0.694259524601577E+01
%  0.103568965655906E+02  0.193818865256506E+00 -0.803750567536247E+01
% -0.749897324774927E+00  0.522198501847771E+01 -0.314615934337261E+01
%  0.113105515129945E+02 -0.101108333414718E+02  0.789698576231858E+01
% -0.868625112373777E+01 -0.752133070819238E+01  0.298760949523700E+01
% -0.121587463091518E+02  0.419020024762787E+01 -0.331343523173374E+01
%  0.253248417862039E+02 -0.176804702157471E+01  0.784295994606495E+01
%  0.106483771955437E+01  0.320301254496577E+01 -0.487843745515326E+01
%  0.517310536855185E+01  0.230528828046328E+02 -0.107206596918186E+02
% -0.267620644940078E+02 -0.445999598166331E+01 -0.269117855610440E+01
% -0.934067820926213E+01 -0.218537384672363E+02  0.149644282254915E+02
%  0.109931771635075E+02 -0.451044523955986E+01 -0.611257372640687E+01
% -0.105048675871248E+01  0.391898390556150E+01  0.129788069851488E+01
% -0.112084697282363E+02 -0.142134105663469E+02  0.414253780237171E+02
%  0.103168093430579E+02  0.186178074009484E+00 -0.105832651042819E+01
%  0.113385002017968E+02 -0.114721426228270E+02  0.538388801938237E+02
%  0.110551879460037E+02  0.161849033836627E+02 -0.933251599893873E+01
%  0.110115640120637E+02 -0.142377823216240E+02  0.854745805582683E+01
% -0.249147316722355E+02  0.331585017398670E+02 -0.204776791328249E+02
%  0.402887340713376E+01 -0.679550805469534E+01  0.404704129797154E+00
% -0.464902476515363E+01  0.739695629241927E+01  0.504540669747641E+01
%  0.426412120312490E+00 -0.276602912231658E-01  0.248155902096779E+01
% -0.158055737386313E+01  0.779090922133890E+01  0.542522776768053E+00
% -0.118053139012110E+02 -0.685340013807619E+01  0.392650751182506E+01
% -0.646075251237648E+01 -0.890266927028791E+01 -0.886089036460221E+01
% -0.253800354002345E+01 -0.799915635264567E+00 -0.362355625955869E+00
%  0.159948327241744E+01  0.392966259347646E+01 -0.104297691737589E+02
% -0.833139393535206E+01  0.198851073436771E+02  0.897636719020019E+01
%  0.751173632514811E+01 -0.973956059525790E+01 -0.309318615472106E+01
% -0.533139795547045E+01 -0.315422822431497E+02  0.475673394713059E+01
%  0.827866622318659E+01  0.907859293538106E+01 -0.580865711193301E+00
%  0.131532795994508E+02 -0.156656278468842E+01 -0.628182309632662E+01
% -0.740312030785476E+01 -0.402735329517175E+01 -0.652216989708118E+01
%  0.135681458841275E+01  0.428750736856005E+01 -0.734960650319194E+00
%  0.506005120621236E+01 -0.354951030681326E+02 -0.295744778013081E+01
%  0.192001838186746E+02  0.209476336194857E+01 -0.294331295331339E+02
% -0.161478681956862E+02 -0.352770399511094E+02 -0.133045206794772E+01
%  0.407696052782075E+02  0.137387839716407E+02 -0.321010765643542E+02
% -0.741748307189239E+02  0.821337962393060E+02 -0.174074054621801E+02
% -0.107294840689218E+01 -0.287348081201533E+01  0.438566822643774E+00
%  0.247593631148354E+02 -0.106360528666710E+02  0.619255701422381E+00
%  0.653564986658762E+02 -0.169210372168848E+02 -0.894331203263235E+02
% -0.114838600633103E+01  0.550795050499600E+01  0.159229049298580E+02
% -0.237101588508580E+02 -0.330280845287161E+02 -0.271200540812985E+02
% -0.900973095332998E+00  0.967042902981179E+01  0.958908708020179E+01
% -0.204907892276361E+01 -0.495212338829256E+00 -0.277860223800838E+01
%  0.205152813708295E+02  0.751728830108248E+00  0.491219747913071E+01
% -0.853419680888544E+01  0.177613609295102E+01  0.117163239568088E+02
%  0.330150168838655E+01  0.136326716356190E+01  0.128506392642027E+02
% -0.508668414685599E+02  0.120736447031180E+02 -0.177146396365851E+02
%  0.304452476446538E+01 -0.215722217338379E+02  0.106278212525468E+02
% -0.190238516963210E+02 -0.318866887645488E+02  0.133843629244291E+02
% -0.264381281439488E+02  0.803522657567075E+01  0.102432801718008E+02
%  0.265726947293729E+02  0.801559824902211E+01  0.273091202051067E+01
%  0.126100344573506E+02  0.330583269402857E+02 -0.514858737888182E+02
%  0.677090639970757E+01 -0.215202496050565E+00  0.115650475672394E+01
%  0.592905123441032E+01 -0.158209055480498E+02  0.205815954308419E+02
% -0.120441706586871E+00  0.243471715152844E+01 -0.550403605027857E+01
% -0.408550590144254E+02 -0.376132533299027E+02 -0.304901543616988E+02
%  0.212786087043352E+02 -0.367584456438755E+01 -0.209048463942514E+01
% -0.342491443166964E+02  0.651482916450020E+01 -0.852493564543512E+00
% -0.231151646606385E+01  0.370829081507068E+01 -0.111395444840468E+02
%  0.160289529910198E+02  0.153143784935609E+02  0.203100565932067E+02
%  0.123522643052653E+02  0.294147545816454E+02  0.245317660641267E+02
% -0.563054600732737E+01 -0.222393713691058E+00 -0.251742381130600E+01
% -0.156812467094763E+01 -0.319185263229834E+01  0.175625477634768E+01
%  0.856673693973664E+01  0.126965072729358E+02  0.281381885526913E+02
% -0.192071625427664E+01  0.144809778539565E+01  0.414750360432980E+01
%  0.705293165048593E+01 -0.116414715701114E+01 -0.412225645245810E+01
%  0.140473872016578E+02  0.947740929684299E+01 -0.413684145860287E+02
%  0.538126972570141E+02 -0.991853764131916E+02 -0.171108420252917E+01
%  0.171383110887997E+01  0.113143846648007E+02 -0.184795960686320E+01
%  0.747944309321054E+01  0.271309259476523E+01 -0.996624370181299E+01
% -0.110067507525409E+01 -0.327118100382821E+01 -0.125570682819033E+01
%  0.206460131352637E+02 -0.304763058928669E+02  0.277071078254861E+02
% -0.448084685423107E+02  0.164234372626331E+01 -0.916024780813257E+01
% -0.440564429834880E+02  0.243238332127510E+02  0.851165745798655E+02
%  0.122011280944061E+02 -0.752755932767271E+01 -0.469055047040011E+01
% -0.399385625864915E+02 -0.793346851938989E+01 -0.308594717877827E+00
%  0.197804538606790E+01  0.137730631913068E+02  0.475497505746016E+00
%  0.383327610295507E+02 -0.387986999432635E+01 -0.118735991818434E+02
% -0.120928578003905E+02 -0.383881906390933E+01  0.924083472456331E+01
%  0.126461386976834E+02 -0.358194348901416E+01  0.286100670479931E+02
%  0.140901227143815E+02 -0.137986441131358E+02  0.653886617679193E+01
%  0.109484336930301E+02  0.134444998090244E+02  0.237386198290596E+02
%  0.683050185269403E+00 -0.334225063960452E+01  0.432860730963836E+01
%  0.591019998470520E+01  0.596736292881652E+01 -0.440640834227287E+01
% -0.687000175373178E+01 -0.103657914825016E+02  0.470089326037328E+00
% -0.959702991986414E+01 -0.441943663929217E+01 -0.218781595134972E+02
% -0.166841643640754E+02  0.227009017610681E+01  0.152120318176338E+02
% -0.151765384581213E+02  0.312661287737469E+02 -0.397957530272863E+02
%  0.216710278045753E+01 -0.536404107688030E+01  0.342742207076933E+01
%  0.990409075138604E+01  0.120663589801463E+02 -0.808867651856618E+01
% -0.489114095156325E+01 -0.418723805642823E+02  0.368821919308081E+02
% -0.142800839624808E+01  0.645881022119540E+01  0.166322557326966E+02
% -0.305666070965224E+02 -0.358390230535845E+02 -0.503252275962099E+01
% -0.986226018047392E+01  0.146433983728067E+02  0.208806679630108E+02
%  0.533321589377045E+01  0.143324914488918E+01 -0.219478980003098E+01
%  0.201040297339816E+02  0.390364833438241E+02 -0.208183109714969E+01
%  0.276679937856178E+00 -0.253535837699743E+02  0.188870099587921E+02
%  0.468945101238085E+01  0.533505966497845E+01 -0.728949060596036E+00
% -0.341356813656798E+02  0.231084704073931E+02 -0.105614869743905E+02
% -0.601761771084756E+01 -0.591298535831532E+01  0.612140005030407E+01
%  0.413606796167091E+02 -0.168564298224674E+02 -0.205263271718737E+02
% -0.231893986909779E+02  0.130355751648240E+01  0.122982470515375E+02
%  0.145244589873700E+02  0.125029571390395E+02 -0.389940135855930E+02
% -0.272356166865360E+01 -0.404709263658668E+00  0.490023564706379E+01
%  0.114134684326751E+02  0.105556864624402E+02 -0.464021897323771E+01
%  0.670474189219173E+01  0.117917129915001E+02 -0.179892247957907E+02
% -0.222681131636401E+01 -0.310081881073350E+01 -0.150396704213439E+01
%  0.107856205414694E+02 -0.917925120445950E+01  0.297315241059078E+02
%  0.742703373876509E+01 -0.491329246376498E+01  0.503996478109327E+02
%  0.136462571205198E+01  0.568091456045520E+00  0.768435004240812E+01
%  0.626760641227788E+01  0.680294583654670E+01  0.133047825901105E+02
% -0.107264775172601E+02  0.611708142562617E+00 -0.101612428341653E+01
% -0.160675063606715E+01  0.166417992612691E+01  0.742130599160040E+00
%  0.893422492295815E+01  0.527144283185348E+02 -0.786766022597147E+02
%  0.266146686608091E+01 -0.282557161822146E+01 -0.426797940714322E+01
%  0.498592853501976E+01  0.223680632512868E+00 -0.798317872362749E+01
% -0.524973118950374E+01  0.146232356654311E+01  0.200607701420119E+02
% -0.537973659231179E+01 -0.410769709763693E+01 -0.191281169800593E+02
%  0.257538966591379E+01 -0.955552354744977E+01  0.123002055409331E+02
% -0.948402773931677E+01 -0.244152879322724E+02  0.656081246806164E+01
% -0.188035305868432E+02 -0.889452800582580E+01 -0.955245987890060E+01
% -0.239152324134073E+02  0.813187392518365E+02 -0.266061971158100E+02
%  0.172489154766075E+02 -0.189775787944968E+02 -0.329162961566793E+01
%  0.786930020427801E+01 -0.123702388557799E+01  0.871596350362702E+01
%  0.157500858444715E+02  0.771311981269568E+01  0.377567420989311E+01
% -0.167266540800544E+01 -0.156163169964657E+02 -0.214973119673797E+01
% -0.297787399028992E+01 -0.592817749667294E+01 -0.930919989173437E+01
%  0.471848448947307E+02 -0.780923761389840E+02  0.265801912476767E+02
%  0.431711626066259E+01  0.285295074333289E+01 -0.476966110458733E+01
% -0.461965926306405E+01 -0.205603449993312E+01 -0.175006837223207E+02
% -0.120329045550100E+01 -0.174022452789897E+01  0.125050492970163E+02
% -0.313487680838426E+01  0.144124833852699E+02 -0.908292488138281E+00
% -0.693339452795570E+00 -0.441973763342542E+01 -0.186271556139979E+01
% -0.196049239318518E+02 -0.311002603216620E+02 -0.272732176112648E+02
% -0.450123387337115E+02 -0.547503600190836E+01  0.299469750489936E+02
% -0.657721824819490E+01  0.123410164809114E+02 -0.161413177857746E+01
% -0.499175001722911E+01 -0.115856405628512E+02  0.153196947109937E+01
%  0.153334969162234E+02  0.882902950125592E-01 -0.483728001069972E+01
%  0.120067457773801E+02  0.278222552317127E+02 -0.259608708859700E+02
%  0.442791604407305E+01 -0.652581359967580E+01  0.457716590483252E+01
%  0.108708637066345E+02 -0.213300758740649E+02  0.809464121232966E+01
% -0.112944300311873E+02 -0.259367372293881E+01  0.793102192692968E+01
%  0.343218224709708E+02  0.245810355707818E+02  0.756502954195034E+02
% -0.259939695409185E+01  0.227737474710358E+01 -0.134206339945783E+02
%  0.597574028864682E+01  0.117321980813332E+02  0.532370173269097E+01
%  0.204045494736337E+01 -0.100824236652327E+01 -0.668368934367268E+01
%  0.426333885713258E+02 -0.502386684571834E+02 -0.364774106351562E+02
%  0.793062083963852E+01 -0.210339154312033E+02 -0.106122741081724E+02
% -0.195740386971046E+02 -0.202198622780629E+02 -0.257579552900340E+02
%  0.941238413855079E+01 -0.112918208360194E-01  0.746303430309549E+01
% -0.489293367911737E+02 -0.427654241981566E+02 -0.262269340584624E+02
% -0.286084206840125E+01 -0.971655276519717E+00 -0.264508275528165E+01
%  0.577277135250441E+00  0.248901198311346E+00 -0.235010481988727E+01
% -0.557391192924065E+01  0.349655773162949E+01 -0.937548517302958E+01
%  0.360555151875406E+00  0.820794503443248E+01 -0.241389840425144E+01
%  0.219250095534972E+01  0.109702270120683E+02 -0.341797211305255E+00
%  0.268096959770274E+02  0.236764260785481E+02  0.106071862746517E+01
% -0.191604971751367E+02  0.948618257988821E+01 -0.919431019736588E+01
% -0.114745300107912E+02  0.535192072746809E+02 -0.154303768364298E+02
% -0.318578852188532E+01  0.135986484421173E+02 -0.197203746522966E+02
% -0.143887929705217E+02 -0.689112263956574E+01 -0.108074338943703E+02
%  0.385420641628254E+02  0.168383454011645E+02  0.136054663983955E+02
%  0.106834037199500E+01 -0.348063937543681E+01 -0.345679827728065E+01
% -0.126378416280935E+02 -0.160059030168751E+02 -0.114600681836950E+02
%  0.265380937759259E+02  0.551335790293043E+01 -0.166381245171694E+02
% -0.353294077210559E+01 -0.890663138706756E+01 -0.160089871096263E+02
% -0.898927345578620E+02  0.578989441160431E+02  0.101001248055681E+01
%  0.121023798837700E+02 -0.489623134924983E+02 -0.551965050767901E+02
% -0.712908352367853E+01 -0.562288543851265E+01 -0.371347437117367E+01
% -0.813072871588027E+01 -0.273377305068411E+01  0.591147627664875E+01
%  0.290437223767209E+01  0.300700495276366E+00  0.416048225251683E+01
% -0.425375866242836E+01 -0.164709316927323E+02  0.803953458083283E+01
%  0.107583600416608E+02 -0.776714847014402E+01 -0.763296710679055E+01
%  0.401309498606099E+02  0.234551097569895E+02 -0.265301209119823E+02
%  0.179725855142430E+02  0.193857013620013E+02  0.133905490742721E+01
%  0.398383024431172E+00  0.307876920537369E+01 -0.141688837593250E+01
% -0.214117243222204E+02 -0.136935348641305E+02 -0.293351062825403E+01
%  0.227957763306282E+02  0.221812023574538E+01  0.116411561726213E+02
%  0.359539842174178E+02  0.339278191355945E+02 -0.186505632023014E+00
%  0.255725252127488E+02  0.250653953529207E+02  0.302484866087039E+02
%  0.114336557222888E+02  0.781724699514211E+01 -0.145946887820715E+02
%  0.953977418668762E+01  0.113830188041688E+02 -0.792487594123213E+01
% -0.243745169771763E+02 -0.668297262585796E+01  0.144100749928200E+02
% -0.609983400682736E+02  0.173524680673074E+02 -0.217678300101647E+02
% -0.186130786207235E+02 -0.904505678332478E+01 -0.602258722840754E+01
% -0.392133196942743E+01 -0.280944507061976E+02 -0.807824194035225E+01
%  0.480190814735724E+01 -0.992459456500117E+01 -0.126038866194036E+02
%  0.614854635940388E+01  0.280037388196662E+01  0.185127686051535E+01
% -0.518065559112816E+01 -0.315682903888451E+02  0.668221395375511E+00
% -0.348530077319878E+00 -0.538936898945007E+00  0.283777999045665E+01
%  0.164306145880333E+02 -0.273672500452602E+01  0.133091047640623E+02
%  0.480206344090643E+01  0.101753173443001E+02  0.101058973635988E+02
% -0.110570436681577E+02  0.659567118216227E+01 -0.113400162583966E+02
% -0.751718577307114E+01  0.384910341828262E+01  0.127358667627903E+01
% -0.313387376043793E+01 -0.167427427092553E+01  0.710597046963300E+01
