% T    256  0.715122828077254E+01  0.715122828077254E+01  0.715122828077254E+01
   0.322963229810789E+01  0.267452201799869E+01  0.451110156788379E+00
  -0.292072982046222E+01  0.230781364211747E+01  0.260704178019717E+01
  -0.120667912764794E+01 -0.292758540811900E+01 -0.202055814468968E-01
   0.148660483404250E+01 -0.609779252860372E+00  0.339414825247716E+01
  -0.131489077196226E+01 -0.210682975862454E+01 -0.493244547600185E+00
   0.254243335807735E+01  0.328587520217829E+01 -0.191675569075393E+01
  -0.297574331446415E+01  0.999140929227969E+00  0.113247347870794E+01
  -0.415000757735395E+00  0.334660334507988E+01  0.352764786787220E+01
   0.336804487624507E+01  0.258936255028702E+00 -0.163608903065863E+01
  -0.802024762661993E+00 -0.145606396835410E+01 -0.144246505783028E+01
   0.251692828808476E+01 -0.333593328537841E+01 -0.297222717547710E+01
  -0.204004281661485E+01 -0.181048384780646E+01 -0.307125909269609E+01
   0.318094142837903E+01 -0.756387909094952E+00 -0.969286132236856E+00
  -0.222448966245309E+01  0.691234577229335E+00 -0.318526822885742E+01
   0.688912787954505E+00 -0.619888516867670E+00 -0.100887758499341E+01
  -0.270945722389635E+01 -0.228842392273398E+01  0.225629541854481E+01
  -0.121953539553408E+01  0.254306782938660E+01  0.729107396401382E+00
  -0.203086261837510E+01 -0.325143029942365E+01  0.404495172634349E+00
   0.137967282447248E+01 -0.716449644714439E+00  0.121022847012431E-01
   0.582910504326519E+00 -0.123402045814386E+01 -0.352825687765814E+01
  -0.113616113842767E+01 -0.305755039667668E+01  0.102906707749870E+01
  -0.788947573248878E+00 -0.247848193405617E+01  0.294594834432036E+01
   0.101411435014365E+00 -0.321388031507648E+01  0.150578818196435E+01
  -0.486069801357902E+00  0.159794654967974E+00 -0.328789107942828E+01
   0.224397947692034E+01  0.343673851505022E+01 -0.476324696839820E+00
   0.164994394561972E+01  0.149766301106747E+00 -0.150979655980868E+01
  -0.250027352067344E+01  0.350810773568110E+01 -0.132535258769823E+01
  -0.275255133327625E+01  0.143439869843208E+01 -0.217784298337639E+01
   0.709381733858082E-01  0.206705549772819E+01 -0.122782498516507E+01
   0.226222507861685E+01 -0.255267549996731E+01  0.294924711609290E+01
  -0.191818343555086E+01 -0.104753168283173E+00  0.217079789803586E+01
  -0.319908607167981E+01 -0.274283103591567E+01 -0.297941709238694E+00
  -0.336484971231829E+01 -0.300622318496517E+01  0.230531829089997E+01
  -0.507991879223377E+00 -0.140612036699897E+01  0.763609650744936E+00
   0.836750204613445E+00  0.976597805877357E+00 -0.854924193968962E+00
  -0.307222511608748E+01  0.312045146711629E+01  0.204226553647819E+01
  -0.103705558863732E+01  0.170354983098346E-01 -0.832058372423563E-01
  -0.133741106203080E+01 -0.903121915519072E+00 -0.170316752080594E+00
   0.323716011942487E+01 -0.330851291503458E+01  0.339505914328082E+01
   0.197989756903881E+00  0.342879071594411E+01  0.527828046176774E+00
   0.794733641532518E+00  0.266978583177508E+00 -0.215383981051721E+01
  -0.273203671702469E+01 -0.645060502078171E+00 -0.513823094914741E+00
  -0.168782138828286E+01 -0.766099478255134E+00  0.892091553836651E+00
  -0.300666406433139E+01  0.299991599296014E+00 -0.244685493372527E+01
   0.222404221606869E+01  0.340446344953717E+00  0.244733513781656E+01
   0.248643508795082E+01 -0.845818551865026E+00 -0.176624278990510E+00
   0.148802773433578E+01 -0.131612404557118E+01  0.194043861744821E+01
  -0.229223942110577E+01 -0.182372225660775E+01 -0.205959274407305E+01
  -0.330386014653195E+01  0.357159270396879E+01  0.861489084651222E+00
   0.150576360861049E+01 -0.258374470865035E+01  0.162729419180090E+01
  -0.499113745312383E-01  0.231805946554967E+01  0.285535582755599E+01
   0.536069836667106E+00 -0.828360234984974E+00  0.208829095561236E+01
   0.197571530777309E+01  0.300487136057345E+01  0.431019217342739E+00
   0.249428635184722E+01 -0.302358802202227E+00 -0.189668942021963E+01
  -0.300703385794387E+01  0.138150030143880E+01 -0.324042326546022E+01
   0.145041770367457E+01  0.152715636277457E+01 -0.337923481276145E+01
  -0.356234058798944E+01 -0.203725039205809E+01 -0.269631016380734E+01
   0.796480357310979E+00 -0.284969003307672E+01  0.225726714819164E+01
  -0.228835936056157E+01  0.333658915010998E+00  0.115108841691887E+00
   0.835337507817366E+00  0.284459404166423E+01  0.316910727248438E+01
  -0.407499057411775E+00 -0.285611950351936E+01 -0.984599790156267E+00
  -0.216170390172518E+01  0.206945928683588E+01  0.210094808414515E+01
   0.222124327396980E+01  0.207326860671026E+01  0.806399720603218E+00
  -0.199049286056318E+01  0.115364929948011E+01  0.724786794299822E+00
   0.297750624538083E+01  0.180795788788751E+01  0.129215207414961E+01
   0.320204687264969E+01 -0.558360503324771E+00 -0.312628468669911E+01
  -0.198964452916065E+01 -0.148042429709182E+01  0.220209988226905E+01
  -0.255080695767033E+00 -0.126626412773999E+00 -0.973957176957399E+00
   0.205113803238232E+01 -0.239788483952951E+01 -0.329843467721193E+01
   0.211767367721132E+01  0.251954334177380E+01 -0.137167741273112E+01
  -0.288171890722767E+01 -0.245453643223515E+01 -0.145495061853264E+01
  -0.243753738399270E+00  0.138339382164492E+01  0.540374159476076E+00
  -0.234657476131730E+01  0.208329802129842E+01  0.965788157361448E+00
  -0.349593997952236E+01  0.216383448245035E+01 -0.138104631296299E+01
   0.342254658187644E+01 -0.442209884249576E+00  0.256298626052547E+00
  -0.503149983122835E+00  0.310717045611264E+01  0.116092831771875E+01
   0.181224324570041E+01 -0.294091414134599E+01  0.657178142365713E+00
  -0.234654115590903E+01  0.124951518652854E+01 -0.625919086925056E+00
   0.162043238792815E+01  0.317655308350387E+01 -0.296892275390120E+01
  -0.124657567859028E+01  0.263955574847794E+01 -0.313764156585443E+01
   0.265649063977806E+01  0.234115121946434E+01 -0.243837109779249E+01
  -0.683639734418521E-01 -0.296887732992412E+01 -0.272229999812856E+01
  -0.133620515364732E+01 -0.777721483659544E+00  0.269239091869055E+01
   0.241322046113767E+01 -0.638449876334441E+00  0.346869088615615E+01
   0.267045201567909E+01 -0.605092926709003E+00  0.169041315152461E+01
   0.257407547639182E+01 -0.147713525257195E+01  0.275419653042266E+01
  -0.301443253310719E+01 -0.978809214997695E+00 -0.289365360823883E+01
   0.112684991441538E+01 -0.144886952454894E+01 -0.155506736846709E+01
   0.622737421240712E+00  0.256712097169177E+01  0.248961342928191E+00
   0.353531252129968E+01 -0.864343294230866E+00  0.141049491570536E+01
   0.700767878567580E+00  0.280967631857270E+01 -0.237310948212662E+01
   0.261935206539319E+01  0.660182121580033E-01  0.362796370515240E+00
  -0.352724994297630E+01  0.114262859570177E+01 -0.852912237124684E+00
   0.144428298791215E+01 -0.352619067217968E+01  0.134336595041141E+01
  -0.854965065990266E+00  0.177696526972486E+01  0.294209460048190E+01
   0.484176365926697E+00  0.320581356401535E+01  0.207906011048919E+01
   0.200832086478075E+01  0.141363365921859E+01  0.271236015763804E+01
   0.173745245322303E+01  0.245502954012185E+01  0.340527653305927E+01
   0.201504216299291E+01 -0.345577698990315E+01  0.327793150068262E+01
   0.331694943476912E+01 -0.316746983949199E+01 -0.224273155887292E+01
  -0.320138520305514E+01  0.134813068952884E+01  0.244685222334067E+01
   0.266313180502443E+01 -0.110710356701199E+01  0.702808488970682E+00
  -0.806162801575153E+00  0.420424737838828E+00  0.983379944522357E+00
   0.249244122341739E+01  0.288226008357749E+01  0.280044076804743E+01
   0.253164647631744E+01  0.630562349987676E+00  0.340173393606119E+01
  -0.104848992891537E+01 -0.541754982150616E+00  0.168551339307848E+01
   0.184880705727776E+01 -0.964832235708616E+00 -0.106585464867382E+01
   0.304813048472683E+01  0.286100298840443E+01 -0.539293408641221E+00
   0.227867915683578E+01  0.136967510329041E+01 -0.269876374900716E+01
   0.122330935640292E+01 -0.296147078122452E+01 -0.244577191088674E+01
   0.159364825567739E-01  0.342377852476323E+01 -0.102679367202697E+01
   0.135509437466182E+01 -0.249913058607429E+00  0.145458658975435E+01
  -0.235987638525259E+00 -0.748903378007939E+00  0.310899652240839E+01
  -0.294986920236674E+01  0.222626203369182E+00 -0.346153505393224E+01
   0.194126832677349E+01 -0.355959326106237E+01  0.217206808874659E+01
   0.284953336669097E+01 -0.249143683767773E+01  0.205790617957007E+01
   0.159701221982936E+01  0.329890644717309E+01 -0.198038566196473E+01
   0.289250235951035E+01  0.634905005900835E+00  0.125574168287492E+01
   0.236184833489341E+01  0.548978979845775E+00 -0.206267172447300E+01
  -0.116302212088674E+01  0.351076279411984E+01 -0.682025538738946E+00
  -0.325823288519971E+01  0.219919419323299E+01  0.143267570283777E+01
  -0.353271545351402E+01 -0.226491228468400E+01  0.335370056812751E+01
  -0.179259832432548E+01  0.187792985220119E+01 -0.106697600866769E+00
  -0.271854970563210E+01 -0.713804848609367E+00  0.206461150634779E+01
   0.743054251493185E+00  0.792153027449883E+00  0.101764430606158E+01
   0.341748511112472E+01 -0.610849504847014E+00 -0.213976523736084E+01
   0.178071497328792E+01 -0.308902228613067E+01 -0.130732834633501E+01
  -0.273567198453909E+00  0.243220643411807E+01  0.173514131985286E+01
   0.206578322890924E+01 -0.195497456368741E+01 -0.142583425960510E+01
  -0.897732855278638E+00  0.183782420413092E+01 -0.249118798167952E+01
  -0.669631040066008E+00  0.165800465580469E+01 -0.425704089653345E+00
  -0.204005918977043E+01 -0.308623359294463E+01 -0.607146179258809E+00
  -0.885591491226669E+00 -0.343720234221915E+01 -0.194992843338882E+01
  -0.152567608197578E+01  0.378422739465549E+00  0.317442313517039E+01
   0.346982440922445E+01 -0.193463612712501E+01  0.629834612718246E+00
  -0.323826426755675E+01 -0.311182752991140E+01 -0.312517930132207E+01
   0.285235344954929E+01  0.157711934468529E+01 -0.143640094620462E+01
   0.752338041455823E+00 -0.123091290438734E+00 -0.323365255583545E+01
   0.238946420479678E+01  0.824438508351780E-01 -0.297323445106011E+01
   0.244734444468420E+00  0.194481226960889E+01 -0.238922350110545E+01
   0.146771279360824E+01  0.478491368665066E+00  0.319249083281576E+01
   0.152111984070113E+01  0.179685708529775E+01 -0.175222440477697E+01
  -0.216929223153484E+01  0.305503640434981E+01 -0.334988565118467E+01
  -0.252811459383061E+01 -0.178624157375822E+01 -0.513368986655026E+00
  -0.244581583907146E+01 -0.319882880407693E+01  0.184551882291618E+01
   0.558916054208087E+00 -0.256077182401417E+01 -0.115109206658968E+01
   0.933451469389479E+00  0.192121307188318E+01  0.155443904434494E+01
  -0.190880261778061E+01  0.243334397985148E+01 -0.147365972977099E+01
  -0.347924876998865E+01 -0.144077355282996E+01 -0.273735162729513E+00
   0.258332587639946E+01  0.115752368513049E+00 -0.808753859651868E+00
  -0.481417532055711E+00 -0.352331033956154E+01  0.251426810256235E+01
  -0.202370395934681E+00  0.653194820682492E+00 -0.130165555826817E+00
  -0.109040800965702E+01 -0.295405632050932E+01 -0.284033041066859E+01
   0.313349343374738E+01 -0.154433316477268E+01 -0.148332953245068E+01
   0.371669330161406E+00 -0.319253832429042E+01  0.341354401261331E+01
  -0.340125765268388E-01 -0.308348439011208E+01 -0.117229980839558E+00
   0.104212116700703E+01  0.179954848020755E+01  0.269542691640422E+01
   0.916713523198712E+00  0.546791998999126E+00  0.217792335802694E+01
   0.105992859118435E+00  0.183013863241227E-01  0.152385686470924E+01
  -0.181336375320214E+01  0.167540789618198E+01 -0.204882890598021E+01
   0.276998488582653E+01 -0.184977751801274E+01 -0.559186016551138E+00
   0.339143975473244E+01  0.167580345919443E+01 -0.247990181050469E+01
  -0.143682388491595E+01  0.352417067698137E+01  0.337934356072169E+01
  -0.186092831682058E+01  0.130226530680142E+01  0.270145342613107E+01
   0.149912021053306E-01  0.106620263867315E+01  0.322044779252785E+01
   0.100060661790754E+01 -0.243705952350999E+01  0.340785188653019E+01
   0.356143841991798E+01 -0.343794719261692E+01 -0.932148827697232E+00
  -0.174496385331416E-01 -0.395999215354728E+00  0.206587917573148E+00
  -0.339670722512070E+01  0.145745098238780E+00  0.896807821361767E+00
  -0.104615816691007E+01 -0.153620505876422E+00 -0.166514265976969E+01
  -0.279326036830226E+01 -0.250722566816515E+01  0.671719947870877E+00
  -0.338291432214441E+01  0.309229437643832E+01 -0.259439797167347E+01
  -0.932515356642712E-01 -0.183189893197627E+01  0.356923104517917E+01
  -0.348976620098006E+01 -0.268518862560332E+01  0.142365139066962E+01
  -0.196000548047387E+01  0.162474598116028E+01 -0.336708916186484E+01
   0.304567514297711E+01 -0.291714221307595E+01  0.319395109196941E+00
   0.672190625250855E+00 -0.357287516317791E+01 -0.171449723639494E+01
   0.113756479098381E+01  0.313945973546367E+01 -0.805385145821987E+00
  -0.241895027897389E+00 -0.132831996761993E+01 -0.238881740932046E+01
   0.376013137751412E-01  0.101395886521733E+01 -0.219876653422476E+01
   0.583620132626463E+00 -0.249381254179283E+01  0.644261194156510E+00
  -0.571441022817474E-01 -0.168266390090629E+01  0.257348123786394E+01
   0.284764021469332E+01  0.179488539609151E+01 -0.408473076006054E+00
  -0.304824841725243E+01 -0.167799302862445E+01  0.159430212185342E+01
  -0.369925772585402E+00 -0.239797307016608E+01  0.623665507279482E+00
  -0.183327313658727E+01  0.279428231173358E+01  0.269261647736621E+01
  -0.291031450252791E+01  0.544923127453229E+00  0.281883265954172E+01
   0.152932407168347E+01  0.270116109330446E+01  0.190556177984672E+01
  -0.303410962602411E+01 -0.100976628601108E+01 -0.158263599293606E+01
   0.321555983167392E+01  0.221684302874367E+01  0.261271857518734E+01
   0.102191241992708E+01  0.202073393873767E+01 -0.950360005054854E+00
   0.278946234618173E+01 -0.274698038770870E+01 -0.102310708558658E+01
  -0.211080222483434E+01  0.301534258079359E+01  0.115611648095956E+01
   0.155711530396546E+01  0.512597645514743E+00 -0.276631694804813E+01
  -0.330699519093578E+01  0.210911479188514E+01 -0.629344523533154E-01
  -0.174757606680397E+01 -0.126207433132482E+01 -0.992891086170357E+00
   0.163186650425096E+01  0.129491528562464E+01  0.170684816195718E+01
  -0.174833183147104E+01 -0.224453768747842E+01  0.144177143919923E+01
  -0.294612052043080E+00  0.293950432201627E+01 -0.190647297920087E+01
  -0.128338519923974E+01 -0.357223406966163E+00 -0.330272057115101E+01
   0.173849832757107E+01 -0.163029451907943E+01 -0.160122772433904E+00
  -0.175198951783646E+00  0.115542480502203E+01  0.166337181076679E+01
   0.278944934414727E+01 -0.170123531190958E+01 -0.323232176939506E+01
   0.762337603836996E+00 -0.189952358178979E+01 -0.407561359779432E+00
   0.172395062391522E+00 -0.217688457527375E+01  0.159417224759127E+01
   0.347746274927739E+01  0.115212144226695E+01  0.323974829729970E+01
  -0.236198091877409E+01 -0.237678729804346E+01  0.322362493301319E+01
  -0.158502162639370E+01 -0.184337017292712E+01  0.439086398946620E+00
   0.259776534455019E+01 -0.333072294579863E+01  0.125005565870481E+01
  -0.219355844449223E+01 -0.343198714941862E+00 -0.295649915648251E+01
  -0.111640988738402E+01  0.108606111051228E+01  0.188908440226892E+01
   0.319183525986610E+01  0.305444002194768E+01  0.146002273732558E+01
  -0.252665622694591E+01  0.222256475203558E+01 -0.783527947913148E+00
   0.275564092339324E+00  0.786366583064005E-02  0.306795593224232E+01
   0.177811297725137E+01  0.118902811225625E+01  0.656531859373679E+00
  -0.367751194427079E-01 -0.333964909749218E+00 -0.222897362077920E+01
   0.492727087570137E+00 -0.796062591391308E+00  0.108973357485831E+01
   0.220158377591150E+01  0.978325623295361E+00 -0.156631318803320E+00
  -0.305038531395985E+01  0.127088292623154E+01  0.240529765261890E+00
  -0.111705465179051E+01  0.119290212601211E+01 -0.146308378854909E+01
   0.326782641768459E+01 -0.104434115861912E+00  0.313267601739868E+01
  -0.272959214434600E+01  0.311434540182158E+01  0.260730899813703E+00
   0.103717430938947E+01 -0.753610786723679E+00 -0.225740201572657E+01
  -0.215688455070629E+01 -0.101092289647711E+01  0.328038046049734E+01
  -0.271522181230775E+01 -0.347146275923578E+01  0.327998617748475E+01
  -0.169306690652735E+01  0.126827350499234E+00 -0.912350946278181E+00
  -0.229379329076563E+01  0.326820054833714E-01  0.114574966401685E+01
  -0.107936241749045E+01  0.112422669328015E+01 -0.342785970413190E+01
  -0.337256860254821E+01  0.203526496926471E+00  0.183371935151325E+01
   0.323955297041893E+01  0.929571486653773E+00  0.190857076395894E+00
  -0.637491632670032E+00  0.285295300022840E+01  0.354344401543409E-01
  -0.125517472539704E+01 -0.238411755516956E+01 -0.164332713070175E+01
  -0.136335684038993E+01  0.812681249797327E+00 -0.244285427123766E+01
  -0.940674322282203E+00  0.228105504760016E+01 -0.117025704333253E+01
  -0.775283576591970E+00 -0.199758166876590E+01  0.157727794009727E+01
  -0.151555649092860E+01 -0.310113789216455E+01  0.212370257229989E+01
  -0.186103551117798E+01  0.320645518876654E+01 -0.236852328265558E+01
   0.207029155164673E+01  0.105320466037330E+01 -0.109174492802755E+01
   0.217618097172847E+01 -0.128488905321379E+01 -0.252887298510038E+01
  -0.211378718869908E+01 -0.295758239794992E+01 -0.307312877193306E+01
  -0.368725564330166E+00 -0.113423772887004E+01 -0.565324185140550E+00
   0.437599650464677E+00  0.856608076416351E+00 -0.304967910286759E+01
  -0.124119339794031E+01  0.236319092806654E+01  0.177943134844433E+01
   0.938802746538019E+00 -0.188948539561391E+01 -0.254222563343970E+01
  -0.332050620637887E+01 -0.158867831340065E+01  0.272390720609622E+01
   0.106590832644992E+01 -0.293175797794716E+01 -0.146802420599313E+00
   0.326012995193341E+01  0.695743384562654E+00 -0.301100644462339E+01
   0.286753710503778E+01  0.105443097709965E+01  0.222065881487954E+01
   0.344887867404184E+00  0.195099440513570E+01 -0.342906491059618E+01
   0.243615419754926E+01 -0.211819587865395E+01  0.606036631781706E+00
  -0.194758756933004E+01  0.280403086965897E+01 -0.163396236245538E+00
  -0.344169438499803E+01  0.508814046371978E-01 -0.481681068079115E+00
  -0.329320602940752E+01  0.240942485099089E+01  0.352301674561708E+01
  -0.245899715266861E+01  0.244366043614102E+01 -0.256923263582641E+01
  -0.902746225857401E+00 -0.141000281517165E+01  0.326010284792129E+01
   0.251251826195984E+01 -0.243477650429975E+01 -0.227444631323849E+01
%  0.273099136535764E+00 -0.252191121866022E+01  0.266712291174459E+01
% -0.113986909127668E+01 -0.216523494283356E+01 -0.359159903152910E+00
% -0.922767274421411E+00 -0.230914062498912E+01  0.172117100769525E+01
%  0.565330705200427E+00 -0.861559152953496E+00 -0.143024434330846E+01
% -0.254858133482221E+01 -0.107276374161867E+01  0.118069139480466E+01
%  0.692983718674605E-01  0.545819491566769E+00  0.130056168678763E+01
%  0.169901563201463E+01 -0.885058193950919E+00 -0.107724621301341E+01
%  0.548484370190157E+00  0.231250592945412E+01 -0.175606448134307E+01
% -0.337239645066461E+01 -0.458432645069624E+00  0.248728148723459E+01
% -0.768166078654702E-01  0.519981224405134E-01 -0.272822794486494E+00
%  0.778530585691586E+00 -0.886566392464643E+00 -0.127570172936048E+01
% -0.230832898458307E-02  0.212256113176521E+01  0.135864148147855E+01
%  0.269371508578667E+01 -0.881080033578363E+00  0.834520222577319E+00
%  0.118182284489097E+01 -0.280871727618726E+00  0.122108950590562E+00
% -0.355333029794297E+00 -0.177988106418022E+01  0.127875147421482E+01
%  0.203847404978164E+01 -0.189699712659389E+00  0.159680050194123E+00
%  0.130216486890819E+01 -0.395640031966687E+01  0.364598510698846E-01
%  0.783920487742096E+00 -0.102976576997537E+01 -0.192855366566122E+01
%  0.124275033103802E+01 -0.219846525713890E+00 -0.616934058167395E-01
% -0.457787130624137E+01 -0.912588565522061E+00  0.304313716552035E+01
% -0.366040330922596E+01 -0.518857381565181E+00  0.790080452119738E+00
% -0.150298581150922E+01  0.496295551163587E+00 -0.167682006900607E+01
% -0.113079288908651E+00 -0.896942736393352E+00  0.102473600388647E+01
% -0.835207438966578E+00  0.127065270048524E+01  0.441267750865017E+00
% -0.825238565476348E+00 -0.434793531641224E+00  0.281182301955738E+01
%  0.105552073895992E+01  0.572118581153594E+00 -0.909590528779336E+00
% -0.133314540890108E+00 -0.329460442122894E+00  0.136713796448204E+01
% -0.249130966498840E+01 -0.123695587119873E+01  0.263085045101443E+01
%  0.710805217120283E+00 -0.235127218213548E+00  0.129569378860522E+01
%  0.258929957498899E+00 -0.169720643702707E+01 -0.414413247765008E-01
%  0.178237829400938E+01  0.840700714795301E+00  0.225649501024071E+01
% -0.217669845845847E+01 -0.268698558434837E+01  0.338487152891030E+00
%  0.197020265570495E+01 -0.185374427766971E+01 -0.359990744569493E+00
%  0.466600469034592E+00  0.151866787249530E+00 -0.128700827201093E+01
%  0.134217475875733E+01  0.898329567246702E+00  0.153461879131501E+01
%  0.703823867341212E+00  0.129615615267171E+01  0.214153224223991E+01
% -0.614867207659829E-02 -0.309198751349203E+00 -0.127270664227053E+01
%  0.810675431709896E+00 -0.739680695084945E+00 -0.129943829170349E+01
% -0.983120221031377E+00  0.128878166421581E+01  0.196452569697805E+01
%  0.181963035769382E+01  0.546296642343499E+00 -0.237267353651387E+00
%  0.254854722805916E+00 -0.338975621225957E+01 -0.138631080854193E+01
%  0.769188687655713E-01 -0.193826013992803E+00  0.130893597675256E+00
%  0.486857571487188E-01 -0.104205445505899E+01 -0.124389373608077E+01
% -0.252834664081643E+01 -0.212883703635276E+01 -0.190020646186043E+01
% -0.109304806282486E+01 -0.322692141249162E+00  0.138094349782236E+01
% -0.266884454607942E+00  0.127607601449506E+01 -0.227482407120469E+01
%  0.455042725376275E+01  0.246656087386830E+00 -0.268364869998011E+01
% -0.191619276808948E+01 -0.658417242389874E+00 -0.935163511223645E+00
% -0.543293264376651E+00  0.811244091240360E+00 -0.170732015399798E+01
% -0.181877669315553E+01  0.452600478343302E+00 -0.100753634775495E+01
%  0.429873986814434E+01 -0.731601326151058E+00 -0.139903503638491E+01
%  0.136608600285389E+01  0.174988217904097E+00 -0.317967245939887E+01
%  0.197844651692959E+01  0.807072955943558E+00  0.168579752581546E+01
% -0.928787168422883E+00  0.913224197271186E+00 -0.502598361099507E+00
% -0.142370550435428E+01 -0.245590010497224E+01 -0.879138815261319E+00
%  0.141904304256311E+01 -0.275868887771312E+01  0.127714922569691E+01
%  0.196219256697492E+01  0.491006354585003E+00  0.110419439182707E+01
%  0.246056261220908E+00 -0.254469189632399E+01  0.255460252790250E+01
% -0.161126939328201E+01 -0.627345349601826E+00  0.286811089631628E+01
% -0.103247203515187E+01  0.250645816656448E+01  0.273495469301572E+00
% -0.152285656400521E+01  0.157343274805084E+01  0.181738590956688E+01
% -0.104162717985333E+01 -0.289973668019081E+01 -0.143282563215323E+00
%  0.856320308646367E+00  0.196100375439756E+00  0.718648415706875E+00
% -0.202682763904351E+01  0.456622664052248E+00  0.145810445779742E+01
%  0.129132754517469E+01  0.187999334500283E+01  0.468178277184619E-02
%  0.295440303813607E+01 -0.985449201857195E+00  0.526869473976810E+01
% -0.345514321499892E+01 -0.130387259144677E+00  0.183476766996628E+00
% -0.390053680216344E+01  0.233158581383876E+01  0.234474359334860E+00
%  0.189113554369721E+01  0.117731571357462E+00 -0.107112091792789E+00
% -0.209802888118046E+00  0.144994484380030E+01 -0.591456300968642E+00
% -0.246415451459832E+01 -0.510722354638753E+00 -0.608136112731448E+01
% -0.170541567160488E+01 -0.312802019265336E+01 -0.150773584558266E+01
% -0.442634432283676E+01 -0.194795820760203E+01 -0.148142209907175E+00
% -0.350686327195641E+00 -0.163230408038404E+01  0.252567063919490E+01
%  0.486707072068581E-01 -0.236272898392171E+01  0.109160763232539E+01
% -0.167853969932659E+01 -0.147544804155113E+01  0.600206513569385E-02
%  0.451006178747277E+00 -0.183656266747910E+01 -0.515383229157983E+00
%  0.522813729092763E+00  0.199480030490799E+01  0.104849665643855E+01
% -0.266818360023620E+00 -0.356284572043442E+00  0.529048570810904E+00
% -0.260668986671509E+00 -0.427570829904134E+00 -0.968255141429426E+00
%  0.156284342565462E+01  0.923086292336562E+00 -0.899538934202555E+00
%  0.246655531378746E+00 -0.702598092497969E+00 -0.244242807315523E+01
%  0.158864335458412E+01 -0.218639692459745E+01  0.808826541900072E+00
%  0.108491233217513E+01  0.469527081673635E+00  0.326937010719678E+01
%  0.211407903329793E+01  0.228062089941460E+01 -0.200518963660312E+01
% -0.111661708220101E+01 -0.506698397567967E+00  0.426109993064253E+01
% -0.255304170672452E+01  0.112404051775328E+01 -0.502745175732064E+00
% -0.420924255612713E+00  0.134494135993673E+01  0.107250141423137E+01
%  0.344674480461633E+00 -0.264192263662136E+00 -0.671817419369343E+00
% -0.882395817171834E+00 -0.157071005357988E+01 -0.493772110834173E-01
% -0.461778328591335E+00 -0.279315269740304E+01 -0.832453515174261E+00
%  0.166761127240918E+01  0.142260304592680E+00  0.116048575939819E+01
%  0.556680067918073E+00 -0.617075860797996E-01 -0.188582390937027E+01
% -0.405119112092239E+01  0.776309173113206E+00 -0.115264476600378E+01
% -0.132204116141609E+01  0.178801001763154E+01  0.277261255096423E+00
%  0.556881759174681E+00  0.232723071560451E+00  0.472479612311640E+00
% -0.193994718034882E+01  0.230565606531756E+01  0.974923835355134E+00
%  0.647101131919502E+00  0.136201592343542E+01  0.686578432207804E+00
%  0.435146355250082E+00  0.285121804266395E+00 -0.292618478025420E+01
%  0.191461586035589E+01 -0.212073317421158E+01  0.154357466288476E+01
% -0.229489254770111E+01 -0.931570110539847E+00  0.672587629483096E+00
% -0.340910027671586E+00  0.236943049241433E+01  0.104374184734914E+01
%  0.414899204295062E+00  0.195305185086613E+01  0.186987434849634E+01
%  0.105011054750766E+01 -0.537679445730566E+00 -0.524696992318251E+00
%  0.307023840225395E+01 -0.476157942553324E-01  0.147078436204542E+01
%  0.140668677491806E+01 -0.919837017455531E+00 -0.154482192277004E+01
%  0.133930790863336E+01 -0.150114928597782E+00 -0.461592017055017E+00
%  0.808133945144995E+00 -0.727280882925393E+00 -0.385306799133072E+00
%  0.262468672765551E+00  0.925192041803801E+00  0.162089792265873E+01
% -0.234343445977012E+00 -0.800831387773314E+00 -0.912858656487232E+00
% -0.653150918757736E+00  0.823401978883602E+00 -0.180116447914881E+01
%  0.662242542731923E+00  0.110502736939390E+01 -0.301456801707980E+01
%  0.315725354821438E+01  0.130780899847159E+01 -0.204673776912221E+01
% -0.620030757905332E+00 -0.170091019825703E+01  0.233047929688820E+01
% -0.688247732844141E+00  0.448987103666868E+00 -0.193677368362007E+01
%  0.458331898004666E+00 -0.583106952076365E+00 -0.578497563340096E-01
% -0.248713777857988E+00 -0.156905618547736E+01  0.414208193214857E+00
%  0.216284936856921E+01 -0.591650510684934E+00  0.194358953886110E+01
%  0.176002563274890E+01  0.764997706536030E+00 -0.275641405506631E+01
% -0.175058132467955E+01  0.161618315635049E+01  0.213011497154071E+01
% -0.311304594832192E+01  0.156742577504673E+01 -0.130830903962485E+01
%  0.516930717514207E+00 -0.930065357616863E+00 -0.197093591488300E+01
%  0.966899915313234E-01  0.476943724878188E+00 -0.540551174877672E+00
%  0.488301138111219E+00  0.321177136765896E+01 -0.157184706278870E+01
%  0.400539592789986E+00  0.880549046677025E-01  0.101378908566016E+01
% -0.941983017926850E+00  0.173180096581491E+01  0.123173812371961E+01
%  0.265617603383767E+01  0.102424345234980E+01  0.202081452018249E+01
% -0.392235855131086E+01  0.189625332431202E+00  0.145525636977543E+01
% -0.181765398650360E+01  0.187553729970213E+01 -0.459673820213642E+00
% -0.852289669447307E+00 -0.104136458598513E+01 -0.121724437641339E+01
% -0.169522715950663E+01 -0.399394300129843E+00 -0.119051030286644E+01
%  0.978056363408834E+00  0.359588299774193E+00  0.193833878521693E+01
%  0.166820795279877E+00  0.117120837167334E+01  0.437860595491838E+00
% -0.911087934581193E+00 -0.306041301878475E+00 -0.228907179921947E+00
% -0.125867073355788E+01  0.376576960300022E+00  0.426999077590198E+00
% -0.314664053606403E+01 -0.232638735527379E+00 -0.696620874779885E+00
%  0.619152468032629E+00 -0.863349992644589E+00 -0.349474422015384E+01
%  0.345214479593324E+00  0.624068459829125E+00 -0.376007146610513E+00
% -0.671549733786060E+00 -0.385016118424782E+00  0.192447319851349E+00
%  0.264476958524508E+00 -0.403322137128777E+00  0.127361154696540E+01
%  0.364063391186139E+00 -0.120302363030980E+01 -0.104406323878170E+01
% -0.136758264857377E+01 -0.155021840065370E+01 -0.604830282409946E-01
% -0.173130595332559E+01  0.600498724318262E+00  0.309805089694671E+01
% -0.321977359950829E+00  0.184651279633710E+01  0.138759393986953E+01
% -0.957771679428338E+00  0.225511948963851E+01 -0.229669098899820E+00
%  0.219617533347001E+01 -0.173892791193486E+01  0.938913063075996E+00
% -0.122416471274619E+01  0.120302810714882E+01 -0.449068022245447E+00
% -0.243203981081332E+01 -0.974212310238288E-02  0.960611354736622E+00
% -0.153510035841065E+00  0.238371416985947E+01  0.921838438826570E+00
%  0.142542412272964E+01  0.755366586704325E+00  0.511544583365691E+00
%  0.122299367144740E+01 -0.722980860179149E+00  0.150920802466994E+01
%  0.397099787264361E+01 -0.849970139727897E+00 -0.629443560555304E+00
%  0.162310359787705E+01 -0.268203857297941E+01 -0.231484837361892E+01
%  0.113634138837608E+00  0.452481026038034E+00 -0.133148110717717E+00
%  0.121214441741344E+01 -0.736918235116681E+00 -0.248087946900048E-01
% -0.947431251783940E+00 -0.168895275983384E+01 -0.985865998016143E+00
%  0.641463002973920E+00  0.124060020603972E+01  0.191497594788460E+01
% -0.120994259748379E+01 -0.521633526291595E+00  0.193163790102167E+01
% -0.992766672941249E-01 -0.298652042013616E+01  0.963560468057395E+00
% -0.828298690632133E+00  0.297092243094071E+01  0.690180026600869E+00
%  0.902783126372284E+00  0.286422232299493E+01 -0.103405004552226E+01
%  0.297994235380135E+01 -0.132878735335787E+01  0.893093529195230E+00
%  0.145256038954743E+00 -0.808717841197705E+00 -0.910392679448016E+00
%  0.153097839474852E+01  0.473724409494646E+00  0.573114864447709E+00
% -0.115001088745602E-01 -0.276841525962679E+00 -0.124465387694346E+01
% -0.144790908416790E+01 -0.547715065242803E+00  0.101660640159645E+01
%  0.422374084289173E+00  0.322255903882301E+01  0.109531087712644E+01
% -0.168726992781171E+01  0.505058278836326E+00  0.227641242852796E-01
% -0.141005672128128E+01  0.887041149159230E+00 -0.848894291575876E+00
% -0.103578830053530E+01 -0.434685021031054E+00  0.385607263925738E-01
%  0.143747506299414E+01  0.192370039973822E+01  0.155528244810011E+01
%  0.172686207139236E+01 -0.404502192853860E+00 -0.278782532120971E+01
% -0.749675088097134E+00 -0.203281464775189E+00 -0.802857231272108E+00
%  0.138001329074444E+01 -0.284571281366743E+01 -0.152725971501489E+01
% -0.680411166492320E+00 -0.890325753739130E+00  0.117338347486581E+01
% -0.173604133153147E+01  0.245802166426709E+01  0.259191762178563E+01
% -0.194787318464620E+01 -0.161851961750591E+01 -0.608717117617739E+00
% -0.757592580202539E+00  0.828568240216386E+00  0.311935614746654E+00
%  0.214701850216476E+01  0.193955102649341E+01 -0.252506379506191E+00
% -0.123033606549491E+01 -0.261703387433829E-01  0.362206342414854E+00
%  0.247287107712635E+01 -0.683024980530225E+00 -0.937863139480960E-01
%  0.365920766931968E+00  0.117155253948446E+01 -0.207172805537935E+01
% -0.328872937974625E+00 -0.799296188504436E+00  0.285918331667879E-01
%  0.112152895220100E+00  0.122251062690238E+01  0.114592332289925E+01
%  0.609004475721535E-01  0.112788096080420E+01 -0.131976372876473E+01
%  0.196872192853278E+00  0.452725430069180E+00  0.154753451238589E+01
%  0.673502376968460E+00  0.412473892996026E+00 -0.404797036050901E+00
%  0.284901603784619E+00 -0.627740555294026E+00  0.122591487609309E+01
%  0.119308941730198E+01 -0.701311599441903E+00  0.226353200117650E+01
%  0.136658291481748E+01  0.139625236681214E+01  0.125201256483007E+01
%  0.140613870688429E+00 -0.147507975881741E+01 -0.229014516744859E+01
%  0.221343363525130E+00 -0.554779617402025E+00 -0.245082465785427E+00
%  0.229430238312646E+01  0.180621230030868E+01 -0.203987528025458E+01
%  0.377524857695955E+00  0.449895000052164E+00  0.188928456681324E+01
%  0.108962030983639E+01 -0.406978943197568E+00  0.220467901786748E+01
%  0.766661036392210E+00  0.112758750321134E+00 -0.893831223629564E+00
%  0.151263646685826E+01  0.111468038980240E+01  0.401644031661381E+00
%  0.935213973450426E+00 -0.150730315628946E-01 -0.116889179744560E+01
% -0.742692355326197E+00  0.601004476657763E+00  0.210112629155429E+01
%  0.151449429126794E+01  0.288356417926865E+01 -0.823395400085594E+00
%  0.409322269959571E+01  0.151924216504215E+01  0.154816172645611E+01
%  0.893809489702417E+00  0.101118685184940E+01  0.431652138890231E+00
% -0.217081655038323E+01  0.156219266788849E+00  0.150423897976384E+01
%  0.883906916529227E+00 -0.135441003364684E+00 -0.405151881188346E+00
%  0.536938471281069E+00 -0.240511786477474E+01  0.106781062100548E+01
% -0.132751413500640E+00 -0.216293012176718E+00 -0.308276268948353E+01
%  0.334473061770897E+00  0.819289301525538E-01 -0.189966110198831E+01
%  0.114413895800720E+01  0.452586374036993E+00 -0.134834253263622E+01
%  0.539629104333495E+00 -0.173260025972538E+01 -0.160113485877835E+01
% -0.340903943392936E+01  0.100192879787847E+01 -0.115561603544704E+01
% -0.841937277077587E+00  0.282919062740431E+01 -0.209767977455970E+00
%  0.485658127348466E+00 -0.882958860694115E+00  0.168660799686256E+01
%  0.298168932731669E+01  0.184019257976642E+01 -0.245198809888823E+01
%  0.192115696793741E+01  0.276734437225333E+01 -0.842056301927896E+00
%  0.674501893794706E-01 -0.203238132022579E+01 -0.395339425354924E+01
% -0.125469595447614E+01 -0.100325048690302E+01  0.193029511942411E+01
% -0.817370400602466E+00 -0.166954136811273E+01 -0.319985625790792E+01
% -0.153053748239719E+01 -0.106981236394396E+01 -0.605388279067581E+00
%  0.141810527263714E+01 -0.191745913773140E+01 -0.342542086203475E-01
%  0.253202854814205E+00  0.994611097479173E+00 -0.460793128217656E+00
% -0.844155312416487E+00 -0.878003527263460E+00 -0.686725652737281E+00
% -0.127138092582665E+01  0.286195746013004E+00 -0.150525827714374E+01
% -0.251936704927109E+01 -0.345467397301895E+00 -0.513648130350792E+00
%  0.109666191006097E+01  0.212511656759429E+01 -0.224603191405569E+01
%  0.132880079310274E+01  0.323978283772371E+01 -0.628362570294453E+00
% -0.338101996527387E+00  0.445704013565106E+00 -0.217838165112725E+01
%  0.485235574742222E+00 -0.234965284378261E+01 -0.231673593233487E+00
% -0.137306018150381E+01 -0.374510236870831E+00  0.878961551135655E+00
%  0.213936765887028E+01 -0.226617510939586E+01  0.169376086307644E+01
% -0.505450912835258E+00 -0.407943755556872E+00 -0.278810974490600E+01
%  0.839042158276588E+00 -0.722069055070681E+00  0.286303000303030E+01
% -0.568110628225447E-01  0.112925960969119E+01  0.284965815015213E+00
% -0.216581976850949E+01  0.270227252760235E+00  0.691789082962461E+00
% -0.166704908294894E+01 -0.724637959276570E+00  0.148530114543551E+01
% -0.111683102007879E+01  0.177342820930113E+01 -0.443857128288853E+00
%  0.207880773586799E+01  0.393410347397424E-01 -0.114232198441017E+01
% -0.525571876403461E+00 -0.660464885304037E+00 -0.232157072644441E+01
%  0.323045814281283E+00  0.213066084015374E+01  0.131760592202455E+01
%  0.391023869169737E+01  0.328160899825914E-01 -0.446410278034836E+01
% -0.246830644360272E+01  0.978411030247948E+00  0.158387981098006E+01
%  0.564555739992385E+00 -0.206305761319630E+01 -0.168620677416648E+01
% -0.127424484255114E+01 -0.110844904274278E+01  0.178573190659081E+01
% -0.226996789092261E+01  0.428302408040646E+00 -0.161411270755107E+00
%  0.108576574502134E+01 -0.889137882701735E+00  0.201805381865305E+01
% -0.711747794517161E+00  0.112545699381015E+01 -0.146608843037277E+01
% -0.192601157926255E+00 -0.531203806175827E+00 -0.658978216293585E-01
%  0.217173672605229E+01  0.296612784569707E+00  0.125920487897223E+00
%  0.232141183713804E+00  0.245126097726953E+01  0.458183417969802E+00
%  0.371517287912598E+00  0.127619871934887E+01 -0.111113015346204E-02
% -0.447833100755411E+00  0.182101762785028E+01  0.581312675358087E-01
% -0.291920659917529E+01  0.226439060416688E+00 -0.160757864153914E+01
% -0.215636344349047E+00  0.845355563386274E+00 -0.945268282005785E+00
% -0.382495189405825E+00  0.927592639869349E+00 -0.958893465160898E-02
%  0.542078709865283E-01 -0.996227938339623E+00  0.574237916046744E+00
% -0.410407837147496E-01 -0.382962519350552E+00 -0.566342383606556E+00
%  0.123246934822328E+01  0.314339047149627E+01 -0.105022130441319E+01
% -0.195759963131345E+02  0.142878864697300E+02  0.312863231576705E+02
% -0.161313076150882E+02  0.140600975867289E+02  0.265977618162796E+02
%  0.469820181665069E+02 -0.439430056775126E+01  0.408472427032224E+02
% -0.714731181751436E+02 -0.332650855888467E+01 -0.130232833648011E+02
%  0.250561538130457E+01  0.385705147071140E+02 -0.477055333059979E+02
%  0.640744971712041E+02  0.135502899934538E+02  0.465947422037570E+00
%  0.148242441057450E+02  0.996462877255043E+01  0.826131075413572E+02
% -0.858140647095703E+01 -0.186336944278424E+02  0.130842666504152E+02
%  0.158011970452897E+01  0.218105488314594E+02  0.156798921096972E+02
%  0.193122400597711E+01  0.308532028550931E+01 -0.834596087287886E+01
%  0.236592498433903E+01 -0.203082763272442E-01  0.155051053950687E+02
%  0.266134760053376E+01  0.354823789992506E+01 -0.738722948194390E+01
%  0.714152781362377E+01  0.531081778218176E+02  0.262247632923718E+02
%  0.979829219060447E+02  0.373396354810383E+02  0.429084336023525E+02
%  0.617573360365838E+01 -0.939785217967732E+00  0.858935787874958E+00
%  0.397153264317356E+02 -0.529306810212424E+00  0.175246950687235E+02
% -0.475533799057234E+02 -0.298407334209877E+02  0.205455918564581E+02
% -0.239341624023250E+02 -0.118802530074431E+02  0.295085711973948E+02
% -0.992894247993316E+01  0.228342714030426E+02  0.216936630510524E+01
%  0.983267524360727E+02  0.836709434301377E+02  0.108401761968015E+02
%  0.296234045454911E+01 -0.452465253648429E+01  0.926294096754505E+01
% -0.108606012649490E+00 -0.422455447511491E+01 -0.138966265286416E+01
% -0.107013234200617E+02  0.105961854633980E+02 -0.155632014729128E+02
%  0.515735574420153E+02  0.337359925892177E+02  0.206120804437094E+01
% -0.202949629331461E+02  0.230912286693955E+02 -0.997061298351406E+01
% -0.319256577104050E+02 -0.136031492216091E+02  0.232169527126919E+02
% -0.697010441975056E+01 -0.113963971739153E+02 -0.115074945664366E+02
% -0.303309491166632E+02 -0.113045103642371E+02 -0.155286494709428E+01
% -0.157247144083831E+02 -0.252843367911366E+00 -0.110469526280684E+02
%  0.208053197127952E+02  0.116529004190693E+02 -0.703937652239686E+02
%  0.525010946924346E+01  0.221176989096827E+02  0.841164122097923E+00
%  0.734216570974515E+01  0.131507650845049E+02  0.554911333084229E+01
% -0.255192348334708E+02 -0.470636006903350E+02  0.700753799387124E+02
% -0.121987970380579E+01  0.279792391814346E+02 -0.715648895854775E+01
%  0.175965688544315E+00 -0.678440322348402E+01 -0.232833236764573E+01
%  0.378281864926924E+00  0.119528929006234E+02 -0.101403293746452E+02
%  0.931584924871590E+01  0.313522745940373E+02  0.961197980543316E+01
% -0.371746198346127E+01 -0.272282228335913E+02  0.228474754679285E+02
% -0.435124578646124E+02 -0.139563284555456E+02 -0.496779123625716E+02
%  0.267963036709682E+02 -0.176392049536455E+02  0.405012618786279E+02
% -0.470574904418015E+01  0.650795992948859E+01  0.123766992736290E+02
%  0.200369865216326E+02 -0.183808104618144E+02 -0.113891370450427E+01
%  0.260135290420877E+01 -0.124586309479833E+02 -0.106747327726108E+02
% -0.178298835503558E+01  0.697088820361386E+00  0.140933801501308E+02
% -0.189904585906642E+02 -0.273064077997101E+02 -0.713922750397724E+01
% -0.148536597763751E+02  0.190477215194045E+02 -0.707725607075583E+02
%  0.420256379119951E+01 -0.168648815452511E+01 -0.124777722326392E+01
%  0.133937585830902E+01  0.599003933339480E+01  0.730803282171861E+01
% -0.252289121431559E+02  0.337242987448503E+02  0.292457521895771E+02
%  0.245523472519173E+02  0.392959312370338E+02 -0.779666726877543E+01
%  0.236257673690826E+02  0.267304456257709E+02 -0.200045056312623E+02
% -0.333282060312082E+01  0.164530849174338E+01  0.288158440729934E+02
% -0.418627139614878E+01  0.104894979380423E+02  0.739844444493360E+01
%  0.154812883283221E+02 -0.201442425162625E+03  0.391614674394658E+02
%  0.169929894549994E+02  0.117094154603364E+02  0.225327819662182E+02
% -0.874626386513679E+01 -0.137532838936810E+02 -0.743678310780247E+00
%  0.126994738492924E+02 -0.636045528496074E+01  0.114551292472293E+02
% -0.204792329270470E+02 -0.101142126971452E+02  0.249572334632135E+02
% -0.457689315955189E+01 -0.353762235256523E+01 -0.100778307752240E+02
% -0.141034422452155E+02  0.115182175524319E+02 -0.397066351392927E+01
% -0.523441138393944E+02  0.435576458893881E+02 -0.319006020783962E+02
%  0.208675228187954E+02 -0.297904616374392E+02 -0.602926390673920E+02
% -0.441961245281601E+02  0.306639749754432E+02 -0.299679556134015E+02
%  0.101882005105727E+02 -0.100113251302208E+02 -0.145284132688067E+01
%  0.413282949282492E+02 -0.307860074862380E+02  0.353191745583635E+02
%  0.286986522362998E+02 -0.604043064910105E+01  0.243892912025844E+02
%  0.255500873379086E+01 -0.217186012650254E+01  0.589254555260321E+00
% -0.232647800380269E+00  0.526496661227369E+01  0.642491901335264E+01
% -0.301362324440072E+02  0.195078475182148E+00  0.661709383773931E+02
%  0.785804698398363E+01  0.326092569922734E+01  0.175045457217095E+02
% -0.627834852722585E+01 -0.628518719112552E+01  0.901657067255935E+01
% -0.101658547761949E+00  0.191133016300545E+02  0.244822347414117E+02
% -0.202623210173684E+01 -0.205877560707766E+02 -0.135320618531554E+02
%  0.199526067209595E+02  0.145485263365797E+02  0.247917562221255E+01
% -0.639725048318093E+01 -0.121705388801972E+03 -0.159151748218261E+01
% -0.334720637862173E+02  0.808173810115410E+02 -0.425665128781044E+02
%  0.537097818977154E+01  0.130881409593295E+02 -0.348710696308565E+02
% -0.142594884345522E+02 -0.435592961376466E+02 -0.126620448043286E+02
% -0.285813861457129E+01 -0.252791523026030E-01 -0.194841906251094E+02
%  0.909591801605775E+01 -0.559564844628148E+01  0.605098585063006E+00
% -0.200571236314246E+02  0.211466830178714E+02  0.422601439259148E+01
%  0.152104470775761E+02 -0.215152521893033E+01  0.275478882102352E+01
% -0.587810953274552E+01  0.347375853009792E+02 -0.235700847954475E+02
%  0.433360959288410E+02 -0.207397496125425E+02 -0.269749993805999E+02
% -0.591313146003587E+02  0.222385277739853E+02  0.207680622971105E+02
%  0.269145778208864E+01 -0.232051136023229E+01  0.354498214066504E-01
%  0.972427282226016E+00 -0.114006073163082E+02  0.154726498307273E+01
% -0.183395149274461E+02 -0.331874451527238E+02  0.909882426767740E+01
%  0.924925648905056E+01 -0.196664718641788E+02 -0.865258252478699E+01
%  0.470099255840759E+02  0.406526429044868E+00 -0.266004597215772E+02
%  0.179559580178267E+02  0.162031338746908E+02 -0.134410223501159E+02
% -0.443016093294576E+02  0.263870466409283E+02  0.680830101086750E+01
%  0.721529160583404E+01 -0.354273656593940E+01  0.540760882887597E+01
% -0.424806307169455E+02 -0.486963848224973E+02 -0.215362527326256E+02
% -0.319284499816917E+02 -0.149843180167949E+02 -0.560549124093115E+01
%  0.104659016688124E+02 -0.174178301511092E+02  0.132408548034266E+02
%  0.406111049474289E+01 -0.237236495959711E+00  0.114112715829060E+02
%  0.156194896760761E+02 -0.529058313178069E+01 -0.171695486465234E+01
% -0.159373466733830E+02 -0.201137855245778E+02  0.432517133090960E+01
% -0.112157852231208E+00  0.835043308558689E+01  0.970549262952193E+01
%  0.397020697784072E+01  0.664664384286148E+02 -0.938003712734467E+02
%  0.172114353922686E+02 -0.123101697351667E+02  0.701347125289336E+02
%  0.660092285033648E+00 -0.677927447018173E-01 -0.152638533445457E+01
% -0.789253555574742E+01  0.126664081648237E+02 -0.259505346631167E+01
% -0.235265393708313E+01  0.325609763691939E+02 -0.351598659101420E+02
%  0.121173712887378E+02  0.192529382915951E+01 -0.782338356647236E-01
%  0.191230234480268E+02  0.203949915364861E+02  0.113992211534743E+02
%  0.189755379140137E+02 -0.180815207758372E+02 -0.164209015852873E+02
%  0.330275235935505E+01  0.383015898516421E+00 -0.482829848126434E+01
%  0.227224126956472E+01  0.298779475942940E+01 -0.467301844216166E+01
% -0.125066205765786E+02 -0.429274570302052E+02  0.397696392603769E+02
%  0.110063050215145E+01  0.349578471234787E+01  0.321410284794707E+01
% -0.244704858461806E+02 -0.444386687570795E+02 -0.360052225659908E+01
% -0.108360271968331E+03 -0.909681113692503E+02  0.226387747466405E+02
%  0.281136005502660E+02  0.197109328816270E+02  0.395170657327356E+02
% -0.647188404762176E+01  0.266808728271279E+01  0.714012918802506E-01
% -0.387493719621384E+02 -0.150711688277380E+02  0.116760943245608E+02
% -0.522587178925624E+01  0.275065464508868E+01 -0.341838978759357E+01
% -0.702131059220222E+00  0.209969191196427E+03 -0.316599104936236E+02
%  0.114831434313318E+02 -0.350701438387568E+02 -0.297766865979325E+02
%  0.111662221541806E+02  0.710849891418722E+01  0.971462115964379E+01
% -0.130559021285047E+02 -0.440753715625462E+02  0.370613182551820E+02
%  0.352680207078353E+02 -0.483881135521227E+02  0.269031656094662E+02
% -0.184607277243221E+02 -0.640373865782360E+01 -0.135088181659078E+01
%  0.109225873271881E+00  0.166411895607370E+01  0.356397326124266E+01
% -0.217311805252785E+01 -0.112626430232711E+02 -0.155468654943047E+02
% -0.254832848676453E+01  0.771578485079860E+01  0.547888873112889E+01
%  0.687161923875568E+02 -0.776727606486986E+02  0.655237512548133E+02
%  0.255701447289233E+01 -0.410892390054913E+01  0.299888226027800E+01
%  0.141676410031630E+02 -0.142276467775011E+01 -0.229711265798213E+01
%  0.250493571026365E+01 -0.105539376384840E+02  0.120479358193223E+02
% -0.140611843222266E+02  0.180792523504075E+02 -0.824430713004570E+01
% -0.192924806657290E+02  0.246148035107431E+02  0.124156734188768E+02
% -0.830907210456504E+01 -0.502194760655361E+01 -0.167525591186552E+02
%  0.694764363610197E+00  0.482996233525261E+01  0.650717508959364E+01
%  0.310986054213020E+02  0.301481404546364E+02  0.637339811099209E+02
% -0.108811619115439E+02 -0.283696024792442E+01 -0.257651413052519E+02
%  0.566106170631351E+01 -0.693929263449926E+01  0.364205068041500E+02
%  0.234348387566707E+02 -0.415519632043010E+02  0.302253066014202E+02
% -0.992482119833055E+01  0.589210889153320E+01  0.311255575497566E+01
% -0.846671813239331E+01  0.386101401991538E+01  0.671717272966239E+01
%  0.110700078009698E+02 -0.244337886332607E+02 -0.439798526749946E+02
% -0.272057747436315E+02 -0.334561707867629E+02  0.141854578121336E+02
%  0.572819998488122E+01 -0.105775450114943E+02  0.104757270800303E+01
% -0.213116848312140E+02 -0.105015609673506E+02 -0.258885009513139E+02
%  0.130226214886706E+02 -0.111421239259465E+02 -0.148665112712378E+02
% -0.518698498984378E+02  0.292517452967641E+02 -0.128162395968923E+02
%  0.185644059768471E+02  0.589781247037359E+02 -0.160112784258464E+02
%  0.751632830863101E+00  0.115428992075832E+02 -0.572659368817747E+00
% -0.731161557419043E+00  0.235450449813284E+01  0.545181094244199E+00
%  0.213410603691594E-01  0.233546328256750E+01 -0.892041350001906E+01
%  0.798526419519166E+01 -0.150411593579488E+02 -0.193108748367401E+02
% -0.886541429991179E+01  0.343950077112955E+01 -0.124933200445483E+02
% -0.150412399530150E+01 -0.543979857134676E+02 -0.482804614701383E+02
% -0.355010218653319E+01 -0.124309866997790E+02 -0.631723207393167E+01
% -0.420379289047910E+01  0.368851999937834E+02 -0.187278056470082E+02
% -0.113768837851430E+02  0.444158706154290E+01  0.130165740952955E+01
% -0.729214365388732E+00  0.511012989703969E+00  0.362099238825580E+00
% -0.100866991458024E+02  0.212787638882836E+02  0.100636063006684E+02
%  0.152922133022200E+02 -0.206172981141400E+02 -0.275074260848150E+02
% -0.144702234656753E+02  0.995126843447529E+01  0.189351156799015E+02
%  0.156972014441851E+02 -0.174246046986660E+02  0.346498772801506E+00
%  0.248229239643302E+02  0.313320308979931E+02 -0.189448096534368E+02
%  0.724414310313643E+00 -0.102614209164992E+02  0.113993431946249E+02
% -0.133423555154373E+02  0.333011192426041E+01 -0.237457646038927E+02
%  0.207569073730441E+02  0.268238767057804E+02  0.654335914254343E+00
%  0.452194577528252E+01 -0.139960062631119E+02 -0.126437824926493E+02
% -0.288387565206345E+01  0.473998561139058E-01 -0.138578693445633E+01
%  0.177874136070328E+02  0.148136564071421E+02 -0.299438254456335E+02
%  0.322001003849507E+01 -0.370773026631670E+01 -0.158230690354769E+02
%  0.146881588773043E+02 -0.342282692497158E+00 -0.922832134196112E+00
%  0.154847282307735E+01 -0.994961535072509E+01 -0.319808199395225E+01
% -0.563285562430028E+02 -0.110015941881814E+03  0.297588314341696E+02
% -0.933868913592374E+01  0.175348628299898E+02 -0.530930588217617E+02
% -0.263338175744543E+01  0.418186582286777E+02 -0.128202850715754E+01
%  0.525915622630593E+01 -0.955600515409581E+01 -0.354383111023022E+01
%  0.773344707862370E+01  0.293661772736369E+02 -0.141101928159794E+02
%  0.222356351356994E+01  0.231594302727060E+01 -0.357072635555072E+00
%  0.178125817250905E+01 -0.136838235512685E+02 -0.650201404508742E+01
% -0.400973665503472E+02 -0.249895710670667E+02  0.572216984804309E+02
%  0.462156463546117E+02 -0.325297662055849E+01  0.103930180546738E+02
%  0.157710472737253E+01  0.631807123662649E+00 -0.224372389491532E+02
% -0.432157657006681E+00  0.451199879575886E+01  0.744663453192673E+01
% -0.365470861928898E+01  0.114760008471726E+02 -0.296422131041883E+02
% -0.499748073954693E+02 -0.113781726879092E+02 -0.258458681596376E+01
%  0.583908370356996E+01  0.178380611799956E+02  0.149952556847184E+02
%  0.358134242232042E+02 -0.444047920005044E+02 -0.473023746069328E+02
% -0.988517058336780E+00 -0.124666197951723E+02  0.366914257309244E+01
%  0.259838115396732E+02 -0.156413815204894E+02  0.215081350443724E+02
%  0.191352116128367E+01 -0.213420588657747E+02 -0.815126096459347E+01
%  0.893658093017227E+01  0.159833929110239E+02  0.407551925295971E+02
% -0.517981861973394E+01 -0.101805559513987E+02 -0.105860451030914E+02
%  0.648419888631566E+01  0.353724758993879E+02  0.123621923722947E+02
% -0.327946191915596E+02  0.268792612381574E+02 -0.739884258169474E+01
% -0.336152263787610E+01  0.575738270789955E+02 -0.429288574816065E+02
% -0.158934465564298E+02 -0.148667805325677E+01 -0.295500810294752E+02
%  0.428880268705712E+02 -0.389727535833588E+02  0.128914528998175E+02
% -0.243127172360123E+02 -0.646403983338622E+01 -0.102627877499282E+01
%  0.194911173649378E+02 -0.368225532363010E+02 -0.450423491796860E+01
% -0.959707836001276E+01 -0.442009554577231E+02 -0.944447540054636E+01
%  0.181541417808029E+02 -0.253477244433609E+02 -0.303896252411521E+01
%  0.435412115044490E+02  0.303130824981371E+01 -0.102529198224173E+02
%  0.961631258733219E+01  0.125123312785549E+02 -0.204528473635866E+02
% -0.745186411578474E+01  0.119544707042920E+02  0.101001617380530E+02
%  0.449350527172428E+02  0.377740065456266E+01  0.349770896221715E+01
% -0.600971239825301E+02 -0.128187043741690E+02  0.186254793701806E+02
% -0.156532304289443E+01  0.253829529522859E+00  0.142066793041174E+01
% -0.298756381850578E+01  0.405562066951604E+01  0.176117564937082E+02
% -0.115846293698245E+02  0.205915280132612E+02 -0.760822555297095E+00
% -0.241956891544881E+02 -0.920458128703742E+00  0.161996452002147E+02
% -0.413048323269504E+02 -0.109093869916825E+01  0.974379530331927E+01
%  0.558611338127168E+00 -0.278291979195409E+02  0.157827649774951E+02
% -0.530299549200140E+02  0.526967332478129E+01  0.230509246148410E+02
%  0.505538890738089E+02  0.923479304434672E+02 -0.352980656875513E+02
% -0.391200478048879E+02 -0.745689579943892E+01  0.523899181813366E+02
% -0.759804810801356E+01  0.854237566520382E+01  0.432467124655373E+00
%  0.546990909401006E+01 -0.232475828508665E+02 -0.344066695941685E+02
%  0.364958868062168E+02 -0.243252735488920E+02  0.743287944448004E+00
%  0.997115331072487E+02 -0.253022186467028E+02 -0.390763087250514E+02
%  0.113684181857042E+02 -0.401399447486687E+01  0.122336650922836E+02
%  0.101341627643624E+02  0.158249173108906E+02 -0.234117495061525E+02
% -0.276435924951266E+02 -0.150308585967953E+02 -0.120825206376536E+02
%  0.626297334697081E+00  0.131187634070548E+02 -0.213448576278091E+02
% -0.924431708996598E+01 -0.230940657037873E+01  0.490780200959726E+01
% -0.197506930568014E+01  0.902776527689846E+01 -0.498681691395284E+02
% -0.127028125392408E+02  0.363377307306199E+01  0.769852838471999E+01
% -0.104266535283790E+02  0.105363950516559E+02  0.763291128860666E+01
%  0.209926761751856E+02 -0.374396549398898E+01  0.100442118220662E+02
%  0.102922922554196E+01  0.471793156783389E+01  0.726709781698222E+02
% -0.735483113586953E+02 -0.307591767776648E+02 -0.260867423676542E+01
%  0.324148638102486E+02  0.163162345697503E+02 -0.394419229236789E+02
% -0.491711307256688E+01 -0.855874101641813E+01  0.579923360633493E+00
%  0.172012449741786E+01 -0.122556231165078E+02 -0.501690874442681E+01
% -0.480140308195037E+01  0.158964670821626E+02 -0.107476417956295E+02
% -0.314046456027719E+02  0.591307781072642E+01  0.124998975833216E+02
%  0.378491945712308E+02  0.310505764177122E+01  0.129870838161225E+02
%  0.220767345670233E+02  0.259438582344187E+02  0.169436079605550E+02
% -0.255883723651184E+02 -0.648839860748592E+00 -0.522597299076181E+02
% -0.946394175501221E+01  0.762663369088448E+01  0.134964375684466E+02
% -0.647769675559385E+01 -0.675517500820048E+01  0.361813200246679E+01
%  0.961369655457144E+01 -0.147562851321920E+00  0.115305662513645E+02
%  0.328496947149746E+02 -0.488609481235267E+01 -0.284507340195576E+02
% -0.268291287229783E+02  0.815098802382920E+00  0.280664100280956E+01
% -0.849205088718099E+00  0.207544938162597E+01 -0.521675964551006E+01
%  0.876068159120328E+01  0.510912611421423E+02 -0.378824528931467E+02
%  0.701015439372364E+01 -0.104541512896359E+02 -0.160279603434915E+02
%  0.806958825551014E+01 -0.510394990072537E+01  0.194771916909579E+02
%  0.291625296741132E+02  0.236237159647499E+02 -0.148753236666249E+01
%  0.112361311293002E+02 -0.187498455761574E+01  0.573285041715286E+01
% -0.821372466888666E+01  0.496702307351932E+01 -0.407334240530760E+00
%  0.554242681452505E+02  0.571616125197974E+02 -0.250181254486327E+02
%  0.403887939251960E+01  0.669236297028622E+02 -0.584604223632251E+02
% -0.755688140544647E+01  0.335824216663186E+01  0.278329131128196E+02
% -0.200178667547722E+02 -0.327203826884536E+02  0.164375922371304E+01
% -0.582397967840532E+02 -0.539257020293394E+02  0.287236371422140E+02
%  0.551018845377688E+00  0.140935774531452E+01 -0.319510852453508E+01
