% T    256  0.715122828077254E+01  0.715122828077254E+01  0.715122828077254E+01
   0.218803150365327E+01  0.234130590792200E+01 -0.226998377232539E+01
   0.266793449170562E+01 -0.634763874964539E-01  0.108953689648901E+01
   0.125045417804657E+01  0.352516045298387E+01  0.422149874500924E+00
  -0.357297666023074E+01  0.303458462034315E+01 -0.274858478675150E+01
  -0.703729476833072E+00  0.107773753985711E+01 -0.125636419783327E+01
   0.346192508045020E+01  0.188680811376991E+01 -0.315950179178181E+01
  -0.259971343129821E+01 -0.285149298372434E+01  0.574053828494876E+00
  -0.969183627658734E+00 -0.407244785087491E+00  0.497966855325194E+00
  -0.296285046258456E+01 -0.182337063512018E+01  0.216508570449320E+01
   0.333527685081836E+01  0.234619624180151E+01 -0.131515162055269E+01
  -0.771537805482803E+00 -0.286619645865023E+01 -0.227004188602051E+01
  -0.246182273844543E+00  0.154680925949560E+01 -0.213224922412583E+01
   0.231273307934674E+01 -0.889917340023830E+00  0.172445827244180E+01
   0.679070864291384E+00 -0.171241606704809E+01 -0.303273856588009E+01
  -0.100728458214276E+00 -0.279417106352108E+01 -0.152928377104591E+01
  -0.243616664774559E+01 -0.169763302205115E+01  0.285094275108808E+00
   0.130029680347485E+01  0.233111994004714E+01  0.248188296815032E+01
  -0.295259131921315E+01 -0.184710288163571E+01  0.104509919627881E+01
  -0.181094081008396E+01 -0.190051848304750E+01  0.137860791194118E+01
  -0.218103998302483E+01  0.124830791039094E+01  0.261713803237452E+01
   0.118083309735931E+01  0.147357579746873E+01 -0.168191322045758E+01
   0.339594311263401E+01  0.160813558256124E+01  0.351640646971210E+00
  -0.105610722854287E+01 -0.172472173418244E+01 -0.249782024477951E+01
  -0.116809818667439E+01  0.189716433892024E+01  0.249531544894929E+01
   0.252189951432813E+01 -0.183117546588438E+01 -0.355136410756910E+01
   0.312997310830683E+01  0.168809790669318E+01 -0.215298242761221E+01
   0.318508311969189E+01  0.122456380221460E+01 -0.122632392893167E+01
   0.359006744785514E+00 -0.150280253196772E+01  0.311176745427671E+01
  -0.170499381984254E+01  0.175873488900010E+01 -0.109878473388972E+01
  -0.550780708020521E+00  0.170882883346461E+01 -0.513084579070983E+00
   0.279262078177678E+01 -0.273509560028425E+01 -0.135236136508479E+01
  -0.808661973322057E+00 -0.140091649000547E+01  0.138436001084750E+01
  -0.492854304534486E+00 -0.219251198315135E+01 -0.600379528066713E+00
   0.136041485247555E+01  0.336880193817598E+01 -0.730372282782476E+00
   0.347023846859081E+01 -0.701224701234962E+00 -0.988981869687054E+00
  -0.181330634056269E+01  0.353488383911026E+01  0.422998279696186E-02
   0.339142293209572E+01 -0.911965486008307E+00  0.118815153215743E+01
  -0.270192609445916E+01  0.208927623041640E+00  0.237985807349378E+00
   0.211723201283102E+01  0.252273173368418E+01 -0.400606828818386E+00
   0.241002444159690E+01  0.130685608475937E+01  0.685789139921876E+00
   0.122553253732852E+01  0.121612928388339E+01  0.675297020429185E+00
  -0.206520160444368E+01  0.835159207520183E+00 -0.496516335838578E+00
   0.344210565429345E+01 -0.959476851243881E+00 -0.198801061285795E+01
  -0.400129466519928E+00 -0.866861524132897E+00 -0.328551169399251E+01
   0.163555607092823E+01 -0.128755792331868E+01 -0.352760931483221E+01
   0.447434805013366E+00  0.293243919156670E+01 -0.352816385263828E+00
   0.136791258152598E+01  0.314098819599035E+01 -0.246258273836928E+01
  -0.269452839140124E+01  0.388230734214743E+00 -0.330543683995575E+01
   0.179974678797927E+01  0.233778982294581E+00  0.148135063711980E+01
  -0.194772464881427E+01  0.282239787489911E+01 -0.311298469783982E+01
   0.231633219057421E+01  0.356647478818065E+01 -0.518280259094941E+00
  -0.506111275444412E-01 -0.768495257385527E+00 -0.241030671768024E+01
  -0.189641074483224E+01  0.344989006273666E+00  0.233927166205192E+01
  -0.218877113779518E+01 -0.582603521971474E+00 -0.289278277113333E+01
   0.200248189504843E+01 -0.304957829293233E+01  0.104993023337430E+01
   0.356286185713863E+01 -0.247879428296678E+01  0.142846803856884E+01
   0.351343315856663E+01 -0.148574309739933E+01 -0.335896754973107E-01
   0.320362652542578E+01 -0.172268510769004E+00  0.200832936214624E+01
  -0.109089535487933E+00 -0.286218236165984E+01  0.151697663943805E+01
  -0.238102909041509E+00  0.329255282893976E+01 -0.227044646400481E+01
   0.169453957205722E+01  0.916429350537962E+00  0.303288850939496E+01
  -0.104426261230934E+00  0.468034731710496E+00 -0.250974290700808E+01
  -0.851641970738348E-01 -0.714977920137713E+00  0.124747488776041E+01
   0.146505102132648E+01 -0.704281842661774E+00  0.276109935250149E+01
  -0.282200431853951E+01 -0.508820801510839E+00  0.306470387910596E+01
   0.226709510938998E+01  0.113133185397342E+00  0.255151702152024E+01
  -0.229943979588268E+00  0.105893385841873E+01  0.145318779140239E+01
   0.139749760740072E+01  0.262444456234042E+01 -0.156559821612859E+01
   0.409311761966405E-02 -0.183423698094665E+01 -0.221066553256860E+01
  -0.796089106409183E+00  0.246361473645111E+01 -0.262074052811287E+01
  -0.167727872706040E+01  0.219794515059513E+01 -0.200922807067508E+01
   0.212807706402454E+01  0.169723200144575E+01 -0.138279219829368E+01
  -0.355004114451724E+01  0.777173917169202E+00 -0.296115189183208E+00
  -0.268867018069544E+01 -0.229411970463072E+01 -0.553066435489885E+00
   0.102690934102975E+01  0.258415420061233E+01  0.133816770287461E+01
   0.289188830744696E+01  0.276933833913858E+01 -0.356797843532214E+01
   0.368285398715535E+00 -0.294057352476346E+01 -0.273974359589103E+01
   0.129390162383378E-01  0.763098787917512E+00  0.244413430799523E+01
  -0.109581688045845E+01  0.333670314093743E+01 -0.313166377807066E+01
  -0.185185039199086E+01  0.117932923570412E+01 -0.289208234270794E+01
  -0.177909720880101E+01  0.166058088067623E-01  0.339488343105922E+01
  -0.772577092286402E+00 -0.152723126942590E-01  0.147686517855430E+01
   0.148363109793053E+01  0.115430582841712E+01  0.176461289369996E+01
  -0.285509272262990E+01  0.172376823515597E+01  0.108151947065402E+01
   0.233397595865298E+01  0.123533709956266E+01  0.218003504536743E+01
  -0.129289174416200E+01 -0.666079569782080E+00  0.219935934484374E+01
  -0.115628568084863E+01  0.434894580264029E+00 -0.351031330592920E+00
  -0.177398236913170E+01 -0.318914349927562E+01 -0.895437975173303E+00
   0.571123520126866E+00  0.178298072161071E+01  0.101477237569042E+01
  -0.331936344234330E+01  0.963342693936836E+00  0.237563388004120E+01
   0.316735434266088E+01 -0.104374466418900E+01  0.230288348804254E+01
   0.329722019113828E+01  0.201175735238266E+01  0.255648299356378E+01
  -0.946990763848661E+00  0.275428156368738E+01 -0.545328818156085E+00
  -0.189659562329920E+01  0.109741231128720E+01 -0.175424853374159E+01
  -0.327131922868532E+01 -0.343229954489357E+01  0.329587751486313E+01
   0.119707931764116E+01 -0.215347101346033E+01  0.295202881018990E+01
   0.683427400325804E+00 -0.177262517458562E+01  0.677244378426665E+00
   0.274130210391479E+01 -0.323212110292543E+01  0.339274286977827E+01
  -0.355886408128850E+01  0.248764487890870E+01  0.142813714799337E+01
  -0.180934823746102E+01 -0.188401439860609E+00  0.150530105356930E+01
  -0.207708926729599E+01 -0.137342758986648E+01 -0.225806110273451E+01
   0.264375397070353E+01  0.172030379990059E+01 -0.354095725796562E+00
  -0.234964493101255E+01  0.339052670252131E+01  0.272273016212119E+01
   0.335402210612116E+01  0.296410248202459E+01  0.280871811147748E+01
   0.197902305582887E+01  0.219507717913883E+01  0.167803147937651E+01
   0.197997493932075E+01 -0.143763191063427E+01  0.333141594308826E+00
  -0.869904201666787E+00 -0.311882847735047E+01 -0.265942952425142E+00
   0.452075430261359E+00 -0.182014787303981E+01 -0.315407751639702E+00
   0.806427838580729E+00 -0.231736696454439E+01 -0.155396251471375E+01
  -0.138307797894745E+01 -0.115196260695251E+01 -0.346714007919916E+01
   0.315023800133106E+01  0.298792751682473E+01 -0.531183284567511E+00
  -0.135027568583017E+01  0.154521200642604E+01  0.262722446025379E+00
   0.464108498345444E+00  0.311123203439226E+00  0.119495034005540E+01
   0.156448600205249E+01 -0.346637934014528E+01  0.199078399729927E+01
   0.853089913454767E+00  0.155516359920573E+01  0.313209948217568E+01
  -0.108478951357391E+01 -0.326872540084526E+01  0.109206198554525E+01
  -0.252677614851700E+01 -0.935579664683182E+00  0.214130734855965E+01
  -0.261834197555103E+01  0.186753468546142E+01 -0.315455130386088E+01
  -0.113501725520719E+01  0.309895756916011E+01  0.222053834492859E+01
  -0.271306770072255E+01 -0.680818089083291E+00  0.700030273529050E+00
  -0.260262601997593E+01  0.190927482507003E+01 -0.193012453049150E+01
   0.585077818713796E+00  0.635123530117522E+00 -0.346132720397828E+01
   0.352736049805317E+01 -0.314093005483021E+01  0.227721524211568E+01
   0.302548017763620E+01  0.248141791665281E+01  0.508522494403812E+00
   0.180741724638262E+01  0.873568691577017E+00 -0.969848476781545E+00
   0.262012857957790E+00 -0.107192138467361E+00 -0.157105329907804E+01
   0.468056568751719E+00 -0.225566959371838E+01  0.242116695031621E+01
  -0.186660634250692E+01  0.279925513734663E+00 -0.248377122631696E+01
   0.198558646874134E+01  0.214865951711867E+01 -0.339103450025911E+01
  -0.158054754746357E+01 -0.150926837689619E+01  0.265450621409906E+01
   0.300002408505694E+01  0.338652679223017E+01 -0.148477292691734E+01
  -0.616000188705854E+00 -0.161222521714019E+01  0.307922128974897E+01
  -0.263286531195210E+01 -0.114126148873318E+01 -0.150265945765448E+01
  -0.243697249832221E+01 -0.174116719156937E+01  0.323880372146180E+01
   0.166589509634494E+01 -0.243478939221199E+01 -0.110302718545729E+01
  -0.196197820900401E+01  0.316118912745950E+01  0.126956356895182E+01
  -0.314695576147408E+01 -0.610366639608153E+00 -0.297762546577394E+01
  -0.294677985042113E+01  0.240858596024011E+01 -0.445879188278851E+00
  -0.550252757367932E-01  0.917228249070087E+00  0.334807255783537E+00
  -0.807841654475423E+00  0.277183072936326E+01  0.535756207442113E+00
   0.264122219718500E+01 -0.506385246947914E+00 -0.252537931809893E+01
   0.437364751549502E+00  0.282090706851913E+01  0.233718962687305E+01
  -0.173165704271443E+01 -0.112202352642871E+01  0.431050825768322E+00
   0.175588067823516E+01 -0.412058346490248E+00 -0.421955193322460E+00
   0.228521275812578E+01  0.290047227096260E+01  0.287572674671665E+01
  -0.297829856044685E+01 -0.206196711195283E+01 -0.211440080011740E+01
  -0.351154007480213E+00 -0.117642077599457E+01  0.370651666666850E+00
  -0.763985121511301E+00  0.134995965637065E+00 -0.142982238816365E+01
   0.167078810223143E+01 -0.191790673988750E+01  0.139004080564632E+01
  -0.172927749699587E+01 -0.341972198133868E+01 -0.259134374412865E+01
   0.347070446278832E+00  0.315650816834506E+01  0.679237589562007E+00
  -0.335682526074418E+01 -0.138525889682116E+01  0.312475022824329E+01
  -0.218779963253058E+01 -0.227266339257278E+01 -0.291786900548548E+01
  -0.287116145104204E+01  0.341240009752911E+01 -0.678338041937032E+00
   0.110916075166036E+01 -0.519263538424387E+00  0.173723195242849E+01
   0.910251663212150E+00  0.583753882120944E+00 -0.453139065730136E+00
  -0.225582739492515E+01  0.287107874445244E+01 -0.127991289871425E+01
   0.756584104383071E-01 -0.235493920223658E+01 -0.358129884345037E+01
  -0.286436381176796E+01 -0.335495101423672E+01  0.134446794533775E+01
   0.123042863040091E+01  0.296087578616110E+01 -0.353275154133368E+01
   0.170726955943631E+01 -0.353575101645843E+01 -0.165405091742183E+01
   0.354974599912158E+01 -0.238049929364204E+00  0.225199849671701E+00
   0.103077243928150E+01 -0.100582519707988E+01 -0.141359976291810E+01
  -0.348115870721655E+00  0.119053930837701E+01  0.348903137850302E+01
   0.333864589286779E+01 -0.238642591857804E+01  0.321228225807849E+01
  -0.958047328834249E+00  0.299699205269739E-01 -0.303429806549012E+01
   0.553937059341970E-01  0.320895431397402E+01 -0.357571377081524E+01
  -0.117056137565320E+01  0.153390336245107E+01  0.123998288759825E+01
  -0.286708413720642E+01  0.287200462593470E+01  0.576676193313149E+00
   0.289325222938332E+01 -0.261723135393362E+01 -0.287469898135929E+01
   0.281773160416736E+01 -0.182434496522544E+01  0.101041645464153E+01
   0.247430627659016E+01  0.555396350673118E+00 -0.654483460146244E-01
   0.273435144585672E+01 -0.280316045754251E+01  0.203738635990251E+00
   0.834464255518496E+00  0.857782418015588E+00 -0.230037198366407E+01
   0.512054078856412E+00 -0.306702517466407E+01 -0.486465630477887E+00
  -0.196881418610622E+01 -0.297206740884436E+01 -0.183640075758484E+01
   0.129075000650514E+01  0.195408186007124E+01 -0.783488577620286E+00
  -0.124432433100842E+01 -0.757652310731387E+00 -0.184207447655336E+01
  -0.234678340919940E+00 -0.101977681656277E+01  0.234222570350283E+01
  -0.274002759580924E+01  0.243198888385017E+01  0.220903785122418E+01
  -0.127969051860704E+01  0.111943782223909E+01  0.318294017365798E+01
   0.247889803967243E+01 -0.721351284479538E-01 -0.120051987574002E+01
  -0.343112407753922E+01  0.673997326523086E+00  0.732074764125347E+00
   0.269060109533764E+01 -0.695716446120425E+00  0.324195584780941E+00
  -0.421389700111411E-01  0.105454689470864E+00 -0.611898968048119E+00
   0.107289576186706E+01 -0.531765648625474E+00 -0.233743062451690E+01
  -0.266056693632580E+01  0.129434046008222E+01  0.177770634672549E+00
  -0.169831890781832E+01 -0.198869031775283E+01 -0.408944029502688E+00
  -0.303167793849217E+01  0.254794785593038E+01  0.319910170951980E+01
  -0.302205139792550E+01  0.887746272467573E+00 -0.226065948194719E+01
   0.107647504961258E+01 -0.823702716639041E+00  0.761313248686597E+00
   0.319060355954483E+01 -0.129814773227274E+01 -0.296510920883563E+01
   0.573649610711546E-01 -0.130743260707726E+01 -0.120545502817234E+01
   0.101013173259706E+01  0.178022287954654E+01 -0.277296792646529E+01
   0.337976343254970E+01  0.198569224372281E+00 -0.309122340004316E+01
   0.234907801658567E+01 -0.163674994873072E+01 -0.810483498491942E+00
  -0.117234323599836E+00  0.223495539484423E+01  0.296707810326659E+01
  -0.108545603126026E+01  0.883496970789235E+00  0.233082925301928E+01
  -0.230318409184109E+01  0.785204212155784E+00  0.126153287444962E+01
   0.740786185429608E+00 -0.277602165053188E+01  0.101003282434235E+01
   0.354704679354547E+01  0.188194355174439E+00 -0.180898473845192E+01
  -0.280321293586470E+01  0.984437212159587E+00 -0.115921965272222E+01
   0.781994198071143E+00 -0.140357776251514E+01  0.192402260231566E+01
   0.221912769390073E+01 -0.345196977567110E+01 -0.285536262942230E+01
   0.158470375884217E+01  0.179496613036021E+00  0.330227862263172E+00
   0.457035263447181E+00  0.168591811008478E+01  0.203222471648356E+01
   0.319072263884260E+01  0.115288158242718E+01  0.159168690408554E+01
   0.248397075234768E+01  0.398018777365473E+00 -0.230039301961728E+01
  -0.103133273433405E+01 -0.205464951316265E+01  0.600498841929419E+00
  -0.270779360273860E+01 -0.125637333625783E+01 -0.507769044950380E+00
   0.126571922871424E+01 -0.263823804403853E+01 -0.274908431966564E-01
  -0.281116326904846E+01  0.132767649968821E+00 -0.705439130725888E+00
   0.226418641232977E+01 -0.180267086315332E+01 -0.254728671453174E+01
  -0.356674383012601E+01 -0.172753998886985E+01 -0.104537255096955E+01
  -0.369084512859438E+00 -0.335057026714602E+01  0.244890552732019E+01
   0.350071875435591E+00 -0.166134516929027E+00  0.360885659392449E+00
  -0.514451920405038E+00  0.237054708736837E+01  0.187487642604036E+01
  -0.240460069923131E+01 -0.281415852348218E+01  0.315531599237272E+01
  -0.210932063769229E+01  0.221542604330544E+01  0.262250305259862E+00
  -0.322656000794278E+01  0.302892926630426E+01 -0.166524739665464E+01
  -0.712801053221499E+00 -0.916906162383695E-01  0.315919880993866E+01
   0.996573457598379E+00  0.282580849522437E+00  0.232644816372609E+01
   0.176073501151215E+00  0.230661435198783E+01 -0.288090741211914E+01
   0.161013308609150E+01 -0.340903451771014E+01  0.301065780266335E+01
  -0.161520230657410E+01 -0.309810116464369E+01  0.205292348737054E+01
   0.139338813021226E+01 -0.140929139208383E+01 -0.455476252083104E+00
   0.330182339049998E+00  0.912403244237034E+00 -0.127418158303033E+01
  -0.147263182529868E+01  0.553588138820722E+00  0.721421268780324E+00
   0.233386992841136E+01  0.327717536184025E+01  0.403781529732465E+00
  -0.101303294650015E+01 -0.222935623622524E+01 -0.146741228069451E+01
   0.211681477673962E+01 -0.259489787751637E+01  0.254305198298298E+01
  -0.351326582262147E+01 -0.238838573237961E+01  0.274801099769563E+00
   0.335343843050301E+01 -0.315606093293115E+01 -0.573034964003348E+00
  -0.809248670191976E+00 -0.283959480149147E+01 -0.344125234086934E+01
  -0.110797583653191E+01 -0.956943526928491E+00 -0.678165745713622E+00
   0.311859828344395E+01 -0.200241067894069E+01  0.221929899596882E+01
   0.193708980273266E+01 -0.121690977301295E+00 -0.350105392253135E+01
   0.480852646105101E+00 -0.501838992408883E+00 -0.339252668561229E+01
   0.541672492430216E+00  0.168055505201992E+01 -0.168972728399405E+00
   0.191339685703130E+01  0.102868710023092E+01 -0.313190364086975E+01
   0.293996011453749E+01  0.880486430171489E+00  0.334830164613745E+01
  -0.308283463500765E+01 -0.306858144873999E+01 -0.258017099415600E+01
  -0.307486967069427E+01  0.827311975970598E-02  0.146378260843530E+01
  -0.197642751492584E+01  0.215004283685855E+01  0.145688028092883E+01
   0.260165143520322E+01 -0.816873167890564E+00  0.326503842252507E+01
  -0.102339128086556E+01  0.248997755630403E+01  0.345354614591463E+01
   0.132569063072236E+01 -0.298659862762426E+01 -0.325968938922461E+01
  -0.995621052454710E+00 -0.222348810605807E+01  0.215586899591980E+01
   0.330609196772226E+01  0.349350370870190E+01  0.617030921164855E+00
   0.353165832088742E+01  0.265717652311877E+00  0.292144669623779E+01
   0.705330402032891E-01  0.259893247929966E+01 -0.136323172678213E+01
  -0.256995421593836E+01 -0.583185616042314E-01 -0.179462449884386E+01
  -0.104402037440185E+01  0.329262463929257E+01 -0.156049187904894E+01
  -0.201755855836061E+00  0.210118609095513E+01  0.335418342225504E+00
   0.605701564660790E+00  0.353873499209118E+01 -0.145210258095929E+01
  -0.114118229228591E+00 -0.285416289558581E+01  0.381734160579240E+00
% -0.262318122230480E+01  0.105263239906308E+01 -0.114464321438590E+01
% -0.141178205210336E+01 -0.101513324771550E+01  0.446369426734358E-01
%  0.151003128031597E+01  0.293524824585181E+00 -0.301150815511632E+00
%  0.202143059929269E+00 -0.197633341002657E+01  0.551333586478841E+00
%  0.439828886152600E-01 -0.119184585575599E+01  0.832567714445903E+00
%  0.244213374376058E+01 -0.144100571782871E+01 -0.768888211635705E+00
% -0.189973449932989E+01 -0.270723995846212E+01  0.325389482563550E+01
%  0.895344671184052E+00 -0.694657562127811E+00 -0.105448178476223E+01
%  0.147013643768483E+01  0.327779656215456E+00  0.111854305673492E+00
%  0.458681468449758E+00 -0.768109363420005E+00  0.219022924207809E+01
%  0.713734734802434E-01 -0.218339417003993E+00 -0.545300563732412E+00
% -0.704739630955405E+00 -0.743708638662515E+00  0.614970753329775E+00
% -0.394896105480248E+00  0.207589088000235E+00 -0.536658681701940E+00
% -0.438659177524474E+01  0.128245651966855E+01  0.213168846994969E+01
%  0.139482009687530E+01  0.183019328644578E+01  0.123462937662778E+01
% -0.217683696630632E+01  0.124472636588447E+00  0.121549031639115E+01
% -0.120103730408903E+01 -0.415000960902021E+00  0.943290300152324E+00
%  0.538797238314028E-01 -0.765617648447195E+00  0.518985977875553E+00
%  0.702240091724348E+00 -0.217666288653975E+00  0.105200954470020E+01
% -0.894065560092099E+00 -0.516170493561483E+00  0.126090442494958E+00
% -0.469536482120982E+00  0.100976336885737E+01  0.106441459547176E+01
%  0.276534802800301E+01  0.182832033180680E+01 -0.979387568459876E+00
%  0.662549976478868E+00 -0.140392980945863E+01  0.162055783787885E+00
%  0.922816482790398E+00 -0.223002301087535E+00  0.293335383688185E+01
% -0.973968060091674E-01  0.100822965412876E+01 -0.187855027994485E+01
%  0.169101175825810E+00  0.126679084703372E+01  0.857883180917950E+00
%  0.124463387303168E+01  0.199490356051265E+01 -0.166754359763502E+01
%  0.170811391739278E+00  0.365348781654613E+00 -0.119636123951901E+00
%  0.133142862188059E+01  0.137968715547013E+01 -0.145455455547936E+01
%  0.209656816842997E+01  0.791526386825543E+00 -0.686927801225749E+00
%  0.104416988364944E+01 -0.891593063039208E+00  0.983396409382186E+00
% -0.194036829512915E+01 -0.169043046749374E+00 -0.711633807047676E+00
%  0.148402516383194E-01 -0.108703507900490E+00  0.153862608102269E+01
% -0.986184258540816E+00 -0.165232464326043E+01 -0.797835986189654E+00
%  0.842311964111333E+00  0.312810400811347E+00 -0.139093791079028E+00
%  0.287557183019750E+01  0.168800401237061E+01  0.143078876407382E+01
%  0.413594268861790E-01 -0.863027966687057E+00 -0.845168811446546E+00
% -0.121714412297179E+01 -0.353039384311895E+00 -0.273643169828376E+01
% -0.179324247016010E+01  0.113672727048916E+01 -0.101467591089961E+01
% -0.410386515303961E+00  0.638636857713865E+00 -0.160910077561705E+01
% -0.103462300274794E+01  0.197108695814230E+01 -0.650836893562393E+00
% -0.588561638515113E+00  0.175859580791514E+01 -0.556646870895541E+00
%  0.146165775391009E+00  0.228384076866547E+01  0.279117254099352E+01
% -0.249828444245600E+00  0.137766636806138E+01  0.706831379389716E+00
% -0.516991609237305E+00 -0.193302433290737E+01 -0.152708727160313E+01
%  0.832749665619635E-01  0.386435083043040E+00 -0.173750952807315E+00
%  0.184802862937244E+01  0.153686787228571E+01  0.425302495076102E+00
% -0.120956822862076E+01 -0.124101665825994E+01 -0.190134317902757E+01
% -0.730341163956415E+00 -0.737765028450745E+00 -0.221082313987321E+01
%  0.237712488758796E+01  0.569918543024154E+00 -0.125542218066383E+01
%  0.228424032693930E+01 -0.412461150666456E+00 -0.150923369319986E+01
% -0.885344472027196E+00  0.188889304520879E+00  0.884340640416277E-01
% -0.212515828239498E+01  0.455033220513035E+00  0.114670789009200E+01
% -0.116017926477681E+01 -0.694495167474188E+00 -0.207058013675970E+01
% -0.880698756702029E+00  0.846506269953122E+00 -0.146577359002326E+01
%  0.713991653988897E-01  0.183478109763801E+00 -0.961774290213034E+00
%  0.608043091865115E+00 -0.112879374649657E+01 -0.450753509208005E+00
% -0.176307517720896E+01  0.249853045724121E+00 -0.145344366835085E+00
%  0.150169116730563E+01 -0.187117420742996E+00  0.921965647706868E+00
% -0.112415350291467E+01 -0.194791573032894E+01 -0.339203637999523E+01
%  0.105165096275567E+01  0.501774330403867E+00  0.148112145220452E+01
%  0.436156018781633E+00 -0.236753951546516E+01  0.101822790142885E+01
%  0.617721182047764E+00 -0.145124384822357E+01 -0.718444671067576E+00
% -0.307130384257260E+00  0.128869447820909E+01  0.205763193299354E+01
% -0.155260564493483E+01  0.505113871348407E+00  0.143503486502994E+00
% -0.500812782643179E+00  0.191085249725402E+01  0.218528444465939E+01
%  0.389915171909599E-01  0.117587635161774E+01 -0.883071775705529E+00
% -0.142631981220986E+01 -0.245234146565739E+01  0.692496539432194E+00
% -0.908464700799333E+00 -0.183177193362155E+01  0.142321718508971E+01
%  0.120174076866896E+01  0.245569764888510E+01  0.136530425078778E+01
%  0.244371891450646E+01  0.516532894919018E+00  0.340322808021171E+00
% -0.934492511374978E+00  0.171861619269942E-01  0.230132944767227E+00
% -0.353244990754489E+01  0.265181035630349E+01  0.799281686746258E-03
%  0.932057061140149E+00 -0.109810827179049E+01 -0.719109577780732E+00
% -0.129372541814511E+01  0.225916483952810E+00 -0.686339309918324E-01
% -0.660406691225178E+00  0.175361333632129E+01  0.777410594730448E+00
% -0.107660633659643E+01  0.124474806201007E+00  0.222952329748142E+00
%  0.963798347061966E+00  0.108358552834561E+01  0.131222078019049E+01
% -0.216412162777836E+00  0.127572468513593E+01  0.765463521882426E+00
%  0.359686705205544E+00  0.323284232280339E+01 -0.101995457372783E+01
%  0.652887223824617E+00 -0.136946912097260E+01  0.670873627561560E+00
% -0.244980529288394E+01 -0.270421065406477E+01  0.264790727775248E+01
% -0.453302817027615E+00  0.230845979594753E+01  0.847026722704362E-01
% -0.348750487999606E+00  0.677468844716508E+00 -0.651015282766262E+00
% -0.152095611800592E+01 -0.116079505086862E+01 -0.785581751911931E+00
%  0.113641326028613E+01  0.909034722406743E+00  0.282616833479576E+00
%  0.383520453567155E+00  0.413695037355813E-01 -0.167090798447605E+01
% -0.993344457249031E+00  0.118501170789222E+01  0.195969092084309E+00
%  0.690643465492201E+00  0.239335321632884E+01 -0.657340757782398E+00
% -0.216955308424042E+00 -0.247064786071121E+01  0.643507737373313E+00
% -0.191086560241069E+01  0.796070408161325E+00 -0.114747007656148E+01
% -0.136122370991889E+01 -0.718124693276727E+00  0.161070215990921E+01
%  0.110253720066309E+01  0.112383373787933E+01  0.144863098045585E+01
% -0.100303297342473E+01 -0.729455829699324E+00  0.126658668400296E+01
% -0.688762233740092E+00  0.262034785870736E-01 -0.150717172665523E+01
%  0.381200500302191E+00  0.103554942721091E+01 -0.170840040935926E+01
% -0.258808505506820E+00  0.141080669393421E+00 -0.890665524212359E+00
%  0.154055641993682E+01 -0.882375291398665E+00 -0.319391191146126E+01
% -0.945134349737307E+00 -0.377891145483816E+00 -0.719116667896756E+00
% -0.463250192143981E-01  0.357329385799950E+00  0.347368226055958E+00
% -0.106066610349863E+01 -0.994431796479150E-01  0.499367388265183E+00
% -0.262028974384781E+01 -0.420572221518792E+00 -0.531883928564382E+00
%  0.407713096974712E+00  0.102635107973291E+01 -0.204767278647393E+01
% -0.187848964690075E+00 -0.396307846143280E-01  0.698885768851131E+00
%  0.832215300929001E+00  0.112087307351707E+01 -0.112863464270171E+01
%  0.878234460593581E+00  0.131142748294965E+01  0.422580487010436E+00
%  0.565668892767171E+00 -0.112021561805002E+01  0.212730029459983E+00
%  0.988905994608378E+00 -0.818087831120091E+00  0.592502917092661E+00
% -0.880997913563676E+00 -0.851933151036878E-01 -0.361827922159660E+00
% -0.620468322775859E+00 -0.162750470519145E+01 -0.118040982724903E+01
%  0.201651409524136E+01  0.603378485920442E+00 -0.164456569964891E+01
% -0.108151869499515E+00 -0.110014582466522E+01 -0.898757879967300E+00
% -0.188443347658192E+01  0.189931217847297E+00 -0.130749399121119E+01
%  0.109442727582883E+01 -0.431113240858872E+00  0.140314154041878E+00
%  0.894188560056230E+00  0.189175251268999E+00 -0.222547931216741E+01
%  0.672568980567268E+00  0.172721372352828E+01 -0.310362970844645E+00
% -0.204217999954341E+01  0.134876602549306E+01  0.161976298322322E+01
% -0.842795989021678E-01 -0.108416538898486E+01  0.171947883885331E+01
% -0.123469176301131E+00  0.225819414840759E+00  0.188806540140567E+01
%  0.478930087680864E+00 -0.149906577222681E+01  0.364166834663873E+00
%  0.106609158086109E+01 -0.252195324169822E+01 -0.728446170917012E+00
% -0.179101118588359E+01 -0.113475468553409E+01 -0.181314685296040E+01
%  0.470189939774807E-01 -0.120822046889163E+01 -0.228456455425982E+01
% -0.199322395086259E+01  0.302011101695817E+00  0.209073287974066E+01
%  0.204522267839935E+01 -0.105094871472748E+01  0.103269983549039E+01
%  0.607331920878957E+00  0.133999567305600E-01  0.226537851214842E+00
%  0.268537994044048E-01 -0.270031324037388E+01 -0.283738973330452E+00
% -0.103106388842790E+01  0.424683798359982E+00 -0.220042074412976E+01
%  0.247795405480931E+01  0.662449659145607E+00  0.269776994463609E+01
%  0.837065077529085E+00  0.131178113325657E+01 -0.828376231200188E+00
% -0.190100055537218E+00  0.161710382110867E+01  0.104614139906813E+01
%  0.393313565295357E+00  0.142270766980722E+01 -0.500208316978848E+00
% -0.185253735948905E+01 -0.230154111782066E+01 -0.122496795835771E+01
%  0.136539520107329E+01 -0.109014980723314E+01 -0.192898551424111E+01
%  0.173751037492556E+01  0.393149876625369E+00  0.133629446182365E+00
%  0.784779608920006E+00  0.587307463260181E+00 -0.981431833665972E+00
% -0.825390421625165E+00  0.823764505478763E+00  0.192605995070586E+00
%  0.307918184914336E-01 -0.366644130069298E+00 -0.460951159152227E+00
%  0.106307133980808E+01 -0.918438513165601E+00  0.161472100396672E+01
%  0.120889626892470E+01  0.216132390919464E+01 -0.427203202533197E+00
%  0.170417864566753E+00  0.152440612065480E+01  0.258895118210224E+01
% -0.727597107642150E+00  0.978551589761950E-01 -0.146225162204553E+01
% -0.313260999184499E+01  0.616358855206028E+00  0.665048940949203E+00
% -0.261723143190122E+00 -0.162434441294569E+01  0.582170726793219E+00
%  0.836617738689771E+00  0.870092161161032E+00  0.111460075411606E+01
%  0.165372455101160E+00 -0.948623870377072E+00 -0.611954247287138E+00
%  0.541699659719030E+00  0.198595668454087E+01  0.411058665808865E+01
% -0.950005717192698E+00  0.703517438172586E+00  0.880260704848063E-01
%  0.276890157189430E+00  0.108700529799905E+01 -0.228683874293445E+00
% -0.126748507810914E+01 -0.657823440780268E+00  0.450318691986887E+00
% -0.692576682706951E+00 -0.151324014733569E+01  0.535451475563362E+00
% -0.214409383962668E+00 -0.105984490476868E+01 -0.107512687192547E+01
% -0.134582148053990E+01 -0.110302127178836E+01  0.677871882047184E+00
%  0.168931783834031E+01  0.498288134024078E+00  0.154165386116481E+01
% -0.710344024320662E+00  0.251102832052025E+01  0.400858739000719E-01
% -0.147122496578125E+01 -0.595149393284396E+00 -0.644702808039260E+00
%  0.259022439762005E+00  0.557828417981636E+00  0.421517753624213E+00
% -0.182727558563674E+01  0.438806285572334E+00 -0.155530842084288E+01
% -0.294878410248106E+00 -0.150263620617037E+01  0.589581074677879E-01
%  0.278839052930507E+01 -0.128685276744070E+00  0.536325807219876E+00
%  0.560203557882528E+00 -0.315049134906862E+00 -0.401287226568568E+00
%  0.236463156239795E-01  0.220901504427678E+01  0.537356932346243E+00
%  0.287093011646743E+00 -0.177979486611072E+01 -0.257108266183554E+01
% -0.108503412088288E+01  0.219170175102469E+01  0.107106342786683E+01
%  0.132209744253833E+01  0.195310933678840E+01  0.152837897018878E+01
%  0.168654371775771E+01 -0.441106523937900E+00  0.150096206621814E+01
%  0.156284547449723E+01 -0.929111287024183E+00 -0.826681828272984E+00
%  0.324076686738481E+00 -0.597917681428058E-01  0.687458642616396E+00
%  0.569190345498883E+00  0.323500472366658E+00  0.314139101238175E+00
% -0.145182611321020E+00 -0.786800568359965E+00 -0.956125429368535E+00
% -0.202715194775798E+01 -0.113976957134965E+01 -0.426367298840398E+00
% -0.185302310139879E+01  0.971853130096277E-01 -0.193911778333912E+00
% -0.178166383233299E-01  0.146497207911426E+01 -0.245634887842571E+01
%  0.330046136249943E-01 -0.247877598936562E+01 -0.491193472163531E+00
% -0.144826728045954E+01 -0.250998680685217E+01 -0.556690420212712E+00
%  0.124644546525183E+01 -0.518323385391771E+00  0.117513745602213E+01
% -0.446077692287201E+00 -0.709221084183725E+00 -0.191527723283032E+01
%  0.141099929866169E+01  0.101940555399110E+01  0.170190836275999E+01
% -0.116863714791520E+01  0.209809073781142E+01  0.366737235809923E-01
% -0.975973174537087E+00 -0.799269151711127E+00  0.146425844322102E+01
%  0.117583231020639E+01 -0.548965143251428E+00 -0.618570581077413E+00
%  0.191939452906125E+00  0.179992438763626E+01  0.172904573694712E+01
%  0.123201455957845E+00 -0.287885691007080E+00  0.223823049234931E+01
% -0.940568435501970E+00  0.149849531562105E+01  0.793390260156722E+00
%  0.940894167520053E+00 -0.118369964057533E+01  0.110371177797339E+01
%  0.112636373512255E+01 -0.514662222239774E+00 -0.136276673630102E+00
% -0.806362582382412E+00  0.126574799943307E+01  0.860593724528165E-01
%  0.728903699242073E+00  0.977693566441529E+00  0.357585196341588E+00
%  0.116927205852102E+01 -0.210257078376991E+00  0.690992345416753E+00
%  0.605980215819139E+00 -0.813690711870484E+00  0.250515358521540E+01
% -0.540437117986750E+00  0.155114045071851E+01  0.246700708419414E+01
%  0.114456412379749E+01  0.148882358878013E+01  0.123128603843517E+00
%  0.223267805776951E+01  0.961713834955479E+00 -0.733718219255971E+00
% -0.661228849806868E+00  0.162454048246467E+01  0.275807506278769E+00
% -0.156066522181334E+01 -0.746628429357177E+00  0.380850197916893E+00
%  0.454331001040909E+00  0.505932741994473E+00  0.888814535884141E-02
%  0.404965825232305E-01  0.475875576390674E+00  0.505513976602907E+00
% -0.181263124255579E+01 -0.146585306672543E+00 -0.250559611761052E+00
%  0.284423248207299E-01 -0.765724358730412E+00  0.183884811721592E+01
% -0.280069709437537E+00  0.142710838454353E+01 -0.930993356973127E+00
%  0.568160558574818E+00  0.149459913504111E+01  0.228313591819197E+01
%  0.200241860879893E+01 -0.271340068801271E+00  0.798332033259353E+00
%  0.621134906519842E+00 -0.204065709959867E+01 -0.111341471555005E+01
%  0.160495188402510E+01 -0.112680195086321E+01  0.256674815925556E+00
% -0.333122791767000E+00  0.100224848903405E+01  0.238938052114143E+01
%  0.105182077147361E+00 -0.333595919892504E+01 -0.732388214931234E+00
% -0.277262982819404E+00 -0.188252541482144E+01 -0.122878552556963E+01
%  0.141256624386504E+01  0.124088927193077E+01 -0.825448902481616E+00
% -0.131508053528925E+00  0.177165215635673E+01 -0.991137403734070E-01
%  0.209703499205760E+01 -0.119763302660602E+01  0.781525084276395E+00
% -0.428809176711459E+00  0.100909448918276E+01  0.184526654663105E+01
% -0.740806877594715E+00  0.515801001625526E-01 -0.123450408515678E+01
%  0.201062763583111E+01 -0.162904099859908E+01 -0.126163448896705E+01
%  0.946897293212061E+00  0.522196036371370E+00  0.107002516078094E+01
%  0.219182793043058E+01  0.791400441597003E+00 -0.129772240166417E+00
% -0.438606936364168E-02  0.205865272028271E+01 -0.905679152199984E+00
% -0.187789833867679E+01 -0.133249286009349E+01 -0.206487818944867E+00
% -0.128852714021109E+01 -0.229630716931755E+00  0.221465154084534E+01
%  0.215772911960781E+01 -0.168164609790741E+01 -0.584103357982449E+00
% -0.109757284606764E+00 -0.169353208639696E+01 -0.489631382708479E-03
%  0.202253354296417E+01 -0.751532586799847E+00  0.140365410286665E+01
%  0.289247169450011E+00 -0.311097658835578E+00  0.496915727343469E+00
% -0.268159614894802E+00  0.997405240738416E+00 -0.221308476522233E+01
%  0.278864664593718E-01  0.848897585884507E+00 -0.844359192369284E+00
%  0.660302118201167E+00 -0.177571042315628E+01 -0.114626765292650E+01
% -0.230760378115792E+00 -0.707358714531852E+00 -0.304380641229950E+00
%  0.140099053773625E+01  0.116206473548115E+01 -0.781644883960452E+00
%  0.168441683927870E+01  0.960081504842399E+00 -0.105233464885834E+00
% -0.793386683265403E-01 -0.659304446542364E+00 -0.258267188079033E+00
%  0.128949577788488E+01  0.196618181690036E-01  0.103640798041771E+01
%  0.193334673727269E+01  0.121103129666228E+01 -0.896324766700706E+00
% -0.682214556655259E+00  0.471181691332764E+00  0.137733616064766E+01
% -0.208908000785742E+01 -0.927320788575336E-02  0.213057779984789E+01
%  0.629918692993956E+00 -0.246931670837277E+01 -0.367517445651959E+00
% -0.696536983205436E-01  0.173720147583458E+01  0.174408186506168E+01
%  0.243613819082135E-01  0.821525117527023E+00  0.332929086934192E-01
% -0.583256333457232E+00 -0.344237785591766E+01 -0.914130773084562E+00
% -0.329474063276564E+00  0.459234279618965E+00 -0.337906730112268E+01
%  0.103636704626324E+01 -0.280069039007602E+00 -0.144965566509446E+01
% -0.145717786895933E+01 -0.118919034345236E+01  0.310581806532038E+00
%  0.761342038157565E+00 -0.246328021811261E+01  0.792265859084608E+00
%  0.213300743849396E+00  0.109422545036295E+01 -0.781261459078288E+00
% -0.146292493075077E+01 -0.180215966692976E+01 -0.960086627309596E+00
% -0.730198871084256E+00  0.235192210885653E+00  0.178496571596875E+01
% -0.123704218566305E+01 -0.290072798776440E+01 -0.414018791244765E+00
% -0.515567562996392E-01 -0.657088702011108E+00 -0.153307863291724E+01
% -0.455097325115436E+01 -0.279552288062870E+00  0.357822754594329E+00
%  0.166513371970350E+01 -0.851002873955128E-01 -0.155695636708823E+01
%  0.135718580076358E+01 -0.833358005196475E+00 -0.115689232675835E+00
%  0.865475866832672E+00  0.223986921603373E+01 -0.993187219891560E+00
%  0.846417754749642E+00 -0.118348152862174E+01 -0.181967847835109E+01
% -0.798121057204986E+00 -0.115214808962929E+01 -0.132050759214429E+01
% -0.130149939228254E+01 -0.431685466383408E+00 -0.503786403872784E+00
%  0.120643003434671E+01 -0.278417307238958E+01 -0.803034306287798E-01
% -0.872792179089913E+00  0.169681432119862E+01 -0.682908770645498E+00
% -0.719812524653853E+00  0.114054952712843E-01 -0.223053532000029E+01
%  0.103232397474166E+01  0.161140546558626E+01 -0.418012984718749E+01
%  0.210059956461730E+02  0.160561696720676E+02  0.257278018052114E+01
%  0.155479107047091E+02  0.431973739398325E+01 -0.733624882177686E+01
%  0.870417330754012E+00 -0.387296974725472E+00 -0.726301387871181E+00
% -0.147945065817321E+02  0.280395300753061E+02 -0.103713877505488E+02
% -0.399562542027282E+01  0.211134185435505E+01 -0.596664183452452E+01
%  0.194185512632473E+02  0.265815525101634E+02 -0.422916835844546E+02
% -0.807085756321182E+01  0.239379376516136E+02 -0.116157991916550E+00
% -0.105847224442885E+02 -0.262503590074949E+02  0.205356199792115E+01
% -0.235874047530622E+02 -0.400245258400139E+02  0.110822420664930E+02
% -0.145962216281494E+02 -0.689298140908700E+01 -0.256084979919693E+02
%  0.464539506492715E+01  0.102094726250925E+01 -0.145255611940042E+01
% -0.100282426084968E+02  0.151551147816249E+01 -0.570571653937785E+01
%  0.102115366379305E+02  0.876346955482001E+01  0.500574795949217E+01
%  0.410040049613433E+01 -0.547814182622755E+01  0.175057172521007E+02
% -0.171146723053859E+02 -0.728481753847271E+02 -0.175835639756781E+02
%  0.168691330468968E+02 -0.919976473743316E+01  0.827751766792141E+01
% -0.203837593846797E+02  0.163142560192448E+02  0.515625113957356E+02
% -0.433939192506111E+01  0.149054139237364E+01  0.645446565931454E+00
% -0.123814496774345E+02  0.295683352745998E+02  0.394234159989503E+01
%  0.981783283142464E+01  0.400961477588567E+02  0.276618160955377E+02
%  0.300210033258922E+02 -0.340585670853524E+02  0.536228238130776E+00
%  0.654484410481488E+00  0.181848038459653E+00 -0.243042132940684E+01
% -0.107093380869015E+02  0.127933798160916E+02  0.376558810923172E+01
% -0.116162106666231E+01 -0.135156396636920E+02 -0.186347048579243E+02
% -0.236483567726997E+01  0.112389548542425E+01 -0.799277552823439E+01
%  0.476333624345435E+00 -0.754939321525362E+01  0.923675503353143E+01
%  0.362098874765447E+02  0.381103377807630E+02  0.954094753472468E+00
%  0.109743353133941E+02  0.322406943377994E+02  0.610177081296242E+02
% -0.279841470644252E+01  0.721379859303959E+01  0.144909423378775E+01
% -0.906804948683942E+01  0.113043169818804E+02 -0.324729464622110E+01
% -0.142014579208400E+02 -0.414931011528105E+01  0.119487151029505E+02
%  0.644520355365527E+01  0.562105461302523E+01  0.138723603799189E+02
% -0.199315778920420E+02 -0.794568724593301E+01  0.173782620775885E+02
%  0.234447912842921E+01  0.175106839644790E+02  0.161378697027889E+02
% -0.477436602820469E+01 -0.151206942489288E+02  0.263991561179928E+02
%  0.484546028835914E+01  0.562734476270091E+00 -0.112007064362628E+01
%  0.473218103350341E+02  0.217024072132688E+02  0.358694935333363E+02
% -0.238072428153060E+02  0.387374951218163E+02 -0.292630076947245E+01
% -0.376389142562941E+01  0.202695769020168E+01  0.860219390216162E+01
%  0.570698313985214E+02 -0.541268398070447E+02 -0.322470601737383E+02
%  0.161493126650228E+02  0.524625713032371E+01  0.123635996153872E+01
%  0.985711054914147E+01 -0.338349049087484E+01 -0.305806898527439E+01
% -0.543507238250484E+02 -0.294691262390480E+02 -0.475587816056515E+02
% -0.100576358452146E+02  0.159979988088589E+01  0.760448513611479E+01
% -0.252433038649878E+01 -0.443703213248227E+01 -0.492787317083519E+01
% -0.130091588355396E+02 -0.777617685237882E+01 -0.283068864513772E+02
% -0.921338136105501E+00  0.891009039930807E+00  0.282192043509008E+01
% -0.111188315112006E+02 -0.365622451181049E+01  0.320513716619529E+01
% -0.237147440986664E+02 -0.208794836583275E+02 -0.890452572133444E+00
%  0.821166499307655E+01  0.360106924523892E+02 -0.402258049117544E+02
%  0.207523017437471E+02  0.993381912990206E+01  0.565328131136851E+02
% -0.259065658963926E+02 -0.366575616346104E+02  0.123725646543480E+02
%  0.393293085852773E+02 -0.248027946483951E+01 -0.141964998953042E+02
% -0.200894935300823E+01  0.537970367591529E+01 -0.134635207173989E+01
% -0.139257268714809E+02 -0.315878645377517E+02 -0.102596121959591E+01
% -0.108632160745012E+02  0.492380135244645E+02  0.119578363536344E+01
% -0.379609136329503E+01  0.898164644010612E+02 -0.268603603856225E+02
% -0.239722448525289E+02  0.158369012292475E+01  0.117449355017289E+02
%  0.940999912685098E+01  0.649282777787813E+01 -0.237327889510978E+01
% -0.931467127141514E+00 -0.631596908233634E+01 -0.169959866552698E+02
% -0.752612750844270E+01 -0.548271968344052E+01  0.297684099663198E+00
%  0.375996812374977E+02  0.659039992342324E+01  0.511133803164343E+01
%  0.238951999106366E+00  0.424573540351797E+01 -0.520962187618157E+01
%  0.788647061243644E+01  0.148639736993496E+02  0.819916851146421E+01
%  0.611326264286903E+00 -0.252938594119229E+01 -0.152726683546332E+01
% -0.604029789523003E+01  0.446959182853839E+01 -0.449540361666508E+01
% -0.473059605534902E+01 -0.966192998813058E+01  0.536240823438498E+01
% -0.340780079404871E+01 -0.828120328065414E+01  0.558194184995187E+01
% -0.168486309601309E+02 -0.805782377382623E+01  0.761623219257049E+01
%  0.374231697694924E+02  0.208494681817744E+02 -0.218902682020564E+02
%  0.369420328037252E+02  0.356999089298751E+02 -0.119174647751520E+02
% -0.497148035456394E+01  0.748103130387673E+00 -0.104430028191476E+02
% -0.130581433412012E+02 -0.197197612769512E+02 -0.525955430853433E+01
%  0.138754977642006E+02  0.303093030004233E+02  0.151207218528438E+02
% -0.191073639684830E+01 -0.269682992521584E+02  0.129005602598859E+03
% -0.532176287425115E+01 -0.269464767907966E+01  0.991050739607389E+01
% -0.281275336911573E+00 -0.186345168064230E+01  0.970027459731318E+01
%  0.885112462808039E+02 -0.130736411565140E+02 -0.474039482242391E+02
%  0.395752850368435E+01  0.220937337446586E+02 -0.112248071984763E+02
% -0.102626964627758E+01 -0.121062041548974E+01 -0.147263529839506E+01
% -0.284776388212286E+01  0.221371503842902E+02  0.889030463205440E+01
% -0.621387869151166E+02  0.134445301083835E+02 -0.188621051851250E+02
% -0.124675678708814E+02  0.324018205809767E+01  0.856465375040519E+01
%  0.465427502142512E+02  0.372565511834094E+01  0.319630394706145E+02
%  0.211222290873323E+02  0.498666735819107E+01  0.128805753462107E+02
%  0.246512234110266E+02 -0.747944611732625E+01  0.234894616499768E+01
%  0.528121008369604E+01  0.398091991619409E+01  0.549195763087894E+01
% -0.733602777933915E+02  0.180378213759024E+02  0.678810637517084E+01
%  0.330163534300756E+02  0.538853086616057E+02 -0.355858874321532E+02
%  0.775437829484083E+01 -0.462900330237251E+02  0.384733580543135E+02
% -0.128897711240852E+01 -0.310722467182916E+02 -0.851473070998027E+01
% -0.927088281739478E+00  0.143878029351026E+01 -0.280225865004009E+01
% -0.837659822903334E+01 -0.431457826966073E+02 -0.387246691757452E+02
% -0.123752114321047E+01  0.329210760771893E+01  0.939649232040106E+01
%  0.998050152961277E+02  0.120633590205616E+02  0.750515162286224E+02
% -0.104433669216807E+01 -0.441552372504080E+01  0.128919497098536E+02
% -0.343736886487878E+01 -0.104605175050919E+02 -0.102581855285730E+02
%  0.953547030239079E+00  0.128033796467553E+01  0.372586830476077E+01
% -0.240026102875442E+02 -0.466691226919375E+01 -0.462032210630157E+02
%  0.251326124013494E+02 -0.221042502331706E+02 -0.255633186532307E+02
%  0.195476518815822E+02 -0.405073232170146E+02 -0.678041916819172E+01
%  0.231335446612295E+00 -0.112826572143887E+02 -0.645968863906728E+01
%  0.644415619899455E+01  0.684692560909837E+02 -0.996275317210671E+02
%  0.781343494808746E+01 -0.444993583572866E+01 -0.403479820978829E+01
%  0.807217432864010E+01 -0.113097464380239E+02  0.271349660511004E+02
% -0.877385433399602E+01 -0.961337512337600E+01 -0.574495174985702E+01
% -0.621814628924426E+01 -0.722530083534216E+01 -0.102904629675055E+02
% -0.217377150049884E+02  0.113631265746219E+02 -0.141855037581776E+02
% -0.147481802990059E+02  0.228763509628080E+01  0.283061878126281E+01
%  0.133859565350555E+02 -0.203385974284818E+02  0.237112921894570E+02
%  0.949378736338566E+01 -0.114605884827145E+02 -0.297697665056377E+02
%  0.138996148440433E+02  0.157802028303496E+02  0.371820795179526E+02
% -0.205413172955645E+01 -0.283259407308506E+01 -0.146330292803478E+02
% -0.846937903213367E+01  0.514154097814499E+01  0.976709663645740E+00
%  0.167615527933725E+01 -0.867520310578140E-01 -0.383944614785954E+01
%  0.168229761901177E+02  0.247085076251152E+02 -0.808750690402555E+01
%  0.132388875000038E+01  0.335320706025954E+01  0.188501446662702E+01
% -0.155809031796910E+02  0.223639586440346E+01  0.456096340431330E+01
% -0.343804586072181E+00 -0.247876439132015E+02  0.108273672100554E+02
% -0.416428434635841E+02 -0.969760911567105E+01  0.430125432158084E+01
%  0.275140382783909E+01 -0.138420396366445E+01  0.204912909086273E+01
% -0.107397282772034E+00 -0.848398487409146E+00  0.546600377471054E+01
% -0.180956290414749E+02  0.298054415946840E+02  0.907860638080324E-02
% -0.662689401391880E+01 -0.306839960192464E+02  0.166244758161357E+02
%  0.117941269470203E+02 -0.106832574910616E+02 -0.162567798270137E+02
% -0.104329468602022E+03 -0.347595239732810E+02 -0.751989244318892E+02
%  0.952297705344617E+01 -0.836979716456908E+01  0.125439727222520E+02
% -0.220493588373186E+01 -0.156862471571094E+01 -0.335141227009353E+00
% -0.147916973357135E+02 -0.111022806469586E+02  0.438263932617758E+01
% -0.223985834474783E+02  0.531164970602762E+01 -0.501124594254701E+01
% -0.308375185670661E+02 -0.174869171809481E+02  0.931765445728111E+01
% -0.284694795352507E+02  0.132546290431496E+02  0.134054104388191E+02
%  0.198660300906566E+02 -0.299772669559619E+01  0.624629562780920E+01
%  0.295317921548155E+02 -0.990729054957862E+01  0.192340040534648E+02
%  0.231763560935224E+01  0.129729034656912E+02 -0.318608378825088E+01
% -0.348824097792666E+02 -0.854171789134277E+01 -0.168494070889798E+01
% -0.497293263393204E+01 -0.138582649546852E+02  0.216208741318602E-01
% -0.121173999288422E+01 -0.125304887951373E+01 -0.594940106989219E-01
% -0.600378379880653E+02  0.657127200669165E+02  0.235767132977398E+02
%  0.377737570592667E+01 -0.536333315816036E+02 -0.182231257203610E+02
% -0.119619962778215E+02  0.197291351544558E+02 -0.129770587697113E+02
%  0.706612257823664E+02  0.506536859063697E+02  0.147942501649435E+02
%  0.950719632124918E+01 -0.182456550555219E+02 -0.276951354243198E+02
% -0.501858476494972E+02  0.640410095513012E+01 -0.507160702256414E+02
% -0.317978648757331E+00  0.389548304295171E+01  0.233105850693170E+01
%  0.149857258794282E+02 -0.280794122250859E+02 -0.184366789565280E+02
% -0.901406993033670E+01 -0.440241465590125E+02 -0.985256874397752E+01
% -0.430535642727288E+00  0.124833683620025E+01 -0.262620978003081E+01
% -0.326116134085264E+02 -0.105511807131200E+02 -0.373525062602325E+02
% -0.232452700976018E+02 -0.422738748338560E+01  0.100639093003024E+02
% -0.340938613100244E+02  0.325224613216347E+00  0.103393072445273E+01
%  0.131223102976248E+01 -0.295798956237929E+01  0.284256457530584E+00
% -0.753166090524473E+01  0.216135574061987E+02  0.110407369119548E+02
%  0.134055484500993E+02  0.255899210411411E+02 -0.106293034322297E+02
%  0.209014638752063E+01  0.216771507051045E+00  0.110000882495621E+02
%  0.208080905111604E+02 -0.117355005838273E+02 -0.704422275744123E+01
%  0.312024037273578E+01 -0.127948254129392E+02 -0.497516623750002E+01
% -0.179430717261854E+02 -0.277568448655978E+02  0.418080773955839E+02
% -0.380771652217124E+01 -0.544571443741482E+01  0.217748899146339E+00
%  0.220572770682290E+02  0.281152306379327E+02  0.590754103065362E+01
%  0.822485548949862E+01  0.146730532407568E+00 -0.844600854473994E+01
%  0.721385490637502E+01 -0.205916611229400E+01  0.722845259851552E+01
%  0.307182632195822E+02  0.396737386775573E+01  0.784092820423039E+01
%  0.112954136984973E+02 -0.855370535792450E+00 -0.168703584338562E+01
% -0.681062846389544E+01  0.256286995012828E+01  0.253599683840405E+02
% -0.246130936920609E+01 -0.106483238875220E+00  0.124765540961346E+01
%  0.104412524725891E+02 -0.532262528876555E+01  0.260478677580333E+02
% -0.725419838247191E+01  0.586110995445106E+01  0.442650111615835E+01
%  0.948662497523547E+01  0.180673217698271E+01  0.122461841944153E+01
% -0.337367718499832E+01  0.132297041718829E+01 -0.331963423692396E+01
%  0.117323347694190E+02 -0.257244589813360E+01 -0.913549388898224E+01
% -0.301263255006258E+02 -0.602056583646120E+01  0.400571511977732E+01
% -0.191858046430616E+02 -0.515686944387334E+02 -0.418003783494546E+02
% -0.258708794174400E+02 -0.127470131654835E+02 -0.181072510248734E+02
% -0.352936602165462E+02  0.662791919096158E+02  0.658230319245357E+02
%  0.684669817977713E+01  0.349658954696602E+01  0.116227871671720E+02
%  0.247544985531248E+00 -0.204189141511966E+01 -0.342089968525800E+01
%  0.373112679915402E+01  0.106723811515649E+02 -0.155691327589056E+02
%  0.470737253452148E+00 -0.155873400421419E+01 -0.104618604766610E+02
% -0.562418406669996E+02  0.185971027850498E+02  0.120029265233889E+03
%  0.436750033415905E+01  0.258279787398953E+01 -0.123032988090312E+01
% -0.168852998899144E+02  0.165598574887934E+02  0.248023637903016E+02
% -0.224688274487052E+02 -0.242421545086215E+02 -0.190325964232237E+02
% -0.109727701510669E+02  0.282748118297686E+01  0.137734785569172E+02
% -0.307173715651788E+01  0.613646848559247E+01 -0.126315496960600E+02
% -0.976270509975119E+01  0.126470927003200E+01 -0.219324661725286E+01
%  0.180531822338158E+02  0.812275325003590E+00 -0.354943119614675E+01
%  0.376574388593892E+02 -0.202782128884100E+02  0.350611093732854E+02
%  0.129128930084442E+02  0.128167938042583E+02 -0.106000491468095E+02
%  0.103680304291430E+02  0.395486614266311E+01 -0.108494388306525E+02
%  0.561558092959051E+01 -0.585428445499180E+01 -0.585039989341159E+01
% -0.132390081936246E+02 -0.273841265451403E+01 -0.613305407823135E+00
%  0.279654063858923E+02 -0.701699135632235E+01 -0.308458429808665E+01
% -0.905374822652552E+01  0.667244444736876E+01  0.484016793272314E+01
%  0.141377452277431E+02  0.733922590914631E+00  0.268729222295219E+00
% -0.163804901246571E+01 -0.137372598401788E+02  0.548344283516894E+01
%  0.607502233830572E+02 -0.260156145832692E+02 -0.125191164578280E+03
% -0.138253086973336E+02  0.516657936700140E+01  0.758968673988085E+01
%  0.328460321632546E+02 -0.492223995167576E+01 -0.964635069734040E+01
% -0.187466886883171E+02 -0.119035647579990E+02  0.912731144886974E+01
% -0.205139550385963E+02  0.441273434800193E+02 -0.354399428551313E+02
% -0.136865576781975E+02 -0.337686715815825E+02  0.345943290571791E+01
% -0.129951488262821E+01 -0.856292496738388E+01  0.445142783493435E+01
% -0.157300309892236E+02  0.190799192155459E+02  0.401751431358756E+02
%  0.196311876124075E+01  0.427880726085647E+01  0.161490851825516E+02
%  0.320080893169629E+00  0.198138629766433E+01 -0.181351324778927E+02
% -0.820964711453341E+01  0.629948133978916E+02  0.152824670907163E+02
% -0.106965549691516E+01 -0.853543842775208E+01 -0.116628422760323E+02
% -0.142423651600382E+02  0.415039977587490E+02 -0.287401366650243E+02
%  0.263209543856875E+02  0.205642019908662E+02  0.151834015087549E+02
% -0.127891835968011E+02 -0.579033235968275E+02 -0.385061520266691E+02
% -0.546369544199609E+01  0.565963152676738E+01  0.108406338245280E+02
%  0.170552110487932E+01 -0.158566730229896E+02 -0.126186634551400E+02
%  0.331245091827597E+01  0.311141829429847E+01  0.562548317400927E+01
% -0.876733676938657E+01 -0.171742821514616E+02 -0.374634578543869E+02
%  0.237184743150248E+02 -0.816897154710170E+01 -0.179967138002669E+02
%  0.287793690928106E+01  0.940072242289959E+01  0.372533897988223E+01
% -0.382618054935791E+01  0.115883261212453E+02  0.112382783749197E+01
%  0.390614991998680E+02  0.229876917229693E+02 -0.215993968864144E+02
%  0.768438721840578E+01 -0.828241231749957E+00 -0.307151756197075E+02
%  0.234265853219427E+01  0.194843087794493E+02  0.132016379727116E+02
% -0.785651894800789E+01  0.139644494298231E+02 -0.930963021236958E+01
%  0.479391772818476E+01 -0.243109262115736E+01  0.166279418494159E+01
% -0.643034386315955E+01 -0.929952041132776E+00 -0.288100615593922E+00
% -0.215614243303157E+02 -0.252617881904672E+01 -0.213545667897559E+02
%  0.256924934289061E+01  0.865666100087854E+01 -0.457637370312603E+01
%  0.127031062399215E+02 -0.396584286419385E+01 -0.773391545493602E+01
% -0.169747158301056E+02 -0.125113478737793E+02  0.338800994871009E+02
% -0.172704174972449E+02  0.683983920849082E+01 -0.956193109176284E+01
%  0.802007263974184E+01  0.407393367566406E+01 -0.198334434685345E+01
%  0.244185580302151E+02 -0.328894457800678E+02  0.139429141982194E+02
%  0.120571105153763E+02  0.880964786544309E+01  0.323861842549515E+01
% -0.119384454317510E+02 -0.191556063764859E+01  0.277352127985262E+01
%  0.190803532305275E+01 -0.122430248445305E+01  0.247492061896198E+01
% -0.136253926280696E+02 -0.386103588217764E+02  0.458191764236642E+01
% -0.716118204906379E+01  0.975241237570790E+01  0.418251321133151E+01
%  0.469722343692036E+02  0.164598793348292E+02 -0.506150704980221E+01
%  0.700747529546264E+01 -0.169160930997790E+02 -0.265380801889128E+01
%  0.248924901695282E+01  0.131560509798431E+01  0.175999458015080E+02
% -0.399121851765939E+02  0.391303581437622E+02  0.195095569282358E+02
%  0.116932367409781E+01 -0.186028312986367E+01 -0.220234070906811E+01
%  0.961274171524075E+01 -0.350095507313376E+01  0.232621182005360E+01
%  0.707206201367315E+00 -0.467545917165520E+01  0.601258950308962E+01
%  0.103531274440300E+02 -0.139270205049349E+01 -0.687517620329411E+01
% -0.307790909469969E+01 -0.121328874427955E+02 -0.855435958138085E+01
% -0.553045774565959E+01  0.809679876881092E+01  0.109361231801799E+02
%  0.108958711795117E+02 -0.199660731018967E+01 -0.507390613106778E+01
%  0.223854670718182E+02  0.114576330041059E+02  0.202176747500460E+01
%  0.101883028926068E+02 -0.923053556278046E+02  0.258922799799352E+02
% -0.283879320477210E+01 -0.429731432915227E+01 -0.688930516907916E+00
% -0.134012419496070E+01 -0.352935288183837E+01  0.472054774766123E+01
% -0.601884076178902E+01  0.207630927064127E+01  0.111075764351666E+01
%  0.424144666182258E+02 -0.418087322406428E+02  0.138042383580996E+02
% -0.679487481191323E+00  0.151066022353848E+00 -0.734515837735500E+01
%  0.341388311967745E+01  0.552914298407497E+01  0.631174710140191E+01
