% T    256  0.715122828077254E+01  0.715122828077254E+01  0.715122828077254E+01
  -0.191726188579989E+01  0.120970047929784E+01  0.238602990738045E+01
   0.224163038782436E+00 -0.299780503482779E+01  0.254621732444755E+00
   0.341570906752929E+01 -0.208241632521536E+01 -0.111652184800685E+01
  -0.248429345579215E+01  0.341560561196184E+01 -0.316563712485422E+01
  -0.589804610530954E-01  0.339609815213951E+01 -0.909555113816516E+00
   0.212895429422925E+01  0.310695739752159E+01 -0.201786312102844E+01
   0.553376500640937E+00  0.196294801025044E+01  0.122776161310882E+01
   0.113424660070392E+01 -0.175115292954557E+01 -0.255300141659540E-01
   0.214912530012467E+00 -0.106177144395701E+01  0.101745738693806E+01
  -0.164937975323758E+01 -0.253691751598752E+01 -0.959122575452011E+00
   0.127099523358217E+01  0.187477769339715E-03  0.264778599869689E+01
  -0.815136020374469E-01 -0.271532241406457E+01 -0.803943874254507E+00
   0.125870054734070E+01  0.311857046335753E+01  0.303157469638513E+01
   0.612973552187918E+00  0.673281914094990E+00 -0.211378278462159E+01
   0.122020501419175E+01  0.325165776284035E+00 -0.352424181689686E+01
  -0.161248364187752E+01 -0.415483308591638E+00 -0.322864662190545E+01
   0.119833486108013E+01  0.232036012276170E+01 -0.197463896590603E+01
  -0.921789921524135E+00  0.125275544297700E+01  0.215796633916689E+00
   0.476934225663428E+00 -0.709084367996831E+00 -0.352041718194452E+01
  -0.450854752832402E+00 -0.162002846929331E+01 -0.823024516269273E+00
  -0.145027778254549E+01 -0.160623030403208E+01  0.325057190892361E+00
   0.186851255656939E+00 -0.100336538060721E+01 -0.128906572252997E+01
   0.350492880198726E+01  0.352014648300544E+01  0.230144311140651E+01
  -0.317218639672334E+01  0.142183245652384E+01 -0.326664721156434E+01
  -0.311744382011697E+01 -0.941869557527563E-01  0.208694923745007E+01
  -0.988916895731399E+00  0.171806735095654E+01 -0.189977284515164E+01
   0.670441550867347E+00  0.919009145018056E+00  0.268438174816313E+01
  -0.346280493403571E+01  0.163979629701625E+01 -0.407445109935489E-01
  -0.271110693158655E+01  0.173994655395789E+01  0.291638995601270E+01
   0.246468091372472E+01 -0.214647149512592E+01  0.225076731465169E+01
  -0.459537351892970E+00 -0.350840354122539E+01  0.133438848140633E+01
   0.157081239717474E+01  0.149901902504976E+01  0.502498946900417E+00
   0.688324180222324E+00 -0.147490691492298E+00 -0.113986048200152E+01
  -0.207721038149460E+00  0.142805043125047E+01 -0.248000425916969E+01
   0.144691171659180E+01  0.239451195346312E+01 -0.318037420570166E+01
  -0.701253930317597E+00 -0.232821056969576E+00  0.308363181593420E+01
   0.194615546352257E+01 -0.281900796895644E+01  0.296111119803068E+01
  -0.158532704174330E+01  0.335013223189118E+01 -0.239972483651229E+01
   0.840638129593047E+00  0.267445871283127E+01  0.431055131783096E+00
   0.136206541262545E+01  0.356165209595379E+01  0.815004694097222E+00
   0.334821460096181E+01 -0.329720554616953E+01 -0.108695971915056E+01
  -0.194110050162102E+01  0.127198607114070E+01  0.336870777193417E+00
  -0.257716735530766E+01 -0.322100703017363E+01 -0.191000370193905E+01
   0.100703819371139E+01 -0.480596212313345E+00  0.874600158269268E+00
   0.109534488496499E+01  0.334049943468339E+01 -0.293493855014244E+00
  -0.119572587009497E+01  0.658091033630776E+00  0.163812129209051E+01
  -0.255269554662803E+01 -0.188241406393964E+01  0.500891392095154E+00
   0.232043149836587E+00 -0.184007656097038E+01 -0.213545727550484E+01
  -0.290435578293664E+01  0.333551847489813E+01  0.812201904373822E+00
  -0.562845173468765E+00  0.307632384333591E+01 -0.279840623712445E+01
   0.668098054760591E+00 -0.648834195895827E+00 -0.221132204693097E+01
  -0.109622300804471E+01  0.178344608448030E+01  0.198785253954591E+01
  -0.350701951960423E+01 -0.243568286186505E+01 -0.495542684210584E-01
  -0.333549070799056E+01 -0.243975569270926E+01  0.973643374675377E+00
   0.251042126212907E+01  0.341077992057232E+01  0.298776924800352E+01
   0.272225101974049E+01  0.153962044023074E+01 -0.825680769466667E+00
   0.652566051967519E+00 -0.595677821184418E+00 -0.643386594507606E-01
  -0.449100991662286E+00  0.228602801602787E+01 -0.368383842391910E-01
   0.319750389633468E+01 -0.503819912346301E+00  0.119553829112583E+01
  -0.578764752651521E+00  0.336493414990209E+01 -0.178360171980129E+01
   0.130639892385969E+01 -0.272745052031530E+01 -0.260719069768943E+00
  -0.182732125709806E+01  0.338035900058561E+01 -0.128940674365257E+01
  -0.725885451575624E+00 -0.193628025045425E+00  0.129617815043936E+01
   0.601930568725764E+00 -0.185578704196911E+01 -0.354950275941470E+01
  -0.276602199965346E+01 -0.300786561567115E+01  0.266864369954304E+01
  -0.103079988473936E+01  0.758580003963478E+00 -0.324312047395907E+01
   0.108832834808999E+00 -0.143272335348401E+01  0.247568057198991E+01
   0.976806932828347E+00 -0.293511151327263E+01  0.158333233360651E+01
   0.175306696985304E+01 -0.959357656689371E+00  0.145018176695513E+01
  -0.198745245102110E+01  0.747604783374674E+00 -0.686154619171044E+00
   0.206825127884087E+01 -0.292296647987991E+01  0.165273068839969E+01
   0.159443659595059E+01 -0.228926557871787E+01 -0.338046962077839E+01
  -0.246768764662821E+00 -0.230882563957347E+01  0.128503891289381E+01
   0.274496688427864E+01 -0.594977589727710E+00  0.334052073419105E+01
  -0.782820093112454E+00 -0.269519077034777E+01 -0.187099505639860E+01
   0.352823600703183E+01 -0.810297751425501E+00 -0.707878800524658E+00
  -0.946031288299022E+00 -0.140140619666917E+01  0.126743075852322E+01
   0.261500090964262E+01  0.232959991913150E+01  0.135211166778945E+01
   0.290208061632234E+01  0.864022225691202E+00  0.449863058460315E+00
  -0.251406727577202E+00  0.223120291670498E+00  0.213687501932944E+01
  -0.678417594516876E+00 -0.146371594255051E+01 -0.345102767562943E+01
   0.230160894113596E+01 -0.299580922096910E+01 -0.345107518573163E-01
  -0.312694987306840E+01 -0.374635583484414E+00  0.767718568236773E-01
  -0.125265935799468E+01  0.182521474122985E+01 -0.484748791459207E+00
   0.258415296568667E+01  0.480893263547197E+00  0.317960013579912E+01
   0.310484022390263E+01  0.253520194912741E+01  0.231988691032330E+01
   0.168901719241945E+01  0.191208722191416E+00 -0.231905410612124E+01
   0.114224797664699E+00 -0.199380721099136E+01  0.365995181279699E+00
  -0.311201195920237E+01  0.270874431836846E+01 -0.284365831587381E+01
  -0.221330617173662E+01  0.222911894036271E+01 -0.336078567397580E+01
   0.193727605580619E+01  0.307395712132021E+00  0.741005640794298E+00
  -0.268166917112987E+01 -0.580485143113793E+00  0.324981170868336E+01
  -0.938595156339800E+00  0.732783508672376E+00  0.272262466496583E+01
  -0.214313957654930E+01  0.134790605052044E+01 -0.160645802185146E+01
   0.165946253742469E+01  0.352126974300971E+01 -0.315468262457738E+01
   0.294612707063641E+01  0.806501975824186E+00  0.160176031781215E+01
  -0.250310149613835E+01 -0.569814814979639E+00 -0.902902631946443E+00
  -0.126543357376155E+01 -0.182873206675563E+01 -0.156320719235645E+01
  -0.191410972513258E+01  0.227020764453130E+01 -0.127715612333769E+01
  -0.150104692705396E+01 -0.321585572631641E+01  0.162270832744029E+00
   0.195187605123130E+01 -0.341008189482271E+01 -0.115467203502213E+01
  -0.138293496568516E+01  0.110220518581960E+00 -0.199375696910696E+01
  -0.268906357091865E+01  0.457076255116906E+00 -0.312336276061283E+01
   0.282861065425243E+01  0.338344585939804E+00 -0.215364053468622E+01
   0.253687620242899E+01  0.194179956990848E+01  0.395296247197173E-01
  -0.243429357559906E+01  0.115075777888401E+01  0.132594472392403E+01
   0.104330023125000E+01  0.332084056052061E+01 -0.152125050690919E+01
  -0.225251266823973E+01  0.251974170118501E+00  0.820877677633590E+00
  -0.359794850480792E+00  0.326337696271253E+01  0.310249436260702E+00
  -0.236992196086814E+01  0.155840965383180E+00 -0.185428004144935E+01
   0.262313166364114E+01 -0.718483396450588E+00 -0.152873798369771E+01
  -0.322608655533172E+00  0.251276623711855E+01  0.154395063878325E+01
  -0.323242766305400E+01  0.192435271244551E+01 -0.216209201303303E+01
  -0.299235496064306E+01  0.254401861537471E+01  0.160153481580096E+01
  -0.417731641584809E+00 -0.253444904822104E+01  0.347010837493711E+01
   0.270870958241436E+01 -0.147882671295522E+01  0.117733388388771E+01
   0.520912441126039E-02  0.215926717781913E+01 -0.170854183762710E+01
   0.125291041058697E+01 -0.227760220433258E+01  0.243425736269160E+01
   0.760659419115299E+00 -0.194421779392310E+01 -0.101466845559899E+01
  -0.471994503526022E+00 -0.100473842284830E+01  0.175544106833962E-01
   0.182686634889691E+01  0.126116338496164E+01  0.251122106024791E+01
   0.187511606988170E+01  0.997931233620179E+00 -0.544543156597930E+00
   0.338916562567356E+01 -0.276759488691420E+01  0.310172578821696E+01
   0.286651071872280E+01 -0.340538453750233E+01  0.868126056366780E+00
  -0.291102624687337E+01  0.277555840971233E+01  0.277597541016667E+01
   0.111004840286670E+01  0.168508299436158E+01 -0.375953000665857E+00
  -0.279098650570588E+01 -0.318828296023883E+01  0.161214195638999E+01
   0.299657002082108E+01  0.316376562401156E+00 -0.106405273407974E+01
  -0.852450121049539E+00 -0.206988600082128E+01  0.230621673941070E+01
  -0.433033690032291E-01  0.694037698173095E-01 -0.401149086411516E+00
   0.317680879799451E+01  0.516943442301273E+00 -0.304681657918287E+01
   0.165351157025311E+01 -0.141244925611893E+01 -0.243568327218020E+01
   0.873657336211789E+00  0.281030374968794E+00  0.160371581892686E+01
  -0.168930494460477E+01 -0.353835511883652E+01  0.125185928134097E+01
   0.316040271458540E+01  0.308724890989511E+01 -0.310594341622265E+01
  -0.310685528152282E+01  0.219491469840839E+01 -0.105325723774125E+01
  -0.332515224733109E+01 -0.227746741880502E+00 -0.240995746401378E+01
  -0.182383893423108E+01  0.122748844196137E+01  0.349267639506794E+01
  -0.178823941079183E+01 -0.142680528906821E+01  0.289566348224831E+01
  -0.108513755998106E+01  0.142123812744139E+00  0.240726866339392E+00
   0.256866916037792E+01 -0.310353950691461E+01 -0.321318408846154E+01
   0.275645550664871E+01  0.218816469864134E+01 -0.170262131133452E+01
   0.344730950047393E+01 -0.110719009393646E+01  0.228849406344317E+01
   0.204235193588272E+01 -0.822354885688867E+00  0.264455205158638E+01
   0.252642362977703E+01 -0.217256407479796E-01  0.634451927059636E-02
  -0.221461032648962E+00  0.181556946147365E+01  0.261823590972857E+01
  -0.229200377350921E+01 -0.133112717324388E+01 -0.315811623323426E+01
  -0.110802969005142E+01 -0.306022272715891E+01 -0.310571113606086E+01
  -0.180684387137391E+01  0.186831839150010E+00  0.293817696183054E+01
  -0.101139148442864E+01 -0.211437360211235E+01 -0.265107503380831E+01
   0.286130136552339E+01 -0.235473507442652E+01  0.655443574092534E+00
  -0.292972030156069E+00  0.737538918264648E+00 -0.132641268439244E+01
   0.202818931731370E+01 -0.183395605600542E+01 -0.148532151992935E+01
   0.317387517493154E+01  0.122160607152683E+01 -0.173011325341964E+01
  -0.104904503836935E+01  0.185806326278902E+01 -0.325737526613461E+01
   0.232539128437604E+01 -0.507344097090322E+00 -0.283804463624656E+01
   0.173572025876339E+01 -0.102486969653795E+01  0.416338074352429E+00
   0.234275885043530E+01  0.222894431756896E+01  0.339051321544187E+01
   0.595941399267037E+00 -0.287058681685444E+01 -0.163606090080343E+01
   0.188492524486564E+01  0.264885109092421E+01 -0.112408009190351E+01
  -0.244763912627939E+01  0.287450948860709E+01 -0.204669446648215E+01
  -0.322531431494365E+01 -0.302956659153943E+01 -0.276860044561117E+01
  -0.201463464337595E+01 -0.147441350662613E+01  0.152620497743851E+01
   0.148567975644921E+00  0.354963921787639E+01  0.259942452753661E+01
  -0.310058763545504E+01  0.791447148437738E+00 -0.203982704550502E+01
  -0.213133059121437E+01 -0.600864968599357E+00  0.915683175634990E-01
  -0.872658151212765E+00  0.256045019393439E+01  0.273609557297284E+01
  -0.330942158985017E+01  0.417056784515501E+00  0.928020830842897E+00
  -0.537247773805525E+00 -0.644643174037029E+00 -0.205910284177182E+01
  -0.288782480040412E+01 -0.278295421497475E+01 -0.807152968964841E+00
  -0.216458008563878E+01 -0.255413573639467E+01 -0.316314854096343E+01
   0.138657567532330E+01  0.138027032027658E+01 -0.147149038460461E+01
   0.160740629125936E+01  0.336109341983457E+01  0.194468978649679E+01
   0.315705732399627E+01 -0.198598459720934E+01 -0.334138768936540E+01
  -0.311474371432605E+01 -0.162310468896479E+01 -0.270472052023065E+01
  -0.166978811307458E+01 -0.593337854096647E+00  0.118339316252889E+01
  -0.357335777897466E+01 -0.684453381785422E-01  0.305069863854173E+01
   0.169553746319762E+01 -0.114303827326235E+01 -0.341094727947145E+01
  -0.916165570874002E+00 -0.258336016444192E+00 -0.899962078055104E+00
  -0.394709678722340E-01 -0.285835383300747E+01 -0.273385080664446E+01
  -0.314490246398749E+01 -0.163001050454125E+01  0.159231892709401E+01
  -0.166912465705121E+01 -0.111486523409767E+01 -0.605279138795858E+00
  -0.276217747103121E+01 -0.150529857031315E+01 -0.445118862034083E+00
   0.235962002331177E+00 -0.256166040693466E+01  0.229434565507124E+01
  -0.401863000015960E+00  0.355074954378897E+01  0.345607952425476E+01
   0.130107934925606E+01 -0.956263271171810E+00 -0.132218594268076E+01
  -0.163881340971970E+01 -0.228438500686701E+01  0.102085463267484E+01
  -0.333918691489459E+01  0.160547917376886E+01  0.116096576488903E+01
  -0.177306800434930E+01  0.292046924534495E+01 -0.191739940725554E+00
  -0.248086089036087E+01 -0.284412595362645E+01  0.199848821301743E+00
  -0.112439676163936E+01  0.191244499925131E+01  0.882940276765990E+00
   0.189250225244289E+01  0.280548393903650E+00 -0.128438750612052E+01
   0.290968518828961E+01  0.266146188410729E+01 -0.734708559537327E+00
  -0.716237943850405E+00  0.263934418939650E+01 -0.956818040508153E+00
   0.231348152972797E+00  0.141940383094303E+01 -0.356899966492982E+01
   0.325722337507488E+01 -0.272816134647617E+01  0.178541203971396E+01
  -0.936981003786874E+00 -0.334848104783825E+01 -0.714662491404597E+00
  -0.203461090509554E+01  0.153639362991682E+00  0.197313714203006E+01
   0.350357041225467E+01  0.243333559981415E+01  0.497240092630012E+00
  -0.269947882515606E+01  0.317704821246790E+01 -0.709035493306571E+00
   0.436306794806224E+00  0.346673076210400E+01 -0.290319157268303E+01
  -0.185269176212209E+01 -0.254590571310898E+01  0.200133882708485E+01
   0.157596820883831E+01 -0.306646983241425E+01 -0.211706402626910E+01
   0.505107154510294E+00 -0.588465119546339E+00  0.192496488115509E+01
   0.299168644833755E+01 -0.144856858441089E+01 -0.230759137473099E+01
   0.589087821705548E+00  0.230487518570732E+01  0.228943119320599E+01
   0.345385293763808E+00  0.237389907244094E+01 -0.269239341865822E+01
   0.247609774222040E+01 -0.159008754627192E+01 -0.666417187438856E-01
  -0.326838886298357E+01 -0.127854166273621E+01 -0.159920348908545E+01
   0.190496237797562E+01  0.285741241608136E+01  0.280973901468645E+00
   0.469801629395970E+00  0.318421522099317E+01  0.120064303620234E+01
  -0.347827178693158E+01  0.234534137364637E+01  0.345146664706118E+01
   0.351849597357438E+01  0.343712160937423E+01 -0.212919400720937E+01
  -0.190557432058700E+01  0.289072206427960E+01  0.216000366052528E+01
  -0.395574955857241E-01  0.573416995313297E+00 -0.299485387538953E+01
   0.320649899768089E+01  0.149894146109590E+01  0.292569467664139E+01
   0.158752398120356E+00  0.134931998932804E+00  0.829627055789684E+00
  -0.147962716250654E+01  0.318824106880987E+01 -0.349334216744181E+01
   0.101799748982822E+01  0.196899720633369E+01  0.303836319311666E+01
  -0.356112325224763E+01  0.354375465461436E+01 -0.549302822601709E-02
   0.155038920787287E-01  0.100482001855444E+01  0.132585212038310E+01
  -0.446246344338514E+00 -0.457131683431278E+00 -0.314702954715985E+01
  -0.143836649053132E+01 -0.237983201110968E+01  0.320703797997334E+01
  -0.284687316209387E+01  0.758706048494294E+00 -0.186692832862603E+00
   0.331875298572158E+01 -0.257749665514500E+01 -0.205301359083959E+01
  -0.823203809192831E+00 -0.249058302568299E+01  0.173928287409238E+00
  -0.287953146025552E+01 -0.647296030213506E+00  0.113152458883725E+01
   0.222992295906605E-01  0.240278032646255E+01  0.339775870144429E+01
  -0.256367859924541E+01  0.207553051158069E+01  0.710309007083485E+00
   0.179411947466209E+01 -0.211153791742831E+01  0.876479803103457E+00
   0.140680017482168E+01  0.236995035352849E+01  0.138501444445435E+01
   0.778682300422990E+00 -0.300108157092789E+01  0.331884041724356E+01
   0.219580966253462E+01  0.123096596796307E+01 -0.216344076782607E+01
  -0.354012771838526E+01 -0.138258217935624E+01  0.632481020480567E+00
  -0.132617399203968E+01 -0.644397308637488E+00  0.215596876162699E+01
  -0.968006309897942E+00 -0.305417148734614E+01  0.229785073569154E+01
  -0.166105999115270E+01 -0.874908704004087E+00 -0.216041763864879E+01
  -0.253913547253913E+01 -0.884212563421194E+00  0.215317588920973E+01
  -0.332864978784487E+01  0.105416196234259E+01  0.224268473516392E+01
   0.249457783895161E+01 -0.244784414473601E+01 -0.881292946533805E+00
  -0.186190470184860E+01 -0.336725272071496E+01  0.291365443920922E+01
   0.299426584750094E+01  0.167326293044869E+01 -0.281948696718171E+01
  -0.275544387527089E+01  0.580123220865867E+00  0.301642857567352E+01
   0.523881593254910E-01  0.100382582160835E+01  0.133081764571579E+00
   0.959810723760314E+00 -0.179290901229650E+01  0.149391719373752E+01
   0.982192385263898E+00  0.672105838767693E+00  0.287561293231841E+00
   0.211723070085531E+01  0.109036378509386E+01 -0.319304136081950E+01
  -0.224738783248148E+01  0.189119243106394E+01 -0.391637775231605E+00
  -0.172722095674511E+01  0.960425774640313E+00 -0.237661742687425E+01
   0.184658813588806E+01  0.238928281006994E+01  0.233082773681415E+01
   0.118279268964590E+01  0.132913775574992E+01 -0.262021560753558E+01
   0.268711222720071E+01 -0.362245748396363E-01  0.226476489612951E+01
  -0.345894698672643E+01 -0.743481536093749E+00 -0.326917631401318E+01
  -0.306079260583857E+01 -0.169156410337635E+01  0.290878938940743E+01
  -0.160389503579162E+01  0.233594306468903E+01 -0.240775758879179E+01
  -0.212667287845054E+01  0.197930074990948E+01  0.169516765040717E+01
% -0.175251784890123E+01  0.112957603790630E+01 -0.833017789164077E+00
%  0.172662535307846E+00  0.186160725715032E+00  0.492273783294837E-01
% -0.448882423053346E+00 -0.618039792941947E+00  0.939115854287017E-02
% -0.190704265252196E+01  0.463469819834851E+00  0.117490878395939E+01
%  0.117120906360061E-03 -0.649349865498933E-01 -0.873347318331761E+00
% -0.562306490873406E+00 -0.533829288811075E+00 -0.439969601261594E+00
% -0.313077697947778E+00 -0.635486007085885E-01  0.651142624353924E+00
%  0.138510695620281E+01  0.271969813025375E+00 -0.268975970059435E+00
% -0.245412955792363E-01 -0.137252511701789E+01 -0.453093708098704E+00
% -0.331300196065030E+00  0.947920651296558E+00 -0.882765714353019E+00
%  0.711552547874591E+00 -0.246497463724765E+00 -0.836318936698464E+00
%  0.285994566593342E+00  0.107779347690741E+01 -0.846514703041423E+00
%  0.173899204864452E+01 -0.740917104322501E+00  0.354161535474650E+00
% -0.210683209920814E+01  0.144168289754560E+01  0.146746283039116E+01
% -0.129103491814541E+01  0.566612022674404E+00  0.407983877183878E+00
%  0.780148712433198E+00  0.220795578132230E+00  0.110322226997155E+01
%  0.272933090193221E+01 -0.310420033001350E+00  0.917829678333329E+00
% -0.681992255648919E-01 -0.139068334511208E+01 -0.425902235712046E+00
%  0.824763912430106E+00 -0.404580140602714E+00 -0.796696092896932E+00
% -0.686420970668213E+00 -0.151455360891849E+01 -0.333367467901738E+00
%  0.222143200915431E+01  0.117556960560587E+01 -0.141980133552730E+01
%  0.157096516996254E+00 -0.832932106096747E+00 -0.712280880935281E+00
% -0.959597462411759E+00  0.574271249265454E-01 -0.127333116806846E+01
%  0.121991020508211E+01 -0.546347906383540E+00  0.583454634372131E+00
% -0.201278400161107E+01  0.768007832919818E+00 -0.682562936429657E+00
%  0.172061714156067E+01  0.145179931056716E+01  0.557732913760079E+00
% -0.180033653008187E+00 -0.647870684089079E+00 -0.530804634012863E+00
%  0.108636076702414E+01  0.217045702024801E+00 -0.521060532782737E+00
%  0.112822975845280E+01  0.982277294271034E+00 -0.198272243059581E+00
% -0.372407116963046E+00 -0.222585813764279E+00 -0.833618877303275E-01
% -0.355465547288098E+00 -0.126183146599341E+00  0.818884184233537E+00
%  0.339297535087961E+00 -0.147287924454017E+01  0.971540845404878E+00
% -0.232284588871407E+00 -0.142720371856179E+01 -0.749882122188927E+00
%  0.488634366650710E+00  0.547015192621097E+00  0.237916052723680E+01
% -0.434664295084027E+00  0.647044175644035E-01  0.578433969110114E-01
% -0.311366579997260E+00 -0.439586684946734E+00  0.232548554705702E+01
%  0.263361805704329E+01 -0.194541400923527E+01  0.700774258902935E+00
% -0.450169416627853E+00 -0.108617279314803E+01  0.903388975475499E+00
% -0.214290045558336E+00  0.244903930615322E+01 -0.157959316173725E+01
%  0.865923601341830E+00 -0.207216557709337E+01 -0.319769661292136E+00
% -0.110678722049400E+01  0.148455033827551E+01 -0.892247430391100E+00
% -0.135396909298364E+01  0.128598319603455E+01 -0.491273096756563E+00
%  0.185304434604647E+00 -0.195181474189625E+00  0.156283838413192E+01
% -0.117550410311085E+00 -0.512283636449423E+00 -0.385051698785555E+00
%  0.150775123616730E+01  0.248629622909972E+01 -0.899002940206797E+00
% -0.281458578615627E+00  0.683993417666167E+00 -0.705466527173398E-01
%  0.141074084675268E+01  0.213150225065246E+00  0.528142667964952E+00
% -0.119648468316890E+01  0.170004245137372E+01  0.763436234325226E+00
% -0.164943356496567E+00 -0.759259380179906E+00  0.513479934113437E+00
% -0.869784133778393E+00 -0.687420203317513E+00  0.376453731369004E+00
%  0.893507859121613E+00  0.112270462786774E+01  0.349494093213451E+00
%  0.520088859499008E-01 -0.337604230404294E+00  0.994499968262814E-01
%  0.631052364666374E-01 -0.660750001671688E+00 -0.100906212884835E+01
% -0.105236013340077E+01  0.118694398395255E+01  0.391742062550315E+00
%  0.136062513768356E+00  0.561478879195684E+00 -0.112541013183799E+01
% -0.737452882276384E+00 -0.101713541492644E+00  0.205401365219213E+01
%  0.823520899788365E+00  0.549098819031641E-01 -0.121856270010236E+01
%  0.107647864250298E+01 -0.139504419052380E+01  0.873158996508106E-01
%  0.128180894036600E+01 -0.921524464838904E-02 -0.292112191229179E+00
%  0.489628006680715E+00 -0.674441236783388E+00 -0.702619099490008E+00
%  0.537082091968694E+00  0.101468836730716E+01 -0.321399164735516E+00
% -0.129754849835162E+00  0.184759614463271E+00  0.248920813643846E-01
%  0.465809881713694E+00 -0.113203062015957E+01 -0.484362387459832E+00
%  0.435925193250005E+00  0.968699544646543E+00 -0.809352365226825E+00
% -0.115989120904714E+01 -0.637004217890204E+00 -0.702073310752372E+00
% -0.696804562292366E+00 -0.930293930777136E+00 -0.591748819556734E+00
%  0.692895930717828E+00  0.166823548277339E+00 -0.276096938932919E+00
%  0.122853972870749E+01  0.906252205598336E+00 -0.995375543178961E+00
% -0.101871789485448E+01  0.697373978619992E+00 -0.134564403179209E+01
%  0.123247701133859E+01 -0.936715139234428E+00 -0.783277306458890E+00
% -0.130660727988439E+01  0.233786017162233E+00  0.119938945860633E+01
%  0.678527630268459E+00  0.175505414021242E+00  0.180707564347355E+00
% -0.141508270513275E+00 -0.224982955879142E+00  0.301056138073288E+00
%  0.125865214169606E+01  0.147985138785577E+00 -0.161373882239697E+01
%  0.229823082145995E+01  0.856404621893986E+00 -0.370314953479112E+00
% -0.151609318221582E+01  0.155047087420356E+01 -0.168146282431484E+01
% -0.455731000043899E+00  0.305373531059601E+00  0.650428051534805E+00
%  0.568020083230674E+00  0.105491541232278E+01 -0.812982975360362E+00
%  0.546359005295475E+00 -0.604180273815089E+00  0.862587251731716E+00
% -0.716164309856061E+00  0.115821039306740E+01 -0.341033921271669E-01
%  0.351758772013196E+00  0.403681126695746E+00  0.799558480733748E+00
%  0.683212900839436E+00 -0.226988073265072E+00 -0.204604486349364E+01
% -0.597012387206386E+00  0.924711130305491E+00 -0.716748490207290E-01
%  0.159117898525777E+00  0.142934103868114E+01  0.618216102605477E+00
%  0.104923407876202E+01 -0.123264941453941E+01  0.216696202491485E+00
% -0.651925907908585E+00  0.454335542553343E+00 -0.589833918008531E+00
%  0.404986988980165E+00  0.517795138826394E+00 -0.111538286670311E+01
% -0.555434351406238E+00 -0.873130836660585E+00  0.204627893254587E+00
%  0.100078118857579E+01  0.184531575869400E-01  0.589379353372583E+00
% -0.450287111528533E+00  0.843452295722450E-01  0.640524719244024E+00
% -0.196282500214686E+01 -0.161422716605737E+00  0.285442600684248E+00
%  0.215338153758172E+01  0.183844915956303E+00  0.100253648019441E+00
% -0.543122492750587E+00  0.106295631095596E+00 -0.864691585578478E+00
%  0.257708856693658E+01  0.535014659617019E+00  0.103049721852961E+01
%  0.301978662022507E+00  0.385963543064474E+00  0.283313089120774E+00
% -0.337359986958686E-01 -0.124451395503599E+00 -0.223007062782678E-01
%  0.133621749660516E+01 -0.141806926029792E+01  0.356944532857452E-01
%  0.186264961182778E+01  0.110496017657315E+01 -0.194236148737006E+00
%  0.119695648129708E+01 -0.197022369052395E+00  0.178083517781620E+01
%  0.227210697400296E+01  0.119526326082547E+01  0.320310117548523E+00
%  0.145280350855665E+01 -0.154648091910013E+00  0.139370920358626E+01
% -0.190787444505243E+00 -0.800338458807483E-01 -0.673266490600974E+00
% -0.121295935740396E+01  0.115340747334661E+01 -0.128154175101807E+01
%  0.165251975935177E-01  0.524125178064101E+00 -0.163561735385001E+01
%  0.173659867532374E+01  0.974662532724653E-01 -0.871923558002333E-01
% -0.145458819297224E+01 -0.266185553402219E+00  0.115680195164777E+01
%  0.117169621300076E+01  0.108395888067961E+01  0.331285121305140E+00
%  0.136271778022538E+00  0.154231842451737E+00  0.257120271681947E+01
%  0.174067915434798E+00  0.100890700444058E+01  0.181697349022703E+00
% -0.105914225727199E+01  0.136894487050915E+01 -0.113357534467613E+01
% -0.160914392106699E-02  0.106162158871891E+01 -0.113184144134180E+01
%  0.138761642567162E+00 -0.124358228653080E+01  0.302769988841082E+00
%  0.373168481346530E+00  0.749714444217086E-01  0.547035835260230E+00
% -0.194556533077261E+01 -0.808243007784745E+00 -0.710312685346585E+00
% -0.449570179783687E+00 -0.674486231379694E+00  0.538295101076618E+00
% -0.928727460760499E+00  0.398310598594887E+00  0.709541269735712E+00
% -0.336066788663507E+00 -0.179947606348759E+01 -0.147380994306729E+01
% -0.204745530300268E+01 -0.576082281634388E+00  0.886249554568300E+00
%  0.141486015090497E+01  0.127485734707190E+01 -0.349365131730912E+00
% -0.395900647430218E+00 -0.857247726973117E+00 -0.297968701162785E+01
%  0.152252619271887E+01 -0.149369939845892E+01 -0.663966544097557E+00
% -0.227794938030478E+01 -0.149299878940913E+01  0.240669644973374E+01
% -0.111863427784908E+01  0.598805393685933E+00 -0.359851332574648E+00
%  0.590660720220546E-02  0.176996350606692E+00 -0.664215491005156E+00
% -0.176040339760115E+01 -0.167844516220693E+01 -0.132399300166747E-01
%  0.112514490363685E+01  0.577504346118007E+00 -0.149001275120295E+01
%  0.196503031175990E+00 -0.156739783722243E+00 -0.458641695012524E+00
% -0.215783011355501E+01 -0.708692120168758E+00 -0.211448963893129E+01
%  0.240807169982038E+00  0.204747022508379E+00  0.135364039820538E+01
% -0.906435292947035E+00  0.409502465448077E+00 -0.167057316360126E+01
%  0.538559314404359E+00  0.296822233194215E-01 -0.137731996307045E+01
% -0.179780769211877E+00 -0.126626802494168E+01  0.118150325397016E+00
%  0.162258305431873E+00  0.674781338160008E+00  0.906100372696865E+00
% -0.718586539464138E+00  0.412487072102929E+00 -0.544609104238977E+00
% -0.794888997537836E+00  0.147214611651431E+01 -0.190919378435289E+00
% -0.652237940885517E+00 -0.139631700842635E+01 -0.450797273598718E+00
% -0.427332232179891E+00 -0.477214535569442E+00 -0.165616419963615E+01
% -0.564092602292247E+00 -0.258146633326783E+00 -0.104907129799740E+01
% -0.378688353691319E+00  0.816020674295609E+00 -0.284971722102113E+00
% -0.502710499945268E+00 -0.901441435015448E+00  0.631707405071553E+00
% -0.149530848232190E+01 -0.140837897193586E+01  0.637131463143999E+00
% -0.361270122076620E+00 -0.990066371702334E+00  0.206039373840999E+01
% -0.230446323760967E+00  0.525993655950541E+00  0.596639431550635E+00
% -0.954464208360891E+00 -0.702186748016831E+00 -0.157806171705027E+01
% -0.808244690529817E+00 -0.147820996345329E+01 -0.114511374925557E+01
%  0.883191239347696E+00 -0.125236989699091E+01  0.484413420261750E+00
% -0.595305301509821E+00  0.141111161101878E+01  0.131116193069420E+01
% -0.563192731271969E+00  0.487677951490917E-01  0.958149509719922E+00
%  0.119826426010987E+00 -0.588441343461470E+00 -0.406526259613486E+00
% -0.157603877039332E+01 -0.862869899923629E+00 -0.499030258000825E+00
%  0.960135150465584E+00  0.124658250848394E+00  0.295611286399128E+00
%  0.641117393434885E+00 -0.902849501725668E+00  0.689527712443801E+00
%  0.324194173968741E+00 -0.174307514002595E+01  0.993533331095699E+00
% -0.749653964079362E+00  0.162503063364990E+01 -0.685400122307549E+00
%  0.142634417589503E+01 -0.295951263787676E+01  0.931019166543772E+00
%  0.737013887177129E+00 -0.739907226090906E+00 -0.185445186130248E+00
%  0.179876498866299E+01  0.781383629095399E+00  0.480149070311856E+00
%  0.543793463628250E+00  0.535583828558623E+00  0.240047387446594E+01
% -0.106424170715091E+01  0.104061815374170E+01  0.790470402825938E-01
% -0.418660593700811E+00 -0.409294839298399E+00  0.140766448050019E+01
%  0.225440052444060E+00 -0.132852420413619E+00 -0.520053903094606E+00
%  0.288837850840774E+00 -0.289085218416023E+00 -0.286050706329932E-01
%  0.189959078571436E+00  0.276361823842140E+00  0.428680577151267E+00
% -0.886574865509279E+00  0.110492948011237E+01  0.109835572324119E+01
% -0.906734305421691E-01 -0.630765190258993E-01  0.111368281679322E+01
% -0.125528873649962E+00 -0.521312760569145E+00 -0.173253361901566E+00
%  0.352386032475918E+00  0.141450131072198E+00  0.139111105526844E+01
%  0.179465140675663E+01  0.764770118678271E+00 -0.335727041914326E+00
% -0.354745354067306E+00 -0.326903876390261E+00 -0.155587506008562E+00
%  0.481179951978974E+00  0.183762165750419E+01 -0.561600736568946E+00
%  0.673511477066118E+00 -0.333112989242542E+00  0.118229710279312E-02
% -0.216706441956421E+01  0.481154986522069E+00  0.129421347584813E+01
% -0.186636771669003E+00  0.789267550515896E+00  0.317899732490683E+00
%  0.100925634568601E+00 -0.190307424713901E-02  0.200757982180548E+00
%  0.838270542751428E+00 -0.442967280555565E+00 -0.377159728362750E+00
% -0.907043382916680E+00  0.777088176512900E+00  0.714381343397358E+00
% -0.506201647553770E-01  0.223307578451286E-02 -0.254757359806343E+00
% -0.969397005224551E+00 -0.104645029107379E+01 -0.374964392088392E+00
%  0.184350077866434E+01 -0.103349476131933E+01  0.194573437884937E+01
%  0.599766325952953E+00 -0.506337897630307E+00  0.102082909373442E+01
%  0.654607829565652E+00  0.201409957236708E+01  0.101118787532775E+01
%  0.439431018039722E+00 -0.573653793626181E+00  0.164838286156605E+01
% -0.806651773923066E-02  0.111845380963810E+01 -0.168542663283601E+00
% -0.167835754324571E+01 -0.497486183064302E-01 -0.245085254807851E+00
%  0.390520389751510E+00  0.112426028569783E+01  0.608003409965873E+00
% -0.698228058277050E+00 -0.974431642014671E+00 -0.804382501903366E-01
% -0.993669983579535E+00 -0.106595117009255E+01  0.280925101732561E+00
% -0.432801398271600E+00 -0.849400981334518E+00 -0.155669012686462E+00
%  0.136207938943588E+01 -0.464997931425621E+00 -0.630998233959888E+00
% -0.127016150525181E+01 -0.426860228300579E+00 -0.167459949379461E+01
% -0.165599887556481E+00 -0.334345470088135E+01 -0.130233575852918E+01
% -0.602424548900941E+00  0.159327899575054E+00  0.795781221900119E+00
% -0.887710388973045E+00 -0.756939134794576E+00  0.682145502666380E-01
%  0.912972419552157E+00 -0.749712777177629E+00  0.734752808655160E+00
% -0.130968246821254E+01 -0.110391496960375E+01 -0.288797675490036E+00
%  0.887118881862337E+00  0.618537051006939E+00  0.438053150017228E+00
% -0.144489529191324E+01 -0.576923456559239E+00  0.950082308997449E+00
%  0.937065775179375E-01  0.221207333638812E+01 -0.879634178202959E+00
%  0.925859207571104E+00 -0.821103082807127E+00  0.475738158088058E+00
% -0.318743661193426E-01 -0.165243084496776E+01  0.925555530020120E+00
%  0.453030304080830E+00  0.414062262098665E+00 -0.158817269686511E+00
% -0.945758747299802E+00  0.213828884049762E+00  0.570457022142373E-01
%  0.247393895588356E+00 -0.625815476290263E+00  0.124655908020743E+00
% -0.112387648542834E+01 -0.109827598979833E+01  0.665897217458124E+00
% -0.346266574457053E+00  0.877778564282017E+00 -0.849474785655784E+00
%  0.161516889953824E+01 -0.236631860871977E+00  0.354999926529060E+00
% -0.215660171701073E+01 -0.896516776954069E+00 -0.403560423973289E+00
% -0.103054120363667E+01 -0.105034523364006E-01  0.141193707214494E+00
% -0.126939826112683E+01  0.466083456063286E+00  0.469893611777613E+00
% -0.626567652428129E+00  0.115081181075097E+01 -0.421919914260592E+00
% -0.142155266159478E+01  0.174547868427279E+01  0.421131085420160E+00
% -0.187407557490226E+01  0.233414762562253E+00 -0.271258437536327E-01
% -0.134202011773863E+01  0.128989270887555E+01 -0.201172437820475E+01
% -0.130391140065581E+00 -0.619590481338164E+00 -0.540762053012193E+00
% -0.355812089800644E+00  0.274911142859807E-01 -0.152450496949667E+01
%  0.983158648724745E+00  0.655954103975181E+00 -0.324415811243922E-01
%  0.118870123699696E+01  0.154638776316510E+01  0.860575741746930E+00
%  0.563851919999456E+00 -0.106616390203477E+01 -0.104388487951341E+01
% -0.114343925727502E+01  0.881976204321352E-01  0.884215929129726E+00
%  0.286082140759036E+00  0.421288552205382E+00 -0.164204517732948E+01
%  0.763451403717875E+00  0.413194787812091E+00  0.267416009272417E+00
% -0.466955551946547E+00  0.314113315943043E+01 -0.386788771449600E+00
%  0.140699464371054E+01  0.861195184064440E+00 -0.116020636707903E-01
%  0.165813667317463E+01 -0.967967944721549E+00  0.112458783897939E+01
% -0.556409881898821E+00 -0.230798394267356E+00  0.939757515055840E-01
% -0.997033574896091E+00  0.575465278900247E+00 -0.245429644624714E+01
%  0.328639819304748E+00 -0.118896509461641E+01 -0.426061644207698E-01
%  0.550277705464705E-01  0.693374894691560E+00 -0.710417209425165E+00
% -0.921817029779931E+00  0.968142204039520E+00  0.628473764732978E+00
%  0.141461885633962E+01  0.896504034827686E-01  0.267088377892582E+00
%  0.145338779724030E+00  0.133135655411849E+01  0.105078975623969E+01
%  0.126877282625714E+01  0.137722188880007E+01  0.149102967327718E+01
%  0.203077530146897E+01 -0.209380204522373E+01  0.442321879335085E+00
%  0.239332620984186E+01 -0.336467597617937E+00  0.153157610769006E+01
% -0.122637119594881E+00  0.844300080160405E+00  0.293117282813355E+00
%  0.453424918213776E+00 -0.106550856019243E+01 -0.444153639046289E+00
% -0.950546441401573E+00  0.313009819884617E+00  0.130439385569861E+01
% -0.488168678225358E+00 -0.211578526440244E+01 -0.208535192484149E+01
%  0.686329406270816E-01  0.355807424216258E+00  0.175521638607809E+01
%  0.113451707403624E+01  0.327461949129634E+01 -0.624675101068822E-01
% -0.935647211706697E-01  0.326095812039389E+00  0.600107962707379E+00
%  0.101900453798773E+00 -0.123093099045891E+01  0.100327646296490E+01
%  0.670334888507563E+00  0.218559763419866E+00  0.606969413626656E-01
% -0.627345810784416E+00 -0.514793589251937E-01  0.236095012118137E+00
% -0.456043654950680E+00  0.699284780129537E+00 -0.693719889976634E+00
%  0.777074083925272E+00 -0.386629608862389E+00 -0.398740702629328E+00
% -0.405838708991043E+00 -0.745192823743703E+00  0.723363800316310E+00
% -0.222667509479180E+00 -0.431880477099418E+00  0.447196734969598E+00
%  0.196858871456510E+01  0.746153292130721E+00 -0.156480170685010E+01
% -0.494746037350424E+00 -0.119060284648418E+01  0.662125561892622E+00
%  0.593803257259162E+00  0.711702536690216E+00  0.451743871215279E+00
% -0.121008060914270E+01 -0.210180263419667E+01 -0.149020840599434E+01
% -0.218430546039121E+01 -0.165403488615344E+01 -0.571280613204475E+00
%  0.223241088543458E+00  0.413367541150446E+00  0.413160902790540E+00
% -0.151924753937078E+01 -0.645704380356364E+00 -0.228503033456323E+01
% -0.153538875616903E+01  0.400176864017480E+00  0.947804118595587E+00
% -0.175560348115399E+01 -0.129513187926913E+02  0.340241527102189E+01
%  0.687226490035917E+01 -0.144866067234172E+02 -0.130054901647596E+01
%  0.118151243796149E+02  0.271428563150771E+01  0.794318788373523E+01
%  0.156875529524002E+02  0.161547085200951E+02 -0.628180537188329E+01
%  0.548623482868403E+02 -0.385634283632941E+01  0.108077763299845E+02
%  0.209442578249036E+01  0.210252920198807E+01 -0.150220651072954E+02
% -0.417365286756651E+02 -0.224592233192075E+02 -0.107030639015770E+02
% -0.634864594431642E+01  0.118673363660292E+02  0.530598530477241E+01
% -0.266637287008201E+02 -0.177340111996333E+02 -0.363151208102837E+01
% -0.879060613811478E+01 -0.166316821261551E+02  0.150767594159520E+02
%  0.175392770435223E+01 -0.597835115906658E+01 -0.137062822431821E+02
%  0.590750518970947E+00  0.157714707947989E+02  0.424386695103663E+01
% -0.766917773101991E+00 -0.167913477606255E+01 -0.175625111458408E+01
% -0.989055065361196E+01 -0.152745337317145E+02  0.147538691535301E+02
% -0.495295712696542E+00  0.628453938165245E+01  0.147617830079903E+02
%  0.981617479495116E+00  0.244136602493638E+01 -0.166309369145713E+01
%  0.135229715390932E+01  0.149209876820052E+01 -0.419462800392544E+01
%  0.212761074216873E+02 -0.575880672502099E+02 -0.597948435932597E-02
%  0.137836887291007E+02 -0.295400874351575E+01 -0.509801461244180E+01
% -0.139696985188307E+02 -0.223578737334880E+02  0.430833590107174E+01
%  0.223050381001615E+01  0.222792675264207E+02 -0.179230318858495E+02
%  0.851744777325446E+00 -0.577291707475991E+01 -0.940265775536398E+01
%  0.446892527055916E+01  0.133183304030099E+01  0.290911955268977E+01
%  0.179475267752718E+01 -0.323534634596668E+01  0.250611713669381E+01
% -0.203623860338908E+02  0.285576893220837E+02 -0.765794632278662E+01
% -0.623663367491820E+01 -0.787591559450081E+01  0.220320983958454E+02
% -0.182708281520557E+01  0.272360292704682E+01 -0.214305778986043E+01
%  0.492642629892748E+01 -0.264649025109567E+02 -0.194022568859811E+02
% -0.674895442365356E+00 -0.757246390385006E+01 -0.878295414380068E+00
%  0.496554708124778E+00  0.981630960718842E+01  0.301837134942022E+01
% -0.937082012719755E+01  0.849642787693173E+01  0.460405048189462E+01
%  0.167018546606207E+02  0.732751057947533E+01  0.205218710106139E+02
%  0.817643414683733E+01  0.305806940621541E+02 -0.108003881460477E+01
%  0.924505298143156E+01  0.691723017416406E+01 -0.560319714825422E+01
% -0.621086775540525E+01  0.587460905272414E+00  0.527396470941517E+01
% -0.103575112308799E+02  0.950458668573952E+00 -0.287465046086857E+02
%  0.107353744039893E+02 -0.161667572896748E+02 -0.188271155671346E+01
%  0.702947544418800E+01  0.242459497607358E+02 -0.105936995364025E+01
%  0.662879493527328E+00 -0.282733030798426E+02 -0.988242210642419E+01
%  0.663501459294199E+01  0.125176535067443E+02  0.153182208341209E+00
% -0.392770426604348E+01  0.858860756002731E+00  0.447332001970681E+00
% -0.441683822617527E+01 -0.173830183067735E+02  0.157429932344017E+02
% -0.850048693591627E+00  0.304418035629674E+01  0.249963895492777E+01
%  0.199162872360623E+02  0.225650559402960E+02  0.142473640489021E+02
%  0.238046717088300E+01  0.124925181266502E+02 -0.162933620687417E+02
%  0.202560764768329E+01  0.179564295617357E+02 -0.143308543850072E+01
%  0.472764646729009E+01  0.203191917368308E+02  0.158243027050488E+02
% -0.158150689720518E+01 -0.330779977291280E+00  0.259228574355314E+01
%  0.229523123470077E+01 -0.101362047881443E+02 -0.991240018620211E+01
% -0.738329959382088E+01 -0.112221363548764E+02  0.385015891209521E+01
%  0.609581960615770E+00  0.153211377112419E+01 -0.274894860319710E+01
%  0.243028087428470E+01 -0.251195031962671E+01 -0.326731424183210E+01
% -0.389325271257199E+01  0.522155686297450E+01 -0.817761722741215E+01
%  0.231851277757735E+02 -0.114679029222267E+02 -0.419157454556729E+00
%  0.186103050344333E+01 -0.647389776398438E+01  0.102375605890806E+00
%  0.132282709129615E+02 -0.123959264183887E+02 -0.305678850548529E+02
%  0.316093088660098E+01 -0.153520524275971E+02 -0.116155577488322E+02
%  0.137230922588450E+02 -0.105832567262634E+02  0.193314696663938E+02
% -0.637012452004427E+00  0.537796056141015E+01  0.346835834884225E+01
% -0.101917142182452E+02  0.201733660363004E+01 -0.858112815504446E+01
% -0.527064163387275E+01 -0.125735284900569E+02 -0.625158575099929E+01
%  0.996357307797084E+01  0.283190392544490E+01  0.272896178089462E+00
%  0.861361390880708E+01 -0.139104026453449E+02 -0.698075458553977E+01
% -0.476968940988456E+01 -0.712174938346132E+00 -0.211648920471410E+01
% -0.182164435138440E+02  0.926776951690237E+01 -0.142958794749920E+01
%  0.566647891395970E+01 -0.128412578245369E+02  0.359842370341905E+01
% -0.129314870482536E+01 -0.557575682906354E+01  0.230133380072115E+01
% -0.497638137701130E+01  0.922862722823100E+00 -0.163727671628771E+01
%  0.383536526201790E+01 -0.280033766136511E+01  0.173748184625059E+02
%  0.254974938175422E+02 -0.383407781181432E-01 -0.113885046651137E+02
%  0.785427603299148E+01  0.863695140046562E+01 -0.960487465605110E+01
% -0.202273824231271E+01  0.382004427868622E+01  0.113679504185708E+02
% -0.460076882544180E+01 -0.453898611699284E+01  0.107657711488819E+02
%  0.264597563343585E+01 -0.521186048295307E+01  0.915744323414627E+01
%  0.126746161779243E+02 -0.250346082781518E+02  0.182459432275140E+02
% -0.109054220418652E+02 -0.429107704396714E+01 -0.683743163192506E+01
%  0.779864115968918E+01 -0.447989672399094E+00  0.340791821739479E+01
% -0.196031151566048E+01 -0.799648108843146E-01 -0.398812239738010E+01
%  0.352041622814424E+01  0.965704705396420E+01  0.160268443261403E+01
%  0.131075619046694E+02 -0.131623697275468E+01 -0.193307975519223E+01
% -0.295120502333673E+00 -0.147311171527191E+01 -0.663370365283741E+01
%  0.319910658958585E+01 -0.119500797622291E+02  0.123262323845052E+02
% -0.764335644756561E+01  0.981941848572173E+01  0.126887177019852E+02
% -0.818361653153982E+01  0.166459971615622E+02 -0.396414653993107E+02
% -0.164881892788928E+01  0.557826235557277E+01  0.199141494595726E+01
% -0.364221244502034E+00 -0.689585028150948E+01  0.636096712919770E+01
% -0.546964522693153E+01  0.566916459780250E+01 -0.619052519039211E+01
%  0.468535138289689E+01  0.256586311515104E+02 -0.973367754885902E+01
%  0.144551204879669E+02 -0.144093266729967E+02  0.232619965993878E+02
% -0.186755427175728E+01  0.398654624167092E+01  0.134529769014952E+01
% -0.166000335409389E+02  0.726632635025440E+01  0.196335838703348E+02
%  0.242295920921217E+02  0.735447595190063E+00 -0.124414131388648E+02
% -0.319549387675327E+01  0.207202855453448E+02  0.406577468504480E+01
% -0.290562541329522E+02  0.321159601263408E+01  0.334374813312024E+02
% -0.830781989412640E+01 -0.236105776058969E+01  0.298902510902716E+00
%  0.262164597547177E+01  0.462995509597956E+00 -0.378045460916691E+01
% -0.117406093968952E+02  0.119265981779979E+02 -0.124332697186797E+02
%  0.351766759841535E+01  0.273442763372947E+02 -0.982912329532985E+01
%  0.116698727538934E+02  0.268954689926211E+02 -0.682926297353365E+01
% -0.139425221244026E+02 -0.196077030666585E+02  0.725567084485419E+01
%  0.550833232355999E+01  0.703740216996744E+01  0.122737165505076E+02
%  0.392091635086302E+02 -0.124985931611202E+02  0.886666012686233E+01
%  0.275506310523107E+01 -0.689387558914445E+01  0.174390040371634E+02
% -0.173247024793100E+02 -0.204125204028636E+02  0.282618905331665E+02
% -0.742292747216331E+01  0.139760292579842E+02  0.375291219326150E+02
% -0.573567610169806E+01 -0.470723201464873E+02 -0.819051253053556E+01
% -0.421110598179204E+01 -0.852750682305125E+01  0.147255656103864E+01
%  0.555606834863470E+01 -0.557246777610643E+01 -0.672030328063649E+01
% -0.179305653860828E+01  0.540136078496162E+01 -0.836063767875655E+00
% -0.114224253712225E+01 -0.187796816651349E+02  0.926791101791671E+01
% -0.548441484978798E+00  0.230118180757336E+01 -0.892894651639510E+00
% -0.538547751436796E+01 -0.904878774207731E+00  0.435488593508907E+01
%  0.366617805302604E+00 -0.601337629502341E+01  0.468758872947218E+01
% -0.110585320980448E+02  0.106299553127559E+02  0.570300123873069E+01
%  0.132467408290877E+02  0.117245462690497E+02 -0.119829512491181E+02
% -0.839503417691342E+01  0.530815837695817E+01  0.103889456974819E+02
%  0.917090050924389E+00  0.431551573854507E+01  0.850706747548661E+01
% -0.218983377967925E+01  0.801036898570101E+01 -0.214241007065725E+01
% -0.295759282450825E+01 -0.446114733996682E+00 -0.427767632617913E+01
% -0.346777444481194E-01  0.849567183458153E+01  0.101224321240563E+02
% -0.922688044973733E+00 -0.590871027026317E+00  0.374134814723856E+01
%  0.180195399680221E+01 -0.353370813769668E+01  0.161211131775145E+02
% -0.275730279434258E+01 -0.450315810208351E+01 -0.377945986782472E+01
%  0.106030716474853E+01 -0.349586788892717E+01  0.253603981110827E+01
%  0.195313391787535E+02  0.222249916534060E+02 -0.253340255655307E+02
% -0.164643167141406E+02  0.111186379946541E+02 -0.146481823818576E+02
%  0.268192547224510E+01  0.863591076673178E+01  0.787998692919926E+01
% -0.624689500359662E+00  0.491104406657123E-01  0.325337900793439E+01
%  0.439575941717512E+01  0.301404089828148E+02 -0.168499226875213E+01
% -0.112527345011714E+02  0.962296264452024E+01  0.410196741751230E+01
%  0.173697409226959E+02  0.742824933887156E+01 -0.334965852126996E+02
% -0.154989245333398E+01 -0.203240035305784E+01  0.179688448332851E+02
%  0.112071199524466E+02  0.286270395831429E+02  0.788316615823204E+00
% -0.130312093531336E+01  0.390299665009738E+01  0.166238891146542E+01
% -0.285816759015799E+02  0.127404280940333E+02 -0.866612925593476E+01
% -0.114156751692499E+01 -0.168826872116276E+01 -0.142114770410863E+01
%  0.953091074302842E+00  0.869742329544382E+01  0.160544628388271E+02
% -0.219551250265271E+02  0.187589250272329E+01 -0.973209031092287E+01
% -0.404586820381089E+01  0.803362649987533E+01 -0.317820070439968E+01
% -0.191409205008900E+00 -0.293339829918898E+01  0.779251274536543E+00
%  0.822219901939430E+01  0.704337502865213E+01 -0.204107399995588E+01
% -0.291005528568117E+01  0.625560254582247E+01 -0.786383165368968E+01
% -0.102734555444593E+02  0.151838200667879E+02  0.374850720241262E+01
% -0.143589345662731E+02 -0.781542104834302E+01 -0.119436512827586E+02
%  0.129059704473047E+02 -0.147385232104573E+02 -0.237907714621137E+02
% -0.193472670442043E+01 -0.459100814125196E+02 -0.106322994669808E+02
%  0.282150952242634E+02  0.908829505288170E+01 -0.171232652332137E+02
% -0.851024825897879E+01 -0.349596370243419E+01  0.100077555232027E+02
%  0.117600200079519E+02 -0.101112838927933E+02  0.291325750269342E+02
% -0.456526474115374E+01  0.180512926453349E+02 -0.156023273935010E+02
% -0.191329632523091E+02 -0.261087366898222E+01 -0.513420755878085E+01
%  0.748367336467347E-01 -0.162071028655388E+01 -0.173302740401788E+01
% -0.153178985626198E+02  0.226428522311463E+02 -0.198997176092144E+02
%  0.786074427145940E+00  0.598457205241698E+01  0.369004323581065E+01
%  0.659736389703477E+01  0.677261696943969E+01  0.191785365531963E+01
%  0.729224677365605E+01  0.263013603867615E+01  0.100253030705040E+02
%  0.117564091345116E+02  0.283358514458116E+01 -0.937221262753928E+01
%  0.583063080051469E+01 -0.868621751398375E+00 -0.411916635955231E+01
% -0.531171493645160E+01  0.441713602098391E+01 -0.394363829338447E+01
% -0.644188899597867E+01 -0.103198243979904E+02  0.125122562753638E+02
% -0.117527873330082E+02 -0.609812925872726E+01  0.850187615210830E+01
%  0.868519734372290E+01  0.782990385561540E+01 -0.215621263899032E+02
% -0.444588435292539E+01 -0.189114035743450E+02  0.116883699291030E+01
%  0.891223944052558E+01 -0.578248423579436E+01 -0.150767695239998E+02
% -0.108195851797752E+02  0.165809258260968E+02 -0.138599121600210E+02
%  0.261146135935100E+01  0.114154761738539E+02  0.343259788005655E+02
% -0.174453771086354E+02  0.239502167514058E+02  0.545249447373687E+01
% -0.295861091667504E+01  0.193664342153231E+01  0.220816855593648E+01
%  0.350217078266182E+00 -0.797023599058386E+00  0.247529213461904E+01
%  0.998950907101828E+01 -0.361928774066487E+01 -0.106680795948024E+02
% -0.262650451300118E+01 -0.288835033999593E+01  0.301515182979211E+01
% -0.225005846324698E+01 -0.418833279491511E+01  0.291537072745999E+01
% -0.939144204770362E+01 -0.938668249827518E+01  0.313180949115275E+01
%  0.908971992858931E-01  0.352672166741603E+01  0.439842360067882E+01
% -0.279558424063225E+02 -0.127326660674578E+02  0.165652468346900E+02
% -0.124806442540781E+02  0.147342769919197E+02 -0.218739842762559E+02
% -0.793358070707548E+01  0.100423899414529E+02 -0.416260090680835E+01
% -0.406426782294322E+01  0.245307651307727E+01 -0.244477372866403E+02
% -0.549426590627088E+01 -0.425771307461029E+01 -0.411414846936800E+01
% -0.215626976608989E+02  0.349491284195334E+02  0.125626043152911E+02
%  0.954799546362403E+01 -0.776051251373793E+00  0.275487269231206E+01
%  0.270605365819886E+02 -0.231684297299697E+02 -0.259281963364578E+02
% -0.532643440700658E+01 -0.993463330597043E+00 -0.604434993402365E+01
% -0.102708749449100E+02  0.297167498429619E+01  0.185971566140589E+01
% -0.241207853752764E+01 -0.292726469672809E+01 -0.129486475684709E+01
%  0.103068959252972E+02 -0.111868130831382E+02 -0.321539804098980E+01
%  0.395001986254936E+01 -0.325806659597768E+02  0.713356093916860E+00
% -0.293512485487958E+02 -0.976358392948302E+01  0.595014211256728E+01
%  0.503765968385012E+01 -0.457813964864214E+01 -0.314869608424202E+01
% -0.717565771059306E+01 -0.171689809309896E+02  0.228100353465337E+00
% -0.120227800536355E+02  0.339685978083348E+02  0.328782960979876E+02
%  0.161235385181414E+01 -0.808032436944048E+01 -0.544059740494969E+01
%  0.572303994156509E+01  0.323234817305857E+01  0.465284308346869E+01
% -0.228290866204810E+02 -0.791968241096561E+01 -0.170200135168274E+02
%  0.276948865653893E+01 -0.869343272266553E+01  0.404500795772689E+01
% -0.664959202569604E+01 -0.302841229970312E+00  0.508997242251675E+01
% -0.254183910161338E+02  0.498895976089171E+01 -0.165794356797129E+00
% -0.202247728558395E+02 -0.343543226852761E+01 -0.256499321796648E+02
% -0.741726892496520E+01  0.342576506516282E+02  0.202821440477335E+02
% -0.775567630590972E+01  0.196017384693359E+01  0.917743176534147E+00
%  0.273564182891118E+02 -0.344801162826932E+02 -0.103157299247619E+02
% -0.956381675536372E+01 -0.715162333661031E+00  0.114006854944275E+02
%  0.105444804595721E+01  0.213670425789481E+01 -0.635504391893215E+01
% -0.462373882014410E+01 -0.158665398296124E+02  0.863508233160981E+01
% -0.942752574246726E+00  0.101591971644626E+00 -0.461985914553094E+00
% -0.211708211892755E+02  0.475083213406567E+02 -0.788175492770077E+02
%  0.321629216553147E+01 -0.666233322994807E+00 -0.787039837972654E+01
%  0.710921185889292E+01 -0.792619164254709E+01 -0.269674016423551E+01
%  0.586018539466428E+01  0.624945243560571E+01 -0.925849116281358E+01
%  0.114750586590782E+02 -0.930031153410305E+01 -0.491605238904385E+01
% -0.570581376571238E+01  0.657377154845911E+01  0.233471338074288E+02
% -0.297834985459989E+02 -0.199851788269942E+02 -0.542453388621915E+00
% -0.321698589908741E+01 -0.111859745074623E+02  0.124740667477447E+02
%  0.114519332935981E+01  0.876398313341636E+01  0.507415213993910E+01
%  0.124888555930653E+02 -0.247325335018701E+02 -0.550977726911542E+01
% -0.101009822433431E+02  0.516854407124706E+01  0.128732394898927E+02
% -0.358509575545264E+01 -0.149193660413642E+02 -0.189760072681542E+02
%  0.768526285421502E+01 -0.201920709127413E+02  0.512673110848243E+01
%  0.431333738569912E+02 -0.318198931304154E+02  0.693998761704656E+02
% -0.287634351411838E+01  0.318179480159591E+01 -0.552494037753971E+01
% -0.666696690204839E+01  0.136141397419478E+02  0.957699444761345E+01
% -0.528417677536979E+01  0.101989553797366E+01  0.382511068179835E+02
%  0.467554719752445E+00 -0.433982126970656E+01 -0.280323627780073E+01
% -0.200538225489956E+02 -0.338242221943791E+01  0.179972802322273E+02
% -0.625697730011188E+01  0.265698379760076E+01  0.235669679069363E+01
%  0.183471778791965E+02  0.154858173214898E+02 -0.205260710869870E+01
%  0.905965673798819E+01  0.733868643530568E+00 -0.122656765353933E+01
%  0.200685763179284E+01  0.318106535044391E+02  0.135520513423130E+02
%  0.108387971921643E+02  0.122160886666773E+02 -0.164027814109271E+02
%  0.216617029189758E+01 -0.114622210215963E+00 -0.363970184804143E+01
%  0.405613392082850E+02  0.249936560940841E+02 -0.326656465201987E+01
% -0.303560090373681E+00  0.112213971235501E+01  0.505703841662919E+00
% -0.130899050764941E+01  0.202624087061955E+01  0.833860712203724E+01
%  0.236134634007882E+01 -0.503269293414164E+00 -0.141946617044160E+02
%  0.524088939753620E+01 -0.301515869721566E+01  0.130961270001911E+02
%  0.558222273784194E+01 -0.319655747330133E+02  0.300421565510113E+01
% -0.324507938108947E+01 -0.111006551853283E+02 -0.258776151728330E+01
%  0.125153683623275E+02 -0.139205048144892E+02  0.192470448981146E+02
%  0.115037924697286E+02 -0.596435836318885E+01 -0.162632023190696E+02
%  0.583244492268282E+01 -0.216916544095768E+02  0.158565605295022E+02
%  0.148376490954523E+02 -0.748702095350110E+00 -0.389601105354884E+01
%  0.188744134505953E+01  0.142338842174122E+01  0.750062233796886E+00
% -0.119053757094095E+01  0.125377865114634E+02 -0.134007827661668E+02
% -0.306860528420395E+01  0.826044849083899E+01 -0.237073845443061E+01
% -0.667627036955108E+01  0.317010018102604E+01 -0.624928047407912E+00
%  0.155213479590202E+02 -0.193971310092888E+02  0.367917640394863E+00
% -0.170474357419257E+01 -0.182560759636909E+01 -0.909360773144137E+01
% -0.377315622101303E+02  0.702230093667745E+01  0.936019823726862E+00
%  0.118814234459253E+02  0.412320839161046E+01 -0.555039440484124E+02
%  0.585407410614239E+01 -0.337115789624538E+01  0.136153841276905E+02
%  0.861496546539670E+01  0.161268215126159E+02 -0.120805136536721E+02
%  0.660591929325277E+01 -0.540545483199626E+01 -0.580237825274705E+01
% -0.154636397256786E+02 -0.150366676785650E+02 -0.192755634699488E+01
%  0.562764366675204E+01 -0.121372115722395E+01  0.410443004534601E+01
% -0.819607606387729E+01 -0.856535816633124E+01 -0.114020304156754E+02
%  0.205607955992065E+02  0.345882017053317E+02  0.140955071324194E+02
