% T    256  0.715122828077254E+01  0.715122828077254E+01  0.715122828077254E+01
  -0.157373660234789E+01 -0.941178649120742E+00  0.786027476710220E+00
   0.186378114402406E+01  0.213314310737360E+01  0.243017907809080E+01
  -0.222530882310234E+01  0.203200866259515E+01 -0.103381190746155E+01
  -0.352257644498982E+01 -0.393453423373110E+00 -0.131404706042930E+00
   0.760123039410067E+00 -0.303757326768039E+01  0.102242154282596E+01
  -0.274894235592986E+01  0.487126573268316E+00 -0.156129931011038E+01
  -0.181986732465702E+01 -0.124558273632723E+01  0.263099018237829E+01
   0.410063863799978E+00  0.122177148598357E+01 -0.345542803190801E+01
  -0.763792886908986E-02 -0.381424042839120E+00  0.869049624404615E+00
   0.143166198976961E+01  0.338938106167613E+01  0.158108531332670E+01
   0.326114601298021E+01  0.176124122774003E+01 -0.328980264573548E+01
   0.288793165964384E+01  0.176770056743678E+01  0.678408973039514E+00
  -0.295451944156725E+01  0.275190220131746E+01  0.172237648822148E+01
  -0.194887104910872E+01 -0.187329113475235E+01  0.182004981732711E+01
  -0.296702810468438E+01 -0.277433084546920E+01  0.217646410483925E+01
  -0.244156006433665E+01  0.424754203189424E+00 -0.338694919400213E+01
  -0.114231589039816E+01  0.615300024543324E+00 -0.167120320900288E+01
  -0.229149072531029E+00  0.109826861881635E+01  0.265213407334143E+01
   0.350958094669609E+01 -0.242876831247919E+01  0.130003162671907E+01
  -0.291109652751133E+01 -0.807708675027130E+00 -0.345580331633376E+01
   0.189183746636097E+01 -0.102421578517765E+01  0.692698690879686E+00
   0.306274634738286E+01 -0.115726993335724E+01 -0.184354133497243E+01
  -0.927969480504290E+00 -0.185647935851589E+01  0.245453962724644E+01
   0.254572171990268E+01 -0.138720475009908E+01  0.295223450380606E+01
  -0.486039432916990E+00  0.293493839585333E+01  0.232746904395835E+01
   0.499130702156459E+00  0.287892852645180E+01 -0.141697065866248E+01
   0.217227707936990E+01  0.648075379570528E+00  0.186059930370668E+01
  -0.162747197021587E+01 -0.195575887554757E+01  0.525115677259731E+00
  -0.457158230087100E+00 -0.301942776614198E+01  0.143489655108975E+01
  -0.332573001773947E+01  0.346845897376458E+01 -0.161206213982790E+00
  -0.351701102016735E+01  0.149510529950637E+01  0.134361650412192E+01
   0.179815777649001E+01  0.269222999617780E+01 -0.356448219193983E+01
   0.280391212193994E+01  0.320815451223217E+01  0.405975722370255E+00
  -0.956918338843134E-01  0.253113412990837E+01 -0.261062579598234E+01
   0.305627914150448E+01 -0.206931774334676E+01 -0.231781183775019E+01
  -0.350215419054410E+01  0.276036679771326E+01  0.337366410661705E+01
  -0.847925299542727E+00  0.189162442908776E+01  0.314994637274010E+01
  -0.215885844502668E+01 -0.258664389000738E+01 -0.285675216706004E+00
  -0.307858195527096E+01 -0.313361573077949E+01 -0.983199801189226E+00
   0.139822060310959E+01 -0.234685475836265E+01  0.293746803551282E+01
   0.238843836877665E+01 -0.246205368273119E+01  0.317644958134484E+01
   0.289361631505574E+01 -0.289902284753315E+01 -0.189712441945689E+01
   0.353150500069908E+01 -0.269824579480971E+01  0.356744799050485E+01
  -0.207301938181174E+01  0.134000414445374E+00  0.100362363075320E+01
   0.192395129745117E+01  0.154359375635633E+01  0.140912031000162E+01
   0.141605300647120E+01 -0.239118834667710E+01  0.169735243015401E+01
  -0.245203045471830E+00  0.535796003619313E+00 -0.120462727705519E+01
  -0.237233635185245E+01 -0.211210052384509E+01 -0.114041658210042E+01
  -0.721044372400240E+00 -0.205321420306595E+01 -0.354765661982613E+01
  -0.978913169318907E+00 -0.325954229631393E+01  0.315029453313341E+01
  -0.288147489864574E+01 -0.973088792622041E+00  0.241181193990246E+01
   0.160192498279794E+01  0.311175113459063E+01  0.270263993119221E+01
  -0.230463891290068E+01 -0.543594947643618E+00  0.161345448515956E+01
  -0.326969617648535E+01 -0.183460126216014E+01  0.304316159837004E+01
   0.113608707002666E+01 -0.151858852989718E+01  0.273406035251727E+00
  -0.257460072923438E+01 -0.122190346644461E+01 -0.352218927301678E+00
   0.242203268412616E+01 -0.160192262726623E+01  0.765195366601690E-02
  -0.153225143351186E+01  0.294489746436258E+01  0.270557327143947E+01
  -0.675136914293411E+00  0.659507824812607E+00  0.757676294760235E+00
  -0.353292824500847E+01 -0.140883825662229E+01 -0.112951446884719E+01
   0.340246396965034E+01  0.302643016511512E+01  0.245896041830695E+01
  -0.135054977837235E+01  0.964911476072869E+00  0.178797852378179E+01
  -0.228174303262970E+01  0.907369251472103E+00  0.229225327353349E+01
  -0.283132824164607E+01  0.300140346088110E+00  0.283015905273833E+01
  -0.172907730363349E+01  0.264446961780926E+01  0.413159208361085E+00
   0.321326268821777E+01 -0.793128026474463E+00 -0.284326564732172E+01
   0.181924154972603E+01  0.327335787657459E+01 -0.416831973244537E+00
   0.293728576828907E+00 -0.210268791578057E+01 -0.518829094564962E-01
  -0.916986469286787E+00  0.205272082794977E+01  0.208114175259388E+01
   0.222404048202449E+01 -0.865088605838724E+00 -0.341256322462049E+01
   0.357330817502487E+01 -0.150747188317933E+01  0.339642991095550E+00
   0.158927372341268E+01 -0.126102825409392E+00  0.209863297460891E+01
  -0.116046216469668E+01  0.781364379598000E+00 -0.666179417868774E+00
  -0.277139532360660E+01 -0.338259152038431E+01  0.312464442173945E+01
   0.238320435736051E+01 -0.100396437420986E+01 -0.103498252295756E+01
  -0.277635948647700E+01  0.162553417798446E+01 -0.291186964727048E+01
   0.279591221918916E+01 -0.350878718100537E+01  0.327138625331516E+01
   0.180315869852598E+01 -0.280653381956494E+00 -0.248171998532281E-01
   0.180036758833109E+01 -0.237981972786709E+01  0.392836918285297E+00
   0.295865366641208E+01 -0.215380233440258E+01 -0.115684605519124E+01
  -0.454099689653283E+00 -0.127284348884555E+01 -0.971066317118301E+00
   0.103713285309116E+01  0.290373356590617E+01 -0.273621974100738E+01
  -0.449224885028550E+00  0.158301290140497E+01 -0.265669176399539E+01
  -0.233965710879716E+01 -0.148369735483103E+01 -0.357104658597626E+01
  -0.275668195943055E+01 -0.243653861326392E+01  0.593655894210498E+00
  -0.171703066979555E+01  0.247345807004323E+01  0.164471260429064E+01
  -0.580065671891775E-01 -0.100488194699632E+01  0.355134259975963E+01
   0.147495460557187E+01  0.335247631744302E+01  0.528430100167554E+00
  -0.356892750911838E+00 -0.148384771868749E+01  0.545273150818725E+00
  -0.495254325899263E+00 -0.129919466791250E+01 -0.212013357896850E+01
  -0.563305350834423E+00 -0.248198765318721E+01 -0.881145151870883E+00
   0.178952405950581E+01  0.204190569231430E+00 -0.257055176513258E+01
  -0.232395901536220E+01  0.348998402788102E+01  0.126669655801104E+01
  -0.172353477941323E+01  0.309289745689521E+01 -0.132421848443313E+01
   0.150182163806556E+01  0.831401853604212E+00 -0.299297099898744E+00
   0.627645330591325E+00  0.793515628715991E+00 -0.158397838177151E+01
  -0.442249981279189E+00 -0.640385523735731E+00  0.202249727578905E+01
  -0.261056305057900E+01 -0.253677208759772E+01  0.346335524090237E+01
   0.267510749317437E+01 -0.187535836554612E+01  0.863263934756688E+00
  -0.210080076486263E+01 -0.243119086552636E+01 -0.217268510513403E+01
   0.313637672499654E+01 -0.296789121483194E+01  0.208724740842239E+01
  -0.702149839736735E+00  0.277295479746339E+01  0.118790882146492E+00
   0.781090981574650E+00 -0.105674638930480E+00 -0.411626930584049E+00
  -0.169032429030258E+01 -0.228569035761229E+01  0.305909871603917E+01
  -0.338965616996921E+00  0.157224242989221E+01 -0.107510177138039E+01
   0.878511146264985E+00 -0.233699611980011E+00 -0.201593019410119E+01
   0.765116921234799E+00 -0.355842794783655E+01 -0.839070334015039E+00
   0.238298548377736E+01  0.286803821958256E+01 -0.194766667343540E+01
   0.355295654729360E+01 -0.327577218955573E+01 -0.255879415143090E+01
   0.615344307651855E+00 -0.414407929046474E+00  0.321363733847503E+01
   0.277072197874697E+01 -0.927111949059562E-01  0.254798780400169E+01
   0.932312418435947E+00  0.228578552915540E+01  0.242416239400231E+01
  -0.353141266581520E+01  0.145914269063632E+00  0.191680119805684E+01
  -0.119753655560964E+01  0.174632537535422E+01  0.100531135891278E+01
   0.150539680000841E+01 -0.196051659902420E+01 -0.618285126952853E+00
   0.284373515617244E+01 -0.272552187060369E+01  0.201564121099618E+00
   0.700778806985497E+00 -0.129172742234433E+01 -0.208265245465851E+01
   0.334429319020937E+01 -0.705389374299018E+00  0.302192624064595E+01
  -0.169432751076273E+01 -0.543129311226565E+00 -0.191907297175093E+01
   0.241899348797882E+01  0.293907875041259E+00 -0.792324078012592E+00
  -0.238236167810167E+01 -0.344002457997674E+01  0.319347946021340E+00
   0.225357461434359E-01  0.202538367765945E+01  0.208179582026877E+00
   0.406831930346707E+00 -0.291480538217930E+01 -0.156267577640484E+01
  -0.107360037689025E+01 -0.653702605018868E+00  0.285252887010882E+01
   0.161020358089046E+01 -0.626568763601680E+00 -0.150088497990435E+01
  -0.116426765012318E+01  0.337030873229017E+01  0.798676923005336E+00
   0.179630481493097E+01 -0.196123217318046E+01 -0.327404266043273E+01
   0.296854654666299E+01  0.173791624307774E+01 -0.186172948642221E+01
  -0.789271676965422E+00 -0.257486263941680E+00 -0.365664071580338E+00
  -0.323712168206079E+01  0.179800209554973E+01 -0.191764271755528E+01
   0.116533269459551E+01  0.161159988500599E+01 -0.981678491941643E+00
  -0.565461855409250E+00  0.292970362597017E+01  0.336729313362121E+01
   0.305172140934927E+01 -0.874526454489922E+00  0.811298427437399E+00
   0.333459910184003E+01  0.474111846324522E+00 -0.165988734146722E+01
   0.345707439090760E+00  0.158560090480975E+01 -0.211768000996448E+01
  -0.319345442494792E+01 -0.221399475310924E+01 -0.440900884282128E+00
   0.744341402715619E+00  0.353260603851817E+01  0.322537998822457E+01
   0.170730267892426E+01  0.201061103929994E+01  0.188792549004394E+00
  -0.184655946622557E+01 -0.349074623924541E+01 -0.344004056427156E+01
  -0.297288472806150E+00  0.764862432220808E+00 -0.228868680114055E+01
   0.753258376052318E+00  0.245173829133362E+01 -0.562453758128097E+00
  -0.135021480002340E+01  0.174416982684792E+00 -0.324229833069320E+01
  -0.101349762292460E+00  0.217371244141497E+01  0.145803006219916E+01
   0.177159083810938E+01  0.216040135267587E+00  0.104252638670811E+01
   0.203036209899272E+01  0.117723990702142E+01  0.351538767037315E+01
  -0.568502923441120E-01 -0.496770892386736E+00 -0.148813954099030E+01
  -0.473363947889611E-01  0.806859098152670E+00  0.150886698965651E+01
  -0.208970807178958E+01 -0.472933918642112E+00  0.321499774985558E+01
   0.135204697206521E+01 -0.304878998445140E+01 -0.132491234275136E+00
  -0.146751788309586E+01 -0.201057498020961E+01 -0.140682761997669E+01
  -0.185767128550418E+01 -0.272939678440814E+01  0.116520238128438E+01
   0.266892069280308E+01  0.142351923205238E+00 -0.343170256224103E+01
   0.264181305657396E+01  0.220725947439588E+01 -0.969743899332630E-01
   0.323808847065182E+01  0.301278529063371E+01 -0.281875064112337E+01
  -0.329914723760374E+01  0.277146379166255E+01 -0.180810661531220E+01
  -0.238788867270378E+00 -0.299522278540498E+01 -0.313267217634863E+01
  -0.246580120448170E+01  0.870372557692081E+00 -0.541175886929767E+00
  -0.198602456876628E+01  0.159889026661567E+01  0.199790832371229E+00
  -0.170125134963598E+01  0.109811694137640E+01  0.347250826018381E+01
   0.603554636644673E+00 -0.169979453124110E+01  0.218154095022264E+01
  -0.286960087367188E+01  0.242719096620809E+01 -0.180577813728010E-02
   0.489729136348233E+00  0.441020485182516E+00  0.287820570043557E+01
   0.192894503964484E+01 -0.174727390898318E+01 -0.193432133003534E+01
   0.753062222242827E+00 -0.325665606328222E+01 -0.243895799088601E+01
   0.876297418336850E+00  0.203393508760561E+01 -0.321402978586598E+01
   0.450498545579597E+00  0.946392471778978E+00 -0.422313644497038E+00
  -0.254076018920768E+01  0.302144590461624E+01  0.261224444651094E+01
  -0.125046774595004E+01 -0.325240990379079E+01 -0.244528269608408E+00
   0.833523299348359E+00  0.164540759547410E+01  0.108662870724280E+01
  -0.373925798932936E+00  0.296905975396867E+01 -0.895953968770941E+00
  -0.583514379444860E+00 -0.189943080109878E+01  0.139097789243102E+01
   0.163350285391247E+01 -0.302302650689157E+01 -0.353948014053251E+01
   0.354345230825806E+01  0.246123292872611E+01  0.697319972748228E+00
   0.112666849947710E+01  0.120327802811623E+01  0.222080605778171E+01
  -0.248300687950860E+01  0.185674244249401E+01  0.103580182111526E+01
   0.355314175300919E+01  0.568307232766480E+00 -0.695219825151933E+00
  -0.845804748741329E+00 -0.330801495636529E+01 -0.122346741317056E+01
  -0.106660191015289E+01  0.425555506411733E+00  0.287800602209531E+01
  -0.143507033166073E+01 -0.134769582225242E+01 -0.321186040066593E+01
   0.246062055017567E+01  0.133481809318672E+01 -0.653314423824839E+00
   0.461823644148852E+00 -0.213116352373767E+01 -0.306033516039102E+01
  -0.194490587912885E+01 -0.304390669396034E+01 -0.111716195897778E+01
   0.952915668034320E+00 -0.108495372499050E+01 -0.798848609813330E+00
   0.277328172670548E+01  0.340825382026917E+00  0.101168609672700E+00
  -0.348896876082247E+01 -0.167621763536811E+01  0.194147179956695E+01
   0.321847237074992E+01 -0.741973542453958E+00  0.196751301013584E+01
  -0.402898194529118E+00 -0.271249637074898E+01  0.245992211728488E+01
  -0.170589087826433E+01  0.110748470726811E+00  0.213987691366822E+01
   0.125711359592144E+01  0.169972647179890E+01  0.305697267342811E+01
   0.743233976468591E+00  0.330988267195599E+00  0.192684467167290E+01
  -0.139485300668368E+01  0.253563345330052E+01 -0.287444746529579E+01
  -0.264009765102024E+01 -0.891470873275253E-02  0.802799607128891E-01
   0.160783262456169E+01  0.794240017207579E+00 -0.129396703293474E+01
  -0.230566183018904E+01 -0.262737068601191E+00 -0.860910116429641E+00
  -0.775715921332681E+00  0.339326688881139E+01 -0.267810145966311E+01
   0.194238783731160E-02  0.352630014489170E+01  0.484775903546853E-01
   0.261423078457061E+01  0.108391435510604E+01 -0.264062420333646E+01
   0.345889390326536E+01  0.141243032981910E+01 -0.154630198991597E+00
  -0.277803090874785E+01 -0.350313236027957E+01 -0.187802143664279E+01
  -0.144211873565977E+01  0.128748393742837E+01 -0.260222376317420E+01
   0.296422610844447E+01  0.233044675539836E+01  0.183000605524990E+01
   0.232495787873501E+01  0.257956710918163E+01  0.114339039858376E+01
  -0.264298844401584E+01 -0.111668188044303E+01 -0.188032669160464E+01
   0.517681483090002E+00 -0.194311715958351E+01  0.311031855780611E+01
   0.891739185261035E+00 -0.900424193545336E+00 -0.304208409006154E+01
   0.205979077443531E+01 -0.323321325291615E+01  0.217305489372930E+01
  -0.109176150073160E-01  0.216219804638539E+00 -0.310589186975722E+01
  -0.735601834140270E+00 -0.259762469982190E+01 -0.229689818111085E+01
  -0.349709533228488E+01  0.106973988603906E+01 -0.252063364493402E+01
  -0.737393912871614E-01  0.321877432563443E+01  0.103222834279855E+01
   0.262635315226747E+01 -0.196149194734646E+01  0.202044584456058E+01
   0.181496155545798E+01 -0.115325893163785E+01  0.163072928744221E+01
  -0.126740525259642E+01 -0.211052813940990E+01 -0.337132462424301E+00
  -0.307545599534897E+01 -0.158284697512107E+01 -0.260311705809856E+01
  -0.210674417500278E+01  0.499661406689376E+00 -0.243192181906641E+01
   0.349023184435250E+01  0.798327737827148E+00  0.354543780460596E+01
   0.158063757432219E+01 -0.352951451705102E+01 -0.167041002463231E+01
  -0.278144078283184E+01  0.912997293079718E+00  0.134349154333480E+01
  -0.351558523412069E+01 -0.357576752360655E+01  0.108561981138183E+01
   0.589140496409600E+00 -0.155311741579766E+01  0.114686630836945E+01
   0.143075245514458E+00  0.218398828897503E+01  0.318833011722049E+01
   0.294703397880967E+01 -0.327703846579097E+01 -0.593685882248248E+00
  -0.338856563164417E+01  0.113302595479225E+01  0.225807691756663E+01
   0.205343215733331E+01 -0.267051393563548E+01 -0.135343155348374E+01
  -0.844655872096992E+00  0.221260398118316E+01 -0.197912690594499E+01
  -0.114865875516321E+01  0.214359903467891E+01 -0.657483042371456E+00
   0.233072506568907E+01 -0.334202660006218E+01  0.112141975542444E+01
   0.163504926506311E+01 -0.757667775962908E+00  0.294116474092040E+01
   0.299681365901480E+01 -0.160052702923238E+01 -0.336045349149075E+01
  -0.308364366958614E+01 -0.663083918905805E+00  0.776717129601620E+00
   0.273768796690802E+01  0.110909917078471E+01  0.242756740224845E+01
   0.185614521629986E+01  0.222937421241080E+01 -0.253451627404888E+01
   0.263766455228490E+01 -0.727559160413518E-03 -0.211640422447751E+01
  -0.142728362550940E+01 -0.107255599896515E+01 -0.867349525986217E+00
  -0.870552583937118E+00 -0.484941266459903E+00 -0.267842366448967E+01
  -0.234916974945464E+01  0.236258637712029E+01 -0.237238870613547E+01
   0.521642383295284E+00  0.580498140884296E+00  0.677308684924292E+00
  -0.173624376806178E+01  0.195653666186060E+01  0.273446666358098E+01
  -0.262622540245942E+01  0.193970342922747E+01  0.206495398614829E+01
  -0.269397503002529E+01  0.319538060068343E+01 -0.292316384221563E+01
  -0.194341052409266E+01 -0.317304357792682E+01  0.232903269308654E+01
   0.640432358805845E+00 -0.267315265555949E+01  0.230466171855045E+01
   0.185615193366481E+01  0.234986901172179E+01 -0.113046582025532E+01
  -0.572610102439910E+00 -0.261029200007291E+01  0.421750518717232E+00
   0.228309110374805E+01  0.330530447203603E+01 -0.287891763777221E+01
   0.315054028308551E+01  0.314192341328283E+01 -0.117341503620078E+01
   0.247021468680310E+01 -0.277000415420521E+01 -0.296176194421147E+01
  -0.215295339959218E+01 -0.755726416020752E+00 -0.271736507757797E+01
   0.207213605586639E+01  0.107465503565032E+01  0.456609326486522E+00
   0.188392840620958E+01  0.453771644232666E+00  0.282048078597749E+01
   0.123776394751112E+01  0.290133746057111E+00 -0.355714271492096E+01
   0.993582625281620E-01 -0.883912052239476E+00 -0.130595397552421E+00
  -0.307519923817936E+01  0.176903576930586E+01  0.317966904742878E+01
  -0.142284347352390E+01 -0.252481675890638E+01 -0.301823276116095E+01
   0.273817625536235E+01 -0.798690686027817E-01  0.148423309994784E+01
   0.156606578554653E+01  0.123494609417370E+01 -0.245538567076679E+01
% -0.988006453455612E+00 -0.867735466629213E+00 -0.416530202155184E+00
%  0.551063819416312E+00 -0.728783407892909E+00  0.166682662373388E+01
% -0.518575555776379E+00 -0.304938177747831E+00  0.106397742610217E+01
% -0.538134107381927E+00  0.235110370710018E+00  0.136539834705893E+00
%  0.483821092151002E+00 -0.264771837072956E+01 -0.264712695963625E+00
%  0.895407002867294E+00 -0.173680323300436E-01  0.198534686784598E+00
%  0.643914994280365E-01 -0.107963842071020E+01  0.269263078160333E-01
% -0.201632182387823E+01  0.351692315506195E+00  0.919600291196100E+00
%  0.171998275410066E+01  0.547560567039357E+00  0.180569079984638E+00
%  0.129931933809224E+01 -0.419293821652539E+00  0.845368286086674E+00
%  0.119506193160443E+01 -0.522020270386578E+00 -0.119886614932342E+01
% -0.140950409828647E+01 -0.261909580933849E+01  0.188752095391194E+00
%  0.153530610978605E+01 -0.144892559454132E+01 -0.142540248617503E+01
%  0.728767685727104E+00  0.115179270799778E+01 -0.413326429711866E+00
% -0.780406138600191E+00 -0.268330239344686E+01  0.102539422649888E+01
% -0.162250870471074E+01  0.196437704648882E+01  0.131201294973104E+01
% -0.477473778440315E+00  0.839175933923336E+00  0.114938931934166E+01
% -0.410896363460675E+00 -0.106235308630886E-01  0.692064497673408E+00
% -0.418678791874469E+00  0.133155020925728E+01 -0.674380095129312E+00
%  0.194189234394879E+01 -0.214115455386683E+01  0.661520976842077E+00
% -0.742226381435183E+00 -0.296463853536761E+01  0.162247133526719E+01
%  0.924932941095423E+00 -0.175667544770677E+00 -0.106140755756021E+00
%  0.151386577076130E+00  0.219525885128252E+00 -0.869845716446603E+00
%  0.907022027796140E+00 -0.662755934838071E+00  0.119678245757340E+00
%  0.460402841973624E+00  0.647201885966038E+00 -0.832631654394007E+00
% -0.105314925978064E+01 -0.257852794889304E+01 -0.530518690632454E+00
% -0.209210858845039E-01 -0.814538479942335E+00 -0.572044145025598E+00
%  0.587412774605977E+00  0.191197719814135E+01 -0.215415538808999E-01
% -0.366511127596878E+01  0.965888920303691E+00 -0.624070102606160E-01
%  0.367202151152512E+00 -0.267565034171025E+01 -0.129977922344200E+01
% -0.741363593402008E-01  0.549092048449631E+00 -0.151087353236545E+01
%  0.642756280903721E+00 -0.758449431262510E+00 -0.634197235126462E+00
%  0.687841639943255E+00  0.957790012981579E-01  0.192370147398712E+00
%  0.140450660615940E+01 -0.127094710217725E+01 -0.440780202982043E+01
% -0.133178240579167E+01  0.308013475841241E+01  0.736131168320039E+00
%  0.454076097545427E+00  0.759602099185023E+00  0.515624536790622E+00
%  0.638520622546762E-01  0.411154995846559E+00  0.775657308053221E+00
%  0.349824068619532E+01  0.178030178235273E+01 -0.129814796260860E+01
%  0.152186846287351E+01 -0.155431320509153E+01  0.292532543844554E+01
% -0.720110717564980E+00  0.153879463371685E+01  0.164748347081363E+01
%  0.103719814960178E+01 -0.217147063810511E+00 -0.190735082234301E+01
%  0.359257076016380E-01 -0.822404933517626E+00  0.111986527486092E+01
% -0.488634421418200E+01  0.855316408663648E+00 -0.106029107556764E+01
% -0.155958666248530E+01 -0.968373461312311E-02 -0.242259204291471E+01
%  0.159556881022334E+01  0.945600066956680E+00  0.115639118880952E+01
%  0.254556509815322E+00 -0.514885994458093E+00 -0.934132319206353E+00
% -0.189858232304588E+00  0.190968752118014E+01 -0.119134972920514E+01
% -0.162344022489391E+00 -0.145675549081235E+01  0.201778906223882E+01
%  0.222332825234771E+01  0.745832808616916E+00  0.235807089427710E+01
% -0.265422573772851E+01  0.123311823123676E+01 -0.182789993567304E+00
%  0.719017747724672E+00  0.233828133022126E+01  0.144126708662054E+01
% -0.128243943553397E+01 -0.452297986563399E+00 -0.361427049556326E+00
%  0.116745656137652E+01 -0.908198339181656E+00  0.929230822184429E+00
%  0.230724781713788E+00  0.157001756790383E+01  0.463759955311422E+00
%  0.592065822462810E+00 -0.106147147269719E+01  0.433405585436162E+00
% -0.584678848730813E+00 -0.155806434913250E+01 -0.822647946002990E+00
% -0.845163770130717E-01  0.349148660120225E+00 -0.240881500574435E+01
% -0.597590812064182E-01 -0.634526045994557E+00  0.594367516689421E-01
%  0.149491205345233E+01  0.810911943097719E+00  0.204576293337208E-01
% -0.101413192659369E+01 -0.631284966666355E+00  0.144500169498950E+01
%  0.364167671659697E+00  0.248611985334058E+01  0.215279895702597E+01
%  0.572580662282418E+00  0.438046426060824E+00  0.668382836799246E+00
% -0.169091055946981E+00  0.301306141298856E+01  0.224243626458291E+00
%  0.435458836886161E+00  0.454281237817062E+00 -0.165700225936523E+01
%  0.792252942934938E+00 -0.218483251347720E+01 -0.359426277521781E+00
% -0.130960382284000E+01 -0.804666152035721E+00  0.668481684219998E+00
% -0.446766568717438E+00  0.274208947263485E+01 -0.324799968414619E+01
%  0.164559334134374E+01  0.164414584325594E+01  0.628090639957926E+00
% -0.190671817410173E+01  0.124802114073481E+01  0.224757914372082E+00
%  0.287475373176605E+00 -0.225832967226812E+01 -0.144682227484122E+01
%  0.446436597688829E+00 -0.241016857313433E+01  0.456374558184771E+00
% -0.773144535077999E-01 -0.237456926953563E+01 -0.291253297186754E-01
% -0.809245800535268E+00  0.230803161502270E+01 -0.282581663619286E+01
%  0.583299293391059E+00 -0.251394508236905E+01 -0.158571672629204E+01
%  0.243318344913090E+00  0.584864652557829E+00  0.970545474227082E+00
% -0.263327497578906E+01  0.115684999939522E+01  0.315202433259057E+01
%  0.402007091632255E+00  0.269645398573069E+00 -0.233647329926910E+01
% -0.833046191890411E+00  0.123144170951184E+01 -0.228915447842155E+01
%  0.159572348621398E+01 -0.163965675473985E+00  0.207154175232613E+00
% -0.445335208681146E-01  0.131103035694331E+01 -0.174767063320101E+01
%  0.537514521370280E+00  0.123091252858747E+01  0.767798238352063E-01
% -0.244305302668887E+00  0.158368609364931E+01 -0.862151077724218E+00
%  0.612478904943797E+00 -0.188507096258679E+01  0.264316585917121E+00
% -0.762341833809982E-01  0.122436131088263E+01 -0.138128531710212E+01
% -0.123309229865263E+01  0.215172900056080E+01  0.156280613662765E+01
%  0.130260691140110E+01  0.785199531960317E+00 -0.204914619070928E+01
%  0.234388499886624E+01 -0.438930625337093E+00  0.947109899395967E+00
% -0.336198763918876E+00 -0.173124922915165E+01  0.169391859629716E+01
%  0.198031430840702E+01 -0.219457410251007E+01  0.110362875948641E+01
% -0.167056749333534E+01  0.725401221010271E+00  0.838346508974531E+00
%  0.387792217281632E+00  0.748713739429692E+00  0.401206309609169E-01
%  0.278244513543101E+00  0.220827268928576E+01  0.547185405899068E+00
% -0.189152488385243E+01 -0.125699390519480E+01  0.170996878947512E+00
% -0.398206263386762E+00 -0.589367051311607E+00  0.126496661681001E+01
%  0.334228593649405E+00  0.728748068148966E-01  0.205785852539880E+01
%  0.162973649406992E+01  0.301750373015906E+00 -0.424812364314581E+00
% -0.184005666815093E+01  0.249483320384802E+00 -0.959244028260705E+00
% -0.162474902531871E+00 -0.124021766378122E+01 -0.162820796659011E+01
% -0.282456344397670E+01 -0.169823520640048E+01  0.165341516434568E+01
%  0.180459201693993E+01 -0.800617366089473E+00 -0.195067964632623E+00
% -0.194865891628840E+01  0.101829700928874E+01 -0.184064104800532E+01
%  0.165610092513463E+01  0.309015072554427E+00  0.178077853049594E+00
% -0.153402994657890E+01 -0.138344882564580E+00  0.578062582921018E+00
%  0.134116205144728E+01 -0.540152999177440E+00  0.280770841751031E+01
% -0.233695612611579E+01 -0.135886994912516E+01 -0.665628361266564E+00
% -0.809278871121035E+00  0.346656504335329E+00  0.152534713662845E+01
% -0.228372231737681E+01 -0.950467488753241E+00 -0.532921918579023E+00
%  0.232035381005414E+01  0.592885840448332E+00 -0.772638255123915E+00
% -0.967850475047538E+00  0.804076100391393E+00  0.888556833207902E+00
%  0.474534254080057E+00 -0.267617240718868E+01  0.890154401882459E+00
% -0.272065154240825E+01  0.226464703551795E-01 -0.142731852937993E+01
% -0.154928224814239E+01 -0.136900728008007E+00  0.100792416848706E+00
% -0.184326996606223E+01  0.154154321692848E+01  0.143374455161025E+01
% -0.426162364864784E+00  0.497216868128101E+00  0.402014647304696E+00
%  0.390837283431204E+00 -0.147870688158900E+01 -0.832689355756323E+00
% -0.498417550130948E+00 -0.722367126690546E+00 -0.109522605610521E+01
%  0.131205219185658E+01 -0.212670856176027E+01  0.283103825653694E+00
%  0.118119027396942E+01  0.181132647538985E+01 -0.169013138099455E+01
%  0.492787924312939E+00  0.480128256781866E+00 -0.534610945061761E+00
%  0.179726612216488E+01 -0.737502627446225E+00  0.905158311139718E+00
% -0.707687301010509E+00  0.612242715849305E+00 -0.976321871346592E+00
%  0.222264540858677E+00  0.162100895711656E+01 -0.941816946890987E+00
%  0.326814794473476E+01  0.187882834669150E+01  0.228212579736501E+01
% -0.405431887139635E+00 -0.112005755237133E+01  0.337242688731450E+01
% -0.137791563960779E+01 -0.161562338281709E+01 -0.142927795014706E+01
% -0.181700907062525E+01 -0.100278276719472E+01 -0.573967714398733E+00
% -0.148919357248796E+01 -0.234423030462267E+00  0.701224287552123E+00
% -0.360231493785896E+00  0.180217335606404E+01 -0.148639656559062E+01
% -0.112780466575115E+01 -0.531504639715860E+00  0.231762773142237E+01
%  0.512102418970142E+00  0.295063534362266E+00  0.350093378215770E+00
% -0.203499445224076E+01 -0.491517497389790E+00 -0.153431008523475E+01
% -0.991324662790406E+00  0.313043790861648E+01 -0.139828650398233E+01
%  0.935490982344511E+00  0.937852767301460E+00  0.252263891750586E+01
%  0.195606606144332E+01 -0.751282184624883E+00 -0.748251633904165E+00
%  0.161550598552282E+01 -0.130649291283705E+01  0.216581409232340E+00
% -0.145219706124793E+01 -0.171587119478001E+01 -0.191045864730226E+01
%  0.212604078705845E+00 -0.159729618609891E+01 -0.402074233568527E+00
%  0.825105140580981E+00 -0.123247235396314E+01  0.248569535742269E-01
% -0.293421837179650E+01 -0.351194241743233E+00  0.321470999601385E+00
%  0.312800588003804E+00 -0.125002980127342E+01 -0.175143973374792E+00
%  0.112728271696105E+01  0.111868188212274E+01  0.123855182828897E+01
% -0.776620420850006E+00  0.646907056615665E+00  0.961643572522091E+00
% -0.893314831533703E+00  0.155879451573502E+01  0.510699446255589E+00
% -0.811464162986123E+00  0.233050459973726E+01  0.985758410997663E+00
%  0.210651197552839E+01  0.167527355904425E+01  0.889517737780100E+00
%  0.689325219448092E+00  0.543348299610544E+00 -0.141515782547608E+00
% -0.236882655115904E-01 -0.621580065154685E+00  0.112383639857386E-01
% -0.294204161575973E+00 -0.156704359564206E+00 -0.961803431724224E+00
%  0.111659905370119E+01  0.463302706622666E+01  0.120096410977332E+01
%  0.630328847747599E+00 -0.298166416549649E+01  0.175819556281384E+01
% -0.238742790435138E+00  0.157723238773070E+00  0.422012973412152E+00
%  0.830596943681608E+00  0.201841712843203E+00  0.223900185600842E+01
% -0.827790708688113E+00  0.145933057104168E+01  0.977969034429159E+00
%  0.211728201097059E+01  0.160240216739788E+01 -0.189934281487311E+00
% -0.488728471368649E+00 -0.733444748494055E+00 -0.117364397088803E+01
%  0.791381115145453E+00  0.114696002602473E+01  0.211783831756403E+01
% -0.145205662393846E+01 -0.238096069608697E+01  0.458278242137929E+00
%  0.122691841406759E+01 -0.482724081908437E+00 -0.418986546413248E-01
% -0.182056320644401E+01 -0.601971242700048E+00 -0.919419062269545E+00
% -0.620839661605442E-01  0.440856131155486E+00 -0.566513652283550E+00
%  0.935790349006023E+00  0.820446245822201E+00  0.249769503011284E+01
% -0.171773628274692E+01  0.835382562126818E-01 -0.221228763622290E-01
%  0.630361980627006E+00  0.986594958867689E-01  0.579083356400692E+00
% -0.776064886064192E+00 -0.278545215225164E+01 -0.325420214257696E+00
% -0.141264498907641E+01  0.841820304563918E+00  0.577828485903178E+00
% -0.262492126395593E+01 -0.743750685893114E+00  0.172421876068289E+01
% -0.222584892375866E+01 -0.460231844289130E-01  0.145728902031954E+01
% -0.185788857000866E+01  0.179544730750474E+01  0.161184899642394E+01
%  0.169076015626648E+00 -0.100992125277313E+01 -0.194534620993224E+01
%  0.124391046065527E+01 -0.799810083510801E+00 -0.145467112309792E+00
% -0.112164316134366E+01  0.192256163414866E+01  0.115050665469829E+01
% -0.119750129841549E+00  0.985072239427874E+00  0.136009322435560E+01
%  0.349413089413152E+00  0.178197553767683E+01 -0.219089568754282E+00
%  0.135986428188525E+01 -0.332084362719193E+00  0.772856105156576E+00
%  0.197140484697170E+01  0.126187228302382E+01 -0.120876075022189E+01
% -0.630076584944066E+00 -0.132291190840503E+01  0.115333935948509E+01
% -0.160530134133009E+01  0.586481345207496E+00  0.269442286162233E+00
% -0.926009856708892E-01  0.159064110739471E+01  0.178082115581077E+01
% -0.114374496856766E+01 -0.180204810461609E+01  0.606426377686550E+00
% -0.182220069287148E+01  0.169029551241198E+01  0.119490600239783E+01
%  0.100496535302220E+00  0.101041562369512E+01  0.702381157940069E+00
% -0.379458546556287E+00 -0.173275084199112E+01  0.651259106757474E-01
%  0.103587606838960E+00  0.222470965810694E+00 -0.145457410709295E+01
%  0.120681009670960E+01  0.105241409283354E+01  0.263064057221347E+00
% -0.175266090382681E+00 -0.233540077668962E-01  0.151675877083993E+01
%  0.177678814160178E+01 -0.293413307347105E+01 -0.144317723224248E+01
% -0.596056881523411E+00 -0.108515725473470E+01  0.268230261463112E+01
%  0.295488425405922E+00  0.757148889487542E+00  0.220599347939673E+01
%  0.187468760410996E+01  0.163815358082485E+01 -0.741540132725865E+00
% -0.725283821898419E-01 -0.183482170987537E+01  0.837048673825555E+00
% -0.944174802594540E+00 -0.348761954096562E+01 -0.287193347327980E+00
%  0.311822761887503E+00 -0.142201465952346E+00 -0.144942858497902E+01
%  0.319656884946026E+00  0.218476405803805E+01 -0.163211530157368E+00
%  0.473382288294578E+00 -0.115076741217954E+01  0.252291520513851E+01
% -0.192400623912586E+01  0.102239247462689E+01 -0.173444397308575E+01
% -0.877724728205611E+00  0.316653814038120E+00  0.130182112575597E+01
%  0.262738948804831E+01  0.107781479296601E+01 -0.164061363496566E+01
%  0.455158176463972E+00  0.103324769091467E+01 -0.959714909448047E+00
%  0.268702907356800E+01  0.159219905742645E+01 -0.137639331492834E+01
%  0.130747626993382E+01  0.232625219757963E-01 -0.210175933995047E+00
% -0.395184625288537E+00 -0.511651504231170E+00 -0.102700713379412E+01
% -0.161223672210067E+01  0.329216295474889E+01 -0.406769616037826E+00
%  0.182389696430619E+00 -0.820894999353521E+00  0.630920979796757E+00
% -0.183552073547789E+01  0.124420610621922E+01  0.458846488994399E+00
%  0.448221217883080E+00 -0.162423868834438E+01 -0.551773188410357E+00
% -0.161656414504028E+01  0.645209928593178E+00 -0.235478282916286E+01
% -0.116642413090591E+01  0.634358512410729E+00 -0.429993811033204E+00
%  0.836124577936393E+00 -0.521218789242878E+00 -0.194153684977683E+00
% -0.243683831655948E+01 -0.105722212435799E+01  0.724590368280440E+00
%  0.120945916759745E+01 -0.223324824762409E+01  0.358470342218964E+01
%  0.947542252839729E+00  0.440816549803077E+00 -0.813461630331248E+00
%  0.651165845353109E+00  0.137021555543002E+01  0.167412869610817E+01
%  0.560083316538437E+00 -0.198464538610511E+01  0.345195605877735E+00
%  0.261344221080489E+01 -0.121946142841511E+01 -0.832028685644997E+00
%  0.262978710241058E+00 -0.585523115876101E+00  0.216613714962429E+01
%  0.394419964863464E+01 -0.478370253961963E+00  0.247686672900487E+00
% -0.775316155568593E+00  0.145080858608599E+01  0.226631990630631E+00
% -0.207055824029399E+01 -0.636836589990841E+00 -0.379790883958057E+00
% -0.342536506925465E+00 -0.194523410786629E+01 -0.679241605888418E+00
%  0.401832760615905E+00 -0.527952851885987E+00  0.105376934348169E+01
%  0.160053342181063E+00  0.434093753159989E+00 -0.138390078866455E+01
%  0.589745892032218E+00 -0.225496292127816E+00 -0.185695087704040E+01
% -0.133862827962724E+01 -0.903114071415126E+00  0.976014524038818E-01
%  0.396992726363226E+00  0.597267274944867E+00  0.305410204114856E+00
%  0.898511405564713E+00 -0.295618820297367E+01 -0.380477961372349E+01
%  0.232936498288701E+00  0.879573736215215E+00  0.631838843064547E+00
% -0.224599312303344E+01  0.145742252562012E+01 -0.575008506755225E+00
%  0.924870350857756E+00  0.210851990545148E-01 -0.136109435432397E+01
%  0.128568007801114E+01  0.293734192941110E+00 -0.924367969365221E+00
%  0.195206937625656E+01 -0.864509227677991E+00 -0.172787915976914E+01
% -0.105513003302680E+01  0.103482564779730E+01 -0.358145331525853E+00
% -0.272295479020399E+00 -0.595736607609427E+00 -0.215176837193968E+01
%  0.173886514571715E+01  0.127996963231369E+01 -0.183417876366260E+01
%  0.180034588217239E+01  0.123792585027254E+01  0.254378203030194E+01
% -0.189567261309114E+01  0.307576873674315E+00 -0.979040337574576E+00
%  0.286650975782409E+01  0.144381416678029E+01  0.139020159672617E+00
% -0.154365428718811E+01  0.796120625325745E+00 -0.123315854562580E+01
% -0.253391979716165E+00  0.157344224561137E+01 -0.219751445882699E+01
%  0.326370788783279E-01 -0.508525107675293E+00 -0.840497140316898E+00
%  0.227147958706910E+01 -0.112429500397306E+01  0.189042830912500E+01
% -0.325368934823959E+01 -0.915116207570008E+00 -0.961456035417024E+00
%  0.355709006225102E+00  0.606679125034095E+00 -0.184136313351885E+01
% -0.275821504786196E+01 -0.590690008552346E+00 -0.957900750877363E+00
% -0.442207357900931E+00 -0.489967722778756E+00 -0.698681235400131E+00
%  0.159824213180260E+01 -0.107016720881952E+01 -0.339097978541103E+00
% -0.167963006723418E+01  0.143471736799888E+01 -0.104705757184637E+00
%  0.175665443226810E+00 -0.134447097387695E+01  0.202270357849515E+01
%  0.902967238673431E+00 -0.210677834554138E+01 -0.131962094027213E+01
%  0.169080523214666E+01  0.987970001473907E+00 -0.288856278446280E+01
%  0.858775258248763E+00  0.332629494398271E+00  0.188969494160492E+01
%  0.162851674272805E+01 -0.202317427112284E+01 -0.717552580070050E+00
%  0.819695354437641E+00 -0.190008709789088E+01 -0.136146703648545E+01
% -0.618024968277353E+00  0.151176235683379E+01 -0.264072181048554E+01
%  0.293461907361254E+01  0.168745554285475E+00 -0.157554250577634E+01
%  0.406355475633057E+00 -0.720289943724271E+00  0.387886772707427E+00
% -0.105311364740229E+01  0.210966847337575E+01  0.997625957803850E-01
% -0.148714954119349E+00  0.910073699848888E+01  0.291029816077964E+01
%  0.934929415305771E+02 -0.480770755676876E+01 -0.284912261126310E+02
% -0.859313498167044E+00  0.170606487052243E+00  0.963582990705914E+00
% -0.330075299221822E+02 -0.141675295424434E+02 -0.151532445394933E+02
% -0.144042846165945E+01  0.775744184455927E+00 -0.194507353856778E+01
%  0.825407794194284E+00  0.156255577689760E+01  0.256417540282051E+01
% -0.218908208167452E+02 -0.282153350215279E+02 -0.107396353098146E+02
% -0.214992690688576E+02 -0.381789731788442E+02 -0.101066393370865E+02
% -0.155723747058916E+01 -0.100546951172940E+01  0.149585891543249E+01
% -0.133777291212006E+02 -0.113109191481041E+02 -0.744609454891414E+00
% -0.772344184349974E+01  0.130163624927012E+02  0.877197547833491E+01
% -0.248142539005369E+02 -0.782400804858212E+02  0.728358361660132E+02
% -0.346539926965753E+02  0.493422511888649E+02 -0.426194823781308E+02
% -0.128600035355745E+01 -0.481905561153919E+01 -0.624008570283704E+01
%  0.439486258386177E+01  0.320090906956455E+01  0.968680367426231E+00
% -0.970097288651342E+01 -0.489582004814359E+01  0.164128027822661E+01
% -0.231150389339763E+02 -0.298496957727731E+01 -0.242140069340139E+02
% -0.135415599440072E+02  0.199666275509870E+02 -0.733770981252937E+01
%  0.183666426084349E+01 -0.119353044843058E+02 -0.275185297744275E+02
% -0.123622735483710E+03  0.110976938488279E+03  0.232834815935236E+02
%  0.226019053969544E+02  0.184695505915505E+02 -0.316481084716675E+02
% -0.403877621536071E+02  0.280312451219345E+02 -0.490648616941497E+02
% -0.576960327240293E+01  0.222858275280049E+02 -0.167938794311447E+01
% -0.130156083544373E+02 -0.827628157626030E+01 -0.526118735734044E+02
%  0.100348596726479E+02  0.153748463224200E+02 -0.613955621102634E+01
% -0.716751077803279E+01 -0.279667972275381E+02 -0.696762885733547E+02
% -0.421469265812487E+02 -0.619809163706416E+01 -0.446263527730766E+02
% -0.199329417584777E+02  0.909664660731163E+01  0.461855487657577E+02
% -0.191560441846300E+01  0.160109126653796E+01 -0.216265623839943E+01
% -0.433086941963700E+01 -0.124930757953514E+02  0.179338256503808E+02
% -0.521730788240027E+02  0.555696638240465E+02 -0.166803775835784E+02
% -0.300520722462927E+01 -0.186913729322862E+02  0.127049979772910E+02
%  0.275260826662176E+01  0.114375455221445E+01 -0.134193766447207E+02
%  0.200841319004474E+02  0.196009121102066E+02 -0.102563466879967E+02
%  0.112367116930623E+02  0.462396063228482E+02 -0.351862660758703E+02
%  0.115981450907578E+02 -0.479528299605500E+01  0.270588355198382E+02
%  0.161950929956564E+02 -0.780577406881708E+01  0.184895411337583E+02
% -0.159966119233429E+02  0.240863662046850E+01  0.482003606741228E+02
% -0.160365531907767E+01  0.132756836017056E+02  0.121660734393899E+01
%  0.142859571797107E+02  0.134144568358110E+02 -0.309895963780000E+02
%  0.316555338449458E+02  0.152427537576832E+01 -0.165449959321501E+02
% -0.142559486888044E+02 -0.620773645441449E+02  0.306710868822354E+02
% -0.196232753146137E+02 -0.618947333431806E+01  0.545461379366544E+01
%  0.200922569194242E+02  0.493013074519644E+02 -0.408368974797035E+02
% -0.211438200529687E+01  0.135856729271013E+02  0.872202805782969E-01
%  0.136884748255641E+02  0.549655005841318E+01 -0.915263453589814E+01
% -0.774896917728775E+01 -0.179774931280784E+02  0.206065784479811E+02
% -0.679678437333968E+02  0.214898033598649E+02 -0.340201305099273E+01
%  0.258380072210988E+02  0.663353644596053E+01 -0.181616758716176E+02
% -0.329447767937350E+01  0.469848306151520E+01  0.154754239048814E+01
%  0.334946153529184E+01  0.846417757399955E+01  0.122376678742123E+02
% -0.516239741607468E+01  0.165591290872042E+02 -0.173289346218649E+02
% -0.230872485647678E+02 -0.577498833242657E+02  0.369516395287872E+02
% -0.582811944626099E+01  0.132914846179317E+02 -0.569107629526475E+01
% -0.128762887049504E+02 -0.326967052959584E+01 -0.173699314243665E+02
% -0.225692211898474E+01 -0.269440099763285E+01  0.758398064050165E+00
% -0.116801583070648E+02  0.218363758449162E+02 -0.830660952464767E+02
%  0.224997597884863E+02  0.188070881676396E+02  0.220162326242643E+01
% -0.181774462196080E+02 -0.392600439443398E+01 -0.215418156736910E+02
%  0.619201500449488E+02  0.174976418579767E+01  0.556943765650734E+02
% -0.133655673235155E+01  0.209239065285184E+02 -0.222712496585526E+02
%  0.180253573879155E+02  0.268821493736721E+02 -0.118503168809332E+02
%  0.213078956122800E+01  0.431071720157117E+02 -0.486020315146436E+01
% -0.273889287082385E+02 -0.259045231863189E+02  0.267331492841061E+01
% -0.213183099774543E+02 -0.173655723427525E+02 -0.583077740956612E+01
%  0.858541304017904E+01  0.290616436995534E+02  0.105045092396390E+02
%  0.219371442062051E+02 -0.264419445796293E+02 -0.288560675520091E+02
%  0.632493890143461E+00 -0.295374441858009E+01 -0.538987607271704E+01
%  0.524019611395263E+01 -0.285773262468421E+02  0.512880960112204E+01
%  0.161819225671931E+01  0.134580363553803E+02  0.403767460888092E+02
%  0.341244025153286E+02 -0.473122905754289E+02 -0.356975281164107E+02
%  0.754580953759949E+01 -0.553313063061258E+02 -0.224815485021829E+02
% -0.332860404903318E+01  0.605426257449805E+01  0.186127425357770E+02
% -0.384951706176391E+02 -0.225992204438966E+02  0.827534045975532E+01
%  0.246562538224031E+02 -0.157102115651380E+02  0.236484145472245E+02
%  0.134214219521151E+02 -0.209284614652326E+01 -0.243751588813479E+02
% -0.131632205636071E+01 -0.122148204472903E+01  0.144605781726187E+01
%  0.115149488555087E+01  0.870026283068748E+01 -0.851158075281530E+01
%  0.183056078024637E+02  0.260836359654281E+02  0.320093428537665E+02
% -0.116008528407218E+02 -0.921127624234285E+01  0.785440462268566E+01
%  0.134091603961078E+02 -0.235910364715162E+02  0.564030754754901E+01
%  0.230210833050263E+01  0.176249836340107E+02  0.844012692021482E+01
% -0.467871896589029E+02  0.772390467265659E+02 -0.945176746670419E+02
%  0.692296620969822E+02 -0.123692787239459E+03 -0.303464605158501E+02
% -0.498974546270157E+01  0.332165633079531E+01  0.272593665062897E+01
% -0.219499280725212E+02  0.133978660450049E+02 -0.808680624662747E+01
% -0.416717833130578E+02 -0.342556099684904E+02  0.186245573303171E+02
% -0.185300926653500E+01 -0.152694935626872E+02  0.249763419044729E+02
% -0.430443884842332E+01  0.942042917475370E+01 -0.237174559047534E+02
%  0.122046338508529E+01 -0.846639389790610E+01  0.325604342975445E+01
%  0.558147234221887E+02  0.470492979948714E+02  0.293564514203025E+01
% -0.255656700710211E+02  0.140470101304496E+00 -0.166835669893506E+02
%  0.198171810498730E+01 -0.152621816918972E+02  0.378510200806468E+02
%  0.248348711907351E+01 -0.862067931777995E+01 -0.853969238626950E+00
% -0.154806993441555E+02 -0.130415106650706E+02 -0.358068832553154E+00
%  0.191789168943347E+02 -0.125831905197469E+02 -0.974517118140310E+00
%  0.632733014297800E+01 -0.610666640639559E+00 -0.891975005704260E+01
%  0.266935552705084E+02  0.727314242412317E+02  0.393673340989958E+02
%  0.146718958872124E+02 -0.235557511419562E+02  0.779337755858124E+02
% -0.497493037073976E+01 -0.224147616317770E+01 -0.363081821578128E+00
% -0.987888429233054E+01 -0.105862399613798E+02  0.118005402355776E+02
% -0.307236083879872E+01 -0.961857506956088E+01 -0.677855898304693E+01
%  0.125225440979382E+01  0.101130499202968E+02 -0.136491853895045E+01
%  0.594658100997890E+01 -0.130653956410169E+01 -0.122686924674573E+01
%  0.553768881416019E+01  0.557576296861818E+01 -0.356044510116466E+01
% -0.257434297869303E+02  0.214114532613923E+02 -0.208289274643718E+02
%  0.144764617827215E+02  0.250516723900269E+02  0.368162107133455E+02
%  0.143622338865014E+02  0.723636351653809E+01  0.188824318025111E+02
%  0.276646866366135E+02  0.426295334649930E+02 -0.285298943141029E+01
%  0.342581969863572E+02 -0.559202771344013E+02 -0.615875592281882E+00
% -0.467730520662550E+02  0.514781970783913E+02  0.701377498571241E+01
% -0.100130171898890E+03  0.712708610367464E+02 -0.683512846086159E+02
%  0.383887931230810E+02  0.329962219996864E+02  0.328646266778491E+01
%  0.190803626658124E+01  0.124375080149385E+01 -0.213307213185717E+01
%  0.910002306895079E+01 -0.104259930169896E+02 -0.392803591980219E+01
% -0.114221830141797E+01  0.194497770790044E+02  0.320214247103260E+02
% -0.261829108545154E+01 -0.649958571243883E+01  0.953586747637693E+01
%  0.340568587814232E+02 -0.252475413655148E+02  0.327333403706789E+02
%  0.331281059334280E+02  0.172902167196162E+02  0.570501096209775E+02
% -0.139067096335409E+02 -0.140615492995080E+02 -0.452190777741021E+02
%  0.328573273554461E+01  0.286601257441296E+01 -0.331486543874481E+02
%  0.696951847779310E+01 -0.765723685547928E+01  0.145515418884848E+01
% -0.150172526406701E+02  0.139852053446092E+02  0.126901175917042E+02
%  0.229942828170747E+02  0.157654201446485E+02  0.185075871955435E+02
%  0.340614607865553E+01  0.298178581581799E+01 -0.277813547401986E+01
%  0.399111824241112E+01  0.329912504900457E+02  0.222624483766189E+02
% -0.412152119449581E+01  0.129125035223213E+02  0.819950020973752E+01
% -0.599132890846633E+02 -0.422902190676027E-01  0.614179986600080E+01
%  0.166279069857936E+01 -0.199790408605381E+00 -0.295688031752585E+01
%  0.716899148164830E+02 -0.514471312767575E+01  0.149511948354748E+02
% -0.213712760233834E+02  0.728824240821516E+01  0.515837527491216E+01
% -0.679867518368700E+01  0.484899007917554E+01  0.175950372500928E+02
% -0.459566322712665E+02  0.427532961177536E+02  0.294987412266712E+02
%  0.222729985353603E+02  0.240504594866535E+02 -0.627337797615505E+00
%  0.387822617163711E+02  0.284166972728805E+02  0.149498309899727E+02
% -0.594263045223210E+01  0.196842912422607E+01  0.534457979945599E+01
% -0.270724305334261E+01  0.919562566194729E+00  0.257007691802304E+01
% -0.272854218747998E+02  0.432830024674409E+01  0.339942209981526E+01
% -0.811004861964084E+00 -0.568880019970623E+00  0.702145543454261E+00
%  0.160631229218595E+02 -0.102250072621262E+03  0.530112930594036E+02
%  0.291647093952243E+01  0.121007481548120E+01  0.326075467707998E+02
% -0.140343939231814E+02  0.132503300925469E+02 -0.115308294698664E+02
%  0.779413322268949E+01 -0.320820038640656E+00 -0.765954588593574E+01
% -0.118907555090729E+02 -0.117871669977106E+02 -0.177392229266601E+02
%  0.112731201614087E+02  0.611833664580158E+01  0.193528217989349E+02
%  0.853031374344010E+01  0.124002856049332E+02 -0.719274100490302E+01
% -0.333988793307661E+01  0.188405383801632E+02  0.272113775083967E+02
%  0.110476736359166E+02  0.255244320229592E+02  0.288287074035524E+01
% -0.339079875630482E+02  0.118224761779381E+02 -0.264308944183432E+02
%  0.621411159460029E+02  0.360520564773651E+01 -0.180453932053398E+02
%  0.448276002861174E+01 -0.837484562843925E+01  0.478851160030637E+01
% -0.693658940607390E+01 -0.142490442277132E+01  0.543898788103729E+00
%  0.488473436650035E+00  0.572714506509448E+02 -0.781160406172112E+02
%  0.361867382975766E+01 -0.563281417234914E+02 -0.725697208768951E+01
%  0.140308473984601E+01  0.146716076416330E+02 -0.107176018822633E+02
%  0.875378205234837E+01  0.346815917228365E+01 -0.141531225617863E+02
%  0.279513545833052E-01  0.278535781626650E+01 -0.206254719354332E+01
%  0.986701940474868E+01 -0.617698029941160E+01 -0.207462472013095E+02
%  0.357672656306089E+01  0.119382347335486E+02 -0.536518815739755E+01
%  0.371545698307246E+01  0.426238198662227E+02 -0.390053086723300E+02
%  0.156976127713593E+02 -0.232696217426574E+01 -0.982393827319874E+01
% -0.608363154156966E+01  0.707056307686505E+02 -0.498207811231817E+01
%  0.367357657003119E+01  0.434781593452357E+01  0.299834016447947E+00
%  0.581575834924489E+01 -0.318746845476649E+01 -0.210234043230978E+02
%  0.172575924761081E+02  0.226985502479774E+02  0.241265830435380E+02
% -0.721400397008384E+01  0.429033972672824E+01 -0.182373170255110E+01
%  0.713060921624865E+01 -0.576140460513539E+02 -0.297084336103871E+02
% -0.874601716618833E+00 -0.129126230884961E+01  0.819404720068673E+01
%  0.376295882076806E+00 -0.324741909337900E+01  0.215071846112987E+00
% -0.746182768698857E+01 -0.696544464796053E+01  0.936535688563632E+01
% -0.963177760645033E+01 -0.187053876390692E+02  0.356502807192074E+02
% -0.687919327138535E+01 -0.370427217939556E+02  0.217126089776230E+02
%  0.260774843100716E+02  0.384942348697449E+02  0.169080492314320E+02
%  0.818484328596339E+01  0.176191322058021E+01 -0.222292133942830E+02
% -0.536824610048972E+01  0.200175117968145E+02  0.424909812211212E+01
%  0.898939833412243E+01 -0.147241916974227E+02  0.144047031245578E+02
% -0.234768830701931E+02 -0.553142270419500E+02 -0.372510562602732E+02
%  0.747815273266344E+01  0.740318672749012E+01  0.653573196312050E+01
%  0.311628481562485E+02  0.573368982904213E+01  0.731685130922719E+01
% -0.483328683351520E+01  0.316238200908735E+00 -0.222005083679900E+01
% -0.591361626360433E+00 -0.155645830374953E+01  0.238653569378511E+02
%  0.133252842919163E+02 -0.223507200170103E+02 -0.332614958172658E+02
% -0.667771358308213E+01 -0.720383926863812E+00 -0.117812713766714E+01
%  0.190210598658072E+02  0.567436429845691E+00  0.435931337175642E+02
%  0.647235296078312E+01 -0.181208964192354E+00  0.996720960083683E+01
%  0.237527031422694E+02 -0.914008661543003E+02  0.441467163876639E+01
%  0.893651138276518E+01 -0.111816115750806E+02  0.256026020420245E+01
%  0.141060271441526E+01 -0.458785591741859E+02  0.529291597289334E+01
%  0.111064600319850E+02 -0.624342488813771E+02  0.101782952165661E+03
% -0.180529246997118E+02 -0.163006435737027E+02 -0.351979725810272E+02
%  0.160021170108508E+01 -0.413943701739688E+01 -0.681151781790531E+01
%  0.245896973597625E+02  0.169885186423683E+02  0.123403649147691E+02
%  0.305620707256459E+02 -0.288786250798494E+02 -0.340287709150239E+02
%  0.571999026213444E+01 -0.382954361438674E+01 -0.138550446258941E+02
% -0.586841667985244E+01 -0.160085359321539E+01  0.391604906220091E+01
%  0.853626993712402E+01  0.150938325722030E+02 -0.141286986659416E+02
% -0.656439428633858E+01 -0.715661034526568E+01 -0.638862872361382E+01
%  0.158647804102301E+01  0.166318726216950E+02  0.100020562587469E+02
%  0.183132289570516E+02  0.667782199620673E+01 -0.146482201777778E+02
% -0.319070401902790E+01  0.481977558122045E+01 -0.154424527469265E+00
%  0.235993312416122E+02 -0.223700143368099E+02  0.184113110370805E+02
% -0.317710686500769E+02  0.122655286358176E+02 -0.284386602346946E+02
%  0.140452650609984E+02  0.160189568115575E+02  0.493592063367360E+02
% -0.347021404493622E+02  0.880263333932526E+01  0.301821224605779E+02
%  0.695621593371307E+01  0.738291228491032E+00 -0.103557298346837E+01
%  0.125750894865719E+02  0.183465461465189E+02  0.149436370577522E+02
%  0.551047960897411E+01 -0.104306459795169E+02 -0.149814139273327E+02
%  0.121782453125997E+02  0.190871625657486E+01  0.272599783805990E+02
% -0.188891985308394E+02 -0.426499152857678E+02 -0.888495506881749E+01
%  0.127043179967763E+01 -0.826778896599007E+01  0.869646738016195E+01
% -0.548934687047865E+01 -0.253467881673004E+01 -0.267431169049723E+01
% -0.260201957696809E+01 -0.967691475493520E+01  0.595426496720438E+02
%  0.733236476459148E+01  0.172766280338346E+02 -0.307313110834693E+02
% -0.227130084213445E+02 -0.217682378474503E+02 -0.393105967163968E+02
%  0.423491170993262E+01 -0.846992760470761E+01  0.148758849133347E+02
%  0.910769873430480E+01 -0.600441175679224E+01 -0.737109132036078E+01
% -0.831154980779091E+01 -0.137373428812147E+02 -0.315998763645838E+01
%  0.515843851258041E+02 -0.555490256403056E+02  0.165856233841376E+01
%  0.107587784304892E+01  0.489684772074459E+00  0.539419928854103E-01
% -0.668359088558250E+01 -0.788087393640855E+00  0.570973745812650E+00
%  0.128650963090674E+02 -0.333003088301036E+01 -0.632336287814317E+01
% -0.144981202738890E+02  0.235280639485791E+02 -0.434927152528361E+01
%  0.152068056660954E+02 -0.272120455635219E+01  0.298914246509887E+02
% -0.104953297679939E+02  0.836936795108471E+01  0.145579328298667E+02
% -0.165022207702461E+02  0.743904670051990E+01  0.273746047050652E+02
% -0.553950043889045E+01  0.183662479706300E+01  0.676593526621148E+00
%  0.929170244970113E+00  0.854409643685071E+01  0.115008720432196E+01
% -0.139778529206403E+02  0.143110415052736E+01 -0.139337623068019E+02
%  0.157221676877277E+02 -0.432898087489723E+02  0.139564226898167E+02
%  0.156870470506917E+02 -0.677125731008488E+00  0.180040766246742E+02
%  0.443410724137815E+02  0.446450204869648E+02  0.589504526454329E+02
% -0.218346319229043E+01 -0.382685382839511E+01 -0.112364179552545E+02
% -0.922554294628830E+01 -0.331229080751079E+02 -0.987400073228484E+01
% -0.270436669789127E+02  0.749891401365881E+01  0.418999556407529E+01
%  0.116346482527400E+02 -0.120670811885550E+02  0.106517756097654E+02
%  0.809337103387066E+01  0.916172697745239E+01  0.191892022766716E+02
%  0.101271765950139E+02 -0.115549426896205E+01 -0.113801497937515E+02
% -0.420284993766193E+02 -0.189540117320936E+02 -0.109463395129059E+02
%  0.202412042226753E+02 -0.587025657837635E+02  0.349817219327270E+02
% -0.932081493654466E+01  0.507054673578614E+01 -0.427712272487529E+01
%  0.177725694580057E+01 -0.838601648776357E+00  0.185275052161467E+01
% -0.971686516474035E+01 -0.449917237803656E+02  0.220010835351657E+01
%  0.972624584780350E+01  0.105177486454010E+02  0.207499377117445E+01
% -0.350401181619401E+01 -0.378579430202224E+00 -0.200390528313806E+01
% -0.213025673170277E+02  0.176781971798735E+02 -0.550701487134017E+01
%  0.235390751799334E+00 -0.317580141521289E+02 -0.203025581061797E+02
%  0.140594091884794E+02 -0.705137490190107E-01  0.104724762729359E+02
% -0.248976856001786E+02 -0.225774263433465E+01 -0.595468968575754E+02
%  0.230057498354907E+02  0.200015043164684E+01  0.234426385823780E+02
%  0.907473827969479E+01  0.124046254732507E+02  0.215497270104300E+02
%  0.841183592985455E+01  0.976144330837650E+01  0.257766090090542E+02
%  0.914833657915192E+01  0.595696362775256E+01 -0.736165502339617E+01
%  0.771855830114667E+01 -0.444044642366012E+01 -0.951997889051005E+01
% -0.322310701747718E+02 -0.107023086656142E+02 -0.101351101027758E+02
% -0.357869865747643E+02  0.189181017939429E+02 -0.524397439310439E+02
% -0.125529624015593E+02 -0.368126385516765E+01  0.223332183879632E+01
