% T    256  0.715122828077254E+01  0.715122828077254E+01  0.715122828077254E+01
   0.350015310953629E+01 -0.313354600531712E+01 -0.207357766189789E+01
   0.337728495009091E+01 -0.640715632271623E+00  0.219503956054510E+01
   0.208586887217332E+01 -0.165693929272426E+01 -0.251197454576890E+01
   0.538769896992901E+00 -0.249260230218677E+01  0.268256151973236E+01
  -0.106467857866281E+01  0.201620196070537E+01 -0.276677024611368E+01
   0.324446403258074E+01 -0.966099673359318E+00 -0.202648113022638E+00
   0.244387814800621E+01 -0.978438123123049E+00 -0.873610189461972E+00
  -0.260440592917586E+01 -0.322376065380056E+01  0.276698061503904E+01
  -0.140108348020496E+01  0.165912063363194E+01  0.172163566429611E+01
   0.155400449353359E+01  0.907831690150587E+00  0.240564245283597E+01
   0.184439953499141E+01 -0.581826022921344E+00 -0.203337949608900E+01
  -0.318287577736967E+01  0.390182841031837E+00  0.232622239975898E+01
   0.272776387460401E+01 -0.338062283195098E-01  0.583917436041227E+00
   0.611074750273642E+00  0.308009194620670E+01 -0.330442748329606E+01
  -0.185050288359844E+01  0.840493003258684E+00 -0.330878391007517E+01
   0.928496834796181E+00  0.151890191728294E+01 -0.185317824412028E+01
   0.117560142129482E+01 -0.151642392053516E+01  0.339736708875101E+00
   0.291802519014831E+01  0.145282474199334E+01  0.104241279242292E+01
   0.302583217082946E+01 -0.324140490411801E+01 -0.102066514992342E+01
  -0.507394424483047E+00 -0.129749864687753E+01 -0.932768713729437E-01
  -0.146177605000674E+01 -0.137498456877076E+01  0.269939968876771E+00
   0.662019720025638E+00  0.862348399489873E-01 -0.526954998034500E+00
   0.117402214856769E+01  0.287087965220031E+01  0.293588882429890E+01
   0.340439477776663E+00  0.714025483281324E+00 -0.264729664293358E+01
   0.117841854411000E+01  0.278340424615024E+00 -0.165628893790333E+01
  -0.197006126973619E+00  0.447692332351541E+00 -0.126041681146379E+01
  -0.316295581490912E+01 -0.326524620348007E+01 -0.302766580022502E+01
  -0.266084111875705E+01 -0.202362452259960E+01  0.267359962879766E+01
  -0.267206756405654E+01 -0.122877855222107E+01 -0.357308407352581E+01
   0.311568697821063E+01  0.286948448960512E+01 -0.154116155361585E+01
   0.286545022692689E+01 -0.105904824777611E+01 -0.191709375893728E+01
   0.856860604673072E+00  0.334179826397675E+01  0.952887922172207E+00
   0.293027892058118E+01  0.118870252729411E+01 -0.207399363477386E+01
   0.206960695940382E+01  0.340474510196878E+01 -0.343626452635493E+01
   0.246344343985514E+00  0.241089240600553E+01  0.453475949977060E+00
   0.256623655243913E+01  0.172349793564465E+01 -0.313795690346883E-01
  -0.105326669662071E+01  0.111824493819506E+01  0.290567483436024E+01
   0.252878365988954E+00 -0.181236897050646E+01  0.929656409217380E+00
   0.179589525066058E+01 -0.694621428652952E+00  0.139834054333940E+01
   0.256306007045147E+01  0.102143197677260E+01 -0.922616174970137E+00
   0.887965588677077E+00 -0.127604904857419E+01 -0.196628148171677E+01
  -0.705557599669541E+00 -0.805615336450733E+00 -0.121984008122707E+01
   0.141031247259548E+01  0.113425753086750E+01 -0.266416253156357E+01
   0.135615267555912E+01 -0.219979604748577E+01  0.335801212868470E+01
  -0.227518777898178E+00 -0.155892454483997E+00 -0.336424183194104E+01
  -0.127709413183177E+01  0.296482705521534E+01  0.294245010524121E+01
   0.145398653387109E+01  0.151253231583343E+00  0.817279702036679E+00
   0.902715079734248E+00  0.997826470872569E+00  0.569541940549310E+00
   0.338997036827560E+01 -0.220714301852546E+01 -0.331438482260097E+01
  -0.107828538666067E+01 -0.319572823788993E+01  0.304122718676348E+01
  -0.294746465012267E+01  0.113166877615635E+01  0.599130184620834E+00
  -0.292697318444024E+00 -0.353440838144210E-01  0.260872418032988E+01
  -0.337845602065388E+01 -0.243645473635179E+01 -0.390904546885006E+00
   0.192996255077725E+00 -0.199127024513717E+01  0.199944586346342E+01
  -0.326798252831866E+01 -0.155197522414133E+01  0.196848286936873E+00
   0.272345970830754E+01  0.150144548252952E+01 -0.300969235764019E+01
  -0.169784017451952E+00  0.241806853806185E+01 -0.350593032572526E+01
  -0.101846269669268E+01 -0.322666116797613E+01  0.235316212684602E+00
  -0.162502312826652E+01 -0.157033411866279E+01 -0.299258193736874E+01
  -0.634711611807802E+00  0.402636773741529E+00 -0.255959476075036E+00
  -0.201014287947885E+01  0.637904847740377E+00  0.155381525857751E+01
  -0.169726242030029E+01  0.197046534309017E+01  0.874881964028269E-01
  -0.257486393609109E+01 -0.259429457636044E+01  0.333854544464781E+00
   0.252671878591222E+00 -0.204806123981313E+01 -0.279678289382179E+01
  -0.207835578253400E+01 -0.117488772988215E+01  0.207864450235115E+01
  -0.345578776453778E+00  0.159005947280787E+01 -0.185525426231077E+01
   0.237770253261151E+01 -0.265417352437989E+01 -0.265010371360321E+01
  -0.233931169006436E+01  0.321681897751796E+01  0.340806588092851E+01
  -0.313820417385421E+01  0.134590187128752E+00  0.460127741149814E+00
   0.256042324905194E+01  0.267849072630745E+01 -0.249029702338097E+01
   0.268577483474009E+01  0.133568458262970E+00 -0.255843885999737E+01
  -0.181792828356556E+01 -0.795551394628154E+00  0.109443161260853E+01
   0.838628975740174E+00 -0.266938777411745E+01  0.113504282678538E+01
   0.275151669040719E+01 -0.208534881201672E+01 -0.469496340203509E+00
   0.332720529242377E+01  0.111908483524969E+01  0.324053315880148E+01
   0.245326570982510E+01  0.149494515945371E+01  0.204802464628241E+01
   0.310841786782368E+01  0.208816506023553E+01  0.192204928423222E+01
   0.191175604376917E+01  0.169383992437723E+01 -0.203897025032192E+01
  -0.201527704990388E+01 -0.578287108898245E+00 -0.273101511613164E+01
   0.160895220004601E+01 -0.284166189600106E+01 -0.164094787348000E+01
   0.314170234833017E+01  0.454437238849495E-01 -0.155179320320690E+01
   0.196389192401517E+01 -0.297617936544166E+01 -0.532089536146209E+00
   0.327347030102232E+01  0.258958935209592E+01 -0.176487131036119E+00
  -0.220635690691612E+01 -0.267104806120953E+01  0.148063940948755E+01
  -0.272220435641070E+01 -0.139700227620817E+00 -0.336418104442711E+01
   0.135783323017384E+01  0.298350680635680E+01 -0.277926513627514E+01
   0.404877165600973E+00  0.210398583989329E+01  0.260042394099959E+01
   0.202753656085934E+01  0.413028275881277E+00  0.163438796309209E+01
  -0.196778611494949E+01 -0.266175862298457E+01 -0.275682613388729E+01
  -0.477819253444264E+00  0.129194078676716E+01  0.211651435137613E+01
  -0.296255446661038E+01  0.227353759524204E+01 -0.142048374741459E+01
  -0.206400286727405E+01  0.489343358111554E+00 -0.237801668672964E+01
  -0.269041983681649E+01 -0.307626936176202E+01 -0.167706389870264E+01
   0.806241745810802E+00 -0.139132427204320E+01 -0.322902622559224E+01
   0.164993855790798E+01 -0.301285370994579E+01  0.202904207560787E+01
  -0.117218770212477E+01 -0.797694395491801E+00  0.230594829120060E+01
   0.248209332916862E+01  0.227184339750379E+01 -0.103416889412467E+01
  -0.134083811558773E+01  0.258339213948755E+01  0.112216301923049E+01
   0.684836372193029E+00 -0.202235044421857E+01 -0.740975110073279E+00
   0.646169407915491E+00  0.565271358602250E+00  0.312661709600436E+01
   0.223044476758761E+01  0.267186609166597E+01 -0.148970825355272E+00
  -0.137514763253502E+01  0.104211688783640E+00 -0.332500602156321E+01
  -0.356722163350797E+01 -0.300071250987227E+01  0.472516607418484E+00
   0.324566840619009E+01  0.124011763109087E+00 -0.356462337097024E+01
   0.984116608971167E+00  0.551223034015162E+00  0.167862956006948E+01
  -0.223338925690285E+01  0.278567333295049E+01  0.148140667990045E+01
  -0.222080034882931E+01 -0.172849525523329E+01 -0.246081764999640E+00
   0.106338932088120E+01 -0.360554792984281E+00  0.241110231314318E+01
   0.239086206042303E+01 -0.288510363664496E+01  0.303295369504032E+01
   0.161390209263277E+01 -0.174231345934396E-02 -0.311054853399161E+01
  -0.208594749799683E+01 -0.125478292175486E+01 -0.204016567732937E+01
  -0.326525796660577E+01 -0.147785594495963E+01  0.120921861082236E+01
   0.180957282043197E+01 -0.186034811079518E+01 -0.625359360461294E+00
   0.328115302656101E+00 -0.348355004988775E+01  0.295356051255268E+01
  -0.309963923945449E+01 -0.168407825090338E+01 -0.228915530277828E+01
  -0.286510351394862E+01  0.331932622773954E+01 -0.110753090347463E+01
   0.351148699855920E+01  0.186545043307901E+01  0.479878499515882E+00
  -0.719722533150892E+00  0.185838803591244E+01  0.655661792499086E+00
  -0.154278376838936E+01 -0.353439329404754E+01 -0.144974752285324E+01
  -0.758798703607325E+00  0.245476411920019E+01  0.200775203219368E+01
  -0.209671618595265E+01  0.244789670297225E+01 -0.102825392597592E+01
   0.133376733594613E+01 -0.245314343034595E+01 -0.284293540300795E+01
   0.205446028954847E+01  0.950845175341543E+00  0.640755994838571E+00
  -0.717536296485250E+00 -0.804405496784050E+00  0.741407341073779E+00
   0.206905142824500E+01  0.352603410864127E+01 -0.216922940866896E+01
  -0.101923952878366E+01 -0.858612779830392E+00 -0.326987671983326E+01
   0.313880437837980E+01 -0.845686425575047E+00  0.100265411878791E+01
  -0.153684586085543E+01  0.132694541068521E+01  0.767404631157650E+00
   0.243380104076179E+01 -0.238096017924115E+01 -0.158916370536562E+01
  -0.310867331807760E+01 -0.353599667063676E+01 -0.199085762377796E+00
   0.236523801803912E+01 -0.257655548686774E+01  0.457687675744738E+00
  -0.293875757119885E+01  0.385897838507604E-01 -0.208821658309709E+01
   0.271368296215202E+01  0.274929239223820E+01  0.123097880375637E+01
  -0.258878312425158E+01  0.292245505110353E+01  0.413965437644869E+00
   0.195798941905045E+01  0.313095375015283E+01  0.174478457415707E+01
   0.297065237368498E+01  0.356592741377195E+01 -0.314710961737811E+01
  -0.140913349458373E+00  0.311371116762550E+01  0.111179501614717E+01
   0.147323026346899E+01  0.190855532446600E+01  0.247864001860902E+01
  -0.336828654242712E+01  0.214994656559063E+01  0.303339830701331E+01
  -0.146757555115397E+01 -0.130341754270981E+01  0.313263932768566E+01
   0.281953824817347E+01 -0.354863818182352E+01  0.830011015146918E-01
  -0.328990680635870E+01 -0.253179011036776E+01  0.142251523566973E+01
   0.558749561607774E+00 -0.607606111332130E+00  0.320471576314067E+01
  -0.104206845609072E+01  0.296731748665549E+00  0.171296987968767E+01
   0.847578624893818E+00  0.215104391917694E+01 -0.308455927169424E+01
   0.276489772512230E+01 -0.143565175401045E+01  0.183320656850424E+01
  -0.162312855516270E+01  0.116858983043637E+00  0.242259306501473E+01
  -0.251709898402225E+00 -0.252780467043682E+01  0.155719177287654E+00
   0.263792436003690E+00 -0.243565512555907E+01 -0.176466842246040E+01
  -0.406117806196087E+00 -0.169298345620782E+01 -0.200703649989514E+01
   0.162260638695480E+01  0.120373638310196E+01 -0.129887036386534E+01
   0.865391194954627E+00 -0.341108631623946E+01 -0.247990502849598E+01
  -0.200151366104675E+01  0.330698718794517E+01 -0.365476774487766E+00
  -0.131022622084484E+01 -0.157681123091350E+01 -0.163667528883371E+01
  -0.285542104883431E+00 -0.285154730363521E+01  0.149955320425152E+01
  -0.142312733182135E+00  0.310480083292932E+01 -0.146498515565226E+01
  -0.103495645241771E+01  0.741046376543411E+00 -0.185117263077242E+01
  -0.164650075888580E-01  0.174344710755742E+01 -0.279729004941836E+01
   0.256105283802379E+01  0.194479047866124E+00  0.243688231406636E+01
   0.217234189534372E+01 -0.192310847223061E+01  0.277542014907658E+01
  -0.818380566643815E+00  0.924705494007772E+00 -0.286863132870990E+01
   0.280346474077584E+01 -0.837004718963162E+00 -0.311173599748499E+01
   0.150752667871476E+01  0.258130627490579E+01 -0.170183866601910E+01
  -0.839110750028512E+00 -0.225084236321504E+01  0.949224332573297E+00
   0.351637345455896E+01 -0.222883359481913E+01 -0.149631555249176E+01
   0.101451501536312E+01  0.140677257173040E+01  0.336811621173282E+01
  -0.315552984670188E+01  0.321157312074100E+01  0.204802432852933E+01
  -0.204255324364144E+01  0.325813721555758E+01 -0.247994800294300E+01
  -0.275120601070909E+01 -0.758684246000970E+00  0.374426541883115E+00
   0.689238407441091E+00  0.257436784668550E+01 -0.224813570070004E+01
  -0.305884679536420E+01  0.190237500574216E+01 -0.387755028074341E+00
   0.113768350068286E+01  0.301460874489933E+01 -0.147421299358451E+00
  -0.208689991571734E+01 -0.585813308669797E+00 -0.112496291716721E+01
  -0.878219359252200E+00 -0.178873098069697E+01  0.185882679300820E+01
  -0.140291788118476E+00  0.133300022282886E+01  0.298354450518207E+01
  -0.242551684150631E+01  0.208487486208603E+01 -0.319917745932370E+01
  -0.105103994672581E+01 -0.234038646630973E+01 -0.238044895991222E+01
   0.701864010409546E+00 -0.278959477397684E+01  0.530234229816865E-01
   0.207029720217584E+01  0.924034432694462E+00  0.347442199296008E+01
  -0.307316006703200E+01  0.109012291217849E+01 -0.282608077034299E+01
   0.912296437805642E+00 -0.368859636958972E+00  0.252245036075980E+00
  -0.408043392826734E+00  0.122789035780261E+01 -0.638966585470490E+00
  -0.340611764984656E+01  0.126460731599122E+01 -0.152254532513084E+01
  -0.334095908879659E+00 -0.317657337034292E+01 -0.244362157975795E+01
   0.109778739695975E+01 -0.138885692433184E+01  0.263537646967777E+01
   0.292715529401247E+01 -0.272546680785830E+01  0.204387428620804E+01
  -0.218209043559194E+01  0.269604129613952E+01  0.248130020230113E+01
  -0.131354465362456E+00 -0.102867934970384E+01  0.226954322323310E+01
   0.335978917905331E+01 -0.354277171525340E+01  0.128749060971213E+01
   0.176534919582248E+01 -0.344380614517188E+01  0.437100697935708E+00
  -0.121749020721134E+01  0.162305059440044E+01 -0.110514954781024E+01
  -0.117982666384898E+01 -0.355399197981979E+01  0.128429084251814E+01
  -0.249961623089101E+01 -0.146901287488310E+00  0.163175290657882E+01
  -0.319353719855532E+01  0.275205118999226E+01  0.108635878291005E+01
  -0.322002853381370E+00  0.337051391232330E+01  0.217863234030403E+01
  -0.464656067215564E+00  0.288008965082746E+01 -0.244388940783320E+01
  -0.202263597086578E+01  0.171836036599426E+01  0.294593015908827E+01
  -0.294173042648918E+01  0.191758296877686E+01  0.203375009171884E+01
  -0.143388127721627E+01 -0.231617173956526E+01 -0.483301917440964E+00
  -0.113044874973469E+01 -0.266680104050997E+01 -0.141029211081186E+01
   0.352495559083236E+01 -0.153636855321396E+01  0.312665244495376E+01
  -0.243685044572450E+01  0.180734132558160E+01  0.119282071364502E+01
   0.189852827360903E+01 -0.150006494817866E+01 -0.154561890797167E+01
  -0.607992405962566E+00 -0.172345809337583E+01 -0.330572261868407E+01
   0.250020974185412E+01  0.175008674135825E+01  0.307397518666814E+01
  -0.262146008866108E+00 -0.185637350505990E+01 -0.953032124678707E+00
   0.213944119156749E+01  0.449747390040297E+00 -0.160450357814116E+01
   0.167359870628141E+01  0.258651691760025E+01  0.716471815867234E+00
   0.270751472144704E+01  0.460231418793664E-01 -0.495953792973905E+00
  -0.206647267983152E+01 -0.217958247063036E+01 -0.135434388104635E+01
   0.345007561603674E+01  0.765546021528185E+00 -0.578416717990940E-01
   0.309074880044526E+01  0.472692264835572E+00  0.148903949067283E+01
   0.721982718663437E+00  0.285636747151563E+01  0.189692740890554E+01
  -0.152711673443576E+01  0.113536515619612E+00 -0.118846755895063E+01
   0.713099239183260E+00 -0.110271831960253E+01  0.161744712771217E+01
   0.205796449391320E+01  0.211888645925939E+01 -0.326232883454635E+01
   0.176792506817805E+01 -0.171985875855332E+01  0.124917172680038E+01
  -0.322862942064513E+01 -0.957082438304944E+00 -0.968550009474774E+00
  -0.192970721142755E+00 -0.272151583058884E+01 -0.347353594777045E+01
   0.212300733462479E+00 -0.932034680504152E+00 -0.100078018416930E+01
  -0.293050728865316E+01  0.192305005573920E+00 -0.911258740082350E+00
   0.198560481173024E+01  0.342802602217093E+01 -0.121168174125769E+01
   0.232463110537527E+01  0.263318775348595E+01  0.284756789877670E+01
   0.162504457279798E+00  0.161081144216863E+01  0.126709619071390E+01
  -0.253309031342978E+01  0.661797671761724E+00  0.318377498230950E+01
   0.154677260249700E+00 -0.610920761746788E+00 -0.264686144495535E+01
   0.131366391406541E+01 -0.320769314879711E+01  0.311556047344325E+01
   0.123751479886595E+01  0.937915616217226E+00 -0.453118472245249E+00
   0.197434185428385E+01 -0.579032758252739E+00  0.253082243396155E+00
   0.172493464875329E+01 -0.141651176880937E+00 -0.767580608444992E+00
  -0.250327675643219E+01 -0.295321932838764E+01 -0.706914690778742E+00
   0.680409005058401E-01 -0.238282620141799E+00  0.132367521554454E+01
  -0.281192893400137E+01 -0.220783792577714E+01 -0.342788523115739E+01
  -0.111567671290812E+01 -0.354230268080621E+01 -0.303728207729844E+01
  -0.107856351736998E+01  0.281260225804584E+01 -0.101278221047318E+01
   0.460062882516893E+00  0.225279001696946E+01 -0.115804440339366E+01
  -0.235533095811585E+01  0.951155864900863E+00 -0.133763779362276E+01
  -0.363918421566364E+00 -0.320714756017304E+01 -0.886269336047292E+00
   0.935374343089839E+00  0.335566452552864E+01 -0.145303704262411E+01
  -0.197433495461353E+01  0.158191949373827E+01 -0.242308924731951E+01
  -0.627083730496054E+00 -0.143220900631413E-01 -0.236256394876373E+01
  -0.262881857256479E+00  0.770461505444415E+00  0.818323814769036E+00
   0.293022051151537E+01  0.340568223352434E+01  0.241973942863798E+01
   0.281866493258170E+00 -0.157810777074222E+01  0.313832852642718E+01
  -0.300145486831430E+01 -0.551652063901000E+00  0.283857698209822E+01
   0.301801744443910E+01  0.236980951903169E+01 -0.338392733115819E+01
  -0.215921961811781E+01 -0.179940995296989E+01  0.957830407376557E+00
   0.121679796632502E+01 -0.977964205080103E+00 -0.443558889721182E+00
  -0.342896602197424E+01  0.233994594129502E+01 -0.252289081162698E+01
   0.239701810017065E+01 -0.330756101938266E+01  0.122622999084535E+01
   0.117130237929129E+01  0.188200575151150E+01 -0.169264806673862E+00
   0.135825542030520E+01  0.161312421026362E+01  0.123685585401196E+01
  -0.201905173820703E+01 -0.352053779566269E+01  0.670779904495508E+00
  -0.237872693401299E+01  0.114899290877139E+01 -0.327936783510566E+00
   0.224431488329136E+01 -0.160379886877926E+01  0.252683094026293E+00
  -0.161806216258171E+01  0.187323358989701E+00  0.317576707173663E+00
% -0.138207310517912E+01  0.395312974361900E+01  0.380151321561467E+01
%  0.190363560233128E+01 -0.427138448710720E+01 -0.187641506059371E+00
% -0.237515221221334E+01 -0.111227543387165E+01 -0.438156605222596E+00
% -0.112834312517016E+01 -0.181427642361996E+01  0.160612186245047E+00
%  0.323621769162351E+01 -0.145210717253114E+01 -0.205432055953167E+00
%  0.236522590903151E+01 -0.742086783110802E+00 -0.682555039826571E+00
%  0.151661395920456E+01 -0.750914046756994E-01 -0.107950611296179E+01
%  0.298361694984545E+00  0.304548797606824E-01 -0.936157310858528E-01
%  0.292275713218114E+00  0.263456603697588E+00 -0.940366436338341E+00
%  0.125050018781475E+01 -0.186146416598874E+01 -0.281320176485803E+01
% -0.489735349789299E-01  0.181513632278348E+00  0.182913236363159E+01
%  0.441576504487897E+00  0.499151638939934E+00 -0.163400972679471E+01
%  0.453611408417399E+00 -0.135829104830037E+00 -0.194646205946362E+00
%  0.113600617076640E+00 -0.970478051292190E+00 -0.180367048530052E+01
% -0.201894853530138E+00  0.252161406786860E+01  0.206291936164108E+01
% -0.141956325151823E+01 -0.670319890774461E+00 -0.159817332836809E+01
% -0.262237416525485E+01  0.238988129794025E+01  0.615674920070254E+00
%  0.124864687258940E+01  0.123978927448105E+01 -0.344964004148690E+01
% -0.118054819871837E+01  0.288632962316598E+01 -0.200910957469852E+00
% -0.123784518133222E+01 -0.521768639163609E+00 -0.216800225466052E+01
% -0.192892336155439E+00 -0.889238326264254E+00  0.243109377492487E+01
%  0.305131244441045E+01 -0.439109266428469E+00 -0.236556022755503E+00
%  0.547945322429277E+00 -0.252515468296534E+01 -0.316031503615628E+01
%  0.110148937870048E+00  0.907444049385782E+00  0.492037072119545E+00
% -0.103225109454219E+01  0.209157390739258E+01 -0.353900702266143E+01
%  0.750188942666781E+00  0.535600620108935E+00 -0.110254511529193E+01
% -0.116666859247861E+01 -0.107218465989838E+01  0.173933925824693E+01
%  0.167047329414918E+01 -0.135886006101884E+01 -0.304339282439916E+00
% -0.972592704634102E-01 -0.319851560328418E+00 -0.147360901826029E+01
%  0.213348277284929E+01  0.204718385417429E+00 -0.251023088621643E+01
% -0.105344881520512E+01 -0.191927875787830E+01  0.424013610328304E+00
% -0.364367718296373E+00  0.147911834893654E+01 -0.114634274341047E+01
% -0.224901993356533E+01 -0.537912066006001E+00 -0.647860196268857E+00
% -0.268098690884145E+00 -0.268232141591617E+00 -0.300771329496356E+00
%  0.237673674162854E+01 -0.952654731355307E+00 -0.285530059009754E+01
%  0.145188558688573E+01 -0.419022079151839E-01 -0.278005262588324E+00
%  0.324073186743814E+01 -0.594965435302870E+00  0.189431391531971E+00
%  0.111746904158355E+01  0.276228373945842E+01 -0.970140147501157E+00
%  0.145204976978060E+01  0.672871589099059E-01 -0.178737101748837E+01
%  0.261115624312785E+00  0.216998225397806E+01 -0.914163222492467E+00
%  0.365921063568789E+00 -0.302476057712445E+01 -0.144657596481877E+01
%  0.743535619148674E-01 -0.135181801839548E+01  0.110830422923163E+01
% -0.185080959965842E+01 -0.393691132149143E+00 -0.120891121761097E+01
%  0.232612847821318E+00  0.641948114269710E+00 -0.148493053187262E+01
% -0.408433608138076E+01  0.324251604972925E+01  0.573287052110787E+00
%  0.153805032725615E+01  0.288519795400029E+01  0.202496783498125E+01
%  0.918366293915971E+00  0.403641300089146E+00 -0.127277345155681E+01
% -0.749193622296085E+00  0.721722628266805E+00 -0.101339142869665E+01
% -0.577132628479290E+00 -0.124141933618547E+01  0.133735493977013E+01
%  0.338824467360324E+00 -0.137147406751581E+01 -0.133863046671369E+01
% -0.119459444946718E+01  0.160643885346285E+00 -0.454117033265434E+00
% -0.736286095099779E+00  0.372440609783251E+01 -0.866537235164587E+00
% -0.793377242417941E+00  0.224190842607049E+01  0.887946641704667E+00
%  0.189012892781928E+01 -0.342982913261364E+00  0.181033372710858E+01
% -0.165843773903277E+01  0.353501230140113E+01 -0.476811103036052E+00
% -0.294556127895864E+01 -0.160275674967117E+01 -0.525516245367318E+00
% -0.658504626392583E+00  0.265052441555441E+01 -0.267179577285474E+01
%  0.450331667838508E+00 -0.106387573240353E+01  0.561286199394528E+00
%  0.160849266687438E+01 -0.254933945517514E+00 -0.149451796407566E+00
% -0.985339013877363E+00 -0.140937150837424E+01  0.564482792056753E+00
%  0.139218379980598E+01 -0.262205997566092E+00 -0.585436150952899E-01
%  0.359737359943332E+00  0.709576666396319E+00  0.233478987129229E+01
% -0.136016974861533E+01  0.101200180722755E+01  0.184401206301933E+00
% -0.116522549579332E+01 -0.298223401959790E+01  0.104714573195961E+01
% -0.596826536899940E+00 -0.149626771251178E+01 -0.156023790598508E+01
% -0.164074883763267E+01 -0.925024700302670E+00 -0.287991106724844E+01
%  0.217211527552716E+00 -0.168885693662600E+01  0.783739190605450E+00
%  0.147778020345562E+01  0.590101666598382E+00  0.227604782202137E+01
%  0.863624291152535E+00  0.155744109843979E+01  0.941611445542336E+00
% -0.149215558790479E+01  0.929904541039826E+00  0.288404100788029E+00
%  0.202484716613126E+01  0.120938304366108E+01  0.283040669090547E+00
% -0.166600235357309E+01  0.863337088215591E+00 -0.258813628602060E+00
% -0.598173538342341E+00  0.754438647904978E+00  0.109537306961954E+01
%  0.597813777466537E+00  0.306536788224036E-01 -0.195889760905290E+01
% -0.196248316320343E+01 -0.287513147714773E+01 -0.969899763827429E+00
% -0.775058358685570E-01 -0.501191721913205E+00  0.480252370271321E+00
% -0.960779134854066E+00  0.159404849555156E+01 -0.111595112701423E+01
% -0.103864072137080E+01 -0.494131242269465E+00 -0.150162959765147E+01
%  0.314840979302146E+00 -0.402886925240073E+01  0.739570566178569E+00
% -0.262099012939499E+01  0.180233487708497E+01 -0.123762292048846E+01
% -0.108308010068420E+01 -0.149134692376018E+01  0.117312929350038E+01
%  0.756082974760354E+00  0.175413590407300E+00 -0.265636693556136E+01
%  0.261020415169768E+01 -0.952375146078533E+00 -0.110373411125000E+01
% -0.185985070812573E+01  0.150721664445397E+01  0.433016421966030E+01
%  0.235341256322370E+01  0.112309705782125E+00 -0.128227342288529E+01
%  0.202548905034314E+01 -0.195221171995512E+01  0.988791892470546E+00
% -0.372355303451181E+01  0.129545956334951E+01 -0.320521194626121E+01
% -0.175359961420105E+01 -0.362533662363735E+00  0.106703962989039E+01
% -0.197328721512828E+01  0.278761335537490E-01  0.105753668211525E+01
% -0.171812413563937E+00  0.495363317788586E+00  0.349697191834194E+00
% -0.756063079651809E+00 -0.632896119360510E+00 -0.437085495430327E+00
%  0.112878977502481E+01  0.206741119048293E+01  0.113829973373040E+01
%  0.344280388875659E+00 -0.490546272754804E+00 -0.226990204456412E+00
% -0.187498446590438E+00  0.704151367837414E+00 -0.911227889658445E+00
% -0.247081648258106E+00  0.657868126710673E-01  0.362035992339031E+00
% -0.107750470884326E+01 -0.325611211495393E-01  0.173564041568624E+01
%  0.268783869039508E+01 -0.322901843304034E+00  0.202939149196858E+00
% -0.514831019852221E+00 -0.184785550716941E+01 -0.445811250667325E+00
%  0.154864880895187E+01 -0.116034582019351E+01  0.150770084243478E+01
%  0.289257757309969E+01 -0.129918790697258E+00 -0.174610923326434E+01
%  0.117167866354200E+01 -0.609242003284540E-01 -0.363550560428674E+00
% -0.512866750765025E+00 -0.972804281023058E+00  0.443785134386730E-01
% -0.562759864740926E+00 -0.531359910337317E+00  0.114354569035591E+00
% -0.152588971799003E+01 -0.995937445806852E+00 -0.627766600407930E+00
% -0.362243156479691E+00 -0.538851508384962E+00  0.226377018996262E+01
%  0.255976870275934E+01  0.516253607151143E+00  0.160737154541829E+01
% -0.155053425364417E+01  0.803324174252670E+00  0.125485905873438E+01
% -0.771922466059241E+00  0.152299796318822E+01 -0.213556074033745E+01
% -0.602926254854497E+00 -0.238921313330577E+00 -0.212653533572440E+01
% -0.110254280109461E+01 -0.230859956243093E+00  0.598422954730812E+00
% -0.180228106323429E+00 -0.143469519374139E+01 -0.225509034384114E+01
%  0.282235931605167E+01 -0.155444584244513E+01  0.428462954139036E-01
%  0.414294104817873E+00  0.221650511683536E+01  0.133581300776947E+01
%  0.102003056938267E+01 -0.200091434801210E+01  0.963236864259692E+00
%  0.260489466696037E+00  0.704807711541350E+00 -0.234658676663155E+01
% -0.228583056493547E+01  0.112013571816574E+01  0.481006202537048E+00
% -0.115945464754095E+01  0.771890742627782E+00 -0.587785627637752E+00
% -0.741137857182847E+00  0.141531982882571E+01  0.986749137531630E+00
% -0.185297851744105E+01 -0.452731936983284E+00 -0.405291296349785E+01
% -0.218485116567705E+01 -0.527206863431307E+00  0.142595840719408E+01
%  0.885625528029182E+00  0.316241576530433E+00  0.139610315695524E+01
% -0.176516465888313E+01  0.160194675149960E+01  0.826018149820478E-01
% -0.109496246442633E+01  0.103650084791380E+01 -0.110601415054658E+01
% -0.227677489316526E+01  0.531024660997773E+00 -0.114351177223778E+00
% -0.974444697336370E+00  0.205935271792316E+01 -0.103449323860144E+01
%  0.409416852317879E+00  0.181131792795516E+01  0.108441018377406E+01
% -0.633123009556007E+00 -0.698241930969527E-01 -0.243205238541688E+01
%  0.685168708899266E+01  0.323110182053595E+01 -0.816312020177595E+00
%  0.138884686949831E+01 -0.154985862095325E+01  0.162427489552040E+01
%  0.228079420341678E+01  0.291154008701977E+01  0.223362467205069E+00
% -0.219022290974596E+00 -0.525350361572416E+00  0.905432424925720E+00
% -0.228865800778723E+00  0.106633084579621E+01 -0.760959118553543E+00
% -0.139111382075569E+01  0.314621721918977E+00 -0.867433828585127E+00
%  0.513942728312936E+00  0.237012871464008E+01  0.140349832257070E+00
% -0.111949020681690E+01  0.971430736419242E-01 -0.601408393377386E+00
%  0.145810800380261E+01  0.166052771545632E+01  0.143601631332021E+01
%  0.203514261160743E+01  0.148034692862433E+01  0.348292017750849E+01
% -0.193242996998381E+00  0.191295348762529E+00 -0.864980472466046E+00
% -0.313295353259256E+01  0.178061521113983E+00 -0.380893516958048E+01
%  0.319388583266896E+00 -0.617538281777743E+00 -0.623352446623297E-01
% -0.582055260031030E+00 -0.315842491732558E+00  0.360292183991913E+01
%  0.174555243450163E+01 -0.560856548799510E+00  0.119242688584710E+01
%  0.721181875791153E-01 -0.471296289755427E+00 -0.413511045868192E-01
%  0.142902340200825E+00 -0.895326949359385E+00 -0.263416668605052E+00
%  0.937614433182844E+00  0.120852881572629E+01 -0.562595742398851E+00
% -0.586663130799245E+00  0.880352737617104E+00  0.447487949297311E+00
% -0.114003731289863E+01 -0.164383707366155E+01 -0.231680383167078E+00
% -0.988016624912908E+00  0.566745476953730E+00  0.183456027210089E+01
%  0.637106072678757E+00 -0.514343271692916E+00 -0.850410387462194E+00
%  0.128465725280294E+00 -0.818676461163152E+00 -0.737486485390447E+00
% -0.967079211406714E+00 -0.175066582806763E+01  0.125533092935737E+01
% -0.104167655760811E+01  0.430017335336085E-02 -0.159469260939983E+01
%  0.104983819195153E+01 -0.292370387107156E+01  0.229123682962329E+01
% -0.338601814984802E-01  0.216729430349978E+01  0.676534253921747E-01
%  0.213228213596546E+01 -0.130231358899355E+01  0.169466237466695E+01
% -0.116212980068628E+01  0.661014373096544E+00  0.159092447695061E+00
% -0.103468817346464E+01  0.125976098132195E+00  0.467050724026667E+00
%  0.168197583965906E+01  0.539880929644509E+00  0.137229575437518E+01
%  0.609185598518668E+00 -0.829529199681037E+00 -0.278400838539619E+01
% -0.154478515199902E+01  0.115656109132025E+00  0.818698707879769E+00
% -0.223766336236623E+01 -0.108543240493202E+01 -0.251820829894092E+01
%  0.811805342473847E+00 -0.818820021438694E+00  0.240153687818685E+01
% -0.289845713455266E+00 -0.731453981817367E+00  0.391615388236262E+01
% -0.616112008721266E+00 -0.232588140003472E+01  0.148633522527784E+01
%  0.110723328453354E+01 -0.520148773523107E+00 -0.870881780258499E+00
%  0.515516460389050E+00 -0.197582229263591E+01 -0.688552351756301E-01
%  0.490432012860826E+00 -0.311166944227758E+01  0.514573572950517E+00
%  0.357305621790433E+00  0.912588470903490E+00 -0.176411518942749E+01
%  0.776248344999258E+00  0.180793513494529E+00  0.604738829930475E+00
%  0.331223915582381E+01  0.607994529745328E+00  0.348789320739280E+00
%  0.133318343392105E+01  0.865036698820917E-01  0.329576035491740E+00
%  0.135495405040289E+01  0.116513367720887E+00  0.302749607507759E+01
% -0.315496028078808E+00  0.171324146947712E+00 -0.153043805963426E+01
%  0.176019792615328E+01  0.275643919821418E+00  0.211067557402725E+00
% -0.511351467047036E+00  0.101238176022755E+01  0.923679033349546E+00
%  0.155243578325321E+01 -0.877293741140245E+00 -0.115452526931822E+01
%  0.140772987252602E+01 -0.126359760515782E+01 -0.564132343100164E+00
%  0.309854436745236E+01  0.304939650639951E+00 -0.802955407385944E+00
% -0.571065769097949E+00 -0.986216365503604E+00  0.951439528758821E+00
%  0.471311190364718E+00  0.110284397079443E+01  0.102567255792384E+01
% -0.487631522921202E+00 -0.146487392385043E+01 -0.176422993023992E+01
%  0.739855235749284E+00 -0.221118103776962E+01 -0.882014709052393E-02
% -0.116623513974100E+01 -0.267054591942243E+00 -0.255076675593797E+00
%  0.157824442772033E+00  0.980163964440728E+00  0.143559138196061E+01
%  0.912263285813922E+00  0.986758507288145E+00 -0.468667223633892E-01
% -0.278393459013202E+01 -0.125495029211892E+01  0.106670604162145E+01
% -0.141195056488824E+01 -0.281756677847658E+01 -0.123838046396683E+01
% -0.133577940723801E+01  0.148184033953183E+01  0.133664383489119E+00
% -0.899927415827238E+00 -0.152990443853456E+01 -0.358913492227381E+00
%  0.870365576217978E+00 -0.159336936078773E+01 -0.916329148651752E+00
% -0.158542918198251E+01 -0.591057060482694E+00  0.380961290019813E+00
% -0.131033142533034E+00  0.284748977404929E+00  0.153310967772130E+01
% -0.416391127292711E+00  0.977292870152160E-01  0.176829125407996E+01
%  0.373124742902681E+01  0.989401065489110E+00 -0.162620471670568E+01
%  0.897818179288965E+00  0.337522584384527E+01 -0.248130917119385E+01
% -0.160553922270391E+00  0.222348301828576E+01  0.199758778012919E+00
% -0.983766660924981E+00 -0.721923106991987E+00  0.248351424490500E+01
%  0.323448456086894E+00 -0.144834843570009E+00 -0.154235779871069E+00
% -0.816718418486739E-01  0.555428672626119E+00  0.288182385402937E+01
% -0.100749357852863E+00  0.102096821438145E+01  0.211186825466583E+01
% -0.215545794970795E+00 -0.973223388897643E-01  0.498198864686206E+00
% -0.147219433305685E+01  0.749713578906886E+00  0.259867720389166E+01
% -0.260027965733995E+01  0.779089651418603E+00  0.261361770715414E+01
% -0.379043850110025E+00 -0.851071535211530E+00 -0.137855360993997E+00
%  0.183807380003055E+01 -0.132209615914643E+00  0.623316768051734E+00
% -0.136905520297843E+00 -0.147186220132633E+01  0.771058819859074E+00
% -0.637264312091376E+00  0.347828411244739E+00  0.112074717369959E-01
%  0.251864217787332E+01  0.215576966951177E+01  0.175738524817416E+01
% -0.610203724403346E+00  0.688366045245508E+00 -0.195380174112066E+01
%  0.162647444554168E+01  0.599181886015110E+00 -0.104099675525542E+01
% -0.318640510448965E+01  0.929295951040603E+00 -0.177432435825753E+01
%  0.735414160024930E-01  0.554890610448132E+00  0.155366499512811E+01
%  0.182290298035838E+01 -0.576835778790429E+00  0.144680286138891E+01
% -0.111362909101469E+00 -0.164350192424123E+01  0.237402216603644E+01
% -0.137947014721189E+01 -0.182498612992225E+01 -0.876264356998226E+00
% -0.181252184269640E+01 -0.800701471132928E+00 -0.166696706157583E+00
% -0.761822569397644E+00 -0.104572620876948E+01  0.159265797706075E+01
% -0.622838192964721E+00  0.132705445901136E+01 -0.286936421839141E+00
%  0.202686632534165E+01 -0.577945906349311E+00  0.217881571934879E+01
% -0.839613613233352E+00 -0.171305626023115E+00  0.120981505328504E+01
%  0.121145766703895E+01  0.113910553528447E+01  0.500838218358529E+00
% -0.301115555475207E+00 -0.783544270269243E-01 -0.369557063357963E+01
% -0.147962115005713E+01  0.205353165202789E+01 -0.831548593612588E+00
% -0.139698994761262E+01 -0.579115331250407E+00  0.107759181753400E+01
%  0.141673134697115E+01  0.426592732938449E+00 -0.255354593178531E+01
% -0.413326894360405E+00  0.112553305558807E-01  0.160487474679885E+01
% -0.366371949197764E+00 -0.163365497804853E+01  0.430270365973740E+01
%  0.153509848289632E+00 -0.917574219477768E+00 -0.232792672858260E+01
%  0.961457454505354E+00  0.196947676984360E+01 -0.243066022166650E+00
%  0.241371268272298E+01 -0.766615775576774E+00  0.301493335571992E+00
%  0.101833449810554E+01  0.731815317150949E+00  0.204786200488529E+00
%  0.130993661272836E+00 -0.368734192577713E+00 -0.145462320758002E+01
% -0.156779644468097E+01  0.162956480875018E+00 -0.211675400422620E+01
%  0.125039551137923E+00  0.966316284135654E+00  0.654507443787945E+00
%  0.114384477033683E+01 -0.978253146413098E-01  0.102991367000835E+01
% -0.851220087962620E+00 -0.163083039485926E+01  0.975978235440069E+00
% -0.188655223218638E+00  0.138721736997556E+01  0.107127424960290E+01
%  0.567619411111602E+00  0.545254097801514E+00  0.652705108182183E+00
%  0.722266861171352E+00 -0.811849866965430E+00 -0.506899893449762E+00
% -0.185335473402256E+00 -0.553638181300814E+00  0.464924593221036E+01
% -0.160282680581997E+01 -0.122690492963295E+01 -0.338489036159883E+00
% -0.136356155133495E+01 -0.838266935445685E+00 -0.100772518143056E+01
%  0.166520994417402E+01 -0.231174375690244E+01 -0.518860785996969E+00
% -0.311915255726957E+00  0.196060550309650E+00 -0.115324338505987E+01
% -0.530425003065816E+00  0.730462766424222E+00  0.456571205096444E+00
% -0.859457328572536E+00  0.236287655132639E+01 -0.584619266748838E-01
%  0.339897964781679E+00 -0.992014746675508E+00 -0.825202749180699E+00
% -0.158842822183556E+00  0.138903270353025E+01  0.666899078575552E+00
%  0.684403146170656E+00 -0.164246314064813E+01  0.230168634211829E+00
%  0.151749794387010E+00  0.984226200152876E+00  0.131910174097169E+01
%  0.161781986053283E+00  0.138100027093179E+01  0.364147068752485E+00
% -0.654663585130143E+00 -0.262001857792389E+01 -0.128225300060598E+01
% -0.517694971529258E+00 -0.145060283583714E+01 -0.263080012490107E+01
% -0.140427634293927E+01 -0.406480760253155E+00  0.261922478364594E+01
%  0.149926745277713E+01  0.124174080103866E+01 -0.243697986264979E+00
% -0.785922682820067E+00 -0.696173225186978E+00  0.362222917220456E-01
% -0.162801627355567E+02 -0.554648412311555E+01 -0.248240243030212E+01
% -0.116079039382986E+02  0.485557262926080E+01 -0.132492435564750E+02
%  0.145564138584887E+01  0.586767657072577E+01 -0.217282557771713E+02
%  0.436268483907936E+02 -0.568789187164736E+02  0.735276101332161E+02
%  0.192186012033856E+01  0.119735075643925E+01 -0.261059122597065E+01
% -0.431014258507919E+02  0.346772978063945E+02 -0.864826136585566E+00
%  0.245646509393961E+01  0.867182825844789E+01  0.915562419116566E+01
% -0.738773694773366E+01  0.202528634118948E+02 -0.185259620934336E+02
% -0.871263921911082E+01 -0.346872795210933E+00  0.128182697272005E+02
%  0.126150387279763E+02 -0.478904768059128E+01  0.328165998269214E+02
%  0.112704933213517E+01  0.107459661270800E+02 -0.412354519051071E+01
% -0.484364945302639E+01  0.280498469557789E+01 -0.177878581452795E+01
%  0.118172694181914E+02  0.369471251302154E+02  0.228102957297345E+01
% -0.850806922780310E+02  0.461751638709116E+02 -0.613838236188450E+02
% -0.776282249716517E+02  0.189587276734192E+03  0.183773319421735E+02
% -0.772009296326882E+02  0.257149150679739E+02 -0.262949052616250E+02
% -0.715614907546975E+01 -0.316203060365236E+02  0.450176376017843E+02
% -0.653545417031740E+02 -0.437701498899986E+02  0.608408276541228E+02
%  0.485656452832446E+00  0.292705284393604E+01  0.164021383246334E+01
%  0.202782641627970E+02 -0.117539517868945E+02 -0.245857869792272E+02
%  0.102407427925147E+02  0.228033627931905E+01  0.105692395485877E+02
% -0.289982857382096E+02  0.245045201931462E+02 -0.649468885675335E+02
%  0.319399261711665E+01 -0.211141999703608E+01  0.114450660422656E+01
% -0.152495684409165E+01 -0.264035039244793E+01  0.934841990416499E+00
% -0.389468034200066E+02 -0.621094133525068E+01 -0.308300626794889E+01
%  0.905562472386650E+01 -0.158906292390204E+02 -0.118805970264107E+02
%  0.985911615433067E+01  0.329757056198752E+01 -0.362257445740200E+01
%  0.277417688197152E+00  0.304555352311348E+01 -0.431767545477616E+01
%  0.120618399272727E+02  0.173087129823457E+02  0.407061608098712E+01
%  0.148250766496818E+02  0.151709491297868E+02 -0.929316342148076E+01
%  0.117725349932430E+01  0.584822215549705E+00 -0.346962365827837E+00
%  0.121879371847506E+02  0.488418941433535E+01 -0.724958727907445E+01
% -0.233960141903001E+02 -0.114281902415714E+02  0.370875640631243E+01
% -0.416304252231081E+02 -0.103185714724309E+02 -0.168800460873887E+02
%  0.980192323204318E+01 -0.760036468889067E+01 -0.663366291038386E+01
%  0.245099910794353E+01 -0.198485799925459E+02  0.167159490961787E+01
% -0.861666678291405E+02 -0.244962470193346E+02  0.171429297170492E+02
% -0.895730306985965E+01  0.308084035662031E+01 -0.786788981276367E+01
%  0.176370020360778E+01  0.990203769378432E+01  0.236125250864032E+01
%  0.269227480687955E+02  0.205805941260682E+02  0.232313199112134E+02
% -0.330915120880622E+01 -0.207093461301137E+01 -0.152313360368579E+01
% -0.525844222989538E+02  0.124683211384869E+02 -0.113091235965293E+02
% -0.911926265263038E+01 -0.264208307820347E+02 -0.394853510891931E+02
% -0.696917116368123E+01  0.157982323592317E+02 -0.209682666908206E+02
% -0.311403307465082E+02  0.488295329606549E+02 -0.654683218692417E+02
%  0.504429067190004E+01 -0.164824653096950E+02  0.183700887052456E+01
%  0.282753301429317E+02  0.178803000579176E+02  0.327835473468078E+02
% -0.165311015957465E+02 -0.273038544406822E+01 -0.914867518872869E+01
% -0.580618994443990E+02 -0.234659474219004E+02  0.317429518545827E+02
%  0.622757843392580E+01  0.169651446877936E+02  0.157816146029164E+01
%  0.122375367211504E+02 -0.254745745889728E+01  0.371167951246861E+01
% -0.147431239192090E+01  0.769595750210831E+01  0.237711848416122E+01
% -0.273982462439876E+01  0.103845607054681E+01 -0.120094020910172E+02
% -0.339580422996116E+02  0.504486505304703E+02 -0.763940838280241E+02
%  0.126530010169135E+02 -0.714067269327265E+02 -0.578728069845062E+00
%  0.357739221128002E+02 -0.617275501084347E+02  0.141525592991701E+02
% -0.120456996070710E+02  0.123568322463704E+02 -0.232364556960027E+02
% -0.876879798606862E+01 -0.475648947484647E+01 -0.177313494742975E+01
% -0.297743721515048E+02 -0.322948421311660E+02  0.167130503636731E+02
% -0.189378071954932E+02 -0.656986256415413E+02  0.324682261868925E+02
%  0.334150319302644E+02  0.816127841733685E+02 -0.138279671724788E+02
% -0.134692919199134E+02  0.431909443521537E+02 -0.428445720023575E+02
%  0.262290857802740E+01 -0.206705087775612E+01  0.352103455294607E+01
% -0.152645452239351E+02 -0.310693785411407E+02  0.270069040398742E+02
% -0.207892171472821E+02 -0.850012517672669E+01 -0.121997828026564E+01
% -0.271855630097052E+01 -0.142995147163768E+01  0.182504584669987E+02
%  0.791908316915220E+01 -0.131158810552092E+02 -0.327164483409984E+01
%  0.815193224761971E+01 -0.188324953253396E+02  0.247859386153753E+02
% -0.337369996735004E+01 -0.395363706203350E+00  0.166780038308661E+02
%  0.680563455351164E+00 -0.781529411062381E+01  0.502269434064752E+01
% -0.329731575400278E+01  0.209397878226419E+01  0.122117656958183E+00
%  0.387824834875585E+01  0.933253987504077E+01  0.456682631337073E-01
%  0.456941387277383E+01 -0.490894598669628E+01  0.555379443963666E+01
%  0.418674698237703E+02 -0.168676124036774E+02 -0.151623829304734E+02
%  0.644871649529155E+01  0.279561261470920E+01 -0.794275516878502E+00
% -0.117859753584812E+03 -0.108808659394127E+03  0.157395437818330E+02
%  0.119896745784013E+03  0.100860484235741E+03 -0.968585117502739E+01
%  0.687800865565692E+02  0.559579171658455E+02 -0.486127014469050E+02
%  0.813685905587727E+01  0.263924014555184E+02 -0.239481883411435E+02
% -0.633929906163327E+02 -0.156415973826770E+02 -0.478819789885588E+01
%  0.483143335456489E+01 -0.444243552353019E+00  0.347812807953590E+01
%  0.295379177820215E+01  0.167353692248805E+02  0.984857310658100E+01
%  0.347902308562400E+01  0.199404450345827E+02 -0.148134473836155E+02
%  0.201065109910031E+01 -0.168151971700651E+02  0.642097925954965E+01
% -0.697718935174007E+01 -0.135798964304092E+01  0.113349041480938E+02
%  0.161309294740482E+03 -0.246771249030616E+02  0.132134863105780E+02
%  0.300488968244512E+01  0.942256507339682E+01 -0.150637977184380E+01
%  0.618346672697610E+00  0.378159078477550E+01 -0.257865170529329E+02
% -0.102465966782937E+02 -0.451090811024856E+01 -0.193221994903741E+01
% -0.921204720839278E+01 -0.122023975939961E+01 -0.973905751309760E+02
% -0.415674680650555E+02 -0.824077289520462E+01 -0.215000185256229E+02
%  0.110692879226017E+02 -0.155625126565156E+01  0.114554114524824E+02
%  0.154053527378719E+02  0.357211077380551E+02 -0.507114122515157E+02
%  0.545906576338059E+02  0.396456825699152E+02  0.213515020885052E+02
% -0.325105406918995E+00  0.412528314127276E+01  0.269746111338187E+01
%  0.264722071317088E+02  0.934737196764639E+01 -0.138903063242923E+02
% -0.102209553882021E+02 -0.230164429823317E+02 -0.115219153791220E+02
%  0.192200350479310E+02 -0.123281104627435E+02 -0.191595048434441E+02
%  0.316371336753227E+02 -0.667193667828794E+00  0.569576881013861E+01
% -0.219533407517389E+02 -0.572187350739651E+02 -0.160655062326957E+02
% -0.168763928008163E+02  0.310325565580533E+02  0.750508287834815E+01
%  0.105905012272337E+03 -0.160694299488490E+03 -0.589753227140063E+01
% -0.826532619268559E+01  0.359196059416602E+02  0.208710370141514E+02
%  0.147214725533081E+01 -0.660673590902236E+01  0.109901747596255E+01
% -0.293759370965428E+02 -0.617435079319953E+01 -0.176772548625547E+02
% -0.181729020382753E+02  0.194594313921799E+02 -0.261303409158780E+01
% -0.436751812531850E+02  0.827860879165132E+00 -0.137793613645899E+02
%  0.186749097388871E+02  0.214746882650590E+02 -0.376110066101039E+02
%  0.235905975716209E+01 -0.176454509821978E+02  0.510451411508526E+01
%  0.490031084312214E+00  0.260113056108163E+01  0.265621512207694E+01
% -0.703432661602615E+02 -0.175281424974807E+01 -0.350359605188502E+01
%  0.201577729191262E+02 -0.793338668690504E+01  0.220629109574249E+02
% -0.421744934239972E+02 -0.122339278641534E+02  0.389707266837888E+01
% -0.867670350454412E+01 -0.993295672741117E+01  0.544989336739634E+01
%  0.127723735511825E+01 -0.582623767562212E+00 -0.423275118669427E+01
% -0.669942246112712E+01 -0.563681499142679E+02 -0.480999856958645E+01
%  0.604102840925173E+02  0.460266085131622E+02 -0.415479348533250E+02
%  0.305744018686969E+02  0.130920395571182E+02 -0.467955515842611E+01
% -0.314522554903094E+02 -0.310600151651622E+02 -0.671991763355308E+01
%  0.309155825643860E+01 -0.902114363545589E+01  0.331088304560519E+01
%  0.355031988044093E+02  0.298979062411768E+01  0.188274495757799E+02
% -0.597423432565239E+01 -0.733332317204921E+01  0.321776759937748E+02
%  0.742036233346918E+01  0.104088183391115E+02 -0.635546172872728E+01
% -0.592185938809639E+00  0.180970873563218E+02  0.299362206940287E+02
%  0.235929272304962E+01  0.994964743374851E+01 -0.433549177097528E+02
%  0.192342889536434E+02  0.748446209480184E+02  0.219201919381532E+02
% -0.749690126303919E+01 -0.846563711367024E+00 -0.113301902920203E+01
% -0.199027506094572E+02 -0.669925244657224E+02  0.304581676632906E+02
%  0.596779857033908E+02  0.191432861044444E+02  0.855542061107064E+01
% -0.151186948152155E+02 -0.277210358287071E+02  0.166912343031514E+02
%  0.752965132315036E+01 -0.116099947939860E+02  0.331649220624108E+00
% -0.115811944749388E+02 -0.485554156255828E+01  0.518696737086411E+01
%  0.165884148753912E+02 -0.818420545632009E+01 -0.265018696255188E+02
%  0.230357498857105E+02 -0.417798432465358E+02 -0.801691748244751E+02
% -0.367905591900822E+02 -0.166497801953353E+02  0.322969065894946E+02
%  0.392279426854937E+02  0.652120855622566E+01  0.172730998840582E+02
% -0.187057785073723E+02  0.446212113472694E+01  0.110216379600365E+02
%  0.446228856819156E+01  0.206984655613688E+02 -0.286973292646485E+00
%  0.195459676423830E+01 -0.601528231429348E+00 -0.224869126438618E+01
% -0.227238273167707E+02 -0.233575469919618E+02 -0.166480944945949E+02
% -0.112976851772966E+02 -0.812067761277957E+01 -0.587194542446797E+01
% -0.869089688616961E+00 -0.332244293515519E+01  0.882570560265581E+00
% -0.167376707964542E+02  0.110480505089609E+02  0.298712262764038E+02
%  0.614929926450007E+02  0.113069530683780E+02 -0.570440435607833E+02
%  0.335860580635420E+02 -0.523840988923026E+02 -0.470979680203898E+02
% -0.588339185809481E+01 -0.823406831043742E+01 -0.381809950062718E+00
% -0.543541986611321E+02 -0.312315687380373E+01  0.655427890761392E+02
% -0.967259296807575E+01  0.139685774580660E+02 -0.116874330611862E+02
%  0.931523576795201E+01 -0.123189636393672E+02  0.477125005341546E+01
%  0.388743835385418E+02  0.300569483822484E+02 -0.658331211842487E+01
%  0.756984869604467E+01 -0.816465986234805E+01  0.740042294051025E+02
% -0.294106978012667E+02  0.485193258177116E+02  0.213113862949122E+02
%  0.873944542726791E+01  0.234280361924712E+01 -0.820863491414122E+01
%  0.500125308347333E+02 -0.145045894812218E+02  0.416635541496498E+02
%  0.193227482035732E+02 -0.208080751400056E+02  0.146102945727308E+02
%  0.595160115621547E+01 -0.259829844054157E+01 -0.512631755012562E+01
% -0.152973557213652E+02  0.260595578947749E+02  0.863783550313273E+01
% -0.516498293867598E+01 -0.242941390991728E+02  0.976718737927535E+01
%  0.166777810666373E+02 -0.357291033828458E+01  0.262708722791642E+02
%  0.479862375585504E+01  0.177201795648217E+02 -0.133161789212974E+02
%  0.438353854237501E+01  0.632580251913894E+01 -0.747536569965725E+01
% -0.407345530646099E+00 -0.210247664149171E+01  0.239099009140603E+01
%  0.373396471869388E+02 -0.133333500473481E+02  0.125438981984497E+02
% -0.272838007318509E+02  0.174644373809897E+02 -0.238689434321820E+02
%  0.874262643445912E+00  0.213401199372146E+01  0.801323923532280E+01
%  0.255431142683821E+02  0.452419546696569E+02  0.795393402059481E+01
%  0.479348235888530E+01 -0.297145010448086E+01  0.937481754421504E+01
% -0.113583479994437E+01  0.259770522501173E+01  0.383103587331897E+00
%  0.405685090188412E+02  0.127181506406913E+01  0.676098508191799E+01
% -0.848659933103693E+02 -0.851940071542944E+00  0.680165989981329E+02
% -0.272099182802284E+01  0.100473706426581E+02 -0.708805089667310E+01
% -0.181806928251329E+01  0.455139500684103E+00 -0.337247493901369E+01
% -0.907539488815787E+02 -0.113198857810133E+03  0.934781854503604E+01
% -0.232703712973601E+01  0.845060275226839E+01  0.124013439230669E+02
%  0.887237244424455E+02  0.844249950532154E+01  0.913906227515875E+02
% -0.778036856842168E+01  0.609402522093843E+01 -0.113640620522763E+02
% -0.821028242227236E+01 -0.121037936819545E+02 -0.243097761304682E+02
%  0.288328147332984E+02 -0.897949523356446E+01 -0.246417066552132E+01
% -0.100318624377061E+02 -0.146087297748443E+02  0.574665044075356E+01
%  0.234324549977668E+01 -0.527031635784491E+00 -0.105963790440102E+00
% -0.354113953626523E+02 -0.504339035903221E+02  0.488216027486723E+02
%  0.297247302813707E+02  0.711436260950487E+02 -0.128850027079132E+02
%  0.236543425824781E+02 -0.139337126417562E+01  0.183029014882154E+02
%  0.115181399547018E+02  0.545091513357076E+01  0.820376603046796E+01
%  0.288489156459454E+02 -0.480877802374676E+01 -0.189586857187539E+02
% -0.233916931736409E+01  0.336786201775015E+01 -0.262505371781279E+01
% -0.850084455255194E+01 -0.464139561974770E+01  0.107145072442757E+02
%  0.289611832272858E+01  0.298447913968875E+01  0.267826466367681E+01
%  0.154249923137452E+02 -0.764065654952169E+01  0.174555500717250E+02
% -0.141217016270657E+02 -0.972584251333919E+01 -0.953728616073062E+01
% -0.178760822881294E+02  0.692483594567923E+01 -0.899152250321425E+01
%  0.116987038866968E+02  0.985412853516348E+01  0.113278527968103E+02
% -0.467454680845827E+02 -0.736463304005814E+02  0.919935467849860E+01
% -0.741084286471119E+02 -0.298833366336439E+02  0.611614524791802E+02
% -0.400620770194549E+00  0.101535276799715E+02 -0.252886785739561E+01
%  0.324945571108227E+01 -0.503873594074274E+01 -0.826208765316183E+01
% -0.777805003232275E+00 -0.382829147932991E+01  0.580763141510655E+00
% -0.121205884601256E+02  0.725125140634087E+01  0.239594981541718E+02
%  0.163063684868346E+02 -0.887048185473325E+01  0.104996749192264E+02
%  0.293199307584882E+02  0.360215155620441E+02  0.125377699808796E+01
%  0.400863544643584E+01  0.225749557757497E+02 -0.248079867547565E+02
%  0.201047178244808E+02 -0.232973771117076E+01 -0.238354211745224E+02
% -0.197438191161508E+02  0.399344646069758E+01 -0.578568627256014E+01
%  0.193712447188197E+02 -0.410529198420248E+02 -0.451259744200964E+01
%  0.250672718309260E+02 -0.723262709542483E+02 -0.856236556206489E+01
% -0.387534875232116E+02 -0.118905821682862E+02 -0.853644350011675E+01
%  0.450589887485272E+02 -0.451015804132252E+02 -0.369781227318323E+02
% -0.499548199694006E+01 -0.166986750274747E+01  0.129541547168664E+02
%  0.103890086279374E+02 -0.347799384633682E+01  0.128951545916133E+01
% -0.242565421111463E+02 -0.716903046936323E+01  0.177217159188096E+01
% -0.221239217762774E+02  0.199211151024491E+02 -0.190152347598404E+02
%  0.683928996735633E+01 -0.168596022186217E+01  0.169263726252631E+01
%  0.251604868465784E+00  0.897124817329284E+00  0.154596413967405E+01
%  0.853174871479583E+02  0.106622333769559E+03 -0.352945763540303E+01
%  0.999319097057122E+01  0.270670248757920E+01 -0.380369836796685E+01
% -0.906609130094425E+02  0.456726884259712E+02  0.253427451199888E+01
% -0.108052370449347E+01 -0.132928389597957E+02  0.958016045334706E+00
%  0.105629536547048E+02  0.452489386289540E+00 -0.110488573696000E+02
% -0.116470015942605E+01 -0.831496834031684E+01 -0.699979584537676E+01
%  0.625949312154765E+02  0.104214026447928E+01  0.132812570499454E+02
% -0.762093330435410E+01 -0.664132469789720E+01  0.449171357060041E+01
%  0.876640191141720E+01 -0.267697861420434E+02  0.385744396577613E+02
% -0.209500059512050E+02  0.765518813115289E+02 -0.182527239356216E+02
%  0.923509566146630E+01  0.901780488941974E+01  0.573410815872058E+01
% -0.279668573919353E+02  0.483690522422452E+01 -0.392714209266092E+02
%  0.453497022745810E+02 -0.522909975248045E+02  0.571646415254219E+02
%  0.933606428619004E+01 -0.556134820394817E+01  0.418268948541661E+00
% -0.323148171179424E+01 -0.338249952651272E+02  0.260054225241571E+02
% -0.149513559773592E+02 -0.170045608975327E+02 -0.146508058494804E+02
% -0.526388545147468E+01  0.101204353944873E+02 -0.537714000318981E+01
%  0.356902192404167E+02  0.348106837833496E+02  0.104691364108129E+02
%  0.777065734074046E+00  0.240264664551996E+01  0.289029891715486E+01
%  0.494735722553502E+02 -0.249537044396386E+02  0.365829829271669E+01
% -0.702307703692469E+01 -0.149418122773135E+01 -0.534091420175890E+01
%  0.576763158963549E+01 -0.110670420939368E+02  0.868869744590516E+01
%  0.441484517952823E+01 -0.167830619491717E+01 -0.394915907244395E+00
%  0.998941306584342E+01  0.436586628616649E+01 -0.209642096354202E+02
% -0.491191226520590E+00  0.946084136300182E+01  0.865084998403031E+01
% -0.161889437462501E+02  0.198473567968667E+02  0.678145724007044E+01
%  0.870116359739874E+00 -0.109876283492627E+02  0.137470417475222E+02
% -0.416113998757273E+01 -0.122197040474284E+02 -0.381267751820935E+01
% -0.561297715063048E+01 -0.792876149420430E+01 -0.366391527021230E+01
%  0.396252995922157E+00 -0.949904241671223E-01 -0.539700393880008E+01
% -0.644487481884017E+02 -0.316716617618187E+02 -0.162445218419789E+02
%  0.137465566937432E+02  0.191769909723793E+01  0.392489080397231E+01
%  0.334151760622689E+02  0.350237781826310E+02 -0.169433423390559E+02
% -0.615293810080991E+01  0.114021244758873E+02 -0.600567647807459E+01
%  0.641944738470185E+01 -0.653603834954736E+00 -0.745526386292230E+02
% -0.125776572449167E+01 -0.233544651421467E+01  0.231644202933710E+01
% -0.344038546037092E+00  0.259607897024869E+02 -0.258751680400916E+01
%  0.350046398831917E+00  0.300065393445155E+02  0.105367825668682E+02
%  0.839655213908835E+01  0.905730613997976E+01  0.153592021896888E+02
%  0.280700834762368E+02  0.492314665541422E+02  0.158459458115137E+02
%  0.129504608523651E+02 -0.117369833331534E+02  0.124892996331214E+02
%  0.284948622347813E+01  0.353529752496205E+02  0.237882625268024E+02
% -0.873454479204312E+00  0.556021773011686E+00  0.296913312565714E+01
