% T    256  0.715122828077254E+01  0.715122828077254E+01  0.715122828077254E+01
  -0.148278096128719E+01  0.192979830753525E+01 -0.210127246859102E+01
  -0.229458854367964E+01  0.204893461460607E+01  0.173536872525569E+01
   0.264092124253416E+01  0.942275820531674E+00 -0.104212506961254E+01
  -0.729894472045867E+00  0.147710791407604E+01  0.432522869054660E+00
   0.104121370749529E+01 -0.135238025661968E+01  0.244024934221354E+01
  -0.257904342291675E+01 -0.259013266973722E+01 -0.306688177773700E+01
   0.955465243861926E+00 -0.315504907968692E+01 -0.377182011740022E+00
  -0.228388841450398E+00 -0.253629948910613E+01  0.353208852606064E+01
  -0.334491669297307E+01 -0.176832259803798E+01  0.281728563098487E+01
  -0.871934908278805E+00 -0.328912073456100E+01 -0.286917105710853E+01
   0.346863468856124E+01  0.296122625099025E+01 -0.301276261632025E+01
   0.928701625531501E+00 -0.163175387723994E+01  0.332911106737143E+01
  -0.108790692727777E+01 -0.291452125374660E+01 -0.159228926781094E+01
   0.351580901837307E+01  0.246154171215860E+00 -0.232924204439303E+01
  -0.354512033186133E+01  0.325704223830169E+01  0.320745386819157E+01
  -0.336170401695668E+01 -0.276833394198862E+01  0.121773016143047E+01
  -0.115564931374730E+01 -0.278525731798736E+01  0.251594444240202E+01
   0.206737829943721E+01 -0.280830595264922E+01 -0.187892313230475E+01
   0.101162463302585E+01  0.704470417750934E+00 -0.263804859809476E+01
  -0.320603684538226E+01 -0.117476057550495E+01  0.101276528205101E+01
  -0.101000829075498E+00  0.547754128964673E+00  0.344066700226827E+01
  -0.175476070251956E+01  0.193659549376422E+00 -0.124710123360438E+01
   0.299995706471925E+01 -0.176476494533704E+01 -0.793830586718949E+00
  -0.435420558477857E+00 -0.142527233233853E+01 -0.341372741590002E+01
  -0.318579984151173E+00 -0.274239158891898E+01  0.202275450355524E+00
   0.149761154728656E+00  0.349056127478054E+01 -0.100670549679598E+01
  -0.333359101514189E+00 -0.132139552221412E+01 -0.209632729724914E+01
  -0.215620731674623E+01 -0.120225786530114E+01  0.208475319397165E+01
   0.129083528680947E+01  0.961574446984590E-01 -0.159816482227982E+01
  -0.601417792270247E-01  0.180544021153550E+01  0.275443538509159E+01
   0.441904105762926E+00 -0.323200525036980E+01 -0.312612700818608E+01
  -0.260346323349549E+01 -0.130793773729177E+01 -0.243583801936014E+01
   0.126958217039201E+00 -0.174424196912042E+01  0.131330365055608E+00
  -0.140241768130063E+01  0.325404218539256E+01 -0.325884805132088E+00
   0.281420442914453E+01 -0.311075513162053E+01  0.838747710404056E+00
  -0.217219468200235E+01 -0.226398538809132E-02  0.236121305169524E+01
   0.128337278831938E+01  0.149729742554163E+01 -0.213566587945298E+01
  -0.549696364237129E-01 -0.260053618484368E+01 -0.127767704579822E+01
  -0.240637326778321E+01 -0.190597247952068E+01  0.120112650900836E+01
  -0.306410096114432E+00  0.328656454538234E+01 -0.192261638564938E+00
   0.102804026482703E+01 -0.186311463504895E+01  0.148954441939743E+01
   0.185183500557379E+01  0.302836174215795E+01 -0.316528963546866E+00
  -0.992730813529293E+00 -0.602074899484261E+00 -0.227834917490271E+01
   0.255422971491493E+01  0.299286699011213E+01  0.275827416690018E+01
   0.173072938122076E+01 -0.348148922878243E+01  0.605750491487984E+00
  -0.619353636912014E-01 -0.229568737452772E+01  0.114812822823135E+01
   0.273944939481041E+01 -0.300803353715841E+01 -0.310505987462292E+01
  -0.261280476981535E+01 -0.175757080889016E+01 -0.122616143240167E+01
  -0.890398833639514E+00  0.569672923780791E+00  0.180078882799783E+01
  -0.543767590632760E+00  0.288013423912709E+01 -0.256803040597897E+01
   0.405579418717423E+00  0.177108480207901E+01  0.929586238903857E+00
  -0.169290990152349E+01  0.234028628048488E+01  0.372586222612406E+00
   0.289287174356943E+01  0.131130549282221E+01  0.369645474889212E+00
   0.269368464616199E+01 -0.210670569787442E+01  0.312236569511962E+01
   0.194618616897469E+01 -0.722186324599565E-01  0.195377673796575E+00
   0.501757531057992E+00 -0.289633997464541E+01  0.223165857605207E+01
  -0.300210442770461E+01  0.205578149688071E+01 -0.303965669861215E+01
   0.235849788402377E+01  0.198829335385817E+01 -0.352458550244416E+01
  -0.679534943360188E+00 -0.233736633896307E+01 -0.235697152166785E+01
  -0.724707103017553E+00  0.298568671121689E+01 -0.146882656760828E+01
  -0.262775346667259E+01 -0.579360254037865E+00 -0.171286631877365E+00
   0.110516163379485E+01 -0.123128728448543E+01 -0.192300242031897E+01
   0.208431386539451E+01 -0.247566940979288E+01  0.103987710905537E+01
   0.131586657516888E+00  0.229995245507571E+01 -0.187370541290402E+01
  -0.186084843097229E+01  0.659562951863471E+00  0.575654302505179E+00
  -0.116921033671542E+01  0.936984191663108E+00 -0.674615297927393E+00
  -0.329531126562170E+01  0.306225388538883E+01 -0.109186650288490E+01
   0.249055678293845E+01 -0.158001034357715E+01 -0.300462945352814E+01
  -0.976232084228230E-01  0.152141654082635E+01 -0.503979106496169E+00
  -0.171312236293683E+01 -0.250711120545124E+01  0.344602971727976E+00
  -0.167248592475409E+00  0.316673388846712E+00 -0.922526890534611E+00
   0.326285789503280E+00  0.227319032641516E+01  0.173128840169202E+00
   0.687005607612008E+00  0.148181567959373E+00 -0.378091203790654E+00
  -0.112015917047371E+01  0.239396539718174E+01 -0.524543938813899E+00
   0.406471056900377E+00 -0.776413677487570E+00 -0.831789099077738E+00
   0.221688529594064E+01 -0.372839638934003E+00  0.214649344082345E+01
   0.331342070171201E+01  0.251828996924233E+01 -0.191379155006624E+01
   0.184435225607383E+01 -0.136535647106331E+01  0.178570660964715E+01
  -0.270659544792793E+01 -0.269121861750682E+01  0.118283960562709E+00
  -0.238260019182252E+01 -0.348231344812410E+01 -0.640009439224447E+00
   0.361550099846568E+00 -0.410382354786002E+00 -0.287119924273546E+01
   0.314349545609680E+01  0.198138502256352E+01 -0.274789680138071E+01
  -0.222151542053283E+00 -0.800766525759732E+00  0.219667775427451E+01
   0.217930511776121E+01  0.903580724117350E+00 -0.134055203484166E-01
   0.904067846185633E+00  0.140083674971584E+01  0.174763153680764E+01
   0.281602625882228E+01  0.278162117946248E+01 -0.106958477420355E+01
   0.180193939810293E+01 -0.181632517288170E+01  0.287043340638359E+01
  -0.356302947551195E+01 -0.200797256849507E+01  0.791018983335638E-01
  -0.121616079985866E+01 -0.193171830941591E+01  0.122573496910038E+01
  -0.917769406406503E+00 -0.284975556381308E+01  0.160342514842063E+01
   0.293516128888966E-01 -0.183596467635926E+01  0.240629398500090E+01
   0.295699665640048E+01  0.211277794829277E-01  0.140701353666199E+01
   0.172817477220884E+01  0.185441509127668E+00  0.120073227136251E+01
   0.321711091092608E+01  0.114967210900921E+01  0.317284760167779E+01
  -0.331469300932485E+01 -0.584214492159260E+00  0.194006526705595E+01
   0.328097876859281E+01 -0.293225023057262E+01  0.323551150998651E+01
  -0.242971913007212E+01 -0.858414344487638E+00  0.307208148879737E+01
  -0.273577560213096E+01  0.273077072868375E+01 -0.350778303212838E+00
  -0.849359632931056E+00  0.347013274844670E+01  0.339497736591240E+01
  -0.353500057493858E+00  0.278865239083332E+01  0.263741988930312E+01
   0.712404586288164E+00  0.134558696275596E+01 -0.121443617153880E+01
   0.160844958166704E+01  0.329655793819073E+01  0.283864895592997E+01
   0.157329172527997E+00  0.181709248263444E+01 -0.325766632884925E+01
   0.745140693255528E+00  0.324597136190480E+01  0.205988063141458E+01
  -0.479190518127618E-01  0.478854855136354E+00  0.220734045882906E+01
   0.258225361616959E+01 -0.195731040015519E+01  0.182641287187644E+01
   0.308542891365312E+01 -0.210353287053201E+01  0.985432248059335E+00
   0.274077875738252E+01 -0.123403788778860E+01  0.265815967667282E+01
  -0.328683244613006E+01 -0.995992541719429E+00 -0.132051670061580E+01
  -0.915162177829729E+00 -0.830482402759347E-01  0.879149371110395E+00
   0.135858301541148E+01  0.679149875714074E+00 -0.700412145467604E+00
   0.302277366843767E+00  0.241684337661854E+01  0.169210381020745E+01
   0.166165834524732E+01  0.269559247782656E+01 -0.357749777744498E+01
   0.477086066211422E+00 -0.114407988017497E+01  0.869508497319931E+00
   0.206173064643550E+01  0.112767076137710E+01  0.124207364868714E+01
  -0.175254841238301E+01 -0.322253880272627E+01 -0.353090368311723E+01
   0.104108449166485E+01  0.251916580901182E+01  0.271819244948912E+01
  -0.245362058173095E+01 -0.176115627011969E+01  0.336887758246544E+01
  -0.524980874159165E+00 -0.964102544214459E+00  0.123551630668264E+01
   0.669499106434177E+00 -0.277702623113380E+01  0.500937020748553E+00
   0.335507648822282E+01  0.260009063788369E+01 -0.310382094997457E+00
  -0.350800910418139E+01 -0.316858664941124E+01 -0.273280009939660E+01
   0.348867403651066E+01  0.246980706989679E+01  0.814147895547722E+00
  -0.106376728907683E+01 -0.191146669226276E+01 -0.139623045558244E+01
   0.173056311037532E+01  0.688721308000070E+00  0.231836448068011E+01
  -0.262478928945189E+01  0.357938016941608E+01 -0.229479921112781E+01
  -0.345338027943070E+01  0.147742353041338E+01 -0.374367166867109E-01
   0.201808337567393E+01  0.661498234705928E+00 -0.197255684986638E+01
  -0.335369752318587E+01 -0.347431533229727E+01 -0.130306996960743E-01
  -0.301500531919032E+01  0.162920858838878E+01  0.849112125103997E+00
   0.314702879073850E+01  0.569724222333729E-01 -0.169663936970129E+00
  -0.282520997907561E+01 -0.317542673235491E+01  0.234351171805884E+01
   0.328896502184418E+01  0.114500606723685E+01 -0.220663996888636E+01
  -0.160404173922297E+01 -0.340615154007687E+00  0.152925552940595E+01
   0.169454963612923E+01  0.219345923338749E+01  0.204489852207015E+00
   0.297553836678258E+01 -0.622748286118099E+00 -0.272514979024792E+01
  -0.236059488786544E+01  0.164934452701998E+01 -0.568470612677647E-01
  -0.198529355717780E+01  0.789228806680507E+00  0.161129471247769E+01
  -0.165499549121638E+01 -0.134158866834935E+01 -0.304815996843430E+01
  -0.222883842353963E+01 -0.836691998424257E+00  0.745533656325661E+00
   0.119978683024372E+01  0.152214234575528E+01 -0.327720617827298E+01
   0.209011785531657E+01 -0.475806583462178E+00 -0.183263076429758E+01
  -0.151433949260950E+01  0.324721137188055E+01 -0.232201737992357E+01
   0.226597704132450E+01  0.208945296931207E+01  0.252830752823920E+01
   0.269324926400492E+01 -0.745085440996439E+00 -0.565657114845944E+00
   0.613268243998659E+00  0.285608264287942E+01 -0.337674078252520E+01
  -0.163331567095589E+00  0.182494878436280E+00 -0.204869930636371E+01
   0.265357467008089E+01  0.186149851499415E+01 -0.475000437910257E+00
   0.260834430365911E+01  0.999582859669500E+00  0.210411283632875E+01
  -0.258134287294569E+01 -0.264467072981252E+00 -0.178563389833261E+01
   0.136501168973656E+01 -0.333627594105077E+01  0.156154238285613E+01
   0.349273949362736E+01  0.996435895462529E+00  0.130958253901479E+01
   0.189874632692533E+01 -0.200638642065085E+01 -0.825278888854878E+00
   0.512949227141699E+00 -0.452934594126066E+00 -0.169449289814025E+01
  -0.275253036065818E+01 -0.245152967746609E+01 -0.197715135498659E+01
   0.136970036203621E+01 -0.722938243555027E+00 -0.878862383989636E+00
   0.319382234593210E+01  0.230495778382977E+01  0.314771232978425E+01
  -0.102607077741757E+01  0.803728208302203E+00 -0.244110982254763E+01
   0.202120430790958E+01  0.299811528627504E+01  0.182730943810706E+01
   0.120714607103601E+01  0.123312937923560E+00 -0.353627435790712E+01
  -0.178064881886494E+01  0.317622416023661E+01 -0.123529748210199E+01
   0.278051081154499E+01 -0.318947469086871E+01  0.201566291409772E+01
  -0.145095629314751E+01 -0.275747846524201E+00 -0.139720969240164E+00
  -0.321457994904618E+01 -0.279201579188355E+01 -0.904599689958948E+00
   0.305676799010775E+01 -0.817482822555359E+00  0.344612415449026E+01
   0.112319763027698E+01 -0.162281649664905E+01  0.153973027496250E+00
  -0.796917202099164E+00  0.141210524187638E+01 -0.164616117430593E+01
  -0.206947210334316E+01 -0.262061499029730E+00 -0.283629425386505E+01
   0.273116743436727E+01 -0.271753387657442E+01 -0.161172878567251E+00
  -0.102849433820232E+01 -0.129130835144705E+00 -0.318567434185175E+01
  -0.203091845960756E+01 -0.219124568117861E+01  0.252777734607802E+01
   0.242394085442187E+01  0.286383354796242E+00  0.304203025671267E+01
  -0.186550443169146E+01  0.237089433041268E+01 -0.350543453475426E+01
  -0.298968451327836E+01  0.782869936239647E+00  0.203363080259360E+01
   0.233181027544826E+01 -0.137839675275103E+01 -0.182513864014896E+01
   0.849741704246346E-01  0.256250569630772E+01 -0.779097780496102E+00
   0.927739797343405E+00  0.296296817201922E+01  0.541034131309442E+00
   0.249104745208936E+01  0.166716700028010E+01 -0.182509625468876E+01
   0.344943405678983E+00 -0.186919073428365E+01 -0.306490486162468E+01
  -0.915618352508450E+00  0.186089238877493E+01  0.347913756181663E+01
  -0.194486061773348E+01  0.145884056275158E+01 -0.297841083474982E+01
  -0.287263405825057E+01  0.464190883527389E+00 -0.290765851410012E+01
  -0.160594557057106E+00 -0.345976087239445E+01 -0.214330185450385E+01
  -0.341468226341050E+01 -0.173683819896146E+01 -0.316649846122508E+01
  -0.180607697310052E+01 -0.123052495939658E+01 -0.600195869482853E+00
  -0.119339085036378E+01 -0.296354009974480E+01 -0.380090529720747E+00
   0.959721305466866E+00 -0.282746843457186E+01  0.324535855925684E+01
   0.152042496992292E+00 -0.338394022603869E+01  0.304154858831459E+01
   0.854817133782427E+00 -0.184646083699641E+01 -0.109847705981179E+01
   0.656641609512547E-01 -0.153476923222267E+00  0.108696771996703E+01
   0.164468000128087E+01 -0.332464869618333E+01 -0.305567964699476E+01
   0.356275130311394E+01  0.162772700312528E+01 -0.139346271649495E+01
  -0.156279480820955E+01  0.161295135311180E+01  0.243209205539143E+01
   0.334331918505926E+01 -0.200618484273553E+01 -0.207312077269370E+01
   0.258366886148622E+01  0.238688798064541E+01  0.123855229346299E+01
  -0.231963685301836E+01  0.269113361539586E+01 -0.212851223418957E+01
   0.188598922365184E+01 -0.268885011843532E+01  0.219963079426135E+01
  -0.171783738237886E+01 -0.112361167112937E+01 -0.184272499378573E+01
   0.101681170611673E+01  0.121908063543754E+01  0.196996824453087E+00
   0.167460176545262E+01  0.172798158535130E+01 -0.938671109573540E+00
  -0.136391889608173E+01  0.161122410792089E+01  0.127273688521789E+01
  -0.316660401035592E+01 -0.649415545564919E+00 -0.310627096992416E+01
  -0.721992002330497E+00 -0.634642808198326E+00 -0.917784725835306E+00
  -0.175302525796712E+01 -0.348145930605054E+01  0.191624506438284E+01
   0.133650442177555E+01 -0.632691149491535E+00  0.307227128814701E+01
   0.210269749507773E+01  0.250307141222704E-01 -0.102308187403844E+01
   0.354734834410261E+01 -0.103100090190887E+01 -0.175968115343419E+00
  -0.875216040425293E+00  0.353728962010695E+01  0.903560257356714E+00
   0.122658972506834E+01 -0.243457133329077E+01 -0.246222209037396E+01
  -0.355229070188423E+01  0.275323544544857E+00 -0.122473235659324E+01
  -0.313804221140382E+01  0.226075569091459E+01  0.245865887731158E+01
  -0.263366680587324E+01  0.340139783786280E+01 -0.331699805543066E+01
  -0.258916303340255E+01  0.309156734561965E+01  0.170644167133017E+01
   0.141334024939166E+01  0.230260187981952E+01  0.148768815124794E+01
   0.261485378089651E+01 -0.323083942220639E+01 -0.968074662418220E+00
  -0.750699851212755E+00  0.327004816512811E+01  0.188020344013205E+01
   0.165149602444339E+00 -0.348638855561297E+01  0.113022811452377E+01
   0.325135156136950E+01  0.160719373473891E+00 -0.338186635346064E+01
   0.808640126418327E+00 -0.356177240946758E+00  0.164857919853852E+01
   0.962196954454343E+00 -0.357040132117346E+01 -0.223253181204291E+01
   0.176408457494289E+01 -0.132533931690087E+00 -0.274875337310216E+01
   0.219952816399904E+01 -0.106611352662635E+01  0.806063294805831E+00
   0.824026368304270E-01  0.603268782816450E+00  0.356500608643941E+00
   0.196218992766614E+01  0.228792730206278E+01 -0.237279931704601E+01
  -0.244121628577409E+01  0.683729659724232E+00  0.322175411708556E+01
  -0.121774035874696E+01 -0.171688839864481E+01  0.305825073633811E+01
  -0.176422995791642E+01 -0.293751782505293E+01 -0.238421272854541E+01
  -0.188195681860613E+01  0.307934207238216E+01  0.288663655889197E+01
   0.214013305646649E+00 -0.627841110108009E+00  0.306314426174216E+01
   0.194028205056145E+01 -0.233194259823600E+01 -0.351677890363135E+01
  -0.462876046398512E+00  0.155250034170928E+01  0.145919677788526E+01
  -0.150389456877934E+01 -0.232413626613559E+01 -0.326530553317588E+01
  -0.179985697284855E+01  0.344435469951562E+01  0.899341813945918E+00
   0.261320478442382E+01  0.326991691194672E+01 -0.248085225706411E+01
   0.134196414343780E+01 -0.138434919875574E+01 -0.292644185104183E+01
   0.220844098956520E+00  0.126806065376764E+01 -0.225664485123412E+01
  -0.208056425884170E+01  0.777203636243018E+00 -0.205238250537398E+01
   0.931288753216865E+00 -0.188758443539787E+00  0.585258116044368E+00
  -0.643190861713655E+00  0.254500564361825E+01  0.847342291720278E+00
   0.298696002525764E+01 -0.448874045418485E+00 -0.154575950462962E+01
   0.336005262538272E+01  0.187971219879066E+01  0.191253512430043E+01
  -0.786681249610199E+00  0.111055316363105E+01  0.278321727573842E+01
  -0.252348655168458E+01 -0.166191743088740E+01  0.223291706073962E+00
  -0.268452698113109E+01  0.178244458870827E+01  0.324866281119181E+01
  -0.341726111903725E+01 -0.276641701294640E-01  0.274385030071599E+01
  -0.260385426695487E+01  0.957195316847111E+00 -0.106385818072031E+01
  -0.929815365897990E+00 -0.133667125365843E+01  0.276689492564140E+00
  -0.975305537624307E+00 -0.131881907200658E+01  0.209149932827546E+01
   0.232482397449155E+01  0.788932329663383E+00 -0.303511385163436E+01
   0.208979496167405E+01 -0.808255023528056E+00 -0.348813944754055E+01
  -0.162118583053151E+01 -0.100730116012323E+00  0.308099895874922E+01
   0.174943966908841E+01  0.333415129289888E+01 -0.159954377662220E+01
   0.323016082188019E+01  0.289737431250525E+01  0.205280513616850E+01
  -0.245579775364519E+01  0.162925817128473E+01 -0.208583755504672E+01
  -0.180870889231009E+01  0.161574931126400E+01 -0.115660466576331E+01
  -0.281471576989136E+01  0.657933605082809E+00  0.317089482780897E+00
%  0.849319959089276E+00 -0.250850958272100E+01  0.570465936846149E+00
%  0.189301903363183E+01  0.276780073715475E+01  0.307676891654027E+01
%  0.206909784365006E+01  0.480613694321623E+00 -0.177854024750041E+00
%  0.556832742877675E+00  0.149044067498019E+01  0.113527594147315E+01
% -0.750574837476411E+00 -0.220500061770288E+01  0.423538877340822E+00
% -0.317679173077787E+00  0.172778771354600E+01  0.619730066904110E+00
%  0.100186977306528E+01  0.218911180783024E+01  0.190716840028977E+01
% -0.585438345844747E+00  0.179297914653627E+01  0.145167673728619E+01
%  0.243706826169481E+00 -0.329021925817627E+01 -0.416682076733134E-02
%  0.138457954922447E+01  0.612473951911753E+00  0.128636865547731E+01
% -0.614640361139719E+00  0.188237722104439E+01  0.562463952297866E+00
%  0.128566480216913E+01 -0.121315837229905E+01  0.129070217986322E+01
% -0.642882097389074E+00 -0.113821591451617E+01  0.106370319005844E+01
% -0.792049087901694E+00 -0.839554811063860E+00  0.591408128088558E+00
% -0.621950015897714E-01 -0.801025289132917E+00 -0.230667686422509E+01
%  0.148488155148598E+01 -0.130933640829133E+01  0.110598805965003E+01
%  0.701492358097867E+00  0.216144503899446E+00 -0.577874278686363E+00
%  0.215698639807821E+01  0.308263847405168E+01 -0.389356304251887E+00
% -0.117594688308094E+01 -0.116430810646309E+01  0.535669209407340E+00
% -0.436381474527146E+00  0.154276810114850E+01  0.272400568044447E+00
% -0.299707454817722E-01  0.171946163644113E+01 -0.271983260299314E+00
%  0.710450174837261E+00 -0.116539269927910E+01 -0.221497398099351E+01
%  0.898265744621708E-01 -0.191902163282911E+00  0.838631747893950E+00
% -0.295758540748964E+01  0.231974382173727E+01 -0.124386327370574E+01
% -0.143362777026250E+01 -0.772685073492267E+00  0.101903103215690E+01
%  0.127191790743020E+01 -0.726024620306621E+00 -0.588016970996157E-01
%  0.709244801787414E+00  0.141561702953236E+01  0.103192430157979E-01
% -0.450049840698449E+00 -0.108546418588370E+01 -0.182515445371257E+01
% -0.167642088381715E+01  0.280419586807359E+01 -0.281283613330754E+01
% -0.151111611728153E+00  0.147305666319295E+01 -0.227571124702111E+01
%  0.436716225774871E+00  0.580798960265524E+00  0.448269926484924E+00
%  0.147102010306701E-01 -0.181197222412292E+01 -0.131897684241153E+01
% -0.170851012501894E+01  0.164597536870477E+01  0.112813047242392E+01
%  0.250040106720239E+01 -0.852969345406105E+00 -0.616755562198170E-01
%  0.190831426427996E+01 -0.795075568318368E+00  0.529150662496065E+00
%  0.210162451891461E+01  0.230072721302292E+01 -0.667590291978037E+00
% -0.147738186952928E-01 -0.236336646147940E+01 -0.170824171220957E+01
%  0.183447371891871E+01  0.386489215567102E-01  0.117641402298415E+01
%  0.185976592627338E+00 -0.193805149401265E+00 -0.130190936989605E+01
% -0.207783958363933E+00 -0.794408977425294E+00 -0.114958291467529E+01
%  0.864867080692101E-01 -0.204805346584869E+01 -0.252657260698534E+00
%  0.575529239668149E+00  0.793562728683338E+00  0.491955633200137E+00
% -0.616375011618866E+00  0.187773256083525E+01 -0.970996795053340E-01
% -0.768523713676228E+00 -0.144220672494988E+01  0.553547643872788E+00
%  0.284241994086461E+00 -0.182531736654509E+01 -0.106234894894383E+01
%  0.104513976585136E+00 -0.141750006174950E+01 -0.126792524394482E+01
% -0.351912854573503E+01 -0.455148058359053E+00 -0.148874681279733E-01
%  0.397126563557842E+01  0.113243624700323E+01  0.955053574091794E+00
% -0.158732332543275E+01 -0.657642524753468E+00  0.156584838703608E+01
%  0.229417276628322E+00  0.142763564577935E+01 -0.102066897304535E+01
%  0.590862427772145E+00  0.564966840437641E-01 -0.292045560010432E+00
% -0.183957913786246E+00 -0.118971529270582E+01 -0.150614460835302E+01
%  0.501411632276960E+00 -0.583502259212384E+00 -0.698428601665120E+00
%  0.265149482476472E+01 -0.870550315741886E+00  0.311481918692767E+00
% -0.231884634012980E+01 -0.124379671298191E+01  0.439629299392080E+00
%  0.810868405053845E+00 -0.183112955444637E+01 -0.151968039991326E+01
% -0.657869567864096E+00 -0.322510115887203E+00  0.101100484741593E+01
% -0.332451321297858E+00 -0.398262675135761E-01  0.161568306591481E+01
% -0.214901974656504E+00  0.286647818665349E+00 -0.681421297782459E-01
% -0.129201837483260E+01 -0.177982541694261E+00 -0.138575748587728E+00
%  0.139841424097730E+01  0.107001479630151E+01 -0.653471508017830E-01
% -0.127222256425003E+01 -0.378364614560819E+00 -0.129645109057787E+01
%  0.894044411573651E+00  0.538420715731508E-02 -0.136427321233022E+01
%  0.120635349394428E+01  0.801921797308169E+00 -0.640743027903085E+00
%  0.903112403644198E+00  0.151751510716055E+01 -0.581510520917642E+00
% -0.110627542459001E+01 -0.679336020613355E+00  0.124528282407026E+01
% -0.307287860803237E+00  0.188013216372118E+01 -0.325864083484428E+01
% -0.127532471073291E+01  0.266572833480796E+00 -0.276540504801306E+01
%  0.515387167588415E+00  0.276641639716789E+01  0.186993927115124E+01
% -0.707920602752999E+00  0.862652132684550E+00 -0.981785015922703E+00
%  0.914336774869066E+00  0.371789550189385E+00  0.176131333554607E+01
%  0.672814610530507E+00 -0.544140150677385E+00  0.600853832913204E+00
%  0.172619121413032E+01  0.494690723251182E+00 -0.629085723236001E+00
%  0.265516026919753E+00 -0.193672063822952E+01  0.207533198204745E+01
% -0.202001301439798E+01  0.558091324828254E-03  0.259858586034817E+01
%  0.550325021963377E+00  0.139173145375565E+01  0.214807452611915E+01
% -0.256017952372852E+00 -0.739279800058623E+00  0.839410973176693E+00
%  0.205782924373050E+01 -0.287332327940263E+00  0.326801918958693E+01
%  0.868584737007149E+00  0.143913028047542E+00  0.152098482601234E+01
%  0.110304393538235E+01  0.407820955679017E+00 -0.633216617780437E+00
% -0.105864281886329E+01  0.454288633962793E+00 -0.464181015085159E-01
% -0.175526039371776E+01 -0.154360922003748E+01  0.772366511289034E+00
%  0.967654908153362E+00 -0.773526799829959E-01  0.597653982587184E+00
%  0.254295257865277E+01 -0.314481555635278E+01  0.799141524895719E-01
%  0.784454977323844E+00  0.819122179373071E+00  0.345447039107627E+01
%  0.371156648195440E+00  0.122694010810220E+01  0.127660136493345E+01
% -0.239929027329803E+01  0.363653906628843E-01 -0.125231080334233E+01
% -0.134368598248378E+01 -0.119150865835663E+01  0.398908540466027E+00
% -0.219490083265215E+01 -0.240158845630748E+01  0.946716413204270E+00
%  0.659651560299951E+00 -0.764920508126757E+00 -0.561348614862706E+00
%  0.481588253101184E+00 -0.318074435172974E+01  0.139289346747604E+01
%  0.166955057539231E+00  0.147693242572201E+01  0.121752938938041E+01
% -0.235946293989812E+00  0.109307740398011E+01 -0.823516606024159E+00
%  0.139689255433388E+01 -0.137998821596119E+01  0.342986434751326E+00
% -0.883351414231660E+00  0.120995382680635E+01  0.895524637837006E+00
%  0.346874517546659E+01  0.222348969226444E-01 -0.101656993260183E+01
% -0.227741198792250E+00 -0.159298254729974E+01  0.304429565030296E+01
%  0.369769055910693E+00  0.667256040680436E-01  0.840461715786118E+00
%  0.124380526626142E+01  0.231020301727021E+01 -0.587852533846133E+00
%  0.140429838879506E+01 -0.143736713644798E+01  0.100118670032912E+01
% -0.415378051961249E+00 -0.122817553537335E+01  0.296667901092446E+01
% -0.118779739026974E+01 -0.446619562618068E+00  0.784821355430917E+00
%  0.111417625795457E+01 -0.447106547790351E-02  0.697171584074065E+00
% -0.159672059969947E+01 -0.169166092559378E+01  0.530856871872307E+00
%  0.141402797958479E+00  0.343713139241587E+00 -0.163449113446253E+01
% -0.259637271879368E+01  0.619636539388058E+00 -0.605723240865078E+00
% -0.192281821237932E+01  0.421562934138411E+00 -0.114482201103664E+01
%  0.224329890238272E+01  0.262713429541796E+01 -0.369788287688495E+00
% -0.100324669955874E+01  0.196027961308142E+01 -0.107429237404975E+01
% -0.661748507870747E+00 -0.110813545360163E+00 -0.828816421816096E+00
% -0.106445361294565E+01 -0.276484190073704E+01 -0.274695285109057E+01
% -0.191657917253394E+01 -0.120336916690212E+01  0.929442921605512E-01
% -0.756214401269694E+00 -0.110107434325496E+01 -0.135953201131473E+01
% -0.120877311497722E+01  0.266151274508377E+00  0.126770274383061E+01
%  0.542641163094701E+00  0.126382947107232E+01 -0.437011962495377E+00
%  0.852933551118462E+00  0.997526229296633E+00  0.242288286191631E+01
%  0.258692031096559E+01  0.136025529897135E+01  0.176717706910204E+01
%  0.477135047992419E+00  0.734217759718741E+00  0.111039041433839E+01
% -0.100023993638244E+01 -0.104367813976419E+01 -0.356010686186456E+00
% -0.723305591626803E+00  0.787775770474272E+00  0.167651056683794E+01
%  0.897886044978191E+00  0.146091914362338E+01 -0.717028782104541E+00
%  0.125164870683795E+01  0.142049924121248E+01 -0.296509629542867E+01
%  0.199474797397903E+01 -0.470590104510561E+00 -0.361748936700498E+00
%  0.449325455456705E+00  0.504964682817538E+00 -0.167764587681277E+01
%  0.343409175662885E+00 -0.691902926495625E+00 -0.276733669221486E+01
% -0.116163957720744E+01  0.255941826302882E+01 -0.378587548721609E+01
% -0.505975712500553E+00 -0.829703735906053E+00 -0.926682683023825E+00
% -0.123016856814916E+01  0.721171971465327E+00  0.147195139538173E+01
%  0.447184441877087E+00  0.132807182049201E+01 -0.270639267465046E+01
%  0.126227859620058E+00 -0.493195354910895E+00 -0.714132350241664E+00
%  0.107795020587043E+01 -0.551005346341467E+00 -0.177222353199632E+01
% -0.258364925956363E+01 -0.157108919561672E+00 -0.163658473462777E+01
%  0.167281049622608E+01  0.827197991510523E+00  0.248002251429148E+00
% -0.113723997182760E+01  0.256393936023872E+01 -0.223752985329148E+01
% -0.859816444537894E-04  0.261001869180359E+00  0.743316560063564E+00
% -0.210088288498620E-02 -0.294172948081050E+00  0.108439167808492E+01
%  0.241276134368248E+01 -0.158549737794789E+01 -0.301078543427998E+00
% -0.872731971170148E+00 -0.119432991352160E+00 -0.184807561376077E+00
%  0.488810130829064E+00  0.138604396878003E+00 -0.127615320777919E+01
%  0.582983501651940E+00 -0.636536819750057E+00 -0.145460792994967E+01
% -0.415137339660792E+00 -0.150893976887550E+01  0.964675562219885E+00
%  0.164149544748460E+01 -0.223852640082074E+01  0.734827820393612E+00
%  0.213421165543337E+00 -0.210185173423342E+01  0.950505779810172E+00
% -0.227751865728638E+00  0.212613901991009E+00 -0.117939910962418E+00
% -0.375768667859014E+01 -0.215877378683486E+01  0.101338664814857E+01
%  0.160837148729070E+01  0.888982834950351E+00 -0.140486933873492E+01
% -0.104180829539898E+01 -0.455967727333031E+00 -0.163504718924994E+01
% -0.402672284020054E-01 -0.560037369150392E+00 -0.401173095769745E+00
% -0.614240132087012E+00  0.511978936474536E-01  0.653636011323853E-01
%  0.153966908735274E+01 -0.506129377584200E+00 -0.208874605272551E+00
% -0.821274696512019E+00  0.568372700556367E+00 -0.374791956034039E+00
%  0.415352874173067E-01  0.543273806635958E+00  0.284086946706215E+01
%  0.146679003237483E+00  0.131182181485329E+01 -0.649818412587189E-01
%  0.450021749781307E+01 -0.235969783650387E+00  0.367022605892857E-01
% -0.101248217346045E+01  0.868311877506583E+00  0.976612884026849E+00
% -0.236542689318948E+01 -0.195086890667250E+00  0.999521137975064E+00
%  0.835493163153982E+00 -0.152119186247259E+01  0.327598083157215E+00
%  0.287004838423940E+01 -0.401697722155887E+00  0.241507465072873E+01
%  0.976047250927385E-01  0.628716687552557E+00 -0.118393006102523E+01
% -0.442724938014674E+01 -0.547984784742940E+00 -0.169291364066410E+01
%  0.214949728054125E+01 -0.622982925408870E+00 -0.377524412520209E+00
% -0.614267502414386E+00 -0.152398689073145E+01 -0.106773409730930E+01
% -0.240613665365565E+01  0.153970454904811E+01 -0.579364413107015E+00
% -0.105652010084324E+01 -0.312151746581366E+00  0.176072973941575E+01
%  0.449408552763417E+00 -0.181786930053804E+01 -0.457164657682806E+00
% -0.180133976313449E+01 -0.983622380350014E+00  0.620342401183885E+00
%  0.119531198712385E+01 -0.801196192565081E-01  0.225464453949055E+01
% -0.849882383638621E+00  0.329009233442037E+01 -0.547650564133005E+00
%  0.162001876324439E+01  0.158191278290588E+00  0.945235716403044E+00
% -0.123363002564154E+00 -0.543054299899640E+00  0.605823046238016E-01
%  0.246737299897087E+01 -0.170847469492258E+01 -0.209582933211986E+01
% -0.131152278783748E+01  0.113250084871413E+01  0.168531264190582E+01
%  0.368467312215524E+00 -0.152255330305128E+00  0.122117519439056E+01
%  0.577226356353724E+00  0.459687146185900E+00  0.260638609879736E+00
%  0.575927268795864E+00  0.439352549598819E+00 -0.706247270056447E+00
%  0.887805851205148E+00 -0.298793498603214E+00  0.302295296644135E+00
%  0.233009007030525E+00  0.179841173534171E+01  0.827192742195177E+00
%  0.690281371772406E+00  0.155417021719185E+01 -0.550225824405636E+00
% -0.225159282530796E+00  0.376124254519218E+01  0.253217379740542E+01
%  0.205278059904430E+01 -0.365386451025172E+00  0.121927282168143E+01
% -0.253737524246868E+01  0.979478262739555E+00  0.140688437894674E+01
%  0.859089761305419E+00 -0.796398059893477E+00  0.365463444293201E+00
%  0.209839989774016E+00  0.227777108159583E+01 -0.285695421584077E+01
% -0.256887041446082E+01  0.736058663008989E+00 -0.151728627261615E+01
%  0.575731630825871E+00  0.148724891516425E+00 -0.316254584524009E+01
%  0.496613566921099E+00 -0.250694091272652E+01 -0.211401293120878E+00
%  0.218465872364103E+01 -0.145536461142539E+01  0.410212015271392E+01
% -0.916829639495118E+00 -0.252467274851959E+00 -0.186349299596609E+00
%  0.154402127537304E+01 -0.963255595702014E+00 -0.146874999844539E+01
%  0.169040609982455E+01  0.925143356201792E+00 -0.270352609301716E+01
% -0.758643339242153E+00 -0.130800740014770E+01  0.135930463860075E+01
% -0.214304074562557E+00 -0.675405793292620E-02  0.260957539840273E+00
% -0.222021536998892E+01 -0.128490299581278E+01 -0.175540911679506E+01
% -0.168807471160676E+01 -0.100558928106659E+00 -0.314538697633506E+01
% -0.922136184222371E+00 -0.109229060306075E+01  0.362851904876804E+00
%  0.183883987477922E+01 -0.417117462951181E-01 -0.291136072137925E+01
%  0.395467867720986E+00 -0.779006322372874E-01 -0.754540248217129E-01
% -0.221709178466740E+01 -0.131655963422022E+01  0.701613635836238E-01
%  0.225541196915868E+01  0.284883515680382E+01  0.387497188154832E+00
% -0.226311710509416E+00 -0.247013218685524E+00  0.379390254694060E+00
%  0.565924465758992E+00 -0.255468829590479E+00  0.100839555032153E+01
% -0.109783361220857E+01 -0.326641559567203E+00  0.776820782258937E+00
%  0.160846526296475E+01  0.230749519004597E-01 -0.422617101543991E+01
% -0.298540483313395E+01  0.617318971787408E-01  0.242824063761672E+01
%  0.316564261507515E+00  0.250001637425383E+01 -0.308603904580401E+01
% -0.260341056195520E+01 -0.387312517020669E+00  0.360847971210370E-01
% -0.928602317519874E+00  0.296292573605216E+00  0.204855657415827E+01
% -0.137543223679885E+01 -0.218350294019315E+00  0.210222844721518E+01
%  0.126431475790394E+01  0.159283261012984E+01  0.696762384436620E+00
%  0.465201928306750E-01  0.211893987085489E+01 -0.103081917261135E+00
% -0.804680176194333E+00 -0.238961591397428E+01  0.112421777675992E+01
%  0.274232776267143E+01  0.138677469255307E+01 -0.883444368303602E+00
%  0.338643820510180E+00  0.858962680256183E+00 -0.579985858485761E+00
% -0.889033759919766E+00  0.831021319069215E+00  0.148777846261401E+01
%  0.420821689537607E+00  0.106593461217694E+01 -0.396949271631763E+01
% -0.798881353001513E+00 -0.192453321169776E+01 -0.161545143016104E+01
%  0.285169335055400E+00 -0.218783363052111E+01 -0.169910980872049E+01
% -0.129839361504944E+01  0.296118751495194E+01  0.109705470234521E+01
% -0.313228650002798E+00  0.275946491567103E+01 -0.191452126559810E+01
% -0.127937450516217E+01 -0.188721266469135E+01  0.725922804627177E+00
% -0.125274782730988E+01  0.123823441393836E+01  0.121123877197786E+01
%  0.559079895363821E+00 -0.574059980757848E+00 -0.141926191601617E+01
%  0.309183311992376E+00  0.683042490604347E+00  0.789789825525025E+00
% -0.264849233559047E+01  0.828180812618858E-01  0.224642832715254E+01
%  0.666699779236992E+00 -0.291423424740182E+01 -0.580932644731857E+00
%  0.147881737358185E+01 -0.145862191199851E+00  0.199744228715770E+01
%  0.648841572428883E+00 -0.105186097100483E+00  0.175880841852098E+01
% -0.183444483356969E+01 -0.101572788472387E+01  0.131193135639800E+01
% -0.336690040946922E+00  0.213166326889679E+01  0.149903708325839E+01
% -0.202803884302596E+00 -0.372389733596408E+01 -0.561036702679034E+00
% -0.119308180679818E+01 -0.182057014529896E+00 -0.114405734378895E+01
% -0.110122824121899E+01  0.122303639514533E+01 -0.612777035393307E+00
%  0.105729705993218E+01 -0.240415844599604E+01 -0.289231787713270E+01
%  0.232443092162171E+01  0.268013638209713E+01  0.551706877203922E+00
% -0.160970258884927E+01 -0.254862453268078E+00  0.786817875353256E+00
%  0.785095329792233E+00 -0.415554414053188E+00  0.106143176677995E+01
%  0.328217082101588E+00 -0.116501051822447E+01 -0.151213290735949E+01
% -0.128332340267679E+01 -0.933257009423786E+00 -0.673941001534128E+00
% -0.137525481573459E+00 -0.119742428833660E+01  0.105151626233034E+01
% -0.233484392100738E+01  0.133643443324713E+01 -0.789162023064591E+00
% -0.677716153807739E+00  0.264014305314953E+00 -0.102205983036588E+00
% -0.195486726032446E+01 -0.574741411227729E+00  0.123058266540054E+00
% -0.155690306040639E+01  0.199592330449405E+01  0.564765982015724E+00
%  0.112884277239175E+01  0.594640591584376E+00  0.975809379005421E+00
%  0.122261604011500E+01  0.119769004539269E+01  0.138823577640173E+00
% -0.189051406683762E+01 -0.162117876599697E+01 -0.151961497089627E+01
% -0.329880556576558E+01  0.295494534264348E+00  0.130342159570483E+01
%  0.205487569016889E+01 -0.953653467537686E+00 -0.890391723735508E-02
% -0.155321942401888E+01 -0.153114604676010E+01  0.179368576007975E+01
%  0.135233674836868E+01 -0.987243283631770E+00 -0.283419013174574E+01
%  0.238558730565942E+01 -0.588147916572241E+00 -0.100043396606049E+01
% -0.166054635199920E+01  0.150958083310738E+00 -0.173336000384598E+00
%  0.397219481651917E+00  0.252934407572056E+01  0.270701719469510E+00
% -0.224396895547209E+01 -0.120170306791499E+01 -0.869317617567812E-01
%  0.791307757703776E+00 -0.159977215208053E+00  0.136087012334742E+01
%  0.890955132615415E+00 -0.956812157308841E+00  0.122159661549786E+01
% -0.719833508598408E+01  0.309356470091843E+02 -0.263330964655223E+02
% -0.220650787967959E+01 -0.562455373179567E+01 -0.264629890109182E+01
%  0.431950887642945E+01 -0.182677665399215E+01 -0.169647312291526E-01
%  0.330108684954900E+01 -0.539416098285659E-01 -0.129773846960153E+02
% -0.312139068516264E+02  0.233385296273560E+02 -0.850882382616406E+02
% -0.221995611961533E+01 -0.232687183178039E+01  0.319157671624957E+00
%  0.692611373800671E+01 -0.113031642253428E+02 -0.204579141452641E+02
% -0.145735901700945E+02  0.159867719424337E+01 -0.393046985897400E+01
% -0.100496010079990E+02  0.187029244541028E+01 -0.237774669927296E+01
%  0.870858400298042E+00  0.287010547220484E+02  0.195786808189167E+02
%  0.374726664523320E+01 -0.108533467430720E+02  0.218871724317242E+02
% -0.181413446636728E+02 -0.167390432118702E+02  0.386880964574254E+02
%  0.255017260692278E+01 -0.285448481415406E+02  0.118010815921945E+02
% -0.581184049239534E+01 -0.819172979863436E+02  0.132703112513116E+02
%  0.129417472165758E+02  0.111309685005798E+01 -0.324299668119693E+02
%  0.216262397234281E+02 -0.157666187226626E+02  0.505566832595864E+01
% -0.696598555527595E+01  0.112163663441725E+01  0.677912150704880E+02
%  0.357888242977332E+01  0.121746491112928E+01 -0.145970582290636E+01
% -0.351474777757003E+01 -0.431269904809644E+02 -0.118625008178628E+02
% -0.770107530484522E+01 -0.419680870031476E+01 -0.461459461702379E+01
%  0.208667573556831E+01 -0.231188045273602E+01  0.173294125988007E+01
%  0.638979678399960E+01 -0.610101724913350E+01  0.877929746965764E+01
% -0.555727956388990E-01 -0.323808616541634E+01 -0.839112789787875E+01
% -0.354021960936432E+02  0.238247067135444E+02 -0.125958476087863E+02
% -0.116187131181476E+02 -0.682195550081472E+01 -0.290162761624009E+01
%  0.289459088308435E+02  0.616161235522050E+02 -0.596998893248924E+02
%  0.209436364793815E+02 -0.168738042585458E+02  0.482848010653442E+01
%  0.158681092265239E+01  0.353358868687980E+01 -0.574827789612147E+01
% -0.162437293960206E+02  0.280490914366712E+02 -0.248955609717388E+01
%  0.217947188579978E+02  0.289112259929451E+01 -0.231700440577120E+01
% -0.549081845028513E+01 -0.269561745648875E+01  0.255213587343605E+02
% -0.370026598405140E+01 -0.298820788960467E+01  0.720465995125649E+00
% -0.272942941158082E+02 -0.126241287291150E+02 -0.132359121900513E+02
% -0.265209742903199E+02  0.327790857205414E+02  0.528494619457315E+02
%  0.182794560423270E+02 -0.300946725957246E+02 -0.287510787328452E+01
% -0.758594469234339E+02  0.116806849223880E+02 -0.847541266559835E+02
%  0.126325117585429E+02  0.262189257043476E+02  0.203667514540113E+02
% -0.170624247739766E+01  0.143234999665682E+01 -0.176349442099715E+01
%  0.547952572746894E+01 -0.700255670122169E+01  0.166823627961713E+02
% -0.337174295344474E+02  0.238885355428625E+01  0.613867963266418E+02
% -0.191204192387546E+02 -0.189422792709465E+02 -0.995822863242360E+01
%  0.505507468165103E+01  0.217739288392855E+02 -0.161195166563205E+02
%  0.829881933849171E+00  0.284801652928840E+02 -0.391665926777241E+01
%  0.402776810436773E+01  0.427640488635525E+02  0.305928963722277E+02
%  0.754894906057016E+01  0.320172761162092E+01 -0.106113977365184E+02
%  0.463781034357096E+00  0.635710448230819E+01  0.721410795440688E+01
% -0.460803894751751E+02  0.627099003340418E+01  0.163660723410950E+02
%  0.123453093808873E+02 -0.228883591121239E+01  0.109300801051294E+02
% -0.659158166773342E+02  0.628422398358257E+01 -0.323812789973737E+02
% -0.406426383798034E+01 -0.289256433301867E+02 -0.151163423085589E+02
%  0.120055029142053E+02 -0.675759193332205E+02  0.603892515302329E+02
%  0.421891254464913E+01  0.655245642096854E+01  0.100071494293636E+02
%  0.981717836515561E+01  0.315849137234365E+02  0.110785902734480E+03
%  0.856548230571136E+02 -0.566641383919468E+01 -0.166308250126333E+02
%  0.119003840232310E+01 -0.159011465114485E+02 -0.101143423998448E+02
%  0.546679079780380E+01  0.197453114669777E+02 -0.198040396407935E+02
% -0.541210821183036E+01  0.160799723763406E+02  0.445166086346362E+02
%  0.224997171112178E+01 -0.262725569261146E+02  0.121452322654934E+02
%  0.427846208329165E+01  0.392247169579472E+01 -0.115633644984805E+02
% -0.137292451695051E+01 -0.613550397843824E+00  0.156434850943579E+01
% -0.503296594313619E+00  0.537314315658134E+01 -0.120598685142696E+02
%  0.153234916634471E+02 -0.845937386694071E+01  0.380493848050030E+00
% -0.332911193766770E+02  0.144595940869613E+02  0.516896770602875E+01
% -0.122029042675972E+01  0.716850247672826E+00  0.164172353666017E+01
%  0.338734292769358E+02 -0.597188632899919E+00 -0.505128096408799E+00
%  0.830558821632508E+01 -0.400042049113390E+01  0.687934575065318E+01
% -0.571860895879103E+01  0.201053540307645E+02 -0.315775099182570E+02
%  0.149077616912590E+02 -0.175140058622526E+02  0.147403198966264E+02
% -0.496965279850573E+01 -0.715062282005480E+01  0.126430776683881E+01
%  0.144071272245608E+00  0.135331835740134E+02  0.226742447890904E+02
% -0.899159932952350E+01  0.616043460757377E+01 -0.751011578132056E+01
% -0.263775733589695E+02  0.380234562638601E+02 -0.894610448162795E+02
% -0.596049337748015E+02 -0.601334324502778E+02  0.322653828545009E+02
%  0.336921154930418E+02 -0.824016421008960E+02 -0.259923772167218E+02
% -0.555037253091412E+02 -0.381384961694116E+02  0.800443714741086E+02
% -0.326924242987638E+01  0.142508976905325E+01  0.143604399563612E+01
%  0.965937727349533E+01  0.108984504285115E+02 -0.415674765686194E+01
% -0.211595029365534E+02  0.475503910517803E+02  0.299471952907515E+01
% -0.232153651969461E+01 -0.141726240642156E-01  0.565687498276249E-01
% -0.186058158610627E+02  0.272824993637009E+02  0.191929780694323E+02
%  0.195030824213048E+01 -0.105043515909576E+01 -0.614222553954087E+00
% -0.187218417183058E+02  0.240987909127117E+00 -0.241763214179350E+02
%  0.737953747294888E+02  0.587057235922688E+02 -0.521620377146649E+01
% -0.939595201400414E+02 -0.397992250469892E+02 -0.542929536499384E+02
%  0.419194874563465E+01 -0.100532009125684E+02  0.128974076294917E+02
% -0.507521815411430E+02  0.157463475538363E+02 -0.352562781152129E+02
% -0.772062560399192E+01  0.433225341227162E+02 -0.732276621187050E+02
%  0.624349133245672E+01 -0.199061598027937E+02 -0.507073688172858E+00
% -0.394836326728081E+01  0.985569080717924E+01 -0.752938277795582E+01
%  0.212121345101019E+02 -0.177004146521532E+01 -0.531586388370938E+02
%  0.142543335943451E+00 -0.453601931348448E+01  0.176559289699526E+01
% -0.235279407610843E+01  0.135587917418160E+01  0.848939579626452E+00
% -0.376326782967403E+01 -0.201193482246422E+02  0.112453110642005E+02
% -0.145668440837695E+01  0.729920263269320E+00 -0.710403394634324E+00
%  0.516013652831070E+01 -0.173442569151204E+02 -0.237969553757680E+02
%  0.251135357675144E+02  0.650662843294838E+01 -0.275527942711497E+02
% -0.302807320381418E+01  0.561002251777523E+02 -0.123483806880695E+02
%  0.224837737801409E+02 -0.203635848884132E+02  0.276193633999344E+02
%  0.869326501118163E+01 -0.210088284672989E+02 -0.400838158154822E+02
%  0.139173291300914E+02 -0.438528737129152E+01  0.246494654999695E+02
% -0.997120504496241E+01 -0.398289529569420E+00 -0.469757890042641E+01
% -0.557116147936938E+01  0.817541670097800E+02 -0.389047725174328E+02
% -0.457705268259559E+01  0.637146017333052E+00  0.443447624850245E-01
% -0.164658861570541E+02 -0.246218094056962E+01  0.153868256939710E+02
%  0.645522307524086E+02 -0.881972172783316E+01  0.291170527814777E+02
%  0.386001739822781E+02 -0.312723416570254E+02  0.321968371342491E+02
% -0.184174192920932E+01  0.235782575111398E+02 -0.218512220876931E+02
% -0.211223499933702E+02 -0.755147770131052E+00 -0.649274453171674E+02
% -0.750227086851564E+01  0.770843023573470E+01  0.204841942913190E+01
% -0.419809272014832E+01  0.235983939633383E+02 -0.340946975668663E+02
%  0.770759181282937E+02  0.635370527405221E+02 -0.311410872466153E+02
% -0.136984936254864E+02 -0.164829639378931E+01  0.102148803813321E+02
% -0.612791016902758E+01 -0.173312256415944E+02  0.476475363519666E+02
%  0.496013407387126E+01  0.864738584274503E+01  0.163930647185248E+02
%  0.116718050455021E+01  0.265618014363999E+02 -0.123346357917219E+02
% -0.143889355838869E+02 -0.284852501165113E+02 -0.105152274915435E+02
% -0.242454615967007E+02 -0.459943456881838E+02 -0.243047885063122E+01
%  0.533431187728885E+01 -0.486108203130114E+02  0.343655772695775E+02
% -0.830311160199633E+01 -0.257827302932914E+02 -0.156816614820823E+02
%  0.117077706126928E+02  0.122750052342880E+02  0.231862560911112E+02
%  0.329339877887313E+02 -0.979273469761215E+01  0.603583528695735E+02
%  0.231575062010487E+02  0.302402180386482E+01  0.765110975438407E+01
%  0.167445229744813E+02  0.417277873198322E+01 -0.914741300882978E+01
%  0.120955454121783E+01  0.164445908233397E+02  0.453718269608781E+01
% -0.521402984619923E+02 -0.171306241378815E+02  0.540687843023133E+01
% -0.156409104300578E+02  0.497692298606277E+02  0.434548094365081E+01
%  0.749955474901316E+02  0.194339458684634E+02 -0.703977805921585E+02
%  0.198232978015512E+02  0.138602544123106E+02 -0.752858021491683E+01
% -0.119403095192400E+02 -0.129719142421538E+02 -0.357753364177332E+01
%  0.263982928502135E+02  0.105811861413668E+02  0.166616518538969E+02
%  0.715989027403847E+01  0.215838530391237E+02  0.654700082561146E+01
%  0.468991944673819E+00  0.652423926095250E+00  0.211470259928976E+01
% -0.144413894771238E+02  0.312017139417162E+02 -0.100293113678389E+02
% -0.172944888345415E+02 -0.108036683685011E+02  0.189275710026969E+02
% -0.390348604431648E+01 -0.258639283389428E+02  0.144090290992516E+02
% -0.126161390130174E+02 -0.177673590721408E+01  0.311289859023440E+02
% -0.184155855427565E+01 -0.689918810918619E+01 -0.667028579496847E+01
%  0.875602429806582E+00  0.870378478226903E+00  0.800295488966579E+01
% -0.860803780320999E+00  0.193676727492575E+02  0.342048412693775E+01
%  0.177092152250350E+02  0.107097763423707E+02  0.179906213155403E+02
%  0.828351397781752E+01  0.700961478788463E+01 -0.365504340309266E+01
% -0.671479017449162E+02  0.263852700203089E+02 -0.629016310494766E+02
%  0.162671578364338E+02 -0.122545833147911E+02  0.276749379767910E+01
% -0.109694694764906E+02 -0.331200105324341E+02 -0.142758209742478E+02
% -0.428657839895907E+02 -0.100300473398193E+02 -0.163952887524990E+02
% -0.403710325484795E+01  0.128452691925983E+01 -0.192642048937640E+01
% -0.182240224391845E+02  0.179144595751893E+02 -0.100310678079940E+02
% -0.898982012964504E+01 -0.133035101895270E+01 -0.823939591610964E+01
%  0.601874574102816E+02  0.154573220303528E+02  0.225222197717821E+00
% -0.333981607395433E+01  0.866929143533792E-01 -0.554363087703480E+01
%  0.976402676588556E+01  0.210702424815906E+02 -0.144700362829137E+02
% -0.266956893974923E+02 -0.878280594156888E+01 -0.105718263926600E+02
%  0.363721516968464E+01  0.437628079755875E+00 -0.261423139729755E+00
% -0.273653446152685E+02  0.261686124552366E+00 -0.705745125207770E+02
% -0.232812894649843E+01 -0.950011003811531E+01 -0.103634178285163E+02
%  0.406749911750662E+02 -0.448297748714604E+01 -0.128814333642957E+01
%  0.203009593430862E+02 -0.165754829125957E+02  0.143534814807438E+01
% -0.446845452153091E+01 -0.795955892301819E+01 -0.118196282537047E+02
%  0.108733009353266E+02  0.318943102472116E+02  0.196961264817672E+02
% -0.224595218787865E+02  0.605179278489224E+02  0.188217455139570E+02
%  0.829540877939721E+01 -0.202498174800160E+02 -0.488569883712168E+02
%  0.758010827865909E+01 -0.549422474371481E+01 -0.267576790354052E+01
% -0.210764452330907E+01  0.173256224915760E+01  0.258615768471056E+01
% -0.240232734276870E+01  0.310510397104015E+01 -0.208348998609773E+00
%  0.493650902048782E+02  0.127890072993433E+02  0.200414125196431E+02
%  0.259473677761459E+02  0.325744345985798E+00 -0.352693454293144E+01
%  0.345212456596436E+02 -0.128101871014959E+02  0.317528831429943E+02
%  0.623044226174120E+00 -0.538590524675469E+01  0.229518163450762E+01
%  0.689640794018220E+01  0.283906200512573E+02  0.366788520393260E+02
%  0.680675903378389E+01  0.698608033029508E+01 -0.772813995130657E+01
% -0.398315489446875E+01 -0.626763992680520E+01 -0.110134889426721E+02
%  0.237010472319737E+01 -0.388894448756896E+01  0.456510113292793E+01
% -0.136704454038046E+01  0.444220553270874E+01  0.906090201776504E+01
%  0.106445586381155E+02 -0.377946677575913E+01  0.182717325840934E+02
%  0.203270644500492E+02 -0.744127057919564E+02  0.986570786356896E+00
% -0.146180557469225E+01 -0.585511995819646E+02 -0.133881812052938E+02
%  0.139757027853856E+02  0.193594258318155E+02  0.142281793045485E+02
%  0.671086746138978E+01 -0.882156259401985E+01  0.225665933480663E+02
%  0.252412560598089E+02 -0.245424306520735E+02  0.495454390374053E+02
% -0.584088481043861E+00  0.869720350188437E+01  0.841625774921572E+01
%  0.170313104308916E+01 -0.106811519612635E+02 -0.798428687460229E+01
%  0.236592414702672E+02  0.106599315311556E+02 -0.178064917171408E+02
%  0.176701429182874E+02  0.235810181064908E+02  0.230778976502492E+02
% -0.271368487234721E+01 -0.109015997132275E+01 -0.236834949497900E+00
%  0.144306443284326E+01 -0.101423723117679E+01 -0.109409220104515E+01
%  0.200147049197496E+02  0.352847358969815E+02 -0.250822751899200E+02
%  0.302531603638708E+02  0.224616544963887E+02 -0.596774012169979E+01
% -0.238582017409651E+02 -0.351218551337072E+02 -0.524985521222718E+01
% -0.571648213765088E+01 -0.920641541217795E+00  0.708301377616026E+01
% -0.345610564408637E+02  0.229884116602836E+02 -0.971955479688698E+01
%  0.178222653791067E+00 -0.120564713378466E+01 -0.314322652682424E+01
%  0.935593257326830E+01  0.935571775189074E+01  0.328527568533364E+02
% -0.216313148251824E+02  0.128372684988162E+02 -0.964426734551243E+01
%  0.128860905404872E+00  0.243329110629440E+01 -0.849540061333802E+00
% -0.135169807123785E+02 -0.152242463898273E+02  0.146925678584342E+01
% -0.334851655473215E+01 -0.614658626932568E+02  0.126090680242552E+02
% -0.948340271859612E+01  0.764333408182911E+01  0.879034667725919E+01
% -0.189560625025673E+02 -0.114576608322472E+02  0.141327831320146E+02
%  0.165586061247273E+01  0.193456691110401E+00 -0.209671296059819E+01
%  0.561781100730632E+01 -0.336940729822290E+00  0.807812891159778E-01
% -0.951871094799405E+02  0.889170883460611E+01 -0.162662614306743E+02
%  0.655256437971000E+01  0.447839889016401E+01 -0.288988147612286E+01
% -0.271849282127804E+01 -0.334769409289751E+01 -0.342656728154833E+01
%  0.266952365242825E+01  0.821302797903790E+01  0.126846393281953E+02
% -0.924041332803671E+01 -0.341876684567723E+02 -0.511596211573851E+02
%  0.290421442275046E+02  0.266658295682386E+02  0.602066321434212E+02
%  0.280220381277135E+02  0.798048839335442E+01  0.955753618267376E+01
%  0.742639604577964E+02  0.214449458160432E+02 -0.277775398831804E+02
% -0.385219057034216E+01  0.177886196683883E+01 -0.583630067650205E+01
%  0.141759601539280E+02  0.179788772791540E+02  0.865355349830890E+01
%  0.559852942575241E+02  0.390145987076794E+02  0.344377159745045E+02
% -0.658015460996914E+01 -0.756979831081479E+01 -0.733719112437665E+01
% -0.111329202951936E+02 -0.523995906314387E+01 -0.159937199650036E+01
% -0.178052051307643E+02 -0.163360715009634E+02 -0.135510316458987E+02
% -0.563252777498209E+01 -0.271373977688994E+02 -0.396141232781818E+02
% -0.482365071525072E+01  0.762222327222718E+01 -0.112670479008020E+02
%  0.235822830956950E+01 -0.296828243074296E+01  0.600108316877905E+01
%  0.327457757607747E+01  0.147907830118144E+02 -0.323957152846241E+01
%  0.429152646981062E+02 -0.156230654259565E+02  0.396255919400604E+02
% -0.824072091500752E+01  0.212035487395065E+01 -0.334314243194618E+01
%  0.704438650918017E+01 -0.705601655531928E+00  0.159474570298252E+02
%  0.204059602633684E+00  0.144686760303819E+01 -0.272590357780591E+01
% -0.595091167348237E+01  0.117737513450514E+02 -0.109385498546669E+01
% -0.111393870935604E+02  0.265915128503364E+02 -0.232154738420715E+02
% -0.114733585146267E+01 -0.111959926304925E+01 -0.861603672181645E+00
% -0.124486348871382E+01  0.980005172506698E+00 -0.670477443617580E+00
% -0.119847320584337E+02  0.269118700087335E+02 -0.722195069338630E+01
% -0.685810989571437E+00  0.907211841831553E+01 -0.884709380266820E+01
%  0.157262857663317E+02  0.322805859724923E+01  0.302706247430398E+02
% -0.542045813897256E+02 -0.640374077402719E+02  0.102997553627089E+03
%  0.882610565363707E+02 -0.676429898929662E+01  0.336551414902329E+02
%  0.156537735892700E+02  0.191609703435673E+02  0.108166135971208E+02
% -0.825923765059982E+02 -0.111229561540769E+02 -0.127084882599391E+02
% -0.874495360380500E+01 -0.186062447351176E+01  0.769848309088789E+01
%  0.116402446178952E+02  0.343774911451630E+01  0.454670525927104E+01
% -0.122895619376196E+02  0.149953603801990E+01  0.381403632258455E+01
%  0.293397005784040E+02 -0.688804376417336E+02 -0.541104760947761E+01
%  0.175967397736445E+02 -0.206855415604284E+01 -0.118344553404269E+02
%  0.637204369815098E+01 -0.173073727311306E+02 -0.115001925265629E+01
%  0.452564404547214E+02 -0.948620345282046E+01  0.397332150625486E+01
% -0.563930338647905E+02 -0.414513847455622E+02 -0.456380286951339E+02
%  0.752701531391263E+01 -0.388885620854828E+02  0.250228664558931E+00
% -0.397109772342012E+01  0.141475853173527E+01 -0.272872940556221E+02
%  0.195976170636519E+02 -0.225411261626021E+02 -0.361783834702826E+02
% -0.291147459065325E+01  0.191845311636430E+02  0.304905154962676E+02
% -0.106521144792117E+02 -0.662705622765662E+01  0.988911495690625E+00
% -0.313775068934361E+01  0.996706237181976E+00 -0.146312636070447E+01
% -0.871322876802653E+02 -0.571103852352649E+02 -0.237654667238342E+01
%  0.170761526030858E+01  0.209929742346260E+01 -0.166600904741161E+01
% -0.327384721192386E+01  0.960152199526277E+01  0.740146427078980E+01
%  0.659821787364143E+02 -0.116133151766166E+02  0.852028598541514E+02
%  0.121563004991520E+02 -0.659596260502453E+01  0.777562317540542E+01
%  0.176481089566295E+02  0.960946622333962E+01 -0.224241345434499E+02
% -0.583469876485463E+02  0.646132790531845E+02  0.701786661332522E+01
%  0.888999988522219E+00  0.108403737981386E+02  0.374673870371900E+01
% -0.289679099366603E+02 -0.230640119871329E+01 -0.791930168045698E+01
