% T    256  0.715122828077254E+01  0.715122828077254E+01  0.715122828077254E+01
   0.148709139529048E+01 -0.341312902980007E+01 -0.940255469037929E+00
  -0.126409459825599E+01 -0.329452804892197E+00 -0.300841334186092E+01
  -0.276612541431423E+01  0.293110054464370E+01  0.105652687171217E+01
  -0.190196383290798E+01 -0.126197871347875E+00 -0.137070452038949E+01
  -0.351044395307847E+00 -0.289343091564977E+01  0.320400749360838E+01
   0.181953985120048E+01  0.264980921191309E+01  0.116934480294871E+01
  -0.470638644770620E+00 -0.617252582392855E+00  0.978257979210985E+00
  -0.281455584948443E+00  0.200536316498560E-01 -0.613143369998961E-01
   0.160992649659256E+01 -0.206366354478316E+01  0.356469088329917E+01
   0.102364958827336E+01 -0.506875656224096E+00  0.176472415392185E+01
   0.556798047129608E+00  0.251651467378683E+01  0.285335361056438E+01
   0.265848981148878E+01  0.336394986622694E+01 -0.907998019871856E-01
   0.140095456511571E+01  0.287007742151566E+01 -0.171809384201213E+01
   0.526778382180768E+00 -0.350012591350232E+01  0.281764083351518E+01
  -0.294428530570986E+01 -0.709400765152714E+00 -0.206917892270977E+01
  -0.128291466254491E+01 -0.282204466142457E+01 -0.249552382529479E+01
  -0.646778286553969E+00  0.132261581111157E+01 -0.232435625729009E+01
  -0.344604448940398E+00 -0.331507183347645E+01  0.206020661624739E+01
   0.341452712662589E+01 -0.273991356906666E+00  0.710462197781570E+00
   0.152064252955909E+01 -0.101953933151219E+00 -0.185214228344818E+01
  -0.387223107473610E+00  0.114398066433992E+01  0.154600447650457E+01
   0.232247513303300E+01 -0.155207945780421E+01  0.281156148483654E+00
  -0.339814641700341E+01  0.107152530518106E+01 -0.381357411050731E-01
   0.134602793270602E+01  0.185907421244376E+01 -0.204657215030437E+01
  -0.120127451129912E+01 -0.347735243908340E+01  0.278281293858113E+01
  -0.449777633254484E+00  0.303125470501609E+01 -0.109832584218241E+01
   0.573390407011817E+00 -0.331524679031187E+01  0.555267241526099E+00
  -0.279751606310806E+01  0.325920075574386E+01 -0.258488683288614E+01
   0.322094148548154E+00 -0.490269005601394E-01  0.277220647530137E+01
  -0.466056541099777E+00  0.205606985824339E+01 -0.823326113210721E+00
   0.326600668339157E+01  0.183735824229411E+01 -0.652749415236297E+00
   0.253890185322302E+01 -0.331300691444048E+01 -0.348583695608485E+01
   0.208173849855646E+01 -0.346752358421396E+01 -0.193085398243645E+01
  -0.333597385535181E+01  0.183198783046842E+00 -0.300956601357275E+01
   0.159262060897215E+01 -0.330646021234313E+01  0.175511948451908E+01
   0.117539096765582E+01 -0.235843683742404E+01 -0.251280459608760E+01
   0.145306658311046E+01 -0.261167799502968E+01  0.887716981020233E-01
   0.310386425955238E+01 -0.163647196413162E+01 -0.228833245792056E+01
  -0.315289533791477E+01 -0.830244428459945E+00 -0.159401264155182E+00
   0.151670899438500E+01  0.295782274106799E+01 -0.284265024189074E+01
  -0.226610613434261E+01 -0.310411971043323E+01 -0.218306071901112E+01
   0.631084553358581E+00 -0.230327458876986E+01 -0.156297025433819E+01
  -0.244410834182159E+01 -0.149226789660215E+01  0.305293811437357E+01
   0.107085556780587E+01 -0.254208264688944E+01  0.247223037943640E+01
   0.252566033905373E+01  0.496894677375992E+00  0.472202243548905E+00
   0.271707756148932E+01  0.253173802493953E+01  0.616775668160102E+00
   0.316023211348188E+01 -0.197724890838633E+01 -0.713785440684395E-01
   0.435226267851641E+00  0.230804236625537E+01 -0.107488399288696E+00
  -0.159438150630031E+01  0.320089212361690E+01 -0.238057775348738E+00
  -0.145098353464881E+01  0.131045795360338E+01 -0.284022800182411E+01
  -0.355645696548704E+01  0.206734349951403E+01 -0.352248475522373E+01
   0.178031488235574E+01 -0.132796051642882E+01  0.190390674608457E+01
  -0.261255314095537E+01 -0.308543975143175E+00  0.263968883128331E+01
  -0.250173715910818E+01  0.654353594387255E+00  0.257651760385179E+01
  -0.829486032050377E+00  0.828583511425773E+00  0.271725447600441E+01
   0.316700388952333E+01 -0.247656498245941E+01  0.298743105402253E+01
   0.239313785644503E+01  0.238413529022042E+00  0.332655959317772E+01
  -0.133154134536667E+01  0.184288231537025E+01  0.630280553708472E+00
   0.249044148612915E+01 -0.151589470098620E+01 -0.349334252731058E+01
   0.107384012182010E+01 -0.132753693294342E+01 -0.612646652410432E+00
  -0.234230552582745E+01 -0.282336502857452E+01 -0.394942500496502E+00
   0.261782907765775E+01  0.102384188936447E+01 -0.111736547777571E+01
  -0.945057388978710E+00 -0.141865695600535E+00  0.313778239257167E+01
   0.304693776788729E+01 -0.479002865903418E+00 -0.218408647144520E+01
   0.222349880629656E+01 -0.238204594883662E+01 -0.292091632127326E+01
  -0.913080715013005E-01 -0.294309817952262E+01 -0.245514809367807E+01
  -0.172442148324184E+01  0.213121962976970E+01  0.251297943624189E+01
   0.261099549391216E+01 -0.334525762433632E+01  0.172837554512636E+01
   0.153292728748045E+01  0.174023247716424E+01  0.198464799452989E+01
   0.150182603211250E+01  0.883636787766683E+00 -0.159968130122643E+01
  -0.236009097101504E+01  0.191608066276382E+01  0.960293975244670E+00
   0.212879745610739E+01 -0.821568685466514E+00 -0.118580074001059E+01
  -0.199213582706052E+01  0.188538345011835E+01 -0.614376975689964E+00
   0.176318555554980E+01  0.114885630832682E+01  0.314658268714305E+01
  -0.706597024029012E+00  0.383751703026579E+00 -0.121562813632135E+01
   0.127196471907227E+01  0.335851546976438E+01  0.330303749100875E+01
  -0.782225594419687E+00 -0.196713685089785E+01  0.435054794683566E+00
  -0.285739366071753E+01  0.224403570451801E+00  0.167594704633477E+01
  -0.912872729751705E+00  0.764019096880290E+00  0.745402604953966E+00
  -0.313400712465245E+01 -0.301559009671895E+01  0.246840801457274E+01
   0.930410159078062E+00  0.135262317689984E+01 -0.341413444680121E+01
  -0.717459285617586E-01  0.145694896939086E+01  0.417734981779124E+00
   0.221324995971035E+00  0.345791720754230E+01 -0.298793303622121E+01
  -0.194692874439217E+01 -0.314920465418097E+01 -0.326772458633545E+01
  -0.279021495828259E+01  0.121762021295266E+01 -0.909941128583756E+00
  -0.314849992007630E+01 -0.241692602412684E+01  0.101301019154974E+01
  -0.654593721060942E+00 -0.217863606238959E+01 -0.860473179921770E+00
   0.215506659945889E+00 -0.209256735016562E+01  0.511132492357146E+00
   0.329722571861335E+01  0.342514097371309E+01  0.776863100193718E+00
  -0.245968402673712E+00  0.168722045146948E+01  0.272327459246716E+01
  -0.283438257014648E+01  0.303121967530208E+01  0.231773747354647E+01
  -0.173300360914010E+01 -0.945234695164291E+00  0.355237332375689E+01
  -0.136747811405199E+01  0.128538285953013E+01  0.200196645566405E+01
  -0.306744242861994E+01 -0.301125390233665E+01 -0.109855992956773E+01
  -0.256500156770177E+01 -0.326435619313976E+01  0.654451064690504E+00
   0.311552641086776E+01 -0.202086269891720E+01  0.193231555015740E+01
  -0.120598096127939E+01 -0.235318806021627E+01  0.140427868889849E+01
   0.153263694529024E+01  0.320776747603774E-02  0.269389463057874E+01
  -0.240924539626472E+01  0.268650632401998E+01 -0.132701642618927E+01
   0.260588263145969E+01 -0.217996569370249E+01  0.105899620778175E+01
   0.193362358170962E+01  0.156051331367820E+01  0.968063752861521E+00
  -0.216530243621485E+01 -0.205109538853413E+01  0.104725383523504E+01
   0.741397176352535E+00  0.327642290643153E+01  0.192764166934265E+01
  -0.139458683452002E+01 -0.123855423453855E+01  0.103397648965197E+01
   0.606666217574269E+00 -0.171328569887823E+01 -0.354278638174375E+01
   0.242697669923363E+01  0.212991242295589E+01  0.246518277894813E+01
  -0.112448905361114E+01 -0.607142123916405E+00  0.213121056907611E+01
  -0.287654241202586E+01  0.302202063622757E+00 -0.166144810489960E+01
  -0.385871620721787E+00 -0.178535163088339E+01  0.169941132352997E+01
   0.338215185376789E+01  0.275763869043381E+01 -0.156975891721738E+01
   0.724643106981322E+00  0.105470292129839E+01  0.150699197616838E+01
  -0.230733950613694E+01 -0.132381867704985E+01  0.227490326937492E+00
  -0.170109726341238E+01 -0.263490324709422E+01 -0.134466886622918E+01
   0.168162565280645E+01  0.110522931669433E+01  0.840124419107576E-01
   0.345172404043029E+01 -0.146662535156521E+01  0.843566001487598E+00
   0.202617944440043E+01 -0.287732232405935E+01  0.288435345882467E+01
   0.284936828027667E+01  0.148672461885094E+01  0.166675741429259E+01
  -0.332064039752276E-01  0.102666237026796E+00  0.170402813731405E+01
   0.345327443755237E+01 -0.279032974714691E+01 -0.283629065035620E+01
   0.177468235312086E+01 -0.385632359504759E+00  0.274619236163477E+00
  -0.290703688741196E+01 -0.355437685385040E+01  0.350774833107925E+01
   0.239577082187329E+00  0.181111216273910E+00 -0.192823461216590E+01
  -0.154276474459663E+01 -0.891306688396238E-01  0.822399142828820E+00
  -0.727248418961463E+00 -0.136058800880822E+01  0.348753953570904E+01
  -0.146616905706962E+01  0.487677970325533E+00 -0.216511991252305E+01
   0.208236915665215E+01 -0.473176735906952E+00 -0.279680047839393E+01
  -0.185877848145946E+01 -0.370481269497577E+00 -0.375349948286020E+00
   0.164431186352945E+01  0.324632578021123E+01  0.279491117085684E+00
  -0.170316182389097E+01 -0.105710603412359E+01 -0.178288612511086E+01
  -0.586984996631291E+00 -0.106869416597748E+01 -0.191225789416477E+01
   0.263336423533813E+00  0.122136805468957E+01 -0.536093913058095E+00
   0.109999168859117E+01 -0.332108123854570E+01 -0.187396018960277E+01
  -0.376566102136702E-01 -0.888375295641716E+00 -0.139610424543569E+00
  -0.232832948218387E+01  0.248707737825158E+01  0.142028751817634E+00
   0.233640525845245E+01  0.322681094096428E+01  0.274927662353539E+01
  -0.703534884005783E+00  0.329390309087000E+01 -0.202621623446512E+01
  -0.198792049136167E+01  0.256580949477548E+01  0.163886672311792E+01
   0.266557378089255E+01  0.743693154859412E+00 -0.299397600112312E+01
   0.157076910971732E+01  0.245217786707962E+01  0.319239136900371E+01
  -0.169548079383214E+01 -0.189076682096391E+01 -0.557646427770797E+00
  -0.132397067956753E+01  0.515796542016362E+00 -0.239343613827783E+00
  -0.266125416763018E+01 -0.802217747843696E+00  0.141456481243045E+01
   0.144974888780279E+01 -0.142293061421357E+01 -0.291542870737228E+01
   0.336502645166126E+01 -0.277792439558176E+00  0.304841537578229E+01
   0.283357111587332E+01  0.147140620821083E+01  0.329030003453036E+01
  -0.121927425496116E+01  0.337699476566343E+01  0.146872723994842E+01
  -0.691015801242038E+00  0.539242561196917E+00 -0.285083971929965E+01
  -0.340747548003241E+00  0.299447488155737E+01  0.332204048133288E+01
  -0.221812500326932E+01 -0.132682471858193E+01 -0.264866063881696E+01
   0.126304744605541E+01  0.165733730731316E+01 -0.753666959056811E+00
   0.312638854643693E+01 -0.234423538162474E+01 -0.151391814621815E+01
  -0.236801606061958E+01  0.222363529863739E+01 -0.305148183066991E+01
  -0.506038149874739E+00 -0.204098382152935E+01 -0.196712162272065E+01
   0.150836455889783E+01 -0.234925629139757E+01 -0.889992597107506E+00
   0.569928051159198E+00 -0.285544882805929E+01  0.159097349203615E+01
   0.322829900641439E+01  0.716743869132350E+00 -0.200097906141027E+01
   0.808023720628634E+00  0.110436000575829E+01  0.253711936570694E+01
  -0.614696621290651E+00  0.305236786240427E+01  0.156440297037006E+00
   0.129237185309866E+00 -0.156829298820503E+01 -0.100069368397991E+01
   0.235754300085438E+01  0.172523345261160E+01 -0.360359826827706E+00
   0.336893644738395E+01 -0.467868854571795E+00  0.184565809607284E+01
  -0.250125459914781E+00  0.220786446216939E+01 -0.175951995376832E+01
   0.297861559469057E+01  0.147297095541979E+01  0.617668666370822E+00
   0.180025610280508E+01  0.743727863190670E+00 -0.258234643328405E+01
   0.599615659699944E+00 -0.597581959758536E+00 -0.241680515053501E+01
   0.120906518667034E+00  0.193790640775434E+01 -0.267093834778771E+01
  -0.305361051735942E+01  0.303144291175490E+01 -0.594079271372399E+00
  -0.318602349688499E+01 -0.123293589636038E+01  0.217533582007298E+01
  -0.226884698732222E+01 -0.310481097526906E+01  0.165507623321935E+01
  -0.406670428433030E-01 -0.882509359741553E+00  0.222141018985967E+01
  -0.951280383670019E+00 -0.322530131989438E+01 -0.745668497113892E+00
   0.761464722398441E+00 -0.288508863364259E+01 -0.345399348080086E+01
   0.442874241661688E+00 -0.257211365625536E+01 -0.430565587028571E+00
  -0.123425439414929E+01  0.253277135608946E+01 -0.163757363369616E+01
  -0.234644251529242E+01 -0.115866155040690E+01 -0.996522432683692E+00
   0.168943437697532E+01  0.295651081979295E+00 -0.673537764548196E+00
   0.482391309571074E+00 -0.684835779848998E+00 -0.351759413994251E+01
  -0.610581490950567E+00  0.257903915768480E+01 -0.278927581503246E+01
  -0.208869061944766E+01  0.298042708909879E+01  0.350017939480953E+01
  -0.193054527894498E+01 -0.140556653703735E+01  0.204946253331208E+01
  -0.206967490469182E+01  0.129973703027487E+00  0.356817262114199E+01
   0.225855088588137E+01  0.143933334499118E+01 -0.195945579912367E+01
   0.140276634317044E+01 -0.123778856752961E+01 -0.182646924625156E+01
  -0.143672203335833E+01  0.182788232258900E+01  0.340478539731814E+01
  -0.285457837281151E+01 -0.218352444640055E+01 -0.248722755680567E+01
   0.146862041300809E+01 -0.104801099688620E+01  0.302022360321890E+01
   0.236245624607410E+01 -0.310484030582964E+01  0.619310689944844E+00
   0.354719707553814E+01  0.243711942587467E+01  0.153271206131248E+01
   0.155713247995055E+01  0.221946790755512E+01  0.198104845833173E+00
   0.263523319184321E+01  0.454150296782012E-01 -0.126177414442828E+01
   0.405618310055225E+00  0.330234983580183E+01 -0.574976368029731E+00
   0.255305186468923E+01  0.243590230116746E+01  0.352925204359841E+01
   0.244980067936455E+01 -0.330915835399959E+00  0.231522858072719E+01
   0.655072025892555E+00 -0.169577109231835E+01  0.169827990666915E+01
   0.372979579253430E+00 -0.678976065269129E+00 -0.113137042805919E+01
   0.878470419733786E+00 -0.617855841951004E-01 -0.742581578912558E-01
   0.299866106348313E+00  0.487987090974660E+00 -0.330801738949086E+01
   0.312332219179630E+01  0.695949490667906E+00  0.228109505935521E+01
  -0.859692076279895E+00  0.207065351492793E+01  0.142046304895074E+01
  -0.166689372597729E+01 -0.210226544401441E+01  0.347684441418877E+01
  -0.226783861187054E+01  0.128095082894705E+01  0.225658023127204E+00
  -0.799722591029913E+00 -0.216673022572534E+01 -0.301492952252100E+01
  -0.157349398011304E+01  0.290519476269841E+01 -0.262219880109537E+01
   0.552596380528365E+00 -0.759037147969499E+00  0.614460740872184E+00
  -0.253284428984040E+01  0.166346312919374E+01  0.295693326855799E+01
   0.326062369988782E+01  0.163678946415528E+01 -0.240585131728937E+01
   0.352066074091988E+01  0.135453999269477E+00 -0.653149261934645E+00
   0.198215812822983E+01  0.811339693192224E+00  0.191546992785502E+01
  -0.240063090698890E+01  0.600602231832604E+00 -0.265530625019163E+01
  -0.168887823256121E+01  0.356070682164636E+01 -0.123423099778085E+01
   0.214744422433567E+01 -0.229158423481578E+01  0.187062215410882E+01
  -0.125386804430944E+01  0.140888500605802E+01 -0.132634260732012E+01
  -0.227302115781674E+01  0.138736427284346E+01 -0.186970079532466E+01
  -0.344612656836033E+01  0.212204707641864E+01  0.262276609052300E+01
   0.321789626482652E+01  0.311881539577095E+01  0.221988538407255E+01
  -0.111434928897572E+01 -0.243088117661461E+01  0.241329319234613E+01
  -0.333378025708072E+01  0.102674525838903E+01  0.102509835439961E+01
   0.323123303396568E+00  0.193507775489167E+01  0.186709778884919E+01
   0.346391144086318E+00 -0.157429643582023E+01 -0.245916622035149E+01
   0.341651523473628E+01  0.299437397435016E+01  0.336812017449588E+01
   0.329078293292290E+01 -0.122452838190296E+01 -0.141815203581018E+01
   0.516101254537802E+00  0.284829010596312E+01 -0.230494980775049E+01
   0.247032423107581E+01 -0.284402249201468E+01 -0.862992668727609E+00
   0.329894600180748E+01 -0.336353797379180E+01 -0.187836601864621E+01
  -0.160143309772507E+01 -0.311495369078587E+01  0.621860829829274E+00
  -0.305037366456997E+00 -0.780257982858089E+00 -0.283305647325556E+01
  -0.769510966172659E+00 -0.349721584625177E+01 -0.320902497834815E+01
   0.321860852235565E+01  0.320617941967054E+01 -0.276441915463874E+01
  -0.341457882828263E+01 -0.299767064103411E+01  0.221084136581718E-02
   0.182721729794937E+01  0.184708711104016E+01 -0.310615694230841E+01
   0.143583517290214E+01  0.349416083350312E+00  0.986262614794278E+00
  -0.276195028236999E+01 -0.237415292963993E+01  0.353550540717630E+01
   0.519613295554273E-01 -0.220529605000470E+01  0.251610873264040E+01
   0.255711091637827E+01 -0.138350692846990E+01  0.266707264464611E+01
  -0.264549812460527E+01 -0.525808882455308E-01  0.653532944150661E+00
  -0.214050151278186E+01 -0.278258546327607E+01  0.264387332688706E+01
   0.255708029029197E+01 -0.110407132091833E+01  0.120170952116852E+01
   0.126873331571263E+01 -0.170293205720744E+01  0.787770955562841E+00
   0.213593947462243E+01 -0.194108271503411E+01 -0.184326629037435E+01
   0.779166469403471E+00  0.848117240823210E+00 -0.243937315080113E+01
   0.171518541993084E+00  0.132893431890465E+01 -0.156205441379134E+01
  -0.336106884784517E+01  0.211500343956653E+01  0.605456369764781E+00
  -0.546403377740362E+00  0.139436120851284E+01 -0.341266042035728E+01
   0.120830998056933E+01  0.965644586554004E-01 -0.312167458308296E+01
  -0.276214050881480E+01 -0.215484045581500E+01  0.201122188798763E+01
  -0.202291295553602E+01  0.882635548809789E+00  0.116258160057887E+01
  -0.283661116758902E+01  0.149325398003851E+01  0.188550619554435E+01
   0.665275235016559E+00  0.209032357444094E+01  0.821237525092996E+00
   0.224825205933040E+01 -0.162312225551269E+00  0.134292517781398E+01
   0.214061519845490E+01  0.243367453282333E+01 -0.109749863205493E+01
   0.847247846197591E-02 -0.308376999202923E+01 -0.130530663551297E+01
   0.436300867476582E+00  0.463775837042799E+00  0.597953972689872E+00
  -0.187238384797259E+01  0.102574201159965E+00  0.188355113435719E+01
   0.271328754731197E+01 -0.646559379358127E+00 -0.135272584509299E-01
   0.572550928679378E+00  0.235487341796006E+01 -0.117068271304061E+01
   0.220472917623441E+01  0.258768520089923E+01 -0.217710580994525E+01
% -0.660894608013120E+00 -0.489416518377585E+00  0.673071839323620E+00
% -0.982944705318490E+00  0.115177493523307E+00  0.112564293593873E+01
%  0.167230069375511E+01 -0.128364710481490E+00 -0.190447450971109E+00
%  0.865789309281519E-01 -0.838825210998767E+00  0.138694597981195E+00
% -0.116163494018075E+01  0.375378087692630E-01  0.945698711559177E+00
% -0.119828747696744E+01 -0.101425466267683E+01  0.113688938343771E+01
% -0.181171060265930E+00  0.491966033610014E-01  0.106540604537834E+00
%  0.184184562845281E+01  0.528283023232026E+00 -0.751980122200834E+00
% -0.248738107463285E+00 -0.155689672469986E+01 -0.170036644152356E+00
%  0.759479617977106E+00  0.145881425421362E+01  0.475889853886584E+00
% -0.910578341578427E-01 -0.470292602611328E+00  0.664096413540788E+00
% -0.237854234513137E+01 -0.122154225755177E+01 -0.125450001273586E+01
%  0.915864975798414E+00 -0.911806910550992E+00 -0.581261049968859E+00
%  0.102080568722122E+01 -0.145770609535541E+01  0.126694988393230E+01
% -0.102948421976903E+00 -0.559041331321801E+00  0.113431240987059E+01
%  0.630055246618459E+00  0.225151031327168E+01  0.302696191687486E-01
% -0.294214167327825E+00  0.120699663372777E+00 -0.152466690905240E+01
% -0.311780419999002E+01  0.112524280886893E+01 -0.103948693528033E+00
%  0.114104572177997E+01  0.247748792062495E+00  0.770837835046539E+00
%  0.136919437129142E+00 -0.370969173851343E-01 -0.719871131500193E+00
% -0.562572230169137E+00  0.804454169969335E+00 -0.112875127821224E+01
%  0.454289780896631E+00 -0.832450439469275E+00  0.390620491103058E+00
% -0.712216994859957E+00  0.457166685261588E+00  0.120619345026566E+01
%  0.435934574402549E+00  0.978508648878153E+00 -0.799713180646589E+00
% -0.879651324004499E+00  0.764313523415258E+00  0.130906415163317E+01
% -0.331942022219936E-01  0.768395498827457E-01  0.155826089573986E+01
% -0.139594587162713E+01 -0.181499550712603E+01 -0.348560272977124E+00
% -0.776743358457240E+00  0.644608071920579E+00  0.192123005042548E+01
% -0.461068532827768E+00  0.814387085130494E+00 -0.107642964249658E+01
% -0.387626624177077E+00 -0.146270808104060E+01 -0.640594010349671E-01
%  0.329150301274059E+00 -0.512029883979078E+00  0.504622695641675E+00
% -0.147727395029910E+00  0.388790569997966E+00  0.169541158162294E+01
%  0.394006352581504E+00 -0.172089190945161E+01  0.867240433090749E+00
% -0.816617239372809E+00  0.823327178569672E-01  0.803653427857790E+00
%  0.505877716145727E+00  0.527609531137132E+00 -0.861753083328916E+00
% -0.169377710536999E+01  0.248399403683392E+00 -0.178111514898609E+00
%  0.248113799558059E+00 -0.101851358256417E+00  0.533938458751784E+00
% -0.133236391587111E+01  0.141675265721945E+01 -0.730658449563471E+00
% -0.989338912297493E+00 -0.146783543234170E+01 -0.646946301648848E+00
% -0.408830911034304E+00  0.855384976444500E+00  0.729934142042723E+00
% -0.404286373192742E+00 -0.105432610382529E+01 -0.973135887678581E+00
% -0.172093098732043E+00  0.121354559819078E+01  0.442889847996173E+00
%  0.120908054790205E+01 -0.117926803398262E+00  0.704751560008188E+00
%  0.443548953137350E+00  0.112338588589647E+01 -0.973588682293001E+00
%  0.241150776541479E-01  0.936826745596990E+00  0.633276715321600E+00
%  0.694487294846974E+00  0.137512824607750E+01 -0.286253318266629E+00
% -0.109124154355440E+00 -0.187906937302743E+01  0.105057610875430E+01
%  0.171217306682785E+01  0.614823735639185E+00  0.163450673208152E+01
% -0.150381204718294E+01 -0.344073409518814E+00 -0.544327930569170E+00
%  0.189296780521473E+01  0.648729660507631E+00  0.182897082745215E+00
% -0.584494440322343E+00 -0.649164255151645E+00  0.337116301984112E-01
%  0.315198508711399E+00  0.686279601455632E+00 -0.910796030802782E+00
%  0.190156061976095E+00 -0.523648425804977E+00  0.264847604963776E+01
%  0.142133166745926E+01  0.216539434251539E+00  0.721547871493009E+00
% -0.171710096834192E+01 -0.778386797945215E+00 -0.276300606050695E+01
% -0.146685812496602E+01  0.160910139193268E+00  0.416717706781368E+00
%  0.116630723354002E+01 -0.301894839474666E+00  0.873400080798164E+00
% -0.118833913698879E+01 -0.212084052641973E+00 -0.130177633812532E+00
%  0.360057575994423E+00 -0.112522707803618E+01  0.211276337307020E+01
%  0.818529600264687E+00 -0.479738216229462E+00  0.228348012252963E-01
% -0.635132052557459E+00 -0.254539941922891E+00  0.378099868329956E+00
%  0.148326773717806E+00 -0.136156113480397E+01 -0.544177568423429E+00
%  0.351464329298873E+00 -0.147588804271069E+01 -0.257018902661545E+01
%  0.436832415225525E+00 -0.190348926852105E+01 -0.426675333526114E+00
%  0.102740965705898E+01 -0.509849349150891E-01 -0.268873006752154E+00
%  0.849694979464735E+00  0.150474498947132E+01 -0.400437524935451E+00
%  0.266883512721348E+00 -0.211226623764422E+00  0.153862053539836E+00
% -0.111258016711782E+01  0.760067261630891E+00 -0.375724219435995E+00
% -0.438286377980681E+00 -0.182034643726603E+01 -0.163998207093587E+01
% -0.235494685257743E+00 -0.971223443149162E-01  0.102480131405526E+01
%  0.124410418112873E+01 -0.835274848684409E-01 -0.643711581999082E+00
%  0.557827204557999E+00  0.105319120864866E+01 -0.347459150164880E+00
% -0.614539061647475E+00  0.125538040543385E+01 -0.185664008509372E+01
%  0.138646436918978E+01  0.515652897767466E+00  0.183225360773743E+01
%  0.649371959310005E+00  0.227550930197445E+01  0.360208466230230E+00
%  0.770987049825323E-01  0.325933939858099E+00 -0.833513520352200E+00
%  0.153493003573195E+00 -0.837736096925742E+00 -0.287712757686546E-01
%  0.376104552778516E+00  0.474060642019427E+00 -0.684099224445485E+00
% -0.181965504418992E+01 -0.417186438187034E+00  0.173281026254349E+01
%  0.346240818846763E+00 -0.367516854963892E+00  0.164745453703467E+01
% -0.122661574210433E+00 -0.541107561647645E+00 -0.145396904960921E+01
% -0.997689976200315E+00 -0.175395265114840E+00  0.159011184156792E+01
% -0.213130875740524E+00  0.270753374201573E+00 -0.750018481432836E+00
% -0.282460014512961E+00  0.506656194527891E+00  0.293787327287483E+00
%  0.320775981737567E+00  0.125129678557963E+00 -0.624788138373600E+00
%  0.614489960373988E+00 -0.394851975131269E+00 -0.127357749704716E+01
% -0.593829485866781E+00 -0.205553010475282E+01 -0.644497674519538E-01
%  0.133545234768776E+01 -0.793054816273945E+00  0.336086910191746E+00
% -0.646676783165789E+00  0.102208210144218E+01 -0.261794834021344E-01
%  0.229551405070235E+00  0.684634353538646E+00 -0.127277411209331E+01
% -0.130930436850632E+01 -0.138168868123106E+01 -0.129801132602905E+01
% -0.656922847674123E+00  0.567393195730157E+00  0.930188956667080E-02
% -0.188198954700199E+01 -0.233938387354696E+01 -0.111320115539750E+01
% -0.193385446757809E+00  0.489041546526286E-01 -0.217756131508859E+00
%  0.154748776596379E+01  0.162595744200077E+01  0.585329351017391E+00
% -0.846944589015861E+00  0.459991409490278E+00  0.101019022899029E+00
%  0.951887405815685E-01 -0.829135306223095E+00  0.125414246773676E+01
%  0.109629331236020E+01  0.104568895507044E+01 -0.102436320713055E+01
% -0.141477544554575E+01 -0.133035523684353E+01 -0.477441981283643E+00
%  0.109383848066558E+01  0.279702062674912E+00 -0.162041641168033E+00
% -0.307418874233961E+01  0.718793008121316E+00  0.326827230391945E+00
%  0.194314046482465E+00 -0.117379256586815E+01 -0.106677147808040E+01
%  0.162450192547137E+01  0.433015991615692E+00  0.107083915464912E+01
%  0.520070488496813E+00  0.590123145816672E+00  0.933293461018347E+00
% -0.109541784733099E+01  0.377358638512175E+00  0.668916602349115E+00
%  0.253034246273662E+00  0.185337735921629E+01  0.125599557176276E+01
% -0.126045582401366E+00  0.976456643212727E+00 -0.368849101492565E+00
%  0.175106769455884E+01  0.779658502558819E+00 -0.359705301001109E+00
% -0.115321023925649E+01  0.495134407390024E+00  0.167094919688062E+01
% -0.144229911370292E+00 -0.633312838837281E+00 -0.369668200900759E+00
% -0.145589976974923E+01 -0.867904932677909E+00  0.101942236054258E+01
%  0.615995436626590E+00  0.773738812752138E+00 -0.100022902754915E+01
%  0.276354250537900E+01 -0.704766850260494E+00  0.212873124438395E+01
% -0.743585070714291E+00 -0.680212108031680E+00  0.255738346385706E+01
% -0.596427928023802E+00 -0.183589771327866E+01 -0.163382680686784E+01
%  0.112109837071395E+00  0.515491342984876E+00 -0.528249377850951E+00
%  0.378911280442171E+00 -0.103729208123323E+01 -0.379469538758244E+00
%  0.798816764140728E+00  0.114708029435129E+01  0.975596263697685E+00
%  0.675463341212888E+00  0.209727879924730E+01 -0.102286951493913E+00
% -0.823815996366134E+00 -0.145651821057296E+00  0.116241311256761E+01
% -0.648538745494836E+00 -0.138137886721317E-01  0.104954497961957E+00
%  0.657048640260181E+00 -0.154204102295333E+01 -0.374765669396310E+00
% -0.225869335321768E+01 -0.218520454215951E+01  0.120660646075133E+01
%  0.155932633548140E-01 -0.330638669048478E+00 -0.200349177244454E+01
%  0.872328511903620E+00 -0.133483307511946E+01 -0.729025395255306E-01
%  0.134282624238165E+00  0.973166236546820E+00 -0.149162176212433E+01
% -0.467049039939359E-01  0.514229474202278E+00  0.187994984132329E+01
% -0.103263300411810E+01 -0.561869097920039E+00 -0.184723729966103E-01
% -0.231432360849898E+00  0.856055226952488E+00  0.106657910091255E+01
% -0.108435703952942E+00  0.132460282261941E+01  0.730822089033812E+00
% -0.129107225960721E+01  0.121918749311931E+01 -0.209416118060961E+01
%  0.696088028587850E+00 -0.173242930081617E+01  0.175416267163872E+00
%  0.190918353195144E+01  0.102169924509783E+01 -0.225355366116381E+00
%  0.197042140975463E+01 -0.153547630332498E+01  0.998171657623351E+00
%  0.476421275639743E+00 -0.662334483396368E+00 -0.505240616321688E+00
% -0.690162695848775E+00 -0.111889356164591E+01 -0.437485152658996E+00
%  0.231188696076662E+01 -0.117232215709305E+01  0.155013361738605E+01
%  0.288140621619488E+00  0.662216021896016E+00  0.135491941270588E+01
% -0.261588825272267E+00 -0.377233420136889E-01 -0.105119039128348E+01
% -0.138521485970267E+01 -0.105891937908648E+01 -0.104276164257352E+01
%  0.286839906979769E+00 -0.559893813063528E+00  0.444884102311606E+00
% -0.234188742323047E+00  0.170255953841604E+01  0.114862915754471E+01
% -0.179366872331077E+00 -0.172673742565359E+00  0.204360285609999E+00
% -0.135215268906175E+01 -0.103652635283739E+01 -0.448602655981685E+00
% -0.970756809639355E+00  0.550600322947779E+00 -0.957261932626114E+00
% -0.251422009718877E+00  0.118702791825017E+01 -0.890737052364633E-02
%  0.570480856965287E+00 -0.168099611387171E+01 -0.811837548135503E+00
% -0.148036606248955E+01 -0.459040503000943E+00  0.406500356293662E+00
%  0.179022933051187E+01  0.121239953284777E+01 -0.184252176148163E+01
% -0.659211445872512E+00  0.687379637576584E+00  0.233503340944815E+01
% -0.358164501271492E+00 -0.146977569245921E+01  0.619978413342404E+00
% -0.229260590269871E+01  0.225573065122957E+01 -0.369445678276676E+00
%  0.136016328264565E+01 -0.113796721908586E+01  0.567446925980000E+00
%  0.100569814010079E+00 -0.789514603520083E+00  0.361480807360109E+00
% -0.117115280182924E+01 -0.591672861360074E+00 -0.193363654446825E+01
%  0.139962159898381E+01  0.882106565183629E+00 -0.123984572698251E+01
% -0.140539207329212E+01  0.132534784585626E+00 -0.522210291906242E+00
% -0.185423696038150E+01 -0.473602377870131E-01 -0.124068815596160E+01
%  0.783296788972211E+00  0.312506459293346E+00 -0.537600284396993E+00
%  0.520940575447837E+00 -0.626561864967151E+00 -0.440358326559016E+00
% -0.155443304784733E+01 -0.464654508982920E+00  0.136258278655636E+00
% -0.375737286208640E+00 -0.198584045899524E+00 -0.104605810157350E+01
%  0.113114938534506E+00  0.256375526217053E+00 -0.126796089739126E+01
% -0.807860180511428E+00  0.138981784482711E+01 -0.636589392602515E-01
% -0.484406374660376E+00  0.178202533116144E+01 -0.131843911121951E+01
%  0.991655224077841E-03  0.254070664484985E+00 -0.581680811257793E+00
% -0.119390536595980E+01  0.119741207145235E+01 -0.438316078568707E+00
%  0.118802625780171E+01  0.946709012706927E-02  0.536681378018045E+00
% -0.792805177545757E-01  0.887902108147430E+00  0.143713500651742E+00
% -0.100745495216999E+01 -0.708740189417643E-01 -0.248623650217361E+00
%  0.898762726336612E+00  0.776480755891976E+00  0.321210323927156E+00
%  0.242757240070125E+01  0.103301978678071E+01 -0.823917776859009E+00
%  0.113737492162867E+01 -0.128417537187989E+01 -0.670518460274667E+00
% -0.574318307731008E+00  0.938685533829764E+00  0.186581288461623E+01
% -0.111560366171879E+01  0.221951584105555E+00 -0.200142997413600E+01
%  0.115018472977587E+01 -0.183443503321751E+01 -0.571827202820843E+00
%  0.130928960406494E+01 -0.967970306740493E+00 -0.147364023735529E+00
%  0.446534763761987E+00 -0.157100940948102E+01 -0.672363925070681E+00
% -0.163318075600130E+01  0.989749259146879E+00  0.513124778843733E+00
% -0.137003716681122E+00  0.236183486496432E+01  0.104084915447296E+01
%  0.390422414225180E+00 -0.208237326474223E+00  0.739312697862397E-01
%  0.144693263387947E+00  0.906650954502762E+00 -0.828766489012673E+00
% -0.997408210631820E+00 -0.585827359424261E+00 -0.132990105918140E+01
% -0.628739872230564E+00  0.271400803254798E+00  0.149263016108936E+01
%  0.133280738198164E+01  0.127704010457667E+00 -0.207212482513356E+01
%  0.552161399419378E+00  0.633221709773688E+00  0.475007071576818E+00
% -0.116968616215063E+01  0.361437981709256E+00 -0.170475508351456E+01
%  0.626258132646483E+00 -0.104726558005943E+01  0.560732357264306E+00
% -0.124263436806331E+01  0.101629415313311E+01 -0.134753495064109E+01
%  0.967242977909850E+00  0.580139291400561E+00  0.241498806475686E+00
% -0.553140823528753E-01  0.134931333316976E+01 -0.369255636479196E+00
% -0.225659757524348E+01  0.691702570487084E-01  0.109189824008588E+01
%  0.352436399088240E+00 -0.252455272671314E+01 -0.873389456824427E+00
% -0.543435064137596E+00 -0.811912920552247E+00 -0.450925821686224E+00
%  0.452988833561755E+00  0.214224532713180E+01 -0.292519131302588E+00
%  0.408897463899054E+00 -0.817993624774469E+00  0.629437839641971E-01
% -0.348295309460089E+00  0.120550619485416E+01  0.124932685870900E+01
%  0.419544603025699E+00  0.264930771423347E+00 -0.237258525394411E+00
%  0.263518970854935E+01 -0.176961750325912E+00  0.144196715709402E+00
% -0.188390889535179E+00 -0.198664166774043E+01 -0.774897613150527E+00
%  0.143311616681252E+00 -0.309360213886046E+00 -0.322628284310037E+00
%  0.108113862764768E+01  0.782059100794827E+00 -0.161197826788983E+01
% -0.113801644981090E-01 -0.875968084448996E+00  0.137746887817113E+01
%  0.535201377632371E+00 -0.653170001579299E+00 -0.989583222179501E-01
%  0.836579803143314E+00  0.117546399951678E+00 -0.413227441201654E+00
% -0.124319217169758E+01  0.185093253109049E+01  0.116761036957743E+01
%  0.128849898324462E+01 -0.419978934815221E+00 -0.148098415504612E+01
% -0.391679114474616E+00  0.218880688635833E+01 -0.470388808288523E+00
%  0.565138134966522E+00  0.456638025103860E+00  0.929116240337465E+00
%  0.582475236844207E+00 -0.590384281138304E+00  0.789613229935899E+00
%  0.813527667000851E+00 -0.803638385249664E+00 -0.789332143611217E+00
% -0.206414891687215E+01  0.152492432262089E+01 -0.162848175862394E+00
%  0.250617835600788E+01 -0.188339854776140E+01  0.435087110822075E+00
% -0.240014655045042E+01 -0.157010102325611E+01 -0.686033843091547E+00
% -0.186415632318544E-01 -0.943561630262636E+00 -0.102609296142011E+01
%  0.168711453691227E+01 -0.106021971172390E+01 -0.816117653774612E+00
%  0.115188077184514E+00  0.288461839180777E+00 -0.489103046706710E+00
% -0.529610848854076E+00  0.105692607156687E+01 -0.100292281411682E+00
%  0.139720450526452E+01  0.105187718445080E+01 -0.175926062371470E+00
% -0.254378785972295E+00  0.418028174676692E+00  0.167537396280250E+01
%  0.769093930934801E+00  0.134247090865073E+01  0.196376749150761E+01
%  0.398736440809185E-01  0.129250051128304E+01 -0.440125599651075E+00
%  0.228857691575956E+00 -0.361206117999439E+00 -0.952897433469431E+00
%  0.136698066835604E+01 -0.513204390534339E-01  0.112572188799457E+01
%  0.900837417073908E+00 -0.238133490489210E+00  0.350595676470023E+00
% -0.117908808749985E+01 -0.225756416753711E+00  0.122259188708650E+01
%  0.162250959505222E+01 -0.504986214759092E+00  0.163512348086304E+01
% -0.890857566747771E+00 -0.979188285698468E-01  0.900700724987832E-01
% -0.115446256353791E+01 -0.403142257064597E+00  0.373105757838646E+00
% -0.159234636548195E+01 -0.170460179985262E+00  0.599475414099565E+00
% -0.176175858384171E+00 -0.164197537881087E+00 -0.135205602537828E+01
%  0.619587601883840E+00  0.165749792660893E+01 -0.845061479022959E+00
% -0.364523516071486E+00 -0.670800028534343E+00 -0.156970981940343E+01
%  0.178177759582928E+01 -0.666937886067500E+00 -0.545901113934018E+00
%  0.898584502998870E-01  0.137647643801797E+00  0.130903925515647E+00
% -0.150870574968997E+01  0.746510085025875E+00 -0.605560951298468E+00
% -0.833218928568974E+00  0.152422283757349E+01  0.120271433482756E+01
%  0.472056476563333E+00 -0.955812174512371E+00  0.145557717851950E+01
% -0.294924168354577E+00 -0.117872901827008E+01 -0.244526373307169E+01
%  0.109487213820151E+01 -0.331566993661340E+00 -0.658824665038825E+00
%  0.768796820737161E+00 -0.306784937904673E+00 -0.102596518021150E+01
%  0.140272078602476E+01 -0.821096738287409E+00  0.198426795187399E+01
%  0.116956497779401E+01  0.990823991247011E-01  0.172269024134006E+01
%  0.163065358482149E+01  0.581723858332816E+00 -0.138525253177147E+01
%  0.327446754890554E+00 -0.205295267920149E+01 -0.359613908305107E+00
%  0.125570184423326E+01  0.169918826115906E+01 -0.396577318893553E+00
%  0.600529513151909E+00  0.145949982114308E+00  0.698703859585263E+00
% -0.120816170669580E+01 -0.123396874999836E+01  0.292735947400263E+00
% -0.369084987164805E+00 -0.153542015041439E+01  0.836920086492140E+00
%  0.421674339336493E+00  0.571940096224254E+00  0.144962480734787E+01
% -0.148765770806632E+01  0.448399992340783E+00 -0.319149028107788E+00
%  0.388826724573983E+00 -0.360330415831926E+00 -0.848769116324516E+00
%  0.493981812214033E+00  0.246691645817995E+01  0.141843960642278E+01
%  0.105807238114748E+01  0.408079019836048E+00 -0.218293423954380E+00
% -0.178136344935862E+01  0.102140446370385E+01 -0.628073632210884E-01
% -0.165078835535238E+00  0.785472659971105E+00 -0.189576920742364E+00
%  0.470692878106533E+01 -0.889758148626765E+01  0.185712516419967E+02
%  0.104734216934259E+02  0.173781590358524E+02  0.307218131132077E+02
% -0.884445290867827E+01  0.452361171531818E+01 -0.108341669850490E+01
% -0.213153687399876E+01  0.123459194282996E+02 -0.762554367400918E+01
%  0.277954371765755E+01  0.636733987509027E+00 -0.296108425560243E+00
% -0.556163595341679E+01  0.627496388696664E+00  0.113805665549218E+02
% -0.207384029267050E+01  0.828880450266133E+00 -0.413172124850610E+00
% -0.207719016742669E+02  0.628668887035196E+02  0.401100058553911E+01
% -0.255191406936433E+02 -0.393688812896431E+02 -0.863500956093723E+02
% -0.169753990822452E+01  0.171872362491387E+01 -0.644400802078122E+00
% -0.312275811452638E+01 -0.317474667925970E+00 -0.316417568736940E+01
%  0.451386929549208E+01 -0.613690438314629E+01 -0.178866384454457E+02
% -0.331503652524140E+02  0.280296824991718E+01  0.265117555999837E+02
% -0.685286496135503E+02  0.355658890525049E+02 -0.143374334977418E+02
% -0.118014789585317E+01 -0.200085051029946E+01  0.159319973389429E+01
% -0.120161238758131E+02 -0.282064391454759E+02  0.304043701954700E+02
%  0.395075187265424E+02  0.480696187977691E+02  0.725592758894957E+02
%  0.120783947533413E+01  0.389326319090820E+01  0.429446076807357E+01
%  0.867908239205299E+00  0.552101724482045E+00  0.539637530175412E+01
% -0.949065030227360E+00 -0.159020778175014E+02 -0.575044403007735E+01
%  0.123476754875747E+02 -0.300523012495078E+01  0.101961168696083E+02
% -0.312427623816795E+02  0.109167497138078E+01 -0.257470612330472E+01
%  0.279481453237562E-01 -0.226213932733164E+01  0.387116352899195E-01
% -0.237477799480884E+02  0.573983418783159E+01 -0.529049982426594E+01
% -0.231320924080034E+01 -0.170043758254720E+01  0.321220630628991E+01
%  0.219933747312872E+01  0.111981096739641E+02  0.182737246284371E+02
%  0.251059186215303E+01  0.163688063925978E+01 -0.395863715911804E+01
% -0.497409613249433E+01 -0.105227994525166E+02 -0.637089789785873E+01
%  0.341012710495564E+01  0.980644422604664E+01  0.104569102476581E+01
% -0.786990814327936E+01 -0.240242552851114E+02  0.432161027432119E+02
%  0.457639862734191E+02  0.846949629716408E+01 -0.151001997754593E+02
%  0.920035808859583E+01 -0.728265740667994E+01  0.109964406082605E+02
%  0.308765437621480E+02  0.240385639870462E+00 -0.213762579477174E+01
% -0.594232153482801E+01 -0.184749456514182E+01  0.146683693525914E+01
% -0.555669571422175E+01  0.792065295280093E+01  0.474850207032004E+00
% -0.148969321940282E+01 -0.573069072805356E+01  0.679823403530588E+00
% -0.585190754678857E+00 -0.641702365072827E+01  0.181350016394674E+02
% -0.606352815827520E+01 -0.933043033567914E+01 -0.405824217835051E+02
% -0.837660293818166E+01  0.562705765091375E+01 -0.938707913220707E+00
% -0.926509787028166E+01  0.360841295267935E+01 -0.832189821203101E+01
%  0.150655463934465E+01  0.588408014217636E+01  0.753709686389543E+01
%  0.790008149414369E+01  0.574627405661931E+01 -0.774182713984141E+01
% -0.116033974441018E+02  0.126975707511838E+01 -0.161581148771342E+02
%  0.662313195665288E+01  0.119966323703735E+01  0.567191885076353E+01
% -0.132969481481304E+01 -0.476804330660058E+01 -0.461496090588894E+00
%  0.571074539308471E+00 -0.675096026676538E+01 -0.244086593509773E+01
%  0.175875076828018E+02 -0.122439326434246E+02 -0.922855885507544E+01
% -0.812942678080210E+01  0.431574781662336E+01 -0.299467276998714E+02
% -0.669392774275560E+01 -0.527135616521042E+00  0.323367386966945E+01
% -0.549239238976056E+02  0.214731490041173E+01 -0.197070804234891E+02
%  0.187242524634050E+02 -0.252411392796052E+02  0.346240115057525E+02
% -0.104368329657007E+02  0.120588927581373E+02  0.130137831412333E+01
% -0.530052823396019E+01 -0.454863985986250E+02  0.130669687243486E+01
%  0.680756371364429E+01  0.415491117650096E+02  0.317977088752289E+01
%  0.699548354445478E+01 -0.129897958923287E+02  0.134239858189868E+02
% -0.324807858277383E+01 -0.146981812695792E+00  0.129707985239020E+01
% -0.441426265483910E+01 -0.929499919029418E+01 -0.148901382137148E+02
% -0.292169078927019E+02 -0.173686242056346E+02 -0.523592710080679E+02
%  0.573904346537869E+01  0.729593844753683E+01  0.228284496950676E+02
%  0.102626171840438E+02  0.324223883372094E+00  0.559880260601192E+01
%  0.133203201248418E+02 -0.646992696395558E+00  0.110551014885822E+02
%  0.509516281658999E+01  0.154203345412410E+02  0.201023073869416E+02
%  0.158036541234857E+01 -0.655741974528300E+01  0.653298933008186E+00
% -0.182600568869346E-01  0.414743805448401E+01 -0.101510296255895E+01
%  0.320597986477964E+02 -0.197650126447993E+02  0.392206748252474E+02
% -0.116524234425015E+02  0.306522821041590E+02  0.218069767453097E+02
%  0.149943115250708E+01  0.143798941737364E+02 -0.139849862418290E+02
%  0.103940862467079E+02  0.847811549525393E+01 -0.601314285575434E+01
% -0.924967082335281E+01  0.117979849272613E+02  0.836365225265902E-01
% -0.185342353317325E+02  0.482943620398295E+01  0.267776474316555E+02
% -0.126777726814100E+02 -0.479696393734211E+01  0.385604018075522E+02
% -0.474808136972088E+01 -0.154419417736944E+02  0.689502413505302E+01
%  0.105685912234433E+02 -0.210604375562552E+01 -0.149139763185878E+02
%  0.904696637009188E+01 -0.106542719045523E+01 -0.825770237176200E+01
%  0.278813209036697E+00  0.186246795754897E+01 -0.159158777623567E+01
%  0.462448969930309E+02  0.237394538731718E+02  0.411387624496403E+02
% -0.210563662040478E+02  0.311338808531197E+01 -0.318852039365907E+01
% -0.236269594462400E+02  0.627925270787744E+01 -0.607514413727614E+01
% -0.188905452542846E+01  0.790238257290512E+00 -0.721216260359212E+01
% -0.149965910640010E+02 -0.128348155497039E+02  0.310749992927943E+01
% -0.106693076790651E+02  0.393783621109261E+01  0.335632621282415E+01
% -0.119490561781498E+02 -0.321714406044797E+01  0.105923209414632E+02
%  0.859508149871914E+01 -0.727788750367783E+01 -0.519405758517384E+02
% -0.479905319192871E+00  0.662843785993702E+00 -0.427664454586131E+01
% -0.199473846952213E+01 -0.293177950550490E+01 -0.222447218396720E+01
% -0.118149251799614E+02 -0.316750486890323E+01 -0.367891340592698E+00
% -0.142813950482437E+02 -0.138086543174518E+02  0.293818926645073E+01
%  0.226514764149967E+02  0.631851311747911E+00  0.746868994608396E+01
%  0.804700466780345E+01  0.237572558612906E+01  0.733952794400200E+01
%  0.280517852893307E+01  0.775442244445099E+01  0.229362992515316E+01
%  0.246595737960256E+01 -0.703406963023046E+00 -0.518129283706839E+00
% -0.102317572686447E+02 -0.161662843417660E+02 -0.187371819420656E+02
% -0.151092389900155E+02  0.123540896851221E+01 -0.190439200196695E+02
% -0.997750965190184E+01 -0.448699018312477E+01 -0.114979824368517E+02
% -0.351112076501773E+02 -0.303047268907668E+01 -0.979909270118339E+01
%  0.315781249067446E+02  0.937820063549753E+01  0.114642253915085E+02
% -0.794860348355587E+01 -0.706435908420199E+01 -0.175635587622641E+02
% -0.126842952617575E+02  0.760824702468211E+01  0.363491349811306E+00
%  0.100326523253319E+02 -0.446401322450302E+01 -0.904127993878931E+01
%  0.326294266062968E+02  0.268092366157770E+01 -0.646304722391963E+02
%  0.442416945351979E+01  0.286415274926681E+00  0.145819846197114E+02
%  0.309037037421270E+01  0.750485702634316E+00  0.163160517960317E+01
% -0.300272273499117E+01 -0.215520850912591E+02 -0.215906527469743E+02
% -0.234652625289716E+01  0.733720220688688E+00  0.315181165006723E+01
% -0.742722231559383E+01 -0.124335816593337E+02 -0.274657807605020E+01
%  0.404125758497489E+01  0.217028559442497E+01  0.217815376337508E+01
%  0.509743057696818E+01 -0.527272576802151E+01 -0.232927775092203E+01
% -0.272900990213781E+01  0.566735394787070E+01  0.834130690841193E+00
% -0.117863754647546E+02  0.106138300418629E+02 -0.147308100691762E+02
% -0.704011294668592E+00 -0.495538671107107E+01  0.103077524738662E+01
%  0.635357272644433E+01 -0.106809609384140E+02 -0.175932285877573E+02
%  0.761852015380022E+01  0.136414141469915E+00  0.313684056069181E+01
%  0.173066876839603E+01  0.459894500280748E+02 -0.841294669677938E+01
% -0.156732251790330E+02 -0.192546289113858E+02 -0.744504286261147E+00
%  0.123852731974022E+02  0.193128607551340E+01 -0.735157539923840E+00
% -0.514575905407421E+01  0.681971586833470E+01 -0.107463640075084E+02
% -0.149981936216852E+01  0.104140914709450E+02 -0.224847207968692E+01
%  0.289646336514516E+01  0.213226222092915E+01 -0.165260987248086E+01
% -0.322003132230944E+01 -0.254224874292686E+01 -0.333474985480299E+01
%  0.150435577255756E+01 -0.511511713341058E+01  0.102282122401166E+02
% -0.459436106037287E+01  0.188206560711707E+02 -0.145637251806481E+01
% -0.252539739441997E+02  0.868021546185441E+01  0.267482667625305E+02
% -0.216927313910468E+01 -0.721974216158872E+01 -0.902868285267782E+00
%  0.356080097157016E+01  0.819153506157162E+01 -0.990745057925902E+01
% -0.682197169713655E+00 -0.269805878886052E+01  0.146410129234527E+02
%  0.837198537507144E+00  0.168454977631439E+00  0.101281445116152E+01
% -0.609562163833722E+01 -0.128535141131454E+02  0.175385899951870E+02
% -0.428388944639473E+01  0.154822812965710E+02 -0.207105043685771E+01
%  0.167182749678358E+02 -0.578168453731616E+01 -0.900730411943111E+01
% -0.353450997979867E+01  0.304824947599532E+02  0.225697721266479E+02
%  0.434682831889411E+01 -0.375945059060281E+01  0.236797975616877E+01
% -0.434734409957196E+02  0.223360901221484E+02 -0.190675708030288E+02
% -0.903491211153008E+01 -0.704553709871843E+02 -0.347964745477237E+02
% -0.653038253217403E+01  0.190394350581216E+02 -0.827022743075432E+01
% -0.113716520313616E+02 -0.100274162460666E+01  0.564147677447738E+01
%  0.740433811140597E+01  0.325553349129751E+02 -0.266234536093140E+02
%  0.100109025523114E+02  0.147247339184382E+02  0.200804287259347E+01
%  0.509979593486472E+02  0.117411937038237E+02 -0.342920251801282E+01
%  0.101899439457263E+02 -0.463571149390679E+02 -0.115606646162582E+02
%  0.323692421201875E+01 -0.877692683791641E+00  0.637822186216424E+01
%  0.361216490138980E+01  0.913865202334709E+01 -0.603201955571845E-01
%  0.966522810679090E+01 -0.158388343275931E+01 -0.983489351679745E+01
% -0.798614473470644E+01  0.557270626402114E+02  0.458105958552429E+02
%  0.396483698134833E+00  0.636369344951833E+00 -0.463153672124406E+01
% -0.891149916759067E+01 -0.215325859067872E+02 -0.890226470959210E+01
% -0.188707705594947E+01  0.172994738660741E+01  0.122165896645039E+01
%  0.106084655357466E+02 -0.614043581477820E+02 -0.348366482525435E+02
%  0.907046832363269E+01 -0.128104116152138E+02 -0.158973540874750E+02
% -0.189289496180351E-01 -0.269790945159016E+00 -0.121515433591509E+02
%  0.526575467541411E+01 -0.806818590816799E+00 -0.330684621889176E+01
%  0.695991398654184E+01 -0.130815284119282E+01  0.170597212672683E+01
% -0.584353633255291E+01 -0.178185751607258E+02  0.111771225631878E+02
%  0.265160010839203E+01 -0.386653096959891E+02  0.416014043638881E+01
% -0.267737487014120E+01  0.136790337242718E+02 -0.193468553285510E+02
% -0.473137481276520E+01  0.542408062500986E+01 -0.472038078484170E+01
% -0.154414859133738E+01 -0.235163754670522E+02  0.817241638128822E+01
% -0.115069121266331E+01 -0.106321932490267E+01  0.143313638431397E+02
%  0.743432758432897E+01 -0.144350838135615E+01 -0.246506143405225E+01
% -0.154896953139075E+02 -0.638957941892862E+02  0.515924370580992E+01
% -0.332173312052638E+02 -0.258427443545589E-01  0.215035708600887E+02
%  0.444593074446277E+00  0.101660635017536E+02 -0.111484970822195E+02
% -0.118743914203158E+02  0.270522947281988E+02 -0.430826093576988E+02
% -0.189342164198629E+02  0.160515236772935E+00 -0.127661370463006E+02
% -0.289471694416953E+02 -0.571700661212464E-01  0.814600772294543E+01
%  0.370698880531240E+02 -0.124426878307173E+01 -0.416080417288714E+01
%  0.403017240565770E+02 -0.309126527031822E+02 -0.148124779191163E+02
% -0.752022625327281E+01  0.613320541278828E+01  0.100341201842307E+02
% -0.475236830554779E+01 -0.563546148178498E+01  0.195537173891479E+02
%  0.240401686842388E+01 -0.169210729361569E+01 -0.348943921281928E+01
%  0.906027948879377E+00 -0.604224238824233E+01 -0.285168327675023E+01
%  0.399764091028870E+02  0.208386382567705E+02  0.279072909868457E+02
%  0.130067037520134E+01  0.884443592821985E+01 -0.551444913614976E+00
%  0.213683348764483E+01 -0.601754687470891E+00 -0.533495920163941E+01
% -0.243617799942540E+02 -0.172790043384149E+02  0.101445648638667E+02
% -0.154874970701963E+02  0.337715968696226E+01  0.107201537811536E+02
%  0.706335020284867E+01 -0.154211618113139E+00 -0.414942260277803E+01
%  0.728219800851260E+01  0.990232531739771E+01 -0.332255083337440E+01
% -0.112217931744371E+02  0.119650199879087E+02 -0.114560296918130E+02
%  0.190981498651972E+02  0.476918347165182E+01 -0.152134375735444E+02
% -0.210978946918620E-01 -0.133098713985514E+01 -0.163295054427915E+01
% -0.133155006450188E+00  0.952147626453904E+00 -0.600594156176793E+01
%  0.315374410327989E+02  0.204601715907390E+02 -0.187811415388522E+02
% -0.241064719568491E+02  0.790749022384316E+01 -0.329047007539518E+01
%  0.331137502270068E+00  0.232139008821787E+00  0.171638578638571E+02
% -0.151151858851688E+01 -0.263538636944332E+01  0.147787897014598E+01
%  0.523555962287721E+00 -0.352012271767174E+01  0.250740887685399E+01
% -0.643161555760020E+01  0.307307870611955E+01  0.753494978732212E+01
% -0.269993284627215E+01 -0.826718475534355E+01  0.825244026351907E+01
% -0.175618641872451E+01 -0.944814553743183E+01 -0.762357001104326E+01
%  0.554833340475385E+01 -0.110243388200830E+02 -0.100779351119581E+02
%  0.101589162122769E+02  0.733122188678655E+01  0.547191437364442E+01
%  0.845543856652631E+00  0.121995889639464E+02  0.814581987961918E+01
%  0.197759342520825E+01 -0.371346799827612E+01  0.209395155081838E+02
%  0.101634166274205E+02  0.189941461541394E+01  0.219012503739875E+01
%  0.212732412178962E+02  0.821129643655278E+02 -0.190720153567581E+02
%  0.465900554500234E+01 -0.149337584786054E+02 -0.463575607494727E+02
% -0.248937338473192E+02 -0.191787389710009E+00 -0.112602983005179E+02
%  0.169365556915358E+01 -0.121265080626823E+02  0.724569758961809E+01
%  0.264662897050383E+02  0.238431541009511E+02  0.501683457156048E+02
%  0.279825439973597E+01 -0.351518960339185E+01 -0.856194456864458E+00
% -0.188238836105710E+01 -0.241306190839165E+02 -0.328138666302540E+02
%  0.265221881936686E+02  0.187612790326199E+02 -0.181010737194005E+02
% -0.143955205656407E+02  0.934690580293554E+01 -0.700351147941835E+00
%  0.280495731551884E+02 -0.175677525738451E+01  0.442579793143953E+02
% -0.483418672932162E+01 -0.717130665752028E+00  0.108174443212093E+02
% -0.128295572183586E+01  0.210931424602212E+02 -0.116810685272597E+02
%  0.300772759869017E+01  0.520937942452220E+00  0.264548186504752E+01
%  0.386939927203020E+01 -0.133825244091611E+02  0.357362999241496E+00
% -0.133162228933476E+01  0.274206583908967E+01  0.101710442255915E+01
% -0.391479533988194E+02 -0.666812255130098E+02 -0.301462235644739E+02
% -0.525734922357311E+02 -0.272064049554091E+02  0.626361432411351E+02
%  0.246183560240892E+01 -0.103847388915115E+01 -0.381257494341973E+01
%  0.466882879720981E+01 -0.470835942065714E+00 -0.127556620400794E+01
% -0.699778745451708E+01  0.432641644561397E+01 -0.208065458785013E+02
%  0.112131671960265E+02  0.345280070752530E+00  0.115330766208660E+02
%  0.518300591713995E+01  0.102554990668428E+01  0.180520731312707E+02
%  0.117662105678774E+02 -0.583937627177084E+01  0.930918621057807E+01
%  0.782674608601919E+00  0.132063599454640E+02  0.892961569811659E+00
%  0.437734574400138E+00 -0.206214177597635E+02  0.763186799032285E+00
% -0.792795233800275E+01  0.314996050107775E+02 -0.237176001583785E+02
%  0.570579755980262E+01  0.153416813881872E+02  0.333375443567884E+02
%  0.101769504615724E+02 -0.243753876323586E+02  0.365904432573495E+02
% -0.215659136472688E+01 -0.705434268806135E+01  0.603514448197786E+01
% -0.237577066168971E+00  0.570864968058784E+01  0.385584018420453E+01
%  0.355816579599894E+02  0.755520457774188E+01 -0.171188228764298E+01
% -0.140771239580977E+02  0.458296094348357E+01 -0.210233396512881E+02
% -0.287915864212765E+02  0.107122444416063E+02  0.209461079679168E+02
% -0.330656059431359E+01 -0.286312053349095E+01  0.512094802882968E+00
% -0.274006069789533E+01 -0.309683595670409E+00 -0.605410918780660E+00
%  0.410284578747280E+01 -0.506751016146998E+01  0.126028718479164E+02
% -0.830209438423001E+01  0.111893651390642E+02 -0.226994159313786E+01
% -0.335772759076155E+01 -0.114262981677915E+02  0.260210924494288E+01
%  0.566927254990439E+01 -0.257056710174880E+01  0.880874102375919E+01
%  0.265744925240209E+01  0.104261573466700E+01 -0.223915578916143E+02
%  0.192410040606046E+01  0.469709816119765E+01 -0.905850639115049E+01
%  0.141352386789344E+02  0.380909656867170E+01  0.171525983726672E+02
%  0.293380723354126E+01 -0.782514889981671E+01  0.729115729402240E+01
%  0.353598397549647E+01  0.151592937812517E+01 -0.167887681870158E+01
%  0.816030887063859E+01 -0.133150389965716E+02 -0.450058187114398E-02
%  0.290148307347464E+01  0.234845333115636E+02 -0.168152198197751E+01
%  0.123789141571771E+02 -0.213501647387445E+02 -0.775585148667029E+01
%  0.105024985736274E+02 -0.126839520832071E+01 -0.220052109249536E+02
%  0.159965569016393E+02  0.549732840937737E+01 -0.668776367755713E+01
%  0.108564717006857E+02 -0.164579606243533E+02 -0.559269566513840E+01
%  0.696932410810260E+01 -0.211406397770748E+00 -0.586478762637984E+01
% -0.133085927523933E+00 -0.108510272022155E+01  0.569599588767090E+01
%  0.169470556676374E+01  0.138808743474718E+01 -0.701000648587149E+00
%  0.157768404396421E+02 -0.554220441326508E+01  0.378061539085828E+02
%  0.107478174053511E+01  0.167917021652532E+02 -0.114997576690306E+02
%  0.150041665917265E+01  0.533001095885638E+00 -0.310722742502348E+00
% -0.903409060216920E+01 -0.103330955834350E+02 -0.210193454490806E+01
% -0.249763119390944E+02  0.277733886010799E+02  0.373995759013481E+02
%  0.156230137029628E+02 -0.295173159329544E+01  0.275317112902137E+01
%  0.205645545802895E+02  0.694097863759554E+01 -0.120663410905965E+02
%  0.812596565016235E+01  0.493004537273693E+01 -0.124862754851841E+01
%  0.485434895021529E+02 -0.200415839583363E+02 -0.162183089431864E+02
