% T    256  0.715122828077254E+01  0.715122828077254E+01  0.715122828077254E+01
   0.329096878730495E+01  0.524154961913501E+00  0.143842282090034E+01
   0.341034302630519E+01 -0.331588257307591E+01 -0.326055095201893E+01
  -0.762473860518435E+00  0.197318696497231E+01 -0.309141853473359E+01
   0.282399208495178E+01 -0.326251439894630E+01 -0.110596914220255E+01
  -0.282104527910958E+01 -0.106196668769995E+01  0.296337814962248E+01
  -0.326572953562031E+01 -0.131263696688856E+01 -0.187376394776316E+01
   0.510009650736657E+00  0.178414618787266E+01 -0.529060444697917E+00
  -0.109248435529383E+01  0.124512544176488E+01 -0.163005680214980E-01
   0.137214416167620E+01 -0.317742124175224E+01  0.220284329276707E+00
   0.185802309439953E+01 -0.574354642706358E+00  0.326775990272243E+01
  -0.215170476155712E+01  0.934708570715073E+00  0.877795613248832E-02
  -0.370847813207744E+00 -0.281518078146126E+00 -0.183016899403477E+01
  -0.151830835492092E+01  0.259669442334675E+01  0.347932864644231E+01
  -0.715308282026294E+00 -0.526176841601275E+00  0.344629310609968E+01
  -0.120682342470302E+00 -0.322760881967915E+01 -0.332949560775802E+01
  -0.162783694548701E+01 -0.172019225038999E+01 -0.224186855457427E+01
   0.132258489756763E+01  0.134705889577557E+01 -0.119800848043718E+01
   0.155449097522855E+01  0.343720150346257E+01 -0.240633148034042E+01
  -0.774498609095729E+00  0.931715871304117E-01 -0.295071467789454E+01
   0.943175557482221E+00  0.125502625599178E+00 -0.981832605052978E-01
  -0.163107961535133E+01  0.232479072183576E+01  0.187702474655289E+01
   0.280604276779152E+01 -0.933516262142955E+00  0.243249606476857E+01
  -0.221821405999974E+01 -0.244265056113227E+01 -0.297590566826774E+01
   0.305958851480644E+01 -0.149398563622636E+01  0.342858443788081E+01
   0.151066872351755E+01 -0.623797416374294E+00  0.174544918672555E+01
  -0.163737872202523E+01 -0.108867101434472E+01 -0.310885749460838E+01
   0.355023544453275E+01  0.877215173793654E+00  0.271931428644273E+01
  -0.274022876762854E+01 -0.197923687262729E+01  0.161676103651190E+01
  -0.202727203560377E+01  0.119633653584771E+01 -0.159678358208152E+01
   0.261555418361503E+01 -0.104258261632804E+01  0.706305731616257E+00
   0.557472714726839E+00 -0.206334298881592E+01  0.823606948676613E+00
   0.704401292688021E+00  0.228089862288623E+01  0.326456390461117E+00
  -0.238150362830208E+01  0.755410230999066E+00  0.281362491150320E+01
   0.555811175253447E+00  0.246291635843188E+01  0.326139767494186E+01
   0.239124052969752E+01 -0.268412368474387E+01  0.171175554076813E+01
  -0.630665896098472E+00  0.166093810204422E+00 -0.102176864530447E+01
   0.247741565190085E+01  0.218156890054598E+00  0.942811937581089E+00
   0.186151168034921E+01  0.355099962865317E+01  0.192418114493642E+01
  -0.168504850002861E+00 -0.123229197906924E+01  0.122210878152749E+01
  -0.253689826862839E+01 -0.318237146777180E+01 -0.339909222026128E-01
  -0.328890132031936E+01  0.297649695060725E+01 -0.297195970844071E+01
  -0.182336882828482E+01 -0.211939985861974E+01  0.243716774081530E+01
   0.977209308498558E+00  0.128048116496123E+01  0.324176443919685E+01
   0.313643744052371E+01  0.307212968980274E+01 -0.450512586105988E+00
   0.338142582739529E+01 -0.317557187802639E+01  0.296118888375904E-01
   0.175428298872644E+01 -0.130317154092742E+01  0.235471004820791E+01
  -0.750369503708646E-01  0.242970454858589E+01 -0.237733949084790E+01
   0.322770652533708E+01 -0.350370677948802E+01  0.192094284905525E+01
   0.213869518758184E+01 -0.263127527213391E+01 -0.338412084968957E+01
  -0.290002054014581E+01 -0.273765390871677E+01  0.354466360749345E+01
  -0.278106701249819E+01  0.200621117878200E+01 -0.318349593613845E+01
   0.254478158627787E+01  0.252334717378879E+01  0.191632293997628E+01
  -0.302053687283912E+01  0.304857106171360E+01 -0.579574114988758E-01
   0.183856564186381E+00 -0.437829135341118E+00 -0.663918539320372E+00
  -0.285362994916706E+01 -0.130016020979461E+00 -0.148845186301380E+01
  -0.104623534440488E+01  0.132792054772188E+01  0.234893293431915E+01
  -0.324836101856455E+01 -0.847571502263615E+00 -0.628716213034378E+00
   0.434235836733850E+00  0.327702329551668E+01 -0.267809123839783E+01
   0.175133338355670E+01 -0.167268998148208E+01  0.340742517019108E+01
   0.311675675371945E+01 -0.152054960210934E+01 -0.314349672983871E+00
   0.206744797229466E+01  0.243766120614875E+01 -0.256365181114713E+01
  -0.257598790205458E+01  0.238953494700739E+01  0.164001061801330E+01
   0.975948267738234E+00 -0.346574256464596E+01 -0.915929931720311E+00
  -0.242081624595178E+01 -0.477248151659296E-02 -0.259965010351790E+00
  -0.223417187876875E+01  0.186151171146210E+01 -0.233213031065019E+01
  -0.207012212493787E+01  0.288381633334532E+01 -0.550585977365459E+00
   0.946275204893255E+00 -0.336786819507933E+01 -0.339994113461048E+01
   0.351975190913428E+01  0.266584604569168E+01  0.178081788844167E+01
  -0.117775130829520E+01  0.118353545960087E+01 -0.122393496300102E+01
  -0.193289315887147E+01  0.158891315057910E+01  0.323434537191216E+01
   0.233270283218979E+01 -0.203893443811461E+01 -0.100092065629786E+01
  -0.318183049665717E+01 -0.342696318264273E+01 -0.127670461673172E+01
   0.158676258906021E+01 -0.336515745723020E+01  0.295262301964832E+01
   0.185649296596718E+00 -0.173298168838290E+01 -0.339687571229173E+01
   0.208381804013024E+01  0.237296590187250E+01  0.307558997587537E+01
  -0.281924527215297E+01 -0.347453480390257E+01  0.296225830086252E+01
  -0.298723710885201E+01  0.113566706204858E+00  0.175634947829346E+01
   0.570034080109734E+00 -0.119221229299777E+01 -0.140654825694051E+01
   0.276832858539807E+01  0.217149089158320E+01 -0.104017133337450E+00
   0.230800730302170E+01 -0.827816759720813E+00 -0.712066112751868E+00
   0.955439865101513E+00 -0.252846083190510E+01  0.215198037906325E+01
   0.332474388365344E+01 -0.583232500595685E+00  0.136976491162340E+01
   0.868259014418777E+00 -0.196817819661757E+01 -0.223604335783979E+01
   0.304138267068121E+01 -0.131702304130532E+01 -0.143847669952923E+01
   0.293025264788495E+01  0.171772288198199E+01 -0.282812852365108E+01
   0.339870770077803E+01 -0.230057204937438E+01 -0.906221608216633E+00
  -0.273970536264378E+01  0.200474306506980E+01 -0.122124683845827E+01
   0.165327816378222E+00  0.330846684406070E+00  0.334840127527709E+01
  -0.307777425477386E+01  0.157044245096471E+01  0.895038674419404E+00
   0.175021313897970E+01  0.135669007627986E+01 -0.325438195166983E+01
  -0.209168527817740E+01  0.189711557413277E+01 -0.230705622927735E+00
   0.307418122343780E+01  0.303735292254464E+01  0.275153615975213E+01
   0.345411805133563E+01  0.241094627168286E+01  0.667678065927171E+00
  -0.242144725217735E+01 -0.770133256165661E+00  0.936712955210927E+00
  -0.282229181764963E+01  0.925481529376697E+00 -0.854622798383217E+00
  -0.960818376101722E-01 -0.209130646242541E+01  0.160031019081470E+01
  -0.216369228940233E+00 -0.214528258508680E+01  0.229261715360876E+00
  -0.104872249431291E+01  0.457247292530457E+00 -0.204084574425584E+01
   0.249708090533146E+01 -0.310849497602307E+01 -0.242086454516934E+01
   0.153611183756011E+01  0.428248368686961E+00  0.574724151610334E+00
  -0.103468379241825E+00  0.336840344111502E+01  0.226037176226364E+01
   0.301718319236105E+01 -0.273767123195986E+00  0.330790013188634E+01
   0.311312346133919E+01  0.242671519238352E+01  0.358117513295227E+01
   0.250443165015228E+01  0.344126489786167E+01 -0.334413810478172E+01
   0.329178763368714E+01  0.168883139390233E+01  0.142743084901549E+01
   0.341265324133738E+01 -0.203182737121291E+01  0.163417540327676E+01
   0.114547619914214E+01 -0.212236420239893E+01  0.310160467085796E-01
   0.272131642874815E+01  0.218612695794356E+01 -0.153736981286745E+01
  -0.140220024517489E+01 -0.254782728211421E+01  0.164880622089684E+01
  -0.211419149107349E+01 -0.187447825583392E+01  0.339063442726152E+01
  -0.540314391146064E+00  0.275222093347912E+01  0.295563368096597E+01
   0.217538362926036E+01  0.353520116375978E+01 -0.420741765834405E+00
  -0.194747225725921E+01 -0.292270534750611E+01  0.320319376886309E+01
   0.648259104618149E+00 -0.228424242121951E+01 -0.111635237367010E+01
  -0.177641719960615E+01 -0.217135147442582E+01 -0.115580120432238E+01
   0.100040434977942E+01  0.204366323555535E+01 -0.288153480552899E+01
  -0.307963493163032E+01 -0.523810726273817E-01  0.321602276588887E+01
   0.136291583667357E+01 -0.709073010024390E+00 -0.964265599385535E+00
  -0.332067918239634E+01 -0.203708978771065E+01  0.297062685429111E+01
   0.182535464276107E+01 -0.461354061147350E+00 -0.247071382139805E+01
  -0.166612506976522E+00  0.100279317492476E+01 -0.177819381303705E+01
  -0.302317482472725E+01  0.169170634175869E+01  0.246919271256378E+01
   0.197784231994987E+01 -0.165781809172899E+01  0.321691769120611E+00
   0.609234190356557E+00  0.230374629668185E+01 -0.166363515886754E+01
   0.219760234036201E+01  0.973269001444603E-01 -0.295967070964767E-01
  -0.503524458836137E+00 -0.896489415241239E+00 -0.149806848401638E+00
   0.332447581846489E-01 -0.329361440501713E+00  0.238850901535411E+01
   0.175866407233246E+01  0.106468420642789E+01 -0.228120166974939E+01
   0.199278173286444E+00 -0.283572410672549E+01  0.269674829529368E+01
   0.280319901129922E+01 -0.400210257798568E-01  0.221500254524557E+01
  -0.207431544515261E+01 -0.341916644232076E+00 -0.338066449933249E+01
   0.207466973135439E+01 -0.338757083860246E+01  0.923895804749610E+00
  -0.251034396697765E+01  0.343076376601376E+01  0.163880968383494E+01
  -0.507969391901152E+00 -0.117865687401583E+01 -0.275094234152784E+01
  -0.136365354927502E+01  0.272900285472729E+01 -0.205739625454265E+01
  -0.308252061349347E+01  0.249985674594530E+01  0.293145778539698E+01
  -0.276042302848447E+01 -0.216175681049089E+01 -0.776197024866289E-01
  -0.757453771199577E+00  0.216736696847844E+01 -0.140320244942078E+01
   0.193688962911960E+01  0.147872765819105E+01  0.245725409004811E+01
   0.193368978788049E+01  0.109877948613894E+01 -0.314113040629516E+00
  -0.243682815001929E+01  0.300609819841256E+01 -0.347297643325483E+01
  -0.119387255172830E+01 -0.317304812178701E+01 -0.301197553233214E+01
  -0.742641094266496E+00  0.309197524882742E+01 -0.272925902837939E+01
   0.496719071280703E-01  0.141407197773823E+01 -0.308754999122769E+01
  -0.143677584765998E+01 -0.249964704009833E+01 -0.328196879929155E+00
  -0.398112281393336E+00  0.206780256567708E+01 -0.341475271203496E+00
   0.930092651238800E+00  0.615602781524576E+00 -0.295050535893056E+01
   0.242112890967237E+01  0.126715531692007E+01 -0.148367861096942E+01
  -0.178992776750001E+01  0.188928880781671E+00  0.201815433647670E+01
   0.255067060601391E+00  0.758956263063671E+00 -0.659911726206546E+00
   0.134404627379107E+01  0.301011989981671E+01 -0.379966821682183E-01
  -0.141733204421092E+00 -0.138610561594191E+01  0.265837449234179E+01
  -0.137073034642360E+00  0.173959171200654E+01  0.289978506349459E+01
   0.563174975765072E+00  0.129576673658651E+01  0.613000405668560E+00
  -0.343328793817846E+01 -0.328847790672633E+00 -0.290286508146066E+01
  -0.349465536257675E+01  0.345221194930634E+01  0.968044159740123E+00
  -0.157882062482450E+01  0.297718876370783E+01  0.109056166804201E+01
   0.154964565744660E+01 -0.682731211749167E+00  0.564477301224856E-01
   0.263013079829148E+01  0.304551624181620E+01  0.472843259649547E+00
  -0.165259158787978E+01  0.529953932617230E+00  0.347800870996127E+01
  -0.323491893389697E+01 -0.161064671906013E+01  0.846432699379219E+00
  -0.615984557112761E+00  0.523687436620767E+00  0.172278705767578E+01
  -0.737904010145546E+00  0.791130236909287E+00  0.313805382453541E+01
   0.343113942048947E+01 -0.273907064237137E+01 -0.214825548652396E+01
  -0.191765596723833E+01  0.159292725177213E+01  0.100313662151600E+01
   0.341687365440967E+01 -0.225955153484999E+01 -0.294166282375691E+01
   0.190779483334175E+01  0.500273931650039E+00  0.314278673734993E+01
   0.160174470602667E+01 -0.153793654015862E+01 -0.271625769944695E+01
  -0.246050090535071E+01  0.275989573402328E+01  0.721868819300126E+00
  -0.108089021793559E+01  0.351811281244833E+01  0.184813026452493E+01
   0.168416822769281E+01  0.291162806461923E+01  0.864280930835255E+00
   0.228675818860250E+01 -0.252803303226428E+01  0.272479717369627E+01
   0.316311172747662E+01  0.139027290285876E+01  0.450656278182415E+00
  -0.347664894892504E+01  0.239558150562801E+01 -0.219499941961529E+01
  -0.148597161431389E+01 -0.150401235047373E+01  0.220581696220297E+00
   0.139569480428517E+00  0.316988912897908E+01 -0.110982750121470E+01
  -0.234450274675502E+01  0.937473314359306E+00 -0.283211865475638E+01
   0.314220843439558E+01 -0.280958165804774E+01  0.116356699020500E+01
  -0.218149923923108E+01  0.339686166578736E+00  0.839873452808811E+00
   0.175156825010091E+01  0.191142784759776E+01  0.478434891120492E+00
   0.137929053098927E+01  0.281749925739347E+01 -0.335262065270114E+01
  -0.184471526014962E+01  0.325361558444223E+01  0.266008587529805E+01
   0.320779421847084E+00  0.379225153408039E+00  0.656322355144475E+00
   0.138963796626338E+01  0.160821780365196E+01  0.158110759574012E+01
  -0.242909111091586E+01  0.294389940638814E+01 -0.215975977976710E+01
   0.690726384722825E+00 -0.312329450132135E+01 -0.203372997476984E+01
  -0.659831136488678E+00 -0.224650748193810E+01  0.309832787456907E+01
   0.262832957739848E+01  0.239656465202549E+00 -0.294903139891959E+01
   0.175288403139415E+01 -0.289046259679422E+01 -0.143162949557324E+01
  -0.277576545487545E+01 -0.134514034081916E+01 -0.295350356846457E+01
  -0.296995425250179E+00 -0.334736863284656E+01 -0.181795199041601E+01
  -0.142375968222058E+01  0.229524435535188E+01  0.343412755777287E+00
   0.391279844639428E-01 -0.242038539566909E+01 -0.253317735118983E+01
  -0.840663596579522E+00 -0.220017502472888E+01 -0.181314964427590E+01
   0.321310749212655E+01  0.462627554397077E+00 -0.182053805757945E+01
  -0.130360858702580E+01 -0.138540149359694E+01 -0.132336207049309E+01
  -0.168064920480665E+01  0.216575665757243E+01 -0.116640222972801E+01
   0.263814583876499E+00  0.899496156522152E+00  0.150644778367690E+01
  -0.329680219782677E+01  0.613840083546754E+00 -0.259217288480371E+01
  -0.730833998222321E+00  0.321210691382271E+01  0.509688728042265E+00
   0.151424823154922E+01  0.625132620713312E+00  0.176646794742394E+01
   0.193710410600441E+01 -0.125821409523236E+01 -0.181854345824815E+01
   0.498995763667791E+00 -0.695176071443692E+00  0.479269086758197E+00
   0.132827932475349E+01 -0.165862069723889E+01 -0.738428475043288E+00
   0.248482150773533E+00  0.312533982316322E+01 -0.110521184210680E-01
   0.728218480366124E+00 -0.125574611895440E+01  0.174292650000848E+01
  -0.130700680773064E+00  0.239355533135902E+01  0.676260315469796E+00
   0.332137536368311E+01 -0.307698149328850E+01  0.288102489413920E+01
  -0.623523567085677E+00  0.136641483301435E+01  0.919797719864305E+00
   0.328122219466827E+01  0.874692850323158E+00 -0.728026633551817E+00
  -0.125886578822833E+01 -0.215274159899751E+01 -0.314306202785883E+01
  -0.232873647386999E+01 -0.457396406091110E+00 -0.248535385682668E+01
   0.603386081798600E+00  0.801518211394426E+00  0.241074294210222E+01
  -0.231723786240711E+01 -0.115661429318387E+01 -0.149210200221860E+01
  -0.101969617984450E+01 -0.144999658055155E+01  0.199535125287356E+01
   0.276102069443201E+01 -0.172355206876025E+01 -0.239319193804460E+01
   0.271996266698289E+01 -0.374341651095015E+00 -0.187038726583837E+01
  -0.903605938386456E+00 -0.327577794761679E+01  0.311992198062247E+01
  -0.334195104758196E+01  0.113083559525160E+01 -0.345945256419331E+01
  -0.218848821753353E+01  0.136823059665405E+01  0.204376881002467E+01
  -0.118878800382798E+01  0.337807612298605E+01 -0.114539019327470E+01
   0.175791738759296E+00 -0.304469941112285E+01 -0.234557453913920E+00
   0.161180303537699E+01 -0.215713672635251E+01  0.112895166401963E+01
  -0.116478714142662E+01  0.141246757957820E+01 -0.233187282988075E+01
   0.317705822581076E+01  0.195123789649069E+01  0.266866423213177E+01
  -0.270409703973126E+01 -0.323047841935454E+01 -0.260162865411481E+01
   0.227958143379769E+01  0.135006817225598E+01  0.136872713209100E+01
   0.344147211390056E+01 -0.210362387110450E+00  0.106827168267624E+00
   0.229268352066573E+01  0.310633238218529E+01 -0.138851978166490E+01
   0.247393454298267E+01 -0.270706629102995E+01  0.813468816102545E-01
  -0.926112550345930E+00 -0.472857902921117E+00  0.245636079426163E+01
  -0.176101317540271E+01 -0.683716110678224E+00  0.297357962595157E+01
   0.869159248801304E+00 -0.133179821787425E+01  0.315036586258617E+01
  -0.223995479020998E+01 -0.337963256144073E+01 -0.142566093503699E+01
  -0.280346400080658E+01 -0.251199391540097E+01 -0.953135814713231E+00
   0.154890021307805E+01  0.246609723593371E+01 -0.832631230786474E+00
   0.288399744271961E+01  0.138974806619113E+01  0.331509522993717E+01
   0.433969890081563E+00 -0.645104418881498E+00 -0.322494698519932E+01
  -0.281618456682303E+01 -0.264444507266855E+01  0.241532822008500E+01
   0.280654487926220E+01  0.111756504052164E+01  0.219883919899301E+01
  -0.212117756077885E+01 -0.302765497631421E+01  0.985958584171304E+00
  -0.275078430531216E+01 -0.221410682392846E+01 -0.196753242102046E+01
  -0.499224573030393E+00 -0.300967098287069E+01  0.893083202479292E+00
  -0.150278448867178E+01 -0.432860677401195E+00 -0.193074806956040E+01
  -0.340335596682230E+01  0.145590077604844E+01 -0.208240521629547E+01
  -0.148131380580607E+01 -0.411797403651938E+00 -0.585755134462787E+00
  -0.212946061683251E+01 -0.103555650013905E+01  0.188863049470176E+01
   0.311021953133771E+00  0.181332648633170E+01  0.182933027218826E+01
   0.326649711633444E+01  0.334653426700002E+01 -0.189010318675573E+01
  -0.634620634935000E+00  0.389105479518017E+00 -0.971747491876274E-01
  -0.179332725913153E+01 -0.294988463121213E+01 -0.221902106680339E+01
   0.132691885849441E+01  0.232937890062991E+01  0.245691244448000E+01
  -0.100880617977934E+01 -0.191636041729798E+01  0.109978590460216E+01
   0.938906679400158E+00  0.381098020122905E+00 -0.140873197903803E+01
   0.801071809267844E+00  0.317654816955203E+01  0.130312028406515E+01
  -0.503159452551978E+00  0.271463757284992E+01  0.157151153567097E+01
%  0.254411866318396E+01 -0.125833956525079E+01 -0.119143729856228E+00
% -0.162279635527413E+00  0.166772883511602E+01 -0.214737282960298E+01
% -0.299493654792541E+01 -0.165031685397004E+01  0.179967687197455E+01
% -0.192550212614288E+00 -0.514712054597327E+00 -0.115525845457304E+01
%  0.116504552336795E+01 -0.114788453531893E+01 -0.538804291559414E+00
%  0.226034175304034E+01  0.166676073300840E+01  0.447181557471762E+00
% -0.384409953907096E+01  0.196451070044337E+01 -0.657528840410816E+00
% -0.250683024334788E+00  0.108649307678701E+00 -0.104700132327990E+01
% -0.133524826013137E+00 -0.891278436722111E+00  0.111370306355989E+01
% -0.181537906023500E+01  0.801912692357615E+00  0.465791385310616E+00
% -0.226342660080650E+01 -0.361960307893211E+00 -0.246921662697725E+01
% -0.190941569679493E+01  0.549965780170433E-01 -0.128548268959434E+01
%  0.444097106575358E+00 -0.192909200349975E+00 -0.167865669787675E+01
%  0.188168892239364E+01  0.513723096098045E-01  0.373107415006315E+00
% -0.344905985740456E+01 -0.966045951996708E+00  0.259523032859244E+00
% -0.211421930811344E+01 -0.563819209475149E+00  0.137777542956965E+01
% -0.142341180683249E+01 -0.186597731304955E+01  0.950966038426759E+00
%  0.747278725236930E+00  0.920942333432820E+00 -0.591369647279182E+00
% -0.487237012795839E+00 -0.246156455002414E+01  0.213776653650969E+01
%  0.724401235752739E+00  0.110835630168425E+01 -0.107972864443600E+01
%  0.878230776960743E+00 -0.335709417189462E+00 -0.823754117097976E+00
%  0.444215630741644E+00  0.952047357536958E+00  0.325173209655469E+00
% -0.701746858940814E+00  0.249280456830313E+00  0.278070007676587E+01
%  0.407444827625539E+01  0.722206450461260E+00 -0.171228689618385E+01
% -0.263962707993964E+01 -0.902491446556650E+00  0.298891810908828E+01
%  0.195099003766440E+01 -0.105370676205936E+01 -0.968213041527775E+00
%  0.673413573253592E+00  0.106109243111122E+01 -0.128281850454130E+01
% -0.373494460609281E+00  0.871874520443986E+00  0.178978080435097E+01
%  0.136000929185603E+01 -0.374908500213198E-01  0.493746285772758E+00
%  0.391258545524913E-01  0.214758772062955E+00  0.127073091745894E+01
% -0.315678904637914E-01  0.215949792643976E+01  0.145679225701480E+00
% -0.112996034456433E+01  0.168610694515457E+01 -0.285145370248950E+01
%  0.243489225939325E+01 -0.687884043578600E+00  0.181940515633222E+01
% -0.206131586892217E+01  0.259379431810261E+00  0.111327476136247E+01
% -0.239169417456513E+01 -0.228480620811640E+01  0.210742178434531E+01
%  0.368271951389889E+01 -0.282761906810684E+00 -0.237208799655648E+00
%  0.711122280305964E-01 -0.239312495493685E+01  0.125502656376534E+01
% -0.446716388321992E+00  0.177114510306801E+00 -0.664800240825295E+00
% -0.115005589061563E+00 -0.186243894813749E+01 -0.189880785441431E+01
%  0.664837098249950E+00 -0.991891401193173E+00  0.233712602082903E+01
% -0.106978506703138E+01 -0.499516288384925E+00 -0.210704879454348E+01
%  0.997002660636979E+00 -0.369667652034691E+01 -0.580638728149175E+00
%  0.206145633721791E+00 -0.379821933819529E+00 -0.340316161733805E+01
% -0.184576235050047E+00 -0.213261414110745E+01  0.125398204540597E+00
%  0.199786417306491E+01  0.711665900392199E+00 -0.103877228137712E+01
% -0.257542096113735E+01  0.251129728881374E+01  0.875951675186765E-01
% -0.227567616351434E+01 -0.124853820230376E+00  0.195984589107009E+01
% -0.111351669641298E+01 -0.291533811850560E+00  0.337357635703499E+01
%  0.953419105693732E+00  0.122354895001552E+01 -0.194800932186413E+01
%  0.666546987520255E+00 -0.282576472604295E+01  0.146722361683438E+01
%  0.216525012081263E+01 -0.102880298878664E+01 -0.143527208307090E+01
% -0.130158912585901E+01 -0.237087521789019E+01 -0.509232531360337E+00
% -0.141148945980241E+01  0.257496863900449E+01 -0.712681082263062E+00
% -0.342906103494085E+00  0.251551422782400E+01 -0.158001399208315E+00
% -0.390398661816638E+00 -0.269435965881693E+00 -0.238591062619904E+01
% -0.102335592294774E+01  0.554651139212937E+00  0.296900763046651E+01
% -0.688522411006164E-01  0.719232171934453E+00  0.144290137544317E+01
% -0.185650641918676E+00  0.141697313651841E+01  0.785648333983228E+00
% -0.234695534320191E+01 -0.154787441482761E+01  0.202944058295504E+01
% -0.742047303407582E+00  0.658912408268168E+00  0.115496555038334E+00
%  0.388349918017300E+01  0.647695291237068E-01 -0.116561606830829E+00
%  0.104467324762616E+01  0.185408795648104E+00 -0.575433144262835E+00
%  0.963570808785490E+00 -0.186094757699326E+01 -0.109120743143387E+01
%  0.418863641887090E+00  0.364791701082387E+01 -0.129156953602967E+01
%  0.330430523124177E+01 -0.126079425480961E+00  0.196640876296283E+01
% -0.119830287704258E+01  0.832407121615139E-01  0.125057619294651E+00
%  0.159871280823956E+01 -0.911052710868162E+00 -0.122461086986123E+01
%  0.356020653184662E+01 -0.193251169081124E+01  0.132512319041542E+01
% -0.203462815831161E+01 -0.599935854140799E+00  0.652240828455617E+00
%  0.131176412788631E+01 -0.464323221613664E+00  0.141636144172085E+01
%  0.119412574621099E+01 -0.942295741654886E+00 -0.667413286852072E+00
% -0.125600268367949E+01 -0.570016015651002E+00 -0.234961856944850E+01
% -0.128397825496325E+01 -0.136234208452757E+01  0.136712399678362E+00
%  0.887037896232829E+00  0.298739706955988E+01  0.151555509011285E+01
% -0.501631280853238E+00 -0.146505556121739E+01 -0.127933662117845E+01
% -0.387442804333146E+00  0.229150552373611E+01 -0.218658640474377E+00
%  0.111358636739235E-01  0.242509621184162E+01 -0.110349203686214E+01
% -0.233617855761112E+01 -0.962147961600596E+00  0.133814974621900E+01
% -0.100724720397312E+01  0.178293847564963E+00  0.505223000350561E+00
%  0.359980369491303E+01  0.505613591157667E+00 -0.324684969813220E+01
% -0.113254903755500E+01  0.263455244790684E+00  0.482178430515566E+00
%  0.169022001267598E+01 -0.316510460707272E+00  0.476317256480839E+00
% -0.130528038135719E+01  0.834493217712845E+00  0.650376626869342E+00
% -0.171587834256253E+00 -0.157833191968869E-01 -0.400707108208094E-01
%  0.858130389842239E+00  0.857500774409967E+00 -0.244026202320707E+01
%  0.135818525986574E+01  0.161360136386472E+01 -0.236898021450260E-01
%  0.220894586012171E+01 -0.699755409730807E+00  0.261834012529433E+01
%  0.480890784103657E+00  0.136888589660258E+01 -0.170905084432297E+01
%  0.128823891622838E+01 -0.195123775953578E+01 -0.187444483962491E+01
%  0.134500603633259E+01 -0.179524139664546E+01  0.171308356512445E+01
%  0.127287358994254E+01  0.668941997116529E-01 -0.132109592463772E+00
% -0.277040000775877E+01 -0.134477602899564E+01  0.251862168055159E+00
% -0.119619171031131E+01 -0.132032706893810E+01  0.598079676717703E+00
%  0.893900698347897E+00  0.260874454726525E+01  0.162545682380744E+01
% -0.532605137131720E+00 -0.102718010833357E+01  0.265553749815827E+01
% -0.172362051442258E+01  0.120878947775353E+00 -0.244700648119176E+01
%  0.243377170609558E+01 -0.363129967218972E+01 -0.203037093687063E+01
% -0.294205451659082E+01 -0.681819547236354E+00  0.864445556561290E+00
% -0.981477220758264E+00  0.738877645179018E+00  0.232779003599503E+01
%  0.677734630512701E+00  0.127105603372356E+01 -0.162056675519592E+01
% -0.979735491072208E+00 -0.182189384239330E+00  0.325548595042034E+01
%  0.318812971059324E+00 -0.621399930213442E+00  0.508977425784693E+00
% -0.106408069363779E+01 -0.119694994937207E+00  0.325547310990095E+01
%  0.177104211999127E+01  0.316149908751785E+01 -0.994859559127517E+00
% -0.238794268859883E+01  0.380752622442583E+00 -0.412073061716254E+00
%  0.112549590161989E+01 -0.879386403395553E+00  0.800141282368164E+00
% -0.300466012059704E+01 -0.276508044150164E+00 -0.115109118239620E+01
%  0.414107477298646E+00 -0.364246634744551E+00  0.972840932334233E+00
%  0.144459235487329E+01  0.130333923645342E+01 -0.294169286372030E+01
% -0.109502405386774E+00  0.451979714314889E+00  0.289379813847704E+01
% -0.805256878791282E+00 -0.116475992922327E+01 -0.293115365255717E+00
%  0.194795011609676E+01 -0.303798477357121E+01  0.120203604497534E+01
% -0.214508582416712E+00 -0.725533500365181E+00 -0.847131991242426E+00
% -0.866498541343368E+00 -0.435933276253056E+00  0.119432311714099E+00
%  0.723025268005498E+00  0.113274181623825E+00  0.207217119842273E+01
% -0.161702730908278E+01 -0.376952823675889E+00  0.161924865152017E+01
%  0.530644980808888E+00 -0.381071714954555E+00  0.303033630387654E+01
%  0.366602035554753E+00 -0.180322048974854E+00 -0.180266028638241E+01
%  0.737746059743906E+00  0.840886683151593E-02  0.189349680521752E+01
%  0.186109228237773E+01  0.258339012217574E+00  0.363831627750728E+00
%  0.805761262887037E+00  0.151001573416145E+01  0.558030828143838E+00
% -0.235376033169568E+01 -0.378935152505694E+00  0.631968319944352E+00
% -0.118845574965255E+01  0.181412275553009E+01  0.274752417770494E+00
% -0.964087373463160E+00  0.222909370134176E+01 -0.201501477930919E+01
%  0.938690058619415E+00 -0.159606247138865E+01  0.533708112108728E+00
%  0.259417060108530E+01  0.452096483160348E+00 -0.982363736143568E+00
% -0.913781399750243E+00 -0.270719677697557E+01 -0.144386975232294E+01
%  0.273087067031597E+01 -0.792996382669659E+00 -0.256323664258756E+01
%  0.132352570448736E+01 -0.135487867813263E+00 -0.182986674406136E+01
% -0.127601839278201E+01  0.759658361041243E+00  0.416995725288528E+01
% -0.163892603494982E+00  0.111652705109940E+01 -0.190197911208270E-01
% -0.127976908834042E+01  0.147648765221035E+01  0.181926121877399E+01
% -0.861771315760397E+00 -0.116923627868359E+01 -0.142583687861769E+01
%  0.228400574742950E+01 -0.165902871661295E+01  0.144917980267879E+01
%  0.166041465544697E+00  0.313560719605211E+00  0.180394787543368E+01
% -0.637153120568381E+00  0.827276835843661E+00 -0.573579882662219E+00
%  0.166420961880405E+01 -0.106116734116223E-01 -0.200955127217874E+01
% -0.201728910699477E+01 -0.325349091632581E+01 -0.644416880196968E+00
% -0.100372006734456E+01  0.279497241060931E+00  0.367434424288265E+01
%  0.253104211180694E+01  0.137636116566409E+01 -0.306550456604428E+00
%  0.668415402299049E+00 -0.457969315562013E+00  0.682895807386878E+00
%  0.243729043670176E+01  0.151890335816865E+01  0.235306721321074E+00
%  0.990003406557884E+00  0.215244558243317E+01  0.674569690277064E+00
% -0.806236759792171E+00  0.144844637131489E+01  0.724735668060043E+00
%  0.101316665698272E+01  0.292292549790263E+00  0.304678492252324E+01
% -0.243072663792236E+01 -0.632363594457627E+00 -0.347598414678905E+01
% -0.450045772720372E+00  0.151602117741564E+01  0.632075054543817E+00
% -0.689885152475269E+00 -0.184137800620599E+01 -0.286969060929450E+00
%  0.198440675290702E+01  0.961785604307271E+00 -0.219182249030486E+01
%  0.576927689172367E+00 -0.707279648937420E+00 -0.821809444450102E+00
% -0.687356801734154E+00  0.511377961236089E+00  0.112884203161615E+01
% -0.242237998893940E+00 -0.132001860554360E+01  0.206501368239263E+01
%  0.647388977599540E+00 -0.543791016972661E+00 -0.114299545280701E+01
% -0.103989213710066E+01  0.531543510628226E-01  0.162507567390148E+01
% -0.221427037332625E+00 -0.956878177333195E+00 -0.639994167411918E+00
% -0.537995976424420E+00  0.345588460953523E+01  0.300954524090326E+01
% -0.856902643571680E+00  0.319971219576382E+00 -0.197663881870033E+01
% -0.666440836576255E+00  0.230677783799493E+01 -0.685279173585110E+00
%  0.294618437522683E+01  0.488747200189245E+00  0.129602007976399E+01
% -0.153970578188485E+01 -0.335384138593436E+01  0.162378642059797E+01
% -0.324930388793439E+01 -0.181377038879574E+01 -0.158268497290902E+01
%  0.846929429360541E+00  0.128827853848501E+00 -0.442012149165500E+00
%  0.534377485339998E+00  0.416336284267367E+00 -0.274615124661146E+01
% -0.354208746109881E+00 -0.180543322087333E+00  0.138208355902863E+01
% -0.204740340060428E+01 -0.337003639613931E+00  0.181671661845391E+01
% -0.362887561823971E+00 -0.355342304408682E-01 -0.664466248790234E+00
% -0.171321662105270E+00  0.182882471406589E+01  0.167575786052761E+01
%  0.115352427485718E+01  0.234624747537401E+01 -0.742306692621492E+00
%  0.925176112076936E-01  0.285015449710754E+01 -0.836831861113136E+00
% -0.531849141102812E+00  0.301515954340557E+00  0.208711088237312E+01
%  0.276261857270945E+01 -0.245403790388815E+01  0.748638651063308E+00
% -0.238836448094585E+01 -0.327384796058039E+01 -0.587192008826359E+00
%  0.425991669508678E+00  0.337570140639869E+00  0.515446782018090E+00
%  0.422719176299824E+01  0.416809105507367E+00  0.351044424843451E-01
%  0.182856009934667E+00  0.107869044313885E+01  0.951527538004380E+00
%  0.409574765059714E+00  0.116832052368879E+01 -0.228063478426549E+01
% -0.172961792822039E+01  0.824140390298610E+00  0.813065316830017E+00
% -0.165640759370140E+01 -0.105007741941936E+01 -0.289349535307360E+01
% -0.361027354117438E+00  0.522776914688160E-01  0.105033411553415E+01
% -0.235844320873933E+01  0.739896787668958E+00  0.654372383508485E+00
% -0.286616136328431E+01 -0.127937340377248E+01  0.856422599895712E-01
%  0.238037450972600E+01  0.242917602157920E+01  0.647396976506393E+00
%  0.111612209168729E+00 -0.290816662902019E+01  0.204659022338490E+00
%  0.553282806563391E+00 -0.387481311737988E+00 -0.520681531603758E+00
% -0.157857300209177E+01  0.224206774588209E+01  0.673190087740741E+00
% -0.187672367063359E+01  0.241452259583201E-01 -0.204471742676064E+01
% -0.145367371571528E+01  0.226753445617845E+01  0.568257796928485E+00
%  0.130783622135362E+00 -0.199075197393225E+01 -0.659842172112298E+00
% -0.138031086437444E+01  0.116445765229483E+01 -0.147986653331905E+01
%  0.712688542624949E+00 -0.140476635683921E+01 -0.186093762466861E+00
%  0.916573810456394E+00 -0.200802711334656E+00 -0.607450758309134E+00
%  0.865262523323710E-01  0.173780051237569E+01 -0.207638009593664E+01
%  0.163076947608553E+01  0.433892948710925E+01 -0.309053030036846E+01
%  0.264578881206154E+01 -0.276775705736174E+01 -0.116840956585161E+01
%  0.204412831635143E+01 -0.743633022489253E+00  0.488769274277551E+00
% -0.708712849863262E+00 -0.118701573088243E+01  0.742211154440421E+00
% -0.467131359265772E+00  0.775392045025301E+00  0.175563113944372E+01
% -0.790500379863732E+00 -0.110044319391232E+01 -0.235410025570587E+01
%  0.232282616020237E+01  0.300952435208206E+01 -0.619842582147031E+00
% -0.130510195365384E+01 -0.210995699182902E+01  0.924567598507391E+00
% -0.102869038087054E+01 -0.140460985076827E+01  0.838982068846907E-01
%  0.125837724953060E+01 -0.844943038787381E+00 -0.885639104111048E+00
% -0.159489530262460E+01  0.123656144636735E+01 -0.148899354222389E+01
%  0.217940760143575E+00  0.413476181812699E-03  0.152575968800753E+01
%  0.238596370596729E+00 -0.547697740025291E+00  0.873947051237119E+00
%  0.971091540177628E+00  0.137726149868899E+01 -0.308507497565329E+01
%  0.143627829891584E+01 -0.189423728987865E+00  0.406734311511559E+00
%  0.210567256726963E+00 -0.987259845825210E+00  0.129598258654361E+01
%  0.165650429945134E+01  0.698928054456774E+00 -0.351665194571390E+01
% -0.544355373141446E+00  0.709715238257254E+00  0.986047471936580E-01
% -0.326043846079613E+01  0.212215829163467E+01  0.385938487847581E+00
%  0.327621083483913E+00  0.322856337906692E+00 -0.237611584666286E+01
%  0.742470923825822E+00 -0.592249708825495E+00 -0.603479487668830E+00
%  0.372061502413410E+00  0.285180118413220E+01 -0.710584033619554E+00
%  0.826598125010592E+00 -0.359191955592251E+01 -0.103932667925347E+00
%  0.328902145074835E+00 -0.904836509658746E-01 -0.149715977512373E+01
% -0.672270410510798E+00  0.621917162612025E+00 -0.795208447958777E+00
%  0.895986842970899E+00  0.826782663259356E+00 -0.190700276573939E+01
% -0.578958884408881E+00  0.124872413115563E+00 -0.410211124627760E+01
% -0.718008782728128E+00 -0.113017299639287E+00 -0.912538415650207E+00
% -0.704707144691618E+00  0.162517265331594E+01  0.144332598012294E+01
%  0.204638894137624E+00  0.344507580923772E+01 -0.664585463149426E+00
%  0.580937063037240E+00 -0.540837354308142E-01  0.973625211948952E+00
%  0.166657494807361E+00  0.195878449517235E+01 -0.871760862464776E+00
% -0.384150960299238E+00  0.941000921658663E+00  0.503614504630500E+00
% -0.482472482860596E+00 -0.410782948742184E+00 -0.107088478439479E+01
%  0.232149208310804E+00  0.172959578406521E+01  0.823661505647403E-01
% -0.133013358892023E+01 -0.798734390579227E+00 -0.783427443019384E+00
% -0.188469737998935E+01 -0.158344034525413E+01  0.147483481630349E+01
% -0.236236614705978E+00 -0.362087969310653E+00 -0.203846697966126E+01
%  0.226493619264601E+00 -0.441467699232786E+00 -0.443140255401987E+00
%  0.360052664141448E+00 -0.871730770862185E+00  0.156291592323303E+01
%  0.206881913854395E+00 -0.126007295007780E+01  0.449616814351322E+00
% -0.372095047144907E+00 -0.180504475999980E+01  0.232167822162027E+00
%  0.398996769436049E-01 -0.631381155006290E+00 -0.164444634615420E+01
% -0.237661427726926E+01  0.243988464964474E+01  0.122752839416743E+01
% -0.445901826542797E+00  0.205222950069000E+01  0.837400915876966E-01
%  0.385964627287181E+00 -0.230976384241845E+01 -0.544175296698576E+00
%  0.588720793216634E-01 -0.190024228919075E+00  0.939414317316372E+00
% -0.385003615851637E+01 -0.306980403849798E+00 -0.100347039690914E+01
%  0.533723102739708E-01 -0.134544153221401E-01  0.621242979652285E+00
% -0.138371640931447E+01  0.109137995484932E+01  0.137152404046784E+01
% -0.161413859174763E+00 -0.230008210865203E+01 -0.585035178062025E+00
%  0.265157920188620E-02  0.352699943536216E+00  0.129645138339661E+01
% -0.841777064109042E+00  0.704099140106074E+00  0.150651017018428E+01
%  0.349876993813224E+01 -0.339471739984219E+00 -0.392832294855341E+00
%  0.850480214265252E+00 -0.773233631529618E+00 -0.594702744698485E-01
%  0.780300129451402E+00  0.398159122469508E-01 -0.605443079860227E+00
%  0.340432906746581E+00 -0.274795387944919E+01  0.115252655823302E+01
%  0.204381761341755E+01  0.202499393591411E+01  0.137499130289386E+01
%  0.242586680126546E+01 -0.762593884158772E+00 -0.236748885400270E-01
%  0.539902740546120E+00 -0.104213130786301E+01 -0.421692558938337E+00
% -0.240515901611327E+01  0.702252545776884E+00 -0.159153002860464E+01
%  0.135669492025049E+01  0.574993279286011E+00  0.555301006172660E+00
%  0.413564199855990E+00 -0.286752675026907E+00  0.122517296692953E+01
%  0.218630825527169E+00 -0.615058197429582E+00 -0.408596231147450E+00
%  0.703925270396672E+01  0.212018470156338E+02 -0.829776025105862E-01
%  0.163905237173152E+02  0.210037413333713E+02  0.103728006359492E+02
% -0.222347030741004E+02  0.265906427924189E+02 -0.147028556515868E+02
%  0.265189055080741E+02  0.421134049257134E+02 -0.470339433607973E+00
%  0.406607984383149E+01 -0.377833272932014E+01  0.127596928938076E+01
%  0.360887300148426E+02  0.826642428604680E+01 -0.322908171615091E+02
%  0.386572010327740E+02 -0.142474572315466E+02 -0.244229028896616E+02
% -0.225451811282082E+02  0.361499938918871E+02 -0.590573275317139E+01
% -0.123273014461180E+02  0.250788501184877E+02 -0.567934898381455E+01
%  0.204561749042637E+01 -0.467623213981107E+01 -0.502365864232827E+00
%  0.483837431428461E+01  0.221851942466623E+01  0.184941524320086E+01
%  0.236435789440594E+02 -0.342946406713762E+02 -0.392468262017472E+02
%  0.142818351280544E+02 -0.509597721101583E+01  0.840942476864098E+00
%  0.675862043104575E+01 -0.241787507948668E+02 -0.102768991611802E+02
% -0.149725372898535E+01  0.484595368836034E+01  0.214328189949196E+01
% -0.247681074974139E+02  0.277827661636980E+01 -0.107939282107872E+02
% -0.143331348917690E+00  0.887915919148948E+01 -0.444921895565736E+00
%  0.542614149492403E+00 -0.668408455150692E+00 -0.960726645010123E+00
%  0.148197286851407E+01  0.158991304132071E+02  0.114479689640246E+02
% -0.301190890639105E+02 -0.105633588137718E+02 -0.636852587395330E+02
%  0.373901194861793E+02 -0.975682192144360E+01  0.208811590628768E+02
%  0.834481854894856E+00 -0.977248099099699E+02  0.233901506934284E+02
%  0.876901499166039E+01  0.176341561719607E+02  0.355573883231254E+02
% -0.839796532146348E+01  0.572538954609649E+01  0.447839185436852E+01
%  0.196576746312033E+01  0.634747732906120E+02 -0.426614048189247E+02
%  0.612309538383582E+02 -0.978139430700459E+02  0.332914270856825E+02
%  0.560030898054635E+02 -0.419549314780669E+02  0.222676694687059E+02
%  0.440525393607210E+02 -0.418852517448032E+01  0.175520366649927E+02
% -0.746980218231968E+02 -0.124772559327153E+02 -0.239393811316143E+02
%  0.264657388672942E+02  0.294063833004730E+02  0.112071913891665E+02
%  0.193131493954503E+02  0.719003137353591E+01  0.327026100909562E+02
%  0.109488370749786E+03 -0.132863711479300E+02 -0.180079855669341E+02
% -0.273682845336014E+02 -0.192876056887583E+02  0.703696573747288E+00
% -0.436776232042566E+01 -0.553392923955733E+00  0.490989362328445E-01
% -0.509327077056659E+02  0.109627514815127E+02  0.309977898920933E+02
% -0.171471333687447E+02  0.144026164512995E+02 -0.179012943843234E+02
% -0.213621560099267E+01 -0.839155463401648E+01  0.115259028944964E+02
% -0.165708746668888E+01 -0.866938978779132E+01  0.609117345969906E+01
% -0.134629267193426E+02  0.630423629178016E+02 -0.329656328695917E+02
%  0.515901682247203E+01 -0.185505451100511E+01 -0.347200316766537E+01
% -0.105384114054288E+02  0.405760183274400E+01 -0.200112251793063E+01
% -0.849890104158580E+01  0.117086451953899E+02  0.872720292809135E+01
% -0.995012699806917E+01  0.809892431258207E+01 -0.458304713211347E-01
%  0.683299541079111E+01  0.526700739821213E+00 -0.175243959260406E+02
%  0.157974962578054E+02 -0.385295866722803E+00 -0.641982984340390E+00
%  0.140685704658351E+02 -0.486936599781260E+02  0.424332997527429E+02
% -0.840783623229642E+01 -0.224893838687716E+02 -0.446045385692638E+01
% -0.614652877258369E+01  0.731663302978407E+01  0.157341171936410E+01
%  0.111497458999401E+01 -0.405495129633607E+01  0.857702907913093E+01
% -0.323447006752787E+02  0.288748746711134E+02  0.348380399848439E+02
% -0.856726031548954E+01  0.220531239545738E+01 -0.116175147752063E+02
% -0.289886051577227E+02 -0.703823157901605E+01  0.279983817910001E+01
% -0.191767931483492E+02 -0.182997567802923E+01 -0.127898425588775E+02
%  0.324270011533505E+02  0.191241068788200E+02 -0.197065246591505E+02
% -0.798773374557444E+00 -0.282603303611294E+00 -0.616178929239469E+00
% -0.113004123532956E+02  0.145987131862626E+02 -0.176016495572293E+02
%  0.590634944018881E+01 -0.132729430707244E+01 -0.893492815526009E+01
% -0.358474551695567E+01 -0.147588774441858E+02  0.191892301786437E+01
%  0.343518750525300E+02 -0.136856723812434E+02 -0.916594444895542E+00
% -0.101158453196772E+02  0.987674538274281E+01  0.133029148914573E+02
%  0.239994829086390E+01 -0.192800909145882E+01  0.669568532673424E-01
% -0.387785472420718E+02 -0.207266859860582E+02  0.137030801939502E+02
%  0.201926473199256E+02  0.101254237654529E+02  0.807176778736076E+01
% -0.123945437099481E+02 -0.161551865159087E+02 -0.443833941773211E+01
%  0.490196271624711E+01  0.176706799928855E+02  0.618910213971210E+01
% -0.277214541459450E+01  0.225172908684588E+02  0.420659470095731E+01
%  0.983746022787168E+00  0.141208406162271E+02  0.166393808136190E+01
%  0.319399032027718E+02 -0.391771541045851E+01 -0.981639739199627E+00
%  0.805135087748708E+02 -0.542367783786027E+01  0.404104315584674E+02
%  0.253994103158428E+01  0.931561161558963E+01  0.335479355529560E+01
% -0.884337046690903E+00  0.698181575308040E+00  0.253609481979798E+01
% -0.449613810970644E+02 -0.219742161794680E+01  0.191201600504021E+02
%  0.981252066280572E+01 -0.969061163701747E+00 -0.663595776961397E+01
% -0.179476933371294E+02 -0.125496450599793E+02  0.119453728615167E+02
%  0.345656944926392E+02  0.163445498811057E+01  0.233180108780124E+02
% -0.495687205906011E+01 -0.761884286089245E+02 -0.324848362070853E+02
%  0.179809283599388E+02 -0.668388065124960E+01  0.744025839774440E+01
% -0.105071235016173E+02 -0.609805132069795E+01 -0.820314351900422E+01
% -0.165070210443768E+02 -0.100536062057652E+02 -0.119696210159119E+02
%  0.320371918854566E+02 -0.832687331795683E+01  0.502186736757376E+01
%  0.286017447569869E+02  0.130876599083059E+02 -0.211481494943024E+02
%  0.348129639038456E+01  0.443906274320023E+00  0.197603322066741E+01
% -0.329302062298889E+01 -0.345446673461482E+01  0.298034712193271E+02
% -0.492011524355423E+02 -0.117511918049198E+01  0.343655883760396E+02
% -0.689960914949379E+00 -0.599476651138593E+01  0.148351338411434E+02
% -0.303458226009919E+02 -0.686490392364117E+01 -0.904686867939021E+01
% -0.349445924772055E+01  0.438500186810559E+00 -0.353981927466265E+01
%  0.931842517057791E+01 -0.473897660904911E+01  0.403651762863646E+01
%  0.655966573815504E+02 -0.697129351071891E+01 -0.216657867278649E+02
%  0.204216586901748E+02  0.702432834257808E+01 -0.921191534387095E+01
% -0.324642211979792E+02 -0.591783867811292E+01 -0.219141118813115E+02
% -0.371911514947031E+01  0.167530656765779E+00  0.126489516525025E+01
%  0.109319401993042E+02  0.111879133613704E+02  0.740537303192713E+00
% -0.599130887167266E+01  0.322208036310346E+01 -0.121367539503352E+02
%  0.681372784631870E+01 -0.564524224193628E+00 -0.395763717772252E+01
% -0.393413043740345E+00 -0.650419597249669E+02  0.477268060793228E+02
% -0.306583561998840E+02  0.361646353496197E+01 -0.174688853971462E+02
% -0.863845838064752E+01  0.127072144297847E+02  0.142737915154371E+02
% -0.639408093922215E+01 -0.246030613807903E+01  0.125602964884229E+01
% -0.129591230941941E+02  0.436423393122058E+02  0.760630053538424E+02
%  0.150436797350739E+02  0.137143769082197E+02  0.422130291696139E+00
% -0.383340553948280E+01 -0.801630500788706E+00 -0.385527119353744E+00
%  0.217818131153772E+01  0.789741806916264E+01  0.156055777063459E+02
% -0.275688183698807E+02 -0.164009887525577E+02 -0.655386831913267E+01
% -0.395884493061081E+02  0.576173101417142E+01  0.495341765538373E+02
% -0.154398343374117E+02  0.412235461129502E+02  0.453031880679694E+02
% -0.258457071817464E+02 -0.653827859552415E+02  0.546773193358278E+02
%  0.207963839565398E+02  0.295087979000201E+02 -0.676866363948232E+01
% -0.227432480773061E+02 -0.731475331184355E+02  0.342756825853687E+02
% -0.643794956445819E+01  0.318860866508814E+02 -0.191963563079327E+02
% -0.783238255359305E+01 -0.443686722163051E+01  0.100258970885423E+02
% -0.159552249358851E+02 -0.210686494180399E+01  0.146232715721505E+02
%  0.183379275278763E+02 -0.260059305850144E+01 -0.116086935468411E+01
% -0.146139922306256E+02 -0.207506306479450E+02 -0.971148881905213E+01
% -0.629221919543159E+02 -0.483721701107118E+02 -0.400307668144378E+02
% -0.176287423931148E+02 -0.241250360771260E+02  0.175462366987799E+02
%  0.450813566345566E+01  0.889819943973854E+01  0.144043444861025E+01
% -0.220226462500560E+02  0.489035343952638E+02 -0.209287204033247E+02
% -0.268703452119343E+02  0.370532010604536E+02  0.909628963252015E+01
% -0.408855425035130E+01  0.101887212500984E+02 -0.112268420896900E+02
%  0.262034301495636E+01  0.239792589467422E+01  0.367216146454767E+01
%  0.800748229915272E+01 -0.544168124708240E+02 -0.351479153970201E+02
%  0.397237420629302E-01 -0.109795395975558E+02 -0.292156243599199E+02
%  0.189980196707311E+02 -0.448125218812438E+01  0.200361166873811E+02
%  0.452744523701097E+02 -0.143251096740635E+02 -0.512411735655490E+02
% -0.284545794833926E+02 -0.176410780159393E+02  0.216129853229842E+02
%  0.398659297513776E+02  0.938828439906312E+01 -0.238784697360880E+01
% -0.474736377660914E+01 -0.570179843552307E+01  0.111190765501171E+02
% -0.269122740338380E+02 -0.799032707599199E+01  0.231137100304473E+02
% -0.313089904835112E+01  0.986596822614207E+02 -0.201137508013179E+02
% -0.826066466887442E+02  0.128997238589632E+03 -0.190069698034033E+02
%  0.354209751883114E+02  0.767467849014867E+02  0.122044866568411E+02
% -0.526994737857762E+01 -0.326992389065344E+00  0.116912997098749E+02
% -0.555129991772947E+01  0.157981686143262E+01  0.127386432432065E+01
% -0.217515424552108E+02 -0.960839077138064E+01  0.140425914530276E+02
% -0.271951039032235E+01  0.719656725123022E+02  0.399311660319589E+02
% -0.391259503254682E+00  0.341272342899210E+02  0.597111426954859E+02
%  0.625901600300780E+02 -0.678748522409274E+00 -0.129485291261823E+02
% -0.206598397473767E+02  0.153093784133960E+01  0.201226065987024E+02
%  0.338556851890198E-01  0.489807478118908E+01  0.125014287420851E+01
%  0.168236991553863E+02  0.815620436571774E+01 -0.491614694888289E+01
%  0.276076417496955E+00 -0.373853678531651E+01 -0.971787595080273E+01
%  0.130794120509476E+02  0.170501222028348E+02 -0.281885860657548E+02
%  0.276013745350507E+02 -0.183217867822055E+02 -0.256250207363298E+01
%  0.179934748642932E+02 -0.198369645504797E+02  0.497106988712561E+02
% -0.394364354003349E+02  0.135139466544168E+02  0.899069048655555E+01
% -0.429918514004808E+00  0.198618040691120E+01 -0.248091502063192E+01
% -0.645657650232208E+01 -0.405957456668755E+02  0.927485161481347E+01
% -0.421512376702063E+00  0.188109953767017E+00  0.145971514657055E+01
% -0.523502125393395E+01 -0.238610446814250E+01  0.746115931049217E+00
% -0.178996716090977E+02  0.174736476239773E+01 -0.201951733100646E+02
%  0.189239836739772E+01  0.988400917513539E+00 -0.744717827882136E+00
% -0.388180050672124E+00 -0.104564263712816E+02 -0.586316900241575E+00
%  0.190454390360391E+02  0.547960432975025E+02 -0.140944935525716E+02
% -0.259482120205660E+01 -0.230508400486528E+02 -0.593951476299615E+01
%  0.103411688404543E+02 -0.112597540722272E+02 -0.813465697770262E+01
%  0.181574752420703E+02  0.221445933884060E+02  0.134296259211801E+02
% -0.212345535996533E+01 -0.239731922915741E+02  0.172945555253130E+02
%  0.129353995527183E+02  0.116091266336298E+01 -0.200602537372781E+01
%  0.520993878196507E+01  0.353617751702128E+01  0.142476851620070E+02
% -0.980098379450831E+01  0.193587200417893E+02 -0.371139184877402E+02
% -0.296845353261377E+02 -0.154760113822812E+02  0.981278642893711E+01
%  0.153597938552917E+02 -0.367561015279257E+01  0.994758627841995E+01
%  0.123169780305710E+02 -0.413656423427386E+02  0.797753697695667E+02
% -0.177393496431282E+01  0.276784822455901E+00 -0.243438984504721E+01
%  0.154551456010709E+02  0.351431278323464E+02 -0.873837253637809E+02
%  0.239679623105086E+01  0.791185108665862E+01 -0.129657290647174E+01
%  0.196901788424428E+02  0.962482980363254E+01 -0.330983776456645E+02
% -0.163361588486603E+02 -0.715658046892300E+01 -0.201973858763982E+02
% -0.107636636860291E+02  0.158728444206431E+02  0.716115897415479E+01
% -0.130730274693593E+02 -0.701570644730499E+02  0.343312141456503E+02
%  0.100075267198764E+01  0.428033476364838E+01  0.598996450763755E+01
% -0.138594393683557E+02 -0.214683713479777E+02 -0.116479973151440E+02
% -0.651472548208405E+01  0.364582743365288E+02  0.137857259970370E+02
% -0.702033180320969E+00  0.243926663661906E+01 -0.478651151011673E+01
% -0.171340877322083E+02 -0.186832126324780E+02  0.342680163863504E+00
%  0.107513384426637E+02 -0.186109434294597E+01 -0.811873609800409E+01
%  0.329674060982995E+02 -0.443306211486599E+02 -0.848164038215168E+02
% -0.155020329119744E+01 -0.717145860744708E+01  0.152562059776836E+02
%  0.140993325711496E+01 -0.452173179022462E+01 -0.172615078368363E+01
%  0.227184656011231E+02  0.264621634096165E+02 -0.110387318694794E+02
%  0.751227358573343E+00 -0.782588985394016E+00 -0.386511587640761E+01
% -0.271213085288245E+02 -0.631648738784249E+02 -0.579629624511378E+01
% -0.647948347638356E+02  0.370274164550378E+02 -0.262254767917592E+01
% -0.563984510245773E+01 -0.928207444243366E+00 -0.830517765679149E+00
%  0.184879866444784E+02  0.133566855398126E+02  0.127175782309010E+02
% -0.659681433761068E+00  0.556259215524168E+01 -0.354918446656406E+00
%  0.926533255433452E+00  0.277522632483066E+01  0.337064537897121E+01
%  0.153381784745243E+01 -0.210293556946216E+01 -0.210762488569337E+01
%  0.133161066235714E+01 -0.417885649738064E+01 -0.179930500231526E+01
% -0.168498779252915E+02  0.273837986749865E+01 -0.857142743507723E+01
%  0.370060595651644E+02  0.103310485732613E+02  0.122114831584942E+02
% -0.302013799540860E+02 -0.132842343048165E+02 -0.971867064677786E+01
%  0.160278229670855E+02 -0.168502743860580E+02  0.312815600152368E+00
%  0.968778844311048E+01  0.328951191855385E+02  0.151453753484766E+02
%  0.496131578860877E+02  0.787577774158491E+02  0.349379134260495E+01
% -0.412450526818048E+02 -0.664265959965663E+01 -0.128469218287981E+01
%  0.108705509090716E+02 -0.136214223657425E+02 -0.243513729847238E+02
%  0.686661384713135E+01 -0.147206942730149E+02 -0.247869334988314E+01
% -0.563196911468284E+01 -0.108462117808754E+01 -0.934618513840835E+01
%  0.406106761654381E+01 -0.208106753828822E+02  0.254105254458633E+01
%  0.854357220215897E+01 -0.244126217397118E+01  0.373307437253463E+02
% -0.952348232345106E+00 -0.507679747168064E+01 -0.100122298703370E+01
%  0.401968892136316E+02  0.351159407108218E+02 -0.676063792965439E+02
% -0.318724890948059E+01 -0.339035731723394E+01 -0.384662434946197E+01
% -0.864340093681926E+01 -0.176667356905624E+02  0.721167248905639E+01
% -0.901973883603805E+02 -0.824822017207164E+01  0.371960492180280E+02
% -0.118048620805061E+01  0.139557534109990E+02 -0.148062177820665E+01
%  0.619311034005705E+01  0.278007702943592E+01  0.707406372921179E+01
% -0.101282023273255E+02  0.216275883500399E-01  0.928528133362037E+00
%  0.199664112611289E+02  0.139188880015346E+02 -0.475971238771840E+01
% -0.436965976598074E+02 -0.806356768404813E+01  0.578718029541644E+02
%  0.730166341677810E+01 -0.796356053635266E+01  0.268937783608494E+02
%  0.370286260923885E+01  0.256421692120899E+01  0.997168617675576E+00
% -0.177853896157515E+01  0.409000077386806E+01  0.156450884390606E+02
% -0.130221484877641E+02  0.721675671724171E+01  0.638358156093140E+01
% -0.178862364308385E+02 -0.334105368174491E+02 -0.207786850209692E+01
% -0.440046690686915E+01 -0.115538883520691E+02 -0.145275672752620E+02
%  0.122738507056859E+02  0.683272654928968E+01 -0.349966790367392E+01
%  0.281757737079363E+02  0.293039338994652E+01 -0.269225197400789E+02
%  0.978054451036642E-01 -0.266026638306554E+01 -0.180679842373689E+01
%  0.291307457586905E+01  0.170892292594621E+02 -0.548761039580852E+01
% -0.640531699868590E+01 -0.101097665070357E+02  0.128494687705890E+02
% -0.826512252252042E+01  0.152195123360101E+02  0.664963661331041E+01
%  0.214988767714793E+02  0.859652652464540E+02 -0.954855555379007E+02
% -0.294344888170427E+02 -0.222722928242890E+02  0.382609213538235E+01
%  0.419529945562707E+02 -0.136948781457673E+02 -0.319986534137484E+02
% -0.545040239068611E+01  0.228375401680346E+01  0.524796363031349E+01
% -0.235064464044367E+02 -0.111777630549320E+02 -0.131962319637434E+02
% -0.145649865245820E+02  0.112798505489155E+02  0.205918192937174E+01
% -0.248116780910842E+02  0.453376790056062E+01 -0.255422383066708E+02
%  0.141902868301895E+02 -0.400565681648021E+02 -0.718473721582623E+02
% -0.111886043575805E+02  0.235195472834919E+02 -0.276679408135197E+02
%  0.447190822593944E+02 -0.471744793117310E+01  0.892431226627651E+01
%  0.369852386716394E+02 -0.269906758658242E+02 -0.530186908998348E+02
%  0.500771608300577E+01 -0.188101366339501E+02 -0.243643554997722E+02
% -0.670358519290319E+02 -0.737287588969643E+02  0.852114017823830E+02
% -0.317328579149982E+01  0.179924711703115E+01 -0.704530087976588E+00
%  0.226614414573229E+02 -0.147562859291857E+02 -0.320703009978629E+02
% -0.232155684434955E+02 -0.118984553021319E+02 -0.328150643690027E+02
%  0.397894652537385E+01  0.648980060541298E+01 -0.894936391371419E+01
%  0.108539965570817E+02 -0.793822887867353E+01 -0.958380539729731E+01
%  0.198339490944225E+01  0.139145799571821E+02  0.798881594768074E+01
%  0.124962665594789E+02 -0.215170435774414E+02  0.168044459459604E+02
%  0.472297756265283E+01 -0.341122554651602E+02  0.221110569841959E+02
%  0.591340078402140E+01 -0.374715956190415E+01 -0.344013644041621E+01
%  0.560373150164970E+01 -0.399578529257871E+01  0.173257222144495E+02
%  0.720299644377847E+00  0.395110086189449E+02  0.130713053707146E+02
% -0.124195262858219E+02 -0.105478992578942E+02 -0.210117206306691E+02
%  0.196980332596449E+02 -0.229233789523506E+02  0.532588449092872E+02
%  0.222997997152113E+02  0.984588542192304E+01  0.198161356856468E+02
% -0.330437812933450E+02  0.521716440896994E+01 -0.235489029288816E+02
%  0.337644082232361E+02  0.487121192861602E+02 -0.744810081570967E+02
% -0.158186009760367E+01 -0.969409246527200E+01 -0.173074407129201E+01
% -0.147593408848607E+02  0.222176551197971E+01  0.437692924307055E+01
% -0.526380876036356E+01 -0.162605618179154E+02  0.372242070337487E-02
